INFO
n : 20
nbHoles : 200
nbFile : 6
bp : max_product
### branching on x[2,3]=18; marginal=0.259448420339532; regret=0.011235962177717634; nb of ties=0
### branching on x[1,3]=17; marginal=0.25813008033953827; regret=0.008130067202116453; nb of ties=0
FINAL DAMPING FACTOR = 1.0
##### after BP iteration 1 #####
x[0,0]{14  <1.0>}
x[0,1]{6  <1.0>}
x[0,2]{10  <0.20030465166330202>, 12  <0.20182787228146373>, 2  <0.19421173149230686>, 17  <0.2056359521006292>, 7  <0.1980197924622982>}
x[0,3]{5  <1.0>}
x[0,4]{18  <1.0>}
x[0,5]{10  <0.19999999999999998>, 1  <0.19999999999999998>, 9  <0.19999999999999998>, 12  <0.19999999999999998>, 17  <0.19999999999999998>}
x[0,6]{10  <0.16666666666666666>, 1  <0.16666666666666666>, 7  <0.16666666666666666>, 3  <0.16666666666666666>, 8  <0.16666666666666666>, 17  <0.16666666666666666>}
x[0,7]{13  <1.0>}
x[0,8]{11  <1.0>}
x[0,9]{10  <0.2>, 1  <0.2>, 2  <0.2>, 3  <0.2>, 4  <0.2>}
x[0,10]{12  <0.19999999999999998>, 1  <0.19999999999999998>, 9  <0.19999999999999998>, 3  <0.19999999999999998>, 8  <0.19999999999999998>}
x[0,11]{15  <1.0>}
x[0,12]{17  <0.2>, 1  <0.2>, 2  <0.2>, 3  <0.2>, 9  <0.2>}
x[0,13]{16  <1.0>}
x[0,14]{7  <0.3333333333333333>, 1  <0.3333333333333333>, 3  <0.3333333333333333>}
x[0,15]{9  <0.19999999999999998>, 1  <0.19999999999999998>, 2  <0.19999999999999998>, 3  <0.19999999999999998>, 4  <0.19999999999999998>}
x[0,16]{7  <0.14285714285714288>, 8  <0.14285714285714288>, 2  <0.14285714285714288>, 3  <0.14285714285714288>, 4  <0.14285714285714288>, 12  <0.14285714285714288>, 17  <0.14285714285714288>}
x[0,17]{0  <1.0>}
x[0,18]{19  <1.0>}
x[0,19]{12  <0.2>, 17  <0.2>, 2  <0.2>, 3  <0.2>, 7  <0.2>}
x[1,0]{19  <0.1709943030984357>, 9  <0.16466116973172965>, 7  <0.163394552462682>, 11  <0.1659278026745999>, 15  <0.16846105288651778>, 12  <0.166561119146035>}
x[1,1]{13  <1.0>}
x[1,2]{3  <1.0>}
x[1,3]{9  <0.19847327220338815>, 1  <0.1923664176939613>, 19  <0.20610687340176706>, 11  <0.2>, 15  <0.20305343670088358>}
x[1,4]{9  <0.2512077196496436>, 1  <0.24347827085024465>, 2  <0.24444443700514173>, 19  <0.26086957249497006>}
x[1,5]{19  <0.19999999999999998>, 1  <0.19999999999999998>, 9  <0.19999999999999998>, 12  <0.19999999999999998>, 16  <0.19999999999999998>}
x[1,6]{6  <1.0>}
x[1,7]{5  <1.0>}
x[1,8]{19  <0.19999999999999998>, 1  <0.19999999999999998>, 2  <0.19999999999999998>, 12  <0.19999999999999998>, 7  <0.19999999999999998>}
x[1,9]{18  <1.0>}
x[1,10]{4  <1.0>}
x[1,11]{17  <1.0>}
x[1,12]{8  <1.0>}
x[1,13]{7  <0.2>, 12  <0.2>, 14  <0.2>, 11  <0.2>, 9  <0.2>}
x[1,14]{19  <0.2>, 1  <0.2>, 14  <0.2>, 7  <0.2>, 11  <0.2>}
x[1,15]{10  <1.0>}
x[1,16]{11  <0.25>, 7  <0.25>, 2  <0.25>, 12  <0.25>}
x[1,17]{19  <0.16666666666666663>, 1  <0.16666666666666663>, 2  <0.16666666666666663>, 11  <0.16666666666666663>, 16  <0.16666666666666663>, 12  <0.16666666666666663>}
x[1,18]{12  <0.16666666666666663>, 11  <0.16666666666666663>, 2  <0.16666666666666663>, 9  <0.16666666666666663>, 14  <0.16666666666666663>, 16  <0.16666666666666663>}
x[1,19]{0  <1.0>}
x[2,0]{19  <0.3413400879968108>, 6  <0.32490517876340963>, 13  <0.33375473323977956>}
x[2,1]{12  <1.0>}
x[2,2]{9  <1.0>}
x[2,3]{10  <1.0>}
x[2,4]{0  <0.13921242667689826>, 1  <0.139767061577624>, 2  <0.1403216827518017>, 19  <0.14975042115794743>, 13  <0.1464226254801409>, 5  <0.14198557372743095>, 6  <0.1425402086281567>}
x[2,5]{18  <1.0>}
x[2,6]{15  <1.0>}
x[2,7]{11  <1.0>}
x[2,8]{19  <0.25>, 1  <0.25>, 2  <0.25>, 3  <0.25>}
x[2,9]{0  <0.14285714285714285>, 1  <0.14285714285714285>, 2  <0.14285714285714285>, 3  <0.14285714285714285>, 19  <0.14285714285714285>, 5  <0.14285714285714285>, 6  <0.14285714285714285>}
x[2,10]{0  <0.16666666666666666>, 1  <0.16666666666666666>, 19  <0.16666666666666666>, 3  <0.16666666666666666>, 6  <0.16666666666666666>, 5  <0.16666666666666666>}
x[2,11]{0  <0.25>, 1  <0.25>, 5  <0.25>, 3  <0.25>}
x[2,12]{4  <1.0>}
x[2,13]{8  <1.0>}
x[2,14]{0  <0.125>, 1  <0.125>, 13  <0.125>, 3  <0.125>, 19  <0.125>, 5  <0.125>, 6  <0.125>, 14  <0.125>}
x[2,15]{17  <1.0>}
x[2,16]{0  <0.25>, 13  <0.25>, 2  <0.25>, 3  <0.25>}
x[2,17]{7  <1.0>}
x[2,18]{14  <0.3333333333333333>, 3  <0.3333333333333333>, 2  <0.3333333333333333>}
x[2,19]{16  <1.0>}
x[3,0]{17  <1.0>}
x[3,1]{11  <0.203160277227899>, 1  <0.19563580941121061>, 5  <0.1986455928134366>, 7  <0.200150493825673>, 10  <0.20240782672178084>}
x[3,2]{7  <0.14201183053830438>, 10  <0.14362559891932086>, 2  <0.139322221007628>, 12  <0.14470145338203408>, 11  <0.14416352615067746>, 5  <0.14093598938864452>, 13  <0.14523938061339065>}
x[3,3]{14  <1.0>}
x[3,4]{10  <0.16930880579506843>, 1  <0.16360177586150024>, 2  <0.16423589552979692>, 13  <0.17121116479995846>, 4  <0.16550411917268965>, 5  <0.1661382388409863>}
x[3,5]{5  <0.2>, 1  <0.2>, 10  <0.2>, 12  <0.2>, 13  <0.2>}
x[3,6]{10  <0.16666666666666666>, 1  <0.16666666666666666>, 13  <0.16666666666666666>, 3  <0.16666666666666666>, 7  <0.16666666666666666>, 11  <0.16666666666666666>}
x[3,7]{15  <1.0>}
x[3,8]{7  <0.14285714285714285>, 1  <0.14285714285714285>, 2  <0.14285714285714285>, 3  <0.14285714285714285>, 4  <0.14285714285714285>, 10  <0.14285714285714285>, 12  <0.14285714285714285>}
x[3,9]{11  <0.14285714285714285>, 1  <0.14285714285714285>, 2  <0.14285714285714285>, 3  <0.14285714285714285>, 4  <0.14285714285714285>, 5  <0.14285714285714285>, 10  <0.14285714285714285>}
x[3,10]{18  <1.0>}
x[3,11]{7  <0.16666666666666663>, 1  <0.16666666666666663>, 12  <0.16666666666666663>, 3  <0.16666666666666663>, 11  <0.16666666666666663>, 5  <0.16666666666666663>}
x[3,12]{13  <0.25>, 1  <0.25>, 2  <0.25>, 3  <0.25>}
x[3,13]{19  <1.0>}
x[3,14]{9  <1.0>}
x[3,15]{16  <1.0>}
x[3,16]{6  <1.0>}
x[3,17]{8  <1.0>}
x[3,18]{0  <1.0>}
x[3,19]{12  <0.16666666666666663>, 11  <0.16666666666666663>, 2  <0.16666666666666663>, 3  <0.16666666666666663>, 7  <0.16666666666666663>, 5  <0.16666666666666663>}
x[4,0]{4  <1.0>}
x[4,1]{0  <0.25>, 1  <0.25>, 11  <0.25>, 18  <0.25>}
x[4,2]{12  <0.2>, 6  <0.2>, 13  <0.2>, 17  <0.2>, 11  <0.2>}
x[4,3]{0  <0.14285714285714285>, 1  <0.14285714285714285>, 11  <0.14285714285714285>, 3  <0.14285714285714285>, 18  <0.14285714285714285>, 8  <0.14285714285714285>, 6  <0.14285714285714285>}
x[4,4]{16  <1.0>}
x[4,5]{12  <0.19999999999999998>, 1  <0.19999999999999998>, 13  <0.19999999999999998>, 17  <0.19999999999999998>, 6  <0.19999999999999998>}
x[4,6]{9  <1.0>}
x[4,7]{0  <0.19999999999999998>, 1  <0.19999999999999998>, 6  <0.19999999999999998>, 18  <0.19999999999999998>, 12  <0.19999999999999998>}
x[4,8]{5  <1.0>}
x[4,9]{14  <1.0>}
x[4,10]{7  <1.0>}
x[4,11]{2  <1.0>}
x[4,12]{19  <1.0>}
x[4,13]{13  <0.16666666666666666>, 18  <0.16666666666666666>, 17  <0.16666666666666666>, 11  <0.16666666666666666>, 6  <0.16666666666666666>, 12  <0.16666666666666666>}
x[4,14]{0  <0.16666666666666663>, 1  <0.16666666666666663>, 6  <0.16666666666666663>, 3  <0.16666666666666663>, 13  <0.16666666666666663>, 11  <0.16666666666666663>}
x[4,15]{18  <0.19999999999999998>, 1  <0.19999999999999998>, 11  <0.19999999999999998>, 3  <0.19999999999999998>, 13  <0.19999999999999998>}
x[4,16]{10  <1.0>}
x[4,17]{11  <0.19999999999999998>, 1  <0.19999999999999998>, 12  <0.19999999999999998>, 18  <0.19999999999999998>, 6  <0.19999999999999998>}
x[4,18]{12  <0.16666666666666663>, 18  <0.16666666666666663>, 8  <0.16666666666666663>, 3  <0.16666666666666663>, 17  <0.16666666666666663>, 11  <0.16666666666666663>}
x[4,19]{15  <1.0>}
x[5,0]{5  <1.0>}
x[5,1]{4  <1.0>}
x[5,2]{15  <1.0>}
x[5,3]{7  <1.0>}
x[5,4]{0  <0.16666666666666666>, 1  <0.16666666666666666>, 6  <0.16666666666666666>, 19  <0.16666666666666666>, 13  <0.16666666666666666>, 10  <0.16666666666666666>}
x[5,5]{11  <1.0>}
x[5,6]{10  <0.16666666666666666>, 1  <0.16666666666666666>, 13  <0.16666666666666666>, 3  <0.16666666666666666>, 17  <0.16666666666666666>, 8  <0.16666666666666666>}
x[5,7]{0  <0.16666666666666663>, 1  <0.16666666666666663>, 19  <0.16666666666666663>, 6  <0.16666666666666663>, 10  <0.16666666666666663>, 14  <0.16666666666666663>}
x[5,8]{19  <0.2>, 1  <0.2>, 17  <0.2>, 3  <0.2>, 10  <0.2>}
x[5,9]{16  <1.0>}
x[5,10]{0  <0.16666666666666666>, 1  <0.16666666666666666>, 19  <0.16666666666666666>, 3  <0.16666666666666666>, 6  <0.16666666666666666>, 8  <0.16666666666666666>}
x[5,11]{9  <1.0>}
x[5,12]{12  <1.0>}
x[5,13]{13  <0.25>, 14  <0.25>, 17  <0.25>, 6  <0.25>}
x[5,14]{2  <1.0>}
x[5,15]{19  <0.2>, 1  <0.2>, 14  <0.2>, 3  <0.2>, 13  <0.2>}
x[5,16]{18  <1.0>}
x[5,17]{19  <0.25>, 1  <0.25>, 6  <0.25>, 10  <0.25>}
x[5,18]{14  <0.25>, 17  <0.25>, 8  <0.25>, 3  <0.25>}
x[5,19]{19  <0.19999999999999998>, 14  <0.19999999999999998>, 6  <0.19999999999999998>, 3  <0.19999999999999998>, 17  <0.19999999999999998>}
x[6,0]{19  <0.25>, 9  <0.25>, 13  <0.25>, 11  <0.25>}
x[6,1]{0  <0.16666666666666666>, 1  <0.16666666666666666>, 19  <0.16666666666666666>, 16  <0.16666666666666666>, 11  <0.16666666666666666>, 14  <0.16666666666666666>}
x[6,2]{18  <1.0>}
x[6,3]{0  <0.16666666666666666>, 1  <0.16666666666666666>, 19  <0.16666666666666666>, 3  <0.16666666666666666>, 9  <0.16666666666666666>, 11  <0.16666666666666666>}
x[6,4]{12  <1.0>}
x[6,5]{8  <1.0>}
x[6,6]{13  <0.2>, 1  <0.2>, 11  <0.2>, 3  <0.2>, 17  <0.2>}
x[6,7]{0  <0.19999999999999998>, 1  <0.19999999999999998>, 19  <0.19999999999999998>, 14  <0.19999999999999998>, 9  <0.19999999999999998>}
x[6,8]{19  <0.25>, 1  <0.25>, 17  <0.25>, 3  <0.25>}
x[6,9]{0  <0.2>, 1  <0.2>, 11  <0.2>, 3  <0.2>, 19  <0.2>}
x[6,10]{0  <0.16666666666666666>, 1  <0.16666666666666666>, 19  <0.16666666666666666>, 3  <0.16666666666666666>, 11  <0.16666666666666666>, 9  <0.16666666666666666>}
x[6,11]{6  <1.0>}
x[6,12]{7  <1.0>}
x[6,13]{2  <1.0>}
x[6,14]{4  <1.0>}
x[6,15]{19  <0.14285714285714288>, 1  <0.14285714285714288>, 9  <0.14285714285714288>, 3  <0.14285714285714288>, 13  <0.14285714285714288>, 11  <0.14285714285714288>, 14  <0.14285714285714288>}
x[6,16]{5  <1.0>}
x[6,17]{15  <1.0>}
x[6,18]{14  <0.16666666666666663>, 11  <0.16666666666666663>, 9  <0.16666666666666663>, 3  <0.16666666666666663>, 17  <0.16666666666666663>, 16  <0.16666666666666663>}
x[6,19]{10  <1.0>}
x[7,0]{8  <1.0>}
x[7,1]{17  <1.0>}
x[7,2]{19  <0.2>, 10  <0.2>, 6  <0.2>, 12  <0.2>, 11  <0.2>}
x[7,3]{4  <1.0>}
x[7,4]{14  <1.0>}
x[7,5]{3  <1.0>}
x[7,6]{2  <1.0>}
x[7,7]{0  <0.14285714285714285>, 1  <0.14285714285714285>, 19  <0.14285714285714285>, 18  <0.14285714285714285>, 10  <0.14285714285714285>, 12  <0.14285714285714285>, 6  <0.14285714285714285>}
x[7,8]{19  <0.19999999999999998>, 1  <0.19999999999999998>, 12  <0.19999999999999998>, 10  <0.19999999999999998>, 18  <0.19999999999999998>}
x[7,9]{9  <1.0>}
x[7,10]{13  <1.0>}
x[7,11]{0  <0.16666666666666663>, 1  <0.16666666666666663>, 12  <0.16666666666666663>, 16  <0.16666666666666663>, 18  <0.16666666666666663>, 11  <0.16666666666666663>}
x[7,12]{5  <1.0>}
x[7,13]{6  <0.25>, 18  <0.25>, 12  <0.25>, 11  <0.25>}
x[7,14]{0  <0.2>, 1  <0.2>, 19  <0.2>, 11  <0.2>, 6  <0.2>}
x[7,15]{7  <1.0>}
x[7,16]{0  <0.3333333333333333>, 11  <0.3333333333333333>, 12  <0.3333333333333333>}
x[7,17]{19  <0.125>, 1  <0.125>, 12  <0.125>, 18  <0.125>, 10  <0.125>, 11  <0.125>, 6  <0.125>, 16  <0.125>}
x[7,18]{15  <1.0>}
x[7,19]{19  <0.25>, 6  <0.25>, 12  <0.25>, 11  <0.25>}
x[8,0]{6  <0.16666666666666663>, 18  <0.16666666666666663>, 9  <0.16666666666666663>, 11  <0.16666666666666663>, 7  <0.16666666666666663>, 12  <0.16666666666666663>}
x[8,1]{0  <0.2>, 7  <0.2>, 11  <0.2>, 18  <0.2>, 10  <0.2>}
x[8,2]{7  <0.14285714285714285>, 10  <0.14285714285714285>, 2  <0.14285714285714285>, 17  <0.14285714285714285>, 11  <0.14285714285714285>, 12  <0.14285714285714285>, 6  <0.14285714285714285>}
x[8,3]{0  <0.19999999999999998>, 9  <0.19999999999999998>, 6  <0.19999999999999998>, 11  <0.19999999999999998>, 18  <0.19999999999999998>}
x[8,4]{3  <1.0>}
x[8,5]{12  <0.19999999999999998>, 9  <0.19999999999999998>, 10  <0.19999999999999998>, 17  <0.19999999999999998>, 6  <0.19999999999999998>}
x[8,6]{19  <1.0>}
x[8,7]{8  <1.0>}
x[8,8]{15  <1.0>}
x[8,9]{13  <1.0>}
x[8,10]{0  <0.19999999999999998>, 9  <0.19999999999999998>, 11  <0.19999999999999998>, 6  <0.19999999999999998>, 12  <0.19999999999999998>}
x[8,11]{4  <1.0>}
x[8,12]{0  <0.2>, 9  <0.2>, 2  <0.2>, 18  <0.2>, 17  <0.2>}
x[8,13]{7  <0.14285714285714285>, 18  <0.14285714285714285>, 17  <0.14285714285714285>, 11  <0.14285714285714285>, 9  <0.14285714285714285>, 12  <0.14285714285714285>, 6  <0.14285714285714285>}
x[8,14]{16  <1.0>}
x[8,15]{5  <1.0>}
x[8,16]{1  <1.0>}
x[8,17]{14  <1.0>}
x[8,18]{12  <0.16666666666666663>, 18  <0.16666666666666663>, 2  <0.16666666666666663>, 9  <0.16666666666666663>, 17  <0.16666666666666663>, 11  <0.16666666666666663>}
x[8,19]{6  <0.16666666666666663>, 7  <0.16666666666666663>, 2  <0.16666666666666663>, 12  <0.16666666666666663>, 17  <0.16666666666666663>, 11  <0.16666666666666663>}
x[9,0]{16  <1.0>}
x[9,1]{15  <1.0>}
x[9,2]{19  <0.2>, 10  <0.2>, 2  <0.2>, 13  <0.2>, 7  <0.2>}
x[9,3]{17  <1.0>}
x[9,4]{0  <0.16666666666666666>, 1  <0.16666666666666666>, 2  <0.16666666666666666>, 19  <0.16666666666666666>, 10  <0.16666666666666666>, 13  <0.16666666666666666>}
x[9,5]{19  <0.25>, 1  <0.25>, 10  <0.25>, 13  <0.25>}
x[9,6]{12  <1.0>}
x[9,7]{4  <1.0>}
x[9,8]{19  <0.14285714285714285>, 1  <0.14285714285714285>, 2  <0.14285714285714285>, 3  <0.14285714285714285>, 10  <0.14285714285714285>, 18  <0.14285714285714285>, 7  <0.14285714285714285>}
x[9,9]{0  <0.16666666666666663>, 1  <0.16666666666666663>, 2  <0.16666666666666663>, 3  <0.16666666666666663>, 19  <0.16666666666666663>, 10  <0.16666666666666663>}
x[9,10]{14  <1.0>}
x[9,11]{0  <0.16666666666666663>, 1  <0.16666666666666663>, 7  <0.16666666666666663>, 3  <0.16666666666666663>, 18  <0.16666666666666663>, 8  <0.16666666666666663>}
x[9,12]{11  <1.0>}
x[9,13]{5  <1.0>}
x[9,14]{0  <0.16666666666666663>, 1  <0.16666666666666663>, 19  <0.16666666666666663>, 3  <0.16666666666666663>, 13  <0.16666666666666663>, 7  <0.16666666666666663>}
x[9,15]{19  <0.16666666666666663>, 1  <0.16666666666666663>, 2  <0.16666666666666663>, 3  <0.16666666666666663>, 13  <0.16666666666666663>, 18  <0.16666666666666663>}
x[9,16]{0  <0.16666666666666663>, 13  <0.16666666666666663>, 2  <0.16666666666666663>, 3  <0.16666666666666663>, 7  <0.16666666666666663>, 8  <0.16666666666666663>}
x[9,17]{19  <0.19999999999999998>, 1  <0.19999999999999998>, 2  <0.19999999999999998>, 18  <0.19999999999999998>, 10  <0.19999999999999998>}
x[9,18]{6  <1.0>}
x[9,19]{9  <1.0>}
x[10,0]{19  <0.2>, 18  <0.2>, 6  <0.2>, 9  <0.2>, 12  <0.2>}
x[10,1]{2  <1.0>}
x[10,2]{19  <0.2>, 12  <0.2>, 5  <0.2>, 17  <0.2>, 6  <0.2>}
x[10,3]{16  <1.0>}
x[10,4]{11  <1.0>}
x[10,5]{19  <0.16666666666666663>, 9  <0.16666666666666663>, 12  <0.16666666666666663>, 17  <0.16666666666666663>, 6  <0.16666666666666663>, 5  <0.16666666666666663>}
x[10,6]{3  <0.3333333333333333>, 17  <0.3333333333333333>, 18  <0.3333333333333333>}
x[10,7]{9  <0.16666666666666663>, 12  <0.16666666666666663>, 19  <0.16666666666666663>, 18  <0.16666666666666663>, 6  <0.16666666666666663>, 14  <0.16666666666666663>}
x[10,8]{0  <1.0>}
x[10,9]{7  <1.0>}
x[10,10]{15  <1.0>}
x[10,11]{18  <0.25>, 5  <0.25>, 12  <0.25>, 3  <0.25>}
x[10,12]{9  <0.2>, 18  <0.2>, 17  <0.2>, 3  <0.2>, 14  <0.2>}
x[10,13]{9  <0.14285714285714285>, 18  <0.14285714285714285>, 17  <0.14285714285714285>, 14  <0.14285714285714285>, 4  <0.14285714285714285>, 12  <0.14285714285714285>, 6  <0.14285714285714285>}
x[10,14]{8  <1.0>}
x[10,15]{19  <0.16666666666666663>, 9  <0.16666666666666663>, 14  <0.16666666666666663>, 3  <0.16666666666666663>, 4  <0.16666666666666663>, 18  <0.16666666666666663>}
x[10,16]{12  <0.25>, 4  <0.25>, 17  <0.25>, 3  <0.25>}
x[10,17]{13  <1.0>}
x[10,18]{10  <1.0>}
x[10,19]{1  <1.0>}
x[11,0]{19  <0.16666666666666663>, 18  <0.16666666666666663>, 13  <0.16666666666666663>, 11  <0.16666666666666663>, 15  <0.16666666666666663>, 6  <0.16666666666666663>}
x[11,1]{11  <0.16666666666666666>, 1  <0.16666666666666666>, 19  <0.16666666666666666>, 18  <0.16666666666666666>, 10  <0.16666666666666666>, 5  <0.16666666666666666>}
x[11,2]{0  <1.0>}
x[11,3]{6  <0.16666666666666666>, 1  <0.16666666666666666>, 19  <0.16666666666666666>, 11  <0.16666666666666666>, 18  <0.16666666666666666>, 15  <0.16666666666666666>}
x[11,4]{8  <1.0>}
x[11,5]{19  <0.16666666666666663>, 1  <0.16666666666666663>, 10  <0.16666666666666663>, 6  <0.16666666666666663>, 13  <0.16666666666666663>, 5  <0.16666666666666663>}
x[11,6]{4  <1.0>}
x[11,7]{3  <1.0>}
x[11,8]{16  <1.0>}
x[11,9]{11  <0.14285714285714285>, 1  <0.14285714285714285>, 2  <0.14285714285714285>, 10  <0.14285714285714285>, 19  <0.14285714285714285>, 5  <0.14285714285714285>, 6  <0.14285714285714285>}
x[11,10]{17  <1.0>}
x[11,11]{14  <1.0>}
x[11,12]{13  <0.2>, 1  <0.2>, 2  <0.2>, 15  <0.2>, 18  <0.2>}
x[11,13]{13  <0.25>, 18  <0.25>, 6  <0.25>, 11  <0.25>}
x[11,14]{6  <0.16666666666666663>, 1  <0.16666666666666663>, 19  <0.16666666666666663>, 11  <0.16666666666666663>, 13  <0.16666666666666663>, 5  <0.16666666666666663>}
x[11,15]{12  <1.0>}
x[11,16]{9  <1.0>}
x[11,17]{19  <0.125>, 1  <0.125>, 2  <0.125>, 18  <0.125>, 10  <0.125>, 5  <0.125>, 6  <0.125>, 11  <0.125>}
x[11,18]{7  <1.0>}
x[11,19]{19  <0.2>, 6  <0.2>, 2  <0.2>, 11  <0.2>, 5  <0.2>}
x[12,0]{2  <1.0>}
x[12,1]{8  <1.0>}
x[12,2]{1  <1.0>}
x[12,3]{0  <0.19999999999999998>, 9  <0.19999999999999998>, 19  <0.19999999999999998>, 3  <0.19999999999999998>, 11  <0.19999999999999998>}
x[12,4]{0  <0.19999999999999998>, 9  <0.19999999999999998>, 10  <0.19999999999999998>, 19  <0.19999999999999998>, 4  <0.19999999999999998>}
x[12,5]{19  <0.25>, 9  <0.25>, 10  <0.25>, 17  <0.25>}
x[12,6]{16  <1.0>}
x[12,7]{0  <0.16666666666666666>, 9  <0.16666666666666666>, 19  <0.16666666666666666>, 7  <0.16666666666666666>, 10  <0.16666666666666666>, 14  <0.16666666666666666>}
x[12,8]{19  <0.16666666666666666>, 7  <0.16666666666666666>, 10  <0.16666666666666666>, 3  <0.16666666666666666>, 4  <0.16666666666666666>, 17  <0.16666666666666666>}
x[12,9]{12  <1.0>}
x[12,10]{0  <0.19999999999999998>, 9  <0.19999999999999998>, 19  <0.19999999999999998>, 3  <0.19999999999999998>, 11  <0.19999999999999998>}
x[12,11]{13  <1.0>}
x[12,12]{0  <0.2>, 9  <0.2>, 17  <0.2>, 3  <0.2>, 14  <0.2>}
x[12,13]{7  <0.16666666666666666>, 9  <0.16666666666666666>, 17  <0.16666666666666666>, 11  <0.16666666666666666>, 4  <0.16666666666666666>, 14  <0.16666666666666666>}
x[12,14]{18  <1.0>}
x[12,15]{6  <1.0>}
x[12,16]{15  <1.0>}
x[12,17]{19  <0.3333333333333333>, 10  <0.3333333333333333>, 11  <0.3333333333333333>}
x[12,18]{5  <1.0>}
x[12,19]{19  <0.16666666666666666>, 14  <0.16666666666666666>, 7  <0.16666666666666666>, 3  <0.16666666666666666>, 17  <0.16666666666666666>, 11  <0.16666666666666666>}
x[13,0]{3  <1.0>}
x[13,1]{11  <0.16666666666666666>, 1  <0.16666666666666666>, 7  <0.16666666666666666>, 18  <0.16666666666666666>, 10  <0.16666666666666666>, 5  <0.16666666666666666>}
x[13,2]{5  <0.2>, 10  <0.2>, 7  <0.2>, 17  <0.2>, 11  <0.2>}
x[13,3]{12  <1.0>}
x[13,4]{9  <0.19999999999999998>, 1  <0.19999999999999998>, 10  <0.19999999999999998>, 5  <0.19999999999999998>, 4  <0.19999999999999998>}
x[13,5]{2  <1.0>}
x[13,6]{14  <1.0>}
x[13,7]{9  <0.19999999999999998>, 1  <0.19999999999999998>, 7  <0.19999999999999998>, 18  <0.19999999999999998>, 10  <0.19999999999999998>}
x[13,8]{6  <1.0>}
x[13,9]{11  <0.2>, 1  <0.2>, 10  <0.2>, 5  <0.2>, 4  <0.2>}
x[13,10]{16  <1.0>}
x[13,11]{19  <1.0>}
x[13,12]{9  <0.25>, 1  <0.25>, 18  <0.25>, 17  <0.25>}
x[13,13]{15  <1.0>}
x[13,14]{5  <0.25>, 1  <0.25>, 7  <0.25>, 11  <0.25>}
x[13,15]{0  <1.0>}
x[13,16]{17  <0.19999999999999998>, 11  <0.19999999999999998>, 8  <0.19999999999999998>, 7  <0.19999999999999998>, 4  <0.19999999999999998>}
x[13,17]{5  <0.19999999999999998>, 1  <0.19999999999999998>, 11  <0.19999999999999998>, 18  <0.19999999999999998>, 10  <0.19999999999999998>}
x[13,18]{11  <0.2>, 18  <0.2>, 9  <0.2>, 8  <0.2>, 17  <0.2>}
x[13,19]{13  <1.0>}
x[14,0]{12  <0.19999999999999998>, 18  <0.19999999999999998>, 13  <0.19999999999999998>, 11  <0.19999999999999998>, 6  <0.19999999999999998>}
x[14,1]{0  <0.19999999999999998>, 14  <0.19999999999999998>, 5  <0.19999999999999998>, 18  <0.19999999999999998>, 11  <0.19999999999999998>}
x[14,2]{16  <1.0>}
x[14,3]{0  <0.2>, 11  <0.2>, 6  <0.2>, 3  <0.2>, 18  <0.2>}
x[14,4]{7  <1.0>}
x[14,5]{4  <1.0>}
x[14,6]{11  <0.25>, 13  <0.25>, 18  <0.25>, 3  <0.25>}
x[14,7]{0  <0.2>, 12  <0.2>, 14  <0.2>, 18  <0.2>, 6  <0.2>}
x[14,8]{9  <1.0>}
x[14,9]{8  <1.0>}
x[14,10]{0  <0.16666666666666666>, 11  <0.16666666666666666>, 6  <0.16666666666666666>, 3  <0.16666666666666666>, 12  <0.16666666666666666>, 5  <0.16666666666666666>}
x[14,11]{10  <1.0>}
x[14,12]{0  <0.16666666666666666>, 13  <0.16666666666666666>, 2  <0.16666666666666666>, 3  <0.16666666666666666>, 14  <0.16666666666666666>, 18  <0.16666666666666666>}
x[14,13]{1  <1.0>}
x[14,14]{15  <1.0>}
x[14,15]{14  <0.16666666666666663>, 11  <0.16666666666666663>, 2  <0.16666666666666663>, 3  <0.16666666666666663>, 13  <0.16666666666666663>, 18  <0.16666666666666663>}
x[14,16]{19  <1.0>}
x[14,17]{17  <1.0>}
x[14,18]{12  <0.16666666666666663>, 18  <0.16666666666666663>, 2  <0.16666666666666663>, 3  <0.16666666666666663>, 11  <0.16666666666666663>, 14  <0.16666666666666663>}
x[14,19]{12  <0.14285714285714285>, 14  <0.14285714285714285>, 2  <0.14285714285714285>, 3  <0.14285714285714285>, 11  <0.14285714285714285>, 5  <0.14285714285714285>, 6  <0.14285714285714285>}
x[15,0]{10  <1.0>}
x[15,1]{0  <0.14285714285714285>, 7  <0.14285714285714285>, 19  <0.14285714285714285>, 18  <0.14285714285714285>, 11  <0.14285714285714285>, 5  <0.14285714285714285>, 16  <0.14285714285714285>}
x[15,2]{19  <0.19999999999999998>, 7  <0.19999999999999998>, 13  <0.19999999999999998>, 5  <0.19999999999999998>, 11  <0.19999999999999998>}
x[15,3]{2  <1.0>}
x[15,4]{15  <1.0>}
x[15,5]{14  <1.0>}
x[15,6]{7  <0.19999999999999998>, 13  <0.19999999999999998>, 18  <0.19999999999999998>, 3  <0.19999999999999998>, 11  <0.19999999999999998>}
x[15,7]{17  <1.0>}
x[15,8]{19  <0.25>, 18  <0.25>, 7  <0.25>, 3  <0.25>}
x[15,9]{0  <0.19999999999999998>, 11  <0.19999999999999998>, 5  <0.19999999999999998>, 3  <0.19999999999999998>, 19  <0.19999999999999998>}
x[15,10]{0  <0.16666666666666666>, 9  <0.16666666666666666>, 19  <0.16666666666666666>, 3  <0.16666666666666666>, 11  <0.16666666666666666>, 5  <0.16666666666666666>}
x[15,11]{0  <0.14285714285714285>, 16  <0.14285714285714285>, 7  <0.14285714285714285>, 3  <0.14285714285714285>, 18  <0.14285714285714285>, 5  <0.14285714285714285>, 11  <0.14285714285714285>}
x[15,12]{6  <1.0>}
x[15,13]{13  <0.19999999999999998>, 18  <0.19999999999999998>, 7  <0.19999999999999998>, 11  <0.19999999999999998>, 9  <0.19999999999999998>}
x[15,14]{12  <1.0>}
x[15,15]{8  <1.0>}
x[15,16]{0  <0.2>, 13  <0.2>, 11  <0.2>, 3  <0.2>, 7  <0.2>}
x[15,17]{19  <0.2>, 5  <0.2>, 11  <0.2>, 18  <0.2>, 16  <0.2>}
x[15,18]{1  <1.0>}
x[15,19]{4  <1.0>}
x[16,0]{0  <1.0>}
x[16,1]{14  <0.19999999999999998>, 1  <0.19999999999999998>, 19  <0.19999999999999998>, 18  <0.19999999999999998>, 11  <0.19999999999999998>}
x[16,2]{4  <1.0>}
x[16,3]{9  <0.14285714285714285>, 1  <0.14285714285714285>, 19  <0.14285714285714285>, 11  <0.14285714285714285>, 18  <0.14285714285714285>, 15  <0.14285714285714285>, 6  <0.14285714285714285>}
x[16,4]{9  <0.2>, 1  <0.2>, 2  <0.2>, 19  <0.2>, 6  <0.2>}
x[16,5]{7  <1.0>}
x[16,6]{5  <1.0>}
x[16,7]{9  <0.14285714285714285>, 1  <0.14285714285714285>, 19  <0.14285714285714285>, 18  <0.14285714285714285>, 12  <0.14285714285714285>, 14  <0.14285714285714285>, 6  <0.14285714285714285>}
x[16,8]{13  <1.0>}
x[16,9]{11  <0.19999999999999998>, 1  <0.19999999999999998>, 2  <0.19999999999999998>, 6  <0.19999999999999998>, 19  <0.19999999999999998>}
x[16,10]{10  <1.0>}
x[16,11]{18  <0.25>, 1  <0.25>, 12  <0.25>, 11  <0.25>}
x[16,12]{9  <0.16666666666666666>, 1  <0.16666666666666666>, 2  <0.16666666666666666>, 15  <0.16666666666666666>, 14  <0.16666666666666666>, 18  <0.16666666666666666>}
x[16,13]{3  <1.0>}
x[16,14]{17  <1.0>}
x[16,15]{19  <0.14285714285714285>, 1  <0.14285714285714285>, 2  <0.14285714285714285>, 9  <0.14285714285714285>, 11  <0.14285714285714285>, 18  <0.14285714285714285>, 14  <0.14285714285714285>}
x[16,16]{16  <1.0>}
x[16,17]{19  <0.14285714285714285>, 1  <0.14285714285714285>, 2  <0.14285714285714285>, 18  <0.14285714285714285>, 11  <0.14285714285714285>, 12  <0.14285714285714285>, 6  <0.14285714285714285>}
x[16,18]{12  <0.16666666666666663>, 18  <0.16666666666666663>, 2  <0.16666666666666663>, 9  <0.16666666666666663>, 11  <0.16666666666666663>, 14  <0.16666666666666663>}
x[16,19]{8  <1.0>}
x[17,0]{1  <1.0>}
x[17,1]{3  <1.0>}
x[17,2]{14  <1.0>}
x[17,3]{6  <0.19999999999999998>, 8  <0.19999999999999998>, 19  <0.19999999999999998>, 11  <0.19999999999999998>, 18  <0.19999999999999998>}
x[17,4]{6  <0.19999999999999998>, 5  <0.19999999999999998>, 2  <0.19999999999999998>, 19  <0.19999999999999998>, 4  <0.19999999999999998>}
x[17,5]{15  <1.0>}
x[17,6]{0  <1.0>}
x[17,7]{16  <1.0>}
x[17,8]{19  <0.16666666666666663>, 12  <0.16666666666666663>, 2  <0.16666666666666663>, 7  <0.16666666666666663>, 4  <0.16666666666666663>, 18  <0.16666666666666663>}
x[17,9]{17  <1.0>}
x[17,10]{6  <0.16666666666666666>, 8  <0.16666666666666666>, 19  <0.16666666666666666>, 11  <0.16666666666666666>, 12  <0.16666666666666666>, 5  <0.16666666666666666>}
x[17,11]{11  <0.16666666666666663>, 8  <0.16666666666666663>, 12  <0.16666666666666663>, 7  <0.16666666666666663>, 18  <0.16666666666666663>, 5  <0.16666666666666663>}
x[17,12]{10  <1.0>}
x[17,13]{7  <0.16666666666666666>, 18  <0.16666666666666666>, 6  <0.16666666666666666>, 11  <0.16666666666666666>, 4  <0.16666666666666666>, 12  <0.16666666666666666>}
x[17,14]{5  <0.2>, 11  <0.2>, 19  <0.2>, 7  <0.2>, 6  <0.2>}
x[17,15]{19  <0.19999999999999998>, 11  <0.19999999999999998>, 2  <0.19999999999999998>, 18  <0.19999999999999998>, 4  <0.19999999999999998>}
x[17,16]{12  <0.16666666666666663>, 7  <0.16666666666666663>, 2  <0.16666666666666663>, 8  <0.16666666666666663>, 4  <0.16666666666666663>, 11  <0.16666666666666663>}
x[17,17]{9  <1.0>}
x[17,18]{13  <1.0>}
x[17,19]{19  <0.14285714285714285>, 11  <0.14285714285714285>, 2  <0.14285714285714285>, 12  <0.14285714285714285>, 7  <0.14285714285714285>, 5  <0.14285714285714285>, 6  <0.14285714285714285>}
x[18,0]{19  <0.14285714285714285>, 18  <0.14285714285714285>, 13  <0.14285714285714285>, 11  <0.14285714285714285>, 7  <0.14285714285714285>, 12  <0.14285714285714285>, 6  <0.14285714285714285>}
x[18,1]{9  <1.0>}
x[18,2]{8  <1.0>}
x[18,3]{6  <0.19999999999999998>, 1  <0.19999999999999998>, 19  <0.19999999999999998>, 11  <0.19999999999999998>, 18  <0.19999999999999998>}
x[18,4]{6  <0.19999999999999998>, 1  <0.19999999999999998>, 13  <0.19999999999999998>, 19  <0.19999999999999998>, 5  <0.19999999999999998>}
x[18,5]{0  <1.0>}
x[18,6]{7  <0.16666666666666666>, 1  <0.16666666666666666>, 18  <0.16666666666666666>, 13  <0.16666666666666666>, 17  <0.16666666666666666>, 11  <0.16666666666666666>}
x[18,7]{2  <1.0>}
x[18,8]{14  <1.0>}
x[18,9]{15  <1.0>}
x[18,10]{6  <0.16666666666666666>, 1  <0.16666666666666666>, 19  <0.16666666666666666>, 11  <0.16666666666666666>, 12  <0.16666666666666666>, 5  <0.16666666666666666>}
x[18,11]{11  <0.16666666666666663>, 1  <0.16666666666666663>, 12  <0.16666666666666663>, 7  <0.16666666666666663>, 18  <0.16666666666666663>, 5  <0.16666666666666663>}
x[18,12]{16  <1.0>}
x[18,13]{10  <1.0>}
x[18,14]{7  <0.14285714285714285>, 1  <0.14285714285714285>, 19  <0.14285714285714285>, 11  <0.14285714285714285>, 13  <0.14285714285714285>, 5  <0.14285714285714285>, 6  <0.14285714285714285>}
x[18,15]{19  <0.19999999999999998>, 1  <0.19999999999999998>, 18  <0.19999999999999998>, 13  <0.19999999999999998>, 11  <0.19999999999999998>}
x[18,16]{12  <0.19999999999999998>, 13  <0.19999999999999998>, 11  <0.19999999999999998>, 7  <0.19999999999999998>, 17  <0.19999999999999998>}
x[18,17]{3  <1.0>}
x[18,18]{4  <1.0>}
x[18,19]{19  <0.14285714285714285>, 7  <0.14285714285714285>, 12  <0.14285714285714285>, 11  <0.14285714285714285>, 17  <0.14285714285714285>, 5  <0.14285714285714285>, 6  <0.14285714285714285>}
x[19,0]{19  <0.16666666666666663>, 6  <0.16666666666666663>, 9  <0.16666666666666663>, 11  <0.16666666666666663>, 7  <0.16666666666666663>, 12  <0.16666666666666663>}
x[19,1]{7  <0.16666666666666666>, 1  <0.16666666666666666>, 19  <0.16666666666666666>, 16  <0.16666666666666666>, 11  <0.16666666666666666>, 5  <0.16666666666666666>}
x[19,2]{19  <0.16666666666666666>, 12  <0.16666666666666666>, 7  <0.16666666666666666>, 6  <0.16666666666666666>, 11  <0.16666666666666666>, 5  <0.16666666666666666>}
x[19,3]{13  <1.0>}
x[19,4]{17  <1.0>}
x[19,5]{19  <0.14285714285714285>, 1  <0.14285714285714285>, 9  <0.14285714285714285>, 12  <0.14285714285714285>, 16  <0.14285714285714285>, 5  <0.14285714285714285>, 6  <0.14285714285714285>}
x[19,6]{7  <0.25>, 1  <0.25>, 11  <0.25>, 3  <0.25>}
x[19,7]{9  <0.16666666666666663>, 1  <0.16666666666666663>, 19  <0.16666666666666663>, 6  <0.16666666666666663>, 12  <0.16666666666666663>, 7  <0.16666666666666663>}
x[19,8]{8  <1.0>}
x[19,9]{11  <0.16666666666666663>, 1  <0.16666666666666663>, 6  <0.16666666666666663>, 3  <0.16666666666666663>, 19  <0.16666666666666663>, 5  <0.16666666666666663>}
x[19,10]{2  <1.0>}
x[19,11]{16  <0.14285714285714285>, 1  <0.14285714285714285>, 12  <0.14285714285714285>, 3  <0.14285714285714285>, 7  <0.14285714285714285>, 5  <0.14285714285714285>, 11  <0.14285714285714285>}
x[19,12]{9  <0.3333333333333333>, 1  <0.3333333333333333>, 3  <0.3333333333333333>}
x[19,13]{0  <1.0>}
x[19,14]{10  <1.0>}
x[19,15]{15  <1.0>}
x[19,16]{14  <1.0>}
x[19,17]{4  <1.0>}
x[19,18]{12  <0.19999999999999998>, 16  <0.19999999999999998>, 9  <0.19999999999999998>, 3  <0.19999999999999998>, 11  <0.19999999999999998>}
x[19,19]{18  <1.0>}
score{177  <0.006660645827651024>, 178  <0.00669827638193965>, 179  <0.006735907401889563>, 180  <0.006773537956178188>, 181  <0.006811168976128101>, 182  <0.006848799530416727>, 183  <0.00688643055036664>, 184  <0.006924061104655266>, 185  <0.0069616916589438915>, 186  <0.0069993226788938046>, 187  <0.00703695323318243>, 188  <0.007074584253132343>, 189  <0.007112214807420969>, 190  <0.007149845827370882>, 191  <0.007187476381659508>, 192  <0.007225107401609421>, 193  <0.0072627379558980465>, 194  <0.0073003689758479595>, 195  <0.007337999530136585>, 196  <0.007375630084425211>, 197  <0.007413261104375124>, 198  <0.00745089165866375>, 199  <0.007488522678613663>, 200  <0.0075261532329022884>, 201  <0.0075637842528522015>, 202  <0.007601414807140827>, 203  <0.00763904582709074>, 204  <0.007676676381379366>, 205  <0.007714307401329279>, 206  <0.007751937955617905>, 207  <0.007789568975567818>, 208  <0.007827199064195156>, 209  <0.007864830084145069>, 210  <0.007902461104094982>, 211  <0.007940092124044895>, 212  <0.007977722212672234>, 213  <0.008015353232622147>, 214  <0.00805298425257206>, 215  <0.008090615272521973>, 216  <0.008128245361149311>, 217  <0.008165876381099224>, 218  <0.008203507401049137>, 219  <0.008241137489676476>, 220  <0.008278768509626389>, 221  <0.008316399529576302>, 222  <0.008354030549526215>, 223  <0.008391660638153553>, 224  <0.008429291658103466>, 225  <0.008466922678053379>, 226  <0.008504553698003292>, 227  <0.00854218378663063>, 228  <0.008579814806580544>, 229  <0.008617445826530457>, 230  <0.00865507684648037>, 231  <0.008692706935107708>, 232  <0.008730337955057621>, 233  <0.008767968975007534>, 234  <0.008805599063634872>, 235  <0.008843230083584785>, 236  <0.008880861103534698>, 237  <0.008918492123484612>, 238  <0.00895612221211195>, 239  <0.008993753232061863>, 240  <0.009031384252011776>, 241  <0.009069015271961689>, 242  <0.009106645360589027>, 243  <0.00914427638053894>, 244  <0.009181907400488853>, 245  <0.009219537489116192>, 246  <0.009257168509066105>, 247  <0.009294799529016018>, 248  <0.009332430548965931>, 249  <0.00937006063759327>, 250  <0.009407691657543182>, 251  <0.009445322677493095>, 252  <0.009482953697443008>, 253  <0.009520583786070347>, 254  <0.00955821480602026>, 255  <0.009595845825970173>, 256  <0.009633475914597511>, 257  <0.009671106934547424>, 258  <0.009708737954497337>, 259  <0.00974636897444725>, 260  <0.009783999063074589>, 261  <0.009821630083024502>, 262  <0.009859261102974415>, 263  <0.009896892122924324>, 264  <0.009934522211551665>, 265  <0.00997215323150158>, 266  <0.01000978425145149>, 176  <0.006623014807701111>, 175  <0.006585384253412485>, 174  <0.006547753233462572>, 173  <0.006510122679173946>, 172  <0.006472492124885321>, 171  <0.006434861104935408>, 170  <0.006397230550646782>, 169  <0.006359599530696869>, 168  <0.006321968976408243>, 167  <0.00628433795645833>, 166  <0.0062467074021697044>, 165  <0.006209076382219791>, 164  <0.006171445827931166>, 163  <0.006133814807981253>, 162  <0.006096184253692627>, 161  <0.006058553699404001>, 160  <0.006020922679454088>, 159  <0.0059832921251654625>, 158  <0.0059456611052155495>, 157  <0.005908030550926924>, 270  <0.010160307399928566>, 269  <0.010122676379978652>, 268  <0.01008504536002874>, 267  <0.010047414340078829>, 156  <0.005870399530977011>, 155  <0.005832768976688385>, 154  <0.005795137956738471>, 153  <0.005757507402449845>, 152  <0.005719876382499933>, 151  <0.0056822458282113075>, 150  <0.005644614808261394>, 149  <0.005606984253972768>, 142  <0.0053435689769685225>, 143  <0.005381199531257151>, 144  <0.005418830551207064>, 145  <0.005456461105495689>, 146  <0.005494092125445602>, 147  <0.005531722679734229>, 148  <0.005569353699684142>}
problem entropy = 0.9999942030397075
smallest variable entropy = 1.098409160826041
##### after BP iteration 2 #####
x[0,0]{14  <1.0>}
x[0,1]{6  <1.0>}
x[0,2]{10  <0.20030465166330202>, 12  <0.20182787228146373>, 2  <0.19421173149230686>, 17  <0.20563595210062927>, 7  <0.1980197924622982>}
x[0,3]{5  <1.0>}
x[0,4]{18  <1.0>}
x[0,5]{10  <0.19999999999999998>, 1  <0.19999999999999998>, 9  <0.19999999999999998>, 12  <0.19999999999999998>, 17  <0.19999999999999998>}
x[0,6]{10  <0.16666666666666666>, 1  <0.16666666666666666>, 7  <0.16666666666666666>, 3  <0.16666666666666666>, 8  <0.16666666666666666>, 17  <0.16666666666666666>}
x[0,7]{13  <1.0>}
x[0,8]{11  <1.0>}
x[0,9]{10  <0.2>, 1  <0.2>, 2  <0.2>, 3  <0.2>, 4  <0.2>}
x[0,10]{12  <0.19999999999999998>, 1  <0.19999999999999998>, 9  <0.19999999999999998>, 3  <0.19999999999999998>, 8  <0.19999999999999998>}
x[0,11]{15  <1.0>}
x[0,12]{17  <0.2>, 1  <0.2>, 2  <0.2>, 3  <0.2>, 9  <0.2>}
x[0,13]{16  <1.0>}
x[0,14]{7  <0.3333333333333333>, 1  <0.3333333333333333>, 3  <0.3333333333333333>}
x[0,15]{9  <0.19999999999999998>, 1  <0.19999999999999998>, 2  <0.19999999999999998>, 3  <0.19999999999999998>, 4  <0.19999999999999998>}
x[0,16]{7  <0.14285714285714288>, 8  <0.14285714285714288>, 2  <0.14285714285714288>, 3  <0.14285714285714288>, 4  <0.14285714285714288>, 12  <0.14285714285714288>, 17  <0.14285714285714288>}
x[0,17]{0  <1.0>}
x[0,18]{19  <1.0>}
x[0,19]{12  <0.2>, 17  <0.2>, 2  <0.2>, 3  <0.2>, 7  <0.2>}
x[1,0]{19  <0.17099430309843575>, 9  <0.1646611697317297>, 7  <0.16339455246268197>, 11  <0.1659278026745999>, 15  <0.1684610528865178>, 12  <0.166561119146035>}
x[1,1]{13  <1.0>}
x[1,2]{3  <1.0>}
x[1,3]{9  <0.19847327220338815>, 1  <0.1923664176939613>, 19  <0.20610687340176706>, 11  <0.2>, 15  <0.2030534367008835>}
x[1,4]{9  <0.2512077196496436>, 1  <0.24347827085024465>, 2  <0.24444443700514173>, 19  <0.26086957249497006>}
x[1,5]{19  <0.19999999999999998>, 1  <0.19999999999999998>, 9  <0.19999999999999998>, 12  <0.19999999999999998>, 16  <0.19999999999999998>}
x[1,6]{6  <1.0>}
x[1,7]{5  <1.0>}
x[1,8]{19  <0.19999999999999998>, 1  <0.19999999999999998>, 2  <0.19999999999999998>, 12  <0.19999999999999998>, 7  <0.19999999999999998>}
x[1,9]{18  <1.0>}
x[1,10]{4  <1.0>}
x[1,11]{17  <1.0>}
x[1,12]{8  <1.0>}
x[1,13]{7  <0.2>, 12  <0.2>, 14  <0.2>, 11  <0.2>, 9  <0.2>}
x[1,14]{19  <0.2>, 1  <0.2>, 14  <0.2>, 7  <0.2>, 11  <0.2>}
x[1,15]{10  <1.0>}
x[1,16]{11  <0.25>, 7  <0.25>, 2  <0.25>, 12  <0.25>}
x[1,17]{19  <0.16666666666666663>, 1  <0.16666666666666663>, 2  <0.16666666666666663>, 11  <0.16666666666666663>, 16  <0.16666666666666663>, 12  <0.16666666666666663>}
x[1,18]{12  <0.16666666666666663>, 11  <0.16666666666666663>, 2  <0.16666666666666663>, 9  <0.16666666666666663>, 14  <0.16666666666666663>, 16  <0.16666666666666663>}
x[1,19]{0  <1.0>}
x[2,0]{19  <0.3413400879968109>, 6  <0.32490517876340963>, 13  <0.3337547332397795>}
x[2,1]{12  <1.0>}
x[2,2]{9  <1.0>}
x[2,3]{10  <1.0>}
x[2,4]{0  <0.13921242667689826>, 1  <0.139767061577624>, 2  <0.14032168275180174>, 19  <0.14975042115794746>, 13  <0.1464226254801409>, 5  <0.14198557372743095>, 6  <0.14254020862815672>}
x[2,5]{18  <1.0>}
x[2,6]{15  <1.0>}
x[2,7]{11  <1.0>}
x[2,8]{19  <0.25>, 1  <0.25>, 2  <0.25>, 3  <0.25>}
x[2,9]{0  <0.14285714285714285>, 1  <0.14285714285714285>, 2  <0.14285714285714285>, 3  <0.14285714285714285>, 19  <0.14285714285714285>, 5  <0.14285714285714285>, 6  <0.14285714285714285>}
x[2,10]{0  <0.16666666666666666>, 1  <0.16666666666666666>, 19  <0.16666666666666666>, 3  <0.16666666666666666>, 6  <0.16666666666666666>, 5  <0.16666666666666666>}
x[2,11]{0  <0.25>, 1  <0.25>, 5  <0.25>, 3  <0.25>}
x[2,12]{4  <1.0>}
x[2,13]{8  <1.0>}
x[2,14]{0  <0.125>, 1  <0.125>, 13  <0.125>, 3  <0.125>, 19  <0.125>, 5  <0.125>, 6  <0.125>, 14  <0.125>}
x[2,15]{17  <1.0>}
x[2,16]{0  <0.25>, 13  <0.25>, 2  <0.25>, 3  <0.25>}
x[2,17]{7  <1.0>}
x[2,18]{14  <0.3333333333333333>, 3  <0.3333333333333333>, 2  <0.3333333333333333>}
x[2,19]{16  <1.0>}
x[3,0]{17  <1.0>}
x[3,1]{11  <0.20316027722789903>, 1  <0.19563580941121053>, 5  <0.19864559281343652>, 7  <0.20015049382567296>, 10  <0.20240782672178081>}
x[3,2]{7  <0.14201183053830435>, 10  <0.14362559891932083>, 2  <0.13932222100762798>, 12  <0.14470145338203402>, 11  <0.14416352615067746>, 5  <0.14093598938864443>, 13  <0.14523938061339067>}
x[3,3]{14  <1.0>}
x[3,4]{10  <0.16930880579506843>, 1  <0.16360177586150018>, 2  <0.16423589552979692>, 13  <0.17121116479995854>, 4  <0.1655041191726896>, 5  <0.16613823884098627>}
x[3,5]{5  <0.2>, 1  <0.2>, 10  <0.2>, 12  <0.2>, 13  <0.2>}
x[3,6]{10  <0.16666666666666666>, 1  <0.16666666666666666>, 13  <0.16666666666666666>, 3  <0.16666666666666666>, 7  <0.16666666666666666>, 11  <0.16666666666666666>}
x[3,7]{15  <1.0>}
x[3,8]{7  <0.14285714285714285>, 1  <0.14285714285714285>, 2  <0.14285714285714285>, 3  <0.14285714285714285>, 4  <0.14285714285714285>, 10  <0.14285714285714285>, 12  <0.14285714285714285>}
x[3,9]{11  <0.14285714285714285>, 1  <0.14285714285714285>, 2  <0.14285714285714285>, 3  <0.14285714285714285>, 4  <0.14285714285714285>, 5  <0.14285714285714285>, 10  <0.14285714285714285>}
x[3,10]{18  <1.0>}
x[3,11]{7  <0.16666666666666663>, 1  <0.16666666666666663>, 12  <0.16666666666666663>, 3  <0.16666666666666663>, 11  <0.16666666666666663>, 5  <0.16666666666666663>}
x[3,12]{13  <0.25>, 1  <0.25>, 2  <0.25>, 3  <0.25>}
x[3,13]{19  <1.0>}
x[3,14]{9  <1.0>}
x[3,15]{16  <1.0>}
x[3,16]{6  <1.0>}
x[3,17]{8  <1.0>}
x[3,18]{0  <1.0>}
x[3,19]{12  <0.16666666666666663>, 11  <0.16666666666666663>, 2  <0.16666666666666663>, 3  <0.16666666666666663>, 7  <0.16666666666666663>, 5  <0.16666666666666663>}
x[4,0]{4  <1.0>}
x[4,1]{0  <0.25>, 1  <0.25>, 11  <0.25>, 18  <0.25>}
x[4,2]{12  <0.2>, 6  <0.2>, 13  <0.2>, 17  <0.2>, 11  <0.2>}
x[4,3]{0  <0.14285714285714285>, 1  <0.14285714285714285>, 11  <0.14285714285714285>, 3  <0.14285714285714285>, 18  <0.14285714285714285>, 8  <0.14285714285714285>, 6  <0.14285714285714285>}
x[4,4]{16  <1.0>}
x[4,5]{12  <0.19999999999999998>, 1  <0.19999999999999998>, 13  <0.19999999999999998>, 17  <0.19999999999999998>, 6  <0.19999999999999998>}
x[4,6]{9  <1.0>}
x[4,7]{0  <0.19999999999999998>, 1  <0.19999999999999998>, 6  <0.19999999999999998>, 18  <0.19999999999999998>, 12  <0.19999999999999998>}
x[4,8]{5  <1.0>}
x[4,9]{14  <1.0>}
x[4,10]{7  <1.0>}
x[4,11]{2  <1.0>}
x[4,12]{19  <1.0>}
x[4,13]{13  <0.16666666666666666>, 18  <0.16666666666666666>, 17  <0.16666666666666666>, 11  <0.16666666666666666>, 6  <0.16666666666666666>, 12  <0.16666666666666666>}
x[4,14]{0  <0.16666666666666663>, 1  <0.16666666666666663>, 6  <0.16666666666666663>, 3  <0.16666666666666663>, 13  <0.16666666666666663>, 11  <0.16666666666666663>}
x[4,15]{18  <0.19999999999999998>, 1  <0.19999999999999998>, 11  <0.19999999999999998>, 3  <0.19999999999999998>, 13  <0.19999999999999998>}
x[4,16]{10  <1.0>}
x[4,17]{11  <0.19999999999999998>, 1  <0.19999999999999998>, 12  <0.19999999999999998>, 18  <0.19999999999999998>, 6  <0.19999999999999998>}
x[4,18]{12  <0.16666666666666663>, 18  <0.16666666666666663>, 8  <0.16666666666666663>, 3  <0.16666666666666663>, 17  <0.16666666666666663>, 11  <0.16666666666666663>}
x[4,19]{15  <1.0>}
x[5,0]{5  <1.0>}
x[5,1]{4  <1.0>}
x[5,2]{15  <1.0>}
x[5,3]{7  <1.0>}
x[5,4]{0  <0.16666666666666666>, 1  <0.16666666666666666>, 6  <0.16666666666666666>, 19  <0.16666666666666666>, 13  <0.16666666666666666>, 10  <0.16666666666666666>}
x[5,5]{11  <1.0>}
x[5,6]{10  <0.16666666666666666>, 1  <0.16666666666666666>, 13  <0.16666666666666666>, 3  <0.16666666666666666>, 17  <0.16666666666666666>, 8  <0.16666666666666666>}
x[5,7]{0  <0.16666666666666663>, 1  <0.16666666666666663>, 19  <0.16666666666666663>, 6  <0.16666666666666663>, 10  <0.16666666666666663>, 14  <0.16666666666666663>}
x[5,8]{19  <0.2>, 1  <0.2>, 17  <0.2>, 3  <0.2>, 10  <0.2>}
x[5,9]{16  <1.0>}
x[5,10]{0  <0.16666666666666666>, 1  <0.16666666666666666>, 19  <0.16666666666666666>, 3  <0.16666666666666666>, 6  <0.16666666666666666>, 8  <0.16666666666666666>}
x[5,11]{9  <1.0>}
x[5,12]{12  <1.0>}
x[5,13]{13  <0.25>, 14  <0.25>, 17  <0.25>, 6  <0.25>}
x[5,14]{2  <1.0>}
x[5,15]{19  <0.2>, 1  <0.2>, 14  <0.2>, 3  <0.2>, 13  <0.2>}
x[5,16]{18  <1.0>}
x[5,17]{19  <0.25>, 1  <0.25>, 6  <0.25>, 10  <0.25>}
x[5,18]{14  <0.25>, 17  <0.25>, 8  <0.25>, 3  <0.25>}
x[5,19]{19  <0.19999999999999998>, 14  <0.19999999999999998>, 6  <0.19999999999999998>, 3  <0.19999999999999998>, 17  <0.19999999999999998>}
x[6,0]{19  <0.25>, 9  <0.25>, 13  <0.25>, 11  <0.25>}
x[6,1]{0  <0.16666666666666666>, 1  <0.16666666666666666>, 19  <0.16666666666666666>, 16  <0.16666666666666666>, 11  <0.16666666666666666>, 14  <0.16666666666666666>}
x[6,2]{18  <1.0>}
x[6,3]{0  <0.16666666666666666>, 1  <0.16666666666666666>, 19  <0.16666666666666666>, 3  <0.16666666666666666>, 9  <0.16666666666666666>, 11  <0.16666666666666666>}
x[6,4]{12  <1.0>}
x[6,5]{8  <1.0>}
x[6,6]{13  <0.2>, 1  <0.2>, 11  <0.2>, 3  <0.2>, 17  <0.2>}
x[6,7]{0  <0.19999999999999998>, 1  <0.19999999999999998>, 19  <0.19999999999999998>, 14  <0.19999999999999998>, 9  <0.19999999999999998>}
x[6,8]{19  <0.25>, 1  <0.25>, 17  <0.25>, 3  <0.25>}
x[6,9]{0  <0.2>, 1  <0.2>, 11  <0.2>, 3  <0.2>, 19  <0.2>}
x[6,10]{0  <0.16666666666666666>, 1  <0.16666666666666666>, 19  <0.16666666666666666>, 3  <0.16666666666666666>, 11  <0.16666666666666666>, 9  <0.16666666666666666>}
x[6,11]{6  <1.0>}
x[6,12]{7  <1.0>}
x[6,13]{2  <1.0>}
x[6,14]{4  <1.0>}
x[6,15]{19  <0.14285714285714288>, 1  <0.14285714285714288>, 9  <0.14285714285714288>, 3  <0.14285714285714288>, 13  <0.14285714285714288>, 11  <0.14285714285714288>, 14  <0.14285714285714288>}
x[6,16]{5  <1.0>}
x[6,17]{15  <1.0>}
x[6,18]{14  <0.16666666666666663>, 11  <0.16666666666666663>, 9  <0.16666666666666663>, 3  <0.16666666666666663>, 17  <0.16666666666666663>, 16  <0.16666666666666663>}
x[6,19]{10  <1.0>}
x[7,0]{8  <1.0>}
x[7,1]{17  <1.0>}
x[7,2]{19  <0.2>, 10  <0.2>, 6  <0.2>, 12  <0.2>, 11  <0.2>}
x[7,3]{4  <1.0>}
x[7,4]{14  <1.0>}
x[7,5]{3  <1.0>}
x[7,6]{2  <1.0>}
x[7,7]{0  <0.14285714285714285>, 1  <0.14285714285714285>, 19  <0.14285714285714285>, 18  <0.14285714285714285>, 10  <0.14285714285714285>, 12  <0.14285714285714285>, 6  <0.14285714285714285>}
x[7,8]{19  <0.19999999999999998>, 1  <0.19999999999999998>, 12  <0.19999999999999998>, 10  <0.19999999999999998>, 18  <0.19999999999999998>}
x[7,9]{9  <1.0>}
x[7,10]{13  <1.0>}
x[7,11]{0  <0.16666666666666663>, 1  <0.16666666666666663>, 12  <0.16666666666666663>, 16  <0.16666666666666663>, 18  <0.16666666666666663>, 11  <0.16666666666666663>}
x[7,12]{5  <1.0>}
x[7,13]{6  <0.25>, 18  <0.25>, 12  <0.25>, 11  <0.25>}
x[7,14]{0  <0.2>, 1  <0.2>, 19  <0.2>, 11  <0.2>, 6  <0.2>}
x[7,15]{7  <1.0>}
x[7,16]{0  <0.3333333333333333>, 11  <0.3333333333333333>, 12  <0.3333333333333333>}
x[7,17]{19  <0.125>, 1  <0.125>, 12  <0.125>, 18  <0.125>, 10  <0.125>, 11  <0.125>, 6  <0.125>, 16  <0.125>}
x[7,18]{15  <1.0>}
x[7,19]{19  <0.25>, 6  <0.25>, 12  <0.25>, 11  <0.25>}
x[8,0]{6  <0.16666666666666663>, 18  <0.16666666666666663>, 9  <0.16666666666666663>, 11  <0.16666666666666663>, 7  <0.16666666666666663>, 12  <0.16666666666666663>}
x[8,1]{0  <0.2>, 7  <0.2>, 11  <0.2>, 18  <0.2>, 10  <0.2>}
x[8,2]{7  <0.14285714285714285>, 10  <0.14285714285714285>, 2  <0.14285714285714285>, 17  <0.14285714285714285>, 11  <0.14285714285714285>, 12  <0.14285714285714285>, 6  <0.14285714285714285>}
x[8,3]{0  <0.19999999999999998>, 9  <0.19999999999999998>, 6  <0.19999999999999998>, 11  <0.19999999999999998>, 18  <0.19999999999999998>}
x[8,4]{3  <1.0>}
x[8,5]{12  <0.19999999999999998>, 9  <0.19999999999999998>, 10  <0.19999999999999998>, 17  <0.19999999999999998>, 6  <0.19999999999999998>}
x[8,6]{19  <1.0>}
x[8,7]{8  <1.0>}
x[8,8]{15  <1.0>}
x[8,9]{13  <1.0>}
x[8,10]{0  <0.19999999999999998>, 9  <0.19999999999999998>, 11  <0.19999999999999998>, 6  <0.19999999999999998>, 12  <0.19999999999999998>}
x[8,11]{4  <1.0>}
x[8,12]{0  <0.2>, 9  <0.2>, 2  <0.2>, 18  <0.2>, 17  <0.2>}
x[8,13]{7  <0.14285714285714285>, 18  <0.14285714285714285>, 17  <0.14285714285714285>, 11  <0.14285714285714285>, 9  <0.14285714285714285>, 12  <0.14285714285714285>, 6  <0.14285714285714285>}
x[8,14]{16  <1.0>}
x[8,15]{5  <1.0>}
x[8,16]{1  <1.0>}
x[8,17]{14  <1.0>}
x[8,18]{12  <0.16666666666666663>, 18  <0.16666666666666663>, 2  <0.16666666666666663>, 9  <0.16666666666666663>, 17  <0.16666666666666663>, 11  <0.16666666666666663>}
x[8,19]{6  <0.16666666666666663>, 7  <0.16666666666666663>, 2  <0.16666666666666663>, 12  <0.16666666666666663>, 17  <0.16666666666666663>, 11  <0.16666666666666663>}
x[9,0]{16  <1.0>}
x[9,1]{15  <1.0>}
x[9,2]{19  <0.2>, 10  <0.2>, 2  <0.2>, 13  <0.2>, 7  <0.2>}
x[9,3]{17  <1.0>}
x[9,4]{0  <0.16666666666666666>, 1  <0.16666666666666666>, 2  <0.16666666666666666>, 19  <0.16666666666666666>, 10  <0.16666666666666666>, 13  <0.16666666666666666>}
x[9,5]{19  <0.25>, 1  <0.25>, 10  <0.25>, 13  <0.25>}
x[9,6]{12  <1.0>}
x[9,7]{4  <1.0>}
x[9,8]{19  <0.14285714285714285>, 1  <0.14285714285714285>, 2  <0.14285714285714285>, 3  <0.14285714285714285>, 10  <0.14285714285714285>, 18  <0.14285714285714285>, 7  <0.14285714285714285>}
x[9,9]{0  <0.16666666666666663>, 1  <0.16666666666666663>, 2  <0.16666666666666663>, 3  <0.16666666666666663>, 19  <0.16666666666666663>, 10  <0.16666666666666663>}
x[9,10]{14  <1.0>}
x[9,11]{0  <0.16666666666666663>, 1  <0.16666666666666663>, 7  <0.16666666666666663>, 3  <0.16666666666666663>, 18  <0.16666666666666663>, 8  <0.16666666666666663>}
x[9,12]{11  <1.0>}
x[9,13]{5  <1.0>}
x[9,14]{0  <0.16666666666666663>, 1  <0.16666666666666663>, 19  <0.16666666666666663>, 3  <0.16666666666666663>, 13  <0.16666666666666663>, 7  <0.16666666666666663>}
x[9,15]{19  <0.16666666666666663>, 1  <0.16666666666666663>, 2  <0.16666666666666663>, 3  <0.16666666666666663>, 13  <0.16666666666666663>, 18  <0.16666666666666663>}
x[9,16]{0  <0.16666666666666663>, 13  <0.16666666666666663>, 2  <0.16666666666666663>, 3  <0.16666666666666663>, 7  <0.16666666666666663>, 8  <0.16666666666666663>}
x[9,17]{19  <0.19999999999999998>, 1  <0.19999999999999998>, 2  <0.19999999999999998>, 18  <0.19999999999999998>, 10  <0.19999999999999998>}
x[9,18]{6  <1.0>}
x[9,19]{9  <1.0>}
x[10,0]{19  <0.2>, 18  <0.2>, 6  <0.2>, 9  <0.2>, 12  <0.2>}
x[10,1]{2  <1.0>}
x[10,2]{19  <0.2>, 12  <0.2>, 5  <0.2>, 17  <0.2>, 6  <0.2>}
x[10,3]{16  <1.0>}
x[10,4]{11  <1.0>}
x[10,5]{19  <0.16666666666666663>, 9  <0.16666666666666663>, 12  <0.16666666666666663>, 17  <0.16666666666666663>, 6  <0.16666666666666663>, 5  <0.16666666666666663>}
x[10,6]{3  <0.3333333333333333>, 17  <0.3333333333333333>, 18  <0.3333333333333333>}
x[10,7]{9  <0.16666666666666663>, 12  <0.16666666666666663>, 19  <0.16666666666666663>, 18  <0.16666666666666663>, 6  <0.16666666666666663>, 14  <0.16666666666666663>}
x[10,8]{0  <1.0>}
x[10,9]{7  <1.0>}
x[10,10]{15  <1.0>}
x[10,11]{18  <0.25>, 5  <0.25>, 12  <0.25>, 3  <0.25>}
x[10,12]{9  <0.2>, 18  <0.2>, 17  <0.2>, 3  <0.2>, 14  <0.2>}
x[10,13]{9  <0.14285714285714285>, 18  <0.14285714285714285>, 17  <0.14285714285714285>, 14  <0.14285714285714285>, 4  <0.14285714285714285>, 12  <0.14285714285714285>, 6  <0.14285714285714285>}
x[10,14]{8  <1.0>}
x[10,15]{19  <0.16666666666666663>, 9  <0.16666666666666663>, 14  <0.16666666666666663>, 3  <0.16666666666666663>, 4  <0.16666666666666663>, 18  <0.16666666666666663>}
x[10,16]{12  <0.25>, 4  <0.25>, 17  <0.25>, 3  <0.25>}
x[10,17]{13  <1.0>}
x[10,18]{10  <1.0>}
x[10,19]{1  <1.0>}
x[11,0]{19  <0.16666666666666663>, 18  <0.16666666666666663>, 13  <0.16666666666666663>, 11  <0.16666666666666663>, 15  <0.16666666666666663>, 6  <0.16666666666666663>}
x[11,1]{11  <0.16666666666666666>, 1  <0.16666666666666666>, 19  <0.16666666666666666>, 18  <0.16666666666666666>, 10  <0.16666666666666666>, 5  <0.16666666666666666>}
x[11,2]{0  <1.0>}
x[11,3]{6  <0.16666666666666666>, 1  <0.16666666666666666>, 19  <0.16666666666666666>, 11  <0.16666666666666666>, 18  <0.16666666666666666>, 15  <0.16666666666666666>}
x[11,4]{8  <1.0>}
x[11,5]{19  <0.16666666666666663>, 1  <0.16666666666666663>, 10  <0.16666666666666663>, 6  <0.16666666666666663>, 13  <0.16666666666666663>, 5  <0.16666666666666663>}
x[11,6]{4  <1.0>}
x[11,7]{3  <1.0>}
x[11,8]{16  <1.0>}
x[11,9]{11  <0.14285714285714285>, 1  <0.14285714285714285>, 2  <0.14285714285714285>, 10  <0.14285714285714285>, 19  <0.14285714285714285>, 5  <0.14285714285714285>, 6  <0.14285714285714285>}
x[11,10]{17  <1.0>}
x[11,11]{14  <1.0>}
x[11,12]{13  <0.2>, 1  <0.2>, 2  <0.2>, 15  <0.2>, 18  <0.2>}
x[11,13]{13  <0.25>, 18  <0.25>, 6  <0.25>, 11  <0.25>}
x[11,14]{6  <0.16666666666666663>, 1  <0.16666666666666663>, 19  <0.16666666666666663>, 11  <0.16666666666666663>, 13  <0.16666666666666663>, 5  <0.16666666666666663>}
x[11,15]{12  <1.0>}
x[11,16]{9  <1.0>}
x[11,17]{19  <0.125>, 1  <0.125>, 2  <0.125>, 18  <0.125>, 10  <0.125>, 5  <0.125>, 6  <0.125>, 11  <0.125>}
x[11,18]{7  <1.0>}
x[11,19]{19  <0.2>, 6  <0.2>, 2  <0.2>, 11  <0.2>, 5  <0.2>}
x[12,0]{2  <1.0>}
x[12,1]{8  <1.0>}
x[12,2]{1  <1.0>}
x[12,3]{0  <0.19999999999999998>, 9  <0.19999999999999998>, 19  <0.19999999999999998>, 3  <0.19999999999999998>, 11  <0.19999999999999998>}
x[12,4]{0  <0.19999999999999998>, 9  <0.19999999999999998>, 10  <0.19999999999999998>, 19  <0.19999999999999998>, 4  <0.19999999999999998>}
x[12,5]{19  <0.25>, 9  <0.25>, 10  <0.25>, 17  <0.25>}
x[12,6]{16  <1.0>}
x[12,7]{0  <0.16666666666666666>, 9  <0.16666666666666666>, 19  <0.16666666666666666>, 7  <0.16666666666666666>, 10  <0.16666666666666666>, 14  <0.16666666666666666>}
x[12,8]{19  <0.16666666666666666>, 7  <0.16666666666666666>, 10  <0.16666666666666666>, 3  <0.16666666666666666>, 4  <0.16666666666666666>, 17  <0.16666666666666666>}
x[12,9]{12  <1.0>}
x[12,10]{0  <0.19999999999999998>, 9  <0.19999999999999998>, 19  <0.19999999999999998>, 3  <0.19999999999999998>, 11  <0.19999999999999998>}
x[12,11]{13  <1.0>}
x[12,12]{0  <0.2>, 9  <0.2>, 17  <0.2>, 3  <0.2>, 14  <0.2>}
x[12,13]{7  <0.16666666666666666>, 9  <0.16666666666666666>, 17  <0.16666666666666666>, 11  <0.16666666666666666>, 4  <0.16666666666666666>, 14  <0.16666666666666666>}
x[12,14]{18  <1.0>}
x[12,15]{6  <1.0>}
x[12,16]{15  <1.0>}
x[12,17]{19  <0.3333333333333333>, 10  <0.3333333333333333>, 11  <0.3333333333333333>}
x[12,18]{5  <1.0>}
x[12,19]{19  <0.16666666666666666>, 14  <0.16666666666666666>, 7  <0.16666666666666666>, 3  <0.16666666666666666>, 17  <0.16666666666666666>, 11  <0.16666666666666666>}
x[13,0]{3  <1.0>}
x[13,1]{11  <0.16666666666666666>, 1  <0.16666666666666666>, 7  <0.16666666666666666>, 18  <0.16666666666666666>, 10  <0.16666666666666666>, 5  <0.16666666666666666>}
x[13,2]{5  <0.2>, 10  <0.2>, 7  <0.2>, 17  <0.2>, 11  <0.2>}
x[13,3]{12  <1.0>}
x[13,4]{9  <0.19999999999999998>, 1  <0.19999999999999998>, 10  <0.19999999999999998>, 5  <0.19999999999999998>, 4  <0.19999999999999998>}
x[13,5]{2  <1.0>}
x[13,6]{14  <1.0>}
x[13,7]{9  <0.19999999999999998>, 1  <0.19999999999999998>, 7  <0.19999999999999998>, 18  <0.19999999999999998>, 10  <0.19999999999999998>}
x[13,8]{6  <1.0>}
x[13,9]{11  <0.2>, 1  <0.2>, 10  <0.2>, 5  <0.2>, 4  <0.2>}
x[13,10]{16  <1.0>}
x[13,11]{19  <1.0>}
x[13,12]{9  <0.25>, 1  <0.25>, 18  <0.25>, 17  <0.25>}
x[13,13]{15  <1.0>}
x[13,14]{5  <0.25>, 1  <0.25>, 7  <0.25>, 11  <0.25>}
x[13,15]{0  <1.0>}
x[13,16]{17  <0.2>, 11  <0.2>, 8  <0.2>, 7  <0.2>, 4  <0.2>}
x[13,17]{5  <0.19999999999999998>, 1  <0.19999999999999998>, 11  <0.19999999999999998>, 18  <0.19999999999999998>, 10  <0.19999999999999998>}
x[13,18]{11  <0.2>, 18  <0.2>, 9  <0.2>, 8  <0.2>, 17  <0.2>}
x[13,19]{13  <1.0>}
x[14,0]{12  <0.19999999999999998>, 18  <0.19999999999999998>, 13  <0.19999999999999998>, 11  <0.19999999999999998>, 6  <0.19999999999999998>}
x[14,1]{0  <0.19999999999999998>, 14  <0.19999999999999998>, 5  <0.19999999999999998>, 18  <0.19999999999999998>, 11  <0.19999999999999998>}
x[14,2]{16  <1.0>}
x[14,3]{0  <0.2>, 11  <0.2>, 6  <0.2>, 3  <0.2>, 18  <0.2>}
x[14,4]{7  <1.0>}
x[14,5]{4  <1.0>}
x[14,6]{11  <0.25>, 13  <0.25>, 18  <0.25>, 3  <0.25>}
x[14,7]{0  <0.2>, 12  <0.2>, 14  <0.2>, 18  <0.2>, 6  <0.2>}
x[14,8]{9  <1.0>}
x[14,9]{8  <1.0>}
x[14,10]{0  <0.16666666666666666>, 11  <0.16666666666666666>, 6  <0.16666666666666666>, 3  <0.16666666666666666>, 12  <0.16666666666666666>, 5  <0.16666666666666666>}
x[14,11]{10  <1.0>}
x[14,12]{0  <0.16666666666666666>, 13  <0.16666666666666666>, 2  <0.16666666666666666>, 3  <0.16666666666666666>, 14  <0.16666666666666666>, 18  <0.16666666666666666>}
x[14,13]{1  <1.0>}
x[14,14]{15  <1.0>}
x[14,15]{14  <0.16666666666666663>, 11  <0.16666666666666663>, 2  <0.16666666666666663>, 3  <0.16666666666666663>, 13  <0.16666666666666663>, 18  <0.16666666666666663>}
x[14,16]{19  <1.0>}
x[14,17]{17  <1.0>}
x[14,18]{12  <0.16666666666666663>, 18  <0.16666666666666663>, 2  <0.16666666666666663>, 3  <0.16666666666666663>, 11  <0.16666666666666663>, 14  <0.16666666666666663>}
x[14,19]{12  <0.14285714285714285>, 14  <0.14285714285714285>, 2  <0.14285714285714285>, 3  <0.14285714285714285>, 11  <0.14285714285714285>, 5  <0.14285714285714285>, 6  <0.14285714285714285>}
x[15,0]{10  <1.0>}
x[15,1]{0  <0.14285714285714285>, 7  <0.14285714285714285>, 19  <0.14285714285714285>, 18  <0.14285714285714285>, 11  <0.14285714285714285>, 5  <0.14285714285714285>, 16  <0.14285714285714285>}
x[15,2]{19  <0.19999999999999998>, 7  <0.19999999999999998>, 13  <0.19999999999999998>, 5  <0.19999999999999998>, 11  <0.19999999999999998>}
x[15,3]{2  <1.0>}
x[15,4]{15  <1.0>}
x[15,5]{14  <1.0>}
x[15,6]{7  <0.19999999999999998>, 13  <0.19999999999999998>, 18  <0.19999999999999998>, 3  <0.19999999999999998>, 11  <0.19999999999999998>}
x[15,7]{17  <1.0>}
x[15,8]{19  <0.25>, 18  <0.25>, 7  <0.25>, 3  <0.25>}
x[15,9]{0  <0.19999999999999998>, 11  <0.19999999999999998>, 5  <0.19999999999999998>, 3  <0.19999999999999998>, 19  <0.19999999999999998>}
x[15,10]{0  <0.16666666666666666>, 9  <0.16666666666666666>, 19  <0.16666666666666666>, 3  <0.16666666666666666>, 11  <0.16666666666666666>, 5  <0.16666666666666666>}
x[15,11]{0  <0.14285714285714285>, 16  <0.14285714285714285>, 7  <0.14285714285714285>, 3  <0.14285714285714285>, 18  <0.14285714285714285>, 5  <0.14285714285714285>, 11  <0.14285714285714285>}
x[15,12]{6  <1.0>}
x[15,13]{13  <0.19999999999999998>, 18  <0.19999999999999998>, 7  <0.19999999999999998>, 11  <0.19999999999999998>, 9  <0.19999999999999998>}
x[15,14]{12  <1.0>}
x[15,15]{8  <1.0>}
x[15,16]{0  <0.19999999999999998>, 13  <0.19999999999999998>, 11  <0.19999999999999998>, 3  <0.19999999999999998>, 7  <0.19999999999999998>}
x[15,17]{19  <0.2>, 5  <0.2>, 11  <0.2>, 18  <0.2>, 16  <0.2>}
x[15,18]{1  <1.0>}
x[15,19]{4  <1.0>}
x[16,0]{0  <1.0>}
x[16,1]{14  <0.19999999999999998>, 1  <0.19999999999999998>, 19  <0.19999999999999998>, 18  <0.19999999999999998>, 11  <0.19999999999999998>}
x[16,2]{4  <1.0>}
x[16,3]{9  <0.14285714285714285>, 1  <0.14285714285714285>, 19  <0.14285714285714285>, 11  <0.14285714285714285>, 18  <0.14285714285714285>, 15  <0.14285714285714285>, 6  <0.14285714285714285>}
x[16,4]{9  <0.2>, 1  <0.2>, 2  <0.2>, 19  <0.2>, 6  <0.2>}
x[16,5]{7  <1.0>}
x[16,6]{5  <1.0>}
x[16,7]{9  <0.14285714285714285>, 1  <0.14285714285714285>, 19  <0.14285714285714285>, 18  <0.14285714285714285>, 12  <0.14285714285714285>, 14  <0.14285714285714285>, 6  <0.14285714285714285>}
x[16,8]{13  <1.0>}
x[16,9]{11  <0.19999999999999998>, 1  <0.19999999999999998>, 2  <0.19999999999999998>, 6  <0.19999999999999998>, 19  <0.19999999999999998>}
x[16,10]{10  <1.0>}
x[16,11]{18  <0.25>, 1  <0.25>, 12  <0.25>, 11  <0.25>}
x[16,12]{9  <0.16666666666666666>, 1  <0.16666666666666666>, 2  <0.16666666666666666>, 15  <0.16666666666666666>, 14  <0.16666666666666666>, 18  <0.16666666666666666>}
x[16,13]{3  <1.0>}
x[16,14]{17  <1.0>}
x[16,15]{19  <0.14285714285714285>, 1  <0.14285714285714285>, 2  <0.14285714285714285>, 9  <0.14285714285714285>, 11  <0.14285714285714285>, 18  <0.14285714285714285>, 14  <0.14285714285714285>}
x[16,16]{16  <1.0>}
x[16,17]{19  <0.14285714285714285>, 1  <0.14285714285714285>, 2  <0.14285714285714285>, 18  <0.14285714285714285>, 11  <0.14285714285714285>, 12  <0.14285714285714285>, 6  <0.14285714285714285>}
x[16,18]{12  <0.16666666666666663>, 18  <0.16666666666666663>, 2  <0.16666666666666663>, 9  <0.16666666666666663>, 11  <0.16666666666666663>, 14  <0.16666666666666663>}
x[16,19]{8  <1.0>}
x[17,0]{1  <1.0>}
x[17,1]{3  <1.0>}
x[17,2]{14  <1.0>}
x[17,3]{6  <0.19999999999999998>, 8  <0.19999999999999998>, 19  <0.19999999999999998>, 11  <0.19999999999999998>, 18  <0.19999999999999998>}
x[17,4]{6  <0.19999999999999998>, 5  <0.19999999999999998>, 2  <0.19999999999999998>, 19  <0.19999999999999998>, 4  <0.19999999999999998>}
x[17,5]{15  <1.0>}
x[17,6]{0  <1.0>}
x[17,7]{16  <1.0>}
x[17,8]{19  <0.16666666666666663>, 12  <0.16666666666666663>, 2  <0.16666666666666663>, 7  <0.16666666666666663>, 4  <0.16666666666666663>, 18  <0.16666666666666663>}
x[17,9]{17  <1.0>}
x[17,10]{6  <0.16666666666666666>, 8  <0.16666666666666666>, 19  <0.16666666666666666>, 11  <0.16666666666666666>, 12  <0.16666666666666666>, 5  <0.16666666666666666>}
x[17,11]{11  <0.16666666666666663>, 8  <0.16666666666666663>, 12  <0.16666666666666663>, 7  <0.16666666666666663>, 18  <0.16666666666666663>, 5  <0.16666666666666663>}
x[17,12]{10  <1.0>}
x[17,13]{7  <0.16666666666666666>, 18  <0.16666666666666666>, 6  <0.16666666666666666>, 11  <0.16666666666666666>, 4  <0.16666666666666666>, 12  <0.16666666666666666>}
x[17,14]{5  <0.2>, 11  <0.2>, 19  <0.2>, 7  <0.2>, 6  <0.2>}
x[17,15]{19  <0.19999999999999998>, 11  <0.19999999999999998>, 2  <0.19999999999999998>, 18  <0.19999999999999998>, 4  <0.19999999999999998>}
x[17,16]{12  <0.16666666666666663>, 7  <0.16666666666666663>, 2  <0.16666666666666663>, 8  <0.16666666666666663>, 4  <0.16666666666666663>, 11  <0.16666666666666663>}
x[17,17]{9  <1.0>}
x[17,18]{13  <1.0>}
x[17,19]{19  <0.14285714285714285>, 11  <0.14285714285714285>, 2  <0.14285714285714285>, 12  <0.14285714285714285>, 7  <0.14285714285714285>, 5  <0.14285714285714285>, 6  <0.14285714285714285>}
x[18,0]{19  <0.14285714285714285>, 18  <0.14285714285714285>, 13  <0.14285714285714285>, 11  <0.14285714285714285>, 7  <0.14285714285714285>, 12  <0.14285714285714285>, 6  <0.14285714285714285>}
x[18,1]{9  <1.0>}
x[18,2]{8  <1.0>}
x[18,3]{6  <0.19999999999999998>, 1  <0.19999999999999998>, 19  <0.19999999999999998>, 11  <0.19999999999999998>, 18  <0.19999999999999998>}
x[18,4]{6  <0.19999999999999998>, 1  <0.19999999999999998>, 13  <0.19999999999999998>, 19  <0.19999999999999998>, 5  <0.19999999999999998>}
x[18,5]{0  <1.0>}
x[18,6]{7  <0.16666666666666666>, 1  <0.16666666666666666>, 18  <0.16666666666666666>, 13  <0.16666666666666666>, 17  <0.16666666666666666>, 11  <0.16666666666666666>}
x[18,7]{2  <1.0>}
x[18,8]{14  <1.0>}
x[18,9]{15  <1.0>}
x[18,10]{6  <0.16666666666666666>, 1  <0.16666666666666666>, 19  <0.16666666666666666>, 11  <0.16666666666666666>, 12  <0.16666666666666666>, 5  <0.16666666666666666>}
x[18,11]{11  <0.16666666666666663>, 1  <0.16666666666666663>, 12  <0.16666666666666663>, 7  <0.16666666666666663>, 18  <0.16666666666666663>, 5  <0.16666666666666663>}
x[18,12]{16  <1.0>}
x[18,13]{10  <1.0>}
x[18,14]{7  <0.14285714285714285>, 1  <0.14285714285714285>, 19  <0.14285714285714285>, 11  <0.14285714285714285>, 13  <0.14285714285714285>, 5  <0.14285714285714285>, 6  <0.14285714285714285>}
x[18,15]{19  <0.19999999999999998>, 1  <0.19999999999999998>, 18  <0.19999999999999998>, 13  <0.19999999999999998>, 11  <0.19999999999999998>}
x[18,16]{12  <0.2>, 13  <0.2>, 11  <0.2>, 7  <0.2>, 17  <0.2>}
x[18,17]{3  <1.0>}
x[18,18]{4  <1.0>}
x[18,19]{19  <0.14285714285714285>, 7  <0.14285714285714285>, 12  <0.14285714285714285>, 11  <0.14285714285714285>, 17  <0.14285714285714285>, 5  <0.14285714285714285>, 6  <0.14285714285714285>}
x[19,0]{19  <0.16666666666666663>, 6  <0.16666666666666663>, 9  <0.16666666666666663>, 11  <0.16666666666666663>, 7  <0.16666666666666663>, 12  <0.16666666666666663>}
x[19,1]{7  <0.16666666666666666>, 1  <0.16666666666666666>, 19  <0.16666666666666666>, 16  <0.16666666666666666>, 11  <0.16666666666666666>, 5  <0.16666666666666666>}
x[19,2]{19  <0.16666666666666666>, 12  <0.16666666666666666>, 7  <0.16666666666666666>, 6  <0.16666666666666666>, 11  <0.16666666666666666>, 5  <0.16666666666666666>}
x[19,3]{13  <1.0>}
x[19,4]{17  <1.0>}
x[19,5]{19  <0.14285714285714285>, 1  <0.14285714285714285>, 9  <0.14285714285714285>, 12  <0.14285714285714285>, 16  <0.14285714285714285>, 5  <0.14285714285714285>, 6  <0.14285714285714285>}
x[19,6]{7  <0.25>, 1  <0.25>, 11  <0.25>, 3  <0.25>}
x[19,7]{9  <0.16666666666666663>, 1  <0.16666666666666663>, 19  <0.16666666666666663>, 6  <0.16666666666666663>, 12  <0.16666666666666663>, 7  <0.16666666666666663>}
x[19,8]{8  <1.0>}
x[19,9]{11  <0.16666666666666663>, 1  <0.16666666666666663>, 6  <0.16666666666666663>, 3  <0.16666666666666663>, 19  <0.16666666666666663>, 5  <0.16666666666666663>}
x[19,10]{2  <1.0>}
x[19,11]{16  <0.14285714285714285>, 1  <0.14285714285714285>, 12  <0.14285714285714285>, 3  <0.14285714285714285>, 7  <0.14285714285714285>, 5  <0.14285714285714285>, 11  <0.14285714285714285>}
x[19,12]{9  <0.3333333333333333>, 1  <0.3333333333333333>, 3  <0.3333333333333333>}
x[19,13]{0  <1.0>}
x[19,14]{10  <1.0>}
x[19,15]{15  <1.0>}
x[19,16]{14  <1.0>}
x[19,17]{4  <1.0>}
x[19,18]{12  <0.2>, 16  <0.2>, 9  <0.2>, 3  <0.2>, 11  <0.2>}
x[19,19]{18  <1.0>}
score{177  <0.006660645827651024>, 178  <0.00669827638193965>, 179  <0.006735907401889563>, 180  <0.006773537956178188>, 181  <0.006811168976128101>, 182  <0.006848799530416727>, 183  <0.00688643055036664>, 184  <0.006924061104655266>, 185  <0.0069616916589438915>, 186  <0.0069993226788938046>, 187  <0.00703695323318243>, 188  <0.007074584253132343>, 189  <0.007112214807420969>, 190  <0.007149845827370882>, 191  <0.007187476381659508>, 192  <0.007225107401609421>, 193  <0.0072627379558980465>, 194  <0.0073003689758479595>, 195  <0.007337999530136585>, 196  <0.007375630084425211>, 197  <0.007413261104375124>, 198  <0.00745089165866375>, 199  <0.007488522678613663>, 200  <0.0075261532329022884>, 201  <0.0075637842528522015>, 202  <0.007601414807140827>, 203  <0.00763904582709074>, 204  <0.007676676381379366>, 205  <0.007714307401329279>, 206  <0.007751937955617905>, 207  <0.007789568975567818>, 208  <0.007827199064195156>, 209  <0.007864830084145069>, 210  <0.007902461104094982>, 211  <0.007940092124044895>, 212  <0.007977722212672234>, 213  <0.008015353232622147>, 214  <0.00805298425257206>, 215  <0.008090615272521973>, 216  <0.008128245361149311>, 217  <0.008165876381099224>, 218  <0.008203507401049137>, 219  <0.008241137489676476>, 220  <0.008278768509626389>, 221  <0.008316399529576302>, 222  <0.008354030549526215>, 223  <0.008391660638153553>, 224  <0.008429291658103466>, 225  <0.008466922678053379>, 226  <0.008504553698003292>, 227  <0.00854218378663063>, 228  <0.008579814806580544>, 229  <0.008617445826530457>, 230  <0.00865507684648037>, 231  <0.008692706935107708>, 232  <0.008730337955057621>, 233  <0.008767968975007534>, 234  <0.008805599063634872>, 235  <0.008843230083584785>, 236  <0.008880861103534698>, 237  <0.008918492123484612>, 238  <0.00895612221211195>, 239  <0.008993753232061863>, 240  <0.009031384252011776>, 241  <0.009069015271961689>, 242  <0.009106645360589027>, 243  <0.00914427638053894>, 244  <0.009181907400488853>, 245  <0.009219537489116192>, 246  <0.009257168509066105>, 247  <0.009294799529016018>, 248  <0.009332430548965931>, 249  <0.00937006063759327>, 250  <0.009407691657543182>, 251  <0.009445322677493095>, 252  <0.009482953697443007>, 253  <0.009520583786070347>, 254  <0.00955821480602026>, 255  <0.009595845825970173>, 256  <0.009633475914597511>, 257  <0.009671106934547424>, 258  <0.009708737954497337>, 259  <0.00974636897444725>, 260  <0.009783999063074589>, 261  <0.009821630083024502>, 262  <0.009859261102974413>, 263  <0.009896892122924324>, 264  <0.009934522211551665>, 265  <0.009972153231501578>, 266  <0.010009784251451489>, 176  <0.006623014807701111>, 175  <0.006585384253412485>, 174  <0.006547753233462572>, 173  <0.006510122679173946>, 172  <0.006472492124885321>, 171  <0.006434861104935408>, 170  <0.006397230550646782>, 169  <0.006359599530696869>, 168  <0.006321968976408243>, 167  <0.00628433795645833>, 166  <0.0062467074021697044>, 165  <0.006209076382219791>, 164  <0.006171445827931166>, 163  <0.006133814807981253>, 162  <0.006096184253692627>, 161  <0.006058553699404001>, 160  <0.006020922679454088>, 159  <0.0059832921251654625>, 158  <0.0059456611052155495>, 157  <0.005908030550926924>, 270  <0.010160307399928565>, 269  <0.010122676379978652>, 268  <0.010085045360028739>, 267  <0.010047414340078826>, 156  <0.005870399530977011>, 155  <0.005832768976688385>, 154  <0.00579513795673847>, 153  <0.0057575074024498445>, 152  <0.0057198763824999315>, 151  <0.005682245828211306>, 150  <0.005644614808261394>, 149  <0.005606984253972768>, 142  <0.005343568976968525>, 143  <0.005381199531257151>, 144  <0.005418830551207064>, 145  <0.0054564611054956896>, 146  <0.005494092125445603>, 147  <0.005531722679734229>, 148  <0.005569353699684142>}
problem entropy = 0.9999942030397075
smallest variable entropy = 1.098409160826041
