{6  <7.0>, 4  <5.0>, 7  <8.0>}
model: sum-product-init
FINAL DAMPING FACTOR = 1.0
##### after BP iteration 1 #####
x[0,0]{4  <1.0>}
x[0,1]{2  <1.0>}
x[0,2]{3  <1.0>}
x[0,3]{7  <0.034944747570861766>, 6  <0.9650552524291383>}
x[0,4]{5  <1.0>}
x[0,5]{6  <0.1161202752686357>, 7  <0.8838797247313643>}
x[0,6]{0  <1.0>}
x[0,7]{1  <1.0>}
x[1,0]{6  <0.8302798106698522>, 7  <0.16972018933014785>}
x[1,1]{6  <0.2573448264407352>, 7  <0.7426551735592648>}
x[1,2]{4  <1.0>}
x[1,3]{1  <1.0>}
x[1,4]{2  <1.0>}
x[1,5]{0  <1.0>}
x[1,6]{3  <1.0>}
x[1,7]{5  <1.0>}
x[2,0]{1  <1.0>}
x[2,1]{0  <1.0>}
x[2,2]{5  <0.05579892999887545>, 7  <0.9442010700011246>}
x[2,3]{6  <1.168342471830988E-5>, 7  <0.0071186162797417536>, 5  <0.9928697002955399>}
x[2,4]{6  <0.9999948134153738>, 7  <5.186584626204998E-6>}
x[2,5]{3  <1.0>}
x[2,6]{4  <1.0>}
x[2,7]{2  <1.0>}
x[3,0]{6  <4.097951866916644E-6>, 5  <9.523160857956121E-5>, 2  <0.9998733030137918>, 7  <2.7367425761659402E-5>}
x[3,1]{4  <1.0>}
x[3,2]{7  <0.02133238123236943>, 5  <0.9780781040989908>, 2  <5.89514668639687E-4>}
x[3,3]{6  <0.07348058495752882>, 5  <0.04874383116066473>, 2  <7.268663613684607E-4>, 3  <0.028524575454987898>, 7  <0.8485241420654501>}
x[3,4]{6  <2.7513487386443774E-5>, 3  <0.9975130717988309>, 7  <0.0024594147137827656>}
x[3,5]{6  <0.9165659502005619>, 7  <0.0834340497994381>}
x[3,6]{1  <1.0>}
x[3,7]{0  <1.0>}
x[4,0]{3  <1.0>}
x[4,1]{5  <1.0>}
x[4,2]{0  <1.0>}
x[4,3]{4  <1.0>}
x[4,4]{1  <1.0>}
x[4,5]{2  <1.0>}
x[4,6]{6  <1.0>}
x[4,7]{7  <1.0>}
x[5,0]{0  <1.0>}
x[5,1]{1  <1.0>}
x[5,2]{6  <1.0>}
x[5,3]{7  <0.007807597852709295>, 3  <0.9921924021472907>}
x[5,4]{7  <0.9945963323843781>, 3  <0.00540357503848999>, 4  <9.257713187268179E-8>}
x[5,5]{5  <1.0>}
x[5,6]{2  <1.0>}
x[5,7]{3  <2.0723211043230255E-7>, 4  <0.9999997927678895>}
x[6,0]{2  <8.494968566200518E-5>, 5  <0.999915050314338>}
x[6,1]{3  <1.0>}
x[6,2]{1  <1.0>}
x[6,3]{2  <0.999649387141821>, 5  <3.5061285817893035E-4>}
x[6,4]{0  <1.0>}
x[6,5]{4  <1.0>}
x[6,6]{7  <1.0>}
x[6,7]{6  <1.0>}
x[7,0]{7  <0.7465968507925697>, 6  <0.25324079874566946>, 2  <1.6235046176096043E-4>}
x[7,1]{7  <0.23524515472006824>, 6  <0.7647548452799318>}
x[7,2]{7  <2.881888210527917E-4>, 2  <0.9997118111789473>}
x[7,3]{0  <1.0>}
x[7,4]{4  <0.9999999905085365>, 3  <9.491463481347194E-9>}
x[7,5]{1  <1.0>}
x[7,6]{5  <1.0>}
x[7,7]{3  <0.9999999082457739>, 4  <9.175422608804898E-8>}
problem entropy = 0.22129531619882117
smallest variable entropy = 1.8482606315442102E-7
### branching on x[7,4]=4 marginal=0.9999999905085365
### branching on x[2,4]=6 marginal=0.9999948134153738
##### after BP iteration 1 #####
x[0,0]{4  <1.0>}
x[0,1]{2  <1.0>}
x[0,2]{3  <1.0>}
x[0,3]{7  <0.10263332126156659>, 6  <0.8973666787384335>}
x[0,4]{5  <1.0>}
x[0,5]{6  <0.02494197251326719>, 7  <0.9750580274867328>}
x[0,6]{0  <1.0>}
x[0,7]{1  <1.0>}
x[1,0]{6  <0.7594069222465388>, 7  <0.24059307775346128>}
x[1,1]{6  <0.21781350900863658>, 7  <0.7821864909913635>}
x[1,2]{4  <1.0>}
x[1,3]{1  <1.0>}
x[1,4]{2  <1.0>}
x[1,5]{0  <1.0>}
x[1,6]{3  <1.0>}
x[1,7]{5  <1.0>}
x[2,0]{1  <1.0>}
x[2,1]{0  <1.0>}
x[2,2]{5  <0.00379408290207418>, 7  <0.9962059170979257>}
x[2,3]{5  <0.9659106663862321>, 7  <0.03408933361376782>}
x[2,4]{6  <1.0>}
x[2,5]{3  <1.0>}
x[2,6]{4  <1.0>}
x[2,7]{2  <1.0>}
x[3,0]{6  <3.9703973839240004E-5>, 5  <1.8928633563844216E-4>, 2  <0.9993790551106599>, 7  <3.9195457986226E-4>}
x[3,1]{4  <1.0>}
x[3,2]{7  <0.042695886141270435>, 5  <0.9572796873365486>, 2  <2.4426522180940865E-5>}
x[3,3]{6  <0.09914110092442639>, 5  <0.02045016056289872>, 2  <1.4118919504312719E-5>, 3  <0.0010954060137351317>, 7  <0.8792992135794354>}
x[3,4]{7  <0.008574103140170639>, 3  <0.9914258968598293>}
x[3,5]{6  <0.9260008653889511>, 7  <0.07399913461104889>}
x[3,6]{1  <1.0>}
x[3,7]{0  <1.0>}
x[4,0]{3  <1.0>}
x[4,1]{5  <1.0>}
x[4,2]{0  <1.0>}
x[4,3]{4  <1.0>}
x[4,4]{1  <1.0>}
x[4,5]{2  <1.0>}
x[4,6]{6  <1.0>}
x[4,7]{7  <1.0>}
x[5,0]{0  <1.0>}
x[5,1]{1  <1.0>}
x[5,2]{6  <1.0>}
x[5,3]{7  <0.00811563102436313>, 3  <0.9918843689756368>}
x[5,4]{7  <0.9922732376182459>, 3  <0.007726762381754077>}
x[5,5]{5  <1.0>}
x[5,6]{2  <1.0>}
x[5,7]{4  <1.0>}
x[6,0]{2  <1.1637360205377415E-4>, 5  <0.9998836263979463>}
x[6,1]{3  <1.0>}
x[6,2]{1  <1.0>}
x[6,3]{2  <0.9999742304410378>, 5  <2.5769558962157766E-5>}
x[6,4]{0  <1.0>}
x[6,5]{4  <1.0>}
x[6,6]{7  <1.0>}
x[6,7]{6  <1.0>}
x[7,0]{7  <0.8349235778263667>, 6  <0.16496346027410683>, 2  <1.1296189952637413E-4>}
x[7,1]{7  <0.24502014235577868>, 6  <0.7549798576442213>}
x[7,2]{7  <4.305583732123699E-5>, 2  <0.9999569441626788>}
x[7,3]{0  <1.0>}
x[7,4]{4  <1.0>}
x[7,5]{1  <1.0>}
x[7,6]{5  <1.0>}
x[7,7]{3  <1.0>}
problem entropy = 0.2599999900087356
smallest variable entropy = 2.980585467934891E-4
### branching on x[6,3]=2 marginal=0.9999742304410378
### branching on x[7,2]=2 marginal=0.9999569441626788
##### after BP iteration 1 #####
x[0,0]{4  <1.0>}
x[0,1]{2  <1.0>}
x[0,2]{3  <1.0>}
x[0,3]{7  <0.071732575561486>, 6  <0.928267424438514>}
x[0,4]{5  <1.0>}
x[0,5]{6  <0.06504438356573583>, 7  <0.9349556164342642>}
x[0,6]{0  <1.0>}
x[0,7]{1  <1.0>}
x[1,0]{6  <0.7879242660131776>, 7  <0.21207573398682242>}
x[1,1]{6  <0.22882347188935193>, 7  <0.7711765281106482>}
x[1,2]{4  <1.0>}
x[1,3]{1  <1.0>}
x[1,4]{2  <1.0>}
x[1,5]{0  <1.0>}
x[1,6]{3  <1.0>}
x[1,7]{5  <1.0>}
x[2,0]{1  <1.0>}
x[2,1]{0  <1.0>}
x[2,2]{5  <0.02594483473513912>, 7  <0.9740551652648609>}
x[2,3]{5  <0.9892248111847641>, 7  <0.010775188815235917>}
x[2,4]{6  <1.0>}
x[2,5]{3  <1.0>}
x[2,6]{4  <1.0>}
x[2,7]{2  <1.0>}
x[3,0]{2  <1.0>}
x[3,1]{4  <1.0>}
x[3,2]{7  <0.003653353447499037>, 5  <0.9963466465525009>}
x[3,3]{6  <0.09988053317111215>, 5  <0.028882968297339103>, 7  <0.8688762254586679>, 3  <0.002360273072880882>}
x[3,4]{7  <0.0034874009285106745>, 3  <0.9965125990714894>}
x[3,5]{6  <0.9701193379763317>, 7  <0.029880662023668375>}
x[3,6]{1  <1.0>}
x[3,7]{0  <1.0>}
x[4,0]{3  <1.0>}
x[4,1]{5  <1.0>}
x[4,2]{0  <1.0>}
x[4,3]{4  <1.0>}
x[4,4]{1  <1.0>}
x[4,5]{2  <1.0>}
x[4,6]{6  <1.0>}
x[4,7]{7  <1.0>}
x[5,0]{0  <1.0>}
x[5,1]{1  <1.0>}
x[5,2]{6  <1.0>}
x[5,3]{7  <0.001060017231779836>, 3  <0.9989399827682202>}
x[5,4]{7  <0.9871431231802277>, 3  <0.012856876819772356>}
x[5,5]{5  <1.0>}
x[5,6]{2  <1.0>}
x[5,7]{4  <1.0>}
x[6,0]{5  <1.0>}
x[6,1]{3  <1.0>}
x[6,2]{1  <1.0>}
x[6,3]{2  <1.0>}
x[6,4]{0  <1.0>}
x[6,5]{4  <1.0>}
x[6,6]{7  <1.0>}
x[6,7]{6  <1.0>}
x[7,0]{7  <0.7673390142393435>, 6  <0.23266098576065655>}
x[7,1]{7  <0.1517239937827206>, 6  <0.8482760062172794>}
x[7,2]{2  <1.0>}
x[7,3]{0  <1.0>}
x[7,4]{4  <1.0>}
x[7,5]{1  <1.0>}
x[7,6]{5  <1.0>}
x[7,7]{3  <1.0>}
problem entropy = 0.32919383708989086
smallest variable entropy = 0.008320011564927263
##### after BP iteration 2 #####
x[0,0]{4  <1.0>}
x[0,1]{2  <1.0>}
x[0,2]{3  <1.0>}
x[0,3]{7  <0.06437881391406176>, 6  <0.9356211860859381>}
x[0,4]{5  <1.0>}
x[0,5]{6  <0.08512727187293602>, 7  <0.914872728127064>}
x[0,6]{0  <1.0>}
x[0,7]{1  <1.0>}
x[1,0]{6  <0.77883359751092>, 7  <0.22116640248908007>}
x[1,1]{6  <0.14739911166110334>, 7  <0.8526008883388967>}
x[1,2]{4  <1.0>}
x[1,3]{1  <1.0>}
x[1,4]{2  <1.0>}
x[1,5]{0  <1.0>}
x[1,6]{3  <1.0>}
x[1,7]{5  <1.0>}
x[2,0]{1  <1.0>}
x[2,1]{0  <1.0>}
x[2,2]{5  <0.01037821500015389>, 7  <0.9896217849998461>}
x[2,3]{5  <0.9771145016939028>, 7  <0.022885498306097252>}
x[2,4]{6  <1.0>}
x[2,5]{3  <1.0>}
x[2,6]{4  <1.0>}
x[2,7]{2  <1.0>}
x[3,0]{2  <1.0>}
x[3,1]{4  <1.0>}
x[3,2]{7  <0.01869082292085215>, 5  <0.9813091770791479>}
x[3,3]{6  <0.02176399465275564>, 5  <0.002083101584804703>, 7  <0.9723670267084222>, 3  <0.003785877054017276>}
x[3,4]{7  <0.003909587429990283>, 3  <0.9960904125700097>}
x[3,5]{6  <0.9098535143821663>, 7  <0.09014648561783373>}
x[3,6]{1  <1.0>}
x[3,7]{0  <1.0>}
x[4,0]{3  <1.0>}
x[4,1]{5  <1.0>}
x[4,2]{0  <1.0>}
x[4,3]{4  <1.0>}
x[4,4]{1  <1.0>}
x[4,5]{2  <1.0>}
x[4,6]{6  <1.0>}
x[4,7]{7  <1.0>}
x[5,0]{0  <1.0>}
x[5,1]{1  <1.0>}
x[5,2]{6  <1.0>}
x[5,3]{7  <0.003976329725802637>, 3  <0.9960236702741975>}
x[5,4]{7  <0.999523328407932>, 3  <4.7667159206807807E-4>}
x[5,5]{5  <1.0>}
x[5,6]{2  <1.0>}
x[5,7]{4  <1.0>}
x[6,0]{5  <1.0>}
x[6,1]{3  <1.0>}
x[6,2]{1  <1.0>}
x[6,3]{2  <1.0>}
x[6,4]{0  <1.0>}
x[6,5]{4  <1.0>}
x[6,6]{7  <1.0>}
x[6,7]{6  <1.0>}
x[7,0]{7  <0.8040788967438086>, 6  <0.1959211032561913>}
x[7,1]{7  <0.21704642650531655>, 6  <0.7829535734946834>}
x[7,2]{2  <1.0>}
x[7,3]{0  <1.0>}
x[7,4]{4  <1.0>}
x[7,5]{1  <1.0>}
x[7,6]{5  <1.0>}
x[7,7]{3  <1.0>}
problem entropy = 0.3281966615109279
smallest variable entropy = 0.004122467769043223
##### after BP iteration 3 #####
x[0,0]{4  <1.0>}
x[0,1]{2  <1.0>}
x[0,2]{3  <1.0>}
x[0,3]{7  <0.025945706312459977>, 6  <0.97405429368754>}
x[0,4]{5  <1.0>}
x[0,5]{6  <0.08924857662656545>, 7  <0.9107514233734345>}
x[0,6]{0  <1.0>}
x[0,7]{1  <1.0>}
x[1,0]{6  <0.86467499924344>, 7  <0.1353250007565599>}
x[1,1]{6  <0.20967629935283402>, 7  <0.790323700647166>}
x[1,2]{4  <1.0>}
x[1,3]{1  <1.0>}
x[1,4]{2  <1.0>}
x[1,5]{0  <1.0>}
x[1,6]{3  <1.0>}
x[1,7]{5  <1.0>}
x[2,0]{1  <1.0>}
x[2,1]{0  <1.0>}
x[2,2]{5  <0.0164723923127497>, 7  <0.9835276076872503>}
x[2,3]{5  <0.9980027727953888>, 7  <0.0019972272046110667>}
x[2,4]{6  <1.0>}
x[2,5]{3  <1.0>}
x[2,6]{4  <1.0>}
x[2,7]{2  <1.0>}
x[3,0]{2  <1.0>}
x[3,1]{4  <1.0>}
x[3,2]{7  <0.005729339534041657>, 5  <0.9942706604659584>}
x[3,3]{6  <0.056240846968671564>, 5  <0.013842510887569041>, 7  <0.9239000530107309>, 3  <0.006016589133028588>}
x[3,4]{7  <4.962968695858273E-4>, 3  <0.9995037031304141>}
x[3,5]{6  <0.9373465293956705>, 7  <0.0626534706043294>}
x[3,6]{1  <1.0>}
x[3,7]{0  <1.0>}
x[4,0]{3  <1.0>}
x[4,1]{5  <1.0>}
x[4,2]{0  <1.0>}
x[4,3]{4  <1.0>}
x[4,4]{1  <1.0>}
x[4,5]{2  <1.0>}
x[4,6]{6  <1.0>}
x[4,7]{7  <1.0>}
x[5,0]{0  <1.0>}
x[5,1]{1  <1.0>}
x[5,2]{6  <1.0>}
x[5,3]{7  <0.0017017633713398974>, 3  <0.9982982366286601>}
x[5,4]{7  <0.9987983793849731>, 3  <0.0012016206150269268>}
x[5,5]{5  <1.0>}
x[5,6]{2  <1.0>}
x[5,7]{4  <1.0>}
x[6,0]{5  <1.0>}
x[6,1]{3  <1.0>}
x[6,2]{1  <1.0>}
x[6,3]{2  <1.0>}
x[6,4]{0  <1.0>}
x[6,5]{4  <1.0>}
x[6,6]{7  <1.0>}
x[6,7]{6  <1.0>}
x[7,0]{7  <0.7938839379814103>, 6  <0.20611606201858973>}
x[7,1]{7  <0.19061948822310806>, 6  <0.809380511776892>}
x[7,2]{2  <1.0>}
x[7,3]{0  <1.0>}
x[7,4]{4  <1.0>}
x[7,5]{1  <1.0>}
x[7,6]{5  <1.0>}
x[7,7]{3  <1.0>}
problem entropy = 0.29713667010440975
smallest variable entropy = 0.004272167173872437
##### after BP iteration 4 #####
x[0,0]{4  <1.0>}
x[0,1]{2  <1.0>}
x[0,2]{3  <1.0>}
x[0,3]{7  <0.07908351041464223>, 6  <0.9209164895853578>}
x[0,4]{5  <1.0>}
x[0,5]{6  <0.01877533577428541>, 7  <0.9812246642257145>}
x[0,6]{0  <1.0>}
x[0,7]{1  <1.0>}
x[1,0]{6  <0.8047881217342259>, 7  <0.1952118782657741>}
x[1,1]{6  <0.17573473320029667>, 7  <0.8242652667997032>}
x[1,2]{4  <1.0>}
x[1,3]{1  <1.0>}
x[1,4]{2  <1.0>}
x[1,5]{0  <1.0>}
x[1,6]{3  <1.0>}
x[1,7]{5  <1.0>}
x[2,0]{1  <1.0>}
x[2,1]{0  <1.0>}
x[2,2]{5  <0.0010984111902500363>, 7  <0.9989015888097499>}
x[2,3]{5  <0.9901211711510889>, 7  <0.009878828848911133>}
x[2,4]{6  <1.0>}
x[2,5]{3  <1.0>}
x[2,6]{4  <1.0>}
x[2,7]{2  <1.0>}
x[3,0]{2  <1.0>}
x[3,1]{4  <1.0>}
x[3,2]{7  <0.012167914945347967>, 5  <0.9878320850546521>}
x[3,3]{6  <0.0748626189933735>, 5  <0.005424064843798131>, 7  <0.9194940633016923>, 3  <2.1925286113596497E-4>}
x[3,4]{7  <0.0018458922706234716>, 3  <0.9981541077293765>}
x[3,5]{6  <0.9438468465987099>, 7  <0.056153153401290096>}
x[3,6]{1  <1.0>}
x[3,7]{0  <1.0>}
x[4,0]{3  <1.0>}
x[4,1]{5  <1.0>}
x[4,2]{0  <1.0>}
x[4,3]{4  <1.0>}
x[4,4]{1  <1.0>}
x[4,5]{2  <1.0>}
x[4,6]{6  <1.0>}
x[4,7]{7  <1.0>}
x[5,0]{0  <1.0>}
x[5,1]{1  <1.0>}
x[5,2]{6  <1.0>}
x[5,3]{7  <0.0018129890463820819>, 3  <0.998187010953618>}
x[5,4]{7  <0.9982282619098226>, 3  <0.001771738090177436>}
x[5,5]{5  <1.0>}
x[5,6]{2  <1.0>}
x[5,7]{4  <1.0>}
x[6,0]{5  <1.0>}
x[6,1]{3  <1.0>}
x[6,2]{1  <1.0>}
x[6,3]{2  <1.0>}
x[6,4]{0  <1.0>}
x[6,5]{4  <1.0>}
x[6,6]{7  <1.0>}
x[6,7]{6  <1.0>}
x[7,0]{7  <0.8686048359900813>, 6  <0.1313951640099188>}
x[7,1]{7  <0.1990227452505146>, 6  <0.8009772547494853>}
x[7,2]{2  <1.0>}
x[7,3]{0  <1.0>}
x[7,4]{4  <1.0>}
x[7,5]{1  <1.0>}
x[7,6]{5  <1.0>}
x[7,7]{3  <1.0>}
problem entropy = 0.2836758619767147
smallest variable entropy = 0.00858226130736531
##### after BP iteration 5 #####
x[0,0]{4  <1.0>}
x[0,1]{2  <1.0>}
x[0,2]{3  <1.0>}
x[0,3]{7  <0.054833481113555474>, 6  <0.9451665188864445>}
x[0,4]{5  <1.0>}
x[0,5]{6  <0.04955243850474957>, 7  <0.9504475614952503>}
x[0,6]{0  <1.0>}
x[0,7]{1  <1.0>}
x[1,0]{6  <0.8291367137829285>, 7  <0.17086328621707156>}
x[1,1]{6  <0.1851211085013683>, 7  <0.8148788914986318>}
x[1,2]{4  <1.0>}
x[1,3]{1  <1.0>}
x[1,4]{2  <1.0>}
x[1,5]{0  <1.0>}
x[1,6]{3  <1.0>}
x[1,7]{5  <1.0>}
x[2,0]{1  <1.0>}
x[2,1]{0  <1.0>}
x[2,2]{5  <0.007284584671052306>, 7  <0.9927154153289477>}
x[2,3]{5  <0.997056239074528>, 7  <0.0029437609254720125>}
x[2,4]{6  <1.0>}
x[2,5]{3  <1.0>}
x[2,6]{4  <1.0>}
x[2,7]{2  <1.0>}
x[3,0]{2  <1.0>}
x[3,1]{4  <1.0>}
x[3,2]{7  <0.001048952685196827>, 5  <0.9989510473148032>}
x[3,3]{6  <0.07825120752907451>, 5  <0.008597539977193633>, 7  <0.9126022919877844>, 3  <5.489605059474543E-4>}
x[3,4]{7  <7.895120157604592E-4>, 3  <0.9992104879842395>}
x[3,5]{6  <0.9773907294783912>, 7  <0.02260927052160884>}
x[3,6]{1  <1.0>}
x[3,7]{0  <1.0>}
x[4,0]{3  <1.0>}
x[4,1]{5  <1.0>}
x[4,2]{0  <1.0>}
x[4,3]{4  <1.0>}
x[4,4]{1  <1.0>}
x[4,5]{2  <1.0>}
x[4,6]{6  <1.0>}
x[4,7]{7  <1.0>}
x[5,0]{0  <1.0>}
x[5,1]{1  <1.0>}
x[5,2]{6  <1.0>}
x[5,3]{7  <2.2456599650813312E-4>, 3  <0.9997754340034919>}
x[5,4]{7  <0.997215856263389>, 3  <0.0027841437366109955>}
x[5,5]{5  <1.0>}
x[5,6]{2  <1.0>}
x[5,7]{4  <1.0>}
x[6,0]{5  <1.0>}
x[6,1]{3  <1.0>}
x[6,2]{1  <1.0>}
x[6,3]{2  <1.0>}
x[6,4]{0  <1.0>}
x[6,5]{4  <1.0>}
x[6,6]{7  <1.0>}
x[6,7]{6  <1.0>}
x[7,0]{7  <0.81159523636381>, 6  <0.1884047636361899>}
x[7,1]{7  <0.12044680872217152>, 6  <0.8795531912778284>}
x[7,2]{2  <1.0>}
x[7,3]{0  <1.0>}
x[7,4]{4  <1.0>}
x[7,5]{1  <1.0>}
x[7,6]{5  <1.0>}
x[7,7]{3  <1.0>}
problem entropy = 0.2647189017574734
smallest variable entropy = 0.0021111962760326265
##### after BP iteration 6 #####
x[0,0]{4  <1.0>}
x[0,1]{2  <1.0>}
x[0,2]{3  <1.0>}
x[0,3]{7  <0.04927660645735029>, 6  <0.9507233935426497>}
x[0,4]{5  <1.0>}
x[0,5]{6  <0.06553870915153945>, 7  <0.9344612908484605>}
x[0,6]{0  <1.0>}
x[0,7]{1  <1.0>}
x[1,0]{6  <0.8214122191030101>, 7  <0.17858778089698985>}
x[1,1]{6  <0.11689062638684403>, 7  <0.8831093736131559>}
x[1,2]{4  <1.0>}
x[1,3]{1  <1.0>}
x[1,4]{2  <1.0>}
x[1,5]{0  <1.0>}
x[1,6]{3  <1.0>}
x[1,7]{5  <1.0>}
x[2,0]{1  <1.0>}
x[2,1]{0  <1.0>}
x[2,2]{5  <0.002811445142372975>, 7  <0.997188554857627>}
x[2,3]{5  <0.9934561009893598>, 7  <0.006543899010640254>}
x[2,4]{6  <1.0>}
x[2,5]{3  <1.0>}
x[2,6]{4  <1.0>}
x[2,7]{2  <1.0>}
x[3,0]{2  <1.0>}
x[3,1]{4  <1.0>}
x[3,2]{7  <0.005424077253474255>, 5  <0.9945759227465257>}
x[3,3]{6  <0.016442711055842038>, 5  <6.074504907371281E-4>, 7  <0.9820783015510967>, 3  <8.715369023242636E-4>}
x[3,4]{7  <8.814234628954639E-4>, 3  <0.9991185765371046>}
x[3,5]{6  <0.9302834926942242>, 7  <0.06971650730577579>}
x[3,6]{1  <1.0>}
x[3,7]{0  <1.0>}
x[4,0]{3  <1.0>}
x[4,1]{5  <1.0>}
x[4,2]{0  <1.0>}
x[4,3]{4  <1.0>}
x[4,4]{1  <1.0>}
x[4,5]{2  <1.0>}
x[4,6]{6  <1.0>}
x[4,7]{7  <1.0>}
x[5,0]{0  <1.0>}
x[5,1]{1  <1.0>}
x[5,2]{6  <1.0>}
x[5,3]{7  <8.753968457792841E-4>, 3  <0.9991246031542207>}
x[5,4]{7  <0.9999000160683923>, 3  <9.998393160774401E-5>}
x[5,5]{5  <1.0>}
x[5,6]{2  <1.0>}
x[5,7]{4  <1.0>}
x[6,0]{5  <1.0>}
x[6,1]{3  <1.0>}
x[6,2]{1  <1.0>}
x[6,3]{2  <1.0>}
x[6,4]{0  <1.0>}
x[6,5]{4  <1.0>}
x[6,6]{7  <1.0>}
x[6,7]{6  <1.0>}
x[7,0]{7  <0.8427784475020449>, 6  <0.15722155249795516>}
x[7,1]{7  <0.17508267060512928>, 6  <0.8249173293948707>}
x[7,2]{2  <1.0>}
x[7,3]{0  <1.0>}
x[7,4]{4  <1.0>}
x[7,5]{1  <1.0>}
x[7,6]{5  <1.0>}
x[7,7]{3  <1.0>}
problem entropy = 0.26541660506672593
smallest variable entropy = 0.001020881041984752
##### after BP iteration 7 #####
x[0,0]{4  <1.0>}
x[0,1]{2  <1.0>}
x[0,2]{3  <1.0>}
x[0,3]{7  <0.01978305147680787>, 6  <0.9802169485231922>}
x[0,4]{5  <1.0>}
x[0,5]{6  <0.06933662089523929>, 7  <0.9306633791047607>}
x[0,6]{0  <1.0>}
x[0,7]{1  <1.0>}
x[1,0]{6  <0.8929980367429349>, 7  <0.10700196325706512>}
x[1,1]{6  <0.16883022040287235>, 7  <0.8311697795971277>}
x[1,2]{4  <1.0>}
x[1,3]{1  <1.0>}
x[1,4]{2  <1.0>}
x[1,5]{0  <1.0>}
x[1,6]{3  <1.0>}
x[1,7]{5  <1.0>}
x[2,0]{1  <1.0>}
x[2,1]{0  <1.0>}
x[2,2]{5  <0.004871636853353063>, 7  <0.9951283631466469>}
x[2,3]{5  <0.9994205501257414>, 7  <5.794498742585827E-4>}
x[2,4]{6  <1.0>}
x[2,5]{3  <1.0>}
x[2,6]{4  <1.0>}
x[2,7]{2  <1.0>}
x[3,0]{2  <1.0>}
x[3,1]{4  <1.0>}
x[3,2]{7  <0.0015855724838102624>, 5  <0.9984144275161898>}
x[3,3]{6  <0.04339935952006276>, 5  <0.00392681963033805>, 7  <0.9513457816979803>, 3  <0.0013280391516188154>}
x[3,4]{7  <1.0721428279202961E-4>, 3  <0.999892785717208>}
x[3,5]{6  <0.9518280476277926>, 7  <0.048171952372207415>}
x[3,6]{1  <1.0>}
x[3,7]{0  <1.0>}
x[4,0]{3  <1.0>}
x[4,1]{5  <1.0>}
x[4,2]{0  <1.0>}
x[4,3]{4  <1.0>}
x[4,4]{1  <1.0>}
x[4,5]{2  <1.0>}
x[4,6]{6  <1.0>}
x[4,7]{7  <1.0>}
x[5,0]{0  <1.0>}
x[5,1]{1  <1.0>}
x[5,2]{6  <1.0>}
x[5,3]{7  <3.8791571835209457E-4>, 3  <0.9996120842816479>}
x[5,4]{7  <0.9997232228708937>, 3  <2.7677712910636354E-4>}
x[5,5]{5  <1.0>}
x[5,6]{2  <1.0>}
x[5,7]{4  <1.0>}
x[6,0]{5  <1.0>}
x[6,1]{3  <1.0>}
x[6,2]{1  <1.0>}
x[6,3]{2  <1.0>}
x[6,4]{0  <1.0>}
x[6,5]{4  <1.0>}
x[6,6]{7  <1.0>}
x[6,7]{6  <1.0>}
x[7,0]{7  <0.834181978057362>, 6  <0.165818021942638>}
x[7,1]{7  <0.15276818469830877>, 6  <0.8472318153016912>}
x[7,2]{2  <1.0>}
x[7,3]{0  <1.0>}
x[7,4]{4  <1.0>}
x[7,5]{1  <1.0>}
x[7,6]{5  <1.0>}
x[7,7]{3  <1.0>}
problem entropy = 0.24471813929433692
smallest variable entropy = 0.0010872201017016088
##### after BP iteration 8 #####
x[0,0]{4  <1.0>}
x[0,1]{2  <1.0>}
x[0,2]{3  <1.0>}
x[0,3]{7  <0.061392258543105385>, 6  <0.9386077414568946>}
x[0,4]{5  <1.0>}
x[0,5]{6  <0.014354595462493628>, 7  <0.9856454045375064>}
x[0,6]{0  <1.0>}
x[0,7]{1  <1.0>}
x[1,0]{6  <0.8433748699641939>, 7  <0.15662513003580625>}
x[1,1]{6  <0.14032665526031993>, 7  <0.8596733447396802>}
x[1,2]{4  <1.0>}
x[1,3]{1  <1.0>}
x[1,4]{2  <1.0>}
x[1,5]{0  <1.0>}
x[1,6]{3  <1.0>}
x[1,7]{5  <1.0>}
x[2,0]{1  <1.0>}
x[2,1]{0  <1.0>}
x[2,2]{5  <3.2647408430847783E-4>, 7  <0.9996735259156915>}
x[2,3]{5  <0.997100096745721>, 7  <0.0028999032542790576>}
x[2,4]{6  <1.0>}
x[2,5]{3  <1.0>}
x[2,6]{4  <1.0>}
x[2,7]{2  <1.0>}
x[3,0]{2  <1.0>}
x[3,1]{4  <1.0>}
x[3,2]{7  <0.003510972492245156>, 5  <0.9964890275077549>}
x[3,3]{6  <0.05773107070389529>, 5  <0.0014919004573852965>, 7  <0.9407299951943603>, 3  <4.703364435911401E-5>}
x[3,4]{7  <4.153373867765724E-4>, 3  <0.9995846626132234>}
x[3,5]{6  <0.9567467841862851>, 7  <0.043253215813714864>}
x[3,6]{1  <1.0>}
x[3,7]{0  <1.0>}
x[4,0]{3  <1.0>}
x[4,1]{5  <1.0>}
x[4,2]{0  <1.0>}
x[4,3]{4  <1.0>}
x[4,4]{1  <1.0>}
x[4,5]{2  <1.0>}
x[4,6]{6  <1.0>}
x[4,7]{7  <1.0>}
x[5,0]{0  <1.0>}
x[5,1]{1  <1.0>}
x[5,2]{6  <1.0>}
x[5,3]{7  <4.1725402807964114E-4>, 3  <0.9995827459719204>}
x[5,4]{7  <0.9995840407672747>, 3  <4.159592327252777E-4>}
x[5,5]{5  <1.0>}
x[5,6]{2  <1.0>}
x[5,7]{4  <1.0>}
x[6,0]{5  <1.0>}
x[6,1]{3  <1.0>}
x[6,2]{1  <1.0>}
x[6,3]{2  <1.0>}
x[6,4]{0  <1.0>}
x[6,5]{4  <1.0>}
x[6,6]{7  <1.0>}
x[6,7]{6  <1.0>}
x[7,0]{7  <0.8962041060286752>, 6  <0.10379589397132484>}
x[7,1]{7  <0.15983232071896822>, 6  <0.8401676792810319>}
x[7,2]{2  <1.0>}
x[7,3]{0  <1.0>}
x[7,4]{4  <1.0>}
x[7,5]{1  <1.0>}
x[7,6]{5  <1.0>}
x[7,7]{3  <1.0>}
problem entropy = 0.23388913574010806
smallest variable entropy = 0.0029470804920816445
##### after BP iteration 9 #####
x[0,0]{4  <1.0>}
x[0,1]{2  <1.0>}
x[0,2]{3  <1.0>}
x[0,3]{7  <0.04231437233402085>, 6  <0.9576856276659791>}
x[0,4]{5  <1.0>}
x[0,5]{6  <0.038174817205369166>, 7  <0.9618251827946308>}
x[0,6]{0  <1.0>}
x[0,7]{1  <1.0>}
x[1,0]{6  <0.8637255381186864>, 7  <0.13627446188131356>}
x[1,1]{6  <0.1481617553497641>, 7  <0.8518382446502358>}
x[1,2]{4  <1.0>}
x[1,3]{1  <1.0>}
x[1,4]{2  <1.0>}
x[1,5]{0  <1.0>}
x[1,6]{3  <1.0>}
x[1,7]{5  <1.0>}
x[2,0]{1  <1.0>}
x[2,1]{0  <1.0>}
x[2,2]{5  <0.002088794684106348>, 7  <0.9979112053158936>}
x[2,3]{5  <0.9991688878139297>, 7  <8.311121860703047E-4>}
x[2,4]{6  <1.0>}
x[2,5]{3  <1.0>}
x[2,6]{4  <1.0>}
x[2,7]{2  <1.0>}
x[3,0]{2  <1.0>}
x[3,1]{4  <1.0>}
x[3,2]{7  <3.092488263277919E-4>, 5  <0.9996907511736722>}
x[3,3]{6  <0.061034251683007475>, 5  <0.002578183668337672>, 7  <0.9362579613821076>, 3  <1.2960326654719594E-4>}
x[3,4]{7  <1.8368138918797058E-4>, 3  <0.999816318610812>}
x[3,5]{6  <0.982682573193195>, 7  <0.017317426806805033>}
x[3,6]{1  <1.0>}
x[3,7]{0  <1.0>}
x[4,0]{3  <1.0>}
x[4,1]{5  <1.0>}
x[4,2]{0  <1.0>}
x[4,3]{4  <1.0>}
x[4,4]{1  <1.0>}
x[4,5]{2  <1.0>}
x[4,6]{6  <1.0>}
x[4,7]{7  <1.0>}
x[5,0]{0  <1.0>}
x[5,1]{1  <1.0>}
x[5,2]{6  <1.0>}
x[5,3]{7  <4.9821533248388686E-5>, 3  <0.9999501784667516>}
x[5,4]{7  <0.9993739041654988>, 3  <6.260958345012715E-4>}
x[5,5]{5  <1.0>}
x[5,6]{2  <1.0>}
x[5,7]{4  <1.0>}
x[6,0]{5  <1.0>}
x[6,1]{3  <1.0>}
x[6,2]{1  <1.0>}
x[6,3]{2  <1.0>}
x[6,4]{0  <1.0>}
x[6,5]{4  <1.0>}
x[6,6]{7  <1.0>}
x[6,7]{6  <1.0>}
x[7,0]{7  <0.8490887599067091>, 6  <0.1509112400932909>}
x[7,1]{7  <0.09489597480104514>, 6  <0.9051040251989548>}
x[7,2]{2  <1.0>}
x[7,3]{0  <1.0>}
x[7,4]{4  <1.0>}
x[7,5]{1  <1.0>}
x[7,6]{5  <1.0>}
x[7,7]{3  <1.0>}
problem entropy = 0.22020568018296335
smallest variable entropy = 5.434053743770486E-4
### branching on x[5,3]=3 marginal=0.9999501784667516
### branching on x[3,2]=5 marginal=0.9996907511736722
##### after BP iteration 1 #####
x[0,0]{4  <1.0>}
x[0,1]{2  <1.0>}
x[0,2]{3  <1.0>}
x[0,3]{7  <0.03805229937664374>, 6  <0.9619477006233562>}
x[0,4]{5  <1.0>}
x[0,5]{6  <0.05075103633354316>, 7  <0.9492489636664568>}
x[0,6]{0  <1.0>}
x[0,7]{1  <1.0>}
x[1,0]{6  <0.8572956228998182>, 7  <0.14270437710018177>}
x[1,1]{6  <0.09201525796990781>, 7  <0.9079847420300923>}
x[1,2]{4  <1.0>}
x[1,3]{1  <1.0>}
x[1,4]{2  <1.0>}
x[1,5]{0  <1.0>}
x[1,6]{3  <1.0>}
x[1,7]{5  <1.0>}
x[2,0]{1  <1.0>}
x[2,1]{0  <1.0>}
x[2,2]{7  <1.0>}
x[2,3]{5  <1.0>}
x[2,4]{6  <1.0>}
x[2,5]{3  <1.0>}
x[2,6]{4  <1.0>}
x[2,7]{2  <1.0>}
x[3,0]{2  <1.0>}
x[3,1]{4  <1.0>}
x[3,2]{5  <1.0>}
x[3,3]{6  <0.01258284874261517>, 7  <0.9874171512573848>}
x[3,4]{3  <1.0>}
x[3,5]{6  <0.9458663503982537>, 7  <0.05413364960174624>}
x[3,6]{1  <1.0>}
x[3,7]{0  <1.0>}
x[4,0]{3  <1.0>}
x[4,1]{5  <1.0>}
x[4,2]{0  <1.0>}
x[4,3]{4  <1.0>}
x[4,4]{1  <1.0>}
x[4,5]{2  <1.0>}
x[4,6]{6  <1.0>}
x[4,7]{7  <1.0>}
x[5,0]{0  <1.0>}
x[5,1]{1  <1.0>}
x[5,2]{6  <1.0>}
x[5,3]{3  <1.0>}
x[5,4]{7  <1.0>}
x[5,5]{5  <1.0>}
x[5,6]{2  <1.0>}
x[5,7]{4  <1.0>}
x[6,0]{5  <1.0>}
x[6,1]{3  <1.0>}
x[6,2]{1  <1.0>}
x[6,3]{2  <1.0>}
x[6,4]{0  <1.0>}
x[6,5]{4  <1.0>}
x[6,6]{7  <1.0>}
x[6,7]{6  <1.0>}
x[7,0]{7  <0.8750219578171573>, 6  <0.12497804218284266>}
x[7,1]{7  <0.1397836936812952>, 6  <0.8602163063187048>}
x[7,2]{2  <1.0>}
x[7,3]{0  <1.0>}
x[7,4]{4  <1.0>}
x[7,5]{1  <1.0>}
x[7,6]{5  <1.0>}
x[7,7]{3  <1.0>}
problem entropy = 0.3857064828602881
smallest variable entropy = 0.06755860619571001
##### after BP iteration 2 #####
x[0,0]{4  <1.0>}
x[0,1]{2  <1.0>}
x[0,2]{3  <1.0>}
x[0,3]{7  <0.015185620439764593>, 6  <0.9848143795602353>}
x[0,4]{5  <1.0>}
x[0,5]{6  <0.05396278724518389>, 7  <0.9460372127548161>}
x[0,6]{0  <1.0>}
x[0,7]{1  <1.0>}
x[1,0]{6  <0.9159692495519566>, 7  <0.0840307504480433>}
x[1,1]{6  <0.1345861555355366>, 7  <0.8654138444644635>}
x[1,2]{4  <1.0>}
x[1,3]{1  <1.0>}
x[1,4]{2  <1.0>}
x[1,5]{0  <1.0>}
x[1,6]{3  <1.0>}
x[1,7]{5  <1.0>}
x[2,0]{1  <1.0>}
x[2,1]{0  <1.0>}
x[2,2]{7  <1.0>}
x[2,3]{5  <1.0>}
x[2,4]{6  <1.0>}
x[2,5]{3  <1.0>}
x[2,6]{4  <1.0>}
x[2,7]{2  <1.0>}
x[3,0]{2  <1.0>}
x[3,1]{4  <1.0>}
x[3,2]{5  <1.0>}
x[3,3]{6  <0.03356312331688092>, 7  <0.9664368766831191>}
x[3,4]{3  <1.0>}
x[3,5]{6  <0.9627780462565191>, 7  <0.03722195374348091>}
x[3,6]{1  <1.0>}
x[3,7]{0  <1.0>}
x[4,0]{3  <1.0>}
x[4,1]{5  <1.0>}
x[4,2]{0  <1.0>}
x[4,3]{4  <1.0>}
x[4,4]{1  <1.0>}
x[4,5]{2  <1.0>}
x[4,6]{6  <1.0>}
x[4,7]{7  <1.0>}
x[5,0]{0  <1.0>}
x[5,1]{1  <1.0>}
x[5,2]{6  <1.0>}
x[5,3]{3  <1.0>}
x[5,4]{7  <1.0>}
x[5,5]{5  <1.0>}
x[5,6]{2  <1.0>}
x[5,7]{4  <1.0>}
x[6,0]{5  <1.0>}
x[6,1]{3  <1.0>}
x[6,2]{1  <1.0>}
x[6,3]{2  <1.0>}
x[6,4]{0  <1.0>}
x[6,5]{4  <1.0>}
x[6,6]{7  <1.0>}
x[6,7]{6  <1.0>}
x[7,0]{7  <0.867912168446034>, 6  <0.13208783155396603>}
x[7,1]{7  <0.12130652685487935>, 6  <0.8786934731451207>}
x[7,2]{2  <1.0>}
x[7,3]{0  <1.0>}
x[7,4]{4  <1.0>}
x[7,5]{1  <1.0>}
x[7,6]{5  <1.0>}
x[7,7]{3  <1.0>}
problem entropy = 0.3675238276759794
smallest variable entropy = 0.0786580938336048
##### after BP iteration 3 #####
x[0,0]{4  <1.0>}
x[0,1]{2  <1.0>}
x[0,2]{3  <1.0>}
x[0,3]{7  <0.04768964521952112>, 6  <0.9523103547804789>}
x[0,4]{5  <1.0>}
x[0,5]{6  <0.01102733706407716>, 7  <0.9889726629359228>}
x[0,6]{0  <1.0>}
x[0,7]{1  <1.0>}
x[1,0]{6  <0.8755141312100436>, 7  <0.12448586878995642>}
x[1,1]{6  <0.11109128329623012>, 7  <0.8889087167037698>}
x[1,2]{4  <1.0>}
x[1,3]{1  <1.0>}
x[1,4]{2  <1.0>}
x[1,5]{0  <1.0>}
x[1,6]{3  <1.0>}
x[1,7]{5  <1.0>}
x[2,0]{1  <1.0>}
x[2,1]{0  <1.0>}
x[2,2]{7  <1.0>}
x[2,3]{5  <1.0>}
x[2,4]{6  <1.0>}
x[2,5]{3  <1.0>}
x[2,6]{4  <1.0>}
x[2,7]{2  <1.0>}
x[3,0]{2  <1.0>}
x[3,1]{4  <1.0>}
x[3,2]{5  <1.0>}
x[3,3]{6  <0.04469066901270453>, 7  <0.9553093309872955>}
x[3,4]{3  <1.0>}
x[3,5]{6  <0.966545108602553>, 7  <0.03345489139744687>}
x[3,6]{1  <1.0>}
x[3,7]{0  <1.0>}
x[4,0]{3  <1.0>}
x[4,1]{5  <1.0>}
x[4,2]{0  <1.0>}
x[4,3]{4  <1.0>}
x[4,4]{1  <1.0>}
x[4,5]{2  <1.0>}
x[4,6]{6  <1.0>}
x[4,7]{7  <1.0>}
x[5,0]{0  <1.0>}
x[5,1]{1  <1.0>}
x[5,2]{6  <1.0>}
x[5,3]{3  <1.0>}
x[5,4]{7  <1.0>}
x[5,5]{5  <1.0>}
x[5,6]{2  <1.0>}
x[5,7]{4  <1.0>}
x[6,0]{5  <1.0>}
x[6,1]{3  <1.0>}
x[6,2]{1  <1.0>}
x[6,3]{2  <1.0>}
x[6,4]{0  <1.0>}
x[6,5]{4  <1.0>}
x[6,6]{7  <1.0>}
x[6,7]{6  <1.0>}
x[7,0]{7  <0.9185498168242542>, 6  <0.08145018317574589>}
x[7,1]{7  <0.12713415501256226>, 6  <0.8728658449874377>}
x[7,2]{2  <1.0>}
x[7,3]{0  <1.0>}
x[7,4]{4  <1.0>}
x[7,5]{1  <1.0>}
x[7,6]{5  <1.0>}
x[7,7]{3  <1.0>}
problem entropy = 0.35512186099416887
smallest variable entropy = 0.06067068664605496
##### after BP iteration 4 #####
x[0,0]{4  <1.0>}
x[0,1]{2  <1.0>}
x[0,2]{3  <1.0>}
x[0,3]{7  <0.032721454081827445>, 6  <0.9672785459181725>}
x[0,4]{5  <1.0>}
x[0,5]{6  <0.02949146109546357>, 7  <0.9705085389045365>}
x[0,6]{0  <1.0>}
x[0,7]{1  <1.0>}
x[1,0]{6  <0.8922225251079374>, 7  <0.10777747489206256>}
x[1,1]{6  <0.11751717623207522>, 7  <0.8824828237679246>}
x[1,2]{4  <1.0>}
x[1,3]{1  <1.0>}
x[1,4]{2  <1.0>}
x[1,5]{0  <1.0>}
x[1,6]{3  <1.0>}
x[1,7]{5  <1.0>}
x[2,0]{1  <1.0>}
x[2,1]{0  <1.0>}
x[2,2]{7  <1.0>}
x[2,3]{5  <1.0>}
x[2,4]{6  <1.0>}
x[2,5]{3  <1.0>}
x[2,6]{4  <1.0>}
x[2,7]{2  <1.0>}
x[3,0]{2  <1.0>}
x[3,1]{4  <1.0>}
x[3,2]{5  <1.0>}
x[3,3]{6  <0.04753809988580818>, 7  <0.9524619001141919>}
x[3,4]{3  <1.0>}
x[3,5]{6  <0.9866873119367107>, 7  <0.013312688063289288>}
x[3,6]{1  <1.0>}
x[3,7]{0  <1.0>}
x[4,0]{3  <1.0>}
x[4,1]{5  <1.0>}
x[4,2]{0  <1.0>}
x[4,3]{4  <1.0>}
x[4,4]{1  <1.0>}
x[4,5]{2  <1.0>}
x[4,6]{6  <1.0>}
x[4,7]{7  <1.0>}
x[5,0]{0  <1.0>}
x[5,1]{1  <1.0>}
x[5,2]{6  <1.0>}
x[5,3]{3  <1.0>}
x[5,4]{7  <1.0>}
x[5,5]{5  <1.0>}
x[5,6]{2  <1.0>}
x[5,7]{4  <1.0>}
x[6,0]{5  <1.0>}
x[6,1]{3  <1.0>}
x[6,2]{1  <1.0>}
x[6,3]{2  <1.0>}
x[6,4]{0  <1.0>}
x[6,5]{4  <1.0>}
x[6,6]{7  <1.0>}
x[6,7]{6  <1.0>}
x[7,0]{7  <0.880222057303216>, 6  <0.119777942696784>}
x[7,1]{7  <0.07430742017720648>, 6  <0.9256925798227935>}
x[7,2]{2  <1.0>}
x[7,3]{0  <1.0>}
x[7,4]{4  <1.0>}
x[7,5]{1  <1.0>}
x[7,6]{5  <1.0>}
x[7,7]{3  <1.0>}
problem entropy = 0.33793094271472884
smallest variable entropy = 0.07072168011429292
##### after BP iteration 5 #####
x[0,0]{4  <1.0>}
x[0,1]{2  <1.0>}
x[0,2]{3  <1.0>}
x[0,3]{7  <0.0293959598031081>, 6  <0.970604040196892>}
x[0,4]{5  <1.0>}
x[0,5]{6  <0.039324012439137586>, 7  <0.9606759875608624>}
x[0,6]{0  <1.0>}
x[0,7]{1  <1.0>}
x[1,0]{6  <0.8869612282731136>, 7  <0.11303877172688642>}
x[1,1]{6  <0.07200198210773916>, 7  <0.9279980178922608>}
x[1,2]{4  <1.0>}
x[1,3]{1  <1.0>}
x[1,4]{2  <1.0>}
x[1,5]{0  <1.0>}
x[1,6]{3  <1.0>}
x[1,7]{5  <1.0>}
x[2,0]{1  <1.0>}
x[2,1]{0  <1.0>}
x[2,2]{7  <1.0>}
x[2,3]{5  <1.0>}
x[2,4]{6  <1.0>}
x[2,5]{3  <1.0>}
x[2,6]{4  <1.0>}
x[2,7]{2  <1.0>}
x[3,0]{2  <1.0>}
x[3,1]{4  <1.0>}
x[3,2]{5  <1.0>}
x[3,3]{6  <0.009662238526195252>, 7  <0.9903377614738047>}
x[3,4]{3  <1.0>}
x[3,5]{6  <0.958021316869761>, 7  <0.04197868313023896>}
x[3,6]{1  <1.0>}
x[3,7]{0  <1.0>}
x[4,0]{3  <1.0>}
x[4,1]{5  <1.0>}
x[4,2]{0  <1.0>}
x[4,3]{4  <1.0>}
x[4,4]{1  <1.0>}
x[4,5]{2  <1.0>}
x[4,6]{6  <1.0>}
x[4,7]{7  <1.0>}
x[5,0]{0  <1.0>}
x[5,1]{1  <1.0>}
x[5,2]{6  <1.0>}
x[5,3]{3  <1.0>}
x[5,4]{7  <1.0>}
x[5,5]{5  <1.0>}
x[5,6]{2  <1.0>}
x[5,7]{4  <1.0>}
x[6,0]{5  <1.0>}
x[6,1]{3  <1.0>}
x[6,2]{1  <1.0>}
x[6,3]{2  <1.0>}
x[6,4]{0  <1.0>}
x[6,5]{4  <1.0>}
x[6,6]{7  <1.0>}
x[6,7]{6  <1.0>}
x[7,0]{7  <0.901426292152797>, 6  <0.09857370784720307>}
x[7,1]{7  <0.11064688184310414>, 6  <0.8893531181568959>}
x[7,2]{2  <1.0>}
x[7,3]{0  <1.0>}
x[7,4]{4  <1.0>}
x[7,5]{1  <1.0>}
x[7,6]{5  <1.0>}
x[7,7]{3  <1.0>}
problem entropy = 0.32613278134020185
smallest variable entropy = 0.05444365282190676
##### after BP iteration 6 #####
x[0,0]{4  <1.0>}
x[0,1]{2  <1.0>}
x[0,2]{3  <1.0>}
x[0,3]{7  <0.01166801864194023>, 6  <0.9883319813580598>}
x[0,4]{5  <1.0>}
x[0,5]{6  <0.041844488333339765>, 7  <0.9581555116666602>}
x[0,6]{0  <1.0>}
x[0,7]{1  <1.0>}
x[1,0]{6  <0.934371421045948>, 7  <0.06562857895405216>}
x[1,1]{6  <0.10639872744454393>, 7  <0.8936012725554562>}
x[1,2]{4  <1.0>}
x[1,3]{1  <1.0>}
x[1,4]{2  <1.0>}
x[1,5]{0  <1.0>}
x[1,6]{3  <1.0>}
x[1,7]{5  <1.0>}
x[2,0]{1  <1.0>}
x[2,1]{0  <1.0>}
x[2,2]{7  <1.0>}
x[2,3]{5  <1.0>}
x[2,4]{6  <1.0>}
x[2,5]{3  <1.0>}
x[2,6]{4  <1.0>}
x[2,7]{2  <1.0>}
x[3,0]{2  <1.0>}
x[3,1]{4  <1.0>}
x[3,2]{5  <1.0>}
x[3,3]{6  <0.025900508940000216>, 7  <0.9740994910599998>}
x[3,4]{3  <1.0>}
x[3,5]{6  <0.971251139614023>, 7  <0.028748860385977102>}
x[3,6]{1  <1.0>}
x[3,7]{0  <1.0>}
x[4,0]{3  <1.0>}
x[4,1]{5  <1.0>}
x[4,2]{0  <1.0>}
x[4,3]{4  <1.0>}
x[4,4]{1  <1.0>}
x[4,5]{2  <1.0>}
x[4,6]{6  <1.0>}
x[4,7]{7  <1.0>}
x[5,0]{0  <1.0>}
x[5,1]{1  <1.0>}
x[5,2]{6  <1.0>}
x[5,3]{3  <1.0>}
x[5,4]{7  <1.0>}
x[5,5]{5  <1.0>}
x[5,6]{2  <1.0>}
x[5,7]{4  <1.0>}
x[6,0]{5  <1.0>}
x[6,1]{3  <1.0>}
x[6,2]{1  <1.0>}
x[6,3]{2  <1.0>}
x[6,4]{0  <1.0>}
x[6,5]{4  <1.0>}
x[6,6]{7  <1.0>}
x[6,7]{6  <1.0>}
x[7,0]{7  <0.8956394511708807>, 6  <0.10436054882911928>}
x[7,1]{7  <0.09559313892180452>, 6  <0.9044068610781955>}
x[7,2]{2  <1.0>}
x[7,3]{0  <1.0>}
x[7,4]{4  <1.0>}
x[7,5]{1  <1.0>}
x[7,6]{5  <1.0>}
x[7,7]{3  <1.0>}
problem entropy = 0.30996339140193147
smallest variable entropy = 0.06353290752436307
##### after BP iteration 7 #####
x[0,0]{4  <1.0>}
x[0,1]{2  <1.0>}
x[0,2]{3  <1.0>}
x[0,3]{7  <0.03692510615531464>, 6  <0.9630748938446853>}
x[0,4]{5  <1.0>}
x[0,5]{6  <0.008464682182708067>, 7  <0.9915353178172919>}
x[0,6]{0  <1.0>}
x[0,7]{1  <1.0>}
x[1,0]{6  <0.9018261495838998>, 7  <0.09817385041610019>}
x[1,1]{6  <0.08732802527256406>, 7  <0.9126719747274359>}
x[1,2]{4  <1.0>}
x[1,3]{1  <1.0>}
x[1,4]{2  <1.0>}
x[1,5]{0  <1.0>}
x[1,6]{3  <1.0>}
x[1,7]{5  <1.0>}
x[2,0]{1  <1.0>}
x[2,1]{0  <1.0>}
x[2,2]{7  <1.0>}
x[2,3]{5  <1.0>}
x[2,4]{6  <1.0>}
x[2,5]{3  <1.0>}
x[2,6]{4  <1.0>}
x[2,7]{2  <1.0>}
x[3,0]{2  <1.0>}
x[3,1]{4  <1.0>}
x[3,2]{5  <1.0>}
x[3,3]{6  <0.03457848146364575>, 7  <0.9654215185363543>}
x[3,4]{3  <1.0>}
x[3,5]{6  <0.9741836732092047>, 7  <0.025816326790795353>}
x[3,6]{1  <1.0>}
x[3,7]{0  <1.0>}
x[4,0]{3  <1.0>}
x[4,1]{5  <1.0>}
x[4,2]{0  <1.0>}
x[4,3]{4  <1.0>}
x[4,4]{1  <1.0>}
x[4,5]{2  <1.0>}
x[4,6]{6  <1.0>}
x[4,7]{7  <1.0>}
x[5,0]{0  <1.0>}
x[5,1]{1  <1.0>}
x[5,2]{6  <1.0>}
x[5,3]{3  <1.0>}
x[5,4]{7  <1.0>}
x[5,5]{5  <1.0>}
x[5,6]{2  <1.0>}
x[5,7]{4  <1.0>}
x[6,0]{5  <1.0>}
x[6,1]{3  <1.0>}
x[6,2]{1  <1.0>}
x[6,3]{2  <1.0>}
x[6,4]{0  <1.0>}
x[6,5]{4  <1.0>}
x[6,6]{7  <1.0>}
x[6,7]{6  <1.0>}
x[7,0]{7  <0.9364260846664324>, 6  <0.06357391533356756>}
x[7,1]{7  <0.10032652363646241>, 6  <0.8996734763635376>}
x[7,2]{2  <1.0>}
x[7,3]{0  <1.0>}
x[7,4]{4  <1.0>}
x[7,5]{1  <1.0>}
x[7,6]{5  <1.0>}
x[7,7]{3  <1.0>}
problem entropy = 0.2988034392325651
smallest variable entropy = 0.04882097269744812
##### after BP iteration 8 #####
x[0,0]{4  <1.0>}
x[0,1]{2  <1.0>}
x[0,2]{3  <1.0>}
x[0,3]{7  <0.025245976971136303>, 6  <0.9747540230288637>}
x[0,4]{5  <1.0>}
x[0,5]{6  <0.02273655637019156>, 7  <0.9772634436298084>}
x[0,6]{0  <1.0>}
x[0,7]{1  <1.0>}
x[1,0]{6  <0.9153444421304301>, 7  <0.08465555786957>}
x[1,1]{6  <0.09252244182648213>, 7  <0.9074775581735178>}
x[1,2]{4  <1.0>}
x[1,3]{1  <1.0>}
x[1,4]{2  <1.0>}
x[1,5]{0  <1.0>}
x[1,6]{3  <1.0>}
x[1,7]{5  <1.0>}
x[2,0]{1  <1.0>}
x[2,1]{0  <1.0>}
x[2,2]{7  <1.0>}
x[2,3]{5  <1.0>}
x[2,4]{6  <1.0>}
x[2,5]{3  <1.0>}
x[2,6]{4  <1.0>}
x[2,7]{2  <1.0>}
x[3,0]{2  <1.0>}
x[3,1]{4  <1.0>}
x[3,2]{5  <1.0>}
x[3,3]{6  <0.03680644565238391>, 7  <0.9631935543476161>}
x[3,4]{3  <1.0>}
x[3,5]{6  <0.9897755713352694>, 7  <0.010224428664730608>}
x[3,6]{1  <1.0>}
x[3,7]{0  <1.0>}
x[4,0]{3  <1.0>}
x[4,1]{5  <1.0>}
x[4,2]{0  <1.0>}
x[4,3]{4  <1.0>}
x[4,4]{1  <1.0>}
x[4,5]{2  <1.0>}
x[4,6]{6  <1.0>}
x[4,7]{7  <1.0>}
x[5,0]{0  <1.0>}
x[5,1]{1  <1.0>}
x[5,2]{6  <1.0>}
x[5,3]{3  <1.0>}
x[5,4]{7  <1.0>}
x[5,5]{5  <1.0>}
x[5,6]{2  <1.0>}
x[5,7]{4  <1.0>}
x[6,0]{5  <1.0>}
x[6,1]{3  <1.0>}
x[6,2]{1  <1.0>}
x[6,3]{2  <1.0>}
x[6,4]{0  <1.0>}
x[6,5]{4  <1.0>}
x[6,6]{7  <1.0>}
x[6,7]{6  <1.0>}
x[7,0]{7  <0.9056462232642402>, 6  <0.09435377673575988>}
x[7,1]{7  <0.05789999337059078>, 6  <0.9421000066294093>}
x[7,2]{2  <1.0>}
x[7,3]{0  <1.0>}
x[7,4]{4  <1.0>}
x[7,5]{1  <1.0>}
x[7,6]{5  <1.0>}
x[7,7]{3  <1.0>}
problem entropy = 0.28366609662768033
smallest variable entropy = 0.05703028574690669
##### after BP iteration 9 #####
x[0,0]{4  <1.0>}
x[0,1]{2  <1.0>}
x[0,2]{3  <1.0>}
x[0,3]{7  <0.022662418492153846>, 6  <0.9773375815078462>}
x[0,4]{5  <1.0>}
x[0,5]{6  <0.030387515548580372>, 7  <0.9696124844514196>}
x[0,6]{0  <1.0>}
x[0,7]{1  <1.0>}
x[1,0]{6  <0.9110994058733525>, 7  <0.0889005941266475>}
x[1,1]{6  <0.05607277162131813>, 7  <0.9439272283786819>}
x[1,2]{4  <1.0>}
x[1,3]{1  <1.0>}
x[1,4]{2  <1.0>}
x[1,5]{0  <1.0>}
x[1,6]{3  <1.0>}
x[1,7]{5  <1.0>}
x[2,0]{1  <1.0>}
x[2,1]{0  <1.0>}
x[2,2]{7  <1.0>}
x[2,3]{5  <1.0>}
x[2,4]{6  <1.0>}
x[2,5]{3  <1.0>}
x[2,6]{4  <1.0>}
x[2,7]{2  <1.0>}
x[3,0]{2  <1.0>}
x[3,1]{4  <1.0>}
x[3,2]{5  <1.0>}
x[3,3]{6  <0.007414442021779118>, 7  <0.9925855579782209>}
x[3,4]{3  <1.0>}
x[3,5]{6  <0.967540711781199>, 7  <0.03245928821880096>}
x[3,6]{1  <1.0>}
x[3,7]{0  <1.0>}
x[4,0]{3  <1.0>}
x[4,1]{5  <1.0>}
x[4,2]{0  <1.0>}
x[4,3]{4  <1.0>}
x[4,4]{1  <1.0>}
x[4,5]{2  <1.0>}
x[4,6]{6  <1.0>}
x[4,7]{7  <1.0>}
x[5,0]{0  <1.0>}
x[5,1]{1  <1.0>}
x[5,2]{6  <1.0>}
x[5,3]{3  <1.0>}
x[5,4]{7  <1.0>}
x[5,5]{5  <1.0>}
x[5,6]{2  <1.0>}
x[5,7]{4  <1.0>}
x[6,0]{5  <1.0>}
x[6,1]{3  <1.0>}
x[6,2]{1  <1.0>}
x[6,3]{2  <1.0>}
x[6,4]{0  <1.0>}
x[6,5]{4  <1.0>}
x[6,6]{7  <1.0>}
x[6,7]{6  <1.0>}
x[7,0]{7  <0.9227446583328124>, 6  <0.07725534166718766>}
x[7,1]{7  <0.08696938402636072>, 6  <0.9130306159736393>}
x[7,2]{2  <1.0>}
x[7,3]{0  <1.0>}
x[7,4]{4  <1.0>}
x[7,5]{1  <1.0>}
x[7,6]{5  <1.0>}
x[7,7]{3  <1.0>}
problem entropy = 0.2731645262681288
smallest variable entropy = 0.04374972435205416
##### after BP iteration 10 #####
x[0,0]{4  <1.0>}
x[0,1]{2  <1.0>}
x[0,2]{3  <1.0>}
x[0,3]{7  <0.008957823660264985>, 6  <0.9910421763397351>}
x[0,4]{5  <1.0>}
x[0,5]{6  <0.032354496698880617>, 7  <0.9676455033011193>}
x[0,6]{0  <1.0>}
x[0,7]{1  <1.0>}
x[1,0]{6  <0.9489681629221712>, 7  <0.05103183707782885>}
x[1,1]{6  <0.08354490176991612>, 7  <0.9164550982300838>}
x[1,2]{4  <1.0>}
x[1,3]{1  <1.0>}
x[1,4]{2  <1.0>}
x[1,5]{0  <1.0>}
x[1,6]{3  <1.0>}
x[1,7]{5  <1.0>}
x[2,0]{1  <1.0>}
x[2,1]{0  <1.0>}
x[2,2]{7  <1.0>}
x[2,3]{5  <1.0>}
x[2,4]{6  <1.0>}
x[2,5]{3  <1.0>}
x[2,6]{4  <1.0>}
x[2,7]{2  <1.0>}
x[3,0]{2  <1.0>}
x[3,1]{4  <1.0>}
x[3,2]{5  <1.0>}
x[3,3]{6  <0.019951189491984725>, 7  <0.9800488105080153>}
x[3,4]{3  <1.0>}
x[3,5]{6  <0.9778398382837099>, 7  <0.022160161716290025>}
x[3,6]{1  <1.0>}
x[3,7]{0  <1.0>}
x[4,0]{3  <1.0>}
x[4,1]{5  <1.0>}
x[4,2]{0  <1.0>}
x[4,3]{4  <1.0>}
x[4,4]{1  <1.0>}
x[4,5]{2  <1.0>}
x[4,6]{6  <1.0>}
x[4,7]{7  <1.0>}
x[5,0]{0  <1.0>}
x[5,1]{1  <1.0>}
x[5,2]{6  <1.0>}
x[5,3]{3  <1.0>}
x[5,4]{7  <1.0>}
x[5,5]{5  <1.0>}
x[5,6]{2  <1.0>}
x[5,7]{4  <1.0>}
x[6,0]{5  <1.0>}
x[6,1]{3  <1.0>}
x[6,2]{1  <1.0>}
x[6,3]{2  <1.0>}
x[6,4]{0  <1.0>}
x[6,5]{4  <1.0>}
x[6,6]{7  <1.0>}
x[6,7]{6  <1.0>}
x[7,0]{7  <0.9180956141802858>, 6  <0.08190438581971414>}
x[7,1]{7  <0.07486583930989282>, 6  <0.9251341606901071>}
x[7,2]{2  <1.0>}
x[7,3]{0  <1.0>}
x[7,4]{4  <1.0>}
x[7,5]{1  <1.0>}
x[7,6]{5  <1.0>}
x[7,7]{3  <1.0>}
problem entropy = 0.2590536108043528
smallest variable entropy = 0.05115576275053766
### branching on x[0,3]=6 marginal=0.9910421763397351
##### after BP iteration 1 #####
x[0,0]{4  <1.0>}
x[0,1]{2  <1.0>}
x[0,2]{3  <1.0>}
x[0,3]{6  <1.0>}
x[0,4]{5  <1.0>}
x[0,5]{7  <1.0>}
x[0,6]{0  <1.0>}
x[0,7]{1  <1.0>}
x[1,0]{6  <0.923065419846146>, 7  <0.07693458015385404>}
x[1,1]{6  <0.06825758180929585>, 7  <0.9317424181907042>}
x[1,2]{4  <1.0>}
x[1,3]{1  <1.0>}
x[1,4]{2  <1.0>}
x[1,5]{0  <1.0>}
x[1,6]{3  <1.0>}
x[1,7]{5  <1.0>}
x[2,0]{1  <1.0>}
x[2,1]{0  <1.0>}
x[2,2]{7  <1.0>}
x[2,3]{5  <1.0>}
x[2,4]{6  <1.0>}
x[2,5]{3  <1.0>}
x[2,6]{4  <1.0>}
x[2,7]{2  <1.0>}
x[3,0]{2  <1.0>}
x[3,1]{4  <1.0>}
x[3,2]{5  <1.0>}
x[3,3]{7  <1.0>}
x[3,4]{3  <1.0>}
x[3,5]{6  <1.0>}
x[3,6]{1  <1.0>}
x[3,7]{0  <1.0>}
x[4,0]{3  <1.0>}
x[4,1]{5  <1.0>}
x[4,2]{0  <1.0>}
x[4,3]{4  <1.0>}
x[4,4]{1  <1.0>}
x[4,5]{2  <1.0>}
x[4,6]{6  <1.0>}
x[4,7]{7  <1.0>}
x[5,0]{0  <1.0>}
x[5,1]{1  <1.0>}
x[5,2]{6  <1.0>}
x[5,3]{3  <1.0>}
x[5,4]{7  <1.0>}
x[5,5]{5  <1.0>}
x[5,6]{2  <1.0>}
x[5,7]{4  <1.0>}
x[6,0]{5  <1.0>}
x[6,1]{3  <1.0>}
x[6,2]{1  <1.0>}
x[6,3]{2  <1.0>}
x[6,4]{0  <1.0>}
x[6,5]{4  <1.0>}
x[6,6]{7  <1.0>}
x[6,7]{6  <1.0>}
x[7,0]{7  <0.9505900054135646>, 6  <0.04940999458643534>}
x[7,1]{7  <0.07866215894399227>, 6  <0.9213378410560077>}
x[7,2]{2  <1.0>}
x[7,3]{0  <1.0>}
x[7,4]{4  <1.0>}
x[7,5]{1  <1.0>}
x[7,6]{5  <1.0>}
x[7,7]{3  <1.0>}
problem entropy = 0.3580012823954847
smallest variable entropy = 0.19677433039472972
##### after BP iteration 2 #####
x[0,0]{4  <1.0>}
x[0,1]{2  <1.0>}
x[0,2]{3  <1.0>}
x[0,3]{6  <1.0>}
x[0,4]{5  <1.0>}
x[0,5]{7  <1.0>}
x[0,6]{0  <1.0>}
x[0,7]{1  <1.0>}
x[1,0]{6  <0.9338735642143862>, 7  <0.06612643578561393>}
x[1,1]{6  <0.07240765061124518>, 7  <0.9275923493887549>}
x[1,2]{4  <1.0>}
x[1,3]{1  <1.0>}
x[1,4]{2  <1.0>}
x[1,5]{0  <1.0>}
x[1,6]{3  <1.0>}
x[1,7]{5  <1.0>}
x[2,0]{1  <1.0>}
x[2,1]{0  <1.0>}
x[2,2]{7  <1.0>}
x[2,3]{5  <1.0>}
x[2,4]{6  <1.0>}
x[2,5]{3  <1.0>}
x[2,6]{4  <1.0>}
x[2,7]{2  <1.0>}
x[3,0]{2  <1.0>}
x[3,1]{4  <1.0>}
x[3,2]{5  <1.0>}
x[3,3]{7  <1.0>}
x[3,4]{3  <1.0>}
x[3,5]{6  <1.0>}
x[3,6]{1  <1.0>}
x[3,7]{0  <1.0>}
x[4,0]{3  <1.0>}
x[4,1]{5  <1.0>}
x[4,2]{0  <1.0>}
x[4,3]{4  <1.0>}
x[4,4]{1  <1.0>}
x[4,5]{2  <1.0>}
x[4,6]{6  <1.0>}
x[4,7]{7  <1.0>}
x[5,0]{0  <1.0>}
x[5,1]{1  <1.0>}
x[5,2]{6  <1.0>}
x[5,3]{3  <1.0>}
x[5,4]{7  <1.0>}
x[5,5]{5  <1.0>}
x[5,6]{2  <1.0>}
x[5,7]{4  <1.0>}
x[6,0]{5  <1.0>}
x[6,1]{3  <1.0>}
x[6,2]{1  <1.0>}
x[6,3]{2  <1.0>}
x[6,4]{0  <1.0>}
x[6,5]{4  <1.0>}
x[6,6]{7  <1.0>}
x[6,7]{6  <1.0>}
x[7,0]{7  <0.9261267442140659>, 6  <0.07387325578593408>}
x[7,1]{7  <0.04493952576273509>, 6  <0.955060474237265>}
x[7,2]{2  <1.0>}
x[7,3]{0  <1.0>}
x[7,4]{4  <1.0>}
x[7,5]{1  <1.0>}
x[7,6]{5  <1.0>}
x[7,7]{3  <1.0>}
problem entropy = 0.34271422527597234
smallest variable entropy = 0.18333634246660216
##### after BP iteration 3 #####
x[0,0]{4  <1.0>}
x[0,1]{2  <1.0>}
x[0,2]{3  <1.0>}
x[0,3]{6  <1.0>}
x[0,4]{5  <1.0>}
x[0,5]{7  <1.0>}
x[0,6]{0  <1.0>}
x[0,7]{1  <1.0>}
x[1,0]{6  <0.9304871066407464>, 7  <0.06951289335925355>}
x[1,1]{6  <0.043502427099063594>, 7  <0.9564975729009364>}
x[1,2]{4  <1.0>}
x[1,3]{1  <1.0>}
x[1,4]{2  <1.0>}
x[1,5]{0  <1.0>}
x[1,6]{3  <1.0>}
x[1,7]{5  <1.0>}
x[2,0]{1  <1.0>}
x[2,1]{0  <1.0>}
x[2,2]{7  <1.0>}
x[2,3]{5  <1.0>}
x[2,4]{6  <1.0>}
x[2,5]{3  <1.0>}
x[2,6]{4  <1.0>}
x[2,7]{2  <1.0>}
x[3,0]{2  <1.0>}
x[3,1]{4  <1.0>}
x[3,2]{5  <1.0>}
x[3,3]{7  <1.0>}
x[3,4]{3  <1.0>}
x[3,5]{6  <1.0>}
x[3,6]{1  <1.0>}
x[3,7]{0  <1.0>}
x[4,0]{3  <1.0>}
x[4,1]{5  <1.0>}
x[4,2]{0  <1.0>}
x[4,3]{4  <1.0>}
x[4,4]{1  <1.0>}
x[4,5]{2  <1.0>}
x[4,6]{6  <1.0>}
x[4,7]{7  <1.0>}
x[5,0]{0  <1.0>}
x[5,1]{1  <1.0>}
x[5,2]{6  <1.0>}
x[5,3]{3  <1.0>}
x[5,4]{7  <1.0>}
x[5,5]{5  <1.0>}
x[5,6]{2  <1.0>}
x[5,7]{4  <1.0>}
x[6,0]{5  <1.0>}
x[6,1]{3  <1.0>}
x[6,2]{1  <1.0>}
x[6,3]{2  <1.0>}
x[6,4]{0  <1.0>}
x[6,5]{4  <1.0>}
x[6,6]{7  <1.0>}
x[6,7]{6  <1.0>}
x[7,0]{7  <0.9397606418018221>, 6  <0.0602393581981778>}
x[7,1]{7  <0.06797142678236726>, 6  <0.9320285732176327>}
x[7,2]{2  <1.0>}
x[7,3]{0  <1.0>}
x[7,4]{4  <1.0>}
x[7,5]{1  <1.0>}
x[7,6]{5  <1.0>}
x[7,7]{3  <1.0>}
problem entropy = 0.3272328519914331
smallest variable entropy = 0.1789196045380534
##### after BP iteration 4 #####
x[0,0]{4  <1.0>}
x[0,1]{2  <1.0>}
x[0,2]{3  <1.0>}
x[0,3]{6  <1.0>}
x[0,4]{5  <1.0>}
x[0,5]{7  <1.0>}
x[0,6]{0  <1.0>}
x[0,7]{1  <1.0>}
x[1,0]{6  <0.960455777632626>, 7  <0.03954422236737394>}
x[1,1]{6  <0.06524154952215745>, 7  <0.9347584504778425>}
x[1,2]{4  <1.0>}
x[1,3]{1  <1.0>}
x[1,4]{2  <1.0>}
x[1,5]{0  <1.0>}
x[1,6]{3  <1.0>}
x[1,7]{5  <1.0>}
x[2,0]{1  <1.0>}
x[2,1]{0  <1.0>}
x[2,2]{7  <1.0>}
x[2,3]{5  <1.0>}
x[2,4]{6  <1.0>}
x[2,5]{3  <1.0>}
x[2,6]{4  <1.0>}
x[2,7]{2  <1.0>}
x[3,0]{2  <1.0>}
x[3,1]{4  <1.0>}
x[3,2]{5  <1.0>}
x[3,3]{7  <1.0>}
x[3,4]{3  <1.0>}
x[3,5]{6  <1.0>}
x[3,6]{1  <1.0>}
x[3,7]{0  <1.0>}
x[4,0]{3  <1.0>}
x[4,1]{5  <1.0>}
x[4,2]{0  <1.0>}
x[4,3]{4  <1.0>}
x[4,4]{1  <1.0>}
x[4,5]{2  <1.0>}
x[4,6]{6  <1.0>}
x[4,7]{7  <1.0>}
x[5,0]{0  <1.0>}
x[5,1]{1  <1.0>}
x[5,2]{6  <1.0>}
x[5,3]{3  <1.0>}
x[5,4]{7  <1.0>}
x[5,5]{5  <1.0>}
x[5,6]{2  <1.0>}
x[5,7]{4  <1.0>}
x[6,0]{5  <1.0>}
x[6,1]{3  <1.0>}
x[6,2]{1  <1.0>}
x[6,3]{2  <1.0>}
x[6,4]{0  <1.0>}
x[6,5]{4  <1.0>}
x[6,6]{7  <1.0>}
x[6,7]{6  <1.0>}
x[7,0]{7  <0.9360646294687698>, 6  <0.06393537053123027>}
x[7,1]{7  <0.058342882168822705>, 6  <0.9416571178311772>}
x[7,2]{2  <1.0>}
x[7,3]{0  <1.0>}
x[7,4]{4  <1.0>}
x[7,5]{1  <1.0>}
x[7,6]{5  <1.0>}
x[7,7]{3  <1.0>}
problem entropy = 0.3129530810466624
smallest variable entropy = 0.16649294712101226
##### after BP iteration 5 #####
x[0,0]{4  <1.0>}
x[0,1]{2  <1.0>}
x[0,2]{3  <1.0>}
x[0,3]{6  <1.0>}
x[0,4]{5  <1.0>}
x[0,5]{7  <1.0>}
x[0,6]{0  <1.0>}
x[0,7]{1  <1.0>}
x[1,0]{6  <0.9400153462528991>, 7  <0.05998465374710096>}
x[1,1]{6  <0.053109347549745674>, 7  <0.9468906524502543>}
x[1,2]{4  <1.0>}
x[1,3]{1  <1.0>}
x[1,4]{2  <1.0>}
x[1,5]{0  <1.0>}
x[1,6]{3  <1.0>}
x[1,7]{5  <1.0>}
x[2,0]{1  <1.0>}
x[2,1]{0  <1.0>}
x[2,2]{7  <1.0>}
x[2,3]{5  <1.0>}
x[2,4]{6  <1.0>}
x[2,5]{3  <1.0>}
x[2,6]{4  <1.0>}
x[2,7]{2  <1.0>}
x[3,0]{2  <1.0>}
x[3,1]{4  <1.0>}
x[3,2]{5  <1.0>}
x[3,3]{7  <1.0>}
x[3,4]{3  <1.0>}
x[3,5]{6  <1.0>}
x[3,6]{1  <1.0>}
x[3,7]{0  <1.0>}
x[4,0]{3  <1.0>}
x[4,1]{5  <1.0>}
x[4,2]{0  <1.0>}
x[4,3]{4  <1.0>}
x[4,4]{1  <1.0>}
x[4,5]{2  <1.0>}
x[4,6]{6  <1.0>}
x[4,7]{7  <1.0>}
x[5,0]{0  <1.0>}
x[5,1]{1  <1.0>}
x[5,2]{6  <1.0>}
x[5,3]{3  <1.0>}
x[5,4]{7  <1.0>}
x[5,5]{5  <1.0>}
x[5,6]{2  <1.0>}
x[5,7]{4  <1.0>}
x[6,0]{5  <1.0>}
x[6,1]{3  <1.0>}
x[6,2]{1  <1.0>}
x[6,3]{2  <1.0>}
x[6,4]{0  <1.0>}
x[6,5]{4  <1.0>}
x[6,6]{7  <1.0>}
x[6,7]{6  <1.0>}
x[7,0]{7  <0.9617272566348036>, 6  <0.03827274336519636>}
x[7,1]{7  <0.061356918808596145>, 6  <0.9386430811914038>}
x[7,2]{2  <1.0>}
x[7,3]{0  <1.0>}
x[7,4]{4  <1.0>}
x[7,5]{1  <1.0>}
x[7,6]{5  <1.0>}
x[7,7]{3  <1.0>}
problem entropy = 0.2984922889594506
smallest variable entropy = 0.16241543886275642
##### after BP iteration 6 #####
x[0,0]{4  <1.0>}
x[0,1]{2  <1.0>}
x[0,2]{3  <1.0>}
x[0,3]{6  <1.0>}
x[0,4]{5  <1.0>}
x[0,5]{7  <1.0>}
x[0,6]{0  <1.0>}
x[0,7]{1  <1.0>}
x[1,0]{6  <0.9485749423423495>, 7  <0.05142505765765055>}
x[1,1]{6  <0.0563941467987478>, 7  <0.9436058532012521>}
x[1,2]{4  <1.0>}
x[1,3]{1  <1.0>}
x[1,4]{2  <1.0>}
x[1,5]{0  <1.0>}
x[1,6]{3  <1.0>}
x[1,7]{5  <1.0>}
x[2,0]{1  <1.0>}
x[2,1]{0  <1.0>}
x[2,2]{7  <1.0>}
x[2,3]{5  <1.0>}
x[2,4]{6  <1.0>}
x[2,5]{3  <1.0>}
x[2,6]{4  <1.0>}
x[2,7]{2  <1.0>}
x[3,0]{2  <1.0>}
x[3,1]{4  <1.0>}
x[3,2]{5  <1.0>}
x[3,3]{7  <1.0>}
x[3,4]{3  <1.0>}
x[3,5]{6  <1.0>}
x[3,6]{1  <1.0>}
x[3,7]{0  <1.0>}
x[4,0]{3  <1.0>}
x[4,1]{5  <1.0>}
x[4,2]{0  <1.0>}
x[4,3]{4  <1.0>}
x[4,4]{1  <1.0>}
x[4,5]{2  <1.0>}
x[4,6]{6  <1.0>}
x[4,7]{7  <1.0>}
x[5,0]{0  <1.0>}
x[5,1]{1  <1.0>}
x[5,2]{6  <1.0>}
x[5,3]{3  <1.0>}
x[5,4]{7  <1.0>}
x[5,5]{5  <1.0>}
x[5,6]{2  <1.0>}
x[5,7]{4  <1.0>}
x[6,0]{5  <1.0>}
x[6,1]{3  <1.0>}
x[6,2]{1  <1.0>}
x[6,3]{2  <1.0>}
x[6,4]{0  <1.0>}
x[6,5]{4  <1.0>}
x[6,6]{7  <1.0>}
x[6,7]{6  <1.0>}
x[7,0]{7  <0.9424442660094335>, 6  <0.0575557339905665>}
x[7,1]{7  <0.03477307886684078>, 6  <0.9652269211331591>}
x[7,2]{2  <1.0>}
x[7,3]{0  <1.0>}
x[7,4]{4  <1.0>}
x[7,5]{1  <1.0>}
x[7,6]{5  <1.0>}
x[7,7]{3  <1.0>}
problem entropy = 0.2852092313816126
smallest variable entropy = 0.15096106766237197
##### after BP iteration 7 #####
x[0,0]{4  <1.0>}
x[0,1]{2  <1.0>}
x[0,2]{3  <1.0>}
x[0,3]{6  <1.0>}
x[0,4]{5  <1.0>}
x[0,5]{7  <1.0>}
x[0,6]{0  <1.0>}
x[0,7]{1  <1.0>}
x[1,0]{6  <0.9458977526426701>, 7  <0.054102247357329915>}
x[1,1]{6  <0.03364963341756223>, 7  <0.9663503665824379>}
x[1,2]{4  <1.0>}
x[1,3]{1  <1.0>}
x[1,4]{2  <1.0>}
x[1,5]{0  <1.0>}
x[1,6]{3  <1.0>}
x[1,7]{5  <1.0>}
x[2,0]{1  <1.0>}
x[2,1]{0  <1.0>}
x[2,2]{7  <1.0>}
x[2,3]{5  <1.0>}
x[2,4]{6  <1.0>}
x[2,5]{3  <1.0>}
x[2,6]{4  <1.0>}
x[2,7]{2  <1.0>}
x[3,0]{2  <1.0>}
x[3,1]{4  <1.0>}
x[3,2]{5  <1.0>}
x[3,3]{7  <1.0>}
x[3,4]{3  <1.0>}
x[3,5]{6  <1.0>}
x[3,6]{1  <1.0>}
x[3,7]{0  <1.0>}
x[4,0]{3  <1.0>}
x[4,1]{5  <1.0>}
x[4,2]{0  <1.0>}
x[4,3]{4  <1.0>}
x[4,4]{1  <1.0>}
x[4,5]{2  <1.0>}
x[4,6]{6  <1.0>}
x[4,7]{7  <1.0>}
x[5,0]{0  <1.0>}
x[5,1]{1  <1.0>}
x[5,2]{6  <1.0>}
x[5,3]{3  <1.0>}
x[5,4]{7  <1.0>}
x[5,5]{5  <1.0>}
x[5,6]{2  <1.0>}
x[5,7]{4  <1.0>}
x[6,0]{5  <1.0>}
x[6,1]{3  <1.0>}
x[6,2]{1  <1.0>}
x[6,3]{2  <1.0>}
x[6,4]{0  <1.0>}
x[6,5]{4  <1.0>}
x[6,6]{7  <1.0>}
x[6,7]{6  <1.0>}
x[7,0]{7  <0.9532187557238384>, 6  <0.046781244276161496>}
x[7,1]{7  <0.05288309378745283>, 6  <0.9471169062125472>}
x[7,2]{2  <1.0>}
x[7,3]{0  <1.0>}
x[7,4]{4  <1.0>}
x[7,5]{1  <1.0>}
x[7,6]{5  <1.0>}
x[7,7]{3  <1.0>}
problem entropy = 0.2717584655308075
smallest variable entropy = 0.1472082742478979
##### after BP iteration 8 #####
x[0,0]{4  <1.0>}
x[0,1]{2  <1.0>}
x[0,2]{3  <1.0>}
x[0,3]{6  <1.0>}
x[0,4]{5  <1.0>}
x[0,5]{7  <1.0>}
x[0,6]{0  <1.0>}
x[0,7]{1  <1.0>}
x[1,0]{6  <0.9694407259858383>, 7  <0.030559274014161662>}
x[1,1]{6  <0.05072621531109487>, 7  <0.9492737846889051>}
x[1,2]{4  <1.0>}
x[1,3]{1  <1.0>}
x[1,4]{2  <1.0>}
x[1,5]{0  <1.0>}
x[1,6]{3  <1.0>}
x[1,7]{5  <1.0>}
x[2,0]{1  <1.0>}
x[2,1]{0  <1.0>}
x[2,2]{7  <1.0>}
x[2,3]{5  <1.0>}
x[2,4]{6  <1.0>}
x[2,5]{3  <1.0>}
x[2,6]{4  <1.0>}
x[2,7]{2  <1.0>}
x[3,0]{2  <1.0>}
x[3,1]{4  <1.0>}
x[3,2]{5  <1.0>}
x[3,3]{7  <1.0>}
x[3,4]{3  <1.0>}
x[3,5]{6  <1.0>}
x[3,6]{1  <1.0>}
x[3,7]{0  <1.0>}
x[4,0]{3  <1.0>}
x[4,1]{5  <1.0>}
x[4,2]{0  <1.0>}
x[4,3]{4  <1.0>}
x[4,4]{1  <1.0>}
x[4,5]{2  <1.0>}
x[4,6]{6  <1.0>}
x[4,7]{7  <1.0>}
x[5,0]{0  <1.0>}
x[5,1]{1  <1.0>}
x[5,2]{6  <1.0>}
x[5,3]{3  <1.0>}
x[5,4]{7  <1.0>}
x[5,5]{5  <1.0>}
x[5,6]{2  <1.0>}
x[5,7]{4  <1.0>}
x[6,0]{5  <1.0>}
x[6,1]{3  <1.0>}
x[6,2]{1  <1.0>}
x[6,3]{2  <1.0>}
x[6,4]{0  <1.0>}
x[6,5]{4  <1.0>}
x[6,6]{7  <1.0>}
x[6,7]{6  <1.0>}
x[7,0]{7  <0.950304806798521>, 6  <0.04969519320147887>}
x[7,1]{7  <0.04528804297811318>, 6  <0.9547119570218868>}
x[7,2]{2  <1.0>}
x[7,3]{0  <1.0>}
x[7,4]{4  <1.0>}
x[7,5]{1  <1.0>}
x[7,6]{5  <1.0>}
x[7,7]{3  <1.0>}
problem entropy = 0.2594491793484539
smallest variable entropy = 0.13668091755884731
##### after BP iteration 9 #####
x[0,0]{4  <1.0>}
x[0,1]{2  <1.0>}
x[0,2]{3  <1.0>}
x[0,3]{6  <1.0>}
x[0,4]{5  <1.0>}
x[0,5]{7  <1.0>}
x[0,6]{0  <1.0>}
x[0,7]{1  <1.0>}
x[1,0]{6  <0.9534193770041579>, 7  <0.04658062299584212>}
x[1,1]{6  <0.04117436222880895>, 7  <0.958825637771191>}
x[1,2]{4  <1.0>}
x[1,3]{1  <1.0>}
x[1,4]{2  <1.0>}
x[1,5]{0  <1.0>}
x[1,6]{3  <1.0>}
x[1,7]{5  <1.0>}
x[2,0]{1  <1.0>}
x[2,1]{0  <1.0>}
x[2,2]{7  <1.0>}
x[2,3]{5  <1.0>}
x[2,4]{6  <1.0>}
x[2,5]{3  <1.0>}
x[2,6]{4  <1.0>}
x[2,7]{2  <1.0>}
x[3,0]{2  <1.0>}
x[3,1]{4  <1.0>}
x[3,2]{5  <1.0>}
x[3,3]{7  <1.0>}
x[3,4]{3  <1.0>}
x[3,5]{6  <1.0>}
x[3,6]{1  <1.0>}
x[3,7]{0  <1.0>}
x[4,0]{3  <1.0>}
x[4,1]{5  <1.0>}
x[4,2]{0  <1.0>}
x[4,3]{4  <1.0>}
x[4,4]{1  <1.0>}
x[4,5]{2  <1.0>}
x[4,6]{6  <1.0>}
x[4,7]{7  <1.0>}
x[5,0]{0  <1.0>}
x[5,1]{1  <1.0>}
x[5,2]{6  <1.0>}
x[5,3]{3  <1.0>}
x[5,4]{7  <1.0>}
x[5,5]{5  <1.0>}
x[5,6]{2  <1.0>}
x[5,7]{4  <1.0>}
x[6,0]{5  <1.0>}
x[6,1]{3  <1.0>}
x[6,2]{1  <1.0>}
x[6,3]{2  <1.0>}
x[6,4]{0  <1.0>}
x[6,5]{4  <1.0>}
x[6,6]{7  <1.0>}
x[6,7]{6  <1.0>}
x[7,0]{7  <0.970432202566558>, 6  <0.029567797433441966>}
x[7,1]{7  <0.04766179269993184>, 6  <0.9523382073000681>}
x[7,2]{2  <1.0>}
x[7,3]{0  <1.0>}
x[7,4]{4  <1.0>}
x[7,5]{1  <1.0>}
x[7,6]{5  <1.0>}
x[7,7]{3  <1.0>}
problem entropy = 0.24698523977531706
smallest variable entropy = 0.13323656475332282
##### after BP iteration 10 #####
x[0,0]{4  <1.0>}
x[0,1]{2  <1.0>}
x[0,2]{3  <1.0>}
x[0,3]{6  <1.0>}
x[0,4]{5  <1.0>}
x[0,5]{7  <1.0>}
x[0,6]{0  <1.0>}
x[0,7]{1  <1.0>}
x[1,0]{6  <0.960147356364431>, 7  <0.03985264363556893>}
x[1,1]{6  <0.04375509629679634>, 7  <0.9562449037032036>}
x[1,2]{4  <1.0>}
x[1,3]{1  <1.0>}
x[1,4]{2  <1.0>}
x[1,5]{0  <1.0>}
x[1,6]{3  <1.0>}
x[1,7]{5  <1.0>}
x[2,0]{1  <1.0>}
x[2,1]{0  <1.0>}
x[2,2]{7  <1.0>}
x[2,3]{5  <1.0>}
x[2,4]{6  <1.0>}
x[2,5]{3  <1.0>}
x[2,6]{4  <1.0>}
x[2,7]{2  <1.0>}
x[3,0]{2  <1.0>}
x[3,1]{4  <1.0>}
x[3,2]{5  <1.0>}
x[3,3]{7  <1.0>}
x[3,4]{3  <1.0>}
x[3,5]{6  <1.0>}
x[3,6]{1  <1.0>}
x[3,7]{0  <1.0>}
x[4,0]{3  <1.0>}
x[4,1]{5  <1.0>}
x[4,2]{0  <1.0>}
x[4,3]{4  <1.0>}
x[4,4]{1  <1.0>}
x[4,5]{2  <1.0>}
x[4,6]{6  <1.0>}
x[4,7]{7  <1.0>}
x[5,0]{0  <1.0>}
x[5,1]{1  <1.0>}
x[5,2]{6  <1.0>}
x[5,3]{3  <1.0>}
x[5,4]{7  <1.0>}
x[5,5]{5  <1.0>}
x[5,6]{2  <1.0>}
x[5,7]{4  <1.0>}
x[6,0]{5  <1.0>}
x[6,1]{3  <1.0>}
x[6,2]{1  <1.0>}
x[6,3]{2  <1.0>}
x[6,4]{0  <1.0>}
x[6,5]{4  <1.0>}
x[6,6]{7  <1.0>}
x[6,7]{6  <1.0>}
x[7,0]{7  <0.9553313275155284>, 6  <0.044668672484471525>}
x[7,1]{7  <0.02684189837834196>, 6  <0.9731581016216581>}
x[7,2]{2  <1.0>}
x[7,3]{0  <1.0>}
x[7,4]{4  <1.0>}
x[7,5]{1  <1.0>}
x[7,6]{5  <1.0>}
x[7,7]{3  <1.0>}
problem entropy = 0.23561722778519945
smallest variable entropy = 0.12358677226375052
### branching on x[7,1]=6 marginal=0.9731581016216581
##### after BP iteration 1 #####
x[0,0]{4  <1.0>}
x[0,1]{2  <1.0>}
x[0,2]{3  <1.0>}
x[0,3]{6  <1.0>}
x[0,4]{5  <1.0>}
x[0,5]{7  <1.0>}
x[0,6]{0  <1.0>}
x[0,7]{1  <1.0>}
x[1,0]{6  <1.0>}
x[1,1]{7  <1.0>}
x[1,2]{4  <1.0>}
x[1,3]{1  <1.0>}
x[1,4]{2  <1.0>}
x[1,5]{0  <1.0>}
x[1,6]{3  <1.0>}
x[1,7]{5  <1.0>}
x[2,0]{1  <1.0>}
x[2,1]{0  <1.0>}
x[2,2]{7  <1.0>}
x[2,3]{5  <1.0>}
x[2,4]{6  <1.0>}
x[2,5]{3  <1.0>}
x[2,6]{4  <1.0>}
x[2,7]{2  <1.0>}
x[3,0]{2  <1.0>}
x[3,1]{4  <1.0>}
x[3,2]{5  <1.0>}
x[3,3]{7  <1.0>}
x[3,4]{3  <1.0>}
x[3,5]{6  <1.0>}
x[3,6]{1  <1.0>}
x[3,7]{0  <1.0>}
x[4,0]{3  <1.0>}
x[4,1]{5  <1.0>}
x[4,2]{0  <1.0>}
x[4,3]{4  <1.0>}
x[4,4]{1  <1.0>}
x[4,5]{2  <1.0>}
x[4,6]{6  <1.0>}
x[4,7]{7  <1.0>}
x[5,0]{0  <1.0>}
x[5,1]{1  <1.0>}
x[5,2]{6  <1.0>}
x[5,3]{3  <1.0>}
x[5,4]{7  <1.0>}
x[5,5]{5  <1.0>}
x[5,6]{2  <1.0>}
x[5,7]{4  <1.0>}
x[6,0]{5  <1.0>}
x[6,1]{3  <1.0>}
x[6,2]{1  <1.0>}
x[6,3]{2  <1.0>}
x[6,4]{0  <1.0>}
x[6,5]{4  <1.0>}
x[6,6]{7  <1.0>}
x[6,7]{6  <1.0>}
x[7,0]{7  <1.0>}
x[7,1]{6  <1.0>}
x[7,2]{2  <1.0>}
x[7,3]{0  <1.0>}
x[7,4]{4  <1.0>}
x[7,5]{1  <1.0>}
x[7,6]{5  <1.0>}
x[7,7]{3  <1.0>}
problem entropy = 0.0
smallest variable entropy = 1.7976931348623157E308
### branching on x[7,1]!=6
##### after BP iteration 1 #####
x[0,0]{4  <1.0>}
x[0,1]{2  <1.0>}
x[0,2]{3  <1.0>}
x[0,3]{6  <1.0>}
x[0,4]{5  <1.0>}
x[0,5]{7  <1.0>}
x[0,6]{0  <1.0>}
x[0,7]{1  <1.0>}
x[1,0]{7  <1.0>}
x[1,1]{6  <1.0>}
x[1,2]{4  <1.0>}
x[1,3]{1  <1.0>}
x[1,4]{2  <1.0>}
x[1,5]{0  <1.0>}
x[1,6]{3  <1.0>}
x[1,7]{5  <1.0>}
x[2,0]{1  <1.0>}
x[2,1]{0  <1.0>}
x[2,2]{7  <1.0>}
x[2,3]{5  <1.0>}
x[2,4]{6  <1.0>}
x[2,5]{3  <1.0>}
x[2,6]{4  <1.0>}
x[2,7]{2  <1.0>}
x[3,0]{2  <1.0>}
x[3,1]{4  <1.0>}
x[3,2]{5  <1.0>}
x[3,3]{7  <1.0>}
x[3,4]{3  <1.0>}
x[3,5]{6  <1.0>}
x[3,6]{1  <1.0>}
x[3,7]{0  <1.0>}
x[4,0]{3  <1.0>}
x[4,1]{5  <1.0>}
x[4,2]{0  <1.0>}
x[4,3]{4  <1.0>}
x[4,4]{1  <1.0>}
x[4,5]{2  <1.0>}
x[4,6]{6  <1.0>}
x[4,7]{7  <1.0>}
x[5,0]{0  <1.0>}
x[5,1]{1  <1.0>}
x[5,2]{6  <1.0>}
x[5,3]{3  <1.0>}
x[5,4]{7  <1.0>}
x[5,5]{5  <1.0>}
x[5,6]{2  <1.0>}
x[5,7]{4  <1.0>}
x[6,0]{5  <1.0>}
x[6,1]{3  <1.0>}
x[6,2]{1  <1.0>}
x[6,3]{2  <1.0>}
x[6,4]{0  <1.0>}
x[6,5]{4  <1.0>}
x[6,6]{7  <1.0>}
x[6,7]{6  <1.0>}
x[7,0]{6  <1.0>}
x[7,1]{7  <1.0>}
x[7,2]{2  <1.0>}
x[7,3]{0  <1.0>}
x[7,4]{4  <1.0>}
x[7,5]{1  <1.0>}
x[7,6]{5  <1.0>}
x[7,7]{3  <1.0>}
problem entropy = 0.0
smallest variable entropy = 1.7976931348623157E308

	#choice: 9
	#fail: 0
	execution time (ms): 318
	#sols : 1
	completed : false

