{7  <1.0>, 6  <1.0>}
model: sum-product-oracle
FINAL DAMPING FACTOR = 1.0
##### after BP iteration 1 #####
x[0,0]{7  <0.7367613200306985>, 6  <0.2632386799693016>}
x[0,1]{2  <1.0>}
x[0,2]{7  <0.34605572425591985>, 6  <0.6539442757440802>}
x[0,3]{0  <1.0>}
x[0,4]{4  <1.0>}
x[0,5]{3  <1.0>}
x[0,6]{1  <1.0>}
x[0,7]{5  <1.0>}
x[1,0]{7  <0.37288497270177007>, 6  <0.6271150272982299>}
x[1,1]{0  <1.0>}
x[1,2]{7  <0.12987404634427197>, 6  <0.12987404634427197>, 5  <0.12315437270100148>, 3  <0.4006788490319337>, 4  <0.21641868557852095>}
x[1,3]{7  <0.16338912152809162>, 6  <0.24301854546429696>, 2  <0.14552413287441157>, 3  <0.34141028215526575>, 4  <0.10665791797793414>}
x[1,4]{1  <1.0>}
x[1,5]{7  <0.13407380806420996>, 5  <0.86592619193579>}
x[1,6]{7  <0.18203000359243923>, 6  <0.09023974080924257>, 2  <0.12092884504023563>, 3  <0.2243861416793202>, 4  <0.29397330406195427>, 5  <0.0884419648168081>}
x[1,7]{4  <0.17381383624567995>, 3  <0.17842172462950484>, 2  <0.6477644391248151>}
x[2,0]{1  <1.0>}
x[2,1]{7  <0.44916518120140336>, 5  <0.10601190287375088>, 6  <0.19759680662894882>, 3  <0.24722610929589703>}
x[2,2]{7  <0.2519108234785558>, 5  <0.2887706332760385>, 6  <0.18615887058357075>, 3  <0.14309637562187066>, 4  <0.13006329703996428>}
x[2,3]{7  <0.25831979645901815>, 6  <0.30048615907345705>, 2  <0.09255187132815987>, 3  <0.24321309753882622>, 4  <0.10542907560053871>}
x[2,4]{6  <0.3649645337190499>, 5  <0.5579764037322538>, 2  <0.07705906254869622>}
x[2,5]{0  <1.0>}
x[2,6]{7  <0.2416244193409041>, 6  <0.06988827517975614>, 2  <0.0797119454486703>, 3  <0.15008892514930977>, 4  <0.238811593505912>, 5  <0.21987484137544763>}
x[2,7]{4  <0.31013542522206883>, 3  <0.25742483625610596>, 2  <0.43243973852182516>}
x[3,0]{2  <1.0>}
x[3,1]{6  <0.11804296468580165>, 1  <0.14998219423211331>, 7  <0.2715359079702032>, 3  <0.3266370839718043>, 5  <0.13380184914007745>}
x[3,2]{0  <1.0>}
x[3,3]{6  <0.22551478253850119>, 1  <0.10114440059819081>, 7  <0.36862168041259286>, 3  <0.17316884663658966>, 4  <0.13155028981412564>}
x[3,4]{6  <0.6188500896494215>, 5  <0.38114991035057855>}
x[3,5]{5  <0.17027665218785534>, 1  <0.4151269568259336>, 7  <0.4145963909862111>}
x[3,6]{6  <0.04192339604940156>, 5  <0.1954045450637803>, 7  <0.17025127283418834>, 3  <0.17421500136084647>, 4  <0.4182057846917834>}
x[3,7]{3  <0.39020870058485>, 1  <0.3746270639385639>, 4  <0.23516423547658621>}
x[4,0]{5  <1.0>}
x[4,1]{4  <1.0>}
x[4,2]{7  <0.1899086102855311>, 1  <0.21853166728844298>, 3  <0.591559722426026>}
x[4,3]{7  <0.30505794922978163>, 1  <0.17559233245907413>, 2  <0.19357017703675852>, 3  <0.32577954127438574>}
x[4,4]{0  <1.0>}
x[4,5]{7  <0.45651342795785377>, 1  <0.5434865720421463>}
x[4,6]{7  <0.18356411086912777>, 3  <0.12978788176380163>, 2  <0.6866480073670705>}
x[4,7]{6  <1.0>}
x[5,0]{3  <1.0>}
x[5,1]{5  <0.5840427715270778>, 1  <0.41595722847292216>}
x[5,2]{4  <0.4060029900978151>, 1  <0.3294024050398121>, 5  <0.2645946048623728>}
x[5,3]{4  <0.4754379379365737>, 1  <0.4141906068450308>, 2  <0.11037145521839538>}
x[5,4]{2  <0.8300903461909196>, 5  <0.16990965380908035>}
x[5,5]{6  <1.0>}
x[5,6]{0  <1.0>}
x[5,7]{7  <1.0>}
x[6,0]{4  <1.0>}
x[6,1]{7  <0.31217789097004106>, 1  <0.22058533580989653>, 5  <0.20386467210215092>, 6  <0.26337210111791165>}
x[6,2]{7  <0.10043779076796376>, 1  <0.5092055957387861>, 5  <0.2620331461730015>, 6  <0.12832346732024857>}
x[6,3]{7  <0.1684017309061109>, 1  <0.40077619083938>, 6  <0.43082207825450913>}
x[6,4]{3  <1.0>}
x[6,5]{2  <1.0>}
x[6,6]{7  <0.332681838202776>, 6  <0.08659332873586019>, 5  <0.5807248330613638>}
x[6,7]{0  <1.0>}
x[7,0]{0  <1.0>}
x[7,1]{3  <0.44973993876572355>, 1  <0.1613486296064038>, 6  <0.3889114316278728>}
x[7,2]{2  <1.0>}
x[7,3]{5  <1.0>}
x[7,4]{7  <1.0>}
x[7,5]{4  <1.0>}
x[7,6]{3  <0.2677781696435042>, 6  <0.7322218303564958>}
x[7,7]{3  <0.13425114264799068>, 1  <0.8657488573520093>}
problem entropy = 0.0
smallest variable entropy = 1.7976931348623157E308
### branching on x[0,0]=6
##### after BP iteration 1 #####
x[0,0]{6  <1.0>}
x[0,1]{2  <1.0>}
x[0,2]{7  <1.0>}
x[0,3]{0  <1.0>}
x[0,4]{4  <1.0>}
x[0,5]{3  <1.0>}
x[0,6]{1  <1.0>}
x[0,7]{5  <1.0>}
x[1,0]{7  <1.0>}
x[1,1]{0  <1.0>}
x[1,2]{4  <0.34021825207522266>, 6  <0.5188778644474297>, 3  <0.14090388347734764>}
x[1,3]{4  <0.14055676893235114>, 6  <0.4126187392576686>, 2  <0.23301395064238606>, 3  <0.21381054116759418>}
x[1,4]{1  <1.0>}
x[1,5]{5  <1.0>}
x[1,6]{4  <0.4167042054519237>, 6  <0.1796598277074874>, 2  <0.15853543204713083>, 3  <0.24510053479345806>}
x[1,7]{4  <0.21090120115424496>, 3  <0.10309717204859403>, 2  <0.6860016267971609>}
x[2,0]{1  <1.0>}
x[2,1]{7  <0.5024026912859425>, 5  <0.05958523893794807>, 6  <0.15816498351859828>, 3  <0.2798470862575112>}
x[2,2]{4  <0.3064895395662442>, 5  <0.3156638889925709>, 6  <0.3155105342600966>, 3  <0.06233603718108842>}
x[2,3]{7  <0.18086614983095806>, 6  <0.14313437225956244>, 2  <0.31695550596837846>, 3  <0.18866227508739625>, 4  <0.17038169685370483>}
x[2,4]{6  <0.37164994632674775>, 5  <0.44931932574649913>, 2  <0.17903072792675312>}
x[2,5]{0  <1.0>}
x[2,6]{7  <0.26273040086417454>, 6  <0.04250048027797111>, 2  <0.15917043233364414>, 3  <0.12334982859523147>, 4  <0.27865877974659137>, 5  <0.13359007818238727>}
x[2,7]{4  <0.3604592599458334>, 3  <0.14437836980756444>, 2  <0.49516237024660226>}
x[3,0]{2  <1.0>}
x[3,1]{6  <0.18007215177717242>, 1  <0.14643653719958116>, 7  <0.18337353056131345>, 3  <0.31980061886372974>, 5  <0.1703171615982032>}
x[3,2]{0  <1.0>}
x[3,3]{6  <0.2867107015522665>, 1  <0.08609521928120425>, 7  <0.2291776144786419>, 3  <0.15553697428897997>, 4  <0.24247949039890743>}
x[3,4]{6  <0.3545688525491342>, 5  <0.6454311474508658>}
x[3,5]{7  <0.3672032352182576>, 1  <0.6327967647817425>}
x[3,6]{6  <0.053523557458451075>, 5  <0.21295560924182408>, 7  <0.11722686862063544>, 3  <0.15509895629415468>, 4  <0.46119500838493466>}
x[3,7]{3  <0.3845642997117591>, 1  <0.12189367556717184>, 4  <0.49354202472106906>}
x[4,0]{5  <1.0>}
x[4,1]{4  <1.0>}
x[4,2]{3  <0.6375183453334324>, 1  <0.36248165466656757>}
x[4,3]{7  <0.22968278794774863>, 1  <0.1983041577634859>, 2  <0.40251482548920814>, 3  <0.16949822879955734>}
x[4,4]{0  <1.0>}
x[4,5]{7  <0.7031341805420537>, 1  <0.2968658194579462>}
x[4,6]{7  <0.15130539919602504>, 3  <0.07548147782992987>, 2  <0.7732131229740451>}
x[4,7]{6  <1.0>}
x[5,0]{3  <1.0>}
x[5,1]{5  <0.6874013296519697>, 1  <0.31259867034803035>}
x[5,2]{4  <0.48270961270489154>, 1  <0.25434589686768466>, 5  <0.26294449042742385>}
x[5,3]{4  <0.5593028223857046>, 1  <0.28394405841391046>, 2  <0.15675311920038484>}
x[5,4]{2  <0.9528893232111503>, 5  <0.047110676788849705>}
x[5,5]{6  <1.0>}
x[5,6]{0  <1.0>}
x[5,7]{7  <1.0>}
x[6,0]{4  <1.0>}
x[6,1]{7  <0.36466473465711>, 1  <0.16721010957180593>, 5  <0.18278844023858626>, 6  <0.28533671553249784>}
x[6,2]{6  <0.3007051730366492>, 1  <0.38925745848011156>, 5  <0.31003736848323926>}
x[6,3]{7  <0.19180977009720238>, 1  <0.3273623359117465>, 6  <0.48082789399105114>}
x[6,4]{3  <1.0>}
x[6,5]{2  <1.0>}
x[6,6]{7  <0.4672594110098912>, 6  <0.06603634719264005>, 5  <0.4667042417974688>}
x[6,7]{0  <1.0>}
x[7,0]{0  <1.0>}
x[7,1]{3  <0.5077894701954766>, 1  <0.16065997371608412>, 6  <0.3315505560884392>}
x[7,2]{2  <1.0>}
x[7,3]{5  <1.0>}
x[7,4]{7  <1.0>}
x[7,5]{4  <1.0>}
x[7,6]{3  <0.3482786818196463>, 6  <0.6517213181803536>}
x[7,7]{3  <0.1929231697614922>, 1  <0.8070768302385077>}
problem entropy = 0.0
smallest variable entropy = 1.7976931348623157E308
### branching on x[3,4]=5
##### after BP iteration 1 #####
x[0,0]{6  <1.0>}
x[0,1]{2  <1.0>}
x[0,2]{7  <1.0>}
x[0,3]{0  <1.0>}
x[0,4]{4  <1.0>}
x[0,5]{3  <1.0>}
x[0,6]{1  <1.0>}
x[0,7]{5  <1.0>}
x[1,0]{7  <1.0>}
x[1,1]{0  <1.0>}
x[1,2]{4  <0.0936612149139642>, 6  <0.7663295298136761>, 3  <0.1400092552723598>}
x[1,3]{4  <0.10163586732800847>, 6  <0.21711292405794486>, 2  <0.2619316400080457>, 3  <0.41931956860600084>}
x[1,4]{1  <1.0>}
x[1,5]{5  <1.0>}
x[1,6]{4  <0.2541197228851168>, 6  <0.21812929192932587>, 2  <0.12467349477681154>, 3  <0.40307749040874585>}
x[1,7]{4  <0.24744256764640002>, 3  <0.3307496263750564>, 2  <0.42180780597854356>}
x[2,0]{1  <1.0>}
x[2,1]{7  <0.5911654589346248>, 5  <0.09674902004019605>, 3  <0.31208552102517906>}
x[2,2]{4  <0.19175775958288413>, 5  <0.7226026704482519>, 3  <0.08563956996886388>}
x[2,3]{7  <0.18209490203187403>, 4  <0.09077355572733739>, 2  <0.44559786489508174>, 3  <0.2815336773457069>}
x[2,4]{6  <1.0>}
x[2,5]{0  <1.0>}
x[2,6]{7  <0.3318685425243261>, 5  <0.3733208662942116>, 2  <0.1212105091598347>, 3  <0.07528952687174205>, 4  <0.09831055514988563>}
x[2,7]{4  <0.3534866180008196>, 3  <0.29356858213302417>, 2  <0.35294479986615623>}
x[3,0]{2  <1.0>}
x[3,1]{6  <0.4620142674689137>, 1  <0.1674744285557272>, 7  <0.16143426910005845>, 3  <0.20907703487530058>}
x[3,2]{0  <1.0>}
x[3,3]{6  <0.42958359325623685>, 1  <0.061609856859044125>, 7  <0.2633234895820909>, 3  <0.16100677492479099>, 4  <0.08447628537783719>}
x[3,4]{5  <1.0>}
x[3,5]{7  <0.21117340501555767>, 1  <0.7888265949844423>}
x[3,6]{6  <0.17069800551052927>, 4  <0.3835677763292881>, 7  <0.2226490338903439>, 3  <0.2230851842698387>}
x[3,7]{3  <0.4809633967889694>, 1  <0.1168432355290262>, 4  <0.40219336768200437>}
x[4,0]{5  <1.0>}
x[4,1]{4  <1.0>}
x[4,2]{3  <0.6554974950064492>, 1  <0.34450250499355084>}
x[4,3]{7  <0.17711348302563462>, 1  <0.22827717096695604>, 2  <0.3149197685636704>, 3  <0.27968957744373896>}
x[4,4]{0  <1.0>}
x[4,5]{7  <0.6977978606084037>, 1  <0.30220213939159635>}
x[4,6]{7  <0.2401902446764502>, 3  <0.1352916556301974>, 2  <0.6245180996933524>}
x[4,7]{6  <1.0>}
x[5,0]{3  <1.0>}
x[5,1]{5  <0.7213624085110085>, 1  <0.2786375914889914>}
x[5,2]{4  <0.34145959200188136>, 1  <0.320141879986979>, 5  <0.3383985280111397>}
x[5,3]{4  <0.5859117277709064>, 1  <0.4140882722290936>}
x[5,4]{2  <1.0>}
x[5,5]{6  <1.0>}
x[5,6]{0  <1.0>}
x[5,7]{7  <1.0>}
x[6,0]{4  <1.0>}
x[6,1]{7  <0.2030865250028063>, 1  <0.29371157784462065>, 5  <0.1972483946409895>, 6  <0.3059535025115836>}
x[6,2]{6  <0.29726614352637265>, 1  <0.4240081677330525>, 5  <0.27872568874057485>}
x[6,3]{7  <0.2562795593400788>, 1  <0.4530419321896832>, 6  <0.290678508470238>}
x[6,4]{3  <1.0>}
x[6,5]{2  <1.0>}
x[6,6]{7  <0.2670532366433025>, 6  <0.02337843283267666>, 5  <0.7095683305240208>}
x[6,7]{0  <1.0>}
x[7,0]{0  <1.0>}
x[7,1]{3  <0.3327588804354172>, 1  <0.310925967219953>, 6  <0.35631515234462974>}
x[7,2]{2  <1.0>}
x[7,3]{5  <1.0>}
x[7,4]{7  <1.0>}
x[7,5]{4  <1.0>}
x[7,6]{3  <0.3637812972289551>, 6  <0.6362187027710449>}
x[7,7]{3  <0.15776718476810397>, 1  <0.8422328152318961>}
problem entropy = 0.0
smallest variable entropy = 1.7976931348623157E308
### branching on x[3,5]=1
##### after BP iteration 1 #####
x[0,0]{6  <1.0>}
x[0,1]{2  <1.0>}
x[0,2]{7  <1.0>}
x[0,3]{0  <1.0>}
x[0,4]{4  <1.0>}
x[0,5]{3  <1.0>}
x[0,6]{1  <1.0>}
x[0,7]{5  <1.0>}
x[1,0]{7  <1.0>}
x[1,1]{0  <1.0>}
x[1,2]{4  <0.22976521030508265>, 6  <0.6319984930878354>, 3  <0.13823629660708195>}
x[1,3]{4  <0.1722988746102626>, 6  <0.10201977672627578>, 2  <0.42014271283544763>, 3  <0.3055386358280141>}
x[1,4]{1  <1.0>}
x[1,5]{5  <1.0>}
x[1,6]{4  <0.5329419885586459>, 6  <0.09047846385161314>, 2  <0.14680738313770925>, 3  <0.22977216445203164>}
x[1,7]{4  <0.2912862830425734>, 3  <0.22505502787827775>, 2  <0.48365868907914894>}
x[2,0]{1  <1.0>}
x[2,1]{7  <0.6626876639715035>, 5  <0.1859235679096443>, 3  <0.15138876811885224>}
x[2,2]{4  <0.5286989558428994>, 5  <0.3477629113591054>, 3  <0.12353813279799519>}
x[2,3]{7  <0.18066676396218254>, 4  <0.12918973873059852>, 2  <0.49647525253072233>, 3  <0.1936682447764967>}
x[2,4]{6  <1.0>}
x[2,5]{0  <1.0>}
x[2,6]{7  <0.29790899151735434>, 5  <0.4399368588896915>, 2  <0.0334178412977934>, 3  <0.04872425160298978>, 4  <0.18001205669217105>}
x[2,7]{4  <0.27579224646004724>, 3  <0.2445868668052391>, 2  <0.4796208867347136>}
x[3,0]{2  <1.0>}
x[3,1]{6  <0.582570611923939>, 3  <0.17238427568150483>, 7  <0.24504511239455623>}
x[3,2]{0  <1.0>}
x[3,3]{6  <0.3171032639475572>, 4  <0.06430532604069883>, 7  <0.5485581560386159>, 3  <0.07003325397312807>}
x[3,4]{5  <1.0>}
x[3,5]{1  <1.0>}
x[3,6]{6  <0.08555672663075577>, 4  <0.4249398460977121>, 7  <0.35934141456680846>, 3  <0.13016201270472377>}
x[3,7]{3  <0.38536158316456975>, 4  <0.6146384168354302>}
x[4,0]{5  <1.0>}
x[4,1]{4  <1.0>}
x[4,2]{3  <0.5044844390667904>, 1  <0.4955155609332096>}
x[4,3]{3  <0.33688717404061913>, 1  <0.5011583273344475>, 2  <0.16195449862493325>}
x[4,4]{0  <1.0>}
x[4,5]{7  <1.0>}
x[4,6]{2  <0.8383263222488723>, 3  <0.1616736777511278>}
x[4,7]{6  <1.0>}
x[5,0]{3  <1.0>}
x[5,1]{5  <0.505321937022594>, 1  <0.49467806297740613>}
x[5,2]{4  <0.6207569715384801>, 1  <0.2409192006415953>, 5  <0.1383238278199247>}
x[5,3]{4  <0.6846964757443027>, 1  <0.31530352425569735>}
x[5,4]{2  <1.0>}
x[5,5]{6  <1.0>}
x[5,6]{0  <1.0>}
x[5,7]{7  <1.0>}
x[6,0]{4  <1.0>}
x[6,1]{7  <0.1854604240800393>, 1  <0.5399903759083973>, 5  <0.2192563878563534>, 6  <0.055292812155209994>}
x[6,2]{6  <0.4138303836372609>, 1  <0.4679952285729476>, 5  <0.11817438778979149>}
x[6,3]{7  <0.6346648825492226>, 1  <0.17797796468784477>, 6  <0.18735715276293258>}
x[6,4]{3  <1.0>}
x[6,5]{2  <1.0>}
x[6,6]{7  <0.362874635715907>, 6  <0.020475023554877923>, 5  <0.6166503407292151>}
x[6,7]{0  <1.0>}
x[7,0]{0  <1.0>}
x[7,1]{3  <0.5519659247822849>, 6  <0.448034075217715>}
x[7,2]{2  <1.0>}
x[7,3]{5  <1.0>}
x[7,4]{7  <1.0>}
x[7,5]{4  <1.0>}
x[7,6]{3  <0.4835075024668806>, 6  <0.5164924975331194>}
x[7,7]{1  <1.0>}
problem entropy = 0.0
smallest variable entropy = 1.7976931348623157E308
### branching on x[3,7]=4
### branching on x[1,7]=3
##### after BP iteration 1 #####
x[0,0]{6  <1.0>}
x[0,1]{2  <1.0>}
x[0,2]{7  <1.0>}
x[0,3]{0  <1.0>}
x[0,4]{4  <1.0>}
x[0,5]{3  <1.0>}
x[0,6]{1  <1.0>}
x[0,7]{5  <1.0>}
x[1,0]{7  <1.0>}
x[1,1]{0  <1.0>}
x[1,2]{4  <0.22243333036297067>, 6  <0.7775666696370293>}
x[1,3]{4  <0.029572108740393958>, 6  <0.01563009083171427>, 2  <0.9547978004278918>}
x[1,4]{1  <1.0>}
x[1,5]{5  <1.0>}
x[1,6]{4  <0.7699162148427781>, 6  <0.13633747091606024>, 2  <0.0937463142411616>}
x[1,7]{3  <1.0>}
x[2,0]{1  <1.0>}
x[2,1]{7  <0.4348876515411581>, 5  <0.3002805306936737>, 3  <0.2648318177651682>}
x[2,2]{4  <0.40495078979138466>, 5  <0.2595781538733135>, 3  <0.3354710563353018>}
x[2,3]{7  <0.07330443416855377>, 4  <0.14602929398367773>, 3  <0.7806662718477685>}
x[2,4]{6  <1.0>}
x[2,5]{0  <1.0>}
x[2,6]{7  <0.16553398439653796>, 5  <0.527501720636894>, 4  <0.1747958201012263>, 3  <0.13216847486534167>}
x[2,7]{2  <1.0>}
x[3,0]{2  <1.0>}
x[3,1]{6  <0.3775948588588629>, 3  <0.48899676078396165>, 7  <0.13340838035717548>}
x[3,2]{0  <1.0>}
x[3,3]{6  <0.6509349630531006>, 3  <0.12044042761456052>, 7  <0.22862460933233894>}
x[3,4]{5  <1.0>}
x[3,5]{1  <1.0>}
x[3,6]{6  <0.31826894550897267>, 3  <0.360998531387288>, 7  <0.32073252310373934>}
x[3,7]{4  <1.0>}
x[4,0]{5  <1.0>}
x[4,1]{4  <1.0>}
x[4,2]{3  <0.7756337953422888>, 1  <0.2243662046577111>}
x[4,3]{3  <0.24952312809017904>, 1  <0.6768443255016126>, 2  <0.07363254640820845>}
x[4,4]{0  <1.0>}
x[4,5]{7  <1.0>}
x[4,6]{2  <0.9409929028435117>, 3  <0.05900709715648827>}
x[4,7]{6  <1.0>}
x[5,0]{3  <1.0>}
x[5,1]{5  <0.6592107312619143>, 1  <0.3407892687380856>}
x[5,2]{4  <0.2049296430935412>, 1  <0.20368767558936482>, 5  <0.5913826813170939>}
x[5,3]{4  <0.5978526087381009>, 1  <0.4021473912618991>}
x[5,4]{2  <1.0>}
x[5,5]{6  <1.0>}
x[5,6]{0  <1.0>}
x[5,7]{7  <1.0>}
x[6,0]{4  <1.0>}
x[6,1]{7  <0.1280315209834055>, 1  <0.5823112541239963>, 5  <0.2202796978891146>, 6  <0.06937752700348344>}
x[6,2]{6  <0.42628139413912125>, 1  <0.23060943348240687>, 5  <0.34310917237847194>}
x[6,3]{7  <0.38620614610142834>, 1  <0.0860067952235141>, 6  <0.5277870586750576>}
x[6,4]{3  <1.0>}
x[6,5]{2  <1.0>}
x[6,6]{7  <0.25636693225441193>, 6  <0.19670357003160494>, 5  <0.5469294977139831>}
x[6,7]{0  <1.0>}
x[7,0]{0  <1.0>}
x[7,1]{3  <0.6993277414016525>, 6  <0.3006722585983475>}
x[7,2]{2  <1.0>}
x[7,3]{5  <1.0>}
x[7,4]{7  <1.0>}
x[7,5]{4  <1.0>}
x[7,6]{3  <0.45189322955236455>, 6  <0.5481067704476356>}
x[7,7]{1  <1.0>}
problem entropy = 0.0
smallest variable entropy = 1.7976931348623157E308
### branching on x[1,2]=4
##### after BP iteration 1 #####
x[0,0]{6  <1.0>}
x[0,1]{2  <1.0>}
x[0,2]{7  <1.0>}
x[0,3]{0  <1.0>}
x[0,4]{4  <1.0>}
x[0,5]{3  <1.0>}
x[0,6]{1  <1.0>}
x[0,7]{5  <1.0>}
x[1,0]{7  <1.0>}
x[1,1]{0  <1.0>}
x[1,2]{4  <1.0>}
x[1,3]{2  <0.9931183568720049>, 6  <0.006881643127995155>}
x[1,4]{1  <1.0>}
x[1,5]{5  <1.0>}
x[1,6]{2  <0.0423126702705463>, 6  <0.9576873297294536>}
x[1,7]{3  <1.0>}
x[2,0]{1  <1.0>}
x[2,1]{7  <0.9363464515610619>, 5  <0.06365354843893815>}
x[2,2]{3  <0.28485432201767386>, 5  <0.7151456779823262>}
x[2,3]{7  <0.15607857060486696>, 3  <0.843921429395133>}
x[2,4]{6  <1.0>}
x[2,5]{0  <1.0>}
x[2,6]{4  <1.0>}
x[2,7]{2  <1.0>}
x[3,0]{2  <1.0>}
x[3,1]{6  <0.19648642430797214>, 3  <0.8035135756920279>}
x[3,2]{0  <1.0>}
x[3,3]{6  <0.9975497940701189>, 3  <0.002450205929881103>}
x[3,4]{5  <1.0>}
x[3,5]{1  <1.0>}
x[3,6]{7  <1.0>}
x[3,7]{4  <1.0>}
x[4,0]{5  <1.0>}
x[4,1]{4  <1.0>}
x[4,2]{3  <0.3715870662410257>, 1  <0.6284129337589743>}
x[4,3]{3  <0.03626461374241057>, 1  <0.9631474365075541>, 2  <5.87949750035242E-4>}
x[4,4]{0  <1.0>}
x[4,5]{7  <1.0>}
x[4,6]{2  <0.8165877853670909>, 3  <0.1834122146329091>}
x[4,7]{6  <1.0>}
x[5,0]{3  <1.0>}
x[5,1]{5  <0.44836220806416055>, 1  <0.5516377919358395>}
x[5,2]{5  <0.7060977265654321>, 1  <0.29390227343456804>}
x[5,3]{4  <1.0>}
x[5,4]{2  <1.0>}
x[5,5]{6  <1.0>}
x[5,6]{0  <1.0>}
x[5,7]{7  <1.0>}
x[6,0]{4  <1.0>}
x[6,1]{7  <0.09339991003098484>, 1  <0.9066000899690152>}
x[6,2]{6  <1.0>}
x[6,3]{7  <0.9637334925331428>, 1  <0.0362665074668572>}
x[6,4]{3  <1.0>}
x[6,5]{2  <1.0>}
x[6,6]{5  <1.0>}
x[6,7]{0  <1.0>}
x[7,0]{0  <1.0>}
x[7,1]{3  <0.4318942290800253>, 6  <0.5681057709199747>}
x[7,2]{2  <1.0>}
x[7,3]{5  <1.0>}
x[7,4]{7  <1.0>}
x[7,5]{4  <1.0>}
x[7,6]{3  <0.5155409144141503>, 6  <0.48445908558584966>}
x[7,7]{1  <1.0>}
problem entropy = 0.0
smallest variable entropy = 1.7976931348623157E308
### branching on x[1,3]=6
##### after BP iteration 1 #####
x[0,0]{6  <1.0>}
x[0,1]{2  <1.0>}
x[0,2]{7  <1.0>}
x[0,3]{0  <1.0>}
x[0,4]{4  <1.0>}
x[0,5]{3  <1.0>}
x[0,6]{1  <1.0>}
x[0,7]{5  <1.0>}
x[1,0]{7  <1.0>}
x[1,1]{0  <1.0>}
x[1,2]{4  <1.0>}
x[1,3]{6  <1.0>}
x[1,4]{1  <1.0>}
x[1,5]{5  <1.0>}
x[1,6]{2  <1.0>}
x[1,7]{3  <1.0>}
x[2,0]{1  <1.0>}
x[2,1]{5  <1.0>}
x[2,2]{3  <1.0>}
x[2,3]{7  <1.0>}
x[2,4]{6  <1.0>}
x[2,5]{0  <1.0>}
x[2,6]{4  <1.0>}
x[2,7]{2  <1.0>}
x[3,0]{2  <1.0>}
x[3,1]{6  <1.0>}
x[3,2]{0  <1.0>}
x[3,3]{3  <1.0>}
x[3,4]{5  <1.0>}
x[3,5]{1  <1.0>}
x[3,6]{7  <1.0>}
x[3,7]{4  <1.0>}
x[4,0]{5  <1.0>}
x[4,1]{4  <1.0>}
x[4,2]{1  <1.0>}
x[4,3]{2  <1.0>}
x[4,4]{0  <1.0>}
x[4,5]{7  <1.0>}
x[4,6]{3  <1.0>}
x[4,7]{6  <1.0>}
x[5,0]{3  <1.0>}
x[5,1]{1  <1.0>}
x[5,2]{5  <1.0>}
x[5,3]{4  <1.0>}
x[5,4]{2  <1.0>}
x[5,5]{6  <1.0>}
x[5,6]{0  <1.0>}
x[5,7]{7  <1.0>}
x[6,0]{4  <1.0>}
x[6,1]{7  <1.0>}
x[6,2]{6  <1.0>}
x[6,3]{1  <1.0>}
x[6,4]{3  <1.0>}
x[6,5]{2  <1.0>}
x[6,6]{5  <1.0>}
x[6,7]{0  <1.0>}
x[7,0]{0  <1.0>}
x[7,1]{3  <1.0>}
x[7,2]{2  <1.0>}
x[7,3]{5  <1.0>}
x[7,4]{7  <1.0>}
x[7,5]{4  <1.0>}
x[7,6]{6  <1.0>}
x[7,7]{1  <1.0>}
problem entropy = 0.0
smallest variable entropy = 1.7976931348623157E308
### branching on x[1,3]!=6
##### after BP iteration 1 #####
x[0,0]{6  <1.0>}
x[0,1]{2  <1.0>}
x[0,2]{7  <1.0>}
x[0,3]{0  <1.0>}
x[0,4]{4  <1.0>}
x[0,5]{3  <1.0>}
x[0,6]{1  <1.0>}
x[0,7]{5  <1.0>}
x[1,0]{7  <1.0>}
x[1,1]{0  <1.0>}
x[1,2]{4  <1.0>}
x[1,3]{2  <1.0>}
x[1,4]{1  <1.0>}
x[1,5]{5  <1.0>}
x[1,6]{6  <1.0>}
x[1,7]{3  <1.0>}
x[2,0]{1  <1.0>}
x[2,1]{5  <0.22366106634093125>, 7  <0.7763389336590688>}
x[2,2]{3  <0.07130876662674437>, 5  <0.9286912333732557>}
x[2,3]{7  <0.02298702758746651>, 3  <0.9770129724125335>}
x[2,4]{6  <1.0>}
x[2,5]{0  <1.0>}
x[2,6]{4  <1.0>}
x[2,7]{2  <1.0>}
x[3,0]{2  <1.0>}
x[3,1]{3  <1.0>}
x[3,2]{0  <1.0>}
x[3,3]{6  <1.0>}
x[3,4]{5  <1.0>}
x[3,5]{1  <1.0>}
x[3,6]{7  <1.0>}
x[3,7]{4  <1.0>}
x[4,0]{5  <1.0>}
x[4,1]{4  <1.0>}
x[4,2]{1  <0.04607672879930456>, 3  <0.9539232712006954>}
x[4,3]{1  <0.7641379437019759>, 3  <0.23586205629802423>}
x[4,4]{0  <1.0>}
x[4,5]{7  <1.0>}
x[4,6]{2  <1.0>}
x[4,7]{6  <1.0>}
x[5,0]{3  <1.0>}
x[5,1]{1  <0.12158604534335514>, 5  <0.8784139546566448>}
x[5,2]{5  <0.09966167621312844>, 1  <0.9003383237868715>}
x[5,3]{4  <1.0>}
x[5,4]{2  <1.0>}
x[5,5]{6  <1.0>}
x[5,6]{0  <1.0>}
x[5,7]{7  <1.0>}
x[6,0]{4  <1.0>}
x[6,1]{7  <0.05738520105914308>, 1  <0.942614798940857>}
x[6,2]{6  <1.0>}
x[6,3]{1  <0.03570715057030792>, 7  <0.9642928494296922>}
x[6,4]{3  <1.0>}
x[6,5]{2  <1.0>}
x[6,6]{5  <1.0>}
x[6,7]{0  <1.0>}
x[7,0]{0  <1.0>}
x[7,1]{6  <1.0>}
x[7,2]{2  <1.0>}
x[7,3]{5  <1.0>}
x[7,4]{7  <1.0>}
x[7,5]{4  <1.0>}
x[7,6]{3  <1.0>}
x[7,7]{1  <1.0>}
problem entropy = 0.0
smallest variable entropy = 1.7976931348623157E308

	#choice: 8
	#fail: 0
	execution time (ms): 71
	#sols : 1
	completed : false

