{7  <8.0>, 1  <2.0>}
model: max-product-init
FINAL DAMPING FACTOR = 1.0
##### after BP iteration 1 #####
x[0,0]{1  <1.0>}
x[0,1]{3  <1.0>}
x[0,2]{7  <1.0>}
x[0,3]{4  <1.0>}
x[0,4]{2  <1.0>}
x[0,5]{5  <1.0>}
x[0,6]{6  <1.0>}
x[0,7]{0  <1.0>}
x[1,0]{4  <0.0>, 7  <0.0>, 6  <0.0>, 3  <0.0>}
x[1,1]{2  <0.3>, 6  <0.7>}
x[1,2]{1  <1.0>}
x[1,3]{0  <0.3333333333333333>, 7  <0.3333333333333333>, 3  <0.3333333333333333>}
x[1,4]{0  <0.2>, 7  <0.2>, 6  <0.2>, 3  <0.2>, 4  <0.2>}
x[1,5]{0  <0.5>, 7  <0.5>}
x[1,6]{0  <0.3333333333333333>, 3  <0.3333333333333333>, 2  <0.3333333333333333>}
x[1,7]{5  <1.0>}
x[2,0]{2  <1.0>}
x[2,1]{0  <1.0>}
x[2,2]{3  <1.0>}
x[2,3]{6  <1.0>}
x[2,4]{5  <1.0>}
x[2,5]{4  <1.0>}
x[2,6]{7  <1.0>}
x[2,7]{1  <1.0>}
x[3,0]{0  <1.0>}
x[3,1]{7  <1.0>}
x[3,2]{6  <1.0>}
x[3,3]{5  <1.0>}
x[3,4]{1  <1.0>}
x[3,5]{2  <1.0>}
x[3,6]{4  <1.0>}
x[3,7]{3  <1.0>}
x[4,0]{4  <0.0>, 7  <0.0>, 6  <0.0>}
x[4,1]{5  <0.0>, 1  <0.0>}
x[4,2]{0  <0.0>, 4  <0.0>, 2  <0.0>}
x[4,3]{0  <0.0>, 7  <0.0>}
x[4,4]{0  <0.0>, 4  <0.0>, 6  <0.0>, 7  <0.0>}
x[4,5]{3  <1.0>}
x[4,6]{5  <0.0>, 1  <0.0>}
x[4,7]{6  <0.0>, 4  <0.0>, 2  <0.0>, 7  <0.0>}
x[5,0]{3  <0.0>, 6  <0.0>, 7  <0.0>}
x[5,1]{4  <1.0>}
x[5,2]{5  <1.0>}
x[5,3]{1  <1.0>}
x[5,4]{0  <0.25>, 6  <0.25>, 7  <0.25>, 3  <0.25>}
x[5,5]{0  <0.1111111111111111>, 7  <0.8888888888888888>}
x[5,6]{0  <0.3333333333333333>, 3  <0.3333333333333333>, 2  <0.3333333333333333>}
x[5,7]{7  <0.0>, 6  <0.0>, 2  <0.0>}
x[6,0]{6  <0.0>, 4  <0.0>, 7  <0.0>, 3  <0.0>}
x[6,1]{5  <0.5>, 6  <0.5>}
x[6,2]{0  <0.0>, 4  <0.0>}
x[6,3]{2  <1.0>}
x[6,4]{0  <0.2>, 6  <0.2>, 7  <0.2>, 3  <0.2>, 4  <0.2>}
x[6,5]{1  <1.0>}
x[6,6]{0  <0.0909090909090909>, 3  <0.3636363636363636>, 5  <0.5454545454545454>}
x[6,7]{6  <0.0>, 4  <0.0>, 7  <0.0>}
x[7,0]{5  <1.0>}
x[7,1]{2  <0.5>, 1  <0.5>}
x[7,2]{0  <0.0>, 4  <0.0>, 2  <0.0>}
x[7,3]{0  <0.3333333333333333>, 7  <0.3333333333333333>, 3  <0.3333333333333333>}
x[7,4]{0  <0.25>, 4  <0.25>, 7  <0.25>, 3  <0.25>}
x[7,5]{6  <1.0>}
x[7,6]{0  <0.25>, 1  <0.25>, 2  <0.25>, 3  <0.25>}
x[7,7]{7  <0.0>, 4  <0.0>, 2  <0.0>}
problem entropy = 0.0
smallest variable entropy = 1.7976931348623157E308
### branching on x[1,1]=2
##### after BP iteration 1 #####
x[0,0]{1  <1.0>}
x[0,1]{3  <1.0>}
x[0,2]{7  <1.0>}
x[0,3]{4  <1.0>}
x[0,4]{2  <1.0>}
x[0,5]{5  <1.0>}
x[0,6]{6  <1.0>}
x[0,7]{0  <1.0>}
x[1,0]{4  <0.0>, 6  <0.0>}
x[1,1]{2  <1.0>}
x[1,2]{1  <1.0>}
x[1,3]{0  <0.0>, 7  <0.0>, 3  <0.0>}
x[1,4]{4  <0.0>, 6  <0.0>}
x[1,5]{0  <0.0>, 7  <0.0>}
x[1,6]{0  <0.0>, 3  <0.0>}
x[1,7]{5  <1.0>}
x[2,0]{2  <1.0>}
x[2,1]{0  <1.0>}
x[2,2]{3  <1.0>}
x[2,3]{6  <1.0>}
x[2,4]{5  <1.0>}
x[2,5]{4  <1.0>}
x[2,6]{7  <1.0>}
x[2,7]{1  <1.0>}
x[3,0]{0  <1.0>}
x[3,1]{7  <1.0>}
x[3,2]{6  <1.0>}
x[3,3]{5  <1.0>}
x[3,4]{1  <1.0>}
x[3,5]{2  <1.0>}
x[3,6]{4  <1.0>}
x[3,7]{3  <1.0>}
x[4,0]{4  <0.3333333333333333>, 7  <0.3333333333333333>, 6  <0.3333333333333333>}
x[4,1]{5  <1.0>}
x[4,2]{0  <0.3333333333333333>, 4  <0.3333333333333333>, 2  <0.3333333333333333>}
x[4,3]{0  <0.5>, 7  <0.5>}
x[4,4]{0  <0.047619047619047616>, 4  <0.23809523809523808>, 6  <0.3333333333333333>, 7  <0.38095238095238093>}
x[4,5]{3  <1.0>}
x[4,6]{1  <1.0>}
x[4,7]{6  <0.25>, 4  <0.25>, 2  <0.25>, 7  <0.25>}
x[5,0]{3  <0.0>, 6  <0.0>, 7  <0.0>}
x[5,1]{4  <1.0>}
x[5,2]{5  <1.0>}
x[5,3]{1  <1.0>}
x[5,4]{0  <0.0>, 6  <0.0>, 7  <0.0>, 3  <0.0>}
x[5,5]{0  <0.0>, 7  <0.0>}
x[5,6]{0  <0.0>, 3  <0.0>, 2  <0.0>}
x[5,7]{7  <0.0>, 6  <0.0>, 2  <0.0>}
x[6,0]{3  <0.0>, 4  <0.0>, 7  <0.0>}
x[6,1]{6  <1.0>}
x[6,2]{0  <0.0>, 4  <0.0>}
x[6,3]{2  <1.0>}
x[6,4]{0  <0.0>, 4  <0.0>, 7  <0.0>, 3  <0.0>}
x[6,5]{1  <1.0>}
x[6,6]{5  <1.0>}
x[6,7]{7  <0.0>, 4  <0.0>}
x[7,0]{5  <1.0>}
x[7,1]{1  <1.0>}
x[7,2]{0  <0.0>, 4  <0.0>, 2  <0.0>}
x[7,3]{0  <0.0>, 7  <0.0>, 3  <0.0>}
x[7,4]{0  <0.0>, 4  <0.0>, 7  <0.0>, 3  <0.0>}
x[7,5]{6  <1.0>}
x[7,6]{0  <0.0>, 3  <0.0>, 2  <0.0>}
x[7,7]{7  <0.0>, 4  <0.0>, 2  <0.0>}
problem entropy = 0.0
smallest variable entropy = 1.7976931348623157E308
### branching on x[1,0]=6
##### after BP iteration 1 #####
x[0,0]{1  <1.0>}
x[0,1]{3  <1.0>}
x[0,2]{7  <1.0>}
x[0,3]{4  <1.0>}
x[0,4]{2  <1.0>}
x[0,5]{5  <1.0>}
x[0,6]{6  <1.0>}
x[0,7]{0  <1.0>}
x[1,0]{6  <1.0>}
x[1,1]{2  <1.0>}
x[1,2]{1  <1.0>}
x[1,3]{0  <0.0>, 7  <0.0>, 3  <0.0>}
x[1,4]{4  <1.0>}
x[1,5]{0  <0.0>, 7  <0.0>}
x[1,6]{0  <0.0>, 3  <0.0>}
x[1,7]{5  <1.0>}
x[2,0]{2  <1.0>}
x[2,1]{0  <1.0>}
x[2,2]{3  <1.0>}
x[2,3]{6  <1.0>}
x[2,4]{5  <1.0>}
x[2,5]{4  <1.0>}
x[2,6]{7  <1.0>}
x[2,7]{1  <1.0>}
x[3,0]{0  <1.0>}
x[3,1]{7  <1.0>}
x[3,2]{6  <1.0>}
x[3,3]{5  <1.0>}
x[3,4]{1  <1.0>}
x[3,5]{2  <1.0>}
x[3,6]{4  <1.0>}
x[3,7]{3  <1.0>}
x[4,0]{4  <0.0>, 7  <0.0>}
x[4,1]{5  <1.0>}
x[4,2]{0  <0.0>, 4  <0.0>, 2  <0.0>}
x[4,3]{0  <0.0>, 7  <0.0>}
x[4,4]{0  <0.0>, 7  <0.0>, 6  <0.0>}
x[4,5]{3  <1.0>}
x[4,6]{1  <1.0>}
x[4,7]{6  <0.0>, 4  <0.0>, 2  <0.0>, 7  <0.0>}
x[5,0]{3  <0.0>, 7  <0.0>}
x[5,1]{4  <1.0>}
x[5,2]{5  <1.0>}
x[5,3]{1  <1.0>}
x[5,4]{0  <0.0>, 6  <0.0>, 7  <0.0>, 3  <0.0>}
x[5,5]{0  <0.0>, 7  <0.0>}
x[5,6]{0  <0.0>, 3  <0.0>, 2  <0.0>}
x[5,7]{7  <0.0>, 6  <0.0>, 2  <0.0>}
x[6,0]{3  <0.0>, 4  <0.0>, 7  <0.0>}
x[6,1]{6  <1.0>}
x[6,2]{0  <0.0>, 4  <0.0>}
x[6,3]{2  <1.0>}
x[6,4]{0  <0.0>, 3  <0.0>, 7  <0.0>}
x[6,5]{1  <1.0>}
x[6,6]{5  <1.0>}
x[6,7]{7  <0.0>, 4  <0.0>}
x[7,0]{5  <1.0>}
x[7,1]{1  <1.0>}
x[7,2]{0  <0.0>, 4  <0.0>, 2  <0.0>}
x[7,3]{0  <0.0>, 7  <0.0>, 3  <0.0>}
x[7,4]{0  <0.0>, 3  <0.0>, 7  <0.0>}
x[7,5]{6  <1.0>}
x[7,6]{0  <0.0>, 3  <0.0>, 2  <0.0>}
x[7,7]{7  <0.0>, 4  <0.0>, 2  <0.0>}
problem entropy = 0.0
smallest variable entropy = 1.7976931348623157E308
### branching on x[1,5]=0
##### after BP iteration 1 #####
x[0,0]{1  <1.0>}
x[0,1]{3  <1.0>}
x[0,2]{7  <1.0>}
x[0,3]{4  <1.0>}
x[0,4]{2  <1.0>}
x[0,5]{5  <1.0>}
x[0,6]{6  <1.0>}
x[0,7]{0  <1.0>}
x[1,0]{6  <1.0>}
x[1,1]{2  <1.0>}
x[1,2]{1  <1.0>}
x[1,3]{7  <1.0>}
x[1,4]{4  <1.0>}
x[1,5]{0  <1.0>}
x[1,6]{3  <1.0>}
x[1,7]{5  <1.0>}
x[2,0]{2  <1.0>}
x[2,1]{0  <1.0>}
x[2,2]{3  <1.0>}
x[2,3]{6  <1.0>}
x[2,4]{5  <1.0>}
x[2,5]{4  <1.0>}
x[2,6]{7  <1.0>}
x[2,7]{1  <1.0>}
x[3,0]{0  <1.0>}
x[3,1]{7  <1.0>}
x[3,2]{6  <1.0>}
x[3,3]{5  <1.0>}
x[3,4]{1  <1.0>}
x[3,5]{2  <1.0>}
x[3,6]{4  <1.0>}
x[3,7]{3  <1.0>}
x[4,0]{4  <0.0>, 7  <0.0>}
x[4,1]{5  <1.0>}
x[4,2]{2  <0.0>, 4  <0.0>}
x[4,3]{0  <1.0>}
x[4,4]{6  <0.0>, 7  <0.0>}
x[4,5]{3  <1.0>}
x[4,6]{1  <1.0>}
x[4,7]{6  <0.0>, 4  <0.0>, 2  <0.0>, 7  <0.0>}
x[5,0]{3  <1.0>}
x[5,1]{4  <1.0>}
x[5,2]{5  <1.0>}
x[5,3]{1  <1.0>}
x[5,4]{0  <0.0>, 6  <0.0>}
x[5,5]{7  <1.0>}
x[5,6]{0  <0.0>, 2  <0.0>}
x[5,7]{2  <0.0>, 6  <0.0>}
x[6,0]{7  <0.0>, 4  <0.0>}
x[6,1]{6  <1.0>}
x[6,2]{0  <1.0>}
x[6,3]{2  <1.0>}
x[6,4]{3  <1.0>}
x[6,5]{1  <1.0>}
x[6,6]{5  <1.0>}
x[6,7]{7  <0.0>, 4  <0.0>}
x[7,0]{5  <1.0>}
x[7,1]{1  <1.0>}
x[7,2]{2  <0.0>, 4  <0.0>}
x[7,3]{3  <1.0>}
x[7,4]{0  <0.0>, 7  <0.0>}
x[7,5]{6  <1.0>}
x[7,6]{0  <0.0>, 2  <0.0>}
x[7,7]{7  <0.0>, 4  <0.0>, 2  <0.0>}
problem entropy = 0.0
smallest variable entropy = 1.7976931348623157E308
### branching on x[4,0]=4
##### after BP iteration 1 #####
x[0,0]{1  <1.0>}
x[0,1]{3  <1.0>}
x[0,2]{7  <1.0>}
x[0,3]{4  <1.0>}
x[0,4]{2  <1.0>}
x[0,5]{5  <1.0>}
x[0,6]{6  <1.0>}
x[0,7]{0  <1.0>}
x[1,0]{6  <1.0>}
x[1,1]{2  <1.0>}
x[1,2]{1  <1.0>}
x[1,3]{7  <1.0>}
x[1,4]{4  <1.0>}
x[1,5]{0  <1.0>}
x[1,6]{3  <1.0>}
x[1,7]{5  <1.0>}
x[2,0]{2  <1.0>}
x[2,1]{0  <1.0>}
x[2,2]{3  <1.0>}
x[2,3]{6  <1.0>}
x[2,4]{5  <1.0>}
x[2,5]{4  <1.0>}
x[2,6]{7  <1.0>}
x[2,7]{1  <1.0>}
x[3,0]{0  <1.0>}
x[3,1]{7  <1.0>}
x[3,2]{6  <1.0>}
x[3,3]{5  <1.0>}
x[3,4]{1  <1.0>}
x[3,5]{2  <1.0>}
x[3,6]{4  <1.0>}
x[3,7]{3  <1.0>}
x[4,0]{4  <1.0>}
x[4,1]{5  <1.0>}
x[4,2]{2  <1.0>}
x[4,3]{0  <1.0>}
x[4,4]{6  <0.0>, 7  <0.0>}
x[4,5]{3  <1.0>}
x[4,6]{1  <1.0>}
x[4,7]{6  <0.0>, 7  <0.0>}
x[5,0]{3  <1.0>}
x[5,1]{4  <1.0>}
x[5,2]{5  <1.0>}
x[5,3]{1  <1.0>}
x[5,4]{0  <0.0>, 6  <0.0>}
x[5,5]{7  <1.0>}
x[5,6]{0  <0.0>, 2  <0.0>}
x[5,7]{2  <0.0>, 6  <0.0>}
x[6,0]{7  <1.0>}
x[6,1]{6  <1.0>}
x[6,2]{0  <1.0>}
x[6,3]{2  <1.0>}
x[6,4]{3  <1.0>}
x[6,5]{1  <1.0>}
x[6,6]{5  <1.0>}
x[6,7]{4  <1.0>}
x[7,0]{5  <1.0>}
x[7,1]{1  <1.0>}
x[7,2]{4  <1.0>}
x[7,3]{3  <1.0>}
x[7,4]{0  <0.0>, 7  <0.0>}
x[7,5]{6  <1.0>}
x[7,6]{0  <0.0>, 2  <0.0>}
x[7,7]{7  <0.0>, 2  <0.0>}
problem entropy = 0.0
smallest variable entropy = 1.7976931348623157E308
### branching on x[4,4]=7
##### after BP iteration 1 #####
x[0,0]{1  <1.0>}
x[0,1]{3  <1.0>}
x[0,2]{7  <1.0>}
x[0,3]{4  <1.0>}
x[0,4]{2  <1.0>}
x[0,5]{5  <1.0>}
x[0,6]{6  <1.0>}
x[0,7]{0  <1.0>}
x[1,0]{6  <1.0>}
x[1,1]{2  <1.0>}
x[1,2]{1  <1.0>}
x[1,3]{7  <1.0>}
x[1,4]{4  <1.0>}
x[1,5]{0  <1.0>}
x[1,6]{3  <1.0>}
x[1,7]{5  <1.0>}
x[2,0]{2  <1.0>}
x[2,1]{0  <1.0>}
x[2,2]{3  <1.0>}
x[2,3]{6  <1.0>}
x[2,4]{5  <1.0>}
x[2,5]{4  <1.0>}
x[2,6]{7  <1.0>}
x[2,7]{1  <1.0>}
x[3,0]{0  <1.0>}
x[3,1]{7  <1.0>}
x[3,2]{6  <1.0>}
x[3,3]{5  <1.0>}
x[3,4]{1  <1.0>}
x[3,5]{2  <1.0>}
x[3,6]{4  <1.0>}
x[3,7]{3  <1.0>}
x[4,0]{4  <1.0>}
x[4,1]{5  <1.0>}
x[4,2]{2  <1.0>}
x[4,3]{0  <1.0>}
x[4,4]{7  <1.0>}
x[4,5]{3  <1.0>}
x[4,6]{1  <1.0>}
x[4,7]{6  <1.0>}
x[5,0]{3  <1.0>}
x[5,1]{4  <1.0>}
x[5,2]{5  <1.0>}
x[5,3]{1  <1.0>}
x[5,4]{6  <1.0>}
x[5,5]{7  <1.0>}
x[5,6]{0  <1.0>}
x[5,7]{2  <1.0>}
x[6,0]{7  <1.0>}
x[6,1]{6  <1.0>}
x[6,2]{0  <1.0>}
x[6,3]{2  <1.0>}
x[6,4]{3  <1.0>}
x[6,5]{1  <1.0>}
x[6,6]{5  <1.0>}
x[6,7]{4  <1.0>}
x[7,0]{5  <1.0>}
x[7,1]{1  <1.0>}
x[7,2]{4  <1.0>}
x[7,3]{3  <1.0>}
x[7,4]{0  <1.0>}
x[7,5]{6  <1.0>}
x[7,6]{2  <1.0>}
x[7,7]{7  <1.0>}
problem entropy = 0.0
smallest variable entropy = 1.7976931348623157E308
### branching on x[4,4]!=7
##### after BP iteration 1 #####
x[0,0]{1  <1.0>}
x[0,1]{3  <1.0>}
x[0,2]{7  <1.0>}
x[0,3]{4  <1.0>}
x[0,4]{2  <1.0>}
x[0,5]{5  <1.0>}
x[0,6]{6  <1.0>}
x[0,7]{0  <1.0>}
x[1,0]{6  <1.0>}
x[1,1]{2  <1.0>}
x[1,2]{1  <1.0>}
x[1,3]{7  <1.0>}
x[1,4]{4  <1.0>}
x[1,5]{0  <1.0>}
x[1,6]{3  <1.0>}
x[1,7]{5  <1.0>}
x[2,0]{2  <1.0>}
x[2,1]{0  <1.0>}
x[2,2]{3  <1.0>}
x[2,3]{6  <1.0>}
x[2,4]{5  <1.0>}
x[2,5]{4  <1.0>}
x[2,6]{7  <1.0>}
x[2,7]{1  <1.0>}
x[3,0]{0  <1.0>}
x[3,1]{7  <1.0>}
x[3,2]{6  <1.0>}
x[3,3]{5  <1.0>}
x[3,4]{1  <1.0>}
x[3,5]{2  <1.0>}
x[3,6]{4  <1.0>}
x[3,7]{3  <1.0>}
x[4,0]{4  <1.0>}
x[4,1]{5  <1.0>}
x[4,2]{2  <1.0>}
x[4,3]{0  <1.0>}
x[4,4]{6  <1.0>}
x[4,5]{3  <1.0>}
x[4,6]{1  <1.0>}
x[4,7]{7  <1.0>}
x[5,0]{3  <1.0>}
x[5,1]{4  <1.0>}
x[5,2]{5  <1.0>}
x[5,3]{1  <1.0>}
x[5,4]{0  <1.0>}
x[5,5]{7  <1.0>}
x[5,6]{2  <1.0>}
x[5,7]{6  <1.0>}
x[6,0]{7  <1.0>}
x[6,1]{6  <1.0>}
x[6,2]{0  <1.0>}
x[6,3]{2  <1.0>}
x[6,4]{3  <1.0>}
x[6,5]{1  <1.0>}
x[6,6]{5  <1.0>}
x[6,7]{4  <1.0>}
x[7,0]{5  <1.0>}
x[7,1]{1  <1.0>}
x[7,2]{4  <1.0>}
x[7,3]{3  <1.0>}
x[7,4]{7  <1.0>}
x[7,5]{6  <1.0>}
x[7,6]{0  <1.0>}
x[7,7]{2  <1.0>}
problem entropy = 0.0
smallest variable entropy = 1.7976931348623157E308

	#choice: 6
	#fail: 0
	execution time (ms): 35
	#sols : 1
	completed : false

