{0  <1.0>, 6  <1.0>, 5  <1.0>}
model: sum-product-oracle
FINAL DAMPING FACTOR = 1.0
##### after BP iteration 1 #####
x[0,0]{0  <0.0654685165202726>, 6  <0.507564903359417>, 5  <0.4269665801203105>}
x[0,1]{4  <1.0>}
x[0,2]{1  <1.0>}
x[0,3]{0  <0.7231208571309459>, 6  <0.1712663804004948>, 5  <0.10561276246855937>}
x[0,4]{3  <1.0>}
x[0,5]{7  <1.0>}
x[0,6]{0  <0.46349637419466666>, 6  <0.3464016410019356>, 5  <0.19010198480339757>}
x[0,7]{2  <1.0>}
x[1,0]{0  <0.23104539226004778>, 1  <0.22709817081132783>, 6  <0.11905694602422451>, 5  <0.1056105922090753>, 7  <0.3171888986953245>}
x[1,1]{0  <0.024883750157094375>, 1  <0.27045368857609653>, 6  <0.24544426291315824>, 5  <0.4592182983536508>}
x[1,2]{4  <1.0>}
x[1,3]{2  <1.0>}
x[1,4]{5  <0.343553421597732>, 7  <0.15759681560886205>, 6  <0.498849762793406>}
x[1,5]{0  <0.15433276715917>, 1  <0.5419437850448166>, 6  <0.19032660745712762>, 5  <0.11339684033888592>}
x[1,6]{3  <1.0>}
x[1,7]{0  <0.7505134876078324>, 7  <0.24948651239216746>}
x[2,0]{5  <0.18468864895695028>, 1  <0.2563544314665866>, 6  <0.1729472480229124>, 7  <0.3860096715535507>}
x[2,1]{3  <1.0>}
x[2,2]{0  <1.0>}
x[2,3]{5  <0.2812637581500661>, 1  <0.419631438814231>, 6  <0.21491016583156877>, 7  <0.08419463720413424>}
x[2,4]{5  <0.3843729303323927>, 6  <0.4649694754765563>, 7  <0.1506575941910509>}
x[2,5]{5  <0.11776493679399373>, 1  <0.12339239880862514>, 2  <0.6768555755338082>, 6  <0.08198708886357294>}
x[2,6]{5  <0.1548476568313001>, 1  <0.3272488941940837>, 2  <0.19605297736461988>, 7  <0.1301542270757014>, 6  <0.19169624453429504>}
x[2,7]{4  <1.0>}
x[3,0]{2  <1.0>}
x[3,1]{0  <0.6852564527901268>, 6  <0.31474354720987324>}
x[3,2]{5  <1.0>}
x[3,3]{0  <0.09557478971108133>, 6  <0.44800682677069364>, 7  <0.4564183835182249>}
x[3,4]{1  <1.0>}
x[3,5]{4  <1.0>}
x[3,6]{0  <0.26877409406322283>, 6  <0.23037779491133387>, 7  <0.5008481110254434>}
x[3,7]{3  <1.0>}
x[4,0]{3  <1.0>}
x[4,1]{0  <0.4051631532953614>, 5  <0.2926328005996277>, 6  <0.30220404610501084>}
x[4,2]{2  <1.0>}
x[4,3]{0  <0.40670273141306085>, 5  <0.1359722564724264>, 6  <0.25881082908103875>, 7  <0.198514183033474>}
x[4,4]{7  <0.5649432534678435>, 5  <0.18158890290037838>, 6  <0.2534678436317781>}
x[4,5]{0  <0.5017175863352579>, 5  <0.1582327972798429>, 6  <0.34004961638489917>}
x[4,6]{4  <1.0>}
x[4,7]{1  <1.0>}
x[5,0]{0  <0.26305754377240326>, 1  <0.20523189788197882>, 5  <0.16809584952260162>, 7  <0.36361470882301616>}
x[5,1]{0  <0.039074305155582946>, 1  <0.5680809003722106>, 2  <0.2435762851779462>, 5  <0.14926850929426017>}
x[5,2]{6  <1.0>}
x[5,3]{3  <1.0>}
x[5,4]{4  <1.0>}
x[5,5]{0  <0.03390565318463482>, 1  <0.13547810010738787>, 2  <0.14191887858198227>, 5  <0.688697368125995>}
x[5,6]{0  <0.18612285996732758>, 1  <0.33981188427762665>, 2  <0.11229779657594767>, 7  <0.16464714535571287>, 5  <0.19712031382338518>}
x[5,7]{0  <0.6259958528866093>, 7  <0.37400414711339075>}
x[6,0]{4  <1.0>}
x[6,1]{5  <0.18174383395015406>, 1  <0.19295530422629992>, 2  <0.625300861823546>}
x[6,2]{7  <1.0>}
x[6,3]{5  <0.3202854718335909>, 1  <0.6797145281664092>}
x[6,4]{0  <1.0>}
x[6,5]{3  <1.0>}
x[6,6]{5  <0.7714025500910746>, 1  <0.08670309653916208>, 2  <0.14189435336976328>}
x[6,7]{6  <1.0>}
x[7,0]{0  <0.5274332634145468>, 1  <0.23773821689166175>, 6  <0.23482851969379157>}
x[7,1]{7  <1.0>}
x[7,2]{3  <1.0>}
x[7,3]{4  <1.0>}
x[7,4]{2  <1.0>}
x[7,5]{0  <0.3369301422544152>, 1  <0.2647201583093753>, 6  <0.39834969943620957>}
x[7,6]{0  <0.3482982077179053>, 1  <0.29423784225582345>, 6  <0.3574639500262713>}
x[7,7]{5  <1.0>}
problem entropy = 0.0
smallest variable entropy = 1.7976931348623157E308
### branching on x[1,7]=0
##### after BP iteration 1 #####
x[0,0]{0  <0.031785653316737376>, 6  <0.33283918766870096>, 5  <0.6353751590145617>}
x[0,1]{4  <1.0>}
x[0,2]{1  <1.0>}
x[0,3]{0  <0.6458070457675616>, 6  <0.17158283104327737>, 5  <0.182610123189161>}
x[0,4]{3  <1.0>}
x[0,5]{7  <1.0>}
x[0,6]{0  <0.32450173633570617>, 6  <0.4608382700871801>, 5  <0.21465999357711374>}
x[0,7]{2  <1.0>}
x[1,0]{7  <0.8469101421832942>, 1  <0.052811306456014354>, 6  <0.05580629552499694>, 5  <0.044472255835694634>}
x[1,1]{5  <0.45902580199805526>, 1  <0.21820096034571693>, 6  <0.3227732376562278>}
x[1,2]{4  <1.0>}
x[1,3]{2  <1.0>}
x[1,4]{5  <0.30287098628758824>, 7  <0.3308961688490872>, 6  <0.3662328448633247>}
x[1,5]{5  <0.10028700600401426>, 1  <0.719300182720229>, 6  <0.18041281127575678>}
x[1,6]{3  <1.0>}
x[1,7]{0  <1.0>}
x[2,0]{5  <0.12064940727660074>, 1  <0.15027528928949566>, 6  <0.10913300308997782>, 7  <0.6199423003439257>}
x[2,1]{3  <1.0>}
x[2,2]{0  <1.0>}
x[2,3]{5  <0.3234044226677897>, 1  <0.34845388855661963>, 6  <0.16488123414473135>, 7  <0.16326045463085923>}
x[2,4]{5  <0.43384388013532726>, 6  <0.35903986832045076>, 7  <0.20711625154422195>}
x[2,5]{5  <0.04880503397928761>, 1  <0.03576899051523419>, 2  <0.8897156358773731>, 6  <0.025710339628105>}
x[2,6]{5  <0.05870753422229913>, 1  <0.21151705563619586>, 2  <0.3356730226617581>, 7  <0.2896864337812909>, 6  <0.10441595369845603>}
x[2,7]{4  <1.0>}
x[3,0]{2  <1.0>}
x[3,1]{0  <0.7551498996161573>, 6  <0.24485010038384272>}
x[3,2]{5  <1.0>}
x[3,3]{0  <0.05191012023197511>, 6  <0.5458720750153742>, 7  <0.40221780475265073>}
x[3,4]{1  <1.0>}
x[3,5]{4  <1.0>}
x[3,6]{0  <0.06394943860436993>, 6  <0.10457569553980113>, 7  <0.831474865855829>}
x[3,7]{3  <1.0>}
x[4,0]{3  <1.0>}
x[4,1]{0  <0.1636508522320282>, 5  <0.4977562914093335>, 6  <0.3385928563586383>}
x[4,2]{2  <1.0>}
x[4,3]{0  <0.1793143059843609>, 5  <0.253411927540592>, 6  <0.19524931273334512>, 7  <0.37202445374170207>}
x[4,4]{7  <0.7969413085359441>, 5  <0.12463638750630186>, 6  <0.07842230395775411>}
x[4,5]{0  <0.47719737608818197>, 5  <0.14999524329242608>, 6  <0.372807380619392>}
x[4,6]{4  <1.0>}
x[4,7]{1  <1.0>}
x[5,0]{0  <0.6498786002005825>, 1  <0.20976737416562546>, 5  <0.14035402563379198>}
x[5,1]{0  <0.035636054894997465>, 1  <0.41068390768365054>, 2  <0.4721281125568203>, 5  <0.08155192486453176>}
x[5,2]{6  <1.0>}
x[5,3]{3  <1.0>}
x[5,4]{4  <1.0>}
x[5,5]{0  <0.0509133356530547>, 1  <0.06240128144319478>, 2  <0.2555135747486458>, 5  <0.6311718081551049>}
x[5,6]{0  <0.12263166730326645>, 1  <0.20586717825547496>, 2  <0.6054744579485377>, 5  <0.06602669649272082>}
x[5,7]{7  <1.0>}
x[6,0]{4  <1.0>}
x[6,1]{5  <0.039888998873680206>, 1  <0.09180433060260725>, 2  <0.8683066705237126>}
x[6,2]{7  <1.0>}
x[6,3]{5  <0.31702816757227775>, 1  <0.6829718324277223>}
x[6,4]{0  <1.0>}
x[6,5]{3  <1.0>}
x[6,6]{5  <0.4447608867442663>, 1  <0.08927672879110748>, 2  <0.46596238446462623>}
x[6,7]{6  <1.0>}
x[7,0]{0  <0.47220012753709667>, 1  <0.31521029880859625>, 6  <0.2125895736543071>}
x[7,1]{7  <1.0>}
x[7,2]{3  <1.0>}
x[7,3]{4  <1.0>}
x[7,4]{2  <1.0>}
x[7,5]{0  <0.28344599029686435>, 1  <0.2246507921224249>, 6  <0.4919032175807107>}
x[7,6]{0  <0.19751515376407114>, 1  <0.4349987342190881>, 6  <0.36748611201684084>}
x[7,7]{5  <1.0>}
problem entropy = 0.0
smallest variable entropy = 1.7976931348623157E308
### branching on x[3,1]=6
### branching on x[1,1]=1
##### after BP iteration 1 #####
x[0,0]{0  <0.017756760782782332>, 6  <0.28828065196336294>, 5  <0.6939625872538547>}
x[0,1]{4  <1.0>}
x[0,2]{1  <1.0>}
x[0,3]{0  <0.5181634060500079>, 6  <0.3029731669117863>, 5  <0.17886342703820582>}
x[0,4]{3  <1.0>}
x[0,5]{7  <1.0>}
x[0,6]{0  <0.31868429549055993>, 6  <0.4866661509979566>, 5  <0.19464955351148344>}
x[0,7]{2  <1.0>}
x[1,0]{7  <0.7325716637597725>, 5  <0.1271845013274096>, 6  <0.14024383491281803>}
x[1,1]{1  <1.0>}
x[1,2]{4  <1.0>}
x[1,3]{2  <1.0>}
x[1,4]{5  <0.5811823904052067>, 7  <0.07102042373611993>, 6  <0.34779718585867336>}
x[1,5]{5  <0.31177336230792435>, 6  <0.6882266376920756>}
x[1,6]{3  <1.0>}
x[1,7]{0  <1.0>}
x[2,0]{5  <0.15935877652358446>, 1  <0.3500628476472083>, 6  <0.37073788278315567>, 7  <0.11984049304605147>}
x[2,1]{3  <1.0>}
x[2,2]{0  <1.0>}
x[2,3]{5  <0.2472261798885435>, 1  <0.27366577108872703>, 6  <0.4455622125715186>, 7  <0.033545836451210995>}
x[2,4]{5  <0.45226265062791077>, 6  <0.4813582669232384>, 7  <0.06637908244885078>}
x[2,5]{5  <0.05615702251748307>, 1  <0.2676690855741006>, 2  <0.6090908514963607>, 6  <0.06708304041205573>}
x[2,6]{5  <0.09868273453546846>, 1  <0.38387380312431046>, 2  <0.13329898442510857>, 7  <0.14867806069600092>, 6  <0.23546641721911155>}
x[2,7]{4  <1.0>}
x[3,0]{2  <1.0>}
x[3,1]{6  <1.0>}
x[3,2]{5  <1.0>}
x[3,3]{0  <0.5887041714249399>, 7  <0.4112958285750601>}
x[3,4]{1  <1.0>}
x[3,5]{4  <1.0>}
x[3,6]{0  <0.721444970487888>, 7  <0.278555029512112>}
x[3,7]{3  <1.0>}
x[4,0]{3  <1.0>}
x[4,1]{0  <0.49478022013873074>, 5  <0.5052197798612693>}
x[4,2]{2  <1.0>}
x[4,3]{0  <0.31801076495707997>, 5  <0.10768587164568323>, 6  <0.4909955214892696>, 7  <0.08330784190796713>}
x[4,4]{7  <0.5790694452570623>, 5  <0.12966965404028635>, 6  <0.2912609007026515>}
x[4,5]{0  <0.7090344074503074>, 5  <0.11272488852658867>, 6  <0.17824070402310385>}
x[4,6]{4  <1.0>}
x[4,7]{1  <1.0>}
x[5,0]{0  <0.6351804128872298>, 1  <0.33100932257446924>, 5  <0.03381026453830091>}
x[5,1]{0  <0.7132368507705701>, 5  <0.1852951600480469>, 2  <0.10146798918138303>}
x[5,2]{6  <1.0>}
x[5,3]{3  <1.0>}
x[5,4]{4  <1.0>}
x[5,5]{0  <0.144552779743173>, 1  <0.36535560390675204>, 2  <0.10750758549308312>, 5  <0.3825840308569919>}
x[5,6]{0  <0.3597509950860983>, 1  <0.464544216131091>, 2  <0.11247397267939466>, 5  <0.06323081610341609>}
x[5,7]{7  <1.0>}
x[6,0]{4  <1.0>}
x[6,1]{5  <0.41474165250927275>, 2  <0.5852583474907272>}
x[6,2]{7  <1.0>}
x[6,3]{5  <0.13585735344022812>, 1  <0.8641426465597719>}
x[6,4]{0  <1.0>}
x[6,5]{3  <1.0>}
x[6,6]{5  <0.7782487667677064>, 1  <0.16240459633154528>, 2  <0.059346636900748255>}
x[6,7]{6  <1.0>}
x[7,0]{0  <0.2693827830521987>, 1  <0.5061807633700323>, 6  <0.22443645357776895>}
x[7,1]{7  <1.0>}
x[7,2]{3  <1.0>}
x[7,3]{4  <1.0>}
x[7,4]{2  <1.0>}
x[7,5]{0  <0.2698960805720149>, 1  <0.5946709175166983>, 6  <0.13543300191128677>}
x[7,6]{0  <0.26511926453948154>, 1  <0.4229670671942629>, 6  <0.31191366826625555>}
x[7,7]{5  <1.0>}
problem entropy = 0.0
smallest variable entropy = 1.7976931348623157E308
### branching on x[1,5]=6
##### after BP iteration 1 #####
x[0,0]{0  <0.019534018228518347>, 6  <0.27594087912881593>, 5  <0.7045251026426657>}
x[0,1]{4  <1.0>}
x[0,2]{1  <1.0>}
x[0,3]{0  <0.3270991970903029>, 6  <0.29505867777764044>, 5  <0.3778421251320566>}
x[0,4]{3  <1.0>}
x[0,5]{7  <1.0>}
x[0,6]{0  <0.21985648910469643>, 6  <0.6044173086722954>, 5  <0.1757262022230082>}
x[0,7]{2  <1.0>}
x[1,0]{7  <0.9374277321727719>, 5  <0.06257226782722809>}
x[1,1]{1  <1.0>}
x[1,2]{4  <1.0>}
x[1,3]{2  <1.0>}
x[1,4]{5  <0.8858701999803578>, 7  <0.11412980001964214>}
x[1,5]{6  <1.0>}
x[1,6]{3  <1.0>}
x[1,7]{0  <1.0>}
x[2,0]{5  <0.1763851386147047>, 1  <0.2864528243467237>, 6  <0.2993147563133225>, 7  <0.237847280725249>}
x[2,1]{3  <1.0>}
x[2,2]{0  <1.0>}
x[2,3]{5  <0.2932457882327708>, 1  <0.11036840866255467>, 6  <0.16767769127234733>, 7  <0.4287081118323272>}
x[2,4]{5  <0.11732500447326148>, 6  <0.3860323126749517>, 7  <0.496642682851787>}
x[2,5]{5  <0.026906392821390453>, 1  <0.032627354888546144>, 2  <0.9404662522900634>}
x[2,6]{5  <0.01003821721146454>, 1  <0.033312164871947735>, 2  <0.21567678325362222>, 7  <0.7264470880621848>, 6  <0.014525746600780645>}
x[2,7]{4  <1.0>}
x[3,0]{2  <1.0>}
x[3,1]{6  <1.0>}
x[3,2]{5  <1.0>}
x[3,3]{0  <0.4885186235256793>, 7  <0.5114813764743207>}
x[3,4]{1  <1.0>}
x[3,5]{4  <1.0>}
x[3,6]{0  <0.4711365981771039>, 7  <0.5288634018228962>}
x[3,7]{3  <1.0>}
x[4,0]{3  <1.0>}
x[4,1]{0  <0.23758563410306055>, 5  <0.7624143658969393>}
x[4,2]{2  <1.0>}
x[4,3]{7  <0.5455257485291887>, 6  <0.4544742514708114>}
x[4,4]{7  <0.8831233919041074>, 6  <0.1168766080958926>}
x[4,5]{0  <0.5306997065718024>, 5  <0.4693002934281976>}
x[4,6]{4  <1.0>}
x[4,7]{1  <1.0>}
x[5,0]{0  <0.34525770610878415>, 1  <0.4709914392785522>, 5  <0.18375085461266358>}
x[5,1]{0  <0.31965890189360313>, 5  <0.32804287089534945>, 2  <0.35229822721104737>}
x[5,2]{6  <1.0>}
x[5,3]{3  <1.0>}
x[5,4]{4  <1.0>}
x[5,5]{0  <0.030918933273248742>, 1  <0.10773520595674071>, 2  <0.26105150450014336>, 5  <0.600294356269867>}
x[5,6]{0  <0.014284531767732679>, 1  <0.03518862944978016>, 2  <0.9255317094154409>, 5  <0.024995129367046277>}
x[5,7]{7  <1.0>}
x[6,0]{4  <1.0>}
x[6,1]{5  <0.1652035785917458>, 2  <0.8347964214082542>}
x[6,2]{7  <1.0>}
x[6,3]{5  <0.13939824883956073>, 1  <0.8606017511604394>}
x[6,4]{0  <1.0>}
x[6,5]{3  <1.0>}
x[6,6]{5  <0.3724521204353265>, 1  <0.04424610328530463>, 2  <0.5833017762793689>}
x[6,7]{6  <1.0>}
x[7,0]{0  <0.32764689354805493>, 1  <0.1999183164265657>, 6  <0.47243479002537936>}
x[7,1]{7  <1.0>}
x[7,2]{3  <1.0>}
x[7,3]{4  <1.0>}
x[7,4]{2  <1.0>}
x[7,5]{0  <0.29646170998073285>, 1  <0.7035382900192672>}
x[7,6]{0  <0.1778652533016738>, 1  <0.21231389243835785>, 6  <0.6098208542599683>}
x[7,7]{5  <1.0>}
problem entropy = 0.0
smallest variable entropy = 1.7976931348623157E308
### branching on x[1,0]=7
### branching on x[2,4]=7
##### after BP iteration 1 #####
x[0,0]{0  <0.35013196193197155>, 6  <0.4153683118728771>, 5  <0.23449972619515136>}
x[0,1]{4  <1.0>}
x[0,2]{1  <1.0>}
x[0,3]{5  <0.45941900927940493>, 6  <0.5405809907205952>}
x[0,4]{3  <1.0>}
x[0,5]{7  <1.0>}
x[0,6]{0  <0.9760153956957909>, 6  <0.020691771586388512>, 5  <0.0032928327178205962>}
x[0,7]{2  <1.0>}
x[1,0]{7  <1.0>}
x[1,1]{1  <1.0>}
x[1,2]{4  <1.0>}
x[1,3]{2  <1.0>}
x[1,4]{5  <1.0>}
x[1,5]{6  <1.0>}
x[1,6]{3  <1.0>}
x[1,7]{0  <1.0>}
x[2,0]{5  <0.14543506554823588>, 1  <0.3814463382192536>, 6  <0.47311859623251057>}
x[2,1]{3  <1.0>}
x[2,2]{0  <1.0>}
x[2,3]{5  <0.48294890201318397>, 1  <0.11555713763594735>, 6  <0.40149396035086865>}
x[2,4]{7  <1.0>}
x[2,5]{5  <0.13743677837072166>, 1  <0.6581503770344888>, 2  <0.20441284459478976>}
x[2,6]{5  <0.09639492350332916>, 1  <0.7341362837869685>, 2  <0.06544035702260306>, 6  <0.10402843568709928>}
x[2,7]{4  <1.0>}
x[3,0]{2  <1.0>}
x[3,1]{6  <1.0>}
x[3,2]{5  <1.0>}
x[3,3]{0  <1.0>}
x[3,4]{1  <1.0>}
x[3,5]{4  <1.0>}
x[3,6]{7  <1.0>}
x[3,7]{3  <1.0>}
x[4,0]{3  <1.0>}
x[4,1]{0  <0.5918081828548283>, 5  <0.4081918171451718>}
x[4,2]{2  <1.0>}
x[4,3]{7  <1.0>}
x[4,4]{6  <1.0>}
x[4,5]{0  <0.5117447218830923>, 5  <0.4882552781169077>}
x[4,6]{4  <1.0>}
x[4,7]{1  <1.0>}
x[5,0]{0  <0.2538464807828384>, 1  <0.6533473147961758>, 5  <0.09280620442098585>}
x[5,1]{0  <0.8845145137540871>, 5  <0.0924594414078288>, 2  <0.023026044838084087>}
x[5,2]{6  <1.0>}
x[5,3]{3  <1.0>}
x[5,4]{4  <1.0>}
x[5,5]{0  <0.07008410257816519>, 1  <0.451535457211868>, 2  <0.04011503042652768>, 5  <0.4382654097834391>}
x[5,6]{0  <0.1040834861357483>, 1  <0.4133443614510299>, 2  <0.40042952363313505>, 5  <0.08214262878008675>}
x[5,7]{7  <1.0>}
x[6,0]{4  <1.0>}
x[6,1]{5  <0.3586558046757438>, 2  <0.6413441953242562>}
x[6,2]{7  <1.0>}
x[6,3]{5  <0.07405696809729852>, 1  <0.9259430319027016>}
x[6,4]{0  <1.0>}
x[6,5]{3  <1.0>}
x[6,6]{5  <0.7723838343424729>, 1  <0.13861720748185574>, 2  <0.08899895817567138>}
x[6,7]{6  <1.0>}
x[7,0]{0  <0.6571180519424209>, 1  <0.0654561743174911>, 6  <0.277425773740088>}
x[7,1]{7  <1.0>}
x[7,2]{3  <1.0>}
x[7,3]{4  <1.0>}
x[7,4]{2  <1.0>}
x[7,5]{0  <0.5015995019366216>, 1  <0.4984004980633784>}
x[7,6]{0  <0.36728106864076787>, 1  <0.050389334909829275>, 6  <0.582329596449403>}
x[7,7]{5  <1.0>}
problem entropy = 0.0
smallest variable entropy = 1.7976931348623157E308
### branching on x[0,3]=5
##### after BP iteration 1 #####
x[0,0]{0  <0.06321136708608988>, 6  <0.9367886329139101>}
x[0,1]{4  <1.0>}
x[0,2]{1  <1.0>}
x[0,3]{5  <1.0>}
x[0,4]{3  <1.0>}
x[0,5]{7  <1.0>}
x[0,6]{0  <0.8619137260114176>, 6  <0.13808627398858242>}
x[0,7]{2  <1.0>}
x[1,0]{7  <1.0>}
x[1,1]{1  <1.0>}
x[1,2]{4  <1.0>}
x[1,3]{2  <1.0>}
x[1,4]{5  <1.0>}
x[1,5]{6  <1.0>}
x[1,6]{3  <1.0>}
x[1,7]{0  <1.0>}
x[2,0]{5  <0.9362243739634646>, 1  <0.06377562603653551>}
x[2,1]{3  <1.0>}
x[2,2]{0  <1.0>}
x[2,3]{6  <1.0>}
x[2,4]{7  <1.0>}
x[2,5]{5  <0.024605685628806665>, 1  <0.03152250846135394>, 2  <0.9438718059098394>}
x[2,6]{5  <0.12089709165793107>, 1  <0.3631795108271523>, 2  <0.5159233975149166>}
x[2,7]{4  <1.0>}
x[3,0]{2  <1.0>}
x[3,1]{6  <1.0>}
x[3,2]{5  <1.0>}
x[3,3]{0  <1.0>}
x[3,4]{1  <1.0>}
x[3,5]{4  <1.0>}
x[3,6]{7  <1.0>}
x[3,7]{3  <1.0>}
x[4,0]{3  <1.0>}
x[4,1]{0  <0.3780155509675005>, 5  <0.6219844490324996>}
x[4,2]{2  <1.0>}
x[4,3]{7  <1.0>}
x[4,4]{6  <1.0>}
x[4,5]{0  <0.23498008711587912>, 5  <0.765019912884121>}
x[4,6]{4  <1.0>}
x[4,7]{1  <1.0>}
x[5,0]{0  <0.02401031016836291>, 1  <0.4083118552685331>, 5  <0.5676778345631041>}
x[5,1]{0  <0.26667929132489937>, 5  <0.2217648011525466>, 2  <0.511555907522554>}
x[5,2]{6  <1.0>}
x[5,3]{3  <1.0>}
x[5,4]{4  <1.0>}
x[5,5]{0  <0.007366977763655826>, 1  <0.08493110691564885>, 2  <0.7902393471812355>, 5  <0.11746256813945988>}
x[5,6]{0  <2.9146284142485257E-4>, 1  <0.09641301682103413>, 2  <0.8477818178906823>, 5  <0.055513702446858666>}
x[5,7]{7  <1.0>}
x[6,0]{4  <1.0>}
x[6,1]{5  <0.02871971069985737>, 2  <0.9712802893001427>}
x[6,2]{7  <1.0>}
x[6,3]{1  <1.0>}
x[6,4]{0  <1.0>}
x[6,5]{3  <1.0>}
x[6,6]{5  <0.8925469497847085>, 2  <0.10745305021529153>}
x[6,7]{6  <1.0>}
x[7,0]{0  <0.5802149928909311>, 1  <0.050143932419404375>, 6  <0.3696410746896644>}
x[7,1]{7  <1.0>}
x[7,2]{3  <1.0>}
x[7,3]{4  <1.0>}
x[7,4]{2  <1.0>}
x[7,5]{0  <0.25180202362437204>, 1  <0.7481979763756279>}
x[7,6]{0  <0.01477144820976648>, 1  <0.001222202599871542>, 6  <0.984006349190362>}
x[7,7]{5  <1.0>}
problem entropy = 0.0
smallest variable entropy = 1.7976931348623157E308
### branching on x[0,0]=6
##### after BP iteration 1 #####
x[0,0]{6  <1.0>}
x[0,1]{4  <1.0>}
x[0,2]{1  <1.0>}
x[0,3]{5  <1.0>}
x[0,4]{3  <1.0>}
x[0,5]{7  <1.0>}
x[0,6]{0  <1.0>}
x[0,7]{2  <1.0>}
x[1,0]{7  <1.0>}
x[1,1]{1  <1.0>}
x[1,2]{4  <1.0>}
x[1,3]{2  <1.0>}
x[1,4]{5  <1.0>}
x[1,5]{6  <1.0>}
x[1,6]{3  <1.0>}
x[1,7]{0  <1.0>}
x[2,0]{5  <0.8564042227038476>, 1  <0.1435957772961524>}
x[2,1]{3  <1.0>}
x[2,2]{0  <1.0>}
x[2,3]{6  <1.0>}
x[2,4]{7  <1.0>}
x[2,5]{5  <0.06001793914751249>, 1  <0.2748262799603946>, 2  <0.6651557808920929>}
x[2,6]{5  <0.011381713624905074>, 1  <0.9462776069554271>, 2  <0.042340679419667925>}
x[2,7]{4  <1.0>}
x[3,0]{2  <1.0>}
x[3,1]{6  <1.0>}
x[3,2]{5  <1.0>}
x[3,3]{0  <1.0>}
x[3,4]{1  <1.0>}
x[3,5]{4  <1.0>}
x[3,6]{7  <1.0>}
x[3,7]{3  <1.0>}
x[4,0]{3  <1.0>}
x[4,1]{0  <0.719271811788714>, 5  <0.2807281882112859>}
x[4,2]{2  <1.0>}
x[4,3]{7  <1.0>}
x[4,4]{6  <1.0>}
x[4,5]{0  <0.8630076719423396>, 5  <0.13699232805766048>}
x[4,6]{4  <1.0>}
x[4,7]{1  <1.0>}
x[5,0]{0  <0.26741381722685814>, 1  <0.5466314357044426>, 5  <0.18595474706869933>}
x[5,1]{0  <0.9153108178028933>, 5  <0.07682588978449814>, 2  <0.007863292412608644>}
x[5,2]{6  <1.0>}
x[5,3]{3  <1.0>}
x[5,4]{4  <1.0>}
x[5,5]{0  <0.2189817251749743>, 1  <0.2270748995908249>, 2  <0.11417319622456476>, 5  <0.4397701790096361>}
x[5,6]{5  <0.04614907494695764>, 1  <0.8296180548664615>, 2  <0.12423287018658082>}
x[5,7]{7  <1.0>}
x[6,0]{4  <1.0>}
x[6,1]{5  <0.20194519810323938>, 2  <0.7980548018967606>}
x[6,2]{7  <1.0>}
x[6,3]{1  <1.0>}
x[6,4]{0  <1.0>}
x[6,5]{3  <1.0>}
x[6,6]{5  <0.9687688472098847>, 2  <0.03123115279011537>}
x[6,7]{6  <1.0>}
x[7,0]{0  <0.8243731636576364>, 1  <0.17562683634236356>}
x[7,1]{7  <1.0>}
x[7,2]{3  <1.0>}
x[7,3]{4  <1.0>}
x[7,4]{2  <1.0>}
x[7,5]{0  <0.11418832937646842>, 1  <0.8858116706235316>}
x[7,6]{6  <1.0>}
x[7,7]{5  <1.0>}
problem entropy = 0.0
smallest variable entropy = 1.7976931348623157E308
### branching on x[2,0]=1
##### after BP iteration 1 #####
x[0,0]{6  <1.0>}
x[0,1]{4  <1.0>}
x[0,2]{1  <1.0>}
x[0,3]{5  <1.0>}
x[0,4]{3  <1.0>}
x[0,5]{7  <1.0>}
x[0,6]{0  <1.0>}
x[0,7]{2  <1.0>}
x[1,0]{7  <1.0>}
x[1,1]{1  <1.0>}
x[1,2]{4  <1.0>}
x[1,3]{2  <1.0>}
x[1,4]{5  <1.0>}
x[1,5]{6  <1.0>}
x[1,6]{3  <1.0>}
x[1,7]{0  <1.0>}
x[2,0]{1  <1.0>}
x[2,1]{3  <1.0>}
x[2,2]{0  <1.0>}
x[2,3]{6  <1.0>}
x[2,4]{7  <1.0>}
x[2,5]{5  <0.9260052252728067>, 2  <0.07399477472719333>}
x[2,6]{5  <0.10172377158992611>, 2  <0.8982762284100738>}
x[2,7]{4  <1.0>}
x[3,0]{2  <1.0>}
x[3,1]{6  <1.0>}
x[3,2]{5  <1.0>}
x[3,3]{0  <1.0>}
x[3,4]{1  <1.0>}
x[3,5]{4  <1.0>}
x[3,6]{7  <1.0>}
x[3,7]{3  <1.0>}
x[4,0]{3  <1.0>}
x[4,1]{0  <0.0029857712754927154>, 5  <0.9970142287245073>}
x[4,2]{2  <1.0>}
x[4,3]{7  <1.0>}
x[4,4]{6  <1.0>}
x[4,5]{0  <0.142590064772989>, 5  <0.857409935227011>}
x[4,6]{4  <1.0>}
x[4,7]{1  <1.0>}
x[5,0]{5  <1.0>}
x[5,1]{0  <0.6552832270101271>, 2  <0.34471677298987297>}
x[5,2]{6  <1.0>}
x[5,3]{3  <1.0>}
x[5,4]{4  <1.0>}
x[5,5]{0  <0.22667602706880122>, 2  <0.7733239729311988>}
x[5,6]{1  <1.0>}
x[5,7]{7  <1.0>}
x[6,0]{4  <1.0>}
x[6,1]{5  <0.016554991939832498>, 2  <0.9834450080601675>}
x[6,2]{7  <1.0>}
x[6,3]{1  <1.0>}
x[6,4]{0  <1.0>}
x[6,5]{3  <1.0>}
x[6,6]{5  <0.6389699223184354>, 2  <0.3610300776815646>}
x[6,7]{6  <1.0>}
x[7,0]{0  <1.0>}
x[7,1]{7  <1.0>}
x[7,2]{3  <1.0>}
x[7,3]{4  <1.0>}
x[7,4]{2  <1.0>}
x[7,5]{1  <1.0>}
x[7,6]{6  <1.0>}
x[7,7]{5  <1.0>}
problem entropy = 0.0
smallest variable entropy = 1.7976931348623157E308
### branching on x[2,5]=5
##### after BP iteration 1 #####
x[0,0]{6  <1.0>}
x[0,1]{4  <1.0>}
x[0,2]{1  <1.0>}
x[0,3]{5  <1.0>}
x[0,4]{3  <1.0>}
x[0,5]{7  <1.0>}
x[0,6]{0  <1.0>}
x[0,7]{2  <1.0>}
x[1,0]{7  <1.0>}
x[1,1]{1  <1.0>}
x[1,2]{4  <1.0>}
x[1,3]{2  <1.0>}
x[1,4]{5  <1.0>}
x[1,5]{6  <1.0>}
x[1,6]{3  <1.0>}
x[1,7]{0  <1.0>}
x[2,0]{1  <1.0>}
x[2,1]{3  <1.0>}
x[2,2]{0  <1.0>}
x[2,3]{6  <1.0>}
x[2,4]{7  <1.0>}
x[2,5]{5  <1.0>}
x[2,6]{2  <1.0>}
x[2,7]{4  <1.0>}
x[3,0]{2  <1.0>}
x[3,1]{6  <1.0>}
x[3,2]{5  <1.0>}
x[3,3]{0  <1.0>}
x[3,4]{1  <1.0>}
x[3,5]{4  <1.0>}
x[3,6]{7  <1.0>}
x[3,7]{3  <1.0>}
x[4,0]{3  <1.0>}
x[4,1]{5  <1.0>}
x[4,2]{2  <1.0>}
x[4,3]{7  <1.0>}
x[4,4]{6  <1.0>}
x[4,5]{0  <1.0>}
x[4,6]{4  <1.0>}
x[4,7]{1  <1.0>}
x[5,0]{5  <1.0>}
x[5,1]{0  <1.0>}
x[5,2]{6  <1.0>}
x[5,3]{3  <1.0>}
x[5,4]{4  <1.0>}
x[5,5]{2  <1.0>}
x[5,6]{1  <1.0>}
x[5,7]{7  <1.0>}
x[6,0]{4  <1.0>}
x[6,1]{2  <1.0>}
x[6,2]{7  <1.0>}
x[6,3]{1  <1.0>}
x[6,4]{0  <1.0>}
x[6,5]{3  <1.0>}
x[6,6]{5  <1.0>}
x[6,7]{6  <1.0>}
x[7,0]{0  <1.0>}
x[7,1]{7  <1.0>}
x[7,2]{3  <1.0>}
x[7,3]{4  <1.0>}
x[7,4]{2  <1.0>}
x[7,5]{1  <1.0>}
x[7,6]{6  <1.0>}
x[7,7]{5  <1.0>}
problem entropy = 0.0
smallest variable entropy = 1.7976931348623157E308
### branching on x[2,5]!=5
##### after BP iteration 1 #####
x[0,0]{6  <1.0>}
x[0,1]{4  <1.0>}
x[0,2]{1  <1.0>}
x[0,3]{5  <1.0>}
x[0,4]{3  <1.0>}
x[0,5]{7  <1.0>}
x[0,6]{0  <1.0>}
x[0,7]{2  <1.0>}
x[1,0]{7  <1.0>}
x[1,1]{1  <1.0>}
x[1,2]{4  <1.0>}
x[1,3]{2  <1.0>}
x[1,4]{5  <1.0>}
x[1,5]{6  <1.0>}
x[1,6]{3  <1.0>}
x[1,7]{0  <1.0>}
x[2,0]{1  <1.0>}
x[2,1]{3  <1.0>}
x[2,2]{0  <1.0>}
x[2,3]{6  <1.0>}
x[2,4]{7  <1.0>}
x[2,5]{2  <1.0>}
x[2,6]{5  <1.0>}
x[2,7]{4  <1.0>}
x[3,0]{2  <1.0>}
x[3,1]{6  <1.0>}
x[3,2]{5  <1.0>}
x[3,3]{0  <1.0>}
x[3,4]{1  <1.0>}
x[3,5]{4  <1.0>}
x[3,6]{7  <1.0>}
x[3,7]{3  <1.0>}
x[4,0]{3  <1.0>}
x[4,1]{0  <1.0>}
x[4,2]{2  <1.0>}
x[4,3]{7  <1.0>}
x[4,4]{6  <1.0>}
x[4,5]{5  <1.0>}
x[4,6]{4  <1.0>}
x[4,7]{1  <1.0>}
x[5,0]{5  <1.0>}
x[5,1]{2  <1.0>}
x[5,2]{6  <1.0>}
x[5,3]{3  <1.0>}
x[5,4]{4  <1.0>}
x[5,5]{0  <1.0>}
x[5,6]{1  <1.0>}
x[5,7]{7  <1.0>}
x[6,0]{4  <1.0>}
x[6,1]{5  <1.0>}
x[6,2]{7  <1.0>}
x[6,3]{1  <1.0>}
x[6,4]{0  <1.0>}
x[6,5]{3  <1.0>}
x[6,6]{2  <1.0>}
x[6,7]{6  <1.0>}
x[7,0]{0  <1.0>}
x[7,1]{7  <1.0>}
x[7,2]{3  <1.0>}
x[7,3]{4  <1.0>}
x[7,4]{2  <1.0>}
x[7,5]{1  <1.0>}
x[7,6]{6  <1.0>}
x[7,7]{5  <1.0>}
problem entropy = 0.0
smallest variable entropy = 1.7976931348623157E308

	#choice: 11
	#fail: 0
	execution time (ms): 86
	#sols : 1
	completed : false

