{0  <1.0>, 5  <6.0>, 2  <3.0>, 3  <4.0>, 7  <8.0>}
model: sum-product-init
FINAL DAMPING FACTOR = 1.0
##### after BP iteration 1 #####
x[0,0]{0  <0.004237243267377327>, 5  <0.03397592865186615>, 2  <0.008642922949021371>, 3  <0.03874211329656737>, 7  <0.9144017918351679>}
x[0,1]{0  <0.49094921174711864>, 1  <0.47442470379974166>, 2  <0.007037718960444395>, 7  <0.0018071676225812187>, 4  <0.018967171018905157>, 5  <0.0068140268512087996>}
x[0,2]{0  <0.11324952262977162>, 1  <0.7953499960023926>, 2  <0.0015171753130187075>, 7  <3.0599473637844626E-4>, 4  <0.06194710070898101>, 5  <0.027630210609457476>}
x[0,3]{3  <0.01770812764812113>, 5  <0.6377145244328597>, 4  <0.3445773479190191>}
x[0,4]{5  <1.003988588241651E-4>, 1  <1.6679578703179894E-4>, 2  <0.984851040005457>, 7  <0.008701083768362084>, 4  <0.0061806815803248346>}
x[0,5]{6  <1.0>}
x[0,6]{0  <0.010117566775671027>, 7  <0.05328034987507013>, 2  <0.002240058834343142>, 3  <0.9343620245149157>}
x[0,7]{0  <0.1406245806468166>, 4  <0.5978600878266408>, 5  <0.21188346308598172>, 3  <0.04963186844056088>}
x[1,0]{4  <1.0>}
x[1,1]{0  <0.055858840703586675>, 1  <0.016482964079600544>, 5  <0.9276581952168128>}
x[1,2]{6  <1.0>}
x[1,3]{5  <0.0187318735354143>, 3  <0.9812681264645857>}
x[1,4]{5  <0.0016808897461316585>, 1  <0.9983191102538683>}
x[1,5]{7  <1.0>}
x[1,6]{0  <0.9740395025386966>, 3  <0.025960497461303366>}
x[1,7]{2  <1.0>}
x[2,0]{2  <0.9896132098297811>, 7  <0.010386790170218948>}
x[2,1]{6  <1.0>}
x[2,2]{2  <0.030598342936212972>, 7  <0.969401657063787>}
x[2,3]{0  <1.0>}
x[2,4]{3  <1.0>}
x[2,5]{5  <1.0>}
x[2,6]{4  <1.0>}
x[2,7]{1  <1.0>}
x[3,0]{0  <0.18298874897908138>, 5  <0.5586201634584>, 7  <0.08482100746017489>, 3  <0.17357008010234362>}
x[3,1]{0  <0.252011380725668>, 1  <0.7336657554478748>, 5  <0.01002254540950883>, 7  <0.0024515220020417837>, 4  <0.0018487964149065702>}
x[3,2]{0  <0.3266415793912071>, 1  <0.44613451269424553>, 7  <0.0022485363363837054>, 5  <0.20065024110359925>, 4  <0.024325130474564437>}
x[3,3]{6  <1.0>}
x[3,4]{5  <0.01449015955211103>, 1  <0.00661124138867997>, 4  <0.9706775356890747>, 7  <0.008221063370134347>}
x[3,5]{2  <1.0>}
x[3,6]{0  <0.004761657435673232>, 7  <0.8903720927911597>, 3  <0.10486624977316694>}
x[3,7]{0  <0.08130270027557568>, 5  <0.17326605837458428>, 4  <0.019702672977673537>, 3  <0.7257285683721665>}
x[4,0]{0  <0.7405305559416857>, 5  <0.24344121754397036>, 2  <0.008399424843971715>, 7  <0.007628801670372163>}
x[4,1]{3  <1.0>}
x[4,2]{0  <0.012567519823029049>, 5  <0.004374298064252115>, 2  <0.9739042705591304>, 7  <0.009153911553588391>}
x[4,3]{1  <1.0>}
x[4,4]{7  <0.9778981805100182>, 5  <0.001395720088744166>, 2  <0.0207060994012376>}
x[4,5]{4  <1.0>}
x[4,6]{6  <1.0>}
x[4,7]{0  <0.5408949899766352>, 5  <0.45910501002336473>}
x[5,0]{0  <0.12455513153763864>, 3  <0.8729683077905867>, 2  <0.0024765606717744794>}
x[5,1]{0  <0.0072613631623170884>, 4  <4.113195124330878E-4>, 2  <0.9923273173252498>}
x[5,2]{0  <0.47303356039161293>, 4  <0.5124488258382618>, 2  <0.014517613770125368>}
x[5,3]{7  <1.0>}
x[5,4]{6  <1.0>}
x[5,5]{1  <1.0>}
x[5,6]{5  <1.0>}
x[5,7]{0  <0.3745419798973474>, 4  <0.3553275565928721>, 3  <0.2701304635097805>}
x[6,0]{6  <1.0>}
x[6,1]{5  <0.013272331086932961>, 4  <0.986727668913067>}
x[6,2]{3  <1.0>}
x[6,3]{2  <1.0>}
x[6,4]{5  <0.9875046995584598>, 4  <0.012495300441540158>}
x[6,5]{0  <1.0>}
x[6,6]{1  <1.0>}
x[6,7]{7  <1.0>}
x[7,0]{1  <1.0>}
x[7,1]{4  <3.1207837154316047E-4>, 7  <0.99259454494639>, 2  <0.006883685711929385>, 5  <2.0969097013735585E-4>}
x[7,2]{4  <0.36500799401000567>, 7  <2.9786240118461393E-4>, 2  <3.335661953398035E-4>, 5  <0.63436057739347>}
x[7,3]{4  <0.8080497657885581>, 5  <0.19195023421144194>}
x[7,4]{0  <1.0>}
x[7,5]{3  <1.0>}
x[7,6]{2  <0.9974058264054377>, 7  <0.00259417359456222>}
x[7,7]{6  <1.0>}
problem entropy = 0.3592538150220387
smallest variable entropy = 0.012417726126588122
##### after BP iteration 2 #####
x[0,0]{0  <0.0016907525183767957>, 5  <0.02675997067553716>, 2  <0.0022983053357534303>, 3  <0.00887001720021017>, 7  <0.9603809542701225>}
x[0,1]{0  <0.7594064326761473>, 1  <0.2110872519430298>, 2  <0.0019698219555844888>, 7  <9.333224880618848E-4>, 4  <0.015512316426520307>, 5  <0.011090854510656372>}
x[0,2]{0  <0.2269711213134456>, 1  <0.5924287255027343>, 2  <9.067221066731626E-4>, 7  <4.353187657797471E-4>, 4  <0.11716194009777654>, 5  <0.062096172213590574>}
x[0,3]{3  <0.0071617756238651735>, 5  <0.7949207554478199>, 4  <0.19791746892831483>}
x[0,4]{5  <2.232916848683581E-5>, 1  <8.232428712083862E-6>, 2  <0.9916066143020951>, 7  <0.005720072862465586>, 4  <0.00264275123824046>}
x[0,5]{6  <1.0>}
x[0,6]{0  <0.011451750973798145>, 7  <0.045102772927706196>, 2  <7.771011011123476E-4>, 3  <0.9426683749973834>}
x[0,7]{0  <0.08620413646161275>, 4  <0.6613500529471775>, 5  <0.2297028140170494>, 3  <0.022742996574160252>}
x[1,0]{4  <1.0>}
x[1,1]{0  <0.0116730120279348>, 1  <0.0016380012775909125>, 5  <0.9866889866944742>}
x[1,2]{6  <1.0>}
x[1,3]{5  <0.01178915704278588>, 3  <0.9882108429572141>}
x[1,4]{5  <0.002813242469600185>, 1  <0.9971867575303998>}
x[1,5]{7  <1.0>}
x[1,6]{0  <0.9920321258786098>, 3  <0.007967874121390169>}
x[1,7]{2  <1.0>}
x[2,0]{2  <0.9902542451138434>, 7  <0.00974575488615652>}
x[2,1]{6  <1.0>}
x[2,2]{2  <0.00700340469755477>, 7  <0.9929965953024452>}
x[2,3]{0  <1.0>}
x[2,4]{3  <1.0>}
x[2,5]{5  <1.0>}
x[2,6]{4  <1.0>}
x[2,7]{1  <1.0>}
x[3,0]{0  <0.12598894524999288>, 5  <0.7793869525388669>, 7  <0.03079230510936499>, 3  <0.06383179710177508>}
x[3,1]{0  <0.49798354413391027>, 1  <0.4775696608961007>, 5  <0.021850476920668653>, 7  <0.0016126234006736974>, 4  <9.836946486467214E-4>}
x[3,2]{0  <0.411640319295034>, 1  <0.25800201210757295>, 7  <0.0020487391280719926>, 5  <0.31153941054247697>, 4  <0.01676951892684403>}
x[3,3]{6  <1.0>}
x[3,4]{5  <0.006428003823042818>, 1  <8.763100602863792E-4>, 4  <0.9888018226208881>, 7  <0.0038938634957827846>}
x[3,5]{2  <1.0>}
x[3,6]{0  <0.0015925957717002003>, 7  <0.9676881820230739>, 3  <0.030719222205225917>}
x[3,7]{0  <0.054730053463970474>, 5  <0.22710974780043516>, 4  <0.010261229844329025>, 3  <0.7078989688912654>}
x[4,0]{0  <0.6567957058947431>, 5  <0.3385354342531625>, 2  <0.0015515906346632792>, 7  <0.0031172692174309905>}
x[4,1]{3  <1.0>}
x[4,2]{0  <0.005985983099281364>, 5  <0.004299288041412217>, 2  <0.9765364096001061>, 7  <0.013178319259200214>}
x[4,3]{1  <1.0>}
x[4,4]{7  <0.9913239992204352>, 5  <5.43298073075622E-4>, 2  <0.008132702706489216>}
x[4,5]{4  <1.0>}
x[4,6]{6  <1.0>}
x[4,7]{0  <0.3172096753829975>, 5  <0.6827903246170025>}
x[5,0]{0  <0.1183308123470662>, 3  <0.8809451205231132>, 2  <7.240671298205393E-4>}
x[5,1]{0  <0.007826533868982459>, 4  <3.2207264624517637E-4>, 2  <0.9918513934847724>}
x[5,2]{0  <0.4748893446687668>, 4  <0.5191820202201985>, 2  <0.005928635111034718>}
x[5,3]{7  <1.0>}
x[5,4]{6  <1.0>}
x[5,5]{1  <1.0>}
x[5,6]{5  <1.0>}
x[5,7]{0  <0.34450510871812534>, 4  <0.46391130105703343>, 3  <0.19158359022484123>}
x[6,0]{6  <1.0>}
x[6,1]{5  <0.019454380579504573>, 4  <0.9805456194204955>}
x[6,2]{3  <1.0>}
x[6,3]{2  <1.0>}
x[6,4]{5  <0.9887627201211521>, 4  <0.011237279878847949>}
x[6,5]{0  <1.0>}
x[6,6]{1  <1.0>}
x[6,7]{7  <1.0>}
x[7,0]{1  <1.0>}
x[7,1]{4  <9.907232660813201E-5>, 7  <0.9991072896879737>, 2  <6.021299797308562E-4>, 5  <1.9150800568738056E-4>}
x[7,2]{4  <0.28598134800279174>, 7  <2.469043280884246E-4>, 2  <5.540515265080507E-5>, 5  <0.713716342516469>}
x[7,3]{4  <0.6318407477615223>, 5  <0.3681592522384776>}
x[7,4]{0  <1.0>}
x[7,5]{3  <1.0>}
x[7,6]{2  <0.9989830099165756>, 7  <0.0010169900834243052>}
x[7,7]{6  <1.0>}
problem entropy = 0.318431644041684
smallest variable entropy = 0.007909960931164806
##### after BP iteration 3 #####
x[0,0]{0  <0.001133693779553973>, 5  <0.008603433101450193>, 2  <0.0026460749518452194>, 3  <0.010104376952586506>, 7  <0.9775124212145642>}
x[0,1]{0  <0.5959976437722163>, 1  <0.3989904394567375>, 2  <8.56390334609047E-4>, 7  <1.2021751497761447E-4>, 4  <0.002845995581277381>, 5  <0.0011893133401821463>}
x[0,2]{0  <0.1767797835469494>, 1  <0.7493742261556476>, 2  <1.7806977844466725E-4>, 7  <4.559976246359142E-5>, 4  <0.059156452259979564>, 5  <0.01446586849651503>}
x[0,3]{3  <0.005658760325976953>, 5  <0.6985184952122327>, 4  <0.29582274446179035>}
x[0,4]{5  <4.235860318564342E-6>, 1  <1.1029158743164825E-5>, 2  <0.9977083699229697>, 7  <0.001670116028681636>, 4  <6.062490292869841E-4>}
x[0,5]{6  <1.0>}
x[0,6]{0  <0.00657850179145299>, 7  <0.01426720854883539>, 2  <1.82947693302355E-4>, 3  <0.9789713419664092>}
x[0,7]{0  <0.1676976030410379>, 4  <0.672222552713001>, 5  <0.14531522074662626>, 3  <0.014764623499334722>}
x[1,0]{4  <1.0>}
x[1,1]{0  <0.003163731610449186>, 1  <0.002038342841726311>, 5  <0.9947979255478244>}
x[1,2]{6  <1.0>}
x[1,3]{5  <0.0018040211676079942>, 3  <0.9981959788323921>}
x[1,4]{5  <0.0010409340425111457>, 1  <0.9989590659574888>}
x[1,5]{7  <1.0>}
x[1,6]{0  <0.9959933275816374>, 3  <0.004006672418362628>}
x[1,7]{2  <1.0>}
x[2,0]{2  <0.9973520571291433>, 7  <0.0026479428708566974>}
x[2,1]{6  <1.0>}
x[2,2]{2  <0.004671152689927321>, 7  <0.9953288473100727>}
x[2,3]{0  <1.0>}
x[2,4]{3  <1.0>}
x[2,5]{5  <1.0>}
x[2,6]{4  <1.0>}
x[2,7]{1  <1.0>}
x[3,0]{0  <0.22049633703305055>, 5  <0.5907317156377497>, 7  <0.014874739178188887>, 3  <0.17389720815101095>}
x[3,1]{0  <0.24344036915651598>, 1  <0.7543911188524247>, 5  <0.0019915498325769306>, 7  <1.2572793465691237E-4>, 4  <5.1234223825454106E-5>}
x[3,2]{0  <0.35318725253648076>, 1  <0.5413127155139508>, 7  <2.286104003398479E-4>, 5  <0.1012689698346806>, 4  <0.0040024517145478295>}
x[3,3]{6  <1.0>}
x[3,4]{5  <0.004488768142931988>, 1  <0.004200852712281716>, 4  <0.9900935259776564>, 7  <0.001216853167129951>}
x[3,5]{2  <1.0>}
x[3,6]{0  <6.065787243539002E-4>, 7  <0.9785138648163523>, 3  <0.020879556459293895>}
x[3,7]{0  <0.020825446892495967>, 5  <0.03043299123909996>, 4  <0.0011198232015495507>, 3  <0.9476217386668545>}
x[4,0]{0  <0.7242762685148462>, 5  <0.27313021724864045>, 2  <0.0014830816935299477>, 7  <0.0011104325429834082>}
x[4,1]{3  <1.0>}
x[4,2]{0  <7.351712874615031E-4>, 5  <4.207988788638985E-4>, 2  <0.995459795636454>, 7  <0.0033842341972205067>}
x[4,3]{1  <1.0>}
x[4,4]{7  <0.9938640088035804>, 5  <2.4212011041197497E-4>, 2  <0.0058938710860075485>}
x[4,5]{4  <1.0>}
x[4,6]{6  <1.0>}
x[4,7]{0  <0.27495721135383305>, 5  <0.7250427886461669>}
x[5,0]{0  <0.15895326812786362>, 3  <0.8404603456268775>, 2  <5.863862452587505E-4>}
x[5,1]{0  <0.0018702315608628327>, 4  <2.5616433953360574E-5>, 2  <0.9981041520051838>}
x[5,2]{0  <0.3845106053486469>, 4  <0.6127768498770675>, 2  <0.00271254477428559>}
x[5,3]{7  <1.0>}
x[5,4]{6  <1.0>}
x[5,5]{1  <1.0>}
x[5,6]{5  <1.0>}
x[5,7]{0  <0.5158170737850142>, 4  <0.3960363807226308>, 3  <0.08814654549235516>}
x[6,0]{6  <1.0>}
x[6,1]{5  <0.0037240188109239967>, 4  <0.996275981189076>}
x[6,2]{3  <1.0>}
x[6,3]{2  <1.0>}
x[6,4]{5  <0.9861273714108642>, 4  <0.013872628589135929>}
x[6,5]{0  <1.0>}
x[6,6]{1  <1.0>}
x[6,7]{7  <1.0>}
x[7,0]{1  <1.0>}
x[7,1]{4  <2.160046874365853E-5>, 7  <0.9996630442993195>, 2  <2.8989141639192394E-4>, 5  <2.546381554502229E-5>}
x[7,2]{4  <0.3215915332997217>, 7  <5.864292157496354E-5>, 2  <1.5169605621033432E-5>, 5  <0.6783346541730824>}
x[7,3]{4  <0.7059321348861255>, 5  <0.29406786511387445>}
x[7,4]{0  <1.0>}
x[7,5]{3  <1.0>}
x[7,6]{2  <0.9998790459578797>, 7  <1.209540421203075E-4>}
x[7,7]{6  <1.0>}
problem entropy = 0.27556344814244055
smallest variable entropy = 0.0012119642703252935
##### after BP iteration 4 #####
x[0,0]{0  <2.962344286151783E-4>, 5  <0.0037617042206632653>, 2  <9.006618852038372E-4>, 3  <0.003913408731166061>, 7  <0.9911279907343515>}
x[0,1]{0  <0.661513399864508>, 1  <0.33516140885463325>, 2  <6.354656002691224E-4>, 7  <6.316310768290425E-5>, 4  <0.001366169790809511>, 5  <0.0012603927820972012>}
x[0,2]{0  <0.3025364938720837>, 1  <0.41241650903887933>, 2  <8.780003971786E-5>, 7  <2.1428451343345834E-5>, 4  <0.17981101710846054>, 5  <0.10512675148951525>}
x[0,3]{3  <7.750790874451757E-4>, 5  <0.7240874832940289>, 4  <0.2751374376185259>}
x[0,4]{5  <6.327646795844181E-6>, 1  <2.8359027942845357E-6>, 2  <0.997234506716196>, 7  <0.0023023679793330643>, 4  <4.5396175488088573E-4>}
x[0,5]{6  <1.0>}
x[0,6]{0  <0.002766133415971113>, 7  <0.008918010909818407>, 2  <2.1974081729010576E-5>, 3  <0.9882938815924815>}
x[0,7]{0  <0.2169038817364846>, 4  <0.5588988198234396>, 5  <0.22068339548690447>, 3  <0.003513902953171417>}
x[1,0]{4  <1.0>}
x[1,1]{0  <8.344654168352877E-4>, 1  <6.161061952214903E-4>, 5  <0.9985494283879431>}
x[1,2]{6  <1.0>}
x[1,3]{5  <0.0016350534728997875>, 3  <0.9983649465271002>}
x[1,4]{5  <0.0039768897177129645>, 1  <0.9960231102822871>}
x[1,5]{7  <1.0>}
x[1,6]{0  <0.998667843271094>, 3  <0.0013321567289059058>}
x[1,7]{2  <1.0>}
x[2,0]{2  <0.9978671582918481>, 7  <0.0021328417081518955>}
x[2,1]{6  <1.0>}
x[2,2]{2  <0.001320491506367372>, 7  <0.9986795084936325>}
x[2,3]{0  <1.0>}
x[2,4]{3  <1.0>}
x[2,5]{5  <1.0>}
x[2,6]{4  <1.0>}
x[2,7]{1  <1.0>}
x[3,0]{0  <0.17318646044083905>, 5  <0.7399983154536912>, 7  <0.0042713455337796405>, 3  <0.08254387857169024>}
x[3,1]{0  <0.3876381357680938>, 1  <0.6102106905767304>, 5  <0.002070700139093719>, 7  <4.043061266340313E-5>, 4  <4.00429034186095E-5>}
x[3,2]{0  <0.46094773214120993>, 1  <0.1863630829829612>, 7  <3.4909749107133055E-5>, 5  <0.34422994399203477>, 4  <0.008424331134686986>}
x[3,3]{6  <1.0>}
x[3,4]{5  <0.008788898692524036>, 1  <0.0010977701543085838>, 4  <0.9898497802632161>, 7  <2.635508899511548E-4>}
x[3,5]{2  <1.0>}
x[3,6]{0  <8.434744481546163E-5>, 7  <0.9967122214539731>, 3  <0.0032034311012114143>}
x[3,7]{0  <0.0226115086004154>, 5  <0.04089220508100172>, 4  <8.76279005984607E-4>, 3  <0.9356200073125983>}
x[4,0]{0  <0.6451105982637763>, 5  <0.3542226785130944>, 2  <2.7578261377046774E-4>, 7  <3.909406093589391E-4>}
x[4,1]{3  <1.0>}
x[4,2]{0  <3.640278890265189E-4>, 5  <3.656668288941739E-4>, 2  <0.9976863843722007>, 7  <0.0015839209098785828>}
x[4,3]{1  <1.0>}
x[4,4]{7  <0.9989302213489811>, 5  <1.2792714670765835E-4>, 2  <9.41851504311254E-4>}
x[4,5]{4  <1.0>}
x[4,6]{6  <1.0>}
x[4,7]{0  <0.15759014158548248>, 5  <0.8424098584145175>}
x[5,0]{0  <0.13900618327672667>, 3  <0.8609339969428281>, 2  <5.981978044518564E-5>}
x[5,1]{0  <3.3951902668316977E-4>, 4  <1.6437548363736202E-6>, 2  <0.9996588372184805>}
x[5,2]{0  <0.23327602853772764>, 4  <0.7665308033803363>, 2  <1.9316808193606594E-4>}
x[5,3]{7  <1.0>}
x[5,4]{6  <1.0>}
x[5,5]{1  <1.0>}
x[5,6]{5  <1.0>}
x[5,7]{0  <0.7019865828465427>, 4  <0.2539541737968118>, 3  <0.04405924335664563>}
x[6,0]{6  <1.0>}
x[6,1]{5  <8.319430408470189E-4>, 4  <0.999168056959153>}
x[6,2]{3  <1.0>}
x[6,3]{2  <1.0>}
x[6,4]{5  <0.9978612895827843>, 4  <0.002138710417215655>}
x[6,5]{0  <1.0>}
x[6,6]{1  <1.0>}
x[6,7]{7  <1.0>}
x[7,0]{1  <1.0>}
x[7,1]{4  <7.294618777705913E-7>, 7  <0.9999635980770337>, 2  <3.40671181382775E-5>, 5  <1.6053429503200034E-6>}
x[7,2]{4  <0.16929055158387826>, 7  <2.0051372902673427E-6>, 2  <2.719364738428372E-7>, 5  <0.8307071713423576>}
x[7,3]{4  <0.7442075268548606>, 5  <0.2557924731451393>}
x[7,4]{0  <1.0>}
x[7,5]{3  <1.0>}
x[7,6]{2  <0.999961245598774>, 7  <3.875440122609623E-5>}
x[7,7]{6  <1.0>}
problem entropy = 0.2519693377420992
smallest variable entropy = 4.1858252508811456E-4
### branching on x[4,4]=7; marginal=0.9989302213489811; regret=0.9979883698446699; nb of ties=15
##### after BP iteration 1 #####
x[0,0]{0  <2.7389368805392728E-5>, 5  <3.49191130620995E-4>, 7  <0.9989680857188972>, 3  <6.553337816763904E-4>}
x[0,1]{0  <0.40661163795706>, 1  <0.5921655771346562>, 5  <6.007216991846847E-4>, 7  <3.388821007190981E-7>, 4  <6.217243269981995E-4>}
x[0,2]{0  <0.17217292855567623>, 1  <0.7202976771003151>, 5  <0.03162780530127254>, 7  <2.8681040819981983E-6>, 4  <0.07589872093865412>}
x[0,3]{3  <3.769306018869623E-4>, 5  <0.7357268114192526>, 4  <0.26389625797886046>}
x[0,4]{2  <1.0>}
x[0,5]{6  <1.0>}
x[0,6]{0  <4.996538311262687E-4>, 7  <0.0011644570585790832>, 3  <0.9983358891102946>}
x[0,7]{0  <0.19814665414627883>, 4  <0.6572785117609585>, 5  <0.14251454405465105>, 3  <0.0020602900381115757>}
x[1,0]{4  <1.0>}
x[1,1]{0  <0.00125574262754247>, 1  <0.0031020152640181737>, 5  <0.9956422421084393>}
x[1,2]{6  <1.0>}
x[1,3]{5  <3.021698047203714E-4>, 3  <0.9996978301952797>}
x[1,4]{5  <1.6510245685208354E-4>, 1  <0.9998348975431479>}
x[1,5]{7  <1.0>}
x[1,6]{0  <0.9994161787221718>, 3  <5.838212778281429E-4>}
x[1,7]{2  <1.0>}
x[2,0]{2  <0.9999336387346327>, 7  <6.636126536724411E-5>}
x[2,1]{6  <1.0>}
x[2,2]{2  <1.635297633938213E-5>, 7  <0.9999836470236607>}
x[2,3]{0  <1.0>}
x[2,4]{3  <1.0>}
x[2,5]{5  <1.0>}
x[2,6]{4  <1.0>}
x[2,7]{1  <1.0>}
x[3,0]{0  <0.24522310800065672>, 5  <0.709454149755697>, 7  <9.687489501800145E-4>, 3  <0.04435399329346623>}
x[3,1]{0  <0.2770482959251347>, 1  <0.7221763339267988>, 5  <7.576355434957673E-4>, 7  <1.5545348339760752E-7>, 4  <1.757915108738708E-5>}
x[3,2]{0  <0.4279836299940945>, 1  <0.44058697496020416>, 7  <4.159405832600229E-6>, 5  <0.12639668846447283>, 4  <0.005028547175395823>}
x[3,3]{6  <1.0>}
x[3,4]{5  <0.001889817468450482>, 1  <6.579407223623342E-4>, 4  <0.9974522418091871>}
x[3,5]{2  <1.0>}
x[3,6]{0  <2.7083436753763094E-5>, 7  <0.9985267496705164>, 3  <0.0014461668927298725>}
x[3,7]{0  <0.03585850810794204>, 5  <0.03480741695555034>, 4  <0.00115615798386886>, 3  <0.9281779169526387>}
x[4,0]{0  <0.8668040783541592>, 5  <0.13310687281540323>, 2  <8.904883043746454E-5>}
x[4,1]{3  <1.0>}
x[4,2]{0  <5.556579298833446E-6>, 5  <8.382537127652429E-7>, 2  <0.9999936051669884>}
x[4,3]{1  <1.0>}
x[4,4]{7  <1.0>}
x[4,5]{4  <1.0>}
x[4,6]{6  <1.0>}
x[4,7]{0  <0.27328691484455514>, 5  <0.7267130851554447>}
x[5,0]{0  <0.021375585086392257>, 3  <0.9786244149136076>}
x[5,1]{2  <1.0>}
x[5,2]{0  <0.2570098345290282>, 4  <0.7429901654709719>}
x[5,3]{7  <1.0>}
x[5,4]{6  <1.0>}
x[5,5]{1  <1.0>}
x[5,6]{5  <1.0>}
x[5,7]{0  <0.6700653216200816>, 4  <0.2487179158240142>, 3  <0.0812167625559042>}
x[6,0]{6  <1.0>}
x[6,1]{5  <4.8808420192090937E-4>, 4  <0.9995119157980791>}
x[6,2]{3  <1.0>}
x[6,3]{2  <1.0>}
x[6,4]{5  <0.9993649659922658>, 4  <6.350340077341846E-4>}
x[6,5]{0  <1.0>}
x[6,6]{1  <1.0>}
x[6,7]{7  <1.0>}
x[7,0]{1  <1.0>}
x[7,1]{4  <5.8553038812322524E-8>, 7  <0.9999998071690124>, 5  <1.3427794880142277E-7>}
x[7,2]{4  <0.20535081887402737>, 7  <1.7231973234771984E-7>, 5  <0.7946490088062402>}
x[7,3]{4  <0.8433778866092728>, 5  <0.15662211339072704>}
x[7,4]{0  <1.0>}
x[7,5]{3  <1.0>}
x[7,6]{2  <1.0>}
x[7,7]{6  <1.0>}
problem entropy = 0.2753031134371822
smallest variable entropy = 3.292661723868015E-6
### branching on x[0,0]=7; marginal=0.9989680857188972; regret=0.9983127519372208; nb of ties=14
##### after BP iteration 1 #####
x[0,0]{7  <1.0>}
x[0,1]{0  <0.7922018827368692>, 1  <0.20660720325767443>, 5  <6.743739706412823E-4>, 4  <5.16540034815102E-4>}
x[0,2]{0  <0.3016762438904488>, 1  <0.5921375749050248>, 5  <0.02717437994003931>, 4  <0.0790118012644871>}
x[0,3]{3  <1.3054235284607816E-5>, 5  <0.8966947558884087>, 4  <0.1032921898763068>}
x[0,4]{2  <1.0>}
x[0,5]{6  <1.0>}
x[0,6]{0  <1.4398244193028131E-4>, 3  <0.9998560175580697>}
x[0,7]{0  <0.07077645129211649>, 4  <0.7756649034237056>, 5  <0.15328897798334556>, 3  <2.6966730083237807E-4>}
x[1,0]{4  <1.0>}
x[1,1]{0  <4.4631993057105655E-4>, 1  <1.6169663940091648E-4>, 5  <0.999391983430028>}
x[1,2]{6  <1.0>}
x[1,3]{5  <2.882541108912676E-4>, 3  <0.9997117458891087>}
x[1,4]{5  <1.2066781923046968E-4>, 1  <0.9998793321807696>}
x[1,5]{7  <1.0>}
x[1,6]{0  <0.9997826311328674>, 3  <2.173688671326499E-4>}
x[1,7]{2  <1.0>}
x[2,0]{2  <1.0>}
x[2,1]{6  <1.0>}
x[2,2]{7  <1.0>}
x[2,3]{0  <1.0>}
x[2,4]{3  <1.0>}
x[2,5]{5  <1.0>}
x[2,6]{4  <1.0>}
x[2,7]{1  <1.0>}
x[3,0]{0  <0.059404051313865565>, 5  <0.9322947669724455>, 3  <0.008301181713688929>}
x[3,1]{0  <0.6497978146024135>, 1  <0.34867761953172655>, 5  <0.0015196431659778963>, 4  <4.922699882074428E-6>}
x[3,2]{0  <0.5060662891024919>, 1  <0.3853174344634223>, 4  <0.0012961176782903606>, 5  <0.10732015875579551>}
x[3,3]{6  <1.0>}
x[3,4]{5  <2.532503064823345E-4>, 1  <3.619463205763876E-5>, 4  <0.99971055506146>}
x[3,5]{2  <1.0>}
x[3,6]{7  <1.0>}
x[3,7]{0  <0.010411400260682373>, 5  <0.05002173664117215>, 4  <3.412609892513793E-4>, 3  <0.939225602108894>}
x[4,0]{0  <0.7978635557043688>, 5  <0.20213644429563127>}
x[4,1]{3  <1.0>}
x[4,2]{2  <1.0>}
x[4,3]{1  <1.0>}
x[4,4]{7  <1.0>}
x[4,5]{4  <1.0>}
x[4,6]{6  <1.0>}
x[4,7]{0  <0.13166080348402098>, 5  <0.8683391965159789>}
x[5,0]{0  <0.014202525333755078>, 3  <0.985797474666245>}
x[5,1]{2  <1.0>}
x[5,2]{0  <0.32241570829742416>, 4  <0.6775842917025758>}
x[5,3]{7  <1.0>}
x[5,4]{6  <1.0>}
x[5,5]{1  <1.0>}
x[5,6]{5  <1.0>}
x[5,7]{0  <0.553589899464369>, 4  <0.41157457611956316>, 3  <0.03483552441606782>}
x[6,0]{6  <1.0>}
x[6,1]{5  <6.559535960548389E-4>, 4  <0.9993440464039451>}
x[6,2]{3  <1.0>}
x[6,3]{2  <1.0>}
x[6,4]{5  <0.999515454382699>, 4  <4.8454561730105377E-4>}
x[6,5]{0  <1.0>}
x[6,6]{1  <1.0>}
x[6,7]{7  <1.0>}
x[7,0]{1  <1.0>}
x[7,1]{7  <1.0>}
x[7,2]{4  <0.14712475241530432>, 5  <0.8528752475846957>}
x[7,3]{4  <0.7876362450881379>, 5  <0.21236375491186207>}
x[7,4]{0  <1.0>}
x[7,5]{3  <1.0>}
x[7,6]{2  <1.0>}
x[7,7]{6  <1.0>}
problem entropy = 0.34285416741421715
smallest variable entropy = 0.0012093822069225292
##### after BP iteration 2 #####
x[0,0]{7  <1.0>}
x[0,1]{0  <0.5551533510309962>, 1  <0.44466339459476867>, 5  <7.009046452708931E-5>, 4  <1.1316390970818746E-4>}
x[0,2]{0  <0.21474835365083586>, 1  <0.715895541835898>, 5  <0.01086569874275168>, 4  <0.05849040577051432>}
x[0,3]{3  <7.714730017801637E-6>, 5  <0.8668858783551264>, 4  <0.1331064069148558>}
x[0,4]{2  <1.0>}
x[0,5]{6  <1.0>}
x[0,6]{0  <8.016248319264022E-5>, 3  <0.9999198375168074>}
x[0,7]{0  <0.07365219500074814>, 4  <0.84506904451582>, 5  <0.08123547694302913>, 3  <4.328354040270014E-5>}
x[1,0]{4  <1.0>}
x[1,1]{0  <8.275031676208503E-5>, 1  <1.1267995071191589E-4>, 5  <0.999804569732526>}
x[1,2]{6  <1.0>}
x[1,3]{5  <7.938108068881825E-6>, 3  <0.9999920618919311>}
x[1,4]{5  <3.442450794221931E-5>, 1  <0.9999655754920578>}
x[1,5]{7  <1.0>}
x[1,6]{0  <0.9999383375982096>, 3  <6.166240179045387E-5>}
x[1,7]{2  <1.0>}
x[2,0]{2  <1.0>}
x[2,1]{6  <1.0>}
x[2,2]{7  <1.0>}
x[2,3]{0  <1.0>}
x[2,4]{3  <1.0>}
x[2,5]{5  <1.0>}
x[2,6]{4  <1.0>}
x[2,7]{1  <1.0>}
x[3,0]{0  <0.051749233033166676>, 5  <0.9268926163665205>, 3  <0.02135815060031282>}
x[3,1]{0  <0.3165158135609894>, 1  <0.6833362848978328>, 5  <1.477642053763497E-4>, 4  <1.373358015069267E-7>}
x[3,2]{0  <0.30023859232119693>, 1  <0.6545352616496556>, 4  <1.551312653228385E-4>, 5  <0.04507101476382471>}
x[3,3]{6  <1.0>}
x[3,4]{5  <9.950526833450982E-5>, 1  <1.1357261778754018E-4>, 4  <0.999786922113878>}
x[3,5]{2  <1.0>}
x[3,6]{7  <1.0>}
x[3,7]{0  <7.268999244900628E-4>, 5  <0.002455970129191489>, 4  <3.2474283554533143E-6>, 3  <0.9968138825179631>}
x[4,0]{0  <0.9310567741309014>, 5  <0.0689432258690986>}
x[4,1]{3  <1.0>}
x[4,2]{2  <1.0>}
x[4,3]{1  <1.0>}
x[4,4]{7  <1.0>}
x[4,5]{4  <1.0>}
x[4,6]{6  <1.0>}
x[4,7]{0  <0.17092662065695183>, 5  <0.8290733793430481>}
x[5,0]{0  <0.016845423716522787>, 3  <0.9831545762834772>}
x[5,1]{2  <1.0>}
x[5,2]{0  <0.3485257662332459>, 4  <0.6514742337667542>}
x[5,3]{7  <1.0>}
x[5,4]{6  <1.0>}
x[5,5]{1  <1.0>}
x[5,6]{5  <1.0>}
x[5,7]{0  <0.7643129877389294>, 4  <0.22784353584124417>, 3  <0.00784347641982646>}
x[6,0]{6  <1.0>}
x[6,1]{5  <1.3714307734435298E-4>, 4  <0.9998628569226556>}
x[6,2]{3  <1.0>}
x[6,3]{2  <1.0>}
x[6,4]{5  <0.9996559081138158>, 4  <3.4409188618429027E-4>}
x[6,5]{0  <1.0>}
x[6,6]{1  <1.0>}
x[6,7]{7  <1.0>}
x[7,0]{1  <1.0>}
x[7,1]{7  <1.0>}
x[7,2]{4  <0.17248435005705184>, 5  <0.8275156499429482>}
x[7,3]{4  <0.9033428341887763>, 5  <0.09665716581122386>}
x[7,4]{0  <1.0>}
x[7,5]{3  <1.0>}
x[7,6]{2  <1.0>}
x[7,7]{6  <1.0>}
problem entropy = 0.29819456626636937
smallest variable entropy = 1.0116191261524717E-4
### branching on x[1,3]=3; marginal=0.9999920618919311; regret=0.9999841237838623; nb of ties=9
##### after BP iteration 1 #####
x[0,0]{7  <1.0>}
x[0,1]{0  <0.5489328815886134>, 1  <0.45103749916383046>, 5  <1.4721165662536428E-5>, 4  <1.489808189364921E-5>}
x[0,2]{0  <0.4047762687080952>, 1  <0.27134797461162813>, 5  <0.06877947181354417>, 4  <0.25509628486673247>}
x[0,3]{4  <0.09399357944990397>, 5  <0.9060064205500961>}
x[0,4]{2  <1.0>}
x[0,5]{6  <1.0>}
x[0,6]{3  <1.0>}
x[0,7]{0  <0.17699038848279622>, 4  <0.7118126130673151>, 5  <0.11119699844988865>}
x[1,0]{4  <1.0>}
x[1,1]{5  <0.9999717112342629>, 1  <2.828876573702772E-5>}
x[1,2]{6  <1.0>}
x[1,3]{3  <1.0>}
x[1,4]{5  <1.1285439283747858E-4>, 1  <0.9998871456071626>}
x[1,5]{7  <1.0>}
x[1,6]{0  <1.0>}
x[1,7]{2  <1.0>}
x[2,0]{2  <1.0>}
x[2,1]{6  <1.0>}
x[2,2]{7  <1.0>}
x[2,3]{0  <1.0>}
x[2,4]{3  <1.0>}
x[2,5]{5  <1.0>}
x[2,6]{4  <1.0>}
x[2,7]{1  <1.0>}
x[3,0]{0  <0.07597219791673179>, 5  <0.9179268127498329>, 3  <0.006100989333435353>}
x[3,1]{0  <0.4417519509656491>, 1  <0.5582115469022537>, 5  <3.6473571458578355E-5>, 4  <2.856063864610579E-8>}
x[3,2]{0  <0.5922648773233958>, 1  <0.2278142805573256>, 4  <4.4316247189271087E-4>, 5  <0.17947767964738598>}
x[3,3]{6  <1.0>}
x[3,4]{5  <2.1151651832225873E-4>, 1  <3.587190295630201E-5>, 4  <0.9997526115787215>}
x[3,5]{2  <1.0>}
x[3,6]{7  <1.0>}
x[3,7]{0  <0.0011080094295043887>, 5  <0.002726195265406295>, 4  <1.8151557518250869E-6>, 3  <0.9961639801493375>}
x[4,0]{0  <0.9341920118627788>, 5  <0.06580798813722127>}
x[4,1]{3  <1.0>}
x[4,2]{2  <1.0>}
x[4,3]{1  <1.0>}
x[4,4]{7  <1.0>}
x[4,5]{4  <1.0>}
x[4,6]{6  <1.0>}
x[4,7]{0  <0.04087712741732005>, 5  <0.9591228725826799>}
x[5,0]{0  <0.010132929170517791>, 3  <0.9898670708294822>}
x[5,1]{2  <1.0>}
x[5,2]{0  <0.13056757729401156>, 4  <0.8694324227059884>}
x[5,3]{7  <1.0>}
x[5,4]{6  <1.0>}
x[5,5]{1  <1.0>}
x[5,6]{5  <1.0>}
x[5,7]{0  <0.8574320080900143>, 4  <0.14047289188663117>, 3  <0.002095100023354471>}
x[6,0]{6  <1.0>}
x[6,1]{5  <7.128152512789851E-6>, 4  <0.9999928718474873>}
x[6,2]{3  <1.0>}
x[6,3]{2  <1.0>}
x[6,4]{5  <0.9999575742869776>, 4  <4.2425713022403356E-5>}
x[6,5]{0  <1.0>}
x[6,6]{1  <1.0>}
x[6,7]{7  <1.0>}
x[7,0]{1  <1.0>}
x[7,1]{7  <1.0>}
x[7,2]{4  <0.0754677850314181>, 5  <0.924532214968582>}
x[7,3]{4  <0.8938935873619502>, 5  <0.10610641263804979>}
x[7,4]{0  <1.0>}
x[7,5]{3  <1.0>}
x[7,6]{2  <1.0>}
x[7,7]{6  <1.0>}
problem entropy = 0.3277795355758638
smallest variable entropy = 9.160713059283785E-5
### branching on x[3,7]=3; marginal=0.9961639801493375; regret=0.9934377848839312; nb of ties=6
##### after BP iteration 1 #####
x[0,0]{7  <1.0>}
x[0,1]{0  <0.28130224148593896>, 1  <0.7186886720227473>, 5  <4.752908726717192E-6>, 4  <4.333582587047673E-6>}
x[0,2]{0  <0.277594204267692>, 1  <0.6412660048897942>, 5  <0.007842742217352865>, 4  <0.07329704862516082>}
x[0,3]{4  <0.12562824455304705>, 5  <0.8743717554469529>}
x[0,4]{2  <1.0>}
x[0,5]{6  <1.0>}
x[0,6]{3  <1.0>}
x[0,7]{0  <0.24386926511584403>, 4  <0.7319504555757831>, 5  <0.024180279308372944>}
x[1,0]{4  <1.0>}
x[1,1]{5  <0.9999401977959156>, 1  <5.980220408428541E-5>}
x[1,2]{6  <1.0>}
x[1,3]{3  <1.0>}
x[1,4]{5  <7.83982365749384E-6>, 1  <0.9999921601763425>}
x[1,5]{7  <1.0>}
x[1,6]{0  <1.0>}
x[1,7]{2  <1.0>}
x[2,0]{2  <1.0>}
x[2,1]{6  <1.0>}
x[2,2]{7  <1.0>}
x[2,3]{0  <1.0>}
x[2,4]{3  <1.0>}
x[2,5]{5  <1.0>}
x[2,6]{4  <1.0>}
x[2,7]{1  <1.0>}
x[3,0]{0  <0.1409241240677212>, 5  <0.8590758759322789>}
x[3,1]{0  <0.3549081516984173>, 1  <0.645081352325358>, 5  <1.0489819378794809E-5>, 4  <6.156845905228345E-9>}
x[3,2]{0  <0.4748335595336782>, 1  <0.49870532066713275>, 4  <1.1838288813885163E-4>, 5  <0.026342736911050234>}
x[3,3]{6  <1.0>}
x[3,4]{5  <6.996911092229717E-5>, 1  <4.029177216034564E-5>, 4  <0.9998897391169174>}
x[3,5]{2  <1.0>}
x[3,6]{7  <1.0>}
x[3,7]{3  <1.0>}
x[4,0]{0  <0.9545298053024482>, 5  <0.04547019469755169>}
x[4,1]{3  <1.0>}
x[4,2]{2  <1.0>}
x[4,3]{1  <1.0>}
x[4,4]{7  <1.0>}
x[4,5]{4  <1.0>}
x[4,6]{6  <1.0>}
x[4,7]{0  <0.03387730004979811>, 5  <0.9661226999502018>}
x[5,0]{3  <1.0>}
x[5,1]{2  <1.0>}
x[5,2]{0  <0.10449155760740886>, 4  <0.8955084423925912>}
x[5,3]{7  <1.0>}
x[5,4]{6  <1.0>}
x[5,5]{1  <1.0>}
x[5,6]{5  <1.0>}
x[5,7]{0  <0.865268714031647>, 4  <0.13473128596835315>}
x[6,0]{6  <1.0>}
x[6,1]{5  <3.4769159865968434E-6>, 4  <0.9999965230840133>}
x[6,2]{3  <1.0>}
x[6,3]{2  <1.0>}
x[6,4]{5  <0.9999940555357159>, 4  <5.9444642841422855E-6>}
x[6,5]{0  <1.0>}
x[6,6]{1  <1.0>}
x[6,7]{7  <1.0>}
x[7,0]{1  <1.0>}
x[7,1]{7  <1.0>}
x[7,2]{4  <0.052910191096823725>, 5  <0.9470898089031764>}
x[7,3]{4  <0.9266592916128066>, 5  <0.07334070838719343>}
x[7,4]{0  <1.0>}
x[7,5]{3  <1.0>}
x[7,6]{2  <1.0>}
x[7,7]{6  <1.0>}
problem entropy = 0.3360514301844013
smallest variable entropy = 4.7179535592569695E-5
### branching on x[3,4]=4; marginal=0.9998897391169174; regret=0.9998197700059951; nb of ties=5
##### after BP iteration 1 #####
x[0,0]{7  <1.0>}
x[0,1]{0  <0.7342632017946795>, 1  <0.2657367982053206>}
x[0,2]{0  <0.4010361928155499>, 1  <0.5279131503910461>, 5  <0.007538930307925378>, 4  <0.0635117264854786>}
x[0,3]{4  <0.028813791218469356>, 5  <0.9711862087815306>}
x[0,4]{2  <1.0>}
x[0,5]{6  <1.0>}
x[0,6]{3  <1.0>}
x[0,7]{0  <0.057282441676369554>, 4  <0.9232958536788374>, 5  <0.01942170464479322>}
x[1,0]{4  <1.0>}
x[1,1]{5  <1.0>}
x[1,2]{6  <1.0>}
x[1,3]{3  <1.0>}
x[1,4]{1  <1.0>}
x[1,5]{7  <1.0>}
x[1,6]{0  <1.0>}
x[1,7]{2  <1.0>}
x[2,0]{2  <1.0>}
x[2,1]{6  <1.0>}
x[2,2]{7  <1.0>}
x[2,3]{0  <1.0>}
x[2,4]{3  <1.0>}
x[2,5]{5  <1.0>}
x[2,6]{4  <1.0>}
x[2,7]{1  <1.0>}
x[3,0]{0  <0.012662592759157557>, 5  <0.9873374072408425>}
x[3,1]{0  <0.7624882767838954>, 1  <0.2375117232161046>}
x[3,2]{0  <0.4913842038990837>, 1  <0.4878397393181759>, 5  <0.020776056782740433>}
x[3,3]{6  <1.0>}
x[3,4]{4  <1.0>}
x[3,5]{2  <1.0>}
x[3,6]{7  <1.0>}
x[3,7]{3  <1.0>}
x[4,0]{0  <0.9245083852688597>, 5  <0.07549161473114024>}
x[4,1]{3  <1.0>}
x[4,2]{2  <1.0>}
x[4,3]{1  <1.0>}
x[4,4]{7  <1.0>}
x[4,5]{4  <1.0>}
x[4,6]{6  <1.0>}
x[4,7]{0  <0.01932806078346453>, 5  <0.9806719392165354>}
x[5,0]{3  <1.0>}
x[5,1]{2  <1.0>}
x[5,2]{0  <0.13085274904870847>, 4  <0.8691472509512915>}
x[5,3]{7  <1.0>}
x[5,4]{6  <1.0>}
x[5,5]{1  <1.0>}
x[5,6]{5  <1.0>}
x[5,7]{0  <0.7940245029853967>, 4  <0.20597549701460321>}
x[6,0]{6  <1.0>}
x[6,1]{4  <1.0>}
x[6,2]{3  <1.0>}
x[6,3]{2  <1.0>}
x[6,4]{5  <1.0>}
x[6,5]{0  <1.0>}
x[6,6]{1  <1.0>}
x[6,7]{7  <1.0>}
x[7,0]{1  <1.0>}
x[7,1]{7  <1.0>}
x[7,2]{4  <0.028404073909598853>, 5  <0.9715959260904011>}
x[7,3]{4  <0.9366617153970888>, 5  <0.0633382846029113>}
x[7,4]{0  <1.0>}
x[7,5]{3  <1.0>}
x[7,6]{2  <1.0>}
x[7,7]{6  <1.0>}
problem entropy = 0.454827307836496
smallest variable entropy = 0.06790625465789353
##### after BP iteration 2 #####
x[0,0]{7  <1.0>}
x[0,1]{0  <0.48467842686788887>, 1  <0.5153215731321111>}
x[0,2]{0  <0.3240733235565605>, 1  <0.6222958693631416>, 5  <0.003933321382645943>, 4  <0.049697485697651755>}
x[0,3]{4  <0.011065524611094014>, 5  <0.988934475388906>}
x[0,4]{2  <1.0>}
x[0,5]{6  <1.0>}
x[0,6]{3  <1.0>}
x[0,7]{0  <0.032627221367190644>, 4  <0.9483464652364428>, 5  <0.019026313396366668>}
x[1,0]{4  <1.0>}
x[1,1]{5  <1.0>}
x[1,2]{6  <1.0>}
x[1,3]{3  <1.0>}
x[1,4]{1  <1.0>}
x[1,5]{7  <1.0>}
x[1,6]{0  <1.0>}
x[1,7]{2  <1.0>}
x[2,0]{2  <1.0>}
x[2,1]{6  <1.0>}
x[2,2]{7  <1.0>}
x[2,3]{0  <1.0>}
x[2,4]{3  <1.0>}
x[2,5]{5  <1.0>}
x[2,6]{4  <1.0>}
x[2,7]{1  <1.0>}
x[3,0]{0  <0.006415336321582462>, 5  <0.9935846636784176>}
x[3,1]{0  <0.38939985474317723>, 1  <0.6106001452568226>}
x[3,2]{0  <0.235658081575983>, 1  <0.7567771452212679>, 5  <0.007564773202749066>}
x[3,3]{6  <1.0>}
x[3,4]{4  <1.0>}
x[3,5]{2  <1.0>}
x[3,6]{7  <1.0>}
x[3,7]{3  <1.0>}
x[4,0]{0  <0.9947217993229284>, 5  <0.0052782006770716915>}
x[4,1]{3  <1.0>}
x[4,2]{2  <1.0>}
x[4,3]{1  <1.0>}
x[4,4]{7  <1.0>}
x[4,5]{4  <1.0>}
x[4,6]{6  <1.0>}
x[4,7]{0  <0.04790314778604141>, 5  <0.9520968522139586>}
x[5,0]{3  <1.0>}
x[5,1]{2  <1.0>}
x[5,2]{0  <0.19792319427883756>, 4  <0.8020768057211625>}
x[5,3]{7  <1.0>}
x[5,4]{6  <1.0>}
x[5,5]{1  <1.0>}
x[5,6]{5  <1.0>}
x[5,7]{0  <0.9223570874110801>, 4  <0.07764291258891987>}
x[6,0]{6  <1.0>}
x[6,1]{4  <1.0>}
x[6,2]{3  <1.0>}
x[6,3]{2  <1.0>}
x[6,4]{5  <1.0>}
x[6,5]{0  <1.0>}
x[6,6]{1  <1.0>}
x[6,7]{7  <1.0>}
x[7,0]{1  <1.0>}
x[7,1]{7  <1.0>}
x[7,2]{4  <0.045013880662598454>, 5  <0.9549861193374015>}
x[7,3]{4  <0.9891598741989055>, 5  <0.01084012580109449>}
x[7,4]{0  <1.0>}
x[7,5]{3  <1.0>}
x[7,6]{2  <1.0>}
x[7,7]{6  <1.0>}
problem entropy = 0.4035752409808801
smallest variable entropy = 0.03294402815437591
##### after BP iteration 3 #####
x[0,0]{7  <1.0>}
x[0,1]{0  <0.480697338851878>, 1  <0.5193026611481221>}
x[0,2]{0  <0.6230297240646328>, 1  <0.206623846238706>, 5  <0.010789450645216943>, 4  <0.15955697905144428>}
x[0,3]{4  <0.009265835579199676>, 5  <0.9907341644208003>}
x[0,4]{2  <1.0>}
x[0,5]{6  <1.0>}
x[0,6]{3  <1.0>}
x[0,7]{0  <0.08129957362110966>, 4  <0.8986685445498>, 5  <0.020031881829090218>}
x[1,0]{4  <1.0>}
x[1,1]{5  <1.0>}
x[1,2]{6  <1.0>}
x[1,3]{3  <1.0>}
x[1,4]{1  <1.0>}
x[1,5]{7  <1.0>}
x[1,6]{0  <1.0>}
x[1,7]{2  <1.0>}
x[2,0]{2  <1.0>}
x[2,1]{6  <1.0>}
x[2,2]{7  <1.0>}
x[2,3]{0  <1.0>}
x[2,4]{3  <1.0>}
x[2,5]{5  <1.0>}
x[2,6]{4  <1.0>}
x[2,7]{1  <1.0>}
x[3,0]{0  <0.0068410281072253535>, 5  <0.9931589718927747>}
x[3,1]{0  <0.5084749431443899>, 1  <0.49152505685561004>}
x[3,2]{0  <0.661517128686238>, 1  <0.3010181451072586>, 5  <0.03746472620650336>}
x[3,3]{6  <1.0>}
x[3,4]{4  <1.0>}
x[3,5]{2  <1.0>}
x[3,6]{7  <1.0>}
x[3,7]{3  <1.0>}
x[4,0]{0  <0.9960373543477891>, 5  <0.003962645652210887>}
x[4,1]{3  <1.0>}
x[4,2]{2  <1.0>}
x[4,3]{1  <1.0>}
x[4,4]{7  <1.0>}
x[4,5]{4  <1.0>}
x[4,6]{6  <1.0>}
x[4,7]{0  <0.004599205527467465>, 5  <0.9954007944725326>}
x[5,0]{3  <1.0>}
x[5,1]{2  <1.0>}
x[5,2]{0  <0.05949034653889858>, 4  <0.9405096534611014>}
x[5,3]{7  <1.0>}
x[5,4]{6  <1.0>}
x[5,5]{1  <1.0>}
x[5,6]{5  <1.0>}
x[5,7]{0  <0.9345007802051931>, 4  <0.0654992197948069>}
x[6,0]{6  <1.0>}
x[6,1]{4  <1.0>}
x[6,2]{3  <1.0>}
x[6,3]{2  <1.0>}
x[6,4]{5  <1.0>}
x[6,5]{0  <1.0>}
x[6,6]{1  <1.0>}
x[6,7]{7  <1.0>}
x[7,0]{1  <1.0>}
x[7,1]{7  <1.0>}
x[7,2]{4  <0.010473879500877399>, 5  <0.9895261204991227>}
x[7,3]{4  <0.9922607978043398>, 5  <0.007739202195660058>}
x[7,4]{0  <1.0>}
x[7,5]{3  <1.0>}
x[7,6]{2  <1.0>}
x[7,7]{6  <1.0>}
problem entropy = 0.3665605811173469
smallest variable entropy = 0.025871556464624024
##### after BP iteration 4 #####
x[0,0]{7  <1.0>}
x[0,1]{0  <0.21636823417674358>, 1  <0.7836317658232564>}
x[0,2]{0  <0.37575354237067043>, 1  <0.5926730592828897>, 5  <3.422596100434776E-4>, 4  <0.031231138736396446>}
x[0,3]{4  <0.019376737823644966>, 5  <0.980623262176355>}
x[0,4]{2  <1.0>}
x[0,5]{6  <1.0>}
x[0,6]{3  <1.0>}
x[0,7]{0  <0.14717868545144927>, 4  <0.8512057997864341>, 5  <0.001615514762116645>}
x[1,0]{4  <1.0>}
x[1,1]{5  <1.0>}
x[1,2]{6  <1.0>}
x[1,3]{3  <1.0>}
x[1,4]{1  <1.0>}
x[1,5]{7  <1.0>}
x[1,6]{0  <1.0>}
x[1,7]{2  <1.0>}
x[2,0]{2  <1.0>}
x[2,1]{6  <1.0>}
x[2,2]{7  <1.0>}
x[2,3]{0  <1.0>}
x[2,4]{3  <1.0>}
x[2,5]{5  <1.0>}
x[2,6]{4  <1.0>}
x[2,7]{1  <1.0>}
x[3,0]{0  <0.022421994767783743>, 5  <0.9775780052322163>}
x[3,1]{0  <0.42881433679543196>, 1  <0.571185663204568>}
x[3,2]{0  <0.46121700656060527>, 1  <0.5374990904119983>, 5  <0.0012839030273963834>}
x[3,3]{6  <1.0>}
x[3,4]{4  <1.0>}
x[3,5]{2  <1.0>}
x[3,6]{7  <1.0>}
x[3,7]{3  <1.0>}
x[4,0]{0  <0.9940378063328479>, 5  <0.005962193667152202>}
x[4,1]{3  <1.0>}
x[4,2]{2  <1.0>}
x[4,3]{1  <1.0>}
x[4,4]{7  <1.0>}
x[4,5]{4  <1.0>}
x[4,6]{6  <1.0>}
x[4,7]{0  <0.0017301530941762713>, 5  <0.9982698469058238>}
x[5,0]{3  <1.0>}
x[5,1]{2  <1.0>}
x[5,2]{0  <0.03664202633055279>, 4  <0.9633579736694473>}
x[5,3]{7  <1.0>}
x[5,4]{6  <1.0>}
x[5,5]{1  <1.0>}
x[5,6]{5  <1.0>}
x[5,7]{0  <0.9343335896454987>, 4  <0.06566641035450126>}
x[6,0]{6  <1.0>}
x[6,1]{4  <1.0>}
x[6,2]{3  <1.0>}
x[6,3]{2  <1.0>}
x[6,4]{5  <1.0>}
x[6,5]{0  <1.0>}
x[6,6]{1  <1.0>}
x[6,7]{7  <1.0>}
x[7,0]{1  <1.0>}
x[7,1]{7  <1.0>}
x[7,2]{4  <0.0021930149501886605>, 5  <0.9978069850498112>}
x[7,3]{4  <0.9910477028728074>, 5  <0.00895229712719262>}
x[7,4]{0  <1.0>}
x[7,5]{3  <1.0>}
x[7,6]{2  <1.0>}
x[7,7]{6  <1.0>}
problem entropy = 0.33626787029771205
smallest variable entropy = 0.01273164263325826
##### after BP iteration 5 #####
x[0,0]{7  <1.0>}
x[0,1]{0  <0.6751940064201211>, 1  <0.3248059935798789>}
x[0,2]{0  <0.49059160410910235>, 1  <0.47483434239482275>, 5  <2.6757559072969073E-4>, 4  <0.03430647790534515>}
x[0,3]{4  <0.002188899688855449>, 5  <0.9978111003111445>}
x[0,4]{2  <1.0>}
x[0,5]{6  <1.0>}
x[0,6]{3  <1.0>}
x[0,7]{0  <0.029397865166087875>, 4  <0.969706902487799>, 5  <8.952323461130222E-4>}
x[1,0]{4  <1.0>}
x[1,1]{5  <1.0>}
x[1,2]{6  <1.0>}
x[1,3]{3  <1.0>}
x[1,4]{1  <1.0>}
x[1,5]{7  <1.0>}
x[1,6]{0  <1.0>}
x[1,7]{2  <1.0>}
x[2,0]{2  <1.0>}
x[2,1]{6  <1.0>}
x[2,2]{7  <1.0>}
x[2,3]{0  <1.0>}
x[2,4]{3  <1.0>}
x[2,5]{5  <1.0>}
x[2,6]{4  <1.0>}
x[2,7]{1  <1.0>}
x[3,0]{0  <8.894602263277926E-4>, 5  <0.9991105397736721>}
x[3,1]{0  <0.8025786433270745>, 1  <0.19742135667292543>}
x[3,2]{0  <0.46475640828227716>, 1  <0.5344813396567253>, 5  <7.622520609974672E-4>}
x[3,3]{6  <1.0>}
x[3,4]{4  <1.0>}
x[3,5]{2  <1.0>}
x[3,6]{7  <1.0>}
x[3,7]{3  <1.0>}
x[4,0]{0  <0.9901069116997929>, 5  <0.009893088300206989>}
x[4,1]{3  <1.0>}
x[4,2]{2  <1.0>}
x[4,3]{1  <1.0>}
x[4,4]{7  <1.0>}
x[4,5]{4  <1.0>}
x[4,6]{6  <1.0>}
x[4,7]{0  <0.0015286157275375232>, 5  <0.9984713842724625>}
x[5,0]{3  <1.0>}
x[5,1]{2  <1.0>}
x[5,2]{0  <0.0387297141539935>, 4  <0.9612702858460065>}
x[5,3]{7  <1.0>}
x[5,4]{6  <1.0>}
x[5,5]{1  <1.0>}
x[5,6]{5  <1.0>}
x[5,7]{0  <0.9137234404128955>, 4  <0.08627655958710449>}
x[6,0]{6  <1.0>}
x[6,1]{4  <1.0>}
x[6,2]{3  <1.0>}
x[6,3]{2  <1.0>}
x[6,4]{5  <1.0>}
x[6,5]{0  <1.0>}
x[6,6]{1  <1.0>}
x[6,7]{7  <1.0>}
x[7,0]{1  <1.0>}
x[7,1]{7  <1.0>}
x[7,2]{4  <0.001275870138134812>, 5  <0.9987241298618651>}
x[7,3]{4  <0.9944627810255975>, 5  <0.0055372189744024485>}
x[7,4]{0  <1.0>}
x[7,5]{3  <1.0>}
x[7,6]{2  <1.0>}
x[7,7]{6  <1.0>}
problem entropy = 0.29483918040213697
smallest variable entropy = 0.007137429917645864
##### after BP iteration 6 #####
x[0,0]{7  <1.0>}
x[0,1]{0  <0.45113757932494214>, 1  <0.548862420675058>}
x[0,2]{0  <0.41537540404624596>, 1  <0.5551892623213397>, 5  <2.6351385271541954E-4>, 4  <0.029171819779698953>}
x[0,3]{4  <2.913675826872459E-4>, 5  <0.9997086324173128>}
x[0,4]{2  <1.0>}
x[0,5]{6  <1.0>}
x[0,6]{3  <1.0>}
x[0,7]{0  <0.012699232441217914>, 4  <0.9860274652770555>, 5  <0.0012733022817265403>}
x[1,0]{4  <1.0>}
x[1,1]{5  <1.0>}
x[1,2]{6  <1.0>}
x[1,3]{3  <1.0>}
x[1,4]{1  <1.0>}
x[1,5]{7  <1.0>}
x[1,6]{0  <1.0>}
x[1,7]{2  <1.0>}
x[2,0]{2  <1.0>}
x[2,1]{6  <1.0>}
x[2,2]{7  <1.0>}
x[2,3]{0  <1.0>}
x[2,4]{3  <1.0>}
x[2,5]{5  <1.0>}
x[2,6]{4  <1.0>}
x[2,7]{1  <1.0>}
x[3,0]{0  <1.9184712580043277E-4>, 5  <0.9998081528741996>}
x[3,1]{0  <0.4239954179223929>, 1  <0.5760045820776071>}
x[3,2]{0  <0.20028153543461305>, 1  <0.7992581167508266>, 5  <4.6034781456031254E-4>}
x[3,3]{6  <1.0>}
x[3,4]{4  <1.0>}
x[3,5]{2  <1.0>}
x[3,6]{7  <1.0>}
x[3,7]{3  <1.0>}
x[4,0]{0  <0.9997728180403422>, 5  <2.2718195965777045E-4>}
x[4,1]{3  <1.0>}
x[4,2]{2  <1.0>}
x[4,3]{1  <1.0>}
x[4,4]{7  <1.0>}
x[4,5]{4  <1.0>}
x[4,6]{6  <1.0>}
x[4,7]{0  <0.004036563577792038>, 5  <0.9959634364222079>}
x[5,0]{3  <1.0>}
x[5,1]{2  <1.0>}
x[5,2]{0  <0.09788022525595216>, 4  <0.9021197747440479>}
x[5,3]{7  <1.0>}
x[5,4]{6  <1.0>}
x[5,5]{1  <1.0>}
x[5,6]{5  <1.0>}
x[5,7]{0  <0.9817645386985916>, 4  <0.018235461301408303>}
x[6,0]{6  <1.0>}
x[6,1]{4  <1.0>}
x[6,2]{3  <1.0>}
x[6,3]{2  <1.0>}
x[6,4]{5  <1.0>}
x[6,5]{0  <1.0>}
x[6,6]{1  <1.0>}
x[6,7]{7  <1.0>}
x[7,0]{1  <1.0>}
x[7,1]{7  <1.0>}
x[7,2]{4  <0.0033532639362094043>, 5  <0.9966467360637906>}
x[7,3]{4  <0.9996898556921544>, 5  <3.1014430784563233E-4>}
x[7,4]{0  <1.0>}
x[7,5]{3  <1.0>}
x[7,6]{2  <1.0>}
x[7,7]{6  <1.0>}
problem entropy = 0.2891556187834832
smallest variable entropy = 0.0018338121512647128
##### after BP iteration 7 #####
x[0,0]{7  <1.0>}
x[0,1]{0  <0.45295703924388275>, 1  <0.5470429607561172>}
x[0,2]{0  <0.7448326084598959>, 1  <0.18447878480589125>, 5  <3.914182944827573E-4>, 4  <0.07029718843973029>}
x[0,3]{4  <2.191662279262246E-4>, 5  <0.9997808337720738>}
x[0,4]{2  <1.0>}
x[0,5]{6  <1.0>}
x[0,6]{3  <1.0>}
x[0,7]{0  <0.02485273545692194>, 4  <0.9743095662887263>, 5  <8.376982543517401E-4>}
x[1,0]{4  <1.0>}
x[1,1]{5  <1.0>}
x[1,2]{6  <1.0>}
x[1,3]{3  <1.0>}
x[1,4]{1  <1.0>}
x[1,5]{7  <1.0>}
x[1,6]{0  <1.0>}
x[1,7]{2  <1.0>}
x[2,0]{2  <1.0>}
x[2,1]{6  <1.0>}
x[2,2]{7  <1.0>}
x[2,3]{0  <1.0>}
x[2,4]{3  <1.0>}
x[2,5]{5  <1.0>}
x[2,6]{4  <1.0>}
x[2,7]{1  <1.0>}
x[3,0]{0  <2.820168851440003E-4>, 5  <0.999717983114856>}
x[3,1]{0  <0.5438985464294861>, 1  <0.45610145357051385>}
x[3,2]{0  <0.6473771492689021>, 1  <0.34971379572833217>, 5  <0.0029090550027657505>}
x[3,3]{6  <1.0>}
x[3,4]{4  <1.0>}
x[3,5]{2  <1.0>}
x[3,6]{7  <1.0>}
x[3,7]{3  <1.0>}
x[4,0]{0  <0.9999221742290196>, 5  <7.782577098027429E-5>}
x[4,1]{3  <1.0>}
x[4,2]{2  <1.0>}
x[4,3]{1  <1.0>}
x[4,4]{7  <1.0>}
x[4,5]{4  <1.0>}
x[4,6]{6  <1.0>}
x[4,7]{0  <1.3962127315758012E-4>, 5  <0.9998603787268424>}
x[5,0]{3  <1.0>}
x[5,1]{2  <1.0>}
x[5,2]{0  <0.02124929021919747>, 4  <0.9787507097808026>}
x[5,3]{7  <1.0>}
x[5,4]{6  <1.0>}
x[5,5]{1  <1.0>}
x[5,6]{5  <1.0>}
x[5,7]{0  <0.981750726054875>, 4  <0.018249273945125002>}
x[6,0]{6  <1.0>}
x[6,1]{4  <1.0>}
x[6,2]{3  <1.0>}
x[6,3]{2  <1.0>}
x[6,4]{5  <1.0>}
x[6,5]{0  <1.0>}
x[6,6]{1  <1.0>}
x[6,7]{7  <1.0>}
x[7,0]{1  <1.0>}
x[7,1]{7  <1.0>}
x[7,2]{4  <4.789302212301479E-4>, 5  <0.9995210697787698>}
x[7,3]{4  <0.9998239181326536>, 5  <1.7608186734647616E-4>}
x[7,4]{0  <1.0>}
x[7,5]{3  <1.0>}
x[7,6]{2  <1.0>}
x[7,7]{6  <1.0>}
problem entropy = 0.2711142615261241
smallest variable entropy = 8.141353140490212E-4
### branching on x[4,0]=0; marginal=0.9999221742290196; regret=0.9998443484580394; nb of ties=6
##### after BP iteration 1 #####
x[0,0]{7  <1.0>}
x[0,1]{0  <0.19109979510810896>, 1  <0.8089002048918911>}
x[0,2]{0  <0.42068137161836283>, 1  <0.571502396969823>, 5  <2.424159681178383E-6>, 4  <0.007813807252132954>}
x[0,3]{4  <1.6227978178086607E-4>, 5  <0.9998377202182192>}
x[0,4]{2  <1.0>}
x[0,5]{6  <1.0>}
x[0,6]{3  <1.0>}
x[0,7]{0  <0.07353155133655163>, 4  <0.9264684486634484>}
x[1,0]{4  <1.0>}
x[1,1]{5  <1.0>}
x[1,2]{6  <1.0>}
x[1,3]{3  <1.0>}
x[1,4]{1  <1.0>}
x[1,5]{7  <1.0>}
x[1,6]{0  <1.0>}
x[1,7]{2  <1.0>}
x[2,0]{2  <1.0>}
x[2,1]{6  <1.0>}
x[2,2]{7  <1.0>}
x[2,3]{0  <1.0>}
x[2,4]{3  <1.0>}
x[2,5]{5  <1.0>}
x[2,6]{4  <1.0>}
x[2,7]{1  <1.0>}
x[3,0]{5  <1.0>}
x[3,1]{0  <0.46986383949111665>, 1  <0.5301361605088835>}
x[3,2]{0  <0.44496756866587894>, 1  <0.5550324313341211>}
x[3,3]{6  <1.0>}
x[3,4]{4  <1.0>}
x[3,5]{2  <1.0>}
x[3,6]{7  <1.0>}
x[3,7]{3  <1.0>}
x[4,0]{0  <1.0>}
x[4,1]{3  <1.0>}
x[4,2]{2  <1.0>}
x[4,3]{1  <1.0>}
x[4,4]{7  <1.0>}
x[4,5]{4  <1.0>}
x[4,6]{6  <1.0>}
x[4,7]{5  <1.0>}
x[5,0]{3  <1.0>}
x[5,1]{2  <1.0>}
x[5,2]{0  <0.00840473607507378>, 4  <0.9915952639249263>}
x[5,3]{7  <1.0>}
x[5,4]{6  <1.0>}
x[5,5]{1  <1.0>}
x[5,6]{5  <1.0>}
x[5,7]{0  <0.9710478521700578>, 4  <0.02895214782994215>}
x[6,0]{6  <1.0>}
x[6,1]{4  <1.0>}
x[6,2]{3  <1.0>}
x[6,3]{2  <1.0>}
x[6,4]{5  <1.0>}
x[6,5]{0  <1.0>}
x[6,6]{1  <1.0>}
x[6,7]{7  <1.0>}
x[7,0]{1  <1.0>}
x[7,1]{7  <1.0>}
x[7,2]{4  <3.8034424991391387E-6>, 5  <0.9999961965575009>}
x[7,3]{4  <0.9996615429454325>, 5  <3.384570545675697E-4>}
x[7,4]{0  <1.0>}
x[7,5]{3  <1.0>}
x[7,6]{2  <1.0>}
x[7,7]{6  <1.0>}
problem entropy = 0.3858003834295137
smallest variable entropy = 5.1268891417841856E-5
### branching on x[7,3]=4; marginal=0.9996615429454325; regret=0.9993230858908649; nb of ties=3
##### after BP iteration 1 #####
x[0,0]{7  <1.0>}
x[0,1]{0  <0.6427239021726056>, 1  <0.35727609782739456>}
x[0,2]{0  <0.538454630947959>, 1  <0.4515363048299268>, 4  <0.010009064222114197>}
x[0,3]{5  <1.0>}
x[0,4]{2  <1.0>}
x[0,5]{6  <1.0>}
x[0,6]{3  <1.0>}
x[0,7]{0  <0.011137902038875571>, 4  <0.9888620979611245>}
x[1,0]{4  <1.0>}
x[1,1]{5  <1.0>}
x[1,2]{6  <1.0>}
x[1,3]{3  <1.0>}
x[1,4]{1  <1.0>}
x[1,5]{7  <1.0>}
x[1,6]{0  <1.0>}
x[1,7]{2  <1.0>}
x[2,0]{2  <1.0>}
x[2,1]{6  <1.0>}
x[2,2]{7  <1.0>}
x[2,3]{0  <1.0>}
x[2,4]{3  <1.0>}
x[2,5]{5  <1.0>}
x[2,6]{4  <1.0>}
x[2,7]{1  <1.0>}
x[3,0]{5  <1.0>}
x[3,1]{0  <0.8157564709137516>, 1  <0.1842435290862483>}
x[3,2]{0  <0.4500281230629958>, 1  <0.5499718769370042>}
x[3,3]{6  <1.0>}
x[3,4]{4  <1.0>}
x[3,5]{2  <1.0>}
x[3,6]{7  <1.0>}
x[3,7]{3  <1.0>}
x[4,0]{0  <1.0>}
x[4,1]{3  <1.0>}
x[4,2]{2  <1.0>}
x[4,3]{1  <1.0>}
x[4,4]{7  <1.0>}
x[4,5]{4  <1.0>}
x[4,6]{6  <1.0>}
x[4,7]{5  <1.0>}
x[5,0]{3  <1.0>}
x[5,1]{2  <1.0>}
x[5,2]{0  <0.011318201650651403>, 4  <0.9886817983493486>}
x[5,3]{7  <1.0>}
x[5,4]{6  <1.0>}
x[5,5]{1  <1.0>}
x[5,6]{5  <1.0>}
x[5,7]{0  <0.9650739893128346>, 4  <0.03492601068716543>}
x[6,0]{6  <1.0>}
x[6,1]{4  <1.0>}
x[6,2]{3  <1.0>}
x[6,3]{2  <1.0>}
x[6,4]{5  <1.0>}
x[6,5]{0  <1.0>}
x[6,6]{1  <1.0>}
x[6,7]{7  <1.0>}
x[7,0]{1  <1.0>}
x[7,1]{7  <1.0>}
x[7,2]{5  <1.0>}
x[7,3]{4  <1.0>}
x[7,4]{0  <1.0>}
x[7,5]{3  <1.0>}
x[7,6]{2  <1.0>}
x[7,7]{6  <1.0>}
problem entropy = 0.5272548529822858
smallest variable entropy = 0.06116726013643015
##### after BP iteration 2 #####
x[0,0]{7  <1.0>}
x[0,1]{0  <0.4415594374131521>, 1  <0.5584405625868478>}
x[0,2]{0  <0.46337238042762213>, 1  <0.5228120021149354>, 4  <0.013815617457442513>}
x[0,3]{5  <1.0>}
x[0,4]{2  <1.0>}
x[0,5]{6  <1.0>}
x[0,6]{3  <1.0>}
x[0,7]{0  <0.003160223634312689>, 4  <0.9968397763656873>}
x[1,0]{4  <1.0>}
x[1,1]{5  <1.0>}
x[1,2]{6  <1.0>}
x[1,3]{3  <1.0>}
x[1,4]{1  <1.0>}
x[1,5]{7  <1.0>}
x[1,6]{0  <1.0>}
x[1,7]{2  <1.0>}
x[2,0]{2  <1.0>}
x[2,1]{6  <1.0>}
x[2,2]{7  <1.0>}
x[2,3]{0  <1.0>}
x[2,4]{3  <1.0>}
x[2,5]{5  <1.0>}
x[2,6]{4  <1.0>}
x[2,7]{1  <1.0>}
x[3,0]{5  <1.0>}
x[3,1]{0  <0.4338995752227754>, 1  <0.5661004247772246>}
x[3,2]{0  <0.18513149053205524>, 1  <0.8148685094679448>}
x[3,3]{6  <1.0>}
x[3,4]{4  <1.0>}
x[3,5]{2  <1.0>}
x[3,6]{7  <1.0>}
x[3,7]{3  <1.0>}
x[4,0]{0  <1.0>}
x[4,1]{3  <1.0>}
x[4,2]{2  <1.0>}
x[4,3]{1  <1.0>}
x[4,4]{7  <1.0>}
x[4,5]{4  <1.0>}
x[4,6]{6  <1.0>}
x[4,7]{5  <1.0>}
x[5,0]{3  <1.0>}
x[5,1]{2  <1.0>}
x[5,2]{0  <0.048256480480385076>, 4  <0.9517435195196149>}
x[5,3]{7  <1.0>}
x[5,4]{6  <1.0>}
x[5,5]{1  <1.0>}
x[5,6]{5  <1.0>}
x[5,7]{0  <0.9956939974326434>, 4  <0.004306002567356632>}
x[6,0]{6  <1.0>}
x[6,1]{4  <1.0>}
x[6,2]{3  <1.0>}
x[6,3]{2  <1.0>}
x[6,4]{5  <1.0>}
x[6,5]{0  <1.0>}
x[6,6]{1  <1.0>}
x[6,7]{7  <1.0>}
x[7,0]{1  <1.0>}
x[7,1]{7  <1.0>}
x[7,2]{5  <1.0>}
x[7,3]{4  <1.0>}
x[7,4]{0  <1.0>}
x[7,5]{3  <1.0>}
x[7,6]{2  <1.0>}
x[7,7]{6  <1.0>}
problem entropy = 0.5293367543881005
smallest variable entropy = 0.02134898779494132
##### after BP iteration 3 #####
x[0,0]{7  <1.0>}
x[0,1]{0  <0.44557482118696967>, 1  <0.5544251788130303>}
x[0,2]{0  <0.7923641288632067>, 1  <0.17896022725946972>, 4  <0.028675643877323635>}
x[0,3]{5  <1.0>}
x[0,4]{2  <1.0>}
x[0,5]{6  <1.0>}
x[0,6]{3  <1.0>}
x[0,7]{0  <0.007376525550597133>, 4  <0.9926234744494028>}
x[1,0]{4  <1.0>}
x[1,1]{5  <1.0>}
x[1,2]{6  <1.0>}
x[1,3]{3  <1.0>}
x[1,4]{1  <1.0>}
x[1,5]{7  <1.0>}
x[1,6]{0  <1.0>}
x[1,7]{2  <1.0>}
x[2,0]{2  <1.0>}
x[2,1]{6  <1.0>}
x[2,2]{7  <1.0>}
x[2,3]{0  <1.0>}
x[2,4]{3  <1.0>}
x[2,5]{5  <1.0>}
x[2,6]{4  <1.0>}
x[2,7]{1  <1.0>}
x[3,0]{5  <1.0>}
x[3,1]{0  <0.556985948659014>, 1  <0.44301405134098604>}
x[3,2]{0  <0.6293727299102271>, 1  <0.37062727008977286>}
x[3,3]{6  <1.0>}
x[3,4]{4  <1.0>}
x[3,5]{2  <1.0>}
x[3,6]{7  <1.0>}
x[3,7]{3  <1.0>}
x[4,0]{0  <1.0>}
x[4,1]{3  <1.0>}
x[4,2]{2  <1.0>}
x[4,3]{1  <1.0>}
x[4,4]{7  <1.0>}
x[4,5]{4  <1.0>}
x[4,6]{6  <1.0>}
x[4,7]{5  <1.0>}
x[5,0]{3  <1.0>}
x[5,1]{2  <1.0>}
x[5,2]{0  <0.007596229601838791>, 4  <0.9924037703981612>}
x[5,3]{7  <1.0>}
x[5,4]{6  <1.0>}
x[5,5]{1  <1.0>}
x[5,6]{5  <1.0>}
x[5,7]{0  <0.9955780369561591>, 4  <0.004421963043840946>}
x[6,0]{6  <1.0>}
x[6,1]{4  <1.0>}
x[6,2]{3  <1.0>}
x[6,3]{2  <1.0>}
x[6,4]{5  <1.0>}
x[6,5]{0  <1.0>}
x[6,6]{1  <1.0>}
x[6,7]{7  <1.0>}
x[7,0]{1  <1.0>}
x[7,1]{7  <1.0>}
x[7,2]{5  <1.0>}
x[7,3]{4  <1.0>}
x[7,4]{0  <1.0>}
x[7,5]{3  <1.0>}
x[7,6]{2  <1.0>}
x[7,7]{6  <1.0>}
problem entropy = 0.5203197187431646
smallest variable entropy = 0.02838439198808012
##### after BP iteration 4 #####
x[0,0]{7  <1.0>}
x[0,1]{0  <0.18175502584566983>, 1  <0.8182449741543302>}
x[0,2]{0  <0.43308690812684875>, 1  <0.565040153658106>, 4  <0.001872938215045242>}
x[0,3]{5  <1.0>}
x[0,4]{2  <1.0>}
x[0,5]{6  <1.0>}
x[0,6]{3  <1.0>}
x[0,7]{0  <0.03640774398491577>, 4  <0.9635922560150841>}
x[1,0]{4  <1.0>}
x[1,1]{5  <1.0>}
x[1,2]{6  <1.0>}
x[1,3]{3  <1.0>}
x[1,4]{1  <1.0>}
x[1,5]{7  <1.0>}
x[1,6]{0  <1.0>}
x[1,7]{2  <1.0>}
x[2,0]{2  <1.0>}
x[2,1]{6  <1.0>}
x[2,2]{7  <1.0>}
x[2,3]{0  <1.0>}
x[2,4]{3  <1.0>}
x[2,5]{5  <1.0>}
x[2,6]{4  <1.0>}
x[2,7]{1  <1.0>}
x[3,0]{5  <1.0>}
x[3,1]{0  <0.48875147260278684>, 1  <0.5112485273972132>}
x[3,2]{0  <0.43987306749414123>, 1  <0.5601269325058588>}
x[3,3]{6  <1.0>}
x[3,4]{4  <1.0>}
x[3,5]{2  <1.0>}
x[3,6]{7  <1.0>}
x[3,7]{3  <1.0>}
x[4,0]{0  <1.0>}
x[4,1]{3  <1.0>}
x[4,2]{2  <1.0>}
x[4,3]{1  <1.0>}
x[4,4]{7  <1.0>}
x[4,5]{4  <1.0>}
x[4,6]{6  <1.0>}
x[4,7]{5  <1.0>}
x[5,0]{3  <1.0>}
x[5,1]{2  <1.0>}
x[5,2]{0  <0.0016999411542490074>, 4  <0.9983000588457509>}
x[5,3]{7  <1.0>}
x[5,4]{6  <1.0>}
x[5,5]{1  <1.0>}
x[5,6]{5  <1.0>}
x[5,7]{0  <0.9870176441861392>, 4  <0.012982355813860745>}
x[6,0]{6  <1.0>}
x[6,1]{4  <1.0>}
x[6,2]{3  <1.0>}
x[6,3]{2  <1.0>}
x[6,4]{5  <1.0>}
x[6,5]{0  <1.0>}
x[6,6]{1  <1.0>}
x[6,7]{7  <1.0>}
x[7,0]{1  <1.0>}
x[7,1]{7  <1.0>}
x[7,2]{5  <1.0>}
x[7,3]{4  <1.0>}
x[7,4]{0  <1.0>}
x[7,5]{3  <1.0>}
x[7,6]{2  <1.0>}
x[7,7]{6  <1.0>}
problem entropy = 0.5215584809645959
smallest variable entropy = 0.012539294960207528
##### after BP iteration 5 #####
x[0,0]{7  <1.0>}
x[0,1]{0  <0.6271371214634519>, 1  <0.3728628785365481>}
x[0,2]{0  <0.5556114155645873>, 1  <0.4419207787434809>, 4  <0.0024678056919318625>}
x[0,3]{5  <1.0>}
x[0,4]{2  <1.0>}
x[0,5]{6  <1.0>}
x[0,6]{3  <1.0>}
x[0,7]{0  <0.004083435129846193>, 4  <0.9959165648701538>}
x[1,0]{4  <1.0>}
x[1,1]{5  <1.0>}
x[1,2]{6  <1.0>}
x[1,3]{3  <1.0>}
x[1,4]{1  <1.0>}
x[1,5]{7  <1.0>}
x[1,6]{0  <1.0>}
x[1,7]{2  <1.0>}
x[2,0]{2  <1.0>}
x[2,1]{6  <1.0>}
x[2,2]{7  <1.0>}
x[2,3]{0  <1.0>}
x[2,4]{3  <1.0>}
x[2,5]{5  <1.0>}
x[2,6]{4  <1.0>}
x[2,7]{1  <1.0>}
x[3,0]{5  <1.0>}
x[3,1]{0  <0.8201318000446379>, 1  <0.17986819995536205>}
x[3,2]{0  <0.4450820159370784>, 1  <0.5549179840629216>}
x[3,3]{6  <1.0>}
x[3,4]{4  <1.0>}
x[3,5]{2  <1.0>}
x[3,6]{7  <1.0>}
x[3,7]{3  <1.0>}
x[4,0]{0  <1.0>}
x[4,1]{3  <1.0>}
x[4,2]{2  <1.0>}
x[4,3]{1  <1.0>}
x[4,4]{7  <1.0>}
x[4,5]{4  <1.0>}
x[4,6]{6  <1.0>}
x[4,7]{5  <1.0>}
x[5,0]{3  <1.0>}
x[5,1]{2  <1.0>}
x[5,2]{0  <0.0033709046130753558>, 4  <0.9966290953869247>}
x[5,3]{7  <1.0>}
x[5,4]{6  <1.0>}
x[5,5]{1  <1.0>}
x[5,6]{5  <1.0>}
x[5,7]{0  <0.9857213346963279>, 4  <0.014278665303672106>}
x[6,0]{6  <1.0>}
x[6,1]{4  <1.0>}
x[6,2]{3  <1.0>}
x[6,3]{2  <1.0>}
x[6,4]{5  <1.0>}
x[6,5]{0  <1.0>}
x[6,6]{1  <1.0>}
x[6,7]{7  <1.0>}
x[7,0]{1  <1.0>}
x[7,1]{7  <1.0>}
x[7,2]{5  <1.0>}
x[7,3]{4  <1.0>}
x[7,4]{0  <1.0>}
x[7,5]{3  <1.0>}
x[7,6]{2  <1.0>}
x[7,7]{6  <1.0>}
problem entropy = 0.4917017184837359
smallest variable entropy = 0.022554341146385423
##### after BP iteration 6 #####
x[0,0]{7  <1.0>}
x[0,1]{0  <0.43900389006488366>, 1  <0.5609961099351164>}
x[0,2]{0  <0.48562955254515294>, 1  <0.5079829064802724>, 4  <0.006387540974574704>}
x[0,3]{5  <1.0>}
x[0,4]{2  <1.0>}
x[0,5]{6  <1.0>}
x[0,6]{3  <1.0>}
x[0,7]{0  <6.652123502991389E-4>, 4  <0.999334787649701>}
x[1,0]{4  <1.0>}
x[1,1]{5  <1.0>}
x[1,2]{6  <1.0>}
x[1,3]{3  <1.0>}
x[1,4]{1  <1.0>}
x[1,5]{7  <1.0>}
x[1,6]{0  <1.0>}
x[1,7]{2  <1.0>}
x[2,0]{2  <1.0>}
x[2,1]{6  <1.0>}
x[2,2]{7  <1.0>}
x[2,3]{0  <1.0>}
x[2,4]{3  <1.0>}
x[2,5]{5  <1.0>}
x[2,6]{4  <1.0>}
x[2,7]{1  <1.0>}
x[3,0]{5  <1.0>}
x[3,1]{0  <0.4367430164854033>, 1  <0.5632569835145966>}
x[3,2]{0  <0.17932980881810698>, 1  <0.8206701911818929>}
x[3,3]{6  <1.0>}
x[3,4]{4  <1.0>}
x[3,5]{2  <1.0>}
x[3,6]{7  <1.0>}
x[3,7]{3  <1.0>}
x[4,0]{0  <1.0>}
x[4,1]{3  <1.0>}
x[4,2]{2  <1.0>}
x[4,3]{1  <1.0>}
x[4,4]{7  <1.0>}
x[4,5]{4  <1.0>}
x[4,6]{6  <1.0>}
x[4,7]{5  <1.0>}
x[5,0]{3  <1.0>}
x[5,1]{2  <1.0>}
x[5,2]{0  <0.024039071212197907>, 4  <0.9759609287878022>}
x[5,3]{7  <1.0>}
x[5,4]{6  <1.0>}
x[5,5]{1  <1.0>}
x[5,6]{5  <1.0>}
x[5,7]{0  <0.9989467551230936>, 4  <0.0010532448769064136>}
x[6,0]{6  <1.0>}
x[6,1]{4  <1.0>}
x[6,2]{3  <1.0>}
x[6,3]{2  <1.0>}
x[6,4]{5  <1.0>}
x[6,5]{0  <1.0>}
x[6,6]{1  <1.0>}
x[6,7]{7  <1.0>}
x[7,0]{1  <1.0>}
x[7,1]{7  <1.0>}
x[7,2]{5  <1.0>}
x[7,3]{4  <1.0>}
x[7,4]{0  <1.0>}
x[7,5]{3  <1.0>}
x[7,6]{2  <1.0>}
x[7,7]{6  <1.0>}
problem entropy = 0.500226924696279
smallest variable entropy = 0.005531288298374618
##### after BP iteration 7 #####
x[0,0]{7  <1.0>}
x[0,1]{0  <0.4435224913911204>, 1  <0.5564775086088796>}
x[0,2]{0  <0.8105030094739893>, 1  <0.1777564500785795>, 4  <0.011740540447431167>}
x[0,3]{5  <1.0>}
x[0,4]{2  <1.0>}
x[0,5]{6  <1.0>}
x[0,6]{3  <1.0>}
x[0,7]{0  <0.0022098088512276944>, 4  <0.9977901911487723>}
x[1,0]{4  <1.0>}
x[1,1]{5  <1.0>}
x[1,2]{6  <1.0>}
x[1,3]{3  <1.0>}
x[1,4]{1  <1.0>}
x[1,5]{7  <1.0>}
x[1,6]{0  <1.0>}
x[1,7]{2  <1.0>}
x[2,0]{2  <1.0>}
x[2,1]{6  <1.0>}
x[2,2]{7  <1.0>}
x[2,3]{0  <1.0>}
x[2,4]{3  <1.0>}
x[2,5]{5  <1.0>}
x[2,6]{4  <1.0>}
x[2,7]{1  <1.0>}
x[3,0]{5  <1.0>}
x[3,1]{0  <0.5618958126249345>, 1  <0.4381041873750655>}
x[3,2]{0  <0.6201839339465025>, 1  <0.3798160660534976>}
x[3,3]{6  <1.0>}
x[3,4]{4  <1.0>}
x[3,5]{2  <1.0>}
x[3,6]{7  <1.0>}
x[3,7]{3  <1.0>}
x[4,0]{0  <1.0>}
x[4,1]{3  <1.0>}
x[4,2]{2  <1.0>}
x[4,3]{1  <1.0>}
x[4,4]{7  <1.0>}
x[4,5]{4  <1.0>}
x[4,6]{6  <1.0>}
x[4,7]{5  <1.0>}
x[5,0]{3  <1.0>}
x[5,1]{2  <1.0>}
x[5,2]{0  <0.002848837196399292>, 4  <0.9971511628036007>}
x[5,3]{7  <1.0>}
x[5,4]{6  <1.0>}
x[5,5]{1  <1.0>}
x[5,6]{5  <1.0>}
x[5,7]{0  <0.9988693978659049>, 4  <0.0011306021340950752>}
x[6,0]{6  <1.0>}
x[6,1]{4  <1.0>}
x[6,2]{3  <1.0>}
x[6,3]{2  <1.0>}
x[6,4]{5  <1.0>}
x[6,5]{0  <1.0>}
x[6,6]{1  <1.0>}
x[6,7]{7  <1.0>}
x[7,0]{1  <1.0>}
x[7,1]{7  <1.0>}
x[7,2]{5  <1.0>}
x[7,3]{4  <1.0>}
x[7,4]{0  <1.0>}
x[7,5]{3  <1.0>}
x[7,6]{2  <1.0>}
x[7,7]{6  <1.0>}
problem entropy = 0.4975944653175456
smallest variable entropy = 0.008801103811846425
##### after BP iteration 8 #####
x[0,0]{7  <1.0>}
x[0,1]{0  <0.1781990431370799>, 1  <0.8218009568629201>}
x[0,2]{0  <0.4365419966029817>, 1  <0.5629977329981021>, 4  <4.6027039891623754E-4>}
x[0,3]{5  <1.0>}
x[0,4]{2  <1.0>}
x[0,5]{6  <1.0>}
x[0,6]{3  <1.0>}
x[0,7]{0  <0.018133968022025253>, 4  <0.9818660319779747>}
x[1,0]{4  <1.0>}
x[1,1]{5  <1.0>}
x[1,2]{6  <1.0>}
x[1,3]{3  <1.0>}
x[1,4]{1  <1.0>}
x[1,5]{7  <1.0>}
x[1,6]{0  <1.0>}
x[1,7]{2  <1.0>}
x[2,0]{2  <1.0>}
x[2,1]{6  <1.0>}
x[2,2]{7  <1.0>}
x[2,3]{0  <1.0>}
x[2,4]{3  <1.0>}
x[2,5]{5  <1.0>}
x[2,6]{4  <1.0>}
x[2,7]{1  <1.0>}
x[3,0]{5  <1.0>}
x[3,1]{0  <0.497735079507999>, 1  <0.502264920492001>}
x[3,2]{0  <0.43851796520308356>, 1  <0.5614820347969164>}
x[3,3]{6  <1.0>}
x[3,4]{4  <1.0>}
x[3,5]{2  <1.0>}
x[3,6]{7  <1.0>}
x[3,7]{3  <1.0>}
x[4,0]{0  <1.0>}
x[4,1]{3  <1.0>}
x[4,2]{2  <1.0>}
x[4,3]{1  <1.0>}
x[4,4]{7  <1.0>}
x[4,5]{4  <1.0>}
x[4,6]{6  <1.0>}
x[4,7]{5  <1.0>}
x[5,0]{3  <1.0>}
x[5,1]{2  <1.0>}
x[5,2]{0  <3.6012910179965523E-4>, 4  <0.9996398708982004>}
x[5,3]{7  <1.0>}
x[5,4]{6  <1.0>}
x[5,5]{1  <1.0>}
x[5,6]{5  <1.0>}
x[5,7]{0  <0.9940346406018808>, 4  <0.005965359398119207>}
x[6,0]{6  <1.0>}
x[6,1]{4  <1.0>}
x[6,2]{3  <1.0>}
x[6,3]{2  <1.0>}
x[6,4]{5  <1.0>}
x[6,5]{0  <1.0>}
x[6,6]{1  <1.0>}
x[6,7]{7  <1.0>}
x[7,0]{1  <1.0>}
x[7,1]{7  <1.0>}
x[7,2]{5  <1.0>}
x[7,3]{4  <1.0>}
x[7,4]{0  <1.0>}
x[7,5]{3  <1.0>}
x[7,6]{2  <1.0>}
x[7,7]{6  <1.0>}
problem entropy = 0.4971826092280172
smallest variable entropy = 0.003215545172780831
##### after BP iteration 9 #####
x[0,0]{7  <1.0>}
x[0,1]{0  <0.6193937761253455>, 1  <0.3806062238746546>}
x[0,2]{0  <0.5615386742148599>, 1  <0.43782573035614725>, 4  <6.355954289926801E-4>}
x[0,3]{5  <1.0>}
x[0,4]{2  <1.0>}
x[0,5]{6  <1.0>}
x[0,6]{3  <1.0>}
x[0,7]{0  <0.0015464190815404131>, 4  <0.9984535809184596>}
x[1,0]{4  <1.0>}
x[1,1]{5  <1.0>}
x[1,2]{6  <1.0>}
x[1,3]{3  <1.0>}
x[1,4]{1  <1.0>}
x[1,5]{7  <1.0>}
x[1,6]{0  <1.0>}
x[1,7]{2  <1.0>}
x[2,0]{2  <1.0>}
x[2,1]{6  <1.0>}
x[2,2]{7  <1.0>}
x[2,3]{0  <1.0>}
x[2,4]{3  <1.0>}
x[2,5]{5  <1.0>}
x[2,6]{4  <1.0>}
x[2,7]{1  <1.0>}
x[3,0]{5  <1.0>}
x[3,1]{0  <0.821554695773535>, 1  <0.17844530422646496>}
x[3,2]{0  <0.443434813148877>, 1  <0.556565186851123>}
x[3,3]{6  <1.0>}
x[3,4]{4  <1.0>}
x[3,5]{2  <1.0>}
x[3,6]{7  <1.0>}
x[3,7]{3  <1.0>}
x[4,0]{0  <1.0>}
x[4,1]{3  <1.0>}
x[4,2]{2  <1.0>}
x[4,3]{1  <1.0>}
x[4,4]{7  <1.0>}
x[4,5]{4  <1.0>}
x[4,6]{6  <1.0>}
x[4,7]{5  <1.0>}
x[5,0]{3  <1.0>}
x[5,1]{2  <1.0>}
x[5,2]{0  <0.0010100144721099935>, 4  <0.99898998552789>}
x[5,3]{7  <1.0>}
x[5,4]{6  <1.0>}
x[5,5]{1  <1.0>}
x[5,6]{5  <1.0>}
x[5,7]{0  <0.9941560201242745>, 4  <0.005843979875725523>}
x[6,0]{6  <1.0>}
x[6,1]{4  <1.0>}
x[6,2]{3  <1.0>}
x[6,3]{2  <1.0>}
x[6,4]{5  <1.0>}
x[6,5]{0  <1.0>}
x[6,6]{1  <1.0>}
x[6,7]{7  <1.0>}
x[7,0]{1  <1.0>}
x[7,1]{7  <1.0>}
x[7,2]{5  <1.0>}
x[7,3]{4  <1.0>}
x[7,4]{0  <1.0>}
x[7,5]{3  <1.0>}
x[7,6]{2  <1.0>}
x[7,7]{6  <1.0>}
problem entropy = 0.4763137719506617
smallest variable entropy = 0.0079763725868706
##### after BP iteration 10 #####
x[0,0]{7  <1.0>}
x[0,1]{0  <0.4382810338188549>, 1  <0.5617189661811451>}
x[0,2]{0  <0.4962527788662327>, 1  <0.5007691295690105>, 4  <0.0029780915647567327>}
x[0,3]{5  <1.0>}
x[0,4]{2  <1.0>}
x[0,5]{6  <1.0>}
x[0,6]{3  <1.0>}
x[0,7]{0  <1.4366197295015299E-4>, 4  <0.9998563380270498>}
x[1,0]{4  <1.0>}
x[1,1]{5  <1.0>}
x[1,2]{6  <1.0>}
x[1,3]{3  <1.0>}
x[1,4]{1  <1.0>}
x[1,5]{7  <1.0>}
x[1,6]{0  <1.0>}
x[1,7]{2  <1.0>}
x[2,0]{2  <1.0>}
x[2,1]{6  <1.0>}
x[2,2]{7  <1.0>}
x[2,3]{0  <1.0>}
x[2,4]{3  <1.0>}
x[2,5]{5  <1.0>}
x[2,6]{4  <1.0>}
x[2,7]{1  <1.0>}
x[3,0]{5  <1.0>}
x[3,1]{0  <0.43765547668375876>, 1  <0.5623445233162412>}
x[3,2]{0  <0.17717182321054545>, 1  <0.8228281767894546>}
x[3,3]{6  <1.0>}
x[3,4]{4  <1.0>}
x[3,5]{2  <1.0>}
x[3,6]{7  <1.0>}
x[3,7]{3  <1.0>}
x[4,0]{0  <1.0>}
x[4,1]{3  <1.0>}
x[4,2]{2  <1.0>}
x[4,3]{1  <1.0>}
x[4,4]{7  <1.0>}
x[4,5]{4  <1.0>}
x[4,6]{6  <1.0>}
x[4,7]{5  <1.0>}
x[5,0]{3  <1.0>}
x[5,1]{2  <1.0>}
x[5,2]{0  <0.01198932541105318>, 4  <0.9880106745889468>}
x[5,3]{7  <1.0>}
x[5,4]{6  <1.0>}
x[5,5]{1  <1.0>}
x[5,6]{5  <1.0>}
x[5,7]{0  <0.9997391340589531>, 4  <2.608659410469206E-4>}
x[6,0]{6  <1.0>}
x[6,1]{4  <1.0>}
x[6,2]{3  <1.0>}
x[6,3]{2  <1.0>}
x[6,4]{5  <1.0>}
x[6,5]{0  <1.0>}
x[6,6]{1  <1.0>}
x[6,7]{7  <1.0>}
x[7,0]{1  <1.0>}
x[7,1]{7  <1.0>}
x[7,2]{5  <1.0>}
x[7,3]{4  <1.0>}
x[7,4]{0  <1.0>}
x[7,5]{3  <1.0>}
x[7,6]{2  <1.0>}
x[7,7]{6  <1.0>}
problem entropy = 0.4854764995778753
smallest variable entropy = 0.0014147796033296088
### branching on x[0,7]=4; marginal=0.9998563380270498; regret=0.9997126760540996; nb of ties=2
##### after BP iteration 1 #####
x[0,0]{7  <1.0>}
x[0,1]{0  <0.443434813148877>, 1  <0.556565186851123>}
x[0,2]{0  <0.821554695773535>, 1  <0.17844530422646493>}
x[0,3]{5  <1.0>}
x[0,4]{2  <1.0>}
x[0,5]{6  <1.0>}
x[0,6]{3  <1.0>}
x[0,7]{4  <1.0>}
x[1,0]{4  <1.0>}
x[1,1]{5  <1.0>}
x[1,2]{6  <1.0>}
x[1,3]{3  <1.0>}
x[1,4]{1  <1.0>}
x[1,5]{7  <1.0>}
x[1,6]{0  <1.0>}
x[1,7]{2  <1.0>}
x[2,0]{2  <1.0>}
x[2,1]{6  <1.0>}
x[2,2]{7  <1.0>}
x[2,3]{0  <1.0>}
x[2,4]{3  <1.0>}
x[2,5]{5  <1.0>}
x[2,6]{4  <1.0>}
x[2,7]{1  <1.0>}
x[3,0]{5  <1.0>}
x[3,1]{0  <0.5638623699290332>, 1  <0.4361376300709668>}
x[3,2]{0  <0.6193937761253455>, 1  <0.3806062238746546>}
x[3,3]{6  <1.0>}
x[3,4]{4  <1.0>}
x[3,5]{2  <1.0>}
x[3,6]{7  <1.0>}
x[3,7]{3  <1.0>}
x[4,0]{0  <1.0>}
x[4,1]{3  <1.0>}
x[4,2]{2  <1.0>}
x[4,3]{1  <1.0>}
x[4,4]{7  <1.0>}
x[4,5]{4  <1.0>}
x[4,6]{6  <1.0>}
x[4,7]{5  <1.0>}
x[5,0]{3  <1.0>}
x[5,1]{2  <1.0>}
x[5,2]{4  <1.0>}
x[5,3]{7  <1.0>}
x[5,4]{6  <1.0>}
x[5,5]{1  <1.0>}
x[5,6]{5  <1.0>}
x[5,7]{0  <1.0>}
x[6,0]{6  <1.0>}
x[6,1]{4  <1.0>}
x[6,2]{3  <1.0>}
x[6,3]{2  <1.0>}
x[6,4]{5  <1.0>}
x[6,5]{0  <1.0>}
x[6,6]{1  <1.0>}
x[6,7]{7  <1.0>}
x[7,0]{1  <1.0>}
x[7,1]{7  <1.0>}
x[7,2]{5  <1.0>}
x[7,3]{4  <1.0>}
x[7,4]{0  <1.0>}
x[7,5]{3  <1.0>}
x[7,6]{2  <1.0>}
x[7,7]{6  <1.0>}
problem entropy = 0.903520307718663
smallest variable entropy = 0.46902782135663224
##### after BP iteration 2 #####
x[0,0]{7  <1.0>}
x[0,1]{0  <0.17717182321054542>, 1  <0.8228281767894546>}
x[0,2]{0  <0.4376554766837587>, 1  <0.5623445233162412>}
x[0,3]{5  <1.0>}
x[0,4]{2  <1.0>}
x[0,5]{6  <1.0>}
x[0,6]{3  <1.0>}
x[0,7]{4  <1.0>}
x[1,0]{4  <1.0>}
x[1,1]{5  <1.0>}
x[1,2]{6  <1.0>}
x[1,3]{3  <1.0>}
x[1,4]{1  <1.0>}
x[1,5]{7  <1.0>}
x[1,6]{0  <1.0>}
x[1,7]{2  <1.0>}
x[2,0]{2  <1.0>}
x[2,1]{6  <1.0>}
x[2,2]{7  <1.0>}
x[2,3]{0  <1.0>}
x[2,4]{3  <1.0>}
x[2,5]{5  <1.0>}
x[2,6]{4  <1.0>}
x[2,7]{1  <1.0>}
x[3,0]{5  <1.0>}
x[3,1]{0  <0.497735079507999>, 1  <0.502264920492001>}
x[3,2]{0  <0.438281033818855>, 1  <0.561718966181145>}
x[3,3]{6  <1.0>}
x[3,4]{4  <1.0>}
x[3,5]{2  <1.0>}
x[3,6]{7  <1.0>}
x[3,7]{3  <1.0>}
x[4,0]{0  <1.0>}
x[4,1]{3  <1.0>}
x[4,2]{2  <1.0>}
x[4,3]{1  <1.0>}
x[4,4]{7  <1.0>}
x[4,5]{4  <1.0>}
x[4,6]{6  <1.0>}
x[4,7]{5  <1.0>}
x[5,0]{3  <1.0>}
x[5,1]{2  <1.0>}
x[5,2]{4  <1.0>}
x[5,3]{7  <1.0>}
x[5,4]{6  <1.0>}
x[5,5]{1  <1.0>}
x[5,6]{5  <1.0>}
x[5,7]{0  <1.0>}
x[6,0]{6  <1.0>}
x[6,1]{4  <1.0>}
x[6,2]{3  <1.0>}
x[6,3]{2  <1.0>}
x[6,4]{5  <1.0>}
x[6,5]{0  <1.0>}
x[6,6]{1  <1.0>}
x[6,7]{7  <1.0>}
x[7,0]{1  <1.0>}
x[7,1]{7  <1.0>}
x[7,2]{5  <1.0>}
x[7,3]{4  <1.0>}
x[7,4]{0  <1.0>}
x[7,5]{3  <1.0>}
x[7,6]{2  <1.0>}
x[7,7]{6  <1.0>}
problem entropy = 0.912893126260065
smallest variable entropy = 0.467077780871148
##### after BP iteration 3 #####
x[0,0]{7  <1.0>}
x[0,1]{0  <0.6193937761253453>, 1  <0.38060622387465454>}
x[0,2]{0  <0.563862369929033>, 1  <0.43613763007096684>}
x[0,3]{5  <1.0>}
x[0,4]{2  <1.0>}
x[0,5]{6  <1.0>}
x[0,6]{3  <1.0>}
x[0,7]{4  <1.0>}
x[1,0]{4  <1.0>}
x[1,1]{5  <1.0>}
x[1,2]{6  <1.0>}
x[1,3]{3  <1.0>}
x[1,4]{1  <1.0>}
x[1,5]{7  <1.0>}
x[1,6]{0  <1.0>}
x[1,7]{2  <1.0>}
x[2,0]{2  <1.0>}
x[2,1]{6  <1.0>}
x[2,2]{7  <1.0>}
x[2,3]{0  <1.0>}
x[2,4]{3  <1.0>}
x[2,5]{5  <1.0>}
x[2,6]{4  <1.0>}
x[2,7]{1  <1.0>}
x[3,0]{5  <1.0>}
x[3,1]{0  <0.821554695773535>, 1  <0.17844530422646493>}
x[3,2]{0  <0.443434813148877>, 1  <0.556565186851123>}
x[3,3]{6  <1.0>}
x[3,4]{4  <1.0>}
x[3,5]{2  <1.0>}
x[3,6]{7  <1.0>}
x[3,7]{3  <1.0>}
x[4,0]{0  <1.0>}
x[4,1]{3  <1.0>}
x[4,2]{2  <1.0>}
x[4,3]{1  <1.0>}
x[4,4]{7  <1.0>}
x[4,5]{4  <1.0>}
x[4,6]{6  <1.0>}
x[4,7]{5  <1.0>}
x[5,0]{3  <1.0>}
x[5,1]{2  <1.0>}
x[5,2]{4  <1.0>}
x[5,3]{7  <1.0>}
x[5,4]{6  <1.0>}
x[5,5]{1  <1.0>}
x[5,6]{5  <1.0>}
x[5,7]{0  <1.0>}
x[6,0]{6  <1.0>}
x[6,1]{4  <1.0>}
x[6,2]{3  <1.0>}
x[6,3]{2  <1.0>}
x[6,4]{5  <1.0>}
x[6,5]{0  <1.0>}
x[6,6]{1  <1.0>}
x[6,7]{7  <1.0>}
x[7,0]{1  <1.0>}
x[7,1]{7  <1.0>}
x[7,2]{5  <1.0>}
x[7,3]{4  <1.0>}
x[7,4]{0  <1.0>}
x[7,5]{3  <1.0>}
x[7,6]{2  <1.0>}
x[7,7]{6  <1.0>}
problem entropy = 0.9035203077186631
smallest variable entropy = 0.46902782135663224
##### after BP iteration 4 #####
x[0,0]{7  <1.0>}
x[0,1]{0  <0.438281033818855>, 1  <0.5617189661811449>}
x[0,2]{0  <0.49773507950799906>, 1  <0.502264920492001>}
x[0,3]{5  <1.0>}
x[0,4]{2  <1.0>}
x[0,5]{6  <1.0>}
x[0,6]{3  <1.0>}
x[0,7]{4  <1.0>}
x[1,0]{4  <1.0>}
x[1,1]{5  <1.0>}
x[1,2]{6  <1.0>}
x[1,3]{3  <1.0>}
x[1,4]{1  <1.0>}
x[1,5]{7  <1.0>}
x[1,6]{0  <1.0>}
x[1,7]{2  <1.0>}
x[2,0]{2  <1.0>}
x[2,1]{6  <1.0>}
x[2,2]{7  <1.0>}
x[2,3]{0  <1.0>}
x[2,4]{3  <1.0>}
x[2,5]{5  <1.0>}
x[2,6]{4  <1.0>}
x[2,7]{1  <1.0>}
x[3,0]{5  <1.0>}
x[3,1]{0  <0.4376554766837588>, 1  <0.5623445233162412>}
x[3,2]{0  <0.1771718232105454>, 1  <0.8228281767894546>}
x[3,3]{6  <1.0>}
x[3,4]{4  <1.0>}
x[3,5]{2  <1.0>}
x[3,6]{7  <1.0>}
x[3,7]{3  <1.0>}
x[4,0]{0  <1.0>}
x[4,1]{3  <1.0>}
x[4,2]{2  <1.0>}
x[4,3]{1  <1.0>}
x[4,4]{7  <1.0>}
x[4,5]{4  <1.0>}
x[4,6]{6  <1.0>}
x[4,7]{5  <1.0>}
x[5,0]{3  <1.0>}
x[5,1]{2  <1.0>}
x[5,2]{4  <1.0>}
x[5,3]{7  <1.0>}
x[5,4]{6  <1.0>}
x[5,5]{1  <1.0>}
x[5,6]{5  <1.0>}
x[5,7]{0  <1.0>}
x[6,0]{6  <1.0>}
x[6,1]{4  <1.0>}
x[6,2]{3  <1.0>}
x[6,3]{2  <1.0>}
x[6,4]{5  <1.0>}
x[6,5]{0  <1.0>}
x[6,6]{1  <1.0>}
x[6,7]{7  <1.0>}
x[7,0]{1  <1.0>}
x[7,1]{7  <1.0>}
x[7,2]{5  <1.0>}
x[7,3]{4  <1.0>}
x[7,4]{0  <1.0>}
x[7,5]{3  <1.0>}
x[7,6]{2  <1.0>}
x[7,7]{6  <1.0>}
problem entropy = 0.9128931262600649
smallest variable entropy = 0.467077780871148
##### after BP iteration 5 #####
x[0,0]{7  <1.0>}
x[0,1]{0  <0.443434813148877>, 1  <0.556565186851123>}
x[0,2]{0  <0.821554695773535>, 1  <0.17844530422646493>}
x[0,3]{5  <1.0>}
x[0,4]{2  <1.0>}
x[0,5]{6  <1.0>}
x[0,6]{3  <1.0>}
x[0,7]{4  <1.0>}
x[1,0]{4  <1.0>}
x[1,1]{5  <1.0>}
x[1,2]{6  <1.0>}
x[1,3]{3  <1.0>}
x[1,4]{1  <1.0>}
x[1,5]{7  <1.0>}
x[1,6]{0  <1.0>}
x[1,7]{2  <1.0>}
x[2,0]{2  <1.0>}
x[2,1]{6  <1.0>}
x[2,2]{7  <1.0>}
x[2,3]{0  <1.0>}
x[2,4]{3  <1.0>}
x[2,5]{5  <1.0>}
x[2,6]{4  <1.0>}
x[2,7]{1  <1.0>}
x[3,0]{5  <1.0>}
x[3,1]{0  <0.563862369929033>, 1  <0.43613763007096684>}
x[3,2]{0  <0.6193937761253454>, 1  <0.38060622387465465>}
x[3,3]{6  <1.0>}
x[3,4]{4  <1.0>}
x[3,5]{2  <1.0>}
x[3,6]{7  <1.0>}
x[3,7]{3  <1.0>}
x[4,0]{0  <1.0>}
x[4,1]{3  <1.0>}
x[4,2]{2  <1.0>}
x[4,3]{1  <1.0>}
x[4,4]{7  <1.0>}
x[4,5]{4  <1.0>}
x[4,6]{6  <1.0>}
x[4,7]{5  <1.0>}
x[5,0]{3  <1.0>}
x[5,1]{2  <1.0>}
x[5,2]{4  <1.0>}
x[5,3]{7  <1.0>}
x[5,4]{6  <1.0>}
x[5,5]{1  <1.0>}
x[5,6]{5  <1.0>}
x[5,7]{0  <1.0>}
x[6,0]{6  <1.0>}
x[6,1]{4  <1.0>}
x[6,2]{3  <1.0>}
x[6,3]{2  <1.0>}
x[6,4]{5  <1.0>}
x[6,5]{0  <1.0>}
x[6,6]{1  <1.0>}
x[6,7]{7  <1.0>}
x[7,0]{1  <1.0>}
x[7,1]{7  <1.0>}
x[7,2]{5  <1.0>}
x[7,3]{4  <1.0>}
x[7,4]{0  <1.0>}
x[7,5]{3  <1.0>}
x[7,6]{2  <1.0>}
x[7,7]{6  <1.0>}
problem entropy = 0.9035203077186631
smallest variable entropy = 0.46902782135663224
##### after BP iteration 6 #####
x[0,0]{7  <1.0>}
x[0,1]{0  <0.1771718232105454>, 1  <0.8228281767894546>}
x[0,2]{0  <0.4376554766837587>, 1  <0.5623445233162412>}
x[0,3]{5  <1.0>}
x[0,4]{2  <1.0>}
x[0,5]{6  <1.0>}
x[0,6]{3  <1.0>}
x[0,7]{4  <1.0>}
x[1,0]{4  <1.0>}
x[1,1]{5  <1.0>}
x[1,2]{6  <1.0>}
x[1,3]{3  <1.0>}
x[1,4]{1  <1.0>}
x[1,5]{7  <1.0>}
x[1,6]{0  <1.0>}
x[1,7]{2  <1.0>}
x[2,0]{2  <1.0>}
x[2,1]{6  <1.0>}
x[2,2]{7  <1.0>}
x[2,3]{0  <1.0>}
x[2,4]{3  <1.0>}
x[2,5]{5  <1.0>}
x[2,6]{4  <1.0>}
x[2,7]{1  <1.0>}
x[3,0]{5  <1.0>}
x[3,1]{0  <0.49773507950799906>, 1  <0.502264920492001>}
x[3,2]{0  <0.43828103381885514>, 1  <0.5617189661811449>}
x[3,3]{6  <1.0>}
x[3,4]{4  <1.0>}
x[3,5]{2  <1.0>}
x[3,6]{7  <1.0>}
x[3,7]{3  <1.0>}
x[4,0]{0  <1.0>}
x[4,1]{3  <1.0>}
x[4,2]{2  <1.0>}
x[4,3]{1  <1.0>}
x[4,4]{7  <1.0>}
x[4,5]{4  <1.0>}
x[4,6]{6  <1.0>}
x[4,7]{5  <1.0>}
x[5,0]{3  <1.0>}
x[5,1]{2  <1.0>}
x[5,2]{4  <1.0>}
x[5,3]{7  <1.0>}
x[5,4]{6  <1.0>}
x[5,5]{1  <1.0>}
x[5,6]{5  <1.0>}
x[5,7]{0  <1.0>}
x[6,0]{6  <1.0>}
x[6,1]{4  <1.0>}
x[6,2]{3  <1.0>}
x[6,3]{2  <1.0>}
x[6,4]{5  <1.0>}
x[6,5]{0  <1.0>}
x[6,6]{1  <1.0>}
x[6,7]{7  <1.0>}
x[7,0]{1  <1.0>}
x[7,1]{7  <1.0>}
x[7,2]{5  <1.0>}
x[7,3]{4  <1.0>}
x[7,4]{0  <1.0>}
x[7,5]{3  <1.0>}
x[7,6]{2  <1.0>}
x[7,7]{6  <1.0>}
problem entropy = 0.912893126260065
smallest variable entropy = 0.467077780871148
##### after BP iteration 7 #####
x[0,0]{7  <1.0>}
x[0,1]{0  <0.6193937761253454>, 1  <0.38060622387465465>}
x[0,2]{0  <0.563862369929033>, 1  <0.43613763007096695>}
x[0,3]{5  <1.0>}
x[0,4]{2  <1.0>}
x[0,5]{6  <1.0>}
x[0,6]{3  <1.0>}
x[0,7]{4  <1.0>}
x[1,0]{4  <1.0>}
x[1,1]{5  <1.0>}
x[1,2]{6  <1.0>}
x[1,3]{3  <1.0>}
x[1,4]{1  <1.0>}
x[1,5]{7  <1.0>}
x[1,6]{0  <1.0>}
x[1,7]{2  <1.0>}
x[2,0]{2  <1.0>}
x[2,1]{6  <1.0>}
x[2,2]{7  <1.0>}
x[2,3]{0  <1.0>}
x[2,4]{3  <1.0>}
x[2,5]{5  <1.0>}
x[2,6]{4  <1.0>}
x[2,7]{1  <1.0>}
x[3,0]{5  <1.0>}
x[3,1]{0  <0.821554695773535>, 1  <0.17844530422646498>}
x[3,2]{0  <0.443434813148877>, 1  <0.556565186851123>}
x[3,3]{6  <1.0>}
x[3,4]{4  <1.0>}
x[3,5]{2  <1.0>}
x[3,6]{7  <1.0>}
x[3,7]{3  <1.0>}
x[4,0]{0  <1.0>}
x[4,1]{3  <1.0>}
x[4,2]{2  <1.0>}
x[4,3]{1  <1.0>}
x[4,4]{7  <1.0>}
x[4,5]{4  <1.0>}
x[4,6]{6  <1.0>}
x[4,7]{5  <1.0>}
x[5,0]{3  <1.0>}
x[5,1]{2  <1.0>}
x[5,2]{4  <1.0>}
x[5,3]{7  <1.0>}
x[5,4]{6  <1.0>}
x[5,5]{1  <1.0>}
x[5,6]{5  <1.0>}
x[5,7]{0  <1.0>}
x[6,0]{6  <1.0>}
x[6,1]{4  <1.0>}
x[6,2]{3  <1.0>}
x[6,3]{2  <1.0>}
x[6,4]{5  <1.0>}
x[6,5]{0  <1.0>}
x[6,6]{1  <1.0>}
x[6,7]{7  <1.0>}
x[7,0]{1  <1.0>}
x[7,1]{7  <1.0>}
x[7,2]{5  <1.0>}
x[7,3]{4  <1.0>}
x[7,4]{0  <1.0>}
x[7,5]{3  <1.0>}
x[7,6]{2  <1.0>}
x[7,7]{6  <1.0>}
problem entropy = 0.9035203077186631
smallest variable entropy = 0.4690278213566323
##### after BP iteration 8 #####
x[0,0]{7  <1.0>}
x[0,1]{0  <0.43828103381885525>, 1  <0.5617189661811448>}
x[0,2]{0  <0.49773507950799906>, 1  <0.502264920492001>}
x[0,3]{5  <1.0>}
x[0,4]{2  <1.0>}
x[0,5]{6  <1.0>}
x[0,6]{3  <1.0>}
x[0,7]{4  <1.0>}
x[1,0]{4  <1.0>}
x[1,1]{5  <1.0>}
x[1,2]{6  <1.0>}
x[1,3]{3  <1.0>}
x[1,4]{1  <1.0>}
x[1,5]{7  <1.0>}
x[1,6]{0  <1.0>}
x[1,7]{2  <1.0>}
x[2,0]{2  <1.0>}
x[2,1]{6  <1.0>}
x[2,2]{7  <1.0>}
x[2,3]{0  <1.0>}
x[2,4]{3  <1.0>}
x[2,5]{5  <1.0>}
x[2,6]{4  <1.0>}
x[2,7]{1  <1.0>}
x[3,0]{5  <1.0>}
x[3,1]{0  <0.4376554766837587>, 1  <0.5623445233162412>}
x[3,2]{0  <0.1771718232105454>, 1  <0.8228281767894546>}
x[3,3]{6  <1.0>}
x[3,4]{4  <1.0>}
x[3,5]{2  <1.0>}
x[3,6]{7  <1.0>}
x[3,7]{3  <1.0>}
x[4,0]{0  <1.0>}
x[4,1]{3  <1.0>}
x[4,2]{2  <1.0>}
x[4,3]{1  <1.0>}
x[4,4]{7  <1.0>}
x[4,5]{4  <1.0>}
x[4,6]{6  <1.0>}
x[4,7]{5  <1.0>}
x[5,0]{3  <1.0>}
x[5,1]{2  <1.0>}
x[5,2]{4  <1.0>}
x[5,3]{7  <1.0>}
x[5,4]{6  <1.0>}
x[5,5]{1  <1.0>}
x[5,6]{5  <1.0>}
x[5,7]{0  <1.0>}
x[6,0]{6  <1.0>}
x[6,1]{4  <1.0>}
x[6,2]{3  <1.0>}
x[6,3]{2  <1.0>}
x[6,4]{5  <1.0>}
x[6,5]{0  <1.0>}
x[6,6]{1  <1.0>}
x[6,7]{7  <1.0>}
x[7,0]{1  <1.0>}
x[7,1]{7  <1.0>}
x[7,2]{5  <1.0>}
x[7,3]{4  <1.0>}
x[7,4]{0  <1.0>}
x[7,5]{3  <1.0>}
x[7,6]{2  <1.0>}
x[7,7]{6  <1.0>}
problem entropy = 0.912893126260065
smallest variable entropy = 0.467077780871148
##### after BP iteration 9 #####
x[0,0]{7  <1.0>}
x[0,1]{0  <0.443434813148877>, 1  <0.556565186851123>}
x[0,2]{0  <0.821554695773535>, 1  <0.17844530422646498>}
x[0,3]{5  <1.0>}
x[0,4]{2  <1.0>}
x[0,5]{6  <1.0>}
x[0,6]{3  <1.0>}
x[0,7]{4  <1.0>}
x[1,0]{4  <1.0>}
x[1,1]{5  <1.0>}
x[1,2]{6  <1.0>}
x[1,3]{3  <1.0>}
x[1,4]{1  <1.0>}
x[1,5]{7  <1.0>}
x[1,6]{0  <1.0>}
x[1,7]{2  <1.0>}
x[2,0]{2  <1.0>}
x[2,1]{6  <1.0>}
x[2,2]{7  <1.0>}
x[2,3]{0  <1.0>}
x[2,4]{3  <1.0>}
x[2,5]{5  <1.0>}
x[2,6]{4  <1.0>}
x[2,7]{1  <1.0>}
x[3,0]{5  <1.0>}
x[3,1]{0  <0.5638623699290329>, 1  <0.43613763007096695>}
x[3,2]{0  <0.6193937761253454>, 1  <0.38060622387465465>}
x[3,3]{6  <1.0>}
x[3,4]{4  <1.0>}
x[3,5]{2  <1.0>}
x[3,6]{7  <1.0>}
x[3,7]{3  <1.0>}
x[4,0]{0  <1.0>}
x[4,1]{3  <1.0>}
x[4,2]{2  <1.0>}
x[4,3]{1  <1.0>}
x[4,4]{7  <1.0>}
x[4,5]{4  <1.0>}
x[4,6]{6  <1.0>}
x[4,7]{5  <1.0>}
x[5,0]{3  <1.0>}
x[5,1]{2  <1.0>}
x[5,2]{4  <1.0>}
x[5,3]{7  <1.0>}
x[5,4]{6  <1.0>}
x[5,5]{1  <1.0>}
x[5,6]{5  <1.0>}
x[5,7]{0  <1.0>}
x[6,0]{6  <1.0>}
x[6,1]{4  <1.0>}
x[6,2]{3  <1.0>}
x[6,3]{2  <1.0>}
x[6,4]{5  <1.0>}
x[6,5]{0  <1.0>}
x[6,6]{1  <1.0>}
x[6,7]{7  <1.0>}
x[7,0]{1  <1.0>}
x[7,1]{7  <1.0>}
x[7,2]{5  <1.0>}
x[7,3]{4  <1.0>}
x[7,4]{0  <1.0>}
x[7,5]{3  <1.0>}
x[7,6]{2  <1.0>}
x[7,7]{6  <1.0>}
problem entropy = 0.9035203077186632
smallest variable entropy = 0.4690278213566323
##### after BP iteration 10 #####
x[0,0]{7  <1.0>}
x[0,1]{0  <0.1771718232105454>, 1  <0.8228281767894546>}
x[0,2]{0  <0.4376554766837587>, 1  <0.5623445233162412>}
x[0,3]{5  <1.0>}
x[0,4]{2  <1.0>}
x[0,5]{6  <1.0>}
x[0,6]{3  <1.0>}
x[0,7]{4  <1.0>}
x[1,0]{4  <1.0>}
x[1,1]{5  <1.0>}
x[1,2]{6  <1.0>}
x[1,3]{3  <1.0>}
x[1,4]{1  <1.0>}
x[1,5]{7  <1.0>}
x[1,6]{0  <1.0>}
x[1,7]{2  <1.0>}
x[2,0]{2  <1.0>}
x[2,1]{6  <1.0>}
x[2,2]{7  <1.0>}
x[2,3]{0  <1.0>}
x[2,4]{3  <1.0>}
x[2,5]{5  <1.0>}
x[2,6]{4  <1.0>}
x[2,7]{1  <1.0>}
x[3,0]{5  <1.0>}
x[3,1]{0  <0.49773507950799906>, 1  <0.502264920492001>}
x[3,2]{0  <0.43828103381885536>, 1  <0.5617189661811446>}
x[3,3]{6  <1.0>}
x[3,4]{4  <1.0>}
x[3,5]{2  <1.0>}
x[3,6]{7  <1.0>}
x[3,7]{3  <1.0>}
x[4,0]{0  <1.0>}
x[4,1]{3  <1.0>}
x[4,2]{2  <1.0>}
x[4,3]{1  <1.0>}
x[4,4]{7  <1.0>}
x[4,5]{4  <1.0>}
x[4,6]{6  <1.0>}
x[4,7]{5  <1.0>}
x[5,0]{3  <1.0>}
x[5,1]{2  <1.0>}
x[5,2]{4  <1.0>}
x[5,3]{7  <1.0>}
x[5,4]{6  <1.0>}
x[5,5]{1  <1.0>}
x[5,6]{5  <1.0>}
x[5,7]{0  <1.0>}
x[6,0]{6  <1.0>}
x[6,1]{4  <1.0>}
x[6,2]{3  <1.0>}
x[6,3]{2  <1.0>}
x[6,4]{5  <1.0>}
x[6,5]{0  <1.0>}
x[6,6]{1  <1.0>}
x[6,7]{7  <1.0>}
x[7,0]{1  <1.0>}
x[7,1]{7  <1.0>}
x[7,2]{5  <1.0>}
x[7,3]{4  <1.0>}
x[7,4]{0  <1.0>}
x[7,5]{3  <1.0>}
x[7,6]{2  <1.0>}
x[7,7]{6  <1.0>}
problem entropy = 0.912893126260065
smallest variable entropy = 0.467077780871148
### branching on x[0,1]=1; marginal=0.8228281767894546; regret=0.6456563535789093; nb of ties=1
##### after BP iteration 1 #####
x[0,0]{7  <1.0>}
x[0,1]{1  <1.0>}
x[0,2]{0  <1.0>}
x[0,3]{5  <1.0>}
x[0,4]{2  <1.0>}
x[0,5]{6  <1.0>}
x[0,6]{3  <1.0>}
x[0,7]{4  <1.0>}
x[1,0]{4  <1.0>}
x[1,1]{5  <1.0>}
x[1,2]{6  <1.0>}
x[1,3]{3  <1.0>}
x[1,4]{1  <1.0>}
x[1,5]{7  <1.0>}
x[1,6]{0  <1.0>}
x[1,7]{2  <1.0>}
x[2,0]{2  <1.0>}
x[2,1]{6  <1.0>}
x[2,2]{7  <1.0>}
x[2,3]{0  <1.0>}
x[2,4]{3  <1.0>}
x[2,5]{5  <1.0>}
x[2,6]{4  <1.0>}
x[2,7]{1  <1.0>}
x[3,0]{5  <1.0>}
x[3,1]{0  <1.0>}
x[3,2]{1  <1.0>}
x[3,3]{6  <1.0>}
x[3,4]{4  <1.0>}
x[3,5]{2  <1.0>}
x[3,6]{7  <1.0>}
x[3,7]{3  <1.0>}
x[4,0]{0  <1.0>}
x[4,1]{3  <1.0>}
x[4,2]{2  <1.0>}
x[4,3]{1  <1.0>}
x[4,4]{7  <1.0>}
x[4,5]{4  <1.0>}
x[4,6]{6  <1.0>}
x[4,7]{5  <1.0>}
x[5,0]{3  <1.0>}
x[5,1]{2  <1.0>}
x[5,2]{4  <1.0>}
x[5,3]{7  <1.0>}
x[5,4]{6  <1.0>}
x[5,5]{1  <1.0>}
x[5,6]{5  <1.0>}
x[5,7]{0  <1.0>}
x[6,0]{6  <1.0>}
x[6,1]{4  <1.0>}
x[6,2]{3  <1.0>}
x[6,3]{2  <1.0>}
x[6,4]{5  <1.0>}
x[6,5]{0  <1.0>}
x[6,6]{1  <1.0>}
x[6,7]{7  <1.0>}
x[7,0]{1  <1.0>}
x[7,1]{7  <1.0>}
x[7,2]{5  <1.0>}
x[7,3]{4  <1.0>}
x[7,4]{0  <1.0>}
x[7,5]{3  <1.0>}
x[7,6]{2  <1.0>}
x[7,7]{6  <1.0>}
problem entropy = 0.0
smallest variable entropy = 1.7976931348623157E308
### branching on x[0,1]!=1
##### after BP iteration 1 #####
x[0,0]{7  <1.0>}
x[0,1]{0  <1.0>}
x[0,2]{1  <1.0>}
x[0,3]{5  <1.0>}
x[0,4]{2  <1.0>}
x[0,5]{6  <1.0>}
x[0,6]{3  <1.0>}
x[0,7]{4  <1.0>}
x[1,0]{4  <1.0>}
x[1,1]{5  <1.0>}
x[1,2]{6  <1.0>}
x[1,3]{3  <1.0>}
x[1,4]{1  <1.0>}
x[1,5]{7  <1.0>}
x[1,6]{0  <1.0>}
x[1,7]{2  <1.0>}
x[2,0]{2  <1.0>}
x[2,1]{6  <1.0>}
x[2,2]{7  <1.0>}
x[2,3]{0  <1.0>}
x[2,4]{3  <1.0>}
x[2,5]{5  <1.0>}
x[2,6]{4  <1.0>}
x[2,7]{1  <1.0>}
x[3,0]{5  <1.0>}
x[3,1]{1  <1.0>}
x[3,2]{0  <1.0>}
x[3,3]{6  <1.0>}
x[3,4]{4  <1.0>}
x[3,5]{2  <1.0>}
x[3,6]{7  <1.0>}
x[3,7]{3  <1.0>}
x[4,0]{0  <1.0>}
x[4,1]{3  <1.0>}
x[4,2]{2  <1.0>}
x[4,3]{1  <1.0>}
x[4,4]{7  <1.0>}
x[4,5]{4  <1.0>}
x[4,6]{6  <1.0>}
x[4,7]{5  <1.0>}
x[5,0]{3  <1.0>}
x[5,1]{2  <1.0>}
x[5,2]{4  <1.0>}
x[5,3]{7  <1.0>}
x[5,4]{6  <1.0>}
x[5,5]{1  <1.0>}
x[5,6]{5  <1.0>}
x[5,7]{0  <1.0>}
x[6,0]{6  <1.0>}
x[6,1]{4  <1.0>}
x[6,2]{3  <1.0>}
x[6,3]{2  <1.0>}
x[6,4]{5  <1.0>}
x[6,5]{0  <1.0>}
x[6,6]{1  <1.0>}
x[6,7]{7  <1.0>}
x[7,0]{1  <1.0>}
x[7,1]{7  <1.0>}
x[7,2]{5  <1.0>}
x[7,3]{4  <1.0>}
x[7,4]{0  <1.0>}
x[7,5]{3  <1.0>}
x[7,6]{2  <1.0>}
x[7,7]{6  <1.0>}
problem entropy = 0.0
smallest variable entropy = 1.7976931348623157E308

	#choice: 10
	#fail: 0
	execution time (ms): 265
	#sols : 1
	completed : false

