{6  <1.0>, 5  <1.0>, 2  <1.0>, 3  <1.0>, 4  <1.0>}
model: sum-product-no-init
FINAL DAMPING FACTOR = 1.0
##### after BP iteration 1 #####
x[0,0]{6  <0.35098986870370913>, 5  <0.07042184213663608>, 2  <0.10805257413008966>, 3  <0.31315858182147105>, 4  <0.15737713320809402>}
x[0,1]{7  <0.1757203793612856>, 1  <0.051115501814950795>, 2  <0.4573251729667462>, 3  <0.19100617112806545>, 5  <0.12483277472895196>}
x[0,2]{7  <0.3136008884227412>, 5  <0.10228672792239882>, 4  <0.44614796321343525>, 3  <0.1379644204414247>}
x[0,3]{0  <1.0>}
x[0,4]{3  <0.28444543613895057>, 6  <0.1784378250060914>, 2  <0.5371167388549581>}
x[0,5]{7  <0.2369372994118405>, 6  <0.14788768325675436>, 2  <0.1800348395575722>, 3  <0.21037403111744682>, 4  <0.06749544600969762>, 5  <0.1572707006466885>}
x[0,6]{7  <0.047742257678818074>, 1  <0.7823870005153043>, 2  <0.03544426100412978>, 3  <0.042217819269631134>, 4  <0.036797246108533445>, 5  <0.018712996526721527>, 6  <0.036698418896861706>}
x[0,7]{7  <0.13594847552380382>, 6  <0.06854727673766313>, 5  <0.7955042477385331>}
x[1,0]{5  <0.7023138030085164>, 2  <0.2976861969914836>}
x[1,1]{4  <1.0>}
x[1,2]{6  <1.0>}
x[1,3]{7  <1.0>}
x[1,4]{0  <1.0>}
x[1,5]{1  <1.0>}
x[1,6]{5  <0.3542852618523908>, 2  <0.6457147381476092>}
x[1,7]{3  <1.0>}
x[2,0]{5  <0.04349071118093348>, 6  <0.4908272597370732>, 2  <0.04349071118093348>, 3  <0.31252339261454704>, 4  <0.10966792528651273>}
x[2,1]{0  <0.19806828171784574>, 7  <0.16061436719721806>, 2  <0.2782750148201157>, 3  <0.2162325668962349>, 5  <0.14680976936858559>}
x[2,2]{5  <0.09480052141936655>, 7  <0.36444003157054533>, 4  <0.32298481373526833>, 3  <0.2177746332748198>}
x[2,3]{2  <0.6813153751135677>, 5  <0.3186846248864323>}
x[2,4]{1  <1.0>}
x[2,5]{6  <0.19774102826906292>, 7  <0.23761680670301286>, 2  <0.09067453147846755>, 3  <0.2862016346475929>, 4  <0.058534252100176>, 5  <0.1292317468016878>}
x[2,6]{6  <0.25608504248030245>, 7  <0.2022687056262597>, 2  <0.07844042287666103>, 3  <0.2713615209296057>, 4  <0.11340388521051005>, 5  <0.07844042287666103>}
x[2,7]{0  <0.2164628374585418>, 7  <0.2391581417425171>, 5  <0.40392016433329386>, 6  <0.14045885646564718>}
x[3,0]{5  <0.04583703932293869>, 6  <0.2935802205575933>, 2  <0.0458370393229387>, 3  <0.2543001375259402>, 4  <0.36044556327058896>}
x[3,1]{0  <0.2037228392509106>, 7  <0.2705250890311054>, 2  <0.24143885712702765>, 3  <0.15693712603213703>, 5  <0.12737608855881935>}
x[3,2]{1  <1.0>}
x[3,3]{2  <0.3665661952237417>, 5  <0.6334338047762583>}
x[3,4]{6  <0.2739307680836844>, 3  <0.5349831972687098>, 2  <0.1910860346476058>}
x[3,5]{6  <0.12309427115658883>, 7  <0.40889295122411157>, 2  <0.0829614616141129>, 3  <0.16470045865919097>, 4  <0.10243459454731156>, 5  <0.11791626279868406>}
x[3,6]{6  <0.16310409751689403>, 7  <0.30087922126887434>, 2  <0.06863544851179446>, 3  <0.1682015746707549>, 4  <0.23054420951988785>, 5  <0.06863544851179446>}
x[3,7]{0  <0.20820735152907455>, 7  <0.3696684803731336>, 5  <0.3216122487887247>, 6  <0.10051191930906721>}
x[4,0]{7  <1.0>}
x[4,1]{5  <0.39205252929188333>, 3  <0.20071154588430268>, 2  <0.407235924823814>}
x[4,2]{0  <1.0>}
x[4,3]{1  <1.0>}
x[4,4]{6  <0.3547585406469193>, 3  <0.33866988205235793>, 2  <0.30657157730072265>}
x[4,5]{6  <0.1748117871355297>, 5  <0.47298555362490635>, 2  <0.1507305613334639>, 3  <0.2014720979061001>}
x[4,6]{6  <0.30616589096588004>, 5  <0.2972405529850209>, 2  <0.17148493441443521>, 3  <0.22510862163466394>}
x[4,7]{4  <1.0>}
x[5,0]{5  <0.2224455342069298>, 3  <0.3326633973792106>, 2  <0.4448910684138596>}
x[5,1]{6  <1.0>}
x[5,2]{5  <0.6387636304009184>, 3  <0.3612363695990817>}
x[5,3]{4  <1.0>}
x[5,4]{7  <1.0>}
x[5,5]{5  <0.19477166201313906>, 3  <0.175323488443915>, 2  <0.6299048495429458>}
x[5,6]{0  <1.0>}
x[5,7]{1  <1.0>}
x[6,0]{0  <1.0>}
x[6,1]{7  <0.5604007466614802>, 1  <0.4395992533385197>}
x[6,2]{2  <1.0>}
x[6,3]{3  <1.0>}
x[6,4]{5  <1.0>}
x[6,5]{7  <0.31222914603099966>, 4  <0.46219388557962726>, 6  <0.22557696838937297>}
x[6,6]{7  <0.21589725829809303>, 1  <0.08804274975616695>, 6  <0.2286768528232206>, 4  <0.46738313912251944>}
x[6,7]{7  <0.27031799549481017>, 6  <0.7296820045051898>}
x[7,0]{1  <1.0>}
x[7,1]{5  <0.4849072225086612>, 7  <0.14806504472082924>, 3  <0.36702773277050965>}
x[7,2]{5  <0.35253545189596897>, 7  <0.37248689562517534>, 3  <0.2749776524788558>}
x[7,3]{6  <1.0>}
x[7,4]{4  <1.0>}
x[7,5]{0  <1.0>}
x[7,6]{5  <0.26014821514154984>, 7  <0.2658191160692695>, 3  <0.47403266878918066>}
x[7,7]{2  <1.0>}
problem entropy = 0.0
smallest variable entropy = 1.7976931348623157E308
### branching on x[1,0]=2
##### after BP iteration 1 #####
x[0,0]{6  <0.39636413600641335>, 5  <0.07685413818898035>, 4  <0.35351960968733775>, 3  <0.17326211611726863>}
x[0,1]{7  <0.23050129894430624>, 1  <0.25315594603616415>, 2  <0.32309247133748126>, 3  <0.15237011012454346>, 5  <0.04088017355750486>}
x[0,2]{7  <0.19451489125797713>, 5  <0.018709890632790372>, 4  <0.7322623048899627>, 3  <0.05451291321926978>}
x[0,3]{0  <1.0>}
x[0,4]{3  <0.22042198063351792>, 6  <0.29513489780906965>, 2  <0.4844431215574124>}
x[0,5]{7  <0.2839953678345445>, 6  <0.2433041619537436>, 5  <0.09054401983186658>, 3  <0.18408813735883267>, 4  <0.19806831302101277>}
x[0,6]{7  <0.002292094726976313>, 1  <0.982992920265337>, 2  <0.005697470551056109>, 3  <0.0014458033020944513>, 4  <0.004567962438800571>, 6  <0.0030037487157352927>}
x[0,7]{7  <0.2800709918403275>, 6  <0.11931290324865652>, 5  <0.6006161049110159>}
x[1,0]{2  <1.0>}
x[1,1]{4  <1.0>}
x[1,2]{6  <1.0>}
x[1,3]{7  <1.0>}
x[1,4]{0  <1.0>}
x[1,5]{1  <1.0>}
x[1,6]{5  <1.0>}
x[1,7]{3  <1.0>}
x[2,0]{5  <0.11313763933802996>, 6  <0.37264480486339546>, 4  <0.3033954221127095>, 3  <0.210822133685865>}
x[2,1]{0  <0.8128731081911655>, 7  <0.04431674039737092>, 2  <0.06871915293038859>, 3  <0.03542222384424239>, 5  <0.03866877463683254>}
x[2,2]{5  <0.048658555237741874>, 7  <0.26955213547631096>, 4  <0.569301111144719>, 3  <0.11248819814122822>}
x[2,3]{2  <0.7200482640808652>, 5  <0.2799517359191348>}
x[2,4]{1  <1.0>}
x[2,5]{6  <0.2059891808991991>, 7  <0.19864371577809037>, 5  <0.1395167114884206>, 3  <0.29826681524346565>, 4  <0.15758357659082428>}
x[2,6]{6  <0.23360801183264582>, 7  <0.19091782371209737>, 2  <0.20958266501184428>, 3  <0.13464068950990218>, 4  <0.2312508099335104>}
x[2,7]{0  <0.8079229395219752>, 7  <0.0692530149469397>, 5  <0.094722093818233>, 6  <0.02810195171285204>}
x[3,0]{5  <0.045931774256513305>, 6  <0.16579997697332818>, 4  <0.6977786048721384>, 3  <0.0904896438980201>}
x[3,1]{0  <0.7791066738537977>, 7  <0.07011249783322283>, 2  <0.08858332254703283>, 3  <0.03644348618222863>, 5  <0.02575401958371803>}
x[3,2]{1  <1.0>}
x[3,3]{2  <0.3902076856988972>, 5  <0.6097923143011029>}
x[3,4]{6  <0.3761022839039129>, 3  <0.36601875796800276>, 2  <0.25787895812808426>}
x[3,5]{6  <0.17618119517089514>, 7  <0.33861964476072515>, 5  <0.08955784661188533>, 3  <0.16076477387020785>, 4  <0.23487653958628663>}
x[3,6]{6  <0.1754898189062922>, 7  <0.19675601448836477>, 2  <0.22349629524094922>, 3  <0.08252002210788115>, 4  <0.32173784925651255>}
x[3,7]{0  <0.794911659053394>, 7  <0.10783870444050522>, 5  <0.06209322936185338>, 6  <0.03515640714424731>}
x[4,0]{7  <1.0>}
x[4,1]{5  <0.3158969246746785>, 3  <0.2771917218988013>, 2  <0.4069113534265202>}
x[4,2]{0  <1.0>}
x[4,3]{1  <1.0>}
x[4,4]{6  <0.47508679315420893>, 3  <0.23501231895454056>, 2  <0.2899008878912505>}
x[4,5]{6  <0.15003567329861706>, 5  <0.6855025447472454>, 3  <0.16446178195413746>}
x[4,6]{6  <0.36865641151646245>, 3  <0.09472383668157458>, 2  <0.536619751801963>}
x[4,7]{4  <1.0>}
x[5,0]{5  <0.6120455949241452>, 3  <0.3879544050758548>}
x[5,1]{6  <1.0>}
x[5,2]{5  <0.6160834224623223>, 3  <0.3839165775376777>}
x[5,3]{4  <1.0>}
x[5,4]{7  <1.0>}
x[5,5]{2  <1.0>}
x[5,6]{0  <1.0>}
x[5,7]{1  <1.0>}
x[6,0]{0  <1.0>}
x[6,1]{7  <0.09925677199093509>, 1  <0.9007432280090649>}
x[6,2]{2  <1.0>}
x[6,3]{3  <1.0>}
x[6,4]{5  <1.0>}
x[6,5]{7  <0.16156986295108647>, 4  <0.7133882737484383>, 6  <0.12504186330047515>}
x[6,6]{7  <0.1140223235515435>, 1  <0.24962577521758866>, 6  <0.10435969041291172>, 4  <0.5319922108179561>}
x[6,7]{7  <0.25055189915184434>, 6  <0.7494481008481557>}
x[7,0]{1  <1.0>}
x[7,1]{5  <0.5524262382375937>, 7  <0.21278886189528165>, 3  <0.23478489986712464>}
x[7,2]{5  <0.31572711085305083>, 7  <0.43262709136896255>, 3  <0.2516457977779865>}
x[7,3]{6  <1.0>}
x[7,4]{4  <1.0>}
x[7,5]{0  <1.0>}
x[7,6]{3  <0.5217556346465685>, 7  <0.47824436535343134>}
x[7,7]{2  <1.0>}
problem entropy = 0.0
smallest variable entropy = 1.7976931348623157E308
### branching on x[2,3]=5
##### after BP iteration 1 #####
x[0,0]{6  <0.3557356710006976>, 5  <0.21128779334789902>, 4  <0.13506204033657235>, 3  <0.29791449531483105>}
x[0,1]{7  <0.2284230641594725>, 1  <0.02404869536692516>, 2  <0.4351516532055027>, 3  <0.24370314920834707>, 5  <0.06867343805975251>}
x[0,2]{7  <0.3355330377516362>, 5  <0.06625443618407136>, 4  <0.4406679659798791>, 3  <0.15754456008441325>}
x[0,3]{0  <1.0>}
x[0,4]{3  <0.17441906653717137>, 6  <0.15223122689045707>, 2  <0.6733497065723715>}
x[0,5]{7  <0.22333395099176306>, 6  <0.273388069356789>, 5  <0.12692968938548166>, 3  <0.3070895805581904>, 4  <0.06925870970777577>}
x[0,6]{7  <0.04448856357978226>, 1  <0.6410843982696391>, 2  <0.16654285131424024>, 3  <0.04600044203862558>, 4  <0.035110687887206636>, 6  <0.06677305691050618>}
x[0,7]{7  <0.1673961258701714>, 6  <0.07409466238824157>, 5  <0.758509211741587>}
x[1,0]{2  <1.0>}
x[1,1]{4  <1.0>}
x[1,2]{6  <1.0>}
x[1,3]{7  <1.0>}
x[1,4]{0  <1.0>}
x[1,5]{1  <1.0>}
x[1,6]{5  <1.0>}
x[1,7]{3  <1.0>}
x[2,0]{3  <0.37122857227162565>, 6  <0.4618357392263315>, 4  <0.16693568850204277>}
x[2,1]{0  <0.09827024271324836>, 7  <0.3007684451655537>, 2  <0.41222675547715754>, 3  <0.18873455664404046>}
x[2,2]{3  <0.23071550870749785>, 7  <0.3698258563041909>, 4  <0.39945863498831136>}
x[2,3]{5  <1.0>}
x[2,4]{1  <1.0>}
x[2,5]{6  <0.28632332361859986>, 7  <0.15755007569150958>, 4  <0.06971201118727499>, 3  <0.48641458950261557>}
x[2,6]{6  <0.10445964435742026>, 7  <0.07606017457490102>, 2  <0.722848728046452>, 3  <0.05820258789997835>, 4  <0.03842886512124855>}
x[2,7]{0  <0.31137406697540393>, 7  <0.4910815345564613>, 6  <0.19754439846813465>}
x[3,0]{5  <0.34143346277494474>, 6  <0.14149048287901478>, 4  <0.3544144902272205>, 3  <0.16266156411881993>}
x[3,1]{0  <0.2543968301394531>, 7  <0.3659671997770577>, 5  <0.2600212975055139>, 3  <0.11961467257797528>}
x[3,2]{1  <1.0>}
x[3,3]{2  <1.0>}
x[3,4]{6  <0.37050107345243083>, 3  <0.6294989265475692>}
x[3,5]{6  <0.14500688801889536>, 7  <0.26160429837579585>, 5  <0.322574913181647>, 3  <0.1884713657700425>, 4  <0.08234253465361933>}
x[3,6]{6  <0.2775489811934326>, 7  <0.3035032581862251>, 4  <0.22406516411155042>, 3  <0.19488259650879197>}
x[3,7]{0  <0.053767067932841604>, 7  <0.2864251493143032>, 5  <0.6002692921751581>, 6  <0.059538490577697216>}
x[4,0]{7  <1.0>}
x[4,1]{5  <0.27809204406739835>, 3  <0.5066441800475509>, 2  <0.21526377588505075>}
x[4,2]{0  <1.0>}
x[4,3]{1  <1.0>}
x[4,4]{6  <0.4369556757949116>, 3  <0.26862222125561985>, 2  <0.29442210294946863>}
x[4,5]{6  <0.07052857621843756>, 5  <0.7904317909336664>, 3  <0.139039632847896>}
x[4,6]{6  <0.20012356558319017>, 3  <0.08253192289272476>, 2  <0.7173445115240851>}
x[4,7]{4  <1.0>}
x[5,0]{5  <0.785251161988243>, 3  <0.21474883801175704>}
x[5,1]{6  <1.0>}
x[5,2]{5  <0.33558357247145987>, 3  <0.6644164275285401>}
x[5,3]{4  <1.0>}
x[5,4]{7  <1.0>}
x[5,5]{2  <1.0>}
x[5,6]{0  <1.0>}
x[5,7]{1  <1.0>}
x[6,0]{0  <1.0>}
x[6,1]{7  <0.10447398755119151>, 1  <0.8955260124488085>}
x[6,2]{2  <1.0>}
x[6,3]{3  <1.0>}
x[6,4]{5  <1.0>}
x[6,5]{7  <0.3334182903892709>, 4  <0.39220357283292695>, 6  <0.27437813677780215>}
x[6,6]{7  <0.27075335628322755>, 1  <0.037425173474897724>, 6  <0.28091715714262583>, 4  <0.41090431309924885>}
x[6,7]{7  <0.40180723090812037>, 6  <0.5981927690918796>}
x[7,0]{1  <1.0>}
x[7,1]{5  <0.6816917841430769>, 7  <0.15057379352759642>, 3  <0.1677344223293266>}
x[7,2]{5  <0.43677449720012557>, 7  <0.26358830422129914>, 3  <0.2996371985785754>}
x[7,3]{6  <1.0>}
x[7,4]{4  <1.0>}
x[7,5]{0  <1.0>}
x[7,6]{3  <0.6187158959170311>, 7  <0.38128410408296887>}
x[7,7]{2  <1.0>}
problem entropy = 0.0
smallest variable entropy = 1.7976931348623157E308
### branching on x[3,4]=3
### branching on x[0,4]=2
##### after BP iteration 1 #####
x[0,0]{6  <0.41447820395570606>, 5  <0.08415302096250199>, 4  <0.2958142146216272>, 3  <0.2055545604601647>}
x[0,1]{7  <0.5179538029405397>, 1  <0.24847805046402346>, 5  <0.04366186005936384>, 3  <0.18990628653607314>}
x[0,2]{7  <0.263489143496382>, 5  <0.03401420941749396>, 4  <0.6500269466176734>, 3  <0.05246970046845069>}
x[0,3]{0  <1.0>}
x[0,4]{2  <1.0>}
x[0,5]{7  <0.14018395363499636>, 6  <0.3673912520680487>, 5  <0.0425537431654279>, 3  <0.2329716169484623>, 4  <0.21689943418306473>}
x[0,6]{7  <0.0074728604422888804>, 1  <0.9352075613380929>, 6  <0.026913882663960734>, 3  <0.005566020624678715>, 4  <0.02483967493097868>}
x[0,7]{7  <0.2315648138231364>, 6  <0.33018142410897877>, 5  <0.4382537620678848>}
x[1,0]{2  <1.0>}
x[1,1]{4  <1.0>}
x[1,2]{6  <1.0>}
x[1,3]{7  <1.0>}
x[1,4]{0  <1.0>}
x[1,5]{1  <1.0>}
x[1,6]{5  <1.0>}
x[1,7]{3  <1.0>}
x[2,0]{3  <0.19907840594567616>, 6  <0.4601025344013928>, 4  <0.340819059652931>}
x[2,1]{0  <0.33225724828665054>, 7  <0.10345568861482707>, 2  <0.4955766232311192>, 3  <0.06871043986740322>}
x[2,2]{3  <0.054717047721178365>, 7  <0.26386978298680586>, 4  <0.6814131692920157>}
x[2,3]{5  <1.0>}
x[2,4]{1  <1.0>}
x[2,5]{6  <0.3583624504979816>, 7  <0.1333154847924178>, 4  <0.23517668910507117>, 3  <0.27314537560452934>}
x[2,6]{6  <0.19719910542380914>, 7  <0.14463887632484912>, 2  <0.40093404508347724>, 3  <0.08316920292973742>, 4  <0.17405877023812705>}
x[2,7]{0  <0.9370850693036555>, 7  <0.03481377020698512>, 6  <0.028101160489359275>}
x[3,0]{5  <0.16941379687076843>, 6  <0.17843145452638548>, 4  <0.6521547486028462>}
x[3,1]{0  <0.988570333418726>, 7  <0.007790128129176167>, 5  <0.0036395384520977654>}
x[3,2]{1  <1.0>}
x[3,3]{2  <1.0>}
x[3,4]{3  <1.0>}
x[3,5]{6  <0.2383991425677206>, 7  <0.28556831160942464>, 5  <0.15960257023815283>, 4  <0.3164299755847019>}
x[3,6]{6  <0.4622030864223003>, 7  <0.10059677709843415>, 4  <0.43720013647926553>}
x[3,7]{0  <0.5866022600680943>, 7  <0.13188977196332632>, 5  <0.20600662341818718>, 6  <0.07550134455039206>}
x[4,0]{7  <1.0>}
x[4,1]{5  <0.11685964384610496>, 3  <0.7383151864353775>, 2  <0.14482516971851755>}
x[4,2]{0  <1.0>}
x[4,3]{1  <1.0>}
x[4,4]{6  <1.0>}
x[4,5]{3  <0.3341655592221947>, 5  <0.6658344407778053>}
x[4,6]{2  <0.6029456052749457>, 3  <0.39705439472505427>}
x[4,7]{4  <1.0>}
x[5,0]{5  <0.5820194148070105>, 3  <0.41798058519298964>}
x[5,1]{6  <1.0>}
x[5,2]{5  <0.1741702546734542>, 3  <0.8258297453265457>}
x[5,3]{4  <1.0>}
x[5,4]{7  <1.0>}
x[5,5]{2  <1.0>}
x[5,6]{0  <1.0>}
x[5,7]{1  <1.0>}
x[6,0]{0  <1.0>}
x[6,1]{7  <0.01693479335596748>, 1  <0.9830652066440325>}
x[6,2]{2  <1.0>}
x[6,3]{3  <1.0>}
x[6,4]{5  <1.0>}
x[6,5]{7  <0.2298879981531534>, 4  <0.5692681201610896>, 6  <0.20084388168575718>}
x[6,6]{7  <0.0981870634714446>, 1  <0.05804792452697323>, 6  <0.2732305083325774>, 4  <0.5705345036690049>}
x[6,7]{7  <0.48169553502417656>, 6  <0.5183044649758234>}
x[7,0]{1  <1.0>}
x[7,1]{5  <0.5819767519586919>, 7  <0.2715463972529367>, 3  <0.14647685078837147>}
x[7,2]{5  <0.5420523513801535>, 7  <0.3164163774165401>, 3  <0.14153127120330647>}
x[7,3]{6  <1.0>}
x[7,4]{4  <1.0>}
x[7,5]{0  <1.0>}
x[7,6]{3  <0.4077373626840563>, 7  <0.5922626373159436>}
x[7,7]{2  <1.0>}
problem entropy = 0.0
smallest variable entropy = 1.7976931348623157E308
### branching on x[4,5]=3
##### after BP iteration 1 #####
x[0,0]{6  <0.1791654622418756>, 3  <0.7515605137580013>, 4  <0.06927402400012325>}
x[0,1]{7  <0.20506691334436117>, 1  <0.010490258964660408>, 3  <0.7844428276909785>}
x[0,2]{7  <0.5878336917125755>, 4  <0.4121663082874245>}
x[0,3]{0  <1.0>}
x[0,4]{2  <1.0>}
x[0,5]{7  <0.105914724405786>, 6  <0.24560572445285345>, 5  <0.5782087837949196>, 4  <0.070270767346441>}
x[0,6]{7  <0.012037173153631743>, 1  <0.9126678830170007>, 6  <0.024357044370777712>, 3  <0.03661864236085155>, 4  <0.014319257097738201>}
x[0,7]{7  <0.05064781348157682>, 6  <0.19351169359081238>, 5  <0.7558404929276109>}
x[1,0]{2  <1.0>}
x[1,1]{4  <1.0>}
x[1,2]{6  <1.0>}
x[1,3]{7  <1.0>}
x[1,4]{0  <1.0>}
x[1,5]{1  <1.0>}
x[1,6]{5  <1.0>}
x[1,7]{3  <1.0>}
x[2,0]{3  <0.8681837381326138>, 6  <0.09706532645732169>, 4  <0.03475093541006453>}
x[2,1]{2  <1.0>}
x[2,2]{4  <0.1988010216849277>, 7  <0.8011989783150723>}
x[2,3]{5  <1.0>}
x[2,4]{1  <1.0>}
x[2,5]{6  <0.35954665951311526>, 7  <0.40151740228969035>, 4  <0.23893593819719433>}
x[2,6]{6  <0.21190883098645621>, 7  <0.15353015846059542>, 4  <0.08563473294275098>, 3  <0.5489262776101973>}
x[2,7]{0  <1.0>}
x[3,0]{4  <0.6388438891924448>, 6  <0.3611561108075551>}
x[3,1]{0  <1.0>}
x[3,2]{1  <1.0>}
x[3,3]{2  <1.0>}
x[3,4]{3  <1.0>}
x[3,5]{6  <0.01936269359930512>, 7  <0.13236508361407828>, 5  <0.8402984691242182>, 4  <0.007973753662398424>}
x[3,6]{6  <0.48175439447845014>, 7  <0.3861252706850886>, 4  <0.1321203348364613>}
x[3,7]{6  <0.034481286343526554>, 7  <0.1430628116123049>, 5  <0.8224559020441685>}
x[4,0]{7  <1.0>}
x[4,1]{5  <1.0>}
x[4,2]{0  <1.0>}
x[4,3]{1  <1.0>}
x[4,4]{6  <1.0>}
x[4,5]{3  <1.0>}
x[4,6]{2  <1.0>}
x[4,7]{4  <1.0>}
x[5,0]{5  <1.0>}
x[5,1]{6  <1.0>}
x[5,2]{3  <1.0>}
x[5,3]{4  <1.0>}
x[5,4]{7  <1.0>}
x[5,5]{2  <1.0>}
x[5,6]{0  <1.0>}
x[5,7]{1  <1.0>}
x[6,0]{0  <1.0>}
x[6,1]{7  <0.12776862427838853>, 1  <0.8722313757216114>}
x[6,2]{2  <1.0>}
x[6,3]{3  <1.0>}
x[6,4]{5  <1.0>}
x[6,5]{7  <0.42715055955229125>, 4  <0.3887942698848216>, 6  <0.18405517056288714>}
x[6,6]{7  <0.2853146464635518>, 1  <0.041729960426121204>, 6  <0.28564162873417276>, 4  <0.38731376437615417>}
x[6,7]{7  <0.6497159251321706>, 6  <0.3502840748678294>}
x[7,0]{1  <1.0>}
x[7,1]{3  <0.6236109301810278>, 7  <0.3763890698189723>}
x[7,2]{5  <1.0>}
x[7,3]{6  <1.0>}
x[7,4]{4  <1.0>}
x[7,5]{0  <1.0>}
x[7,6]{3  <0.8297487500016579>, 7  <0.17025124999834204>}
x[7,7]{2  <1.0>}
problem entropy = 0.0
smallest variable entropy = 1.7976931348623157E308
### branching on x[0,2]=7
##### after BP iteration 1 #####
x[0,0]{6  <0.25552637038159226>, 3  <0.0017098277760310091>, 4  <0.7427638018423768>}
x[0,1]{3  <0.8823017071240156>, 1  <0.11769829287598439>}
x[0,2]{7  <1.0>}
x[0,3]{0  <1.0>}
x[0,4]{2  <1.0>}
x[0,5]{4  <0.5299305428679205>, 6  <0.2014343441080252>, 5  <0.26863511302405435>}
x[0,6]{4  <0.02152653069541094>, 1  <0.9758515677624001>, 6  <0.0018687229122399851>, 3  <7.531786299490573E-4>}
x[0,7]{5  <0.21870391689820914>, 6  <0.7812960831017908>}
x[1,0]{2  <1.0>}
x[1,1]{4  <1.0>}
x[1,2]{6  <1.0>}
x[1,3]{7  <1.0>}
x[1,4]{0  <1.0>}
x[1,5]{1  <1.0>}
x[1,6]{5  <1.0>}
x[1,7]{3  <1.0>}
x[2,0]{3  <0.57894334783762>, 6  <0.4210566521623799>}
x[2,1]{2  <1.0>}
x[2,2]{4  <1.0>}
x[2,3]{5  <1.0>}
x[2,4]{1  <1.0>}
x[2,5]{6  <0.4040570249002698>, 7  <0.5959429750997302>}
x[2,6]{6  <0.5550880359960971>, 7  <0.3282550444832952>, 3  <0.11665691952060767>}
x[2,7]{0  <1.0>}
x[3,0]{4  <0.852606432809437>, 6  <0.14739356719056293>}
x[3,1]{0  <1.0>}
x[3,2]{1  <1.0>}
x[3,3]{2  <1.0>}
x[3,4]{3  <1.0>}
x[3,5]{6  <0.13346906720935853>, 7  <0.35220346660645735>, 5  <0.3744483124465239>, 4  <0.1398791537376602>}
x[3,6]{6  <0.4498315805797629>, 7  <0.2274057709030323>, 4  <0.3227626485172048>}
x[3,7]{6  <0.391710476084222>, 7  <0.546897070444525>, 5  <0.06139245347125312>}
x[4,0]{7  <1.0>}
x[4,1]{5  <1.0>}
x[4,2]{0  <1.0>}
x[4,3]{1  <1.0>}
x[4,4]{6  <1.0>}
x[4,5]{3  <1.0>}
x[4,6]{2  <1.0>}
x[4,7]{4  <1.0>}
x[5,0]{5  <1.0>}
x[5,1]{6  <1.0>}
x[5,2]{3  <1.0>}
x[5,3]{4  <1.0>}
x[5,4]{7  <1.0>}
x[5,5]{2  <1.0>}
x[5,6]{0  <1.0>}
x[5,7]{1  <1.0>}
x[6,0]{0  <1.0>}
x[6,1]{7  <0.03917723019902558>, 1  <0.9608227698009744>}
x[6,2]{2  <1.0>}
x[6,3]{3  <1.0>}
x[6,4]{5  <1.0>}
x[6,5]{7  <0.07140389795993446>, 4  <0.8585228216889592>, 6  <0.07007328035110624>}
x[6,6]{7  <0.04395450123955213>, 1  <0.06110408786784255>, 6  <0.11903929702333715>, 4  <0.7759021138692681>}
x[6,7]{7  <0.4491651366708273>, 6  <0.5508348633291726>}
x[7,0]{1  <1.0>}
x[7,1]{3  <0.016791378599788357>, 7  <0.9832086214002117>}
x[7,2]{5  <1.0>}
x[7,3]{6  <1.0>}
x[7,4]{4  <1.0>}
x[7,5]{0  <1.0>}
x[7,6]{3  <0.4075144012320023>, 7  <0.5924855987679977>}
x[7,7]{2  <1.0>}
problem entropy = 0.0
smallest variable entropy = 1.7976931348623157E308
### branching on x[0,1]=1
##### after BP iteration 1 #####
x[0,0]{4  <0.056625373186888955>, 3  <0.9433746268131111>}
x[0,1]{1  <1.0>}
x[0,2]{7  <1.0>}
x[0,3]{0  <1.0>}
x[0,4]{2  <1.0>}
x[0,5]{6  <1.0>}
x[0,6]{4  <0.16511258115334773>, 3  <0.8348874188466523>}
x[0,7]{5  <1.0>}
x[1,0]{2  <1.0>}
x[1,1]{4  <1.0>}
x[1,2]{6  <1.0>}
x[1,3]{7  <1.0>}
x[1,4]{0  <1.0>}
x[1,5]{1  <1.0>}
x[1,6]{5  <1.0>}
x[1,7]{3  <1.0>}
x[2,0]{3  <0.9911039189246486>, 6  <0.008896081075351411>}
x[2,1]{2  <1.0>}
x[2,2]{4  <1.0>}
x[2,3]{5  <1.0>}
x[2,4]{1  <1.0>}
x[2,5]{7  <1.0>}
x[2,6]{6  <0.1792712776078645>, 3  <0.8207287223921353>}
x[2,7]{0  <1.0>}
x[3,0]{4  <0.003776968797411171>, 6  <0.9962230312025888>}
x[3,1]{0  <1.0>}
x[3,2]{1  <1.0>}
x[3,3]{2  <1.0>}
x[3,4]{3  <1.0>}
x[3,5]{5  <1.0>}
x[3,6]{6  <0.6987252850926614>, 4  <0.3012747149073386>}
x[3,7]{7  <1.0>}
x[4,0]{7  <1.0>}
x[4,1]{5  <1.0>}
x[4,2]{0  <1.0>}
x[4,3]{1  <1.0>}
x[4,4]{6  <1.0>}
x[4,5]{3  <1.0>}
x[4,6]{2  <1.0>}
x[4,7]{4  <1.0>}
x[5,0]{5  <1.0>}
x[5,1]{6  <1.0>}
x[5,2]{3  <1.0>}
x[5,3]{4  <1.0>}
x[5,4]{7  <1.0>}
x[5,5]{2  <1.0>}
x[5,6]{0  <1.0>}
x[5,7]{1  <1.0>}
x[6,0]{0  <1.0>}
x[6,1]{7  <1.0>}
x[6,2]{2  <1.0>}
x[6,3]{3  <1.0>}
x[6,4]{5  <1.0>}
x[6,5]{4  <1.0>}
x[6,6]{1  <1.0>}
x[6,7]{6  <1.0>}
x[7,0]{1  <1.0>}
x[7,1]{3  <1.0>}
x[7,2]{5  <1.0>}
x[7,3]{6  <1.0>}
x[7,4]{4  <1.0>}
x[7,5]{0  <1.0>}
x[7,6]{7  <1.0>}
x[7,7]{2  <1.0>}
problem entropy = 0.0
smallest variable entropy = 1.7976931348623157E308
### branching on x[0,0]=3
##### after BP iteration 1 #####
x[0,0]{3  <1.0>}
x[0,1]{1  <1.0>}
x[0,2]{7  <1.0>}
x[0,3]{0  <1.0>}
x[0,4]{2  <1.0>}
x[0,5]{6  <1.0>}
x[0,6]{4  <1.0>}
x[0,7]{5  <1.0>}
x[1,0]{2  <1.0>}
x[1,1]{4  <1.0>}
x[1,2]{6  <1.0>}
x[1,3]{7  <1.0>}
x[1,4]{0  <1.0>}
x[1,5]{1  <1.0>}
x[1,6]{5  <1.0>}
x[1,7]{3  <1.0>}
x[2,0]{6  <1.0>}
x[2,1]{2  <1.0>}
x[2,2]{4  <1.0>}
x[2,3]{5  <1.0>}
x[2,4]{1  <1.0>}
x[2,5]{7  <1.0>}
x[2,6]{3  <1.0>}
x[2,7]{0  <1.0>}
x[3,0]{4  <1.0>}
x[3,1]{0  <1.0>}
x[3,2]{1  <1.0>}
x[3,3]{2  <1.0>}
x[3,4]{3  <1.0>}
x[3,5]{5  <1.0>}
x[3,6]{6  <1.0>}
x[3,7]{7  <1.0>}
x[4,0]{7  <1.0>}
x[4,1]{5  <1.0>}
x[4,2]{0  <1.0>}
x[4,3]{1  <1.0>}
x[4,4]{6  <1.0>}
x[4,5]{3  <1.0>}
x[4,6]{2  <1.0>}
x[4,7]{4  <1.0>}
x[5,0]{5  <1.0>}
x[5,1]{6  <1.0>}
x[5,2]{3  <1.0>}
x[5,3]{4  <1.0>}
x[5,4]{7  <1.0>}
x[5,5]{2  <1.0>}
x[5,6]{0  <1.0>}
x[5,7]{1  <1.0>}
x[6,0]{0  <1.0>}
x[6,1]{7  <1.0>}
x[6,2]{2  <1.0>}
x[6,3]{3  <1.0>}
x[6,4]{5  <1.0>}
x[6,5]{4  <1.0>}
x[6,6]{1  <1.0>}
x[6,7]{6  <1.0>}
x[7,0]{1  <1.0>}
x[7,1]{3  <1.0>}
x[7,2]{5  <1.0>}
x[7,3]{6  <1.0>}
x[7,4]{4  <1.0>}
x[7,5]{0  <1.0>}
x[7,6]{7  <1.0>}
x[7,7]{2  <1.0>}
problem entropy = 0.0
smallest variable entropy = 1.7976931348623157E308
### branching on x[0,0]!=3
##### after BP iteration 1 #####
x[0,0]{4  <1.0>}
x[0,1]{1  <1.0>}
x[0,2]{7  <1.0>}
x[0,3]{0  <1.0>}
x[0,4]{2  <1.0>}
x[0,5]{6  <1.0>}
x[0,6]{3  <1.0>}
x[0,7]{5  <1.0>}
x[1,0]{2  <1.0>}
x[1,1]{4  <1.0>}
x[1,2]{6  <1.0>}
x[1,3]{7  <1.0>}
x[1,4]{0  <1.0>}
x[1,5]{1  <1.0>}
x[1,6]{5  <1.0>}
x[1,7]{3  <1.0>}
x[2,0]{3  <1.0>}
x[2,1]{2  <1.0>}
x[2,2]{4  <1.0>}
x[2,3]{5  <1.0>}
x[2,4]{1  <1.0>}
x[2,5]{7  <1.0>}
x[2,6]{6  <1.0>}
x[2,7]{0  <1.0>}
x[3,0]{6  <1.0>}
x[3,1]{0  <1.0>}
x[3,2]{1  <1.0>}
x[3,3]{2  <1.0>}
x[3,4]{3  <1.0>}
x[3,5]{5  <1.0>}
x[3,6]{4  <1.0>}
x[3,7]{7  <1.0>}
x[4,0]{7  <1.0>}
x[4,1]{5  <1.0>}
x[4,2]{0  <1.0>}
x[4,3]{1  <1.0>}
x[4,4]{6  <1.0>}
x[4,5]{3  <1.0>}
x[4,6]{2  <1.0>}
x[4,7]{4  <1.0>}
x[5,0]{5  <1.0>}
x[5,1]{6  <1.0>}
x[5,2]{3  <1.0>}
x[5,3]{4  <1.0>}
x[5,4]{7  <1.0>}
x[5,5]{2  <1.0>}
x[5,6]{0  <1.0>}
x[5,7]{1  <1.0>}
x[6,0]{0  <1.0>}
x[6,1]{7  <1.0>}
x[6,2]{2  <1.0>}
x[6,3]{3  <1.0>}
x[6,4]{5  <1.0>}
x[6,5]{4  <1.0>}
x[6,6]{1  <1.0>}
x[6,7]{6  <1.0>}
x[7,0]{1  <1.0>}
x[7,1]{3  <1.0>}
x[7,2]{5  <1.0>}
x[7,3]{6  <1.0>}
x[7,4]{4  <1.0>}
x[7,5]{0  <1.0>}
x[7,6]{7  <1.0>}
x[7,7]{2  <1.0>}
problem entropy = 0.0
smallest variable entropy = 1.7976931348623157E308

	#choice: 9
	#fail: 0
	execution time (ms): 81
	#sols : 1
	completed : false

