{7  <1.0>, 1  <1.0>, 2  <1.0>, 4  <1.0>}
model: sum-product-no-init
FINAL DAMPING FACTOR = 1.0
##### after BP iteration 1 #####
x[0,0]{7  <0.44519178144553856>, 1  <0.5548082185544615>, 4  <4.95699312661785E-58>}
x[0,1]{6  <1.0>}
x[0,2]{2  <1.0>}
x[0,3]{4  <1.0>, 3  <3.3639573213138686E-57>}
x[0,4]{5  <1.0>}
x[0,5]{7  <3.398156508938919E-53>, 3  <1.0>}
x[0,6]{0  <1.0>}
x[0,7]{7  <0.992703641729992>, 1  <0.007296358270007862>}
x[1,0]{0  <1.0>}
x[1,1]{3  <1.0>}
x[1,2]{6  <1.0>}
x[1,3]{2  <0.6903842262735206>, 5  <0.30961577372647936>}
x[1,4]{1  <1.0>}
x[1,5]{7  <0.990878962220965>, 5  <0.006316135454991168>, 2  <0.0028049023240436797>}
x[1,6]{4  <1.0>}
x[1,7]{7  <0.0010871791950412826>, 5  <0.600554308558141>, 2  <0.39835851224681773>}
x[2,0]{2  <1.0>}
x[2,1]{5  <1.0>}
x[2,2]{7  <1.0>}
x[2,3]{3  <1.0>, 6  <2.1961627800927783E-59>}
x[2,4]{4  <1.0>}
x[2,5]{1  <1.0>}
x[2,6]{3  <1.8674795029669108E-56>, 6  <1.0>}
x[2,7]{0  <1.0>}
x[3,0]{3  <1.0>}
x[3,1]{0  <1.0>}
x[3,2]{1  <1.0>}
x[3,3]{2  <0.4676932352437046>, 5  <0.5323067647562953>}
x[3,4]{6  <1.0>}
x[3,5]{4  <1.0>}
x[3,6]{7  <0.9968669527859522>, 5  <7.502085793551378E-4>, 2  <0.0023828386346928165>}
x[3,7]{7  <5.473263896661007E-4>, 5  <0.302087682683037>, 2  <0.6973649909272969>}
x[4,0]{5  <0.11785563920051637>, 1  <0.8821443607994837>}
x[4,1]{2  <1.0>}
x[4,2]{4  <1.0>}
x[4,3]{0  <1.0>}
x[4,4]{7  <1.0>}
x[4,5]{6  <1.0>}
x[4,6]{5  <0.21424335712323453>, 1  <0.7857566428767655>}
x[4,7]{3  <1.0>}
x[5,0]{5  <0.3499242255731042>, 7  <0.6500757744268959>}
x[5,1]{4  <1.0>}
x[5,2]{0  <0.9926408554213397>, 5  <0.007359144578660274>}
x[5,3]{1  <1.0>}
x[5,4]{3  <1.0>}
x[5,5]{0  <0.08524821138303158>, 5  <0.5467926475635942>, 2  <0.23265301368745372>, 7  <0.13530612736592046>}
x[5,6]{5  <0.20651248669544142>, 7  <0.05692337189621996>, 2  <0.7365641414083386>}
x[5,7]{6  <1.0>}
x[6,0]{5  <6.448929384008224E-62>, 1  <1.4471206150199204E-61>, 4  <1.0>}
x[6,1]{7  <1.0>}
x[6,2]{3  <1.0>}
x[6,3]{6  <1.0>, 4  <2.335934096964676E-60>}
x[6,4]{0  <1.0>}
x[6,5]{5  <0.1894991888134712>, 2  <0.8105008111865288>}
x[6,6]{5  <0.7427204477302654>, 1  <0.06884114316374183>, 2  <0.1884384091059928>, 6  <2.304006575562709E-56>}
x[6,7]{5  <0.0028303729441608964>, 1  <0.9951360450082934>, 2  <0.002033582047545651>}
x[7,0]{6  <1.0>}
x[7,1]{1  <1.0>}
x[7,2]{0  <0.030497301164396574>, 5  <0.9695026988356034>}
x[7,3]{7  <1.0>}
x[7,4]{2  <1.0>}
x[7,5]{0  <0.9736067676777282>, 3  <2.925191794482175E-47>, 5  <0.026393232322271757>}
x[7,6]{3  <1.0>, 5  <9.063701275058828E-49>}
x[7,7]{4  <1.0>}
problem entropy = 0.35149746733359477
smallest variable entropy = 2.935874676174811E-59
### branching on x[0,3]=4 marginal=1.0
##### after BP iteration 1 #####
x[0,0]{7  <0.7918011534389617>, 1  <0.20819884656103826>}
x[0,1]{6  <1.0>}
x[0,2]{2  <1.0>}
x[0,3]{4  <1.0>}
x[0,4]{5  <1.0>}
x[0,5]{3  <1.0>}
x[0,6]{0  <1.0>}
x[0,7]{7  <0.9915032002011955>, 1  <0.00849679979880443>}
x[1,0]{0  <1.0>}
x[1,1]{3  <1.0>}
x[1,2]{6  <1.0>}
x[1,3]{2  <0.49879624060226785>, 5  <0.5012037593977321>}
x[1,4]{1  <1.0>}
x[1,5]{7  <0.9989348027458615>, 5  <8.125832052122056E-4>, 2  <2.5261404892626117E-4>}
x[1,6]{4  <1.0>}
x[1,7]{7  <1.387080489348346E-4>, 5  <0.7250375829489925>, 2  <0.2748237090020728>}
x[2,0]{2  <1.0>}
x[2,1]{5  <1.0>}
x[2,2]{7  <1.0>}
x[2,3]{3  <1.0>}
x[2,4]{4  <1.0>}
x[2,5]{1  <1.0>}
x[2,6]{6  <1.0>}
x[2,7]{0  <1.0>}
x[3,0]{3  <1.0>}
x[3,1]{0  <1.0>}
x[3,2]{1  <1.0>}
x[3,3]{2  <0.33890142124952505>, 5  <0.661098578750475>}
x[3,4]{6  <1.0>}
x[3,5]{4  <1.0>}
x[3,6]{7  <0.9993961379294511>, 5  <1.9441591235743767E-4>, 2  <4.094461581914442E-4>}
x[3,7]{7  <5.68993408446838E-5>, 5  <0.3670355220854903>, 2  <0.632907578573665>}
x[4,0]{5  <0.1189114097756386>, 1  <0.8810885902243614>}
x[4,1]{2  <1.0>}
x[4,2]{4  <1.0>}
x[4,3]{0  <1.0>}
x[4,4]{7  <1.0>}
x[4,5]{6  <1.0>}
x[4,6]{5  <0.30212121690624555>, 1  <0.6978787830937545>}
x[4,7]{3  <1.0>}
x[5,0]{5  <0.9726193230899417>, 7  <0.02738067691005823>}
x[5,1]{4  <1.0>}
x[5,2]{0  <0.977320772722506>, 5  <0.02267922727749411>}
x[5,3]{1  <1.0>}
x[5,4]{3  <1.0>}
x[5,5]{0  <0.0058483095134776696>, 5  <0.6698633306713331>, 2  <0.2599586714974188>, 7  <0.06432968831777036>}
x[5,6]{5  <0.19016160988352684>, 7  <0.02376333279210327>, 2  <0.7860750573243699>}
x[5,7]{6  <1.0>}
x[6,0]{4  <1.0>}
x[6,1]{7  <1.0>}
x[6,2]{3  <1.0>}
x[6,3]{6  <1.0>}
x[6,4]{0  <1.0>}
x[6,5]{5  <0.20517101784369005>, 2  <0.7948289821563099>}
x[6,6]{5  <0.7931306281477523>, 1  <0.005133637367509714>, 2  <0.20173573448473797>}
x[6,7]{5  <5.427043473941648E-4>, 1  <0.9992595596504823>, 2  <1.977360021235789E-4>}
x[7,0]{6  <1.0>}
x[7,1]{1  <1.0>}
x[7,2]{0  <0.0225017365533163>, 5  <0.9774982634466837>}
x[7,3]{7  <1.0>}
x[7,4]{2  <1.0>}
x[7,5]{0  <0.9276014570477328>, 5  <0.07239854295226718>}
x[7,6]{3  <1.0>}
x[7,7]{4  <1.0>}
problem entropy = 0.4483160799352739
smallest variable entropy = 0.005459031743775966
##### after BP iteration 2 #####
x[0,0]{7  <0.06129276113159396>, 1  <0.938707238868406>}
x[0,1]{6  <1.0>}
x[0,2]{2  <1.0>}
x[0,3]{4  <1.0>}
x[0,4]{5  <1.0>}
x[0,5]{3  <1.0>}
x[0,6]{0  <1.0>}
x[0,7]{7  <0.9237404222999966>, 1  <0.07625957770000345>}
x[1,0]{0  <1.0>}
x[1,1]{3  <1.0>}
x[1,2]{6  <1.0>}
x[1,3]{2  <0.6977226621957311>, 5  <0.3022773378042689>}
x[1,4]{1  <1.0>}
x[1,5]{7  <0.999055783481668>, 5  <6.65952753688433E-4>, 2  <2.78263764643453E-4>}
x[1,6]{4  <1.0>}
x[1,7]{7  <0.004323366354336459>, 5  <0.5298780715235225>, 2  <0.465798562122141>}
x[2,0]{2  <1.0>}
x[2,1]{5  <1.0>}
x[2,2]{7  <1.0>}
x[2,3]{3  <1.0>}
x[2,4]{4  <1.0>}
x[2,5]{1  <1.0>}
x[2,6]{6  <1.0>}
x[2,7]{0  <1.0>}
x[3,0]{3  <1.0>}
x[3,1]{0  <1.0>}
x[3,2]{1  <1.0>}
x[3,3]{2  <0.398742114083853>, 5  <0.6012578859161472>}
x[3,4]{6  <1.0>}
x[3,5]{4  <1.0>}
x[3,6]{7  <0.9995786342491229>, 5  <1.0389910000034573E-4>, 2  <3.1746665087676213E-4>}
x[3,7]{7  <0.002384417976784405>, 5  <0.30881263942832066>, 2  <0.688802942594895>}
x[4,0]{5  <0.8463819953196925>, 1  <0.15361800468030756>}
x[4,1]{2  <1.0>}
x[4,2]{4  <1.0>}
x[4,3]{0  <1.0>}
x[4,4]{7  <1.0>}
x[4,5]{6  <1.0>}
x[4,6]{5  <0.13113010248128398>, 1  <0.868869897518716>}
x[4,7]{3  <1.0>}
x[5,0]{5  <0.11116521598289528>, 7  <0.8888347840171047>}
x[5,1]{4  <1.0>}
x[5,2]{0  <0.9978256448766963>, 5  <0.0021743551233035685>}
x[5,3]{1  <1.0>}
x[5,4]{3  <1.0>}
x[5,5]{0  <0.008460615374071235>, 5  <0.2689611580629961>, 2  <0.667731109250384>, 7  <0.054847117312548654>}
x[5,6]{5  <0.025168691534523786>, 7  <0.011008518987834873>, 2  <0.9638227894776414>}
x[5,7]{6  <1.0>}
x[6,0]{4  <1.0>}
x[6,1]{7  <1.0>}
x[6,2]{3  <1.0>}
x[6,3]{6  <1.0>}
x[6,4]{0  <1.0>}
x[6,5]{5  <0.28919711337074827>, 2  <0.7108028866292517>}
x[6,6]{5  <0.7791789912396917>, 1  <0.005211435377711408>, 2  <0.21560957338259681>}
x[6,7]{5  <0.0012333802441848803>, 1  <0.997911200590885>, 2  <8.554191649300677E-4>}
x[7,0]{6  <1.0>}
x[7,1]{1  <1.0>}
x[7,2]{0  <0.05444214738754915>, 5  <0.9455578526124508>}
x[7,3]{7  <1.0>}
x[7,4]{2  <1.0>}
x[7,5]{0  <0.9941449563558061>, 5  <0.005855043644193925>}
x[7,6]{3  <1.0>}
x[7,7]{4  <1.0>}
problem entropy = 0.4220089045081646
smallest variable entropy = 0.003931486507367681
##### after BP iteration 3 #####
x[0,0]{7  <9.114799534376989E-4>, 1  <0.9990885200465623>}
x[0,1]{6  <1.0>}
x[0,2]{2  <1.0>}
x[0,3]{4  <1.0>}
x[0,4]{5  <1.0>}
x[0,5]{3  <1.0>}
x[0,6]{0  <1.0>}
x[0,7]{7  <0.9318784142969596>, 1  <0.06812158570304042>}
x[1,0]{0  <1.0>}
x[1,1]{3  <1.0>}
x[1,2]{6  <1.0>}
x[1,3]{2  <0.6340540390607771>, 5  <0.365945960939223>}
x[1,4]{1  <1.0>}
x[1,5]{7  <0.8408466432902236>, 5  <0.11476837185031658>, 2  <0.04438498485945977>}
x[1,6]{4  <1.0>}
x[1,7]{7  <0.3312839771747874>, 5  <0.4273412061995888>, 2  <0.24137481662562366>}
x[2,0]{2  <1.0>}
x[2,1]{5  <1.0>}
x[2,2]{7  <1.0>}
x[2,3]{3  <1.0>}
x[2,4]{4  <1.0>}
x[2,5]{1  <1.0>}
x[2,6]{6  <1.0>}
x[2,7]{0  <1.0>}
x[3,0]{3  <1.0>}
x[3,1]{0  <1.0>}
x[3,2]{1  <1.0>}
x[3,3]{2  <0.27460557731637336>, 5  <0.7253944226836266>}
x[3,4]{6  <1.0>}
x[3,5]{4  <1.0>}
x[3,6]{7  <0.9520250977750162>, 5  <0.017948554375192816>, 2  <0.030026347849790976>}
x[3,7]{7  <0.1626905333560593>, 5  <0.3966094597992491>, 2  <0.4407000068446917>}
x[4,0]{5  <0.9996921368505275>, 1  <3.078631494724893E-4>}
x[4,1]{2  <1.0>}
x[4,2]{4  <1.0>}
x[4,3]{0  <1.0>}
x[4,4]{7  <1.0>}
x[4,5]{6  <1.0>}
x[4,6]{5  <0.0026698663393272515>, 1  <0.9973301336606727>}
x[4,7]{3  <1.0>}
x[5,0]{5  <1.3135471254827253E-4>, 7  <0.9998686452874517>}
x[5,1]{4  <1.0>}
x[5,2]{0  <0.9366455367191807>, 5  <0.06335446328081938>}
x[5,3]{1  <1.0>}
x[5,4]{3  <1.0>}
x[5,5]{0  <0.01807832555053788>, 5  <0.7853408020222407>, 2  <0.19518986085061735>, 7  <0.0013910115766040214>}
x[5,6]{5  <0.18151917212125285>, 7  <4.7143142559761213E-4>, 2  <0.8180093964531495>}
x[5,7]{6  <1.0>}
x[6,0]{4  <1.0>}
x[6,1]{7  <1.0>}
x[6,2]{3  <1.0>}
x[6,3]{6  <1.0>}
x[6,4]{0  <1.0>}
x[6,5]{5  <0.7171271591752768>, 2  <0.28287284082472314>}
x[6,6]{5  <0.8888696980111402>, 1  <0.07077500944112985>, 2  <0.040355292547729925>}
x[6,7]{5  <0.46773083537829574>, 1  <0.27050391287530495>, 2  <0.26176525174639914>}
x[7,0]{6  <1.0>}
x[7,1]{1  <1.0>}
x[7,2]{0  <5.572038885364402E-4>, 5  <0.9994427961114636>}
x[7,3]{7  <1.0>}
x[7,4]{2  <1.0>}
x[7,5]{0  <0.9955643504836926>, 5  <0.004435649516307266>}
x[7,6]{3  <1.0>}
x[7,7]{4  <1.0>}
problem entropy = 0.43426264571259954
smallest variable entropy = 0.0013053431678359346
### branching on x[5,0]=7 marginal=0.9998686452874517
##### after BP iteration 1 #####
x[0,0]{1  <1.0>}
x[0,1]{6  <1.0>}
x[0,2]{2  <1.0>}
x[0,3]{4  <1.0>}
x[0,4]{5  <1.0>}
x[0,5]{3  <1.0>}
x[0,6]{0  <1.0>}
x[0,7]{7  <1.0>}
x[1,0]{0  <1.0>}
x[1,1]{3  <1.0>}
x[1,2]{6  <1.0>}
x[1,3]{2  <0.6695465226855599>, 5  <0.33045347731444014>}
x[1,4]{1  <1.0>}
x[1,5]{7  <1.0>}
x[1,6]{4  <1.0>}
x[1,7]{2  <0.39874211408385285>, 5  <0.6012578859161472>}
x[2,0]{2  <1.0>}
x[2,1]{5  <1.0>}
x[2,2]{7  <1.0>}
x[2,3]{3  <1.0>}
x[2,4]{4  <1.0>}
x[2,5]{1  <1.0>}
x[2,6]{6  <1.0>}
x[2,7]{0  <1.0>}
x[3,0]{3  <1.0>}
x[3,1]{0  <1.0>}
x[3,2]{1  <1.0>}
x[3,3]{2  <0.4392142055856138>, 5  <0.5607857944143861>}
x[3,4]{6  <1.0>}
x[3,5]{4  <1.0>}
x[3,6]{7  <1.0>}
x[3,7]{2  <0.697722662195731>, 5  <0.30227733780426885>}
x[4,0]{5  <1.0>}
x[4,1]{2  <1.0>}
x[4,2]{4  <1.0>}
x[4,3]{0  <1.0>}
x[4,4]{7  <1.0>}
x[4,5]{6  <1.0>}
x[4,6]{1  <1.0>}
x[4,7]{3  <1.0>}
x[5,0]{7  <1.0>}
x[5,1]{4  <1.0>}
x[5,2]{0  <0.9958395119138894>, 5  <0.004160488086110628>}
x[5,3]{1  <1.0>}
x[5,4]{3  <1.0>}
x[5,5]{0  <0.04337709959261308>, 5  <0.7533787536221955>, 2  <0.20324414678519134>}
x[5,6]{5  <0.2860764433444424>, 2  <0.7139235566555577>}
x[5,7]{6  <1.0>}
x[6,0]{4  <1.0>}
x[6,1]{7  <1.0>}
x[6,2]{3  <1.0>}
x[6,3]{6  <1.0>}
x[6,4]{0  <1.0>}
x[6,5]{5  <0.02489392558303368>, 2  <0.9751060744169663>}
x[6,6]{5  <0.32411965491987826>, 2  <0.6758803450801217>}
x[6,7]{1  <1.0>}
x[7,0]{6  <1.0>}
x[7,1]{1  <1.0>}
x[7,2]{0  <0.005206854919252836>, 5  <0.9947931450807471>}
x[7,3]{7  <1.0>}
x[7,4]{2  <1.0>}
x[7,5]{0  <0.9981308795743389>, 5  <0.0018691204256611155>}
x[7,6]{3  <1.0>}
x[7,7]{4  <1.0>}
problem entropy = 0.583440948395554
smallest variable entropy = 0.013609724079253016
##### after BP iteration 2 #####
x[0,0]{1  <1.0>}
x[0,1]{6  <1.0>}
x[0,2]{2  <1.0>}
x[0,3]{4  <1.0>}
x[0,4]{5  <1.0>}
x[0,5]{3  <1.0>}
x[0,6]{0  <1.0>}
x[0,7]{7  <1.0>}
x[1,0]{0  <1.0>}
x[1,1]{3  <1.0>}
x[1,2]{6  <1.0>}
x[1,3]{2  <0.5263287045004781>, 5  <0.47367129549952186>}
x[1,4]{1  <1.0>}
x[1,5]{7  <1.0>}
x[1,6]{4  <1.0>}
x[1,7]{2  <0.2746055773163733>, 5  <0.7253944226836267>}
x[2,0]{2  <1.0>}
x[2,1]{5  <1.0>}
x[2,2]{7  <1.0>}
x[2,3]{3  <1.0>}
x[2,4]{4  <1.0>}
x[2,5]{1  <1.0>}
x[2,6]{6  <1.0>}
x[2,7]{0  <1.0>}
x[3,0]{3  <1.0>}
x[3,1]{0  <1.0>}
x[3,2]{1  <1.0>}
x[3,3]{2  <0.3609526441520808>, 5  <0.6390473558479193>}
x[3,4]{6  <1.0>}
x[3,5]{4  <1.0>}
x[3,6]{7  <1.0>}
x[3,7]{2  <0.634054039060777>, 5  <0.36594596093922305>}
x[4,0]{5  <1.0>}
x[4,1]{2  <1.0>}
x[4,2]{4  <1.0>}
x[4,3]{0  <1.0>}
x[4,4]{7  <1.0>}
x[4,5]{6  <1.0>}
x[4,6]{1  <1.0>}
x[4,7]{3  <1.0>}
x[5,0]{7  <1.0>}
x[5,1]{4  <1.0>}
x[5,2]{0  <0.9964983212303477>, 5  <0.00350167876965239>}
x[5,3]{1  <1.0>}
x[5,4]{3  <1.0>}
x[5,5]{0  <5.33017990988167E-4>, 5  <0.9560611514937217>, 2  <0.04340583051529013>}
x[5,6]{5  <0.7126727266321474>, 2  <0.2873272733678525>}
x[5,7]{6  <1.0>}
x[6,0]{4  <1.0>}
x[6,1]{7  <1.0>}
x[6,2]{3  <1.0>}
x[6,3]{6  <1.0>}
x[6,4]{0  <1.0>}
x[6,5]{5  <0.18138912777715252>, 2  <0.8186108722228475>}
x[6,6]{5  <0.8161099659944665>, 2  <0.18389003400553344>}
x[6,7]{1  <1.0>}
x[7,0]{6  <1.0>}
x[7,1]{1  <1.0>}
x[7,2]{0  <0.013838737234566004>, 5  <0.986161262765434>}
x[7,3]{7  <1.0>}
x[7,4]{2  <1.0>}
x[7,5]{0  <0.9392470272277165>, 5  <0.060752972772283524>}
x[7,6]{3  <1.0>}
x[7,7]{4  <1.0>}
problem entropy = 0.6008967294180166
smallest variable entropy = 0.02329582806785445
##### after BP iteration 3 #####
x[0,0]{1  <1.0>}
x[0,1]{6  <1.0>}
x[0,2]{2  <1.0>}
x[0,3]{4  <1.0>}
x[0,4]{5  <1.0>}
x[0,5]{3  <1.0>}
x[0,6]{0  <1.0>}
x[0,7]{7  <1.0>}
x[1,0]{0  <1.0>}
x[1,1]{3  <1.0>}
x[1,2]{6  <1.0>}
x[1,3]{2  <0.697722662195731>, 5  <0.30227733780426885>}
x[1,4]{1  <1.0>}
x[1,5]{7  <1.0>}
x[1,6]{4  <1.0>}
x[1,7]{2  <0.43921420558561397>, 5  <0.560785794414386>}
x[2,0]{2  <1.0>}
x[2,1]{5  <1.0>}
x[2,2]{7  <1.0>}
x[2,3]{3  <1.0>}
x[2,4]{4  <1.0>}
x[2,5]{1  <1.0>}
x[2,6]{6  <1.0>}
x[2,7]{0  <1.0>}
x[3,0]{3  <1.0>}
x[3,1]{0  <1.0>}
x[3,2]{1  <1.0>}
x[3,3]{2  <0.3987421140838528>, 5  <0.6012578859161472>}
x[3,4]{6  <1.0>}
x[3,5]{4  <1.0>}
x[3,6]{7  <1.0>}
x[3,7]{2  <0.66954652268556>, 5  <0.33045347731444>}
x[4,0]{5  <1.0>}
x[4,1]{2  <1.0>}
x[4,2]{4  <1.0>}
x[4,3]{0  <1.0>}
x[4,4]{7  <1.0>}
x[4,5]{6  <1.0>}
x[4,6]{1  <1.0>}
x[4,7]{3  <1.0>}
x[5,0]{7  <1.0>}
x[5,1]{4  <1.0>}
x[5,2]{0  <0.998691836218376>, 5  <0.0013081637816239578>}
x[5,3]{1  <1.0>}
x[5,4]{3  <1.0>}
x[5,5]{0  <0.0016936041699004319>, 5  <0.3235707245207593>, 2  <0.6747356713093403>}
x[5,6]{5  <0.024891197040476504>, 2  <0.9751088029595235>}
x[5,7]{6  <1.0>}
x[6,0]{4  <1.0>}
x[6,1]{7  <1.0>}
x[6,2]{3  <1.0>}
x[6,3]{6  <1.0>}
x[6,4]{0  <1.0>}
x[6,5]{5  <0.28087139196259064>, 2  <0.7191286080374093>}
x[6,6]{5  <0.791413560947625>, 2  <0.208586439052375>}
x[6,7]{1  <1.0>}
x[7,0]{6  <1.0>}
x[7,1]{1  <1.0>}
x[7,2]{0  <0.04161820074737118>, 5  <0.9583817992526288>}
x[7,3]{7  <1.0>}
x[7,4]{2  <1.0>}
x[7,5]{0  <0.9965882270881127>, 5  <0.003411772911887391>}
x[7,6]{3  <1.0>}
x[7,7]{4  <1.0>}
problem entropy = 0.5821102301786667
smallest variable entropy = 0.009992378240226665
##### after BP iteration 4 #####
x[0,0]{1  <1.0>}
x[0,1]{6  <1.0>}
x[0,2]{2  <1.0>}
x[0,3]{4  <1.0>}
x[0,4]{5  <1.0>}
x[0,5]{3  <1.0>}
x[0,6]{0  <1.0>}
x[0,7]{7  <1.0>}
x[1,0]{0  <1.0>}
x[1,1]{3  <1.0>}
x[1,2]{6  <1.0>}
x[1,3]{2  <0.6340540390607767>, 5  <0.3659459609392231>}
x[1,4]{1  <1.0>}
x[1,5]{7  <1.0>}
x[1,6]{4  <1.0>}
x[1,7]{2  <0.3609526441520807>, 5  <0.6390473558479193>}
x[2,0]{2  <1.0>}
x[2,1]{5  <1.0>}
x[2,2]{7  <1.0>}
x[2,3]{3  <1.0>}
x[2,4]{4  <1.0>}
x[2,5]{1  <1.0>}
x[2,6]{6  <1.0>}
x[2,7]{0  <1.0>}
x[3,0]{3  <1.0>}
x[3,1]{0  <1.0>}
x[3,2]{1  <1.0>}
x[3,3]{2  <0.27460557731637325>, 5  <0.7253944226836267>}
x[3,4]{6  <1.0>}
x[3,5]{4  <1.0>}
x[3,6]{7  <1.0>}
x[3,7]{2  <0.526328704500478>, 5  <0.4736712954995219>}
x[4,0]{5  <1.0>}
x[4,1]{2  <1.0>}
x[4,2]{4  <1.0>}
x[4,3]{0  <1.0>}
x[4,4]{7  <1.0>}
x[4,5]{6  <1.0>}
x[4,6]{1  <1.0>}
x[4,7]{3  <1.0>}
x[5,0]{7  <1.0>}
x[5,1]{4  <1.0>}
x[5,2]{0  <0.9455807450579359>, 5  <0.05441925494206407>}
x[5,3]{1  <1.0>}
x[5,4]{3  <1.0>}
x[5,5]{0  <0.011322745563175926>, 5  <0.806869360497939>, 2  <0.18180789393888508>}
x[5,6]{5  <0.16930522384233723>, 2  <0.8306947761576629>}
x[5,7]{6  <1.0>}
x[6,0]{4  <1.0>}
x[6,1]{7  <1.0>}
x[6,2]{3  <1.0>}
x[6,3]{6  <1.0>}
x[6,4]{0  <1.0>}
x[6,5]{5  <0.7125002645197986>, 2  <0.28749973548020125>}
x[6,6]{5  <0.9576278125156498>, 2  <0.042372187484350225>}
x[6,7]{1  <1.0>}
x[7,0]{6  <1.0>}
x[7,1]{1  <1.0>}
x[7,2]{0  <3.1945353793282874E-4>, 5  <0.9996805464620672>}
x[7,3]{7  <1.0>}
x[7,4]{2  <1.0>}
x[7,5]{0  <0.9992672076864426>, 5  <7.327923135574095E-4>}
x[7,6]{3  <1.0>}
x[7,7]{4  <1.0>}
problem entropy = 0.5741160519315879
smallest variable entropy = 0.0028906516784749712
##### after BP iteration 5 #####
x[0,0]{1  <1.0>}
x[0,1]{6  <1.0>}
x[0,2]{2  <1.0>}
x[0,3]{4  <1.0>}
x[0,4]{5  <1.0>}
x[0,5]{3  <1.0>}
x[0,6]{0  <1.0>}
x[0,7]{7  <1.0>}
x[1,0]{0  <1.0>}
x[1,1]{3  <1.0>}
x[1,2]{6  <1.0>}
x[1,3]{2  <0.6695465226855601>, 5  <0.3304534773144399>}
x[1,4]{1  <1.0>}
x[1,5]{7  <1.0>}
x[1,6]{4  <1.0>}
x[1,7]{2  <0.3987421140838529>, 5  <0.601257885916147>}
x[2,0]{2  <1.0>}
x[2,1]{5  <1.0>}
x[2,2]{7  <1.0>}
x[2,3]{3  <1.0>}
x[2,4]{4  <1.0>}
x[2,5]{1  <1.0>}
x[2,6]{6  <1.0>}
x[2,7]{0  <1.0>}
x[3,0]{3  <1.0>}
x[3,1]{0  <1.0>}
x[3,2]{1  <1.0>}
x[3,3]{2  <0.43921420558561414>, 5  <0.5607857944143858>}
x[3,4]{6  <1.0>}
x[3,5]{4  <1.0>}
x[3,6]{7  <1.0>}
x[3,7]{2  <0.697722662195731>, 5  <0.30227733780426885>}
x[4,0]{5  <1.0>}
x[4,1]{2  <1.0>}
x[4,2]{4  <1.0>}
x[4,3]{0  <1.0>}
x[4,4]{7  <1.0>}
x[4,5]{6  <1.0>}
x[4,6]{1  <1.0>}
x[4,7]{3  <1.0>}
x[5,0]{7  <1.0>}
x[5,1]{4  <1.0>}
x[5,2]{0  <0.9975657033495535>, 5  <0.002434296650446581>}
x[5,3]{1  <1.0>}
x[5,4]{3  <1.0>}
x[5,5]{0  <0.03322563997831382>, 5  <0.7651183388976239>, 2  <0.20165602112406222>}
x[5,6]{5  <0.2787842517077416>, 2  <0.7212157482922584>}
x[5,7]{6  <1.0>}
x[6,0]{4  <1.0>}
x[6,1]{7  <1.0>}
x[6,2]{3  <1.0>}
x[6,3]{6  <1.0>}
x[6,4]{0  <1.0>}
x[6,5]{5  <0.023547169337977236>, 2  <0.9764528306620228>}
x[6,6]{5  <0.34288449012927863>, 2  <0.6571155098707213>}
x[6,7]{1  <1.0>}
x[7,0]{6  <1.0>}
x[7,1]{1  <1.0>}
x[7,2]{0  <9.709271034770192E-4>, 5  <0.999029072896523>}
x[7,3]{7  <1.0>}
x[7,4]{2  <1.0>}
x[7,5]{0  <0.9988596894715922>, 5  <0.0011403105284078319>}
x[7,6]{3  <1.0>}
x[7,7]{4  <1.0>}
problem entropy = 0.5757366708953078
smallest variable entropy = 0.007706028549393669
##### after BP iteration 6 #####
x[0,0]{1  <1.0>}
x[0,1]{6  <1.0>}
x[0,2]{2  <1.0>}
x[0,3]{4  <1.0>}
x[0,4]{5  <1.0>}
x[0,5]{3  <1.0>}
x[0,6]{0  <1.0>}
x[0,7]{7  <1.0>}
x[1,0]{0  <1.0>}
x[1,1]{3  <1.0>}
x[1,2]{6  <1.0>}
x[1,3]{2  <0.526328704500478>, 5  <0.473671295499522>}
x[1,4]{1  <1.0>}
x[1,5]{7  <1.0>}
x[1,6]{4  <1.0>}
x[1,7]{2  <0.27460557731637325>, 5  <0.7253944226836269>}
x[2,0]{2  <1.0>}
x[2,1]{5  <1.0>}
x[2,2]{7  <1.0>}
x[2,3]{3  <1.0>}
x[2,4]{4  <1.0>}
x[2,5]{1  <1.0>}
x[2,6]{6  <1.0>}
x[2,7]{0  <1.0>}
x[3,0]{3  <1.0>}
x[3,1]{0  <1.0>}
x[3,2]{1  <1.0>}
x[3,3]{2  <0.36095264415208056>, 5  <0.6390473558479194>}
x[3,4]{6  <1.0>}
x[3,5]{4  <1.0>}
x[3,6]{7  <1.0>}
x[3,7]{2  <0.6340540390607767>, 5  <0.36594596093922327>}
x[4,0]{5  <1.0>}
x[4,1]{2  <1.0>}
x[4,2]{4  <1.0>}
x[4,3]{0  <1.0>}
x[4,4]{7  <1.0>}
x[4,5]{6  <1.0>}
x[4,6]{1  <1.0>}
x[4,7]{3  <1.0>}
x[5,0]{7  <1.0>}
x[5,1]{4  <1.0>}
x[5,2]{0  <0.9994162405694879>, 5  <5.837594305122045E-4>}
x[5,3]{1  <1.0>}
x[5,4]{3  <1.0>}
x[5,5]{0  <3.0592173367082284E-4>, 5  <0.9573348533550334>, 2  <0.04235922491129559>}
x[5,6]{5  <0.7095870303528763>, 2  <0.2904129696471237>}
x[5,7]{6  <1.0>}
x[6,0]{4  <1.0>}
x[6,1]{7  <1.0>}
x[6,2]{3  <1.0>}
x[6,3]{6  <1.0>}
x[6,4]{0  <1.0>}
x[6,5]{5  <0.16916866484185517>, 2  <0.8308313351581449>}
x[6,6]{5  <0.8259877090617497>, 2  <0.1740122909382504>}
x[6,7]{1  <1.0>}
x[7,0]{6  <1.0>}
x[7,1]{1  <1.0>}
x[7,2]{0  <0.008642403061250796>, 5  <0.9913575969387491>}
x[7,3]{7  <1.0>}
x[7,4]{2  <1.0>}
x[7,5]{0  <0.9478323890608488>, 5  <0.052167610939151295>}
x[7,6]{3  <1.0>}
x[7,7]{4  <1.0>}
problem entropy = 0.587752559092645
smallest variable entropy = 0.0049302743351402395
### branching on x[5,2]=0 marginal=0.9994162405694879
##### after BP iteration 1 #####
x[0,0]{1  <1.0>}
x[0,1]{6  <1.0>}
x[0,2]{2  <1.0>}
x[0,3]{4  <1.0>}
x[0,4]{5  <1.0>}
x[0,5]{3  <1.0>}
x[0,6]{0  <1.0>}
x[0,7]{7  <1.0>}
x[1,0]{0  <1.0>}
x[1,1]{3  <1.0>}
x[1,2]{6  <1.0>}
x[1,3]{2  <0.697722662195731>, 5  <0.30227733780426885>}
x[1,4]{1  <1.0>}
x[1,5]{7  <1.0>}
x[1,6]{4  <1.0>}
x[1,7]{2  <0.4392142055856143>, 5  <0.5607857944143858>}
x[2,0]{2  <1.0>}
x[2,1]{5  <1.0>}
x[2,2]{7  <1.0>}
x[2,3]{3  <1.0>}
x[2,4]{4  <1.0>}
x[2,5]{1  <1.0>}
x[2,6]{6  <1.0>}
x[2,7]{0  <1.0>}
x[3,0]{3  <1.0>}
x[3,1]{0  <1.0>}
x[3,2]{1  <1.0>}
x[3,3]{2  <0.3987421140838529>, 5  <0.601257885916147>}
x[3,4]{6  <1.0>}
x[3,5]{4  <1.0>}
x[3,6]{7  <1.0>}
x[3,7]{2  <0.66954652268556>, 5  <0.3304534773144398>}
x[4,0]{5  <1.0>}
x[4,1]{2  <1.0>}
x[4,2]{4  <1.0>}
x[4,3]{0  <1.0>}
x[4,4]{7  <1.0>}
x[4,5]{6  <1.0>}
x[4,6]{1  <1.0>}
x[4,7]{3  <1.0>}
x[5,0]{7  <1.0>}
x[5,1]{4  <1.0>}
x[5,2]{0  <1.0>}
x[5,3]{1  <1.0>}
x[5,4]{3  <1.0>}
x[5,5]{2  <0.6571155098707213>, 5  <0.34288449012927863>}
x[5,6]{5  <0.023547169337977236>, 2  <0.9764528306620228>}
x[5,7]{6  <1.0>}
x[6,0]{4  <1.0>}
x[6,1]{7  <1.0>}
x[6,2]{3  <1.0>}
x[6,3]{6  <1.0>}
x[6,4]{0  <1.0>}
x[6,5]{5  <0.2787842517077416>, 2  <0.7212157482922583>}
x[6,6]{5  <0.7939035233112386>, 2  <0.20609647668876147>}
x[6,7]{1  <1.0>}
x[7,0]{6  <1.0>}
x[7,1]{1  <1.0>}
x[7,2]{5  <1.0>}
x[7,3]{7  <1.0>}
x[7,4]{2  <1.0>}
x[7,5]{0  <1.0>}
x[7,6]{3  <1.0>}
x[7,7]{4  <1.0>}
problem entropy = 0.8043978367302953
smallest variable entropy = 0.11154017586567548
##### after BP iteration 2 #####
x[0,0]{1  <1.0>}
x[0,1]{6  <1.0>}
x[0,2]{2  <1.0>}
x[0,3]{4  <1.0>}
x[0,4]{5  <1.0>}
x[0,5]{3  <1.0>}
x[0,6]{0  <1.0>}
x[0,7]{7  <1.0>}
x[1,0]{0  <1.0>}
x[1,1]{3  <1.0>}
x[1,2]{6  <1.0>}
x[1,3]{2  <0.6340540390607767>, 5  <0.3659459609392233>}
x[1,4]{1  <1.0>}
x[1,5]{7  <1.0>}
x[1,6]{4  <1.0>}
x[1,7]{2  <0.3609526441520806>, 5  <0.6390473558479194>}
x[2,0]{2  <1.0>}
x[2,1]{5  <1.0>}
x[2,2]{7  <1.0>}
x[2,3]{3  <1.0>}
x[2,4]{4  <1.0>}
x[2,5]{1  <1.0>}
x[2,6]{6  <1.0>}
x[2,7]{0  <1.0>}
x[3,0]{3  <1.0>}
x[3,1]{0  <1.0>}
x[3,2]{1  <1.0>}
x[3,3]{2  <0.27460557731637325>, 5  <0.7253944226836269>}
x[3,4]{6  <1.0>}
x[3,5]{4  <1.0>}
x[3,6]{7  <1.0>}
x[3,7]{2  <0.526328704500478>, 5  <0.473671295499522>}
x[4,0]{5  <1.0>}
x[4,1]{2  <1.0>}
x[4,2]{4  <1.0>}
x[4,3]{0  <1.0>}
x[4,4]{7  <1.0>}
x[4,5]{6  <1.0>}
x[4,6]{1  <1.0>}
x[4,7]{3  <1.0>}
x[5,0]{7  <1.0>}
x[5,1]{4  <1.0>}
x[5,2]{0  <1.0>}
x[5,3]{1  <1.0>}
x[5,4]{3  <1.0>}
x[5,5]{2  <0.1740122909382504>, 5  <0.8259877090617497>}
x[5,6]{5  <0.16916866484185514>, 2  <0.8308313351581449>}
x[5,7]{6  <1.0>}
x[6,0]{4  <1.0>}
x[6,1]{7  <1.0>}
x[6,2]{3  <1.0>}
x[6,3]{6  <1.0>}
x[6,4]{0  <1.0>}
x[6,5]{5  <0.7095870303528762>, 2  <0.2904129696471237>}
x[6,6]{5  <0.9576278125156498>, 2  <0.04237218748435024>}
x[6,7]{1  <1.0>}
x[7,0]{6  <1.0>}
x[7,1]{1  <1.0>}
x[7,2]{5  <1.0>}
x[7,3]{7  <1.0>}
x[7,4]{2  <1.0>}
x[7,5]{0  <1.0>}
x[7,6]{3  <1.0>}
x[7,7]{4  <1.0>}
problem entropy = 0.7727367775293714
smallest variable entropy = 0.17541116374302543
##### after BP iteration 3 #####
x[0,0]{1  <1.0>}
x[0,1]{6  <1.0>}
x[0,2]{2  <1.0>}
x[0,3]{4  <1.0>}
x[0,4]{5  <1.0>}
x[0,5]{3  <1.0>}
x[0,6]{0  <1.0>}
x[0,7]{7  <1.0>}
x[1,0]{0  <1.0>}
x[1,1]{3  <1.0>}
x[1,2]{6  <1.0>}
x[1,3]{2  <0.6695465226855603>, 5  <0.3304534773144398>}
x[1,4]{1  <1.0>}
x[1,5]{7  <1.0>}
x[1,6]{4  <1.0>}
x[1,7]{2  <0.3987421140838529>, 5  <0.601257885916147>}
x[2,0]{2  <1.0>}
x[2,1]{5  <1.0>}
x[2,2]{7  <1.0>}
x[2,3]{3  <1.0>}
x[2,4]{4  <1.0>}
x[2,5]{1  <1.0>}
x[2,6]{6  <1.0>}
x[2,7]{0  <1.0>}
x[3,0]{3  <1.0>}
x[3,1]{0  <1.0>}
x[3,2]{1  <1.0>}
x[3,3]{2  <0.4392142055856143>, 5  <0.5607857944143858>}
x[3,4]{6  <1.0>}
x[3,5]{4  <1.0>}
x[3,6]{7  <1.0>}
x[3,7]{2  <0.6977226621957312>, 5  <0.3022773378042689>}
x[4,0]{5  <1.0>}
x[4,1]{2  <1.0>}
x[4,2]{4  <1.0>}
x[4,3]{0  <1.0>}
x[4,4]{7  <1.0>}
x[4,5]{6  <1.0>}
x[4,6]{1  <1.0>}
x[4,7]{3  <1.0>}
x[5,0]{7  <1.0>}
x[5,1]{4  <1.0>}
x[5,2]{0  <1.0>}
x[5,3]{1  <1.0>}
x[5,4]{3  <1.0>}
x[5,5]{2  <0.20609647668876144>, 5  <0.7939035233112386>}
x[5,6]{5  <0.2787842517077416>, 2  <0.7212157482922583>}
x[5,7]{6  <1.0>}
x[6,0]{4  <1.0>}
x[6,1]{7  <1.0>}
x[6,2]{3  <1.0>}
x[6,3]{6  <1.0>}
x[6,4]{0  <1.0>}
x[6,5]{5  <0.023547169337977236>, 2  <0.9764528306620228>}
x[6,6]{5  <0.34288449012927863>, 2  <0.6571155098707213>}
x[6,7]{1  <1.0>}
x[7,0]{6  <1.0>}
x[7,1]{1  <1.0>}
x[7,2]{5  <1.0>}
x[7,3]{7  <1.0>}
x[7,4]{2  <1.0>}
x[7,5]{0  <1.0>}
x[7,6]{3  <1.0>}
x[7,7]{4  <1.0>}
problem entropy = 0.8043978367302953
smallest variable entropy = 0.11154017586567548
### branching on x[6,5]=2 marginal=0.9764528306620228
##### after BP iteration 1 #####
x[0,0]{1  <1.0>}
x[0,1]{6  <1.0>}
x[0,2]{2  <1.0>}
x[0,3]{4  <1.0>}
x[0,4]{5  <1.0>}
x[0,5]{3  <1.0>}
x[0,6]{0  <1.0>}
x[0,7]{7  <1.0>}
x[1,0]{0  <1.0>}
x[1,1]{3  <1.0>}
x[1,2]{6  <1.0>}
x[1,3]{2  <0.526328704500478>, 5  <0.473671295499522>}
x[1,4]{1  <1.0>}
x[1,5]{7  <1.0>}
x[1,6]{4  <1.0>}
x[1,7]{2  <0.27460557731637314>, 5  <0.7253944226836267>}
x[2,0]{2  <1.0>}
x[2,1]{5  <1.0>}
x[2,2]{7  <1.0>}
x[2,3]{3  <1.0>}
x[2,4]{4  <1.0>}
x[2,5]{1  <1.0>}
x[2,6]{6  <1.0>}
x[2,7]{0  <1.0>}
x[3,0]{3  <1.0>}
x[3,1]{0  <1.0>}
x[3,2]{1  <1.0>}
x[3,3]{2  <0.3609526441520806>, 5  <0.6390473558479194>}
x[3,4]{6  <1.0>}
x[3,5]{4  <1.0>}
x[3,6]{7  <1.0>}
x[3,7]{2  <0.6340540390607767>, 5  <0.3659459609392233>}
x[4,0]{5  <1.0>}
x[4,1]{2  <1.0>}
x[4,2]{4  <1.0>}
x[4,3]{0  <1.0>}
x[4,4]{7  <1.0>}
x[4,5]{6  <1.0>}
x[4,6]{1  <1.0>}
x[4,7]{3  <1.0>}
x[5,0]{7  <1.0>}
x[5,1]{4  <1.0>}
x[5,2]{0  <1.0>}
x[5,3]{1  <1.0>}
x[5,4]{3  <1.0>}
x[5,5]{5  <1.0>}
x[5,6]{2  <1.0>}
x[5,7]{6  <1.0>}
x[6,0]{4  <1.0>}
x[6,1]{7  <1.0>}
x[6,2]{3  <1.0>}
x[6,3]{6  <1.0>}
x[6,4]{0  <1.0>}
x[6,5]{2  <1.0>}
x[6,6]{5  <1.0>}
x[6,7]{1  <1.0>}
x[7,0]{6  <1.0>}
x[7,1]{1  <1.0>}
x[7,2]{5  <1.0>}
x[7,3]{7  <1.0>}
x[7,4]{2  <1.0>}
x[7,5]{0  <1.0>}
x[7,6]{3  <1.0>}
x[7,7]{4  <1.0>}
problem entropy = 0.9342435968063507
smallest variable entropy = 0.5877860335267122
##### after BP iteration 2 #####
x[0,0]{1  <1.0>}
x[0,1]{6  <1.0>}
x[0,2]{2  <1.0>}
x[0,3]{4  <1.0>}
x[0,4]{5  <1.0>}
x[0,5]{3  <1.0>}
x[0,6]{0  <1.0>}
x[0,7]{7  <1.0>}
x[1,0]{0  <1.0>}
x[1,1]{3  <1.0>}
x[1,2]{6  <1.0>}
x[1,3]{2  <0.697722662195731>, 5  <0.30227733780426885>}
x[1,4]{1  <1.0>}
x[1,5]{7  <1.0>}
x[1,6]{4  <1.0>}
x[1,7]{2  <0.4392142055856143>, 5  <0.5607857944143858>}
x[2,0]{2  <1.0>}
x[2,1]{5  <1.0>}
x[2,2]{7  <1.0>}
x[2,3]{3  <1.0>}
x[2,4]{4  <1.0>}
x[2,5]{1  <1.0>}
x[2,6]{6  <1.0>}
x[2,7]{0  <1.0>}
x[3,0]{3  <1.0>}
x[3,1]{0  <1.0>}
x[3,2]{1  <1.0>}
x[3,3]{2  <0.3987421140838529>, 5  <0.601257885916147>}
x[3,4]{6  <1.0>}
x[3,5]{4  <1.0>}
x[3,6]{7  <1.0>}
x[3,7]{2  <0.6695465226855603>, 5  <0.3304534773144398>}
x[4,0]{5  <1.0>}
x[4,1]{2  <1.0>}
x[4,2]{4  <1.0>}
x[4,3]{0  <1.0>}
x[4,4]{7  <1.0>}
x[4,5]{6  <1.0>}
x[4,6]{1  <1.0>}
x[4,7]{3  <1.0>}
x[5,0]{7  <1.0>}
x[5,1]{4  <1.0>}
x[5,2]{0  <1.0>}
x[5,3]{1  <1.0>}
x[5,4]{3  <1.0>}
x[5,5]{5  <1.0>}
x[5,6]{2  <1.0>}
x[5,7]{6  <1.0>}
x[6,0]{4  <1.0>}
x[6,1]{7  <1.0>}
x[6,2]{3  <1.0>}
x[6,3]{6  <1.0>}
x[6,4]{0  <1.0>}
x[6,5]{2  <1.0>}
x[6,6]{5  <1.0>}
x[6,7]{1  <1.0>}
x[7,0]{6  <1.0>}
x[7,1]{1  <1.0>}
x[7,2]{5  <1.0>}
x[7,3]{7  <1.0>}
x[7,4]{2  <1.0>}
x[7,5]{0  <1.0>}
x[7,6]{3  <1.0>}
x[7,7]{4  <1.0>}
problem entropy = 0.9397420665567263
smallest variable entropy = 0.6127815550134477
##### after BP iteration 3 #####
x[0,0]{1  <1.0>}
x[0,1]{6  <1.0>}
x[0,2]{2  <1.0>}
x[0,3]{4  <1.0>}
x[0,4]{5  <1.0>}
x[0,5]{3  <1.0>}
x[0,6]{0  <1.0>}
x[0,7]{7  <1.0>}
x[1,0]{0  <1.0>}
x[1,1]{3  <1.0>}
x[1,2]{6  <1.0>}
x[1,3]{2  <0.6340540390607767>, 5  <0.3659459609392233>}
x[1,4]{1  <1.0>}
x[1,5]{7  <1.0>}
x[1,6]{4  <1.0>}
x[1,7]{2  <0.36095264415208056>, 5  <0.6390473558479194>}
x[2,0]{2  <1.0>}
x[2,1]{5  <1.0>}
x[2,2]{7  <1.0>}
x[2,3]{3  <1.0>}
x[2,4]{4  <1.0>}
x[2,5]{1  <1.0>}
x[2,6]{6  <1.0>}
x[2,7]{0  <1.0>}
x[3,0]{3  <1.0>}
x[3,1]{0  <1.0>}
x[3,2]{1  <1.0>}
x[3,3]{2  <0.2746055773163732>, 5  <0.7253944226836267>}
x[3,4]{6  <1.0>}
x[3,5]{4  <1.0>}
x[3,6]{7  <1.0>}
x[3,7]{2  <0.526328704500478>, 5  <0.473671295499522>}
x[4,0]{5  <1.0>}
x[4,1]{2  <1.0>}
x[4,2]{4  <1.0>}
x[4,3]{0  <1.0>}
x[4,4]{7  <1.0>}
x[4,5]{6  <1.0>}
x[4,6]{1  <1.0>}
x[4,7]{3  <1.0>}
x[5,0]{7  <1.0>}
x[5,1]{4  <1.0>}
x[5,2]{0  <1.0>}
x[5,3]{1  <1.0>}
x[5,4]{3  <1.0>}
x[5,5]{5  <1.0>}
x[5,6]{2  <1.0>}
x[5,7]{6  <1.0>}
x[6,0]{4  <1.0>}
x[6,1]{7  <1.0>}
x[6,2]{3  <1.0>}
x[6,3]{6  <1.0>}
x[6,4]{0  <1.0>}
x[6,5]{2  <1.0>}
x[6,6]{5  <1.0>}
x[6,7]{1  <1.0>}
x[7,0]{6  <1.0>}
x[7,1]{1  <1.0>}
x[7,2]{5  <1.0>}
x[7,3]{7  <1.0>}
x[7,4]{2  <1.0>}
x[7,5]{0  <1.0>}
x[7,6]{3  <1.0>}
x[7,7]{4  <1.0>}
problem entropy = 0.9342435968063508
smallest variable entropy = 0.5877860335267123
##### after BP iteration 4 #####
x[0,0]{1  <1.0>}
x[0,1]{6  <1.0>}
x[0,2]{2  <1.0>}
x[0,3]{4  <1.0>}
x[0,4]{5  <1.0>}
x[0,5]{3  <1.0>}
x[0,6]{0  <1.0>}
x[0,7]{7  <1.0>}
x[1,0]{0  <1.0>}
x[1,1]{3  <1.0>}
x[1,2]{6  <1.0>}
x[1,3]{2  <0.6695465226855603>, 5  <0.3304534773144398>}
x[1,4]{1  <1.0>}
x[1,5]{7  <1.0>}
x[1,6]{4  <1.0>}
x[1,7]{2  <0.3987421140838529>, 5  <0.601257885916147>}
x[2,0]{2  <1.0>}
x[2,1]{5  <1.0>}
x[2,2]{7  <1.0>}
x[2,3]{3  <1.0>}
x[2,4]{4  <1.0>}
x[2,5]{1  <1.0>}
x[2,6]{6  <1.0>}
x[2,7]{0  <1.0>}
x[3,0]{3  <1.0>}
x[3,1]{0  <1.0>}
x[3,2]{1  <1.0>}
x[3,3]{2  <0.4392142055856143>, 5  <0.5607857944143858>}
x[3,4]{6  <1.0>}
x[3,5]{4  <1.0>}
x[3,6]{7  <1.0>}
x[3,7]{2  <0.6977226621957311>, 5  <0.3022773378042689>}
x[4,0]{5  <1.0>}
x[4,1]{2  <1.0>}
x[4,2]{4  <1.0>}
x[4,3]{0  <1.0>}
x[4,4]{7  <1.0>}
x[4,5]{6  <1.0>}
x[4,6]{1  <1.0>}
x[4,7]{3  <1.0>}
x[5,0]{7  <1.0>}
x[5,1]{4  <1.0>}
x[5,2]{0  <1.0>}
x[5,3]{1  <1.0>}
x[5,4]{3  <1.0>}
x[5,5]{5  <1.0>}
x[5,6]{2  <1.0>}
x[5,7]{6  <1.0>}
x[6,0]{4  <1.0>}
x[6,1]{7  <1.0>}
x[6,2]{3  <1.0>}
x[6,3]{6  <1.0>}
x[6,4]{0  <1.0>}
x[6,5]{2  <1.0>}
x[6,6]{5  <1.0>}
x[6,7]{1  <1.0>}
x[7,0]{6  <1.0>}
x[7,1]{1  <1.0>}
x[7,2]{5  <1.0>}
x[7,3]{7  <1.0>}
x[7,4]{2  <1.0>}
x[7,5]{0  <1.0>}
x[7,6]{3  <1.0>}
x[7,7]{4  <1.0>}
problem entropy = 0.9397420665567262
smallest variable entropy = 0.6127815550134474
##### after BP iteration 5 #####
x[0,0]{1  <1.0>}
x[0,1]{6  <1.0>}
x[0,2]{2  <1.0>}
x[0,3]{4  <1.0>}
x[0,4]{5  <1.0>}
x[0,5]{3  <1.0>}
x[0,6]{0  <1.0>}
x[0,7]{7  <1.0>}
x[1,0]{0  <1.0>}
x[1,1]{3  <1.0>}
x[1,2]{6  <1.0>}
x[1,3]{2  <0.526328704500478>, 5  <0.473671295499522>}
x[1,4]{1  <1.0>}
x[1,5]{7  <1.0>}
x[1,6]{4  <1.0>}
x[1,7]{2  <0.2746055773163732>, 5  <0.7253944226836267>}
x[2,0]{2  <1.0>}
x[2,1]{5  <1.0>}
x[2,2]{7  <1.0>}
x[2,3]{3  <1.0>}
x[2,4]{4  <1.0>}
x[2,5]{1  <1.0>}
x[2,6]{6  <1.0>}
x[2,7]{0  <1.0>}
x[3,0]{3  <1.0>}
x[3,1]{0  <1.0>}
x[3,2]{1  <1.0>}
x[3,3]{2  <0.3609526441520805>, 5  <0.6390473558479194>}
x[3,4]{6  <1.0>}
x[3,5]{4  <1.0>}
x[3,6]{7  <1.0>}
x[3,7]{2  <0.6340540390607767>, 5  <0.3659459609392233>}
x[4,0]{5  <1.0>}
x[4,1]{2  <1.0>}
x[4,2]{4  <1.0>}
x[4,3]{0  <1.0>}
x[4,4]{7  <1.0>}
x[4,5]{6  <1.0>}
x[4,6]{1  <1.0>}
x[4,7]{3  <1.0>}
x[5,0]{7  <1.0>}
x[5,1]{4  <1.0>}
x[5,2]{0  <1.0>}
x[5,3]{1  <1.0>}
x[5,4]{3  <1.0>}
x[5,5]{5  <1.0>}
x[5,6]{2  <1.0>}
x[5,7]{6  <1.0>}
x[6,0]{4  <1.0>}
x[6,1]{7  <1.0>}
x[6,2]{3  <1.0>}
x[6,3]{6  <1.0>}
x[6,4]{0  <1.0>}
x[6,5]{2  <1.0>}
x[6,6]{5  <1.0>}
x[6,7]{1  <1.0>}
x[7,0]{6  <1.0>}
x[7,1]{1  <1.0>}
x[7,2]{5  <1.0>}
x[7,3]{7  <1.0>}
x[7,4]{2  <1.0>}
x[7,5]{0  <1.0>}
x[7,6]{3  <1.0>}
x[7,7]{4  <1.0>}
problem entropy = 0.9342435968063507
smallest variable entropy = 0.5877860335267123
##### after BP iteration 6 #####
x[0,0]{1  <1.0>}
x[0,1]{6  <1.0>}
x[0,2]{2  <1.0>}
x[0,3]{4  <1.0>}
x[0,4]{5  <1.0>}
x[0,5]{3  <1.0>}
x[0,6]{0  <1.0>}
x[0,7]{7  <1.0>}
x[1,0]{0  <1.0>}
x[1,1]{3  <1.0>}
x[1,2]{6  <1.0>}
x[1,3]{2  <0.697722662195731>, 5  <0.30227733780426885>}
x[1,4]{1  <1.0>}
x[1,5]{7  <1.0>}
x[1,6]{4  <1.0>}
x[1,7]{2  <0.4392142055856143>, 5  <0.5607857944143858>}
x[2,0]{2  <1.0>}
x[2,1]{5  <1.0>}
x[2,2]{7  <1.0>}
x[2,3]{3  <1.0>}
x[2,4]{4  <1.0>}
x[2,5]{1  <1.0>}
x[2,6]{6  <1.0>}
x[2,7]{0  <1.0>}
x[3,0]{3  <1.0>}
x[3,1]{0  <1.0>}
x[3,2]{1  <1.0>}
x[3,3]{2  <0.3987421140838529>, 5  <0.601257885916147>}
x[3,4]{6  <1.0>}
x[3,5]{4  <1.0>}
x[3,6]{7  <1.0>}
x[3,7]{2  <0.6695465226855603>, 5  <0.3304534773144398>}
x[4,0]{5  <1.0>}
x[4,1]{2  <1.0>}
x[4,2]{4  <1.0>}
x[4,3]{0  <1.0>}
x[4,4]{7  <1.0>}
x[4,5]{6  <1.0>}
x[4,6]{1  <1.0>}
x[4,7]{3  <1.0>}
x[5,0]{7  <1.0>}
x[5,1]{4  <1.0>}
x[5,2]{0  <1.0>}
x[5,3]{1  <1.0>}
x[5,4]{3  <1.0>}
x[5,5]{5  <1.0>}
x[5,6]{2  <1.0>}
x[5,7]{6  <1.0>}
x[6,0]{4  <1.0>}
x[6,1]{7  <1.0>}
x[6,2]{3  <1.0>}
x[6,3]{6  <1.0>}
x[6,4]{0  <1.0>}
x[6,5]{2  <1.0>}
x[6,6]{5  <1.0>}
x[6,7]{1  <1.0>}
x[7,0]{6  <1.0>}
x[7,1]{1  <1.0>}
x[7,2]{5  <1.0>}
x[7,3]{7  <1.0>}
x[7,4]{2  <1.0>}
x[7,5]{0  <1.0>}
x[7,6]{3  <1.0>}
x[7,7]{4  <1.0>}
problem entropy = 0.9397420665567263
smallest variable entropy = 0.6127815550134477
##### after BP iteration 7 #####
x[0,0]{1  <1.0>}
x[0,1]{6  <1.0>}
x[0,2]{2  <1.0>}
x[0,3]{4  <1.0>}
x[0,4]{5  <1.0>}
x[0,5]{3  <1.0>}
x[0,6]{0  <1.0>}
x[0,7]{7  <1.0>}
x[1,0]{0  <1.0>}
x[1,1]{3  <1.0>}
x[1,2]{6  <1.0>}
x[1,3]{2  <0.6340540390607767>, 5  <0.3659459609392233>}
x[1,4]{1  <1.0>}
x[1,5]{7  <1.0>}
x[1,6]{4  <1.0>}
x[1,7]{2  <0.3609526441520805>, 5  <0.6390473558479195>}
x[2,0]{2  <1.0>}
x[2,1]{5  <1.0>}
x[2,2]{7  <1.0>}
x[2,3]{3  <1.0>}
x[2,4]{4  <1.0>}
x[2,5]{1  <1.0>}
x[2,6]{6  <1.0>}
x[2,7]{0  <1.0>}
x[3,0]{3  <1.0>}
x[3,1]{0  <1.0>}
x[3,2]{1  <1.0>}
x[3,3]{2  <0.27460557731637325>, 5  <0.7253944226836269>}
x[3,4]{6  <1.0>}
x[3,5]{4  <1.0>}
x[3,6]{7  <1.0>}
x[3,7]{2  <0.526328704500478>, 5  <0.473671295499522>}
x[4,0]{5  <1.0>}
x[4,1]{2  <1.0>}
x[4,2]{4  <1.0>}
x[4,3]{0  <1.0>}
x[4,4]{7  <1.0>}
x[4,5]{6  <1.0>}
x[4,6]{1  <1.0>}
x[4,7]{3  <1.0>}
x[5,0]{7  <1.0>}
x[5,1]{4  <1.0>}
x[5,2]{0  <1.0>}
x[5,3]{1  <1.0>}
x[5,4]{3  <1.0>}
x[5,5]{5  <1.0>}
x[5,6]{2  <1.0>}
x[5,7]{6  <1.0>}
x[6,0]{4  <1.0>}
x[6,1]{7  <1.0>}
x[6,2]{3  <1.0>}
x[6,3]{6  <1.0>}
x[6,4]{0  <1.0>}
x[6,5]{2  <1.0>}
x[6,6]{5  <1.0>}
x[6,7]{1  <1.0>}
x[7,0]{6  <1.0>}
x[7,1]{1  <1.0>}
x[7,2]{5  <1.0>}
x[7,3]{7  <1.0>}
x[7,4]{2  <1.0>}
x[7,5]{0  <1.0>}
x[7,6]{3  <1.0>}
x[7,7]{4  <1.0>}
problem entropy = 0.9342435968063507
smallest variable entropy = 0.5877860335267122
##### after BP iteration 8 #####
x[0,0]{1  <1.0>}
x[0,1]{6  <1.0>}
x[0,2]{2  <1.0>}
x[0,3]{4  <1.0>}
x[0,4]{5  <1.0>}
x[0,5]{3  <1.0>}
x[0,6]{0  <1.0>}
x[0,7]{7  <1.0>}
x[1,0]{0  <1.0>}
x[1,1]{3  <1.0>}
x[1,2]{6  <1.0>}
x[1,3]{2  <0.6695465226855604>, 5  <0.33045347731443975>}
x[1,4]{1  <1.0>}
x[1,5]{7  <1.0>}
x[1,6]{4  <1.0>}
x[1,7]{2  <0.3987421140838529>, 5  <0.601257885916147>}
x[2,0]{2  <1.0>}
x[2,1]{5  <1.0>}
x[2,2]{7  <1.0>}
x[2,3]{3  <1.0>}
x[2,4]{4  <1.0>}
x[2,5]{1  <1.0>}
x[2,6]{6  <1.0>}
x[2,7]{0  <1.0>}
x[3,0]{3  <1.0>}
x[3,1]{0  <1.0>}
x[3,2]{1  <1.0>}
x[3,3]{2  <0.4392142055856143>, 5  <0.5607857944143858>}
x[3,4]{6  <1.0>}
x[3,5]{4  <1.0>}
x[3,6]{7  <1.0>}
x[3,7]{2  <0.697722662195731>, 5  <0.30227733780426885>}
x[4,0]{5  <1.0>}
x[4,1]{2  <1.0>}
x[4,2]{4  <1.0>}
x[4,3]{0  <1.0>}
x[4,4]{7  <1.0>}
x[4,5]{6  <1.0>}
x[4,6]{1  <1.0>}
x[4,7]{3  <1.0>}
x[5,0]{7  <1.0>}
x[5,1]{4  <1.0>}
x[5,2]{0  <1.0>}
x[5,3]{1  <1.0>}
x[5,4]{3  <1.0>}
x[5,5]{5  <1.0>}
x[5,6]{2  <1.0>}
x[5,7]{6  <1.0>}
x[6,0]{4  <1.0>}
x[6,1]{7  <1.0>}
x[6,2]{3  <1.0>}
x[6,3]{6  <1.0>}
x[6,4]{0  <1.0>}
x[6,5]{2  <1.0>}
x[6,6]{5  <1.0>}
x[6,7]{1  <1.0>}
x[7,0]{6  <1.0>}
x[7,1]{1  <1.0>}
x[7,2]{5  <1.0>}
x[7,3]{7  <1.0>}
x[7,4]{2  <1.0>}
x[7,5]{0  <1.0>}
x[7,6]{3  <1.0>}
x[7,7]{4  <1.0>}
problem entropy = 0.9397420665567262
smallest variable entropy = 0.6127815550134477
##### after BP iteration 9 #####
x[0,0]{1  <1.0>}
x[0,1]{6  <1.0>}
x[0,2]{2  <1.0>}
x[0,3]{4  <1.0>}
x[0,4]{5  <1.0>}
x[0,5]{3  <1.0>}
x[0,6]{0  <1.0>}
x[0,7]{7  <1.0>}
x[1,0]{0  <1.0>}
x[1,1]{3  <1.0>}
x[1,2]{6  <1.0>}
x[1,3]{2  <0.526328704500478>, 5  <0.473671295499522>}
x[1,4]{1  <1.0>}
x[1,5]{7  <1.0>}
x[1,6]{4  <1.0>}
x[1,7]{2  <0.27460557731637314>, 5  <0.7253944226836267>}
x[2,0]{2  <1.0>}
x[2,1]{5  <1.0>}
x[2,2]{7  <1.0>}
x[2,3]{3  <1.0>}
x[2,4]{4  <1.0>}
x[2,5]{1  <1.0>}
x[2,6]{6  <1.0>}
x[2,7]{0  <1.0>}
x[3,0]{3  <1.0>}
x[3,1]{0  <1.0>}
x[3,2]{1  <1.0>}
x[3,3]{2  <0.3609526441520805>, 5  <0.6390473558479195>}
x[3,4]{6  <1.0>}
x[3,5]{4  <1.0>}
x[3,6]{7  <1.0>}
x[3,7]{2  <0.6340540390607767>, 5  <0.3659459609392233>}
x[4,0]{5  <1.0>}
x[4,1]{2  <1.0>}
x[4,2]{4  <1.0>}
x[4,3]{0  <1.0>}
x[4,4]{7  <1.0>}
x[4,5]{6  <1.0>}
x[4,6]{1  <1.0>}
x[4,7]{3  <1.0>}
x[5,0]{7  <1.0>}
x[5,1]{4  <1.0>}
x[5,2]{0  <1.0>}
x[5,3]{1  <1.0>}
x[5,4]{3  <1.0>}
x[5,5]{5  <1.0>}
x[5,6]{2  <1.0>}
x[5,7]{6  <1.0>}
x[6,0]{4  <1.0>}
x[6,1]{7  <1.0>}
x[6,2]{3  <1.0>}
x[6,3]{6  <1.0>}
x[6,4]{0  <1.0>}
x[6,5]{2  <1.0>}
x[6,6]{5  <1.0>}
x[6,7]{1  <1.0>}
x[7,0]{6  <1.0>}
x[7,1]{1  <1.0>}
x[7,2]{5  <1.0>}
x[7,3]{7  <1.0>}
x[7,4]{2  <1.0>}
x[7,5]{0  <1.0>}
x[7,6]{3  <1.0>}
x[7,7]{4  <1.0>}
problem entropy = 0.9342435968063507
smallest variable entropy = 0.5877860335267122
##### after BP iteration 10 #####
x[0,0]{1  <1.0>}
x[0,1]{6  <1.0>}
x[0,2]{2  <1.0>}
x[0,3]{4  <1.0>}
x[0,4]{5  <1.0>}
x[0,5]{3  <1.0>}
x[0,6]{0  <1.0>}
x[0,7]{7  <1.0>}
x[1,0]{0  <1.0>}
x[1,1]{3  <1.0>}
x[1,2]{6  <1.0>}
x[1,3]{2  <0.697722662195731>, 5  <0.30227733780426885>}
x[1,4]{1  <1.0>}
x[1,5]{7  <1.0>}
x[1,6]{4  <1.0>}
x[1,7]{2  <0.4392142055856143>, 5  <0.5607857944143858>}
x[2,0]{2  <1.0>}
x[2,1]{5  <1.0>}
x[2,2]{7  <1.0>}
x[2,3]{3  <1.0>}
x[2,4]{4  <1.0>}
x[2,5]{1  <1.0>}
x[2,6]{6  <1.0>}
x[2,7]{0  <1.0>}
x[3,0]{3  <1.0>}
x[3,1]{0  <1.0>}
x[3,2]{1  <1.0>}
x[3,3]{2  <0.3987421140838529>, 5  <0.601257885916147>}
x[3,4]{6  <1.0>}
x[3,5]{4  <1.0>}
x[3,6]{7  <1.0>}
x[3,7]{2  <0.6695465226855603>, 5  <0.33045347731443964>}
x[4,0]{5  <1.0>}
x[4,1]{2  <1.0>}
x[4,2]{4  <1.0>}
x[4,3]{0  <1.0>}
x[4,4]{7  <1.0>}
x[4,5]{6  <1.0>}
x[4,6]{1  <1.0>}
x[4,7]{3  <1.0>}
x[5,0]{7  <1.0>}
x[5,1]{4  <1.0>}
x[5,2]{0  <1.0>}
x[5,3]{1  <1.0>}
x[5,4]{3  <1.0>}
x[5,5]{5  <1.0>}
x[5,6]{2  <1.0>}
x[5,7]{6  <1.0>}
x[6,0]{4  <1.0>}
x[6,1]{7  <1.0>}
x[6,2]{3  <1.0>}
x[6,3]{6  <1.0>}
x[6,4]{0  <1.0>}
x[6,5]{2  <1.0>}
x[6,6]{5  <1.0>}
x[6,7]{1  <1.0>}
x[7,0]{6  <1.0>}
x[7,1]{1  <1.0>}
x[7,2]{5  <1.0>}
x[7,3]{7  <1.0>}
x[7,4]{2  <1.0>}
x[7,5]{0  <1.0>}
x[7,6]{3  <1.0>}
x[7,7]{4  <1.0>}
problem entropy = 0.9397420665567263
smallest variable entropy = 0.6127815550134477
### branching on x[1,3]=2 marginal=0.697722662195731
##### after BP iteration 1 #####
x[0,0]{1  <1.0>}
x[0,1]{6  <1.0>}
x[0,2]{2  <1.0>}
x[0,3]{4  <1.0>}
x[0,4]{5  <1.0>}
x[0,5]{3  <1.0>}
x[0,6]{0  <1.0>}
x[0,7]{7  <1.0>}
x[1,0]{0  <1.0>}
x[1,1]{3  <1.0>}
x[1,2]{6  <1.0>}
x[1,3]{2  <1.0>}
x[1,4]{1  <1.0>}
x[1,5]{7  <1.0>}
x[1,6]{4  <1.0>}
x[1,7]{5  <1.0>}
x[2,0]{2  <1.0>}
x[2,1]{5  <1.0>}
x[2,2]{7  <1.0>}
x[2,3]{3  <1.0>}
x[2,4]{4  <1.0>}
x[2,5]{1  <1.0>}
x[2,6]{6  <1.0>}
x[2,7]{0  <1.0>}
x[3,0]{3  <1.0>}
x[3,1]{0  <1.0>}
x[3,2]{1  <1.0>}
x[3,3]{5  <1.0>}
x[3,4]{6  <1.0>}
x[3,5]{4  <1.0>}
x[3,6]{7  <1.0>}
x[3,7]{2  <1.0>}
x[4,0]{5  <1.0>}
x[4,1]{2  <1.0>}
x[4,2]{4  <1.0>}
x[4,3]{0  <1.0>}
x[4,4]{7  <1.0>}
x[4,5]{6  <1.0>}
x[4,6]{1  <1.0>}
x[4,7]{3  <1.0>}
x[5,0]{7  <1.0>}
x[5,1]{4  <1.0>}
x[5,2]{0  <1.0>}
x[5,3]{1  <1.0>}
x[5,4]{3  <1.0>}
x[5,5]{5  <1.0>}
x[5,6]{2  <1.0>}
x[5,7]{6  <1.0>}
x[6,0]{4  <1.0>}
x[6,1]{7  <1.0>}
x[6,2]{3  <1.0>}
x[6,3]{6  <1.0>}
x[6,4]{0  <1.0>}
x[6,5]{2  <1.0>}
x[6,6]{5  <1.0>}
x[6,7]{1  <1.0>}
x[7,0]{6  <1.0>}
x[7,1]{1  <1.0>}
x[7,2]{5  <1.0>}
x[7,3]{7  <1.0>}
x[7,4]{2  <1.0>}
x[7,5]{0  <1.0>}
x[7,6]{3  <1.0>}
x[7,7]{4  <1.0>}
problem entropy = 0.0
smallest variable entropy = 1.7976931348623157E308
### branching on x[1,3]!=2
##### after BP iteration 1 #####
x[0,0]{1  <1.0>}
x[0,1]{6  <1.0>}
x[0,2]{2  <1.0>}
x[0,3]{4  <1.0>}
x[0,4]{5  <1.0>}
x[0,5]{3  <1.0>}
x[0,6]{0  <1.0>}
x[0,7]{7  <1.0>}
x[1,0]{0  <1.0>}
x[1,1]{3  <1.0>}
x[1,2]{6  <1.0>}
x[1,3]{5  <1.0>}
x[1,4]{1  <1.0>}
x[1,5]{7  <1.0>}
x[1,6]{4  <1.0>}
x[1,7]{2  <1.0>}
x[2,0]{2  <1.0>}
x[2,1]{5  <1.0>}
x[2,2]{7  <1.0>}
x[2,3]{3  <1.0>}
x[2,4]{4  <1.0>}
x[2,5]{1  <1.0>}
x[2,6]{6  <1.0>}
x[2,7]{0  <1.0>}
x[3,0]{3  <1.0>}
x[3,1]{0  <1.0>}
x[3,2]{1  <1.0>}
x[3,3]{2  <1.0>}
x[3,4]{6  <1.0>}
x[3,5]{4  <1.0>}
x[3,6]{7  <1.0>}
x[3,7]{5  <1.0>}
x[4,0]{5  <1.0>}
x[4,1]{2  <1.0>}
x[4,2]{4  <1.0>}
x[4,3]{0  <1.0>}
x[4,4]{7  <1.0>}
x[4,5]{6  <1.0>}
x[4,6]{1  <1.0>}
x[4,7]{3  <1.0>}
x[5,0]{7  <1.0>}
x[5,1]{4  <1.0>}
x[5,2]{0  <1.0>}
x[5,3]{1  <1.0>}
x[5,4]{3  <1.0>}
x[5,5]{5  <1.0>}
x[5,6]{2  <1.0>}
x[5,7]{6  <1.0>}
x[6,0]{4  <1.0>}
x[6,1]{7  <1.0>}
x[6,2]{3  <1.0>}
x[6,3]{6  <1.0>}
x[6,4]{0  <1.0>}
x[6,5]{2  <1.0>}
x[6,6]{5  <1.0>}
x[6,7]{1  <1.0>}
x[7,0]{6  <1.0>}
x[7,1]{1  <1.0>}
x[7,2]{5  <1.0>}
x[7,3]{7  <1.0>}
x[7,4]{2  <1.0>}
x[7,5]{0  <1.0>}
x[7,6]{3  <1.0>}
x[7,7]{4  <1.0>}
problem entropy = 0.0
smallest variable entropy = 1.7976931348623157E308

	#choice: 6
	#fail: 0
	execution time (ms): 155
	#sols : 1
	completed : false

