{7  <1.0>, 1  <1.0>, 2  <1.0>, 6  <1.0>, 4  <1.0>}
model: sum-product-oracle
FINAL DAMPING FACTOR = 1.0
##### after BP iteration 1 #####
x[0,0]{7  <0.1987719340824697>, 1  <0.0667305778705434>, 2  <0.17965924811300146>, 6  <0.35133364075431406>, 4  <0.20350459917967137>}
x[0,1]{7  <0.07549585353723756>, 1  <0.2354889280576068>, 2  <0.12275592221322391>, 4  <0.5662592961919317>}
x[0,2]{7  <0.5068635225063921>, 1  <0.23439560931986936>, 2  <0.14713272507528546>, 6  <0.11160814309845328>}
x[0,3]{4  <0.2597109702780682>, 1  <0.2314757650972041>, 2  <0.19231689954516243>, 6  <0.31649636507956513>}
x[0,4]{0  <1.0>}
x[0,5]{5  <1.0>}
x[0,6]{6  <0.0489127743403359>, 1  <0.7082889993580734>, 2  <0.2427982263015907>}
x[0,7]{3  <1.0>}
x[1,0]{0  <0.6106364835304524>, 1  <0.04367515346684109>, 2  <0.22225635538983315>, 7  <0.022441380698399918>, 4  <0.02475596256415417>, 6  <0.0762346643503193>}
x[1,1]{0  <0.027509760452021755>, 1  <0.18275097604520213>, 2  <0.13914382688195248>, 7  <0.3908104608502874>, 4  <0.2597849757705362>}
x[1,2]{6  <0.16322484409315288>, 1  <0.33884430201583926>, 2  <0.20311455198115871>, 7  <0.2948163019098492>}
x[1,3]{6  <0.5893584403115659>, 1  <0.1706799634544807>, 2  <0.14237267138454873>, 4  <0.09758892484940464>}
x[1,4]{6  <0.018262429434054265>, 1  <0.7371048120439182>, 4  <0.2446327585220275>}
x[1,5]{0  <0.14414815999298647>, 1  <0.3120561508444266>, 2  <0.29988605974470095>, 7  <0.06965605230817766>, 4  <0.17425357710970835>}
x[1,6]{3  <1.0>}
x[1,7]{5  <1.0>}
x[2,0]{5  <1.0>}
x[2,1]{3  <1.0>}
x[2,2]{2  <0.3990783410138249>, 1  <0.6009216589861751>}
x[2,3]{2  <0.6041055718475073>, 1  <0.39589442815249265>}
x[2,4]{7  <1.0>}
x[2,5]{6  <1.0>}
x[2,6]{4  <1.0>}
x[2,7]{0  <1.0>}
x[3,0]{6  <0.41815478471466455>, 1  <0.05879918453685677>, 2  <0.3991477490458161>, 7  <0.05879918453685677>, 4  <0.0650990971658057>}
x[3,1]{4  <0.2653639766671379>, 1  <0.3594785142203837>, 2  <0.21394685565711263>, 7  <0.16121065345536578>}
x[3,2]{5  <1.0>}
x[3,3]{0  <1.0>}
x[3,4]{6  <0.02130982296236352>, 1  <0.42295952411374704>, 4  <0.5557306529238895>}
x[3,5]{3  <1.0>}
x[3,6]{6  <0.1613812544045102>, 1  <0.28127362419117174>, 2  <0.557345121404318>}
x[3,7]{7  <0.5582822085889572>, 1  <0.4417177914110429>}
x[4,0]{0  <0.41657926178597793>, 1  <0.06328840358967383>, 2  <0.40291396306352373>, 6  <0.05392996797115064>, 7  <0.06328840358967383>}
x[4,1]{0  <0.16596788609550586>, 1  <0.3762692709254584>, 2  <0.3050198716132556>, 7  <0.15274297136578013>}
x[4,2]{4  <1.0>}
x[4,3]{3  <1.0>}
x[4,4]{6  <0.9339603306537928>, 1  <0.06603966934620727>}
x[4,5]{0  <0.11388474828687782>, 1  <0.20545236888483664>, 2  <0.5907774714411695>, 7  <0.08988541138711602>}
x[4,6]{5  <1.0>}
x[4,7]{7  <0.24781196538814368>, 1  <0.7521880346118563>}
x[5,0]{7  <0.1732522796352583>, 1  <0.5511651469098278>, 4  <0.27558257345491394>}
x[5,1]{5  <1.0>}
x[5,2]{3  <1.0>}
x[5,3]{4  <0.503583607293815>, 1  <0.49641639270618504>}
x[5,4]{2  <1.0>}
x[5,5]{7  <0.7031611410948344>, 1  <0.1319283817356292>, 4  <0.1649104771695365>}
x[5,6]{0  <1.0>}
x[5,7]{6  <1.0>}
x[6,0]{3  <1.0>}
x[6,1]{0  <0.42873410627566383>, 1  <0.36823577795345724>, 2  <0.20303011577087898>}
x[6,2]{6  <0.3691629087504004>, 1  <0.4636652620684557>, 2  <0.16717182918114387>}
x[6,3]{7  <1.0>}
x[6,4]{5  <1.0>}
x[6,5]{0  <0.3169888073125289>, 1  <0.3574263853186672>, 2  <0.32558480736880396>}
x[6,6]{6  <0.5410373100296879>, 1  <0.299150310374031>, 2  <0.15981237959628108>}
x[6,7]{4  <1.0>}
x[7,0]{4  <0.2967677194464984>, 1  <0.7032322805535016>}
x[7,1]{6  <1.0>}
x[7,2]{0  <1.0>}
x[7,3]{5  <1.0>}
x[7,4]{3  <1.0>}
x[7,5]{4  <0.6210622431897733>, 1  <0.37893775681022673>}
x[7,6]{7  <1.0>}
x[7,7]{2  <1.0>}
problem entropy = 0.0
smallest variable entropy = 1.7976931348623157E308
### branching on x[2,2]=2
##### after BP iteration 1 #####
x[0,0]{7  <0.32430259768916525>, 1  <0.0222972871098999>, 2  <0.17689559864541315>, 6  <0.24504131854257233>, 4  <0.23146319801294957>}
x[0,1]{7  <0.07348494468865975>, 1  <0.07271040506173261>, 2  <0.12812638843210716>, 4  <0.7256782618175005>}
x[0,2]{7  <0.8060463977911665>, 1  <0.08280611047702881>, 6  <0.11114749173180472>}
x[0,3]{2  <0.6651066639695818>, 6  <0.33489333603041804>}
x[0,4]{0  <1.0>}
x[0,5]{5  <1.0>}
x[0,6]{6  <0.0748852931524473>, 1  <0.6036495592827811>, 2  <0.3214651475647717>}
x[0,7]{3  <1.0>}
x[1,0]{0  <0.7338010210691831>, 1  <0.005640399556536187>, 2  <0.17345123062304246>, 7  <0.022796373184104688>, 4  <0.0198510819804456>, 6  <0.04445989358668803>}
x[1,1]{0  <0.09484060604210504>, 1  <0.05493378930341161>, 2  <0.25144979066984496>, 7  <0.34123031940943055>, 4  <0.2575454945752079>}
x[1,2]{6  <0.30430186070251963>, 1  <0.1698792034906898>, 7  <0.5258189358067905>}
x[1,3]{6  <0.6096566343027435>, 2  <0.3903433656972564>}
x[1,4]{6  <0.010305056018285708>, 1  <0.5016660921290121>, 4  <0.4880288518527022>}
x[1,5]{0  <0.3872014344059222>, 1  <0.08119156000229742>, 2  <0.3181364757554028>, 7  <0.026094093380047614>, 4  <0.1873764364563299>}
x[1,6]{3  <1.0>}
x[1,7]{5  <1.0>}
x[2,0]{5  <1.0>}
x[2,1]{3  <1.0>}
x[2,2]{2  <1.0>}
x[2,3]{1  <1.0>}
x[2,4]{7  <1.0>}
x[2,5]{6  <1.0>}
x[2,6]{4  <1.0>}
x[2,7]{0  <1.0>}
x[3,0]{6  <0.8242446641253814>, 1  <0.0077214699064874276>, 2  <0.11215510340465937>, 7  <0.03660548696408854>, 4  <0.019273275599383303>}
x[3,1]{4  <0.23361686853854535>, 1  <0.2293645693299816>, 2  <0.23823094257412403>, 7  <0.29878761955734906>}
x[3,2]{5  <1.0>}
x[3,3]{0  <1.0>}
x[3,4]{6  <0.01769740942386431>, 1  <0.21037697977879022>, 4  <0.7719256107973456>}
x[3,5]{3  <1.0>}
x[3,6]{6  <0.3366342574145563>, 1  <0.10531447765031195>, 2  <0.5580512649351318>}
x[3,7]{7  <0.8781209105176117>, 1  <0.12187908948238836>}
x[4,0]{0  <0.4361395156235847>, 1  <0.025978501240855083>, 2  <0.2691308597339846>, 6  <0.06554151369533137>, 7  <0.20320960970624424>}
x[4,1]{0  <0.34606624570654>, 1  <0.1557773204576559>, 2  <0.19424338189277382>, 7  <0.3039130519430303>}
x[4,2]{4  <1.0>}
x[4,3]{3  <1.0>}
x[4,4]{6  <0.9735444081135248>, 1  <0.026455591886475137>}
x[4,5]{0  <0.3466967779453>, 1  <0.15690686322545888>, 2  <0.3909200785499049>, 7  <0.10547628027933624>}
x[4,6]{5  <1.0>}
x[4,7]{7  <0.586321452811287>, 1  <0.413678547188713>}
x[5,0]{7  <0.24174936422598708>, 1  <0.7582506357740129>}
x[5,1]{5  <1.0>}
x[5,2]{3  <1.0>}
x[5,3]{4  <1.0>}
x[5,4]{2  <1.0>}
x[5,5]{7  <0.9021673712246338>, 1  <0.09783262877536625>}
x[5,6]{0  <1.0>}
x[5,7]{6  <1.0>}
x[6,0]{3  <1.0>}
x[6,1]{0  <0.8384645525804195>, 1  <0.04557441804773503>, 2  <0.11596102937184546>}
x[6,2]{6  <0.6105319922834377>, 1  <0.3894680077165623>}
x[6,3]{7  <1.0>}
x[6,4]{5  <1.0>}
x[6,5]{0  <0.5949814292164118>, 1  <0.11930727918459437>, 2  <0.28571129159899367>}
x[6,6]{6  <0.5083021303576639>, 1  <0.17506373013905435>, 2  <0.31663413950328184>}
x[6,7]{4  <1.0>}
x[7,0]{4  <0.7449844008934758>, 1  <0.25501559910652416>}
x[7,1]{6  <1.0>}
x[7,2]{0  <1.0>}
x[7,3]{5  <1.0>}
x[7,4]{3  <1.0>}
x[7,5]{4  <0.8935016067873697>, 1  <0.10649839321263038>}
x[7,6]{7  <1.0>}
x[7,7]{2  <1.0>}
problem entropy = 0.0
smallest variable entropy = 1.7976931348623157E308
### branching on x[0,3]=2
##### after BP iteration 1 #####
x[0,0]{7  <0.6129780734432952>, 1  <0.012783183965602388>, 4  <0.10045897355238191>, 6  <0.27377976903872053>}
x[0,1]{7  <0.06762189980901064>, 1  <0.06621598069646967>, 4  <0.8661621194945197>}
x[0,2]{7  <0.2488740884369194>, 1  <0.19829627439660474>, 6  <0.5528296371664759>}
x[0,3]{2  <1.0>}
x[0,4]{0  <1.0>}
x[0,5]{5  <1.0>}
x[0,6]{6  <0.10206966052547814>, 1  <0.8979303394745218>}
x[0,7]{3  <1.0>}
x[1,0]{0  <0.43847342909795484>, 1  <0.0017471972943936874>, 2  <0.5475450419923703>, 7  <0.00757649337112293>, 4  <0.00465783824415822>}
x[1,1]{0  <0.056605180097494795>, 1  <0.13880996377138102>, 2  <0.41386332272078613>, 7  <0.26035262347133553>, 4  <0.13036890993900246>}
x[1,2]{7  <0.43887863436544927>, 1  <0.5611213656345507>}
x[1,3]{6  <1.0>}
x[1,4]{4  <0.41509395527109555>, 1  <0.5849060447289045>}
x[1,5]{0  <0.2556400535658326>, 1  <0.14954630711260536>, 2  <0.41016865695452237>, 7  <0.027815052099731844>, 4  <0.15682993026730788>}
x[1,6]{3  <1.0>}
x[1,7]{5  <1.0>}
x[2,0]{5  <1.0>}
x[2,1]{3  <1.0>}
x[2,2]{2  <1.0>}
x[2,3]{1  <1.0>}
x[2,4]{7  <1.0>}
x[2,5]{6  <1.0>}
x[2,6]{4  <1.0>}
x[2,7]{0  <1.0>}
x[3,0]{6  <0.769259837878815>, 1  <0.008216979187053624>, 2  <0.17194532467268425>, 7  <0.038796944349340126>, 4  <0.011780913912107081>}
x[3,1]{4  <0.07844572904332132>, 1  <0.5194375367823663>, 2  <0.22541278356707223>, 7  <0.17670395060724017>}
x[3,2]{5  <1.0>}
x[3,3]{0  <1.0>}
x[3,4]{6  <0.014601158143311734>, 1  <0.3429726905422074>, 4  <0.6424261513144808>}
x[3,5]{3  <1.0>}
x[3,6]{6  <0.32099557328981065>, 1  <0.05416451538380847>, 2  <0.624839911326381>}
x[3,7]{7  <0.4462598837869616>, 1  <0.5537401162130384>}
x[4,0]{0  <0.25289459656472335>, 1  <0.005858425290361442>, 2  <0.6585634685579801>, 6  <0.018371018621634032>, 7  <0.06431249096530114>}
x[4,1]{0  <0.19257983922895383>, 1  <0.28115436474659056>, 2  <0.2387159126896978>, 7  <0.2875498833347577>}
x[4,2]{4  <1.0>}
x[4,3]{3  <1.0>}
x[4,4]{6  <0.9612385110272816>, 1  <0.03876148897271831>}
x[4,5]{0  <0.23925101575278168>, 1  <0.32160592305070607>, 2  <0.2877115140955673>, 7  <0.15143154710094514>}
x[4,6]{5  <1.0>}
x[4,7]{7  <0.19489782693694285>, 1  <0.8051021730630572>}
x[5,0]{7  <0.20921766476596887>, 1  <0.7907823352340311>}
x[5,1]{5  <1.0>}
x[5,2]{3  <1.0>}
x[5,3]{4  <1.0>}
x[5,4]{2  <1.0>}
x[5,5]{7  <0.6654541169538821>, 1  <0.334545883046118>}
x[5,6]{0  <1.0>}
x[5,7]{6  <1.0>}
x[6,0]{3  <1.0>}
x[6,1]{0  <0.5016850144190322>, 1  <0.18414097816954852>, 2  <0.31417400741141926>}
x[6,2]{6  <0.6812845629357203>, 1  <0.3187154370642798>}
x[6,3]{7  <1.0>}
x[6,4]{5  <1.0>}
x[6,5]{0  <0.19695076825688582>, 1  <0.3115821037400853>, 2  <0.4914671280030288>}
x[6,6]{6  <0.4669593551499069>, 1  <0.07233293417541053>, 2  <0.4607077106746826>}
x[6,7]{4  <1.0>}
x[7,0]{4  <0.45902100929980555>, 1  <0.5409789907001945>}
x[7,1]{6  <1.0>}
x[7,2]{0  <1.0>}
x[7,3]{5  <1.0>}
x[7,4]{3  <1.0>}
x[7,5]{4  <0.3853641339493835>, 1  <0.6146358660506165>}
x[7,6]{7  <1.0>}
x[7,7]{2  <1.0>}
problem entropy = 0.0
smallest variable entropy = 1.7976931348623157E308
### branching on x[0,6]=1
### branching on x[0,1]=7
##### after BP iteration 1 #####
x[0,0]{4  <1.0>}
x[0,1]{7  <1.0>}
x[0,2]{6  <1.0>}
x[0,3]{2  <1.0>}
x[0,4]{0  <1.0>}
x[0,5]{5  <1.0>}
x[0,6]{1  <1.0>}
x[0,7]{3  <1.0>}
x[1,0]{0  <0.5374549372267873>, 2  <0.46254506277321283>}
x[1,1]{4  <0.8927451997671796>, 1  <0.10725480023282044>}
x[1,2]{7  <1.0>}
x[1,3]{6  <1.0>}
x[1,4]{4  <0.3688151495532247>, 1  <0.6311848504467752>}
x[1,5]{0  <0.7795956350342487>, 2  <0.22040436496575147>}
x[1,6]{3  <1.0>}
x[1,7]{5  <1.0>}
x[2,0]{5  <1.0>}
x[2,1]{3  <1.0>}
x[2,2]{2  <1.0>}
x[2,3]{1  <1.0>}
x[2,4]{7  <1.0>}
x[2,5]{6  <1.0>}
x[2,6]{4  <1.0>}
x[2,7]{0  <1.0>}
x[3,0]{6  <1.0>}
x[3,1]{4  <0.28012312568721925>, 1  <0.7198768743127808>}
x[3,2]{5  <1.0>}
x[3,3]{0  <1.0>}
x[3,4]{4  <0.7370094667725461>, 1  <0.2629905332274539>}
x[3,5]{3  <1.0>}
x[3,6]{2  <1.0>}
x[3,7]{7  <1.0>}
x[4,0]{0  <0.5425513618850261>, 2  <0.457448638114974>}
x[4,1]{0  <0.7491911881250868>, 2  <0.25080881187491316>}
x[4,2]{4  <1.0>}
x[4,3]{3  <1.0>}
x[4,4]{6  <1.0>}
x[4,5]{7  <1.0>}
x[4,6]{5  <1.0>}
x[4,7]{1  <1.0>}
x[5,0]{7  <1.0>}
x[5,1]{5  <1.0>}
x[5,2]{3  <1.0>}
x[5,3]{4  <1.0>}
x[5,4]{2  <1.0>}
x[5,5]{1  <1.0>}
x[5,6]{0  <1.0>}
x[5,7]{6  <1.0>}
x[6,0]{3  <1.0>}
x[6,1]{0  <0.4793668551069263>, 2  <0.5206331448930738>}
x[6,2]{1  <1.0>}
x[6,3]{7  <1.0>}
x[6,4]{5  <1.0>}
x[6,5]{0  <0.4298303057642404>, 2  <0.5701696942357596>}
x[6,6]{6  <1.0>}
x[6,7]{4  <1.0>}
x[7,0]{1  <1.0>}
x[7,1]{6  <1.0>}
x[7,2]{0  <1.0>}
x[7,3]{5  <1.0>}
x[7,4]{3  <1.0>}
x[7,5]{4  <1.0>}
x[7,6]{7  <1.0>}
x[7,7]{2  <1.0>}
problem entropy = 0.0
smallest variable entropy = 1.7976931348623157E308
### branching on x[1,0]=2
##### after BP iteration 1 #####
x[0,0]{4  <1.0>}
x[0,1]{7  <1.0>}
x[0,2]{6  <1.0>}
x[0,3]{2  <1.0>}
x[0,4]{0  <1.0>}
x[0,5]{5  <1.0>}
x[0,6]{1  <1.0>}
x[0,7]{3  <1.0>}
x[1,0]{2  <1.0>}
x[1,1]{4  <0.8240297631803711>, 1  <0.1759702368196289>}
x[1,2]{7  <1.0>}
x[1,3]{6  <1.0>}
x[1,4]{4  <0.05696693885593848>, 1  <0.9430330611440615>}
x[1,5]{0  <1.0>}
x[1,6]{3  <1.0>}
x[1,7]{5  <1.0>}
x[2,0]{5  <1.0>}
x[2,1]{3  <1.0>}
x[2,2]{2  <1.0>}
x[2,3]{1  <1.0>}
x[2,4]{7  <1.0>}
x[2,5]{6  <1.0>}
x[2,6]{4  <1.0>}
x[2,7]{0  <1.0>}
x[3,0]{6  <1.0>}
x[3,1]{4  <0.2211052550079137>, 1  <0.7788947449920862>}
x[3,2]{5  <1.0>}
x[3,3]{0  <1.0>}
x[3,4]{4  <0.7013119550649145>, 1  <0.29868804493508544>}
x[3,5]{3  <1.0>}
x[3,6]{2  <1.0>}
x[3,7]{7  <1.0>}
x[4,0]{0  <1.0>}
x[4,1]{2  <1.0>}
x[4,2]{4  <1.0>}
x[4,3]{3  <1.0>}
x[4,4]{6  <1.0>}
x[4,5]{7  <1.0>}
x[4,6]{5  <1.0>}
x[4,7]{1  <1.0>}
x[5,0]{7  <1.0>}
x[5,1]{5  <1.0>}
x[5,2]{3  <1.0>}
x[5,3]{4  <1.0>}
x[5,4]{2  <1.0>}
x[5,5]{1  <1.0>}
x[5,6]{0  <1.0>}
x[5,7]{6  <1.0>}
x[6,0]{3  <1.0>}
x[6,1]{0  <1.0>}
x[6,2]{1  <1.0>}
x[6,3]{7  <1.0>}
x[6,4]{5  <1.0>}
x[6,5]{2  <1.0>}
x[6,6]{6  <1.0>}
x[6,7]{4  <1.0>}
x[7,0]{1  <1.0>}
x[7,1]{6  <1.0>}
x[7,2]{0  <1.0>}
x[7,3]{5  <1.0>}
x[7,4]{3  <1.0>}
x[7,5]{4  <1.0>}
x[7,6]{7  <1.0>}
x[7,7]{2  <1.0>}
problem entropy = 0.0
smallest variable entropy = 1.7976931348623157E308
### branching on x[1,1]=4
##### after BP iteration 1 #####
x[0,0]{4  <1.0>}
x[0,1]{7  <1.0>}
x[0,2]{6  <1.0>}
x[0,3]{2  <1.0>}
x[0,4]{0  <1.0>}
x[0,5]{5  <1.0>}
x[0,6]{1  <1.0>}
x[0,7]{3  <1.0>}
x[1,0]{2  <1.0>}
x[1,1]{4  <1.0>}
x[1,2]{7  <1.0>}
x[1,3]{6  <1.0>}
x[1,4]{1  <1.0>}
x[1,5]{0  <1.0>}
x[1,6]{3  <1.0>}
x[1,7]{5  <1.0>}
x[2,0]{5  <1.0>}
x[2,1]{3  <1.0>}
x[2,2]{2  <1.0>}
x[2,3]{1  <1.0>}
x[2,4]{7  <1.0>}
x[2,5]{6  <1.0>}
x[2,6]{4  <1.0>}
x[2,7]{0  <1.0>}
x[3,0]{6  <1.0>}
x[3,1]{1  <1.0>}
x[3,2]{5  <1.0>}
x[3,3]{0  <1.0>}
x[3,4]{4  <1.0>}
x[3,5]{3  <1.0>}
x[3,6]{2  <1.0>}
x[3,7]{7  <1.0>}
x[4,0]{0  <1.0>}
x[4,1]{2  <1.0>}
x[4,2]{4  <1.0>}
x[4,3]{3  <1.0>}
x[4,4]{6  <1.0>}
x[4,5]{7  <1.0>}
x[4,6]{5  <1.0>}
x[4,7]{1  <1.0>}
x[5,0]{7  <1.0>}
x[5,1]{5  <1.0>}
x[5,2]{3  <1.0>}
x[5,3]{4  <1.0>}
x[5,4]{2  <1.0>}
x[5,5]{1  <1.0>}
x[5,6]{0  <1.0>}
x[5,7]{6  <1.0>}
x[6,0]{3  <1.0>}
x[6,1]{0  <1.0>}
x[6,2]{1  <1.0>}
x[6,3]{7  <1.0>}
x[6,4]{5  <1.0>}
x[6,5]{2  <1.0>}
x[6,6]{6  <1.0>}
x[6,7]{4  <1.0>}
x[7,0]{1  <1.0>}
x[7,1]{6  <1.0>}
x[7,2]{0  <1.0>}
x[7,3]{5  <1.0>}
x[7,4]{3  <1.0>}
x[7,5]{4  <1.0>}
x[7,6]{7  <1.0>}
x[7,7]{2  <1.0>}
problem entropy = 0.0
smallest variable entropy = 1.7976931348623157E308
### branching on x[1,1]!=4
##### after BP iteration 1 #####
x[0,0]{4  <1.0>}
x[0,1]{7  <1.0>}
x[0,2]{6  <1.0>}
x[0,3]{2  <1.0>}
x[0,4]{0  <1.0>}
x[0,5]{5  <1.0>}
x[0,6]{1  <1.0>}
x[0,7]{3  <1.0>}
x[1,0]{2  <1.0>}
x[1,1]{1  <1.0>}
x[1,2]{7  <1.0>}
x[1,3]{6  <1.0>}
x[1,4]{4  <1.0>}
x[1,5]{0  <1.0>}
x[1,6]{3  <1.0>}
x[1,7]{5  <1.0>}
x[2,0]{5  <1.0>}
x[2,1]{3  <1.0>}
x[2,2]{2  <1.0>}
x[2,3]{1  <1.0>}
x[2,4]{7  <1.0>}
x[2,5]{6  <1.0>}
x[2,6]{4  <1.0>}
x[2,7]{0  <1.0>}
x[3,0]{6  <1.0>}
x[3,1]{4  <1.0>}
x[3,2]{5  <1.0>}
x[3,3]{0  <1.0>}
x[3,4]{1  <1.0>}
x[3,5]{3  <1.0>}
x[3,6]{2  <1.0>}
x[3,7]{7  <1.0>}
x[4,0]{0  <1.0>}
x[4,1]{2  <1.0>}
x[4,2]{4  <1.0>}
x[4,3]{3  <1.0>}
x[4,4]{6  <1.0>}
x[4,5]{7  <1.0>}
x[4,6]{5  <1.0>}
x[4,7]{1  <1.0>}
x[5,0]{7  <1.0>}
x[5,1]{5  <1.0>}
x[5,2]{3  <1.0>}
x[5,3]{4  <1.0>}
x[5,4]{2  <1.0>}
x[5,5]{1  <1.0>}
x[5,6]{0  <1.0>}
x[5,7]{6  <1.0>}
x[6,0]{3  <1.0>}
x[6,1]{0  <1.0>}
x[6,2]{1  <1.0>}
x[6,3]{7  <1.0>}
x[6,4]{5  <1.0>}
x[6,5]{2  <1.0>}
x[6,6]{6  <1.0>}
x[6,7]{4  <1.0>}
x[7,0]{1  <1.0>}
x[7,1]{6  <1.0>}
x[7,2]{0  <1.0>}
x[7,3]{5  <1.0>}
x[7,4]{3  <1.0>}
x[7,5]{4  <1.0>}
x[7,6]{7  <1.0>}
x[7,7]{2  <1.0>}
problem entropy = 0.0
smallest variable entropy = 1.7976931348623157E308

	#choice: 7
	#fail: 0
	execution time (ms): 62
	#sols : 1
	completed : false

