{2  <3.0>}
model: sum-product-init
FINAL DAMPING FACTOR = 1.0
##### after BP iteration 1 #####
x[0,0]{2  <1.0>}
x[0,1]{3  <0.44713540294102144>, 5  <0.5528645970589786>}
x[0,2]{0  <1.0>}
x[0,3]{4  <1.0>}
x[0,4]{6  <0.5504495504495504>, 5  <0.4495504495504496>}
x[0,5]{1  <1.0>}
x[0,6]{7  <1.0>}
x[0,7]{6  <0.43298969072164956>, 5  <0.18671248568155788>, 3  <0.3802978235967926>}
x[1,0]{1  <1.0>}
x[1,1]{0  <0.12414320643699865>, 3  <0.5874984136128085>, 2  <0.28835837995019276>}
x[1,2]{4  <1.0>}
x[1,3]{5  <1.0>}
x[1,4]{2  <0.5367400426404487>, 6  <0.4632599573595512>}
x[1,5]{7  <1.0>}
x[1,6]{0  <0.8519593812776585>, 6  <0.050039771458135214>, 2  <0.03294637770476477>, 3  <0.06505446955944166>}
x[1,7]{3  <0.36449122788821076>, 6  <0.5486921783083627>, 2  <0.08681659380342654>}
x[2,0]{3  <1.0>}
x[2,1]{6  <1.0>}
x[2,2]{7  <0.3078946727401165>, 2  <0.6921053272598835>}
x[2,3]{0  <1.0>}
x[2,4]{4  <1.0>}
x[2,5]{5  <0.7612375897921426>, 2  <0.23876241020785743>}
x[2,6]{2  <0.0917968000341178>, 1  <0.9082031999658822>}
x[2,7]{5  <0.32962844295168553>, 1  <0.02861530642684313>, 2  <0.08584591928052941>, 7  <0.5559103313409419>}
x[3,0]{0  <1.0>}
x[3,1]{7  <1.0>}
x[3,2]{6  <1.0>}
x[3,3]{3  <1.0>}
x[3,4]{2  <0.46083749186374484>, 1  <0.5391625081362551>}
x[3,5]{4  <1.0>}
x[3,6]{5  <1.0>}
x[3,7]{2  <0.7820404721753794>, 1  <0.21795952782462055>}
x[4,0]{7  <1.0>}
x[4,1]{0  <0.05235627903909219>, 1  <0.8235642634262568>, 2  <0.12407945753465105>}
x[4,2]{5  <1.0>}
x[4,3]{6  <1.0>}
x[4,4]{3  <1.0>}
x[4,5]{0  <0.3064575261419803>, 2  <0.6935424738580197>}
x[4,6]{0  <0.03487222481674158>, 1  <0.10516084573999604>, 2  <0.7209966475617184>, 4  <0.138970281881544>}
x[4,7]{4  <0.4277396819041113>, 1  <0.14723202358777712>, 2  <0.4250282945081114>}
x[5,0]{5  <0.42958998498484663>, 6  <0.5704100150151534>}
x[5,1]{5  <0.14661638559203774>, 3  <0.17087914443705585>, 2  <0.6825044699709064>}
x[5,2]{1  <1.0>}
x[5,3]{7  <1.0>}
x[5,4]{0  <1.0>}
x[5,5]{5  <0.06785460458519843>, 6  <0.49708638359005186>, 2  <0.09269109590191>, 3  <0.3423679159228398>}
x[5,6]{4  <0.38091438138335193>, 6  <0.05579397701017955>, 2  <0.3321537774611584>, 3  <0.23113786414531012>}
x[5,7]{5  <0.19464783902243857>, 6  <0.14830311544566752>, 2  <0.2371047784071708>, 3  <0.3189735043223562>, 4  <0.1009707628023669>}
x[6,0]{4  <1.0>}
x[6,1]{0  <0.3747105546764189>, 1  <0.4265446739362283>, 5  <0.18774502375176502>, 3  <0.010999747635587653>}
x[6,2]{7  <0.06095875304524389>, 3  <0.9390412469547561>}
x[6,3]{2  <1.0>}
x[6,4]{5  <0.45636696268976384>, 1  <0.23919780572079938>, 7  <0.2285707500682744>, 6  <0.0758644815211623>}
x[6,5]{0  <0.4608561984608345>, 6  <0.2639508335974639>, 5  <0.2130240062563712>, 3  <0.06216896168533046>}
x[6,6]{0  <0.03585244689506017>, 1  <0.03853424453048103>, 6  <0.8920208308248668>, 3  <0.03359247774959177>}
x[6,7]{6  <0.0495560906564463>, 1  <0.05444767477394571>, 5  <0.2754557055932308>, 3  <0.01962762864596595>, 7  <0.6009129003304112>}
x[7,0]{5  <0.730816077953715>, 6  <0.269183922046285>}
x[7,1]{4  <1.0>}
x[7,2]{3  <0.1081802480766211>, 7  <0.0753650494583137>, 2  <0.8164547024650651>}
x[7,3]{1  <1.0>}
x[7,4]{5  <0.04574126911113325>, 6  <0.022870634555566625>, 2  <0.05645283213082902>, 7  <0.8749352642024711>}
x[7,5]{5  <0.09305057862891385>, 6  <0.44348822181754094>, 2  <0.08036186336133463>, 3  <0.38309933619221054>}
x[7,6]{3  <0.6312109927992979>, 6  <0.23291172215477424>, 2  <0.13587728504592772>}
x[7,7]{0  <1.0>}
problem entropy = 0.0
smallest variable entropy = 1.7976931348623157E308
### branching on x[0,1]=3
### branching on x[0,4]=5
##### after BP iteration 1 #####
x[0,0]{2  <1.0>}
x[0,1]{3  <1.0>}
x[0,2]{0  <1.0>}
x[0,3]{4  <1.0>}
x[0,4]{5  <1.0>}
x[0,5]{1  <1.0>}
x[0,6]{7  <1.0>}
x[0,7]{6  <1.0>}
x[1,0]{1  <1.0>}
x[1,1]{0  <0.4591771014217105>, 2  <0.5408228985782896>}
x[1,2]{4  <1.0>}
x[1,3]{5  <1.0>}
x[1,4]{2  <0.02062006485381226>, 6  <0.9793799351461877>}
x[1,5]{7  <1.0>}
x[1,6]{0  <0.8142090653417523>, 6  <0.11047130042131759>, 2  <0.05147521278311558>, 3  <0.023844421453814553>}
x[1,7]{3  <0.9846310899693794>, 2  <0.015368910030620502>}
x[2,0]{3  <1.0>}
x[2,1]{6  <1.0>}
x[2,2]{7  <0.547530384106733>, 2  <0.45246961589326695>}
x[2,3]{0  <1.0>}
x[2,4]{4  <1.0>}
x[2,5]{5  <0.8806295947996352>, 2  <0.1193704052003648>}
x[2,6]{2  <0.01986136562498142>, 1  <0.9801386343750187>}
x[2,7]{5  <0.14531148201676145>, 1  <0.08691045978029319>, 2  <0.022766967533695164>, 7  <0.7450110906692502>}
x[3,0]{0  <1.0>}
x[3,1]{7  <1.0>}
x[3,2]{6  <1.0>}
x[3,3]{3  <1.0>}
x[3,4]{2  <0.6996686618110368>, 1  <0.30033133818896335>}
x[3,5]{4  <1.0>}
x[3,6]{5  <1.0>}
x[3,7]{2  <0.2765290779096894>, 1  <0.7234709220903106>}
x[4,0]{7  <1.0>}
x[4,1]{0  <0.22876870076243105>, 1  <0.6875697285601898>, 2  <0.08366157067737912>}
x[4,2]{5  <1.0>}
x[4,3]{6  <1.0>}
x[4,4]{3  <1.0>}
x[4,5]{0  <0.6710788428225526>, 2  <0.32892115717744735>}
x[4,6]{0  <0.13019138545393968>, 1  <0.03416175742869761>, 2  <0.3894053365593939>, 4  <0.44624152055796884>}
x[4,7]{4  <0.7617516509403245>, 1  <0.18301259094247999>, 2  <0.055235758117195596>}
x[5,0]{5  <0.305650990288973>, 6  <0.694349009711027>}
x[5,1]{5  <0.7065098463837045>, 2  <0.29349015361629543>}
x[5,2]{1  <1.0>}
x[5,3]{7  <1.0>}
x[5,4]{0  <1.0>}
x[5,5]{5  <0.032094248411826135>, 6  <0.26498242731411287>, 2  <0.028676696806397745>, 3  <0.6742466274676633>}
x[5,6]{4  <0.9289725284088235>, 6  <0.00322727208771412>, 2  <0.028603057117300015>, 3  <0.03919714238616229>}
x[5,7]{5  <0.1760059543272708>, 4  <0.7082144240423677>, 2  <0.04182422369184643>, 3  <0.07395539793851519>}
x[6,0]{4  <1.0>}
x[6,1]{0  <0.2782679215435185>, 1  <0.06286123220199592>, 5  <0.6588708462544857>}
x[6,2]{7  <0.0865569506992812>, 3  <0.9134430493007188>}
x[6,3]{2  <1.0>}
x[6,4]{6  <0.01642996531406269>, 1  <0.9240588417423706>, 7  <0.05951119294356666>}
x[6,5]{0  <0.78670167634466>, 6  <0.014399599261182262>, 5  <0.1883004174810033>, 3  <0.010598306913154408>}
x[6,6]{0  <0.07403686215138211>, 1  <0.007290558165568062>, 6  <0.9043334406163351>, 3  <0.014339139066714579>}
x[6,7]{7  <0.5141923975708357>, 1  <0.18900615130172116>, 5  <0.29484058523480994>, 3  <0.001960865892633293>}
x[7,0]{5  <0.8601788415265292>, 6  <0.13982115847347074>}
x[7,1]{4  <1.0>}
x[7,2]{3  <0.12014633200323817>, 7  <0.12370823313875864>, 2  <0.7561454348580032>}
x[7,3]{1  <1.0>}
x[7,4]{7  <0.9402286397205706>, 6  <0.015330736615058167>, 2  <0.04444062366437132>}
x[7,5]{5  <0.048716295939775785>, 6  <0.62166189946255>, 2  <0.013984653380945115>, 3  <0.31563715121672903>}
x[7,6]{3  <0.8164804723197352>, 6  <0.1398785314782459>, 2  <0.04364099620201895>}
x[7,7]{0  <1.0>}
problem entropy = 0.0
smallest variable entropy = 1.7976931348623157E308
### branching on x[1,1]=2
##### after BP iteration 1 #####
x[0,0]{2  <1.0>}
x[0,1]{3  <1.0>}
x[0,2]{0  <1.0>}
x[0,3]{4  <1.0>}
x[0,4]{5  <1.0>}
x[0,5]{1  <1.0>}
x[0,6]{7  <1.0>}
x[0,7]{6  <1.0>}
x[1,0]{1  <1.0>}
x[1,1]{2  <1.0>}
x[1,2]{4  <1.0>}
x[1,3]{5  <1.0>}
x[1,4]{6  <1.0>}
x[1,5]{7  <1.0>}
x[1,6]{0  <1.0>}
x[1,7]{3  <1.0>}
x[2,0]{3  <1.0>}
x[2,1]{6  <1.0>}
x[2,2]{7  <0.5599707257186592>, 2  <0.44002927428134075>}
x[2,3]{0  <1.0>}
x[2,4]{4  <1.0>}
x[2,5]{5  <0.26978973036725107>, 2  <0.7302102696327489>}
x[2,6]{1  <1.0>}
x[2,7]{5  <0.5562886250252659>, 7  <0.4437113749747341>}
x[3,0]{0  <1.0>}
x[3,1]{7  <1.0>}
x[3,2]{6  <1.0>}
x[3,3]{3  <1.0>}
x[3,4]{2  <0.9941643303943761>, 1  <0.005835669605623863>}
x[3,5]{4  <1.0>}
x[3,6]{5  <1.0>}
x[3,7]{2  <0.20243441424816067>, 1  <0.7975655857518392>}
x[4,0]{7  <1.0>}
x[4,1]{0  <0.31401738828220205>, 1  <0.685982611717798>}
x[4,2]{5  <1.0>}
x[4,3]{6  <1.0>}
x[4,4]{3  <1.0>}
x[4,5]{0  <0.40121449568954>, 2  <0.5987855043104601>}
x[4,6]{4  <0.13659742168375838>, 2  <0.8634025783162418>}
x[4,7]{4  <0.08432858104113067>, 1  <0.5531337036637104>, 2  <0.362537715295159>}
x[5,0]{6  <1.0>}
x[5,1]{5  <1.0>}
x[5,2]{1  <1.0>}
x[5,3]{7  <1.0>}
x[5,4]{0  <1.0>}
x[5,5]{3  <0.9874100453911032>, 2  <0.012589954608896793>}
x[5,6]{4  <0.17770684779516194>, 3  <0.02018908343998827>, 2  <0.8021040687648497>}
x[5,7]{2  <0.7845444471687999>, 4  <0.21545555283120008>}
x[6,0]{4  <1.0>}
x[6,1]{0  <0.8010358912345886>, 1  <0.19896410876541143>}
x[6,2]{7  <0.2628494337100553>, 3  <0.7371505662899447>}
x[6,3]{2  <1.0>}
x[6,4]{7  <0.06686874094208917>, 1  <0.9331312590579108>}
x[6,5]{0  <0.07479513565359212>, 6  <0.04137499149205038>, 5  <0.7666108049307052>, 3  <0.11721906792365235>}
x[6,6]{3  <0.08230777720471415>, 6  <0.9176922227952858>}
x[6,7]{7  <0.2702248546821978>, 5  <0.7297751453178022>}
x[7,0]{5  <1.0>}
x[7,1]{4  <1.0>}
x[7,2]{3  <0.04760435764111971>, 7  <0.2197875617026004>, 2  <0.7326080806562799>}
x[7,3]{1  <1.0>}
x[7,4]{7  <0.9105895816538295>, 2  <0.0894104183461704>}
x[7,5]{3  <0.0028586902176906365>, 6  <0.9941641722069303>, 2  <0.002977137575379061>}
x[7,6]{3  <0.8888716820074216>, 6  <0.022842301026840095>, 2  <0.08828601696573818>}
x[7,7]{0  <1.0>}
problem entropy = 0.0
smallest variable entropy = 1.7976931348623157E308
### branching on x[2,2]=2
##### after BP iteration 1 #####
x[0,0]{2  <1.0>}
x[0,1]{3  <1.0>}
x[0,2]{0  <1.0>}
x[0,3]{4  <1.0>}
x[0,4]{5  <1.0>}
x[0,5]{1  <1.0>}
x[0,6]{7  <1.0>}
x[0,7]{6  <1.0>}
x[1,0]{1  <1.0>}
x[1,1]{2  <1.0>}
x[1,2]{4  <1.0>}
x[1,3]{5  <1.0>}
x[1,4]{6  <1.0>}
x[1,5]{7  <1.0>}
x[1,6]{0  <1.0>}
x[1,7]{3  <1.0>}
x[2,0]{3  <1.0>}
x[2,1]{6  <1.0>}
x[2,2]{2  <1.0>}
x[2,3]{0  <1.0>}
x[2,4]{4  <1.0>}
x[2,5]{5  <1.0>}
x[2,6]{1  <1.0>}
x[2,7]{7  <1.0>}
x[3,0]{0  <1.0>}
x[3,1]{7  <1.0>}
x[3,2]{6  <1.0>}
x[3,3]{3  <1.0>}
x[3,4]{2  <0.8415831564394217>, 1  <0.1584168435605782>}
x[3,5]{4  <1.0>}
x[3,6]{5  <1.0>}
x[3,7]{2  <0.005166162783404998>, 1  <0.994833837216595>}
x[4,0]{7  <1.0>}
x[4,1]{0  <0.5728218203807933>, 1  <0.4271781796192067>}
x[4,2]{5  <1.0>}
x[4,3]{6  <1.0>}
x[4,4]{3  <1.0>}
x[4,5]{0  <0.5122086129990818>, 2  <0.4877913870009182>}
x[4,6]{4  <0.9866709068613649>, 2  <0.013329093138635086>}
x[4,7]{4  <0.9046600084797742>, 1  <0.04688907688175102>, 2  <0.04845091463847469>}
x[5,0]{6  <1.0>}
x[5,1]{5  <1.0>}
x[5,2]{1  <1.0>}
x[5,3]{7  <1.0>}
x[5,4]{0  <1.0>}
x[5,5]{3  <0.708929223348488>, 2  <0.291070776651512>}
x[5,6]{4  <0.5486794766033634>, 3  <0.006206345968582775>, 2  <0.44511417742805387>}
x[5,7]{2  <0.37215926142379807>, 4  <0.6278407385762019>}
x[6,0]{4  <1.0>}
x[6,1]{0  <0.7824589969249035>, 1  <0.21754100307509647>}
x[6,2]{7  <0.9272413253681465>, 3  <0.07275867463185341>}
x[6,3]{2  <1.0>}
x[6,4]{7  <0.16146236298025224>, 1  <0.8385376370197478>}
x[6,5]{0  <0.25891410908382595>, 6  <0.13516915737867757>, 3  <0.6059167335374965>}
x[6,6]{3  <0.31078811432463854>, 6  <0.6892118856753614>}
x[6,7]{5  <1.0>}
x[7,0]{5  <1.0>}
x[7,1]{4  <1.0>}
x[7,2]{3  <0.7041220143760598>, 7  <0.29587798562394024>}
x[7,3]{1  <1.0>}
x[7,4]{7  <0.44664368307406777>, 2  <0.5533563169259322>}
x[7,5]{3  <0.002415827662034273>, 6  <0.9702445637077839>, 2  <0.027339608630181873>}
x[7,6]{3  <0.8387843948814628>, 6  <0.012007184439587891>, 2  <0.14920842067894932>}
x[7,7]{0  <1.0>}
problem entropy = 0.0
smallest variable entropy = 1.7976931348623157E308
### branching on x[3,4]=1
##### after BP iteration 1 #####
x[0,0]{2  <1.0>}
x[0,1]{3  <1.0>}
x[0,2]{0  <1.0>}
x[0,3]{4  <1.0>}
x[0,4]{5  <1.0>}
x[0,5]{1  <1.0>}
x[0,6]{7  <1.0>}
x[0,7]{6  <1.0>}
x[1,0]{1  <1.0>}
x[1,1]{2  <1.0>}
x[1,2]{4  <1.0>}
x[1,3]{5  <1.0>}
x[1,4]{6  <1.0>}
x[1,5]{7  <1.0>}
x[1,6]{0  <1.0>}
x[1,7]{3  <1.0>}
x[2,0]{3  <1.0>}
x[2,1]{6  <1.0>}
x[2,2]{2  <1.0>}
x[2,3]{0  <1.0>}
x[2,4]{4  <1.0>}
x[2,5]{5  <1.0>}
x[2,6]{1  <1.0>}
x[2,7]{7  <1.0>}
x[3,0]{0  <1.0>}
x[3,1]{7  <1.0>}
x[3,2]{6  <1.0>}
x[3,3]{3  <1.0>}
x[3,4]{1  <1.0>}
x[3,5]{4  <1.0>}
x[3,6]{5  <1.0>}
x[3,7]{2  <1.0>}
x[4,0]{7  <1.0>}
x[4,1]{0  <1.0>}
x[4,2]{5  <1.0>}
x[4,3]{6  <1.0>}
x[4,4]{3  <1.0>}
x[4,5]{2  <1.0>}
x[4,6]{4  <1.0>}
x[4,7]{1  <1.0>}
x[5,0]{6  <1.0>}
x[5,1]{5  <1.0>}
x[5,2]{1  <1.0>}
x[5,3]{7  <1.0>}
x[5,4]{0  <1.0>}
x[5,5]{3  <1.0>}
x[5,6]{2  <1.0>}
x[5,7]{4  <1.0>}
x[6,0]{4  <1.0>}
x[6,1]{1  <1.0>}
x[6,2]{3  <1.0>}
x[6,3]{2  <1.0>}
x[6,4]{7  <1.0>}
x[6,5]{0  <1.0>}
x[6,6]{6  <1.0>}
x[6,7]{5  <1.0>}
x[7,0]{5  <1.0>}
x[7,1]{4  <1.0>}
x[7,2]{7  <1.0>}
x[7,3]{1  <1.0>}
x[7,4]{2  <1.0>}
x[7,5]{6  <1.0>}
x[7,6]{3  <1.0>}
x[7,7]{0  <1.0>}
problem entropy = 0.0
smallest variable entropy = 1.7976931348623157E308
### branching on x[3,4]!=1
##### after BP iteration 1 #####
x[0,0]{2  <1.0>}
x[0,1]{3  <1.0>}
x[0,2]{0  <1.0>}
x[0,3]{4  <1.0>}
x[0,4]{5  <1.0>}
x[0,5]{1  <1.0>}
x[0,6]{7  <1.0>}
x[0,7]{6  <1.0>}
x[1,0]{1  <1.0>}
x[1,1]{2  <1.0>}
x[1,2]{4  <1.0>}
x[1,3]{5  <1.0>}
x[1,4]{6  <1.0>}
x[1,5]{7  <1.0>}
x[1,6]{0  <1.0>}
x[1,7]{3  <1.0>}
x[2,0]{3  <1.0>}
x[2,1]{6  <1.0>}
x[2,2]{2  <1.0>}
x[2,3]{0  <1.0>}
x[2,4]{4  <1.0>}
x[2,5]{5  <1.0>}
x[2,6]{1  <1.0>}
x[2,7]{7  <1.0>}
x[3,0]{0  <1.0>}
x[3,1]{7  <1.0>}
x[3,2]{6  <1.0>}
x[3,3]{3  <1.0>}
x[3,4]{2  <1.0>}
x[3,5]{4  <1.0>}
x[3,6]{5  <1.0>}
x[3,7]{1  <1.0>}
x[4,0]{7  <1.0>}
x[4,1]{1  <1.0>}
x[4,2]{5  <1.0>}
x[4,3]{6  <1.0>}
x[4,4]{3  <1.0>}
x[4,5]{0  <1.0>}
x[4,6]{4  <0.4393780164753049>, 2  <0.5606219835246952>}
x[4,7]{2  <0.8246532135507569>, 4  <0.17534678644924306>}
x[5,0]{6  <1.0>}
x[5,1]{5  <1.0>}
x[5,2]{1  <1.0>}
x[5,3]{7  <1.0>}
x[5,4]{0  <1.0>}
x[5,5]{3  <0.1143023884366766>, 2  <0.8856976115633235>}
x[5,6]{2  <0.00804545015655809>, 3  <0.9916515575990565>, 4  <3.0299224438531144E-4>}
x[5,7]{4  <0.23364326446535122>, 2  <0.7663567355346488>}
x[6,0]{4  <1.0>}
x[6,1]{0  <1.0>}
x[6,2]{7  <1.0>}
x[6,3]{2  <1.0>}
x[6,4]{1  <1.0>}
x[6,5]{3  <0.8349311336366932>, 6  <0.1650688663633067>}
x[6,6]{6  <0.7420086969135246>, 3  <0.25799130308647544>}
x[6,7]{5  <1.0>}
x[7,0]{5  <1.0>}
x[7,1]{4  <1.0>}
x[7,2]{3  <1.0>}
x[7,3]{1  <1.0>}
x[7,4]{7  <1.0>}
x[7,5]{6  <0.12932880181994194>, 2  <0.870671198180058>}
x[7,6]{2  <0.10660834463339408>, 6  <0.8933916553666059>}
x[7,7]{0  <1.0>}
problem entropy = 0.0
smallest variable entropy = 1.7976931348623157E308

	#choice: 6
	#fail: 0
	execution time (ms): 42
	#sols : 1
	completed : false

