{7  <8.0>, 1  <2.0>, 2  <3.0>, 6  <7.0>, 4  <5.0>}
model: sum-product-init
FINAL DAMPING FACTOR = 1.0
##### after BP iteration 1 #####
x[0,0]{7  <0.2851262013655101>, 1  <0.03535783080744558>, 2  <0.13249401432254926>, 6  <0.4064665320490124>, 4  <0.14055542145548267>}
x[0,1]{7  <0.07683290737204874>, 1  <0.20168577422506823>, 2  <0.13691139715125958>, 4  <0.5845699212516234>}
x[0,2]{7  <0.6901128043961403>, 1  <0.08874996175408885>, 2  <0.062401463073001796>, 6  <0.15873577077676893>}
x[0,3]{4  <0.28837883420018307>, 1  <0.14312270920261366>, 2  <0.21449107110385324>, 6  <0.3540073854933501>}
x[0,4]{0  <1.0>}
x[0,5]{5  <1.0>}
x[0,6]{6  <0.05235832508383132>, 1  <0.6869340682099705>, 2  <0.26070760670619825>}
x[0,7]{3  <1.0>}
x[1,0]{0  <0.5686398082969661>, 1  <0.022384832241401788>, 2  <0.2592672680212114>, 7  <0.03569868763523668>, 4  <0.017519822143627264>, 6  <0.09648958166155669>}
x[1,1]{0  <0.029308884209939982>, 1  <0.12978556155840387>, 2  <0.14559644638203736>, 7  <0.4507481416534155>, 4  <0.24456096619620316>}
x[1,2]{6  <0.2960041765991315>, 1  <0.1533832297791288>, 2  <0.12030354469228045>, 7  <0.43030904892945926>}
x[1,3]{6  <0.6976348525529741>, 1  <0.08017964830145324>, 2  <0.14210741971241764>, 4  <0.08007807943315509>}
x[1,4]{6  <0.02002663458629868>, 1  <0.7195867474798198>, 4  <0.26038661793388146>}
x[1,5]{0  <0.1689594519444123>, 1  <0.2312711546294065>, 2  <0.35237640805672005>, 7  <0.06733127863317692>, 4  <0.18006170673628427>}
x[1,6]{3  <1.0>}
x[1,7]{5  <1.0>}
x[2,0]{5  <1.0>}
x[2,1]{3  <1.0>}
x[2,2]{2  <0.4093814467854848>, 1  <0.5906185532145152>}
x[2,3]{2  <0.6353181382557606>, 1  <0.3646818617442394>}
x[2,4]{7  <1.0>}
x[2,5]{6  <1.0>}
x[2,6]{4  <1.0>}
x[2,7]{0  <1.0>}
x[3,0]{6  <0.6835669201205454>, 1  <0.024257275360354744>, 2  <0.20625046521158738>, 7  <0.05544520082366797>, 4  <0.03048013848384443>}
x[3,1]{4  <0.28993660321137465>, 1  <0.327875111672587>, 2  <0.21953892111215484>, 7  <0.16264936400388358>}
x[3,2]{5  <1.0>}
x[3,3]{0  <1.0>}
x[3,4]{6  <0.027530284505459135>, 1  <0.35582943517188775>, 4  <0.6166402803226532>}
x[3,5]{3  <1.0>}
x[3,6]{6  <0.2497176662756414>, 1  <0.23192254739529314>, 2  <0.5183597863290654>}
x[3,7]{7  <0.7098804506280272>, 1  <0.2901195493719729>}
x[4,0]{0  <0.26409932864534685>, 1  <0.05889655075395859>, 2  <0.45898355552902315>, 6  <0.08339987763405166>, 7  <0.13462068743761962>}
x[4,1]{0  <0.16331025609295804>, 1  <0.39925259089213333>, 2  <0.2617346412084196>, 7  <0.17570251180648888>}
x[4,2]{4  <1.0>}
x[4,3]{3  <1.0>}
x[4,4]{6  <0.9342561080003842>, 1  <0.06574389199961572>}
x[4,5]{0  <0.0877298949671668>, 1  <0.267439085555002>, 2  <0.5278264195475177>, 7  <0.11700459993031342>}
x[4,6]{5  <1.0>}
x[4,7]{7  <0.36014123012850713>, 1  <0.6398587698714929>}
x[5,0]{7  <0.1823757294690221>, 1  <0.545082847020652>, 4  <0.272541423510326>}
x[5,1]{5  <1.0>}
x[5,2]{3  <1.0>}
x[5,3]{4  <0.5934529272348699>, 1  <0.40654707276513>}
x[5,4]{2  <1.0>}
x[5,5]{7  <0.8178128945953717>, 1  <0.08097204684650146>, 4  <0.10121505855812685>}
x[5,6]{0  <1.0>}
x[5,7]{6  <1.0>}
x[6,0]{3  <1.0>}
x[6,1]{0  <0.4934838269499959>, 1  <0.29436698680833306>, 2  <0.21214918624167103>}
x[6,2]{6  <0.3862079961127899>, 1  <0.4367620242899519>, 2  <0.17702997959725816>}
x[6,3]{7  <1.0>}
x[6,4]{5  <1.0>}
x[6,5]{0  <0.20538734879817344>, 1  <0.390277450785969>, 2  <0.4043352004158575>}
x[6,6]{6  <0.5800325929337398>, 1  <0.2563468763432558>, 2  <0.16362053072300434>}
x[6,7]{4  <1.0>}
x[7,0]{4  <0.3449774917745307>, 1  <0.6550225082254693>}
x[7,1]{6  <1.0>}
x[7,2]{0  <1.0>}
x[7,3]{5  <1.0>}
x[7,4]{3  <1.0>}
x[7,5]{4  <0.7114349697276938>, 1  <0.2885650302723061>}
x[7,6]{7  <1.0>}
x[7,7]{2  <1.0>}
problem entropy = 0.0
smallest variable entropy = 1.7976931348623157E308
### branching on x[2,2]=1
### branching on x[3,7]=1
##### after BP iteration 1 #####
x[0,0]{7  <0.47223317679989607>, 1  <0.023565845340683164>, 2  <0.14755216867476512>, 6  <0.16924211689871643>, 4  <0.18740669228593926>}
x[0,1]{7  <0.0842614553956323>, 1  <0.17538502259342592>, 2  <0.37303602101802685>, 4  <0.3673175009929148>}
x[0,2]{7  <0.585380751947715>, 6  <0.12330798547077913>, 2  <0.2913112625815059>}
x[0,3]{4  <0.5782673194061415>, 1  <0.22583687351352846>, 6  <0.19589580708033014>}
x[0,4]{0  <1.0>}
x[0,5]{5  <1.0>}
x[0,6]{6  <0.048546536792967374>, 1  <0.6532502473707114>, 2  <0.29820321583632114>}
x[0,7]{3  <1.0>}
x[1,0]{0  <0.7394276474146341>, 1  <0.004408841952082843>, 2  <0.19516474335837627>, 7  <0.028380325747006854>, 4  <0.014363386934594113>, 6  <0.01825505459330576>}
x[1,1]{0  <0.07353996213633911>, 1  <0.05509444778888022>, 2  <0.24861660106024058>, 7  <0.37817025476997324>, 4  <0.24457873424456672>}
x[1,2]{6  <0.14344934099175324>, 7  <0.32226265584206926>, 2  <0.5342880031661775>}
x[1,3]{6  <0.7469912835215096>, 1  <0.07352879833653604>, 4  <0.17947991814195435>}
x[1,4]{6  <0.013601041581229859>, 1  <0.9580646089584206>, 4  <0.028334349460349576>}
x[1,5]{0  <0.4223805748351295>, 1  <0.08711139211969492>, 2  <0.26994733966126655>, 7  <0.04111081312387691>, 4  <0.1794498802600321>}
x[1,6]{3  <1.0>}
x[1,7]{5  <1.0>}
x[2,0]{5  <1.0>}
x[2,1]{3  <1.0>}
x[2,2]{1  <1.0>}
x[2,3]{2  <1.0>}
x[2,4]{7  <1.0>}
x[2,5]{6  <1.0>}
x[2,6]{4  <1.0>}
x[2,7]{0  <1.0>}
x[3,0]{6  <0.6627702628800727>, 4  <0.005762337117472934>, 2  <0.09027037960569659>, 7  <0.2411970203967577>}
x[3,1]{4  <0.010008316275930407>, 7  <0.918722193760121>, 2  <0.0712694899639487>}
x[3,2]{5  <1.0>}
x[3,3]{0  <1.0>}
x[3,4]{6  <0.02114750828167568>, 4  <0.9788524917183242>}
x[3,5]{3  <1.0>}
x[3,6]{6  <0.362281279975703>, 2  <0.637718720024297>}
x[3,7]{1  <1.0>}
x[4,0]{0  <0.534566678724767>, 1  <0.03635856994252655>, 2  <0.34390484627737294>, 6  <0.08516990505533346>}
x[4,1]{0  <0.4321444413876793>, 1  <0.4412160958909819>, 2  <0.12663946272133877>}
x[4,2]{4  <1.0>}
x[4,3]{3  <1.0>}
x[4,4]{6  <0.8769523576597754>, 1  <0.12304764234022464>}
x[4,5]{0  <0.419547475040949>, 1  <0.3063126289417602>, 2  <0.2741398960172908>}
x[4,6]{5  <1.0>}
x[4,7]{7  <1.0>}
x[5,0]{7  <0.2547651208528048>, 1  <0.39749329212361123>, 4  <0.347741587023584>}
x[5,1]{5  <1.0>}
x[5,2]{3  <1.0>}
x[5,3]{4  <0.3900702696605264>, 1  <0.6099297303394736>}
x[5,4]{2  <1.0>}
x[5,5]{7  <0.9427108376409266>, 1  <0.024041398135361356>, 4  <0.03324776422371209>}
x[5,6]{0  <1.0>}
x[5,7]{6  <1.0>}
x[6,0]{3  <1.0>}
x[6,1]{0  <0.8306624242901074>, 1  <0.13728904919026663>, 2  <0.03204852651962592>}
x[6,2]{6  <0.5012911658789679>, 2  <0.4987088341210321>}
x[6,3]{7  <1.0>}
x[6,4]{5  <1.0>}
x[6,5]{0  <0.5796906826252085>, 1  <0.29794009704067254>, 2  <0.122369220334119>}
x[6,6]{6  <0.27588279117178877>, 1  <0.2752823156542289>, 2  <0.4488348931739823>}
x[6,7]{4  <1.0>}
x[7,0]{4  <0.3729036452489407>, 1  <0.6270963547510593>}
x[7,1]{6  <1.0>}
x[7,2]{0  <1.0>}
x[7,3]{5  <1.0>}
x[7,4]{3  <1.0>}
x[7,5]{4  <0.8459665682154257>, 1  <0.15403343178457435>}
x[7,6]{7  <1.0>}
x[7,7]{2  <1.0>}
problem entropy = 0.0
smallest variable entropy = 1.7976931348623157E308
### branching on x[3,4]=6
##### after BP iteration 1 #####
x[0,0]{2  <1.0>}
x[0,1]{7  <0.007613031372087937>, 1  <0.00481482815107501>, 4  <0.9875721404768371>}
x[0,2]{7  <0.7069892882362822>, 6  <0.29301071176371796>}
x[0,3]{4  <0.5358572186764626>, 1  <0.16508989765532353>, 6  <0.299052883668214>}
x[0,4]{0  <1.0>}
x[0,5]{5  <1.0>}
x[0,6]{6  <0.42913402289621533>, 1  <0.5708659771037846>}
x[0,7]{3  <1.0>}
x[1,0]{0  <1.0>}
x[1,1]{7  <0.019339402467061374>, 1  <0.5840363685773323>, 2  <0.39662422895560634>}
x[1,2]{6  <0.1920376973466258>, 7  <0.1404642732209912>, 2  <0.667498029432383>}
x[1,3]{6  <0.8605994210451454>, 1  <0.1394005789548545>}
x[1,4]{4  <1.0>}
x[1,5]{7  <0.058267258704304103>, 1  <0.7628663559301003>, 2  <0.1788663853655956>}
x[1,6]{3  <1.0>}
x[1,7]{5  <1.0>}
x[2,0]{5  <1.0>}
x[2,1]{3  <1.0>}
x[2,2]{1  <1.0>}
x[2,3]{2  <1.0>}
x[2,4]{7  <1.0>}
x[2,5]{6  <1.0>}
x[2,6]{4  <1.0>}
x[2,7]{0  <1.0>}
x[3,0]{7  <0.7157877995945537>, 4  <0.28421220040544626>}
x[3,1]{4  <0.8144993387529054>, 7  <0.18550066124709466>}
x[3,2]{5  <1.0>}
x[3,3]{0  <1.0>}
x[3,4]{6  <1.0>}
x[3,5]{3  <1.0>}
x[3,6]{2  <1.0>}
x[3,7]{1  <1.0>}
x[4,0]{6  <1.0>}
x[4,1]{0  <0.5893922324709159>, 2  <0.4106077675290842>}
x[4,2]{4  <1.0>}
x[4,3]{3  <1.0>}
x[4,4]{1  <1.0>}
x[4,5]{0  <0.575278145261741>, 2  <0.4247218547382589>}
x[4,6]{5  <1.0>}
x[4,7]{7  <1.0>}
x[5,0]{7  <0.007906411024686677>, 1  <0.23429227547290424>, 4  <0.7578013135024091>}
x[5,1]{5  <1.0>}
x[5,2]{3  <1.0>}
x[5,3]{4  <0.2808820974265665>, 1  <0.7191179025734336>}
x[5,4]{2  <1.0>}
x[5,5]{7  <0.8398638372508491>, 1  <0.042911555349055115>, 4  <0.11722460740009584>}
x[5,6]{0  <1.0>}
x[5,7]{6  <1.0>}
x[6,0]{3  <1.0>}
x[6,1]{0  <0.10705683215828296>, 1  <0.7687988226045985>, 2  <0.12414434523711851>}
x[6,2]{6  <0.4196101766995002>, 2  <0.5803898233004998>}
x[6,3]{7  <1.0>}
x[6,4]{5  <1.0>}
x[6,5]{0  <0.11786228917152017>, 1  <0.7118580099633526>, 2  <0.17027970086512725>}
x[6,6]{6  <0.9126456230643165>, 1  <0.08735437693568338>}
x[6,7]{4  <1.0>}
x[7,0]{4  <0.27433846214462837>, 1  <0.7256615378553716>}
x[7,1]{6  <1.0>}
x[7,2]{0  <1.0>}
x[7,3]{5  <1.0>}
x[7,4]{3  <1.0>}
x[7,5]{4  <0.913493383358535>, 1  <0.08650661664146492>}
x[7,6]{7  <1.0>}
x[7,7]{2  <1.0>}
problem entropy = 0.0
smallest variable entropy = 1.7976931348623157E308
### branching on x[0,2]=6
##### after BP iteration 1 #####
x[0,0]{2  <1.0>}
x[0,1]{7  <1.0>}
x[0,2]{6  <1.0>}
x[0,3]{4  <1.0>}
x[0,4]{0  <1.0>}
x[0,5]{5  <1.0>}
x[0,6]{1  <1.0>}
x[0,7]{3  <1.0>}
x[1,0]{0  <1.0>}
x[1,1]{2  <0.636775074254879>, 1  <0.36322492574512105>}
x[1,2]{7  <1.0>}
x[1,3]{6  <1.0>}
x[1,4]{4  <1.0>}
x[1,5]{2  <0.5381594234537563>, 1  <0.46184057654624366>}
x[1,6]{3  <1.0>}
x[1,7]{5  <1.0>}
x[2,0]{5  <1.0>}
x[2,1]{3  <1.0>}
x[2,2]{1  <1.0>}
x[2,3]{2  <1.0>}
x[2,4]{7  <1.0>}
x[2,5]{6  <1.0>}
x[2,6]{4  <1.0>}
x[2,7]{0  <1.0>}
x[3,0]{7  <1.0>}
x[3,1]{4  <1.0>}
x[3,2]{5  <1.0>}
x[3,3]{0  <1.0>}
x[3,4]{6  <1.0>}
x[3,5]{3  <1.0>}
x[3,6]{2  <1.0>}
x[3,7]{1  <1.0>}
x[4,0]{6  <1.0>}
x[4,1]{0  <0.3301684381971032>, 2  <0.6698315618028969>}
x[4,2]{4  <1.0>}
x[4,3]{3  <1.0>}
x[4,4]{1  <1.0>}
x[4,5]{0  <0.2534042711556578>, 2  <0.7465957288443423>}
x[4,6]{5  <1.0>}
x[4,7]{7  <1.0>}
x[5,0]{4  <1.0>}
x[5,1]{5  <1.0>}
x[5,2]{3  <1.0>}
x[5,3]{1  <1.0>}
x[5,4]{2  <1.0>}
x[5,5]{7  <1.0>}
x[5,6]{0  <1.0>}
x[5,7]{6  <1.0>}
x[6,0]{3  <1.0>}
x[6,1]{0  <0.7650642633751399>, 1  <0.2349357366248601>}
x[6,2]{2  <1.0>}
x[6,3]{7  <1.0>}
x[6,4]{5  <1.0>}
x[6,5]{0  <0.9761602327830786>, 1  <0.023839767216921392>}
x[6,6]{6  <1.0>}
x[6,7]{4  <1.0>}
x[7,0]{1  <1.0>}
x[7,1]{6  <1.0>}
x[7,2]{0  <1.0>}
x[7,3]{5  <1.0>}
x[7,4]{3  <1.0>}
x[7,5]{4  <1.0>}
x[7,6]{7  <1.0>}
x[7,7]{2  <1.0>}
problem entropy = 0.0
smallest variable entropy = 1.7976931348623157E308
### branching on x[1,1]=2
##### after BP iteration 1 #####
x[0,0]{2  <1.0>}
x[0,1]{7  <1.0>}
x[0,2]{6  <1.0>}
x[0,3]{4  <1.0>}
x[0,4]{0  <1.0>}
x[0,5]{5  <1.0>}
x[0,6]{1  <1.0>}
x[0,7]{3  <1.0>}
x[1,0]{0  <1.0>}
x[1,1]{2  <1.0>}
x[1,2]{7  <1.0>}
x[1,3]{6  <1.0>}
x[1,4]{4  <1.0>}
x[1,5]{1  <1.0>}
x[1,6]{3  <1.0>}
x[1,7]{5  <1.0>}
x[2,0]{5  <1.0>}
x[2,1]{3  <1.0>}
x[2,2]{1  <1.0>}
x[2,3]{2  <1.0>}
x[2,4]{7  <1.0>}
x[2,5]{6  <1.0>}
x[2,6]{4  <1.0>}
x[2,7]{0  <1.0>}
x[3,0]{7  <1.0>}
x[3,1]{4  <1.0>}
x[3,2]{5  <1.0>}
x[3,3]{0  <1.0>}
x[3,4]{6  <1.0>}
x[3,5]{3  <1.0>}
x[3,6]{2  <1.0>}
x[3,7]{1  <1.0>}
x[4,0]{6  <1.0>}
x[4,1]{0  <1.0>}
x[4,2]{4  <1.0>}
x[4,3]{3  <1.0>}
x[4,4]{1  <1.0>}
x[4,5]{2  <1.0>}
x[4,6]{5  <1.0>}
x[4,7]{7  <1.0>}
x[5,0]{4  <1.0>}
x[5,1]{5  <1.0>}
x[5,2]{3  <1.0>}
x[5,3]{1  <1.0>}
x[5,4]{2  <1.0>}
x[5,5]{7  <1.0>}
x[5,6]{0  <1.0>}
x[5,7]{6  <1.0>}
x[6,0]{3  <1.0>}
x[6,1]{1  <1.0>}
x[6,2]{2  <1.0>}
x[6,3]{7  <1.0>}
x[6,4]{5  <1.0>}
x[6,5]{0  <1.0>}
x[6,6]{6  <1.0>}
x[6,7]{4  <1.0>}
x[7,0]{1  <1.0>}
x[7,1]{6  <1.0>}
x[7,2]{0  <1.0>}
x[7,3]{5  <1.0>}
x[7,4]{3  <1.0>}
x[7,5]{4  <1.0>}
x[7,6]{7  <1.0>}
x[7,7]{2  <1.0>}
problem entropy = 0.0
smallest variable entropy = 1.7976931348623157E308
### branching on x[1,1]!=2
##### after BP iteration 1 #####
x[0,0]{2  <1.0>}
x[0,1]{7  <1.0>}
x[0,2]{6  <1.0>}
x[0,3]{4  <1.0>}
x[0,4]{0  <1.0>}
x[0,5]{5  <1.0>}
x[0,6]{1  <1.0>}
x[0,7]{3  <1.0>}
x[1,0]{0  <1.0>}
x[1,1]{1  <1.0>}
x[1,2]{7  <1.0>}
x[1,3]{6  <1.0>}
x[1,4]{4  <1.0>}
x[1,5]{2  <1.0>}
x[1,6]{3  <1.0>}
x[1,7]{5  <1.0>}
x[2,0]{5  <1.0>}
x[2,1]{3  <1.0>}
x[2,2]{1  <1.0>}
x[2,3]{2  <1.0>}
x[2,4]{7  <1.0>}
x[2,5]{6  <1.0>}
x[2,6]{4  <1.0>}
x[2,7]{0  <1.0>}
x[3,0]{7  <1.0>}
x[3,1]{4  <1.0>}
x[3,2]{5  <1.0>}
x[3,3]{0  <1.0>}
x[3,4]{6  <1.0>}
x[3,5]{3  <1.0>}
x[3,6]{2  <1.0>}
x[3,7]{1  <1.0>}
x[4,0]{6  <1.0>}
x[4,1]{2  <1.0>}
x[4,2]{4  <1.0>}
x[4,3]{3  <1.0>}
x[4,4]{1  <1.0>}
x[4,5]{0  <1.0>}
x[4,6]{5  <1.0>}
x[4,7]{7  <1.0>}
x[5,0]{4  <1.0>}
x[5,1]{5  <1.0>}
x[5,2]{3  <1.0>}
x[5,3]{1  <1.0>}
x[5,4]{2  <1.0>}
x[5,5]{7  <1.0>}
x[5,6]{0  <1.0>}
x[5,7]{6  <1.0>}
x[6,0]{3  <1.0>}
x[6,1]{0  <1.0>}
x[6,2]{2  <1.0>}
x[6,3]{7  <1.0>}
x[6,4]{5  <1.0>}
x[6,5]{1  <1.0>}
x[6,6]{6  <1.0>}
x[6,7]{4  <1.0>}
x[7,0]{1  <1.0>}
x[7,1]{6  <1.0>}
x[7,2]{0  <1.0>}
x[7,3]{5  <1.0>}
x[7,4]{3  <1.0>}
x[7,5]{4  <1.0>}
x[7,6]{7  <1.0>}
x[7,7]{2  <1.0>}
problem entropy = 0.0
smallest variable entropy = 1.7976931348623157E308

	#choice: 6
	#fail: 0
	execution time (ms): 38
	#sols : 1
	completed : false

