{2  <3.0>}
model: sum-product-init
FINAL DAMPING FACTOR = 1.0
##### after BP iteration 1 #####
x[0,0]{2  <1.0>}
x[0,1]{0  <1.0>}
x[0,2]{5  <0.05170580395908113>, 1  <0.36843693842203273>, 7  <0.17797755313369212>, 6  <0.0827292863345298>, 4  <0.3191504181506642>}
x[0,3]{6  <0.6445170068027211>, 7  <0.35548299319727894>}
x[0,4]{4  <0.6505564975070927>, 1  <0.34944350249290734>}
x[0,5]{5  <0.27438996415062245>, 1  <0.04756765608313611>, 7  <0.24759574833017003>, 6  <0.26822872735768416>, 4  <0.1622179040783872>}
x[0,6]{6  <0.14244169805606274>, 5  <0.49070373996936045>, 7  <0.3668545619745767>}
x[0,7]{3  <1.0>}
x[1,0]{1  <1.0>}
x[1,1]{7  <1.0>}
x[1,2]{6  <0.8110379448301384>, 5  <0.18896205516986153>}
x[1,3]{3  <1.0>}
x[1,4]{0  <1.0>}
x[1,5]{2  <1.0>}
x[1,6]{4  <1.0>}
x[1,7]{6  <0.502352754239201>, 5  <0.49764724576079894>}
x[2,0]{7  <1.0>}
x[2,1]{6  <1.0>}
x[2,2]{5  <0.747951175972829>, 1  <0.06635060102702017>, 4  <0.18569822300015076>}
x[2,3]{2  <1.0>}
x[2,4]{4  <0.5511811023622046>, 1  <0.44881889763779537>}
x[2,5]{0  <1.0>}
x[2,6]{3  <1.0>}
x[2,7]{5  <0.3883757509406246>, 1  <0.36269652644488937>, 4  <0.24892772261448592>}
x[3,0]{6  <0.775544998557033>, 4  <0.22445500144296704>}
x[3,1]{5  <1.0>}
x[3,2]{6  <0.0693804169134458>, 1  <0.44419535350164163>, 4  <0.14610472196814775>, 7  <0.3403195076167648>}
x[3,3]{0  <1.0>}
x[3,4]{3  <1.0>}
x[3,5]{6  <0.34959177858944>, 1  <0.08820806736219383>, 4  <0.17054553332402778>, 7  <0.3916546207243384>}
x[3,6]{6  <0.29842776007371336>, 7  <0.3263957210468>, 2  <0.3751765188794867>}
x[3,7]{6  <0.1143130789587363>, 1  <0.3624204583904892>, 2  <0.16341570624213017>, 7  <0.20517288968199265>, 4  <0.15467786672665162>}
x[4,0]{3  <1.0>}
x[4,1]{2  <1.0>}
x[4,2]{0  <0.37929908954948355>, 6  <0.07919287478161764>, 7  <0.28894697555455084>, 4  <0.2525610601143481>}
x[4,3]{7  <0.40764220023336367>, 6  <0.5923577997666363>}
x[4,4]{5  <1.0>}
x[4,5]{4  <0.47268447766626204>, 6  <0.31228278543870563>, 7  <0.21503273689503227>}
x[4,6]{1  <1.0>}
x[4,7]{0  <0.4544456771730068>, 6  <0.12087386887706461>, 4  <0.30608348841780453>, 7  <0.118596965532124>}
x[5,0]{0  <0.18641065212363794>, 4  <0.8135893478763621>}
x[5,1]{3  <1.0>}
x[5,2]{2  <1.0>}
x[5,3]{1  <1.0>}
x[5,4]{6  <1.0>}
x[5,5]{4  <0.07337869054503772>, 5  <0.5058681746280207>, 7  <0.42075313482694165>}
x[5,6]{0  <0.14809199027603945>, 5  <0.19718552639831236>, 7  <0.6547224833256482>}
x[5,7]{0  <0.2734942429574065>, 5  <0.11099379458960323>, 7  <0.21727857758418506>, 4  <0.3982333848688054>}
x[6,0]{0  <0.7867075467143064>, 6  <0.21329245328569355>}
x[6,1]{4  <1.0>}
x[6,2]{3  <1.0>}
x[6,3]{5  <1.0>}
x[6,4]{7  <1.0>}
x[6,5]{6  <0.23032811944836928>, 1  <0.7696718805516307>}
x[6,6]{0  <0.07587182219549334>, 6  <0.8403119010279151>, 2  <0.08381627677659159>}
x[6,7]{0  <0.09851913859647822>, 1  <0.1833704968552994>, 2  <0.5961670950966373>, 6  <0.12194326945158498>}
x[7,0]{5  <1.0>}
x[7,1]{1  <1.0>}
x[7,2]{0  <0.254070600494985>, 6  <0.2506187312752377>, 7  <0.49531066822977726>}
x[7,3]{4  <1.0>}
x[7,4]{2  <1.0>}
x[7,5]{3  <1.0>}
x[7,6]{0  <0.4687420367999735>, 6  <0.2649187960923211>, 7  <0.2663391671077053>}
x[7,7]{0  <0.013870875467593562>, 6  <0.5194143995895848>, 7  <0.46671472494282146>}
problem entropy = 0.0
smallest variable entropy = 1.7976931348623157E308
### branching on x[0,3]=6
##### after BP iteration 1 #####
x[0,0]{2  <1.0>}
x[0,1]{0  <1.0>}
x[0,2]{5  <0.02469926223471779>, 1  <0.5703115120655344>, 7  <0.11113684623852806>, 4  <0.2938523794612197>}
x[0,3]{6  <1.0>}
x[0,4]{4  <0.41868051695355063>, 1  <0.5813194830464492>}
x[0,5]{5  <0.5055748795456817>, 1  <0.05506189185755413>, 7  <0.3293176659557068>, 4  <0.11004556264105736>}
x[0,6]{7  <0.2870909678623349>, 5  <0.7129090321376651>}
x[0,7]{3  <1.0>}
x[1,0]{1  <1.0>}
x[1,1]{7  <1.0>}
x[1,2]{6  <0.7536032104759909>, 5  <0.24639678952400926>}
x[1,3]{3  <1.0>}
x[1,4]{0  <1.0>}
x[1,5]{2  <1.0>}
x[1,6]{4  <1.0>}
x[1,7]{6  <0.16400636038376115>, 5  <0.8359936396162388>}
x[2,0]{7  <1.0>}
x[2,1]{6  <1.0>}
x[2,2]{5  <0.7459363062691192>, 1  <0.07055551699621371>, 4  <0.18350817673466704>}
x[2,3]{2  <1.0>}
x[2,4]{4  <0.40820197189130014>, 1  <0.5917980281086997>}
x[2,5]{0  <1.0>}
x[2,6]{3  <1.0>}
x[2,7]{5  <0.22543965259762108>, 1  <0.5880060806969842>, 4  <0.18655426670539477>}
x[3,0]{6  <0.8048379901118725>, 4  <0.19516200988812749>}
x[3,1]{5  <1.0>}
x[3,2]{6  <0.007754968252522427>, 1  <0.48808850679526206>, 4  <0.23760008432910226>, 7  <0.26655644062311334>}
x[3,3]{0  <1.0>}
x[3,4]{3  <1.0>}
x[3,5]{6  <0.18393194975382526>, 1  <0.11391861628960771>, 4  <0.41021222161552173>, 7  <0.29193721234104536>}
x[3,6]{6  <0.016027049450089984>, 7  <0.03004790760911609>, 2  <0.9539250429407939>}
x[3,7]{6  <0.02058781660246057>, 1  <0.39371450104355316>, 2  <0.26703037290642756>, 7  <0.1944757284793142>, 4  <0.12419158096824451>}
x[4,0]{3  <1.0>}
x[4,1]{2  <1.0>}
x[4,2]{0  <0.5781565324573941>, 6  <0.03827241331219816>, 4  <0.3835710542304077>}
x[4,3]{7  <1.0>}
x[4,4]{5  <1.0>}
x[4,5]{4  <0.2679701508052872>, 6  <0.7320298491947128>}
x[4,6]{1  <1.0>}
x[4,7]{0  <0.5723332650785802>, 6  <0.09124250344740999>, 4  <0.3364242314740098>}
x[5,0]{0  <0.2288852235770296>, 4  <0.7711147764229704>}
x[5,1]{3  <1.0>}
x[5,2]{2  <1.0>}
x[5,3]{1  <1.0>}
x[5,4]{6  <1.0>}
x[5,5]{4  <0.03441830626537397>, 5  <0.6955898819012282>, 7  <0.269991811833398>}
x[5,6]{0  <0.4279166711220774>, 5  <0.22151461527895258>, 7  <0.35056871359897007>}
x[5,7]{0  <0.5444765659174459>, 5  <0.07576398460245835>, 7  <0.18380489083108192>, 4  <0.1959545586490139>}
x[6,0]{0  <0.9350699318703984>, 6  <0.06493006812960148>}
x[6,1]{4  <1.0>}
x[6,2]{3  <1.0>}
x[6,3]{5  <1.0>}
x[6,4]{7  <1.0>}
x[6,5]{6  <0.08492489747364076>, 1  <0.9150751025263592>}
x[6,6]{0  <0.11980050312985632>, 6  <0.45999196688466376>, 2  <0.42020752998547994>}
x[6,7]{0  <0.015187009758534101>, 1  <0.05321552405385166>, 2  <0.9221453098810843>, 6  <0.00945215630653004>}
x[7,0]{5  <1.0>}
x[7,1]{1  <1.0>}
x[7,2]{0  <0.4149032675960419>, 6  <0.11336325277638451>, 7  <0.4717334796275735>}
x[7,3]{4  <1.0>}
x[7,4]{2  <1.0>}
x[7,5]{3  <1.0>}
x[7,6]{0  <0.7883817828636785>, 6  <0.13627681552328655>, 7  <0.07534140161303493>}
x[7,7]{0  <0.03048177589342929>, 6  <0.5455793684261051>, 7  <0.4239388556804655>}
problem entropy = 0.0
smallest variable entropy = 1.7976931348623157E308
### branching on x[0,4]=1
##### after BP iteration 1 #####
x[0,0]{2  <1.0>}
x[0,1]{0  <1.0>}
x[0,2]{5  <0.010381034636185487>, 4  <0.7299855341241975>, 7  <0.259633431239617>}
x[0,3]{6  <1.0>}
x[0,4]{1  <1.0>}
x[0,5]{5  <0.16896067941536372>, 4  <0.37185499590518534>, 7  <0.45918432467945103>}
x[0,6]{7  <0.38684510918410964>, 5  <0.6131548908158905>}
x[0,7]{3  <1.0>}
x[1,0]{1  <1.0>}
x[1,1]{7  <1.0>}
x[1,2]{6  <0.9030631994979678>, 5  <0.09693680050203225>}
x[1,3]{3  <1.0>}
x[1,4]{0  <1.0>}
x[1,5]{2  <1.0>}
x[1,6]{4  <1.0>}
x[1,7]{6  <0.16041257725897226>, 5  <0.8395874227410277>}
x[2,0]{7  <1.0>}
x[2,1]{6  <1.0>}
x[2,2]{5  <0.8303410764907947>, 1  <0.16965892350920536>}
x[2,3]{2  <1.0>}
x[2,4]{4  <1.0>}
x[2,5]{0  <1.0>}
x[2,6]{3  <1.0>}
x[2,7]{5  <0.03569663203190311>, 1  <0.9643033679680969>}
x[3,0]{6  <0.884377658453205>, 4  <0.11562234154679499>}
x[3,1]{5  <1.0>}
x[3,2]{6  <0.008187962695899326>, 1  <0.7215146085857014>, 4  <0.06644332726167697>, 7  <0.2038541014567222>}
x[3,3]{0  <1.0>}
x[3,4]{3  <1.0>}
x[3,5]{6  <0.05232377804370952>, 1  <0.020741658118898984>, 4  <0.6709608094408906>, 7  <0.2559737543965008>}
x[3,6]{6  <0.025540504674268022>, 7  <0.09357753233242522>, 2  <0.8808819629933068>}
x[3,7]{6  <0.019929457598231313>, 1  <0.14262922083469598>, 2  <0.011695593928353077>, 7  <0.5779464223446293>, 4  <0.24779930529409028>}
x[4,0]{3  <1.0>}
x[4,1]{2  <1.0>}
x[4,2]{0  <0.6521512415724072>, 6  <0.045025923676871096>, 4  <0.3028228347507218>}
x[4,3]{7  <1.0>}
x[4,4]{5  <1.0>}
x[4,5]{4  <0.047804167111296536>, 6  <0.9521958328887035>}
x[4,6]{1  <1.0>}
x[4,7]{0  <0.30718045056300514>, 6  <0.09550607232806563>, 4  <0.5973134771089292>}
x[5,0]{0  <0.09088809931045179>, 4  <0.9091119006895483>}
x[5,1]{3  <1.0>}
x[5,2]{2  <1.0>}
x[5,3]{1  <1.0>}
x[5,4]{6  <1.0>}
x[5,5]{4  <0.03025781991426092>, 5  <0.6244838448012308>, 7  <0.34525833528450844>}
x[5,6]{0  <0.17158150704511213>, 5  <0.3405831433652089>, 7  <0.487835349589679>}
x[5,7]{0  <0.48499203351766895>, 5  <0.03115720024155048>, 7  <0.3410739861749296>, 4  <0.14277678006585093>}
x[6,0]{0  <0.6947140010631122>, 6  <0.3052859989368878>}
x[6,1]{4  <1.0>}
x[6,2]{3  <1.0>}
x[6,3]{5  <1.0>}
x[6,4]{7  <1.0>}
x[6,5]{6  <0.03145617167933799>, 1  <0.968543828320662>}
x[6,6]{0  <0.06358840027973711>, 6  <0.9060446406299044>, 2  <0.03036695909035851>}
x[6,7]{0  <0.05472388422474972>, 1  <0.04535274763555898>, 2  <0.8340368971037795>, 6  <0.06588647103591183>}
x[7,0]{5  <1.0>}
x[7,1]{1  <1.0>}
x[7,2]{0  <0.22086776000087588>, 6  <0.14676648757609773>, 7  <0.6323657524230264>}
x[7,3]{4  <1.0>}
x[7,4]{2  <1.0>}
x[7,5]{3  <1.0>}
x[7,6]{0  <0.5718576300176044>, 6  <0.253494262069432>, 7  <0.1746481079129637>}
x[7,7]{0  <0.014521245669221626>, 6  <0.7205480945102175>, 7  <0.26493065982056085>}
problem entropy = 0.0
smallest variable entropy = 1.7976931348623157E308
### branching on x[0,6]=5
##### after BP iteration 1 #####
x[0,0]{2  <1.0>}
x[0,1]{0  <1.0>}
x[0,2]{7  <0.40814573764420825>, 4  <0.5918542623557916>}
x[0,3]{6  <1.0>}
x[0,4]{1  <1.0>}
x[0,5]{7  <0.541087978708653>, 4  <0.458912021291347>}
x[0,6]{5  <1.0>}
x[0,7]{3  <1.0>}
x[1,0]{1  <1.0>}
x[1,1]{7  <1.0>}
x[1,2]{6  <0.8662980076960777>, 5  <0.1337019923039223>}
x[1,3]{3  <1.0>}
x[1,4]{0  <1.0>}
x[1,5]{2  <1.0>}
x[1,6]{4  <1.0>}
x[1,7]{6  <0.012868618811979192>, 5  <0.9871313811880208>}
x[2,0]{7  <1.0>}
x[2,1]{6  <1.0>}
x[2,2]{5  <0.9381402191225893>, 1  <0.061859780877410626>}
x[2,3]{2  <1.0>}
x[2,4]{4  <1.0>}
x[2,5]{0  <1.0>}
x[2,6]{3  <1.0>}
x[2,7]{5  <0.051879882090536664>, 1  <0.9481201179094633>}
x[3,0]{6  <0.9228345188129069>, 4  <0.07716548118709307>}
x[3,1]{5  <1.0>}
x[3,2]{6  <4.419376468700521E-4>, 1  <0.9784240409744629>, 4  <0.0033565907670159664>, 7  <0.017777430611651195>}
x[3,3]{0  <1.0>}
x[3,4]{3  <1.0>}
x[3,5]{6  <0.013884347680032112>, 1  <0.0039750083806432855>, 4  <0.5898214708962022>, 7  <0.39231917304312236>}
x[3,6]{6  <9.026045144850665E-4>, 7  <0.016327632797668714>, 2  <0.9827697626878462>}
x[3,7]{6  <0.008711346657995122>, 1  <0.005856717568716079>, 2  <0.07074685241535028>, 7  <0.6968555868835845>, 4  <0.217829496474354>}
x[4,0]{3  <1.0>}
x[4,1]{2  <1.0>}
x[4,2]{0  <0.8687942674910547>, 6  <0.004419149264112546>, 4  <0.12678658324483272>}
x[4,3]{7  <1.0>}
x[4,4]{5  <1.0>}
x[4,5]{4  <0.025944567255373648>, 6  <0.9740554327446264>}
x[4,6]{1  <1.0>}
x[4,7]{0  <0.24795899688528972>, 6  <0.02954168291951812>, 4  <0.7224993201951921>}
x[5,0]{0  <0.18468358794000792>, 4  <0.8153164120599922>}
x[5,1]{3  <1.0>}
x[5,2]{2  <1.0>}
x[5,3]{1  <1.0>}
x[5,4]{6  <1.0>}
x[5,5]{5  <1.0>}
x[5,6]{0  <0.29699232743767034>, 7  <0.7030076725623297>}
x[5,7]{0  <0.7333063104156013>, 4  <0.09062008649931409>, 7  <0.17607360308508446>}
x[6,0]{0  <0.923434108387004>, 6  <0.07656589161299601>}
x[6,1]{4  <1.0>}
x[6,2]{3  <1.0>}
x[6,3]{5  <1.0>}
x[6,4]{7  <1.0>}
x[6,5]{6  <5.474112707993161E-4>, 1  <0.9994525887292006>}
x[6,6]{0  <0.21298404141158706>, 6  <0.7118117096600486>, 2  <0.07520424892836436>}
x[6,7]{0  <0.007382783115869939>, 1  <4.222980067072207E-5>, 2  <0.9911634359899183>, 6  <0.0014115510935410506>}
x[7,0]{5  <1.0>}
x[7,1]{1  <1.0>}
x[7,2]{0  <0.2714218795324875>, 6  <0.05870661215131651>, 7  <0.6698715083161959>}
x[7,3]{4  <1.0>}
x[7,4]{2  <1.0>}
x[7,5]{3  <1.0>}
x[7,6]{0  <0.709815141559433>, 6  <0.08289751450869469>, 7  <0.20728734393187234>}
x[7,7]{0  <0.015861896504701517>, 6  <0.9028456848781901>, 7  <0.08129241861710844>}
problem entropy = 0.0
smallest variable entropy = 1.7976931348623157E308
### branching on x[0,2]=7
##### after BP iteration 1 #####
x[0,0]{2  <1.0>}
x[0,1]{0  <1.0>}
x[0,2]{7  <1.0>}
x[0,3]{6  <1.0>}
x[0,4]{1  <1.0>}
x[0,5]{4  <1.0>}
x[0,6]{5  <1.0>}
x[0,7]{3  <1.0>}
x[1,0]{1  <1.0>}
x[1,1]{7  <1.0>}
x[1,2]{6  <0.9992112853073252>, 5  <7.887146926748781E-4>}
x[1,3]{3  <1.0>}
x[1,4]{0  <1.0>}
x[1,5]{2  <1.0>}
x[1,6]{4  <1.0>}
x[1,7]{6  <0.12176713057824792>, 5  <0.878232869421752>}
x[2,0]{7  <1.0>}
x[2,1]{6  <1.0>}
x[2,2]{5  <0.9959425253904761>, 1  <0.00405747460952377>}
x[2,3]{2  <1.0>}
x[2,4]{4  <1.0>}
x[2,5]{0  <1.0>}
x[2,6]{3  <1.0>}
x[2,7]{5  <0.06789467678029039>, 1  <0.9321053232197096>}
x[3,0]{6  <0.9606436355026317>, 4  <0.0393563644973684>}
x[3,1]{5  <1.0>}
x[3,2]{6  <1.163470819174073E-4>, 1  <0.9974871484370414>, 4  <0.0023965044810411716>}
x[3,3]{0  <1.0>}
x[3,4]{3  <1.0>}
x[3,5]{7  <1.0>}
x[3,6]{6  <0.015099575353751202>, 2  <0.9849004246462487>}
x[3,7]{6  <0.1368633143467553>, 1  <0.0067711407370716955>, 2  <0.007176437898172056>, 4  <0.849189107018001>}
x[4,0]{3  <1.0>}
x[4,1]{2  <1.0>}
x[4,2]{0  <0.005702806576469381>, 4  <0.9942971934235306>}
x[4,3]{7  <1.0>}
x[4,4]{5  <1.0>}
x[4,5]{6  <1.0>}
x[4,6]{1  <1.0>}
x[4,7]{0  <0.5367755556345396>, 4  <0.4632244443654604>}
x[5,0]{0  <0.036401486218141425>, 4  <0.9635985137818586>}
x[5,1]{3  <1.0>}
x[5,2]{2  <1.0>}
x[5,3]{1  <1.0>}
x[5,4]{6  <1.0>}
x[5,5]{5  <1.0>}
x[5,6]{0  <0.12097621558580393>, 7  <0.879023784414196>}
x[5,7]{0  <0.14712421512558332>, 4  <0.018098640094512407>, 7  <0.8347771447799043>}
x[6,0]{0  <0.9263194262328629>, 6  <0.07368057376713709>}
x[6,1]{4  <1.0>}
x[6,2]{3  <1.0>}
x[6,3]{5  <1.0>}
x[6,4]{7  <1.0>}
x[6,5]{1  <1.0>}
x[6,6]{0  <0.05684569146990845>, 6  <0.9430062542641212>, 2  <1.4805426597021596E-4>}
x[6,7]{0  <0.10887421066258485>, 6  <0.07281284804083132>, 2  <0.8183129412965838>}
x[7,0]{5  <1.0>}
x[7,1]{1  <1.0>}
x[7,2]{0  <0.9971211545284051>, 6  <0.0028788454715949013>}
x[7,3]{4  <1.0>}
x[7,4]{2  <1.0>}
x[7,5]{3  <1.0>}
x[7,6]{0  <0.07115769397637085>, 6  <0.15596520866219668>, 7  <0.7728770973614324>}
x[7,7]{0  <0.0062680235050328265>, 6  <0.6398159787909329>, 7  <0.3539159977040343>}
problem entropy = 0.0
smallest variable entropy = 1.7976931348623157E308
### branching on x[1,2]=5
##### after BP iteration 1 #####
x[0,0]{2  <1.0>}
x[0,1]{0  <1.0>}
x[0,2]{7  <1.0>}
x[0,3]{6  <1.0>}
x[0,4]{1  <1.0>}
x[0,5]{4  <1.0>}
x[0,6]{5  <1.0>}
x[0,7]{3  <1.0>}
x[1,0]{1  <1.0>}
x[1,1]{7  <1.0>}
x[1,2]{5  <1.0>}
x[1,3]{3  <1.0>}
x[1,4]{0  <1.0>}
x[1,5]{2  <1.0>}
x[1,6]{4  <1.0>}
x[1,7]{6  <1.0>}
x[2,0]{7  <1.0>}
x[2,1]{6  <1.0>}
x[2,2]{1  <1.0>}
x[2,3]{2  <1.0>}
x[2,4]{4  <1.0>}
x[2,5]{0  <1.0>}
x[2,6]{3  <1.0>}
x[2,7]{5  <1.0>}
x[3,0]{6  <0.9681175304874321>, 4  <0.03188246951256787>}
x[3,1]{5  <1.0>}
x[3,2]{6  <0.09468374980523916>, 4  <0.9053162501947608>}
x[3,3]{0  <1.0>}
x[3,4]{3  <1.0>}
x[3,5]{7  <1.0>}
x[3,6]{2  <1.0>}
x[3,7]{1  <1.0>}
x[4,0]{3  <1.0>}
x[4,1]{2  <1.0>}
x[4,2]{0  <0.49951816129275356>, 4  <0.5004818387072464>}
x[4,3]{7  <1.0>}
x[4,4]{5  <1.0>}
x[4,5]{6  <1.0>}
x[4,6]{1  <1.0>}
x[4,7]{0  <0.98386190373334>, 4  <0.01613809626665997>}
x[5,0]{0  <0.0083191568526981>, 4  <0.9916808431473019>}
x[5,1]{3  <1.0>}
x[5,2]{2  <1.0>}
x[5,3]{1  <1.0>}
x[5,4]{6  <1.0>}
x[5,5]{5  <1.0>}
x[5,6]{0  <0.987052452641295>, 7  <0.012947547358704938>}
x[5,7]{0  <0.9716320530791418>, 4  <0.015550976452892832>, 7  <0.012816970467965504>}
x[6,0]{0  <0.9792015048199757>, 6  <0.02079849518002436>}
x[6,1]{4  <1.0>}
x[6,2]{3  <1.0>}
x[6,3]{5  <1.0>}
x[6,4]{7  <1.0>}
x[6,5]{1  <1.0>}
x[6,6]{0  <0.06635018289686902>, 6  <0.933649817103131>}
x[6,7]{2  <1.0>}
x[7,0]{5  <1.0>}
x[7,1]{1  <1.0>}
x[7,2]{0  <0.02821112723067323>, 6  <0.9717888727693267>}
x[7,3]{4  <1.0>}
x[7,4]{2  <1.0>}
x[7,5]{3  <1.0>}
x[7,6]{0  <0.038740703349624185>, 6  <0.9603645012260996>, 7  <8.947954242763786E-4>}
x[7,7]{0  <7.695360969105287E-4>, 7  <0.9992304639030893>}
problem entropy = 0.0
smallest variable entropy = 1.7976931348623157E308
### branching on x[3,0]=4
##### after BP iteration 1 #####
x[0,0]{2  <1.0>}
x[0,1]{0  <1.0>}
x[0,2]{7  <1.0>}
x[0,3]{6  <1.0>}
x[0,4]{1  <1.0>}
x[0,5]{4  <1.0>}
x[0,6]{5  <1.0>}
x[0,7]{3  <1.0>}
x[1,0]{1  <1.0>}
x[1,1]{7  <1.0>}
x[1,2]{5  <1.0>}
x[1,3]{3  <1.0>}
x[1,4]{0  <1.0>}
x[1,5]{2  <1.0>}
x[1,6]{4  <1.0>}
x[1,7]{6  <1.0>}
x[2,0]{7  <1.0>}
x[2,1]{6  <1.0>}
x[2,2]{1  <1.0>}
x[2,3]{2  <1.0>}
x[2,4]{4  <1.0>}
x[2,5]{0  <1.0>}
x[2,6]{3  <1.0>}
x[2,7]{5  <1.0>}
x[3,0]{4  <1.0>}
x[3,1]{5  <1.0>}
x[3,2]{6  <1.0>}
x[3,3]{0  <1.0>}
x[3,4]{3  <1.0>}
x[3,5]{7  <1.0>}
x[3,6]{2  <1.0>}
x[3,7]{1  <1.0>}
x[4,0]{3  <1.0>}
x[4,1]{2  <1.0>}
x[4,2]{4  <1.0>}
x[4,3]{7  <1.0>}
x[4,4]{5  <1.0>}
x[4,5]{6  <1.0>}
x[4,6]{1  <1.0>}
x[4,7]{0  <1.0>}
x[5,0]{0  <1.0>}
x[5,1]{3  <1.0>}
x[5,2]{2  <1.0>}
x[5,3]{1  <1.0>}
x[5,4]{6  <1.0>}
x[5,5]{5  <1.0>}
x[5,6]{7  <1.0>}
x[5,7]{4  <1.0>}
x[6,0]{6  <1.0>}
x[6,1]{4  <1.0>}
x[6,2]{3  <1.0>}
x[6,3]{5  <1.0>}
x[6,4]{7  <1.0>}
x[6,5]{1  <1.0>}
x[6,6]{0  <1.0>}
x[6,7]{2  <1.0>}
x[7,0]{5  <1.0>}
x[7,1]{1  <1.0>}
x[7,2]{0  <1.0>}
x[7,3]{4  <1.0>}
x[7,4]{2  <1.0>}
x[7,5]{3  <1.0>}
x[7,6]{6  <1.0>}
x[7,7]{7  <1.0>}
problem entropy = 0.0
smallest variable entropy = 1.7976931348623157E308
### branching on x[3,0]!=4
##### after BP iteration 1 #####
x[0,0]{2  <1.0>}
x[0,1]{0  <1.0>}
x[0,2]{7  <1.0>}
x[0,3]{6  <1.0>}
x[0,4]{1  <1.0>}
x[0,5]{4  <1.0>}
x[0,6]{5  <1.0>}
x[0,7]{3  <1.0>}
x[1,0]{1  <1.0>}
x[1,1]{7  <1.0>}
x[1,2]{5  <1.0>}
x[1,3]{3  <1.0>}
x[1,4]{0  <1.0>}
x[1,5]{2  <1.0>}
x[1,6]{4  <1.0>}
x[1,7]{6  <1.0>}
x[2,0]{7  <1.0>}
x[2,1]{6  <1.0>}
x[2,2]{1  <1.0>}
x[2,3]{2  <1.0>}
x[2,4]{4  <1.0>}
x[2,5]{0  <1.0>}
x[2,6]{3  <1.0>}
x[2,7]{5  <1.0>}
x[3,0]{6  <1.0>}
x[3,1]{5  <1.0>}
x[3,2]{4  <1.0>}
x[3,3]{0  <1.0>}
x[3,4]{3  <1.0>}
x[3,5]{7  <1.0>}
x[3,6]{2  <1.0>}
x[3,7]{1  <1.0>}
x[4,0]{3  <1.0>}
x[4,1]{2  <1.0>}
x[4,2]{0  <1.0>}
x[4,3]{7  <1.0>}
x[4,4]{5  <1.0>}
x[4,5]{6  <1.0>}
x[4,6]{1  <1.0>}
x[4,7]{4  <1.0>}
x[5,0]{4  <1.0>}
x[5,1]{3  <1.0>}
x[5,2]{2  <1.0>}
x[5,3]{1  <1.0>}
x[5,4]{6  <1.0>}
x[5,5]{5  <1.0>}
x[5,6]{7  <0.9977910796696623>, 0  <0.002208920330337696>}
x[5,7]{0  <0.9887543432790133>, 7  <0.011245656720986551>}
x[6,0]{0  <1.0>}
x[6,1]{4  <1.0>}
x[6,2]{3  <1.0>}
x[6,3]{5  <1.0>}
x[6,4]{7  <1.0>}
x[6,5]{1  <1.0>}
x[6,6]{6  <1.0>}
x[6,7]{2  <1.0>}
x[7,0]{5  <1.0>}
x[7,1]{1  <1.0>}
x[7,2]{6  <1.0>}
x[7,3]{4  <1.0>}
x[7,4]{2  <1.0>}
x[7,5]{3  <1.0>}
x[7,6]{0  <0.6078094653903262>, 7  <0.39219053460967385>}
x[7,7]{7  <0.9830877394312413>, 0  <0.016912260568758768>}
problem entropy = 0.0
smallest variable entropy = 1.7976931348623157E308

	#choice: 7
	#fail: 0
	execution time (ms): 67
	#sols : 1
	completed : false

