{0  <1.0>, 4  <1.0>}
model: sum-product-oracle
FINAL DAMPING FACTOR = 1.0
##### after BP iteration 1 #####
x[0,0]{0  <0.10748560460652591>, 4  <0.8925143953934741>}
x[0,1]{5  <1.0>}
x[0,2]{1  <1.0>}
x[0,3]{0  <0.4586481449656997>, 4  <0.04128699252610048>, 2  <0.26449409584003974>, 6  <0.2355707666681601>}
x[0,4]{3  <1.0>}
x[0,5]{7  <1.0>}
x[0,6]{0  <0.5337259964498952>, 6  <0.2746490237211554>, 2  <0.19162497982894952>}
x[0,7]{4  <0.058920996818663834>, 6  <0.397932131495228>, 2  <0.5431468716861082>}
x[1,0]{2  <1.0>}
x[1,1]{0  <0.050568556231147865>, 6  <0.2136343442469409>, 7  <0.30283515033987357>, 3  <0.22748418614753024>, 4  <0.20547776303450735>}
x[1,2]{0  <0.32375267408225733>, 6  <0.12963825296937845>, 7  <0.1888548362161522>, 3  <0.17556164441735822>, 4  <0.18219259231485385>}
x[1,3]{0  <0.2303303832937805>, 6  <0.1033392734598663>, 7  <0.28482021861106965>, 3  <0.1389294002310127>, 4  <0.242580724404271>}
x[1,4]{5  <1.0>}
x[1,5]{0  <0.5646744623282084>, 6  <0.43532553767179155>}
x[1,6]{1  <1.0>}
x[1,7]{4  <0.3935983578220616>, 6  <0.0669066389686401>, 7  <0.2274070080245279>, 3  <0.3120879951847703>}
x[2,0]{1  <1.0>}
x[2,1]{2  <1.0>}
x[2,2]{3  <0.322191189681871>, 4  <0.1268666488228715>, 6  <0.5509421614952574>}
x[2,3]{3  <0.5933370743481721>, 4  <0.15660467554213772>, 6  <0.2500582501096901>}
x[2,4]{6  <0.377037416591897>, 4  <0.622962583408103>}
x[2,5]{5  <1.0>}
x[2,6]{7  <1.0>}
x[2,7]{0  <1.0>}
x[3,0]{3  <1.0>}
x[3,1]{0  <0.14078315168921246>, 6  <0.141760812464832>, 4  <0.4548995353933587>, 7  <0.26255650045259676>}
x[3,2]{0  <0.1468348323620185>, 6  <0.11217652755975424>, 2  <0.14748569254609858>, 7  <0.3143404043511554>, 4  <0.2791625431809732>}
x[3,3]{5  <1.0>}
x[3,4]{0  <0.1756855411700434>, 6  <0.08954248660704557>, 2  <0.13062498450106969>, 7  <0.3764532360639255>, 4  <0.22769375165791583>}
x[3,5]{0  <0.36301893058784457>, 6  <0.5033543673198274>, 2  <0.13362670209232813>}
x[3,6]{0  <0.4381646830566702>, 6  <0.3037749387679838>, 2  <0.25806037817534605>}
x[3,7]{1  <1.0>}
x[4,0]{0  <0.3834827329248978>, 7  <0.5238566148303518>, 4  <0.0926606522447503>}
x[4,1]{0  <0.2980961738623805>, 7  <0.1256292962480286>, 4  <0.20366836574725827>, 6  <0.37260616414233255>}
x[4,2]{0  <0.20225465026491682>, 7  <0.11513108216681059>, 2  <0.4050041141291937>, 6  <0.15775519346616376>, 4  <0.11985495997291526>}
x[4,3]{1  <1.0>}
x[4,4]{0  <0.044723097948855366>, 7  <0.3708703666126737>, 2  <0.16846415499076983>, 6  <0.2509579573443553>, 4  <0.1649844231033458>}
x[4,5]{3  <1.0>}
x[4,6]{0  <0.2986872723111256>, 6  <0.2819956512617062>, 2  <0.41931707642716814>}
x[4,7]{5  <1.0>}
x[5,0]{6  <1.0>}
x[5,1]{0  <0.35898333586821024>, 7  <0.14722725207887072>, 4  <0.17060495154534452>, 3  <0.32318446050757443>}
x[5,2]{0  <0.4127000744720659>, 7  <0.21041294741704009>, 2  <0.06808194131106961>, 3  <0.13976871489776305>, 4  <0.16903632190206144>}
x[5,3]{0  <0.28600301874580086>, 7  <0.3248037059505685>, 2  <0.047216023476631376>, 3  <0.11533713131425685>, 4  <0.22664012051274224>}
x[5,4]{1  <1.0>}
x[5,5]{0  <0.16634736293201793>, 2  <0.8336526370679821>}
x[5,6]{5  <1.0>}
x[5,7]{4  <0.4207878474744414>, 7  <0.25447881788168925>, 2  <0.037101997974340786>, 3  <0.2876313366695286>}
x[6,0]{5  <1.0>}
x[6,1]{0  <0.3409450996533413>, 6  <0.28816661903942176>, 7  <0.10122370050620086>, 3  <0.26966458080103606>}
x[6,2]{0  <0.29327890870794926>, 7  <0.12841530136188795>, 2  <0.27419916081302603>, 3  <0.12109127908148759>, 6  <0.1830153500356493>}
x[6,3]{0  <0.2590732089540531>, 7  <0.20694573437825292>, 2  <0.23676181110939476>, 3  <0.10217805246990104>, 6  <0.19504119308839798>}
x[6,4]{0  <0.4949898295991538>, 6  <0.10126504059333993>, 2  <0.2650139275569602>, 7  <0.13873120225054605>}
x[6,5]{1  <1.0>}
x[6,6]{4  <1.0>}
x[6,7]{7  <0.25520379095017914>, 6  <0.1808756346453373>, 2  <0.22572690061561396>, 3  <0.33819367378886955>}
x[7,0]{0  <0.6696808291011189>, 7  <0.33031917089888096>}
x[7,1]{1  <1.0>}
x[7,2]{5  <1.0>}
x[7,3]{0  <0.23518877598865018>, 7  <0.12744383305553628>, 2  <0.4090847215626012>, 6  <0.22828266939321246>}
x[7,4]{0  <0.3682453244168354>, 7  <0.09126906491570445>, 2  <0.4226740115670864>, 6  <0.11781159910037362>}
x[7,5]{4  <1.0>}
x[7,6]{3  <1.0>}
x[7,7]{6  <0.6636228389678346>, 7  <0.16759862514748886>, 2  <0.16877853588467656>}
problem entropy = 0.0
smallest variable entropy = 1.7976931348623157E308
### branching on x[0,0]=0
##### after BP iteration 1 #####
x[0,0]{0  <1.0>}
x[0,1]{5  <1.0>}
x[0,2]{1  <1.0>}
x[0,3]{6  <0.20407377763590262>, 4  <0.5365919638409509>, 2  <0.25933425852314634>}
x[0,4]{3  <1.0>}
x[0,5]{7  <1.0>}
x[0,6]{2  <0.36394898627871225>, 6  <0.6360510137212878>}
x[0,7]{4  <0.5279692986172976>, 6  <0.07835687414052399>, 2  <0.3936738272421785>}
x[1,0]{2  <1.0>}
x[1,1]{0  <0.02739486277834214>, 6  <0.16128873151308337>, 7  <0.2973419211184685>, 3  <0.3170172177173555>, 4  <0.19695726687275045>}
x[1,2]{0  <0.17650291497229365>, 6  <0.11220258639016335>, 7  <0.1888112311099523>, 3  <0.28331148385722155>, 4  <0.2391717836703692>}
x[1,3]{0  <0.11846581994361537>, 6  <0.045999213310904355>, 7  <0.32487372916083856>, 3  <0.1288263018039876>, 4  <0.38183493578065414>}
x[1,4]{5  <1.0>}
x[1,5]{0  <0.5494117132647554>, 6  <0.4505882867352446>}
x[1,6]{1  <1.0>}
x[1,7]{4  <0.4578009902567635>, 6  <0.0040029160216880876>, 7  <0.24862380527792502>, 3  <0.2895722884436234>}
x[2,0]{1  <1.0>}
x[2,1]{2  <1.0>}
x[2,2]{3  <0.42164056454999305>, 4  <0.16286582975933445>, 6  <0.41549360569067245>}
x[2,3]{3  <0.7255472283975516>, 4  <0.19794198867814636>, 6  <0.076510782924302>}
x[2,4]{6  <0.21922320525756428>, 4  <0.7807767947424358>}
x[2,5]{5  <1.0>}
x[2,6]{7  <1.0>}
x[2,7]{0  <1.0>}
x[3,0]{3  <1.0>}
x[3,1]{0  <0.062355871752878565>, 6  <0.05900737880724151>, 4  <0.6349162687918545>, 7  <0.24372048064802546>}
x[3,2]{0  <0.06600465560865967>, 6  <0.05986776019232242>, 2  <0.17448497919895287>, 7  <0.31590893630504996>, 4  <0.38373366869501513>}
x[3,3]{5  <1.0>}
x[3,4]{0  <0.09825745640137082>, 6  <0.0797489578516413>, 2  <0.16773251422428756>, 7  <0.3888513811802314>, 4  <0.2654096903424691>}
x[3,5]{0  <0.23400200951802985>, 6  <0.6041012105328668>, 2  <0.1618967799491033>}
x[3,6]{0  <0.5086832869286898>, 6  <0.14740120088686323>, 2  <0.3439155121844469>}
x[3,7]{1  <1.0>}
x[4,0]{4  <1.0>}
x[4,1]{0  <0.32506791782800865>, 7  <0.2004616649575294>, 6  <0.474470417214462>}
x[4,2]{0  <0.1400616132814754>, 7  <0.15585852584738386>, 2  <0.5968060386744224>, 6  <0.10727382219671844>}
x[4,3]{1  <1.0>}
x[4,4]{0  <0.025306525460708662>, 7  <0.7046404900837006>, 2  <0.10024563767643307>, 6  <0.16980734677915765>}
x[4,5]{3  <1.0>}
x[4,6]{0  <0.5078288703338607>, 6  <0.1854507856490171>, 2  <0.3067203440171223>}
x[4,7]{5  <1.0>}
x[5,0]{6  <1.0>}
x[5,1]{0  <0.22904557873071923>, 7  <0.14774852141664072>, 4  <0.16852773480147004>, 3  <0.45467816505117>}
x[5,2]{0  <0.26342782973595075>, 7  <0.232172282288968>, 2  <0.04439949751279064>, 3  <0.2291760075158952>, 4  <0.23082438294639537>}
x[5,3]{0  <0.1527680977588591>, 7  <0.41166882619729583>, 2  <0.013360074801771833>, 3  <0.09592984101213196>, 4  <0.32627316022994113>}
x[5,4]{1  <1.0>}
x[5,5]{0  <0.09712894893065616>, 2  <0.9028710510693438>}
x[5,6]{5  <1.0>}
x[5,7]{4  <0.47065994280193935>, 7  <0.29342635930606364>, 2  <0.004356317296900839>, 3  <0.23155738059509623>}
x[6,0]{5  <1.0>}
x[6,1]{0  <0.1656362753829019>, 6  <0.28089530859918255>, 7  <0.12554074682301447>, 3  <0.427927669194901>}
x[6,2]{0  <0.13346991174772307>, 7  <0.17039914643711163>, 2  <0.2628261418523212>, 3  <0.2409218206039103>, 6  <0.19238297935893395>}
x[6,3]{0  <0.19309997515302035>, 7  <0.4119884014280763>, 2  <0.12966818080581377>, 3  <0.1275562750341159>, 6  <0.1376871675789737>}
x[6,4]{0  <0.368533910039282>, 6  <0.15514408719459863>, 2  <0.2972074022068203>, 7  <0.17911460055929904>}
x[6,5]{1  <1.0>}
x[6,6]{4  <1.0>}
x[6,7]{7  <0.44943450503385257>, 6  <0.008304760221579827>, 2  <0.026932339961055606>, 3  <0.515328394783512>}
x[7,0]{7  <1.0>}
x[7,1]{1  <1.0>}
x[7,2]{5  <1.0>}
x[7,3]{0  <0.44851965798074445>, 6  <0.1459912751295102>, 2  <0.40548906688974534>}
x[7,4]{0  <0.5844836470274456>, 6  <0.06673560904818367>, 2  <0.3487807439243708>}
x[7,5]{4  <1.0>}
x[7,6]{3  <1.0>}
x[7,7]{6  <0.7568571796280299>, 2  <0.24314282037197013>}
problem entropy = 0.0
smallest variable entropy = 1.7976931348623157E308
### branching on x[0,6]=6
### branching on x[0,3]=4
##### after BP iteration 1 #####
x[0,0]{0  <1.0>}
x[0,1]{5  <1.0>}
x[0,2]{1  <1.0>}
x[0,3]{4  <1.0>}
x[0,4]{3  <1.0>}
x[0,5]{7  <1.0>}
x[0,6]{6  <1.0>}
x[0,7]{2  <1.0>}
x[1,0]{2  <1.0>}
x[1,1]{0  <0.04938401054524143>, 6  <0.268697752806766>, 7  <0.2364787265346101>, 3  <0.26302771629541594>, 4  <0.18241179381796654>}
x[1,2]{0  <0.26876907410848255>, 6  <0.15350902416178486>, 7  <0.13121454918179898>, 3  <0.23020200678304661>, 4  <0.21630534576488705>}
x[1,3]{0  <0.29172913516606447>, 6  <0.32874225086306497>, 7  <0.24019847461727964>, 3  <0.13933013935359104>}
x[1,4]{5  <1.0>}
x[1,5]{0  <0.5409596761494345>, 6  <0.4590403238505654>}
x[1,6]{1  <1.0>}
x[1,7]{4  <0.6097381766594009>, 3  <0.22400490855318583>, 7  <0.16625691478741333>}
x[2,0]{1  <1.0>}
x[2,1]{2  <1.0>}
x[2,2]{3  <0.1042830263220573>, 4  <0.1633431058073353>, 6  <0.7323738678706073>}
x[2,3]{3  <0.49167919701959145>, 6  <0.5083208029804085>}
x[2,4]{6  <0.2692895595547981>, 4  <0.730710440445202>}
x[2,5]{5  <1.0>}
x[2,6]{7  <1.0>}
x[2,7]{0  <1.0>}
x[3,0]{3  <1.0>}
x[3,1]{0  <0.08232441142767569>, 6  <0.08654867593787947>, 4  <0.5644498020129987>, 7  <0.26667711062144606>}
x[3,2]{0  <0.08691822924279788>, 6  <0.08543422022240044>, 2  <0.24997261972311793>, 7  <0.31547196586109394>, 4  <0.2622029649505898>}
x[3,3]{5  <1.0>}
x[3,4]{0  <0.06814009452136495>, 6  <0.1781026832684657>, 2  <0.3102781868012164>, 7  <0.23115801108586795>, 4  <0.21232102432308506>}
x[3,5]{0  <0.13883330905630104>, 6  <0.7453680727293346>, 2  <0.11579861821436435>}
x[3,6]{0  <0.42583843978162333>, 2  <0.5741615602183766>}
x[3,7]{1  <1.0>}
x[4,0]{4  <1.0>}
x[4,1]{0  <0.16194204755001204>, 7  <0.20027332444987278>, 6  <0.6377846280001152>}
x[4,2]{0  <0.17848398273327903>, 7  <0.11973507645094922>, 2  <0.5885027374440495>, 6  <0.11327820337172226>}
x[4,3]{1  <1.0>}
x[4,4]{0  <0.00933878088116137>, 7  <0.5863752095077531>, 2  <0.09062193773929429>, 6  <0.3136640718717912>}
x[4,5]{3  <1.0>}
x[4,6]{0  <0.7171957671544599>, 2  <0.2828042328455401>}
x[4,7]{5  <1.0>}
x[5,0]{6  <1.0>}
x[5,1]{0  <0.3759767833662777>, 7  <0.11121852414645166>, 4  <0.1555595153099549>, 3  <0.3572451771773158>}
x[5,2]{0  <0.4063729576151798>, 7  <0.155838334343869>, 2  <0.03682227733928662>, 3  <0.18096841936605138>, 4  <0.21999801133561334>}
x[5,3]{0  <0.4523695883264017>, 7  <0.39006993482727037>, 2  <0.055884976675973246>, 3  <0.10167550017035455>}
x[5,4]{1  <1.0>}
x[5,5]{0  <0.0826326253832183>, 2  <0.9173673746167817>}
x[5,6]{5  <1.0>}
x[5,7]{4  <0.6454864598130663>, 7  <0.1661352994978307>, 3  <0.18837824068910305>}
x[6,0]{5  <1.0>}
x[6,1]{0  <0.25855143228270605>, 6  <0.4617606506373559>, 7  <0.08776412766861923>, 3  <0.1919237894113189>}
x[6,2]{0  <0.1847353270056508>, 7  <0.08952156887106008>, 2  <0.3556319411854925>, 3  <0.11132259726207955>, 6  <0.25878856567571706>}
x[6,3]{0  <0.1894854949025376>, 7  <0.11012540222262689>, 2  <0.2695670415562274>, 3  <0.06737899903036002>, 6  <0.363443062288248>}
x[6,4]{0  <0.18277505994092214>, 6  <0.2856678758895483>, 2  <0.48012990615424916>, 7  <0.05142715801528054>}
x[6,5]{1  <1.0>}
x[6,6]{4  <1.0>}
x[6,7]{7  <0.4961286374113834>, 3  <0.5038713625886165>}
x[7,0]{7  <1.0>}
x[7,1]{1  <1.0>}
x[7,2]{5  <1.0>}
x[7,3]{0  <0.256264676771547>, 2  <0.7437353232284531>}
x[7,4]{0  <0.578792443367955>, 2  <0.421207556632045>}
x[7,5]{4  <1.0>}
x[7,6]{3  <1.0>}
x[7,7]{6  <1.0>}
problem entropy = 0.0
smallest variable entropy = 1.7976931348623157E308
### branching on x[1,5]=6
##### after BP iteration 1 #####
x[0,0]{0  <1.0>}
x[0,1]{5  <1.0>}
x[0,2]{1  <1.0>}
x[0,3]{4  <1.0>}
x[0,4]{3  <1.0>}
x[0,5]{7  <1.0>}
x[0,6]{6  <1.0>}
x[0,7]{2  <1.0>}
x[1,0]{2  <1.0>}
x[1,1]{0  <0.05952407655838478>, 4  <0.22771916766642517>, 7  <0.33049383207703364>, 3  <0.3822629236981565>}
x[1,2]{0  <0.28238443470854746>, 4  <0.18460980412975442>, 7  <0.13597643179022892>, 3  <0.3970293293714692>}
x[1,3]{0  <0.45467485744843444>, 3  <0.2132416137444433>, 7  <0.3320835288071223>}
x[1,4]{5  <1.0>}
x[1,5]{6  <1.0>}
x[1,6]{1  <1.0>}
x[1,7]{4  <0.4322932897506795>, 3  <0.30058421899446214>, 7  <0.26712249125485843>}
x[2,0]{1  <1.0>}
x[2,1]{2  <1.0>}
x[2,2]{3  <0.4352771896710408>, 4  <0.17504328246908069>, 6  <0.3896795278598785>}
x[2,3]{3  <0.5715013934984202>, 6  <0.4284986065015798>}
x[2,4]{6  <0.15497568467893358>, 4  <0.8450243153210665>}
x[2,5]{5  <1.0>}
x[2,6]{7  <1.0>}
x[2,7]{0  <1.0>}
x[3,0]{3  <1.0>}
x[3,1]{7  <0.35730598208814374>, 6  <0.15597118340837254>, 4  <0.4867228345034837>}
x[3,2]{4  <0.3198155920696889>, 6  <0.13010013465253448>, 7  <0.5500842732777765>}
x[3,3]{5  <1.0>}
x[3,4]{4  <0.16117008071107772>, 6  <0.545367632280094>, 7  <0.2934622870088283>}
x[3,5]{0  <0.821558191691366>, 2  <0.17844180830863401>}
x[3,6]{0  <0.1819122945300081>, 2  <0.8180877054699919>}
x[3,7]{1  <1.0>}
x[4,0]{4  <1.0>}
x[4,1]{0  <0.19868229821036165>, 7  <0.25486805850113725>, 6  <0.5464496432885012>}
x[4,2]{0  <0.20082194728232805>, 7  <0.1572945330830471>, 2  <0.5591490560348181>, 6  <0.0827344635998068>}
x[4,3]{1  <1.0>}
x[4,4]{0  <0.014809337518963324>, 7  <0.49997416509020703>, 2  <0.07803124172839285>, 6  <0.40718525566243685>}
x[4,5]{3  <1.0>}
x[4,6]{0  <0.5929944931408897>, 2  <0.40700550685911036>}
x[4,7]{5  <1.0>}
x[5,0]{6  <1.0>}
x[5,1]{0  <0.2669786423693461>, 7  <0.1242596384141477>, 4  <0.1456118207187861>, 3  <0.46314989849772015>}
x[5,2]{0  <0.22469538683735907>, 7  <0.17494341466755267>, 2  <0.023840400553343116>, 3  <0.3562877226525007>, 4  <0.2202330752892445>}
x[5,3]{0  <0.26565469696021843>, 7  <0.49283770220312434>, 2  <0.042812782434866095>, 3  <0.1986948184017913>}
x[5,4]{1  <1.0>}
x[5,5]{0  <0.3776332824192442>, 2  <0.6223667175807557>}
x[5,6]{5  <1.0>}
x[5,7]{4  <0.4739962603743141>, 7  <0.2532792379142959>, 3  <0.27272450171138996>}
x[6,0]{5  <1.0>}
x[6,1]{0  <0.42946714328448743>, 6  <0.15613528933830748>, 7  <0.11491858636969865>, 3  <0.2994789810075066>}
x[6,2]{0  <0.26166808784628254>, 7  <0.12387424764095795>, 2  <0.25266842779023096>, 3  <0.26312733788860376>, 6  <0.09866189883392491>}
x[6,3]{0  <0.14806633449717038>, 7  <0.131777056521753>, 2  <0.15520311668023895>, 3  <0.16479350178292201>, 6  <0.4001599905179157>}
x[6,4]{0  <0.38161012335942224>, 6  <0.06108350011233015>, 2  <0.5325716242563697>, 7  <0.024734752271877835>}
x[6,5]{1  <1.0>}
x[6,6]{4  <1.0>}
x[6,7]{7  <0.6124406977931988>, 3  <0.38755930220680135>}
x[7,0]{7  <1.0>}
x[7,1]{1  <1.0>}
x[7,2]{5  <1.0>}
x[7,3]{0  <0.1553831635294432>, 2  <0.8446168364705567>}
x[7,4]{0  <0.8340956955479367>, 2  <0.1659043044520633>}
x[7,5]{4  <1.0>}
x[7,6]{3  <1.0>}
x[7,7]{6  <1.0>}
problem entropy = 0.0
smallest variable entropy = 1.7976931348623157E308
### branching on x[2,3]=6
##### after BP iteration 1 #####
x[0,0]{0  <1.0>}
x[0,1]{5  <1.0>}
x[0,2]{1  <1.0>}
x[0,3]{4  <1.0>}
x[0,4]{3  <1.0>}
x[0,5]{7  <1.0>}
x[0,6]{6  <1.0>}
x[0,7]{2  <1.0>}
x[1,0]{2  <1.0>}
x[1,1]{0  <0.07006034444305802>, 4  <0.41331382127110555>, 7  <0.18327511568095164>, 3  <0.33335071860488485>}
x[1,2]{0  <0.5449583970594432>, 4  <0.33051612016601556>, 7  <0.12452548277454129>}
x[1,3]{0  <0.33076324372700006>, 3  <0.37764323539496397>, 7  <0.29159352087803597>}
x[1,4]{5  <1.0>}
x[1,5]{6  <1.0>}
x[1,6]{1  <1.0>}
x[1,7]{4  <0.4495920072960905>, 3  <0.3587029187593698>, 7  <0.19170507394453962>}
x[2,0]{1  <1.0>}
x[2,1]{2  <1.0>}
x[2,2]{3  <1.0>}
x[2,3]{6  <1.0>}
x[2,4]{4  <1.0>}
x[2,5]{5  <1.0>}
x[2,6]{7  <1.0>}
x[2,7]{0  <1.0>}
x[3,0]{3  <1.0>}
x[3,1]{7  <0.26641860084976243>, 6  <0.16738716596688288>, 4  <0.5661942331833546>}
x[3,2]{4  <0.292280913669679>, 6  <0.35839927620425777>, 7  <0.3493198101260632>}
x[3,3]{5  <1.0>}
x[3,4]{7  <0.22737828856848033>, 6  <0.7726217114315197>}
x[3,5]{0  <0.8607615316721631>, 2  <0.13923846832783696>}
x[3,6]{0  <0.16736088725462578>, 2  <0.8326391127453742>}
x[3,7]{1  <1.0>}
x[4,0]{4  <1.0>}
x[4,1]{0  <0.17139042571488614>, 7  <0.2818431161211998>, 6  <0.546766458163914>}
x[4,2]{0  <0.08709042591040862>, 7  <0.13544600867926143>, 2  <0.5431462755037512>, 6  <0.23431728990657869>}
x[4,3]{1  <1.0>}
x[4,4]{0  <0.005061067107783421>, 7  <0.609409968351341>, 2  <0.06926430763921285>, 6  <0.3162646569016626>}
x[4,5]{3  <1.0>}
x[4,6]{0  <0.7371925934632009>, 2  <0.2628074065367991>}
x[4,7]{5  <1.0>}
x[5,0]{6  <1.0>}
x[5,1]{0  <0.19866918315589074>, 7  <0.07580371515248986>, 4  <0.260127982555564>, 3  <0.46539911913605536>}
x[5,2]{0  <0.1992378574680351>, 7  <0.16168914886733188>, 2  <0.18079057476449895>, 4  <0.4582824189001339>}
x[5,3]{0  <0.13485235951317545>, 7  <0.4295879464368334>, 2  <0.08498023594639294>, 3  <0.35057945810359836>}
x[5,4]{1  <1.0>}
x[5,5]{0  <0.17643952898579787>, 2  <0.8235604710142022>}
x[5,6]{5  <1.0>}
x[5,7]{4  <0.47990863292971847>, 7  <0.2195455772056033>, 3  <0.30054578986467817>}
x[6,0]{5  <1.0>}
x[6,1]{0  <0.32956710511510007>, 6  <0.4781700849700712>, 7  <0.040541196949755054>, 3  <0.1517216129650737>}
x[6,2]{0  <0.05735170032972738>, 7  <0.03881331054625212>, 2  <0.214963738013117>, 6  <0.6888712511109035>}
x[6,3]{0  <0.16172131829902298>, 7  <0.27559026066987075>, 2  <0.13166223440690042>, 3  <0.43102618662420583>}
x[6,4]{0  <0.14465494012353505>, 6  <0.13781607381674926>, 2  <0.6919048688035195>, 7  <0.025624117256196156>}
x[6,5]{1  <1.0>}
x[6,6]{4  <1.0>}
x[6,7]{7  <0.5544465103073085>, 3  <0.4455534896926916>}
x[7,0]{7  <1.0>}
x[7,1]{1  <1.0>}
x[7,2]{5  <1.0>}
x[7,3]{0  <0.17488309282481537>, 2  <0.8251169071751846>}
x[7,4]{0  <0.8565498438899939>, 2  <0.1434501561100062>}
x[7,5]{4  <1.0>}
x[7,6]{3  <1.0>}
x[7,7]{6  <1.0>}
problem entropy = 0.0
smallest variable entropy = 1.7976931348623157E308
### branching on x[3,4]=7
### branching on x[3,1]=6
##### after BP iteration 1 #####
x[0,0]{0  <1.0>}
x[0,1]{5  <1.0>}
x[0,2]{1  <1.0>}
x[0,3]{4  <1.0>}
x[0,4]{3  <1.0>}
x[0,5]{7  <1.0>}
x[0,6]{6  <1.0>}
x[0,7]{2  <1.0>}
x[1,0]{2  <1.0>}
x[1,1]{0  <0.0170076647348538>, 4  <0.7036876581564518>, 7  <0.06683691212914863>, 3  <0.2124677649795457>}
x[1,2]{0  <0.7714517021281523>, 7  <0.22854829787184772>}
x[1,3]{0  <0.18593652095156385>, 3  <0.3810911825502531>, 7  <0.43297229649818303>}
x[1,4]{5  <1.0>}
x[1,5]{6  <1.0>}
x[1,6]{1  <1.0>}
x[1,7]{4  <0.5289987647565022>, 3  <0.25539089090810263>, 7  <0.21561034433539522>}
x[2,0]{1  <1.0>}
x[2,1]{2  <1.0>}
x[2,2]{3  <1.0>}
x[2,3]{6  <1.0>}
x[2,4]{4  <1.0>}
x[2,5]{5  <1.0>}
x[2,6]{7  <1.0>}
x[2,7]{0  <1.0>}
x[3,0]{3  <1.0>}
x[3,1]{6  <1.0>}
x[3,2]{4  <1.0>}
x[3,3]{5  <1.0>}
x[3,4]{7  <1.0>}
x[3,5]{0  <0.8345420951420006>, 2  <0.1654579048579994>}
x[3,6]{0  <0.20593376835046504>, 2  <0.7940662316495349>}
x[3,7]{1  <1.0>}
x[4,0]{4  <1.0>}
x[4,1]{0  <0.05314566075671006>, 7  <0.94685433924329>}
x[4,2]{0  <0.043954886621656725>, 7  <0.23812758113322863>, 2  <0.5968550424607579>, 6  <0.12106248978435674>}
x[4,3]{1  <1.0>}
x[4,4]{0  <0.007686146544635337>, 6  <0.7082234092502805>, 2  <0.28409044420508417>}
x[4,5]{3  <1.0>}
x[4,6]{0  <0.8812931588102503>, 2  <0.11870684118974982>}
x[4,7]{5  <1.0>}
x[5,0]{6  <1.0>}
x[5,1]{0  <0.0820482527003453>, 7  <0.04375686172184622>, 4  <0.5289248239457714>, 3  <0.34527006163203694>}
x[5,2]{0  <0.2705835950775568>, 7  <0.46079498239455097>, 2  <0.2686214225278922>}
x[5,3]{0  <0.15071544450690413>, 7  <0.4999325137271502>, 2  <0.03380922172018237>, 3  <0.3155428200457633>}
x[5,4]{1  <1.0>}
x[5,5]{0  <0.1601830644995042>, 2  <0.8398169355004959>}
x[5,6]{5  <1.0>}
x[5,7]{4  <0.6617046184871356>, 7  <0.1369570827449199>, 3  <0.20133829876794454>}
x[6,0]{5  <1.0>}
x[6,1]{0  <0.7436100980362017>, 3  <0.1858243105327444>, 7  <0.07056559143105397>}
x[6,2]{0  <0.001217763839218592>, 7  <0.003095107135822531>, 2  <0.03431743838053109>, 6  <0.9613696906444279>}
x[6,3]{0  <0.21443643497839798>, 7  <0.3332039583421484>, 2  <0.04770399991089194>, 3  <0.4046556067685616>}
x[6,4]{0  <0.03030729003350375>, 6  <0.19476016336661015>, 2  <0.7749325465998862>}
x[6,5]{1  <1.0>}
x[6,6]{4  <1.0>}
x[6,7]{7  <0.6555274295503349>, 3  <0.34447257044966506>}
x[7,0]{7  <1.0>}
x[7,1]{1  <1.0>}
x[7,2]{5  <1.0>}
x[7,3]{0  <0.23233742344805636>, 2  <0.7676625765519436>}
x[7,4]{0  <0.8487256117801706>, 2  <0.15127438821982947>}
x[7,5]{4  <1.0>}
x[7,6]{3  <1.0>}
x[7,7]{6  <1.0>}
problem entropy = 0.0
smallest variable entropy = 1.7976931348623157E308
### branching on x[1,2]=0
##### after BP iteration 1 #####
x[0,0]{0  <1.0>}
x[0,1]{5  <1.0>}
x[0,2]{1  <1.0>}
x[0,3]{4  <1.0>}
x[0,4]{3  <1.0>}
x[0,5]{7  <1.0>}
x[0,6]{6  <1.0>}
x[0,7]{2  <1.0>}
x[1,0]{2  <1.0>}
x[1,1]{3  <0.39543404401483384>, 4  <0.5859627630236396>, 7  <0.018603192961526575>}
x[1,2]{0  <1.0>}
x[1,3]{7  <0.5641163484987894>, 3  <0.4358836515012105>}
x[1,4]{5  <1.0>}
x[1,5]{6  <1.0>}
x[1,6]{1  <1.0>}
x[1,7]{4  <0.19948487949881127>, 3  <0.4828154113287114>, 7  <0.3176997091724773>}
x[2,0]{1  <1.0>}
x[2,1]{2  <1.0>}
x[2,2]{3  <1.0>}
x[2,3]{6  <1.0>}
x[2,4]{4  <1.0>}
x[2,5]{5  <1.0>}
x[2,6]{7  <1.0>}
x[2,7]{0  <1.0>}
x[3,0]{3  <1.0>}
x[3,1]{6  <1.0>}
x[3,2]{4  <1.0>}
x[3,3]{5  <1.0>}
x[3,4]{7  <1.0>}
x[3,5]{0  <0.7658186275253074>, 2  <0.23418137247469262>}
x[3,6]{0  <0.11727915853699705>, 2  <0.8827208414630029>}
x[3,7]{1  <1.0>}
x[4,0]{4  <1.0>}
x[4,1]{0  <0.057042247438555765>, 7  <0.9429577525614443>}
x[4,2]{6  <0.06620316173510929>, 7  <0.07676876278750369>, 2  <0.857028075477387>}
x[4,3]{1  <1.0>}
x[4,4]{0  <0.003539955605866111>, 6  <0.8412116506701229>, 2  <0.15524839372401086>}
x[4,5]{3  <1.0>}
x[4,6]{0  <0.9181706834363165>, 2  <0.08182931656368359>}
x[4,7]{5  <1.0>}
x[5,0]{6  <1.0>}
x[5,1]{0  <0.19318722243513486>, 7  <0.0031746611300395>, 4  <0.2501514452636439>, 3  <0.5534866711711818>}
x[5,2]{2  <0.19168662351703708>, 7  <0.808313376482963>}
x[5,3]{0  <0.6409576289761127>, 7  <0.08743947335069412>, 2  <0.09802691783836569>, 3  <0.17357597983482753>}
x[5,4]{1  <1.0>}
x[5,5]{0  <0.42915516338131054>, 2  <0.5708448366186895>}
x[5,6]{5  <1.0>}
x[5,7]{4  <0.5670761804850487>, 7  <0.05985867943943695>, 3  <0.37306514007551433>}
x[6,0]{5  <1.0>}
x[6,1]{0  <0.8711681299088737>, 3  <0.11110906787721946>, 7  <0.017722802213906957>}
x[6,2]{6  <0.9287883913565811>, 7  <0.0045262429876846266>, 2  <0.06668536565573432>}
x[6,3]{0  <0.5135362055531981>, 7  <0.1624824245309391>, 2  <0.09282305724433794>, 3  <0.2311583126715247>}
x[6,4]{0  <0.04366530290175479>, 6  <0.08492620789931173>, 2  <0.8714084891989335>}
x[6,5]{1  <1.0>}
x[6,6]{4  <1.0>}
x[6,7]{7  <0.5971817597331638>, 3  <0.40281824026683616>}
x[7,0]{7  <1.0>}
x[7,1]{1  <1.0>}
x[7,2]{5  <1.0>}
x[7,3]{0  <0.15803499742165714>, 2  <0.8419650025783427>}
x[7,4]{0  <0.9377993064288854>, 2  <0.062200693571114525>}
x[7,5]{4  <1.0>}
x[7,6]{3  <1.0>}
x[7,7]{6  <1.0>}
problem entropy = 0.0
smallest variable entropy = 1.7976931348623157E308
### branching on x[1,3]=3
##### after BP iteration 1 #####
x[0,0]{0  <1.0>}
x[0,1]{5  <1.0>}
x[0,2]{1  <1.0>}
x[0,3]{4  <1.0>}
x[0,4]{3  <1.0>}
x[0,5]{7  <1.0>}
x[0,6]{6  <1.0>}
x[0,7]{2  <1.0>}
x[1,0]{2  <1.0>}
x[1,1]{7  <0.0404056627351009>, 4  <0.9595943372648991>}
x[1,2]{0  <1.0>}
x[1,3]{3  <1.0>}
x[1,4]{5  <1.0>}
x[1,5]{6  <1.0>}
x[1,6]{1  <1.0>}
x[1,7]{4  <0.03990787719448087>, 7  <0.9600921228055191>}
x[2,0]{1  <1.0>}
x[2,1]{2  <1.0>}
x[2,2]{3  <1.0>}
x[2,3]{6  <1.0>}
x[2,4]{4  <1.0>}
x[2,5]{5  <1.0>}
x[2,6]{7  <1.0>}
x[2,7]{0  <1.0>}
x[3,0]{3  <1.0>}
x[3,1]{6  <1.0>}
x[3,2]{4  <1.0>}
x[3,3]{5  <1.0>}
x[3,4]{7  <1.0>}
x[3,5]{0  <0.6649839488044872>, 2  <0.33501605119551275>}
x[3,6]{0  <0.09509230319579283>, 2  <0.9049076968042071>}
x[3,7]{1  <1.0>}
x[4,0]{4  <1.0>}
x[4,1]{0  <0.07764574810049331>, 7  <0.9223542518995067>}
x[4,2]{6  <0.09070611555559784>, 7  <0.05141306316301897>, 2  <0.8578808212813833>}
x[4,3]{1  <1.0>}
x[4,4]{0  <5.352272447865453E-4>, 6  <0.984417022962539>, 2  <0.01504774979267451>}
x[4,5]{3  <1.0>}
x[4,6]{0  <0.930951749449961>, 2  <0.06904825055003896>}
x[4,7]{5  <1.0>}
x[5,0]{6  <1.0>}
x[5,1]{3  <0.9675963119783644>, 4  <0.032403688021635686>}
x[5,2]{2  <0.023945781094882324>, 7  <0.9760542189051177>}
x[5,3]{0  <0.6768882871403927>, 7  <0.2049439404694635>, 2  <0.11816777239014369>}
x[5,4]{1  <1.0>}
x[5,5]{0  <0.27702588627350583>, 2  <0.7229741137264942>}
x[5,6]{5  <1.0>}
x[5,7]{4  <0.6900457655175558>, 3  <0.30995423448244425>}
x[6,0]{5  <1.0>}
x[6,1]{0  <0.6462221880286798>, 3  <0.18614004842773946>, 7  <0.1676377635435807>}
x[6,2]{6  <0.8356749930843548>, 7  <0.037185446448615045>, 2  <0.12713956046703023>}
x[6,3]{0  <0.08582375173515583>, 7  <0.8960660384467195>, 2  <0.018110209818124508>}
x[6,4]{0  <0.13171051779070675>, 6  <0.06890625549871364>, 2  <0.7993832267105797>}
x[6,5]{1  <1.0>}
x[6,6]{4  <1.0>}
x[6,7]{7  <0.2808306060744154>, 3  <0.7191693939255845>}
x[7,0]{7  <1.0>}
x[7,1]{1  <1.0>}
x[7,2]{5  <1.0>}
x[7,3]{0  <0.03368634696363959>, 2  <0.9663136530363605>}
x[7,4]{0  <0.9516496618068907>, 2  <0.04835033819310918>}
x[7,5]{4  <1.0>}
x[7,6]{3  <1.0>}
x[7,7]{6  <1.0>}
problem entropy = 0.0
smallest variable entropy = 1.7976931348623157E308
### branching on x[1,1]=4
##### after BP iteration 1 #####
x[0,0]{0  <1.0>}
x[0,1]{5  <1.0>}
x[0,2]{1  <1.0>}
x[0,3]{4  <1.0>}
x[0,4]{3  <1.0>}
x[0,5]{7  <1.0>}
x[0,6]{6  <1.0>}
x[0,7]{2  <1.0>}
x[1,0]{2  <1.0>}
x[1,1]{4  <1.0>}
x[1,2]{0  <1.0>}
x[1,3]{3  <1.0>}
x[1,4]{5  <1.0>}
x[1,5]{6  <1.0>}
x[1,6]{1  <1.0>}
x[1,7]{7  <1.0>}
x[2,0]{1  <1.0>}
x[2,1]{2  <1.0>}
x[2,2]{3  <1.0>}
x[2,3]{6  <1.0>}
x[2,4]{4  <1.0>}
x[2,5]{5  <1.0>}
x[2,6]{7  <1.0>}
x[2,7]{0  <1.0>}
x[3,0]{3  <1.0>}
x[3,1]{6  <1.0>}
x[3,2]{4  <1.0>}
x[3,3]{5  <1.0>}
x[3,4]{7  <1.0>}
x[3,5]{0  <0.88364380624412>, 2  <0.11635619375588001>}
x[3,6]{0  <0.21950823760940497>, 2  <0.7804917623905949>}
x[3,7]{1  <1.0>}
x[4,0]{4  <1.0>}
x[4,1]{0  <0.169071126001629>, 7  <0.830928873998371>}
x[4,2]{6  <0.03811080718526198>, 7  <0.01938914515879943>, 2  <0.9425000476559386>}
x[4,3]{1  <1.0>}
x[4,4]{0  <8.960139453818439E-4>, 6  <0.9612735958246924>, 2  <0.0378303902299257>}
x[4,5]{3  <1.0>}
x[4,6]{0  <0.9380595962826301>, 2  <0.06194040371736987>}
x[4,7]{5  <1.0>}
x[5,0]{6  <1.0>}
x[5,1]{3  <1.0>}
x[5,2]{2  <0.08500861360879858>, 7  <0.9149913863912015>}
x[5,3]{0  <0.9253244640676123>, 7  <0.02495439987806709>, 2  <0.049721136054320665>}
x[5,4]{1  <1.0>}
x[5,5]{0  <0.14138624644175687>, 2  <0.8586137535582432>}
x[5,6]{5  <1.0>}
x[5,7]{4  <1.0>}
x[6,0]{5  <1.0>}
x[6,1]{0  <0.968752509223777>, 7  <0.0312474907762231>}
x[6,2]{6  <0.9237346068760788>, 7  <0.0012785228271108878>, 2  <0.07498687029681028>}
x[6,3]{0  <0.017937305106125435>, 7  <0.9797191949622782>, 2  <0.002343499931596426>}
x[6,4]{0  <0.0032644306733291897>, 6  <0.029596268572567464>, 2  <0.9671393007541034>}
x[6,5]{1  <1.0>}
x[6,6]{4  <1.0>}
x[6,7]{3  <1.0>}
x[7,0]{7  <1.0>}
x[7,1]{1  <1.0>}
x[7,2]{5  <1.0>}
x[7,3]{0  <0.0459434124275141>, 2  <0.9540565875724858>}
x[7,4]{0  <0.921354596942642>, 2  <0.07864540305735801>}
x[7,5]{4  <1.0>}
x[7,6]{3  <1.0>}
x[7,7]{6  <1.0>}
problem entropy = 0.0
smallest variable entropy = 1.7976931348623157E308
### branching on x[3,5]=2
##### after BP iteration 1 #####
x[0,0]{0  <1.0>}
x[0,1]{5  <1.0>}
x[0,2]{1  <1.0>}
x[0,3]{4  <1.0>}
x[0,4]{3  <1.0>}
x[0,5]{7  <1.0>}
x[0,6]{6  <1.0>}
x[0,7]{2  <1.0>}
x[1,0]{2  <1.0>}
x[1,1]{4  <1.0>}
x[1,2]{0  <1.0>}
x[1,3]{3  <1.0>}
x[1,4]{5  <1.0>}
x[1,5]{6  <1.0>}
x[1,6]{1  <1.0>}
x[1,7]{7  <1.0>}
x[2,0]{1  <1.0>}
x[2,1]{2  <1.0>}
x[2,2]{3  <1.0>}
x[2,3]{6  <1.0>}
x[2,4]{4  <1.0>}
x[2,5]{5  <1.0>}
x[2,6]{7  <1.0>}
x[2,7]{0  <1.0>}
x[3,0]{3  <1.0>}
x[3,1]{6  <1.0>}
x[3,2]{4  <1.0>}
x[3,3]{5  <1.0>}
x[3,4]{7  <1.0>}
x[3,5]{2  <1.0>}
x[3,6]{0  <1.0>}
x[3,7]{1  <1.0>}
x[4,0]{4  <1.0>}
x[4,1]{0  <0.8874179958677734>, 7  <0.11258200413222662>}
x[4,2]{6  <0.003272040587171905>, 7  <0.9967279594128281>}
x[4,3]{1  <1.0>}
x[4,4]{0  <0.012447544319380032>, 6  <0.98755245568062>}
x[4,5]{3  <1.0>}
x[4,6]{2  <1.0>}
x[4,7]{5  <1.0>}
x[5,0]{6  <1.0>}
x[5,1]{3  <1.0>}
x[5,2]{2  <0.9328217506145592>, 7  <0.06717824938544079>}
x[5,3]{2  <0.8659650485893688>, 7  <0.13403495141063118>}
x[5,4]{1  <1.0>}
x[5,5]{0  <1.0>}
x[5,6]{5  <1.0>}
x[5,7]{4  <1.0>}
x[6,0]{5  <1.0>}
x[6,1]{0  <0.9851088891116808>, 7  <0.014891110888319138>}
x[6,2]{6  <0.8851491745056839>, 7  <0.001440617014018879>, 2  <0.11341020848029719>}
x[6,3]{0  <0.12231722639692287>, 7  <0.8711985268667272>, 2  <0.0064842467363499775>}
x[6,4]{0  <9.114457883666906E-4>, 6  <6.510263474016375E-4>, 2  <0.9984375278642317>}
x[6,5]{1  <1.0>}
x[6,6]{4  <1.0>}
x[6,7]{3  <1.0>}
x[7,0]{7  <1.0>}
x[7,1]{1  <1.0>}
x[7,2]{5  <1.0>}
x[7,3]{0  <0.9647597306896166>, 2  <0.03524026931038332>}
x[7,4]{0  <0.995223995576957>, 2  <0.004776004423043017>}
x[7,5]{4  <1.0>}
x[7,6]{3  <1.0>}
x[7,7]{6  <1.0>}
problem entropy = 0.0
smallest variable entropy = 1.7976931348623157E308
### branching on x[4,1]=0
##### after BP iteration 1 #####
x[0,0]{0  <1.0>}
x[0,1]{5  <1.0>}
x[0,2]{1  <1.0>}
x[0,3]{4  <1.0>}
x[0,4]{3  <1.0>}
x[0,5]{7  <1.0>}
x[0,6]{6  <1.0>}
x[0,7]{2  <1.0>}
x[1,0]{2  <1.0>}
x[1,1]{4  <1.0>}
x[1,2]{0  <1.0>}
x[1,3]{3  <1.0>}
x[1,4]{5  <1.0>}
x[1,5]{6  <1.0>}
x[1,6]{1  <1.0>}
x[1,7]{7  <1.0>}
x[2,0]{1  <1.0>}
x[2,1]{2  <1.0>}
x[2,2]{3  <1.0>}
x[2,3]{6  <1.0>}
x[2,4]{4  <1.0>}
x[2,5]{5  <1.0>}
x[2,6]{7  <1.0>}
x[2,7]{0  <1.0>}
x[3,0]{3  <1.0>}
x[3,1]{6  <1.0>}
x[3,2]{4  <1.0>}
x[3,3]{5  <1.0>}
x[3,4]{7  <1.0>}
x[3,5]{2  <1.0>}
x[3,6]{0  <1.0>}
x[3,7]{1  <1.0>}
x[4,0]{4  <1.0>}
x[4,1]{0  <1.0>}
x[4,2]{7  <1.0>}
x[4,3]{1  <1.0>}
x[4,4]{6  <1.0>}
x[4,5]{3  <1.0>}
x[4,6]{2  <1.0>}
x[4,7]{5  <1.0>}
x[5,0]{6  <1.0>}
x[5,1]{3  <1.0>}
x[5,2]{2  <1.0>}
x[5,3]{7  <1.0>}
x[5,4]{1  <1.0>}
x[5,5]{0  <1.0>}
x[5,6]{5  <1.0>}
x[5,7]{4  <1.0>}
x[6,0]{5  <1.0>}
x[6,1]{7  <1.0>}
x[6,2]{6  <1.0>}
x[6,3]{0  <0.921354596942642>, 2  <0.07864540305735805>}
x[6,4]{0  <0.04594341242751411>, 2  <0.9540565875724858>}
x[6,5]{1  <1.0>}
x[6,6]{4  <1.0>}
x[6,7]{3  <1.0>}
x[7,0]{7  <1.0>}
x[7,1]{1  <1.0>}
x[7,2]{5  <1.0>}
x[7,3]{0  <0.005255068839019819>, 2  <0.9947449311609803>}
x[7,4]{0  <0.773526030321845>, 2  <0.22647396967815503>}
x[7,5]{4  <1.0>}
x[7,6]{3  <1.0>}
x[7,7]{6  <1.0>}
problem entropy = 0.0
smallest variable entropy = 1.7976931348623157E308
### branching on x[6,3]=2
##### after BP iteration 1 #####
x[0,0]{0  <1.0>}
x[0,1]{5  <1.0>}
x[0,2]{1  <1.0>}
x[0,3]{4  <1.0>}
x[0,4]{3  <1.0>}
x[0,5]{7  <1.0>}
x[0,6]{6  <1.0>}
x[0,7]{2  <1.0>}
x[1,0]{2  <1.0>}
x[1,1]{4  <1.0>}
x[1,2]{0  <1.0>}
x[1,3]{3  <1.0>}
x[1,4]{5  <1.0>}
x[1,5]{6  <1.0>}
x[1,6]{1  <1.0>}
x[1,7]{7  <1.0>}
x[2,0]{1  <1.0>}
x[2,1]{2  <1.0>}
x[2,2]{3  <1.0>}
x[2,3]{6  <1.0>}
x[2,4]{4  <1.0>}
x[2,5]{5  <1.0>}
x[2,6]{7  <1.0>}
x[2,7]{0  <1.0>}
x[3,0]{3  <1.0>}
x[3,1]{6  <1.0>}
x[3,2]{4  <1.0>}
x[3,3]{5  <1.0>}
x[3,4]{7  <1.0>}
x[3,5]{2  <1.0>}
x[3,6]{0  <1.0>}
x[3,7]{1  <1.0>}
x[4,0]{4  <1.0>}
x[4,1]{0  <1.0>}
x[4,2]{7  <1.0>}
x[4,3]{1  <1.0>}
x[4,4]{6  <1.0>}
x[4,5]{3  <1.0>}
x[4,6]{2  <1.0>}
x[4,7]{5  <1.0>}
x[5,0]{6  <1.0>}
x[5,1]{3  <1.0>}
x[5,2]{2  <1.0>}
x[5,3]{7  <1.0>}
x[5,4]{1  <1.0>}
x[5,5]{0  <1.0>}
x[5,6]{5  <1.0>}
x[5,7]{4  <1.0>}
x[6,0]{5  <1.0>}
x[6,1]{7  <1.0>}
x[6,2]{6  <1.0>}
x[6,3]{2  <1.0>}
x[6,4]{0  <1.0>}
x[6,5]{1  <1.0>}
x[6,6]{4  <1.0>}
x[6,7]{3  <1.0>}
x[7,0]{7  <1.0>}
x[7,1]{1  <1.0>}
x[7,2]{5  <1.0>}
x[7,3]{0  <1.0>}
x[7,4]{2  <1.0>}
x[7,5]{4  <1.0>}
x[7,6]{3  <1.0>}
x[7,7]{6  <1.0>}
problem entropy = 0.0
smallest variable entropy = 1.7976931348623157E308
### branching on x[6,3]!=2
##### after BP iteration 1 #####
x[0,0]{0  <1.0>}
x[0,1]{5  <1.0>}
x[0,2]{1  <1.0>}
x[0,3]{4  <1.0>}
x[0,4]{3  <1.0>}
x[0,5]{7  <1.0>}
x[0,6]{6  <1.0>}
x[0,7]{2  <1.0>}
x[1,0]{2  <1.0>}
x[1,1]{4  <1.0>}
x[1,2]{0  <1.0>}
x[1,3]{3  <1.0>}
x[1,4]{5  <1.0>}
x[1,5]{6  <1.0>}
x[1,6]{1  <1.0>}
x[1,7]{7  <1.0>}
x[2,0]{1  <1.0>}
x[2,1]{2  <1.0>}
x[2,2]{3  <1.0>}
x[2,3]{6  <1.0>}
x[2,4]{4  <1.0>}
x[2,5]{5  <1.0>}
x[2,6]{7  <1.0>}
x[2,7]{0  <1.0>}
x[3,0]{3  <1.0>}
x[3,1]{6  <1.0>}
x[3,2]{4  <1.0>}
x[3,3]{5  <1.0>}
x[3,4]{7  <1.0>}
x[3,5]{2  <1.0>}
x[3,6]{0  <1.0>}
x[3,7]{1  <1.0>}
x[4,0]{4  <1.0>}
x[4,1]{0  <1.0>}
x[4,2]{7  <1.0>}
x[4,3]{1  <1.0>}
x[4,4]{6  <1.0>}
x[4,5]{3  <1.0>}
x[4,6]{2  <1.0>}
x[4,7]{5  <1.0>}
x[5,0]{6  <1.0>}
x[5,1]{3  <1.0>}
x[5,2]{2  <1.0>}
x[5,3]{7  <1.0>}
x[5,4]{1  <1.0>}
x[5,5]{0  <1.0>}
x[5,6]{5  <1.0>}
x[5,7]{4  <1.0>}
x[6,0]{5  <1.0>}
x[6,1]{7  <1.0>}
x[6,2]{6  <1.0>}
x[6,3]{0  <1.0>}
x[6,4]{2  <1.0>}
x[6,5]{1  <1.0>}
x[6,6]{4  <1.0>}
x[6,7]{3  <1.0>}
x[7,0]{7  <1.0>}
x[7,1]{1  <1.0>}
x[7,2]{5  <1.0>}
x[7,3]{2  <1.0>}
x[7,4]{0  <1.0>}
x[7,5]{4  <1.0>}
x[7,6]{3  <1.0>}
x[7,7]{6  <1.0>}
problem entropy = 0.0
smallest variable entropy = 1.7976931348623157E308

	#choice: 14
	#fail: 0
	execution time (ms): 138
	#sols : 1
	completed : false

