{5  <6.0>}
model: max-product-init
FINAL DAMPING FACTOR = 1.0
##### after BP iteration 1 #####
x[0,0]{5  <1.0>}
x[0,1]{2  <0.5>, 7  <0.5>}
x[0,2]{6  <1.0>}
x[0,3]{0  <1.0>}
x[0,4]{4  <1.0>}
x[0,5]{2  <0.5>, 7  <0.5>}
x[0,6]{3  <1.0>}
x[0,7]{1  <1.0>}
x[1,0]{0  <1.0>}
x[1,1]{7  <0.4705882352941177>, 5  <0.3529411764705882>, 2  <0.1764705882352941>}
x[1,2]{4  <1.0>}
x[1,3]{1  <1.0>}
x[1,4]{2  <0.5>, 5  <0.5>}
x[1,5]{6  <1.0>}
x[1,6]{7  <0.5>, 5  <0.5>}
x[1,7]{3  <1.0>}
x[2,0]{3  <0.3333333333333333>, 1  <0.3333333333333333>, 6  <0.3333333333333333>}
x[2,1]{0  <1.0>}
x[2,2]{7  <0.4>, 1  <0.1>, 5  <0.3>, 3  <0.2>}
x[2,3]{4  <1.0>}
x[2,4]{5  <0.25>, 1  <0.25>, 6  <0.25>, 3  <0.25>}
x[2,5]{7  <0.25>, 1  <0.25>, 5  <0.25>, 3  <0.25>}
x[2,6]{7  <0.5>, 5  <0.5>}
x[2,7]{2  <1.0>}
x[3,0]{2  <1.0>}
x[3,1]{3  <1.0>}
x[3,2]{0  <0.33333333333333337>, 1  <0.33333333333333337>, 5  <0.33333333333333337>}
x[3,3]{7  <1.0>}
x[3,4]{0  <0.33333333333333337>, 1  <0.33333333333333337>, 5  <0.33333333333333337>}
x[3,5]{5  <0.5>, 1  <0.5>}
x[3,6]{4  <1.0>}
x[3,7]{6  <1.0>}
x[4,0]{3  <0.5>, 6  <0.5>}
x[4,1]{4  <1.0>}
x[4,2]{5  <0.3333333333333333>, 7  <0.3333333333333333>, 3  <0.3333333333333333>}
x[4,3]{5  <0.3333333333333333>, 6  <0.3333333333333333>, 2  <0.3333333333333333>}
x[4,4]{5  <0.3>, 6  <0.35>, 2  <0.15>, 3  <0.2>}
x[4,5]{5  <0.25>, 7  <0.25>, 2  <0.25>, 3  <0.25>}
x[4,6]{1  <1.0>}
x[4,7]{0  <1.0>}
x[5,0]{4  <1.0>}
x[5,1]{5  <0.3333333333333333>, 1  <0.3333333333333333>, 2  <0.3333333333333333>}
x[5,2]{0  <0.25>, 1  <0.25>, 5  <0.25>, 3  <0.25>}
x[5,3]{2  <0.5>, 5  <0.5>}
x[5,4]{0  <0.2>, 1  <0.2>, 2  <0.2>, 3  <0.2>, 5  <0.2>}
x[5,5]{5  <0.4>, 1  <0.13333333333333333>, 2  <0.2>, 3  <0.26666666666666666>}
x[5,6]{6  <1.0>}
x[5,7]{7  <1.0>}
x[6,0]{7  <1.0>}
x[6,1]{6  <0.3333333333333333>, 1  <0.3333333333333333>, 5  <0.3333333333333333>}
x[6,2]{3  <0.3333333333333333>, 1  <0.3333333333333333>, 5  <0.3333333333333333>}
x[6,3]{6  <0.5>, 5  <0.5>}
x[6,4]{6  <0.25>, 1  <0.25>, 5  <0.25>, 3  <0.25>}
x[6,5]{0  <1.0>}
x[6,6]{2  <1.0>}
x[6,7]{4  <1.0>}
x[7,0]{6  <0.5>, 1  <0.5>}
x[7,1]{6  <0.5>, 1  <0.5>}
x[7,2]{2  <1.0>}
x[7,3]{3  <1.0>}
x[7,4]{7  <1.0>}
x[7,5]{4  <1.0>}
x[7,6]{0  <1.0>}
x[7,7]{5  <1.0>}
problem entropy = 0.9919651024478988
smallest variable entropy = 0.6931471805599453
##### after BP iteration 2 #####
x[0,0]{5  <1.0>}
x[0,1]{2  <0.5>, 7  <0.5>}
x[0,2]{6  <1.0>}
x[0,3]{0  <1.0>}
x[0,4]{4  <1.0>}
x[0,5]{2  <0.5>, 7  <0.5>}
x[0,6]{3  <1.0>}
x[0,7]{1  <1.0>}
x[1,0]{0  <1.0>}
x[1,1]{7  <0.4705882352941177>, 5  <0.3529411764705882>, 2  <0.1764705882352941>}
x[1,2]{4  <1.0>}
x[1,3]{1  <1.0>}
x[1,4]{2  <0.5>, 5  <0.5>}
x[1,5]{6  <1.0>}
x[1,6]{7  <0.5>, 5  <0.5>}
x[1,7]{3  <1.0>}
x[2,0]{3  <0.3333333333333333>, 1  <0.3333333333333333>, 6  <0.3333333333333333>}
x[2,1]{0  <1.0>}
x[2,2]{7  <0.4>, 1  <0.1>, 5  <0.3>, 3  <0.2>}
x[2,3]{4  <1.0>}
x[2,4]{5  <0.25>, 1  <0.25>, 6  <0.25>, 3  <0.25>}
x[2,5]{7  <0.25>, 1  <0.25>, 5  <0.25>, 3  <0.25>}
x[2,6]{7  <0.5>, 5  <0.5>}
x[2,7]{2  <1.0>}
x[3,0]{2  <1.0>}
x[3,1]{3  <1.0>}
x[3,2]{0  <0.33333333333333337>, 1  <0.33333333333333337>, 5  <0.33333333333333337>}
x[3,3]{7  <1.0>}
x[3,4]{0  <0.33333333333333337>, 1  <0.33333333333333337>, 5  <0.33333333333333337>}
x[3,5]{5  <0.5>, 1  <0.5>}
x[3,6]{4  <1.0>}
x[3,7]{6  <1.0>}
x[4,0]{3  <0.5>, 6  <0.5>}
x[4,1]{4  <1.0>}
x[4,2]{5  <0.3333333333333333>, 7  <0.3333333333333333>, 3  <0.3333333333333333>}
x[4,3]{5  <0.3333333333333333>, 6  <0.3333333333333333>, 2  <0.3333333333333333>}
x[4,4]{5  <0.3>, 6  <0.35>, 2  <0.15>, 3  <0.2>}
x[4,5]{5  <0.25>, 7  <0.25>, 2  <0.25>, 3  <0.25>}
x[4,6]{1  <1.0>}
x[4,7]{0  <1.0>}
x[5,0]{4  <1.0>}
x[5,1]{5  <0.3333333333333333>, 1  <0.3333333333333333>, 2  <0.3333333333333333>}
x[5,2]{0  <0.25>, 1  <0.25>, 5  <0.25>, 3  <0.25>}
x[5,3]{2  <0.5>, 5  <0.5>}
x[5,4]{0  <0.2>, 1  <0.2>, 2  <0.2>, 3  <0.2>, 5  <0.2>}
x[5,5]{5  <0.4>, 1  <0.13333333333333333>, 2  <0.2>, 3  <0.26666666666666666>}
x[5,6]{6  <1.0>}
x[5,7]{7  <1.0>}
x[6,0]{7  <1.0>}
x[6,1]{6  <0.3333333333333333>, 1  <0.3333333333333333>, 5  <0.3333333333333333>}
x[6,2]{3  <0.3333333333333333>, 1  <0.3333333333333333>, 5  <0.3333333333333333>}
x[6,3]{6  <0.5>, 5  <0.5>}
x[6,4]{6  <0.25>, 1  <0.25>, 5  <0.25>, 3  <0.25>}
x[6,5]{0  <1.0>}
x[6,6]{2  <1.0>}
x[6,7]{4  <1.0>}
x[7,0]{6  <0.5>, 1  <0.5>}
x[7,1]{6  <0.5>, 1  <0.5>}
x[7,2]{2  <1.0>}
x[7,3]{3  <1.0>}
x[7,4]{7  <1.0>}
x[7,5]{4  <1.0>}
x[7,6]{0  <1.0>}
x[7,7]{5  <1.0>}
problem entropy = 0.9919651024478988
smallest variable entropy = 0.6931471805599453
### branching on x[0,1]=2 marginal=0.5
##### after BP iteration 1 #####
x[0,0]{5  <1.0>}
x[0,1]{2  <1.0>}
x[0,2]{6  <1.0>}
x[0,3]{0  <1.0>}
x[0,4]{4  <1.0>}
x[0,5]{7  <1.0>}
x[0,6]{3  <1.0>}
x[0,7]{1  <1.0>}
x[1,0]{0  <1.0>}
x[1,1]{7  <1.0>}
x[1,2]{4  <1.0>}
x[1,3]{1  <1.0>}
x[1,4]{2  <1.0>}
x[1,5]{6  <1.0>}
x[1,6]{5  <1.0>}
x[1,7]{3  <1.0>}
x[2,0]{3  <0.3333333333333333>, 1  <0.3333333333333333>, 6  <0.3333333333333333>}
x[2,1]{0  <1.0>}
x[2,2]{3  <0.3333333333333333>, 1  <0.16666666666666666>, 5  <0.5>}
x[2,3]{4  <1.0>}
x[2,4]{5  <0.25>, 1  <0.25>, 6  <0.25>, 3  <0.25>}
x[2,5]{3  <0.3333333333333333>, 1  <0.3333333333333333>, 5  <0.3333333333333333>}
x[2,6]{7  <1.0>}
x[2,7]{2  <1.0>}
x[3,0]{2  <1.0>}
x[3,1]{3  <1.0>}
x[3,2]{0  <0.33333333333333337>, 1  <0.33333333333333337>, 5  <0.33333333333333337>}
x[3,3]{7  <1.0>}
x[3,4]{0  <0.33333333333333337>, 1  <0.33333333333333337>, 5  <0.33333333333333337>}
x[3,5]{5  <0.5>, 1  <0.5>}
x[3,6]{4  <1.0>}
x[3,7]{6  <1.0>}
x[4,0]{3  <0.5>, 6  <0.5>}
x[4,1]{4  <1.0>}
x[4,2]{7  <1.0>}
x[4,3]{5  <0.3333333333333333>, 6  <0.3333333333333333>, 2  <0.3333333333333333>}
x[4,4]{5  <0.35294117647058826>, 6  <0.4117647058823529>, 3  <0.23529411764705882>}
x[4,5]{5  <0.3333333333333333>, 3  <0.3333333333333333>, 2  <0.3333333333333333>}
x[4,6]{1  <1.0>}
x[4,7]{0  <1.0>}
x[5,0]{4  <1.0>}
x[5,1]{5  <0.5>, 1  <0.5>}
x[5,2]{0  <0.25>, 1  <0.25>, 5  <0.25>, 3  <0.25>}
x[5,3]{2  <0.5>, 5  <0.5>}
x[5,4]{0  <0.25>, 1  <0.25>, 5  <0.25>, 3  <0.25>}
x[5,5]{5  <0.4>, 1  <0.13333333333333333>, 2  <0.2>, 3  <0.26666666666666666>}
x[5,6]{6  <1.0>}
x[5,7]{7  <1.0>}
x[6,0]{7  <1.0>}
x[6,1]{6  <0.3333333333333333>, 1  <0.3333333333333333>, 5  <0.3333333333333333>}
x[6,2]{3  <0.3333333333333333>, 1  <0.3333333333333333>, 5  <0.3333333333333333>}
x[6,3]{6  <0.5>, 5  <0.5>}
x[6,4]{6  <0.25>, 1  <0.25>, 5  <0.25>, 3  <0.25>}
x[6,5]{0  <1.0>}
x[6,6]{2  <1.0>}
x[6,7]{4  <1.0>}
x[7,0]{6  <0.5>, 1  <0.5>}
x[7,1]{6  <0.5>, 1  <0.5>}
x[7,2]{2  <1.0>}
x[7,3]{3  <1.0>}
x[7,4]{7  <1.0>}
x[7,5]{4  <1.0>}
x[7,6]{0  <1.0>}
x[7,7]{5  <1.0>}
problem entropy = 0.9928308602917226
smallest variable entropy = 0.6931471805599453
##### after BP iteration 2 #####
x[0,0]{5  <1.0>}
x[0,1]{2  <1.0>}
x[0,2]{6  <1.0>}
x[0,3]{0  <1.0>}
x[0,4]{4  <1.0>}
x[0,5]{7  <1.0>}
x[0,6]{3  <1.0>}
x[0,7]{1  <1.0>}
x[1,0]{0  <1.0>}
x[1,1]{7  <1.0>}
x[1,2]{4  <1.0>}
x[1,3]{1  <1.0>}
x[1,4]{2  <1.0>}
x[1,5]{6  <1.0>}
x[1,6]{5  <1.0>}
x[1,7]{3  <1.0>}
x[2,0]{3  <0.3333333333333333>, 1  <0.3333333333333333>, 6  <0.3333333333333333>}
x[2,1]{0  <1.0>}
x[2,2]{3  <0.3333333333333333>, 1  <0.16666666666666666>, 5  <0.5>}
x[2,3]{4  <1.0>}
x[2,4]{5  <0.25>, 1  <0.25>, 6  <0.25>, 3  <0.25>}
x[2,5]{3  <0.3333333333333333>, 1  <0.3333333333333333>, 5  <0.3333333333333333>}
x[2,6]{7  <1.0>}
x[2,7]{2  <1.0>}
x[3,0]{2  <1.0>}
x[3,1]{3  <1.0>}
x[3,2]{0  <0.33333333333333337>, 1  <0.33333333333333337>, 5  <0.33333333333333337>}
x[3,3]{7  <1.0>}
x[3,4]{0  <0.33333333333333337>, 1  <0.33333333333333337>, 5  <0.33333333333333337>}
x[3,5]{5  <0.5>, 1  <0.5>}
x[3,6]{4  <1.0>}
x[3,7]{6  <1.0>}
x[4,0]{3  <0.5>, 6  <0.5>}
x[4,1]{4  <1.0>}
x[4,2]{7  <1.0>}
x[4,3]{5  <0.3333333333333333>, 6  <0.3333333333333333>, 2  <0.3333333333333333>}
x[4,4]{5  <0.35294117647058826>, 6  <0.4117647058823529>, 3  <0.23529411764705882>}
x[4,5]{5  <0.3333333333333333>, 3  <0.3333333333333333>, 2  <0.3333333333333333>}
x[4,6]{1  <1.0>}
x[4,7]{0  <1.0>}
x[5,0]{4  <1.0>}
x[5,1]{5  <0.5>, 1  <0.5>}
x[5,2]{0  <0.25>, 1  <0.25>, 5  <0.25>, 3  <0.25>}
x[5,3]{2  <0.5>, 5  <0.5>}
x[5,4]{0  <0.25>, 1  <0.25>, 5  <0.25>, 3  <0.25>}
x[5,5]{5  <0.4>, 1  <0.13333333333333333>, 2  <0.2>, 3  <0.26666666666666666>}
x[5,6]{6  <1.0>}
x[5,7]{7  <1.0>}
x[6,0]{7  <1.0>}
x[6,1]{6  <0.3333333333333333>, 1  <0.3333333333333333>, 5  <0.3333333333333333>}
x[6,2]{3  <0.3333333333333333>, 1  <0.3333333333333333>, 5  <0.3333333333333333>}
x[6,3]{6  <0.5>, 5  <0.5>}
x[6,4]{6  <0.25>, 1  <0.25>, 5  <0.25>, 3  <0.25>}
x[6,5]{0  <1.0>}
x[6,6]{2  <1.0>}
x[6,7]{4  <1.0>}
x[7,0]{6  <0.5>, 1  <0.5>}
x[7,1]{6  <0.5>, 1  <0.5>}
x[7,2]{2  <1.0>}
x[7,3]{3  <1.0>}
x[7,4]{7  <1.0>}
x[7,5]{4  <1.0>}
x[7,6]{0  <1.0>}
x[7,7]{5  <1.0>}
problem entropy = 0.9928308602917226
smallest variable entropy = 0.6931471805599453
### branching on x[2,2]=5 marginal=0.5
##### after BP iteration 1 #####
x[0,0]{5  <1.0>}
x[0,1]{2  <1.0>}
x[0,2]{6  <1.0>}
x[0,3]{0  <1.0>}
x[0,4]{4  <1.0>}
x[0,5]{7  <1.0>}
x[0,6]{3  <1.0>}
x[0,7]{1  <1.0>}
x[1,0]{0  <1.0>}
x[1,1]{7  <1.0>}
x[1,2]{4  <1.0>}
x[1,3]{1  <1.0>}
x[1,4]{2  <1.0>}
x[1,5]{6  <1.0>}
x[1,6]{5  <1.0>}
x[1,7]{3  <1.0>}
x[2,0]{3  <0.3333333333333333>, 1  <0.3333333333333333>, 6  <0.3333333333333333>}
x[2,1]{0  <1.0>}
x[2,2]{5  <1.0>}
x[2,3]{4  <1.0>}
x[2,4]{3  <0.3333333333333333>, 1  <0.3333333333333333>, 6  <0.3333333333333333>}
x[2,5]{3  <0.5>, 1  <0.5>}
x[2,6]{7  <1.0>}
x[2,7]{2  <1.0>}
x[3,0]{2  <1.0>}
x[3,1]{3  <1.0>}
x[3,2]{0  <0.5>, 1  <0.5>}
x[3,3]{7  <1.0>}
x[3,4]{0  <0.3333333333333333>, 1  <0.3333333333333333>, 5  <0.3333333333333333>}
x[3,5]{5  <0.5>, 1  <0.5>}
x[3,6]{4  <1.0>}
x[3,7]{6  <1.0>}
x[4,0]{3  <0.5>, 6  <0.5>}
x[4,1]{4  <1.0>}
x[4,2]{7  <1.0>}
x[4,3]{5  <0.3333333333333333>, 6  <0.3333333333333333>, 2  <0.3333333333333333>}
x[4,4]{5  <0.35294117647058826>, 6  <0.4117647058823529>, 3  <0.23529411764705885>}
x[4,5]{5  <0.3333333333333333>, 3  <0.3333333333333333>, 2  <0.3333333333333333>}
x[4,6]{1  <1.0>}
x[4,7]{0  <1.0>}
x[5,0]{4  <1.0>}
x[5,1]{5  <0.5>, 1  <0.5>}
x[5,2]{0  <0.3333333333333333>, 1  <0.3333333333333333>, 3  <0.3333333333333333>}
x[5,3]{2  <0.5>, 5  <0.5>}
x[5,4]{0  <0.25>, 1  <0.25>, 5  <0.25>, 3  <0.25>}
x[5,5]{5  <0.4>, 1  <0.13333333333333333>, 2  <0.2>, 3  <0.26666666666666666>}
x[5,6]{6  <1.0>}
x[5,7]{7  <1.0>}
x[6,0]{7  <1.0>}
x[6,1]{6  <0.3333333333333333>, 1  <0.3333333333333333>, 5  <0.3333333333333333>}
x[6,2]{3  <0.5>, 1  <0.5>}
x[6,3]{6  <0.5>, 5  <0.5>}
x[6,4]{6  <0.25>, 1  <0.25>, 5  <0.25>, 3  <0.25>}
x[6,5]{0  <1.0>}
x[6,6]{2  <1.0>}
x[6,7]{4  <1.0>}
x[7,0]{6  <0.5>, 1  <0.5>}
x[7,1]{6  <0.5>, 1  <0.5>}
x[7,2]{2  <1.0>}
x[7,3]{3  <1.0>}
x[7,4]{7  <1.0>}
x[7,5]{4  <1.0>}
x[7,6]{0  <1.0>}
x[7,7]{5  <1.0>}
problem entropy = 0.9962694805096949
smallest variable entropy = 0.6931471805599453
##### after BP iteration 2 #####
x[0,0]{5  <1.0>}
x[0,1]{2  <1.0>}
x[0,2]{6  <1.0>}
x[0,3]{0  <1.0>}
x[0,4]{4  <1.0>}
x[0,5]{7  <1.0>}
x[0,6]{3  <1.0>}
x[0,7]{1  <1.0>}
x[1,0]{0  <1.0>}
x[1,1]{7  <1.0>}
x[1,2]{4  <1.0>}
x[1,3]{1  <1.0>}
x[1,4]{2  <1.0>}
x[1,5]{6  <1.0>}
x[1,6]{5  <1.0>}
x[1,7]{3  <1.0>}
x[2,0]{3  <0.3333333333333333>, 1  <0.3333333333333333>, 6  <0.3333333333333333>}
x[2,1]{0  <1.0>}
x[2,2]{5  <1.0>}
x[2,3]{4  <1.0>}
x[2,4]{3  <0.3333333333333333>, 1  <0.3333333333333333>, 6  <0.3333333333333333>}
x[2,5]{3  <0.5>, 1  <0.5>}
x[2,6]{7  <1.0>}
x[2,7]{2  <1.0>}
x[3,0]{2  <1.0>}
x[3,1]{3  <1.0>}
x[3,2]{0  <0.5>, 1  <0.5>}
x[3,3]{7  <1.0>}
x[3,4]{0  <0.3333333333333333>, 1  <0.3333333333333333>, 5  <0.3333333333333333>}
x[3,5]{5  <0.5>, 1  <0.5>}
x[3,6]{4  <1.0>}
x[3,7]{6  <1.0>}
x[4,0]{3  <0.5>, 6  <0.5>}
x[4,1]{4  <1.0>}
x[4,2]{7  <1.0>}
x[4,3]{5  <0.3333333333333333>, 6  <0.3333333333333333>, 2  <0.3333333333333333>}
x[4,4]{5  <0.35294117647058826>, 6  <0.4117647058823529>, 3  <0.23529411764705885>}
x[4,5]{5  <0.3333333333333333>, 3  <0.3333333333333333>, 2  <0.3333333333333333>}
x[4,6]{1  <1.0>}
x[4,7]{0  <1.0>}
x[5,0]{4  <1.0>}
x[5,1]{5  <0.5>, 1  <0.5>}
x[5,2]{0  <0.3333333333333333>, 1  <0.3333333333333333>, 3  <0.3333333333333333>}
x[5,3]{2  <0.5>, 5  <0.5>}
x[5,4]{0  <0.25>, 1  <0.25>, 5  <0.25>, 3  <0.25>}
x[5,5]{5  <0.4>, 1  <0.13333333333333333>, 2  <0.2>, 3  <0.26666666666666666>}
x[5,6]{6  <1.0>}
x[5,7]{7  <1.0>}
x[6,0]{7  <1.0>}
x[6,1]{6  <0.3333333333333333>, 1  <0.3333333333333333>, 5  <0.3333333333333333>}
x[6,2]{3  <0.5>, 1  <0.5>}
x[6,3]{6  <0.5>, 5  <0.5>}
x[6,4]{6  <0.25>, 1  <0.25>, 5  <0.25>, 3  <0.25>}
x[6,5]{0  <1.0>}
x[6,6]{2  <1.0>}
x[6,7]{4  <1.0>}
x[7,0]{6  <0.5>, 1  <0.5>}
x[7,1]{6  <0.5>, 1  <0.5>}
x[7,2]{2  <1.0>}
x[7,3]{3  <1.0>}
x[7,4]{7  <1.0>}
x[7,5]{4  <1.0>}
x[7,6]{0  <1.0>}
x[7,7]{5  <1.0>}
problem entropy = 0.9962694805096949
smallest variable entropy = 0.6931471805599453
### branching on x[2,5]=3 marginal=0.5
##### after BP iteration 1 #####
x[0,0]{5  <1.0>}
x[0,1]{2  <1.0>}
x[0,2]{6  <1.0>}
x[0,3]{0  <1.0>}
x[0,4]{4  <1.0>}
x[0,5]{7  <1.0>}
x[0,6]{3  <1.0>}
x[0,7]{1  <1.0>}
x[1,0]{0  <1.0>}
x[1,1]{7  <1.0>}
x[1,2]{4  <1.0>}
x[1,3]{1  <1.0>}
x[1,4]{2  <1.0>}
x[1,5]{6  <1.0>}
x[1,6]{5  <1.0>}
x[1,7]{3  <1.0>}
x[2,0]{6  <0.5>, 1  <0.5>}
x[2,1]{0  <1.0>}
x[2,2]{5  <1.0>}
x[2,3]{4  <1.0>}
x[2,4]{6  <0.5>, 1  <0.5>}
x[2,5]{3  <1.0>}
x[2,6]{7  <1.0>}
x[2,7]{2  <1.0>}
x[3,0]{2  <1.0>}
x[3,1]{3  <1.0>}
x[3,2]{0  <0.5>, 1  <0.5>}
x[3,3]{7  <1.0>}
x[3,4]{0  <0.33333333333333337>, 1  <0.33333333333333337>, 5  <0.33333333333333337>}
x[3,5]{5  <0.5>, 1  <0.5>}
x[3,6]{4  <1.0>}
x[3,7]{6  <1.0>}
x[4,0]{3  <1.0>}
x[4,1]{4  <1.0>}
x[4,2]{7  <1.0>}
x[4,3]{5  <0.33333333333333337>, 6  <0.33333333333333337>, 2  <0.33333333333333337>}
x[4,4]{5  <0.46153846153846156>, 6  <0.5384615384615384>}
x[4,5]{5  <0.5>, 2  <0.5>}
x[4,6]{1  <1.0>}
x[4,7]{0  <1.0>}
x[5,0]{4  <1.0>}
x[5,1]{5  <0.0>, 1  <0.0>}
x[5,2]{0  <0.0>, 3  <0.0>}
x[5,3]{2  <0.0>, 5  <0.0>}
x[5,4]{0  <0.0>, 3  <0.0>}
x[5,5]{5  <0.0>, 1  <0.0>, 2  <0.0>}
x[5,6]{6  <1.0>}
x[5,7]{7  <1.0>}
x[6,0]{7  <1.0>}
x[6,1]{6  <0.3333333333333333>, 1  <0.3333333333333333>, 5  <0.3333333333333333>}
x[6,2]{3  <0.5>, 1  <0.5>}
x[6,3]{6  <0.5>, 5  <0.5>}
x[6,4]{6  <0.25>, 1  <0.25>, 5  <0.25>, 3  <0.25>}
x[6,5]{0  <1.0>}
x[6,6]{2  <1.0>}
x[6,7]{4  <1.0>}
x[7,0]{6  <0.5>, 1  <0.5>}
x[7,1]{6  <0.5>, 1  <0.5>}
x[7,2]{2  <1.0>}
x[7,3]{3  <1.0>}
x[7,4]{7  <1.0>}
x[7,5]{4  <1.0>}
x[7,6]{0  <1.0>}
x[7,7]{5  <1.0>}
problem entropy = 0.7366172343202592
smallest variable entropy = -0.0
### branching on x[4,4]=6 marginal=0.5384615384615384
##### after BP iteration 1 #####
x[0,0]{5  <1.0>}
x[0,1]{2  <1.0>}
x[0,2]{6  <1.0>}
x[0,3]{0  <1.0>}
x[0,4]{4  <1.0>}
x[0,5]{7  <1.0>}
x[0,6]{3  <1.0>}
x[0,7]{1  <1.0>}
x[1,0]{0  <1.0>}
x[1,1]{7  <1.0>}
x[1,2]{4  <1.0>}
x[1,3]{1  <1.0>}
x[1,4]{2  <1.0>}
x[1,5]{6  <1.0>}
x[1,6]{5  <1.0>}
x[1,7]{3  <1.0>}
x[2,0]{6  <1.0>}
x[2,1]{0  <1.0>}
x[2,2]{5  <1.0>}
x[2,3]{4  <1.0>}
x[2,4]{1  <1.0>}
x[2,5]{3  <1.0>}
x[2,6]{7  <1.0>}
x[2,7]{2  <1.0>}
x[3,0]{2  <1.0>}
x[3,1]{3  <1.0>}
x[3,2]{0  <0.0>, 1  <0.0>}
x[3,3]{7  <1.0>}
x[3,4]{0  <0.0>, 5  <0.0>}
x[3,5]{5  <0.0>, 1  <0.0>}
x[3,6]{4  <1.0>}
x[3,7]{6  <1.0>}
x[4,0]{3  <1.0>}
x[4,1]{4  <1.0>}
x[4,2]{7  <1.0>}
x[4,3]{5  <0.5>, 2  <0.5>}
x[4,4]{6  <1.0>}
x[4,5]{5  <0.0>, 2  <0.0>}
x[4,6]{1  <1.0>}
x[4,7]{0  <1.0>}
x[5,0]{4  <1.0>}
x[5,1]{5  <0.0>, 1  <0.0>}
x[5,2]{0  <0.0>, 3  <0.0>}
x[5,3]{2  <0.0>, 5  <0.0>}
x[5,4]{0  <0.0>, 3  <0.0>}
x[5,5]{5  <0.0>, 1  <0.0>, 2  <0.0>}
x[5,6]{6  <1.0>}
x[5,7]{7  <1.0>}
x[6,0]{7  <1.0>}
x[6,1]{5  <0.0>, 1  <0.0>}
x[6,2]{3  <0.0>, 1  <0.0>}
x[6,3]{6  <1.0>}
x[6,4]{5  <0.0>, 3  <0.0>}
x[6,5]{0  <1.0>}
x[6,6]{2  <1.0>}
x[6,7]{4  <1.0>}
x[7,0]{1  <1.0>}
x[7,1]{6  <1.0>}
x[7,2]{2  <1.0>}
x[7,3]{3  <1.0>}
x[7,4]{7  <1.0>}
x[7,5]{4  <1.0>}
x[7,6]{0  <1.0>}
x[7,7]{5  <1.0>}
problem entropy = 0.07692307692307693
smallest variable entropy = -0.0
### branching on x[4,3]=5 marginal=0.5
##### after BP iteration 1 #####
x[0,0]{5  <1.0>}
x[0,1]{2  <1.0>}
x[0,2]{6  <1.0>}
x[0,3]{0  <1.0>}
x[0,4]{4  <1.0>}
x[0,5]{7  <1.0>}
x[0,6]{3  <1.0>}
x[0,7]{1  <1.0>}
x[1,0]{0  <1.0>}
x[1,1]{7  <1.0>}
x[1,2]{4  <1.0>}
x[1,3]{1  <1.0>}
x[1,4]{2  <1.0>}
x[1,5]{6  <1.0>}
x[1,6]{5  <1.0>}
x[1,7]{3  <1.0>}
x[2,0]{6  <1.0>}
x[2,1]{0  <1.0>}
x[2,2]{5  <1.0>}
x[2,3]{4  <1.0>}
x[2,4]{1  <1.0>}
x[2,5]{3  <1.0>}
x[2,6]{7  <1.0>}
x[2,7]{2  <1.0>}
x[3,0]{2  <1.0>}
x[3,1]{3  <1.0>}
x[3,2]{0  <0.0>, 1  <0.0>}
x[3,3]{7  <1.0>}
x[3,4]{0  <0.0>, 5  <0.0>}
x[3,5]{5  <0.0>, 1  <0.0>}
x[3,6]{4  <1.0>}
x[3,7]{6  <1.0>}
x[4,0]{3  <1.0>}
x[4,1]{4  <1.0>}
x[4,2]{7  <1.0>}
x[4,3]{5  <1.0>}
x[4,4]{6  <1.0>}
x[4,5]{2  <1.0>}
x[4,6]{1  <1.0>}
x[4,7]{0  <1.0>}
x[5,0]{4  <1.0>}
x[5,1]{5  <0.5>, 1  <0.5>}
x[5,2]{0  <0.5>, 3  <0.5>}
x[5,3]{2  <1.0>}
x[5,4]{0  <0.5>, 3  <0.5>}
x[5,5]{5  <0.75>, 1  <0.25>}
x[5,6]{6  <1.0>}
x[5,7]{7  <1.0>}
x[6,0]{7  <1.0>}
x[6,1]{5  <0.0>, 1  <0.0>}
x[6,2]{3  <0.0>, 1  <0.0>}
x[6,3]{6  <1.0>}
x[6,4]{5  <0.0>, 3  <0.0>}
x[6,5]{0  <1.0>}
x[6,6]{2  <1.0>}
x[6,7]{4  <1.0>}
x[7,0]{1  <1.0>}
x[7,1]{6  <1.0>}
x[7,2]{2  <1.0>}
x[7,3]{3  <1.0>}
x[7,4]{7  <1.0>}
x[7,5]{4  <1.0>}
x[7,6]{0  <1.0>}
x[7,7]{5  <1.0>}
problem entropy = 0.3811278124459133
smallest variable entropy = -0.0
### branching on x[5,5]=5 marginal=0.75
##### after BP iteration 1 #####
x[0,0]{5  <1.0>}
x[0,1]{2  <1.0>}
x[0,2]{6  <1.0>}
x[0,3]{0  <1.0>}
x[0,4]{4  <1.0>}
x[0,5]{7  <1.0>}
x[0,6]{3  <1.0>}
x[0,7]{1  <1.0>}
x[1,0]{0  <1.0>}
x[1,1]{7  <1.0>}
x[1,2]{4  <1.0>}
x[1,3]{1  <1.0>}
x[1,4]{2  <1.0>}
x[1,5]{6  <1.0>}
x[1,6]{5  <1.0>}
x[1,7]{3  <1.0>}
x[2,0]{6  <1.0>}
x[2,1]{0  <1.0>}
x[2,2]{5  <1.0>}
x[2,3]{4  <1.0>}
x[2,4]{1  <1.0>}
x[2,5]{3  <1.0>}
x[2,6]{7  <1.0>}
x[2,7]{2  <1.0>}
x[3,0]{2  <1.0>}
x[3,1]{3  <1.0>}
x[3,2]{0  <1.0>}
x[3,3]{7  <1.0>}
x[3,4]{5  <1.0>}
x[3,5]{1  <1.0>}
x[3,6]{4  <1.0>}
x[3,7]{6  <1.0>}
x[4,0]{3  <1.0>}
x[4,1]{4  <1.0>}
x[4,2]{7  <1.0>}
x[4,3]{5  <1.0>}
x[4,4]{6  <1.0>}
x[4,5]{2  <1.0>}
x[4,6]{1  <1.0>}
x[4,7]{0  <1.0>}
x[5,0]{4  <1.0>}
x[5,1]{1  <1.0>}
x[5,2]{3  <1.0>}
x[5,3]{2  <1.0>}
x[5,4]{0  <1.0>}
x[5,5]{5  <1.0>}
x[5,6]{6  <1.0>}
x[5,7]{7  <1.0>}
x[6,0]{7  <1.0>}
x[6,1]{5  <1.0>}
x[6,2]{1  <1.0>}
x[6,3]{6  <1.0>}
x[6,4]{3  <1.0>}
x[6,5]{0  <1.0>}
x[6,6]{2  <1.0>}
x[6,7]{4  <1.0>}
x[7,0]{1  <1.0>}
x[7,1]{6  <1.0>}
x[7,2]{2  <1.0>}
x[7,3]{3  <1.0>}
x[7,4]{7  <1.0>}
x[7,5]{4  <1.0>}
x[7,6]{0  <1.0>}
x[7,7]{5  <1.0>}
problem entropy = 0.0
smallest variable entropy = 1.7976931348623157E308
### branching on x[5,5]!=5
##### after BP iteration 1 #####
x[0,0]{5  <1.0>}
x[0,1]{2  <1.0>}
x[0,2]{6  <1.0>}
x[0,3]{0  <1.0>}
x[0,4]{4  <1.0>}
x[0,5]{7  <1.0>}
x[0,6]{3  <1.0>}
x[0,7]{1  <1.0>}
x[1,0]{0  <1.0>}
x[1,1]{7  <1.0>}
x[1,2]{4  <1.0>}
x[1,3]{1  <1.0>}
x[1,4]{2  <1.0>}
x[1,5]{6  <1.0>}
x[1,6]{5  <1.0>}
x[1,7]{3  <1.0>}
x[2,0]{6  <1.0>}
x[2,1]{0  <1.0>}
x[2,2]{5  <1.0>}
x[2,3]{4  <1.0>}
x[2,4]{1  <1.0>}
x[2,5]{3  <1.0>}
x[2,6]{7  <1.0>}
x[2,7]{2  <1.0>}
x[3,0]{2  <1.0>}
x[3,1]{3  <1.0>}
x[3,2]{1  <1.0>}
x[3,3]{7  <1.0>}
x[3,4]{0  <1.0>}
x[3,5]{5  <1.0>}
x[3,6]{4  <1.0>}
x[3,7]{6  <1.0>}
x[4,0]{3  <1.0>}
x[4,1]{4  <1.0>}
x[4,2]{7  <1.0>}
x[4,3]{5  <1.0>}
x[4,4]{6  <1.0>}
x[4,5]{2  <1.0>}
x[4,6]{1  <1.0>}
x[4,7]{0  <1.0>}
x[5,0]{4  <1.0>}
x[5,1]{5  <1.0>}
x[5,2]{0  <1.0>}
x[5,3]{2  <1.0>}
x[5,4]{3  <1.0>}
x[5,5]{1  <1.0>}
x[5,6]{6  <1.0>}
x[5,7]{7  <1.0>}
x[6,0]{7  <1.0>}
x[6,1]{1  <1.0>}
x[6,2]{3  <1.0>}
x[6,3]{6  <1.0>}
x[6,4]{5  <1.0>}
x[6,5]{0  <1.0>}
x[6,6]{2  <1.0>}
x[6,7]{4  <1.0>}
x[7,0]{1  <1.0>}
x[7,1]{6  <1.0>}
x[7,2]{2  <1.0>}
x[7,3]{3  <1.0>}
x[7,4]{7  <1.0>}
x[7,5]{4  <1.0>}
x[7,6]{0  <1.0>}
x[7,7]{5  <1.0>}
problem entropy = 0.0
smallest variable entropy = 1.7976931348623157E308

	#choice: 7
	#fail: 0
	execution time (ms): 62
	#sols : 1
	completed : false

