{0  <1.0>}
model: sum-product-no-init
FINAL DAMPING FACTOR = 0.85
##### after BP iteration 1 #####
x[0,0]{0  <1.0>}
x[0,1]{7  <0.27396840939016953>, 1  <0.6349886685150176>, 5  <0.09104292209481299>}
x[0,2]{7  <0.5930454884398751>, 4  <0.27849880411075384>, 5  <0.12845570744937096>}
x[0,3]{7  <0.1576220963266944>, 1  <0.13449688479083272>, 4  <0.6483768496216555>, 5  <0.059504169260817405>}
x[0,4]{6  <1.0>}
x[0,5]{5  <0.8104085108902781>, 1  <0.18959148910972196>}
x[0,6]{3  <1.0>}
x[0,7]{2  <1.0>}
x[1,0]{2  <0.0025690259511947223>, 7  <0.9974309740488053>}
x[1,1]{3  <1.0>}
x[1,2]{0  <0.9976685175510395>, 7  <0.0023314824489604194>}
x[1,3]{6  <1.0>}
x[1,4]{4  <1.0>}
x[1,5]{0  <0.002317284209649409>, 2  <0.9976827157903505>}
x[1,6]{1  <1.0>}
x[1,7]{5  <1.0>}
x[2,0]{4  <1.0>}
x[2,1]{7  <0.3282713350429424>, 5  <0.6717286649570576>}
x[2,2]{6  <1.0>}
x[2,3]{7  <0.6739567483199189>, 5  <0.32604325168008114>}
x[2,4]{0  <1.0>}
x[2,5]{3  <1.0>}
x[2,6]{2  <1.0>}
x[2,7]{1  <1.0>}
x[3,0]{6  <1.0>}
x[3,1]{5  <9.967778441409219E-6>, 1  <0.00876524234947086>, 2  <0.9912247898720877>}
x[3,2]{0  <0.003653618329482301>, 5  <0.19713550192002294>, 4  <0.7992108797504948>}
x[3,3]{0  <0.8434932589116716>, 1  <0.14963925555513943>, 4  <0.0047664618197849175>, 5  <0.0021010237134040104>}
x[3,4]{7  <1.0>}
x[3,5]{0  <0.12236928094077468>, 1  <0.870677060546413>, 2  <0.0050332495700082325>, 5  <0.0019204089428040243>}
x[3,6]{5  <0.7874549042291801>, 4  <0.21254509577081995>}
x[3,7]{3  <1.0>}
x[4,0]{2  <0.9948028619197198>, 7  <0.005197138080280289>}
x[4,1]{5  <0.1934971464161983>, 1  <0.34599369748026093>, 2  <0.008482618720909416>, 7  <0.4520265373826314>}
x[4,2]{5  <0.6368817382522757>, 7  <0.36311826174772427>}
x[4,3]{5  <0.17408979173449823>, 1  <0.6710687026973726>, 7  <0.1548415055681292>}
x[4,4]{3  <1.0>}
x[4,5]{6  <1.0>}
x[4,6]{0  <1.0>}
x[4,7]{4  <1.0>}
x[5,0]{1  <1.0>}
x[5,1]{6  <1.0>}
x[5,2]{3  <1.0>}
x[5,3]{0  <0.17206683296684708>, 4  <0.40035611473618415>, 5  <0.42757705229696885>}
x[5,4]{2  <1.0>}
x[5,5]{0  <0.8570832306631743>, 5  <0.14291676933682565>}
x[5,6]{4  <0.6686098024658379>, 5  <0.33139019753416216>}
x[5,7]{7  <1.0>}
x[6,0]{5  <1.0>}
x[6,1]{0  <1.0>}
x[6,2]{2  <1.0>}
x[6,3]{3  <1.0>}
x[6,4]{1  <1.0>}
x[6,5]{4  <1.0>}
x[6,6]{7  <1.0>}
x[6,7]{6  <1.0>}
x[7,0]{3  <1.0>}
x[7,1]{4  <1.0>}
x[7,2]{1  <1.0>}
x[7,3]{2  <1.0>}
x[7,4]{5  <1.0>}
x[7,5]{7  <1.0>}
x[7,6]{6  <1.0>}
x[7,7]{0  <1.0>}
problem entropy = 0.5649613392280055
smallest variable entropy = 0.016374393311849905
##### after BP iteration 2 #####
x[0,0]{0  <1.0>}
x[0,1]{7  <0.18257563987021683>, 1  <0.7568118462763537>, 5  <0.06061251385342952>}
x[0,2]{7  <0.6898662873728991>, 4  <0.22742190553320515>, 5  <0.08271180709389571>}
x[0,3]{7  <0.1494175245511254>, 1  <0.13298188979515094>, 4  <0.6855152179350101>, 5  <0.03208536771871361>}
x[0,4]{6  <1.0>}
x[0,5]{5  <0.9002724004427735>, 1  <0.0997275995572265>}
x[0,6]{3  <1.0>}
x[0,7]{2  <1.0>}
x[1,0]{2  <0.0021693392855729595>, 7  <0.997830660714427>}
x[1,1]{3  <1.0>}
x[1,2]{0  <0.9981735826710173>, 7  <0.0018264173289827604>}
x[1,3]{6  <1.0>}
x[1,4]{4  <1.0>}
x[1,5]{0  <0.0020176416302709124>, 2  <0.997982358369729>}
x[1,6]{1  <1.0>}
x[1,7]{5  <1.0>}
x[2,0]{4  <1.0>}
x[2,1]{7  <0.3283475840508473>, 5  <0.6716524159491528>}
x[2,2]{6  <1.0>}
x[2,3]{7  <0.6690346365610059>, 5  <0.330965363438994>}
x[2,4]{0  <1.0>}
x[2,5]{3  <1.0>}
x[2,6]{2  <1.0>}
x[2,7]{1  <1.0>}
x[3,0]{6  <1.0>}
x[3,1]{5  <1.5879976114719456E-6>, 1  <0.0021001865893066746>, 2  <0.9978982254130818>}
x[3,2]{0  <0.002461481049595221>, 5  <0.2178580726106721>, 4  <0.7796804463397327>}
x[3,3]{0  <0.8531524934698325>, 1  <0.14367528887154518>, 4  <0.002121311208261002>, 5  <0.00105090645036142>}
x[3,4]{7  <1.0>}
x[3,5]{0  <0.10556951726181643>, 1  <0.8913664111596173>, 2  <0.002034959865375973>, 5  <0.0010291117131901732>}
x[3,6]{5  <0.7481604623379725>, 4  <0.2518395376620275>}
x[3,7]{3  <1.0>}
x[4,0]{2  <0.9974863877980423>, 7  <0.002513612201957651>}
x[4,1]{5  <0.22162197244855592>, 1  <0.30169193669901245>, 2  <0.002282949285980067>, 7  <0.4744031415664516>}
x[4,2]{5  <0.650113635014589>, 7  <0.3498863649854111>}
x[4,3]{5  <0.16895706063356225>, 1  <0.6686333027134259>, 7  <0.16240963665301172>}
x[4,4]{3  <1.0>}
x[4,5]{6  <1.0>}
x[4,6]{0  <1.0>}
x[4,7]{4  <1.0>}
x[5,0]{1  <1.0>}
x[5,1]{6  <1.0>}
x[5,2]{3  <1.0>}
x[5,3]{0  <0.1487967335852166>, 4  <0.3638413003875415>, 5  <0.4873619660272419>}
x[5,4]{2  <1.0>}
x[5,5]{0  <0.8911055862299239>, 5  <0.10889441377007618>}
x[5,6]{4  <0.683240613698472>, 5  <0.31675938630152795>}
x[5,7]{7  <1.0>}
x[6,0]{5  <1.0>}
x[6,1]{0  <1.0>}
x[6,2]{2  <1.0>}
x[6,3]{3  <1.0>}
x[6,4]{1  <1.0>}
x[6,5]{4  <1.0>}
x[6,6]{7  <1.0>}
x[6,7]{6  <1.0>}
x[7,0]{3  <1.0>}
x[7,1]{4  <1.0>}
x[7,2]{1  <1.0>}
x[7,3]{2  <1.0>}
x[7,4]{5  <1.0>}
x[7,5]{7  <1.0>}
x[7,6]{6  <1.0>}
x[7,7]{0  <1.0>}
problem entropy = 0.5284067705846374
smallest variable entropy = 0.01334103836611113
##### after BP iteration 3 #####
x[0,0]{0  <1.0>}
x[0,1]{7  <0.13367136223411447>, 1  <0.8296763311580188>, 5  <0.036652306607866884>}
x[0,2]{7  <0.7315206625609156>, 4  <0.2271035033108545>, 5  <0.04137583412822989>}
x[0,3]{7  <0.13354511632791802>, 1  <0.09970760669226926>, 4  <0.7536641497301747>, 5  <0.01308312724963806>}
x[0,4]{6  <1.0>}
x[0,5]{5  <0.9234505739664036>, 1  <0.07654942603359628>}
x[0,6]{3  <1.0>}
x[0,7]{2  <1.0>}
x[1,0]{2  <0.0016923928676727531>, 7  <0.9983076071323272>}
x[1,1]{3  <1.0>}
x[1,2]{0  <0.9979884968316434>, 7  <0.002011503168356638>}
x[1,3]{6  <1.0>}
x[1,4]{4  <1.0>}
x[1,5]{0  <0.0013897471154611428>, 2  <0.9986102528845389>}
x[1,6]{1  <1.0>}
x[1,7]{5  <1.0>}
x[2,0]{4  <1.0>}
x[2,1]{7  <0.31465342166270965>, 5  <0.6853465783372903>}
x[2,2]{6  <1.0>}
x[2,3]{7  <0.7095551578091962>, 5  <0.2904448421908038>}
x[2,4]{0  <1.0>}
x[2,5]{3  <1.0>}
x[2,6]{2  <1.0>}
x[2,7]{1  <1.0>}
x[3,0]{6  <1.0>}
x[3,1]{5  <4.1406088706154497E-7>, 1  <4.60516116391091E-4>, 2  <0.9995390698227218>}
x[3,2]{0  <0.002027671469942799>, 5  <0.262562181572815>, 4  <0.735410146957242>}
x[3,3]{0  <0.878042527102253>, 1  <0.12027174546680997>, 4  <9.512671384402725E-4>, 5  <7.344602924967741E-4>}
x[3,4]{7  <1.0>}
x[3,5]{0  <0.09955837865636634>, 1  <0.8989697312881646>, 2  <7.370634698172025E-4>, 5  <7.348265856518497E-4>}
x[3,6]{5  <0.6939231917332179>, 4  <0.3060768082667822>}
x[3,7]{3  <1.0>}
x[4,0]{2  <0.9989666648363842>, 7  <0.0010333351636158305>}
x[4,1]{5  <0.2445397015481706>, 1  <0.23134579847877063>, 2  <5.445445560678057E-4>, 7  <0.5235699554169909>}
x[4,2]{5  <0.681446581539634>, 7  <0.31855341846036606>}
x[4,3]{5  <0.12483917746451156>, 1  <0.7427670287431889>, 7  <0.13239379379229968>}
x[4,4]{3  <1.0>}
x[4,5]{6  <1.0>}
x[4,6]{0  <1.0>}
x[4,7]{4  <1.0>}
x[5,0]{1  <1.0>}
x[5,1]{6  <1.0>}
x[5,2]{3  <1.0>}
x[5,3]{0  <0.1188589911619401>, 4  <0.28546432837629904>, 5  <0.5956766804617608>}
x[5,4]{2  <1.0>}
x[5,5]{0  <0.9000836295469077>, 5  <0.09991637045309239>}
x[5,6]{4  <0.6980255663798024>, 5  <0.30197443362019766>}
x[5,7]{7  <1.0>}
x[6,0]{5  <1.0>}
x[6,1]{0  <1.0>}
x[6,2]{2  <1.0>}
x[6,3]{3  <1.0>}
x[6,4]{1  <1.0>}
x[6,5]{4  <1.0>}
x[6,6]{7  <1.0>}
x[6,7]{6  <1.0>}
x[7,0]{3  <1.0>}
x[7,1]{4  <1.0>}
x[7,2]{1  <1.0>}
x[7,3]{2  <1.0>}
x[7,4]{5  <1.0>}
x[7,5]{7  <1.0>}
x[7,6]{6  <1.0>}
x[7,7]{0  <1.0>}
problem entropy = 0.4937313324726061
smallest variable entropy = 0.004005129740813026
##### after BP iteration 4 #####
x[0,0]{0  <1.0>}
x[0,1]{7  <0.12203112029039971>, 1  <0.8478463003207659>, 5  <0.03012257938883441>}
x[0,2]{7  <0.7036873868950483>, 4  <0.26555738650770294>, 5  <0.030755226597248848>}
x[0,3]{7  <0.11849286777818996>, 1  <0.07139335132452036>, 4  <0.8012950419998452>, 5  <0.00881873889744458>}
x[0,4]{6  <1.0>}
x[0,5]{5  <0.9198119219686259>, 1  <0.08018807803137404>}
x[0,6]{3  <1.0>}
x[0,7]{2  <1.0>}
x[1,0]{2  <7.448796688630249E-4>, 7  <0.9992551203311371>}
x[1,1]{3  <1.0>}
x[1,2]{0  <0.9986804489735424>, 7  <0.0013195510264576533>}
x[1,3]{6  <1.0>}
x[1,4]{4  <1.0>}
x[1,5]{0  <6.206867909976621E-4>, 2  <0.9993793132090023>}
x[1,6]{1  <1.0>}
x[1,7]{5  <1.0>}
x[2,0]{4  <1.0>}
x[2,1]{7  <0.27336173900034927>, 5  <0.7266382609996507>}
x[2,2]{6  <1.0>}
x[2,3]{7  <0.7870107954467703>, 5  <0.21298920455322976>}
x[2,4]{0  <1.0>}
x[2,5]{3  <1.0>}
x[2,6]{2  <1.0>}
x[2,7]{1  <1.0>}
x[3,0]{6  <1.0>}
x[3,1]{5  <1.4132402628561995E-7>, 1  <1.2925801087107925E-4>, 2  <0.9998706006651027>}
x[3,2]{0  <0.0019493907033134312>, 5  <0.31408339323417045>, 4  <0.6839672160625161>}
x[3,3]{0  <0.9144950487467609>, 1  <0.08448523705816692>, 4  <4.266769185432583E-4>, 5  <5.930372765288603E-4>}
x[3,4]{7  <1.0>}
x[3,5]{0  <0.08982535999296758>, 1  <0.9093566585538262>, 2  <2.915750873103999E-4>, 5  <5.2640636589579E-4>}
x[3,6]{5  <0.6814646098017751>, 4  <0.3185353901982249>}
x[3,7]{3  <1.0>}
x[4,0]{2  <0.9995552908590629>, 7  <4.447091409370452E-4>}
x[4,1]{5  <0.24212365655613555>, 1  <0.14526454475630765>, 2  <1.60686663088699E-4>, 7  <0.6124511120244681>}
x[4,2]{5  <0.6939215517419295>, 7  <0.30607844825807057>}
x[4,3]{5  <0.06311893559164829>, 1  <0.8594132913593323>, 7  <0.07746777304901932>}
x[4,4]{3  <1.0>}
x[4,5]{6  <1.0>}
x[4,6]{0  <1.0>}
x[4,7]{4  <1.0>}
x[5,0]{1  <1.0>}
x[5,1]{6  <1.0>}
x[5,2]{3  <1.0>}
x[5,3]{0  <0.0842308356844858>, 4  <0.20774617717481608>, 5  <0.7080229871406981>}
x[5,4]{2  <1.0>}
x[5,5]{0  <0.9104201233982782>, 5  <0.08957987660172181>}
x[5,6]{4  <0.7155940827491822>, 5  <0.2844059172508178>}
x[5,7]{7  <1.0>}
x[6,0]{5  <1.0>}
x[6,1]{0  <1.0>}
x[6,2]{2  <1.0>}
x[6,3]{3  <1.0>}
x[6,4]{1  <1.0>}
x[6,5]{4  <1.0>}
x[6,6]{7  <1.0>}
x[6,7]{6  <1.0>}
x[7,0]{3  <1.0>}
x[7,1]{4  <1.0>}
x[7,2]{1  <1.0>}
x[7,3]{2  <1.0>}
x[7,4]{5  <1.0>}
x[7,5]{7  <1.0>}
x[7,6]{6  <1.0>}
x[7,7]{0  <1.0>}
problem entropy = 0.4547384265099268
smallest variable entropy = 0.0012889574153124492
##### after BP iteration 5 #####
x[0,0]{0  <1.0>}
x[0,1]{7  <0.10984517799074615>, 1  <0.8644553769548557>, 5  <0.025699445054398085>}
x[0,2]{7  <0.7009478974579225>, 4  <0.2678594896378352>, 5  <0.031192612904242297>}
x[0,3]{7  <0.13019969077218918>, 1  <0.05643502141312964>, 4  <0.8027929366797447>, 5  <0.010572351134936344>}
x[0,4]{6  <1.0>}
x[0,5]{5  <0.92102045859075>, 1  <0.07897954140925001>}
x[0,6]{3  <1.0>}
x[0,7]{2  <1.0>}
x[1,0]{2  <2.2263452044644195E-4>, 7  <0.9997773654795535>}
x[1,1]{3  <1.0>}
x[1,2]{0  <0.9995421773298717>, 7  <4.5782267012831377E-4>}
x[1,3]{6  <1.0>}
x[1,4]{4  <1.0>}
x[1,5]{0  <1.840182768376755E-4>, 2  <0.9998159817231623>}
x[1,6]{1  <1.0>}
x[1,7]{5  <1.0>}
x[2,0]{4  <1.0>}
x[2,1]{7  <0.19261162876896634>, 5  <0.8073883712310337>}
x[2,2]{6  <1.0>}
x[2,3]{7  <0.8372413461282349>, 5  <0.16275865387176522>}
x[2,4]{0  <1.0>}
x[2,5]{3  <1.0>}
x[2,6]{2  <1.0>}
x[2,7]{1  <1.0>}
x[3,0]{6  <1.0>}
x[3,1]{5  <6.64946444771585E-8>, 1  <6.870604840782616E-5>, 2  <0.9999312274569477>}
x[3,2]{0  <0.0010519339427475065>, 5  <0.31876628771705023>, 4  <0.6801817783402023>}
x[3,3]{0  <0.9499677114796219>, 1  <0.04920029902044954>, 4  <2.8294982737019997E-4>, 5  <5.490396725582403E-4>}
x[3,4]{7  <1.0>}
x[3,5]{0  <0.0686059578719783>, 1  <0.9308807950535964>, 2  <1.0385822382494935E-4>, 5  <4.093888506002453E-4>}
x[3,6]{5  <0.695184691240265>, 4  <0.30481530875973495>}
x[3,7]{3  <1.0>}
x[4,0]{2  <0.9998573613251317>, 7  <1.4263867486835713E-4>}
x[4,1]{5  <0.22880676646743778>, 1  <0.09209582736840335>, 2  <7.846790975506171E-5>, 7  <0.6790189382544038>}
x[4,2]{5  <0.6866648851853915>, 7  <0.3133351148146085>}
x[4,3]{5  <0.03399132458588858>, 1  <0.9242900304497713>, 7  <0.04171864496434018>}
x[4,4]{3  <1.0>}
x[4,5]{6  <1.0>}
x[4,6]{0  <1.0>}
x[4,7]{4  <1.0>}
x[5,0]{1  <1.0>}
x[5,1]{6  <1.0>}
x[5,2]{3  <1.0>}
x[5,3]{0  <0.04935195908585894>, 4  <0.17769503673592674>, 5  <0.7729530041782142>}
x[5,4]{2  <1.0>}
x[5,5]{0  <0.9316756692426008>, 5  <0.06832433075739917>}
x[5,6]{4  <0.7698027779212224>, 5  <0.2301972220787775>}
x[5,7]{7  <1.0>}
x[6,0]{5  <1.0>}
x[6,1]{0  <1.0>}
x[6,2]{2  <1.0>}
x[6,3]{3  <1.0>}
x[6,4]{1  <1.0>}
x[6,5]{4  <1.0>}
x[6,6]{7  <1.0>}
x[6,7]{6  <1.0>}
x[7,0]{3  <1.0>}
x[7,1]{4  <1.0>}
x[7,2]{1  <1.0>}
x[7,3]{2  <1.0>}
x[7,4]{5  <1.0>}
x[7,5]{7  <1.0>}
x[7,6]{6  <1.0>}
x[7,7]{0  <1.0>}
problem entropy = 0.40985041158338076
smallest variable entropy = 7.284628135300551E-4
### branching on x[3,1]=2 marginal=0.9999312274569477
##### after BP iteration 1 #####
x[0,0]{0  <1.0>}
x[0,1]{7  <0.07796824774626633>, 1  <0.906664987456029>, 5  <0.015366764797704654>}
x[0,2]{7  <0.7401596091898492>, 4  <0.2321473369352793>, 5  <0.027693053874871563>}
x[0,3]{7  <0.151368351933912>, 1  <0.04187177569060775>, 4  <0.7951540210834188>, 5  <0.011605851292061441>}
x[0,4]{6  <1.0>}
x[0,5]{5  <0.9495425755520654>, 1  <0.05045742444793452>}
x[0,6]{3  <1.0>}
x[0,7]{2  <1.0>}
x[1,0]{7  <1.0>}
x[1,1]{3  <1.0>}
x[1,2]{0  <1.0>}
x[1,3]{6  <1.0>}
x[1,4]{4  <1.0>}
x[1,5]{2  <1.0>}
x[1,6]{1  <1.0>}
x[1,7]{5  <1.0>}
x[2,0]{4  <1.0>}
x[2,1]{7  <0.14804005476909526>, 5  <0.8519599452309048>}
x[2,2]{6  <1.0>}
x[2,3]{7  <0.8501776055539249>, 5  <0.14982239444607504>}
x[2,4]{0  <1.0>}
x[2,5]{3  <1.0>}
x[2,6]{2  <1.0>}
x[2,7]{1  <1.0>}
x[3,0]{6  <1.0>}
x[3,1]{2  <1.0>}
x[3,2]{4  <0.7383176456074226>, 5  <0.2616823543925774>}
x[3,3]{0  <0.9732604147113573>, 1  <0.026739585288642616>}
x[3,4]{7  <1.0>}
x[3,5]{0  <0.03844029597198526>, 1  <0.9615597040280147>}
x[3,6]{5  <0.7564957568793823>, 4  <0.2435042431206176>}
x[3,7]{3  <1.0>}
x[4,0]{2  <1.0>}
x[4,1]{5  <0.19850807311964389>, 1  <0.07037397148854342>, 7  <0.7311179553918127>}
x[4,2]{5  <0.7221449835251506>, 7  <0.2778550164748496>}
x[4,3]{5  <0.0282500896478315>, 1  <0.9414462875445281>, 7  <0.03030362280764031>}
x[4,4]{3  <1.0>}
x[4,5]{6  <1.0>}
x[4,6]{0  <1.0>}
x[4,7]{4  <1.0>}
x[5,0]{1  <1.0>}
x[5,1]{6  <1.0>}
x[5,2]{3  <1.0>}
x[5,3]{0  <0.026891005796712688>, 4  <0.1845475658944518>, 5  <0.7885614283088356>}
x[5,4]{2  <1.0>}
x[5,5]{0  <0.961093032454528>, 5  <0.038906967545471946>}
x[5,6]{4  <0.8033484872282993>, 5  <0.1966515127717006>}
x[5,7]{7  <1.0>}
x[6,0]{5  <1.0>}
x[6,1]{0  <1.0>}
x[6,2]{2  <1.0>}
x[6,3]{3  <1.0>}
x[6,4]{1  <1.0>}
x[6,5]{4  <1.0>}
x[6,6]{7  <1.0>}
x[6,7]{6  <1.0>}
x[7,0]{3  <1.0>}
x[7,1]{4  <1.0>}
x[7,2]{1  <1.0>}
x[7,3]{2  <1.0>}
x[7,4]{5  <1.0>}
x[7,5]{7  <1.0>}
x[7,6]{6  <1.0>}
x[7,7]{0  <1.0>}
problem entropy = 0.5122950716593536
smallest variable entropy = 0.12321920805298109
##### after BP iteration 2 #####
x[0,0]{0  <1.0>}
x[0,1]{7  <0.04613824474239886>, 1  <0.9468368661983341>, 5  <0.007024889059267094>}
x[0,2]{7  <0.8048589358170235>, 4  <0.17901791570439343>, 5  <0.016123148478583153>}
x[0,3]{7  <0.1524277409107614>, 1  <0.029088754351352705>, 4  <0.8107075319512419>, 5  <0.0077759727866439955>}
x[0,4]{6  <1.0>}
x[0,5]{5  <0.982114190249049>, 1  <0.01788580975095099>}
x[0,6]{3  <1.0>}
x[0,7]{2  <1.0>}
x[1,0]{7  <1.0>}
x[1,1]{3  <1.0>}
x[1,2]{0  <1.0>}
x[1,3]{6  <1.0>}
x[1,4]{4  <1.0>}
x[1,5]{2  <1.0>}
x[1,6]{1  <1.0>}
x[1,7]{5  <1.0>}
x[2,0]{4  <1.0>}
x[2,1]{7  <0.15335021618047334>, 5  <0.8466497838195267>}
x[2,2]{6  <1.0>}
x[2,3]{7  <0.8413612336729565>, 5  <0.15863876632704357>}
x[2,4]{0  <1.0>}
x[2,5]{3  <1.0>}
x[2,6]{2  <1.0>}
x[2,7]{1  <1.0>}
x[3,0]{6  <1.0>}
x[3,1]{2  <1.0>}
x[3,2]{4  <0.8309863527595913>, 5  <0.16901364724040874>}
x[3,3]{0  <0.9840943474058846>, 1  <0.01590565259411539>}
x[3,4]{7  <1.0>}
x[3,5]{0  <0.014861338423204336>, 1  <0.9851386615767956>}
x[3,6]{5  <0.8250108869160709>, 4  <0.174989113083929>}
x[3,7]{3  <1.0>}
x[4,0]{2  <1.0>}
x[4,1]{5  <0.1561190252101211>, 1  <0.05672037569635848>, 7  <0.7871605990935204>}
x[4,2]{5  <0.8094358952146391>, 7  <0.19056410478536087>}
x[4,3]{5  <0.026260245872457226>, 1  <0.9476117931968064>, 7  <0.026127960930736393>}
x[4,4]{3  <1.0>}
x[4,5]{6  <1.0>}
x[4,6]{0  <1.0>}
x[4,7]{4  <1.0>}
x[5,0]{1  <1.0>}
x[5,1]{6  <1.0>}
x[5,2]{3  <1.0>}
x[5,3]{0  <0.015785521786298294>, 4  <0.1953858165521586>, 5  <0.7888286616615432>}
x[5,4]{2  <1.0>}
x[5,5]{0  <0.9853274579320259>, 5  <0.014672542067974132>}
x[5,6]{4  <0.8092627550524301>, 5  <0.19073724494757>}
x[5,7]{7  <1.0>}
x[6,0]{5  <1.0>}
x[6,1]{0  <1.0>}
x[6,2]{2  <1.0>}
x[6,3]{3  <1.0>}
x[6,4]{1  <1.0>}
x[6,5]{4  <1.0>}
x[6,6]{7  <1.0>}
x[6,7]{6  <1.0>}
x[7,0]{3  <1.0>}
x[7,1]{4  <1.0>}
x[7,2]{1  <1.0>}
x[7,3]{2  <1.0>}
x[7,4]{5  <1.0>}
x[7,5]{7  <1.0>}
x[7,6]{6  <1.0>}
x[7,7]{0  <1.0>}
problem entropy = 0.43195421469671297
smallest variable entropy = 0.07650857673984866
##### after BP iteration 3 #####
x[0,0]{0  <1.0>}
x[0,1]{7  <0.024700463753344983>, 1  <0.9723368537983228>, 5  <0.00296268244833224>}
x[0,2]{7  <0.884986493183361>, 4  <0.10917179110154433>, 5  <0.005841715715094734>}
x[0,3]{7  <0.1375542639560089>, 1  <0.020199256211011252>, 4  <0.8391923037207993>, 5  <0.0030541761121805565>}
x[0,4]{6  <1.0>}
x[0,5]{5  <0.9951359423435828>, 1  <0.004864057656417197>}
x[0,6]{3  <1.0>}
x[0,7]{2  <1.0>}
x[1,0]{7  <1.0>}
x[1,1]{3  <1.0>}
x[1,2]{0  <1.0>}
x[1,3]{6  <1.0>}
x[1,4]{4  <1.0>}
x[1,5]{2  <1.0>}
x[1,6]{1  <1.0>}
x[1,7]{5  <1.0>}
x[2,0]{4  <1.0>}
x[2,1]{7  <0.1646983301497841>, 5  <0.8353016698502159>}
x[2,2]{6  <1.0>}
x[2,3]{7  <0.822790552658095>, 5  <0.17720944734190502>}
x[2,4]{0  <1.0>}
x[2,5]{3  <1.0>}
x[2,6]{2  <1.0>}
x[2,7]{1  <1.0>}
x[3,0]{6  <1.0>}
x[3,1]{2  <1.0>}
x[3,2]{4  <0.9022495609883734>, 5  <0.09775043901162653>}
x[3,3]{0  <0.9917254570540743>, 1  <0.008274542945925684>}
x[3,4]{7  <1.0>}
x[3,5]{0  <0.004726313627185221>, 1  <0.9952736863728148>}
x[3,6]{5  <0.8686296585694377>, 4  <0.13137034143056223>}
x[3,7]{3  <1.0>}
x[4,0]{2  <1.0>}
x[4,1]{5  <0.12469518749892183>, 1  <0.037023607099576375>, 7  <0.8382812054015019>}
x[4,2]{5  <0.8912209501603281>, 7  <0.10877904983967192>}
x[4,3]{5  <0.017504510794504883>, 1  <0.9620932759667616>, 7  <0.02040221323873336>}
x[4,4]{3  <1.0>}
x[4,5]{6  <1.0>}
x[4,6]{0  <1.0>}
x[4,7]{4  <1.0>}
x[5,0]{1  <1.0>}
x[5,1]{6  <1.0>}
x[5,2]{3  <1.0>}
x[5,3]{0  <0.008266624323515513>, 4  <0.1886987560242536>, 5  <0.8030346196522309>}
x[5,4]{2  <1.0>}
x[5,5]{0  <0.9952615910249648>, 5  <0.004738408975035218>}
x[5,6]{4  <0.827262138751049>, 5  <0.17273786124895094>}
x[5,7]{7  <1.0>}
x[6,0]{5  <1.0>}
x[6,1]{0  <1.0>}
x[6,2]{2  <1.0>}
x[6,3]{3  <1.0>}
x[6,4]{1  <1.0>}
x[6,5]{4  <1.0>}
x[6,6]{7  <1.0>}
x[6,7]{6  <1.0>}
x[7,0]{3  <1.0>}
x[7,1]{4  <1.0>}
x[7,2]{1  <1.0>}
x[7,3]{2  <1.0>}
x[7,4]{5  <1.0>}
x[7,5]{7  <1.0>}
x[7,6]{6  <1.0>}
x[7,7]{0  <1.0>}
problem entropy = 0.3550210038466757
smallest variable entropy = 0.030022691953164947
##### after BP iteration 4 #####
x[0,0]{0  <1.0>}
x[0,1]{7  <0.011774294818426212>, 1  <0.9870853162907242>, 5  <0.0011403888908496506>}
x[0,2]{7  <0.9319149527972388>, 4  <0.06637853744586707>, 5  <0.0017065097568940923>}
x[0,3]{7  <0.1031100846515073>, 1  <0.010955823933972281>, 4  <0.8851491169807109>, 5  <7.849744338096432E-4>}
x[0,4]{6  <1.0>}
x[0,5]{5  <0.9984571117481982>, 1  <0.0015428882518017436>}
x[0,6]{3  <1.0>}
x[0,7]{2  <1.0>}
x[1,0]{7  <1.0>}
x[1,1]{3  <1.0>}
x[1,2]{0  <1.0>}
x[1,3]{6  <1.0>}
x[1,4]{4  <1.0>}
x[1,5]{2  <1.0>}
x[1,6]{1  <1.0>}
x[1,7]{5  <1.0>}
x[2,0]{4  <1.0>}
x[2,1]{7  <0.15166070400116655>, 5  <0.8483392959988334>}
x[2,2]{6  <1.0>}
x[2,3]{7  <0.8395525282730298>, 5  <0.16044747172697021>}
x[2,4]{0  <1.0>}
x[2,5]{3  <1.0>}
x[2,6]{2  <1.0>}
x[2,7]{1  <1.0>}
x[3,0]{6  <1.0>}
x[3,1]{2  <1.0>}
x[3,2]{4  <0.9369552018723294>, 5  <0.06304479812767055>}
x[3,3]{0  <0.9973421454598084>, 1  <0.002657854540191658>}
x[3,4]{7  <1.0>}
x[3,5]{0  <0.0017048045140162181>, 1  <0.9982951954859838>}
x[3,6]{5  <0.9037497147162201>, 4  <0.09625028528377998>}
x[3,7]{3  <1.0>}
x[4,0]{2  <1.0>}
x[4,1]{5  <0.09748606561791762>, 1  <0.017724822042512203>, 7  <0.8847891123395701>}
x[4,2]{5  <0.9348231726241794>, 7  <0.06517682737582055>}
x[4,3]{5  <0.00658363225914011>, 1  <0.9818903038604424>, 7  <0.011526063880417554>}
x[4,4]{3  <1.0>}
x[4,5]{6  <1.0>}
x[4,6]{0  <1.0>}
x[4,7]{4  <1.0>}
x[5,0]{1  <1.0>}
x[5,1]{6  <1.0>}
x[5,2]{3  <1.0>}
x[5,3]{0  <0.0027432503308761893>, 4  <0.15276642826884623>, 5  <0.8444903214002777>}
x[5,4]{2  <1.0>}
x[5,5]{0  <0.9982405318469137>, 5  <0.0017594681530863094>}
x[5,6]{4  <0.8645546556198791>, 5  <0.1354453443801209>}
x[5,7]{7  <1.0>}
x[6,0]{5  <1.0>}
x[6,1]{0  <1.0>}
x[6,2]{2  <1.0>}
x[6,3]{3  <1.0>}
x[6,4]{1  <1.0>}
x[6,5]{4  <1.0>}
x[6,6]{7  <1.0>}
x[6,7]{6  <1.0>}
x[7,0]{3  <1.0>}
x[7,1]{4  <1.0>}
x[7,2]{1  <1.0>}
x[7,3]{2  <1.0>}
x[7,4]{5  <1.0>}
x[7,5]{7  <1.0>}
x[7,6]{6  <1.0>}
x[7,7]{0  <1.0>}
problem entropy = 0.28134452173984464
smallest variable entropy = 0.011530508877182703
##### after BP iteration 5 #####
x[0,0]{0  <1.0>}
x[0,1]{7  <0.004823687963645285>, 1  <0.9947628649886564>, 5  <4.134470476982137E-4>}
x[0,2]{7  <0.9473763343669814>, 4  <0.052075251765665576>, 5  <5.484138673530628E-4>}
x[0,3]{7  <0.06182610081221262>, 1  <0.003980035044127407>, 4  <0.9340220371957978>, 5  <1.7182694786217824E-4>}
x[0,4]{6  <1.0>}
x[0,5]{5  <0.9993675257353005>, 1  <6.324742646994392E-4>}
x[0,6]{3  <1.0>}
x[0,7]{2  <1.0>}
x[1,0]{7  <1.0>}
x[1,1]{3  <1.0>}
x[1,2]{0  <1.0>}
x[1,3]{6  <1.0>}
x[1,4]{4  <1.0>}
x[1,5]{2  <1.0>}
x[1,6]{1  <1.0>}
x[1,7]{5  <1.0>}
x[2,0]{4  <1.0>}
x[2,1]{7  <0.10467199069008049>, 5  <0.8953280093099195>}
x[2,2]{6  <1.0>}
x[2,3]{7  <0.9064410202429731>, 5  <0.09355897975702682>}
x[2,4]{0  <1.0>}
x[2,5]{3  <1.0>}
x[2,6]{2  <1.0>}
x[2,7]{1  <1.0>}
x[3,0]{6  <1.0>}
x[3,1]{2  <1.0>}
x[3,2]{4  <0.948750711278348>, 5  <0.05124928872165208>}
x[3,3]{0  <0.9994485757544572>, 1  <5.514242455428154E-4>}
x[3,4]{7  <1.0>}
x[3,5]{0  <6.100687219435609E-4>, 1  <0.9993899312780564>}
x[3,6]{5  <0.9336763765364864>, 4  <0.06632362346351359>}
x[3,7]{3  <1.0>}
x[4,0]{2  <1.0>}
x[4,1]{5  <0.07244491744719404>, 1  <0.006430162819211838>, 7  <0.9211249197335941>}
x[4,2]{5  <0.9474024008477132>, 7  <0.052597599152286845>}
x[4,3]{5  <0.0015256288085382704>, 1  <0.9944007295923103>, 7  <0.004073641599151428>}
x[4,4]{3  <1.0>}
x[4,5]{6  <1.0>}
x[4,6]{0  <1.0>}
x[4,7]{4  <1.0>}
x[5,0]{1  <1.0>}
x[5,1]{6  <1.0>}
x[5,2]{3  <1.0>}
x[5,3]{0  <5.665712212820672E-4>, 4  <0.08760849612469475>, 5  <0.9118249326540231>}
x[5,4]{2  <1.0>}
x[5,5]{0  <0.9993684675464702>, 5  <6.315324535297139E-4>}
x[5,6]{4  <0.9101582654095312>, 5  <0.0898417345904689>}
x[5,7]{7  <1.0>}
x[6,0]{5  <1.0>}
x[6,1]{0  <1.0>}
x[6,2]{2  <1.0>}
x[6,3]{3  <1.0>}
x[6,4]{1  <1.0>}
x[6,5]{4  <1.0>}
x[6,6]{7  <1.0>}
x[6,7]{6  <1.0>}
x[7,0]{3  <1.0>}
x[7,1]{4  <1.0>}
x[7,2]{1  <1.0>}
x[7,3]{2  <1.0>}
x[7,4]{5  <1.0>}
x[7,5]{7  <1.0>}
x[7,6]{6  <1.0>}
x[7,7]{0  <1.0>}
problem entropy = 0.20797192209496831
smallest variable entropy = 0.004688611655425386
##### after BP iteration 6 #####
x[0,0]{0  <1.0>}
x[0,1]{7  <0.0016557008840544947>, 1  <0.9982084288403972>, 5  <1.3587027554838292E-4>}
x[0,2]{7  <0.9550273427661766>, 4  <0.044754108843826336>, 5  <2.185483899970559E-4>}
x[0,3]{7  <0.033676501552258015>, 1  <0.0010729528045335312>, 4  <0.9652073270844057>, 5  <4.321855880282279E-5>}
x[0,4]{6  <1.0>}
x[0,5]{5  <0.9997889758660017>, 1  <2.110241339983587E-4>}
x[0,6]{3  <1.0>}
x[0,7]{2  <1.0>}
x[1,0]{7  <1.0>}
x[1,1]{3  <1.0>}
x[1,2]{0  <1.0>}
x[1,3]{6  <1.0>}
x[1,4]{4  <1.0>}
x[1,5]{2  <1.0>}
x[1,6]{1  <1.0>}
x[1,7]{5  <1.0>}
x[2,0]{4  <1.0>}
x[2,1]{7  <0.05000144230094057>, 5  <0.9499985576990594>}
x[2,2]{6  <1.0>}
x[2,3]{7  <0.9629454635800471>, 5  <0.03705453641995297>}
x[2,4]{0  <1.0>}
x[2,5]{3  <1.0>}
x[2,6]{2  <1.0>}
x[2,7]{1  <1.0>}
x[3,0]{6  <1.0>}
x[3,1]{2  <1.0>}
x[3,2]{4  <0.9513526586795584>, 5  <0.04864734132044155>}
x[3,3]{0  <0.9999124267556754>, 1  <8.757324432459355E-5>}
x[3,4]{7  <1.0>}
x[3,5]{0  <1.4564278663576775E-4>, 1  <0.9998543572133642>}
x[3,6]{5  <0.9523702032841054>, 4  <0.04762979671589458>}
x[3,7]{3  <1.0>}
x[4,0]{2  <1.0>}
x[4,1]{5  <0.053852440077942404>, 1  <0.0018337429264733732>, 7  <0.9443138169955843>}
x[4,2]{5  <0.9476603035536609>, 7  <0.052339696446339>}
x[4,3]{5  <3.0602022900827984E-4>, 1  <0.9987637849368951>, 7  <9.301948340966031E-4>}
x[4,4]{3  <1.0>}
x[4,5]{6  <1.0>}
x[4,6]{0  <1.0>}
x[4,7]{4  <1.0>}
x[5,0]{1  <1.0>}
x[5,1]{6  <1.0>}
x[5,2]{3  <1.0>}
x[5,3]{0  <8.761553244856474E-5>, 4  <0.03627490072904275>, 5  <0.9636374837385087>}
x[5,4]{2  <1.0>}
x[5,5]{0  <0.9998550522403976>, 5  <1.449477596023878E-4>}
x[5,6]{4  <0.9543013162616857>, 5  <0.04569868373831433>}
x[5,7]{7  <1.0>}
x[6,0]{5  <1.0>}
x[6,1]{0  <1.0>}
x[6,2]{2  <1.0>}
x[6,3]{3  <1.0>}
x[6,4]{1  <1.0>}
x[6,5]{4  <1.0>}
x[6,6]{7  <1.0>}
x[6,7]{6  <1.0>}
x[7,0]{3  <1.0>}
x[7,1]{4  <1.0>}
x[7,2]{1  <1.0>}
x[7,3]{2  <1.0>}
x[7,4]{5  <1.0>}
x[7,5]{7  <1.0>}
x[7,6]{6  <1.0>}
x[7,7]{0  <1.0>}
problem entropy = 0.14328420057730495
smallest variable entropy = 9.057692996835226E-4
### branching on x[3,3]=0 marginal=0.9999124267556754
##### after BP iteration 1 #####
x[0,0]{0  <1.0>}
x[0,1]{7  <3.7606448337667924E-4>, 1  <0.9996239355166233>}
x[0,2]{7  <0.9672051775015363>, 4  <0.03279482249846362>}
x[0,3]{7  <0.01747322868302014>, 1  <2.3405730777833496E-4>, 4  <0.9822927140092015>}
x[0,4]{6  <1.0>}
x[0,5]{5  <1.0>}
x[0,6]{3  <1.0>}
x[0,7]{2  <1.0>}
x[1,0]{7  <1.0>}
x[1,1]{3  <1.0>}
x[1,2]{0  <1.0>}
x[1,3]{6  <1.0>}
x[1,4]{4  <1.0>}
x[1,5]{2  <1.0>}
x[1,6]{1  <1.0>}
x[1,7]{5  <1.0>}
x[2,0]{4  <1.0>}
x[2,1]{7  <0.020965627083285223>, 5  <0.9790343729167148>}
x[2,2]{6  <1.0>}
x[2,3]{7  <0.9864091251592116>, 5  <0.013590874840788346>}
x[2,4]{0  <1.0>}
x[2,5]{3  <1.0>}
x[2,6]{2  <1.0>}
x[2,7]{1  <1.0>}
x[3,0]{6  <1.0>}
x[3,1]{2  <1.0>}
x[3,2]{4  <0.957856862093113>, 5  <0.04214313790688699>}
x[3,3]{0  <1.0>}
x[3,4]{7  <1.0>}
x[3,5]{1  <1.0>}
x[3,6]{5  <0.966923136003128>, 4  <0.03307686399687203>}
x[3,7]{3  <1.0>}
x[4,0]{2  <1.0>}
x[4,1]{5  <0.03583143900843116>, 1  <3.884477177355375E-4>, 7  <0.9637801132738333>}
x[4,2]{5  <0.9560440106840323>, 7  <0.04395598931596775>}
x[4,3]{5  <6.12521271933024E-5>, 1  <0.9997847465904957>, 7  <1.540012823109775E-4>}
x[4,4]{3  <1.0>}
x[4,5]{6  <1.0>}
x[4,6]{0  <1.0>}
x[4,7]{4  <1.0>}
x[5,0]{1  <1.0>}
x[5,1]{6  <1.0>}
x[5,2]{3  <1.0>}
x[5,3]{5  <0.9862110226660687>, 4  <0.013788977333931236>}
x[5,4]{2  <1.0>}
x[5,5]{0  <1.0>}
x[5,6]{4  <0.979515816527085>, 5  <0.020484183472915078>}
x[5,7]{7  <1.0>}
x[6,0]{5  <1.0>}
x[6,1]{0  <1.0>}
x[6,2]{2  <1.0>}
x[6,3]{3  <1.0>}
x[6,4]{1  <1.0>}
x[6,5]{4  <1.0>}
x[6,6]{7  <1.0>}
x[6,7]{6  <1.0>}
x[7,0]{3  <1.0>}
x[7,1]{4  <1.0>}
x[7,2]{1  <1.0>}
x[7,3]{2  <1.0>}
x[7,4]{5  <1.0>}
x[7,5]{7  <1.0>}
x[7,6]{6  <1.0>}
x[7,7]{0  <1.0>}
problem entropy = 0.13852737039700905
smallest variable entropy = 0.00216131513411226
##### after BP iteration 2 #####
x[0,0]{0  <1.0>}
x[0,1]{7  <7.106050353129171E-5>, 1  <0.9999289394964687>}
x[0,2]{7  <0.9825902335285485>, 4  <0.017409766471451583>}
x[0,3]{7  <0.008666981739634066>, 1  <4.235158887686933E-5>, 4  <0.991290666671489>}
x[0,4]{6  <1.0>}
x[0,5]{5  <1.0>}
x[0,6]{3  <1.0>}
x[0,7]{2  <1.0>}
x[1,0]{7  <1.0>}
x[1,1]{3  <1.0>}
x[1,2]{0  <1.0>}
x[1,3]{6  <1.0>}
x[1,4]{4  <1.0>}
x[1,5]{2  <1.0>}
x[1,6]{1  <1.0>}
x[1,7]{5  <1.0>}
x[2,0]{4  <1.0>}
x[2,1]{7  <0.010002553589809976>, 5  <0.98999744641019>}
x[2,2]{6  <1.0>}
x[2,3]{7  <0.9937973576330132>, 5  <0.006202642366986746>}
x[2,4]{0  <1.0>}
x[2,5]{3  <1.0>}
x[2,6]{2  <1.0>}
x[2,7]{1  <1.0>}
x[3,0]{6  <1.0>}
x[3,1]{2  <1.0>}
x[3,2]{4  <0.9766840951600525>, 5  <0.023315904839947426>}
x[3,3]{0  <1.0>}
x[3,4]{7  <1.0>}
x[3,5]{1  <1.0>}
x[3,6]{5  <0.9810056312254056>, 4  <0.018994368774594414>}
x[3,7]{3  <1.0>}
x[4,0]{2  <1.0>}
x[4,1]{5  <0.018492960628020017>, 1  <6.069146768449624E-5>, 7  <0.9814463479042955>}
x[4,2]{5  <0.9771097136289542>, 7  <0.0228902863710459>}
x[4,3]{5  <1.1945503383642461E-5>, 1  <0.9999644053359329>, 7  <2.3649160683408606E-5>}
x[4,4]{3  <1.0>}
x[4,5]{6  <1.0>}
x[4,6]{0  <1.0>}
x[4,7]{4  <1.0>}
x[5,0]{1  <1.0>}
x[5,1]{6  <1.0>}
x[5,2]{3  <1.0>}
x[5,3]{5  <0.9937172597659021>, 4  <0.0062827402340978845>}
x[5,4]{2  <1.0>}
x[5,5]{0  <1.0>}
x[5,6]{4  <0.9898046096990373>, 5  <0.010195390300962757>}
x[5,7]{7  <1.0>}
x[6,0]{5  <1.0>}
x[6,1]{0  <1.0>}
x[6,2]{2  <1.0>}
x[6,3]{3  <1.0>}
x[6,4]{1  <1.0>}
x[6,5]{4  <1.0>}
x[6,6]{7  <1.0>}
x[6,7]{6  <1.0>}
x[7,0]{3  <1.0>}
x[7,1]{4  <1.0>}
x[7,2]{1  <1.0>}
x[7,3]{2  <1.0>}
x[7,4]{5  <1.0>}
x[7,5]{7  <1.0>}
x[7,6]{6  <1.0>}
x[7,7]{0  <1.0>}
problem entropy = 0.0819481357662393
smallest variable entropy = 4.229133563821119E-4
### branching on x[4,3]=1 marginal=0.9999644053359329
##### after BP iteration 1 #####
x[0,0]{0  <1.0>}
x[0,1]{1  <1.0>}
x[0,2]{7  <0.994501363917425>, 4  <0.005498636082574923>}
x[0,3]{7  <0.004287459163652019>, 4  <0.995712540836348>}
x[0,4]{6  <1.0>}
x[0,5]{5  <1.0>}
x[0,6]{3  <1.0>}
x[0,7]{2  <1.0>}
x[1,0]{7  <1.0>}
x[1,1]{3  <1.0>}
x[1,2]{0  <1.0>}
x[1,3]{6  <1.0>}
x[1,4]{4  <1.0>}
x[1,5]{2  <1.0>}
x[1,6]{1  <1.0>}
x[1,7]{5  <1.0>}
x[2,0]{4  <1.0>}
x[2,1]{7  <0.005259219764392967>, 5  <0.9947407802356071>}
x[2,2]{6  <1.0>}
x[2,3]{7  <0.9961202372910789>, 5  <0.0038797627089211142>}
x[2,4]{0  <1.0>}
x[2,5]{3  <1.0>}
x[2,6]{2  <1.0>}
x[2,7]{1  <1.0>}
x[3,0]{6  <1.0>}
x[3,1]{2  <1.0>}
x[3,2]{4  <0.9928496250778416>, 5  <0.007150374922158444>}
x[3,3]{0  <1.0>}
x[3,4]{7  <1.0>}
x[3,5]{1  <1.0>}
x[3,6]{5  <0.9919316646742475>, 4  <0.008068335325752456>}
x[3,7]{3  <1.0>}
x[4,0]{2  <1.0>}
x[4,1]{5  <0.007282096601902108>, 7  <0.9927179033980978>}
x[4,2]{5  <0.9931919874489921>, 7  <0.006808012551007871>}
x[4,3]{1  <1.0>}
x[4,4]{3  <1.0>}
x[4,5]{6  <1.0>}
x[4,6]{0  <1.0>}
x[4,7]{4  <1.0>}
x[5,0]{1  <1.0>}
x[5,1]{6  <1.0>}
x[5,2]{3  <1.0>}
x[5,3]{5  <0.9960840752694893>, 4  <0.003915924730510748>}
x[5,4]{2  <1.0>}
x[5,5]{0  <1.0>}
x[5,6]{4  <0.9943527696625675>, 5  <0.00564723033743253>}
x[5,7]{7  <1.0>}
x[6,0]{5  <1.0>}
x[6,1]{0  <1.0>}
x[6,2]{2  <1.0>}
x[6,3]{3  <1.0>}
x[6,4]{1  <1.0>}
x[6,5]{4  <1.0>}
x[6,6]{7  <1.0>}
x[6,7]{6  <1.0>}
x[7,0]{3  <1.0>}
x[7,1]{4  <1.0>}
x[7,2]{1  <1.0>}
x[7,3]{2  <1.0>}
x[7,4]{5  <1.0>}
x[7,5]{7  <1.0>}
x[7,6]{6  <1.0>}
x[7,7]{0  <1.0>}
problem entropy = 0.05103001633787104
smallest variable entropy = 0.025412596626316425
##### after BP iteration 2 #####
x[0,0]{0  <1.0>}
x[0,1]{1  <1.0>}
x[0,2]{7  <0.9987555116335474>, 4  <0.0012444883664526672>}
x[0,3]{7  <0.0020027949011913694>, 4  <0.9979972050988085>}
x[0,4]{6  <1.0>}
x[0,5]{5  <1.0>}
x[0,6]{3  <1.0>}
x[0,7]{2  <1.0>}
x[1,0]{7  <1.0>}
x[1,1]{3  <1.0>}
x[1,2]{0  <1.0>}
x[1,3]{6  <1.0>}
x[1,4]{4  <1.0>}
x[1,5]{2  <1.0>}
x[1,6]{1  <1.0>}
x[1,7]{5  <1.0>}
x[2,0]{4  <1.0>}
x[2,1]{7  <0.0027143540975078776>, 5  <0.9972856459024921>}
x[2,2]{6  <1.0>}
x[2,3]{7  <0.9973440817575855>, 5  <0.00265591824241452>}
x[2,4]{0  <1.0>}
x[2,5]{3  <1.0>}
x[2,6]{2  <1.0>}
x[2,7]{1  <1.0>}
x[3,0]{6  <1.0>}
x[3,1]{2  <1.0>}
x[3,2]{4  <0.9985861358496291>, 5  <0.0014138641503709751>}
x[3,3]{0  <1.0>}
x[3,4]{7  <1.0>}
x[3,5]{1  <1.0>}
x[3,6]{5  <0.9974795441121646>, 4  <0.00252045588783547>}
x[3,7]{3  <1.0>}
x[4,0]{2  <1.0>}
x[4,1]{5  <0.0022534053727604085>, 7  <0.9977465946272396>}
x[4,2]{5  <0.9986491558446404>, 7  <0.001350844155359642>}
x[4,3]{1  <1.0>}
x[4,4]{3  <1.0>}
x[4,5]{6  <1.0>}
x[4,6]{0  <1.0>}
x[4,7]{4  <1.0>}
x[5,0]{1  <1.0>}
x[5,1]{6  <1.0>}
x[5,2]{3  <1.0>}
x[5,3]{5  <0.9972217345829202>, 4  <0.002778265417079797>}
x[5,4]{2  <1.0>}
x[5,5]{0  <1.0>}
x[5,6]{4  <0.9969898376744647>, 5  <0.003010162325535303>}
x[5,7]{7  <1.0>}
x[6,0]{5  <1.0>}
x[6,1]{0  <1.0>}
x[6,2]{2  <1.0>}
x[6,3]{3  <1.0>}
x[6,4]{1  <1.0>}
x[6,5]{4  <1.0>}
x[6,6]{7  <1.0>}
x[6,7]{6  <1.0>}
x[7,0]{3  <1.0>}
x[7,1]{4  <1.0>}
x[7,2]{1  <1.0>}
x[7,3]{2  <1.0>}
x[7,4]{5  <1.0>}
x[7,5]{7  <1.0>}
x[7,6]{6  <1.0>}
x[7,7]{0  <1.0>}
problem entropy = 0.022408723428549666
smallest variable entropy = 0.009568134663114045
##### after BP iteration 3 #####
x[0,0]{0  <1.0>}
x[0,1]{1  <1.0>}
x[0,2]{7  <0.9997147609909784>, 4  <2.852390090216236E-4>}
x[0,3]{7  <7.481815435659079E-4>, 4  <0.9992518184564341>}
x[0,4]{6  <1.0>}
x[0,5]{5  <1.0>}
x[0,6]{3  <1.0>}
x[0,7]{2  <1.0>}
x[1,0]{7  <1.0>}
x[1,1]{3  <1.0>}
x[1,2]{0  <1.0>}
x[1,3]{6  <1.0>}
x[1,4]{4  <1.0>}
x[1,5]{2  <1.0>}
x[1,6]{1  <1.0>}
x[1,7]{5  <1.0>}
x[2,0]{4  <1.0>}
x[2,1]{7  <0.0011770143058751428>, 5  <0.9988229856941249>}
x[2,2]{6  <1.0>}
x[2,3]{7  <0.9987062236500311>, 5  <0.001293776349968879>}
x[2,4]{0  <1.0>}
x[2,5]{3  <1.0>}
x[2,6]{2  <1.0>}
x[2,7]{1  <1.0>}
x[3,0]{6  <1.0>}
x[3,1]{2  <1.0>}
x[3,2]{4  <0.9997403357159578>, 5  <2.596642840421847E-4>}
x[3,3]{0  <1.0>}
x[3,4]{7  <1.0>}
x[3,5]{1  <1.0>}
x[3,6]{5  <0.9993436278919307>, 4  <6.563721080692673E-4>}
x[3,7]{3  <1.0>}
x[4,0]{2  <1.0>}
x[4,1]{5  <6.021891219486508E-4>, 7  <0.9993978108780514>}
x[4,2]{5  <0.9997481920868196>, 7  <2.5180791318037295E-4>}
x[4,3]{1  <1.0>}
x[4,4]{3  <1.0>}
x[4,5]{6  <1.0>}
x[4,6]{0  <1.0>}
x[4,7]{4  <1.0>}
x[5,0]{1  <1.0>}
x[5,1]{6  <1.0>}
x[5,2]{3  <1.0>}
x[5,3]{5  <0.9986432072687121>, 4  <0.0013567927312879088>}
x[5,4]{2  <1.0>}
x[5,5]{0  <1.0>}
x[5,6]{4  <0.9986968333502919>, 5  <0.0013031666497080937>}
x[5,7]{7  <1.0>}
x[6,0]{5  <1.0>}
x[6,1]{0  <1.0>}
x[6,2]{2  <1.0>}
x[6,3]{3  <1.0>}
x[6,4]{1  <1.0>}
x[6,5]{4  <1.0>}
x[6,6]{7  <1.0>}
x[6,7]{6  <1.0>}
x[7,0]{3  <1.0>}
x[7,1]{4  <1.0>}
x[7,2]{1  <1.0>}
x[7,3]{2  <1.0>}
x[7,4]{5  <1.0>}
x[7,5]{7  <1.0>}
x[7,6]{6  <1.0>}
x[7,7]{0  <1.0>}
problem entropy = 0.00913335005574621
smallest variable entropy = 0.0023384691040156656
##### after BP iteration 4 #####
x[0,0]{0  <1.0>}
x[0,1]{1  <1.0>}
x[0,2]{7  <0.9999253382533898>, 4  <7.466174661013195E-5>}
x[0,3]{7  <1.8445236299542386E-4>, 4  <0.9998155476370045>}
x[0,4]{6  <1.0>}
x[0,5]{5  <1.0>}
x[0,6]{3  <1.0>}
x[0,7]{2  <1.0>}
x[1,0]{7  <1.0>}
x[1,1]{3  <1.0>}
x[1,2]{0  <1.0>}
x[1,3]{6  <1.0>}
x[1,4]{4  <1.0>}
x[1,5]{2  <1.0>}
x[1,6]{1  <1.0>}
x[1,7]{5  <1.0>}
x[2,0]{4  <1.0>}
x[2,1]{7  <3.454162570985194E-4>, 5  <0.9996545837429015>}
x[2,2]{6  <1.0>}
x[2,3]{7  <0.9996680793431147>, 5  <3.31920656885321E-4>}
x[2,4]{0  <1.0>}
x[2,5]{3  <1.0>}
x[2,6]{2  <1.0>}
x[2,7]{1  <1.0>}
x[3,0]{6  <1.0>}
x[3,1]{2  <1.0>}
x[3,2]{4  <0.9999386434027151>, 5  <6.135659728500952E-5>}
x[3,3]{0  <1.0>}
x[3,4]{7  <1.0>}
x[3,5]{1  <1.0>}
x[3,6]{5  <0.9998346615476094>, 4  <1.65338452390665E-4>}
x[3,7]{3  <1.0>}
x[4,0]{2  <1.0>}
x[4,1]{5  <1.569119996197498E-4>, 7  <0.9998430880003802>}
x[4,2]{5  <0.9999394243297294>, 7  <6.0575670270717925E-5>}
x[4,3]{1  <1.0>}
x[4,4]{3  <1.0>}
x[4,5]{6  <1.0>}
x[4,6]{0  <1.0>}
x[4,7]{4  <1.0>}
x[5,0]{1  <1.0>}
x[5,1]{6  <1.0>}
x[5,2]{3  <1.0>}
x[5,3]{5  <0.9996611161280017>, 4  <3.388838719982411E-4>}
x[5,4]{2  <1.0>}
x[5,5]{0  <1.0>}
x[5,6]{4  <0.9996342391327411>, 5  <3.657608672589288E-4>}
x[5,7]{7  <1.0>}
x[6,0]{5  <1.0>}
x[6,1]{0  <1.0>}
x[6,2]{2  <1.0>}
x[6,3]{3  <1.0>}
x[6,4]{1  <1.0>}
x[6,5]{4  <1.0>}
x[6,6]{7  <1.0>}
x[6,7]{6  <1.0>}
x[7,0]{3  <1.0>}
x[7,1]{4  <1.0>}
x[7,2]{1  <1.0>}
x[7,3]{2  <1.0>}
x[7,4]{5  <1.0>}
x[7,5]{7  <1.0>}
x[7,6]{6  <1.0>}
x[7,7]{0  <1.0>}
problem entropy = 0.002797703534026366
smallest variable entropy = 6.488615584164796E-4
### branching on x[4,2]=5 marginal=0.9999394243297294
##### after BP iteration 1 #####
x[0,0]{0  <1.0>}
x[0,1]{1  <1.0>}
x[0,2]{7  <1.0>}
x[0,3]{4  <1.0>}
x[0,4]{6  <1.0>}
x[0,5]{5  <1.0>}
x[0,6]{3  <1.0>}
x[0,7]{2  <1.0>}
x[1,0]{7  <1.0>}
x[1,1]{3  <1.0>}
x[1,2]{0  <1.0>}
x[1,3]{6  <1.0>}
x[1,4]{4  <1.0>}
x[1,5]{2  <1.0>}
x[1,6]{1  <1.0>}
x[1,7]{5  <1.0>}
x[2,0]{4  <1.0>}
x[2,1]{5  <1.0>}
x[2,2]{6  <1.0>}
x[2,3]{7  <1.0>}
x[2,4]{0  <1.0>}
x[2,5]{3  <1.0>}
x[2,6]{2  <1.0>}
x[2,7]{1  <1.0>}
x[3,0]{6  <1.0>}
x[3,1]{2  <1.0>}
x[3,2]{4  <1.0>}
x[3,3]{0  <1.0>}
x[3,4]{7  <1.0>}
x[3,5]{1  <1.0>}
x[3,6]{5  <1.0>}
x[3,7]{3  <1.0>}
x[4,0]{2  <1.0>}
x[4,1]{7  <1.0>}
x[4,2]{5  <1.0>}
x[4,3]{1  <1.0>}
x[4,4]{3  <1.0>}
x[4,5]{6  <1.0>}
x[4,6]{0  <1.0>}
x[4,7]{4  <1.0>}
x[5,0]{1  <1.0>}
x[5,1]{6  <1.0>}
x[5,2]{3  <1.0>}
x[5,3]{5  <1.0>}
x[5,4]{2  <1.0>}
x[5,5]{0  <1.0>}
x[5,6]{4  <1.0>}
x[5,7]{7  <1.0>}
x[6,0]{5  <1.0>}
x[6,1]{0  <1.0>}
x[6,2]{2  <1.0>}
x[6,3]{3  <1.0>}
x[6,4]{1  <1.0>}
x[6,5]{4  <1.0>}
x[6,6]{7  <1.0>}
x[6,7]{6  <1.0>}
x[7,0]{3  <1.0>}
x[7,1]{4  <1.0>}
x[7,2]{1  <1.0>}
x[7,3]{2  <1.0>}
x[7,4]{5  <1.0>}
x[7,5]{7  <1.0>}
x[7,6]{6  <1.0>}
x[7,7]{0  <1.0>}
problem entropy = 0.0
smallest variable entropy = 1.7976931348623157E308
### branching on x[4,2]!=5
##### after BP iteration 1 #####
x[0,0]{0  <1.0>}
x[0,1]{1  <1.0>}
x[0,2]{4  <1.0>}
x[0,3]{7  <1.0>}
x[0,4]{6  <1.0>}
x[0,5]{5  <1.0>}
x[0,6]{3  <1.0>}
x[0,7]{2  <1.0>}
x[1,0]{7  <1.0>}
x[1,1]{3  <1.0>}
x[1,2]{0  <1.0>}
x[1,3]{6  <1.0>}
x[1,4]{4  <1.0>}
x[1,5]{2  <1.0>}
x[1,6]{1  <1.0>}
x[1,7]{5  <1.0>}
x[2,0]{4  <1.0>}
x[2,1]{7  <1.0>}
x[2,2]{6  <1.0>}
x[2,3]{5  <1.0>}
x[2,4]{0  <1.0>}
x[2,5]{3  <1.0>}
x[2,6]{2  <1.0>}
x[2,7]{1  <1.0>}
x[3,0]{6  <1.0>}
x[3,1]{2  <1.0>}
x[3,2]{5  <1.0>}
x[3,3]{0  <1.0>}
x[3,4]{7  <1.0>}
x[3,5]{1  <1.0>}
x[3,6]{4  <1.0>}
x[3,7]{3  <1.0>}
x[4,0]{2  <1.0>}
x[4,1]{5  <1.0>}
x[4,2]{7  <1.0>}
x[4,3]{1  <1.0>}
x[4,4]{3  <1.0>}
x[4,5]{6  <1.0>}
x[4,6]{0  <1.0>}
x[4,7]{4  <1.0>}
x[5,0]{1  <1.0>}
x[5,1]{6  <1.0>}
x[5,2]{3  <1.0>}
x[5,3]{4  <1.0>}
x[5,4]{2  <1.0>}
x[5,5]{0  <1.0>}
x[5,6]{5  <1.0>}
x[5,7]{7  <1.0>}
x[6,0]{5  <1.0>}
x[6,1]{0  <1.0>}
x[6,2]{2  <1.0>}
x[6,3]{3  <1.0>}
x[6,4]{1  <1.0>}
x[6,5]{4  <1.0>}
x[6,6]{7  <1.0>}
x[6,7]{6  <1.0>}
x[7,0]{3  <1.0>}
x[7,1]{4  <1.0>}
x[7,2]{1  <1.0>}
x[7,3]{2  <1.0>}
x[7,4]{5  <1.0>}
x[7,5]{7  <1.0>}
x[7,6]{6  <1.0>}
x[7,7]{0  <1.0>}
problem entropy = 0.0
smallest variable entropy = 1.7976931348623157E308

	#choice: 5
	#fail: 0
	execution time (ms): 150
	#sols : 1
	completed : false

