{2  <1.0>}
model: sum-product-no-init
FINAL DAMPING FACTOR = 1.0
##### after BP iteration 1 #####
x[0,0]{2  <1.0>}
x[0,1]{5  <0.18900500060786266>, 1  <0.19379703374474022>, 7  <0.5445770859345157>, 4  <0.07262087971288132>}
x[0,2]{0  <0.35722883526186444>, 1  <0.10475668242439351>, 7  <0.1855557662199062>, 3  <0.11684639376294528>, 4  <0.06198363323433448>, 5  <0.17362868909655607>}
x[0,3]{4  <0.18442005047997484>, 1  <0.2065280686710492>, 7  <0.28129374816495295>, 3  <0.32775813268402293>}
x[0,4]{4  <0.4001311986123413>, 1  <0.32345617438113683>, 7  <0.2764126270065218>}
x[0,5]{0  <0.17325185478743252>, 1  <0.128643726611278>, 7  <0.2023633544443993>, 3  <0.09330493131215818>, 4  <0.11135393831854073>, 6  <0.2910821945261913>}
x[0,6]{0  <0.04689459888970345>, 1  <0.13562584919400342>, 4  <0.45759713168142047>, 6  <0.3598824202348726>}
x[0,7]{0  <0.7858040908058936>, 1  <0.19154785548439288>, 5  <0.022648053709713414>}
x[1,0]{0  <0.10699498801481808>, 7  <0.893005011985182>}
x[1,1]{6  <1.0>}
x[1,2]{0  <0.19634687363701236>, 1  <0.26768601209856097>, 7  <0.15070925545058206>, 4  <0.3852578588138446>}
x[1,3]{2  <1.0>}
x[1,4]{5  <1.0>}
x[1,5]{0  <0.07582624335869552>, 1  <0.14824456566756208>, 7  <0.09552828692801953>, 4  <0.6804009040457228>}
x[1,6]{3  <1.0>}
x[1,7]{0  <0.15237820905195704>, 1  <0.8476217909480429>}
x[2,0]{6  <1.0>}
x[2,1]{5  <0.5725444470804136>, 1  <0.1065679473448536>, 4  <0.0353375338288338>, 7  <0.28555007174589886>}
x[2,2]{0  <0.3490550726462983>, 1  <0.09946381078847569>, 2  <0.056375669064785354>, 7  <0.19176517252387973>, 4  <0.05099833416185591>, 5  <0.25234194081470496>}
x[2,3]{7  <0.37032342292190257>, 1  <0.3464022648750015>, 4  <0.28327431220309596>}
x[2,4]{4  <0.15835410431724536>, 1  <0.13485700048091517>, 2  <0.6135107300538271>, 7  <0.09327816514801245>}
x[2,5]{0  <0.4281774647377269>, 1  <0.1658456528517338>, 2  <0.10933886384316444>, 7  <0.20080677366741378>, 4  <0.09583124489996114>}
x[2,6]{0  <0.15667304662754042>, 1  <0.34657813550328836>, 2  <0.27729836981482797>, 4  <0.21945044805434324>}
x[2,7]{3  <1.0>}
x[3,0]{0  <0.8464543269230769>, 7  <0.15354567307692307>}
x[3,1]{4  <0.1917724849643464>, 1  <0.491600874985312>, 7  <0.31662664005034163>}
x[3,2]{0  <0.16928254834123135>, 1  <0.18315547607763275>, 2  <0.42110923607476536>, 7  <0.13356666928251743>, 4  <0.09288607022385298>}
x[3,3]{7  <0.13672040581519385>, 1  <0.3815482650841488>, 4  <0.4817313291006573>}
x[3,4]{3  <1.0>}
x[3,5]{0  <0.08082897016174553>, 1  <0.13777565836853065>, 2  <0.6171243941841681>, 7  <0.08736886155283491>, 4  <0.07690211573272088>}
x[3,6]{5  <1.0>}
x[3,7]{6  <1.0>}
x[4,0]{4  <1.0>}
x[4,1]{0  <1.0>}
x[4,2]{3  <0.7253768369463817>, 1  <0.2024205786714402>, 2  <0.07220258438217828>}
x[4,3]{5  <1.0>}
x[4,4]{6  <1.0>}
x[4,5]{3  <0.13531094067600888>, 1  <0.6961291757845312>, 2  <0.16855988353945983>}
x[4,6]{2  <0.3897974696157951>, 1  <0.610202530384205>}
x[4,7]{7  <1.0>}
x[5,0]{1  <1.0>}
x[5,1]{3  <1.0>}
x[5,2]{5  <0.08793016358196584>, 7  <0.7562425011686107>, 2  <0.07742667776601646>, 4  <0.07840065748340697>}
x[5,3]{0  <1.0>}
x[5,4]{4  <0.2829401995880928>, 7  <0.2964500977445789>, 2  <0.4206097026673282>}
x[5,5]{4  <0.22108294684427277>, 7  <0.41006848634235626>, 2  <0.07984402273755933>, 6  <0.28900454407581166>}
x[5,6]{4  <0.8101314896956898>, 6  <0.08625062658228816>, 2  <0.10361788372202206>}
x[5,7]{5  <0.9187301546910275>, 2  <0.08126984530897242>}
x[6,0]{3  <1.0>}
x[6,1]{4  <0.6180922633349352>, 1  <0.38190773666506483>}
x[6,2]{4  <0.28772214267666135>, 1  <0.5741282742356607>, 2  <0.13814958308767797>}
x[6,3]{6  <1.0>}
x[6,4]{0  <1.0>}
x[6,5]{5  <1.0>}
x[6,6]{7  <1.0>}
x[6,7]{2  <0.9296045312025892>, 1  <0.07039546879741075>}
x[7,0]{5  <1.0>}
x[7,1]{2  <1.0>}
x[7,2]{6  <1.0>}
x[7,3]{3  <0.3550451838019817>, 1  <0.2687311734158409>, 7  <0.3762236427821775>}
x[7,4]{7  <0.36106278342996606>, 1  <0.6389372165700339>}
x[7,5]{0  <0.11115587505822808>, 1  <0.344685190547533>, 7  <0.3634944415767542>, 3  <0.18066449281748476>}
x[7,6]{0  <0.7725243389596175>, 1  <0.22747566104038247>}
x[7,7]{4  <1.0>}
problem entropy = 0.0
smallest variable entropy = 1.7976931348623157E308
### branching on x[1,0]=0
##### after BP iteration 1 #####
x[0,0]{2  <1.0>}
x[0,1]{5  <0.5342856135113131>, 7  <0.46571438648868696>}
x[0,2]{5  <0.9203515544540237>, 1  <0.0023921120101958247>, 7  <0.010015079155597085>, 3  <0.06567155496283567>, 4  <0.0015696994173475822>}
x[0,3]{4  <0.050293144854820344>, 1  <0.06496271760279501>, 7  <0.0757540227157654>, 3  <0.8089901148266191>}
x[0,4]{4  <0.47853681264966924>, 1  <0.42319095069822243>, 7  <0.09827223665210827>}
x[0,5]{6  <0.5153477095571808>, 1  <0.03872780818318628>, 7  <0.03982082507336408>, 3  <0.3905145403073258>, 4  <0.015589116878943158>}
x[0,6]{6  <0.8150925293726394>, 1  <0.044925441068545235>, 4  <0.1399820295588154>}
x[0,7]{0  <1.0>}
x[1,0]{0  <1.0>}
x[1,1]{6  <1.0>}
x[1,2]{4  <0.6365105597816444>, 7  <0.36348944021835566>}
x[1,3]{2  <1.0>}
x[1,4]{5  <1.0>}
x[1,5]{4  <0.6689456640106869>, 7  <0.3310543359893132>}
x[1,6]{3  <1.0>}
x[1,7]{1  <1.0>}
x[2,0]{6  <1.0>}
x[2,1]{5  <0.665836627320094>, 7  <0.334163372679906>}
x[2,2]{0  <0.6722512258687141>, 1  <0.00701132275823763>, 2  <0.05906715011708912>, 7  <0.03441180881450101>, 4  <0.006682381820011087>, 5  <0.22057611062144705>}
x[2,3]{7  <0.2809627982015194>, 1  <0.3473807907080428>, 4  <0.3716564110904378>}
x[2,4]{4  <0.2214049844517291>, 1  <0.11949478743104591>, 2  <0.5896223096326279>, 7  <0.06947791848459722>}
x[2,5]{0  <0.8474426199517605>, 1  <0.04289759022347863>, 2  <0.035891085478767175>, 7  <0.06562512163053726>, 4  <0.008143582715456251>}
x[2,6]{0  <0.11161638627038746>, 1  <0.3269058167385805>, 2  <0.3413253858060519>, 4  <0.22015241118498025>}
x[2,7]{3  <1.0>}
x[3,0]{7  <1.0>}
x[3,1]{4  <0.31034482758620696>, 1  <0.6896551724137931>}
x[3,2]{0  <0.7093011027486036>, 2  <0.29069889725139636>}
x[3,3]{4  <0.7903925114348606>, 1  <0.20960748856513947>}
x[3,4]{3  <1.0>}
x[3,5]{0  <0.37275202483367365>, 2  <0.6272479751663262>}
x[3,6]{5  <1.0>}
x[3,7]{6  <1.0>}
x[4,0]{4  <1.0>}
x[4,1]{0  <1.0>}
x[4,2]{3  <0.8907682785682127>, 1  <0.008071341931893034>, 2  <0.1011603794998941>}
x[4,3]{5  <1.0>}
x[4,4]{6  <1.0>}
x[4,5]{3  <0.32641572369673594>, 1  <0.590670027907706>, 2  <0.08291424839555811>}
x[4,6]{2  <0.7566900655725559>, 1  <0.24330993442744395>}
x[4,7]{7  <1.0>}
x[5,0]{1  <1.0>}
x[5,1]{3  <1.0>}
x[5,2]{4  <0.05372968989860681>, 7  <0.7710755204002875>, 2  <0.1751947897011057>}
x[5,3]{0  <1.0>}
x[5,4]{4  <0.20436037063600382>, 7  <0.09777552186206317>, 2  <0.697864107501933>}
x[5,5]{4  <0.010574876362621626>, 7  <0.034187982746933195>, 2  <0.006266374900446185>, 6  <0.948970765989999>}
x[5,6]{4  <0.4294859284838298>, 6  <0.43056421480455814>, 2  <0.139949856711612>}
x[5,7]{5  <1.0>}
x[6,0]{3  <1.0>}
x[6,1]{4  <0.7189113381700835>, 1  <0.2810886618299166>}
x[6,2]{4  <0.03983500862825261>, 1  <0.9601649913717474>}
x[6,3]{6  <1.0>}
x[6,4]{0  <1.0>}
x[6,5]{5  <1.0>}
x[6,6]{7  <1.0>}
x[6,7]{2  <1.0>}
x[7,0]{5  <1.0>}
x[7,1]{2  <1.0>}
x[7,2]{6  <1.0>}
x[7,3]{3  <0.6517777400571794>, 1  <0.07091352208724136>, 7  <0.27730873785557936>}
x[7,4]{7  <0.41423400257019977>, 1  <0.5857659974298003>}
x[7,5]{0  <0.0568106434859231>, 1  <0.043450886484653076>, 7  <0.1545115141440436>, 3  <0.7452269558853803>}
x[7,6]{0  <0.9281728366475799>, 1  <0.07182716335242022>}
x[7,7]{4  <1.0>}
problem entropy = 0.0
smallest variable entropy = 1.7976931348623157E308
### branching on x[0,1]=7
##### after BP iteration 1 #####
x[0,0]{2  <1.0>}
x[0,1]{7  <1.0>}
x[0,2]{5  <1.0>}
x[0,3]{4  <0.12261054973177359>, 1  <0.49045427621126403>, 3  <0.38693517405696237>}
x[0,4]{4  <0.4875014696406728>, 1  <0.5124985303593272>}
x[0,5]{6  <0.06562045827658955>, 1  <0.251989780679017>, 4  <0.28582516758773624>, 3  <0.3965645934566572>}
x[0,6]{6  <0.4027727786053327>, 1  <0.3237034363555951>, 4  <0.2735237850390721>}
x[0,7]{0  <1.0>}
x[1,0]{0  <1.0>}
x[1,1]{6  <1.0>}
x[1,2]{4  <0.5853189233817727>, 7  <0.4146810766182272>}
x[1,3]{2  <1.0>}
x[1,4]{5  <1.0>}
x[1,5]{4  <0.3787117237548861>, 7  <0.6212882762451138>}
x[1,6]{3  <1.0>}
x[1,7]{1  <1.0>}
x[2,0]{6  <1.0>}
x[2,1]{5  <1.0>}
x[2,2]{0  <0.17589097106504248>, 1  <0.17560428688087298>, 2  <0.2930592907900878>, 7  <0.20047946068227368>, 4  <0.15496599058172303>}
x[2,3]{7  <0.47878909856860696>, 1  <0.3428814342441216>, 4  <0.17832946718727138>}
x[2,4]{4  <0.47158890993076924>, 1  <0.19825656845376682>, 2  <0.144048296860017>, 7  <0.1861062247554469>}
x[2,5]{0  <0.1006450054908859>, 1  <0.23640258398851588>, 2  <0.13568032954097342>, 7  <0.3527028364851778>, 4  <0.17456924449444705>}
x[2,6]{0  <0.011454610978237944>, 1  <0.505835808055131>, 2  <0.1540308720085559>, 4  <0.32867870895807527>}
x[2,7]{3  <1.0>}
x[3,0]{7  <1.0>}
x[3,1]{4  <0.2099870583408605>, 1  <0.7900129416591396>}
x[3,2]{0  <0.49668637808903265>, 2  <0.5033136219109674>}
x[3,3]{4  <0.6875544182479875>, 1  <0.31244558175201254>}
x[3,4]{3  <1.0>}
x[3,5]{0  <0.35503429020229843>, 2  <0.6449657097977015>}
x[3,6]{5  <1.0>}
x[3,7]{6  <1.0>}
x[4,0]{4  <1.0>}
x[4,1]{0  <1.0>}
x[4,2]{3  <1.0>}
x[4,3]{5  <1.0>}
x[4,4]{6  <1.0>}
x[4,5]{2  <0.1876482289068459>, 1  <0.812351771093154>}
x[4,6]{2  <0.904799627983355>, 1  <0.09520037201664501>}
x[4,7]{7  <1.0>}
x[5,0]{1  <1.0>}
x[5,1]{3  <1.0>}
x[5,2]{4  <0.18437434563859453>, 7  <0.48243789669642484>, 2  <0.33318775766498065>}
x[5,3]{0  <1.0>}
x[5,4]{4  <0.2729131254228604>, 7  <0.13177756093065918>, 2  <0.5953093136464804>}
x[5,5]{4  <0.2135054502392824>, 7  <0.175378232732297>, 2  <0.06677768037226303>, 6  <0.5443386366561576>}
x[5,6]{4  <0.67840405794125>, 6  <0.16206802219107672>, 2  <0.15952791986767326>}
x[5,7]{5  <1.0>}
x[6,0]{3  <1.0>}
x[6,1]{4  <0.9706709205102979>, 1  <0.029329079489702117>}
x[6,2]{4  <0.08369465817866939>, 1  <0.9163053418213306>}
x[6,3]{6  <1.0>}
x[6,4]{0  <1.0>}
x[6,5]{5  <1.0>}
x[6,6]{7  <1.0>}
x[6,7]{2  <1.0>}
x[7,0]{5  <1.0>}
x[7,1]{2  <1.0>}
x[7,2]{6  <1.0>}
x[7,3]{3  <0.05064015516426721>, 1  <0.1846473552606574>, 7  <0.7647124895750753>}
x[7,4]{7  <0.6582685859312449>, 1  <0.34173141406875507>}
x[7,5]{0  <0.0669644258898983>, 1  <0.07828336225681781>, 7  <0.4526477138129596>, 3  <0.4021044980403243>}
x[7,6]{0  <0.9527143118427539>, 1  <0.04728568815724612>}
x[7,7]{4  <1.0>}
problem entropy = 0.0
smallest variable entropy = 1.7976931348623157E308
### branching on x[0,4]=4
##### after BP iteration 1 #####
x[0,0]{2  <1.0>}
x[0,1]{7  <1.0>}
x[0,2]{5  <1.0>}
x[0,3]{3  <0.6566965047873377>, 1  <0.3433034952126623>}
x[0,4]{4  <1.0>}
x[0,5]{6  <0.3334278433277813>, 1  <0.24977637088703533>, 3  <0.41679578578518345>}
x[0,6]{6  <0.9326094951447359>, 1  <0.06739050485526416>}
x[0,7]{0  <1.0>}
x[1,0]{0  <1.0>}
x[1,1]{6  <1.0>}
x[1,2]{4  <0.5549921613184815>, 7  <0.44500783868151844>}
x[1,3]{2  <1.0>}
x[1,4]{5  <1.0>}
x[1,5]{4  <0.47612233567759477>, 7  <0.5238776643224052>}
x[1,6]{3  <1.0>}
x[1,7]{1  <1.0>}
x[2,0]{6  <1.0>}
x[2,1]{5  <1.0>}
x[2,2]{0  <0.4915881585339552>, 1  <0.04987396520417373>, 2  <0.2542805491073855>, 7  <0.06314924167053047>, 4  <0.14110808548395506>}
x[2,3]{7  <0.5240728621743244>, 1  <0.23457639525457627>, 4  <0.24135074257109929>}
x[2,4]{7  <0.4609691781907492>, 1  <0.23858308384877416>, 2  <0.30044773796047675>}
x[2,5]{0  <0.43543606868523843>, 1  <0.03625078942962463>, 2  <0.10110735702998287>, 7  <0.10612193976335013>, 4  <0.321083845091804>}
x[2,6]{0  <0.06638557284758412>, 1  <0.3634882473707742>, 2  <0.05981230376470344>, 4  <0.5103138760169382>}
x[2,7]{3  <1.0>}
x[3,0]{7  <1.0>}
x[3,1]{4  <0.0296092798645851>, 1  <0.9703907201354149>}
x[3,2]{0  <0.7750909847190107>, 2  <0.22490901528098925>}
x[3,3]{4  <0.8427875307788201>, 1  <0.1572124692211799>}
x[3,4]{3  <1.0>}
x[3,5]{0  <0.8496597815268188>, 2  <0.15034021847318124>}
x[3,6]{5  <1.0>}
x[3,7]{6  <1.0>}
x[4,0]{4  <1.0>}
x[4,1]{0  <1.0>}
x[4,2]{3  <1.0>}
x[4,3]{5  <1.0>}
x[4,4]{6  <1.0>}
x[4,5]{2  <0.6023331020358823>, 1  <0.39766689796411764>}
x[4,6]{2  <0.7487426214768871>, 1  <0.2512573785231129>}
x[4,7]{7  <1.0>}
x[5,0]{1  <1.0>}
x[5,1]{3  <1.0>}
x[5,2]{4  <0.2614825048146386>, 7  <0.32396437369620706>, 2  <0.4145531214891544>}
x[5,3]{0  <1.0>}
x[5,4]{2  <0.6576622565749298>, 7  <0.3423377434250702>}
x[5,5]{4  <0.13414162784972955>, 7  <0.04893422408942518>, 2  <0.030855485102731662>, 6  <0.7860686629581136>}
x[5,6]{4  <0.3843317681740011>, 6  <0.6041145257661016>, 2  <0.011553706059897239>}
x[5,7]{5  <1.0>}
x[6,0]{3  <1.0>}
x[6,1]{4  <0.9415364746740011>, 1  <0.0584635253259989>}
x[6,2]{4  <0.14912351442075072>, 1  <0.8508764855792492>}
x[6,3]{6  <1.0>}
x[6,4]{0  <1.0>}
x[6,5]{5  <1.0>}
x[6,6]{7  <1.0>}
x[6,7]{2  <1.0>}
x[7,0]{5  <1.0>}
x[7,1]{2  <1.0>}
x[7,2]{6  <1.0>}
x[7,3]{3  <0.573138580476178>, 1  <0.2961817129583182>, 7  <0.13067970656550376>}
x[7,4]{7  <0.21567100817345922>, 1  <0.7843289918265407>}
x[7,5]{0  <0.07524252244214838>, 1  <0.04686137842733141>, 7  <0.015732390451810616>, 3  <0.8621637086787096>}
x[7,6]{0  <0.9910814433629714>, 1  <0.008918556637028487>}
x[7,7]{4  <1.0>}
problem entropy = 0.0
smallest variable entropy = 1.7976931348623157E308
### branching on x[0,3]=3
##### after BP iteration 1 #####
x[0,0]{2  <1.0>}
x[0,1]{7  <1.0>}
x[0,2]{5  <1.0>}
x[0,3]{3  <1.0>}
x[0,4]{4  <1.0>}
x[0,5]{6  <0.39587402632854424>, 1  <0.6041259736714557>}
x[0,6]{6  <0.18765428275594578>, 1  <0.8123457172440542>}
x[0,7]{0  <1.0>}
x[1,0]{0  <1.0>}
x[1,1]{6  <1.0>}
x[1,2]{4  <0.43829883162900624>, 7  <0.5617011683709937>}
x[1,3]{2  <1.0>}
x[1,4]{5  <1.0>}
x[1,5]{4  <0.31437400020131745>, 7  <0.6856259997986824>}
x[1,6]{3  <1.0>}
x[1,7]{1  <1.0>}
x[2,0]{6  <1.0>}
x[2,1]{5  <1.0>}
x[2,2]{0  <0.5728520166300278>, 1  <0.020698718750246845>, 2  <0.3202138139264478>, 7  <0.03174462266100939>, 4  <0.054490828032268>}
x[2,3]{7  <0.6867438319877834>, 1  <0.1732783823185375>, 4  <0.13997778569367916>}
x[2,4]{7  <0.26251811274663417>, 1  <0.09380815490645679>, 2  <0.643673732346909>}
x[2,5]{0  <0.3528118829658732>, 1  <0.06068696816735287>, 2  <0.23413622552731583>, 7  <0.08794419646997775>, 4  <0.2644207268694803>}
x[2,6]{4  <0.30758145624753735>, 1  <0.4410175492039649>, 2  <0.25140099454849774>}
x[2,7]{3  <1.0>}
x[3,0]{7  <1.0>}
x[3,1]{4  <0.04175744039398094>, 1  <0.9582425596060191>}
x[3,2]{0  <0.13154955926185133>, 2  <0.8684504407381486>}
x[3,3]{4  <0.987776740668668>, 1  <0.012223259331331915>}
x[3,4]{3  <1.0>}
x[3,5]{0  <0.35874589163540604>, 2  <0.641254108364594>}
x[3,6]{5  <1.0>}
x[3,7]{6  <1.0>}
x[4,0]{4  <1.0>}
x[4,1]{0  <1.0>}
x[4,2]{3  <1.0>}
x[4,3]{5  <1.0>}
x[4,4]{6  <1.0>}
x[4,5]{2  <0.5124836636583893>, 1  <0.48751633634161073>}
x[4,6]{2  <0.3411366453566978>, 1  <0.6588633546433023>}
x[4,7]{7  <1.0>}
x[5,0]{1  <1.0>}
x[5,1]{3  <1.0>}
x[5,2]{4  <0.17451037546383094>, 7  <0.6090448885518986>, 2  <0.2164447359842705>}
x[5,3]{0  <1.0>}
x[5,4]{2  <0.274005828536723>, 7  <0.7259941714632769>}
x[5,5]{4  <0.4989897338508512>, 7  <0.1481990124919911>, 2  <0.06127122006537811>, 6  <0.29154003359177955>}
x[5,6]{4  <0.7480244963406266>, 6  <0.13462592318827546>, 2  <0.11734958047109803>}
x[5,7]{5  <1.0>}
x[6,0]{3  <1.0>}
x[6,1]{4  <0.8496291044894896>, 1  <0.15037089551051042>}
x[6,2]{4  <0.021217663734768966>, 1  <0.9787823362652309>}
x[6,3]{6  <1.0>}
x[6,4]{0  <1.0>}
x[6,5]{5  <1.0>}
x[6,6]{7  <1.0>}
x[6,7]{2  <1.0>}
x[7,0]{5  <1.0>}
x[7,1]{2  <1.0>}
x[7,2]{6  <1.0>}
x[7,3]{7  <0.661735494130859>, 1  <0.33826450586914114>}
x[7,4]{7  <0.20134115404900055>, 1  <0.7986588459509993>}
x[7,5]{3  <1.0>}
x[7,6]{0  <1.0>}
x[7,7]{4  <1.0>}
problem entropy = 0.0
smallest variable entropy = 1.7976931348623157E308
### branching on x[0,5]=6
##### after BP iteration 1 #####
x[0,0]{2  <1.0>}
x[0,1]{7  <1.0>}
x[0,2]{5  <1.0>}
x[0,3]{3  <1.0>}
x[0,4]{4  <1.0>}
x[0,5]{6  <1.0>}
x[0,6]{1  <1.0>}
x[0,7]{0  <1.0>}
x[1,0]{0  <1.0>}
x[1,1]{6  <1.0>}
x[1,2]{4  <0.8613622484638808>, 7  <0.13863775153611918>}
x[1,3]{2  <1.0>}
x[1,4]{5  <1.0>}
x[1,5]{4  <0.30044313973711917>, 7  <0.6995568602628808>}
x[1,6]{3  <1.0>}
x[1,7]{1  <1.0>}
x[2,0]{6  <1.0>}
x[2,1]{5  <1.0>}
x[2,2]{0  <0.8783949945097613>, 7  <0.0162006202995555>, 2  <0.10540438519068313>}
x[2,3]{7  <0.13749406607921189>, 1  <0.8625059339207881>}
x[2,4]{7  <0.19582344406896077>, 1  <0.44382807878949276>, 2  <0.3603484771415464>}
x[2,5]{0  <0.7843995914308756>, 7  <0.013325334677515777>, 2  <0.2022750738916087>}
x[2,6]{4  <1.0>}
x[2,7]{3  <1.0>}
x[3,0]{7  <1.0>}
x[3,1]{1  <1.0>}
x[3,2]{0  <0.245398257613636>, 2  <0.754601742386364>}
x[3,3]{4  <1.0>}
x[3,4]{3  <1.0>}
x[3,5]{0  <0.44922259719971214>, 2  <0.5507774028002879>}
x[3,6]{5  <1.0>}
x[3,7]{6  <1.0>}
x[4,0]{4  <1.0>}
x[4,1]{0  <1.0>}
x[4,2]{3  <1.0>}
x[4,3]{5  <1.0>}
x[4,4]{6  <1.0>}
x[4,5]{1  <1.0>}
x[4,6]{2  <1.0>}
x[4,7]{7  <1.0>}
x[5,0]{1  <1.0>}
x[5,1]{3  <1.0>}
x[5,2]{4  <0.6160258689859905>, 7  <0.37058603178539495>, 2  <0.01338809922861452>}
x[5,3]{0  <1.0>}
x[5,4]{2  <0.47599102930223086>, 7  <0.5240089706977692>}
x[5,5]{4  <0.670180499150171>, 7  <0.31377023215576544>, 2  <0.016049268694063628>}
x[5,6]{6  <1.0>}
x[5,7]{5  <1.0>}
x[6,0]{3  <1.0>}
x[6,1]{4  <1.0>}
x[6,2]{1  <1.0>}
x[6,3]{6  <1.0>}
x[6,4]{0  <1.0>}
x[6,5]{5  <1.0>}
x[6,6]{7  <1.0>}
x[6,7]{2  <1.0>}
x[7,0]{5  <1.0>}
x[7,1]{2  <1.0>}
x[7,2]{6  <1.0>}
x[7,3]{7  <0.69404421038349>, 1  <0.30595578961651004>}
x[7,4]{7  <0.08421277401589226>, 1  <0.9157872259841078>}
x[7,5]{3  <1.0>}
x[7,6]{0  <1.0>}
x[7,7]{4  <1.0>}
problem entropy = 0.0
smallest variable entropy = 1.7976931348623157E308
### branching on x[1,2]=7
##### after BP iteration 1 #####
x[0,0]{2  <1.0>}
x[0,1]{7  <1.0>}
x[0,2]{5  <1.0>}
x[0,3]{3  <1.0>}
x[0,4]{4  <1.0>}
x[0,5]{6  <1.0>}
x[0,6]{1  <1.0>}
x[0,7]{0  <1.0>}
x[1,0]{0  <1.0>}
x[1,1]{6  <1.0>}
x[1,2]{7  <1.0>}
x[1,3]{2  <1.0>}
x[1,4]{5  <1.0>}
x[1,5]{4  <1.0>}
x[1,6]{3  <1.0>}
x[1,7]{1  <1.0>}
x[2,0]{6  <1.0>}
x[2,1]{5  <1.0>}
x[2,2]{0  <0.4143330949355715>, 2  <0.5856669050644285>}
x[2,3]{7  <0.17020514489154334>, 1  <0.8297948551084567>}
x[2,4]{7  <0.6343407440333055>, 1  <0.3242609172943308>, 2  <0.041398338672363644>}
x[2,5]{0  <0.05128152268772567>, 7  <0.6101733599452885>, 2  <0.3385451173669858>}
x[2,6]{4  <1.0>}
x[2,7]{3  <1.0>}
x[3,0]{7  <1.0>}
x[3,1]{1  <1.0>}
x[3,2]{0  <0.49271225236045474>, 2  <0.5072877476395453>}
x[3,3]{4  <1.0>}
x[3,4]{3  <1.0>}
x[3,5]{0  <0.6725083987528095>, 2  <0.32749160124719057>}
x[3,6]{5  <1.0>}
x[3,7]{6  <1.0>}
x[4,0]{4  <1.0>}
x[4,1]{0  <1.0>}
x[4,2]{3  <1.0>}
x[4,3]{5  <1.0>}
x[4,4]{6  <1.0>}
x[4,5]{1  <1.0>}
x[4,6]{2  <1.0>}
x[4,7]{7  <1.0>}
x[5,0]{1  <1.0>}
x[5,1]{3  <1.0>}
x[5,2]{4  <1.0>}
x[5,3]{0  <1.0>}
x[5,4]{2  <0.9898507853023752>, 7  <0.010149214697624767>}
x[5,5]{2  <0.2621996188542216>, 7  <0.7378003811457784>}
x[5,6]{6  <1.0>}
x[5,7]{5  <1.0>}
x[6,0]{3  <1.0>}
x[6,1]{4  <1.0>}
x[6,2]{1  <1.0>}
x[6,3]{6  <1.0>}
x[6,4]{0  <1.0>}
x[6,5]{5  <1.0>}
x[6,6]{7  <1.0>}
x[6,7]{2  <1.0>}
x[7,0]{5  <1.0>}
x[7,1]{2  <1.0>}
x[7,2]{6  <1.0>}
x[7,3]{7  <0.9721224733663647>, 1  <0.027877526633635172>}
x[7,4]{7  <0.7222237549249582>, 1  <0.27777624507504184>}
x[7,5]{3  <1.0>}
x[7,6]{0  <1.0>}
x[7,7]{4  <1.0>}
problem entropy = 0.0
smallest variable entropy = 1.7976931348623157E308
### branching on x[2,2]=2
##### after BP iteration 1 #####
x[0,0]{2  <1.0>}
x[0,1]{7  <1.0>}
x[0,2]{5  <1.0>}
x[0,3]{3  <1.0>}
x[0,4]{4  <1.0>}
x[0,5]{6  <1.0>}
x[0,6]{1  <1.0>}
x[0,7]{0  <1.0>}
x[1,0]{0  <1.0>}
x[1,1]{6  <1.0>}
x[1,2]{7  <1.0>}
x[1,3]{2  <1.0>}
x[1,4]{5  <1.0>}
x[1,5]{4  <1.0>}
x[1,6]{3  <1.0>}
x[1,7]{1  <1.0>}
x[2,0]{6  <1.0>}
x[2,1]{5  <1.0>}
x[2,2]{2  <1.0>}
x[2,3]{7  <0.08421277401589229>, 1  <0.9157872259841078>}
x[2,4]{7  <0.69404421038349>, 1  <0.30595578961651004>}
x[2,5]{0  <1.0>}
x[2,6]{4  <1.0>}
x[2,7]{3  <1.0>}
x[3,0]{7  <1.0>}
x[3,1]{1  <1.0>}
x[3,2]{0  <1.0>}
x[3,3]{4  <1.0>}
x[3,4]{3  <1.0>}
x[3,5]{2  <1.0>}
x[3,6]{5  <1.0>}
x[3,7]{6  <1.0>}
x[4,0]{4  <1.0>}
x[4,1]{0  <1.0>}
x[4,2]{3  <1.0>}
x[4,3]{5  <1.0>}
x[4,4]{6  <1.0>}
x[4,5]{1  <1.0>}
x[4,6]{2  <1.0>}
x[4,7]{7  <1.0>}
x[5,0]{1  <1.0>}
x[5,1]{3  <1.0>}
x[5,2]{4  <1.0>}
x[5,3]{0  <1.0>}
x[5,4]{2  <1.0>}
x[5,5]{7  <1.0>}
x[5,6]{6  <1.0>}
x[5,7]{5  <1.0>}
x[6,0]{3  <1.0>}
x[6,1]{4  <1.0>}
x[6,2]{1  <1.0>}
x[6,3]{6  <1.0>}
x[6,4]{0  <1.0>}
x[6,5]{5  <1.0>}
x[6,6]{7  <1.0>}
x[6,7]{2  <1.0>}
x[7,0]{5  <1.0>}
x[7,1]{2  <1.0>}
x[7,2]{6  <1.0>}
x[7,3]{7  <0.45253335347041784>, 1  <0.5474666465295822>}
x[7,4]{7  <0.13749406607921197>, 1  <0.862505933920788>}
x[7,5]{3  <1.0>}
x[7,6]{0  <1.0>}
x[7,7]{4  <1.0>}
problem entropy = 0.0
smallest variable entropy = 1.7976931348623157E308
### branching on x[2,3]=1
##### after BP iteration 1 #####
x[0,0]{2  <1.0>}
x[0,1]{7  <1.0>}
x[0,2]{5  <1.0>}
x[0,3]{3  <1.0>}
x[0,4]{4  <1.0>}
x[0,5]{6  <1.0>}
x[0,6]{1  <1.0>}
x[0,7]{0  <1.0>}
x[1,0]{0  <1.0>}
x[1,1]{6  <1.0>}
x[1,2]{7  <1.0>}
x[1,3]{2  <1.0>}
x[1,4]{5  <1.0>}
x[1,5]{4  <1.0>}
x[1,6]{3  <1.0>}
x[1,7]{1  <1.0>}
x[2,0]{6  <1.0>}
x[2,1]{5  <1.0>}
x[2,2]{2  <1.0>}
x[2,3]{1  <1.0>}
x[2,4]{7  <1.0>}
x[2,5]{0  <1.0>}
x[2,6]{4  <1.0>}
x[2,7]{3  <1.0>}
x[3,0]{7  <1.0>}
x[3,1]{1  <1.0>}
x[3,2]{0  <1.0>}
x[3,3]{4  <1.0>}
x[3,4]{3  <1.0>}
x[3,5]{2  <1.0>}
x[3,6]{5  <1.0>}
x[3,7]{6  <1.0>}
x[4,0]{4  <1.0>}
x[4,1]{0  <1.0>}
x[4,2]{3  <1.0>}
x[4,3]{5  <1.0>}
x[4,4]{6  <1.0>}
x[4,5]{1  <1.0>}
x[4,6]{2  <1.0>}
x[4,7]{7  <1.0>}
x[5,0]{1  <1.0>}
x[5,1]{3  <1.0>}
x[5,2]{4  <1.0>}
x[5,3]{0  <1.0>}
x[5,4]{2  <1.0>}
x[5,5]{7  <1.0>}
x[5,6]{6  <1.0>}
x[5,7]{5  <1.0>}
x[6,0]{3  <1.0>}
x[6,1]{4  <1.0>}
x[6,2]{1  <1.0>}
x[6,3]{6  <1.0>}
x[6,4]{0  <1.0>}
x[6,5]{5  <1.0>}
x[6,6]{7  <1.0>}
x[6,7]{2  <1.0>}
x[7,0]{5  <1.0>}
x[7,1]{2  <1.0>}
x[7,2]{6  <1.0>}
x[7,3]{7  <1.0>}
x[7,4]{1  <1.0>}
x[7,5]{3  <1.0>}
x[7,6]{0  <1.0>}
x[7,7]{4  <1.0>}
problem entropy = 0.0
smallest variable entropy = 1.7976931348623157E308
### branching on x[2,3]!=1
##### after BP iteration 1 #####
x[0,0]{2  <1.0>}
x[0,1]{7  <1.0>}
x[0,2]{5  <1.0>}
x[0,3]{3  <1.0>}
x[0,4]{4  <1.0>}
x[0,5]{6  <1.0>}
x[0,6]{1  <1.0>}
x[0,7]{0  <1.0>}
x[1,0]{0  <1.0>}
x[1,1]{6  <1.0>}
x[1,2]{7  <1.0>}
x[1,3]{2  <1.0>}
x[1,4]{5  <1.0>}
x[1,5]{4  <1.0>}
x[1,6]{3  <1.0>}
x[1,7]{1  <1.0>}
x[2,0]{6  <1.0>}
x[2,1]{5  <1.0>}
x[2,2]{2  <1.0>}
x[2,3]{7  <1.0>}
x[2,4]{1  <1.0>}
x[2,5]{0  <1.0>}
x[2,6]{4  <1.0>}
x[2,7]{3  <1.0>}
x[3,0]{7  <1.0>}
x[3,1]{1  <1.0>}
x[3,2]{0  <1.0>}
x[3,3]{4  <1.0>}
x[3,4]{3  <1.0>}
x[3,5]{2  <1.0>}
x[3,6]{5  <1.0>}
x[3,7]{6  <1.0>}
x[4,0]{4  <1.0>}
x[4,1]{0  <1.0>}
x[4,2]{3  <1.0>}
x[4,3]{5  <1.0>}
x[4,4]{6  <1.0>}
x[4,5]{1  <1.0>}
x[4,6]{2  <1.0>}
x[4,7]{7  <1.0>}
x[5,0]{1  <1.0>}
x[5,1]{3  <1.0>}
x[5,2]{4  <1.0>}
x[5,3]{0  <1.0>}
x[5,4]{2  <1.0>}
x[5,5]{7  <1.0>}
x[5,6]{6  <1.0>}
x[5,7]{5  <1.0>}
x[6,0]{3  <1.0>}
x[6,1]{4  <1.0>}
x[6,2]{1  <1.0>}
x[6,3]{6  <1.0>}
x[6,4]{0  <1.0>}
x[6,5]{5  <1.0>}
x[6,6]{7  <1.0>}
x[6,7]{2  <1.0>}
x[7,0]{5  <1.0>}
x[7,1]{2  <1.0>}
x[7,2]{6  <1.0>}
x[7,3]{1  <1.0>}
x[7,4]{7  <1.0>}
x[7,5]{3  <1.0>}
x[7,6]{0  <1.0>}
x[7,7]{4  <1.0>}
problem entropy = 0.0
smallest variable entropy = 1.7976931348623157E308

	#choice: 9
	#fail: 0
	execution time (ms): 84
	#sols : 1
	completed : false

