{7  <8.0>, 1  <2.0>, 4  <5.0>, 5  <6.0>}
model: sum-product-init
FINAL DAMPING FACTOR = 1.0
##### after BP iteration 1 #####
x[0,0]{7  <6.024753419841034E-4>, 1  <0.004640781147700099>, 4  <0.16859734740779>, 5  <0.8261593961025258>}
x[0,1]{2  <0.9979790006916438>, 5  <0.002020999308356192>}
x[0,2]{4  <0.0015227083641658683>, 1  <0.9984772916358341>}
x[0,3]{0  <0.004869091934166673>, 5  <0.08211032634000097>, 2  <0.03423052569925409>, 4  <0.8787900560265782>}
x[0,4]{6  <1.0>}
x[0,5]{0  <0.9999254461560074>, 5  <3.207780427853839E-6>, 2  <3.2536485165455304E-5>, 7  <2.1209028777526668E-8>, 4  <3.8788369370401055E-5>}
x[0,6]{7  <2.2960578394960382E-5>, 1  <5.229014720587198E-4>, 2  <0.020338045708329304>, 3  <0.9413443607891039>, 5  <0.03777173145211322>}
x[0,7]{7  <0.6028108404245315>, 3  <0.39718915957546863>}
x[1,0]{0  <1.0>}
x[1,1]{5  <0.9385751662765975>, 2  <0.06142483372340245>}
x[1,2]{3  <1.0>}
x[1,3]{5  <0.1774264006096431>, 2  <0.8225735993903569>}
x[1,4]{7  <1.0>}
x[1,5]{1  <1.0>}
x[1,6]{6  <1.0>}
x[1,7]{4  <1.0>}
x[2,0]{3  <1.0>}
x[2,1]{7  <1.0>}
x[2,2]{5  <1.0>}
x[2,3]{4  <0.22358004611317672>, 6  <0.7764199538868233>}
x[2,4]{1  <1.0>}
x[2,5]{4  <0.9967093904375379>, 6  <0.0032906095624620777>}
x[2,6]{0  <1.0>}
x[2,7]{2  <1.0>}
x[3,0]{5  <0.03249743698007773>, 7  <0.011138236657676985>, 6  <0.9563643263622452>}
x[3,1]{1  <1.0>}
x[3,2]{0  <0.9995438911485847>, 7  <3.6910941141416934E-4>, 6  <8.699944000112249E-5>}
x[3,3]{0  <0.00617883052604666>, 5  <0.6172442656023144>, 2  <0.35785980414106217>, 6  <0.018717099730576826>}
x[3,4]{4  <1.0>}
x[3,5]{0  <3.5278123301955947E-4>, 7  <0.006599885153574431>, 2  <0.9889261220467161>, 5  <1.6938804694643965E-4>, 6  <0.003951823519743449>}
x[3,6]{5  <0.002043559205901211>, 7  <7.043216051080568E-5>, 2  <0.06745388524293584>, 3  <0.9304321233906522>}
x[3,7]{3  <0.06355671357316026>, 7  <0.9364432864268397>}
x[4,0]{5  <0.2346335613025703>, 1  <0.02794851226285818>, 4  <0.7374179264345716>}
x[4,1]{0  <1.0>}
x[4,2]{2  <1.0>}
x[4,3]{7  <1.0>}
x[4,4]{3  <1.0>}
x[4,5]{5  <0.9896264097428545>, 4  <0.010373590257145467>}
x[4,6]{5  <0.022395139615605998>, 1  <0.977604860384394>}
x[4,7]{6  <1.0>}
x[5,0]{2  <1.0>}
x[5,1]{3  <1.0>}
x[5,2]{7  <0.02372569565866552>, 6  <0.9762743043413344>}
x[5,3]{1  <1.0>}
x[5,4]{5  <1.0>}
x[5,5]{7  <0.23613595960150122>, 6  <0.7638640403984986>}
x[5,6]{4  <1.0>}
x[5,7]{0  <1.0>}
x[6,0]{4  <0.038556732145423156>, 1  <0.9610029163815161>, 7  <4.403514730607534E-4>}
x[6,1]{6  <1.0>}
x[6,2]{4  <0.9945480285553993>, 1  <0.005451971444600717>}
x[6,3]{0  <0.9959060124557423>, 4  <1.3125058544052575E-5>, 2  <0.004080862485713676>}
x[6,4]{0  <8.556841477862768E-4>, 2  <0.9991443158522137>}
x[6,5]{3  <1.0>}
x[6,6]{7  <0.9987435029547143>, 1  <8.460375147290313E-4>, 2  <4.104595305566178E-4>}
x[6,7]{5  <1.0>}
x[7,0]{7  <0.26754817417153326>, 5  <0.31460037311509664>, 6  <0.4178514527133701>}
x[7,1]{4  <1.0>}
x[7,2]{0  <4.424516639243229E-4>, 7  <0.967319606727078>, 6  <0.0322379416089978>}
x[7,3]{3  <1.0>}
x[7,4]{0  <0.9953352398586748>, 2  <0.004664760141325267>}
x[7,5]{0  <0.005126034694551957>, 5  <0.028844428800143984>, 2  <0.213783215323261>, 6  <0.638623040504156>, 7  <0.11362328067788713>}
x[7,6]{7  <6.144002673547539E-5>, 5  <0.505208831891518>, 2  <0.49472972808174653>}
x[7,7]{1  <1.0>}
problem entropy = 0.29461813407410886
smallest variable entropy = 8.456969375569049E-4
### branching on x[0,5]=0; marginal=0.9999254461560074; regret=0.999886657786637; nb of ties=9
##### after BP iteration 1 #####
x[0,0]{7  <0.9797068559351992>, 1  <1.0532496152111725E-4>, 4  <0.006030879240105248>, 5  <0.014156939863174347>}
x[0,1]{2  <0.8541567507453691>, 5  <0.14584324925463085>}
x[0,2]{4  <0.001900930747813964>, 1  <0.9980990692521859>}
x[0,3]{4  <0.9860519747953729>, 5  <0.0124830025689608>, 2  <0.0014650226356664657>}
x[0,4]{6  <1.0>}
x[0,5]{0  <1.0>}
x[0,6]{7  <3.8742621225974777E-4>, 1  <0.0021405543437827716>, 2  <0.23872509886920948>, 3  <0.0030863819084199643>, 5  <0.7556605386663281>}
x[0,7]{7  <0.017216169585395007>, 3  <0.982783830414605>}
x[1,0]{0  <1.0>}
x[1,1]{5  <0.9981425141213913>, 2  <0.0018574858786087555>}
x[1,2]{3  <1.0>}
x[1,3]{5  <0.11232517207223566>, 2  <0.8876748279277643>}
x[1,4]{7  <1.0>}
x[1,5]{1  <1.0>}
x[1,6]{6  <1.0>}
x[1,7]{4  <1.0>}
x[2,0]{3  <1.0>}
x[2,1]{7  <1.0>}
x[2,2]{5  <1.0>}
x[2,3]{4  <0.02782689310478516>, 6  <0.9721731068952147>}
x[2,4]{1  <1.0>}
x[2,5]{4  <0.9930914298801921>, 6  <0.006908570119808035>}
x[2,6]{0  <1.0>}
x[2,7]{2  <1.0>}
x[3,0]{5  <2.754342822697985E-4>, 7  <0.24587672299207503>, 6  <0.7538478427256552>}
x[3,1]{1  <1.0>}
x[3,2]{0  <0.9999295178571145>, 7  <5.698178416328141E-5>, 6  <1.350035872222286E-5>}
x[3,3]{0  <1.4029377072561098E-4>, 5  <0.3610051292727907>, 2  <0.029126778976106972>, 6  <0.6097277979803767>}
x[3,4]{4  <1.0>}
x[3,5]{6  <0.09410979160767852>, 7  <0.4807817956635948>, 2  <0.4247925417398683>, 5  <3.1587098885844434E-4>}
x[3,6]{5  <0.18551345508223593>, 7  <0.0022544860132572946>, 2  <0.7064436522765563>, 3  <0.10578840662795044>}
x[3,7]{3  <0.8659451403580243>, 7  <0.13405485964197572>}
x[4,0]{5  <0.03946045768825805>, 1  <0.0066870452793078355>, 4  <0.9538524970324342>}
x[4,1]{0  <1.0>}
x[4,2]{2  <1.0>}
x[4,3]{7  <1.0>}
x[4,4]{3  <1.0>}
x[4,5]{5  <0.9972305739682074>, 4  <0.0027694260317925887>}
x[4,6]{5  <2.0973052525287373E-4>, 1  <0.9997902694747471>}
x[4,7]{6  <1.0>}
x[5,0]{2  <1.0>}
x[5,1]{3  <1.0>}
x[5,2]{7  <0.02411041391119585>, 6  <0.9758895860888042>}
x[5,3]{1  <1.0>}
x[5,4]{5  <1.0>}
x[5,5]{7  <0.910394227766874>, 6  <0.08960577223312609>}
x[5,6]{4  <1.0>}
x[5,7]{0  <1.0>}
x[6,0]{4  <0.008332595234548684>, 1  <0.9903335479179692>, 7  <0.0013338568474821223>}
x[6,1]{6  <1.0>}
x[6,2]{4  <0.9985927674639681>, 1  <0.0014072325360318663>}
x[6,3]{0  <0.9985732928715357>, 4  <2.236458118488185E-6>, 2  <0.0014244706703457895>}
x[6,4]{0  <0.0020608060431890314>, 2  <0.997939193956811>}
x[6,5]{3  <1.0>}
x[6,6]{7  <0.9985538828512494>, 1  <0.0014341772730290532>, 2  <1.1939875721523765E-5>}
x[6,7]{5  <1.0>}
x[7,0]{7  <0.9416421709489425>, 5  <0.009802897751073146>, 6  <0.04855493129998428>}
x[7,1]{4  <1.0>}
x[7,2]{0  <2.538148386320123E-4>, 7  <0.9522796089561526>, 6  <0.04746657620521539>}
x[7,3]{3  <1.0>}
x[7,4]{0  <0.9998810557955978>, 2  <1.189442044022583E-4>}
x[7,5]{7  <0.7785720868221164>, 5  <3.692609728433067E-4>, 2  <0.017322489045250893>, 6  <0.2037361631597894>}
x[7,6]{7  <3.660755985645113E-4>, 5  <0.38265176974743464>, 2  <0.6169821546540009>}
x[7,7]{1  <1.0>}
problem entropy = 0.23540120208433
smallest variable entropy = 7.787267832413481E-4
### branching on x[4,6]=1; marginal=0.9997902694747471; regret=0.9995805389494943; nb of ties=10
### branching on x[6,6]=7; marginal=0.999988042975786; regret=0.9999760859515722; nb of ties=9
##### after BP iteration 1 #####
x[0,0]{7  <0.9982500203704029>, 1  <3.1858578353700634E-7>, 4  <1.45290958583566E-4>, 5  <0.001604370085229862>}
x[0,1]{2  <0.7907598269253471>, 5  <0.20924017307465284>}
x[0,2]{4  <0.0011173697190493253>, 1  <0.9988826302809506>}
x[0,3]{4  <0.993440162436083>, 5  <0.0063519854575733205>, 2  <2.0785210634367504E-4>}
x[0,4]{6  <1.0>}
x[0,5]{0  <1.0>}
x[0,6]{3  <0.03097447279155485>, 5  <0.9562000821291774>, 2  <0.012825445079267748>}
x[0,7]{7  <0.11439725794199838>, 3  <0.8856027420580017>}
x[1,0]{0  <1.0>}
x[1,1]{5  <0.7518010503002679>, 2  <0.248198949699732>}
x[1,2]{3  <1.0>}
x[1,3]{5  <6.972937306806508E-4>, 2  <0.9993027062693194>}
x[1,4]{7  <1.0>}
x[1,5]{1  <1.0>}
x[1,6]{6  <1.0>}
x[1,7]{4  <1.0>}
x[2,0]{3  <1.0>}
x[2,1]{7  <1.0>}
x[2,2]{5  <1.0>}
x[2,3]{4  <7.359755101149291E-4>, 6  <0.9992640244898852>}
x[2,4]{1  <1.0>}
x[2,5]{4  <0.9799163942362334>, 6  <0.020083605763766624>}
x[2,6]{0  <1.0>}
x[2,7]{2  <1.0>}
x[3,0]{5  <0.15574572980914952>, 7  <3.8021248114454055E-4>, 6  <0.843874057709706>}
x[3,1]{1  <1.0>}
x[3,2]{0  <0.9999619818603114>, 7  <1.4732035559379128E-5>, 6  <2.3286104129326107E-5>}
x[3,3]{0  <3.2293862343405197E-6>, 5  <0.9482128086738918>, 2  <0.05125609793767903>, 6  <5.278640021948751E-4>}
x[3,4]{4  <1.0>}
x[3,5]{6  <0.20010199953055155>, 7  <0.01591266334358312>, 2  <0.7779216897329723>, 5  <0.006063647392893162>}
x[3,6]{5  <0.808852589490368>, 3  <0.15221514156066512>, 2  <0.03893226894896685>}
x[3,7]{3  <0.9875712623888449>, 7  <0.012428737611155139>}
x[4,0]{5  <2.1975724509130775E-6>, 4  <0.9999978024275491>}
x[4,1]{0  <1.0>}
x[4,2]{2  <1.0>}
x[4,3]{7  <1.0>}
x[4,4]{3  <1.0>}
x[4,5]{5  <0.9771632492159503>, 4  <0.02283675078404969>}
x[4,6]{1  <1.0>}
x[4,7]{6  <1.0>}
x[5,0]{2  <1.0>}
x[5,1]{3  <1.0>}
x[5,2]{7  <0.16801309726975155>, 6  <0.8319869027302484>}
x[5,3]{1  <1.0>}
x[5,4]{5  <1.0>}
x[5,5]{7  <0.9709453487565891>, 6  <0.029054651243410917>}
x[5,6]{4  <1.0>}
x[5,7]{0  <1.0>}
x[6,0]{4  <7.0989404328403454E-9>, 1  <0.9999999929010596>}
x[6,1]{6  <1.0>}
x[6,2]{4  <0.9970852860769995>, 1  <0.0029147139230004263>}
x[6,3]{0  <0.9999448324695592>, 2  <5.516753044076399E-5>}
x[6,4]{0  <1.98105804928365E-4>, 2  <0.9998018941950716>}
x[6,5]{3  <1.0>}
x[6,6]{7  <1.0>}
x[6,7]{5  <1.0>}
x[7,0]{7  <9.242821156980099E-4>, 5  <0.8075648822995541>, 6  <0.1915108355847477>}
x[7,1]{4  <1.0>}
x[7,2]{0  <0.001238747044884849>, 7  <0.06599144907714143>, 6  <0.9327698038779737>}
x[7,3]{3  <1.0>}
x[7,4]{0  <0.9871378361932305>, 2  <0.012862163806769446>}
x[7,5]{7  <6.379934739150203E-5>, 5  <0.004467824929622448>, 2  <0.9904824429193053>, 6  <0.004985932803680668>}
x[7,6]{2  <0.19813322279218448>, 5  <0.8018667772078155>}
x[7,7]{1  <1.0>}
problem entropy = 0.22963740291130216
smallest variable entropy = 1.4029863353411176E-7
### branching on x[1,3]=2; marginal=0.9993027062693194; regret=0.9986054125386388; nb of ties=10
##### after BP iteration 1 #####
x[0,0]{7  <0.9984113576190162>, 1  <1.2898070425006505E-9>, 4  <2.288164804121745E-6>, 5  <0.001586352926372598>}
x[0,1]{2  <1.0>}
x[0,2]{4  <1.4039671071190611E-8>, 1  <0.9999999859603289>}
x[0,3]{4  <0.9999988696050618>, 5  <1.1303949382003676E-6>}
x[0,4]{6  <1.0>}
x[0,5]{0  <1.0>}
x[0,6]{3  <0.9795430410156317>, 5  <0.020456958984368303>}
x[0,7]{7  <0.6817606028996648>, 3  <0.3182393971003352>}
x[1,0]{0  <1.0>}
x[1,1]{5  <1.0>}
x[1,2]{3  <1.0>}
x[1,3]{2  <1.0>}
x[1,4]{7  <1.0>}
x[1,5]{1  <1.0>}
x[1,6]{6  <1.0>}
x[1,7]{4  <1.0>}
x[2,0]{3  <1.0>}
x[2,1]{7  <1.0>}
x[2,2]{5  <1.0>}
x[2,3]{4  <0.0020652879746374934>, 6  <0.9979347120253624>}
x[2,4]{1  <1.0>}
x[2,5]{4  <0.9905972879432684>, 6  <0.009402712056731568>}
x[2,6]{0  <1.0>}
x[2,7]{2  <1.0>}
x[3,0]{5  <0.00234676576090207>, 7  <1.3462927919424092E-6>, 6  <0.9976518879463061>}
x[3,1]{1  <1.0>}
x[3,2]{0  <1.0>}
x[3,3]{6  <5.068714281383129E-4>, 5  <0.9994931285718618>}
x[3,4]{4  <1.0>}
x[3,5]{6  <8.517409867092224E-6>, 7  <3.9712446171323964E-4>, 2  <0.9995943565514595>, 5  <1.5769601545278247E-9>}
x[3,6]{5  <9.599785145303622E-8>, 3  <0.9041237032408604>, 2  <0.09587620076128811>}
x[3,7]{3  <6.532834612327748E-5>, 7  <0.9999346716538767>}
x[4,0]{5  <2.386319745042389E-4>, 4  <0.9997613680254958>}
x[4,1]{0  <1.0>}
x[4,2]{2  <1.0>}
x[4,3]{7  <1.0>}
x[4,4]{3  <1.0>}
x[4,5]{5  <0.9999377871273337>, 4  <6.22128726662498E-5>}
x[4,6]{1  <1.0>}
x[4,7]{6  <1.0>}
x[5,0]{2  <1.0>}
x[5,1]{3  <1.0>}
x[5,2]{7  <0.9448123562384466>, 6  <0.055187643761553336>}
x[5,3]{1  <1.0>}
x[5,4]{5  <1.0>}
x[5,5]{7  <0.8825589797359903>, 6  <0.1174410202640097>}
x[5,6]{4  <1.0>}
x[5,7]{0  <1.0>}
x[6,0]{4  <6.05938540048041E-8>, 1  <0.9999999394061461>}
x[6,1]{6  <1.0>}
x[6,2]{4  <0.9999999943649404>, 1  <5.635059651360495E-9>}
x[6,3]{0  <1.0>}
x[6,4]{2  <1.0>}
x[6,5]{3  <1.0>}
x[6,6]{7  <1.0>}
x[6,7]{5  <1.0>}
x[7,0]{7  <8.021873819490692E-4>, 5  <0.8585543019114175>, 6  <0.14064351070663356>}
x[7,1]{4  <1.0>}
x[7,2]{6  <0.07838566975416326>, 7  <0.9216143302458367>}
x[7,3]{3  <1.0>}
x[7,4]{0  <1.0>}
x[7,5]{7  <0.02008325595598427>, 5  <0.017783657746504256>, 2  <0.03311945215875374>, 6  <0.9290136341387577>}
x[7,6]{2  <0.9596226030469964>, 5  <0.04037739695300354>}
x[7,7]{1  <1.0>}
problem entropy = 0.16159042275315835
smallest variable entropy = 1.1266883707262203E-7
### branching on x[3,0]=6; marginal=0.9976518879463061; regret=0.995305122185404; nb of ties=12
##### after BP iteration 1 #####
x[0,0]{7  <9.439059304862593E-6>, 5  <0.999990560940695>}
x[0,1]{2  <1.0>}
x[0,2]{1  <1.0>}
x[0,3]{4  <1.0>}
x[0,4]{6  <1.0>}
x[0,5]{0  <1.0>}
x[0,6]{3  <0.058564196124717235>, 5  <0.9414358038752828>}
x[0,7]{7  <0.06547158392104842>, 3  <0.9345284160789517>}
x[1,0]{0  <1.0>}
x[1,1]{5  <1.0>}
x[1,2]{3  <1.0>}
x[1,3]{2  <1.0>}
x[1,4]{7  <1.0>}
x[1,5]{1  <1.0>}
x[1,6]{6  <1.0>}
x[1,7]{4  <1.0>}
x[2,0]{3  <1.0>}
x[2,1]{7  <1.0>}
x[2,2]{5  <1.0>}
x[2,3]{6  <1.0>}
x[2,4]{1  <1.0>}
x[2,5]{4  <1.0>}
x[2,6]{0  <1.0>}
x[2,7]{2  <1.0>}
x[3,0]{6  <1.0>}
x[3,1]{1  <1.0>}
x[3,2]{0  <1.0>}
x[3,3]{5  <1.0>}
x[3,4]{4  <1.0>}
x[3,5]{2  <0.8896958277420485>, 7  <0.11030417225795143>}
x[3,6]{2  <0.0013465169984817854>, 3  <0.9986534830015181>}
x[3,7]{3  <0.09931961314419371>, 7  <0.9006803868558062>}
x[4,0]{4  <1.0>}
x[4,1]{0  <1.0>}
x[4,2]{2  <1.0>}
x[4,3]{7  <1.0>}
x[4,4]{3  <1.0>}
x[4,5]{5  <1.0>}
x[4,6]{1  <1.0>}
x[4,7]{6  <1.0>}
x[5,0]{2  <1.0>}
x[5,1]{3  <1.0>}
x[5,2]{7  <0.053070656288271935>, 6  <0.946929343711728>}
x[5,3]{1  <1.0>}
x[5,4]{5  <1.0>}
x[5,5]{7  <0.07480559616533396>, 6  <0.925194403834666>}
x[5,6]{4  <1.0>}
x[5,7]{0  <1.0>}
x[6,0]{1  <1.0>}
x[6,1]{6  <1.0>}
x[6,2]{4  <1.0>}
x[6,3]{0  <1.0>}
x[6,4]{2  <1.0>}
x[6,5]{3  <1.0>}
x[6,6]{7  <1.0>}
x[6,7]{5  <1.0>}
x[7,0]{7  <0.00171310536181741>, 5  <0.9982868946381827>}
x[7,1]{4  <1.0>}
x[7,2]{6  <0.03415385005106839>, 7  <0.9658461499489316>}
x[7,3]{3  <1.0>}
x[7,4]{0  <1.0>}
x[7,5]{7  <0.1501651300099445>, 6  <0.8498345729013198>, 2  <2.9708873567498106E-7>}
x[7,6]{2  <0.9999993256815256>, 5  <6.743184743258258E-7>}
x[7,7]{1  <1.0>}
problem entropy = 0.24617588476772068
smallest variable entropy = 1.0256089308378113E-5
### branching on x[0,0]=5; marginal=0.999990560940695; regret=0.9999811218813902; nb of ties=4
##### after BP iteration 1 #####
x[0,0]{5  <1.0>}
x[0,1]{2  <1.0>}
x[0,2]{1  <1.0>}
x[0,3]{4  <1.0>}
x[0,4]{6  <1.0>}
x[0,5]{0  <1.0>}
x[0,6]{3  <1.0>}
x[0,7]{7  <1.0>}
x[1,0]{0  <1.0>}
x[1,1]{5  <1.0>}
x[1,2]{3  <1.0>}
x[1,3]{2  <1.0>}
x[1,4]{7  <1.0>}
x[1,5]{1  <1.0>}
x[1,6]{6  <1.0>}
x[1,7]{4  <1.0>}
x[2,0]{3  <1.0>}
x[2,1]{7  <1.0>}
x[2,2]{5  <1.0>}
x[2,3]{6  <1.0>}
x[2,4]{1  <1.0>}
x[2,5]{4  <1.0>}
x[2,6]{0  <1.0>}
x[2,7]{2  <1.0>}
x[3,0]{6  <1.0>}
x[3,1]{1  <1.0>}
x[3,2]{0  <1.0>}
x[3,3]{5  <1.0>}
x[3,4]{4  <1.0>}
x[3,5]{7  <1.0>}
x[3,6]{2  <1.0>}
x[3,7]{3  <1.0>}
x[4,0]{4  <1.0>}
x[4,1]{0  <1.0>}
x[4,2]{2  <1.0>}
x[4,3]{7  <1.0>}
x[4,4]{3  <1.0>}
x[4,5]{5  <1.0>}
x[4,6]{1  <1.0>}
x[4,7]{6  <1.0>}
x[5,0]{2  <1.0>}
x[5,1]{3  <1.0>}
x[5,2]{7  <1.0>}
x[5,3]{1  <1.0>}
x[5,4]{5  <1.0>}
x[5,5]{6  <1.0>}
x[5,6]{4  <1.0>}
x[5,7]{0  <1.0>}
x[6,0]{1  <1.0>}
x[6,1]{6  <1.0>}
x[6,2]{4  <1.0>}
x[6,3]{0  <1.0>}
x[6,4]{2  <1.0>}
x[6,5]{3  <1.0>}
x[6,6]{7  <1.0>}
x[6,7]{5  <1.0>}
x[7,0]{7  <1.0>}
x[7,1]{4  <1.0>}
x[7,2]{6  <1.0>}
x[7,3]{3  <1.0>}
x[7,4]{0  <1.0>}
x[7,5]{2  <1.0>}
x[7,6]{5  <1.0>}
x[7,7]{1  <1.0>}
problem entropy = 0.0
smallest variable entropy = 1.7976931348623157E308
### branching on x[0,0]!=5
##### after BP iteration 1 #####
x[0,0]{7  <1.0>}
x[0,1]{2  <1.0>}
x[0,2]{1  <1.0>}
x[0,3]{4  <1.0>}
x[0,4]{6  <1.0>}
x[0,5]{0  <1.0>}
x[0,6]{5  <1.0>}
x[0,7]{3  <1.0>}
x[1,0]{0  <1.0>}
x[1,1]{5  <1.0>}
x[1,2]{3  <1.0>}
x[1,3]{2  <1.0>}
x[1,4]{7  <1.0>}
x[1,5]{1  <1.0>}
x[1,6]{6  <1.0>}
x[1,7]{4  <1.0>}
x[2,0]{3  <1.0>}
x[2,1]{7  <1.0>}
x[2,2]{5  <1.0>}
x[2,3]{6  <1.0>}
x[2,4]{1  <1.0>}
x[2,5]{4  <1.0>}
x[2,6]{0  <1.0>}
x[2,7]{2  <1.0>}
x[3,0]{6  <1.0>}
x[3,1]{1  <1.0>}
x[3,2]{0  <1.0>}
x[3,3]{5  <1.0>}
x[3,4]{4  <1.0>}
x[3,5]{2  <1.0>}
x[3,6]{3  <1.0>}
x[3,7]{7  <1.0>}
x[4,0]{4  <1.0>}
x[4,1]{0  <1.0>}
x[4,2]{2  <1.0>}
x[4,3]{7  <1.0>}
x[4,4]{3  <1.0>}
x[4,5]{5  <1.0>}
x[4,6]{1  <1.0>}
x[4,7]{6  <1.0>}
x[5,0]{2  <1.0>}
x[5,1]{3  <1.0>}
x[5,2]{7  <0.024909881775000007>, 6  <0.9750901182249999>}
x[5,3]{1  <1.0>}
x[5,4]{5  <1.0>}
x[5,5]{6  <0.06926614518257096>, 7  <0.930733854817429>}
x[5,6]{4  <1.0>}
x[5,7]{0  <1.0>}
x[6,0]{1  <1.0>}
x[6,1]{6  <1.0>}
x[6,2]{4  <1.0>}
x[6,3]{0  <1.0>}
x[6,4]{2  <1.0>}
x[6,5]{3  <1.0>}
x[6,6]{7  <1.0>}
x[6,7]{5  <1.0>}
x[7,0]{5  <1.0>}
x[7,1]{4  <1.0>}
x[7,2]{6  <0.10429191128939727>, 7  <0.8957080887106028>}
x[7,3]{3  <1.0>}
x[7,4]{0  <1.0>}
x[7,5]{6  <0.06257822929526441>, 7  <0.9374217707047355>}
x[7,6]{2  <1.0>}
x[7,7]{1  <1.0>}
problem entropy = 0.33785347365630325
smallest variable entropy = 0.11657652867875659
##### after BP iteration 2 #####
x[0,0]{7  <1.0>}
x[0,1]{2  <1.0>}
x[0,2]{1  <1.0>}
x[0,3]{4  <1.0>}
x[0,4]{6  <1.0>}
x[0,5]{0  <1.0>}
x[0,6]{5  <1.0>}
x[0,7]{3  <1.0>}
x[1,0]{0  <1.0>}
x[1,1]{5  <1.0>}
x[1,2]{3  <1.0>}
x[1,3]{2  <1.0>}
x[1,4]{7  <1.0>}
x[1,5]{1  <1.0>}
x[1,6]{6  <1.0>}
x[1,7]{4  <1.0>}
x[2,0]{3  <1.0>}
x[2,1]{7  <1.0>}
x[2,2]{5  <1.0>}
x[2,3]{6  <1.0>}
x[2,4]{1  <1.0>}
x[2,5]{4  <1.0>}
x[2,6]{0  <1.0>}
x[2,7]{2  <1.0>}
x[3,0]{6  <1.0>}
x[3,1]{1  <1.0>}
x[3,2]{0  <1.0>}
x[3,3]{5  <1.0>}
x[3,4]{4  <1.0>}
x[3,5]{2  <1.0>}
x[3,6]{3  <1.0>}
x[3,7]{7  <1.0>}
x[4,0]{4  <1.0>}
x[4,1]{0  <1.0>}
x[4,2]{2  <1.0>}
x[4,3]{7  <1.0>}
x[4,4]{3  <1.0>}
x[4,5]{5  <1.0>}
x[4,6]{1  <1.0>}
x[4,7]{6  <1.0>}
x[5,0]{2  <1.0>}
x[5,1]{3  <1.0>}
x[5,2]{7  <0.13390806886254591>, 6  <0.8660919311374542>}
x[5,3]{1  <1.0>}
x[5,4]{5  <1.0>}
x[5,5]{6  <0.030012750165782615>, 7  <0.9699872498342174>}
x[5,6]{4  <1.0>}
x[5,7]{0  <1.0>}
x[6,0]{1  <1.0>}
x[6,1]{6  <1.0>}
x[6,2]{4  <1.0>}
x[6,3]{0  <1.0>}
x[6,4]{2  <1.0>}
x[6,5]{3  <1.0>}
x[6,6]{7  <1.0>}
x[6,7]{5  <1.0>}
x[7,0]{5  <1.0>}
x[7,1]{4  <1.0>}
x[7,2]{6  <0.9154118426028498>, 7  <0.08458815739715012>}
x[7,3]{3  <1.0>}
x[7,4]{0  <1.0>}
x[7,5]{6  <0.9532530644289846>, 7  <0.04674693557101538>}
x[7,6]{2  <1.0>}
x[7,7]{1  <1.0>}
problem entropy = 0.3632680903518378
smallest variable entropy = 0.13478648622147954
##### after BP iteration 3 #####
x[0,0]{7  <1.0>}
x[0,1]{2  <1.0>}
x[0,2]{1  <1.0>}
x[0,3]{4  <1.0>}
x[0,4]{6  <1.0>}
x[0,5]{0  <1.0>}
x[0,6]{5  <1.0>}
x[0,7]{3  <1.0>}
x[1,0]{0  <1.0>}
x[1,1]{5  <1.0>}
x[1,2]{3  <1.0>}
x[1,3]{2  <1.0>}
x[1,4]{7  <1.0>}
x[1,5]{1  <1.0>}
x[1,6]{6  <1.0>}
x[1,7]{4  <1.0>}
x[2,0]{3  <1.0>}
x[2,1]{7  <1.0>}
x[2,2]{5  <1.0>}
x[2,3]{6  <1.0>}
x[2,4]{1  <1.0>}
x[2,5]{4  <1.0>}
x[2,6]{0  <1.0>}
x[2,7]{2  <1.0>}
x[3,0]{6  <1.0>}
x[3,1]{1  <1.0>}
x[3,2]{0  <1.0>}
x[3,3]{5  <1.0>}
x[3,4]{4  <1.0>}
x[3,5]{2  <1.0>}
x[3,6]{3  <1.0>}
x[3,7]{7  <1.0>}
x[4,0]{4  <1.0>}
x[4,1]{0  <1.0>}
x[4,2]{2  <1.0>}
x[4,3]{7  <1.0>}
x[4,4]{3  <1.0>}
x[4,5]{5  <1.0>}
x[4,6]{1  <1.0>}
x[4,7]{6  <1.0>}
x[5,0]{2  <1.0>}
x[5,1]{3  <1.0>}
x[5,2]{7  <0.9291157112730388>, 6  <0.07088428872696112>}
x[5,3]{1  <1.0>}
x[5,4]{5  <1.0>}
x[5,5]{6  <0.09246078639477662>, 7  <0.9075392136052234>}
x[5,6]{4  <1.0>}
x[5,7]{0  <1.0>}
x[6,0]{1  <1.0>}
x[6,1]{6  <1.0>}
x[6,2]{4  <1.0>}
x[6,3]{0  <1.0>}
x[6,4]{2  <1.0>}
x[6,5]{3  <1.0>}
x[6,6]{7  <1.0>}
x[6,7]{5  <1.0>}
x[7,0]{5  <1.0>}
x[7,1]{4  <1.0>}
x[7,2]{6  <0.06113721947477441>, 7  <0.9388627805252255>}
x[7,3]{3  <1.0>}
x[7,4]{0  <1.0>}
x[7,5]{6  <0.9781357740363931>, 7  <0.021864225963606918>}
x[7,6]{2  <1.0>}
x[7,7]{1  <1.0>}
problem entropy = 0.3243929923485791
smallest variable entropy = 0.10520826832753917
##### after BP iteration 4 #####
x[0,0]{7  <1.0>}
x[0,1]{2  <1.0>}
x[0,2]{1  <1.0>}
x[0,3]{4  <1.0>}
x[0,4]{6  <1.0>}
x[0,5]{0  <1.0>}
x[0,6]{5  <1.0>}
x[0,7]{3  <1.0>}
x[1,0]{0  <1.0>}
x[1,1]{5  <1.0>}
x[1,2]{3  <1.0>}
x[1,3]{2  <1.0>}
x[1,4]{7  <1.0>}
x[1,5]{1  <1.0>}
x[1,6]{6  <1.0>}
x[1,7]{4  <1.0>}
x[2,0]{3  <1.0>}
x[2,1]{7  <1.0>}
x[2,2]{5  <1.0>}
x[2,3]{6  <1.0>}
x[2,4]{1  <1.0>}
x[2,5]{4  <1.0>}
x[2,6]{0  <1.0>}
x[2,7]{2  <1.0>}
x[3,0]{6  <1.0>}
x[3,1]{1  <1.0>}
x[3,2]{0  <1.0>}
x[3,3]{5  <1.0>}
x[3,4]{4  <1.0>}
x[3,5]{2  <1.0>}
x[3,6]{3  <1.0>}
x[3,7]{7  <1.0>}
x[4,0]{4  <1.0>}
x[4,1]{0  <1.0>}
x[4,2]{2  <1.0>}
x[4,3]{7  <1.0>}
x[4,4]{3  <1.0>}
x[4,5]{5  <1.0>}
x[4,6]{1  <1.0>}
x[4,7]{6  <1.0>}
x[5,0]{2  <1.0>}
x[5,1]{3  <1.0>}
x[5,2]{7  <0.04114398804441936>, 6  <0.9588560119555807>}
x[5,3]{1  <1.0>}
x[5,4]{5  <1.0>}
x[5,5]{6  <0.9044820610396893>, 7  <0.09551793896031069>}
x[5,6]{4  <1.0>}
x[5,7]{0  <1.0>}
x[6,0]{1  <1.0>}
x[6,1]{6  <1.0>}
x[6,2]{4  <1.0>}
x[6,3]{0  <1.0>}
x[6,4]{2  <1.0>}
x[6,5]{3  <1.0>}
x[6,6]{7  <1.0>}
x[6,7]{5  <1.0>}
x[7,0]{5  <1.0>}
x[7,1]{4  <1.0>}
x[7,2]{6  <0.026360048589142763>, 7  <0.9736399514108572>}
x[7,3]{3  <1.0>}
x[7,4]{0  <1.0>}
x[7,5]{6  <0.880835808906917>, 7  <0.11916419109308295>}
x[7,6]{2  <1.0>}
x[7,7]{1  <1.0>}
problem entropy = 0.35122166957215656
smallest variable entropy = 0.12185218050727896

	#choice: 7
	#fail: 0
	execution time (ms): 109
	#sols : 1
	completed : false

