{3  <4.0>}
model: max-product-init
FINAL DAMPING FACTOR = 1.0
##### after BP iteration 1 #####
x[0,0]{3  <1.0>}
x[0,1]{7  <1.0>}
x[0,2]{2  <1.0>}
x[0,3]{4  <1.0>}
x[0,4]{1  <1.0>}
x[0,5]{0  <0.5>, 5  <0.5>}
x[0,6]{0  <0.5>, 5  <0.5>}
x[0,7]{6  <1.0>}
x[1,0]{2  <1.0>}
x[1,1]{6  <0.6363636363636364>, 3  <0.36363636363636365>}
x[1,2]{0  <0.5>, 5  <0.5>}
x[1,3]{3  <0.3333333333333333>, 6  <0.3333333333333333>, 7  <0.3333333333333333>}
x[1,4]{5  <0.25>, 6  <0.25>, 4  <0.25>, 3  <0.25>}
x[1,5]{0  <0.19999999999999998>, 5  <0.19999999999999998>, 7  <0.19999999999999998>, 3  <0.19999999999999998>, 4  <0.19999999999999998>}
x[1,6]{0  <0.2>, 1  <0.2>, 5  <0.2>, 3  <0.2>, 6  <0.2>}
x[1,7]{4  <0.25>, 1  <0.25>, 7  <0.25>, 5  <0.25>}
x[2,0]{0  <1.0>}
x[2,1]{5  <1.0>}
x[2,2]{1  <1.0>}
x[2,3]{2  <1.0>}
x[2,4]{7  <1.0>}
x[2,5]{6  <1.0>}
x[2,6]{4  <1.0>}
x[2,7]{3  <1.0>}
x[3,0]{5  <0.5>, 7  <0.5>}
x[3,1]{4  <1.0>}
x[3,2]{3  <1.0>}
x[3,3]{7  <0.5333333333333333>, 6  <0.4666666666666667>}
x[3,4]{0  <1.0>}
x[3,5]{5  <0.3333333333333333>, 7  <0.3333333333333333>, 2  <0.3333333333333333>}
x[3,6]{5  <0.3333333333333333>, 1  <0.3333333333333333>, 6  <0.3333333333333333>}
x[3,7]{5  <0.25>, 1  <0.25>, 2  <0.25>, 7  <0.25>}
x[4,0]{4  <0.33333333333333337>, 7  <0.33333333333333337>, 5  <0.33333333333333337>}
x[4,1]{2  <1.0>}
x[4,2]{0  <0.5>, 5  <0.5>}
x[4,3]{6  <0.33333333333333337>, 7  <0.33333333333333337>, 3  <0.33333333333333337>}
x[4,4]{6  <0.3181818181818182>, 5  <0.2727272727272727>, 4  <0.22727272727272727>, 3  <0.18181818181818182>}
x[4,5]{1  <1.0>}
x[4,6]{0  <0.25>, 6  <0.25>, 5  <0.25>, 3  <0.25>}
x[4,7]{4  <0.33333333333333337>, 7  <0.33333333333333337>, 5  <0.33333333333333337>}
x[5,0]{6  <1.0>}
x[5,1]{1  <1.0>}
x[5,2]{4  <1.0>}
x[5,3]{0  <1.0>}
x[5,4]{5  <0.3333333333333333>, 3  <0.3333333333333333>, 2  <0.3333333333333333>}
x[5,5]{5  <0.2857142857142857>, 7  <0.38095238095238093>, 2  <0.14285714285714285>, 3  <0.19047619047619047>}
x[5,6]{5  <0.5>, 3  <0.5>}
x[5,7]{5  <0.3333333333333333>, 7  <0.3333333333333333>, 2  <0.3333333333333333>}
x[6,0]{4  <0.5>, 5  <0.5>}
x[6,1]{3  <0.5>, 6  <0.5>}
x[6,2]{7  <1.0>}
x[6,3]{1  <1.0>}
x[6,4]{4  <0.25>, 6  <0.25>, 5  <0.25>, 3  <0.25>}
x[6,5]{4  <0.3333333333333333>, 3  <0.3333333333333333>, 5  <0.3333333333333333>}
x[6,6]{2  <1.0>}
x[6,7]{0  <1.0>}
x[7,0]{1  <1.0>}
x[7,1]{0  <1.0>}
x[7,2]{6  <1.0>}
x[7,3]{5  <1.0>}
x[7,4]{4  <0.3333333333333333>, 3  <0.3333333333333333>, 2  <0.3333333333333333>}
x[7,5]{4  <0.3333333333333333>, 3  <0.3333333333333333>, 2  <0.3333333333333333>}
x[7,6]{7  <1.0>}
x[7,7]{4  <0.625>, 2  <0.375>}
problem entropy = 0.99463130817971
smallest variable entropy = 0.6554817739013927
##### after BP iteration 2 #####
x[0,0]{3  <1.0>}
x[0,1]{7  <1.0>}
x[0,2]{2  <1.0>}
x[0,3]{4  <1.0>}
x[0,4]{1  <1.0>}
x[0,5]{0  <0.5>, 5  <0.5>}
x[0,6]{0  <0.5>, 5  <0.5>}
x[0,7]{6  <1.0>}
x[1,0]{2  <1.0>}
x[1,1]{6  <0.6363636363636364>, 3  <0.36363636363636365>}
x[1,2]{0  <0.5>, 5  <0.5>}
x[1,3]{3  <0.3333333333333333>, 6  <0.3333333333333333>, 7  <0.3333333333333333>}
x[1,4]{5  <0.25>, 6  <0.25>, 4  <0.25>, 3  <0.25>}
x[1,5]{0  <0.19999999999999998>, 5  <0.19999999999999998>, 7  <0.19999999999999998>, 3  <0.19999999999999998>, 4  <0.19999999999999998>}
x[1,6]{0  <0.2>, 1  <0.2>, 5  <0.2>, 3  <0.2>, 6  <0.2>}
x[1,7]{4  <0.25>, 1  <0.25>, 7  <0.25>, 5  <0.25>}
x[2,0]{0  <1.0>}
x[2,1]{5  <1.0>}
x[2,2]{1  <1.0>}
x[2,3]{2  <1.0>}
x[2,4]{7  <1.0>}
x[2,5]{6  <1.0>}
x[2,6]{4  <1.0>}
x[2,7]{3  <1.0>}
x[3,0]{5  <0.5>, 7  <0.5>}
x[3,1]{4  <1.0>}
x[3,2]{3  <1.0>}
x[3,3]{7  <0.5333333333333333>, 6  <0.4666666666666667>}
x[3,4]{0  <1.0>}
x[3,5]{5  <0.3333333333333333>, 7  <0.3333333333333333>, 2  <0.3333333333333333>}
x[3,6]{5  <0.3333333333333333>, 1  <0.3333333333333333>, 6  <0.3333333333333333>}
x[3,7]{5  <0.25>, 1  <0.25>, 2  <0.25>, 7  <0.25>}
x[4,0]{4  <0.33333333333333337>, 7  <0.33333333333333337>, 5  <0.33333333333333337>}
x[4,1]{2  <1.0>}
x[4,2]{0  <0.5>, 5  <0.5>}
x[4,3]{6  <0.33333333333333337>, 7  <0.33333333333333337>, 3  <0.33333333333333337>}
x[4,4]{6  <0.3181818181818182>, 5  <0.2727272727272727>, 4  <0.22727272727272727>, 3  <0.18181818181818182>}
x[4,5]{1  <1.0>}
x[4,6]{0  <0.25>, 6  <0.25>, 5  <0.25>, 3  <0.25>}
x[4,7]{4  <0.33333333333333337>, 7  <0.33333333333333337>, 5  <0.33333333333333337>}
x[5,0]{6  <1.0>}
x[5,1]{1  <1.0>}
x[5,2]{4  <1.0>}
x[5,3]{0  <1.0>}
x[5,4]{5  <0.3333333333333333>, 3  <0.3333333333333333>, 2  <0.3333333333333333>}
x[5,5]{5  <0.2857142857142857>, 7  <0.38095238095238093>, 2  <0.14285714285714285>, 3  <0.19047619047619047>}
x[5,6]{5  <0.5>, 3  <0.5>}
x[5,7]{5  <0.3333333333333333>, 7  <0.3333333333333333>, 2  <0.3333333333333333>}
x[6,0]{4  <0.5>, 5  <0.5>}
x[6,1]{3  <0.5>, 6  <0.5>}
x[6,2]{7  <1.0>}
x[6,3]{1  <1.0>}
x[6,4]{4  <0.25>, 6  <0.25>, 5  <0.25>, 3  <0.25>}
x[6,5]{4  <0.3333333333333333>, 3  <0.3333333333333333>, 5  <0.3333333333333333>}
x[6,6]{2  <1.0>}
x[6,7]{0  <1.0>}
x[7,0]{1  <1.0>}
x[7,1]{0  <1.0>}
x[7,2]{6  <1.0>}
x[7,3]{5  <1.0>}
x[7,4]{4  <0.3333333333333333>, 3  <0.3333333333333333>, 2  <0.3333333333333333>}
x[7,5]{4  <0.3333333333333333>, 3  <0.3333333333333333>, 2  <0.3333333333333333>}
x[7,6]{7  <1.0>}
x[7,7]{4  <0.625>, 2  <0.375>}
problem entropy = 0.99463130817971
smallest variable entropy = 0.6554817739013927
### branching on x[1,1]=6; marginal=0.6363636363636364; regret=0.2727272727272727; nb of ties=1
##### after BP iteration 1 #####
x[0,0]{3  <1.0>}
x[0,1]{7  <1.0>}
x[0,2]{2  <1.0>}
x[0,3]{4  <1.0>}
x[0,4]{1  <1.0>}
x[0,5]{0  <0.5>, 5  <0.5>}
x[0,6]{0  <0.5>, 5  <0.5>}
x[0,7]{6  <1.0>}
x[1,0]{2  <1.0>}
x[1,1]{6  <1.0>}
x[1,2]{0  <0.5>, 5  <0.5>}
x[1,3]{3  <0.5>, 7  <0.5>}
x[1,4]{5  <0.3333333333333333>, 3  <0.3333333333333333>, 4  <0.3333333333333333>}
x[1,5]{0  <0.2>, 5  <0.2>, 7  <0.2>, 3  <0.2>, 4  <0.2>}
x[1,6]{0  <0.25>, 1  <0.25>, 5  <0.25>, 3  <0.25>}
x[1,7]{4  <0.25>, 1  <0.25>, 7  <0.25>, 5  <0.25>}
x[2,0]{0  <1.0>}
x[2,1]{5  <1.0>}
x[2,2]{1  <1.0>}
x[2,3]{2  <1.0>}
x[2,4]{7  <1.0>}
x[2,5]{6  <1.0>}
x[2,6]{4  <1.0>}
x[2,7]{3  <1.0>}
x[3,0]{5  <0.5>, 7  <0.5>}
x[3,1]{4  <1.0>}
x[3,2]{3  <1.0>}
x[3,3]{7  <0.5333333333333333>, 6  <0.4666666666666667>}
x[3,4]{0  <1.0>}
x[3,5]{5  <0.33333333333333337>, 7  <0.33333333333333337>, 2  <0.33333333333333337>}
x[3,6]{5  <0.33333333333333337>, 1  <0.33333333333333337>, 6  <0.33333333333333337>}
x[3,7]{5  <0.25>, 1  <0.25>, 2  <0.25>, 7  <0.25>}
x[4,0]{4  <0.33333333333333337>, 7  <0.33333333333333337>, 5  <0.33333333333333337>}
x[4,1]{2  <1.0>}
x[4,2]{0  <0.5>, 5  <0.5>}
x[4,3]{6  <0.3333333333333333>, 7  <0.3333333333333333>, 3  <0.3333333333333333>}
x[4,4]{3  <0.26666666666666666>, 5  <0.39999999999999997>, 4  <0.3333333333333333>}
x[4,5]{1  <1.0>}
x[4,6]{0  <0.25>, 6  <0.25>, 5  <0.25>, 3  <0.25>}
x[4,7]{4  <0.33333333333333337>, 7  <0.33333333333333337>, 5  <0.33333333333333337>}
x[5,0]{6  <1.0>}
x[5,1]{1  <1.0>}
x[5,2]{4  <1.0>}
x[5,3]{0  <1.0>}
x[5,4]{5  <0.3333333333333333>, 3  <0.3333333333333333>, 2  <0.3333333333333333>}
x[5,5]{5  <0.2857142857142857>, 7  <0.38095238095238093>, 2  <0.14285714285714285>, 3  <0.19047619047619047>}
x[5,6]{5  <0.5>, 3  <0.5>}
x[5,7]{5  <0.3333333333333333>, 7  <0.3333333333333333>, 2  <0.3333333333333333>}
x[6,0]{4  <0.5>, 5  <0.5>}
x[6,1]{3  <1.0>}
x[6,2]{7  <1.0>}
x[6,3]{1  <1.0>}
x[6,4]{6  <1.0>}
x[6,5]{4  <0.5>, 5  <0.5>}
x[6,6]{2  <1.0>}
x[6,7]{0  <1.0>}
x[7,0]{1  <1.0>}
x[7,1]{0  <1.0>}
x[7,2]{6  <1.0>}
x[7,3]{5  <1.0>}
x[7,4]{4  <0.3333333333333333>, 3  <0.3333333333333333>, 2  <0.3333333333333333>}
x[7,5]{4  <0.33333333333333337>, 3  <0.33333333333333337>, 2  <0.33333333333333337>}
x[7,6]{7  <1.0>}
x[7,7]{4  <0.625>, 2  <0.375>}
problem entropy = 0.996098887991532
smallest variable entropy = 0.6615632381579821
##### after BP iteration 2 #####
x[0,0]{3  <1.0>}
x[0,1]{7  <1.0>}
x[0,2]{2  <1.0>}
x[0,3]{4  <1.0>}
x[0,4]{1  <1.0>}
x[0,5]{0  <0.5>, 5  <0.5>}
x[0,6]{0  <0.5>, 5  <0.5>}
x[0,7]{6  <1.0>}
x[1,0]{2  <1.0>}
x[1,1]{6  <1.0>}
x[1,2]{0  <0.5>, 5  <0.5>}
x[1,3]{3  <0.5>, 7  <0.5>}
x[1,4]{5  <0.3333333333333333>, 3  <0.3333333333333333>, 4  <0.3333333333333333>}
x[1,5]{0  <0.2>, 5  <0.2>, 7  <0.2>, 3  <0.2>, 4  <0.2>}
x[1,6]{0  <0.25>, 1  <0.25>, 5  <0.25>, 3  <0.25>}
x[1,7]{4  <0.25>, 1  <0.25>, 7  <0.25>, 5  <0.25>}
x[2,0]{0  <1.0>}
x[2,1]{5  <1.0>}
x[2,2]{1  <1.0>}
x[2,3]{2  <1.0>}
x[2,4]{7  <1.0>}
x[2,5]{6  <1.0>}
x[2,6]{4  <1.0>}
x[2,7]{3  <1.0>}
x[3,0]{5  <0.5>, 7  <0.5>}
x[3,1]{4  <1.0>}
x[3,2]{3  <1.0>}
x[3,3]{7  <0.5333333333333333>, 6  <0.4666666666666667>}
x[3,4]{0  <1.0>}
x[3,5]{5  <0.33333333333333337>, 7  <0.33333333333333337>, 2  <0.33333333333333337>}
x[3,6]{5  <0.33333333333333337>, 1  <0.33333333333333337>, 6  <0.33333333333333337>}
x[3,7]{5  <0.25>, 1  <0.25>, 2  <0.25>, 7  <0.25>}
x[4,0]{4  <0.33333333333333337>, 7  <0.33333333333333337>, 5  <0.33333333333333337>}
x[4,1]{2  <1.0>}
x[4,2]{0  <0.5>, 5  <0.5>}
x[4,3]{6  <0.3333333333333333>, 7  <0.3333333333333333>, 3  <0.3333333333333333>}
x[4,4]{3  <0.26666666666666666>, 5  <0.39999999999999997>, 4  <0.3333333333333333>}
x[4,5]{1  <1.0>}
x[4,6]{0  <0.25>, 6  <0.25>, 5  <0.25>, 3  <0.25>}
x[4,7]{4  <0.33333333333333337>, 7  <0.33333333333333337>, 5  <0.33333333333333337>}
x[5,0]{6  <1.0>}
x[5,1]{1  <1.0>}
x[5,2]{4  <1.0>}
x[5,3]{0  <1.0>}
x[5,4]{5  <0.3333333333333333>, 3  <0.3333333333333333>, 2  <0.3333333333333333>}
x[5,5]{5  <0.2857142857142857>, 7  <0.38095238095238093>, 2  <0.14285714285714285>, 3  <0.19047619047619047>}
x[5,6]{5  <0.5>, 3  <0.5>}
x[5,7]{5  <0.3333333333333333>, 7  <0.3333333333333333>, 2  <0.3333333333333333>}
x[6,0]{4  <0.5>, 5  <0.5>}
x[6,1]{3  <1.0>}
x[6,2]{7  <1.0>}
x[6,3]{1  <1.0>}
x[6,4]{6  <1.0>}
x[6,5]{4  <0.5>, 5  <0.5>}
x[6,6]{2  <1.0>}
x[6,7]{0  <1.0>}
x[7,0]{1  <1.0>}
x[7,1]{0  <1.0>}
x[7,2]{6  <1.0>}
x[7,3]{5  <1.0>}
x[7,4]{4  <0.3333333333333333>, 3  <0.3333333333333333>, 2  <0.3333333333333333>}
x[7,5]{4  <0.3333333333333333>, 3  <0.3333333333333333>, 2  <0.3333333333333333>}
x[7,6]{7  <1.0>}
x[7,7]{4  <0.625>, 2  <0.375>}
problem entropy = 0.996098887991532
smallest variable entropy = 0.6615632381579821
### branching on x[7,7]=4; marginal=0.625; regret=0.25; nb of ties=1
### branching on x[5,5]=7; marginal=0.38095238095238093; regret=0.09523809523809523; nb of ties=1
##### after BP iteration 1 #####
x[0,0]{3  <1.0>}
x[0,1]{7  <1.0>}
x[0,2]{2  <1.0>}
x[0,3]{4  <1.0>}
x[0,4]{1  <1.0>}
x[0,5]{0  <0.5>, 5  <0.5>}
x[0,6]{0  <0.5>, 5  <0.5>}
x[0,7]{6  <1.0>}
x[1,0]{2  <1.0>}
x[1,1]{6  <1.0>}
x[1,2]{0  <0.5>, 5  <0.5>}
x[1,3]{3  <0.5>, 7  <0.5>}
x[1,4]{5  <0.3333333333333333>, 3  <0.3333333333333333>, 4  <0.3333333333333333>}
x[1,5]{0  <0.25>, 5  <0.25>, 4  <0.25>, 3  <0.25>}
x[1,6]{0  <0.25>, 1  <0.25>, 5  <0.25>, 3  <0.25>}
x[1,7]{5  <0.3333333333333333>, 1  <0.3333333333333333>, 7  <0.3333333333333333>}
x[2,0]{0  <1.0>}
x[2,1]{5  <1.0>}
x[2,2]{1  <1.0>}
x[2,3]{2  <1.0>}
x[2,4]{7  <1.0>}
x[2,5]{6  <1.0>}
x[2,6]{4  <1.0>}
x[2,7]{3  <1.0>}
x[3,0]{5  <0.5>, 7  <0.5>}
x[3,1]{4  <1.0>}
x[3,2]{3  <1.0>}
x[3,3]{7  <0.5333333333333333>, 6  <0.4666666666666667>}
x[3,4]{0  <1.0>}
x[3,5]{5  <0.5>, 2  <0.5>}
x[3,6]{5  <0.33333333333333337>, 1  <0.33333333333333337>, 6  <0.33333333333333337>}
x[3,7]{5  <0.25>, 1  <0.25>, 2  <0.25>, 7  <0.25>}
x[4,0]{4  <0.33333333333333337>, 7  <0.33333333333333337>, 5  <0.33333333333333337>}
x[4,1]{2  <1.0>}
x[4,2]{0  <0.5>, 5  <0.5>}
x[4,3]{6  <0.3333333333333333>, 7  <0.3333333333333333>, 3  <0.3333333333333333>}
x[4,4]{3  <0.26666666666666666>, 5  <0.39999999999999997>, 4  <0.33333333333333337>}
x[4,5]{1  <1.0>}
x[4,6]{0  <0.25>, 6  <0.25>, 5  <0.25>, 3  <0.25>}
x[4,7]{5  <0.5>, 7  <0.5>}
x[5,0]{6  <1.0>}
x[5,1]{1  <1.0>}
x[5,2]{4  <1.0>}
x[5,3]{0  <1.0>}
x[5,4]{5  <0.3333333333333333>, 3  <0.3333333333333333>, 2  <0.3333333333333333>}
x[5,5]{7  <1.0>}
x[5,6]{5  <0.5>, 3  <0.5>}
x[5,7]{5  <0.5>, 2  <0.5>}
x[6,0]{4  <0.5>, 5  <0.5>}
x[6,1]{3  <1.0>}
x[6,2]{7  <1.0>}
x[6,3]{1  <1.0>}
x[6,4]{6  <1.0>}
x[6,5]{4  <0.5>, 5  <0.5>}
x[6,6]{2  <1.0>}
x[6,7]{0  <1.0>}
x[7,0]{1  <1.0>}
x[7,1]{0  <1.0>}
x[7,2]{6  <1.0>}
x[7,3]{5  <1.0>}
x[7,4]{2  <0.5>, 3  <0.5>}
x[7,5]{2  <0.5>, 3  <0.5>}
x[7,6]{7  <1.0>}
x[7,7]{4  <1.0>}
problem entropy = 0.9994066490689831
smallest variable entropy = 0.6909233093138181
##### after BP iteration 2 #####
x[0,0]{3  <1.0>}
x[0,1]{7  <1.0>}
x[0,2]{2  <1.0>}
x[0,3]{4  <1.0>}
x[0,4]{1  <1.0>}
x[0,5]{0  <0.5>, 5  <0.5>}
x[0,6]{0  <0.5>, 5  <0.5>}
x[0,7]{6  <1.0>}
x[1,0]{2  <1.0>}
x[1,1]{6  <1.0>}
x[1,2]{0  <0.5>, 5  <0.5>}
x[1,3]{3  <0.5>, 7  <0.5>}
x[1,4]{5  <0.3333333333333333>, 3  <0.3333333333333333>, 4  <0.3333333333333333>}
x[1,5]{0  <0.25>, 5  <0.25>, 4  <0.25>, 3  <0.25>}
x[1,6]{0  <0.25>, 1  <0.25>, 5  <0.25>, 3  <0.25>}
x[1,7]{5  <0.3333333333333333>, 1  <0.3333333333333333>, 7  <0.3333333333333333>}
x[2,0]{0  <1.0>}
x[2,1]{5  <1.0>}
x[2,2]{1  <1.0>}
x[2,3]{2  <1.0>}
x[2,4]{7  <1.0>}
x[2,5]{6  <1.0>}
x[2,6]{4  <1.0>}
x[2,7]{3  <1.0>}
x[3,0]{5  <0.5>, 7  <0.5>}
x[3,1]{4  <1.0>}
x[3,2]{3  <1.0>}
x[3,3]{7  <0.5333333333333333>, 6  <0.4666666666666667>}
x[3,4]{0  <1.0>}
x[3,5]{5  <0.5>, 2  <0.5>}
x[3,6]{5  <0.33333333333333337>, 1  <0.33333333333333337>, 6  <0.33333333333333337>}
x[3,7]{5  <0.25>, 1  <0.25>, 2  <0.25>, 7  <0.25>}
x[4,0]{4  <0.33333333333333337>, 7  <0.33333333333333337>, 5  <0.33333333333333337>}
x[4,1]{2  <1.0>}
x[4,2]{0  <0.5>, 5  <0.5>}
x[4,3]{6  <0.3333333333333333>, 7  <0.3333333333333333>, 3  <0.3333333333333333>}
x[4,4]{3  <0.26666666666666666>, 5  <0.39999999999999997>, 4  <0.33333333333333337>}
x[4,5]{1  <1.0>}
x[4,6]{0  <0.25>, 6  <0.25>, 5  <0.25>, 3  <0.25>}
x[4,7]{5  <0.5>, 7  <0.5>}
x[5,0]{6  <1.0>}
x[5,1]{1  <1.0>}
x[5,2]{4  <1.0>}
x[5,3]{0  <1.0>}
x[5,4]{5  <0.3333333333333333>, 3  <0.3333333333333333>, 2  <0.3333333333333333>}
x[5,5]{7  <1.0>}
x[5,6]{5  <0.5>, 3  <0.5>}
x[5,7]{5  <0.5>, 2  <0.5>}
x[6,0]{4  <0.5>, 5  <0.5>}
x[6,1]{3  <1.0>}
x[6,2]{7  <1.0>}
x[6,3]{1  <1.0>}
x[6,4]{6  <1.0>}
x[6,5]{4  <0.5>, 5  <0.5>}
x[6,6]{2  <1.0>}
x[6,7]{0  <1.0>}
x[7,0]{1  <1.0>}
x[7,1]{0  <1.0>}
x[7,2]{6  <1.0>}
x[7,3]{5  <1.0>}
x[7,4]{2  <0.5>, 3  <0.5>}
x[7,5]{2  <0.5>, 3  <0.5>}
x[7,6]{7  <1.0>}
x[7,7]{4  <1.0>}
problem entropy = 0.9994066490689831
smallest variable entropy = 0.6909233093138181
### branching on x[3,3]=7; marginal=0.5333333333333333; regret=0.06666666666666665; nb of ties=2
### branching on x[3,3]!=7
##### after BP iteration 1 #####
x[0,0]{3  <1.0>}
x[0,1]{7  <1.0>}
x[0,2]{2  <1.0>}
x[0,3]{4  <1.0>}
x[0,4]{1  <1.0>}
x[0,5]{0  <0.5>, 5  <0.5>}
x[0,6]{0  <0.5>, 5  <0.5>}
x[0,7]{6  <1.0>}
x[1,0]{2  <1.0>}
x[1,1]{6  <1.0>}
x[1,2]{5  <1.0>}
x[1,3]{3  <0.5>, 7  <0.5>}
x[1,4]{3  <0.5>, 4  <0.5>}
x[1,5]{4  <0.3333333333333333>, 3  <0.3333333333333333>, 0  <0.3333333333333333>}
x[1,6]{1  <0.3333333333333333>, 0  <0.3333333333333333>, 3  <0.3333333333333333>}
x[1,7]{7  <0.5>, 1  <0.5>}
x[2,0]{0  <1.0>}
x[2,1]{5  <1.0>}
x[2,2]{1  <1.0>}
x[2,3]{2  <1.0>}
x[2,4]{7  <1.0>}
x[2,5]{6  <1.0>}
x[2,6]{4  <1.0>}
x[2,7]{3  <1.0>}
x[3,0]{5  <0.5>, 7  <0.5>}
x[3,1]{4  <1.0>}
x[3,2]{3  <1.0>}
x[3,3]{6  <1.0>}
x[3,4]{0  <1.0>}
x[3,5]{2  <0.5>, 5  <0.5>}
x[3,6]{1  <0.5>, 5  <0.5>}
x[3,7]{1  <0.25>, 7  <0.25>, 5  <0.25>, 2  <0.25>}
x[4,0]{7  <0.3333333333333333>, 5  <0.3333333333333333>, 4  <0.3333333333333333>}
x[4,1]{2  <1.0>}
x[4,2]{0  <1.0>}
x[4,3]{3  <0.5>, 7  <0.5>}
x[4,4]{4  <0.3333333333333333>, 5  <0.4>, 3  <0.26666666666666666>}
x[4,5]{1  <1.0>}
x[4,6]{6  <1.0>}
x[4,7]{5  <0.5>, 7  <0.5>}
x[5,0]{6  <1.0>}
x[5,1]{1  <1.0>}
x[5,2]{4  <1.0>}
x[5,3]{0  <1.0>}
x[5,4]{3  <0.3333333333333333>, 5  <0.3333333333333333>, 2  <0.3333333333333333>}
x[5,5]{7  <1.0>}
x[5,6]{5  <0.5>, 3  <0.5>}
x[5,7]{2  <0.5>, 5  <0.5>}
x[6,0]{4  <0.5>, 5  <0.5>}
x[6,1]{3  <1.0>}
x[6,2]{7  <1.0>}
x[6,3]{1  <1.0>}
x[6,4]{6  <1.0>}
x[6,5]{5  <0.5>, 4  <0.5>}
x[6,6]{2  <1.0>}
x[6,7]{0  <1.0>}
x[7,0]{1  <1.0>}
x[7,1]{0  <1.0>}
x[7,2]{6  <1.0>}
x[7,3]{5  <1.0>}
x[7,4]{2  <0.5>, 3  <0.5>}
x[7,5]{3  <0.5>, 2  <0.5>}
x[7,6]{7  <1.0>}
x[7,7]{4  <1.0>}
problem entropy = 0.999444601991451
smallest variable entropy = 0.6931471805599453
##### after BP iteration 2 #####
x[0,0]{3  <1.0>}
x[0,1]{7  <1.0>}
x[0,2]{2  <1.0>}
x[0,3]{4  <1.0>}
x[0,4]{1  <1.0>}
x[0,5]{0  <0.5>, 5  <0.5>}
x[0,6]{0  <0.5>, 5  <0.5>}
x[0,7]{6  <1.0>}
x[1,0]{2  <1.0>}
x[1,1]{6  <1.0>}
x[1,2]{5  <1.0>}
x[1,3]{3  <0.5>, 7  <0.5>}
x[1,4]{3  <0.5>, 4  <0.5>}
x[1,5]{4  <0.3333333333333333>, 3  <0.3333333333333333>, 0  <0.3333333333333333>}
x[1,6]{1  <0.3333333333333333>, 0  <0.3333333333333333>, 3  <0.3333333333333333>}
x[1,7]{7  <0.5>, 1  <0.5>}
x[2,0]{0  <1.0>}
x[2,1]{5  <1.0>}
x[2,2]{1  <1.0>}
x[2,3]{2  <1.0>}
x[2,4]{7  <1.0>}
x[2,5]{6  <1.0>}
x[2,6]{4  <1.0>}
x[2,7]{3  <1.0>}
x[3,0]{5  <0.5>, 7  <0.5>}
x[3,1]{4  <1.0>}
x[3,2]{3  <1.0>}
x[3,3]{6  <1.0>}
x[3,4]{0  <1.0>}
x[3,5]{2  <0.5>, 5  <0.5>}
x[3,6]{1  <0.5>, 5  <0.5>}
x[3,7]{1  <0.25>, 7  <0.25>, 5  <0.25>, 2  <0.25>}
x[4,0]{7  <0.33333333333333337>, 5  <0.33333333333333337>, 4  <0.33333333333333337>}
x[4,1]{2  <1.0>}
x[4,2]{0  <1.0>}
x[4,3]{3  <0.5>, 7  <0.5>}
x[4,4]{4  <0.3333333333333333>, 5  <0.39999999999999997>, 3  <0.26666666666666666>}
x[4,5]{1  <1.0>}
x[4,6]{6  <1.0>}
x[4,7]{5  <0.5>, 7  <0.5>}
x[5,0]{6  <1.0>}
x[5,1]{1  <1.0>}
x[5,2]{4  <1.0>}
x[5,3]{0  <1.0>}
x[5,4]{3  <0.3333333333333333>, 5  <0.3333333333333333>, 2  <0.3333333333333333>}
x[5,5]{7  <1.0>}
x[5,6]{5  <0.5>, 3  <0.5>}
x[5,7]{2  <0.5>, 5  <0.5>}
x[6,0]{4  <0.5>, 5  <0.5>}
x[6,1]{3  <1.0>}
x[6,2]{7  <1.0>}
x[6,3]{1  <1.0>}
x[6,4]{6  <1.0>}
x[6,5]{5  <0.5>, 4  <0.5>}
x[6,6]{2  <1.0>}
x[6,7]{0  <1.0>}
x[7,0]{1  <1.0>}
x[7,1]{0  <1.0>}
x[7,2]{6  <1.0>}
x[7,3]{5  <1.0>}
x[7,4]{2  <0.5>, 3  <0.5>}
x[7,5]{3  <0.5>, 2  <0.5>}
x[7,6]{7  <1.0>}
x[7,7]{4  <1.0>}
problem entropy = 0.999444601991451
smallest variable entropy = 0.6931471805599453
### branching on x[4,4]=5; marginal=0.39999999999999997; regret=0.06666666666666665; nb of ties=1
##### after BP iteration 1 #####
x[0,0]{3  <1.0>}
x[0,1]{7  <1.0>}
x[0,2]{2  <1.0>}
x[0,3]{4  <1.0>}
x[0,4]{1  <1.0>}
x[0,5]{0  <0.5>, 5  <0.5>}
x[0,6]{0  <0.5>, 5  <0.5>}
x[0,7]{6  <1.0>}
x[1,0]{2  <1.0>}
x[1,1]{6  <1.0>}
x[1,2]{5  <1.0>}
x[1,3]{7  <1.0>}
x[1,4]{4  <1.0>}
x[1,5]{0  <0.5>, 3  <0.5>}
x[1,6]{3  <0.5>, 0  <0.5>}
x[1,7]{1  <1.0>}
x[2,0]{0  <1.0>}
x[2,1]{5  <1.0>}
x[2,2]{1  <1.0>}
x[2,3]{2  <1.0>}
x[2,4]{7  <1.0>}
x[2,5]{6  <1.0>}
x[2,6]{4  <1.0>}
x[2,7]{3  <1.0>}
x[3,0]{7  <1.0>}
x[3,1]{4  <1.0>}
x[3,2]{3  <1.0>}
x[3,3]{6  <1.0>}
x[3,4]{0  <1.0>}
x[3,5]{2  <0.5>, 5  <0.5>}
x[3,6]{1  <1.0>}
x[3,7]{2  <0.5>, 5  <0.5>}
x[4,0]{4  <1.0>}
x[4,1]{2  <1.0>}
x[4,2]{0  <1.0>}
x[4,3]{3  <1.0>}
x[4,4]{5  <1.0>}
x[4,5]{1  <1.0>}
x[4,6]{6  <1.0>}
x[4,7]{7  <1.0>}
x[5,0]{6  <1.0>}
x[5,1]{1  <1.0>}
x[5,2]{4  <1.0>}
x[5,3]{0  <1.0>}
x[5,4]{3  <0.5>, 2  <0.5>}
x[5,5]{7  <1.0>}
x[5,6]{5  <0.5>, 3  <0.5>}
x[5,7]{2  <0.5>, 5  <0.5>}
x[6,0]{5  <1.0>}
x[6,1]{3  <1.0>}
x[6,2]{7  <1.0>}
x[6,3]{1  <1.0>}
x[6,4]{6  <1.0>}
x[6,5]{4  <1.0>}
x[6,6]{2  <1.0>}
x[6,7]{0  <1.0>}
x[7,0]{1  <1.0>}
x[7,1]{0  <1.0>}
x[7,2]{6  <1.0>}
x[7,3]{5  <1.0>}
x[7,4]{2  <0.5>, 3  <0.5>}
x[7,5]{3  <0.5>, 2  <0.5>}
x[7,6]{7  <1.0>}
x[7,7]{4  <1.0>}
problem entropy = 1.0
smallest variable entropy = 0.6931471805599453
##### after BP iteration 2 #####
x[0,0]{3  <1.0>}
x[0,1]{7  <1.0>}
x[0,2]{2  <1.0>}
x[0,3]{4  <1.0>}
x[0,4]{1  <1.0>}
x[0,5]{0  <0.5>, 5  <0.5>}
x[0,6]{0  <0.5>, 5  <0.5>}
x[0,7]{6  <1.0>}
x[1,0]{2  <1.0>}
x[1,1]{6  <1.0>}
x[1,2]{5  <1.0>}
x[1,3]{7  <1.0>}
x[1,4]{4  <1.0>}
x[1,5]{0  <0.5>, 3  <0.5>}
x[1,6]{3  <0.5>, 0  <0.5>}
x[1,7]{1  <1.0>}
x[2,0]{0  <1.0>}
x[2,1]{5  <1.0>}
x[2,2]{1  <1.0>}
x[2,3]{2  <1.0>}
x[2,4]{7  <1.0>}
x[2,5]{6  <1.0>}
x[2,6]{4  <1.0>}
x[2,7]{3  <1.0>}
x[3,0]{7  <1.0>}
x[3,1]{4  <1.0>}
x[3,2]{3  <1.0>}
x[3,3]{6  <1.0>}
x[3,4]{0  <1.0>}
x[3,5]{2  <0.5>, 5  <0.5>}
x[3,6]{1  <1.0>}
x[3,7]{2  <0.5>, 5  <0.5>}
x[4,0]{4  <1.0>}
x[4,1]{2  <1.0>}
x[4,2]{0  <1.0>}
x[4,3]{3  <1.0>}
x[4,4]{5  <1.0>}
x[4,5]{1  <1.0>}
x[4,6]{6  <1.0>}
x[4,7]{7  <1.0>}
x[5,0]{6  <1.0>}
x[5,1]{1  <1.0>}
x[5,2]{4  <1.0>}
x[5,3]{0  <1.0>}
x[5,4]{3  <0.5>, 2  <0.5>}
x[5,5]{7  <1.0>}
x[5,6]{5  <0.5>, 3  <0.5>}
x[5,7]{2  <0.5>, 5  <0.5>}
x[6,0]{5  <1.0>}
x[6,1]{3  <1.0>}
x[6,2]{7  <1.0>}
x[6,3]{1  <1.0>}
x[6,4]{6  <1.0>}
x[6,5]{4  <1.0>}
x[6,6]{2  <1.0>}
x[6,7]{0  <1.0>}
x[7,0]{1  <1.0>}
x[7,1]{0  <1.0>}
x[7,2]{6  <1.0>}
x[7,3]{5  <1.0>}
x[7,4]{2  <0.5>, 3  <0.5>}
x[7,5]{3  <0.5>, 2  <0.5>}
x[7,6]{7  <1.0>}
x[7,7]{4  <1.0>}
problem entropy = 1.0
smallest variable entropy = 0.6931471805599453
### branching on x[5,4]=3; marginal=0.5; regret=0.0; nb of ties=11
##### after BP iteration 1 #####
x[0,0]{3  <1.0>}
x[0,1]{7  <1.0>}
x[0,2]{2  <1.0>}
x[0,3]{4  <1.0>}
x[0,4]{1  <1.0>}
x[0,5]{5  <1.0>}
x[0,6]{0  <1.0>}
x[0,7]{6  <1.0>}
x[1,0]{2  <1.0>}
x[1,1]{6  <1.0>}
x[1,2]{5  <1.0>}
x[1,3]{7  <1.0>}
x[1,4]{4  <1.0>}
x[1,5]{0  <1.0>}
x[1,6]{3  <1.0>}
x[1,7]{1  <1.0>}
x[2,0]{0  <1.0>}
x[2,1]{5  <1.0>}
x[2,2]{1  <1.0>}
x[2,3]{2  <1.0>}
x[2,4]{7  <1.0>}
x[2,5]{6  <1.0>}
x[2,6]{4  <1.0>}
x[2,7]{3  <1.0>}
x[3,0]{7  <1.0>}
x[3,1]{4  <1.0>}
x[3,2]{3  <1.0>}
x[3,3]{6  <1.0>}
x[3,4]{0  <1.0>}
x[3,5]{2  <1.0>}
x[3,6]{1  <1.0>}
x[3,7]{5  <1.0>}
x[4,0]{4  <1.0>}
x[4,1]{2  <1.0>}
x[4,2]{0  <1.0>}
x[4,3]{3  <1.0>}
x[4,4]{5  <1.0>}
x[4,5]{1  <1.0>}
x[4,6]{6  <1.0>}
x[4,7]{7  <1.0>}
x[5,0]{6  <1.0>}
x[5,1]{1  <1.0>}
x[5,2]{4  <1.0>}
x[5,3]{0  <1.0>}
x[5,4]{3  <1.0>}
x[5,5]{7  <1.0>}
x[5,6]{5  <1.0>}
x[5,7]{2  <1.0>}
x[6,0]{5  <1.0>}
x[6,1]{3  <1.0>}
x[6,2]{7  <1.0>}
x[6,3]{1  <1.0>}
x[6,4]{6  <1.0>}
x[6,5]{4  <1.0>}
x[6,6]{2  <1.0>}
x[6,7]{0  <1.0>}
x[7,0]{1  <1.0>}
x[7,1]{0  <1.0>}
x[7,2]{6  <1.0>}
x[7,3]{5  <1.0>}
x[7,4]{2  <1.0>}
x[7,5]{3  <1.0>}
x[7,6]{7  <1.0>}
x[7,7]{4  <1.0>}
problem entropy = 0.0
smallest variable entropy = 1.7976931348623157E308
### branching on x[5,4]!=3
##### after BP iteration 1 #####
x[0,0]{3  <1.0>}
x[0,1]{7  <1.0>}
x[0,2]{2  <1.0>}
x[0,3]{4  <1.0>}
x[0,4]{1  <1.0>}
x[0,5]{0  <1.0>}
x[0,6]{5  <1.0>}
x[0,7]{6  <1.0>}
x[1,0]{2  <1.0>}
x[1,1]{6  <1.0>}
x[1,2]{5  <1.0>}
x[1,3]{7  <1.0>}
x[1,4]{4  <1.0>}
x[1,5]{3  <1.0>}
x[1,6]{0  <1.0>}
x[1,7]{1  <1.0>}
x[2,0]{0  <1.0>}
x[2,1]{5  <1.0>}
x[2,2]{1  <1.0>}
x[2,3]{2  <1.0>}
x[2,4]{7  <1.0>}
x[2,5]{6  <1.0>}
x[2,6]{4  <1.0>}
x[2,7]{3  <1.0>}
x[3,0]{7  <1.0>}
x[3,1]{4  <1.0>}
x[3,2]{3  <1.0>}
x[3,3]{6  <1.0>}
x[3,4]{0  <1.0>}
x[3,5]{5  <1.0>}
x[3,6]{1  <1.0>}
x[3,7]{2  <1.0>}
x[4,0]{4  <1.0>}
x[4,1]{2  <1.0>}
x[4,2]{0  <1.0>}
x[4,3]{3  <1.0>}
x[4,4]{5  <1.0>}
x[4,5]{1  <1.0>}
x[4,6]{6  <1.0>}
x[4,7]{7  <1.0>}
x[5,0]{6  <1.0>}
x[5,1]{1  <1.0>}
x[5,2]{4  <1.0>}
x[5,3]{0  <1.0>}
x[5,4]{2  <1.0>}
x[5,5]{7  <1.0>}
x[5,6]{3  <1.0>}
x[5,7]{5  <1.0>}
x[6,0]{5  <1.0>}
x[6,1]{3  <1.0>}
x[6,2]{7  <1.0>}
x[6,3]{1  <1.0>}
x[6,4]{6  <1.0>}
x[6,5]{4  <1.0>}
x[6,6]{2  <1.0>}
x[6,7]{0  <1.0>}
x[7,0]{1  <1.0>}
x[7,1]{0  <1.0>}
x[7,2]{6  <1.0>}
x[7,3]{5  <1.0>}
x[7,4]{3  <1.0>}
x[7,5]{2  <1.0>}
x[7,6]{7  <1.0>}
x[7,7]{4  <1.0>}
problem entropy = 0.0
smallest variable entropy = 1.7976931348623157E308

	#choice: 8
	#fail: 1
	execution time (ms): 73
	#sols : 1
	completed : false

