{6  <1.0>}
model: sum-product-oracle
FINAL DAMPING FACTOR = 1.0
##### after BP iteration 1 #####
x[0,0]{6  <1.0>}
x[0,1]{4  <0.9999999997429885>, 1  <2.570114930606649E-10>}
x[0,2]{7  <0.004426749402081109>, 1  <0.9955732505979189>}
x[0,3]{2  <1.0>}
x[0,4]{5  <1.0>}
x[0,5]{3  <1.0>}
x[0,6]{0  <1.0>}
x[0,7]{4  <1.6264225990949918E-10>, 1  <0.007190491800420582>, 7  <0.9928095080369371>}
x[1,0]{3  <1.0>}
x[1,1]{7  <1.0>}
x[1,2]{5  <0.0013607234058895063>, 6  <0.09843953163826523>, 2  <0.9001997449558453>}
x[1,3]{0  <1.0>}
x[1,4]{1  <1.0>}
x[1,5]{5  <0.9994981392617982>, 2  <5.018607382018035E-4>}
x[1,6]{4  <1.0>}
x[1,7]{2  <0.024300941684788836>, 6  <0.9756990583152111>}
x[2,0]{1  <1.0>}
x[2,1]{3  <1.0>}
x[2,2]{2  <6.870464266749618E-4>, 5  <0.9993129535733251>}
x[2,3]{7  <1.0>}
x[2,4]{0  <1.0>}
x[2,5]{4  <0.28569275068536587>, 5  <0.0029770357484905246>, 2  <0.7113302135661437>}
x[2,6]{6  <1.0>}
x[2,7]{4  <0.8201915508790667>, 2  <0.17980844912093327>}
x[3,0]{5  <1.0>}
x[3,1]{6  <1.0>}
x[3,2]{3  <0.14485346562535414>, 7  <0.8551465343746459>}
x[3,3]{4  <1.0>}
x[3,4]{2  <1.0>}
x[3,5]{1  <1.0>}
x[3,6]{3  <0.7200901013237331>, 7  <0.2799098986762669>}
x[3,7]{0  <1.0>}
x[4,0]{0  <1.0>}
x[4,1]{4  <6.759554608434716E-11>, 1  <0.9999999999324044>}
x[4,2]{6  <0.9627096352786005>, 2  <0.03729036472139945>}
x[4,3]{3  <1.0>}
x[4,4]{7  <1.0>}
x[4,5]{2  <0.12989160065126912>, 4  <0.870108399348731>}
x[4,6]{5  <1.0>}
x[4,7]{4  <0.21219178923749565>, 1  <7.737226000078695E-11>, 2  <0.7093755575658627>, 6  <0.0784326531192695>}
x[5,0]{4  <1.0>}
x[5,1]{2  <1.0>}
x[5,2]{0  <1.0>}
x[5,3]{5  <1.0>}
x[5,4]{6  <1.0>}
x[5,5]{7  <1.0>}
x[5,6]{1  <1.0>}
x[5,7]{3  <1.0>}
x[6,0]{2  <1.0>}
x[6,1]{5  <1.0>}
x[6,2]{3  <0.8809819837769857>, 1  <0.0024469009419233836>, 7  <0.11657111528109107>}
x[6,3]{6  <1.0>}
x[6,4]{4  <1.0>}
x[6,5]{0  <1.0>}
x[6,6]{3  <0.2676907922107345>, 7  <0.7323092077892654>}
x[6,7]{7  <0.005723644185552182>, 1  <0.9942763558144477>}
x[7,0]{7  <1.0>}
x[7,1]{0  <1.0>}
x[7,2]{4  <1.0>}
x[7,3]{1  <1.0>}
x[7,4]{3  <1.0>}
x[7,5]{6  <1.0>}
x[7,6]{2  <1.0>}
x[7,7]{5  <1.0>}
problem entropy = 0.3239494769562088
smallest variable entropy = 1.6505128781537955E-9
### branching on x[4,1]=1 marginal=0.9999999999324044
### branching on x[1,5]=5 marginal=0.9994981392617982
##### after BP iteration 1 #####
x[0,0]{6  <1.0>}
x[0,1]{4  <1.0>}
x[0,2]{7  <2.4998981299488625E-4>, 1  <0.9997500101870052>}
x[0,3]{2  <1.0>}
x[0,4]{5  <1.0>}
x[0,5]{3  <1.0>}
x[0,6]{0  <1.0>}
x[0,7]{7  <0.997925687469703>, 1  <0.0020743125302970177>}
x[1,0]{3  <1.0>}
x[1,1]{7  <1.0>}
x[1,2]{2  <0.950414008288991>, 6  <0.049585991711009046>}
x[1,3]{0  <1.0>}
x[1,4]{1  <1.0>}
x[1,5]{5  <1.0>}
x[1,6]{4  <1.0>}
x[1,7]{2  <0.07801341994965054>, 6  <0.9219865800503495>}
x[2,0]{1  <1.0>}
x[2,1]{3  <1.0>}
x[2,2]{5  <1.0>}
x[2,3]{7  <1.0>}
x[2,4]{0  <1.0>}
x[2,5]{4  <0.09228651740154968>, 2  <0.9077134825984503>}
x[2,6]{6  <1.0>}
x[2,7]{4  <0.7580922708722135>, 2  <0.24190772912778633>}
x[3,0]{5  <1.0>}
x[3,1]{6  <1.0>}
x[3,2]{3  <0.07674128103102108>, 7  <0.9232587189689789>}
x[3,3]{4  <1.0>}
x[3,4]{2  <1.0>}
x[3,5]{1  <1.0>}
x[3,6]{3  <0.7876913044645256>, 7  <0.21230869553547438>}
x[3,7]{0  <1.0>}
x[4,0]{0  <1.0>}
x[4,1]{1  <1.0>}
x[4,2]{6  <0.9232467972910898>, 2  <0.07675320270891016>}
x[4,3]{3  <1.0>}
x[4,4]{7  <1.0>}
x[4,5]{2  <0.25621450291377734>, 4  <0.7437854970862227>}
x[4,6]{5  <1.0>}
x[4,7]{4  <0.24015045635956225>, 6  <0.013795350245212841>, 2  <0.7460541933952249>}
x[5,0]{4  <1.0>}
x[5,1]{2  <1.0>}
x[5,2]{0  <1.0>}
x[5,3]{5  <1.0>}
x[5,4]{6  <1.0>}
x[5,5]{7  <1.0>}
x[5,6]{1  <1.0>}
x[5,7]{3  <1.0>}
x[6,0]{2  <1.0>}
x[6,1]{5  <1.0>}
x[6,2]{3  <0.8958334876762616>, 1  <0.001267109362297897>, 7  <0.1028994029614404>}
x[6,3]{6  <1.0>}
x[6,4]{4  <1.0>}
x[6,5]{0  <1.0>}
x[6,6]{3  <0.2424441898666105>, 7  <0.7575558101333896>}
x[6,7]{7  <0.007178609758776613>, 1  <0.9928213902412234>}
x[7,0]{7  <1.0>}
x[7,1]{0  <1.0>}
x[7,2]{4  <1.0>}
x[7,3]{1  <1.0>}
x[7,4]{3  <1.0>}
x[7,5]{6  <1.0>}
x[7,6]{2  <1.0>}
x[7,7]{5  <1.0>}
problem entropy = 0.43074294967061144
smallest variable entropy = 0.00232339666823434
##### after BP iteration 2 #####
x[0,0]{6  <1.0>}
x[0,1]{4  <1.0>}
x[0,2]{7  <5.694230473427633E-4>, 1  <0.9994305769526572>}
x[0,3]{2  <1.0>}
x[0,4]{5  <1.0>}
x[0,5]{3  <1.0>}
x[0,6]{0  <1.0>}
x[0,7]{7  <0.9997504261697359>, 1  <2.495738302640596E-4>}
x[1,0]{3  <1.0>}
x[1,1]{7  <1.0>}
x[1,2]{2  <0.9395609382679598>, 6  <0.060439061732040146>}
x[1,3]{0  <1.0>}
x[1,4]{1  <1.0>}
x[1,5]{5  <1.0>}
x[1,6]{4  <1.0>}
x[1,7]{2  <0.028540018286642738>, 6  <0.9714599817133573>}
x[2,0]{1  <1.0>}
x[2,1]{3  <1.0>}
x[2,2]{5  <1.0>}
x[2,3]{7  <1.0>}
x[2,4]{0  <1.0>}
x[2,5]{4  <0.21487835273443492>, 2  <0.785121647265565>}
x[2,6]{6  <1.0>}
x[2,7]{4  <0.8756427597597979>, 2  <0.12435724024020212>}
x[3,0]{5  <1.0>}
x[3,1]{6  <1.0>}
x[3,2]{3  <0.1549755906236765>, 7  <0.8450244093763235>}
x[3,3]{4  <1.0>}
x[3,4]{2  <1.0>}
x[3,5]{1  <1.0>}
x[3,6]{3  <0.9359493273958656>, 7  <0.06405067260413455>}
x[3,7]{0  <1.0>}
x[4,0]{0  <1.0>}
x[4,1]{1  <1.0>}
x[4,2]{6  <0.9825934267826049>, 2  <0.017406573217395138>}
x[4,3]{3  <1.0>}
x[4,4]{7  <1.0>}
x[4,5]{2  <0.1741612030222273>, 4  <0.8258387969777727>}
x[4,6]{5  <1.0>}
x[4,7]{4  <0.26580791362412504>, 6  <0.07237200339431167>, 2  <0.6618200829815634>}
x[5,0]{4  <1.0>}
x[5,1]{2  <1.0>}
x[5,2]{0  <1.0>}
x[5,3]{5  <1.0>}
x[5,4]{6  <1.0>}
x[5,5]{7  <1.0>}
x[5,6]{1  <1.0>}
x[5,7]{3  <1.0>}
x[6,0]{2  <1.0>}
x[6,1]{5  <1.0>}
x[6,2]{3  <0.8362845815507719>, 1  <0.001177194374153061>, 7  <0.16253822407507504>}
x[6,3]{6  <1.0>}
x[6,4]{4  <1.0>}
x[6,5]{0  <1.0>}
x[6,6]{3  <0.07995237607659912>, 7  <0.9200476239234009>}
x[6,7]{7  <7.504841104421122E-4>, 1  <0.9992495158895578>}
x[7,0]{7  <1.0>}
x[7,1]{0  <1.0>}
x[7,2]{4  <1.0>}
x[7,3]{1  <1.0>}
x[7,4]{3  <1.0>}
x[7,5]{6  <1.0>}
x[7,6]{2  <1.0>}
x[7,7]{5  <1.0>}
problem entropy = 0.36738714779441356
smallest variable entropy = 0.0023199462274931487
##### after BP iteration 3 #####
x[0,0]{6  <1.0>}
x[0,1]{4  <1.0>}
x[0,2]{7  <0.0017637816096058318>, 1  <0.9982362183903942>}
x[0,3]{2  <1.0>}
x[0,4]{5  <1.0>}
x[0,5]{3  <1.0>}
x[0,6]{0  <1.0>}
x[0,7]{7  <0.9997941814188337>, 1  <2.058185811662052E-4>}
x[1,0]{3  <1.0>}
x[1,1]{7  <1.0>}
x[1,2]{2  <0.99012329994969>, 6  <0.009876700050310088>}
x[1,3]{0  <1.0>}
x[1,4]{1  <1.0>}
x[1,5]{5  <1.0>}
x[1,6]{4  <1.0>}
x[1,7]{2  <0.0653880296946585>, 6  <0.9346119703053415>}
x[2,0]{1  <1.0>}
x[2,1]{3  <1.0>}
x[2,2]{5  <1.0>}
x[2,3]{7  <1.0>}
x[2,4]{0  <1.0>}
x[2,5]{4  <0.22755174648955298>, 2  <0.772448253510447>}
x[2,6]{6  <1.0>}
x[2,7]{4  <0.7586517276620114>, 2  <0.24134827233798853>}
x[3,0]{5  <1.0>}
x[3,1]{6  <1.0>}
x[3,2]{3  <0.13938889875462104>, 7  <0.8606111012453789>}
x[3,3]{4  <1.0>}
x[3,4]{2  <1.0>}
x[3,5]{1  <1.0>}
x[3,6]{3  <0.9441717051518461>, 7  <0.055828294848153874>}
x[3,7]{0  <1.0>}
x[4,0]{0  <1.0>}
x[4,1]{1  <1.0>}
x[4,2]{6  <0.9349876204404645>, 2  <0.06501237955953565>}
x[4,3]{3  <1.0>}
x[4,4]{7  <1.0>}
x[4,5]{2  <0.22990084025951135>, 4  <0.7700991597404887>}
x[4,6]{5  <1.0>}
x[4,7]{4  <0.08811361726756531>, 6  <0.04521679061555253>, 2  <0.8666695921168821>}
x[5,0]{4  <1.0>}
x[5,1]{2  <1.0>}
x[5,2]{0  <1.0>}
x[5,3]{5  <1.0>}
x[5,4]{6  <1.0>}
x[5,5]{7  <1.0>}
x[5,6]{1  <1.0>}
x[5,7]{3  <1.0>}
x[6,0]{2  <1.0>}
x[6,1]{5  <1.0>}
x[6,2]{3  <0.8810211257171113>, 1  <2.467993697656293E-4>, 7  <0.11873207491312289>}
x[6,3]{6  <1.0>}
x[6,4]{4  <1.0>}
x[6,5]{0  <1.0>}
x[6,6]{3  <0.03994907584231161>, 7  <0.9600509241576883>}
x[6,7]{7  <1.87349027725507E-5>, 1  <0.9999812650972274>}
x[7,0]{7  <1.0>}
x[7,1]{0  <1.0>}
x[7,2]{4  <1.0>}
x[7,3]{1  <1.0>}
x[7,4]{3  <1.0>}
x[7,5]{6  <1.0>}
x[7,6]{2  <1.0>}
x[7,7]{5  <1.0>}
problem entropy = 0.3607407585995609
smallest variable entropy = 2.2266643551857417E-4
### branching on x[6,7]=1 marginal=0.9999812650972274
### branching on x[1,2]=2 marginal=0.99012329994969
##### after BP iteration 1 #####
x[0,0]{6  <1.0>}
x[0,1]{4  <1.0>}
x[0,2]{1  <1.0>}
x[0,3]{2  <1.0>}
x[0,4]{5  <1.0>}
x[0,5]{3  <1.0>}
x[0,6]{0  <1.0>}
x[0,7]{7  <1.0>}
x[1,0]{3  <1.0>}
x[1,1]{7  <1.0>}
x[1,2]{2  <1.0>}
x[1,3]{0  <1.0>}
x[1,4]{1  <1.0>}
x[1,5]{5  <1.0>}
x[1,6]{4  <1.0>}
x[1,7]{6  <1.0>}
x[2,0]{1  <1.0>}
x[2,1]{3  <1.0>}
x[2,2]{5  <1.0>}
x[2,3]{7  <1.0>}
x[2,4]{0  <1.0>}
x[2,5]{4  <0.25761411022651487>, 2  <0.742385889773485>}
x[2,6]{6  <1.0>}
x[2,7]{4  <0.8258387969777727>, 2  <0.1741612030222273>}
x[3,0]{5  <1.0>}
x[3,1]{6  <1.0>}
x[3,2]{3  <0.04164082967547729>, 7  <0.9583591703245228>}
x[3,3]{4  <1.0>}
x[3,4]{2  <1.0>}
x[3,5]{1  <1.0>}
x[3,6]{3  <0.9103461560794561>, 7  <0.0896538439205439>}
x[3,7]{0  <1.0>}
x[4,0]{0  <1.0>}
x[4,1]{1  <1.0>}
x[4,2]{6  <1.0>}
x[4,3]{3  <1.0>}
x[4,4]{7  <1.0>}
x[4,5]{2  <0.12435724024020216>, 4  <0.8756427597597978>}
x[4,6]{5  <1.0>}
x[4,7]{4  <0.21487835273443498>, 2  <0.785121647265565>}
x[5,0]{4  <1.0>}
x[5,1]{2  <1.0>}
x[5,2]{0  <1.0>}
x[5,3]{5  <1.0>}
x[5,4]{6  <1.0>}
x[5,5]{7  <1.0>}
x[5,6]{1  <1.0>}
x[5,7]{3  <1.0>}
x[6,0]{2  <1.0>}
x[6,1]{5  <1.0>}
x[6,2]{3  <0.9669151089350607>, 7  <0.03308489106493921>}
x[6,3]{6  <1.0>}
x[6,4]{4  <1.0>}
x[6,5]{0  <1.0>}
x[6,6]{3  <0.0839964988192558>, 7  <0.9160035011807443>}
x[6,7]{1  <1.0>}
x[7,0]{7  <1.0>}
x[7,1]{0  <1.0>}
x[7,2]{4  <1.0>}
x[7,3]{1  <1.0>}
x[7,4]{3  <1.0>}
x[7,5]{6  <1.0>}
x[7,6]{2  <1.0>}
x[7,7]{5  <1.0>}
problem entropy = 0.5116927561455288
smallest variable entropy = 0.14530720730873037
##### after BP iteration 2 #####
x[0,0]{6  <1.0>}
x[0,1]{4  <1.0>}
x[0,2]{1  <1.0>}
x[0,3]{2  <1.0>}
x[0,4]{5  <1.0>}
x[0,5]{3  <1.0>}
x[0,6]{0  <1.0>}
x[0,7]{7  <1.0>}
x[1,0]{3  <1.0>}
x[1,1]{7  <1.0>}
x[1,2]{2  <1.0>}
x[1,3]{0  <1.0>}
x[1,4]{1  <1.0>}
x[1,5]{5  <1.0>}
x[1,6]{4  <1.0>}
x[1,7]{6  <1.0>}
x[2,0]{1  <1.0>}
x[2,1]{3  <1.0>}
x[2,2]{5  <1.0>}
x[2,3]{7  <1.0>}
x[2,4]{0  <1.0>}
x[2,5]{4  <0.09228651740154975>, 2  <0.9077134825984502>}
x[2,6]{6  <1.0>}
x[2,7]{4  <0.7700991597404887>, 2  <0.22990084025951135>}
x[3,0]{5  <1.0>}
x[3,1]{6  <1.0>}
x[3,2]{3  <0.02038165200196486>, 7  <0.9796183479980352>}
x[3,3]{4  <1.0>}
x[3,4]{2  <1.0>}
x[3,5]{1  <1.0>}
x[3,6]{3  <0.9368706424530409>, 7  <0.0631293575469592>}
x[3,7]{0  <1.0>}
x[4,0]{0  <1.0>}
x[4,1]{1  <1.0>}
x[4,2]{6  <1.0>}
x[4,3]{3  <1.0>}
x[4,4]{7  <1.0>}
x[4,5]{2  <0.24134827233798858>, 4  <0.7586517276620114>}
x[4,6]{5  <1.0>}
x[4,7]{4  <0.22755174648955293>, 2  <0.772448253510447>}
x[5,0]{4  <1.0>}
x[5,1]{2  <1.0>}
x[5,2]{0  <1.0>}
x[5,3]{5  <1.0>}
x[5,4]{6  <1.0>}
x[5,5]{7  <1.0>}
x[5,6]{1  <1.0>}
x[5,7]{3  <1.0>}
x[6,0]{2  <1.0>}
x[6,1]{5  <1.0>}
x[6,2]{3  <0.9712842776693977>, 7  <0.02871572233060223>}
x[6,3]{6  <1.0>}
x[6,4]{4  <1.0>}
x[6,5]{0  <1.0>}
x[6,6]{3  <0.07491565467997191>, 7  <0.9250843453200281>}
x[6,7]{1  <1.0>}
x[7,0]{7  <1.0>}
x[7,1]{0  <1.0>}
x[7,2]{4  <1.0>}
x[7,3]{1  <1.0>}
x[7,4]{3  <1.0>}
x[7,5]{6  <1.0>}
x[7,6]{2  <1.0>}
x[7,7]{5  <1.0>}
problem entropy = 0.48101581308641955
smallest variable entropy = 0.09952074145075838
##### after BP iteration 3 #####
x[0,0]{6  <1.0>}
x[0,1]{4  <1.0>}
x[0,2]{1  <1.0>}
x[0,3]{2  <1.0>}
x[0,4]{5  <1.0>}
x[0,5]{3  <1.0>}
x[0,6]{0  <1.0>}
x[0,7]{7  <1.0>}
x[1,0]{3  <1.0>}
x[1,1]{7  <1.0>}
x[1,2]{2  <1.0>}
x[1,3]{0  <1.0>}
x[1,4]{1  <1.0>}
x[1,5]{5  <1.0>}
x[1,6]{4  <1.0>}
x[1,7]{6  <1.0>}
x[2,0]{1  <1.0>}
x[2,1]{3  <1.0>}
x[2,2]{5  <1.0>}
x[2,3]{7  <1.0>}
x[2,4]{0  <1.0>}
x[2,5]{4  <0.21487835273443506>, 2  <0.785121647265565>}
x[2,6]{6  <1.0>}
x[2,7]{4  <0.8756427597597978>, 2  <0.12435724024020216>}
x[3,0]{5  <1.0>}
x[3,1]{6  <1.0>}
x[3,2]{3  <0.04383942866883731>, 7  <0.9561605713311627>}
x[3,3]{4  <1.0>}
x[3,4]{2  <1.0>}
x[3,5]{1  <1.0>}
x[3,6]{3  <0.9831792989363674>, 7  <0.016820701063632707>}
x[3,7]{0  <1.0>}
x[4,0]{0  <1.0>}
x[4,1]{1  <1.0>}
x[4,2]{6  <1.0>}
x[4,3]{3  <1.0>}
x[4,4]{7  <1.0>}
x[4,5]{2  <0.17416120302222726>, 4  <0.8258387969777727>}
x[4,6]{5  <1.0>}
x[4,7]{4  <0.25761411022651487>, 2  <0.7423858897734851>}
x[5,0]{4  <1.0>}
x[5,1]{2  <1.0>}
x[5,2]{0  <1.0>}
x[5,3]{5  <1.0>}
x[5,4]{6  <1.0>}
x[5,5]{7  <1.0>}
x[5,6]{1  <1.0>}
x[5,7]{3  <1.0>}
x[6,0]{2  <1.0>}
x[6,1]{5  <1.0>}
x[6,2]{3  <0.9530693201149797>, 7  <0.04693067988502026>}
x[6,3]{6  <1.0>}
x[6,4]{4  <1.0>}
x[6,5]{0  <1.0>}
x[6,6]{3  <0.021263121855515866>, 7  <0.9787368781444841>}
x[6,7]{1  <1.0>}
x[7,0]{7  <1.0>}
x[7,1]{0  <1.0>}
x[7,2]{4  <1.0>}
x[7,3]{1  <1.0>}
x[7,4]{3  <1.0>}
x[7,5]{6  <1.0>}
x[7,6]{2  <1.0>}
x[7,7]{5  <1.0>}
problem entropy = 0.44840424719128136
smallest variable entropy = 0.0853934350559741
##### after BP iteration 4 #####
x[0,0]{6  <1.0>}
x[0,1]{4  <1.0>}
x[0,2]{1  <1.0>}
x[0,3]{2  <1.0>}
x[0,4]{5  <1.0>}
x[0,5]{3  <1.0>}
x[0,6]{0  <1.0>}
x[0,7]{7  <1.0>}
x[1,0]{3  <1.0>}
x[1,1]{7  <1.0>}
x[1,2]{2  <1.0>}
x[1,3]{0  <1.0>}
x[1,4]{1  <1.0>}
x[1,5]{5  <1.0>}
x[1,6]{4  <1.0>}
x[1,7]{6  <1.0>}
x[2,0]{1  <1.0>}
x[2,1]{3  <1.0>}
x[2,2]{5  <1.0>}
x[2,3]{7  <1.0>}
x[2,4]{0  <1.0>}
x[2,5]{4  <0.2275517464895529>, 2  <0.772448253510447>}
x[2,6]{6  <1.0>}
x[2,7]{4  <0.7586517276620115>, 2  <0.24134827233798858>}
x[3,0]{5  <1.0>}
x[3,1]{6  <1.0>}
x[3,2]{3  <0.03891551809773709>, 7  <0.9610844819022628>}
x[3,3]{4  <1.0>}
x[3,4]{2  <1.0>}
x[3,5]{1  <1.0>}
x[3,6]{3  <0.9854329876944221>, 7  <0.014567012305577835>}
x[3,7]{0  <1.0>}
x[4,0]{0  <1.0>}
x[4,1]{1  <1.0>}
x[4,2]{6  <1.0>}
x[4,3]{3  <1.0>}
x[4,4]{7  <1.0>}
x[4,5]{2  <0.22990084025951132>, 4  <0.7700991597404887>}
x[4,6]{5  <1.0>}
x[4,7]{4  <0.09228651740154975>, 2  <0.9077134825984503>}
x[5,0]{4  <1.0>}
x[5,1]{2  <1.0>}
x[5,2]{0  <1.0>}
x[5,3]{5  <1.0>}
x[5,4]{6  <1.0>}
x[5,5]{7  <1.0>}
x[5,6]{1  <1.0>}
x[5,7]{3  <1.0>}
x[6,0]{2  <1.0>}
x[6,1]{5  <1.0>}
x[6,2]{3  <0.9674065184513272>, 7  <0.032593481548672795>}
x[6,3]{6  <1.0>}
x[6,4]{4  <1.0>}
x[6,5]{0  <1.0>}
x[6,6]{3  <0.010295748179226865>, 7  <0.9897042518207732>}
x[6,7]{1  <1.0>}
x[7,0]{7  <1.0>}
x[7,1]{0  <1.0>}
x[7,2]{4  <1.0>}
x[7,3]{1  <1.0>}
x[7,4]{3  <1.0>}
x[7,5]{6  <1.0>}
x[7,6]{2  <1.0>}
x[7,7]{5  <1.0>}
problem entropy = 0.428738389200999
smallest variable entropy = 0.05735615764215796
##### after BP iteration 5 #####
x[0,0]{6  <1.0>}
x[0,1]{4  <1.0>}
x[0,2]{1  <1.0>}
x[0,3]{2  <1.0>}
x[0,4]{5  <1.0>}
x[0,5]{3  <1.0>}
x[0,6]{0  <1.0>}
x[0,7]{7  <1.0>}
x[1,0]{3  <1.0>}
x[1,1]{7  <1.0>}
x[1,2]{2  <1.0>}
x[1,3]{0  <1.0>}
x[1,4]{1  <1.0>}
x[1,5]{5  <1.0>}
x[1,6]{4  <1.0>}
x[1,7]{6  <1.0>}
x[2,0]{1  <1.0>}
x[2,1]{3  <1.0>}
x[2,2]{5  <1.0>}
x[2,3]{7  <1.0>}
x[2,4]{0  <1.0>}
x[2,5]{4  <0.25761411022651487>, 2  <0.7423858897734852>}
x[2,6]{6  <1.0>}
x[2,7]{4  <0.8258387969777727>, 2  <0.17416120302222723>}
x[3,0]{5  <1.0>}
x[3,1]{6  <1.0>}
x[3,2]{3  <0.010745805614870273>, 7  <0.9892541943851297>}
x[3,3]{4  <1.0>}
x[3,4]{2  <1.0>}
x[3,5]{1  <1.0>}
x[3,6]{3  <0.9759708068722018>, 7  <0.024029193127798148>}
x[3,7]{0  <1.0>}
x[4,0]{0  <1.0>}
x[4,1]{1  <1.0>}
x[4,2]{6  <1.0>}
x[4,3]{3  <1.0>}
x[4,4]{7  <1.0>}
x[4,5]{2  <0.12435724024020216>, 4  <0.8756427597597978>}
x[4,6]{5  <1.0>}
x[4,7]{4  <0.21487835273443506>, 2  <0.7851216472655649>}
x[5,0]{4  <1.0>}
x[5,1]{2  <1.0>}
x[5,2]{0  <1.0>}
x[5,3]{5  <1.0>}
x[5,4]{6  <1.0>}
x[5,5]{7  <1.0>}
x[5,6]{1  <1.0>}
x[5,7]{3  <1.0>}
x[6,0]{2  <1.0>}
x[6,1]{5  <1.0>}
x[6,2]{3  <0.9915183155286796>, 7  <0.008481684471320422>}
x[6,3]{6  <1.0>}
x[6,4]{4  <1.0>}
x[6,5]{0  <1.0>}
x[6,6]{3  <0.022410956089869812>, 7  <0.9775890439101301>}
x[6,7]{1  <1.0>}
x[7,0]{7  <1.0>}
x[7,1]{0  <1.0>}
x[7,2]{4  <1.0>}
x[7,3]{1  <1.0>}
x[7,4]{3  <1.0>}
x[7,5]{6  <1.0>}
x[7,6]{2  <1.0>}
x[7,7]{5  <1.0>}
problem entropy = 0.40715547074006553
smallest variable entropy = 0.04890194337469942
##### after BP iteration 6 #####
x[0,0]{6  <1.0>}
x[0,1]{4  <1.0>}
x[0,2]{1  <1.0>}
x[0,3]{2  <1.0>}
x[0,4]{5  <1.0>}
x[0,5]{3  <1.0>}
x[0,6]{0  <1.0>}
x[0,7]{7  <1.0>}
x[1,0]{3  <1.0>}
x[1,1]{7  <1.0>}
x[1,2]{2  <1.0>}
x[1,3]{0  <1.0>}
x[1,4]{1  <1.0>}
x[1,5]{5  <1.0>}
x[1,6]{4  <1.0>}
x[1,7]{6  <1.0>}
x[2,0]{1  <1.0>}
x[2,1]{3  <1.0>}
x[2,2]{5  <1.0>}
x[2,3]{7  <1.0>}
x[2,4]{0  <1.0>}
x[2,5]{4  <0.09228651740154975>, 2  <0.9077134825984503>}
x[2,6]{6  <1.0>}
x[2,7]{4  <0.7700991597404886>, 2  <0.22990084025951132>}
x[3,0]{5  <1.0>}
x[3,1]{6  <1.0>}
x[3,2]{3  <0.00517451182496356>, 7  <0.9948254881750365>}
x[3,3]{4  <1.0>}
x[3,4]{2  <1.0>}
x[3,5]{1  <1.0>}
x[3,6]{3  <0.9834332756128463>, 7  <0.01656672438715372>}
x[3,7]{0  <1.0>}
x[4,0]{0  <1.0>}
x[4,1]{1  <1.0>}
x[4,2]{6  <1.0>}
x[4,3]{3  <1.0>}
x[4,4]{7  <1.0>}
x[4,5]{2  <0.24134827233798858>, 4  <0.7586517276620115>}
x[4,6]{5  <1.0>}
x[4,7]{4  <0.2275517464895529>, 2  <0.772448253510447>}
x[5,0]{4  <1.0>}
x[5,1]{2  <1.0>}
x[5,2]{0  <1.0>}
x[5,3]{5  <1.0>}
x[5,4]{6  <1.0>}
x[5,5]{7  <1.0>}
x[5,6]{1  <1.0>}
x[5,7]{3  <1.0>}
x[6,0]{2  <1.0>}
x[6,1]{5  <1.0>}
x[6,2]{3  <0.9926630551643579>, 7  <0.007336944835641991>}
x[6,3]{6  <1.0>}
x[6,4]{4  <1.0>}
x[6,5]{0  <1.0>}
x[6,6]{3  <0.01984387641474213>, 7  <0.9801561235852578>}
x[6,7]{1  <1.0>}
x[7,0]{7  <1.0>}
x[7,1]{0  <1.0>}
x[7,2]{4  <1.0>}
x[7,3]{1  <1.0>}
x[7,4]{3  <1.0>}
x[7,5]{6  <1.0>}
x[7,6]{2  <1.0>}
x[7,7]{5  <1.0>}
problem entropy = 0.3955584424886632
smallest variable entropy = 0.0323997843152452
##### after BP iteration 7 #####
x[0,0]{6  <1.0>}
x[0,1]{4  <1.0>}
x[0,2]{1  <1.0>}
x[0,3]{2  <1.0>}
x[0,4]{5  <1.0>}
x[0,5]{3  <1.0>}
x[0,6]{0  <1.0>}
x[0,7]{7  <1.0>}
x[1,0]{3  <1.0>}
x[1,1]{7  <1.0>}
x[1,2]{2  <1.0>}
x[1,3]{0  <1.0>}
x[1,4]{1  <1.0>}
x[1,5]{5  <1.0>}
x[1,6]{4  <1.0>}
x[1,7]{6  <1.0>}
x[2,0]{1  <1.0>}
x[2,1]{3  <1.0>}
x[2,2]{5  <1.0>}
x[2,3]{7  <1.0>}
x[2,4]{0  <1.0>}
x[2,5]{4  <0.21487835273443506>, 2  <0.7851216472655649>}
x[2,6]{6  <1.0>}
x[2,7]{4  <0.8756427597597978>, 2  <0.12435724024020216>}
x[3,0]{5  <1.0>}
x[3,1]{6  <1.0>}
x[3,2]{3  <0.011332463718325627>, 7  <0.9886675362816744>}
x[3,3]{4  <1.0>}
x[3,4]{2  <1.0>}
x[3,5]{1  <1.0>}
x[3,6]{3  <0.9957410964261864>, 7  <0.004258903573813643>}
x[3,7]{0  <1.0>}
x[4,0]{0  <1.0>}
x[4,1]{1  <1.0>}
x[4,2]{6  <1.0>}
x[4,3]{3  <1.0>}
x[4,4]{7  <1.0>}
x[4,5]{2  <0.17416120302222723>, 4  <0.8258387969777727>}
x[4,6]{5  <1.0>}
x[4,7]{4  <0.25761411022651487>, 2  <0.7423858897734852>}
x[5,0]{4  <1.0>}
x[5,1]{2  <1.0>}
x[5,2]{0  <1.0>}
x[5,3]{5  <1.0>}
x[5,4]{6  <1.0>}
x[5,5]{7  <1.0>}
x[5,6]{1  <1.0>}
x[5,7]{3  <1.0>}
x[6,0]{2  <1.0>}
x[6,1]{5  <1.0>}
x[6,2]{3  <0.9878392975016497>, 7  <0.012160702498350356>}
x[6,3]{6  <1.0>}
x[6,4]{4  <1.0>}
x[6,5]{0  <1.0>}
x[6,6]{3  <0.005401926835294047>, 7  <0.9945980731647059>}
x[6,7]{1  <1.0>}
x[7,0]{7  <1.0>}
x[7,1]{0  <1.0>}
x[7,2]{4  <1.0>}
x[7,3]{1  <1.0>}
x[7,4]{3  <1.0>}
x[7,5]{6  <1.0>}
x[7,6]{2  <1.0>}
x[7,7]{5  <1.0>}
problem entropy = 0.38189455802419575
smallest variable entropy = 0.02749808386527572
##### after BP iteration 8 #####
x[0,0]{6  <1.0>}
x[0,1]{4  <1.0>}
x[0,2]{1  <1.0>}
x[0,3]{2  <1.0>}
x[0,4]{5  <1.0>}
x[0,5]{3  <1.0>}
x[0,6]{0  <1.0>}
x[0,7]{7  <1.0>}
x[1,0]{3  <1.0>}
x[1,1]{7  <1.0>}
x[1,2]{2  <1.0>}
x[1,3]{0  <1.0>}
x[1,4]{1  <1.0>}
x[1,5]{5  <1.0>}
x[1,6]{4  <1.0>}
x[1,7]{6  <1.0>}
x[2,0]{1  <1.0>}
x[2,1]{3  <1.0>}
x[2,2]{5  <1.0>}
x[2,3]{7  <1.0>}
x[2,4]{0  <1.0>}
x[2,5]{4  <0.2275517464895529>, 2  <0.772448253510447>}
x[2,6]{6  <1.0>}
x[2,7]{4  <0.7586517276620115>, 2  <0.24134827233798858>}
x[3,0]{5  <1.0>}
x[3,1]{6  <1.0>}
x[3,2]{3  <0.010021369617468814>, 7  <0.9899786303825312>}
x[3,3]{4  <1.0>}
x[3,4]{2  <1.0>}
x[3,5]{1  <1.0>}
x[3,6]{3  <0.9963180203413583>, 7  <0.0036819796586417017>}
x[3,7]{0  <1.0>}
x[4,0]{0  <1.0>}
x[4,1]{1  <1.0>}
x[4,2]{6  <1.0>}
x[4,3]{3  <1.0>}
x[4,4]{7  <1.0>}
x[4,5]{2  <0.22990084025951132>, 4  <0.7700991597404886>}
x[4,6]{5  <1.0>}
x[4,7]{4  <0.09228651740154975>, 2  <0.9077134825984503>}
x[5,0]{4  <1.0>}
x[5,1]{2  <1.0>}
x[5,2]{0  <1.0>}
x[5,3]{5  <1.0>}
x[5,4]{6  <1.0>}
x[5,5]{7  <1.0>}
x[5,6]{1  <1.0>}
x[5,7]{3  <1.0>}
x[6,0]{2  <1.0>}
x[6,1]{5  <1.0>}
x[6,2]{3  <0.9916474506146243>, 7  <0.008352549385375664>}
x[6,3]{6  <1.0>}
x[6,4]{4  <1.0>}
x[6,5]{0  <1.0>}
x[6,6]{3  <0.0025939671693775363>, 7  <0.9974060328306225>}
x[6,7]{1  <1.0>}
x[7,0]{7  <1.0>}
x[7,1]{0  <1.0>}
x[7,2]{4  <1.0>}
x[7,3]{1  <1.0>}
x[7,4]{3  <1.0>}
x[7,5]{6  <1.0>}
x[7,6]{2  <1.0>}
x[7,7]{5  <1.0>}
problem entropy = 0.375572380127583
smallest variable entropy = 0.018036550839335228
##### after BP iteration 9 #####
x[0,0]{6  <1.0>}
x[0,1]{4  <1.0>}
x[0,2]{1  <1.0>}
x[0,3]{2  <1.0>}
x[0,4]{5  <1.0>}
x[0,5]{3  <1.0>}
x[0,6]{0  <1.0>}
x[0,7]{7  <1.0>}
x[1,0]{3  <1.0>}
x[1,1]{7  <1.0>}
x[1,2]{2  <1.0>}
x[1,3]{0  <1.0>}
x[1,4]{1  <1.0>}
x[1,5]{5  <1.0>}
x[1,6]{4  <1.0>}
x[1,7]{6  <1.0>}
x[2,0]{1  <1.0>}
x[2,1]{3  <1.0>}
x[2,2]{5  <1.0>}
x[2,3]{7  <1.0>}
x[2,4]{0  <1.0>}
x[2,5]{4  <0.25761411022651487>, 2  <0.7423858897734852>}
x[2,6]{6  <1.0>}
x[2,7]{4  <0.8258387969777727>, 2  <0.17416120302222723>}
x[3,0]{5  <1.0>}
x[3,1]{6  <1.0>}
x[3,2]{3  <0.002708278378472082>, 7  <0.9972917216215279>}
x[3,3]{4  <1.0>}
x[3,4]{2  <1.0>}
x[3,5]{1  <1.0>}
x[3,6]{3  <0.9938824519096517>, 7  <0.0061175480903482155>}
x[3,7]{0  <1.0>}
x[4,0]{0  <1.0>}
x[4,1]{1  <1.0>}
x[4,2]{6  <1.0>}
x[4,3]{3  <1.0>}
x[4,4]{7  <1.0>}
x[4,5]{2  <0.12435724024020216>, 4  <0.8756427597597978>}
x[4,6]{5  <1.0>}
x[4,7]{4  <0.21487835273443506>, 2  <0.7851216472655649>}
x[5,0]{4  <1.0>}
x[5,1]{2  <1.0>}
x[5,2]{0  <1.0>}
x[5,3]{5  <1.0>}
x[5,4]{6  <1.0>}
x[5,5]{7  <1.0>}
x[5,6]{1  <1.0>}
x[5,7]{3  <1.0>}
x[6,0]{2  <1.0>}
x[6,1]{5  <1.0>}
x[6,2]{3  <0.997866003971437>, 7  <0.002133996028563098>}
x[6,3]{6  <1.0>}
x[6,4]{4  <1.0>}
x[6,5]{0  <1.0>}
x[6,6]{3  <0.00569852100040542>, 7  <0.9943014789995946>}
x[6,7]{1  <1.0>}
x[7,0]{7  <1.0>}
x[7,1]{0  <1.0>}
x[7,2]{4  <1.0>}
x[7,3]{1  <1.0>}
x[7,4]{3  <1.0>}
x[7,5]{6  <1.0>}
x[7,6]{2  <1.0>}
x[7,7]{5  <1.0>}
problem entropy = 0.3670239667892826
smallest variable entropy = 0.015255278692790045
##### after BP iteration 10 #####
x[0,0]{6  <1.0>}
x[0,1]{4  <1.0>}
x[0,2]{1  <1.0>}
x[0,3]{2  <1.0>}
x[0,4]{5  <1.0>}
x[0,5]{3  <1.0>}
x[0,6]{0  <1.0>}
x[0,7]{7  <1.0>}
x[1,0]{3  <1.0>}
x[1,1]{7  <1.0>}
x[1,2]{2  <1.0>}
x[1,3]{0  <1.0>}
x[1,4]{1  <1.0>}
x[1,5]{5  <1.0>}
x[1,6]{4  <1.0>}
x[1,7]{6  <1.0>}
x[2,0]{1  <1.0>}
x[2,1]{3  <1.0>}
x[2,2]{5  <1.0>}
x[2,3]{7  <1.0>}
x[2,4]{0  <1.0>}
x[2,5]{4  <0.09228651740154975>, 2  <0.9077134825984503>}
x[2,6]{6  <1.0>}
x[2,7]{4  <0.7700991597404886>, 2  <0.22990084025951132>}
x[3,0]{5  <1.0>}
x[3,1]{6  <1.0>}
x[3,2]{3  <0.001298667935683311>, 7  <0.9987013320643167>}
x[3,3]{4  <1.0>}
x[3,4]{2  <1.0>}
x[3,5]{1  <1.0>}
x[3,6]{3  <0.9958062108919938>, 7  <0.004193789108006069>}
x[3,7]{0  <1.0>}
x[4,0]{0  <1.0>}
x[4,1]{1  <1.0>}
x[4,2]{6  <1.0>}
x[4,3]{3  <1.0>}
x[4,4]{7  <1.0>}
x[4,5]{2  <0.24134827233798858>, 4  <0.7586517276620115>}
x[4,6]{5  <1.0>}
x[4,7]{4  <0.2275517464895529>, 2  <0.772448253510447>}
x[5,0]{4  <1.0>}
x[5,1]{2  <1.0>}
x[5,2]{0  <1.0>}
x[5,3]{5  <1.0>}
x[5,4]{6  <1.0>}
x[5,5]{7  <1.0>}
x[5,6]{1  <1.0>}
x[5,7]{3  <1.0>}
x[6,0]{2  <1.0>}
x[6,1]{5  <1.0>}
x[6,2]{3  <0.9981556146760564>, 7  <0.0018443853239435801>}
x[6,3]{6  <1.0>}
x[6,4]{4  <1.0>}
x[6,5]{0  <1.0>}
x[6,6]{3  <0.005035918207595234>, 7  <0.9949640817924048>}
x[6,7]{1  <1.0>}
x[7,0]{7  <1.0>}
x[7,1]{0  <1.0>}
x[7,2]{4  <1.0>}
x[7,3]{1  <1.0>}
x[7,4]{3  <1.0>}
x[7,5]{6  <1.0>}
x[7,6]{2  <1.0>}
x[7,7]{5  <1.0>}
problem entropy = 0.363933893066391
smallest variable entropy = 0.009929311913452194
### branching on x[3,2]=7 marginal=0.9987013320643167
##### after BP iteration 1 #####
x[0,0]{6  <1.0>}
x[0,1]{4  <1.0>}
x[0,2]{1  <1.0>}
x[0,3]{2  <1.0>}
x[0,4]{5  <1.0>}
x[0,5]{3  <1.0>}
x[0,6]{0  <1.0>}
x[0,7]{7  <1.0>}
x[1,0]{3  <1.0>}
x[1,1]{7  <1.0>}
x[1,2]{2  <1.0>}
x[1,3]{0  <1.0>}
x[1,4]{1  <1.0>}
x[1,5]{5  <1.0>}
x[1,6]{4  <1.0>}
x[1,7]{6  <1.0>}
x[2,0]{1  <1.0>}
x[2,1]{3  <1.0>}
x[2,2]{5  <1.0>}
x[2,3]{7  <1.0>}
x[2,4]{0  <1.0>}
x[2,5]{4  <0.21487835273443506>, 2  <0.7851216472655649>}
x[2,6]{6  <1.0>}
x[2,7]{4  <0.8756427597597978>, 2  <0.12435724024020216>}
x[3,0]{5  <1.0>}
x[3,1]{6  <1.0>}
x[3,2]{7  <1.0>}
x[3,3]{4  <1.0>}
x[3,4]{2  <1.0>}
x[3,5]{1  <1.0>}
x[3,6]{3  <1.0>}
x[3,7]{0  <1.0>}
x[4,0]{0  <1.0>}
x[4,1]{1  <1.0>}
x[4,2]{6  <1.0>}
x[4,3]{3  <1.0>}
x[4,4]{7  <1.0>}
x[4,5]{2  <0.17416120302222723>, 4  <0.8258387969777727>}
x[4,6]{5  <1.0>}
x[4,7]{4  <0.25761411022651487>, 2  <0.7423858897734852>}
x[5,0]{4  <1.0>}
x[5,1]{2  <1.0>}
x[5,2]{0  <1.0>}
x[5,3]{5  <1.0>}
x[5,4]{6  <1.0>}
x[5,5]{7  <1.0>}
x[5,6]{1  <1.0>}
x[5,7]{3  <1.0>}
x[6,0]{2  <1.0>}
x[6,1]{5  <1.0>}
x[6,2]{3  <1.0>}
x[6,3]{6  <1.0>}
x[6,4]{4  <1.0>}
x[6,5]{0  <1.0>}
x[6,6]{7  <1.0>}
x[6,7]{1  <1.0>}
x[7,0]{7  <1.0>}
x[7,1]{0  <1.0>}
x[7,2]{4  <1.0>}
x[7,3]{1  <1.0>}
x[7,4]{3  <1.0>}
x[7,5]{6  <1.0>}
x[7,6]{2  <1.0>}
x[7,7]{5  <1.0>}
problem entropy = 0.6956806091659031
smallest variable entropy = 0.3755175170938933
##### after BP iteration 2 #####
x[0,0]{6  <1.0>}
x[0,1]{4  <1.0>}
x[0,2]{1  <1.0>}
x[0,3]{2  <1.0>}
x[0,4]{5  <1.0>}
x[0,5]{3  <1.0>}
x[0,6]{0  <1.0>}
x[0,7]{7  <1.0>}
x[1,0]{3  <1.0>}
x[1,1]{7  <1.0>}
x[1,2]{2  <1.0>}
x[1,3]{0  <1.0>}
x[1,4]{1  <1.0>}
x[1,5]{5  <1.0>}
x[1,6]{4  <1.0>}
x[1,7]{6  <1.0>}
x[2,0]{1  <1.0>}
x[2,1]{3  <1.0>}
x[2,2]{5  <1.0>}
x[2,3]{7  <1.0>}
x[2,4]{0  <1.0>}
x[2,5]{4  <0.2275517464895529>, 2  <0.772448253510447>}
x[2,6]{6  <1.0>}
x[2,7]{4  <0.7586517276620115>, 2  <0.24134827233798858>}
x[3,0]{5  <1.0>}
x[3,1]{6  <1.0>}
x[3,2]{7  <1.0>}
x[3,3]{4  <1.0>}
x[3,4]{2  <1.0>}
x[3,5]{1  <1.0>}
x[3,6]{3  <1.0>}
x[3,7]{0  <1.0>}
x[4,0]{0  <1.0>}
x[4,1]{1  <1.0>}
x[4,2]{6  <1.0>}
x[4,3]{3  <1.0>}
x[4,4]{7  <1.0>}
x[4,5]{2  <0.22990084025951132>, 4  <0.7700991597404886>}
x[4,6]{5  <1.0>}
x[4,7]{4  <0.09228651740154975>, 2  <0.9077134825984503>}
x[5,0]{4  <1.0>}
x[5,1]{2  <1.0>}
x[5,2]{0  <1.0>}
x[5,3]{5  <1.0>}
x[5,4]{6  <1.0>}
x[5,5]{7  <1.0>}
x[5,6]{1  <1.0>}
x[5,7]{3  <1.0>}
x[6,0]{2  <1.0>}
x[6,1]{5  <1.0>}
x[6,2]{3  <1.0>}
x[6,3]{6  <1.0>}
x[6,4]{4  <1.0>}
x[6,5]{0  <1.0>}
x[6,6]{7  <1.0>}
x[6,7]{1  <1.0>}
x[7,0]{7  <1.0>}
x[7,1]{0  <1.0>}
x[7,2]{4  <1.0>}
x[7,3]{1  <1.0>}
x[7,4]{3  <1.0>}
x[7,5]{6  <1.0>}
x[7,6]{2  <1.0>}
x[7,7]{5  <1.0>}
problem entropy = 0.6982222052135596
smallest variable entropy = 0.3077963121502092
##### after BP iteration 3 #####
x[0,0]{6  <1.0>}
x[0,1]{4  <1.0>}
x[0,2]{1  <1.0>}
x[0,3]{2  <1.0>}
x[0,4]{5  <1.0>}
x[0,5]{3  <1.0>}
x[0,6]{0  <1.0>}
x[0,7]{7  <1.0>}
x[1,0]{3  <1.0>}
x[1,1]{7  <1.0>}
x[1,2]{2  <1.0>}
x[1,3]{0  <1.0>}
x[1,4]{1  <1.0>}
x[1,5]{5  <1.0>}
x[1,6]{4  <1.0>}
x[1,7]{6  <1.0>}
x[2,0]{1  <1.0>}
x[2,1]{3  <1.0>}
x[2,2]{5  <1.0>}
x[2,3]{7  <1.0>}
x[2,4]{0  <1.0>}
x[2,5]{4  <0.25761411022651487>, 2  <0.7423858897734852>}
x[2,6]{6  <1.0>}
x[2,7]{4  <0.8258387969777727>, 2  <0.17416120302222723>}
x[3,0]{5  <1.0>}
x[3,1]{6  <1.0>}
x[3,2]{7  <1.0>}
x[3,3]{4  <1.0>}
x[3,4]{2  <1.0>}
x[3,5]{1  <1.0>}
x[3,6]{3  <1.0>}
x[3,7]{0  <1.0>}
x[4,0]{0  <1.0>}
x[4,1]{1  <1.0>}
x[4,2]{6  <1.0>}
x[4,3]{3  <1.0>}
x[4,4]{7  <1.0>}
x[4,5]{2  <0.12435724024020216>, 4  <0.8756427597597978>}
x[4,6]{5  <1.0>}
x[4,7]{4  <0.21487835273443506>, 2  <0.7851216472655649>}
x[5,0]{4  <1.0>}
x[5,1]{2  <1.0>}
x[5,2]{0  <1.0>}
x[5,3]{5  <1.0>}
x[5,4]{6  <1.0>}
x[5,5]{7  <1.0>}
x[5,6]{1  <1.0>}
x[5,7]{3  <1.0>}
x[6,0]{2  <1.0>}
x[6,1]{5  <1.0>}
x[6,2]{3  <1.0>}
x[6,3]{6  <1.0>}
x[6,4]{4  <1.0>}
x[6,5]{0  <1.0>}
x[6,6]{7  <1.0>}
x[6,7]{1  <1.0>}
x[7,0]{7  <1.0>}
x[7,1]{0  <1.0>}
x[7,2]{4  <1.0>}
x[7,3]{1  <1.0>}
x[7,4]{3  <1.0>}
x[7,5]{6  <1.0>}
x[7,6]{2  <1.0>}
x[7,7]{5  <1.0>}
problem entropy = 0.695680609165903
smallest variable entropy = 0.3755175170938933
##### after BP iteration 4 #####
x[0,0]{6  <1.0>}
x[0,1]{4  <1.0>}
x[0,2]{1  <1.0>}
x[0,3]{2  <1.0>}
x[0,4]{5  <1.0>}
x[0,5]{3  <1.0>}
x[0,6]{0  <1.0>}
x[0,7]{7  <1.0>}
x[1,0]{3  <1.0>}
x[1,1]{7  <1.0>}
x[1,2]{2  <1.0>}
x[1,3]{0  <1.0>}
x[1,4]{1  <1.0>}
x[1,5]{5  <1.0>}
x[1,6]{4  <1.0>}
x[1,7]{6  <1.0>}
x[2,0]{1  <1.0>}
x[2,1]{3  <1.0>}
x[2,2]{5  <1.0>}
x[2,3]{7  <1.0>}
x[2,4]{0  <1.0>}
x[2,5]{4  <0.09228651740154975>, 2  <0.9077134825984503>}
x[2,6]{6  <1.0>}
x[2,7]{4  <0.7700991597404886>, 2  <0.22990084025951132>}
x[3,0]{5  <1.0>}
x[3,1]{6  <1.0>}
x[3,2]{7  <1.0>}
x[3,3]{4  <1.0>}
x[3,4]{2  <1.0>}
x[3,5]{1  <1.0>}
x[3,6]{3  <1.0>}
x[3,7]{0  <1.0>}
x[4,0]{0  <1.0>}
x[4,1]{1  <1.0>}
x[4,2]{6  <1.0>}
x[4,3]{3  <1.0>}
x[4,4]{7  <1.0>}
x[4,5]{2  <0.24134827233798858>, 4  <0.7586517276620115>}
x[4,6]{5  <1.0>}
x[4,7]{4  <0.2275517464895529>, 2  <0.772448253510447>}
x[5,0]{4  <1.0>}
x[5,1]{2  <1.0>}
x[5,2]{0  <1.0>}
x[5,3]{5  <1.0>}
x[5,4]{6  <1.0>}
x[5,5]{7  <1.0>}
x[5,6]{1  <1.0>}
x[5,7]{3  <1.0>}
x[6,0]{2  <1.0>}
x[6,1]{5  <1.0>}
x[6,2]{3  <1.0>}
x[6,3]{6  <1.0>}
x[6,4]{4  <1.0>}
x[6,5]{0  <1.0>}
x[6,6]{7  <1.0>}
x[6,7]{1  <1.0>}
x[7,0]{7  <1.0>}
x[7,1]{0  <1.0>}
x[7,2]{4  <1.0>}
x[7,3]{1  <1.0>}
x[7,4]{3  <1.0>}
x[7,5]{6  <1.0>}
x[7,6]{2  <1.0>}
x[7,7]{5  <1.0>}
problem entropy = 0.6982222052135596
smallest variable entropy = 0.3077963121502092
##### after BP iteration 5 #####
x[0,0]{6  <1.0>}
x[0,1]{4  <1.0>}
x[0,2]{1  <1.0>}
x[0,3]{2  <1.0>}
x[0,4]{5  <1.0>}
x[0,5]{3  <1.0>}
x[0,6]{0  <1.0>}
x[0,7]{7  <1.0>}
x[1,0]{3  <1.0>}
x[1,1]{7  <1.0>}
x[1,2]{2  <1.0>}
x[1,3]{0  <1.0>}
x[1,4]{1  <1.0>}
x[1,5]{5  <1.0>}
x[1,6]{4  <1.0>}
x[1,7]{6  <1.0>}
x[2,0]{1  <1.0>}
x[2,1]{3  <1.0>}
x[2,2]{5  <1.0>}
x[2,3]{7  <1.0>}
x[2,4]{0  <1.0>}
x[2,5]{4  <0.21487835273443506>, 2  <0.7851216472655649>}
x[2,6]{6  <1.0>}
x[2,7]{4  <0.8756427597597978>, 2  <0.12435724024020216>}
x[3,0]{5  <1.0>}
x[3,1]{6  <1.0>}
x[3,2]{7  <1.0>}
x[3,3]{4  <1.0>}
x[3,4]{2  <1.0>}
x[3,5]{1  <1.0>}
x[3,6]{3  <1.0>}
x[3,7]{0  <1.0>}
x[4,0]{0  <1.0>}
x[4,1]{1  <1.0>}
x[4,2]{6  <1.0>}
x[4,3]{3  <1.0>}
x[4,4]{7  <1.0>}
x[4,5]{2  <0.17416120302222723>, 4  <0.8258387969777727>}
x[4,6]{5  <1.0>}
x[4,7]{4  <0.25761411022651487>, 2  <0.7423858897734852>}
x[5,0]{4  <1.0>}
x[5,1]{2  <1.0>}
x[5,2]{0  <1.0>}
x[5,3]{5  <1.0>}
x[5,4]{6  <1.0>}
x[5,5]{7  <1.0>}
x[5,6]{1  <1.0>}
x[5,7]{3  <1.0>}
x[6,0]{2  <1.0>}
x[6,1]{5  <1.0>}
x[6,2]{3  <1.0>}
x[6,3]{6  <1.0>}
x[6,4]{4  <1.0>}
x[6,5]{0  <1.0>}
x[6,6]{7  <1.0>}
x[6,7]{1  <1.0>}
x[7,0]{7  <1.0>}
x[7,1]{0  <1.0>}
x[7,2]{4  <1.0>}
x[7,3]{1  <1.0>}
x[7,4]{3  <1.0>}
x[7,5]{6  <1.0>}
x[7,6]{2  <1.0>}
x[7,7]{5  <1.0>}
problem entropy = 0.6956806091659031
smallest variable entropy = 0.3755175170938933
##### after BP iteration 6 #####
x[0,0]{6  <1.0>}
x[0,1]{4  <1.0>}
x[0,2]{1  <1.0>}
x[0,3]{2  <1.0>}
x[0,4]{5  <1.0>}
x[0,5]{3  <1.0>}
x[0,6]{0  <1.0>}
x[0,7]{7  <1.0>}
x[1,0]{3  <1.0>}
x[1,1]{7  <1.0>}
x[1,2]{2  <1.0>}
x[1,3]{0  <1.0>}
x[1,4]{1  <1.0>}
x[1,5]{5  <1.0>}
x[1,6]{4  <1.0>}
x[1,7]{6  <1.0>}
x[2,0]{1  <1.0>}
x[2,1]{3  <1.0>}
x[2,2]{5  <1.0>}
x[2,3]{7  <1.0>}
x[2,4]{0  <1.0>}
x[2,5]{4  <0.2275517464895529>, 2  <0.772448253510447>}
x[2,6]{6  <1.0>}
x[2,7]{4  <0.7586517276620115>, 2  <0.24134827233798858>}
x[3,0]{5  <1.0>}
x[3,1]{6  <1.0>}
x[3,2]{7  <1.0>}
x[3,3]{4  <1.0>}
x[3,4]{2  <1.0>}
x[3,5]{1  <1.0>}
x[3,6]{3  <1.0>}
x[3,7]{0  <1.0>}
x[4,0]{0  <1.0>}
x[4,1]{1  <1.0>}
x[4,2]{6  <1.0>}
x[4,3]{3  <1.0>}
x[4,4]{7  <1.0>}
x[4,5]{2  <0.22990084025951132>, 4  <0.7700991597404886>}
x[4,6]{5  <1.0>}
x[4,7]{4  <0.09228651740154975>, 2  <0.9077134825984503>}
x[5,0]{4  <1.0>}
x[5,1]{2  <1.0>}
x[5,2]{0  <1.0>}
x[5,3]{5  <1.0>}
x[5,4]{6  <1.0>}
x[5,5]{7  <1.0>}
x[5,6]{1  <1.0>}
x[5,7]{3  <1.0>}
x[6,0]{2  <1.0>}
x[6,1]{5  <1.0>}
x[6,2]{3  <1.0>}
x[6,3]{6  <1.0>}
x[6,4]{4  <1.0>}
x[6,5]{0  <1.0>}
x[6,6]{7  <1.0>}
x[6,7]{1  <1.0>}
x[7,0]{7  <1.0>}
x[7,1]{0  <1.0>}
x[7,2]{4  <1.0>}
x[7,3]{1  <1.0>}
x[7,4]{3  <1.0>}
x[7,5]{6  <1.0>}
x[7,6]{2  <1.0>}
x[7,7]{5  <1.0>}
problem entropy = 0.6982222052135596
smallest variable entropy = 0.3077963121502092
##### after BP iteration 7 #####
x[0,0]{6  <1.0>}
x[0,1]{4  <1.0>}
x[0,2]{1  <1.0>}
x[0,3]{2  <1.0>}
x[0,4]{5  <1.0>}
x[0,5]{3  <1.0>}
x[0,6]{0  <1.0>}
x[0,7]{7  <1.0>}
x[1,0]{3  <1.0>}
x[1,1]{7  <1.0>}
x[1,2]{2  <1.0>}
x[1,3]{0  <1.0>}
x[1,4]{1  <1.0>}
x[1,5]{5  <1.0>}
x[1,6]{4  <1.0>}
x[1,7]{6  <1.0>}
x[2,0]{1  <1.0>}
x[2,1]{3  <1.0>}
x[2,2]{5  <1.0>}
x[2,3]{7  <1.0>}
x[2,4]{0  <1.0>}
x[2,5]{4  <0.25761411022651487>, 2  <0.7423858897734852>}
x[2,6]{6  <1.0>}
x[2,7]{4  <0.8258387969777727>, 2  <0.17416120302222723>}
x[3,0]{5  <1.0>}
x[3,1]{6  <1.0>}
x[3,2]{7  <1.0>}
x[3,3]{4  <1.0>}
x[3,4]{2  <1.0>}
x[3,5]{1  <1.0>}
x[3,6]{3  <1.0>}
x[3,7]{0  <1.0>}
x[4,0]{0  <1.0>}
x[4,1]{1  <1.0>}
x[4,2]{6  <1.0>}
x[4,3]{3  <1.0>}
x[4,4]{7  <1.0>}
x[4,5]{2  <0.12435724024020216>, 4  <0.8756427597597978>}
x[4,6]{5  <1.0>}
x[4,7]{4  <0.21487835273443506>, 2  <0.7851216472655649>}
x[5,0]{4  <1.0>}
x[5,1]{2  <1.0>}
x[5,2]{0  <1.0>}
x[5,3]{5  <1.0>}
x[5,4]{6  <1.0>}
x[5,5]{7  <1.0>}
x[5,6]{1  <1.0>}
x[5,7]{3  <1.0>}
x[6,0]{2  <1.0>}
x[6,1]{5  <1.0>}
x[6,2]{3  <1.0>}
x[6,3]{6  <1.0>}
x[6,4]{4  <1.0>}
x[6,5]{0  <1.0>}
x[6,6]{7  <1.0>}
x[6,7]{1  <1.0>}
x[7,0]{7  <1.0>}
x[7,1]{0  <1.0>}
x[7,2]{4  <1.0>}
x[7,3]{1  <1.0>}
x[7,4]{3  <1.0>}
x[7,5]{6  <1.0>}
x[7,6]{2  <1.0>}
x[7,7]{5  <1.0>}
problem entropy = 0.695680609165903
smallest variable entropy = 0.3755175170938933
##### after BP iteration 8 #####
x[0,0]{6  <1.0>}
x[0,1]{4  <1.0>}
x[0,2]{1  <1.0>}
x[0,3]{2  <1.0>}
x[0,4]{5  <1.0>}
x[0,5]{3  <1.0>}
x[0,6]{0  <1.0>}
x[0,7]{7  <1.0>}
x[1,0]{3  <1.0>}
x[1,1]{7  <1.0>}
x[1,2]{2  <1.0>}
x[1,3]{0  <1.0>}
x[1,4]{1  <1.0>}
x[1,5]{5  <1.0>}
x[1,6]{4  <1.0>}
x[1,7]{6  <1.0>}
x[2,0]{1  <1.0>}
x[2,1]{3  <1.0>}
x[2,2]{5  <1.0>}
x[2,3]{7  <1.0>}
x[2,4]{0  <1.0>}
x[2,5]{4  <0.09228651740154975>, 2  <0.9077134825984503>}
x[2,6]{6  <1.0>}
x[2,7]{4  <0.7700991597404886>, 2  <0.22990084025951132>}
x[3,0]{5  <1.0>}
x[3,1]{6  <1.0>}
x[3,2]{7  <1.0>}
x[3,3]{4  <1.0>}
x[3,4]{2  <1.0>}
x[3,5]{1  <1.0>}
x[3,6]{3  <1.0>}
x[3,7]{0  <1.0>}
x[4,0]{0  <1.0>}
x[4,1]{1  <1.0>}
x[4,2]{6  <1.0>}
x[4,3]{3  <1.0>}
x[4,4]{7  <1.0>}
x[4,5]{2  <0.24134827233798858>, 4  <0.7586517276620115>}
x[4,6]{5  <1.0>}
x[4,7]{4  <0.2275517464895529>, 2  <0.772448253510447>}
x[5,0]{4  <1.0>}
x[5,1]{2  <1.0>}
x[5,2]{0  <1.0>}
x[5,3]{5  <1.0>}
x[5,4]{6  <1.0>}
x[5,5]{7  <1.0>}
x[5,6]{1  <1.0>}
x[5,7]{3  <1.0>}
x[6,0]{2  <1.0>}
x[6,1]{5  <1.0>}
x[6,2]{3  <1.0>}
x[6,3]{6  <1.0>}
x[6,4]{4  <1.0>}
x[6,5]{0  <1.0>}
x[6,6]{7  <1.0>}
x[6,7]{1  <1.0>}
x[7,0]{7  <1.0>}
x[7,1]{0  <1.0>}
x[7,2]{4  <1.0>}
x[7,3]{1  <1.0>}
x[7,4]{3  <1.0>}
x[7,5]{6  <1.0>}
x[7,6]{2  <1.0>}
x[7,7]{5  <1.0>}
problem entropy = 0.6982222052135596
smallest variable entropy = 0.3077963121502092
##### after BP iteration 9 #####
x[0,0]{6  <1.0>}
x[0,1]{4  <1.0>}
x[0,2]{1  <1.0>}
x[0,3]{2  <1.0>}
x[0,4]{5  <1.0>}
x[0,5]{3  <1.0>}
x[0,6]{0  <1.0>}
x[0,7]{7  <1.0>}
x[1,0]{3  <1.0>}
x[1,1]{7  <1.0>}
x[1,2]{2  <1.0>}
x[1,3]{0  <1.0>}
x[1,4]{1  <1.0>}
x[1,5]{5  <1.0>}
x[1,6]{4  <1.0>}
x[1,7]{6  <1.0>}
x[2,0]{1  <1.0>}
x[2,1]{3  <1.0>}
x[2,2]{5  <1.0>}
x[2,3]{7  <1.0>}
x[2,4]{0  <1.0>}
x[2,5]{4  <0.21487835273443506>, 2  <0.7851216472655649>}
x[2,6]{6  <1.0>}
x[2,7]{4  <0.8756427597597978>, 2  <0.12435724024020216>}
x[3,0]{5  <1.0>}
x[3,1]{6  <1.0>}
x[3,2]{7  <1.0>}
x[3,3]{4  <1.0>}
x[3,4]{2  <1.0>}
x[3,5]{1  <1.0>}
x[3,6]{3  <1.0>}
x[3,7]{0  <1.0>}
x[4,0]{0  <1.0>}
x[4,1]{1  <1.0>}
x[4,2]{6  <1.0>}
x[4,3]{3  <1.0>}
x[4,4]{7  <1.0>}
x[4,5]{2  <0.17416120302222723>, 4  <0.8258387969777727>}
x[4,6]{5  <1.0>}
x[4,7]{4  <0.25761411022651487>, 2  <0.7423858897734852>}
x[5,0]{4  <1.0>}
x[5,1]{2  <1.0>}
x[5,2]{0  <1.0>}
x[5,3]{5  <1.0>}
x[5,4]{6  <1.0>}
x[5,5]{7  <1.0>}
x[5,6]{1  <1.0>}
x[5,7]{3  <1.0>}
x[6,0]{2  <1.0>}
x[6,1]{5  <1.0>}
x[6,2]{3  <1.0>}
x[6,3]{6  <1.0>}
x[6,4]{4  <1.0>}
x[6,5]{0  <1.0>}
x[6,6]{7  <1.0>}
x[6,7]{1  <1.0>}
x[7,0]{7  <1.0>}
x[7,1]{0  <1.0>}
x[7,2]{4  <1.0>}
x[7,3]{1  <1.0>}
x[7,4]{3  <1.0>}
x[7,5]{6  <1.0>}
x[7,6]{2  <1.0>}
x[7,7]{5  <1.0>}
problem entropy = 0.6956806091659031
smallest variable entropy = 0.3755175170938933
##### after BP iteration 10 #####
x[0,0]{6  <1.0>}
x[0,1]{4  <1.0>}
x[0,2]{1  <1.0>}
x[0,3]{2  <1.0>}
x[0,4]{5  <1.0>}
x[0,5]{3  <1.0>}
x[0,6]{0  <1.0>}
x[0,7]{7  <1.0>}
x[1,0]{3  <1.0>}
x[1,1]{7  <1.0>}
x[1,2]{2  <1.0>}
x[1,3]{0  <1.0>}
x[1,4]{1  <1.0>}
x[1,5]{5  <1.0>}
x[1,6]{4  <1.0>}
x[1,7]{6  <1.0>}
x[2,0]{1  <1.0>}
x[2,1]{3  <1.0>}
x[2,2]{5  <1.0>}
x[2,3]{7  <1.0>}
x[2,4]{0  <1.0>}
x[2,5]{4  <0.2275517464895529>, 2  <0.772448253510447>}
x[2,6]{6  <1.0>}
x[2,7]{4  <0.7586517276620115>, 2  <0.24134827233798858>}
x[3,0]{5  <1.0>}
x[3,1]{6  <1.0>}
x[3,2]{7  <1.0>}
x[3,3]{4  <1.0>}
x[3,4]{2  <1.0>}
x[3,5]{1  <1.0>}
x[3,6]{3  <1.0>}
x[3,7]{0  <1.0>}
x[4,0]{0  <1.0>}
x[4,1]{1  <1.0>}
x[4,2]{6  <1.0>}
x[4,3]{3  <1.0>}
x[4,4]{7  <1.0>}
x[4,5]{2  <0.22990084025951132>, 4  <0.7700991597404886>}
x[4,6]{5  <1.0>}
x[4,7]{4  <0.09228651740154975>, 2  <0.9077134825984503>}
x[5,0]{4  <1.0>}
x[5,1]{2  <1.0>}
x[5,2]{0  <1.0>}
x[5,3]{5  <1.0>}
x[5,4]{6  <1.0>}
x[5,5]{7  <1.0>}
x[5,6]{1  <1.0>}
x[5,7]{3  <1.0>}
x[6,0]{2  <1.0>}
x[6,1]{5  <1.0>}
x[6,2]{3  <1.0>}
x[6,3]{6  <1.0>}
x[6,4]{4  <1.0>}
x[6,5]{0  <1.0>}
x[6,6]{7  <1.0>}
x[6,7]{1  <1.0>}
x[7,0]{7  <1.0>}
x[7,1]{0  <1.0>}
x[7,2]{4  <1.0>}
x[7,3]{1  <1.0>}
x[7,4]{3  <1.0>}
x[7,5]{6  <1.0>}
x[7,6]{2  <1.0>}
x[7,7]{5  <1.0>}
problem entropy = 0.6982222052135596
smallest variable entropy = 0.3077963121502092
### branching on x[4,7]=2 marginal=0.9077134825984503
##### after BP iteration 1 #####
x[0,0]{6  <1.0>}
x[0,1]{4  <1.0>}
x[0,2]{1  <1.0>}
x[0,3]{2  <1.0>}
x[0,4]{5  <1.0>}
x[0,5]{3  <1.0>}
x[0,6]{0  <1.0>}
x[0,7]{7  <1.0>}
x[1,0]{3  <1.0>}
x[1,1]{7  <1.0>}
x[1,2]{2  <1.0>}
x[1,3]{0  <1.0>}
x[1,4]{1  <1.0>}
x[1,5]{5  <1.0>}
x[1,6]{4  <1.0>}
x[1,7]{6  <1.0>}
x[2,0]{1  <1.0>}
x[2,1]{3  <1.0>}
x[2,2]{5  <1.0>}
x[2,3]{7  <1.0>}
x[2,4]{0  <1.0>}
x[2,5]{2  <1.0>}
x[2,6]{6  <1.0>}
x[2,7]{4  <1.0>}
x[3,0]{5  <1.0>}
x[3,1]{6  <1.0>}
x[3,2]{7  <1.0>}
x[3,3]{4  <1.0>}
x[3,4]{2  <1.0>}
x[3,5]{1  <1.0>}
x[3,6]{3  <1.0>}
x[3,7]{0  <1.0>}
x[4,0]{0  <1.0>}
x[4,1]{1  <1.0>}
x[4,2]{6  <1.0>}
x[4,3]{3  <1.0>}
x[4,4]{7  <1.0>}
x[4,5]{4  <1.0>}
x[4,6]{5  <1.0>}
x[4,7]{2  <1.0>}
x[5,0]{4  <1.0>}
x[5,1]{2  <1.0>}
x[5,2]{0  <1.0>}
x[5,3]{5  <1.0>}
x[5,4]{6  <1.0>}
x[5,5]{7  <1.0>}
x[5,6]{1  <1.0>}
x[5,7]{3  <1.0>}
x[6,0]{2  <1.0>}
x[6,1]{5  <1.0>}
x[6,2]{3  <1.0>}
x[6,3]{6  <1.0>}
x[6,4]{4  <1.0>}
x[6,5]{0  <1.0>}
x[6,6]{7  <1.0>}
x[6,7]{1  <1.0>}
x[7,0]{7  <1.0>}
x[7,1]{0  <1.0>}
x[7,2]{4  <1.0>}
x[7,3]{1  <1.0>}
x[7,4]{3  <1.0>}
x[7,5]{6  <1.0>}
x[7,6]{2  <1.0>}
x[7,7]{5  <1.0>}
problem entropy = 0.0
smallest variable entropy = 1.7976931348623157E308
### branching on x[4,7]!=2
##### after BP iteration 1 #####
x[0,0]{6  <1.0>}
x[0,1]{4  <1.0>}
x[0,2]{1  <1.0>}
x[0,3]{2  <1.0>}
x[0,4]{5  <1.0>}
x[0,5]{3  <1.0>}
x[0,6]{0  <1.0>}
x[0,7]{7  <1.0>}
x[1,0]{3  <1.0>}
x[1,1]{7  <1.0>}
x[1,2]{2  <1.0>}
x[1,3]{0  <1.0>}
x[1,4]{1  <1.0>}
x[1,5]{5  <1.0>}
x[1,6]{4  <1.0>}
x[1,7]{6  <1.0>}
x[2,0]{1  <1.0>}
x[2,1]{3  <1.0>}
x[2,2]{5  <1.0>}
x[2,3]{7  <1.0>}
x[2,4]{0  <1.0>}
x[2,5]{4  <1.0>}
x[2,6]{6  <1.0>}
x[2,7]{2  <1.0>}
x[3,0]{5  <1.0>}
x[3,1]{6  <1.0>}
x[3,2]{7  <1.0>}
x[3,3]{4  <1.0>}
x[3,4]{2  <1.0>}
x[3,5]{1  <1.0>}
x[3,6]{3  <1.0>}
x[3,7]{0  <1.0>}
x[4,0]{0  <1.0>}
x[4,1]{1  <1.0>}
x[4,2]{6  <1.0>}
x[4,3]{3  <1.0>}
x[4,4]{7  <1.0>}
x[4,5]{2  <1.0>}
x[4,6]{5  <1.0>}
x[4,7]{4  <1.0>}
x[5,0]{4  <1.0>}
x[5,1]{2  <1.0>}
x[5,2]{0  <1.0>}
x[5,3]{5  <1.0>}
x[5,4]{6  <1.0>}
x[5,5]{7  <1.0>}
x[5,6]{1  <1.0>}
x[5,7]{3  <1.0>}
x[6,0]{2  <1.0>}
x[6,1]{5  <1.0>}
x[6,2]{3  <1.0>}
x[6,3]{6  <1.0>}
x[6,4]{4  <1.0>}
x[6,5]{0  <1.0>}
x[6,6]{7  <1.0>}
x[6,7]{1  <1.0>}
x[7,0]{7  <1.0>}
x[7,1]{0  <1.0>}
x[7,2]{4  <1.0>}
x[7,3]{1  <1.0>}
x[7,4]{3  <1.0>}
x[7,5]{6  <1.0>}
x[7,6]{2  <1.0>}
x[7,7]{5  <1.0>}
problem entropy = 0.0
smallest variable entropy = 1.7976931348623157E308

	#choice: 7
	#fail: 0
	execution time (ms): 191
	#sols : 1
	completed : false

