{0  <1.0>}
model: sum-product-init
FINAL DAMPING FACTOR = 0.7
##### after BP iteration 1 #####
x[0,0]{0  <1.0>}
x[0,1]{7  <1.0>}
x[0,2]{6  <0.23101686632698099>, 1  <0.7552488614531075>, 2  <0.013734272219911487>}
x[0,3]{6  <0.19379271354917174>, 1  <0.10442558383267123>, 2  <0.526725228330781>, 4  <0.17505647428737603>}
x[0,4]{5  <1.0>}
x[0,5]{6  <0.4077645982682096>, 1  <0.013821627764621754>, 4  <0.11574637333680954>, 3  <0.46266740063035916>}
x[0,6]{3  <0.5767892558057476>, 2  <0.4232107441942524>}
x[0,7]{6  <0.18877965672841712>, 1  <0.11873404475725957>, 4  <0.6924862985143232>}
x[1,0]{5  <1.0>}
x[1,1]{2  <0.6835023123603438>, 1  <0.3164976876396562>}
x[1,2]{4  <1.0>}
x[1,3]{3  <1.0>}
x[1,4]{2  <0.3412338392094296>, 1  <0.6587661607905704>}
x[1,5]{0  <1.0>}
x[1,6]{6  <1.0>}
x[1,7]{7  <1.0>}
x[2,0]{3  <1.0>}
x[2,1]{5  <1.0>}
x[2,2]{6  <0.6748525834194412>, 1  <0.11773117898333273>, 2  <0.006508873470374535>, 7  <0.20090736412685148>}
x[2,3]{6  <0.09600937274913984>, 1  <0.52204127098578>, 2  <0.38194935626508014>}
x[2,4]{6  <0.06420215572714309>, 1  <0.30443758921903097>, 2  <0.631360255053826>}
x[2,5]{6  <0.1860303943091224>, 1  <0.011230816827315564>, 7  <0.802738788863562>}
x[2,6]{4  <1.0>}
x[2,7]{0  <1.0>}
x[3,0]{7  <1.0>}
x[3,1]{4  <1.0>}
x[3,2]{3  <1.0>}
x[3,3]{0  <1.0>}
x[3,4]{6  <0.9330031426333867>, 1  <0.06699685736661333>}
x[3,5]{6  <0.07036802569111794>, 1  <0.929631974308882>}
x[3,6]{5  <1.0>}
x[3,7]{2  <1.0>}
x[4,0]{2  <1.0>}
x[4,1]{3  <0.4481415666801753>, 1  <0.5518584333198248>}
x[4,2]{0  <0.008333724057050344>, 1  <0.13515793848165436>, 7  <0.7961863638137874>, 6  <0.06032197364750797>}
x[4,3]{6  <0.697278567443179>, 1  <0.3027214325568211>}
x[4,4]{4  <1.0>}
x[4,5]{5  <0.027707519034851413>, 1  <0.04607406991117012>, 7  <0.18820009817530917>, 3  <0.5116813567983397>, 6  <0.2263369560803297>}
x[4,6]{0  <0.993601877759508>, 3  <0.0015126139744371396>, 7  <0.004885508266054695>}
x[4,7]{5  <0.9742122658425258>, 1  <0.02467862585451876>, 6  <0.0011091083029553233>}
x[5,0]{6  <1.0>}
x[5,1]{3  <0.5914927312679389>, 1  <0.09635321778013743>, 2  <0.31215405095192367>}
x[5,2]{0  <0.9917859797804143>, 1  <0.004634093769688991>, 2  <0.003579926449896759>}
x[5,3]{4  <0.8573627539085386>, 1  <0.06793710717004968>, 2  <0.07470013892141175>}
x[5,4]{7  <1.0>}
x[5,5]{4  <0.008353712687425536>, 1  <0.0013631273507558098>, 5  <0.9688087969222>, 3  <0.021474363039618683>}
x[5,6]{0  <0.0062543807015619365>, 3  <0.3871667658928227>, 2  <0.6065788534056153>}
x[5,7]{5  <0.028929920936814735>, 1  <0.8507982791037852>, 4  <0.12027179995940011>}
x[6,0]{4  <1.0>}
x[6,1]{6  <1.0>}
x[6,2]{5  <1.0>}
x[6,3]{7  <1.0>}
x[6,4]{0  <1.0>}
x[6,5]{2  <1.0>}
x[6,6]{1  <1.0>}
x[6,7]{3  <1.0>}
x[7,0]{1  <1.0>}
x[7,1]{0  <1.0>}
x[7,2]{7  <0.011590046906329778>, 6  <0.0011997869218930838>, 2  <0.9872101661717771>}
x[7,3]{5  <1.0>}
x[7,4]{3  <1.0>}
x[7,5]{7  <0.0010364511698788652>, 6  <0.15053053146026532>, 4  <0.8484330173698558>}
x[7,6]{7  <0.9943292511505385>, 2  <0.0056707488494614445>}
x[7,7]{4  <0.1835355271273013>, 6  <0.8164644728726987>}
problem entropy = 0.557613541256558
smallest variable entropy = 0.034986214382704696
##### after BP iteration 2 #####
x[0,0]{0  <1.0>}
x[0,1]{7  <1.0>}
x[0,2]{6  <0.2100639644364561>, 1  <0.7823983091445011>, 2  <0.0075377264190426745>}
x[0,3]{6  <0.2180331586041652>, 1  <0.10746730668562882>, 2  <0.5445574945191357>, 4  <0.12994204019107022>}
x[0,4]{5  <1.0>}
x[0,5]{6  <0.42651675232451014>, 1  <0.01416001379492657>, 4  <0.12105762798787198>, 3  <0.4382656058926914>}
x[0,6]{3  <0.6200785509257346>, 2  <0.37992144907426545>}
x[0,7]{6  <0.15715755485016564>, 1  <0.09739553946856004>, 4  <0.7454469056812743>}
x[1,0]{5  <1.0>}
x[1,1]{2  <0.7049581869504457>, 1  <0.2950418130495544>}
x[1,2]{4  <1.0>}
x[1,3]{3  <1.0>}
x[1,4]{2  <0.3310309611388193>, 1  <0.6689690388611806>}
x[1,5]{0  <1.0>}
x[1,6]{6  <1.0>}
x[1,7]{7  <1.0>}
x[2,0]{3  <1.0>}
x[2,1]{5  <1.0>}
x[2,2]{6  <0.6855083554987519>, 1  <0.12365822537596048>, 2  <0.0037992885133955614>, 7  <0.18703413061189195>}
x[2,3]{6  <0.09366590544964463>, 1  <0.4936901274611609>, 2  <0.4126439670891944>}
x[2,4]{6  <0.06371022143432503>, 1  <0.31801203624523544>, 2  <0.6182777423204396>}
x[2,5]{6  <0.18331359926070945>, 1  <0.011969401538246278>, 7  <0.8047169992010442>}
x[2,6]{4  <1.0>}
x[2,7]{0  <1.0>}
x[3,0]{7  <1.0>}
x[3,1]{4  <1.0>}
x[3,2]{3  <1.0>}
x[3,3]{0  <1.0>}
x[3,4]{6  <0.9343061028924861>, 1  <0.06569389710751387>}
x[3,5]{6  <0.068004883135397>, 1  <0.931995116864603>}
x[3,6]{5  <1.0>}
x[3,7]{2  <1.0>}
x[4,0]{2  <1.0>}
x[4,1]{3  <0.4094814184339976>, 1  <0.5905185815660025>}
x[4,2]{0  <0.002568312319264501>, 1  <0.10769186922986614>, 7  <0.829995918739037>, 6  <0.059743899711832305>}
x[4,3]{6  <0.6838523483618513>, 1  <0.3161476516381486>}
x[4,4]{4  <1.0>}
x[4,5]{5  <0.017675456721323504>, 1  <0.040652392836727586>, 7  <0.1722701099651519>, 3  <0.5404794379394785>, 6  <0.22892260253731853>}
x[4,6]{0  <0.9970259942031457>, 3  <7.283683190075677E-4>, 7  <0.0022456374778465713>}
x[4,7]{5  <0.9827426966346625>, 1  <0.01658569958069572>, 6  <6.716037846417872E-4>}
x[5,0]{6  <1.0>}
x[5,1]{3  <0.6478844120711735>, 1  <0.07590546180717622>, 2  <0.27621012612165036>}
x[5,2]{0  <0.9977730985055849>, 1  <0.0013575522814307497>, 2  <8.693492129842211E-4>}
x[5,3]{4  <0.8864246620910825>, 1  <0.05978603178871228>, 2  <0.053789306120205146>}
x[5,4]{7  <1.0>}
x[5,5]{4  <0.00532102470705584>, 1  <8.766964500569091E-4>, 5  <0.9793001083213645>, 3  <0.014502170521522681>}
x[5,6]{0  <0.002602285772404436>, 3  <0.33016352707453417>, 2  <0.6672341871530614>}
x[5,7]{5  <0.020188059829374046>, 1  <0.8807330155795638>, 4  <0.09907892459106198>}
x[6,0]{4  <1.0>}
x[6,1]{6  <1.0>}
x[6,2]{5  <1.0>}
x[6,3]{7  <1.0>}
x[6,4]{0  <1.0>}
x[6,5]{2  <1.0>}
x[6,6]{1  <1.0>}
x[6,7]{3  <1.0>}
x[7,0]{1  <1.0>}
x[7,1]{0  <1.0>}
x[7,2]{7  <0.004762787787038367>, 6  <4.954878981087224E-4>, 2  <0.994741724314853>}
x[7,3]{5  <1.0>}
x[7,4]{3  <1.0>}
x[7,5]{7  <4.708880365204592E-4>, 6  <0.14176793415312522>, 4  <0.8577611778103542>}
x[7,6]{7  <0.9972607432314075>, 2  <0.0027392567685925306>}
x[7,7]{4  <0.15721089097928237>, 6  <0.8427891090207176>}
problem entropy = 0.5295982206207742
smallest variable entropy = 0.017314047531571473
##### after BP iteration 3 #####
x[0,0]{0  <1.0>}
x[0,1]{7  <1.0>}
x[0,2]{6  <0.18890933771493135>, 1  <0.8072077399876855>, 2  <0.0038829222973831784>}
x[0,3]{6  <0.21585002632705733>, 1  <0.10369759541408057>, 2  <0.5886273167584114>, 4  <0.09182506150045082>}
x[0,4]{5  <1.0>}
x[0,5]{6  <0.46823176060253535>, 1  <0.015047773406009188>, 4  <0.12601059296045994>, 3  <0.3907098730309955>}
x[0,6]{3  <0.6548761739067702>, 2  <0.3451238260932299>}
x[0,7]{6  <0.12972205212662774>, 1  <0.07896178763472958>, 4  <0.7913161602386427>}
x[1,0]{5  <1.0>}
x[1,1]{2  <0.716256048586109>, 1  <0.2837439514138911>}
x[1,2]{4  <1.0>}
x[1,3]{3  <1.0>}
x[1,4]{2  <0.3296114729763049>, 1  <0.6703885270236952>}
x[1,5]{0  <1.0>}
x[1,6]{6  <1.0>}
x[1,7]{7  <1.0>}
x[2,0]{3  <1.0>}
x[2,1]{5  <1.0>}
x[2,2]{6  <0.7135387333085731>, 1  <0.1248425685036358>, 2  <0.0019182618899718697>, 7  <0.15970043629781921>}
x[2,3]{6  <0.09016099781711888>, 1  <0.5052185967719024>, 2  <0.40462040541097877>}
x[2,4]{6  <0.061848127490297715>, 1  <0.3235465652085327>, 2  <0.6146053073011695>}
x[2,5]{6  <0.15492521101688506>, 1  <0.010656723860319534>, 7  <0.8344180651227954>}
x[2,6]{4  <1.0>}
x[2,7]{0  <1.0>}
x[3,0]{7  <1.0>}
x[3,1]{4  <1.0>}
x[3,2]{3  <1.0>}
x[3,3]{0  <1.0>}
x[3,4]{6  <0.9379211738578677>, 1  <0.062078826142132365>}
x[3,5]{6  <0.06145113672889229>, 1  <0.9385488632711078>}
x[3,6]{5  <1.0>}
x[3,7]{2  <1.0>}
x[4,0]{2  <1.0>}
x[4,1]{3  <0.3714035682686779>, 1  <0.6285964317313222>}
x[4,2]{0  <7.533910601081373E-4>, 1  <0.08546849715489084>, 7  <0.8544259292383692>, 6  <0.05935218254663164>}
x[4,3]{6  <0.6975739817152664>, 1  <0.3024260182847337>}
x[4,4]{4  <1.0>}
x[4,5]{5  <0.011305591400085408>, 1  <0.034106452339244295>, 7  <0.14848505829944758>, 3  <0.5893815695311502>, 6  <0.2167213284300726>}
x[4,6]{0  <0.9989577168104647>, 3  <2.892518750837642E-4>, 7  <7.53031314451548E-4>}
x[4,7]{5  <0.9884919857336302>, 1  <0.011111647933276843>, 6  <3.96366333092979E-4>}
x[5,0]{6  <1.0>}
x[5,1]{3  <0.6827222170299404>, 1  <0.05828700882708337>, 2  <0.2589907741429762>}
x[5,2]{0  <0.9994025111477878>, 1  <3.964784434301005E-4>, 2  <2.010104087822463E-4>}
x[5,3]{4  <0.9100754969267584>, 1  <0.05061337690565641>, 2  <0.03931112616758525>}
x[5,4]{7  <1.0>}
x[5,5]{4  <0.002975444900985056>, 1  <5.062956684925828E-4>, 5  <0.9871442798545345>, 3  <0.009373979575987932>}
x[5,6]{0  <8.615411275380726E-4>, 3  <0.3019087737578929>, 2  <0.697229685114569>}
x[5,7]{5  <0.01303258502569142>, 1  <0.9043782335767298>, 4  <0.08258918139757876>}
x[6,0]{4  <1.0>}
x[6,1]{6  <1.0>}
x[6,2]{5  <1.0>}
x[6,3]{7  <1.0>}
x[6,4]{0  <1.0>}
x[6,5]{2  <1.0>}
x[6,6]{1  <1.0>}
x[6,7]{3  <1.0>}
x[7,0]{1  <1.0>}
x[7,1]{0  <1.0>}
x[7,2]{7  <0.002097788507863818>, 6  <2.3034062008484466E-4>, 2  <0.9976718708720513>}
x[7,3]{5  <1.0>}
x[7,4]{3  <1.0>}
x[7,5]{7  <2.286583771532532E-4>, 6  <0.13290396841203347>, 4  <0.8668673732108132>}
x[7,6]{7  <0.9989305519537146>, 2  <0.0010694480462853484>}
x[7,7]{4  <0.13025955255421612>, 6  <0.8697404474457838>}
problem entropy = 0.4996737818245522
smallest variable entropy = 0.005413913441347464
##### after BP iteration 4 #####
x[0,0]{0  <1.0>}
x[0,1]{7  <1.0>}
x[0,2]{6  <0.16960754227058855>, 1  <0.8283599176873552>, 2  <0.0020325400420562146>}
x[0,3]{6  <0.18901384635975776>, 1  <0.09461672787524644>, 2  <0.6526460075996473>, 4  <0.06372341816534853>}
x[0,4]{5  <1.0>}
x[0,5]{6  <0.5302344113886072>, 1  <0.016159949457683422>, 4  <0.12592747938933968>, 3  <0.32767815976436976>}
x[0,6]{3  <0.6900033305743082>, 2  <0.3099966694256919>}
x[0,7]{6  <0.11002789532079636>, 1  <0.06608602757867528>, 4  <0.8238860771005283>}
x[1,0]{5  <1.0>}
x[1,1]{2  <0.7152292017131341>, 1  <0.28477079828686586>}
x[1,2]{4  <1.0>}
x[1,3]{3  <1.0>}
x[1,4]{2  <0.3296545572605013>, 1  <0.6703454427394987>}
x[1,5]{0  <1.0>}
x[1,6]{6  <1.0>}
x[1,7]{7  <1.0>}
x[2,0]{3  <1.0>}
x[2,1]{5  <1.0>}
x[2,2]{6  <0.7514571408646518>, 1  <0.12056939601812713>, 2  <9.499305106565725E-4>, 7  <0.12702353260656446>}
x[2,3]{6  <0.08595574320600126>, 1  <0.554603062270947>, 2  <0.35944119452305173>}
x[2,4]{6  <0.055625696226860595>, 1  <0.31205211913937986>, 2  <0.6323221846337594>}
x[2,5]{6  <0.11522261838064357>, 1  <0.007888173610867154>, 7  <0.8768892080084894>}
x[2,6]{4  <1.0>}
x[2,7]{0  <1.0>}
x[3,0]{7  <1.0>}
x[3,1]{4  <1.0>}
x[3,2]{3  <1.0>}
x[3,3]{0  <1.0>}
x[3,4]{6  <0.9442437139753671>, 1  <0.05575628602463284>}
x[3,5]{6  <0.05315402682687746>, 1  <0.9468459731731226>}
x[3,6]{5  <1.0>}
x[3,7]{2  <1.0>}
x[4,0]{2  <1.0>}
x[4,1]{3  <0.3297084824454749>, 1  <0.6702915175545251>}
x[4,2]{0  <2.0887443678167675E-4>, 1  <0.06563323741181716>, 7  <0.8794387110574996>, 6  <0.05471917709390155>}
x[4,3]{6  <0.7373374290700186>, 1  <0.2626625709299812>}
x[4,4]{4  <1.0>}
x[4,5]{5  <0.007173490395472222>, 1  <0.02751408625290825>, 7  <0.11534036160535051>, 3  <0.6586023954771356>, 6  <0.19136966626913332>}
x[4,6]{0  <0.9997212151221744>, 3  <9.12173596858417E-5>, 7  <1.8756751813971478E-4>}
x[4,7]{5  <0.9926850281636861>, 1  <0.0071024400376753115>, 6  <2.125317986385321E-4>}
x[5,0]{6  <1.0>}
x[5,1]{3  <0.6959568550384868>, 1  <0.044297979846310315>, 2  <0.25974516511520296>}
x[5,2]{0  <0.9998407479834637>, 1  <1.125636625753549E-4>, 2  <4.668835396101038E-5>}
x[5,3]{4  <0.9304638812040441>, 1  <0.04000927040181374>, 2  <0.02952684839414223>}
x[5,4]{7  <1.0>}
x[5,5]{4  <0.0015066630979903989>, 1  <2.7593553645886604E-4>, 5  <0.992184035533312>, 3  <0.006033365832238825>}
x[5,6]{0  <2.226496241034344E-4>, 3  <0.2912859382779342>, 2  <0.7084914120979625>}
x[5,7]{5  <0.007909661120839018>, 1  <0.9240664781481441>, 4  <0.06802386073101693>}
x[6,0]{4  <1.0>}
x[6,1]{6  <1.0>}
x[6,2]{5  <1.0>}
x[6,3]{7  <1.0>}
x[6,4]{0  <1.0>}
x[6,5]{2  <1.0>}
x[6,6]{1  <1.0>}
x[6,7]{3  <1.0>}
x[7,0]{1  <1.0>}
x[7,1]{0  <1.0>}
x[7,2]{7  <9.375932050507764E-4>, 6  <1.0763873469898834E-4>, 2  <0.9989547680602502>}
x[7,3]{5  <1.0>}
x[7,4]{3  <1.0>}
x[7,5]{7  <1.0349709532379968E-4>, 6  <0.12430283919452804>, 4  <0.8755936637101481>}
x[7,6]{7  <0.9996775363066398>, 2  <3.224636933602348E-4>}
x[7,7]{4  <0.1115777167283975>, 6  <0.8884222832716024>}
problem entropy = 0.46698031549862634
smallest variable entropy = 0.0016482442142014982
##### after BP iteration 5 #####
x[0,0]{0  <1.0>}
x[0,1]{7  <1.0>}
x[0,2]{6  <0.14799620635143315>, 1  <0.8509750870424222>, 2  <0.0010287066061447434>}
x[0,3]{6  <0.14674965561716646>, 1  <0.08150390097177415>, 2  <0.7280216258698938>, 4  <0.04372481754116555>}
x[0,4]{5  <1.0>}
x[0,5]{6  <0.6058322131713236>, 1  <0.017222687344494003>, 4  <0.12023874946388773>, 3  <0.25670635002029457>}
x[0,6]{3  <0.7326065918013486>, 2  <0.2673934081986514>}
x[0,7]{6  <0.09819526233159324>, 1  <0.05639514321585332>, 4  <0.8454095944525534>}
x[1,0]{5  <1.0>}
x[1,1]{2  <0.7115990914608279>, 1  <0.28840090853917205>}
x[1,2]{4  <1.0>}
x[1,3]{3  <1.0>}
x[1,4]{2  <0.3204719950873996>, 1  <0.6795280049126003>}
x[1,5]{0  <1.0>}
x[1,6]{6  <1.0>}
x[1,7]{7  <1.0>}
x[2,0]{3  <1.0>}
x[2,1]{5  <1.0>}
x[2,2]{6  <0.7952169627323797>, 1  <0.1113300380017365>, 2  <4.5160535378375614E-4>, 7  <0.09300139391209995>}
x[2,3]{6  <0.07854487759306844>, 1  <0.6297497209611859>, 2  <0.29170540144574564>}
x[2,4]{6  <0.0446004717206626>, 1  <0.28084909386045115>, 2  <0.6745504344188862>}
x[2,5]{6  <0.07991993571819428>, 1  <0.005104584719781636>, 7  <0.914975479562024>}
x[2,6]{4  <1.0>}
x[2,7]{0  <1.0>}
x[3,0]{7  <1.0>}
x[3,1]{4  <1.0>}
x[3,2]{3  <1.0>}
x[3,3]{0  <1.0>}
x[3,4]{6  <0.9533473408332538>, 1  <0.04665265916674617>}
x[3,5]{6  <0.044840960754346536>, 1  <0.9551590392456534>}
x[3,6]{5  <1.0>}
x[3,7]{2  <1.0>}
x[4,0]{2  <1.0>}
x[4,1]{3  <0.2857936382162321>, 1  <0.714206361783768>}
x[4,2]{0  <4.9343124269433575E-5>, 1  <0.0460553497642938>, 7  <0.9108977171995101>, 6  <0.042997589911926724>}
x[4,3]{6  <0.7904009094654929>, 1  <0.20959909053450712>}
x[4,4]{4  <1.0>}
x[4,5]{5  <0.004440078661838853>, 1  <0.021966984790924998>, 7  <0.08074341860717989>, 3  <0.7337316048907736>, 6  <0.15911791304928266>}
x[4,6]{0  <0.9999381857576455>, 3  <2.230935276712768E-5>, 7  <3.950488958738939E-5>}
x[4,7]{5  <0.9955443231203199>, 1  <0.00434816991148763>, 6  <1.0750696819238211E-4>}
x[5,0]{6  <1.0>}
x[5,1]{3  <0.7012199762207529>, 1  <0.032186755550763314>, 2  <0.26659326822848367>}
x[5,2]{0  <0.9999630850499261>, 1  <2.7246674276844967E-5>, 2  <9.668275797040495E-6>}
x[5,3]{4  <0.9484129093657961>, 1  <0.0294848610875012>, 2  <0.022102229546702625>}
x[5,4]{7  <1.0>}
x[5,5]{4  <6.870238673850915E-4>, 1  <1.4525240441548158E-4>, 5  <0.9953253635223736>, 3  <0.0038423602058257314>}
x[5,6]{0  <4.8853853023305733E-5>, 3  <0.2841965951557809>, 2  <0.7157545509911958>}
x[5,7]{5  <0.004640693457989933>, 1  <0.9404613441591216>, 4  <0.054897962382888355>}
x[6,0]{4  <1.0>}
x[6,1]{6  <1.0>}
x[6,2]{5  <1.0>}
x[6,3]{7  <1.0>}
x[6,4]{0  <1.0>}
x[6,5]{2  <1.0>}
x[6,6]{1  <1.0>}
x[6,7]{3  <1.0>}
x[7,0]{1  <1.0>}
x[7,1]{0  <1.0>}
x[7,2]{7  <3.818014360614057E-4>, 6  <4.4177768313910825E-5>, 2  <0.9995740207956246>}
x[7,3]{5  <1.0>}
x[7,4]{3  <1.0>}
x[7,5]{7  <3.960762834192483E-5>, 6  <0.11546072877389632>, 4  <0.8844996635977617>}
x[7,6]{7  <0.9999172743690773>, 2  <8.272563092268763E-5>}
x[7,7]{4  <0.10184677487727793>, 6  <0.8981532251227221>}
problem entropy = 0.42845446638203916
smallest variable entropy = 4.349288925262183E-4
### branching on x[5,2]=0 marginal=0.9999630850499261
##### after BP iteration 1 #####
x[0,0]{0  <1.0>}
x[0,1]{7  <1.0>}
x[0,2]{6  <0.12196563302901255>, 1  <0.8780343669709876>}
x[0,3]{6  <0.10313035049579629>, 1  <0.06420066637545037>, 2  <0.8032967593466681>, 4  <0.029372223782085326>}
x[0,4]{5  <1.0>}
x[0,5]{6  <0.6822632212675923>, 1  <0.017532964109283906>, 4  <0.11086121663334912>, 3  <0.1893425979897746>}
x[0,6]{3  <0.7827380814878415>, 2  <0.21726191851215845>}
x[0,7]{6  <0.09171019401098711>, 1  <0.046156710677371746>, 4  <0.8621330953116412>}
x[1,0]{5  <1.0>}
x[1,1]{2  <0.7247522202873717>, 1  <0.2752477797126283>}
x[1,2]{4  <1.0>}
x[1,3]{3  <1.0>}
x[1,4]{2  <0.2925046702683705>, 1  <0.7074953297316294>}
x[1,5]{0  <1.0>}
x[1,6]{6  <1.0>}
x[1,7]{7  <1.0>}
x[2,0]{3  <1.0>}
x[2,1]{5  <1.0>}
x[2,2]{6  <0.8433499204230853>, 1  <0.09576411299583867>, 7  <0.06088596658107583>}
x[2,3]{6  <0.06768545079558984>, 1  <0.7131566319409891>, 2  <0.21915791726342107>}
x[2,4]{6  <0.031619131532558915>, 1  <0.23555914864101893>, 2  <0.7328217198264222>}
x[2,5]{6  <0.05220119359089232>, 1  <0.002889549484842376>, 7  <0.9449092569242653>}
x[2,6]{4  <1.0>}
x[2,7]{0  <1.0>}
x[3,0]{7  <1.0>}
x[3,1]{4  <1.0>}
x[3,2]{3  <1.0>}
x[3,3]{0  <1.0>}
x[3,4]{6  <0.9640524719139666>, 1  <0.03594752808603343>}
x[3,5]{6  <0.036794981225511725>, 1  <0.9632050187744883>}
x[3,6]{5  <1.0>}
x[3,7]{2  <1.0>}
x[4,0]{2  <1.0>}
x[4,1]{3  <0.23929108257932322>, 1  <0.7607089174206767>}
x[4,2]{6  <0.02865533896837603>, 1  <0.028671763345548888>, 7  <0.9426728976860751>}
x[4,3]{6  <0.8412837099268572>, 1  <0.1587162900731428>}
x[4,4]{4  <1.0>}
x[4,5]{5  <0.002717972341626621>, 1  <0.017721524791742722>, 7  <0.05209752431549882>, 3  <0.8002985754979565>, 6  <0.12716440305317547>}
x[4,6]{0  <1.0>}
x[4,7]{5  <0.9973028990326994>, 1  <0.0026429865178613874>, 6  <5.4114449439097745E-5>}
x[5,0]{6  <1.0>}
x[5,1]{3  <0.7188389193254283>, 1  <0.021520542405584573>, 2  <0.25964053826898714>}
x[5,2]{0  <1.0>}
x[5,3]{4  <0.9638167290080906>, 1  <0.020575410439701822>, 2  <0.015607860552207756>}
x[5,4]{7  <1.0>}
x[5,5]{4  <2.768869183025346E-4>, 1  <7.308281808555405E-5>, 5  <0.9973020411639041>, 3  <0.002347989099707814>}
x[5,6]{2  <0.7350815312227588>, 3  <0.2649184687772411>}
x[5,7]{5  <0.002649287899589604>, 1  <0.9549780216200872>, 4  <0.04237269048032315>}
x[6,0]{4  <1.0>}
x[6,1]{6  <1.0>}
x[6,2]{5  <1.0>}
x[6,3]{7  <1.0>}
x[6,4]{0  <1.0>}
x[6,5]{2  <1.0>}
x[6,6]{1  <1.0>}
x[6,7]{3  <1.0>}
x[7,0]{1  <1.0>}
x[7,1]{0  <1.0>}
x[7,2]{2  <1.0>}
x[7,3]{5  <1.0>}
x[7,4]{3  <1.0>}
x[7,5]{4  <0.8930401798907772>, 6  <0.10695982010922271>}
x[7,6]{7  <1.0>}
x[7,7]{4  <0.09732289149350752>, 6  <0.9026771085064924>}
problem entropy = 0.47595191149298977
smallest variable entropy = 0.01891346329222939
##### after BP iteration 2 #####
x[0,0]{0  <1.0>}
x[0,1]{7  <1.0>}
x[0,2]{6  <0.09379897013977102>, 1  <0.906201029860229>}
x[0,3]{6  <0.06880355509281333>, 1  <0.04822489973703479>, 2  <0.8634499908372872>, 4  <0.019521554332864663>}
x[0,4]{5  <1.0>}
x[0,5]{6  <0.7492898722597132>, 1  <0.016510562918631125>, 4  <0.10078943353901311>, 3  <0.13341013128264262>}
x[0,6]{3  <0.836685863838374>, 2  <0.16331413616162607>}
x[0,7]{6  <0.08728874561103694>, 1  <0.03475632445857021>, 4  <0.8779549299303928>}
x[1,0]{5  <1.0>}
x[1,1]{2  <0.7686831833841804>, 1  <0.23131681661581965>}
x[1,2]{4  <1.0>}
x[1,3]{3  <1.0>}
x[1,4]{2  <0.2415256921608324>, 1  <0.7584743078391676>}
x[1,5]{0  <1.0>}
x[1,6]{6  <1.0>}
x[1,7]{7  <1.0>}
x[2,0]{3  <1.0>}
x[2,1]{5  <1.0>}
x[2,2]{6  <0.8871725177577626>, 1  <0.0770405265279601>, 7  <0.035786955714277265>}
x[2,3]{6  <0.05586576493847693>, 1  <0.7887581169675822>, 2  <0.1553761180939409>}
x[2,4]{6  <0.020427145987684536>, 1  <0.1849256868178461>, 2  <0.7946471671944694>}
x[2,5]{6  <0.031203786039116953>, 1  <0.0013796044415618869>, 7  <0.9674166095193212>}
x[2,6]{4  <1.0>}
x[2,7]{0  <1.0>}
x[3,0]{7  <1.0>}
x[3,1]{4  <1.0>}
x[3,2]{3  <1.0>}
x[3,3]{0  <1.0>}
x[3,4]{6  <0.9746523671019027>, 1  <0.025347632898097373>}
x[3,5]{6  <0.028939514569216576>, 1  <0.9710604854307834>}
x[3,6]{5  <1.0>}
x[3,7]{2  <1.0>}
x[4,0]{2  <1.0>}
x[4,1]{3  <0.1854259115923511>, 1  <0.8145740884076489>}
x[4,2]{6  <0.016984894526411585>, 1  <0.016908840565135846>, 7  <0.9661062649084526>}
x[4,3]{6  <0.8828624884554533>, 1  <0.11713751154454659>}
x[4,4]{4  <1.0>}
x[4,5]{5  <0.0016528222228662215>, 1  <0.014294196021804678>, 7  <0.03077486529202299>, 3  <0.854572771053052>, 6  <0.0987053454102542>}
x[4,6]{0  <1.0>}
x[4,7]{5  <0.9983641821474274>, 1  <0.0016092926414248674>, 6  <2.6525211147705895E-5>}
x[5,0]{6  <1.0>}
x[5,1]{3  <0.7649361950586935>, 1  <0.012845006908709176>, 2  <0.22221879803259736>}
x[5,2]{0  <1.0>}
x[5,3]{4  <0.976347827618694>, 1  <0.013801099944925767>, 2  <0.009851072436380295>}
x[5,4]{7  <1.0>}
x[5,5]{4  <9.989789590899179E-5>, 1  <3.5032495871703175E-5>, 5  <0.9984939293321271>, 3  <0.0013711402760923045>}
x[5,6]{2  <0.7776252610682464>, 3  <0.22237473893175375>}
x[5,7]{5  <0.001479050241348474>, 1  <0.9687305064004437>, 4  <0.02979044335820795>}
x[6,0]{4  <1.0>}
x[6,1]{6  <1.0>}
x[6,2]{5  <1.0>}
x[6,3]{7  <1.0>}
x[6,4]{0  <1.0>}
x[6,5]{2  <1.0>}
x[6,6]{1  <1.0>}
x[6,7]{3  <1.0>}
x[7,0]{1  <1.0>}
x[7,1]{0  <1.0>}
x[7,2]{2  <1.0>}
x[7,3]{5  <1.0>}
x[7,4]{3  <1.0>}
x[7,5]{4  <0.9007550719611733>, 6  <0.09924492803882672>}
x[7,6]{7  <1.0>}
x[7,7]{4  <0.0939923238813937>, 6  <0.9060076761186063>}
problem entropy = 0.4081358794857042
smallest variable entropy = 0.011823249283883142
##### after BP iteration 3 #####
x[0,0]{0  <1.0>}
x[0,1]{7  <1.0>}
x[0,2]{6  <0.06683963816047861>, 1  <0.9331603618395214>}
x[0,3]{6  <0.045325588403221206>, 1  <0.034155304143857784>, 2  <0.9078580806888523>, 4  <0.012661026764068625>}
x[0,4]{5  <1.0>}
x[0,5]{6  <0.8035561074269136>, 1  <0.014019257900001025>, 4  <0.09148354922860702>, 3  <0.09094108544447829>}
x[0,6]{3  <0.8873017661314064>, 2  <0.1126982338685936>}
x[0,7]{6  <0.08297770346245799>, 1  <0.02323952145604888>, 4  <0.8937827750814932>}
x[1,0]{5  <1.0>}
x[1,1]{2  <0.8390035306707293>, 1  <0.1609964693292707>}
x[1,2]{4  <1.0>}
x[1,3]{3  <1.0>}
x[1,4]{2  <0.17483314721244655>, 1  <0.8251668527875534>}
x[1,5]{0  <1.0>}
x[1,6]{6  <1.0>}
x[1,7]{7  <1.0>}
x[2,0]{3  <1.0>}
x[2,1]{5  <1.0>}
x[2,2]{6  <0.9234892970624471>, 1  <0.05756254196419108>, 7  <0.01894816097336195>}
x[2,3]{6  <0.04473174423595958>, 1  <0.8475581672682023>, 2  <0.10771008849583809>}
x[2,4]{6  <0.011971060895312103>, 1  <0.13452930886177536>, 2  <0.8534996302429126>}
x[2,5]{6  <0.016636980314580798>, 1  <5.43948325966579E-4>, 7  <0.9828190713594527>}
x[2,6]{4  <1.0>}
x[2,7]{0  <1.0>}
x[3,0]{7  <1.0>}
x[3,1]{4  <1.0>}
x[3,2]{3  <1.0>}
x[3,3]{0  <1.0>}
x[3,4]{6  <0.9836219785664855>, 1  <0.016378021433514484>}
x[3,5]{6  <0.021273863476953158>, 1  <0.9787261365230469>}
x[3,6]{5  <1.0>}
x[3,7]{2  <1.0>}
x[4,0]{2  <1.0>}
x[4,1]{3  <0.12576223967827227>, 1  <0.8742377603217277>}
x[4,2]{6  <0.008898846098125123>, 1  <0.008885316450307266>, 7  <0.9822158374515676>}
x[4,3]{6  <0.9163231720838695>, 1  <0.08367682791613043>}
x[4,4]{4  <1.0>}
x[4,5]{5  <9.580883464812446E-4>, 1  <0.01087324703840511>, 7  <0.0161613263301074>, 3  <0.899344383931008>, 6  <0.07266295435399822>}
x[4,6]{0  <1.0>}
x[4,7]{5  <0.9990511008877079>, 1  <9.371045744019647E-4>, 6  <1.1794537890089682E-5>}
x[5,0]{6  <1.0>}
x[5,1]{3  <0.8374084322375319>, 1  <0.006573105858497112>, 2  <0.15601846190397095>}
x[5,2]{0  <1.0>}
x[5,3]{4  <0.9855864582122795>, 1  <0.00903620077532496>, 2  <0.005377341012395453>}
x[5,4]{7  <1.0>}
x[5,5]{4  <3.315938569263529E-5>, 1  <1.5982341575313824E-5>, 5  <0.9991766538759855>, 3  <7.742043967465154E-4>}
x[5,6]{2  <0.8410297686636251>, 3  <0.15897023133637495>}
x[5,7]{5  <8.129189120023355E-4>, 1  <0.980569877993057>, 4  <0.018617203094940665>}
x[6,0]{4  <1.0>}
x[6,1]{6  <1.0>}
x[6,2]{5  <1.0>}
x[6,3]{7  <1.0>}
x[6,4]{0  <1.0>}
x[6,5]{2  <1.0>}
x[6,6]{1  <1.0>}
x[6,7]{3  <1.0>}
x[7,0]{1  <1.0>}
x[7,1]{0  <1.0>}
x[7,2]{2  <1.0>}
x[7,3]{5  <1.0>}
x[7,4]{3  <1.0>}
x[7,5]{4  <0.9077740888166681>, 6  <0.09222591118333197>}
x[7,6]{7  <1.0>}
x[7,7]{4  <0.08934246959067661>, 6  <0.9106575304093234>}
problem entropy = 0.32996967001730454
smallest variable entropy = 0.006887676913053253
##### after BP iteration 4 #####
x[0,0]{0  <1.0>}
x[0,1]{7  <1.0>}
x[0,2]{6  <0.044092674723445455>, 1  <0.9559073252765545>}
x[0,3]{6  <0.02894742648459394>, 1  <0.02263296313771916>, 2  <0.9407058409299327>, 4  <0.007713769447754278>}
x[0,4]{5  <1.0>}
x[0,5]{6  <0.8476523368572941>, 1  <0.01060007222129864>, 4  <0.0832209932930491>, 3  <0.058526597628358185>}
x[0,6]{3  <0.9303457888157554>, 2  <0.06965421118424461>}
x[0,7]{6  <0.07811634966662695>, 1  <0.013747148372293872>, 4  <0.9081365019610792>}
x[1,0]{5  <1.0>}
x[1,1]{2  <0.9099874602499174>, 1  <0.0900125397500826>}
x[1,2]{4  <1.0>}
x[1,3]{3  <1.0>}
x[1,4]{2  <0.10773526069258775>, 1  <0.8922647393074122>}
x[1,5]{0  <1.0>}
x[1,6]{6  <1.0>}
x[1,7]{7  <1.0>}
x[2,0]{3  <1.0>}
x[2,1]{5  <1.0>}
x[2,2]{6  <0.950254702155828>, 1  <0.04081970527676855>, 7  <0.008925592567403535>}
x[2,3]{6  <0.03412849341155898>, 1  <0.8937764117227279>, 2  <0.07209509486571312>}
x[2,4]{6  <0.0062866085856659575>, 1  <0.08998655626448149>, 2  <0.9037268351498525>}
x[2,5]{6  <0.007819610796286453>, 1  <1.7630655805400607E-4>, 7  <0.9920040826456594>}
x[2,6]{4  <1.0>}
x[2,7]{0  <1.0>}
x[3,0]{7  <1.0>}
x[3,1]{4  <1.0>}
x[3,2]{3  <1.0>}
x[3,3]{0  <1.0>}
x[3,4]{6  <0.9905551778724145>, 1  <0.009444822127585382>}
x[3,5]{6  <0.01422758518282662>, 1  <0.9857724148171734>}
x[3,6]{5  <1.0>}
x[3,7]{2  <1.0>}
x[4,0]{2  <1.0>}
x[4,1]{3  <0.07062454069628138>, 1  <0.9293754593037187>}
x[4,2]{6  <0.003923012962141672>, 1  <0.0038817944513487076>, 7  <0.9921951925865096>}
x[4,3]{6  <0.9448602610482568>, 1  <0.05513973895174315>}
x[4,4]{4  <1.0>}
x[4,5]{5  <4.924878814320293E-4>, 1  <0.007192075364664668>, 7  <0.007022348028049839>, 3  <0.936824989293611>, 6  <0.04846809943224241>}
x[4,6]{0  <1.0>}
x[4,7]{5  <0.9995109775836779>, 1  <4.84654455828065E-4>, 6  <4.367960494011353E-6>}
x[5,0]{6  <1.0>}
x[5,1]{3  <0.9107728706309463>, 1  <0.0028351079083529657>, 2  <0.08639202146070085>}
x[5,2]{0  <1.0>}
x[5,3]{4  <0.9917442576119956>, 1  <0.005785874943934447>, 2  <0.0024698674440700196>}
x[5,4]{7  <1.0>}
x[5,5]{4  <1.0349252258498146E-5>, 1  <6.76223240862462E-6>, 5  <0.9995713433860809>, 3  <4.115451292519763E-4>}
x[5,6]{2  <0.9062078101748205>, 3  <0.09379218982517952>}
x[5,7]{5  <4.270474705820659E-4>, 1  <0.9890835710304082>, 4  <0.010489381499009683>}
x[6,0]{4  <1.0>}
x[6,1]{6  <1.0>}
x[6,2]{5  <1.0>}
x[6,3]{7  <1.0>}
x[6,4]{0  <1.0>}
x[6,5]{2  <1.0>}
x[6,6]{1  <1.0>}
x[6,7]{3  <1.0>}
x[7,0]{1  <1.0>}
x[7,1]{0  <1.0>}
x[7,2]{2  <1.0>}
x[7,3]{5  <1.0>}
x[7,4]{3  <1.0>}
x[7,5]{4  <0.9149218831214572>, 6  <0.08507811687854291>}
x[7,6]{7  <1.0>}
x[7,7]{4  <0.08313611912775691>, 6  <0.9168638808722431>}
problem entropy = 0.24649839273642468
smallest variable entropy = 0.00383609616089961
##### after BP iteration 5 #####
x[0,0]{0  <1.0>}
x[0,1]{7  <1.0>}
x[0,2]{6  <0.026878112348210553>, 1  <0.9731218876517895>}
x[0,3]{6  <0.01630539659019208>, 1  <0.013450198195554446>, 2  <0.966074054496481>, 4  <0.004170350717772298>}
x[0,4]{5  <1.0>}
x[0,5]{6  <0.8839917284793837>, 1  <0.007145817060507887>, 4  <0.07573827613276876>, 3  <0.033124178327339694>}
x[0,6]{3  <0.9628645773653725>, 2  <0.037135422634627574>}
x[0,7]{6  <0.0727663335924714>, 1  <0.0073892577822130545>, 4  <0.9198444086253156>}
x[1,0]{5  <1.0>}
x[1,1]{2  <0.9593567795646827>, 1  <0.040643220435317394>}
x[1,2]{4  <1.0>}
x[1,3]{3  <1.0>}
x[1,4]{2  <0.05653483182646995>, 1  <0.9434651681735301>}
x[1,5]{0  <1.0>}
x[1,6]{6  <1.0>}
x[1,7]{7  <1.0>}
x[2,0]{3  <1.0>}
x[2,1]{5  <1.0>}
x[2,2]{6  <0.9689801339011305>, 1  <0.02744335052792843>, 7  <0.00357651557094121>}
x[2,3]{6  <0.023776572380072924>, 1  <0.9322429479475198>, 2  <0.043980479672407376>}
x[2,4]{6  <0.002875670802615078>, 1  <0.05392794710992351>, 2  <0.9431963820874615>}
x[2,5]{6  <0.003057478544200383>, 1  <4.3994094010852494E-5>, 7  <0.9968985273617887>}
x[2,6]{4  <1.0>}
x[2,7]{0  <1.0>}
x[3,0]{7  <1.0>}
x[3,1]{4  <1.0>}
x[3,2]{3  <1.0>}
x[3,3]{0  <1.0>}
x[3,4]{6  <0.9953126644058605>, 1  <0.004687335594139428>}
x[3,5]{6  <0.00828107076756675>, 1  <0.9917189292324332>}
x[3,6]{5  <1.0>}
x[3,7]{2  <1.0>}
x[4,0]{2  <1.0>}
x[4,1]{3  <0.032551085198681655>, 1  <0.9674489148013183>}
x[4,2]{6  <0.0013746869555129708>, 1  <0.0013061503493592024>, 7  <0.9973191626951279>}
x[4,3]{6  <0.9686900744109183>, 1  <0.03130992558908172>}
x[4,4]{4  <1.0>}
x[4,5]{5  <2.0936713677724246E-4>, 1  <0.003813122189248149>, 7  <0.0023609190395269142>, 3  <0.9659694201417711>, 6  <0.02764717149267656>}
x[4,6]{0  <1.0>}
x[4,7]{5  <0.9997912723055847>, 1  <2.07461597262071E-4>, 6  <1.2660971532786965E-6>}
x[5,0]{6  <1.0>}
x[5,1]{3  <0.9606840851688853>, 1  <0.001040688579595776>, 2  <0.03827522625151892>}
x[5,2]{0  <1.0>}
x[5,3]{4  <0.995544791381296>, 1  <0.00351705814065647>, 2  <9.381504780475758E-4>}
x[5,4]{7  <1.0>}
x[5,5]{4  <2.928289520083841E-6>, 1  <2.443690459684309E-6>, 5  <0.9998035848638969>, 3  <1.9104315612335159E-4>}
x[5,6]{2  <0.9543253926021201>, 3  <0.045674607397879805>}
x[5,7]{5  <1.9833010282826124E-4>, 1  <0.9942320677853095>, 4  <0.005569602111862278>}
x[6,0]{4  <1.0>}
x[6,1]{6  <1.0>}
x[6,2]{5  <1.0>}
x[6,3]{7  <1.0>}
x[6,4]{0  <1.0>}
x[6,5]{2  <1.0>}
x[6,6]{1  <1.0>}
x[6,7]{3  <1.0>}
x[7,0]{1  <1.0>}
x[7,1]{0  <1.0>}
x[7,2]{2  <1.0>}
x[7,3]{5  <1.0>}
x[7,4]{3  <1.0>}
x[7,5]{4  <0.9225209084101049>, 6  <0.07747909158989498>}
x[7,6]{7  <1.0>}
x[7,7]{4  <0.0761090329504282>, 6  <0.9238909670495716>}
problem entropy = 0.16971622219546642
smallest variable entropy = 0.0019011875097517982
##### after BP iteration 6 #####
x[0,0]{0  <1.0>}
x[0,1]{7  <1.0>}
x[0,2]{6  <0.014974491762260869>, 1  <0.985025508237739>}
x[0,3]{6  <0.007095091168951584>, 1  <0.006662333252742291>, 2  <0.9843757317145061>, 4  <0.0018668438637998914>}
x[0,4]{5  <1.0>}
x[0,5]{6  <0.9119105939321528>, 1  <0.004299053846760391>, 4  <0.06877614414780495>, 3  <0.015014208073281972>}
x[0,6]{3  <0.9838160851090151>, 2  <0.01618391489098491>}
x[0,7]{6  <0.06707919425790476>, 1  <0.0037676643964890877>, 4  <0.9291531413456061>}
x[1,0]{5  <1.0>}
x[1,1]{2  <0.9843656464686317>, 1  <0.01563435353136829>}
x[1,2]{4  <1.0>}
x[1,3]{3  <1.0>}
x[1,4]{2  <0.025615387017017283>, 1  <0.9743846129829826>}
x[1,5]{0  <1.0>}
x[1,6]{6  <1.0>}
x[1,7]{7  <1.0>}
x[2,0]{3  <1.0>}
x[2,1]{5  <1.0>}
x[2,2]{6  <0.9820134941197192>, 1  <0.016854227013738208>, 7  <0.0011322788665427501>}
x[2,3]{6  <0.014384328930750012>, 1  <0.9630259695101285>, 2  <0.022589701559121503>}
x[2,4]{6  <0.0010923354646554812>, 1  <0.027943892675907217>, 2  <0.9709637718594374>}
x[2,5]{6  <9.062133660519649E-4>, 1  <7.4032912755252965E-6>, 7  <0.9990863833426725>}
x[2,6]{4  <1.0>}
x[2,7]{0  <1.0>}
x[3,0]{7  <1.0>}
x[3,1]{4  <1.0>}
x[3,2]{3  <1.0>}
x[3,3]{0  <1.0>}
x[3,4]{6  <0.9980703845845238>, 1  <0.0019296154154761183>}
x[3,5]{6  <0.004042860563551237>, 1  <0.9959571394364488>}
x[3,6]{5  <1.0>}
x[3,7]{2  <1.0>}
x[4,0]{2  <1.0>}
x[4,1]{3  <0.012525336171828305>, 1  <0.9874746638281717>}
x[4,2]{6  <3.6618176958538444E-4>, 1  <3.214559943115944E-4>, 7  <0.9993123622361031>}
x[4,3]{6  <0.9855030797280285>, 1  <0.01449692027197142>}
x[4,4]{4  <1.0>}
x[4,5]{5  <7.042290961622696E-5>, 1  <0.001522525513603485>, 7  <5.795192005700749E-4>, 3  <0.98507475364959>, 6  <0.01275277872662017>}
x[4,6]{0  <1.0>}
x[4,7]{5  <0.9999295919658705>, 1  <7.013345266229831E-5>, 6  <2.745814672421773E-7>}
x[5,0]{6  <1.0>}
x[5,1]{3  <0.9853230581284245>, 1  <3.337007657970686E-4>, 2  <0.014343241105778452>}
x[5,2]{0  <1.0>}
x[5,3]{4  <0.9977906361202791>, 1  <0.001917551844772269>, 2  <2.9181203494857357E-4>}
x[5,4]{7  <1.0>}
x[5,5]{4  <6.790185932840643E-7>, 1  <6.633913420688515E-7>, 5  <0.9999276308091904>, 3  <7.102678087414609E-5>}
x[5,6]{2  <0.9812153793780071>, 3  <0.01878462062199299>}
x[5,7]{5  <7.441258532370074E-5>, 1  <0.9970482865114609>, 4  <0.0028773009032154145>}
x[6,0]{4  <1.0>}
x[6,1]{6  <1.0>}
x[6,2]{5  <1.0>}
x[6,3]{7  <1.0>}
x[6,4]{0  <1.0>}
x[6,5]{2  <1.0>}
x[6,6]{1  <1.0>}
x[6,7]{3  <1.0>}
x[7,0]{1  <1.0>}
x[7,1]{0  <1.0>}
x[7,2]{2  <1.0>}
x[7,3]{5  <1.0>}
x[7,4]{3  <1.0>}
x[7,5]{4  <0.930256185845413>, 6  <0.06974381415458691>}
x[7,6]{7  <1.0>}
x[7,7]{4  <0.06898430399228571>, 6  <0.9310156960077144>}
problem entropy = 0.11058603633237243
smallest variable entropy = 7.453881731153389E-4
### branching on x[4,7]=5 marginal=0.9999295919658705
##### after BP iteration 1 #####
x[0,0]{0  <1.0>}
x[0,1]{7  <1.0>}
x[0,2]{6  <0.0074723701976149555>, 1  <0.9925276298023851>}
x[0,3]{6  <0.002147824036629503>, 1  <0.002570582411661397>, 2  <0.9946298858834139>, 4  <6.517076682950614E-4>}
x[0,4]{5  <1.0>}
x[0,5]{6  <0.9304783185679223>, 1  <0.00230726123913682>, 4  <0.062154190912096806>, 3  <0.005060229280843968>}
x[0,6]{3  <0.9945209289953543>, 2  <0.005479071004645664>}
x[0,7]{6  <0.06122731473354572>, 1  <0.0018817929653598018>, 4  <0.9368908923010946>}
x[1,0]{5  <1.0>}
x[1,1]{2  <0.9946413593552882>, 1  <0.0053586406447119>}
x[1,2]{4  <1.0>}
x[1,3]{3  <1.0>}
x[1,4]{2  <0.010158358095229168>, 1  <0.9898416419047708>}
x[1,5]{0  <1.0>}
x[1,6]{6  <1.0>}
x[1,7]{7  <1.0>}
x[2,0]{3  <1.0>}
x[2,1]{5  <1.0>}
x[2,2]{6  <0.9907720246735342>, 1  <0.008962063881931125>, 7  <2.6591144453453095E-4>}
x[2,3]{6  <0.007283113755810413>, 1  <0.9835456996249395>, 2  <0.009171186619249993>}
x[2,4]{6  <3.240059313709405E-4>, 1  <0.012088253766223514>, 2  <0.9875877403024055>}
x[2,5]{6  <1.8579056303446413E-4>, 1  <7.2977718537804E-7>, 7  <0.9998134796597802>}
x[2,6]{4  <1.0>}
x[2,7]{0  <1.0>}
x[3,0]{7  <1.0>}
x[3,1]{4  <1.0>}
x[3,2]{3  <1.0>}
x[3,3]{0  <1.0>}
x[3,4]{6  <0.999362026856821>, 1  <6.379731431790385E-4>}
x[3,5]{6  <0.0016550439385498064>, 1  <0.9983449560614501>}
x[3,6]{5  <1.0>}
x[3,7]{2  <1.0>}
x[4,0]{2  <1.0>}
x[4,1]{3  <0.004052405154477435>, 1  <0.9959475948455225>}
x[4,2]{6  <7.113048841467088E-5>, 1  <5.55945972744478E-5>, 7  <0.9998732749143109>}
x[4,3]{6  <0.994664816607111>, 1  <0.005335183392889049>}
x[4,4]{4  <1.0>}
x[4,5]{6  <0.004559750523467607>, 1  <4.4216276433393833E-4>, 7  <9.863248434428828E-5>, 3  <0.9948994542278541>}
x[4,6]{0  <1.0>}
x[4,7]{5  <1.0>}
x[5,0]{6  <1.0>}
x[5,1]{3  <0.9951672860944906>, 1  <6.936018998056538E-5>, 2  <0.00476335371552891>}
x[5,2]{0  <1.0>}
x[5,3]{4  <0.9990533270303353>, 1  <8.732243810438859E-4>, 2  <7.3448588620795E-5>}
x[5,4]{7  <1.0>}
x[5,5]{5  <1.0>}
x[5,6]{2  <0.9933796987815727>, 3  <0.006620301218427295>}
x[5,7]{4  <0.0014289630115603684>, 1  <0.9985710369884396>}
x[6,0]{4  <1.0>}
x[6,1]{6  <1.0>}
x[6,2]{5  <1.0>}
x[6,3]{7  <1.0>}
x[6,4]{0  <1.0>}
x[6,5]{2  <1.0>}
x[6,6]{1  <1.0>}
x[6,7]{3  <1.0>}
x[7,0]{1  <1.0>}
x[7,1]{0  <1.0>}
x[7,2]{2  <1.0>}
x[7,3]{5  <1.0>}
x[7,4]{3  <1.0>}
x[7,5]{4  <0.9375736336970402>, 6  <0.06242636630295989>}
x[7,6]{7  <1.0>}
x[7,7]{4  <0.06213210586689288>, 6  <0.9378678941331071>}
problem entropy = 0.07879525333518933
smallest variable entropy = 0.001350767830776764
##### after BP iteration 2 #####
x[0,0]{0  <1.0>}
x[0,1]{7  <1.0>}
x[0,2]{6  <0.003307584760856001>, 1  <0.996692415239144>}
x[0,3]{6  <4.3491977340436033E-4>, 1  <7.433608648334532E-4>, 2  <0.9986494662499407>, 4  <1.7225311182158314E-4>}
x[0,4]{5  <1.0>}
x[0,5]{6  <0.9417793521297703>, 1  <0.0010975703712904025>, 4  <0.055880233122421366>, 3  <0.0012428443765181017>}
x[0,6]{3  <0.9985989613708566>, 2  <0.0014010386291434978>}
x[0,7]{6  <0.05539917159742327>, 1  <9.162736360055606E-4>, 4  <0.9436845547665712>}
x[1,0]{5  <1.0>}
x[1,1]{2  <0.9983675911474684>, 1  <0.0016324088525315895>}
x[1,2]{4  <1.0>}
x[1,3]{3  <1.0>}
x[1,4]{2  <0.0035154819460947243>, 1  <0.9964845180539053>}
x[1,5]{0  <1.0>}
x[1,6]{6  <1.0>}
x[1,7]{7  <1.0>}
x[2,0]{3  <1.0>}
x[2,1]{5  <1.0>}
x[2,2]{6  <0.9959654298970388>, 1  <0.003989078705112555>, 7  <4.5491397848523334E-5>}
x[2,3]{6  <0.003037162636012778>, 1  <0.9940608777563549>, 2  <0.0029019596076322895>}
x[2,4]{6  <7.137173790722514E-5>, 1  <0.004284868663597572>, 2  <0.9956437595984952>}
x[2,5]{6  <2.5439784418651895E-5>, 1  <3.946001501992835E-8>, 7  <0.9999745207555664>}
x[2,6]{4  <1.0>}
x[2,7]{0  <1.0>}
x[3,0]{7  <1.0>}
x[3,1]{4  <1.0>}
x[3,2]{3  <1.0>}
x[3,3]{0  <1.0>}
x[3,4]{6  <0.999832636511065>, 1  <1.67363488935059E-4>}
x[3,5]{6  <5.904399106633486E-4>, 1  <0.9994095600893366>}
x[3,6]{5  <1.0>}
x[3,7]{2  <1.0>}
x[4,0]{2  <1.0>}
x[4,1]{3  <0.0010968393303014863>, 1  <0.9989031606696985>}
x[4,2]{6  <9.735384283198764E-6>, 1  <6.589443100658116E-6>, 7  <0.9999836751726162>}
x[4,3]{6  <0.9984227191664669>, 1  <0.0015772808335331955>}
x[4,4]{4  <1.0>}
x[4,5]{6  <0.001238981859653209>, 1  <9.279145728035892E-5>, 7  <1.114432196409764E-5>, 3  <0.9986570823611024>}
x[4,6]{0  <1.0>}
x[4,7]{5  <1.0>}
x[5,0]{6  <1.0>}
x[5,1]{3  <0.9985886478100106>, 1  <1.5175305360243303E-5>, 2  <0.0013961768846292382>}
x[5,2]{0  <1.0>}
x[5,3]{4  <0.9996683704806503>, 1  <3.169931875249747E-4>, 2  <1.4636331824727841E-5>}
x[5,4]{7  <1.0>}
x[5,5]{5  <1.0>}
x[5,6]{2  <0.9980205428636956>, 3  <0.001979457136304341>}
x[5,7]{4  <6.497970610007429E-4>, 1  <0.9993502029389992>}
x[6,0]{4  <1.0>}
x[6,1]{6  <1.0>}
x[6,2]{5  <1.0>}
x[6,3]{7  <1.0>}
x[6,4]{0  <1.0>}
x[6,5]{2  <1.0>}
x[6,6]{1  <1.0>}
x[6,7]{3  <1.0>}
x[7,0]{1  <1.0>}
x[7,1]{0  <1.0>}
x[7,2]{2  <1.0>}
x[7,3]{5  <1.0>}
x[7,4]{3  <1.0>}
x[7,5]{4  <0.9441716836758554>, 6  <0.055828316324144596>}
x[7,6]{7  <1.0>}
x[7,7]{4  <0.05574814166995194>, 6  <0.944251858330048>}
problem entropy = 0.055329629844285286
smallest variable entropy = 2.0728086220557008E-4
### branching on x[4,2]=7 marginal=0.9999836751726162
##### after BP iteration 1 #####
x[0,0]{0  <1.0>}
x[0,1]{7  <1.0>}
x[0,2]{6  <0.001308001271335347>, 1  <0.9986919987286647>}
x[0,3]{6  <6.0119446775196827E-5>, 1  <1.6025722338548808E-4>, 2  <0.9997446932022097>, 4  <3.4930127629681223E-5>}
x[0,4]{5  <1.0>}
x[0,5]{6  <0.949263886405986>, 1  <4.555122868344881E-4>, 4  <0.05005657819424064>, 3  <2.2402311293881483E-4>}
x[0,6]{3  <0.9997288275986298>, 2  <2.7117240137022875E-4>}
x[0,7]{6  <0.04980878207039034>, 1  <4.116035151529138E-4>, 4  <0.9497796144144567>}
x[1,0]{5  <1.0>}
x[1,1]{2  <0.9995742997565527>, 1  <4.2570024344733585E-4>}
x[1,2]{4  <1.0>}
x[1,3]{3  <1.0>}
x[1,4]{2  <0.001043094838660093>, 1  <0.9989569051613398>}
x[1,5]{0  <1.0>}
x[1,6]{6  <1.0>}
x[1,7]{7  <1.0>}
x[2,0]{3  <1.0>}
x[2,1]{5  <1.0>}
x[2,2]{6  <0.9985055671638297>, 1  <0.0014944328361704384>}
x[2,3]{6  <0.001043969802096316>, 1  <0.9982156388249515>, 2  <7.403913729522833E-4>}
x[2,4]{6  <1.1565248279438474E-5>, 1  <0.001251706116536515>, 2  <0.998736728635184>}
x[2,5]{7  <1.0>}
x[2,6]{4  <1.0>}
x[2,7]{0  <1.0>}
x[3,0]{7  <1.0>}
x[3,1]{4  <1.0>}
x[3,2]{3  <1.0>}
x[3,3]{0  <1.0>}
x[3,4]{6  <0.999964615386365>, 1  <3.538461363486178E-5>}
x[3,5]{6  <1.9008631829275227E-4>, 1  <0.9998099136817072>}
x[3,6]{5  <1.0>}
x[3,7]{2  <1.0>}
x[4,0]{2  <1.0>}
x[4,1]{3  <2.3998344913322164E-4>, 1  <0.9997600165508668>}
x[4,2]{7  <1.0>}
x[4,3]{6  <0.9996193579697558>, 1  <3.8064203024424227E-4>}
x[4,4]{4  <1.0>}
x[4,5]{6  <2.580429781441522E-4>, 1  <1.4216713336747014E-5>, 3  <0.9997277403085192>}
x[4,6]{0  <1.0>}
x[4,7]{5  <1.0>}
x[5,0]{6  <1.0>}
x[5,1]{3  <0.9996503960011918>, 1  <2.567303583590219E-6>, 2  <3.470366952247122E-4>}
x[5,2]{0  <1.0>}
x[5,3]{4  <0.9999070021205977>, 1  <9.076491559101907E-5>, 2  <2.232963811290242E-6>}
x[5,4]{7  <1.0>}
x[5,5]{5  <1.0>}
x[5,6]{2  <0.999509597786996>, 3  <4.904022130040092E-4>}
x[5,7]{4  <2.576169077055224E-4>, 1  <0.9997423830922946>}
x[6,0]{4  <1.0>}
x[6,1]{6  <1.0>}
x[6,2]{5  <1.0>}
x[6,3]{7  <1.0>}
x[6,4]{0  <1.0>}
x[6,5]{2  <1.0>}
x[6,6]{1  <1.0>}
x[6,7]{3  <1.0>}
x[7,0]{1  <1.0>}
x[7,1]{0  <1.0>}
x[7,2]{2  <1.0>}
x[7,3]{5  <1.0>}
x[7,4]{3  <1.0>}
x[7,5]{4  <0.9500357124517232>, 6  <0.04996428754827681>}
x[7,6]{7  <1.0>}
x[7,7]{4  <0.04992653307468229>, 6  <0.9500734669253177>}
problem entropy = 0.04788381089561987
smallest variable entropy = 3.980491541723683E-4
### branching on x[3,4]=6 marginal=0.999964615386365
##### after BP iteration 1 #####
x[0,0]{0  <1.0>}
x[0,1]{7  <1.0>}
x[0,2]{6  <2.2175854619223924E-4>, 1  <0.9997782414538078>}
x[0,3]{6  <5.8607478359291855E-6>, 1  <2.5837061832846128E-5>, 2  <0.9999627319134855>, 4  <5.570276845702194E-6>}
x[0,4]{5  <1.0>}
x[0,5]{6  <0.9552157001032913>, 3  <3.0178272362735814E-5>, 4  <0.044754121624345895>}
x[0,6]{3  <0.9999599541381473>, 2  <4.0045861852707325E-5>}
x[0,7]{6  <0.04464160575820623>, 1  <1.6075434953700905E-4>, 4  <0.9551976398922567>}
x[1,0]{5  <1.0>}
x[1,1]{2  <0.9999102946138845>, 1  <8.970538611560494E-5>}
x[1,2]{4  <1.0>}
x[1,3]{3  <1.0>}
x[1,4]{2  <2.590006499376302E-4>, 1  <0.9997409993500623>}
x[1,5]{0  <1.0>}
x[1,6]{6  <1.0>}
x[1,7]{7  <1.0>}
x[2,0]{3  <1.0>}
x[2,1]{5  <1.0>}
x[2,2]{6  <0.9995176522649439>, 1  <4.823477350560562E-4>}
x[2,3]{6  <2.9968081678077895E-4>, 1  <0.9995417806689169>, 2  <1.5853851430234857E-4>}
x[2,4]{2  <0.9996921723848413>, 1  <3.0782761515861105E-4>}
x[2,5]{7  <1.0>}
x[2,6]{4  <1.0>}
x[2,7]{0  <1.0>}
x[3,0]{7  <1.0>}
x[3,1]{4  <1.0>}
x[3,2]{3  <1.0>}
x[3,3]{0  <1.0>}
x[3,4]{6  <1.0>}
x[3,5]{1  <1.0>}
x[3,6]{5  <1.0>}
x[3,7]{2  <1.0>}
x[4,0]{2  <1.0>}
x[4,1]{3  <3.682114598266648E-5>, 1  <0.9999631788540174>}
x[4,2]{7  <1.0>}
x[4,3]{6  <0.9999232730868428>, 1  <7.672691315723677E-5>}
x[4,4]{4  <1.0>}
x[4,5]{6  <4.1869658776330194E-5>, 3  <0.9999581303412237>}
x[4,6]{0  <1.0>}
x[4,7]{5  <1.0>}
x[5,0]{6  <1.0>}
x[5,1]{3  <0.9999305621589331>, 1  <3.17298043583715E-7>, 2  <6.912054302330074E-5>}
x[5,2]{0  <1.0>}
x[5,3]{4  <0.9999787557317551>, 1  <2.098826091120343E-5>, 2  <2.5600733366626647E-7>}
x[5,4]{7  <1.0>}
x[5,5]{5  <1.0>}
x[5,6]{2  <0.9999005651394315>, 3  <9.943486056857255E-5>}
x[5,7]{4  <8.674937691209145E-5>, 1  <0.9999132506230879>}
x[6,0]{4  <1.0>}
x[6,1]{6  <1.0>}
x[6,2]{5  <1.0>}
x[6,3]{7  <1.0>}
x[6,4]{0  <1.0>}
x[6,5]{2  <1.0>}
x[6,6]{1  <1.0>}
x[6,7]{3  <1.0>}
x[7,0]{1  <1.0>}
x[7,1]{0  <1.0>}
x[7,2]{2  <1.0>}
x[7,3]{5  <1.0>}
x[7,4]{3  <1.0>}
x[7,5]{4  <0.9553097581647565>, 6  <0.044690241835243526>}
x[7,6]{7  <1.0>}
x[7,7]{4  <0.04467911371220554>, 6  <0.9553208862877945>}
problem entropy = 0.0468255775159052
smallest variable entropy = 2.5120578193574495E-4
### branching on x[5,3]=4 marginal=0.9999787557317551
##### after BP iteration 1 #####
x[0,0]{0  <1.0>}
x[0,1]{7  <1.0>}
x[0,2]{6  <2.8580764227874874E-6>, 1  <0.9999971419235771>}
x[0,3]{6  <4.1777737118530303E-7>, 1  <3.164973210927253E-6>, 2  <0.9999964172494179>}
x[0,4]{5  <1.0>}
x[0,5]{6  <0.9601553277300896>, 3  <2.8351654067901E-6>, 4  <0.03984183710450374>}
x[0,6]{3  <0.9999962163272251>, 2  <3.783672774872736E-6>}
x[0,7]{6  <0.03993672145703836>, 4  <0.9600632785429617>}
x[1,0]{5  <1.0>}
x[1,1]{2  <0.9999858824966403>, 1  <1.4117503359656578E-5>}
x[1,2]{4  <1.0>}
x[1,3]{3  <1.0>}
x[1,4]{2  <5.4987334390168164E-5>, 1  <0.9999450126656099>}
x[1,5]{0  <1.0>}
x[1,6]{6  <1.0>}
x[1,7]{7  <1.0>}
x[2,0]{3  <1.0>}
x[2,1]{5  <1.0>}
x[2,2]{6  <0.9998976108789288>, 1  <1.0238912107119854E-4>}
x[2,3]{6  <7.366453567260114E-5>, 1  <0.9998988265995785>, 2  <2.7508864748926025E-5>}
x[2,4]{2  <0.9999348331060978>, 1  <6.516689390213506E-5>}
x[2,5]{7  <1.0>}
x[2,6]{4  <1.0>}
x[2,7]{0  <1.0>}
x[3,0]{7  <1.0>}
x[3,1]{4  <1.0>}
x[3,2]{3  <1.0>}
x[3,3]{0  <1.0>}
x[3,4]{6  <1.0>}
x[3,5]{1  <1.0>}
x[3,6]{5  <1.0>}
x[3,7]{2  <1.0>}
x[4,0]{2  <1.0>}
x[4,1]{3  <4.976251736447588E-6>, 1  <0.9999950237482635>}
x[4,2]{7  <1.0>}
x[4,3]{6  <0.9999873780121148>, 1  <1.262198788512873E-5>}
x[4,4]{4  <1.0>}
x[4,5]{6  <5.676785852772571E-6>, 3  <0.9999943232141472>}
x[4,6]{0  <1.0>}
x[4,7]{5  <1.0>}
x[5,0]{6  <1.0>}
x[5,1]{3  <0.9999897089332594>, 2  <1.0291066740499763E-5>}
x[5,2]{0  <1.0>}
x[5,3]{4  <1.0>}
x[5,4]{7  <1.0>}
x[5,5]{5  <1.0>}
x[5,6]{2  <0.9999836406953481>, 3  <1.635930465198505E-5>}
x[5,7]{1  <1.0>}
x[6,0]{4  <1.0>}
x[6,1]{6  <1.0>}
x[6,2]{5  <1.0>}
x[6,3]{7  <1.0>}
x[6,4]{0  <1.0>}
x[6,5]{2  <1.0>}
x[6,6]{1  <1.0>}
x[6,7]{3  <1.0>}
x[7,0]{1  <1.0>}
x[7,1]{0  <1.0>}
x[7,2]{2  <1.0>}
x[7,3]{5  <1.0>}
x[7,4]{3  <1.0>}
x[7,5]{4  <0.9600217679860397>, 6  <0.03997823201396035>}
x[7,6]{7  <1.0>}
x[7,7]{4  <0.039950991827641225>, 6  <0.9600490081723588>}
problem entropy = 0.05202249304919597
smallest variable entropy = 3.934245175274879E-5
### branching on x[0,2]=1 marginal=0.9999971419235771
### branching on x[0,3]=2 marginal=0.9999995822213066
##### after BP iteration 1 #####
x[0,0]{0  <1.0>}
x[0,1]{7  <1.0>}
x[0,2]{1  <1.0>}
x[0,3]{2  <1.0>}
x[0,4]{5  <1.0>}
x[0,5]{6  <0.9643320215357153>, 4  <0.03566797846428476>}
x[0,6]{3  <1.0>}
x[0,7]{6  <0.03569556696940166>, 4  <0.9643044330305983>}
x[1,0]{5  <1.0>}
x[1,1]{2  <1.0>}
x[1,2]{4  <1.0>}
x[1,3]{3  <1.0>}
x[1,4]{1  <1.0>}
x[1,5]{0  <1.0>}
x[1,6]{6  <1.0>}
x[1,7]{7  <1.0>}
x[2,0]{3  <1.0>}
x[2,1]{5  <1.0>}
x[2,2]{6  <1.0>}
x[2,3]{1  <1.0>}
x[2,4]{2  <1.0>}
x[2,5]{7  <1.0>}
x[2,6]{4  <1.0>}
x[2,7]{0  <1.0>}
x[3,0]{7  <1.0>}
x[3,1]{4  <1.0>}
x[3,2]{3  <1.0>}
x[3,3]{0  <1.0>}
x[3,4]{6  <1.0>}
x[3,5]{1  <1.0>}
x[3,6]{5  <1.0>}
x[3,7]{2  <1.0>}
x[4,0]{2  <1.0>}
x[4,1]{1  <1.0>}
x[4,2]{7  <1.0>}
x[4,3]{6  <1.0>}
x[4,4]{4  <1.0>}
x[4,5]{3  <1.0>}
x[4,6]{0  <1.0>}
x[4,7]{5  <1.0>}
x[5,0]{6  <1.0>}
x[5,1]{3  <1.0>}
x[5,2]{0  <1.0>}
x[5,3]{4  <1.0>}
x[5,4]{7  <1.0>}
x[5,5]{5  <1.0>}
x[5,6]{2  <1.0>}
x[5,7]{1  <1.0>}
x[6,0]{4  <1.0>}
x[6,1]{6  <1.0>}
x[6,2]{5  <1.0>}
x[6,3]{7  <1.0>}
x[6,4]{0  <1.0>}
x[6,5]{2  <1.0>}
x[6,6]{1  <1.0>}
x[6,7]{3  <1.0>}
x[7,0]{1  <1.0>}
x[7,1]{0  <1.0>}
x[7,2]{2  <1.0>}
x[7,3]{5  <1.0>}
x[7,4]{3  <1.0>}
x[7,5]{4  <0.9643648274074551>, 6  <0.03563517259254496>}
x[7,6]{7  <1.0>}
x[7,7]{4  <0.03571650669134562>, 6  <0.9642834933086545>}
problem entropy = 0.22211608359652504
smallest variable entropy = 0.15381526879337487
##### after BP iteration 2 #####
x[0,0]{0  <1.0>}
x[0,1]{7  <1.0>}
x[0,2]{1  <1.0>}
x[0,3]{2  <1.0>}
x[0,4]{5  <1.0>}
x[0,5]{6  <0.9681156105009798>, 4  <0.03188438949902013>}
x[0,6]{3  <1.0>}
x[0,7]{6  <0.03190496224239657>, 4  <0.9680950377576035>}
x[1,0]{5  <1.0>}
x[1,1]{2  <1.0>}
x[1,2]{4  <1.0>}
x[1,3]{3  <1.0>}
x[1,4]{1  <1.0>}
x[1,5]{0  <1.0>}
x[1,6]{6  <1.0>}
x[1,7]{7  <1.0>}
x[2,0]{3  <1.0>}
x[2,1]{5  <1.0>}
x[2,2]{6  <1.0>}
x[2,3]{1  <1.0>}
x[2,4]{2  <1.0>}
x[2,5]{7  <1.0>}
x[2,6]{4  <1.0>}
x[2,7]{0  <1.0>}
x[3,0]{7  <1.0>}
x[3,1]{4  <1.0>}
x[3,2]{3  <1.0>}
x[3,3]{0  <1.0>}
x[3,4]{6  <1.0>}
x[3,5]{1  <1.0>}
x[3,6]{5  <1.0>}
x[3,7]{2  <1.0>}
x[4,0]{2  <1.0>}
x[4,1]{1  <1.0>}
x[4,2]{7  <1.0>}
x[4,3]{6  <1.0>}
x[4,4]{4  <1.0>}
x[4,5]{3  <1.0>}
x[4,6]{0  <1.0>}
x[4,7]{5  <1.0>}
x[5,0]{6  <1.0>}
x[5,1]{3  <1.0>}
x[5,2]{0  <1.0>}
x[5,3]{4  <1.0>}
x[5,4]{7  <1.0>}
x[5,5]{5  <1.0>}
x[5,6]{2  <1.0>}
x[5,7]{1  <1.0>}
x[6,0]{4  <1.0>}
x[6,1]{6  <1.0>}
x[6,2]{5  <1.0>}
x[6,3]{7  <1.0>}
x[6,4]{0  <1.0>}
x[6,5]{2  <1.0>}
x[6,6]{1  <1.0>}
x[6,7]{3  <1.0>}
x[7,0]{1  <1.0>}
x[7,1]{0  <1.0>}
x[7,2]{2  <1.0>}
x[7,3]{5  <1.0>}
x[7,4]{3  <1.0>}
x[7,5]{4  <0.96815114957903>, 6  <0.03184885042096992>}
x[7,6]{7  <1.0>}
x[7,7]{4  <0.03184923219595826>, 6  <0.9681507678040417>}
problem entropy = 0.20369396462268896
smallest variable entropy = 0.14111135636054953
##### after BP iteration 3 #####
x[0,0]{0  <1.0>}
x[0,1]{7  <1.0>}
x[0,2]{1  <1.0>}
x[0,3]{2  <1.0>}
x[0,4]{5  <1.0>}
x[0,5]{6  <0.9715167665473702>, 4  <0.028483233452629885>}
x[0,6]{3  <1.0>}
x[0,7]{6  <0.02846055208251342>, 4  <0.9715394479174866>}
x[1,0]{5  <1.0>}
x[1,1]{2  <1.0>}
x[1,2]{4  <1.0>}
x[1,3]{3  <1.0>}
x[1,4]{1  <1.0>}
x[1,5]{0  <1.0>}
x[1,6]{6  <1.0>}
x[1,7]{7  <1.0>}
x[2,0]{3  <1.0>}
x[2,1]{5  <1.0>}
x[2,2]{6  <1.0>}
x[2,3]{1  <1.0>}
x[2,4]{2  <1.0>}
x[2,5]{7  <1.0>}
x[2,6]{4  <1.0>}
x[2,7]{0  <1.0>}
x[3,0]{7  <1.0>}
x[3,1]{4  <1.0>}
x[3,2]{3  <1.0>}
x[3,3]{0  <1.0>}
x[3,4]{6  <1.0>}
x[3,5]{1  <1.0>}
x[3,6]{5  <1.0>}
x[3,7]{2  <1.0>}
x[4,0]{2  <1.0>}
x[4,1]{1  <1.0>}
x[4,2]{7  <1.0>}
x[4,3]{6  <1.0>}
x[4,4]{4  <1.0>}
x[4,5]{3  <1.0>}
x[4,6]{0  <1.0>}
x[4,7]{5  <1.0>}
x[5,0]{6  <1.0>}
x[5,1]{3  <1.0>}
x[5,2]{0  <1.0>}
x[5,3]{4  <1.0>}
x[5,4]{7  <1.0>}
x[5,5]{5  <1.0>}
x[5,6]{2  <1.0>}
x[5,7]{1  <1.0>}
x[6,0]{4  <1.0>}
x[6,1]{6  <1.0>}
x[6,2]{5  <1.0>}
x[6,3]{7  <1.0>}
x[6,4]{0  <1.0>}
x[6,5]{2  <1.0>}
x[6,6]{1  <1.0>}
x[6,7]{3  <1.0>}
x[7,0]{1  <1.0>}
x[7,1]{0  <1.0>}
x[7,2]{2  <1.0>}
x[7,3]{5  <1.0>}
x[7,4]{3  <1.0>}
x[7,5]{4  <0.9715434092502183>, 6  <0.0284565907497816>}
x[7,6]{7  <1.0>}
x[7,7]{4  <0.028438795393193776>, 6  <0.9715612046068062>}
problem entropy = 0.1866079838050791
smallest variable entropy = 0.12927266493160458
##### after BP iteration 4 #####
x[0,0]{0  <1.0>}
x[0,1]{7  <1.0>}
x[0,2]{1  <1.0>}
x[0,3]{2  <1.0>}
x[0,4]{5  <1.0>}
x[0,5]{6  <0.9745912502326363>, 4  <0.025408749767363802>}
x[0,6]{3  <1.0>}
x[0,7]{6  <0.025393089995180966>, 4  <0.974606910004819>}
x[1,0]{5  <1.0>}
x[1,1]{2  <1.0>}
x[1,2]{4  <1.0>}
x[1,3]{3  <1.0>}
x[1,4]{1  <1.0>}
x[1,5]{0  <1.0>}
x[1,6]{6  <1.0>}
x[1,7]{7  <1.0>}
x[2,0]{3  <1.0>}
x[2,1]{5  <1.0>}
x[2,2]{6  <1.0>}
x[2,3]{1  <1.0>}
x[2,4]{2  <1.0>}
x[2,5]{7  <1.0>}
x[2,6]{4  <1.0>}
x[2,7]{0  <1.0>}
x[3,0]{7  <1.0>}
x[3,1]{4  <1.0>}
x[3,2]{3  <1.0>}
x[3,3]{0  <1.0>}
x[3,4]{6  <1.0>}
x[3,5]{1  <1.0>}
x[3,6]{5  <1.0>}
x[3,7]{2  <1.0>}
x[4,0]{2  <1.0>}
x[4,1]{1  <1.0>}
x[4,2]{7  <1.0>}
x[4,3]{6  <1.0>}
x[4,4]{4  <1.0>}
x[4,5]{3  <1.0>}
x[4,6]{0  <1.0>}
x[4,7]{5  <1.0>}
x[5,0]{6  <1.0>}
x[5,1]{3  <1.0>}
x[5,2]{0  <1.0>}
x[5,3]{4  <1.0>}
x[5,4]{7  <1.0>}
x[5,5]{5  <1.0>}
x[5,6]{2  <1.0>}
x[5,7]{1  <1.0>}
x[6,0]{4  <1.0>}
x[6,1]{6  <1.0>}
x[6,2]{5  <1.0>}
x[6,3]{7  <1.0>}
x[6,4]{0  <1.0>}
x[6,5]{2  <1.0>}
x[6,6]{1  <1.0>}
x[6,7]{3  <1.0>}
x[7,0]{1  <1.0>}
x[7,1]{0  <1.0>}
x[7,2]{2  <1.0>}
x[7,3]{5  <1.0>}
x[7,4]{3  <1.0>}
x[7,5]{4  <0.9745835086650187>, 6  <0.025416491334981296>}
x[7,6]{7  <1.0>}
x[7,7]{4  <0.02539761720267712>, 6  <0.9746023827973228>}
problem entropy = 0.17079135849745813
smallest variable entropy = 0.1183438049921471
##### after BP iteration 5 #####
x[0,0]{0  <1.0>}
x[0,1]{7  <1.0>}
x[0,2]{1  <1.0>}
x[0,3]{2  <1.0>}
x[0,4]{5  <1.0>}
x[0,5]{6  <0.9773369928513278>, 4  <0.02266300714867223>}
x[0,6]{3  <1.0>}
x[0,7]{6  <0.022661703660803636>, 4  <0.9773382963391963>}
x[1,0]{5  <1.0>}
x[1,1]{2  <1.0>}
x[1,2]{4  <1.0>}
x[1,3]{3  <1.0>}
x[1,4]{1  <1.0>}
x[1,5]{0  <1.0>}
x[1,6]{6  <1.0>}
x[1,7]{7  <1.0>}
x[2,0]{3  <1.0>}
x[2,1]{5  <1.0>}
x[2,2]{6  <1.0>}
x[2,3]{1  <1.0>}
x[2,4]{2  <1.0>}
x[2,5]{7  <1.0>}
x[2,6]{4  <1.0>}
x[2,7]{0  <1.0>}
x[3,0]{7  <1.0>}
x[3,1]{4  <1.0>}
x[3,2]{3  <1.0>}
x[3,3]{0  <1.0>}
x[3,4]{6  <1.0>}
x[3,5]{1  <1.0>}
x[3,6]{5  <1.0>}
x[3,7]{2  <1.0>}
x[4,0]{2  <1.0>}
x[4,1]{1  <1.0>}
x[4,2]{7  <1.0>}
x[4,3]{6  <1.0>}
x[4,4]{4  <1.0>}
x[4,5]{3  <1.0>}
x[4,6]{0  <1.0>}
x[4,7]{5  <1.0>}
x[5,0]{6  <1.0>}
x[5,1]{3  <1.0>}
x[5,2]{0  <1.0>}
x[5,3]{4  <1.0>}
x[5,4]{7  <1.0>}
x[5,5]{5  <1.0>}
x[5,6]{2  <1.0>}
x[5,7]{1  <1.0>}
x[6,0]{4  <1.0>}
x[6,1]{6  <1.0>}
x[6,2]{5  <1.0>}
x[6,3]{7  <1.0>}
x[6,4]{0  <1.0>}
x[6,5]{2  <1.0>}
x[6,6]{1  <1.0>}
x[6,7]{3  <1.0>}
x[7,0]{1  <1.0>}
x[7,1]{0  <1.0>}
x[7,2]{2  <1.0>}
x[7,3]{5  <1.0>}
x[7,4]{3  <1.0>}
x[7,5]{4  <0.9773233231519161>, 6  <0.022676676848083877>}
x[7,6]{7  <1.0>}
x[7,7]{4  <0.022675088912488914>, 6  <0.9773249110875111>}
problem entropy = 0.15617539472665848
smallest variable entropy = 0.10822462378018662
##### after BP iteration 6 #####
x[0,0]{0  <1.0>}
x[0,1]{7  <1.0>}
x[0,2]{1  <1.0>}
x[0,3]{2  <1.0>}
x[0,4]{5  <1.0>}
x[0,5]{6  <0.9797823982090154>, 4  <0.020217601790984537>}
x[0,6]{3  <1.0>}
x[0,7]{6  <0.02022436993197489>, 4  <0.979775630068025>}
x[1,0]{5  <1.0>}
x[1,1]{2  <1.0>}
x[1,2]{4  <1.0>}
x[1,3]{3  <1.0>}
x[1,4]{1  <1.0>}
x[1,5]{0  <1.0>}
x[1,6]{6  <1.0>}
x[1,7]{7  <1.0>}
x[2,0]{3  <1.0>}
x[2,1]{5  <1.0>}
x[2,2]{6  <1.0>}
x[2,3]{1  <1.0>}
x[2,4]{2  <1.0>}
x[2,5]{7  <1.0>}
x[2,6]{4  <1.0>}
x[2,7]{0  <1.0>}
x[3,0]{7  <1.0>}
x[3,1]{4  <1.0>}
x[3,2]{3  <1.0>}
x[3,3]{0  <1.0>}
x[3,4]{6  <1.0>}
x[3,5]{1  <1.0>}
x[3,6]{5  <1.0>}
x[3,7]{2  <1.0>}
x[4,0]{2  <1.0>}
x[4,1]{1  <1.0>}
x[4,2]{7  <1.0>}
x[4,3]{6  <1.0>}
x[4,4]{4  <1.0>}
x[4,5]{3  <1.0>}
x[4,6]{0  <1.0>}
x[4,7]{5  <1.0>}
x[5,0]{6  <1.0>}
x[5,1]{3  <1.0>}
x[5,2]{0  <1.0>}
x[5,3]{4  <1.0>}
x[5,4]{7  <1.0>}
x[5,5]{5  <1.0>}
x[5,6]{2  <1.0>}
x[5,7]{1  <1.0>}
x[6,0]{4  <1.0>}
x[6,1]{6  <1.0>}
x[6,2]{5  <1.0>}
x[6,3]{7  <1.0>}
x[6,4]{0  <1.0>}
x[6,5]{2  <1.0>}
x[6,6]{1  <1.0>}
x[6,7]{3  <1.0>}
x[7,0]{1  <1.0>}
x[7,1]{0  <1.0>}
x[7,2]{2  <1.0>}
x[7,3]{5  <1.0>}
x[7,4]{3  <1.0>}
x[7,5]{4  <0.9797778735932461>, 6  <0.020222126406754016>}
x[7,6]{7  <1.0>}
x[7,7]{4  <0.020227817466700732>, 6  <0.9797721825332993>}
problem entropy = 0.1426906806336305
smallest variable entropy = 0.09888477669302553
##### after BP iteration 7 #####
x[0,0]{0  <1.0>}
x[0,1]{7  <1.0>}
x[0,2]{1  <1.0>}
x[0,3]{2  <1.0>}
x[0,4]{5  <1.0>}
x[0,5]{6  <0.9819633111011196>, 4  <0.01803668889888042>}
x[0,6]{3  <1.0>}
x[0,7]{6  <0.01804048917252252>, 4  <0.9819595108274775>}
x[1,0]{5  <1.0>}
x[1,1]{2  <1.0>}
x[1,2]{4  <1.0>}
x[1,3]{3  <1.0>}
x[1,4]{1  <1.0>}
x[1,5]{0  <1.0>}
x[1,6]{6  <1.0>}
x[1,7]{7  <1.0>}
x[2,0]{3  <1.0>}
x[2,1]{5  <1.0>}
x[2,2]{6  <1.0>}
x[2,3]{1  <1.0>}
x[2,4]{2  <1.0>}
x[2,5]{7  <1.0>}
x[2,6]{4  <1.0>}
x[2,7]{0  <1.0>}
x[3,0]{7  <1.0>}
x[3,1]{4  <1.0>}
x[3,2]{3  <1.0>}
x[3,3]{0  <1.0>}
x[3,4]{6  <1.0>}
x[3,5]{1  <1.0>}
x[3,6]{5  <1.0>}
x[3,7]{2  <1.0>}
x[4,0]{2  <1.0>}
x[4,1]{1  <1.0>}
x[4,2]{7  <1.0>}
x[4,3]{6  <1.0>}
x[4,4]{4  <1.0>}
x[4,5]{3  <1.0>}
x[4,6]{0  <1.0>}
x[4,7]{5  <1.0>}
x[5,0]{6  <1.0>}
x[5,1]{3  <1.0>}
x[5,2]{0  <1.0>}
x[5,3]{4  <1.0>}
x[5,4]{7  <1.0>}
x[5,5]{5  <1.0>}
x[5,6]{2  <1.0>}
x[5,7]{1  <1.0>}
x[6,0]{4  <1.0>}
x[6,1]{6  <1.0>}
x[6,2]{5  <1.0>}
x[6,3]{7  <1.0>}
x[6,4]{0  <1.0>}
x[6,5]{2  <1.0>}
x[6,6]{1  <1.0>}
x[6,7]{3  <1.0>}
x[7,0]{1  <1.0>}
x[7,1]{0  <1.0>}
x[7,2]{2  <1.0>}
x[7,3]{5  <1.0>}
x[7,4]{3  <1.0>}
x[7,5]{4  <0.9819676003022129>, 6  <0.018032399697787117>}
x[7,6]{7  <1.0>}
x[7,7]{4  <0.01803554460430557>, 6  <0.9819644553956943>}
problem entropy = 0.13026811863527993
smallest variable entropy = 0.09027946636426662
##### after BP iteration 8 #####
x[0,0]{0  <1.0>}
x[0,1]{7  <1.0>}
x[0,2]{1  <1.0>}
x[0,3]{2  <1.0>}
x[0,4]{5  <1.0>}
x[0,5]{6  <0.9839144702716381>, 4  <0.016085529728361803>}
x[0,6]{3  <1.0>}
x[0,7]{6  <0.016084393474514833>, 4  <0.9839156065254853>}
x[1,0]{5  <1.0>}
x[1,1]{2  <1.0>}
x[1,2]{4  <1.0>}
x[1,3]{3  <1.0>}
x[1,4]{1  <1.0>}
x[1,5]{0  <1.0>}
x[1,6]{6  <1.0>}
x[1,7]{7  <1.0>}
x[2,0]{3  <1.0>}
x[2,1]{5  <1.0>}
x[2,2]{6  <1.0>}
x[2,3]{1  <1.0>}
x[2,4]{2  <1.0>}
x[2,5]{7  <1.0>}
x[2,6]{4  <1.0>}
x[2,7]{0  <1.0>}
x[3,0]{7  <1.0>}
x[3,1]{4  <1.0>}
x[3,2]{3  <1.0>}
x[3,3]{0  <1.0>}
x[3,4]{6  <1.0>}
x[3,5]{1  <1.0>}
x[3,6]{5  <1.0>}
x[3,7]{2  <1.0>}
x[4,0]{2  <1.0>}
x[4,1]{1  <1.0>}
x[4,2]{7  <1.0>}
x[4,3]{6  <1.0>}
x[4,4]{4  <1.0>}
x[4,5]{3  <1.0>}
x[4,6]{0  <1.0>}
x[4,7]{5  <1.0>}
x[5,0]{6  <1.0>}
x[5,1]{3  <1.0>}
x[5,2]{0  <1.0>}
x[5,3]{4  <1.0>}
x[5,4]{7  <1.0>}
x[5,5]{5  <1.0>}
x[5,6]{2  <1.0>}
x[5,7]{1  <1.0>}
x[6,0]{4  <1.0>}
x[6,1]{6  <1.0>}
x[6,2]{5  <1.0>}
x[6,3]{7  <1.0>}
x[6,4]{0  <1.0>}
x[6,5]{2  <1.0>}
x[6,6]{1  <1.0>}
x[6,7]{3  <1.0>}
x[7,0]{1  <1.0>}
x[7,1]{0  <1.0>}
x[7,2]{2  <1.0>}
x[7,3]{5  <1.0>}
x[7,4]{3  <1.0>}
x[7,5]{4  <0.9839191551293525>, 6  <0.016080844870647513>}
x[7,6]{7  <1.0>}
x[7,7]{4  <0.016079056565733097>, 6  <0.983920943434267>}
problem entropy = 0.11883969703472387
smallest variable entropy = 0.08235941549442617
##### after BP iteration 9 #####
x[0,0]{0  <1.0>}
x[0,1]{7  <1.0>}
x[0,2]{1  <1.0>}
x[0,3]{2  <1.0>}
x[0,4]{5  <1.0>}
x[0,5]{6  <0.9856606012567188>, 4  <0.01433939874328118>}
x[0,6]{3  <1.0>}
x[0,7]{6  <0.014336758513413613>, 4  <0.9856632414865864>}
x[1,0]{5  <1.0>}
x[1,1]{2  <1.0>}
x[1,2]{4  <1.0>}
x[1,3]{3  <1.0>}
x[1,4]{1  <1.0>}
x[1,5]{0  <1.0>}
x[1,6]{6  <1.0>}
x[1,7]{7  <1.0>}
x[2,0]{3  <1.0>}
x[2,1]{5  <1.0>}
x[2,2]{6  <1.0>}
x[2,3]{1  <1.0>}
x[2,4]{2  <1.0>}
x[2,5]{7  <1.0>}
x[2,6]{4  <1.0>}
x[2,7]{0  <1.0>}
x[3,0]{7  <1.0>}
x[3,1]{4  <1.0>}
x[3,2]{3  <1.0>}
x[3,3]{0  <1.0>}
x[3,4]{6  <1.0>}
x[3,5]{1  <1.0>}
x[3,6]{5  <1.0>}
x[3,7]{2  <1.0>}
x[4,0]{2  <1.0>}
x[4,1]{1  <1.0>}
x[4,2]{7  <1.0>}
x[4,3]{6  <1.0>}
x[4,4]{4  <1.0>}
x[4,5]{3  <1.0>}
x[4,6]{0  <1.0>}
x[4,7]{5  <1.0>}
x[5,0]{6  <1.0>}
x[5,1]{3  <1.0>}
x[5,2]{0  <1.0>}
x[5,3]{4  <1.0>}
x[5,4]{7  <1.0>}
x[5,5]{5  <1.0>}
x[5,6]{2  <1.0>}
x[5,7]{1  <1.0>}
x[6,0]{4  <1.0>}
x[6,1]{6  <1.0>}
x[6,2]{5  <1.0>}
x[6,3]{7  <1.0>}
x[6,4]{0  <1.0>}
x[6,5]{2  <1.0>}
x[6,6]{1  <1.0>}
x[6,7]{3  <1.0>}
x[7,0]{1  <1.0>}
x[7,1]{0  <1.0>}
x[7,2]{2  <1.0>}
x[7,3]{5  <1.0>}
x[7,4]{3  <1.0>}
x[7,5]{4  <0.9856615795268051>, 6  <0.014338420473194807>}
x[7,6]{7  <1.0>}
x[7,7]{4  <0.014335254164743334>, 6  <0.9856647458352567>}
problem entropy = 0.10833913572839778
smallest variable entropy = 0.07508564331332225
##### after BP iteration 10 #####
x[0,0]{0  <1.0>}
x[0,1]{7  <1.0>}
x[0,2]{1  <1.0>}
x[0,3]{2  <1.0>}
x[0,4]{5  <1.0>}
x[0,5]{6  <0.9872204125814503>, 4  <0.012779587418549716>}
x[0,6]{3  <1.0>}
x[0,7]{6  <0.012778411050289162>, 4  <0.9872215889497109>}
x[1,0]{5  <1.0>}
x[1,1]{2  <1.0>}
x[1,2]{4  <1.0>}
x[1,3]{3  <1.0>}
x[1,4]{1  <1.0>}
x[1,5]{0  <1.0>}
x[1,6]{6  <1.0>}
x[1,7]{7  <1.0>}
x[2,0]{3  <1.0>}
x[2,1]{5  <1.0>}
x[2,2]{6  <1.0>}
x[2,3]{1  <1.0>}
x[2,4]{2  <1.0>}
x[2,5]{7  <1.0>}
x[2,6]{4  <1.0>}
x[2,7]{0  <1.0>}
x[3,0]{7  <1.0>}
x[3,1]{4  <1.0>}
x[3,2]{3  <1.0>}
x[3,3]{0  <1.0>}
x[3,4]{6  <1.0>}
x[3,5]{1  <1.0>}
x[3,6]{5  <1.0>}
x[3,7]{2  <1.0>}
x[4,0]{2  <1.0>}
x[4,1]{1  <1.0>}
x[4,2]{7  <1.0>}
x[4,3]{6  <1.0>}
x[4,4]{4  <1.0>}
x[4,5]{3  <1.0>}
x[4,6]{0  <1.0>}
x[4,7]{5  <1.0>}
x[5,0]{6  <1.0>}
x[5,1]{3  <1.0>}
x[5,2]{0  <1.0>}
x[5,3]{4  <1.0>}
x[5,4]{7  <1.0>}
x[5,5]{5  <1.0>}
x[5,6]{2  <1.0>}
x[5,7]{1  <1.0>}
x[6,0]{4  <1.0>}
x[6,1]{6  <1.0>}
x[6,2]{5  <1.0>}
x[6,3]{7  <1.0>}
x[6,4]{0  <1.0>}
x[6,5]{2  <1.0>}
x[6,6]{1  <1.0>}
x[6,7]{3  <1.0>}
x[7,0]{1  <1.0>}
x[7,1]{0  <1.0>}
x[7,2]{2  <1.0>}
x[7,3]{5  <1.0>}
x[7,4]{3  <1.0>}
x[7,5]{4  <0.9872190543834602>, 6  <0.01278094561653973>}
x[7,6]{7  <1.0>}
x[7,7]{4  <0.012779310171556809>, 6  <0.9872206898284431>}
problem entropy = 0.09870237938686885
smallest variable entropy = 0.06841026593545169
### branching on x[0,7]=4 marginal=0.9872215889497109
##### after BP iteration 1 #####
x[0,0]{0  <1.0>}
x[0,1]{7  <1.0>}
x[0,2]{1  <1.0>}
x[0,3]{2  <1.0>}
x[0,4]{5  <1.0>}
x[0,5]{6  <1.0>}
x[0,6]{3  <1.0>}
x[0,7]{4  <1.0>}
x[1,0]{5  <1.0>}
x[1,1]{2  <1.0>}
x[1,2]{4  <1.0>}
x[1,3]{3  <1.0>}
x[1,4]{1  <1.0>}
x[1,5]{0  <1.0>}
x[1,6]{6  <1.0>}
x[1,7]{7  <1.0>}
x[2,0]{3  <1.0>}
x[2,1]{5  <1.0>}
x[2,2]{6  <1.0>}
x[2,3]{1  <1.0>}
x[2,4]{2  <1.0>}
x[2,5]{7  <1.0>}
x[2,6]{4  <1.0>}
x[2,7]{0  <1.0>}
x[3,0]{7  <1.0>}
x[3,1]{4  <1.0>}
x[3,2]{3  <1.0>}
x[3,3]{0  <1.0>}
x[3,4]{6  <1.0>}
x[3,5]{1  <1.0>}
x[3,6]{5  <1.0>}
x[3,7]{2  <1.0>}
x[4,0]{2  <1.0>}
x[4,1]{1  <1.0>}
x[4,2]{7  <1.0>}
x[4,3]{6  <1.0>}
x[4,4]{4  <1.0>}
x[4,5]{3  <1.0>}
x[4,6]{0  <1.0>}
x[4,7]{5  <1.0>}
x[5,0]{6  <1.0>}
x[5,1]{3  <1.0>}
x[5,2]{0  <1.0>}
x[5,3]{4  <1.0>}
x[5,4]{7  <1.0>}
x[5,5]{5  <1.0>}
x[5,6]{2  <1.0>}
x[5,7]{1  <1.0>}
x[6,0]{4  <1.0>}
x[6,1]{6  <1.0>}
x[6,2]{5  <1.0>}
x[6,3]{7  <1.0>}
x[6,4]{0  <1.0>}
x[6,5]{2  <1.0>}
x[6,6]{1  <1.0>}
x[6,7]{3  <1.0>}
x[7,0]{1  <1.0>}
x[7,1]{0  <1.0>}
x[7,2]{2  <1.0>}
x[7,3]{5  <1.0>}
x[7,4]{3  <1.0>}
x[7,5]{4  <1.0>}
x[7,6]{7  <1.0>}
x[7,7]{6  <1.0>}
problem entropy = 0.0
smallest variable entropy = 1.7976931348623157E308
### branching on x[0,7]!=4
##### after BP iteration 1 #####
x[0,0]{0  <1.0>}
x[0,1]{7  <1.0>}
x[0,2]{1  <1.0>}
x[0,3]{2  <1.0>}
x[0,4]{5  <1.0>}
x[0,5]{4  <1.0>}
x[0,6]{3  <1.0>}
x[0,7]{6  <1.0>}
x[1,0]{5  <1.0>}
x[1,1]{2  <1.0>}
x[1,2]{4  <1.0>}
x[1,3]{3  <1.0>}
x[1,4]{1  <1.0>}
x[1,5]{0  <1.0>}
x[1,6]{6  <1.0>}
x[1,7]{7  <1.0>}
x[2,0]{3  <1.0>}
x[2,1]{5  <1.0>}
x[2,2]{6  <1.0>}
x[2,3]{1  <1.0>}
x[2,4]{2  <1.0>}
x[2,5]{7  <1.0>}
x[2,6]{4  <1.0>}
x[2,7]{0  <1.0>}
x[3,0]{7  <1.0>}
x[3,1]{4  <1.0>}
x[3,2]{3  <1.0>}
x[3,3]{0  <1.0>}
x[3,4]{6  <1.0>}
x[3,5]{1  <1.0>}
x[3,6]{5  <1.0>}
x[3,7]{2  <1.0>}
x[4,0]{2  <1.0>}
x[4,1]{1  <1.0>}
x[4,2]{7  <1.0>}
x[4,3]{6  <1.0>}
x[4,4]{4  <1.0>}
x[4,5]{3  <1.0>}
x[4,6]{0  <1.0>}
x[4,7]{5  <1.0>}
x[5,0]{6  <1.0>}
x[5,1]{3  <1.0>}
x[5,2]{0  <1.0>}
x[5,3]{4  <1.0>}
x[5,4]{7  <1.0>}
x[5,5]{5  <1.0>}
x[5,6]{2  <1.0>}
x[5,7]{1  <1.0>}
x[6,0]{4  <1.0>}
x[6,1]{6  <1.0>}
x[6,2]{5  <1.0>}
x[6,3]{7  <1.0>}
x[6,4]{0  <1.0>}
x[6,5]{2  <1.0>}
x[6,6]{1  <1.0>}
x[6,7]{3  <1.0>}
x[7,0]{1  <1.0>}
x[7,1]{0  <1.0>}
x[7,2]{2  <1.0>}
x[7,3]{5  <1.0>}
x[7,4]{3  <1.0>}
x[7,5]{6  <1.0>}
x[7,6]{7  <1.0>}
x[7,7]{4  <1.0>}
problem entropy = 0.0
smallest variable entropy = 1.7976931348623157E308

	#choice: 9
	#fail: 0
	execution time (ms): 335
	#sols : 1
	completed : false

