{0  <1.0>}
model: sum-product-no-init
FINAL DAMPING FACTOR = 1.0
##### after BP iteration 1 #####
x[0,0]{0  <1.0>}
x[0,1]{7  <0.363744348960308>, 1  <0.2180325222924747>, 5  <0.29174067084044325>, 6  <0.12648245790677412>}
x[0,2]{4  <1.0>}
x[0,3]{6  <0.3645151794736222>, 1  <0.2977589402086284>, 5  <0.3377258803177494>}
x[0,4]{2  <1.0>}
x[0,5]{7  <0.3663673725276175>, 6  <0.20616567083056203>, 5  <0.4274669566418205>}
x[0,6]{7  <0.10841467480431015>, 1  <0.41913339887550405>, 5  <0.29357571604438615>, 6  <0.17887621027579967>}
x[0,7]{3  <1.0>}
x[1,0]{3  <0.44176409799774824>, 7  <0.14304988853081352>, 5  <0.4151860134714383>}
x[1,1]{6  <0.3224941285751515>, 7  <0.1495417282564451>, 5  <0.273591299587278>, 3  <0.2543728435811254>}
x[1,2]{1  <1.0>}
x[1,3]{4  <1.0>}
x[1,4]{0  <0.28032343515540004>, 7  <0.4110444893985459>, 5  <0.3086320754460541>}
x[1,5]{0  <0.37313259076061656>, 7  <0.05707312018508368>, 5  <0.14147373389447904>, 3  <0.22081110013385044>, 6  <0.20750945502597032>}
x[1,6]{0  <0.3877118974508657>, 7  <0.04968384635998831>, 5  <0.18386863403936668>, 6  <0.3787356221497792>}
x[1,7]{2  <1.0>}
x[2,0]{5  <0.3659892402542309>, 1  <0.32673774634103836>, 3  <0.30727301340473073>}
x[2,1]{6  <0.27213206679616986>, 1  <0.2019687360245641>, 5  <0.24842639992756183>, 3  <0.2774727972517042>}
x[2,2]{0  <0.26980824277520005>, 5  <0.15931562529118223>, 2  <0.10756010113422185>, 3  <0.16283334886748257>, 6  <0.3004826819319133>}
x[2,3]{7  <1.0>}
x[2,4]{0  <0.34126489667130994>, 1  <0.27051276732061336>, 5  <0.38822233600807665>}
x[2,5]{0  <0.23475697277599186>, 5  <0.11353217925903863>, 2  <0.35089239613436224>, 3  <0.14200938401568794>, 6  <0.15880906781491932>}
x[2,6]{0  <0.31462659733761544>, 1  <0.14992135656742042>, 2  <0.1675458079376576>, 5  <0.14568501888968752>, 6  <0.2222212192676189>}
x[2,7]{4  <1.0>}
x[3,0]{5  <0.26927630591472423>, 1  <0.3097966725978536>, 7  <0.23238129166181393>, 3  <0.18854572982560822>}
x[3,1]{7  <0.32218871985141395>, 1  <0.2234502150347562>, 5  <0.2581467943560438>, 3  <0.19621427075778602>}
x[3,2]{0  <0.299844934699481>, 5  <0.2311336537519223>, 2  <0.2891579388814067>, 3  <0.17986347266719005>}
x[3,3]{0  <0.44810170209067895>, 1  <0.0996380037321112>, 5  <0.17475175969904508>, 3  <0.2775085344781647>}
x[3,4]{0  <0.14704338020227656>, 1  <0.1341823924304894>, 5  <0.22964240405962572>, 7  <0.48913182330760846>}
x[3,5]{4  <1.0>}
x[3,6]{0  <0.23203161912016626>, 1  <0.14004084268032188>, 2  <0.42291385901553724>, 5  <0.15365220002998534>, 7  <0.05136147915398931>}
x[3,7]{6  <1.0>}
x[4,0]{5  <0.21096780771169732>, 1  <0.26828473019302024>, 7  <0.5207474620952824>}
x[4,1]{4  <1.0>}
x[4,2]{5  <0.44321457920735374>, 6  <0.4392198746459525>, 2  <0.11756554614669366>}
x[4,3]{5  <0.33802119913892326>, 1  <0.3343458052187307>, 6  <0.32763299564234594>}
x[4,4]{3  <1.0>}
x[4,5]{5  <0.21648831296322318>, 7  <0.2336058178636848>, 2  <0.4037255588878765>, 6  <0.14618031028521544>}
x[4,6]{5  <0.2200053745140102>, 1  <0.370953352147476>, 2  <0.08860184038137854>, 6  <0.13161506707795037>, 7  <0.18882436587918497>}
x[4,7]{0  <1.0>}
x[5,0]{2  <1.0>}
x[5,1]{6  <0.19510571741896438>, 1  <0.3042048976689066>, 5  <0.302236608493883>, 3  <0.19845277641824594>}
x[5,2]{0  <0.23239958326927745>, 6  <0.29935948219869396>, 5  <0.24559495286030253>, 3  <0.22264598167172608>}
x[5,3]{0  <0.24060447416222225>, 1  <0.15289448069612385>, 5  <0.21118681546609708>, 3  <0.20062681455694797>, 6  <0.19468741511860885>}
x[5,4]{0  <0.14024245203356034>, 1  <0.5495604755744147>, 5  <0.3101970723920251>}
x[5,5]{0  <0.3201563671544778>, 6  <0.17187995832117478>, 5  <0.1811929134614495>, 3  <0.3267707610628979>}
x[5,6]{4  <1.0>}
x[5,7]{7  <1.0>}
x[6,0]{4  <1.0>}
x[6,1]{2  <1.0>}
x[6,2]{0  <0.2409348489274773>, 5  <0.42232771449139367>, 3  <0.3367374365811289>}
x[6,3]{0  <0.29831447525782684>, 3  <0.4418511287510526>, 5  <0.25983439599112046>}
x[6,4]{6  <1.0>}
x[6,5]{0  <0.19567816628190293>, 5  <0.26575570849044267>, 7  <0.3475675214351002>, 3  <0.19099860379255426>}
x[6,6]{0  <0.16445532427340762>, 5  <0.30652821236773525>, 7  <0.5290164633588572>}
x[6,7]{1  <1.0>}
x[7,0]{6  <1.0>}
x[7,1]{0  <1.0>}
x[7,2]{7  <1.0>}
x[7,3]{2  <1.0>}
x[7,4]{4  <1.0>}
x[7,5]{1  <1.0>}
x[7,6]{3  <1.0>}
x[7,7]{5  <1.0>}
problem entropy = 0.0
smallest variable entropy = 1.7976931348623157E308
### branching on x[0,3]=5
##### after BP iteration 1 #####
x[0,0]{0  <1.0>}
x[0,1]{7  <0.5098255147129833>, 1  <0.2731962687532685>, 6  <0.21697821653374835>}
x[0,2]{4  <1.0>}
x[0,3]{5  <1.0>}
x[0,4]{2  <1.0>}
x[0,5]{7  <0.39285084083544214>, 6  <0.6071491591645578>}
x[0,6]{7  <0.10795862908703369>, 1  <0.6724240910582482>, 6  <0.21961727985471807>}
x[0,7]{3  <1.0>}
x[1,0]{3  <0.5081215649887599>, 7  <0.17498965945519948>, 5  <0.3168887755560406>}
x[1,1]{6  <0.3871306904401633>, 7  <0.14774363627805306>, 5  <0.17682022080093307>, 3  <0.28830545248085065>}
x[1,2]{1  <1.0>}
x[1,3]{4  <1.0>}
x[1,4]{0  <0.23412454918639683>, 7  <0.5848522775414238>, 5  <0.1810231732721794>}
x[1,5]{0  <0.36128875997959925>, 7  <0.045090186324701784>, 5  <0.10605474634705792>, 3  <0.2726390613229492>, 6  <0.21492724602569188>}
x[1,6]{0  <0.40400891081465756>, 7  <0.055902638015868415>, 5  <0.12115849811182708>, 6  <0.4189299530576469>}
x[1,7]{2  <1.0>}
x[2,0]{5  <0.2159546519215497>, 1  <0.41711877189611785>, 3  <0.3669265761823325>}
x[2,1]{6  <0.3159069338820843>, 1  <0.16382825855357694>, 5  <0.13565060201877382>, 3  <0.3846142055455649>}
x[2,2]{0  <0.20830314716588022>, 5  <0.04903821885445115>, 2  <0.31951446160879343>, 3  <0.18402606013877962>, 6  <0.23911811223209553>}
x[2,3]{7  <1.0>}
x[2,4]{0  <0.4088036936297286>, 1  <0.3121540636070697>, 5  <0.2790422427632017>}
x[2,5]{0  <0.10247656927105434>, 5  <0.04287473445840137>, 2  <0.6580571130339663>, 3  <0.10265061050991646>, 6  <0.09394097272666165>}
x[2,6]{0  <0.25672243022792146>, 1  <0.08041453767700657>, 2  <0.36581068435298986>, 5  <0.07565189942316938>, 6  <0.2214004483189128>}
x[2,7]{4  <1.0>}
x[3,0]{5  <0.19199991590764712>, 1  <0.47203054848760634>, 7  <0.16588086216435452>, 3  <0.1700886734403921>}
x[3,1]{7  <0.2321731089258622>, 1  <0.31035520292361213>, 5  <0.23313975894112335>, 3  <0.2243319292094023>}
x[3,2]{0  <0.15728621690162398>, 5  <0.07162880842996398>, 2  <0.6147786113959062>, 3  <0.15630636327250585>}
x[3,3]{0  <0.47032419344322685>, 1  <0.19766488563923082>, 3  <0.33201092091754225>}
x[3,4]{0  <0.11643031304316305>, 1  <0.14550701574821898>, 5  <0.17590401105981288>, 7  <0.5621586601488051>}
x[3,5]{4  <1.0>}
x[3,6]{0  <0.08788323970937806>, 1  <0.04456235905154291>, 2  <0.7920738027879185>, 5  <0.05717785017979716>, 7  <0.018302748271363467>}
x[3,7]{6  <1.0>}
x[4,0]{5  <0.08443438675651467>, 1  <0.14764279807526265>, 7  <0.7679228151682228>}
x[4,1]{4  <1.0>}
x[4,2]{5  <0.32386726105746805>, 6  <0.23297648233231677>, 2  <0.4431562566102152>}
x[4,3]{6  <0.554781848845699>, 1  <0.4452181511543009>}
x[4,4]{3  <1.0>}
x[4,5]{5  <0.11721881996499395>, 7  <0.08923144437237268>, 2  <0.7430743247469047>, 6  <0.05047541091572873>}
x[4,6]{5  <0.20702164564993752>, 1  <0.21373057323723774>, 2  <0.228764501507919>, 6  <0.13176855335077442>, 7  <0.21871472625413138>}
x[4,7]{0  <1.0>}
x[5,0]{2  <1.0>}
x[5,1]{6  <0.21989757639155583>, 1  <0.27951132571054144>, 5  <0.2981229476087893>, 3  <0.2024681502891134>}
x[5,2]{0  <0.2550002956366872>, 6  <0.32848581693610035>, 5  <0.14629837930771938>, 3  <0.270215508119493>}
x[5,3]{0  <0.1216816383202375>, 1  <0.235979297733284>, 6  <0.5620881609011021>, 3  <0.08025090304537633>}
x[5,4]{0  <0.14532306603753964>, 1  <0.6043490018765135>, 5  <0.25032793208594684>}
x[5,5]{0  <0.2696378034878029>, 6  <0.1682824438019655>, 5  <0.16783830592811289>, 3  <0.39424144678211864>}
x[5,6]{4  <1.0>}
x[5,7]{7  <1.0>}
x[6,0]{4  <1.0>}
x[6,1]{2  <1.0>}
x[6,2]{0  <0.3043024696209402>, 5  <0.34119346987911037>, 3  <0.3545040604999494>}
x[6,3]{0  <0.39843317387204497>, 3  <0.601566826127955>}
x[6,4]{6  <1.0>}
x[6,5]{0  <0.1627163216852055>, 5  <0.35822736535944455>, 7  <0.2772232904130884>, 3  <0.20183302254226154>}
x[6,6]{0  <0.10942738589411938>, 5  <0.30766901379394757>, 7  <0.5829036003119331>}
x[6,7]{1  <1.0>}
x[7,0]{6  <1.0>}
x[7,1]{0  <1.0>}
x[7,2]{7  <1.0>}
x[7,3]{2  <1.0>}
x[7,4]{4  <1.0>}
x[7,5]{1  <1.0>}
x[7,6]{3  <1.0>}
x[7,7]{5  <1.0>}
problem entropy = 0.0
smallest variable entropy = 1.7976931348623157E308
### branching on x[0,5]=7
##### after BP iteration 1 #####
x[0,0]{0  <1.0>}
x[0,1]{6  <0.5113676852002154>, 1  <0.48863231479978475>}
x[0,2]{4  <1.0>}
x[0,3]{5  <1.0>}
x[0,4]{2  <1.0>}
x[0,5]{7  <1.0>}
x[0,6]{6  <0.4545333757963822>, 1  <0.5454666242036179>}
x[0,7]{3  <1.0>}
x[1,0]{3  <0.4753807484022608>, 5  <0.5246192515977391>}
x[1,1]{6  <0.14740486041378914>, 7  <0.49794318375516994>, 5  <0.1998984317292439>, 3  <0.15475352410179688>}
x[1,2]{1  <1.0>}
x[1,3]{4  <1.0>}
x[1,4]{0  <0.10958941851592653>, 7  <0.7932970694028451>, 5  <0.09711351208122837>}
x[1,5]{0  <0.3754291333143445>, 6  <0.3343663639000224>, 5  <0.10405269214526999>, 3  <0.18615181064036315>}
x[1,6]{0  <0.5176310867305901>, 6  <0.3049378889751895>, 5  <0.17743102429422034>}
x[1,7]{2  <1.0>}
x[2,0]{5  <0.28698186309329304>, 1  <0.4676056842292894>, 3  <0.24541245267741743>}
x[2,1]{6  <0.2457377380294995>, 1  <0.13690000394414428>, 5  <0.21623039129529917>, 3  <0.40113186673105705>}
x[2,2]{0  <0.2117491503757135>, 5  <0.06565344441014015>, 2  <0.14037857175542204>, 3  <0.2146349084407239>, 6  <0.3675839250180004>}
x[2,3]{7  <1.0>}
x[2,4]{0  <0.4071357442628455>, 1  <0.2714600480690932>, 5  <0.3214042076680613>}
x[2,5]{0  <0.20003040397379182>, 5  <0.09204109247178016>, 2  <0.20438198084213094>, 3  <0.20939849371324293>, 6  <0.29414802899905407>}
x[2,6]{0  <0.34792896787152133>, 1  <0.0630711948498047>, 2  <0.12388065208820316>, 5  <0.18962647084641365>, 6  <0.27549271434405725>}
x[2,7]{4  <1.0>}
x[3,0]{5  <0.34284384218803954>, 1  <0.4807526323511193>, 3  <0.17640352546084118>}
x[3,1]{7  <0.5917795730212>, 1  <0.05907571130255158>, 5  <0.22812512710993782>, 3  <0.12101958856631058>}
x[3,2]{0  <0.2916690185848011>, 5  <0.16217392647545667>, 2  <0.2414418101167347>, 3  <0.30471524482300755>}
x[3,3]{0  <0.4755403520155764>, 1  <0.1627862899562785>, 3  <0.3616733580281452>}
x[3,4]{0  <0.09397375449106685>, 1  <0.08249146618314898>, 5  <0.19382989982423018>, 7  <0.629704879501554>}
x[3,5]{4  <1.0>}
x[3,6]{0  <0.2559146716631231>, 1  <0.044572111774533>, 2  <0.40040649795885935>, 5  <0.2991067186034845>}
x[3,7]{6  <1.0>}
x[4,0]{7  <1.0>}
x[4,1]{4  <1.0>}
x[4,2]{5  <0.45529177103284857>, 6  <0.36329395614931204>, 2  <0.1814142728178394>}
x[4,3]{6  <0.2699150411907313>, 1  <0.7300849588092687>}
x[4,4]{3  <1.0>}
x[4,5]{5  <0.3109378421120902>, 6  <0.23319800439115257>, 2  <0.45586415349675724>}
x[4,6]{5  <0.5984526020179122>, 1  <0.16251596962468096>, 2  <0.058806732337466874>, 6  <0.18022469601993993>}
x[4,7]{0  <1.0>}
x[5,0]{2  <1.0>}
x[5,1]{6  <0.11724295910038775>, 1  <0.16991239023174676>, 5  <0.5037705457955878>, 3  <0.2090741048722775>}
x[5,2]{0  <0.34892098841211744>, 6  <0.2392387040061295>, 5  <0.13777238030211236>, 3  <0.27406792727964063>}
x[5,3]{0  <0.1249586996834134>, 1  <0.2572980529028646>, 6  <0.5423948187978879>, 3  <0.07534842861583405>}
x[5,4]{0  <0.22665954535649818>, 1  <0.4360712701889957>, 5  <0.33726918445450604>}
x[5,5]{0  <0.30984347396888534>, 6  <0.15802986975000122>, 5  <0.16791272407059732>, 3  <0.36421393221051623>}
x[5,6]{4  <1.0>}
x[5,7]{7  <1.0>}
x[6,0]{4  <1.0>}
x[6,1]{2  <1.0>}
x[6,2]{0  <0.3364237551428543>, 5  <0.3928074452390886>, 3  <0.2707687996180571>}
x[6,3]{0  <0.5519009148080831>, 3  <0.4480990851919168>}
x[6,4]{6  <1.0>}
x[6,5]{0  <0.18175856886491065>, 5  <0.6447697337834581>, 3  <0.17347169735163115>}
x[6,6]{7  <1.0>}
x[6,7]{1  <1.0>}
x[7,0]{6  <1.0>}
x[7,1]{0  <1.0>}
x[7,2]{7  <1.0>}
x[7,3]{2  <1.0>}
x[7,4]{4  <1.0>}
x[7,5]{1  <1.0>}
x[7,6]{3  <1.0>}
x[7,7]{5  <1.0>}
problem entropy = 0.0
smallest variable entropy = 1.7976931348623157E308
### branching on x[0,1]=6
##### after BP iteration 1 #####
x[0,0]{0  <1.0>}
x[0,1]{6  <1.0>}
x[0,2]{4  <1.0>}
x[0,3]{5  <1.0>}
x[0,4]{2  <1.0>}
x[0,5]{7  <1.0>}
x[0,6]{1  <1.0>}
x[0,7]{3  <1.0>}
x[1,0]{3  <0.7121647743870788>, 5  <0.2878352256129212>}
x[1,1]{3  <0.2217593926753138>, 7  <0.5961712316118483>, 5  <0.182069375712838>}
x[1,2]{1  <1.0>}
x[1,3]{4  <1.0>}
x[1,4]{0  <0.4043663655566492>, 7  <0.26886805449638823>, 5  <0.3267655799469626>}
x[1,5]{0  <0.2191766372030812>, 6  <0.6373012367660869>, 5  <0.03379542599722547>, 3  <0.10972670003360654>}
x[1,6]{0  <0.37612702697686873>, 6  <0.5476562364496923>, 5  <0.07621673657343894>}
x[1,7]{2  <1.0>}
x[2,0]{5  <0.17571932512815266>, 1  <0.6109364938665224>, 3  <0.21334418100532498>}
x[2,1]{3  <0.48536132109129476>, 1  <0.3576097738363815>, 5  <0.15702890507232387>}
x[2,2]{0  <0.04935156289443157>, 5  <0.01848370008335591>, 2  <0.5209029880607629>, 3  <0.03739830513960746>, 6  <0.3738634438218421>}
x[2,3]{7  <1.0>}
x[2,4]{0  <0.4088844575699092>, 1  <0.34386537458655186>, 5  <0.24725016784353898>}
x[2,5]{0  <0.08512772022288667>, 5  <0.020883204124488804>, 2  <0.5376337904081139>, 3  <0.05480313659998464>, 6  <0.30155214864452606>}
x[2,6]{0  <0.18559188046126246>, 6  <0.2840177485237631>, 2  <0.4667834015320201>, 5  <0.06360696948295434>}
x[2,7]{4  <1.0>}
x[3,0]{5  <0.18945732852881053>, 1  <0.7097925222317552>, 3  <0.10075014923943439>}
x[3,1]{7  <0.4977948661999626>, 1  <0.20136547171188368>, 5  <0.18957490519599166>, 3  <0.11126475689216207>}
x[3,2]{0  <0.1265892443118319>, 5  <0.07600101060204958>, 2  <0.5996950771152522>, 3  <0.1977146679708663>}
x[3,3]{0  <0.3363484733343697>, 3  <0.6636515266656303>}
x[3,4]{0  <0.18978108472398847>, 1  <0.3297379122276959>, 5  <0.36917767972235804>, 7  <0.11130332332595745>}
x[3,5]{4  <1.0>}
x[3,6]{0  <0.12630536294099046>, 5  <0.10131758060920712>, 2  <0.7723770564498025>}
x[3,7]{6  <1.0>}
x[4,0]{7  <1.0>}
x[4,1]{4  <1.0>}
x[4,2]{5  <0.055124984257160746>, 6  <0.5729586275435145>, 2  <0.3719163881993248>}
x[4,3]{1  <1.0>}
x[4,4]{3  <1.0>}
x[4,5]{5  <0.04462606019823962>, 6  <0.2752052047550486>, 2  <0.6801687350467117>}
x[4,6]{5  <0.5326109801464388>, 6  <0.22035853352831236>, 2  <0.24703048632524882>}
x[4,7]{0  <1.0>}
x[5,0]{2  <1.0>}
x[5,1]{3  <0.13894908607446188>, 1  <0.5860309392370361>, 5  <0.2750199746885021>}
x[5,2]{0  <0.4889851232701639>, 3  <0.39313483781547137>, 5  <0.11788003891436485>}
x[5,3]{6  <1.0>}
x[5,4]{0  <0.09512183364474723>, 1  <0.752184648793837>, 5  <0.15269351756141575>}
x[5,5]{0  <0.3840311850710457>, 3  <0.5157130340535582>, 5  <0.10025578087539612>}
x[5,6]{4  <1.0>}
x[5,7]{7  <1.0>}
x[6,0]{4  <1.0>}
x[6,1]{2  <1.0>}
x[6,2]{0  <0.25817864465603146>, 5  <0.44274846864356726>, 3  <0.2990728867004012>}
x[6,3]{0  <0.4954772717693149>, 3  <0.504522728230685>}
x[6,4]{6  <1.0>}
x[6,5]{0  <0.17324527315355748>, 5  <0.615903863158659>, 3  <0.2108508636877834>}
x[6,6]{7  <1.0>}
x[6,7]{1  <1.0>}
x[7,0]{6  <1.0>}
x[7,1]{0  <1.0>}
x[7,2]{7  <1.0>}
x[7,3]{2  <1.0>}
x[7,4]{4  <1.0>}
x[7,5]{1  <1.0>}
x[7,6]{3  <1.0>}
x[7,7]{5  <1.0>}
problem entropy = 0.0
smallest variable entropy = 1.7976931348623157E308
### branching on x[1,0]=5
##### after BP iteration 1 #####
x[0,0]{0  <1.0>}
x[0,1]{6  <1.0>}
x[0,2]{4  <1.0>}
x[0,3]{5  <1.0>}
x[0,4]{2  <1.0>}
x[0,5]{7  <1.0>}
x[0,6]{1  <1.0>}
x[0,7]{3  <1.0>}
x[1,0]{5  <1.0>}
x[1,1]{3  <0.5342810706066841>, 7  <0.46571892939331594>}
x[1,2]{1  <1.0>}
x[1,3]{4  <1.0>}
x[1,4]{0  <0.26611988322044217>, 7  <0.7338801167795578>}
x[1,5]{0  <0.19014870718423268>, 6  <0.14663667496769975>, 3  <0.6632146178480677>}
x[1,6]{0  <0.28865451205768056>, 6  <0.7113454879423194>}
x[1,7]{2  <1.0>}
x[2,0]{3  <0.8453950747624026>, 1  <0.15460492523759742>}
x[2,1]{3  <0.37464411366046957>, 1  <0.22167297779879963>, 5  <0.4036829085407308>}
x[2,2]{0  <0.13545813742655657>, 5  <0.11262084343128363>, 2  <0.31358457694434305>, 3  <0.07870233622141574>, 6  <0.359634105976401>}
x[2,3]{7  <1.0>}
x[2,4]{0  <0.37858666485837345>, 1  <0.04968725018438825>, 5  <0.5717260849572383>}
x[2,5]{0  <0.2636357425444775>, 5  <0.12438936162651992>, 2  <0.253716498871156>, 3  <0.13459572945380585>, 6  <0.22366266750404076>}
x[2,6]{0  <0.44938574174333307>, 6  <0.2074010984476231>, 2  <0.13970265793463252>, 5  <0.20351050187441125>}
x[2,7]{4  <1.0>}
x[3,0]{3  <0.27610236339727273>, 1  <0.7238976366027273>}
x[3,1]{7  <0.6616642120487378>, 1  <0.04150354046207597>, 5  <0.22503437832978634>, 3  <0.07179786915939988>}
x[3,2]{0  <0.25762352969654634>, 5  <0.29527907892306604>, 2  <0.18675716469851858>, 3  <0.2603402266818691>}
x[3,3]{0  <0.4053674117003225>, 3  <0.5946325882996776>}
x[3,4]{0  <0.17596265355914867>, 1  <0.0337542030689429>, 5  <0.3605012618168167>, 7  <0.4297818815550917>}
x[3,5]{4  <1.0>}
x[3,6]{0  <0.3639110480187734>, 5  <0.3329644628654257>, 2  <0.3031244891158009>}
x[3,7]{6  <1.0>}
x[4,0]{7  <1.0>}
x[4,1]{4  <1.0>}
x[4,2]{5  <0.1555419310323183>, 6  <0.6647192301263835>, 2  <0.1797388388412981>}
x[4,3]{1  <1.0>}
x[4,4]{3  <1.0>}
x[4,5]{5  <0.260222171742549>, 6  <0.27190240324361575>, 2  <0.4678754250138353>}
x[4,6]{5  <0.9156177284892513>, 6  <0.046792711634900355>, 2  <0.03758955987584841>}
x[4,7]{0  <1.0>}
x[5,0]{2  <1.0>}
x[5,1]{3  <0.08009197804447284>, 1  <0.4229260044210744>, 5  <0.4969820175344528>}
x[5,2]{0  <0.457691854464771>, 3  <0.3251022413827942>, 5  <0.21720590415243476>}
x[5,3]{6  <1.0>}
x[5,4]{0  <0.16310061316017302>, 1  <0.3737634497235082>, 5  <0.4631359371163187>}
x[5,5]{0  <0.3177642457476872>, 3  <0.5308467641484234>, 5  <0.1513889901038894>}
x[5,6]{4  <1.0>}
x[5,7]{7  <1.0>}
x[6,0]{4  <1.0>}
x[6,1]{2  <1.0>}
x[6,2]{0  <0.19510613746572314>, 5  <0.5867128714244437>, 3  <0.2181809911098331>}
x[6,3]{0  <0.6551099079596442>, 3  <0.34489009204035587>}
x[6,4]{6  <1.0>}
x[6,5]{0  <0.1605905800468287>, 5  <0.6304301202986292>, 3  <0.20897929965454212>}
x[6,6]{7  <1.0>}
x[6,7]{1  <1.0>}
x[7,0]{6  <1.0>}
x[7,1]{0  <1.0>}
x[7,2]{7  <1.0>}
x[7,3]{2  <1.0>}
x[7,4]{4  <1.0>}
x[7,5]{1  <1.0>}
x[7,6]{3  <1.0>}
x[7,7]{5  <1.0>}
problem entropy = 0.0
smallest variable entropy = 1.7976931348623157E308
### branching on x[1,1]=3
##### after BP iteration 1 #####
x[0,0]{0  <1.0>}
x[0,1]{6  <1.0>}
x[0,2]{4  <1.0>}
x[0,3]{5  <1.0>}
x[0,4]{2  <1.0>}
x[0,5]{7  <1.0>}
x[0,6]{1  <1.0>}
x[0,7]{3  <1.0>}
x[1,0]{5  <1.0>}
x[1,1]{3  <1.0>}
x[1,2]{1  <1.0>}
x[1,3]{4  <1.0>}
x[1,4]{7  <1.0>}
x[1,5]{0  <0.3724379368565967>, 6  <0.6275620631434033>}
x[1,6]{0  <0.2962434432619718>, 6  <0.7037565567380283>}
x[1,7]{2  <1.0>}
x[2,0]{3  <0.9253124119229228>, 1  <0.07468758807707725>}
x[2,1]{5  <0.26049885316525445>, 1  <0.7395011468347455>}
x[2,2]{0  <0.0754445808722375>, 5  <0.029256726829029803>, 2  <0.5077402065123604>, 3  <0.017023462571275225>, 6  <0.370535023215097>}
x[2,3]{7  <1.0>}
x[2,4]{0  <0.2882357457735254>, 1  <0.49117643789847826>, 5  <0.2205878163279962>}
x[2,5]{0  <0.17570026532179178>, 5  <0.057058285062871354>, 2  <0.49225906755317117>, 3  <0.03209889962226013>, 6  <0.24288348243990565>}
x[2,6]{0  <0.3727332113791167>, 6  <0.16835524930617082>, 2  <0.42556806839088396>, 5  <0.03334347092382861>}
x[2,7]{4  <1.0>}
x[3,0]{3  <0.08043062530475148>, 1  <0.9195693746952486>}
x[3,1]{7  <1.0>}
x[3,2]{0  <0.13524450916655345>, 5  <0.13185121403599634>, 2  <0.5679836729814863>, 3  <0.16492060381596393>}
x[3,3]{0  <0.34192622291080366>, 3  <0.6580737770891962>}
x[3,4]{0  <0.24063845250159113>, 1  <0.38476853322163235>, 5  <0.37459301427677655>}
x[3,5]{4  <1.0>}
x[3,6]{0  <0.12275399685902508>, 5  <0.04260762570295836>, 2  <0.8346383774380165>}
x[3,7]{6  <1.0>}
x[4,0]{7  <1.0>}
x[4,1]{4  <1.0>}
x[4,2]{5  <0.04379098717560537>, 6  <0.6502880076122834>, 2  <0.30592100521211113>}
x[4,3]{1  <1.0>}
x[4,4]{3  <1.0>}
x[4,5]{5  <0.0709775953740887>, 6  <0.13549731550259825>, 2  <0.7935250891233131>}
x[4,6]{5  <0.6101832192047607>, 6  <0.06363188203262272>, 2  <0.3261848987626165>}
x[4,7]{0  <1.0>}
x[5,0]{2  <1.0>}
x[5,1]{5  <0.31446060358062616>, 1  <0.6855393964193739>}
x[5,2]{0  <0.4866286551776454>, 3  <0.42822307235094015>, 5  <0.0851482724714143>}
x[5,3]{6  <1.0>}
x[5,4]{0  <0.1275128712816583>, 1  <0.7274936179929868>, 5  <0.1449935107253547>}
x[5,5]{0  <0.20974483405438094>, 3  <0.7265192001119603>, 5  <0.06373596583365891>}
x[5,6]{4  <1.0>}
x[5,7]{7  <1.0>}
x[6,0]{4  <1.0>}
x[6,1]{2  <1.0>}
x[6,2]{0  <0.20590390583852825>, 5  <0.34092926577605437>, 3  <0.4531668283854174>}
x[6,3]{0  <0.6424215966697002>, 3  <0.35757840333029983>}
x[6,4]{6  <1.0>}
x[6,5]{0  <0.16045474062402232>, 5  <0.40275248176309275>, 3  <0.43679277761288493>}
x[6,6]{7  <1.0>}
x[6,7]{1  <1.0>}
x[7,0]{6  <1.0>}
x[7,1]{0  <1.0>}
x[7,2]{7  <1.0>}
x[7,3]{2  <1.0>}
x[7,4]{4  <1.0>}
x[7,5]{1  <1.0>}
x[7,6]{3  <1.0>}
x[7,7]{5  <1.0>}
problem entropy = 0.0
smallest variable entropy = 1.7976931348623157E308
### branching on x[1,5]=6
##### after BP iteration 1 #####
x[0,0]{0  <1.0>}
x[0,1]{6  <1.0>}
x[0,2]{4  <1.0>}
x[0,3]{5  <1.0>}
x[0,4]{2  <1.0>}
x[0,5]{7  <1.0>}
x[0,6]{1  <1.0>}
x[0,7]{3  <1.0>}
x[1,0]{5  <1.0>}
x[1,1]{3  <1.0>}
x[1,2]{1  <1.0>}
x[1,3]{4  <1.0>}
x[1,4]{7  <1.0>}
x[1,5]{6  <1.0>}
x[1,6]{0  <1.0>}
x[1,7]{2  <1.0>}
x[2,0]{3  <0.9449725075966369>, 1  <0.055027492403363035>}
x[2,1]{5  <0.5878948266885612>, 1  <0.41210517331143887>}
x[2,2]{0  <0.12705102830678336>, 5  <0.09711081652299551>, 2  <0.19091002283674122>, 3  <0.02877918479774805>, 6  <0.5561489475357319>}
x[2,3]{7  <1.0>}
x[2,4]{0  <0.48949016788914534>, 1  <0.27393813773019027>, 5  <0.23657169438066442>}
x[2,5]{0  <0.5500329324541343>, 5  <0.3181186496187215>, 2  <0.05233797477118948>, 3  <0.07951044315595471>}
x[2,6]{5  <0.08428132001131189>, 6  <0.876968962738297>, 2  <0.03874971725039106>}
x[2,7]{4  <1.0>}
x[3,0]{3  <0.10334550649345857>, 1  <0.8966544935065414>}
x[3,1]{7  <1.0>}
x[3,2]{0  <0.2004654907227926>, 5  <0.5356106598641714>, 2  <0.06156051433902735>, 3  <0.2023633350740087>}
x[3,3]{0  <0.44864837673911107>, 3  <0.5513516232608889>}
x[3,4]{0  <0.37283977706624094>, 1  <0.11818659945966721>, 5  <0.5089736234740918>}
x[3,5]{4  <1.0>}
x[3,6]{2  <0.5933814296047584>, 5  <0.40661857039524174>}
x[3,7]{6  <1.0>}
x[4,0]{7  <1.0>}
x[4,1]{4  <1.0>}
x[4,2]{5  <0.10014928430541406>, 6  <0.8712260224450166>, 2  <0.028624693249569427>}
x[4,3]{1  <1.0>}
x[4,4]{3  <1.0>}
x[4,5]{5  <0.5758371472326992>, 2  <0.42416285276730076>}
x[4,6]{5  <0.7773457838751023>, 6  <0.17069251939522653>, 2  <0.05196169672967118>}
x[4,7]{0  <1.0>}
x[5,0]{2  <1.0>}
x[5,1]{5  <0.8630185074282533>, 1  <0.13698149257174677>}
x[5,2]{0  <0.5852901762441366>, 3  <0.2765902475402581>, 5  <0.13811957621560533>}
x[5,3]{6  <1.0>}
x[5,4]{0  <0.39244454033130677>, 1  <0.26636778399972066>, 5  <0.34118767566897257>}
x[5,5]{0  <0.3789996791882088>, 3  <0.5169701456951126>, 5  <0.1040301751166786>}
x[5,6]{4  <1.0>}
x[5,7]{7  <1.0>}
x[6,0]{4  <1.0>}
x[6,1]{2  <1.0>}
x[6,2]{0  <0.1574568286854232>, 5  <0.5212886271551598>, 3  <0.3212545441594171>}
x[6,3]{0  <0.7098516103110175>, 3  <0.2901483896889825>}
x[6,4]{6  <1.0>}
x[6,5]{0  <0.18018758498417972>, 5  <0.5724585299041729>, 3  <0.24735388511164738>}
x[6,6]{7  <1.0>}
x[6,7]{1  <1.0>}
x[7,0]{6  <1.0>}
x[7,1]{0  <1.0>}
x[7,2]{7  <1.0>}
x[7,3]{2  <1.0>}
x[7,4]{4  <1.0>}
x[7,5]{1  <1.0>}
x[7,6]{3  <1.0>}
x[7,7]{5  <1.0>}
problem entropy = 0.0
smallest variable entropy = 1.7976931348623157E308
### branching on x[2,0]=1
##### after BP iteration 1 #####
x[0,0]{0  <1.0>}
x[0,1]{6  <1.0>}
x[0,2]{4  <1.0>}
x[0,3]{5  <1.0>}
x[0,4]{2  <1.0>}
x[0,5]{7  <1.0>}
x[0,6]{1  <1.0>}
x[0,7]{3  <1.0>}
x[1,0]{5  <1.0>}
x[1,1]{3  <1.0>}
x[1,2]{1  <1.0>}
x[1,3]{4  <1.0>}
x[1,4]{7  <1.0>}
x[1,5]{6  <1.0>}
x[1,6]{0  <1.0>}
x[1,7]{2  <1.0>}
x[2,0]{1  <1.0>}
x[2,1]{5  <1.0>}
x[2,2]{6  <0.005752212370775316>, 3  <0.31921856870358617>, 2  <0.6750292189256385>}
x[2,3]{7  <1.0>}
x[2,4]{0  <1.0>}
x[2,5]{3  <0.7856032393641065>, 2  <0.2143967606358935>}
x[2,6]{2  <0.16328361381225243>, 6  <0.8367163861877476>}
x[2,7]{4  <1.0>}
x[3,0]{3  <1.0>}
x[3,1]{7  <1.0>}
x[3,2]{2  <0.5132426646613806>, 5  <0.4867573353386194>}
x[3,3]{0  <1.0>}
x[3,4]{1  <1.0>}
x[3,5]{4  <1.0>}
x[3,6]{2  <0.7940513637601491>, 5  <0.20594863623985096>}
x[3,7]{6  <1.0>}
x[4,0]{7  <1.0>}
x[4,1]{4  <1.0>}
x[4,2]{5  <0.08940564095657032>, 6  <0.4012598174988896>, 2  <0.5093345415445399>}
x[4,3]{1  <1.0>}
x[4,4]{3  <1.0>}
x[4,5]{5  <0.16810918323055846>, 2  <0.8318908167694417>}
x[4,6]{5  <0.3919738488823223>, 6  <0.21374289653222975>, 2  <0.39428325458544805>}
x[4,7]{0  <1.0>}
x[5,0]{2  <1.0>}
x[5,1]{1  <1.0>}
x[5,2]{0  <0.09359212479159237>, 3  <0.9064078752084077>}
x[5,3]{6  <1.0>}
x[5,4]{5  <1.0>}
x[5,5]{0  <0.6394078346474255>, 3  <0.36059216535257455>}
x[5,6]{4  <1.0>}
x[5,7]{7  <1.0>}
x[6,0]{4  <1.0>}
x[6,1]{2  <1.0>}
x[6,2]{0  <0.9446766976620522>, 5  <0.05532330233794783>}
x[6,3]{3  <1.0>}
x[6,4]{6  <1.0>}
x[6,5]{0  <0.6844013673618756>, 5  <0.31559863263812443>}
x[6,6]{7  <1.0>}
x[6,7]{1  <1.0>}
x[7,0]{6  <1.0>}
x[7,1]{0  <1.0>}
x[7,2]{7  <1.0>}
x[7,3]{2  <1.0>}
x[7,4]{4  <1.0>}
x[7,5]{1  <1.0>}
x[7,6]{3  <1.0>}
x[7,7]{5  <1.0>}
problem entropy = 0.0
smallest variable entropy = 1.7976931348623157E308
### branching on x[2,5]=2
##### after BP iteration 1 #####
x[0,0]{0  <1.0>}
x[0,1]{6  <1.0>}
x[0,2]{4  <1.0>}
x[0,3]{5  <1.0>}
x[0,4]{2  <1.0>}
x[0,5]{7  <1.0>}
x[0,6]{1  <1.0>}
x[0,7]{3  <1.0>}
x[1,0]{5  <1.0>}
x[1,1]{3  <1.0>}
x[1,2]{1  <1.0>}
x[1,3]{4  <1.0>}
x[1,4]{7  <1.0>}
x[1,5]{6  <1.0>}
x[1,6]{0  <1.0>}
x[1,7]{2  <1.0>}
x[2,0]{1  <1.0>}
x[2,1]{5  <1.0>}
x[2,2]{3  <1.0>}
x[2,3]{7  <1.0>}
x[2,4]{0  <1.0>}
x[2,5]{2  <1.0>}
x[2,6]{6  <1.0>}
x[2,7]{4  <1.0>}
x[3,0]{3  <1.0>}
x[3,1]{7  <1.0>}
x[3,2]{2  <1.0>}
x[3,3]{0  <1.0>}
x[3,4]{1  <1.0>}
x[3,5]{4  <1.0>}
x[3,6]{5  <1.0>}
x[3,7]{6  <1.0>}
x[4,0]{7  <1.0>}
x[4,1]{4  <1.0>}
x[4,2]{6  <1.0>}
x[4,3]{1  <1.0>}
x[4,4]{3  <1.0>}
x[4,5]{5  <1.0>}
x[4,6]{2  <1.0>}
x[4,7]{0  <1.0>}
x[5,0]{2  <1.0>}
x[5,1]{1  <1.0>}
x[5,2]{0  <1.0>}
x[5,3]{6  <1.0>}
x[5,4]{5  <1.0>}
x[5,5]{3  <1.0>}
x[5,6]{4  <1.0>}
x[5,7]{7  <1.0>}
x[6,0]{4  <1.0>}
x[6,1]{2  <1.0>}
x[6,2]{5  <1.0>}
x[6,3]{3  <1.0>}
x[6,4]{6  <1.0>}
x[6,5]{0  <1.0>}
x[6,6]{7  <1.0>}
x[6,7]{1  <1.0>}
x[7,0]{6  <1.0>}
x[7,1]{0  <1.0>}
x[7,2]{7  <1.0>}
x[7,3]{2  <1.0>}
x[7,4]{4  <1.0>}
x[7,5]{1  <1.0>}
x[7,6]{3  <1.0>}
x[7,7]{5  <1.0>}
problem entropy = 0.0
smallest variable entropy = 1.7976931348623157E308
### branching on x[2,5]!=2
##### after BP iteration 1 #####
x[0,0]{0  <1.0>}
x[0,1]{6  <1.0>}
x[0,2]{4  <1.0>}
x[0,3]{5  <1.0>}
x[0,4]{2  <1.0>}
x[0,5]{7  <1.0>}
x[0,6]{1  <1.0>}
x[0,7]{3  <1.0>}
x[1,0]{5  <1.0>}
x[1,1]{3  <1.0>}
x[1,2]{1  <1.0>}
x[1,3]{4  <1.0>}
x[1,4]{7  <1.0>}
x[1,5]{6  <1.0>}
x[1,6]{0  <1.0>}
x[1,7]{2  <1.0>}
x[2,0]{1  <1.0>}
x[2,1]{5  <1.0>}
x[2,2]{2  <0.9135090970235729>, 6  <0.08649090297642727>}
x[2,3]{7  <1.0>}
x[2,4]{0  <1.0>}
x[2,5]{3  <1.0>}
x[2,6]{6  <0.9359312062405138>, 2  <0.06406879375948613>}
x[2,7]{4  <1.0>}
x[3,0]{3  <1.0>}
x[3,1]{7  <1.0>}
x[3,2]{2  <0.017592587047500392>, 5  <0.9824074129524996>}
x[3,3]{0  <1.0>}
x[3,4]{1  <1.0>}
x[3,5]{4  <1.0>}
x[3,6]{5  <0.546569722569413>, 2  <0.45343027743058695>}
x[3,7]{6  <1.0>}
x[4,0]{7  <1.0>}
x[4,1]{4  <1.0>}
x[4,2]{6  <0.9706111331261659>, 5  <0.029388866873834192>}
x[4,3]{1  <1.0>}
x[4,4]{3  <1.0>}
x[4,5]{2  <1.0>}
x[4,6]{6  <0.17002224059591217>, 5  <0.8299777594040878>}
x[4,7]{0  <1.0>}
x[5,0]{2  <1.0>}
x[5,1]{1  <1.0>}
x[5,2]{3  <1.0>}
x[5,3]{6  <1.0>}
x[5,4]{5  <1.0>}
x[5,5]{0  <1.0>}
x[5,6]{4  <1.0>}
x[5,7]{7  <1.0>}
x[6,0]{4  <1.0>}
x[6,1]{2  <1.0>}
x[6,2]{0  <1.0>}
x[6,3]{3  <1.0>}
x[6,4]{6  <1.0>}
x[6,5]{5  <1.0>}
x[6,6]{7  <1.0>}
x[6,7]{1  <1.0>}
x[7,0]{6  <1.0>}
x[7,1]{0  <1.0>}
x[7,2]{7  <1.0>}
x[7,3]{2  <1.0>}
x[7,4]{4  <1.0>}
x[7,5]{1  <1.0>}
x[7,6]{3  <1.0>}
x[7,7]{5  <1.0>}
problem entropy = 0.0
smallest variable entropy = 1.7976931348623157E308

	#choice: 9
	#fail: 0
	execution time (ms): 83
	#sols : 1
	completed : false

