{1  <2.0>}
model: sum-product-init
FINAL DAMPING FACTOR = 1.0
##### after BP iteration 1 #####
x[0,0]{1  <1.0>}
x[0,1]{5  <1.0>}
x[0,2]{2  <1.0>}
x[0,3]{7  <1.0>}
x[0,4]{6  <1.0>}
x[0,5]{0  <1.0>}
x[0,6]{4  <1.0>}
x[0,7]{3  <1.0>}
x[1,0]{5  <0.35135135135135137>, 3  <0.6486486486486486>}
x[1,1]{6  <1.0>}
x[1,2]{7  <1.0>}
x[1,3]{2  <1.0>}
x[1,4]{4  <0.38848167539267026>, 3  <0.1528795811518325>, 5  <0.4586387434554973>}
x[1,5]{4  <0.7692307692307693>, 3  <0.23076923076923084>}
x[1,6]{0  <1.0>}
x[1,7]{1  <1.0>}
x[2,0]{6  <1.0>}
x[2,1]{3  <0.6599365445630229>, 1  <0.22843957311796936>, 2  <0.11162388231900779>}
x[2,2]{0  <1.0>}
x[2,3]{4  <1.0>}
x[2,4]{3  <0.5477386934673367>, 1  <0.4522613065326633>}
x[2,5]{7  <1.0>}
x[2,6]{2  <0.75>, 1  <0.25>}
x[2,7]{5  <1.0>}
x[3,0]{0  <0.3171806167400881>, 2  <0.682819383259912>}
x[3,1]{0  <0.22801302931596093>, 2  <0.7719869706840391>}
x[3,2]{3  <1.0>}
x[3,3]{1  <1.0>}
x[3,4]{7  <1.0>}
x[3,5]{5  <1.0>}
x[3,6]{6  <1.0>}
x[3,7]{4  <1.0>}
x[4,0]{7  <1.0>}
x[4,1]{0  <0.5094685400122173>, 1  <0.012217470983506413>, 4  <0.47831398900427613>}
x[4,2]{5  <0.5000000000000001>, 6  <0.5>}
x[4,3]{5  <0.5>, 6  <0.5>}
x[4,4]{0  <0.600943396226415>, 1  <0.0169811320754717>, 4  <0.38207547169811323>}
x[4,5]{4  <0.009146341463414634>, 1  <0.9908536585365854>}
x[4,6]{3  <1.0>}
x[4,7]{2  <1.0>}
x[5,0]{0  <0.19851116625310172>, 2  <0.8014888337468983>}
x[5,1]{0  <0.0263022176379577>, 1  <0.008767405879319233>, 2  <0.0263022176379577>, 3  <0.09902011346054668>, 4  <0.8396080453842186>}
x[5,2]{6  <0.5>, 5  <0.5>}
x[5,3]{6  <0.5>, 5  <0.5>}
x[5,4]{0  <0.5714285714285714>, 1  <0.09523809523809525>, 4  <0.246498599439776>, 3  <0.08683473389355745>}
x[5,5]{3  <0.8202080237741456>, 1  <0.008915304606240715>, 4  <0.1708766716196137>}
x[5,6]{2  <0.060526315789473685>, 1  <0.9394736842105262>}
x[5,7]{7  <1.0>}
x[6,0]{4  <1.0>}
x[6,1]{7  <1.0>}
x[6,2]{1  <1.0>}
x[6,3]{3  <1.0>}
x[6,4]{2  <1.0>}
x[6,5]{6  <1.0>}
x[6,6]{5  <1.0>}
x[6,7]{0  <1.0>}
x[7,0]{5  <0.4029850746268656>, 3  <0.5970149253731343>}
x[7,1]{3  <0.2863514719000892>, 1  <0.7136485280999109>}
x[7,2]{4  <1.0>}
x[7,3]{0  <1.0>}
x[7,4]{3  <0.16800920598388955>, 1  <0.4200230149597239>, 5  <0.4119677790563867>}
x[7,5]{2  <1.0>}
x[7,6]{7  <1.0>}
x[7,7]{6  <1.0>}
problem entropy = 0.0
smallest variable entropy = 1.7976931348623157E308
### branching on x[1,0]=3
##### after BP iteration 1 #####
x[0,0]{1  <1.0>}
x[0,1]{5  <1.0>}
x[0,2]{2  <1.0>}
x[0,3]{7  <1.0>}
x[0,4]{6  <1.0>}
x[0,5]{0  <1.0>}
x[0,6]{4  <1.0>}
x[0,7]{3  <1.0>}
x[1,0]{3  <1.0>}
x[1,1]{6  <1.0>}
x[1,2]{7  <1.0>}
x[1,3]{2  <1.0>}
x[1,4]{5  <1.0>}
x[1,5]{4  <1.0>}
x[1,6]{0  <1.0>}
x[1,7]{1  <1.0>}
x[2,0]{6  <1.0>}
x[2,1]{3  <0.8070616375453203>, 1  <0.1832702468592498>, 2  <0.009668115595429847>}
x[2,2]{0  <1.0>}
x[2,3]{4  <1.0>}
x[2,4]{3  <0.4663372452130945>, 1  <0.5336627547869055>}
x[2,5]{7  <1.0>}
x[2,6]{2  <0.9855781779253718>, 1  <0.014421822074628093>}
x[2,7]{5  <1.0>}
x[3,0]{0  <0.9318328443962945>, 2  <0.06816715560370537>}
x[3,1]{0  <0.12571519332111802>, 2  <0.8742848066788821>}
x[3,2]{3  <1.0>}
x[3,3]{1  <1.0>}
x[3,4]{7  <1.0>}
x[3,5]{5  <1.0>}
x[3,6]{6  <1.0>}
x[3,7]{4  <1.0>}
x[4,0]{7  <1.0>}
x[4,1]{0  <0.7960390565158899>, 4  <0.20396094348411015>}
x[4,2]{5  <0.5>, 6  <0.5>}
x[4,3]{5  <0.5>, 6  <0.5>}
x[4,4]{0  <0.4287634408602151>, 4  <0.5712365591397849>}
x[4,5]{1  <1.0>}
x[4,6]{3  <1.0>}
x[4,7]{2  <1.0>}
x[5,0]{0  <0.05962521294718908>, 2  <0.9403747870528109>}
x[5,1]{0  <0.08795291274086348>, 1  <0.009063849786272189>, 2  <0.08795291274086348>, 4  <0.8150303247320009>}
x[5,2]{6  <0.5000000000000001>, 5  <0.5>}
x[5,3]{6  <0.5>, 5  <0.5>}
x[5,4]{0  <0.8447098976109215>, 4  <0.15529010238907837>}
x[5,5]{3  <1.0>}
x[5,6]{2  <0.005649717514124293>, 1  <0.9943502824858758>}
x[5,7]{7  <1.0>}
x[6,0]{4  <1.0>}
x[6,1]{7  <1.0>}
x[6,2]{1  <1.0>}
x[6,3]{3  <1.0>}
x[6,4]{2  <1.0>}
x[6,5]{6  <1.0>}
x[6,6]{5  <1.0>}
x[6,7]{0  <1.0>}
x[7,0]{5  <1.0>}
x[7,1]{3  <0.5958386175032757>, 1  <0.40416138249672434>}
x[7,2]{4  <1.0>}
x[7,3]{0  <1.0>}
x[7,4]{3  <0.3184713375796178>, 1  <0.6815286624203821>}
x[7,5]{2  <1.0>}
x[7,6]{7  <1.0>}
x[7,7]{6  <1.0>}
problem entropy = 0.0
smallest variable entropy = 1.7976931348623157E308
### branching on x[2,4]=3
### branching on x[2,1]=2
##### after BP iteration 1 #####
x[0,0]{1  <1.0>}
x[0,1]{5  <1.0>}
x[0,2]{2  <1.0>}
x[0,3]{7  <1.0>}
x[0,4]{6  <1.0>}
x[0,5]{0  <1.0>}
x[0,6]{4  <1.0>}
x[0,7]{3  <1.0>}
x[1,0]{3  <1.0>}
x[1,1]{6  <1.0>}
x[1,2]{7  <1.0>}
x[1,3]{2  <1.0>}
x[1,4]{5  <1.0>}
x[1,5]{4  <1.0>}
x[1,6]{0  <1.0>}
x[1,7]{1  <1.0>}
x[2,0]{6  <1.0>}
x[2,1]{2  <1.0>}
x[2,2]{0  <1.0>}
x[2,3]{4  <1.0>}
x[2,4]{3  <1.0>}
x[2,5]{7  <1.0>}
x[2,6]{1  <1.0>}
x[2,7]{5  <1.0>}
x[3,0]{2  <1.0>}
x[3,1]{0  <1.0>}
x[3,2]{3  <1.0>}
x[3,3]{1  <1.0>}
x[3,4]{7  <1.0>}
x[3,5]{5  <1.0>}
x[3,6]{6  <1.0>}
x[3,7]{4  <1.0>}
x[4,0]{7  <1.0>}
x[4,1]{4  <1.0>}
x[4,2]{5  <0.5>, 6  <0.5>}
x[4,3]{5  <0.5>, 6  <0.5>}
x[4,4]{0  <1.0>}
x[4,5]{1  <1.0>}
x[4,6]{3  <1.0>}
x[4,7]{2  <1.0>}
x[5,0]{0  <1.0>}
x[5,1]{1  <1.0>}
x[5,2]{6  <0.5>, 5  <0.5>}
x[5,3]{6  <0.5>, 5  <0.5000000000000001>}
x[5,4]{4  <1.0>}
x[5,5]{3  <1.0>}
x[5,6]{2  <1.0>}
x[5,7]{7  <1.0>}
x[6,0]{4  <1.0>}
x[6,1]{7  <1.0>}
x[6,2]{1  <1.0>}
x[6,3]{3  <1.0>}
x[6,4]{2  <1.0>}
x[6,5]{6  <1.0>}
x[6,6]{5  <1.0>}
x[6,7]{0  <1.0>}
x[7,0]{5  <1.0>}
x[7,1]{3  <1.0>}
x[7,2]{4  <1.0>}
x[7,3]{0  <1.0>}
x[7,4]{1  <1.0>}
x[7,5]{2  <1.0>}
x[7,6]{7  <1.0>}
x[7,7]{6  <1.0>}
problem entropy = 0.0
smallest variable entropy = 1.7976931348623157E308
### branching on x[4,2]=5
##### after BP iteration 1 #####
x[0,0]{1  <1.0>}
x[0,1]{5  <1.0>}
x[0,2]{2  <1.0>}
x[0,3]{7  <1.0>}
x[0,4]{6  <1.0>}
x[0,5]{0  <1.0>}
x[0,6]{4  <1.0>}
x[0,7]{3  <1.0>}
x[1,0]{3  <1.0>}
x[1,1]{6  <1.0>}
x[1,2]{7  <1.0>}
x[1,3]{2  <1.0>}
x[1,4]{5  <1.0>}
x[1,5]{4  <1.0>}
x[1,6]{0  <1.0>}
x[1,7]{1  <1.0>}
x[2,0]{6  <1.0>}
x[2,1]{2  <1.0>}
x[2,2]{0  <1.0>}
x[2,3]{4  <1.0>}
x[2,4]{3  <1.0>}
x[2,5]{7  <1.0>}
x[2,6]{1  <1.0>}
x[2,7]{5  <1.0>}
x[3,0]{2  <1.0>}
x[3,1]{0  <1.0>}
x[3,2]{3  <1.0>}
x[3,3]{1  <1.0>}
x[3,4]{7  <1.0>}
x[3,5]{5  <1.0>}
x[3,6]{6  <1.0>}
x[3,7]{4  <1.0>}
x[4,0]{7  <1.0>}
x[4,1]{4  <1.0>}
x[4,2]{5  <1.0>}
x[4,3]{6  <1.0>}
x[4,4]{0  <1.0>}
x[4,5]{1  <1.0>}
x[4,6]{3  <1.0>}
x[4,7]{2  <1.0>}
x[5,0]{0  <1.0>}
x[5,1]{1  <1.0>}
x[5,2]{6  <1.0>}
x[5,3]{5  <1.0>}
x[5,4]{4  <1.0>}
x[5,5]{3  <1.0>}
x[5,6]{2  <1.0>}
x[5,7]{7  <1.0>}
x[6,0]{4  <1.0>}
x[6,1]{7  <1.0>}
x[6,2]{1  <1.0>}
x[6,3]{3  <1.0>}
x[6,4]{2  <1.0>}
x[6,5]{6  <1.0>}
x[6,6]{5  <1.0>}
x[6,7]{0  <1.0>}
x[7,0]{5  <1.0>}
x[7,1]{3  <1.0>}
x[7,2]{4  <1.0>}
x[7,3]{0  <1.0>}
x[7,4]{1  <1.0>}
x[7,5]{2  <1.0>}
x[7,6]{7  <1.0>}
x[7,7]{6  <1.0>}
problem entropy = 0.0
smallest variable entropy = 1.7976931348623157E308
### branching on x[4,2]!=5
##### after BP iteration 1 #####
x[0,0]{1  <1.0>}
x[0,1]{5  <1.0>}
x[0,2]{2  <1.0>}
x[0,3]{7  <1.0>}
x[0,4]{6  <1.0>}
x[0,5]{0  <1.0>}
x[0,6]{4  <1.0>}
x[0,7]{3  <1.0>}
x[1,0]{3  <1.0>}
x[1,1]{6  <1.0>}
x[1,2]{7  <1.0>}
x[1,3]{2  <1.0>}
x[1,4]{5  <1.0>}
x[1,5]{4  <1.0>}
x[1,6]{0  <1.0>}
x[1,7]{1  <1.0>}
x[2,0]{6  <1.0>}
x[2,1]{2  <1.0>}
x[2,2]{0  <1.0>}
x[2,3]{4  <1.0>}
x[2,4]{3  <1.0>}
x[2,5]{7  <1.0>}
x[2,6]{1  <1.0>}
x[2,7]{5  <1.0>}
x[3,0]{2  <1.0>}
x[3,1]{0  <1.0>}
x[3,2]{3  <1.0>}
x[3,3]{1  <1.0>}
x[3,4]{7  <1.0>}
x[3,5]{5  <1.0>}
x[3,6]{6  <1.0>}
x[3,7]{4  <1.0>}
x[4,0]{7  <1.0>}
x[4,1]{4  <1.0>}
x[4,2]{6  <1.0>}
x[4,3]{5  <1.0>}
x[4,4]{0  <1.0>}
x[4,5]{1  <1.0>}
x[4,6]{3  <1.0>}
x[4,7]{2  <1.0>}
x[5,0]{0  <1.0>}
x[5,1]{1  <1.0>}
x[5,2]{5  <1.0>}
x[5,3]{6  <1.0>}
x[5,4]{4  <1.0>}
x[5,5]{3  <1.0>}
x[5,6]{2  <1.0>}
x[5,7]{7  <1.0>}
x[6,0]{4  <1.0>}
x[6,1]{7  <1.0>}
x[6,2]{1  <1.0>}
x[6,3]{3  <1.0>}
x[6,4]{2  <1.0>}
x[6,5]{6  <1.0>}
x[6,6]{5  <1.0>}
x[6,7]{0  <1.0>}
x[7,0]{5  <1.0>}
x[7,1]{3  <1.0>}
x[7,2]{4  <1.0>}
x[7,3]{0  <1.0>}
x[7,4]{1  <1.0>}
x[7,5]{2  <1.0>}
x[7,6]{7  <1.0>}
x[7,7]{6  <1.0>}
problem entropy = 0.0
smallest variable entropy = 1.7976931348623157E308

	#choice: 5
	#fail: 0
	execution time (ms): 22
	#sols : 1
	completed : false

