{7  <1.0>}
model: sum-product-oracle
FINAL DAMPING FACTOR = 1.0
##### after BP iteration 1 #####
x[0,0]{7  <1.0>}
x[0,1]{0  <0.33108426071068103>, 5  <0.056063463009300325>, 2  <0.3592977354575655>, 3  <0.2535545408224532>}
x[0,2]{1  <1.0>}
x[0,3]{4  <1.0>}
x[0,4]{0  <0.6352860724868932>, 2  <0.36471392751310683>}
x[0,5]{3  <0.35173750528953923>, 5  <0.27485955029123765>, 2  <0.37340294441922306>}
x[0,6]{6  <1.0>}
x[0,7]{3  <0.33050474616040953>, 5  <0.6694952538395904>}
x[1,0]{5  <0.5016847762125523>, 2  <0.49831522378744775>}
x[1,1]{5  <0.19056221582758834>, 7  <0.2174237352969303>, 2  <0.22402044737322532>, 3  <0.3679936015022561>}
x[1,2]{5  <0.1489983943214198>, 7  <0.23536996282009703>, 3  <0.6156316428584833>}
x[1,3]{3  <0.25357861465825915>, 7  <0.5931212174023258>, 2  <0.153300167939415>}
x[1,4]{1  <1.0>}
x[1,5]{0  <1.0>}
x[1,6]{4  <1.0>}
x[1,7]{6  <1.0>}
x[2,0]{5  <0.08693141081813116>, 4  <0.7500721938978729>, 2  <0.1629963952839959>}
x[2,1]{6  <1.0>}
x[2,2]{5  <0.735050597976081>, 3  <0.26494940202391903>}
x[2,3]{2  <0.3157894736842106>, 3  <0.6842105263157894>}
x[2,4]{7  <1.0>}
x[2,5]{5  <0.17591413397102576>, 4  <0.20670133192447793>, 2  <0.436198314934794>, 3  <0.18118621916970226>}
x[2,6]{1  <1.0>}
x[2,7]{0  <1.0>}
x[3,0]{0  <0.38953140384569285>, 1  <0.22355331829271022>, 2  <0.2927963323806871>, 4  <0.09411894548091006>}
x[3,1]{0  <0.14704118933572555>, 1  <0.2794424108882203>, 2  <0.25336328008617337>, 4  <0.3201531196898808>}
x[3,2]{6  <1.0>}
x[3,3]{0  <0.5174434695967451>, 2  <0.4825565304032548>}
x[3,4]{5  <1.0>}
x[3,5]{7  <1.0>}
x[3,6]{3  <1.0>}
x[3,7]{4  <0.470394103877083>, 1  <0.529605896122917>}
x[4,0]{3  <1.0>}
x[4,1]{0  <0.0879192800654486>, 7  <0.09244311123231223>, 5  <0.8196376087022391>}
x[4,2]{0  <0.5820666902321195>, 7  <0.26805702839637097>, 5  <0.14987628137150946>}
x[4,3]{1  <1.0>}
x[4,4]{4  <1.0>}
x[4,5]{6  <1.0>}
x[4,6]{0  <0.7575150300601202>, 7  <0.24248496993987978>}
x[4,7]{2  <1.0>}
x[5,0]{0  <0.20663706871519794>, 1  <0.44309610852262976>, 2  <0.21037634643799943>, 4  <0.1398904763241728>}
x[5,1]{0  <0.06819100825685978>, 1  <0.27156783424721714>, 2  <0.15619411212909054>, 3  <0.1886155180644612>, 4  <0.24460089683344297>, 7  <0.07083063046892833>}
x[5,2]{0  <0.42769186326010883>, 7  <0.33162764707212616>, 3  <0.24068048966776504>}
x[5,3]{0  <0.11165064393390042>, 7  <0.09440668558364078>, 2  <0.05991421301565775>, 3  <0.07029931289925534>, 6  <0.6637291445675457>}
x[5,4]{0  <0.21109118041633382>, 6  <0.1092515509693424>, 2  <0.6796572686143239>}
x[5,5]{4  <0.34255592149722347>, 1  <0.14629020376950475>, 2  <0.25567991331297607>, 3  <0.25547396142029577>}
x[5,6]{5  <1.0>}
x[5,7]{7  <0.2765296844159589>, 1  <0.1329977157304118>, 4  <0.09870040584595594>, 3  <0.4917721940076734>}
x[6,0]{6  <1.0>}
x[6,1]{0  <0.6364474009483786>, 1  <0.1449548765727384>, 7  <0.06011962283171578>, 4  <0.15847809964716716>}
x[6,2]{2  <1.0>}
x[6,3]{5  <1.0>}
x[6,4]{3  <1.0>}
x[6,5]{4  <0.3169695737831336>, 1  <0.6830304262168664>}
x[6,6]{0  <0.3850358729074137>, 7  <0.6149641270925864>}
x[6,7]{4  <0.36954375584320825>, 1  <0.42233572096366667>, 7  <0.20812052319312496>}
x[7,0]{0  <0.36618200016560687>, 1  <0.46793353438187485>, 5  <0.1658844654525183>}
x[7,1]{0  <0.1281456766130281>, 1  <0.26508265072710596>, 5  <0.08477874461500652>, 3  <0.3152446448268819>, 7  <0.20674828321797759>}
x[7,2]{4  <1.0>}
x[7,3]{0  <0.33474686871487186>, 7  <0.33686691024739046>, 6  <0.19836851479399834>, 3  <0.13001770624373943>}
x[7,4]{0  <0.5724859294964127>, 6  <0.42751407050358736>}
x[7,5]{5  <0.4494308718717231>, 1  <0.15912555620435143>, 3  <0.3914435719239254>}
x[7,6]{2  <1.0>}
x[7,7]{7  <0.3169079966040163>, 1  <0.02053272239276244>, 5  <0.3749749897705909>, 3  <0.2875842912326304>}
problem entropy = 0.0
smallest variable entropy = 1.7976931348623157E308
### branching on x[0,4]=2
##### after BP iteration 1 #####
x[0,0]{7  <1.0>}
x[0,1]{0  <1.0>}
x[0,2]{1  <1.0>}
x[0,3]{4  <1.0>}
x[0,4]{2  <1.0>}
x[0,5]{3  <0.5900474931976292>, 5  <0.40995250680237083>}
x[0,6]{6  <1.0>}
x[0,7]{3  <0.3582073813542464>, 5  <0.6417926186457535>}
x[1,0]{5  <0.8297277745773517>, 2  <0.17027222542264833>}
x[1,1]{3  <0.29859385431160795>, 7  <0.25331006525155647>, 2  <0.4480960804368356>}
x[1,2]{5  <0.2035099970508094>, 7  <0.2866650697839989>, 3  <0.5098249331651916>}
x[1,3]{3  <0.12909756962644373>, 7  <0.5319034523137174>, 2  <0.3389989780598388>}
x[1,4]{1  <1.0>}
x[1,5]{0  <1.0>}
x[1,6]{4  <1.0>}
x[1,7]{6  <1.0>}
x[2,0]{5  <0.059355244099438265>, 4  <0.8233813205378016>, 2  <0.11726343536276024>}
x[2,1]{6  <1.0>}
x[2,2]{5  <0.9264804381547247>, 3  <0.07351956184527524>}
x[2,3]{2  <0.3024470351186572>, 3  <0.6975529648813428>}
x[2,4]{7  <1.0>}
x[2,5]{5  <0.03392717311028012>, 4  <0.2128954783719303>, 2  <0.7257124940951819>, 3  <0.02746485442260772>}
x[2,6]{1  <1.0>}
x[2,7]{0  <1.0>}
x[3,0]{0  <0.4705596240167715>, 1  <0.10157431496406098>, 2  <0.36901955384285956>, 4  <0.05884650717630791>}
x[3,1]{4  <0.388117334380156>, 1  <0.25461664521174104>, 2  <0.35726602040810307>}
x[3,2]{6  <1.0>}
x[3,3]{0  <0.5739625947827884>, 2  <0.4260374052172116>}
x[3,4]{5  <1.0>}
x[3,5]{7  <1.0>}
x[3,6]{3  <1.0>}
x[3,7]{4  <0.5179325356197316>, 1  <0.4820674643802685>}
x[4,0]{3  <1.0>}
x[4,1]{5  <1.0>}
x[4,2]{0  <1.0>}
x[4,3]{1  <1.0>}
x[4,4]{4  <1.0>}
x[4,5]{6  <1.0>}
x[4,6]{7  <1.0>}
x[4,7]{2  <1.0>}
x[5,0]{0  <0.042641194506393004>, 1  <0.45606582311232247>, 2  <0.3606596400458025>, 4  <0.14063334233548194>}
x[5,1]{7  <0.043375736339097>, 1  <0.21959625495705282>, 2  <0.31922027100310346>, 3  <0.09552263156692274>, 4  <0.3222851061338239>}
x[5,2]{3  <0.18558025320480945>, 7  <0.8144197467951906>}
x[5,3]{0  <0.0747328688281545>, 7  <0.00509765152348192>, 2  <0.010463041545610365>, 3  <0.003105957841203509>, 6  <0.9066004802615497>}
x[5,4]{0  <0.6095440394344438>, 6  <0.39045596056555626>}
x[5,5]{4  <0.3987369073057462>, 1  <0.13228704918598397>, 2  <0.4392066742844512>, 3  <0.02976936922381867>}
x[5,6]{5  <1.0>}
x[5,7]{7  <0.3391931850327415>, 1  <0.07640363201806219>, 4  <0.08916646556185913>, 3  <0.4952367173873373>}
x[6,0]{6  <1.0>}
x[6,1]{4  <0.539920254588125>, 1  <0.1642267914515186>, 7  <0.2958529539603564>}
x[6,2]{2  <1.0>}
x[6,3]{5  <1.0>}
x[6,4]{3  <1.0>}
x[6,5]{4  <0.33398868490637246>, 1  <0.6660113150936275>}
x[6,6]{0  <1.0>}
x[6,7]{4  <0.20412554399019958>, 1  <0.08764702991021008>, 7  <0.7082274260995904>}
x[7,0]{0  <0.2862493638776354>, 1  <0.3974200157732999>, 5  <0.3163306203490647>}
x[7,1]{7  <0.4516831481104426>, 1  <0.21726861504205713>, 3  <0.3310482368475003>}
x[7,2]{4  <1.0>}
x[7,3]{0  <0.3363819681067976>, 7  <0.23102466693050475>, 6  <0.38815316513150555>, 3  <0.04444019983119222>}
x[7,4]{0  <0.46757459640570687>, 6  <0.532425403594293>}
x[7,5]{5  <0.5334200545301335>, 1  <0.20214067247672685>, 3  <0.2644392729931395>}
x[7,6]{2  <1.0>}
x[7,7]{7  <0.6011350096132325>, 1  <0.012367214030615598>, 5  <0.2241626712439026>, 3  <0.16233510511224936>}
problem entropy = 0.0
smallest variable entropy = 1.7976931348623157E308
### branching on x[0,5]=3
### branching on x[1,0]=2
##### after BP iteration 1 #####
x[0,0]{7  <1.0>}
x[0,1]{0  <1.0>}
x[0,2]{1  <1.0>}
x[0,3]{4  <1.0>}
x[0,4]{2  <1.0>}
x[0,5]{3  <1.0>}
x[0,6]{6  <1.0>}
x[0,7]{5  <1.0>}
x[1,0]{2  <1.0>}
x[1,1]{3  <0.8033598010570742>, 7  <0.19664019894292584>}
x[1,2]{5  <1.0>}
x[1,3]{3  <0.7098872388043405>, 7  <0.29011276119565943>}
x[1,4]{1  <1.0>}
x[1,5]{0  <1.0>}
x[1,6]{4  <1.0>}
x[1,7]{6  <1.0>}
x[2,0]{5  <0.9755479920743261>, 4  <0.02445200792567394>}
x[2,1]{6  <1.0>}
x[2,2]{3  <1.0>}
x[2,3]{2  <1.0>}
x[2,4]{7  <1.0>}
x[2,5]{5  <0.4914060851418453>, 4  <0.5085939148581546>}
x[2,6]{1  <1.0>}
x[2,7]{0  <1.0>}
x[3,0]{4  <0.3608625357018741>, 1  <0.6391374642981259>}
x[3,1]{2  <1.0>}
x[3,2]{6  <1.0>}
x[3,3]{0  <1.0>}
x[3,4]{5  <1.0>}
x[3,5]{7  <1.0>}
x[3,6]{3  <1.0>}
x[3,7]{4  <0.6118556989683673>, 1  <0.3881443010316328>}
x[4,0]{3  <1.0>}
x[4,1]{5  <1.0>}
x[4,2]{0  <1.0>}
x[4,3]{1  <1.0>}
x[4,4]{4  <1.0>}
x[4,5]{6  <1.0>}
x[4,6]{7  <1.0>}
x[4,7]{2  <1.0>}
x[5,0]{0  <0.16082054022972073>, 1  <0.4881898241459184>, 4  <0.3509896356243609>}
x[5,1]{4  <0.6088805265277578>, 1  <0.2964214416367306>, 3  <0.09469803183551156>}
x[5,2]{7  <1.0>}
x[5,3]{3  <0.19331600409501631>, 6  <0.8066839959049837>}
x[5,4]{0  <0.9898990599068888>, 6  <0.01010094009311128>}
x[5,5]{2  <1.0>}
x[5,6]{5  <1.0>}
x[5,7]{3  <0.6539474858780374>, 1  <0.10828092237108627>, 4  <0.2377715917508763>}
x[6,0]{6  <1.0>}
x[6,1]{4  <0.5059087548797053>, 1  <0.24846615238230896>, 7  <0.24562509273798577>}
x[6,2]{2  <1.0>}
x[6,3]{5  <1.0>}
x[6,4]{3  <1.0>}
x[6,5]{4  <0.16478160818790522>, 1  <0.8352183918120948>}
x[6,6]{0  <1.0>}
x[6,7]{4  <0.3411426379857835>, 1  <0.18002162897542062>, 7  <0.4788357330387958>}
x[7,0]{0  <0.4364313487216872>, 1  <0.09689467598308193>, 5  <0.4666739752952309>}
x[7,1]{7  <0.23366770351908253>, 1  <0.1828041993124072>, 3  <0.5835280971685102>}
x[7,2]{4  <1.0>}
x[7,3]{3  <0.5725168910930447>, 7  <0.3191519646125857>, 6  <0.1083311442943697>}
x[7,4]{0  <0.6701955319953952>, 6  <0.3298044680046047>}
x[7,5]{5  <0.777527149312151>, 1  <0.22247285068784917>}
x[7,6]{2  <1.0>}
x[7,7]{7  <0.31783117504733827>, 1  <0.09230685680870233>, 3  <0.5898619681439594>}
problem entropy = 0.0
smallest variable entropy = 1.7976931348623157E308
### branching on x[1,1]=7
##### after BP iteration 1 #####
x[0,0]{7  <1.0>}
x[0,1]{0  <1.0>}
x[0,2]{1  <1.0>}
x[0,3]{4  <1.0>}
x[0,4]{2  <1.0>}
x[0,5]{3  <1.0>}
x[0,6]{6  <1.0>}
x[0,7]{5  <1.0>}
x[1,0]{2  <1.0>}
x[1,1]{7  <1.0>}
x[1,2]{5  <1.0>}
x[1,3]{3  <1.0>}
x[1,4]{1  <1.0>}
x[1,5]{0  <1.0>}
x[1,6]{4  <1.0>}
x[1,7]{6  <1.0>}
x[2,0]{5  <1.0>}
x[2,1]{6  <1.0>}
x[2,2]{3  <1.0>}
x[2,3]{2  <1.0>}
x[2,4]{7  <1.0>}
x[2,5]{4  <1.0>}
x[2,6]{1  <1.0>}
x[2,7]{0  <1.0>}
x[3,0]{4  <0.6036475230788384>, 1  <0.3963524769211616>}
x[3,1]{2  <1.0>}
x[3,2]{6  <1.0>}
x[3,3]{0  <1.0>}
x[3,4]{5  <1.0>}
x[3,5]{7  <1.0>}
x[3,6]{3  <1.0>}
x[3,7]{4  <0.5686445616190976>, 1  <0.4313554383809025>}
x[4,0]{3  <1.0>}
x[4,1]{5  <1.0>}
x[4,2]{0  <1.0>}
x[4,3]{1  <1.0>}
x[4,4]{4  <1.0>}
x[4,5]{6  <1.0>}
x[4,6]{7  <1.0>}
x[4,7]{2  <1.0>}
x[5,0]{4  <0.8549807110573634>, 1  <0.14501928894263663>}
x[5,1]{3  <0.2738881870515592>, 1  <0.7261118129484407>}
x[5,2]{7  <1.0>}
x[5,3]{6  <1.0>}
x[5,4]{0  <1.0>}
x[5,5]{2  <1.0>}
x[5,6]{5  <1.0>}
x[5,7]{3  <0.2623593581034277>, 1  <0.467054973853298>, 4  <0.2705856680432742>}
x[6,0]{6  <1.0>}
x[6,1]{4  <1.0>}
x[6,2]{2  <1.0>}
x[6,3]{5  <1.0>}
x[6,4]{3  <1.0>}
x[6,5]{1  <1.0>}
x[6,6]{0  <1.0>}
x[6,7]{7  <1.0>}
x[7,0]{0  <1.0>}
x[7,1]{3  <0.3036246685565937>, 1  <0.6963753314434062>}
x[7,2]{4  <1.0>}
x[7,3]{7  <1.0>}
x[7,4]{6  <1.0>}
x[7,5]{5  <1.0>}
x[7,6]{2  <1.0>}
x[7,7]{3  <0.5547892057752957>, 1  <0.44521079422470433>}
problem entropy = 0.0
smallest variable entropy = 1.7976931348623157E308
### branching on x[3,0]=1
##### after BP iteration 1 #####
x[0,0]{7  <1.0>}
x[0,1]{0  <1.0>}
x[0,2]{1  <1.0>}
x[0,3]{4  <1.0>}
x[0,4]{2  <1.0>}
x[0,5]{3  <1.0>}
x[0,6]{6  <1.0>}
x[0,7]{5  <1.0>}
x[1,0]{2  <1.0>}
x[1,1]{7  <1.0>}
x[1,2]{5  <1.0>}
x[1,3]{3  <1.0>}
x[1,4]{1  <1.0>}
x[1,5]{0  <1.0>}
x[1,6]{4  <1.0>}
x[1,7]{6  <1.0>}
x[2,0]{5  <1.0>}
x[2,1]{6  <1.0>}
x[2,2]{3  <1.0>}
x[2,3]{2  <1.0>}
x[2,4]{7  <1.0>}
x[2,5]{4  <1.0>}
x[2,6]{1  <1.0>}
x[2,7]{0  <1.0>}
x[3,0]{1  <1.0>}
x[3,1]{2  <1.0>}
x[3,2]{6  <1.0>}
x[3,3]{0  <1.0>}
x[3,4]{5  <1.0>}
x[3,5]{7  <1.0>}
x[3,6]{3  <1.0>}
x[3,7]{4  <1.0>}
x[4,0]{3  <1.0>}
x[4,1]{5  <1.0>}
x[4,2]{0  <1.0>}
x[4,3]{1  <1.0>}
x[4,4]{4  <1.0>}
x[4,5]{6  <1.0>}
x[4,6]{7  <1.0>}
x[4,7]{2  <1.0>}
x[5,0]{4  <1.0>}
x[5,1]{3  <0.9274334730655448>, 1  <0.07256652693445514>}
x[5,2]{7  <1.0>}
x[5,3]{6  <1.0>}
x[5,4]{0  <1.0>}
x[5,5]{2  <1.0>}
x[5,6]{5  <1.0>}
x[5,7]{3  <0.6147989248698894>, 1  <0.38520107513011065>}
x[6,0]{6  <1.0>}
x[6,1]{4  <1.0>}
x[6,2]{2  <1.0>}
x[6,3]{5  <1.0>}
x[6,4]{3  <1.0>}
x[6,5]{1  <1.0>}
x[6,6]{0  <1.0>}
x[6,7]{7  <1.0>}
x[7,0]{0  <1.0>}
x[7,1]{3  <0.39993564260650244>, 1  <0.6000643573934975>}
x[7,2]{4  <1.0>}
x[7,3]{7  <1.0>}
x[7,4]{6  <1.0>}
x[7,5]{5  <1.0>}
x[7,6]{2  <1.0>}
x[7,7]{3  <0.38985022483091714>, 1  <0.6101497751690829>}
problem entropy = 0.0
smallest variable entropy = 1.7976931348623157E308
### branching on x[5,1]=3
##### after BP iteration 1 #####
x[0,0]{7  <1.0>}
x[0,1]{0  <1.0>}
x[0,2]{1  <1.0>}
x[0,3]{4  <1.0>}
x[0,4]{2  <1.0>}
x[0,5]{3  <1.0>}
x[0,6]{6  <1.0>}
x[0,7]{5  <1.0>}
x[1,0]{2  <1.0>}
x[1,1]{7  <1.0>}
x[1,2]{5  <1.0>}
x[1,3]{3  <1.0>}
x[1,4]{1  <1.0>}
x[1,5]{0  <1.0>}
x[1,6]{4  <1.0>}
x[1,7]{6  <1.0>}
x[2,0]{5  <1.0>}
x[2,1]{6  <1.0>}
x[2,2]{3  <1.0>}
x[2,3]{2  <1.0>}
x[2,4]{7  <1.0>}
x[2,5]{4  <1.0>}
x[2,6]{1  <1.0>}
x[2,7]{0  <1.0>}
x[3,0]{1  <1.0>}
x[3,1]{2  <1.0>}
x[3,2]{6  <1.0>}
x[3,3]{0  <1.0>}
x[3,4]{5  <1.0>}
x[3,5]{7  <1.0>}
x[3,6]{3  <1.0>}
x[3,7]{4  <1.0>}
x[4,0]{3  <1.0>}
x[4,1]{5  <1.0>}
x[4,2]{0  <1.0>}
x[4,3]{1  <1.0>}
x[4,4]{4  <1.0>}
x[4,5]{6  <1.0>}
x[4,6]{7  <1.0>}
x[4,7]{2  <1.0>}
x[5,0]{4  <1.0>}
x[5,1]{3  <1.0>}
x[5,2]{7  <1.0>}
x[5,3]{6  <1.0>}
x[5,4]{0  <1.0>}
x[5,5]{2  <1.0>}
x[5,6]{5  <1.0>}
x[5,7]{1  <1.0>}
x[6,0]{6  <1.0>}
x[6,1]{4  <1.0>}
x[6,2]{2  <1.0>}
x[6,3]{5  <1.0>}
x[6,4]{3  <1.0>}
x[6,5]{1  <1.0>}
x[6,6]{0  <1.0>}
x[6,7]{7  <1.0>}
x[7,0]{0  <1.0>}
x[7,1]{1  <1.0>}
x[7,2]{4  <1.0>}
x[7,3]{7  <1.0>}
x[7,4]{6  <1.0>}
x[7,5]{5  <1.0>}
x[7,6]{2  <1.0>}
x[7,7]{3  <1.0>}
problem entropy = 0.0
smallest variable entropy = 1.7976931348623157E308
### branching on x[5,1]!=3
##### after BP iteration 1 #####
x[0,0]{7  <1.0>}
x[0,1]{0  <1.0>}
x[0,2]{1  <1.0>}
x[0,3]{4  <1.0>}
x[0,4]{2  <1.0>}
x[0,5]{3  <1.0>}
x[0,6]{6  <1.0>}
x[0,7]{5  <1.0>}
x[1,0]{2  <1.0>}
x[1,1]{7  <1.0>}
x[1,2]{5  <1.0>}
x[1,3]{3  <1.0>}
x[1,4]{1  <1.0>}
x[1,5]{0  <1.0>}
x[1,6]{4  <1.0>}
x[1,7]{6  <1.0>}
x[2,0]{5  <1.0>}
x[2,1]{6  <1.0>}
x[2,2]{3  <1.0>}
x[2,3]{2  <1.0>}
x[2,4]{7  <1.0>}
x[2,5]{4  <1.0>}
x[2,6]{1  <1.0>}
x[2,7]{0  <1.0>}
x[3,0]{1  <1.0>}
x[3,1]{2  <1.0>}
x[3,2]{6  <1.0>}
x[3,3]{0  <1.0>}
x[3,4]{5  <1.0>}
x[3,5]{7  <1.0>}
x[3,6]{3  <1.0>}
x[3,7]{4  <1.0>}
x[4,0]{3  <1.0>}
x[4,1]{5  <1.0>}
x[4,2]{0  <1.0>}
x[4,3]{1  <1.0>}
x[4,4]{4  <1.0>}
x[4,5]{6  <1.0>}
x[4,6]{7  <1.0>}
x[4,7]{2  <1.0>}
x[5,0]{4  <1.0>}
x[5,1]{1  <1.0>}
x[5,2]{7  <1.0>}
x[5,3]{6  <1.0>}
x[5,4]{0  <1.0>}
x[5,5]{2  <1.0>}
x[5,6]{5  <1.0>}
x[5,7]{3  <1.0>}
x[6,0]{6  <1.0>}
x[6,1]{4  <1.0>}
x[6,2]{2  <1.0>}
x[6,3]{5  <1.0>}
x[6,4]{3  <1.0>}
x[6,5]{1  <1.0>}
x[6,6]{0  <1.0>}
x[6,7]{7  <1.0>}
x[7,0]{0  <1.0>}
x[7,1]{3  <1.0>}
x[7,2]{4  <1.0>}
x[7,3]{7  <1.0>}
x[7,4]{6  <1.0>}
x[7,5]{5  <1.0>}
x[7,6]{2  <1.0>}
x[7,7]{1  <1.0>}
problem entropy = 0.0
smallest variable entropy = 1.7976931348623157E308

	#choice: 7
	#fail: 0
	execution time (ms): 44
	#sols : 1
	completed : false

