{0  <1.0>, 1  <1.0>, 7  <1.0>, 3  <1.0>, 4  <1.0>, 5  <1.0>}
model: sum-product-oracle
FINAL DAMPING FACTOR = 1.0
##### after BP iteration 1 #####
x[0,0]{5  <0.48808545603944126>, 4  <0.40673788003286765>, 3  <0.105176663927691>}
x[0,1]{4  <0.344107508617675>, 5  <0.2552830094419744>, 3  <0.4006094819403507>}
x[0,2]{6  <1.0>}
x[0,3]{2  <1.0>}
x[0,4]{5  <0.3965565640497801>, 4  <0.40890801908861235>, 3  <0.1945354168616075>}
x[0,5]{7  <0.5>, 1  <0.5>}
x[0,6]{7  <0.6666666666666666>, 1  <0.3333333333333333>}
x[0,7]{0  <1.0>}
x[1,0]{5  <0.24444444444444455>, 4  <0.7555555555555555>}
x[1,1]{5  <0.7582938388625594>, 4  <0.2417061611374406>}
x[1,2]{1  <1.0>}
x[1,3]{6  <1.0>}
x[1,4]{0  <1.0>}
x[1,5]{2  <1.0>}
x[1,6]{3  <1.0>}
x[1,7]{7  <1.0>}
x[2,0]{0  <1.0>}
x[2,1]{7  <0.8366336633663366>, 4  <0.16336633663366334>}
x[2,2]{3  <1.0>}
x[2,3]{1  <1.0>}
x[2,4]{7  <0.24598930481283424>, 4  <0.7540106951871658>}
x[2,5]{6  <1.0>}
x[2,6]{5  <1.0>}
x[2,7]{2  <1.0>}
x[3,0]{6  <0.05507286995515696>, 1  <0.522561659192825>, 2  <0.31137892376681614>, 3  <0.1109865470852018>}
x[3,1]{3  <0.80946123521682>, 6  <0.12352168199737187>, 2  <0.06701708278580813>}
x[3,2]{7  <1.0>}
x[3,3]{0  <1.0>}
x[3,4]{6  <0.623931623931624>, 3  <0.37606837606837595>}
x[3,5]{4  <1.0>}
x[3,6]{2  <0.44103773584905653>, 1  <0.5589622641509434>}
x[3,7]{5  <1.0>}
x[4,0]{6  <0.15011005135730005>, 1  <0.276008804108584>, 2  <0.45165077035950113>, 7  <0.10785033015407189>, 5  <0.01438004402054292>}
x[4,1]{6  <0.16754540128881076>, 5  <0.047038147420655416>, 2  <0.6725248974809608>, 7  <0.11289155380957297>}
x[4,2]{4  <1.0>}
x[4,3]{5  <0.6480616239424171>, 7  <0.35193837605758305>}
x[4,4]{6  <0.2824034334763949>, 7  <0.5218884120171674>, 5  <0.19570815450643775>}
x[4,5]{3  <1.0>}
x[4,6]{0  <1.0>}
x[4,7]{6  <0.11640211640211642>, 1  <0.8835978835978836>}
x[5,0]{3  <0.4661710037174721>, 7  <0.36431226765799246>, 5  <0.16951672862453535>}
x[5,1]{1  <1.0>}
x[5,2]{2  <1.0>}
x[5,3]{3  <0.11475409836065575>, 7  <0.40573770491803274>, 5  <0.4795081967213114>}
x[5,4]{3  <0.2490470139771284>, 7  <0.3214739517153748>, 5  <0.42947903430749673>}
x[5,5]{0  <1.0>}
x[5,6]{6  <1.0>}
x[5,7]{4  <1.0>}
x[6,0]{7  <0.38135593220338976>, 1  <0.27542372881355937>, 6  <0.20338983050847453>, 3  <0.13983050847457626>}
x[6,1]{0  <1.0>}
x[6,2]{5  <1.0>}
x[6,3]{7  <0.08695652173913045>, 3  <0.9130434782608695>}
x[6,4]{2  <1.0>}
x[6,5]{7  <0.6521739130434783>, 1  <0.34782608695652173>}
x[6,6]{4  <1.0>}
x[6,7]{6  <0.9189189189189189>, 1  <0.08108108108108109>}
x[7,0]{7  <0.2613240418118467>, 6  <0.514808362369338>, 2  <0.22386759581881532>}
x[7,1]{7  <0.19621870209504344>, 6  <0.6688809402146142>, 2  <0.1349003576903424>}
x[7,2]{0  <1.0>}
x[7,3]{4  <1.0>}
x[7,4]{1  <1.0>}
x[7,5]{5  <1.0>}
x[7,6]{7  <0.48717948717948706>, 2  <0.5128205128205129>}
x[7,7]{3  <1.0>}
problem entropy = 0.0
smallest variable entropy = 1.7976931348623157E308
### branching on x[0,5]=1
##### after BP iteration 1 #####
x[0,0]{5  <0.49332774321542155>, 4  <0.22518099972152622>, 3  <0.2814912570630522>}
x[0,1]{4  <0.5840760523051615>, 5  <0.2330398186671361>, 3  <0.18288412902770232>}
x[0,2]{6  <1.0>}
x[0,3]{2  <1.0>}
x[0,4]{5  <0.32507615916284194>, 4  <0.1556711499235473>, 3  <0.5192526909136107>}
x[0,5]{1  <1.0>}
x[0,6]{7  <1.0>}
x[0,7]{0  <1.0>}
x[1,0]{5  <0.270620237880449>, 4  <0.729379762119551>}
x[1,1]{5  <0.7298764791596261>, 4  <0.27012352084037394>}
x[1,2]{1  <1.0>}
x[1,3]{6  <1.0>}
x[1,4]{0  <1.0>}
x[1,5]{2  <1.0>}
x[1,6]{3  <1.0>}
x[1,7]{7  <1.0>}
x[2,0]{0  <1.0>}
x[2,1]{7  <0.8577461566666744>, 4  <0.1422538433333255>}
x[2,2]{3  <1.0>}
x[2,3]{1  <1.0>}
x[2,4]{7  <0.15161537433427133>, 4  <0.8483846256657286>}
x[2,5]{6  <1.0>}
x[2,6]{5  <1.0>}
x[2,7]{2  <1.0>}
x[3,0]{6  <0.05543825112321197>, 3  <0.10158916636238075>, 2  <0.8429725825144072>}
x[3,1]{3  <0.7141384724828138>, 6  <0.09542479501976826>, 2  <0.19043673249741783>}
x[3,2]{7  <1.0>}
x[3,3]{0  <1.0>}
x[3,4]{6  <0.833843308670131>, 3  <0.1661566913298689>}
x[3,5]{4  <1.0>}
x[3,6]{1  <1.0>}
x[3,7]{5  <1.0>}
x[4,0]{6  <0.29327578198040405>, 1  <0.097758593993468>, 2  <0.32832791182591037>, 7  <0.24635165686353944>, 5  <0.03428605533667813>}
x[4,1]{6  <0.045647593168131335>, 5  <0.03819419709614734>, 2  <0.861837573865645>, 7  <0.054320635870076274>}
x[4,2]{4  <1.0>}
x[4,3]{5  <0.5589599503467054>, 7  <0.4410400496532945>}
x[4,4]{6  <0.4442273843002674>, 7  <0.381995730211775>, 5  <0.1737768854879576>}
x[4,5]{3  <1.0>}
x[4,6]{0  <1.0>}
x[4,7]{6  <0.1410875706506029>, 1  <0.8589124293493972>}
x[5,0]{3  <0.7812048349943185>, 7  <0.14251114856862332>, 5  <0.07628401643705818>}
x[5,1]{1  <1.0>}
x[5,2]{2  <1.0>}
x[5,3]{5  <0.45899278314346914>, 7  <0.5410072168565307>}
x[5,4]{3  <0.46455153709555047>, 7  <0.2252300123547095>, 5  <0.3102184505497402>}
x[5,5]{0  <1.0>}
x[5,6]{6  <1.0>}
x[5,7]{4  <1.0>}
x[6,0]{6  <0.06527772370565237>, 1  <0.9347222762943476>}
x[6,1]{0  <1.0>}
x[6,2]{5  <1.0>}
x[6,3]{3  <1.0>}
x[6,4]{2  <1.0>}
x[6,5]{7  <1.0>}
x[6,6]{4  <1.0>}
x[6,7]{6  <0.7740854310775155>, 1  <0.2259145689224844>}
x[7,0]{7  <0.733972171243264>, 6  <0.2660278287567361>}
x[7,1]{7  <0.2563118461302826>, 6  <0.7436881538697174>}
x[7,2]{0  <1.0>}
x[7,3]{4  <1.0>}
x[7,4]{1  <1.0>}
x[7,5]{5  <1.0>}
x[7,6]{2  <1.0>}
x[7,7]{3  <1.0>}
problem entropy = 0.0
smallest variable entropy = 1.7976931348623157E308
### branching on x[1,0]=5
##### after BP iteration 1 #####
x[0,0]{4  <1.0>}
x[0,1]{3  <0.23301527820046097>, 5  <0.766984721799539>}
x[0,2]{6  <1.0>}
x[0,3]{2  <1.0>}
x[0,4]{5  <0.11256321763210075>, 3  <0.8874367823678994>}
x[0,5]{1  <1.0>}
x[0,6]{7  <1.0>}
x[0,7]{0  <1.0>}
x[1,0]{5  <1.0>}
x[1,1]{4  <1.0>}
x[1,2]{1  <1.0>}
x[1,3]{6  <1.0>}
x[1,4]{0  <1.0>}
x[1,5]{2  <1.0>}
x[1,6]{3  <1.0>}
x[1,7]{7  <1.0>}
x[2,0]{0  <1.0>}
x[2,1]{7  <1.0>}
x[2,2]{3  <1.0>}
x[2,3]{1  <1.0>}
x[2,4]{4  <1.0>}
x[2,5]{6  <1.0>}
x[2,6]{5  <1.0>}
x[2,7]{2  <1.0>}
x[3,0]{6  <0.12083047646327698>, 2  <0.8791695235367231>}
x[3,1]{3  <0.8732934632744837>, 2  <0.1267065367255163>}
x[3,2]{7  <1.0>}
x[3,3]{0  <1.0>}
x[3,4]{6  <0.9392591299768779>, 3  <0.06074087002312217>}
x[3,5]{4  <1.0>}
x[3,6]{1  <1.0>}
x[3,7]{5  <1.0>}
x[4,0]{6  <0.9096388538050826>, 1  <0.08026225180633083>, 2  <0.01009889438858651>}
x[4,1]{2  <0.5497259860900106>, 5  <0.45027401390998945>}
x[4,2]{4  <1.0>}
x[4,3]{5  <0.5500709754654789>, 7  <0.44992902453452105>}
x[4,4]{6  <0.014568960955353935>, 7  <0.5223971773248727>, 5  <0.46303386171977345>}
x[4,5]{3  <1.0>}
x[4,6]{0  <1.0>}
x[4,7]{6  <0.40492322531480407>, 1  <0.5950767746851959>}
x[5,0]{3  <1.0>}
x[5,1]{1  <1.0>}
x[5,2]{2  <1.0>}
x[5,3]{5  <0.3264796053807157>, 7  <0.6735203946192843>}
x[5,4]{5  <0.6156169745042854>, 7  <0.38438302549571457>}
x[5,5]{0  <1.0>}
x[5,6]{6  <1.0>}
x[5,7]{4  <1.0>}
x[6,0]{6  <0.10311748791617531>, 1  <0.8968825120838247>}
x[6,1]{0  <1.0>}
x[6,2]{5  <1.0>}
x[6,3]{3  <1.0>}
x[6,4]{2  <1.0>}
x[6,5]{7  <1.0>}
x[6,6]{4  <1.0>}
x[6,7]{6  <0.8849471750819439>, 1  <0.11505282491805607>}
x[7,0]{7  <1.0>}
x[7,1]{6  <1.0>}
x[7,2]{0  <1.0>}
x[7,3]{4  <1.0>}
x[7,4]{1  <1.0>}
x[7,5]{5  <1.0>}
x[7,6]{2  <1.0>}
x[7,7]{3  <1.0>}
problem entropy = 0.0
smallest variable entropy = 1.7976931348623157E308
### branching on x[0,1]=5
##### after BP iteration 1 #####
x[0,0]{4  <1.0>}
x[0,1]{5  <1.0>}
x[0,2]{6  <1.0>}
x[0,3]{2  <1.0>}
x[0,4]{3  <1.0>}
x[0,5]{1  <1.0>}
x[0,6]{7  <1.0>}
x[0,7]{0  <1.0>}
x[1,0]{5  <1.0>}
x[1,1]{4  <1.0>}
x[1,2]{1  <1.0>}
x[1,3]{6  <1.0>}
x[1,4]{0  <1.0>}
x[1,5]{2  <1.0>}
x[1,6]{3  <1.0>}
x[1,7]{7  <1.0>}
x[2,0]{0  <1.0>}
x[2,1]{7  <1.0>}
x[2,2]{3  <1.0>}
x[2,3]{1  <1.0>}
x[2,4]{4  <1.0>}
x[2,5]{6  <1.0>}
x[2,6]{5  <1.0>}
x[2,7]{2  <1.0>}
x[3,0]{2  <1.0>}
x[3,1]{3  <1.0>}
x[3,2]{7  <1.0>}
x[3,3]{0  <1.0>}
x[3,4]{6  <1.0>}
x[3,5]{4  <1.0>}
x[3,6]{1  <1.0>}
x[3,7]{5  <1.0>}
x[4,0]{6  <0.7740854310775155>, 1  <0.2259145689224844>}
x[4,1]{2  <1.0>}
x[4,2]{4  <1.0>}
x[4,3]{5  <0.6474471534828037>, 7  <0.35255284651719626>}
x[4,4]{5  <0.38886629286590313>, 7  <0.6111337071340969>}
x[4,5]{3  <1.0>}
x[4,6]{0  <1.0>}
x[4,7]{6  <0.06527772370565237>, 1  <0.9347222762943476>}
x[5,0]{3  <1.0>}
x[5,1]{1  <1.0>}
x[5,2]{2  <1.0>}
x[5,3]{5  <0.3757692589598478>, 7  <0.6242307410401523>}
x[5,4]{5  <0.6282284241970781>, 7  <0.37177157580292186>}
x[5,5]{0  <1.0>}
x[5,6]{6  <1.0>}
x[5,7]{4  <1.0>}
x[6,0]{6  <0.14108757065060287>, 1  <0.8589124293493972>}
x[6,1]{0  <1.0>}
x[6,2]{5  <1.0>}
x[6,3]{3  <1.0>}
x[6,4]{2  <1.0>}
x[6,5]{7  <1.0>}
x[6,6]{4  <1.0>}
x[6,7]{6  <0.7886027253814043>, 1  <0.21139727461859567>}
x[7,0]{7  <1.0>}
x[7,1]{6  <1.0>}
x[7,2]{0  <1.0>}
x[7,3]{4  <1.0>}
x[7,4]{1  <1.0>}
x[7,5]{5  <1.0>}
x[7,6]{2  <1.0>}
x[7,7]{3  <1.0>}
problem entropy = 0.0
smallest variable entropy = 1.7976931348623157E308
### branching on x[4,0]=1
##### after BP iteration 1 #####
x[0,0]{4  <1.0>}
x[0,1]{5  <1.0>}
x[0,2]{6  <1.0>}
x[0,3]{2  <1.0>}
x[0,4]{3  <1.0>}
x[0,5]{1  <1.0>}
x[0,6]{7  <1.0>}
x[0,7]{0  <1.0>}
x[1,0]{5  <1.0>}
x[1,1]{4  <1.0>}
x[1,2]{1  <1.0>}
x[1,3]{6  <1.0>}
x[1,4]{0  <1.0>}
x[1,5]{2  <1.0>}
x[1,6]{3  <1.0>}
x[1,7]{7  <1.0>}
x[2,0]{0  <1.0>}
x[2,1]{7  <1.0>}
x[2,2]{3  <1.0>}
x[2,3]{1  <1.0>}
x[2,4]{4  <1.0>}
x[2,5]{6  <1.0>}
x[2,6]{5  <1.0>}
x[2,7]{2  <1.0>}
x[3,0]{2  <1.0>}
x[3,1]{3  <1.0>}
x[3,2]{7  <1.0>}
x[3,3]{0  <1.0>}
x[3,4]{6  <1.0>}
x[3,5]{4  <1.0>}
x[3,6]{1  <1.0>}
x[3,7]{5  <1.0>}
x[4,0]{1  <1.0>}
x[4,1]{2  <1.0>}
x[4,2]{4  <1.0>}
x[4,3]{5  <0.6810643703084049>, 7  <0.318935629691595>}
x[4,4]{5  <0.2666213089702075>, 7  <0.7333786910297925>}
x[4,5]{3  <1.0>}
x[4,6]{0  <1.0>}
x[4,7]{6  <1.0>}
x[5,0]{3  <1.0>}
x[5,1]{1  <1.0>}
x[5,2]{2  <1.0>}
x[5,3]{5  <0.39931740614334466>, 7  <0.6006825938566553>}
x[5,4]{5  <0.6197858907802309>, 7  <0.38021410921976906>}
x[5,5]{0  <1.0>}
x[5,6]{6  <1.0>}
x[5,7]{4  <1.0>}
x[6,0]{6  <1.0>}
x[6,1]{0  <1.0>}
x[6,2]{5  <1.0>}
x[6,3]{3  <1.0>}
x[6,4]{2  <1.0>}
x[6,5]{7  <1.0>}
x[6,6]{4  <1.0>}
x[6,7]{1  <1.0>}
x[7,0]{7  <1.0>}
x[7,1]{6  <1.0>}
x[7,2]{0  <1.0>}
x[7,3]{4  <1.0>}
x[7,4]{1  <1.0>}
x[7,5]{5  <1.0>}
x[7,6]{2  <1.0>}
x[7,7]{3  <1.0>}
problem entropy = 0.0
smallest variable entropy = 1.7976931348623157E308
### branching on x[4,3]=5
##### after BP iteration 1 #####
x[0,0]{4  <1.0>}
x[0,1]{5  <1.0>}
x[0,2]{6  <1.0>}
x[0,3]{2  <1.0>}
x[0,4]{3  <1.0>}
x[0,5]{1  <1.0>}
x[0,6]{7  <1.0>}
x[0,7]{0  <1.0>}
x[1,0]{5  <1.0>}
x[1,1]{4  <1.0>}
x[1,2]{1  <1.0>}
x[1,3]{6  <1.0>}
x[1,4]{0  <1.0>}
x[1,5]{2  <1.0>}
x[1,6]{3  <1.0>}
x[1,7]{7  <1.0>}
x[2,0]{0  <1.0>}
x[2,1]{7  <1.0>}
x[2,2]{3  <1.0>}
x[2,3]{1  <1.0>}
x[2,4]{4  <1.0>}
x[2,5]{6  <1.0>}
x[2,6]{5  <1.0>}
x[2,7]{2  <1.0>}
x[3,0]{2  <1.0>}
x[3,1]{3  <1.0>}
x[3,2]{7  <1.0>}
x[3,3]{0  <1.0>}
x[3,4]{6  <1.0>}
x[3,5]{4  <1.0>}
x[3,6]{1  <1.0>}
x[3,7]{5  <1.0>}
x[4,0]{1  <1.0>}
x[4,1]{2  <1.0>}
x[4,2]{4  <1.0>}
x[4,3]{5  <1.0>}
x[4,4]{7  <1.0>}
x[4,5]{3  <1.0>}
x[4,6]{0  <1.0>}
x[4,7]{6  <1.0>}
x[5,0]{3  <1.0>}
x[5,1]{1  <1.0>}
x[5,2]{2  <1.0>}
x[5,3]{7  <1.0>}
x[5,4]{5  <1.0>}
x[5,5]{0  <1.0>}
x[5,6]{6  <1.0>}
x[5,7]{4  <1.0>}
x[6,0]{6  <1.0>}
x[6,1]{0  <1.0>}
x[6,2]{5  <1.0>}
x[6,3]{3  <1.0>}
x[6,4]{2  <1.0>}
x[6,5]{7  <1.0>}
x[6,6]{4  <1.0>}
x[6,7]{1  <1.0>}
x[7,0]{7  <1.0>}
x[7,1]{6  <1.0>}
x[7,2]{0  <1.0>}
x[7,3]{4  <1.0>}
x[7,4]{1  <1.0>}
x[7,5]{5  <1.0>}
x[7,6]{2  <1.0>}
x[7,7]{3  <1.0>}
problem entropy = 0.0
smallest variable entropy = 1.7976931348623157E308
### branching on x[4,3]!=5
##### after BP iteration 1 #####
x[0,0]{4  <1.0>}
x[0,1]{5  <1.0>}
x[0,2]{6  <1.0>}
x[0,3]{2  <1.0>}
x[0,4]{3  <1.0>}
x[0,5]{1  <1.0>}
x[0,6]{7  <1.0>}
x[0,7]{0  <1.0>}
x[1,0]{5  <1.0>}
x[1,1]{4  <1.0>}
x[1,2]{1  <1.0>}
x[1,3]{6  <1.0>}
x[1,4]{0  <1.0>}
x[1,5]{2  <1.0>}
x[1,6]{3  <1.0>}
x[1,7]{7  <1.0>}
x[2,0]{0  <1.0>}
x[2,1]{7  <1.0>}
x[2,2]{3  <1.0>}
x[2,3]{1  <1.0>}
x[2,4]{4  <1.0>}
x[2,5]{6  <1.0>}
x[2,6]{5  <1.0>}
x[2,7]{2  <1.0>}
x[3,0]{2  <1.0>}
x[3,1]{3  <1.0>}
x[3,2]{7  <1.0>}
x[3,3]{0  <1.0>}
x[3,4]{6  <1.0>}
x[3,5]{4  <1.0>}
x[3,6]{1  <1.0>}
x[3,7]{5  <1.0>}
x[4,0]{1  <1.0>}
x[4,1]{2  <1.0>}
x[4,2]{4  <1.0>}
x[4,3]{7  <1.0>}
x[4,4]{5  <1.0>}
x[4,5]{3  <1.0>}
x[4,6]{0  <1.0>}
x[4,7]{6  <1.0>}
x[5,0]{3  <1.0>}
x[5,1]{1  <1.0>}
x[5,2]{2  <1.0>}
x[5,3]{5  <1.0>}
x[5,4]{7  <1.0>}
x[5,5]{0  <1.0>}
x[5,6]{6  <1.0>}
x[5,7]{4  <1.0>}
x[6,0]{6  <1.0>}
x[6,1]{0  <1.0>}
x[6,2]{5  <1.0>}
x[6,3]{3  <1.0>}
x[6,4]{2  <1.0>}
x[6,5]{7  <1.0>}
x[6,6]{4  <1.0>}
x[6,7]{1  <1.0>}
x[7,0]{7  <1.0>}
x[7,1]{6  <1.0>}
x[7,2]{0  <1.0>}
x[7,3]{4  <1.0>}
x[7,4]{1  <1.0>}
x[7,5]{5  <1.0>}
x[7,6]{2  <1.0>}
x[7,7]{3  <1.0>}
problem entropy = 0.0
smallest variable entropy = 1.7976931348623157E308

	#choice: 6
	#fail: 0
	execution time (ms): 38
	#sols : 1
	completed : false

