{7  <8.0>}
model: max-product-init
FINAL DAMPING FACTOR = 1.0
##### after BP iteration 1 #####
x[0,0]{7  <1.0>}
x[0,1]{4  <0.25>, 1  <0.25>, 5  <0.25>, 3  <0.25>}
x[0,2]{0  <0.25>, 1  <0.25>, 5  <0.25>, 3  <0.25>}
x[0,3]{0  <0.2>, 1  <0.2>, 5  <0.2>, 3  <0.2>, 4  <0.2>}
x[0,4]{0  <0.3333333333333333>, 3  <0.3333333333333333>, 5  <0.3333333333333333>}
x[0,5]{6  <1.0>}
x[0,6]{2  <1.0>}
x[0,7]{4  <0.5>, 3  <0.5>}
x[1,0]{4  <0.5>, 3  <0.5>}
x[1,1]{6  <0.29166666666666663>, 1  <0.08333333333333333>, 5  <0.25>, 3  <0.16666666666666666>, 4  <0.20833333333333331>}
x[1,2]{5  <0.25>, 1  <0.25>, 7  <0.25>, 3  <0.25>}
x[1,3]{6  <0.16666666666666666>, 1  <0.16666666666666666>, 7  <0.16666666666666666>, 3  <0.16666666666666666>, 4  <0.16666666666666666>, 5  <0.16666666666666666>}
x[1,4]{2  <1.0>}
x[1,5]{5  <0.3333333333333333>, 1  <0.3333333333333333>, 7  <0.3333333333333333>}
x[1,6]{3  <0.3333333333333333>, 5  <0.3333333333333333>, 4  <0.3333333333333333>}
x[1,7]{0  <1.0>}
x[2,0]{6  <1.0>}
x[2,1]{5  <0.25>, 1  <0.25>, 4  <0.25>, 3  <0.25>}
x[2,2]{0  <0.047619047619047616>, 1  <0.09523809523809523>, 7  <0.38095238095238093>, 3  <0.19047619047619047>, 5  <0.2857142857142857>}
x[2,3]{0  <0.16666666666666663>, 1  <0.16666666666666663>, 7  <0.16666666666666663>, 3  <0.16666666666666663>, 4  <0.16666666666666663>, 5  <0.16666666666666663>}
x[2,4]{0  <0.3333333333333333>, 3  <0.3333333333333333>, 5  <0.3333333333333333>}
x[2,5]{5  <0.3333333333333333>, 1  <0.3333333333333333>, 7  <0.3333333333333333>}
x[2,6]{3  <0.3333333333333333>, 5  <0.3333333333333333>, 4  <0.3333333333333333>}
x[2,7]{2  <1.0>}
x[3,0]{5  <1.0>}
x[3,1]{6  <0.25>, 4  <0.25>, 2  <0.25>, 3  <0.25>}
x[3,2]{3  <0.33333333333333337>, 7  <0.33333333333333337>, 2  <0.33333333333333337>}
x[3,3]{6  <0.2916666666666667>, 7  <0.3333333333333333>, 4  <0.20833333333333334>, 3  <0.16666666666666666>}
x[3,4]{6  <0.5>, 3  <0.5>}
x[3,5]{0  <1.0>}
x[3,6]{1  <1.0>}
x[3,7]{6  <0.33333333333333337>, 3  <0.33333333333333337>, 4  <0.33333333333333337>}
x[4,0]{0  <1.0>}
x[4,1]{6  <0.25>, 5  <0.25>, 2  <0.25>, 3  <0.25>}
x[4,2]{3  <0.33333333333333337>, 5  <0.33333333333333337>, 2  <0.33333333333333337>}
x[4,3]{6  <0.33333333333333337>, 5  <0.33333333333333337>, 3  <0.33333333333333337>}
x[4,4]{7  <1.0>}
x[4,5]{4  <1.0>}
x[4,6]{3  <0.5>, 5  <0.5>}
x[4,7]{1  <1.0>}
x[5,0]{4  <0.3333333333333333>, 3  <0.3333333333333333>, 2  <0.3333333333333333>}
x[5,1]{6  <0.16666666666666666>, 1  <0.16666666666666666>, 2  <0.16666666666666666>, 3  <0.16666666666666666>, 4  <0.16666666666666666>, 5  <0.16666666666666666>}
x[5,2]{0  <0.19999999999999998>, 1  <0.19999999999999998>, 2  <0.19999999999999998>, 3  <0.19999999999999998>, 5  <0.19999999999999998>}
x[5,3]{0  <0.16666666666666666>, 1  <0.16666666666666666>, 6  <0.16666666666666666>, 3  <0.16666666666666666>, 4  <0.16666666666666666>, 5  <0.16666666666666666>}
x[5,4]{0  <0.25>, 5  <0.25>, 6  <0.25>, 3  <0.25>}
x[5,5]{5  <0.5454545454545455>, 1  <0.18181818181818182>, 2  <0.27272727272727276>}
x[5,6]{7  <1.0>}
x[5,7]{6  <0.3333333333333333>, 4  <0.3333333333333333>, 3  <0.3333333333333333>}
x[6,0]{3  <0.5>, 2  <0.5>}
x[6,1]{0  <1.0>}
x[6,2]{4  <1.0>}
x[6,3]{3  <0.5>, 5  <0.5>}
x[6,4]{1  <1.0>}
x[6,5]{2  <0.5>, 5  <0.5>}
x[6,6]{6  <1.0>}
x[6,7]{7  <1.0>}
x[7,0]{1  <1.0>}
x[7,1]{7  <1.0>}
x[7,2]{6  <1.0>}
x[7,3]{2  <1.0>}
x[7,4]{4  <1.0>}
x[7,5]{3  <1.0>}
x[7,6]{0  <1.0>}
x[7,7]{5  <1.0>}
problem entropy = 0.0
smallest variable entropy = 1.7976931348623157E308
### branching on x[0,7]=4
##### after BP iteration 1 #####
x[0,0]{7  <1.0>}
x[0,1]{3  <0.3333333333333333>, 1  <0.3333333333333333>, 5  <0.3333333333333333>}
x[0,2]{0  <0.25>, 1  <0.25>, 5  <0.25>, 3  <0.25>}
x[0,3]{0  <0.25>, 1  <0.25>, 5  <0.25>, 3  <0.25>}
x[0,4]{0  <0.3333333333333333>, 3  <0.3333333333333333>, 5  <0.3333333333333333>}
x[0,5]{6  <1.0>}
x[0,6]{2  <1.0>}
x[0,7]{4  <1.0>}
x[1,0]{4  <0.5>, 3  <0.5>}
x[1,1]{6  <0.29166666666666663>, 1  <0.08333333333333333>, 5  <0.25>, 3  <0.16666666666666666>, 4  <0.20833333333333331>}
x[1,2]{5  <0.25>, 1  <0.25>, 7  <0.25>, 3  <0.25>}
x[1,3]{6  <0.16666666666666666>, 1  <0.16666666666666666>, 7  <0.16666666666666666>, 3  <0.16666666666666666>, 4  <0.16666666666666666>, 5  <0.16666666666666666>}
x[1,4]{2  <1.0>}
x[1,5]{5  <0.3333333333333333>, 1  <0.3333333333333333>, 7  <0.3333333333333333>}
x[1,6]{3  <0.3333333333333333>, 5  <0.3333333333333333>, 4  <0.3333333333333333>}
x[1,7]{0  <1.0>}
x[2,0]{6  <1.0>}
x[2,1]{5  <0.25>, 1  <0.25>, 4  <0.25>, 3  <0.25>}
x[2,2]{0  <0.04761904761904762>, 1  <0.09523809523809525>, 7  <0.380952380952381>, 3  <0.1904761904761905>, 5  <0.2857142857142857>}
x[2,3]{0  <0.16666666666666663>, 1  <0.16666666666666663>, 7  <0.16666666666666663>, 3  <0.16666666666666663>, 4  <0.16666666666666663>, 5  <0.16666666666666663>}
x[2,4]{0  <0.3333333333333333>, 3  <0.3333333333333333>, 5  <0.3333333333333333>}
x[2,5]{5  <0.3333333333333333>, 1  <0.3333333333333333>, 7  <0.3333333333333333>}
x[2,6]{3  <0.3333333333333333>, 5  <0.3333333333333333>, 4  <0.3333333333333333>}
x[2,7]{2  <1.0>}
x[3,0]{5  <1.0>}
x[3,1]{2  <0.5>, 4  <0.5>}
x[3,2]{2  <0.5>, 7  <0.5>}
x[3,3]{4  <0.38461538461538464>, 7  <0.6153846153846154>}
x[3,4]{6  <0.5>, 3  <0.5>}
x[3,5]{0  <1.0>}
x[3,6]{1  <1.0>}
x[3,7]{6  <0.5>, 3  <0.5>}
x[4,0]{0  <1.0>}
x[4,1]{6  <0.25>, 5  <0.25>, 2  <0.25>, 3  <0.25>}
x[4,2]{3  <0.3333333333333333>, 5  <0.3333333333333333>, 2  <0.3333333333333333>}
x[4,3]{6  <0.3333333333333333>, 5  <0.3333333333333333>, 3  <0.3333333333333333>}
x[4,4]{7  <1.0>}
x[4,5]{4  <1.0>}
x[4,6]{3  <0.5>, 5  <0.5>}
x[4,7]{1  <1.0>}
x[5,0]{4  <0.3333333333333333>, 3  <0.3333333333333333>, 2  <0.3333333333333333>}
x[5,1]{6  <0.16666666666666666>, 1  <0.16666666666666666>, 2  <0.16666666666666666>, 3  <0.16666666666666666>, 4  <0.16666666666666666>, 5  <0.16666666666666666>}
x[5,2]{0  <0.2>, 1  <0.2>, 2  <0.2>, 3  <0.2>, 5  <0.2>}
x[5,3]{0  <0.16666666666666666>, 1  <0.16666666666666666>, 6  <0.16666666666666666>, 3  <0.16666666666666666>, 4  <0.16666666666666666>, 5  <0.16666666666666666>}
x[5,4]{0  <0.25>, 5  <0.25>, 6  <0.25>, 3  <0.25>}
x[5,5]{5  <0.5454545454545455>, 1  <0.18181818181818182>, 2  <0.27272727272727276>}
x[5,6]{7  <1.0>}
x[5,7]{6  <0.5>, 3  <0.5>}
x[6,0]{3  <0.5>, 2  <0.5>}
x[6,1]{0  <1.0>}
x[6,2]{4  <1.0>}
x[6,3]{3  <0.5>, 5  <0.5>}
x[6,4]{1  <1.0>}
x[6,5]{2  <0.5>, 5  <0.5>}
x[6,6]{6  <1.0>}
x[6,7]{7  <1.0>}
x[7,0]{1  <1.0>}
x[7,1]{7  <1.0>}
x[7,2]{6  <1.0>}
x[7,3]{2  <1.0>}
x[7,4]{4  <1.0>}
x[7,5]{3  <1.0>}
x[7,6]{0  <1.0>}
x[7,7]{5  <1.0>}
problem entropy = 0.0
smallest variable entropy = 1.7976931348623157E308
### branching on x[1,0]=4
##### after BP iteration 1 #####
x[0,0]{7  <1.0>}
x[0,1]{3  <0.3333333333333333>, 1  <0.3333333333333333>, 5  <0.3333333333333333>}
x[0,2]{0  <0.25>, 1  <0.25>, 5  <0.25>, 3  <0.25>}
x[0,3]{0  <0.25>, 1  <0.25>, 5  <0.25>, 3  <0.25>}
x[0,4]{0  <0.3333333333333333>, 3  <0.3333333333333333>, 5  <0.3333333333333333>}
x[0,5]{6  <1.0>}
x[0,6]{2  <1.0>}
x[0,7]{4  <1.0>}
x[1,0]{4  <1.0>}
x[1,1]{6  <0.3684210526315789>, 1  <0.10526315789473684>, 5  <0.3157894736842105>, 3  <0.21052631578947367>}
x[1,2]{5  <0.25>, 1  <0.25>, 7  <0.25>, 3  <0.25>}
x[1,3]{6  <0.2>, 1  <0.2>, 7  <0.2>, 3  <0.2>, 5  <0.2>}
x[1,4]{2  <1.0>}
x[1,5]{5  <0.3333333333333333>, 1  <0.3333333333333333>, 7  <0.3333333333333333>}
x[1,6]{3  <0.5>, 5  <0.5>}
x[1,7]{0  <1.0>}
x[2,0]{6  <1.0>}
x[2,1]{5  <0.3333333333333333>, 1  <0.3333333333333333>, 3  <0.3333333333333333>}
x[2,2]{0  <0.04761904761904762>, 1  <0.09523809523809525>, 7  <0.380952380952381>, 3  <0.1904761904761905>, 5  <0.2857142857142857>}
x[2,3]{0  <0.19999999999999998>, 1  <0.19999999999999998>, 7  <0.19999999999999998>, 3  <0.19999999999999998>, 5  <0.19999999999999998>}
x[2,4]{0  <0.3333333333333333>, 3  <0.3333333333333333>, 5  <0.3333333333333333>}
x[2,5]{5  <0.3333333333333333>, 1  <0.3333333333333333>, 7  <0.3333333333333333>}
x[2,6]{4  <1.0>}
x[2,7]{2  <1.0>}
x[3,0]{5  <1.0>}
x[3,1]{2  <0.5>, 4  <0.5>}
x[3,2]{2  <0.5>, 7  <0.5>}
x[3,3]{4  <0.38461538461538464>, 7  <0.6153846153846154>}
x[3,4]{6  <0.5>, 3  <0.5>}
x[3,5]{0  <1.0>}
x[3,6]{1  <1.0>}
x[3,7]{6  <0.5>, 3  <0.5>}
x[4,0]{0  <1.0>}
x[4,1]{6  <0.25>, 5  <0.25>, 2  <0.25>, 3  <0.25>}
x[4,2]{3  <0.3333333333333333>, 5  <0.3333333333333333>, 2  <0.3333333333333333>}
x[4,3]{6  <0.3333333333333333>, 5  <0.3333333333333333>, 3  <0.3333333333333333>}
x[4,4]{7  <1.0>}
x[4,5]{4  <1.0>}
x[4,6]{3  <0.5>, 5  <0.5>}
x[4,7]{1  <1.0>}
x[5,0]{2  <0.5>, 3  <0.5>}
x[5,1]{6  <0.16666666666666666>, 1  <0.16666666666666666>, 2  <0.16666666666666666>, 3  <0.16666666666666666>, 4  <0.16666666666666666>, 5  <0.16666666666666666>}
x[5,2]{0  <0.19999999999999998>, 1  <0.19999999999999998>, 2  <0.19999999999999998>, 3  <0.19999999999999998>, 5  <0.19999999999999998>}
x[5,3]{0  <0.16666666666666666>, 1  <0.16666666666666666>, 6  <0.16666666666666666>, 3  <0.16666666666666666>, 4  <0.16666666666666666>, 5  <0.16666666666666666>}
x[5,4]{0  <0.25>, 5  <0.25>, 6  <0.25>, 3  <0.25>}
x[5,5]{5  <0.5454545454545455>, 1  <0.18181818181818185>, 2  <0.27272727272727276>}
x[5,6]{7  <1.0>}
x[5,7]{6  <0.5>, 3  <0.5>}
x[6,0]{3  <0.5>, 2  <0.5>}
x[6,1]{0  <1.0>}
x[6,2]{4  <1.0>}
x[6,3]{3  <0.5>, 5  <0.5>}
x[6,4]{1  <1.0>}
x[6,5]{2  <0.5>, 5  <0.5>}
x[6,6]{6  <1.0>}
x[6,7]{7  <1.0>}
x[7,0]{1  <1.0>}
x[7,1]{7  <1.0>}
x[7,2]{6  <1.0>}
x[7,3]{2  <1.0>}
x[7,4]{4  <1.0>}
x[7,5]{3  <1.0>}
x[7,6]{0  <1.0>}
x[7,7]{5  <1.0>}
problem entropy = 0.0
smallest variable entropy = 1.7976931348623157E308
### branching on x[1,6]=5
##### after BP iteration 1 #####
x[0,0]{7  <1.0>}
x[0,1]{3  <0.3333333333333333>, 1  <0.3333333333333333>, 5  <0.3333333333333333>}
x[0,2]{0  <0.25>, 1  <0.25>, 5  <0.25>, 3  <0.25>}
x[0,3]{0  <0.25>, 1  <0.25>, 5  <0.25>, 3  <0.25>}
x[0,4]{0  <0.3333333333333333>, 3  <0.3333333333333333>, 5  <0.3333333333333333>}
x[0,5]{6  <1.0>}
x[0,6]{2  <1.0>}
x[0,7]{4  <1.0>}
x[1,0]{4  <1.0>}
x[1,1]{6  <0.5384615384615384>, 1  <0.15384615384615385>, 3  <0.3076923076923077>}
x[1,2]{3  <0.3333333333333333>, 1  <0.3333333333333333>, 7  <0.3333333333333333>}
x[1,3]{6  <0.25>, 1  <0.25>, 7  <0.25>, 3  <0.25>}
x[1,4]{2  <1.0>}
x[1,5]{7  <0.5>, 1  <0.5>}
x[1,6]{5  <1.0>}
x[1,7]{0  <1.0>}
x[2,0]{6  <1.0>}
x[2,1]{5  <0.3333333333333333>, 1  <0.3333333333333333>, 3  <0.3333333333333333>}
x[2,2]{0  <0.04761904761904762>, 1  <0.09523809523809525>, 7  <0.380952380952381>, 3  <0.1904761904761905>, 5  <0.2857142857142857>}
x[2,3]{0  <0.2>, 1  <0.2>, 7  <0.2>, 3  <0.2>, 5  <0.2>}
x[2,4]{0  <0.3333333333333333>, 3  <0.3333333333333333>, 5  <0.3333333333333333>}
x[2,5]{5  <0.3333333333333333>, 1  <0.3333333333333333>, 7  <0.3333333333333333>}
x[2,6]{4  <1.0>}
x[2,7]{2  <1.0>}
x[3,0]{5  <1.0>}
x[3,1]{2  <0.5>, 4  <0.5>}
x[3,2]{2  <0.5>, 7  <0.5>}
x[3,3]{4  <0.38461538461538464>, 7  <0.6153846153846154>}
x[3,4]{6  <0.5>, 3  <0.5>}
x[3,5]{0  <1.0>}
x[3,6]{1  <1.0>}
x[3,7]{6  <0.5>, 3  <0.5>}
x[4,0]{0  <1.0>}
x[4,1]{6  <0.3333333333333333>, 5  <0.3333333333333333>, 2  <0.3333333333333333>}
x[4,2]{2  <0.5>, 5  <0.5>}
x[4,3]{6  <0.5>, 5  <0.5>}
x[4,4]{7  <1.0>}
x[4,5]{4  <1.0>}
x[4,6]{3  <1.0>}
x[4,7]{1  <1.0>}
x[5,0]{2  <0.5>, 3  <0.5>}
x[5,1]{6  <0.16666666666666666>, 1  <0.16666666666666666>, 2  <0.16666666666666666>, 3  <0.16666666666666666>, 4  <0.16666666666666666>, 5  <0.16666666666666666>}
x[5,2]{0  <0.19999999999999998>, 1  <0.19999999999999998>, 2  <0.19999999999999998>, 3  <0.19999999999999998>, 5  <0.19999999999999998>}
x[5,3]{0  <0.16666666666666666>, 1  <0.16666666666666666>, 6  <0.16666666666666666>, 3  <0.16666666666666666>, 4  <0.16666666666666666>, 5  <0.16666666666666666>}
x[5,4]{0  <0.25>, 5  <0.25>, 6  <0.25>, 3  <0.25>}
x[5,5]{5  <0.5454545454545455>, 1  <0.18181818181818185>, 2  <0.27272727272727276>}
x[5,6]{7  <1.0>}
x[5,7]{6  <0.5>, 3  <0.5>}
x[6,0]{3  <0.5>, 2  <0.5>}
x[6,1]{0  <1.0>}
x[6,2]{4  <1.0>}
x[6,3]{3  <0.5>, 5  <0.5>}
x[6,4]{1  <1.0>}
x[6,5]{2  <0.5>, 5  <0.5>}
x[6,6]{6  <1.0>}
x[6,7]{7  <1.0>}
x[7,0]{1  <1.0>}
x[7,1]{7  <1.0>}
x[7,2]{6  <1.0>}
x[7,3]{2  <1.0>}
x[7,4]{4  <1.0>}
x[7,5]{3  <1.0>}
x[7,6]{0  <1.0>}
x[7,7]{5  <1.0>}
problem entropy = 0.0
smallest variable entropy = 1.7976931348623157E308
### branching on x[1,5]=1
##### after BP iteration 1 #####
x[0,0]{7  <1.0>}
x[0,1]{3  <0.3333333333333333>, 1  <0.3333333333333333>, 5  <0.3333333333333333>}
x[0,2]{0  <0.25>, 1  <0.25>, 5  <0.25>, 3  <0.25>}
x[0,3]{0  <0.25>, 1  <0.25>, 5  <0.25>, 3  <0.25>}
x[0,4]{0  <0.3333333333333333>, 3  <0.3333333333333333>, 5  <0.3333333333333333>}
x[0,5]{6  <1.0>}
x[0,6]{2  <1.0>}
x[0,7]{4  <1.0>}
x[1,0]{4  <1.0>}
x[1,1]{6  <0.6363636363636364>, 3  <0.36363636363636365>}
x[1,2]{3  <0.5>, 7  <0.5>}
x[1,3]{6  <0.3333333333333333>, 3  <0.3333333333333333>, 7  <0.3333333333333333>}
x[1,4]{2  <1.0>}
x[1,5]{1  <1.0>}
x[1,6]{5  <1.0>}
x[1,7]{0  <1.0>}
x[2,0]{6  <1.0>}
x[2,1]{5  <0.3333333333333333>, 1  <0.3333333333333333>, 3  <0.3333333333333333>}
x[2,2]{0  <0.07692307692307693>, 1  <0.15384615384615385>, 5  <0.46153846153846156>, 3  <0.3076923076923077>}
x[2,3]{0  <0.25>, 1  <0.25>, 5  <0.25>, 3  <0.25>}
x[2,4]{0  <0.3333333333333333>, 3  <0.3333333333333333>, 5  <0.3333333333333333>}
x[2,5]{7  <1.0>}
x[2,6]{4  <1.0>}
x[2,7]{2  <1.0>}
x[3,0]{5  <1.0>}
x[3,1]{2  <0.5>, 4  <0.5>}
x[3,2]{2  <0.5>, 7  <0.5>}
x[3,3]{4  <0.38461538461538464>, 7  <0.6153846153846154>}
x[3,4]{6  <0.5>, 3  <0.5>}
x[3,5]{0  <1.0>}
x[3,6]{1  <1.0>}
x[3,7]{6  <0.5>, 3  <0.5>}
x[4,0]{0  <1.0>}
x[4,1]{6  <0.33333333333333337>, 5  <0.33333333333333337>, 2  <0.33333333333333337>}
x[4,2]{2  <0.5>, 5  <0.5>}
x[4,3]{6  <0.5>, 5  <0.5>}
x[4,4]{7  <1.0>}
x[4,5]{4  <1.0>}
x[4,6]{3  <1.0>}
x[4,7]{1  <1.0>}
x[5,0]{2  <0.5>, 3  <0.5>}
x[5,1]{6  <0.16666666666666666>, 1  <0.16666666666666666>, 2  <0.16666666666666666>, 3  <0.16666666666666666>, 4  <0.16666666666666666>, 5  <0.16666666666666666>}
x[5,2]{0  <0.2>, 1  <0.2>, 2  <0.2>, 3  <0.2>, 5  <0.2>}
x[5,3]{0  <0.16666666666666666>, 1  <0.16666666666666666>, 6  <0.16666666666666666>, 3  <0.16666666666666666>, 4  <0.16666666666666666>, 5  <0.16666666666666666>}
x[5,4]{0  <0.25>, 5  <0.25>, 6  <0.25>, 3  <0.25>}
x[5,5]{5  <0.6666666666666666>, 2  <0.3333333333333333>}
x[5,6]{7  <1.0>}
x[5,7]{6  <0.5>, 3  <0.5>}
x[6,0]{3  <0.5>, 2  <0.5>}
x[6,1]{0  <1.0>}
x[6,2]{4  <1.0>}
x[6,3]{3  <0.5>, 5  <0.5>}
x[6,4]{1  <1.0>}
x[6,5]{2  <0.5>, 5  <0.5>}
x[6,6]{6  <1.0>}
x[6,7]{7  <1.0>}
x[7,0]{1  <1.0>}
x[7,1]{7  <1.0>}
x[7,2]{6  <1.0>}
x[7,3]{2  <1.0>}
x[7,4]{4  <1.0>}
x[7,5]{3  <1.0>}
x[7,6]{0  <1.0>}
x[7,7]{5  <1.0>}
problem entropy = 0.0
smallest variable entropy = 1.7976931348623157E308
### branching on x[1,1]=6
### branching on x[1,2]=7
##### after BP iteration 1 #####
x[0,0]{7  <1.0>}
x[0,1]{3  <0.3333333333333333>, 1  <0.3333333333333333>, 5  <0.3333333333333333>}
x[0,2]{0  <0.3333333333333333>, 1  <0.3333333333333333>, 3  <0.3333333333333333>}
x[0,3]{0  <0.5>, 1  <0.5>}
x[0,4]{0  <0.3333333333333333>, 3  <0.3333333333333333>, 5  <0.3333333333333333>}
x[0,5]{6  <1.0>}
x[0,6]{2  <1.0>}
x[0,7]{4  <1.0>}
x[1,0]{4  <1.0>}
x[1,1]{6  <1.0>}
x[1,2]{7  <1.0>}
x[1,3]{3  <1.0>}
x[1,4]{2  <1.0>}
x[1,5]{1  <1.0>}
x[1,6]{5  <1.0>}
x[1,7]{0  <1.0>}
x[2,0]{6  <1.0>}
x[2,1]{5  <0.33333333333333337>, 1  <0.33333333333333337>, 3  <0.33333333333333337>}
x[2,2]{0  <0.14285714285714285>, 1  <0.2857142857142857>, 3  <0.5714285714285714>}
x[2,3]{0  <0.5>, 1  <0.5>}
x[2,4]{0  <0.3333333333333333>, 3  <0.3333333333333333>, 5  <0.3333333333333333>}
x[2,5]{7  <1.0>}
x[2,6]{4  <1.0>}
x[2,7]{2  <1.0>}
x[3,0]{5  <1.0>}
x[3,1]{4  <1.0>}
x[3,2]{2  <1.0>}
x[3,3]{7  <1.0>}
x[3,4]{6  <0.5>, 3  <0.5>}
x[3,5]{0  <1.0>}
x[3,6]{1  <1.0>}
x[3,7]{6  <0.5>, 3  <0.5>}
x[4,0]{0  <1.0>}
x[4,1]{2  <1.0>}
x[4,2]{5  <1.0>}
x[4,3]{6  <1.0>}
x[4,4]{7  <1.0>}
x[4,5]{4  <1.0>}
x[4,6]{3  <1.0>}
x[4,7]{1  <1.0>}
x[5,0]{2  <1.0>}
x[5,1]{3  <0.5>, 1  <0.5>}
x[5,2]{0  <0.3333333333333333>, 1  <0.3333333333333333>, 3  <0.3333333333333333>}
x[5,3]{4  <1.0>}
x[5,4]{0  <0.3333333333333333>, 3  <0.3333333333333333>, 6  <0.3333333333333333>}
x[5,5]{5  <1.0>}
x[5,6]{7  <1.0>}
x[5,7]{6  <0.5>, 3  <0.5>}
x[6,0]{3  <1.0>}
x[6,1]{0  <1.0>}
x[6,2]{4  <1.0>}
x[6,3]{5  <1.0>}
x[6,4]{1  <1.0>}
x[6,5]{2  <1.0>}
x[6,6]{6  <1.0>}
x[6,7]{7  <1.0>}
x[7,0]{1  <1.0>}
x[7,1]{7  <1.0>}
x[7,2]{6  <1.0>}
x[7,3]{2  <1.0>}
x[7,4]{4  <1.0>}
x[7,5]{3  <1.0>}
x[7,6]{0  <1.0>}
x[7,7]{5  <1.0>}
problem entropy = 0.0
smallest variable entropy = 1.7976931348623157E308
### branching on x[0,3]=0
##### after BP iteration 1 #####
x[0,0]{7  <1.0>}
x[0,1]{3  <0.33333333333333337>, 1  <0.33333333333333337>, 5  <0.33333333333333337>}
x[0,2]{3  <0.5>, 1  <0.5>}
x[0,3]{0  <1.0>}
x[0,4]{5  <0.5>, 3  <0.5>}
x[0,5]{6  <1.0>}
x[0,6]{2  <1.0>}
x[0,7]{4  <1.0>}
x[1,0]{4  <1.0>}
x[1,1]{6  <1.0>}
x[1,2]{7  <1.0>}
x[1,3]{3  <1.0>}
x[1,4]{2  <1.0>}
x[1,5]{1  <1.0>}
x[1,6]{5  <1.0>}
x[1,7]{0  <1.0>}
x[2,0]{6  <1.0>}
x[2,1]{5  <0.5>, 3  <0.5>}
x[2,2]{0  <0.2>, 3  <0.8>}
x[2,3]{1  <1.0>}
x[2,4]{0  <0.33333333333333337>, 3  <0.33333333333333337>, 5  <0.33333333333333337>}
x[2,5]{7  <1.0>}
x[2,6]{4  <1.0>}
x[2,7]{2  <1.0>}
x[3,0]{5  <1.0>}
x[3,1]{4  <1.0>}
x[3,2]{2  <1.0>}
x[3,3]{7  <1.0>}
x[3,4]{6  <0.5>, 3  <0.5>}
x[3,5]{0  <1.0>}
x[3,6]{1  <1.0>}
x[3,7]{6  <0.5>, 3  <0.5>}
x[4,0]{0  <1.0>}
x[4,1]{2  <1.0>}
x[4,2]{5  <1.0>}
x[4,3]{6  <1.0>}
x[4,4]{7  <1.0>}
x[4,5]{4  <1.0>}
x[4,6]{3  <1.0>}
x[4,7]{1  <1.0>}
x[5,0]{2  <1.0>}
x[5,1]{3  <0.5>, 1  <0.5>}
x[5,2]{0  <0.3333333333333333>, 1  <0.3333333333333333>, 3  <0.3333333333333333>}
x[5,3]{4  <1.0>}
x[5,4]{0  <0.3333333333333333>, 3  <0.3333333333333333>, 6  <0.3333333333333333>}
x[5,5]{5  <1.0>}
x[5,6]{7  <1.0>}
x[5,7]{6  <0.5>, 3  <0.5>}
x[6,0]{3  <1.0>}
x[6,1]{0  <1.0>}
x[6,2]{4  <1.0>}
x[6,3]{5  <1.0>}
x[6,4]{1  <1.0>}
x[6,5]{2  <1.0>}
x[6,6]{6  <1.0>}
x[6,7]{7  <1.0>}
x[7,0]{1  <1.0>}
x[7,1]{7  <1.0>}
x[7,2]{6  <1.0>}
x[7,3]{2  <1.0>}
x[7,4]{4  <1.0>}
x[7,5]{3  <1.0>}
x[7,6]{0  <1.0>}
x[7,7]{5  <1.0>}
problem entropy = 0.0
smallest variable entropy = 1.7976931348623157E308
### branching on x[0,2]=1
### branching on x[0,1]=5
##### after BP iteration 1 #####
x[0,0]{7  <1.0>}
x[0,1]{5  <1.0>}
x[0,2]{1  <1.0>}
x[0,3]{0  <1.0>}
x[0,4]{3  <1.0>}
x[0,5]{6  <1.0>}
x[0,6]{2  <1.0>}
x[0,7]{4  <1.0>}
x[1,0]{4  <1.0>}
x[1,1]{6  <1.0>}
x[1,2]{7  <1.0>}
x[1,3]{3  <1.0>}
x[1,4]{2  <1.0>}
x[1,5]{1  <1.0>}
x[1,6]{5  <1.0>}
x[1,7]{0  <1.0>}
x[2,0]{6  <1.0>}
x[2,1]{3  <1.0>}
x[2,2]{0  <1.0>}
x[2,3]{1  <1.0>}
x[2,4]{5  <1.0>}
x[2,5]{7  <1.0>}
x[2,6]{4  <1.0>}
x[2,7]{2  <1.0>}
x[3,0]{5  <1.0>}
x[3,1]{4  <1.0>}
x[3,2]{2  <1.0>}
x[3,3]{7  <1.0>}
x[3,4]{6  <1.0>}
x[3,5]{0  <1.0>}
x[3,6]{1  <1.0>}
x[3,7]{3  <1.0>}
x[4,0]{0  <1.0>}
x[4,1]{2  <1.0>}
x[4,2]{5  <1.0>}
x[4,3]{6  <1.0>}
x[4,4]{7  <1.0>}
x[4,5]{4  <1.0>}
x[4,6]{3  <1.0>}
x[4,7]{1  <1.0>}
x[5,0]{2  <1.0>}
x[5,1]{1  <1.0>}
x[5,2]{3  <1.0>}
x[5,3]{4  <1.0>}
x[5,4]{0  <1.0>}
x[5,5]{5  <1.0>}
x[5,6]{7  <1.0>}
x[5,7]{6  <1.0>}
x[6,0]{3  <1.0>}
x[6,1]{0  <1.0>}
x[6,2]{4  <1.0>}
x[6,3]{5  <1.0>}
x[6,4]{1  <1.0>}
x[6,5]{2  <1.0>}
x[6,6]{6  <1.0>}
x[6,7]{7  <1.0>}
x[7,0]{1  <1.0>}
x[7,1]{7  <1.0>}
x[7,2]{6  <1.0>}
x[7,3]{2  <1.0>}
x[7,4]{4  <1.0>}
x[7,5]{3  <1.0>}
x[7,6]{0  <1.0>}
x[7,7]{5  <1.0>}
problem entropy = 0.0
smallest variable entropy = 1.7976931348623157E308
### branching on x[0,1]!=5
##### after BP iteration 1 #####
x[0,0]{7  <1.0>}
x[0,1]{3  <1.0>}
x[0,2]{1  <1.0>}
x[0,3]{0  <1.0>}
x[0,4]{5  <1.0>}
x[0,5]{6  <1.0>}
x[0,6]{2  <1.0>}
x[0,7]{4  <1.0>}
x[1,0]{4  <1.0>}
x[1,1]{6  <1.0>}
x[1,2]{7  <1.0>}
x[1,3]{3  <1.0>}
x[1,4]{2  <1.0>}
x[1,5]{1  <1.0>}
x[1,6]{5  <1.0>}
x[1,7]{0  <1.0>}
x[2,0]{6  <1.0>}
x[2,1]{5  <1.0>}
x[2,2]{0  <0.2>, 3  <0.8>}
x[2,3]{1  <1.0>}
x[2,4]{0  <0.5>, 3  <0.5>}
x[2,5]{7  <1.0>}
x[2,6]{4  <1.0>}
x[2,7]{2  <1.0>}
x[3,0]{5  <1.0>}
x[3,1]{4  <1.0>}
x[3,2]{2  <1.0>}
x[3,3]{7  <1.0>}
x[3,4]{6  <0.5>, 3  <0.5>}
x[3,5]{0  <1.0>}
x[3,6]{1  <1.0>}
x[3,7]{3  <0.5>, 6  <0.5>}
x[4,0]{0  <1.0>}
x[4,1]{2  <1.0>}
x[4,2]{5  <1.0>}
x[4,3]{6  <1.0>}
x[4,4]{7  <1.0>}
x[4,5]{4  <1.0>}
x[4,6]{3  <1.0>}
x[4,7]{1  <1.0>}
x[5,0]{2  <1.0>}
x[5,1]{1  <1.0>}
x[5,2]{3  <0.5>, 0  <0.5>}
x[5,3]{4  <1.0>}
x[5,4]{0  <0.3333333333333333>, 6  <0.3333333333333333>, 3  <0.3333333333333333>}
x[5,5]{5  <1.0>}
x[5,6]{7  <1.0>}
x[5,7]{6  <0.5>, 3  <0.5>}
x[6,0]{3  <1.0>}
x[6,1]{0  <1.0>}
x[6,2]{4  <1.0>}
x[6,3]{5  <1.0>}
x[6,4]{1  <1.0>}
x[6,5]{2  <1.0>}
x[6,6]{6  <1.0>}
x[6,7]{7  <1.0>}
x[7,0]{1  <1.0>}
x[7,1]{7  <1.0>}
x[7,2]{6  <1.0>}
x[7,3]{2  <1.0>}
x[7,4]{4  <1.0>}
x[7,5]{3  <1.0>}
x[7,6]{0  <1.0>}
x[7,7]{5  <1.0>}
problem entropy = 0.0
smallest variable entropy = 1.7976931348623157E308

	#choice: 10
	#fail: 0
	execution time (ms): 94
	#sols : 1
	completed : false

