{0  <1.0>, 5  <1.0>, 7  <1.0>}
model: sum-product-no-init
FINAL DAMPING FACTOR = 1.0
##### after BP iteration 1 #####
x[0,0]{0  <0.28112449799196787>, 5  <0.30923694779116473>, 7  <0.4096385542168674>}
x[0,1]{0  <0.37972876516773735>, 7  <0.6202712348322627>}
x[0,2]{0  <0.1409395973154362>, 5  <0.5234899328859061>, 6  <0.1946308724832215>, 7  <0.1409395973154362>}
x[0,3]{3  <1.0>}
x[0,4]{4  <1.0>}
x[0,5]{1  <1.0>}
x[0,6]{0  <0.04168699277129805>, 5  <0.09046964388664683>, 2  <0.19996452170827975>, 7  <0.045234821943323414>, 6  <0.6226440196904519>}
x[0,7]{0  <0.030459000211520846>, 5  <0.06091800042304169>, 2  <0.279136994994007>, 6  <0.6294860043714305>}
x[1,0]{0  <0.5951611861231346>, 7  <0.25754247690419274>, 5  <0.14729633697267266>}
x[1,1]{1  <1.0>}
x[1,2]{0  <0.17235188509874327>, 7  <0.10341113105924596>, 5  <0.2843806104129264>, 3  <0.3824057450628366>, 6  <0.05745062836624775>}
x[1,3]{6  <0.29368029739776963>, 7  <0.16960966542750924>, 4  <0.5367100371747211>}
x[1,4]{2  <1.0>}
x[1,5]{4  <0.18324607329842935>, 7  <0.5142524723676557>, 5  <0.30250145433391495>}
x[1,6]{0  <0.2112043139604554>, 7  <0.20760934691431995>, 5  <0.19143199520671061>, 3  <0.3103654883163571>, 6  <0.079388855602157>}
x[1,7]{0  <0.18684926367132543>, 5  <0.12156458118375392>, 4  <0.44648719632304656>, 6  <0.2450989588218741>}
x[2,0]{2  <1.0>}
x[2,1]{6  <1.0>}
x[2,2]{4  <1.0>}
x[2,3]{7  <0.5576338400528752>, 1  <0.44236615994712475>}
x[2,4]{0  <0.3252918287937744>, 1  <0.11439688715953308>, 7  <0.2941634241245135>, 5  <0.26614785992217893>}
x[2,5]{3  <1.0>}
x[2,6]{0  <0.22410546139359705>, 1  <0.11844583209436019>, 7  <0.4014272970561999>, 5  <0.25602140945584295>}
x[2,7]{0  <0.42294573142145847>, 5  <0.5770542685785416>}
x[3,0]{4  <1.0>}
x[3,1]{2  <1.0>}
x[3,2]{5  <0.539877300613497>, 3  <0.16564417177914098>, 7  <0.29447852760736193>}
x[3,3]{0  <1.0>}
x[3,4]{5  <0.43749999999999994>, 7  <0.5625000000000001>}
x[3,5]{6  <1.0>}
x[3,6]{5  <0.3070934256055364>, 3  <0.19333910034602073>, 7  <0.49956747404844287>}
x[3,7]{1  <1.0>}
x[4,0]{1  <1.0>}
x[4,1]{5  <1.0>}
x[4,2]{7  <0.8923076923076922>, 6  <0.10769230769230768>}
x[4,3]{2  <1.0>}
x[4,4]{7  <0.11764705882352938>, 6  <0.8823529411764706>}
x[4,5]{0  <1.0>}
x[4,6]{4  <1.0>}
x[4,7]{3  <1.0>}
x[5,0]{0  <0.26318346435827217>, 7  <0.3880840915113506>, 5  <0.3487324441303772>}
x[5,1]{0  <0.6574923547400612>, 7  <0.34250764525993876>}
x[5,2]{1  <1.0>}
x[5,3]{6  <0.4274809160305345>, 7  <0.0715648854961832>, 4  <0.5009541984732824>}
x[5,4]{3  <1.0>}
x[5,5]{4  <0.290167865707434>, 7  <0.23661071143085538>, 5  <0.4732214228617106>}
x[5,6]{0  <0.06147107060557617>, 7  <0.06670265108264647>, 2  <0.3813656085864355>, 6  <0.3570553675600489>, 5  <0.13340530216529295>}
x[5,7]{0  <0.046253914719344744>, 5  <0.09250782943868949>, 2  <0.16571642709922646>, 6  <0.3717444257073262>, 4  <0.3237774030354132>}
x[6,0]{3  <1.0>}
x[6,1]{4  <1.0>}
x[6,2]{0  <0.7984496124031008>, 6  <0.20155038759689933>}
x[6,3]{5  <1.0>}
x[6,4]{0  <0.16483516483516486>, 1  <0.6043956043956044>, 6  <0.23076923076923075>}
x[6,5]{2  <1.0>}
x[6,6]{0  <0.1887888469358118>, 1  <0.4845580404685836>, 6  <0.32665311259560453>}
x[6,7]{7  <1.0>}
x[7,0]{6  <1.0>}
x[7,1]{3  <1.0>}
x[7,2]{2  <1.0>}
x[7,3]{4  <0.13735325506937035>, 1  <0.4482457310565635>, 7  <0.4144010138740662>}
x[7,4]{0  <0.5303772660460558>, 1  <0.1756491915727584>, 7  <0.14037236648701615>, 5  <0.15360117589416952>}
x[7,5]{4  <0.17447495961227788>, 5  <0.43508346795907366>, 7  <0.39044157242864835>}
x[7,6]{0  <0.377925165811538>, 1  <0.20460518082843202>, 7  <0.21774496308346888>, 5  <0.19972469027656115>}
x[7,7]{0  <0.30229413817166784>, 5  <0.2643492672714585>, 4  <0.4333565945568736>}
problem entropy = 0.0
smallest variable entropy = 1.7976931348623157E308
### branching on x[0,1]=7
##### after BP iteration 1 #####
x[0,0]{0  <0.6264959433282089>, 5  <0.3735040566717911>}
x[0,1]{7  <1.0>}
x[0,2]{0  <0.3824140390565492>, 5  <0.336401654678087>, 6  <0.2811843062653638>}
x[0,3]{3  <1.0>}
x[0,4]{4  <1.0>}
x[0,5]{1  <1.0>}
x[0,6]{0  <0.06251545116997725>, 5  <0.06077264245740276>, 2  <0.5581465766868243>, 6  <0.31856532968579576>}
x[0,7]{0  <0.011205468634672706>, 5  <0.009317590766874584>, 2  <0.8272391557335017>, 6  <0.15223778486495096>}
x[1,0]{0  <0.5609614776392258>, 7  <0.2337671648693175>, 5  <0.2052713574914567>}
x[1,1]{1  <1.0>}
x[1,2]{0  <0.10920052070856194>, 7  <0.01671547898289022>, 5  <0.10339862821732121>, 3  <0.6941025504969321>, 6  <0.0765828215942944>}
x[1,3]{6  <0.6344850837062858>, 7  <0.038960456587778275>, 4  <0.32655445970593594>}
x[1,4]{2  <1.0>}
x[1,5]{4  <0.244173440669773>, 7  <0.4806964275209812>, 5  <0.2751301318092459>}
x[1,6]{0  <0.07381320999724622>, 7  <0.05741379915556943>, 5  <0.07571309235202152>, 3  <0.7548534036421582>, 6  <0.038206494853004695>}
x[1,7]{0  <0.12629074561201897>, 5  <0.08586069270906702>, 4  <0.36548367956614664>, 6  <0.4223648821127674>}
x[2,0]{2  <1.0>}
x[2,1]{6  <1.0>}
x[2,2]{4  <1.0>}
x[2,3]{7  <0.356018500226876>, 1  <0.6439814997731241>}
x[2,4]{0  <0.291098381513592>, 1  <0.13401818470844576>, 7  <0.2307458428614854>, 5  <0.34413759091647683>}
x[2,5]{3  <1.0>}
x[2,6]{0  <0.23592925600937042>, 1  <0.2322395921964867>, 7  <0.2993356625810295>, 5  <0.2324954892131134>}
x[2,7]{0  <0.4688721321655615>, 5  <0.5311278678344384>}
x[3,0]{4  <1.0>}
x[3,1]{2  <1.0>}
x[3,2]{5  <0.16739203213927015>, 3  <0.7833947104117844>, 7  <0.04921325744894542>}
x[3,3]{0  <1.0>}
x[3,4]{5  <0.4534463609074847>, 7  <0.5465536390925153>}
x[3,5]{6  <1.0>}
x[3,6]{5  <0.10543866800103191>, 3  <0.7491532674663366>, 7  <0.14540806453263155>}
x[3,7]{1  <1.0>}
x[4,0]{1  <1.0>}
x[4,1]{5  <1.0>}
x[4,2]{7  <0.862112844527015>, 6  <0.13788715547298497>}
x[4,3]{2  <1.0>}
x[4,4]{7  <0.06539260151744757>, 6  <0.9346073984825524>}
x[4,5]{0  <1.0>}
x[4,6]{4  <1.0>}
x[4,7]{3  <1.0>}
x[5,0]{5  <0.23954705855120417>, 7  <0.7604529414487958>}
x[5,1]{0  <1.0>}
x[5,2]{1  <1.0>}
x[5,3]{6  <0.45296701893797>, 7  <0.03438829655634238>, 4  <0.5126446845056876>}
x[5,4]{3  <1.0>}
x[5,5]{4  <0.3290297783168965>, 7  <0.2743216939867313>, 5  <0.39664852769637216>}
x[5,6]{5  <0.030936944106731142>, 7  <0.015193971979785994>, 2  <0.831325872237084>, 6  <0.12254321167639881>}
x[5,7]{4  <0.09513321015200758>, 5  <0.016089440859221586>, 2  <0.6901307046157475>, 6  <0.19864664437302323>}
x[6,0]{3  <1.0>}
x[6,1]{4  <1.0>}
x[6,2]{0  <0.46309448426651345>, 6  <0.5369055157334864>}
x[6,3]{5  <1.0>}
x[6,4]{0  <0.12087194854036476>, 1  <0.7276289441724518>, 6  <0.15149910728718335>}
x[6,5]{2  <1.0>}
x[6,6]{0  <0.11277736244301072>, 1  <0.6125924817632463>, 6  <0.27463015579374306>}
x[6,7]{7  <1.0>}
x[7,0]{6  <1.0>}
x[7,1]{3  <1.0>}
x[7,2]{2  <1.0>}
x[7,3]{4  <0.11433418774792431>, 1  <0.6668472176841223>, 7  <0.21881859456795347>}
x[7,4]{0  <0.5374655111063377>, 1  <0.1517057166352041>, 7  <0.10084207951366919>, 5  <0.20998669274478904>}
x[7,5]{4  <0.36156625791849484>, 5  <0.36123350212469163>, 7  <0.2772002399568135>}
x[7,6]{0  <0.3570051463962874>, 1  <0.2763917529279903>, 7  <0.15565122537280046>, 5  <0.21095187530292195>}
x[7,7]{0  <0.229433643260067>, 5  <0.2094339817869447>, 4  <0.5611323749529883>}
problem entropy = 0.0
smallest variable entropy = 1.7976931348623157E308
### branching on x[0,0]=5
##### after BP iteration 1 #####
x[0,0]{5  <1.0>}
x[0,1]{7  <1.0>}
x[0,2]{0  <0.7735899983767937>, 6  <0.22641000162320632>}
x[0,3]{3  <1.0>}
x[0,4]{4  <1.0>}
x[0,5]{1  <1.0>}
x[0,6]{0  <0.45595158780101697>, 6  <0.4430294595432206>, 2  <0.10101895265576252>}
x[0,7]{0  <0.23277576261760452>, 6  <0.2742765301700473>, 2  <0.4929477072123483>}
x[1,0]{0  <1.0>}
x[1,1]{1  <1.0>}
x[1,2]{3  <0.16022182693447878>, 5  <0.8397781730655213>}
x[1,3]{6  <0.6157775620769868>, 7  <0.09838893385949313>, 4  <0.2858335040635201>}
x[1,4]{2  <1.0>}
x[1,5]{4  <0.07106073188638001>, 7  <0.8387003496372998>, 5  <0.09023891847632023>}
x[1,6]{6  <0.027693854248625718>, 7  <0.34039365604809946>, 5  <0.4635172984764492>, 3  <0.16839519122682556>}
x[1,7]{6  <0.3570680393007202>, 5  <0.16248316593086304>, 4  <0.4804487947684168>}
x[2,0]{2  <1.0>}
x[2,1]{6  <1.0>}
x[2,2]{4  <1.0>}
x[2,3]{7  <0.5924636399974226>, 1  <0.4075363600025775>}
x[2,4]{0  <0.286225212459154>, 1  <0.08222787659223471>, 7  <0.2785308224249361>, 5  <0.35301608852367505>}
x[2,5]{3  <1.0>}
x[2,6]{0  <0.2059942957103652>, 1  <0.20360844474130718>, 7  <0.3964554695088711>, 5  <0.1939417900394565>}
x[2,7]{0  <0.6834417262992041>, 5  <0.3165582737007959>}
x[3,0]{4  <1.0>}
x[3,1]{2  <1.0>}
x[3,2]{5  <0.7624175731123002>, 3  <0.23758242688769982>}
x[3,3]{0  <1.0>}
x[3,4]{5  <0.2972612081360789>, 7  <0.7027387918639211>}
x[3,5]{6  <1.0>}
x[3,6]{5  <0.37230303655666824>, 3  <0.15473768484369252>, 7  <0.47295927859963927>}
x[3,7]{1  <1.0>}
x[4,0]{1  <1.0>}
x[4,1]{5  <1.0>}
x[4,2]{7  <1.0>}
x[4,3]{2  <1.0>}
x[4,4]{6  <1.0>}
x[4,5]{0  <1.0>}
x[4,6]{4  <1.0>}
x[4,7]{3  <1.0>}
x[5,0]{7  <1.0>}
x[5,1]{0  <1.0>}
x[5,2]{1  <1.0>}
x[5,3]{6  <0.4077166398389382>, 4  <0.592283360161062>}
x[5,4]{3  <1.0>}
x[5,5]{4  <0.33549191630277714>, 5  <0.6645080836972229>}
x[5,6]{5  <0.45650674867634233>, 6  <0.2790719690696871>, 2  <0.2644212822539706>}
x[5,7]{4  <0.3022883461933884>, 5  <0.369172070628745>, 2  <0.11636954237979572>, 6  <0.2121700407980708>}
x[6,0]{3  <1.0>}
x[6,1]{4  <1.0>}
x[6,2]{0  <0.19314062916522456>, 6  <0.8068593708347754>}
x[6,3]{5  <1.0>}
x[6,4]{0  <0.41588457254658795>, 1  <0.584115427453412>}
x[6,5]{2  <1.0>}
x[6,6]{0  <0.4995228673731114>, 1  <0.2956929440634887>, 6  <0.2047841885634>}
x[6,7]{7  <1.0>}
x[7,0]{6  <1.0>}
x[7,1]{3  <1.0>}
x[7,2]{2  <1.0>}
x[7,3]{4  <0.053982640013336816>, 1  <0.45531979925872657>, 7  <0.4906975607279367>}
x[7,4]{0  <0.4426828661811267>, 1  <0.0941985084656601>, 7  <0.18677856281456504>, 5  <0.2763400625386481>}
x[7,5]{4  <0.3850363557909393>, 5  <0.20956329894224335>, 7  <0.40540034526681734>}
x[7,6]{0  <0.30749247899648763>, 1  <0.1994965864539255>, 7  <0.2768058099463243>, 5  <0.2162051246032625>}
x[7,7]{0  <0.3048727190498399>, 5  <0.3739200640518839>, 4  <0.3212072168982762>}
problem entropy = 0.0
smallest variable entropy = 1.7976931348623157E308
### branching on x[0,2]=6
##### after BP iteration 1 #####
x[0,0]{5  <1.0>}
x[0,1]{7  <1.0>}
x[0,2]{6  <1.0>}
x[0,3]{3  <1.0>}
x[0,4]{4  <1.0>}
x[0,5]{1  <1.0>}
x[0,6]{0  <0.6543910735631869>, 2  <0.345608926436813>}
x[0,7]{0  <0.051942443649469185>, 2  <0.9480575563505309>}
x[1,0]{0  <1.0>}
x[1,1]{1  <1.0>}
x[1,2]{3  <0.6605166413716519>, 5  <0.33948335862834816>}
x[1,3]{6  <0.5744436302770055>, 7  <0.05357040232144384>, 4  <0.3719859674015507>}
x[1,4]{2  <1.0>}
x[1,5]{4  <0.16202291979841707>, 7  <0.7785989110884479>, 5  <0.059378169113135065>}
x[1,6]{3  <0.8860089980349181>, 7  <0.04553787209178277>, 5  <0.0684531298732992>}
x[1,7]{6  <0.7025636433821771>, 5  <0.027958689458349836>, 4  <0.2694776671594729>}
x[2,0]{2  <1.0>}
x[2,1]{6  <1.0>}
x[2,2]{4  <1.0>}
x[2,3]{7  <0.29511164726523015>, 1  <0.7048883527347698>}
x[2,4]{0  <0.3258847386170072>, 5  <0.5181703626766281>, 7  <0.15594489870636474>}
x[2,5]{3  <1.0>}
x[2,6]{0  <0.039902097163875626>, 1  <0.7577364487096119>, 7  <0.14072050042073014>, 5  <0.061640953705782334>}
x[2,7]{0  <0.7103107970691335>, 5  <0.28968920293086653>}
x[3,0]{4  <1.0>}
x[3,1]{2  <1.0>}
x[3,2]{5  <0.15472432294645985>, 3  <0.8452756770535401>}
x[3,3]{0  <1.0>}
x[3,4]{5  <0.26913556558567936>, 7  <0.7308644344143207>}
x[3,5]{6  <1.0>}
x[3,6]{5  <0.06252865262589084>, 3  <0.8481810317479848>, 7  <0.08929031562612441>}
x[3,7]{1  <1.0>}
x[4,0]{1  <1.0>}
x[4,1]{5  <1.0>}
x[4,2]{7  <1.0>}
x[4,3]{2  <1.0>}
x[4,4]{6  <1.0>}
x[4,5]{0  <1.0>}
x[4,6]{4  <1.0>}
x[4,7]{3  <1.0>}
x[5,0]{7  <1.0>}
x[5,1]{0  <1.0>}
x[5,2]{1  <1.0>}
x[5,3]{6  <0.719437943103183>, 4  <0.280562056896817>}
x[5,4]{3  <1.0>}
x[5,5]{4  <0.40817001413369414>, 5  <0.5918299858663059>}
x[5,6]{5  <0.04697450311469704>, 2  <0.953025496885303>}
x[5,7]{4  <0.22641534905099808>, 5  <0.2355858092643055>, 2  <0.11820107438654193>, 6  <0.4197977672981545>}
x[6,0]{3  <1.0>}
x[6,1]{4  <1.0>}
x[6,2]{0  <1.0>}
x[6,3]{5  <1.0>}
x[6,4]{1  <1.0>}
x[6,5]{2  <1.0>}
x[6,6]{6  <1.0>}
x[6,7]{7  <1.0>}
x[7,0]{6  <1.0>}
x[7,1]{3  <1.0>}
x[7,2]{2  <1.0>}
x[7,3]{4  <0.08842124012894313>, 1  <0.6439625761400241>, 7  <0.2676161837310328>}
x[7,4]{0  <0.5383383571929193>, 5  <0.34381974143612676>, 7  <0.11784190137095396>}
x[7,5]{4  <0.7956798762979219>, 5  <0.11697898287618855>, 7  <0.08734114082588944>}
x[7,6]{0  <0.10058350131257497>, 1  <0.6604327803808732>, 7  <0.15126692804005806>, 5  <0.08771679026649377>}
x[7,7]{0  <0.20420498570465195>, 5  <0.3101550821035787>, 4  <0.4856399321917693>}
problem entropy = 0.0
smallest variable entropy = 1.7976931348623157E308
### branching on x[0,6]=0
##### after BP iteration 1 #####
x[0,0]{5  <1.0>}
x[0,1]{7  <1.0>}
x[0,2]{6  <1.0>}
x[0,3]{3  <1.0>}
x[0,4]{4  <1.0>}
x[0,5]{1  <1.0>}
x[0,6]{0  <1.0>}
x[0,7]{2  <1.0>}
x[1,0]{0  <1.0>}
x[1,1]{1  <1.0>}
x[1,2]{3  <0.0979457200432468>, 5  <0.9020542799567532>}
x[1,3]{6  <0.08122662663555538>, 7  <0.22802187582878763>, 4  <0.690751497535657>}
x[1,4]{2  <1.0>}
x[1,5]{4  <0.07067059731981559>, 7  <0.89182833904257>, 5  <0.03750106363761452>}
x[1,6]{3  <0.29014972309939885>, 7  <0.10679005436980021>, 5  <0.6030602225308009>}
x[1,7]{6  <0.5996548277333426>, 5  <0.04510870990784475>, 4  <0.3552364623588127>}
x[2,0]{2  <1.0>}
x[2,1]{6  <1.0>}
x[2,2]{4  <1.0>}
x[2,3]{7  <0.8417982983534625>, 1  <0.15820170164653752>}
x[2,4]{0  <0.3475943205361315>, 5  <0.6094710965374275>, 7  <0.042934582926441>}
x[2,5]{3  <1.0>}
x[2,6]{5  <0.09222761745115902>, 1  <0.4415311618907033>, 7  <0.4662412206581376>}
x[2,7]{0  <0.6844030955244165>, 5  <0.31559690447558353>}
x[3,0]{4  <1.0>}
x[3,1]{2  <1.0>}
x[3,2]{5  <0.7618688009471462>, 3  <0.23813119905285388>}
x[3,3]{0  <1.0>}
x[3,4]{5  <0.23654644611116837>, 7  <0.7634535538888316>}
x[3,5]{6  <1.0>}
x[3,6]{5  <0.5442371090790573>, 3  <0.13014880119543773>, 7  <0.32561408972550493>}
x[3,7]{1  <1.0>}
x[4,0]{1  <1.0>}
x[4,1]{5  <1.0>}
x[4,2]{7  <1.0>}
x[4,3]{2  <1.0>}
x[4,4]{6  <1.0>}
x[4,5]{0  <1.0>}
x[4,6]{4  <1.0>}
x[4,7]{3  <1.0>}
x[5,0]{7  <1.0>}
x[5,1]{0  <1.0>}
x[5,2]{1  <1.0>}
x[5,3]{6  <0.5429308112294196>, 4  <0.4570691887705804>}
x[5,4]{3  <1.0>}
x[5,5]{4  <0.11276775706638897>, 5  <0.887232242933611>}
x[5,6]{2  <1.0>}
x[5,7]{4  <0.2875134125391252>, 5  <0.2575175972852319>, 6  <0.45496899017564285>}
x[6,0]{3  <1.0>}
x[6,1]{4  <1.0>}
x[6,2]{0  <1.0>}
x[6,3]{5  <1.0>}
x[6,4]{1  <1.0>}
x[6,5]{2  <1.0>}
x[6,6]{6  <1.0>}
x[6,7]{7  <1.0>}
x[7,0]{6  <1.0>}
x[7,1]{3  <1.0>}
x[7,2]{2  <1.0>}
x[7,3]{4  <0.07122445424339399>, 1  <0.14903368989593435>, 7  <0.7797418558606716>}
x[7,4]{0  <0.786848218208345>, 5  <0.1941761354590202>, 7  <0.0189756463326348>}
x[7,5]{4  <0.602886292799057>, 5  <0.27951395081358926>, 7  <0.11759975638735366>}
x[7,6]{5  <0.10472299781670878>, 1  <0.4485724990383973>, 7  <0.44670450314489396>}
x[7,7]{0  <0.34163277206706955>, 5  <0.5237422423352748>, 4  <0.1346249855976556>}
problem entropy = 0.0
smallest variable entropy = 1.7976931348623157E308
### branching on x[1,2]=5
##### after BP iteration 1 #####
x[0,0]{5  <1.0>}
x[0,1]{7  <1.0>}
x[0,2]{6  <1.0>}
x[0,3]{3  <1.0>}
x[0,4]{4  <1.0>}
x[0,5]{1  <1.0>}
x[0,6]{0  <1.0>}
x[0,7]{2  <1.0>}
x[1,0]{0  <1.0>}
x[1,1]{1  <1.0>}
x[1,2]{5  <1.0>}
x[1,3]{6  <0.3163926178917961>, 7  <0.023646867509416268>, 4  <0.6599605145987876>}
x[1,4]{2  <1.0>}
x[1,5]{4  <0.12403272032768196>, 7  <0.8759672796723179>}
x[1,6]{3  <1.0>}
x[1,7]{6  <0.7882904532550234>, 4  <0.2117095467449765>}
x[2,0]{2  <1.0>}
x[2,1]{6  <1.0>}
x[2,2]{4  <1.0>}
x[2,3]{7  <0.2452156444574416>, 1  <0.7547843555425583>}
x[2,4]{0  <0.1982590572922414>, 5  <0.7246348465414013>, 7  <0.07710609616635716>}
x[2,5]{3  <1.0>}
x[2,6]{5  <0.06946897081229281>, 1  <0.6435997850446654>, 7  <0.28693124414304166>}
x[2,7]{0  <0.5945014355312831>, 5  <0.40549856446871685>}
x[3,0]{4  <1.0>}
x[3,1]{2  <1.0>}
x[3,2]{3  <1.0>}
x[3,3]{0  <1.0>}
x[3,4]{5  <0.11015977412368644>, 7  <0.8898402258763135>}
x[3,5]{6  <1.0>}
x[3,6]{5  <0.8192063467895565>, 7  <0.18079365321044338>}
x[3,7]{1  <1.0>}
x[4,0]{1  <1.0>}
x[4,1]{5  <1.0>}
x[4,2]{7  <1.0>}
x[4,3]{2  <1.0>}
x[4,4]{6  <1.0>}
x[4,5]{0  <1.0>}
x[4,6]{4  <1.0>}
x[4,7]{3  <1.0>}
x[5,0]{7  <1.0>}
x[5,1]{0  <1.0>}
x[5,2]{1  <1.0>}
x[5,3]{6  <0.7531353600674546>, 4  <0.24686463993254537>}
x[5,4]{3  <1.0>}
x[5,5]{4  <0.17897151815817092>, 5  <0.8210284818418291>}
x[5,6]{2  <1.0>}
x[5,7]{4  <0.46631223141482203>, 5  <0.048598041452444035>, 6  <0.4850897271327339>}
x[6,0]{3  <1.0>}
x[6,1]{4  <1.0>}
x[6,2]{0  <1.0>}
x[6,3]{5  <1.0>}
x[6,4]{1  <1.0>}
x[6,5]{2  <1.0>}
x[6,6]{6  <1.0>}
x[6,7]{7  <1.0>}
x[7,0]{6  <1.0>}
x[7,1]{3  <1.0>}
x[7,2]{2  <1.0>}
x[7,3]{4  <0.042550826024722856>, 1  <0.7572245836824008>, 7  <0.2002245902928764>}
x[7,4]{0  <0.7662312129913053>, 5  <0.20605761624845878>, 7  <0.027711170760236038>}
x[7,5]{4  <0.8207829122306523>, 5  <0.10537856561092271>, 7  <0.07383852215842503>}
x[7,6]{5  <0.05729807301898776>, 1  <0.7338577105972225>, 7  <0.20884421638378986>}
x[7,7]{0  <0.2760210494430962>, 5  <0.5339865626250248>, 4  <0.1899923879318791>}
problem entropy = 0.0
smallest variable entropy = 1.7976931348623157E308
### branching on x[1,5]=7
### branching on x[1,3]=4
##### after BP iteration 1 #####
x[0,0]{5  <1.0>}
x[0,1]{7  <1.0>}
x[0,2]{6  <1.0>}
x[0,3]{3  <1.0>}
x[0,4]{4  <1.0>}
x[0,5]{1  <1.0>}
x[0,6]{0  <1.0>}
x[0,7]{2  <1.0>}
x[1,0]{0  <1.0>}
x[1,1]{1  <1.0>}
x[1,2]{5  <1.0>}
x[1,3]{4  <1.0>}
x[1,4]{2  <1.0>}
x[1,5]{7  <1.0>}
x[1,6]{3  <1.0>}
x[1,7]{6  <1.0>}
x[2,0]{2  <1.0>}
x[2,1]{6  <1.0>}
x[2,2]{4  <1.0>}
x[2,3]{7  <0.5452987010426386>, 1  <0.4547012989573614>}
x[2,4]{0  <0.24058044069563125>, 5  <0.5387908811678563>, 7  <0.22062867813651263>}
x[2,5]{3  <1.0>}
x[2,6]{5  <0.15961524363659546>, 1  <0.12488560745593105>, 7  <0.7154991489074736>}
x[2,7]{0  <0.846605963364577>, 5  <0.15339403663542303>}
x[3,0]{4  <1.0>}
x[3,1]{2  <1.0>}
x[3,2]{3  <1.0>}
x[3,3]{0  <1.0>}
x[3,4]{5  <0.07408139256045392>, 7  <0.9259186074395461>}
x[3,5]{6  <1.0>}
x[3,6]{5  <0.9497750011804597>, 7  <0.0502249988195403>}
x[3,7]{1  <1.0>}
x[4,0]{1  <1.0>}
x[4,1]{5  <1.0>}
x[4,2]{7  <1.0>}
x[4,3]{2  <1.0>}
x[4,4]{6  <1.0>}
x[4,5]{0  <1.0>}
x[4,6]{4  <1.0>}
x[4,7]{3  <1.0>}
x[5,0]{7  <1.0>}
x[5,1]{0  <1.0>}
x[5,2]{1  <1.0>}
x[5,3]{6  <1.0>}
x[5,4]{3  <1.0>}
x[5,5]{4  <0.09524641192593539>, 5  <0.9047535880740646>}
x[5,6]{2  <1.0>}
x[5,7]{4  <0.7722817823663832>, 5  <0.22771821763361688>}
x[6,0]{3  <1.0>}
x[6,1]{4  <1.0>}
x[6,2]{0  <1.0>}
x[6,3]{5  <1.0>}
x[6,4]{1  <1.0>}
x[6,5]{2  <1.0>}
x[6,6]{6  <1.0>}
x[6,7]{7  <1.0>}
x[7,0]{6  <1.0>}
x[7,1]{3  <1.0>}
x[7,2]{2  <1.0>}
x[7,3]{7  <0.5846451343681507>, 1  <0.4153548656318493>}
x[7,4]{0  <0.670139926263328>, 5  <0.2345735633002749>, 7  <0.0952865104363972>}
x[7,5]{4  <0.9038812778990084>, 5  <0.09611872210099168>}
x[7,6]{5  <0.0678745383390606>, 1  <0.16730592065906416>, 7  <0.7648195410018753>}
x[7,7]{0  <0.35966595119950845>, 5  <0.5681250143440203>, 4  <0.0722090344564711>}
problem entropy = 0.0
smallest variable entropy = 1.7976931348623157E308
### branching on x[2,3]=7
##### after BP iteration 1 #####
x[0,0]{5  <1.0>}
x[0,1]{7  <1.0>}
x[0,2]{6  <1.0>}
x[0,3]{3  <1.0>}
x[0,4]{4  <1.0>}
x[0,5]{1  <1.0>}
x[0,6]{0  <1.0>}
x[0,7]{2  <1.0>}
x[1,0]{0  <1.0>}
x[1,1]{1  <1.0>}
x[1,2]{5  <1.0>}
x[1,3]{4  <1.0>}
x[1,4]{2  <1.0>}
x[1,5]{7  <1.0>}
x[1,6]{3  <1.0>}
x[1,7]{6  <1.0>}
x[2,0]{2  <1.0>}
x[2,1]{6  <1.0>}
x[2,2]{4  <1.0>}
x[2,3]{7  <1.0>}
x[2,4]{0  <0.29748123894149164>, 5  <0.7025187610585084>}
x[2,5]{3  <1.0>}
x[2,6]{1  <1.0>}
x[2,7]{0  <0.7431923198675057>, 5  <0.25680768013249433>}
x[3,0]{4  <1.0>}
x[3,1]{2  <1.0>}
x[3,2]{3  <1.0>}
x[3,3]{0  <1.0>}
x[3,4]{5  <0.05906233388673068>, 7  <0.9409376661132693>}
x[3,5]{6  <1.0>}
x[3,6]{5  <0.968829642400449>, 7  <0.03117035759955104>}
x[3,7]{1  <1.0>}
x[4,0]{1  <1.0>}
x[4,1]{5  <1.0>}
x[4,2]{7  <1.0>}
x[4,3]{2  <1.0>}
x[4,4]{6  <1.0>}
x[4,5]{0  <1.0>}
x[4,6]{4  <1.0>}
x[4,7]{3  <1.0>}
x[5,0]{7  <1.0>}
x[5,1]{0  <1.0>}
x[5,2]{1  <1.0>}
x[5,3]{6  <1.0>}
x[5,4]{3  <1.0>}
x[5,5]{4  <0.12575519738341867>, 5  <0.8742448026165812>}
x[5,6]{2  <1.0>}
x[5,7]{4  <0.9085085097126138>, 5  <0.09149149028738632>}
x[6,0]{3  <1.0>}
x[6,1]{4  <1.0>}
x[6,2]{0  <1.0>}
x[6,3]{5  <1.0>}
x[6,4]{1  <1.0>}
x[6,5]{2  <1.0>}
x[6,6]{6  <1.0>}
x[6,7]{7  <1.0>}
x[7,0]{6  <1.0>}
x[7,1]{3  <1.0>}
x[7,2]{2  <1.0>}
x[7,3]{1  <1.0>}
x[7,4]{0  <0.5776930519583068>, 5  <0.3459565321290826>, 7  <0.0763504159126106>}
x[7,5]{4  <0.9385568334103821>, 5  <0.061443166589617904>}
x[7,6]{5  <0.03234300569798685>, 7  <0.9676569943020131>}
x[7,7]{0  <0.17425637614000697>, 5  <0.6779590338883404>, 4  <0.14778458997165259>}
problem entropy = 0.0
smallest variable entropy = 1.7976931348623157E308
### branching on x[2,4]=5
##### after BP iteration 1 #####
x[0,0]{5  <1.0>}
x[0,1]{7  <1.0>}
x[0,2]{6  <1.0>}
x[0,3]{3  <1.0>}
x[0,4]{4  <1.0>}
x[0,5]{1  <1.0>}
x[0,6]{0  <1.0>}
x[0,7]{2  <1.0>}
x[1,0]{0  <1.0>}
x[1,1]{1  <1.0>}
x[1,2]{5  <1.0>}
x[1,3]{4  <1.0>}
x[1,4]{2  <1.0>}
x[1,5]{7  <1.0>}
x[1,6]{3  <1.0>}
x[1,7]{6  <1.0>}
x[2,0]{2  <1.0>}
x[2,1]{6  <1.0>}
x[2,2]{4  <1.0>}
x[2,3]{7  <1.0>}
x[2,4]{5  <1.0>}
x[2,5]{3  <1.0>}
x[2,6]{1  <1.0>}
x[2,7]{0  <1.0>}
x[3,0]{4  <1.0>}
x[3,1]{2  <1.0>}
x[3,2]{3  <1.0>}
x[3,3]{0  <1.0>}
x[3,4]{7  <1.0>}
x[3,5]{6  <1.0>}
x[3,6]{5  <1.0>}
x[3,7]{1  <1.0>}
x[4,0]{1  <1.0>}
x[4,1]{5  <1.0>}
x[4,2]{7  <1.0>}
x[4,3]{2  <1.0>}
x[4,4]{6  <1.0>}
x[4,5]{0  <1.0>}
x[4,6]{4  <1.0>}
x[4,7]{3  <1.0>}
x[5,0]{7  <1.0>}
x[5,1]{0  <1.0>}
x[5,2]{1  <1.0>}
x[5,3]{6  <1.0>}
x[5,4]{3  <1.0>}
x[5,5]{4  <0.058934072810927406>, 5  <0.9410659271890726>}
x[5,6]{2  <1.0>}
x[5,7]{4  <0.9038812778990084>, 5  <0.09611872210099168>}
x[6,0]{3  <1.0>}
x[6,1]{4  <1.0>}
x[6,2]{0  <1.0>}
x[6,3]{5  <1.0>}
x[6,4]{1  <1.0>}
x[6,5]{2  <1.0>}
x[6,6]{6  <1.0>}
x[6,7]{7  <1.0>}
x[7,0]{6  <1.0>}
x[7,1]{3  <1.0>}
x[7,2]{2  <1.0>}
x[7,3]{1  <1.0>}
x[7,4]{0  <1.0>}
x[7,5]{4  <0.7722817823663831>, 5  <0.22771821763361694>}
x[7,6]{7  <1.0>}
x[7,7]{4  <0.09524641192593535>, 5  <0.9047535880740646>}
problem entropy = 0.0
smallest variable entropy = 1.7976931348623157E308
### branching on x[5,5]=4
##### after BP iteration 1 #####
x[0,0]{5  <1.0>}
x[0,1]{7  <1.0>}
x[0,2]{6  <1.0>}
x[0,3]{3  <1.0>}
x[0,4]{4  <1.0>}
x[0,5]{1  <1.0>}
x[0,6]{0  <1.0>}
x[0,7]{2  <1.0>}
x[1,0]{0  <1.0>}
x[1,1]{1  <1.0>}
x[1,2]{5  <1.0>}
x[1,3]{4  <1.0>}
x[1,4]{2  <1.0>}
x[1,5]{7  <1.0>}
x[1,6]{3  <1.0>}
x[1,7]{6  <1.0>}
x[2,0]{2  <1.0>}
x[2,1]{6  <1.0>}
x[2,2]{4  <1.0>}
x[2,3]{7  <1.0>}
x[2,4]{5  <1.0>}
x[2,5]{3  <1.0>}
x[2,6]{1  <1.0>}
x[2,7]{0  <1.0>}
x[3,0]{4  <1.0>}
x[3,1]{2  <1.0>}
x[3,2]{3  <1.0>}
x[3,3]{0  <1.0>}
x[3,4]{7  <1.0>}
x[3,5]{6  <1.0>}
x[3,6]{5  <1.0>}
x[3,7]{1  <1.0>}
x[4,0]{1  <1.0>}
x[4,1]{5  <1.0>}
x[4,2]{7  <1.0>}
x[4,3]{2  <1.0>}
x[4,4]{6  <1.0>}
x[4,5]{0  <1.0>}
x[4,6]{4  <1.0>}
x[4,7]{3  <1.0>}
x[5,0]{7  <1.0>}
x[5,1]{0  <1.0>}
x[5,2]{1  <1.0>}
x[5,3]{6  <1.0>}
x[5,4]{3  <1.0>}
x[5,5]{4  <1.0>}
x[5,6]{2  <1.0>}
x[5,7]{5  <1.0>}
x[6,0]{3  <1.0>}
x[6,1]{4  <1.0>}
x[6,2]{0  <1.0>}
x[6,3]{5  <1.0>}
x[6,4]{1  <1.0>}
x[6,5]{2  <1.0>}
x[6,6]{6  <1.0>}
x[6,7]{7  <1.0>}
x[7,0]{6  <1.0>}
x[7,1]{3  <1.0>}
x[7,2]{2  <1.0>}
x[7,3]{1  <1.0>}
x[7,4]{0  <1.0>}
x[7,5]{5  <1.0>}
x[7,6]{7  <1.0>}
x[7,7]{4  <1.0>}
problem entropy = 0.0
smallest variable entropy = 1.7976931348623157E308
### branching on x[5,5]!=4
##### after BP iteration 1 #####
x[0,0]{5  <1.0>}
x[0,1]{7  <1.0>}
x[0,2]{6  <1.0>}
x[0,3]{3  <1.0>}
x[0,4]{4  <1.0>}
x[0,5]{1  <1.0>}
x[0,6]{0  <1.0>}
x[0,7]{2  <1.0>}
x[1,0]{0  <1.0>}
x[1,1]{1  <1.0>}
x[1,2]{5  <1.0>}
x[1,3]{4  <1.0>}
x[1,4]{2  <1.0>}
x[1,5]{7  <1.0>}
x[1,6]{3  <1.0>}
x[1,7]{6  <1.0>}
x[2,0]{2  <1.0>}
x[2,1]{6  <1.0>}
x[2,2]{4  <1.0>}
x[2,3]{7  <1.0>}
x[2,4]{5  <1.0>}
x[2,5]{3  <1.0>}
x[2,6]{1  <1.0>}
x[2,7]{0  <1.0>}
x[3,0]{4  <1.0>}
x[3,1]{2  <1.0>}
x[3,2]{3  <1.0>}
x[3,3]{0  <1.0>}
x[3,4]{7  <1.0>}
x[3,5]{6  <1.0>}
x[3,6]{5  <1.0>}
x[3,7]{1  <1.0>}
x[4,0]{1  <1.0>}
x[4,1]{5  <1.0>}
x[4,2]{7  <1.0>}
x[4,3]{2  <1.0>}
x[4,4]{6  <1.0>}
x[4,5]{0  <1.0>}
x[4,6]{4  <1.0>}
x[4,7]{3  <1.0>}
x[5,0]{7  <1.0>}
x[5,1]{0  <1.0>}
x[5,2]{1  <1.0>}
x[5,3]{6  <1.0>}
x[5,4]{3  <1.0>}
x[5,5]{5  <1.0>}
x[5,6]{2  <1.0>}
x[5,7]{4  <1.0>}
x[6,0]{3  <1.0>}
x[6,1]{4  <1.0>}
x[6,2]{0  <1.0>}
x[6,3]{5  <1.0>}
x[6,4]{1  <1.0>}
x[6,5]{2  <1.0>}
x[6,6]{6  <1.0>}
x[6,7]{7  <1.0>}
x[7,0]{6  <1.0>}
x[7,1]{3  <1.0>}
x[7,2]{2  <1.0>}
x[7,3]{1  <1.0>}
x[7,4]{0  <1.0>}
x[7,5]{4  <1.0>}
x[7,6]{7  <1.0>}
x[7,7]{5  <1.0>}
problem entropy = 0.0
smallest variable entropy = 1.7976931348623157E308

	#choice: 11
	#fail: 0
	execution time (ms): 91
	#sols : 1
	completed : false

