{0  <1.0>, 3  <4.0>}
model: max-product-init
FINAL DAMPING FACTOR = 1.0
##### after BP iteration 1 #####
x[0,0]{3  <1.0>}
x[0,1]{1  <1.0>}
x[0,2]{0  <0.25>, 5  <0.25>, 2  <0.25>, 4  <0.25>}
x[0,3]{2  <0.5>, 4  <0.5>}
x[0,4]{0  <0.25>, 5  <0.25>, 2  <0.25>, 4  <0.25>}
x[0,5]{7  <1.0>}
x[0,6]{4  <0.3333333333333333>, 5  <0.3333333333333333>, 2  <0.3333333333333333>}
x[0,7]{6  <1.0>}
x[1,0]{2  <1.0>}
x[1,1]{7  <1.0>}
x[1,2]{3  <1.0>}
x[1,3]{0  <1.0>}
x[1,4]{6  <1.0>}
x[1,5]{5  <1.0>}
x[1,6]{1  <1.0>}
x[1,7]{4  <1.0>}
x[2,0]{0  <1.0>}
x[2,1]{5  <1.0>}
x[2,2]{4  <0.33333333333333337>, 6  <0.46666666666666673>, 2  <0.20000000000000004>}
x[2,3]{4  <0.25>, 6  <0.25>, 2  <0.25>, 7  <0.25>}
x[2,4]{4  <0.3333333333333333>, 7  <0.3333333333333333>, 2  <0.3333333333333333>}
x[2,5]{3  <1.0>}
x[2,6]{7  <0.3333333333333333>, 4  <0.3333333333333333>, 2  <0.3333333333333333>}
x[2,7]{1  <1.0>}
x[3,0]{7  <1.0>}
x[3,1]{6  <0.5>, 2  <0.5>}
x[3,2]{6  <0.3333333333333333>, 1  <0.3333333333333333>, 2  <0.3333333333333333>}
x[3,3]{5  <1.0>}
x[3,4]{3  <0.3333333333333333>, 1  <0.3333333333333333>, 2  <0.3333333333333333>}
x[3,5]{4  <1.0>}
x[3,6]{0  <1.0>}
x[3,7]{3  <0.5>, 2  <0.5>}
x[4,0]{5  <1.0>}
x[4,1]{0  <0.3333333333333333>, 4  <0.3333333333333333>, 2  <0.3333333333333333>}
x[4,2]{7  <1.0>}
x[4,3]{3  <1.0>}
x[4,4]{0  <0.09090909090909091>, 1  <0.18181818181818182>, 2  <0.2727272727272727>, 4  <0.45454545454545453>}
x[4,5]{0  <0.3333333333333333>, 1  <0.3333333333333333>, 2  <0.3333333333333333>}
x[4,6]{6  <1.0>}
x[4,7]{0  <0.5>, 2  <0.5>}
x[5,0]{6  <1.0>}
x[5,1]{3  <1.0>}
x[5,2]{0  <0.19999999999999998>, 1  <0.19999999999999998>, 2  <0.19999999999999998>, 5  <0.19999999999999998>, 4  <0.19999999999999998>}
x[5,3]{4  <0.3333333333333333>, 1  <0.3333333333333333>, 2  <0.3333333333333333>}
x[5,4]{0  <0.19999999999999998>, 1  <0.19999999999999998>, 2  <0.19999999999999998>, 5  <0.19999999999999998>, 4  <0.19999999999999998>}
x[5,5]{0  <0.16666666666666669>, 1  <0.33333333333333337>, 2  <0.5>}
x[5,6]{5  <0.3333333333333333>, 4  <0.3333333333333333>, 2  <0.3333333333333333>}
x[5,7]{7  <1.0>}
x[6,0]{4  <1.0>}
x[6,1]{0  <0.3333333333333333>, 6  <0.3333333333333333>, 2  <0.3333333333333333>}
x[6,2]{0  <0.19999999999999998>, 1  <0.19999999999999998>, 2  <0.19999999999999998>, 6  <0.19999999999999998>, 5  <0.19999999999999998>}
x[6,3]{7  <0.25>, 1  <0.25>, 2  <0.25>, 6  <0.25>}
x[6,4]{0  <0.19999999999999998>, 1  <0.19999999999999998>, 2  <0.19999999999999998>, 5  <0.19999999999999998>, 7  <0.19999999999999998>}
x[6,5]{0  <0.3333333333333333>, 1  <0.3333333333333333>, 2  <0.3333333333333333>}
x[6,6]{3  <1.0>}
x[6,7]{0  <0.3333333333333333>, 5  <0.3333333333333333>, 2  <0.3333333333333333>}
x[7,0]{1  <1.0>}
x[7,1]{0  <0.3333333333333333>, 4  <0.3333333333333333>, 2  <0.3333333333333333>}
x[7,2]{0  <0.25>, 4  <0.25>, 2  <0.25>, 5  <0.25>}
x[7,3]{4  <0.3333333333333333>, 7  <0.3333333333333333>, 2  <0.3333333333333333>}
x[7,4]{0  <0.16666666666666663>, 7  <0.16666666666666663>, 2  <0.16666666666666663>, 3  <0.16666666666666663>, 4  <0.16666666666666663>, 5  <0.16666666666666663>}
x[7,5]{6  <1.0>}
x[7,6]{5  <0.25>, 7  <0.25>, 2  <0.25>, 4  <0.25>}
x[7,7]{0  <0.07142857142857142>, 5  <0.42857142857142855>, 2  <0.21428571428571427>, 3  <0.2857142857142857>}
problem entropy = 0.9896932787745475
smallest variable entropy = 0.6931471805599453
##### after BP iteration 2 #####
x[0,0]{3  <1.0>}
x[0,1]{1  <1.0>}
x[0,2]{0  <0.25>, 5  <0.25>, 2  <0.25>, 4  <0.25>}
x[0,3]{2  <0.5>, 4  <0.5>}
x[0,4]{0  <0.25>, 5  <0.25>, 2  <0.25>, 4  <0.25>}
x[0,5]{7  <1.0>}
x[0,6]{4  <0.3333333333333333>, 5  <0.3333333333333333>, 2  <0.3333333333333333>}
x[0,7]{6  <1.0>}
x[1,0]{2  <1.0>}
x[1,1]{7  <1.0>}
x[1,2]{3  <1.0>}
x[1,3]{0  <1.0>}
x[1,4]{6  <1.0>}
x[1,5]{5  <1.0>}
x[1,6]{1  <1.0>}
x[1,7]{4  <1.0>}
x[2,0]{0  <1.0>}
x[2,1]{5  <1.0>}
x[2,2]{4  <0.33333333333333337>, 6  <0.46666666666666673>, 2  <0.20000000000000004>}
x[2,3]{4  <0.25>, 6  <0.25>, 2  <0.25>, 7  <0.25>}
x[2,4]{4  <0.3333333333333333>, 7  <0.3333333333333333>, 2  <0.3333333333333333>}
x[2,5]{3  <1.0>}
x[2,6]{7  <0.3333333333333333>, 4  <0.3333333333333333>, 2  <0.3333333333333333>}
x[2,7]{1  <1.0>}
x[3,0]{7  <1.0>}
x[3,1]{6  <0.5>, 2  <0.5>}
x[3,2]{6  <0.3333333333333333>, 1  <0.3333333333333333>, 2  <0.3333333333333333>}
x[3,3]{5  <1.0>}
x[3,4]{3  <0.3333333333333333>, 1  <0.3333333333333333>, 2  <0.3333333333333333>}
x[3,5]{4  <1.0>}
x[3,6]{0  <1.0>}
x[3,7]{3  <0.5>, 2  <0.5>}
x[4,0]{5  <1.0>}
x[4,1]{0  <0.3333333333333333>, 4  <0.3333333333333333>, 2  <0.3333333333333333>}
x[4,2]{7  <1.0>}
x[4,3]{3  <1.0>}
x[4,4]{0  <0.09090909090909091>, 1  <0.18181818181818182>, 2  <0.2727272727272727>, 4  <0.45454545454545453>}
x[4,5]{0  <0.3333333333333333>, 1  <0.3333333333333333>, 2  <0.3333333333333333>}
x[4,6]{6  <1.0>}
x[4,7]{0  <0.5>, 2  <0.5>}
x[5,0]{6  <1.0>}
x[5,1]{3  <1.0>}
x[5,2]{0  <0.19999999999999998>, 1  <0.19999999999999998>, 2  <0.19999999999999998>, 5  <0.19999999999999998>, 4  <0.19999999999999998>}
x[5,3]{4  <0.3333333333333333>, 1  <0.3333333333333333>, 2  <0.3333333333333333>}
x[5,4]{0  <0.19999999999999998>, 1  <0.19999999999999998>, 2  <0.19999999999999998>, 5  <0.19999999999999998>, 4  <0.19999999999999998>}
x[5,5]{0  <0.16666666666666669>, 1  <0.33333333333333337>, 2  <0.5>}
x[5,6]{5  <0.3333333333333333>, 4  <0.3333333333333333>, 2  <0.3333333333333333>}
x[5,7]{7  <1.0>}
x[6,0]{4  <1.0>}
x[6,1]{0  <0.3333333333333333>, 6  <0.3333333333333333>, 2  <0.3333333333333333>}
x[6,2]{0  <0.19999999999999998>, 1  <0.19999999999999998>, 2  <0.19999999999999998>, 6  <0.19999999999999998>, 5  <0.19999999999999998>}
x[6,3]{7  <0.25>, 1  <0.25>, 2  <0.25>, 6  <0.25>}
x[6,4]{0  <0.19999999999999998>, 1  <0.19999999999999998>, 2  <0.19999999999999998>, 5  <0.19999999999999998>, 7  <0.19999999999999998>}
x[6,5]{0  <0.3333333333333333>, 1  <0.3333333333333333>, 2  <0.3333333333333333>}
x[6,6]{3  <1.0>}
x[6,7]{0  <0.3333333333333333>, 5  <0.3333333333333333>, 2  <0.3333333333333333>}
x[7,0]{1  <1.0>}
x[7,1]{0  <0.3333333333333333>, 4  <0.3333333333333333>, 2  <0.3333333333333333>}
x[7,2]{0  <0.25>, 4  <0.25>, 2  <0.25>, 5  <0.25>}
x[7,3]{4  <0.3333333333333333>, 7  <0.3333333333333333>, 2  <0.3333333333333333>}
x[7,4]{0  <0.16666666666666663>, 7  <0.16666666666666663>, 2  <0.16666666666666663>, 3  <0.16666666666666663>, 4  <0.16666666666666663>, 5  <0.16666666666666663>}
x[7,5]{6  <1.0>}
x[7,6]{5  <0.25>, 7  <0.25>, 2  <0.25>, 4  <0.25>}
x[7,7]{0  <0.07142857142857142>, 5  <0.42857142857142855>, 2  <0.21428571428571427>, 3  <0.2857142857142857>}
problem entropy = 0.9896932787745475
smallest variable entropy = 0.6931471805599453
### branching on x[0,3]=2 marginal=0.5
##### after BP iteration 1 #####
x[0,0]{3  <1.0>}
x[0,1]{1  <1.0>}
x[0,2]{0  <0.3333333333333333>, 5  <0.3333333333333333>, 4  <0.3333333333333333>}
x[0,3]{2  <1.0>}
x[0,4]{0  <0.3333333333333333>, 5  <0.3333333333333333>, 4  <0.3333333333333333>}
x[0,5]{7  <1.0>}
x[0,6]{4  <0.5>, 5  <0.5>}
x[0,7]{6  <1.0>}
x[1,0]{2  <1.0>}
x[1,1]{7  <1.0>}
x[1,2]{3  <1.0>}
x[1,3]{0  <1.0>}
x[1,4]{6  <1.0>}
x[1,5]{5  <1.0>}
x[1,6]{1  <1.0>}
x[1,7]{4  <1.0>}
x[2,0]{0  <1.0>}
x[2,1]{5  <1.0>}
x[2,2]{4  <0.33333333333333337>, 6  <0.46666666666666673>, 2  <0.20000000000000004>}
x[2,3]{4  <0.3333333333333333>, 6  <0.3333333333333333>, 7  <0.3333333333333333>}
x[2,4]{4  <0.3333333333333333>, 7  <0.3333333333333333>, 2  <0.3333333333333333>}
x[2,5]{3  <1.0>}
x[2,6]{7  <0.3333333333333333>, 4  <0.3333333333333333>, 2  <0.3333333333333333>}
x[2,7]{1  <1.0>}
x[3,0]{7  <1.0>}
x[3,1]{6  <0.5>, 2  <0.5>}
x[3,2]{6  <0.3333333333333333>, 1  <0.3333333333333333>, 2  <0.3333333333333333>}
x[3,3]{5  <1.0>}
x[3,4]{3  <0.3333333333333333>, 1  <0.3333333333333333>, 2  <0.3333333333333333>}
x[3,5]{4  <1.0>}
x[3,6]{0  <1.0>}
x[3,7]{3  <0.5>, 2  <0.5>}
x[4,0]{5  <1.0>}
x[4,1]{0  <0.3333333333333333>, 4  <0.3333333333333333>, 2  <0.3333333333333333>}
x[4,2]{7  <1.0>}
x[4,3]{3  <1.0>}
x[4,4]{0  <0.09090909090909091>, 1  <0.18181818181818182>, 2  <0.2727272727272727>, 4  <0.45454545454545453>}
x[4,5]{0  <0.3333333333333333>, 1  <0.3333333333333333>, 2  <0.3333333333333333>}
x[4,6]{6  <1.0>}
x[4,7]{0  <0.5>, 2  <0.5>}
x[5,0]{6  <1.0>}
x[5,1]{3  <1.0>}
x[5,2]{0  <0.2>, 1  <0.2>, 2  <0.2>, 5  <0.2>, 4  <0.2>}
x[5,3]{4  <0.5>, 1  <0.5>}
x[5,4]{0  <0.2>, 1  <0.2>, 2  <0.2>, 5  <0.2>, 4  <0.2>}
x[5,5]{0  <0.16666666666666666>, 1  <0.3333333333333333>, 2  <0.5>}
x[5,6]{5  <0.3333333333333333>, 4  <0.3333333333333333>, 2  <0.3333333333333333>}
x[5,7]{7  <1.0>}
x[6,0]{4  <1.0>}
x[6,1]{0  <0.3333333333333333>, 6  <0.3333333333333333>, 2  <0.3333333333333333>}
x[6,2]{0  <0.19999999999999998>, 1  <0.19999999999999998>, 2  <0.19999999999999998>, 6  <0.19999999999999998>, 5  <0.19999999999999998>}
x[6,3]{7  <0.33333333333333337>, 1  <0.33333333333333337>, 6  <0.33333333333333337>}
x[6,4]{0  <0.19999999999999998>, 1  <0.19999999999999998>, 2  <0.19999999999999998>, 5  <0.19999999999999998>, 7  <0.19999999999999998>}
x[6,5]{0  <0.33333333333333337>, 1  <0.33333333333333337>, 2  <0.33333333333333337>}
x[6,6]{3  <1.0>}
x[6,7]{0  <0.3333333333333333>, 5  <0.3333333333333333>, 2  <0.3333333333333333>}
x[7,0]{1  <1.0>}
x[7,1]{0  <0.3333333333333333>, 4  <0.3333333333333333>, 2  <0.3333333333333333>}
x[7,2]{0  <0.25>, 4  <0.25>, 2  <0.25>, 5  <0.25>}
x[7,3]{4  <0.5>, 7  <0.5>}
x[7,4]{0  <0.16666666666666666>, 7  <0.16666666666666666>, 2  <0.16666666666666666>, 3  <0.16666666666666666>, 4  <0.16666666666666666>, 5  <0.16666666666666666>}
x[7,5]{6  <1.0>}
x[7,6]{5  <0.25>, 7  <0.25>, 2  <0.25>, 4  <0.25>}
x[7,7]{0  <0.07142857142857142>, 5  <0.42857142857142855>, 2  <0.21428571428571427>, 3  <0.2857142857142857>}
problem entropy = 0.9893711937362522
smallest variable entropy = 0.6931471805599453
##### after BP iteration 2 #####
x[0,0]{3  <1.0>}
x[0,1]{1  <1.0>}
x[0,2]{0  <0.3333333333333333>, 5  <0.3333333333333333>, 4  <0.3333333333333333>}
x[0,3]{2  <1.0>}
x[0,4]{0  <0.3333333333333333>, 5  <0.3333333333333333>, 4  <0.3333333333333333>}
x[0,5]{7  <1.0>}
x[0,6]{4  <0.5>, 5  <0.5>}
x[0,7]{6  <1.0>}
x[1,0]{2  <1.0>}
x[1,1]{7  <1.0>}
x[1,2]{3  <1.0>}
x[1,3]{0  <1.0>}
x[1,4]{6  <1.0>}
x[1,5]{5  <1.0>}
x[1,6]{1  <1.0>}
x[1,7]{4  <1.0>}
x[2,0]{0  <1.0>}
x[2,1]{5  <1.0>}
x[2,2]{4  <0.33333333333333337>, 6  <0.46666666666666673>, 2  <0.20000000000000004>}
x[2,3]{4  <0.3333333333333333>, 6  <0.3333333333333333>, 7  <0.3333333333333333>}
x[2,4]{4  <0.3333333333333333>, 7  <0.3333333333333333>, 2  <0.3333333333333333>}
x[2,5]{3  <1.0>}
x[2,6]{7  <0.3333333333333333>, 4  <0.3333333333333333>, 2  <0.3333333333333333>}
x[2,7]{1  <1.0>}
x[3,0]{7  <1.0>}
x[3,1]{6  <0.5>, 2  <0.5>}
x[3,2]{6  <0.3333333333333333>, 1  <0.3333333333333333>, 2  <0.3333333333333333>}
x[3,3]{5  <1.0>}
x[3,4]{3  <0.3333333333333333>, 1  <0.3333333333333333>, 2  <0.3333333333333333>}
x[3,5]{4  <1.0>}
x[3,6]{0  <1.0>}
x[3,7]{3  <0.5>, 2  <0.5>}
x[4,0]{5  <1.0>}
x[4,1]{0  <0.3333333333333333>, 4  <0.3333333333333333>, 2  <0.3333333333333333>}
x[4,2]{7  <1.0>}
x[4,3]{3  <1.0>}
x[4,4]{0  <0.09090909090909091>, 1  <0.18181818181818182>, 2  <0.2727272727272727>, 4  <0.45454545454545453>}
x[4,5]{0  <0.3333333333333333>, 1  <0.3333333333333333>, 2  <0.3333333333333333>}
x[4,6]{6  <1.0>}
x[4,7]{0  <0.5>, 2  <0.5>}
x[5,0]{6  <1.0>}
x[5,1]{3  <1.0>}
x[5,2]{0  <0.2>, 1  <0.2>, 2  <0.2>, 5  <0.2>, 4  <0.2>}
x[5,3]{4  <0.5>, 1  <0.5>}
x[5,4]{0  <0.2>, 1  <0.2>, 2  <0.2>, 5  <0.2>, 4  <0.2>}
x[5,5]{0  <0.16666666666666666>, 1  <0.3333333333333333>, 2  <0.5>}
x[5,6]{5  <0.3333333333333333>, 4  <0.3333333333333333>, 2  <0.3333333333333333>}
x[5,7]{7  <1.0>}
x[6,0]{4  <1.0>}
x[6,1]{0  <0.3333333333333333>, 6  <0.3333333333333333>, 2  <0.3333333333333333>}
x[6,2]{0  <0.19999999999999998>, 1  <0.19999999999999998>, 2  <0.19999999999999998>, 6  <0.19999999999999998>, 5  <0.19999999999999998>}
x[6,3]{7  <0.33333333333333337>, 1  <0.33333333333333337>, 6  <0.33333333333333337>}
x[6,4]{0  <0.19999999999999998>, 1  <0.19999999999999998>, 2  <0.19999999999999998>, 5  <0.19999999999999998>, 7  <0.19999999999999998>}
x[6,5]{0  <0.33333333333333337>, 1  <0.33333333333333337>, 2  <0.33333333333333337>}
x[6,6]{3  <1.0>}
x[6,7]{0  <0.3333333333333333>, 5  <0.3333333333333333>, 2  <0.3333333333333333>}
x[7,0]{1  <1.0>}
x[7,1]{0  <0.3333333333333333>, 4  <0.3333333333333333>, 2  <0.3333333333333333>}
x[7,2]{0  <0.25>, 4  <0.25>, 2  <0.25>, 5  <0.25>}
x[7,3]{4  <0.5>, 7  <0.5>}
x[7,4]{0  <0.16666666666666666>, 7  <0.16666666666666666>, 2  <0.16666666666666666>, 3  <0.16666666666666666>, 4  <0.16666666666666666>, 5  <0.16666666666666666>}
x[7,5]{6  <1.0>}
x[7,6]{5  <0.25>, 7  <0.25>, 2  <0.25>, 4  <0.25>}
x[7,7]{0  <0.07142857142857142>, 5  <0.42857142857142855>, 2  <0.21428571428571427>, 3  <0.2857142857142857>}
problem entropy = 0.9893711937362522
smallest variable entropy = 0.6931471805599453
### branching on x[0,6]=4 marginal=0.5
### branching on x[0,2]=0 marginal=0.5
##### after BP iteration 1 #####
x[0,0]{3  <1.0>}
x[0,1]{1  <1.0>}
x[0,2]{0  <1.0>}
x[0,3]{2  <1.0>}
x[0,4]{5  <1.0>}
x[0,5]{7  <1.0>}
x[0,6]{4  <1.0>}
x[0,7]{6  <1.0>}
x[1,0]{2  <1.0>}
x[1,1]{7  <1.0>}
x[1,2]{3  <1.0>}
x[1,3]{0  <1.0>}
x[1,4]{6  <1.0>}
x[1,5]{5  <1.0>}
x[1,6]{1  <1.0>}
x[1,7]{4  <1.0>}
x[2,0]{0  <1.0>}
x[2,1]{5  <1.0>}
x[2,2]{4  <0.33333333333333337>, 6  <0.46666666666666673>, 2  <0.20000000000000004>}
x[2,3]{4  <0.3333333333333333>, 6  <0.3333333333333333>, 7  <0.3333333333333333>}
x[2,4]{4  <0.3333333333333333>, 7  <0.3333333333333333>, 2  <0.3333333333333333>}
x[2,5]{3  <1.0>}
x[2,6]{7  <0.5>, 2  <0.5>}
x[2,7]{1  <1.0>}
x[3,0]{7  <1.0>}
x[3,1]{6  <0.5>, 2  <0.5>}
x[3,2]{6  <0.3333333333333333>, 1  <0.3333333333333333>, 2  <0.3333333333333333>}
x[3,3]{5  <1.0>}
x[3,4]{3  <0.3333333333333333>, 1  <0.3333333333333333>, 2  <0.3333333333333333>}
x[3,5]{4  <1.0>}
x[3,6]{0  <1.0>}
x[3,7]{3  <0.5>, 2  <0.5>}
x[4,0]{5  <1.0>}
x[4,1]{0  <0.3333333333333333>, 4  <0.3333333333333333>, 2  <0.3333333333333333>}
x[4,2]{7  <1.0>}
x[4,3]{3  <1.0>}
x[4,4]{0  <0.09090909090909091>, 1  <0.18181818181818182>, 2  <0.2727272727272727>, 4  <0.45454545454545453>}
x[4,5]{0  <0.3333333333333333>, 1  <0.3333333333333333>, 2  <0.3333333333333333>}
x[4,6]{6  <1.0>}
x[4,7]{0  <0.5>, 2  <0.5>}
x[5,0]{6  <1.0>}
x[5,1]{3  <1.0>}
x[5,2]{4  <0.25>, 1  <0.25>, 2  <0.25>, 5  <0.25>}
x[5,3]{4  <0.5>, 1  <0.5>}
x[5,4]{0  <0.25>, 1  <0.25>, 2  <0.25>, 4  <0.25>}
x[5,5]{0  <0.16666666666666669>, 1  <0.33333333333333337>, 2  <0.5>}
x[5,6]{5  <0.5>, 2  <0.5>}
x[5,7]{7  <1.0>}
x[6,0]{4  <1.0>}
x[6,1]{0  <0.3333333333333333>, 6  <0.3333333333333333>, 2  <0.3333333333333333>}
x[6,2]{5  <0.25>, 1  <0.25>, 2  <0.25>, 6  <0.25>}
x[6,3]{7  <0.3333333333333333>, 1  <0.3333333333333333>, 6  <0.3333333333333333>}
x[6,4]{0  <0.25>, 1  <0.25>, 2  <0.25>, 7  <0.25>}
x[6,5]{0  <0.3333333333333333>, 1  <0.3333333333333333>, 2  <0.3333333333333333>}
x[6,6]{3  <1.0>}
x[6,7]{0  <0.3333333333333333>, 5  <0.3333333333333333>, 2  <0.3333333333333333>}
x[7,0]{1  <1.0>}
x[7,1]{0  <0.3333333333333333>, 4  <0.3333333333333333>, 2  <0.3333333333333333>}
x[7,2]{5  <0.3333333333333333>, 4  <0.3333333333333333>, 2  <0.3333333333333333>}
x[7,3]{4  <0.5>, 7  <0.5>}
x[7,4]{0  <0.19999999999999998>, 7  <0.19999999999999998>, 2  <0.19999999999999998>, 3  <0.19999999999999998>, 4  <0.19999999999999998>}
x[7,5]{6  <1.0>}
x[7,6]{5  <0.3333333333333333>, 7  <0.3333333333333333>, 2  <0.3333333333333333>}
x[7,7]{0  <0.07142857142857142>, 5  <0.42857142857142855>, 2  <0.21428571428571427>, 3  <0.2857142857142857>}
problem entropy = 0.9882716620537955
smallest variable entropy = 0.6931471805599453
##### after BP iteration 2 #####
x[0,0]{3  <1.0>}
x[0,1]{1  <1.0>}
x[0,2]{0  <1.0>}
x[0,3]{2  <1.0>}
x[0,4]{5  <1.0>}
x[0,5]{7  <1.0>}
x[0,6]{4  <1.0>}
x[0,7]{6  <1.0>}
x[1,0]{2  <1.0>}
x[1,1]{7  <1.0>}
x[1,2]{3  <1.0>}
x[1,3]{0  <1.0>}
x[1,4]{6  <1.0>}
x[1,5]{5  <1.0>}
x[1,6]{1  <1.0>}
x[1,7]{4  <1.0>}
x[2,0]{0  <1.0>}
x[2,1]{5  <1.0>}
x[2,2]{4  <0.33333333333333337>, 6  <0.46666666666666673>, 2  <0.20000000000000004>}
x[2,3]{4  <0.3333333333333333>, 6  <0.3333333333333333>, 7  <0.3333333333333333>}
x[2,4]{4  <0.3333333333333333>, 7  <0.3333333333333333>, 2  <0.3333333333333333>}
x[2,5]{3  <1.0>}
x[2,6]{7  <0.5>, 2  <0.5>}
x[2,7]{1  <1.0>}
x[3,0]{7  <1.0>}
x[3,1]{6  <0.5>, 2  <0.5>}
x[3,2]{6  <0.3333333333333333>, 1  <0.3333333333333333>, 2  <0.3333333333333333>}
x[3,3]{5  <1.0>}
x[3,4]{3  <0.3333333333333333>, 1  <0.3333333333333333>, 2  <0.3333333333333333>}
x[3,5]{4  <1.0>}
x[3,6]{0  <1.0>}
x[3,7]{3  <0.5>, 2  <0.5>}
x[4,0]{5  <1.0>}
x[4,1]{0  <0.3333333333333333>, 4  <0.3333333333333333>, 2  <0.3333333333333333>}
x[4,2]{7  <1.0>}
x[4,3]{3  <1.0>}
x[4,4]{0  <0.09090909090909091>, 1  <0.18181818181818182>, 2  <0.2727272727272727>, 4  <0.45454545454545453>}
x[4,5]{0  <0.3333333333333333>, 1  <0.3333333333333333>, 2  <0.3333333333333333>}
x[4,6]{6  <1.0>}
x[4,7]{0  <0.5>, 2  <0.5>}
x[5,0]{6  <1.0>}
x[5,1]{3  <1.0>}
x[5,2]{4  <0.25>, 1  <0.25>, 2  <0.25>, 5  <0.25>}
x[5,3]{4  <0.5>, 1  <0.5>}
x[5,4]{0  <0.25>, 1  <0.25>, 2  <0.25>, 4  <0.25>}
x[5,5]{0  <0.16666666666666669>, 1  <0.33333333333333337>, 2  <0.5>}
x[5,6]{5  <0.5>, 2  <0.5>}
x[5,7]{7  <1.0>}
x[6,0]{4  <1.0>}
x[6,1]{0  <0.3333333333333333>, 6  <0.3333333333333333>, 2  <0.3333333333333333>}
x[6,2]{5  <0.25>, 1  <0.25>, 2  <0.25>, 6  <0.25>}
x[6,3]{7  <0.3333333333333333>, 1  <0.3333333333333333>, 6  <0.3333333333333333>}
x[6,4]{0  <0.25>, 1  <0.25>, 2  <0.25>, 7  <0.25>}
x[6,5]{0  <0.3333333333333333>, 1  <0.3333333333333333>, 2  <0.3333333333333333>}
x[6,6]{3  <1.0>}
x[6,7]{0  <0.3333333333333333>, 5  <0.3333333333333333>, 2  <0.3333333333333333>}
x[7,0]{1  <1.0>}
x[7,1]{0  <0.3333333333333333>, 4  <0.3333333333333333>, 2  <0.3333333333333333>}
x[7,2]{5  <0.3333333333333333>, 4  <0.3333333333333333>, 2  <0.3333333333333333>}
x[7,3]{4  <0.5>, 7  <0.5>}
x[7,4]{0  <0.19999999999999998>, 7  <0.19999999999999998>, 2  <0.19999999999999998>, 3  <0.19999999999999998>, 4  <0.19999999999999998>}
x[7,5]{6  <1.0>}
x[7,6]{5  <0.3333333333333333>, 7  <0.3333333333333333>, 2  <0.3333333333333333>}
x[7,7]{0  <0.07142857142857142>, 5  <0.42857142857142855>, 2  <0.21428571428571427>, 3  <0.2857142857142857>}
problem entropy = 0.9882716620537955
smallest variable entropy = 0.6931471805599453
### branching on x[2,6]=7 marginal=0.5
### branching on x[2,3]=4 marginal=0.5
##### after BP iteration 1 #####
x[0,0]{3  <1.0>}
x[0,1]{1  <1.0>}
x[0,2]{0  <1.0>}
x[0,3]{2  <1.0>}
x[0,4]{5  <1.0>}
x[0,5]{7  <1.0>}
x[0,6]{4  <1.0>}
x[0,7]{6  <1.0>}
x[1,0]{2  <1.0>}
x[1,1]{7  <1.0>}
x[1,2]{3  <1.0>}
x[1,3]{0  <1.0>}
x[1,4]{6  <1.0>}
x[1,5]{5  <1.0>}
x[1,6]{1  <1.0>}
x[1,7]{4  <1.0>}
x[2,0]{0  <1.0>}
x[2,1]{5  <1.0>}
x[2,2]{6  <1.0>}
x[2,3]{4  <1.0>}
x[2,4]{2  <1.0>}
x[2,5]{3  <1.0>}
x[2,6]{7  <1.0>}
x[2,7]{1  <1.0>}
x[3,0]{7  <1.0>}
x[3,1]{6  <1.0>}
x[3,2]{2  <0.5>, 1  <0.5>}
x[3,3]{5  <1.0>}
x[3,4]{3  <0.5>, 1  <0.5>}
x[3,5]{4  <1.0>}
x[3,6]{0  <1.0>}
x[3,7]{3  <0.5>, 2  <0.5>}
x[4,0]{5  <1.0>}
x[4,1]{0  <0.33333333333333337>, 4  <0.33333333333333337>, 2  <0.33333333333333337>}
x[4,2]{7  <1.0>}
x[4,3]{3  <1.0>}
x[4,4]{0  <0.125>, 1  <0.25>, 4  <0.625>}
x[4,5]{0  <0.3333333333333333>, 1  <0.3333333333333333>, 2  <0.3333333333333333>}
x[4,6]{6  <1.0>}
x[4,7]{0  <0.5>, 2  <0.5>}
x[5,0]{6  <1.0>}
x[5,1]{3  <1.0>}
x[5,2]{4  <0.3333333333333333>, 5  <0.3333333333333333>, 2  <0.3333333333333333>}
x[5,3]{1  <1.0>}
x[5,4]{0  <0.5>, 4  <0.5>}
x[5,5]{0  <0.25>, 2  <0.75>}
x[5,6]{5  <0.5>, 2  <0.5>}
x[5,7]{7  <1.0>}
x[6,0]{4  <1.0>}
x[6,1]{0  <0.5>, 2  <0.5>}
x[6,2]{5  <0.3333333333333333>, 1  <0.3333333333333333>, 2  <0.3333333333333333>}
x[6,3]{6  <1.0>}
x[6,4]{7  <1.0>}
x[6,5]{0  <0.3333333333333333>, 1  <0.3333333333333333>, 2  <0.3333333333333333>}
x[6,6]{3  <1.0>}
x[6,7]{0  <0.3333333333333333>, 5  <0.3333333333333333>, 2  <0.3333333333333333>}
x[7,0]{1  <1.0>}
x[7,1]{0  <0.3333333333333333>, 4  <0.3333333333333333>, 2  <0.3333333333333333>}
x[7,2]{5  <0.3333333333333333>, 4  <0.3333333333333333>, 2  <0.3333333333333333>}
x[7,3]{7  <1.0>}
x[7,4]{0  <0.3333333333333333>, 3  <0.3333333333333333>, 4  <0.3333333333333333>}
x[7,5]{6  <1.0>}
x[7,6]{5  <0.5>, 2  <0.5>}
x[7,7]{0  <0.07142857142857142>, 5  <0.42857142857142855>, 2  <0.21428571428571427>, 3  <0.2857142857142857>}
problem entropy = 0.9762475862493039
smallest variable entropy = 0.5623351446188083
##### after BP iteration 2 #####
x[0,0]{3  <1.0>}
x[0,1]{1  <1.0>}
x[0,2]{0  <1.0>}
x[0,3]{2  <1.0>}
x[0,4]{5  <1.0>}
x[0,5]{7  <1.0>}
x[0,6]{4  <1.0>}
x[0,7]{6  <1.0>}
x[1,0]{2  <1.0>}
x[1,1]{7  <1.0>}
x[1,2]{3  <1.0>}
x[1,3]{0  <1.0>}
x[1,4]{6  <1.0>}
x[1,5]{5  <1.0>}
x[1,6]{1  <1.0>}
x[1,7]{4  <1.0>}
x[2,0]{0  <1.0>}
x[2,1]{5  <1.0>}
x[2,2]{6  <1.0>}
x[2,3]{4  <1.0>}
x[2,4]{2  <1.0>}
x[2,5]{3  <1.0>}
x[2,6]{7  <1.0>}
x[2,7]{1  <1.0>}
x[3,0]{7  <1.0>}
x[3,1]{6  <1.0>}
x[3,2]{2  <0.5>, 1  <0.5>}
x[3,3]{5  <1.0>}
x[3,4]{3  <0.5>, 1  <0.5>}
x[3,5]{4  <1.0>}
x[3,6]{0  <1.0>}
x[3,7]{3  <0.5>, 2  <0.5>}
x[4,0]{5  <1.0>}
x[4,1]{0  <0.33333333333333337>, 4  <0.33333333333333337>, 2  <0.33333333333333337>}
x[4,2]{7  <1.0>}
x[4,3]{3  <1.0>}
x[4,4]{0  <0.125>, 1  <0.25>, 4  <0.625>}
x[4,5]{0  <0.3333333333333333>, 1  <0.3333333333333333>, 2  <0.3333333333333333>}
x[4,6]{6  <1.0>}
x[4,7]{0  <0.5>, 2  <0.5>}
x[5,0]{6  <1.0>}
x[5,1]{3  <1.0>}
x[5,2]{4  <0.3333333333333333>, 5  <0.3333333333333333>, 2  <0.3333333333333333>}
x[5,3]{1  <1.0>}
x[5,4]{0  <0.5>, 4  <0.5>}
x[5,5]{0  <0.25>, 2  <0.75>}
x[5,6]{5  <0.5>, 2  <0.5>}
x[5,7]{7  <1.0>}
x[6,0]{4  <1.0>}
x[6,1]{0  <0.5>, 2  <0.5>}
x[6,2]{5  <0.3333333333333333>, 1  <0.3333333333333333>, 2  <0.3333333333333333>}
x[6,3]{6  <1.0>}
x[6,4]{7  <1.0>}
x[6,5]{0  <0.3333333333333333>, 1  <0.3333333333333333>, 2  <0.3333333333333333>}
x[6,6]{3  <1.0>}
x[6,7]{0  <0.3333333333333333>, 5  <0.3333333333333333>, 2  <0.3333333333333333>}
x[7,0]{1  <1.0>}
x[7,1]{0  <0.3333333333333333>, 4  <0.3333333333333333>, 2  <0.3333333333333333>}
x[7,2]{5  <0.3333333333333333>, 4  <0.3333333333333333>, 2  <0.3333333333333333>}
x[7,3]{7  <1.0>}
x[7,4]{0  <0.3333333333333333>, 3  <0.3333333333333333>, 4  <0.3333333333333333>}
x[7,5]{6  <1.0>}
x[7,6]{5  <0.5>, 2  <0.5>}
x[7,7]{0  <0.07142857142857142>, 5  <0.42857142857142855>, 2  <0.21428571428571427>, 3  <0.2857142857142857>}
problem entropy = 0.9762475862493039
smallest variable entropy = 0.5623351446188083
### branching on x[5,5]=2 marginal=0.75
##### after BP iteration 1 #####
x[0,0]{3  <1.0>}
x[0,1]{1  <1.0>}
x[0,2]{0  <1.0>}
x[0,3]{2  <1.0>}
x[0,4]{5  <1.0>}
x[0,5]{7  <1.0>}
x[0,6]{4  <1.0>}
x[0,7]{6  <1.0>}
x[1,0]{2  <1.0>}
x[1,1]{7  <1.0>}
x[1,2]{3  <1.0>}
x[1,3]{0  <1.0>}
x[1,4]{6  <1.0>}
x[1,5]{5  <1.0>}
x[1,6]{1  <1.0>}
x[1,7]{4  <1.0>}
x[2,0]{0  <1.0>}
x[2,1]{5  <1.0>}
x[2,2]{6  <1.0>}
x[2,3]{4  <1.0>}
x[2,4]{2  <1.0>}
x[2,5]{3  <1.0>}
x[2,6]{7  <1.0>}
x[2,7]{1  <1.0>}
x[3,0]{7  <1.0>}
x[3,1]{6  <1.0>}
x[3,2]{2  <0.5>, 1  <0.5>}
x[3,3]{5  <1.0>}
x[3,4]{3  <0.5>, 1  <0.5>}
x[3,5]{4  <1.0>}
x[3,6]{0  <1.0>}
x[3,7]{3  <0.5>, 2  <0.5>}
x[4,0]{5  <1.0>}
x[4,1]{0  <0.3333333333333333>, 4  <0.3333333333333333>, 2  <0.3333333333333333>}
x[4,2]{7  <1.0>}
x[4,3]{3  <1.0>}
x[4,4]{4  <0.7142857142857143>, 1  <0.2857142857142857>}
x[4,5]{0  <0.5>, 1  <0.5>}
x[4,6]{6  <1.0>}
x[4,7]{0  <0.5>, 2  <0.5>}
x[5,0]{6  <1.0>}
x[5,1]{3  <1.0>}
x[5,2]{4  <1.0>}
x[5,3]{1  <1.0>}
x[5,4]{0  <1.0>}
x[5,5]{2  <1.0>}
x[5,6]{5  <1.0>}
x[5,7]{7  <1.0>}
x[6,0]{4  <1.0>}
x[6,1]{0  <0.5>, 2  <0.5>}
x[6,2]{2  <0.5>, 1  <0.5>}
x[6,3]{6  <1.0>}
x[6,4]{7  <1.0>}
x[6,5]{0  <0.5>, 1  <0.5>}
x[6,6]{3  <1.0>}
x[6,7]{5  <1.0>}
x[7,0]{1  <1.0>}
x[7,1]{0  <0.5>, 4  <0.5>}
x[7,2]{5  <1.0>}
x[7,3]{7  <1.0>}
x[7,4]{4  <0.5>, 3  <0.5>}
x[7,5]{6  <1.0>}
x[7,6]{2  <1.0>}
x[7,7]{0  <0.2>, 3  <0.8>}
problem entropy = 0.968080666419538
smallest variable entropy = 0.5004024235381879
##### after BP iteration 2 #####
x[0,0]{3  <1.0>}
x[0,1]{1  <1.0>}
x[0,2]{0  <1.0>}
x[0,3]{2  <1.0>}
x[0,4]{5  <1.0>}
x[0,5]{7  <1.0>}
x[0,6]{4  <1.0>}
x[0,7]{6  <1.0>}
x[1,0]{2  <1.0>}
x[1,1]{7  <1.0>}
x[1,2]{3  <1.0>}
x[1,3]{0  <1.0>}
x[1,4]{6  <1.0>}
x[1,5]{5  <1.0>}
x[1,6]{1  <1.0>}
x[1,7]{4  <1.0>}
x[2,0]{0  <1.0>}
x[2,1]{5  <1.0>}
x[2,2]{6  <1.0>}
x[2,3]{4  <1.0>}
x[2,4]{2  <1.0>}
x[2,5]{3  <1.0>}
x[2,6]{7  <1.0>}
x[2,7]{1  <1.0>}
x[3,0]{7  <1.0>}
x[3,1]{6  <1.0>}
x[3,2]{2  <0.5>, 1  <0.5>}
x[3,3]{5  <1.0>}
x[3,4]{3  <0.5>, 1  <0.5>}
x[3,5]{4  <1.0>}
x[3,6]{0  <1.0>}
x[3,7]{3  <0.5>, 2  <0.5>}
x[4,0]{5  <1.0>}
x[4,1]{0  <0.3333333333333333>, 4  <0.3333333333333333>, 2  <0.3333333333333333>}
x[4,2]{7  <1.0>}
x[4,3]{3  <1.0>}
x[4,4]{4  <0.7142857142857143>, 1  <0.2857142857142857>}
x[4,5]{0  <0.5>, 1  <0.5>}
x[4,6]{6  <1.0>}
x[4,7]{0  <0.5>, 2  <0.5>}
x[5,0]{6  <1.0>}
x[5,1]{3  <1.0>}
x[5,2]{4  <1.0>}
x[5,3]{1  <1.0>}
x[5,4]{0  <1.0>}
x[5,5]{2  <1.0>}
x[5,6]{5  <1.0>}
x[5,7]{7  <1.0>}
x[6,0]{4  <1.0>}
x[6,1]{0  <0.5>, 2  <0.5>}
x[6,2]{2  <0.5>, 1  <0.5>}
x[6,3]{6  <1.0>}
x[6,4]{7  <1.0>}
x[6,5]{0  <0.5>, 1  <0.5>}
x[6,6]{3  <1.0>}
x[6,7]{5  <1.0>}
x[7,0]{1  <1.0>}
x[7,1]{0  <0.5>, 4  <0.5>}
x[7,2]{5  <1.0>}
x[7,3]{7  <1.0>}
x[7,4]{4  <0.5>, 3  <0.5>}
x[7,5]{6  <1.0>}
x[7,6]{2  <1.0>}
x[7,7]{0  <0.2>, 3  <0.8>}
problem entropy = 0.968080666419538
smallest variable entropy = 0.5004024235381879
### branching on x[7,7]=3 marginal=0.8
### branching on x[7,7]!=3
##### after BP iteration 1 #####
x[0,0]{3  <1.0>}
x[0,1]{1  <1.0>}
x[0,2]{0  <1.0>}
x[0,3]{2  <1.0>}
x[0,4]{5  <1.0>}
x[0,5]{7  <1.0>}
x[0,6]{4  <1.0>}
x[0,7]{6  <1.0>}
x[1,0]{2  <1.0>}
x[1,1]{7  <1.0>}
x[1,2]{3  <1.0>}
x[1,3]{0  <1.0>}
x[1,4]{6  <1.0>}
x[1,5]{5  <1.0>}
x[1,6]{1  <1.0>}
x[1,7]{4  <1.0>}
x[2,0]{0  <1.0>}
x[2,1]{5  <1.0>}
x[2,2]{6  <1.0>}
x[2,3]{4  <1.0>}
x[2,4]{2  <1.0>}
x[2,5]{3  <1.0>}
x[2,6]{7  <1.0>}
x[2,7]{1  <1.0>}
x[3,0]{7  <1.0>}
x[3,1]{6  <1.0>}
x[3,2]{2  <1.0>}
x[3,3]{5  <1.0>}
x[3,4]{1  <1.0>}
x[3,5]{4  <1.0>}
x[3,6]{0  <1.0>}
x[3,7]{3  <1.0>}
x[4,0]{5  <1.0>}
x[4,1]{0  <1.0>}
x[4,2]{7  <1.0>}
x[4,3]{3  <1.0>}
x[4,4]{4  <1.0>}
x[4,5]{1  <1.0>}
x[4,6]{6  <1.0>}
x[4,7]{2  <1.0>}
x[5,0]{6  <1.0>}
x[5,1]{3  <1.0>}
x[5,2]{4  <1.0>}
x[5,3]{1  <1.0>}
x[5,4]{0  <1.0>}
x[5,5]{2  <1.0>}
x[5,6]{5  <1.0>}
x[5,7]{7  <1.0>}
x[6,0]{4  <1.0>}
x[6,1]{2  <1.0>}
x[6,2]{1  <1.0>}
x[6,3]{6  <1.0>}
x[6,4]{7  <1.0>}
x[6,5]{0  <1.0>}
x[6,6]{3  <1.0>}
x[6,7]{5  <1.0>}
x[7,0]{1  <1.0>}
x[7,1]{4  <1.0>}
x[7,2]{5  <1.0>}
x[7,3]{7  <1.0>}
x[7,4]{3  <1.0>}
x[7,5]{6  <1.0>}
x[7,6]{2  <1.0>}
x[7,7]{0  <1.0>}
problem entropy = 0.0
smallest variable entropy = 1.7976931348623157E308
### branching on x[5,5]!=2
##### after BP iteration 1 #####
x[0,0]{3  <1.0>}
x[0,1]{1  <1.0>}
x[0,2]{0  <1.0>}
x[0,3]{2  <1.0>}
x[0,4]{5  <1.0>}
x[0,5]{7  <1.0>}
x[0,6]{4  <1.0>}
x[0,7]{6  <1.0>}
x[1,0]{2  <1.0>}
x[1,1]{7  <1.0>}
x[1,2]{3  <1.0>}
x[1,3]{0  <1.0>}
x[1,4]{6  <1.0>}
x[1,5]{5  <1.0>}
x[1,6]{1  <1.0>}
x[1,7]{4  <1.0>}
x[2,0]{0  <1.0>}
x[2,1]{5  <1.0>}
x[2,2]{6  <1.0>}
x[2,3]{4  <1.0>}
x[2,4]{2  <1.0>}
x[2,5]{3  <1.0>}
x[2,6]{7  <1.0>}
x[2,7]{1  <1.0>}
x[3,0]{7  <1.0>}
x[3,1]{6  <1.0>}
x[3,2]{2  <0.5>, 1  <0.5>}
x[3,3]{5  <1.0>}
x[3,4]{1  <0.5>, 3  <0.5>}
x[3,5]{4  <1.0>}
x[3,6]{0  <1.0>}
x[3,7]{3  <0.5>, 2  <0.5>}
x[4,0]{5  <1.0>}
x[4,1]{4  <1.0>}
x[4,2]{7  <1.0>}
x[4,3]{3  <1.0>}
x[4,4]{0  <0.3333333333333333>, 1  <0.6666666666666666>}
x[4,5]{1  <0.5>, 2  <0.5>}
x[4,6]{6  <1.0>}
x[4,7]{2  <0.5>, 0  <0.5>}
x[5,0]{6  <1.0>}
x[5,1]{3  <1.0>}
x[5,2]{2  <0.5>, 5  <0.5>}
x[5,3]{1  <1.0>}
x[5,4]{4  <1.0>}
x[5,5]{0  <1.0>}
x[5,6]{5  <0.5>, 2  <0.5>}
x[5,7]{7  <1.0>}
x[6,0]{4  <1.0>}
x[6,1]{2  <0.5>, 0  <0.5>}
x[6,2]{1  <0.3333333333333333>, 2  <0.3333333333333333>, 5  <0.3333333333333333>}
x[6,3]{6  <1.0>}
x[6,4]{7  <1.0>}
x[6,5]{2  <0.5>, 1  <0.5>}
x[6,6]{3  <1.0>}
x[6,7]{5  <0.3333333333333333>, 2  <0.3333333333333333>, 0  <0.3333333333333333>}
x[7,0]{1  <1.0>}
x[7,1]{2  <0.5>, 0  <0.5>}
x[7,2]{4  <1.0>}
x[7,3]{7  <1.0>}
x[7,4]{3  <0.5>, 0  <0.5>}
x[7,5]{6  <1.0>}
x[7,6]{2  <0.5>, 5  <0.5>}
x[7,7]{0  <0.07142857142857142>, 3  <0.2857142857142857>, 5  <0.42857142857142855>, 2  <0.21428571428571427>}
problem entropy = 0.9882825664192897
smallest variable entropy = 0.6365141682948128
##### after BP iteration 2 #####
x[0,0]{3  <1.0>}
x[0,1]{1  <1.0>}
x[0,2]{0  <1.0>}
x[0,3]{2  <1.0>}
x[0,4]{5  <1.0>}
x[0,5]{7  <1.0>}
x[0,6]{4  <1.0>}
x[0,7]{6  <1.0>}
x[1,0]{2  <1.0>}
x[1,1]{7  <1.0>}
x[1,2]{3  <1.0>}
x[1,3]{0  <1.0>}
x[1,4]{6  <1.0>}
x[1,5]{5  <1.0>}
x[1,6]{1  <1.0>}
x[1,7]{4  <1.0>}
x[2,0]{0  <1.0>}
x[2,1]{5  <1.0>}
x[2,2]{6  <1.0>}
x[2,3]{4  <1.0>}
x[2,4]{2  <1.0>}
x[2,5]{3  <1.0>}
x[2,6]{7  <1.0>}
x[2,7]{1  <1.0>}
x[3,0]{7  <1.0>}
x[3,1]{6  <1.0>}
x[3,2]{2  <0.5>, 1  <0.5>}
x[3,3]{5  <1.0>}
x[3,4]{1  <0.5>, 3  <0.5>}
x[3,5]{4  <1.0>}
x[3,6]{0  <1.0>}
x[3,7]{3  <0.5>, 2  <0.5>}
x[4,0]{5  <1.0>}
x[4,1]{4  <1.0>}
x[4,2]{7  <1.0>}
x[4,3]{3  <1.0>}
x[4,4]{0  <0.3333333333333333>, 1  <0.6666666666666666>}
x[4,5]{1  <0.5>, 2  <0.5>}
x[4,6]{6  <1.0>}
x[4,7]{2  <0.5>, 0  <0.5>}
x[5,0]{6  <1.0>}
x[5,1]{3  <1.0>}
x[5,2]{2  <0.5>, 5  <0.5>}
x[5,3]{1  <1.0>}
x[5,4]{4  <1.0>}
x[5,5]{0  <1.0>}
x[5,6]{5  <0.5>, 2  <0.5>}
x[5,7]{7  <1.0>}
x[6,0]{4  <1.0>}
x[6,1]{2  <0.5>, 0  <0.5>}
x[6,2]{1  <0.3333333333333333>, 2  <0.3333333333333333>, 5  <0.3333333333333333>}
x[6,3]{6  <1.0>}
x[6,4]{7  <1.0>}
x[6,5]{2  <0.5>, 1  <0.5>}
x[6,6]{3  <1.0>}
x[6,7]{5  <0.3333333333333333>, 2  <0.3333333333333333>, 0  <0.3333333333333333>}
x[7,0]{1  <1.0>}
x[7,1]{2  <0.5>, 0  <0.5>}
x[7,2]{4  <1.0>}
x[7,3]{7  <1.0>}
x[7,4]{3  <0.5>, 0  <0.5>}
x[7,5]{6  <1.0>}
x[7,6]{2  <0.5>, 5  <0.5>}
x[7,7]{0  <0.07142857142857142>, 3  <0.2857142857142857>, 5  <0.42857142857142855>, 2  <0.21428571428571427>}
problem entropy = 0.9882825664192897
smallest variable entropy = 0.6365141682948128

	#choice: 9
	#fail: 1
	execution time (ms): 96
	#sols : 1
	completed : false

