{7  <1.0>, 1  <1.0>, 4  <1.0>, 5  <1.0>}
model: sum-product-oracle
FINAL DAMPING FACTOR = 1.0
##### after BP iteration 1 #####
x[0,0]{7  <0.2739566105652301>, 1  <0.1620780231540033>, 4  <0.40519505788500826>, 5  <0.15877030839575831>}
x[0,1]{2  <0.6945606694560669>, 5  <0.3054393305439331>}
x[0,2]{4  <0.23875432525951562>, 1  <0.7612456747404843>}
x[0,3]{0  <0.4133738601823708>, 5  <0.15273556231003038>, 2  <0.15273556231003038>, 4  <0.28115501519756836>}
x[0,4]{6  <1.0>}
x[0,5]{0  <0.5508819538670285>, 5  <0.1420994202541014>, 2  <0.1935364499814975>, 7  <0.03453805353398299>, 4  <0.07894412236338967>}
x[0,6]{7  <0.03213844252163164>, 1  <0.07571075401730529>, 2  <0.12051915945611867>, 3  <0.6872682323856615>, 5  <0.08436341161928305>}
x[0,7]{7  <0.8080808080808081>, 3  <0.1919191919191919>}
x[1,0]{0  <1.0>}
x[1,1]{5  <0.6440677966101696>, 2  <0.35593220338983045>}
x[1,2]{3  <1.0>}
x[1,3]{5  <0.5338031845471157>, 2  <0.46619681545288433>}
x[1,4]{7  <1.0>}
x[1,5]{1  <1.0>}
x[1,6]{6  <1.0>}
x[1,7]{4  <1.0>}
x[2,0]{3  <1.0>}
x[2,1]{7  <1.0>}
x[2,2]{5  <1.0>}
x[2,3]{4  <0.5681411801290522>, 6  <0.4318588198709478>}
x[2,4]{1  <1.0>}
x[2,5]{4  <0.606621631653181>, 6  <0.39337836834681916>}
x[2,6]{0  <1.0>}
x[2,7]{2  <1.0>}
x[3,0]{5  <0.5082427954192709>, 7  <0.08179873316833759>, 6  <0.4099584714123915>}
x[3,1]{1  <1.0>}
x[3,2]{0  <0.8517699115044248>, 7  <0.07300884955752215>, 6  <0.0752212389380531>}
x[3,3]{0  <0.013763348074641343>, 5  <0.3009384100959983>, 2  <0.12037536403839932>, 6  <0.564922877790961>}
x[3,4]{4  <1.0>}
x[3,5]{0  <0.0769788241948598>, 7  <0.03929366846961502>, 2  <0.7144624739279528>, 5  <0.1312667606017908>, 6  <0.03799827280578156>}
x[3,6]{5  <0.19255259538485042>, 7  <0.04900412612704397>, 2  <0.38714278437165717>, 3  <0.37130049411644855>}
x[3,7]{3  <0.23056057866184446>, 7  <0.7694394213381556>}
x[4,0]{5  <0.12627543829979143>, 1  <0.2991713174361575>, 4  <0.5745532442640511>}
x[4,1]{0  <1.0>}
x[4,2]{2  <1.0>}
x[4,3]{7  <1.0>}
x[4,4]{3  <1.0>}
x[4,5]{5  <0.5362507104002597>, 4  <0.46374928959974027>}
x[4,6]{5  <0.07019729539946087>, 1  <0.9298027046005392>}
x[4,7]{6  <1.0>}
x[5,0]{2  <1.0>}
x[5,1]{3  <1.0>}
x[5,2]{7  <0.39622641509433953>, 6  <0.6037735849056605>}
x[5,3]{1  <1.0>}
x[5,4]{5  <1.0>}
x[5,5]{7  <0.8115072602086031>, 6  <0.18849273979139683>}
x[5,6]{4  <1.0>}
x[5,7]{0  <1.0>}
x[6,0]{4  <0.39506172839506165>, 1  <0.4809447128287708>, 7  <0.1239935587761675>}
x[6,1]{6  <1.0>}
x[6,2]{4  <0.5382585751978892>, 1  <0.4617414248021107>}
x[6,3]{0  <0.40950037885520235>, 4  <0.09359126668599922>, 2  <0.4969083544587984>}
x[6,4]{0  <0.38164251207729466>, 2  <0.6183574879227053>}
x[6,5]{3  <1.0>}
x[6,6]{7  <0.8994197292069633>, 1  <0.030705996131528045>, 2  <0.0698742746615087>}
x[6,7]{5  <1.0>}
x[7,0]{7  <0.1394639481344885>, 5  <0.33778690140681716>, 6  <0.5227491504586944>}
x[7,1]{4  <1.0>}
x[7,2]{0  <0.17532467532467533>, 7  <0.4090909090909091>, 6  <0.41558441558441556>}
x[7,3]{3  <1.0>}
x[7,4]{0  <0.3518518518518518>, 2  <0.6481481481481483>}
x[7,5]{0  <0.1516655927417088>, 5  <0.38989962765796427>, 2  <0.22797624968106592>, 6  <0.1281098776590454>, 7  <0.10234865226021564>}
x[7,6]{7  <0.051990796027145854>, 5  <0.8122797308711737>, 2  <0.13572947310168057>}
x[7,7]{1  <1.0>}
problem entropy = 0.0
smallest variable entropy = 1.7976931348623157E308
### branching on x[0,1]=2
##### after BP iteration 1 #####
x[0,0]{7  <0.12305042811439759>, 1  <0.12496343306649448>, 4  <0.24382882912078696>, 5  <0.5081573096983208>}
x[0,1]{2  <1.0>}
x[0,2]{4  <0.1912778599236108>, 1  <0.8087221400763892>}
x[0,3]{0  <0.0774234780741456>, 5  <0.41812248930111184>, 4  <0.5044540326247426>}
x[0,4]{6  <1.0>}
x[0,5]{0  <0.844345724034825>, 5  <0.09918527751323497>, 4  <0.04583824434355209>, 7  <0.010630754108387845>}
x[0,6]{7  <0.01599281427015642>, 1  <0.009233631883971504>, 5  <0.038207288314126786>, 3  <0.9365662655317452>}
x[0,7]{7  <0.6744881342955386>, 3  <0.3255118657044615>}
x[1,0]{0  <1.0>}
x[1,1]{5  <1.0>}
x[1,2]{3  <1.0>}
x[1,3]{2  <1.0>}
x[1,4]{7  <1.0>}
x[1,5]{1  <1.0>}
x[1,6]{6  <1.0>}
x[1,7]{4  <1.0>}
x[2,0]{3  <1.0>}
x[2,1]{7  <1.0>}
x[2,2]{5  <1.0>}
x[2,3]{4  <0.4302931120179248>, 6  <0.5697068879820752>}
x[2,4]{1  <1.0>}
x[2,5]{4  <0.2868803994356151>, 6  <0.7131196005643847>}
x[2,6]{0  <1.0>}
x[2,7]{2  <1.0>}
x[3,0]{5  <0.4683649067291277>, 7  <0.25373117609014795>, 6  <0.27790391718072427>}
x[3,1]{1  <1.0>}
x[3,2]{0  <0.9427613417176472>, 7  <0.05156933993829335>, 6  <0.005669318344059569>}
x[3,3]{0  <0.0046049544242494364>, 5  <0.6357192584049871>, 6  <0.35967578717076354>}
x[3,4]{4  <1.0>}
x[3,5]{0  <0.021680814386983768>, 7  <0.06672242199680642>, 2  <0.8832571875134136>, 5  <0.018659549554534045>, 6  <0.00968002654826208>}
x[3,6]{5  <0.06245214911690014>, 7  <0.05568634761636533>, 2  <0.4631001691916671>, 3  <0.4187613340750674>}
x[3,7]{3  <0.5508851888153523>, 7  <0.44911481118464774>}
x[4,0]{5  <0.2193943994252832>, 1  <0.10204962590552327>, 4  <0.6785559746691936>}
x[4,1]{0  <1.0>}
x[4,2]{2  <1.0>}
x[4,3]{7  <1.0>}
x[4,4]{3  <1.0>}
x[4,5]{5  <0.7877870736999156>, 4  <0.2122129263000844>}
x[4,6]{5  <0.11674274598149119>, 1  <0.8832572540185087>}
x[4,7]{6  <1.0>}
x[5,0]{2  <1.0>}
x[5,1]{3  <1.0>}
x[5,2]{7  <0.19109799421489046>, 6  <0.8089020057851095>}
x[5,3]{1  <1.0>}
x[5,4]{5  <1.0>}
x[5,5]{7  <0.6077481605817591>, 6  <0.3922518394182409>}
x[5,6]{4  <1.0>}
x[5,7]{0  <1.0>}
x[6,0]{4  <0.18279043306320084>, 1  <0.5779217695645961>, 7  <0.23928779737220304>}
x[6,1]{6  <1.0>}
x[6,2]{4  <0.6762398100829129>, 1  <0.32376018991708705>}
x[6,3]{0  <0.8979801547850977>, 4  <0.10201984521490229>}
x[6,4]{0  <0.20508209071801256>, 2  <0.7949179092819875>}
x[6,5]{3  <1.0>}
x[6,6]{7  <0.6905911573939889>, 1  <0.015183415384323998>, 2  <0.2942254272216871>}
x[6,7]{5  <1.0>}
x[7,0]{7  <0.2883164616504817>, 5  <0.07891775287761221>, 6  <0.6327657854719061>}
x[7,1]{4  <1.0>}
x[7,2]{0  <0.07521972948127512>, 7  <0.7779211076937649>, 6  <0.14685916282496>}
x[7,3]{3  <1.0>}
x[7,4]{0  <0.7331505183447251>, 2  <0.26684948165527483>}
x[7,5]{0  <0.21552097354272381>, 5  <0.13428596833564016>, 2  <0.18179889224635087>, 6  <0.18530460304073987>, 7  <0.2830895628345453>}
x[7,6]{7  <0.06142333152546395>, 5  <0.5628559390685346>, 2  <0.3757207294060014>}
x[7,7]{1  <1.0>}
problem entropy = 0.0
smallest variable entropy = 1.7976931348623157E308
### branching on x[0,2]=4
##### after BP iteration 1 #####
x[0,0]{7  <0.035265953971148116>, 1  <0.9637488253924538>, 5  <9.852206363981347E-4>}
x[0,1]{2  <1.0>}
x[0,2]{4  <1.0>}
x[0,3]{0  <0.01593438148038599>, 5  <0.984065618519614>}
x[0,4]{6  <1.0>}
x[0,5]{0  <0.8919274828527874>, 5  <0.0817213039318265>, 7  <0.026351213215386058>}
x[0,6]{7  <0.04863279940530705>, 1  <0.8582920632135188>, 5  <0.007984578838618991>, 3  <0.08509055854255515>}
x[0,7]{7  <0.6362732012808945>, 3  <0.36372679871910546>}
x[1,0]{0  <1.0>}
x[1,1]{5  <1.0>}
x[1,2]{3  <1.0>}
x[1,3]{2  <1.0>}
x[1,4]{7  <1.0>}
x[1,5]{1  <1.0>}
x[1,6]{6  <1.0>}
x[1,7]{4  <1.0>}
x[2,0]{3  <1.0>}
x[2,1]{7  <1.0>}
x[2,2]{5  <1.0>}
x[2,3]{4  <0.9405806932240494>, 6  <0.05941930677595059>}
x[2,4]{1  <1.0>}
x[2,5]{4  <0.8054889064918744>, 6  <0.19451109350812557>}
x[2,6]{0  <1.0>}
x[2,7]{2  <1.0>}
x[3,0]{5  <0.20444072008934264>, 7  <0.33096276009350156>, 6  <0.4645965198171557>}
x[3,1]{1  <1.0>}
x[3,2]{0  <0.9417898793598394>, 7  <0.05281537615694661>, 6  <0.005394744483214064>}
x[3,3]{0  <0.0034202141186102297>, 5  <0.06106178598317599>, 6  <0.9355179998982138>}
x[3,4]{4  <1.0>}
x[3,5]{0  <0.06991425569269734>, 7  <0.2972927863677773>, 2  <0.45808731428384797>, 5  <0.07956492338931874>, 6  <0.09514072026635867>}
x[3,6]{5  <0.1894412159922449>, 7  <0.19926422946310432>, 2  <0.37791631129020115>, 3  <0.2333782432544497>}
x[3,7]{3  <0.8522054892449508>, 7  <0.1477945107550492>}
x[4,0]{5  <0.2016300055198393>, 1  <0.20187111108103406>, 4  <0.5964988833991266>}
x[4,1]{0  <1.0>}
x[4,2]{2  <1.0>}
x[4,3]{7  <1.0>}
x[4,4]{3  <1.0>}
x[4,5]{5  <0.5394623515266262>, 4  <0.46053764847337375>}
x[4,6]{5  <0.046459468854864065>, 1  <0.9535405311451358>}
x[4,7]{6  <1.0>}
x[5,0]{2  <1.0>}
x[5,1]{3  <1.0>}
x[5,2]{7  <0.1535915097883648>, 6  <0.8464084902116352>}
x[5,3]{1  <1.0>}
x[5,4]{5  <1.0>}
x[5,5]{7  <0.6757710393605381>, 6  <0.3242289606394619>}
x[5,6]{4  <1.0>}
x[5,7]{0  <1.0>}
x[6,0]{4  <0.41464282475777225>, 7  <0.5853571752422277>}
x[6,1]{6  <1.0>}
x[6,2]{1  <1.0>}
x[6,3]{0  <0.4668947302321744>, 4  <0.5331052697678256>}
x[6,4]{0  <0.4673458938860934>, 2  <0.5326541061139067>}
x[6,5]{3  <1.0>}
x[6,6]{7  <0.34197908927776116>, 2  <0.6580209107222388>}
x[6,7]{5  <1.0>}
x[7,0]{7  <0.09373348934642614>, 5  <0.13249328182895384>, 6  <0.77377322882462>}
x[7,1]{4  <1.0>}
x[7,2]{0  <0.05892879698599797>, 7  <0.8285462621688031>, 6  <0.11252494084519891>}
x[7,3]{3  <1.0>}
x[7,4]{0  <0.9193835578124306>, 2  <0.08061644218756937>}
x[7,5]{0  <0.13554908325060705>, 5  <0.3957220876391708>, 2  <0.21493585749949506>, 6  <0.1361664037662911>, 7  <0.11762656784443597>}
x[7,6]{7  <0.028578153784945718>, 5  <0.5230878840995545>, 2  <0.4483339621154997>}
x[7,7]{1  <1.0>}
problem entropy = 0.0
smallest variable entropy = 1.7976931348623157E308
### branching on x[0,3]=0
##### after BP iteration 1 #####
x[0,0]{1  <1.0>}
x[0,1]{2  <1.0>}
x[0,2]{4  <1.0>}
x[0,3]{0  <1.0>}
x[0,4]{6  <1.0>}
x[0,5]{7  <1.0>}
x[0,6]{5  <1.0>}
x[0,7]{3  <1.0>}
x[1,0]{0  <1.0>}
x[1,1]{5  <1.0>}
x[1,2]{3  <1.0>}
x[1,3]{2  <1.0>}
x[1,4]{7  <1.0>}
x[1,5]{1  <1.0>}
x[1,6]{6  <1.0>}
x[1,7]{4  <1.0>}
x[2,0]{3  <1.0>}
x[2,1]{7  <1.0>}
x[2,2]{5  <1.0>}
x[2,3]{6  <1.0>}
x[2,4]{1  <1.0>}
x[2,5]{4  <1.0>}
x[2,6]{0  <1.0>}
x[2,7]{2  <1.0>}
x[3,0]{6  <1.0>}
x[3,1]{1  <1.0>}
x[3,2]{0  <1.0>}
x[3,3]{5  <1.0>}
x[3,4]{4  <1.0>}
x[3,5]{2  <1.0>}
x[3,6]{3  <1.0>}
x[3,7]{7  <1.0>}
x[4,0]{4  <1.0>}
x[4,1]{0  <1.0>}
x[4,2]{2  <1.0>}
x[4,3]{7  <1.0>}
x[4,4]{3  <1.0>}
x[4,5]{5  <1.0>}
x[4,6]{1  <1.0>}
x[4,7]{6  <1.0>}
x[5,0]{2  <1.0>}
x[5,1]{3  <1.0>}
x[5,2]{7  <1.0>}
x[5,3]{1  <1.0>}
x[5,4]{5  <1.0>}
x[5,5]{6  <1.0>}
x[5,6]{4  <1.0>}
x[5,7]{0  <1.0>}
x[6,0]{7  <1.0>}
x[6,1]{6  <1.0>}
x[6,2]{1  <1.0>}
x[6,3]{4  <1.0>}
x[6,4]{0  <1.0>}
x[6,5]{3  <1.0>}
x[6,6]{2  <1.0>}
x[6,7]{5  <1.0>}
x[7,0]{5  <1.0>}
x[7,1]{4  <1.0>}
x[7,2]{6  <1.0>}
x[7,3]{3  <1.0>}
x[7,4]{2  <1.0>}
x[7,5]{0  <1.0>}
x[7,6]{7  <1.0>}
x[7,7]{1  <1.0>}
problem entropy = 0.0
smallest variable entropy = 1.7976931348623157E308
### branching on x[0,3]!=0
##### after BP iteration 1 #####
x[0,0]{1  <0.9076333062404697>, 7  <0.09236669375953031>}
x[0,1]{2  <1.0>}
x[0,2]{4  <1.0>}
x[0,3]{5  <1.0>}
x[0,4]{6  <1.0>}
x[0,5]{0  <1.0>}
x[0,6]{1  <0.049569677429565154>, 7  <0.30661785564519034>, 3  <0.6438124669252445>}
x[0,7]{3  <0.27453864736061495>, 7  <0.7254613526393852>}
x[1,0]{0  <1.0>}
x[1,1]{5  <1.0>}
x[1,2]{3  <1.0>}
x[1,3]{2  <1.0>}
x[1,4]{7  <1.0>}
x[1,5]{1  <1.0>}
x[1,6]{6  <1.0>}
x[1,7]{4  <1.0>}
x[2,0]{3  <1.0>}
x[2,1]{7  <1.0>}
x[2,2]{5  <1.0>}
x[2,3]{6  <0.17141903730974217>, 4  <0.8285809626902578>}
x[2,4]{1  <1.0>}
x[2,5]{4  <0.19142614461193183>, 6  <0.8085738553880681>}
x[2,6]{0  <1.0>}
x[2,7]{2  <1.0>}
x[3,0]{6  <0.002954545468063028>, 7  <0.3153966343367225>, 5  <0.6816488201952146>}
x[3,1]{1  <1.0>}
x[3,2]{0  <0.9964184600892348>, 7  <0.002452777897391074>, 6  <0.0011287620133740043>}
x[3,3]{0  <0.051254669254486046>, 6  <0.9487453307455139>}
x[3,4]{4  <1.0>}
x[3,5]{2  <0.5363407301094586>, 5  <0.16948158515335873>, 7  <0.29333584508643457>, 6  <8.418396507480683E-4>}
x[3,6]{3  <0.4091783725318211>, 7  <0.19329480633476498>, 2  <0.12067475778190552>, 5  <0.2768520633515084>}
x[3,7]{7  <0.09018964539714404>, 3  <0.909810354602856>}
x[4,0]{4  <0.5662311391416973>, 5  <0.41030369461318933>, 1  <0.02346516624511334>}
x[4,1]{0  <1.0>}
x[4,2]{2  <1.0>}
x[4,3]{7  <1.0>}
x[4,4]{3  <1.0>}
x[4,5]{5  <0.7208490393667676>, 4  <0.2791509606332325>}
x[4,6]{1  <0.09101945946698119>, 5  <0.9089805405330189>}
x[4,7]{6  <1.0>}
x[5,0]{2  <1.0>}
x[5,1]{3  <1.0>}
x[5,2]{7  <0.21334684925284284>, 6  <0.7866531507471572>}
x[5,3]{1  <1.0>}
x[5,4]{5  <1.0>}
x[5,5]{6  <0.29960288491758913>, 7  <0.700397115082411>}
x[5,6]{4  <1.0>}
x[5,7]{0  <1.0>}
x[6,0]{7  <0.4538118028038744>, 4  <0.5461881971961255>}
x[6,1]{6  <1.0>}
x[6,2]{1  <1.0>}
x[6,3]{4  <0.01784635708045611>, 0  <0.9821536429195439>}
x[6,4]{0  <0.19968219144154925>, 2  <0.8003178085584508>}
x[6,5]{3  <1.0>}
x[6,6]{2  <0.1208601239754035>, 7  <0.8791398760245965>}
x[6,7]{5  <1.0>}
x[7,0]{5  <0.39160440535135294>, 7  <0.042051559018893986>, 6  <0.5663440356297531>}
x[7,1]{4  <1.0>}
x[7,2]{6  <0.12774098895027716>, 7  <0.8421936122385617>, 0  <0.030065398811161086>}
x[7,3]{3  <1.0>}
x[7,4]{2  <0.1786063396395771>, 0  <0.8213936603604229>}
x[7,5]{5  <0.10231036259610646>, 2  <0.8315514952103963>, 7  <0.01731821859202474>, 6  <0.04881992360147248>}
x[7,6]{7  <0.040341369022518>, 5  <0.26749942571926877>, 2  <0.6921592052582132>}
x[7,7]{1  <1.0>}
problem entropy = 0.0
smallest variable entropy = 1.7976931348623157E308

	#choice: 4
	#fail: 0
	execution time (ms): 56
	#sols : 1
	completed : false

