{6  <1.0>}
model: sum-product-no-init
FINAL DAMPING FACTOR = 1.0
##### after BP iteration 1 #####
x[0,0]{6  <1.0>}
x[0,1]{4  <0.9642857142857143>, 1  <0.0357142857142857>}
x[0,2]{7  <0.39999999999999997>, 1  <0.6000000000000001>}
x[0,3]{2  <1.0>}
x[0,4]{5  <1.0>}
x[0,5]{3  <1.0>}
x[0,6]{0  <1.0>}
x[0,7]{4  <0.04761904761904761>, 1  <0.19047619047619044>, 7  <0.761904761904762>}
x[1,0]{3  <1.0>}
x[1,1]{7  <1.0>}
x[1,2]{5  <0.18072289156626503>, 6  <0.09638554216867472>, 2  <0.7228915662650601>}
x[1,3]{0  <1.0>}
x[1,4]{1  <1.0>}
x[1,5]{5  <0.7368421052631579>, 2  <0.2631578947368421>}
x[1,6]{4  <1.0>}
x[1,7]{2  <0.2857142857142857>, 6  <0.7142857142857142>}
x[2,0]{1  <1.0>}
x[2,1]{3  <1.0>}
x[2,2]{2  <0.3>, 5  <0.7>}
x[2,3]{7  <1.0>}
x[2,4]{0  <1.0>}
x[2,5]{4  <0.375>, 5  <0.12499999999999999>, 2  <0.5000000000000001>}
x[2,6]{6  <1.0>}
x[2,7]{4  <0.627906976744186>, 2  <0.37209302325581395>}
x[3,0]{5  <1.0>}
x[3,1]{6  <1.0>}
x[3,2]{3  <0.75>, 7  <0.25>}
x[3,3]{4  <1.0>}
x[3,4]{2  <1.0>}
x[3,5]{1  <1.0>}
x[3,6]{3  <0.19999999999999998>, 7  <0.8>}
x[3,7]{0  <1.0>}
x[4,0]{0  <1.0>}
x[4,1]{4  <0.05882352941176471>, 1  <0.9411764705882354>}
x[4,2]{6  <0.7241379310344828>, 2  <0.27586206896551724>}
x[4,3]{3  <1.0>}
x[4,4]{7  <1.0>}
x[4,5]{2  <0.4>, 4  <0.6000000000000001>}
x[4,6]{5  <1.0>}
x[4,7]{4  <0.15789473684210528>, 1  <0.052631578947368425>, 2  <0.6315789473684211>, 6  <0.15789473684210528>}
x[5,0]{4  <1.0>}
x[5,1]{2  <1.0>}
x[5,2]{0  <1.0>}
x[5,3]{5  <1.0>}
x[5,4]{6  <1.0>}
x[5,5]{7  <1.0>}
x[5,6]{1  <1.0>}
x[5,7]{3  <1.0>}
x[6,0]{2  <1.0>}
x[6,1]{5  <1.0>}
x[6,2]{3  <0.2142857142857142>, 1  <0.5714285714285715>, 7  <0.2142857142857142>}
x[6,3]{6  <1.0>}
x[6,4]{4  <1.0>}
x[6,5]{0  <1.0>}
x[6,6]{3  <0.7000000000000001>, 7  <0.3>}
x[6,7]{7  <0.38461538461538464>, 1  <0.6153846153846154>}
x[7,0]{7  <1.0>}
x[7,1]{0  <1.0>}
x[7,2]{4  <1.0>}
x[7,3]{1  <1.0>}
x[7,4]{3  <1.0>}
x[7,5]{6  <1.0>}
x[7,6]{2  <1.0>}
x[7,7]{5  <1.0>}
problem entropy = 0.0
smallest variable entropy = 1.7976931348623157E308
### branching on x[0,1]=4
### branching on x[0,2]=1
##### after BP iteration 1 #####
x[0,0]{6  <1.0>}
x[0,1]{4  <1.0>}
x[0,2]{1  <1.0>}
x[0,3]{2  <1.0>}
x[0,4]{5  <1.0>}
x[0,5]{3  <1.0>}
x[0,6]{0  <1.0>}
x[0,7]{7  <1.0>}
x[1,0]{3  <1.0>}
x[1,1]{7  <1.0>}
x[1,2]{5  <0.17543859649122803>, 6  <0.21052631578947373>, 2  <0.6140350877192982>}
x[1,3]{0  <1.0>}
x[1,4]{1  <1.0>}
x[1,5]{5  <0.8936170212765958>, 2  <0.10638297872340419>}
x[1,6]{4  <1.0>}
x[1,7]{2  <0.09090909090909093>, 6  <0.9090909090909092>}
x[2,0]{1  <1.0>}
x[2,1]{3  <1.0>}
x[2,2]{2  <0.09725223834516827>, 5  <0.9027477616548317>}
x[2,3]{7  <1.0>}
x[2,4]{0  <1.0>}
x[2,5]{4  <0.36661211129296234>, 5  <0.22094926350245495>, 2  <0.41243862520458263>}
x[2,6]{6  <1.0>}
x[2,7]{4  <0.7857142857142857>, 2  <0.21428571428571422>}
x[3,0]{5  <1.0>}
x[3,1]{6  <1.0>}
x[3,2]{3  <0.6666666666666667>, 7  <0.33333333333333337>}
x[3,3]{4  <1.0>}
x[3,4]{2  <1.0>}
x[3,5]{1  <1.0>}
x[3,6]{3  <0.125>, 7  <0.8750000000000001>}
x[3,7]{0  <1.0>}
x[4,0]{0  <1.0>}
x[4,1]{1  <1.0>}
x[4,2]{6  <0.8955223880597015>, 2  <0.10447761194029856>}
x[4,3]{3  <1.0>}
x[4,4]{7  <1.0>}
x[4,5]{2  <0.17166212534059946>, 4  <0.8283378746594007>}
x[4,6]{5  <1.0>}
x[4,7]{4  <0.23529411764705882>, 6  <0.23529411764705885>, 2  <0.5294117647058824>}
x[5,0]{4  <1.0>}
x[5,1]{2  <1.0>}
x[5,2]{0  <1.0>}
x[5,3]{5  <1.0>}
x[5,4]{6  <1.0>}
x[5,5]{7  <1.0>}
x[5,6]{1  <1.0>}
x[5,7]{3  <1.0>}
x[6,0]{2  <1.0>}
x[6,1]{5  <1.0>}
x[6,2]{3  <0.5>, 7  <0.5>}
x[6,3]{6  <1.0>}
x[6,4]{4  <1.0>}
x[6,5]{0  <1.0>}
x[6,6]{3  <0.6666666666666667>, 7  <0.3333333333333333>}
x[6,7]{1  <1.0>}
x[7,0]{7  <1.0>}
x[7,1]{0  <1.0>}
x[7,2]{4  <1.0>}
x[7,3]{1  <1.0>}
x[7,4]{3  <1.0>}
x[7,5]{6  <1.0>}
x[7,6]{2  <1.0>}
x[7,7]{5  <1.0>}
problem entropy = 0.0
smallest variable entropy = 1.7976931348623157E308
### branching on x[1,5]=5
### branching on x[1,2]=2
##### after BP iteration 1 #####
x[0,0]{6  <1.0>}
x[0,1]{4  <1.0>}
x[0,2]{1  <1.0>}
x[0,3]{2  <1.0>}
x[0,4]{5  <1.0>}
x[0,5]{3  <1.0>}
x[0,6]{0  <1.0>}
x[0,7]{7  <1.0>}
x[1,0]{3  <1.0>}
x[1,1]{7  <1.0>}
x[1,2]{2  <1.0>}
x[1,3]{0  <1.0>}
x[1,4]{1  <1.0>}
x[1,5]{5  <1.0>}
x[1,6]{4  <1.0>}
x[1,7]{6  <1.0>}
x[2,0]{1  <1.0>}
x[2,1]{3  <1.0>}
x[2,2]{5  <1.0>}
x[2,3]{7  <1.0>}
x[2,4]{0  <1.0>}
x[2,5]{4  <0.12328767123287672>, 2  <0.8767123287671234>}
x[2,6]{6  <1.0>}
x[2,7]{4  <0.6000000000000001>, 2  <0.39999999999999997>}
x[3,0]{5  <1.0>}
x[3,1]{6  <1.0>}
x[3,2]{3  <0.7000000000000001>, 7  <0.3>}
x[3,3]{4  <1.0>}
x[3,4]{2  <1.0>}
x[3,5]{1  <1.0>}
x[3,6]{3  <0.5>, 7  <0.5>}
x[3,7]{0  <1.0>}
x[4,0]{0  <1.0>}
x[4,1]{1  <1.0>}
x[4,2]{6  <1.0>}
x[4,3]{3  <1.0>}
x[4,4]{7  <1.0>}
x[4,5]{2  <0.37209302325581406>, 4  <0.627906976744186>}
x[4,6]{5  <1.0>}
x[4,7]{4  <0.2866894197952217>, 2  <0.7133105802047782>}
x[5,0]{4  <1.0>}
x[5,1]{2  <1.0>}
x[5,2]{0  <1.0>}
x[5,3]{5  <1.0>}
x[5,4]{6  <1.0>}
x[5,5]{7  <1.0>}
x[5,6]{1  <1.0>}
x[5,7]{3  <1.0>}
x[6,0]{2  <1.0>}
x[6,1]{5  <1.0>}
x[6,2]{3  <0.19999999999999996>, 7  <0.7999999999999999>}
x[6,3]{6  <1.0>}
x[6,4]{4  <1.0>}
x[6,5]{0  <1.0>}
x[6,6]{3  <0.75>, 7  <0.25>}
x[6,7]{1  <1.0>}
x[7,0]{7  <1.0>}
x[7,1]{0  <1.0>}
x[7,2]{4  <1.0>}
x[7,3]{1  <1.0>}
x[7,4]{3  <1.0>}
x[7,5]{6  <1.0>}
x[7,6]{2  <1.0>}
x[7,7]{5  <1.0>}
problem entropy = 0.0
smallest variable entropy = 1.7976931348623157E308
### branching on x[2,5]=2
##### after BP iteration 1 #####
x[0,0]{6  <1.0>}
x[0,1]{4  <1.0>}
x[0,2]{1  <1.0>}
x[0,3]{2  <1.0>}
x[0,4]{5  <1.0>}
x[0,5]{3  <1.0>}
x[0,6]{0  <1.0>}
x[0,7]{7  <1.0>}
x[1,0]{3  <1.0>}
x[1,1]{7  <1.0>}
x[1,2]{2  <1.0>}
x[1,3]{0  <1.0>}
x[1,4]{1  <1.0>}
x[1,5]{5  <1.0>}
x[1,6]{4  <1.0>}
x[1,7]{6  <1.0>}
x[2,0]{1  <1.0>}
x[2,1]{3  <1.0>}
x[2,2]{5  <1.0>}
x[2,3]{7  <1.0>}
x[2,4]{0  <1.0>}
x[2,5]{2  <1.0>}
x[2,6]{6  <1.0>}
x[2,7]{4  <1.0>}
x[3,0]{5  <1.0>}
x[3,1]{6  <1.0>}
x[3,2]{3  <0.6666666666666667>, 7  <0.3333333333333333>}
x[3,3]{4  <1.0>}
x[3,4]{2  <1.0>}
x[3,5]{1  <1.0>}
x[3,6]{3  <0.5>, 7  <0.5>}
x[3,7]{0  <1.0>}
x[4,0]{0  <1.0>}
x[4,1]{1  <1.0>}
x[4,2]{6  <1.0>}
x[4,3]{3  <1.0>}
x[4,4]{7  <1.0>}
x[4,5]{4  <1.0>}
x[4,6]{5  <1.0>}
x[4,7]{2  <1.0>}
x[5,0]{4  <1.0>}
x[5,1]{2  <1.0>}
x[5,2]{0  <1.0>}
x[5,3]{5  <1.0>}
x[5,4]{6  <1.0>}
x[5,5]{7  <1.0>}
x[5,6]{1  <1.0>}
x[5,7]{3  <1.0>}
x[6,0]{2  <1.0>}
x[6,1]{5  <1.0>}
x[6,2]{3  <0.125>, 7  <0.8750000000000001>}
x[6,3]{6  <1.0>}
x[6,4]{4  <1.0>}
x[6,5]{0  <1.0>}
x[6,6]{3  <0.6666666666666666>, 7  <0.3333333333333333>}
x[6,7]{1  <1.0>}
x[7,0]{7  <1.0>}
x[7,1]{0  <1.0>}
x[7,2]{4  <1.0>}
x[7,3]{1  <1.0>}
x[7,4]{3  <1.0>}
x[7,5]{6  <1.0>}
x[7,6]{2  <1.0>}
x[7,7]{5  <1.0>}
problem entropy = 0.0
smallest variable entropy = 1.7976931348623157E308
### branching on x[3,2]=7
##### after BP iteration 1 #####
x[0,0]{6  <1.0>}
x[0,1]{4  <1.0>}
x[0,2]{1  <1.0>}
x[0,3]{2  <1.0>}
x[0,4]{5  <1.0>}
x[0,5]{3  <1.0>}
x[0,6]{0  <1.0>}
x[0,7]{7  <1.0>}
x[1,0]{3  <1.0>}
x[1,1]{7  <1.0>}
x[1,2]{2  <1.0>}
x[1,3]{0  <1.0>}
x[1,4]{1  <1.0>}
x[1,5]{5  <1.0>}
x[1,6]{4  <1.0>}
x[1,7]{6  <1.0>}
x[2,0]{1  <1.0>}
x[2,1]{3  <1.0>}
x[2,2]{5  <1.0>}
x[2,3]{7  <1.0>}
x[2,4]{0  <1.0>}
x[2,5]{2  <1.0>}
x[2,6]{6  <1.0>}
x[2,7]{4  <1.0>}
x[3,0]{5  <1.0>}
x[3,1]{6  <1.0>}
x[3,2]{7  <1.0>}
x[3,3]{4  <1.0>}
x[3,4]{2  <1.0>}
x[3,5]{1  <1.0>}
x[3,6]{3  <1.0>}
x[3,7]{0  <1.0>}
x[4,0]{0  <1.0>}
x[4,1]{1  <1.0>}
x[4,2]{6  <1.0>}
x[4,3]{3  <1.0>}
x[4,4]{7  <1.0>}
x[4,5]{4  <1.0>}
x[4,6]{5  <1.0>}
x[4,7]{2  <1.0>}
x[5,0]{4  <1.0>}
x[5,1]{2  <1.0>}
x[5,2]{0  <1.0>}
x[5,3]{5  <1.0>}
x[5,4]{6  <1.0>}
x[5,5]{7  <1.0>}
x[5,6]{1  <1.0>}
x[5,7]{3  <1.0>}
x[6,0]{2  <1.0>}
x[6,1]{5  <1.0>}
x[6,2]{3  <1.0>}
x[6,3]{6  <1.0>}
x[6,4]{4  <1.0>}
x[6,5]{0  <1.0>}
x[6,6]{7  <1.0>}
x[6,7]{1  <1.0>}
x[7,0]{7  <1.0>}
x[7,1]{0  <1.0>}
x[7,2]{4  <1.0>}
x[7,3]{1  <1.0>}
x[7,4]{3  <1.0>}
x[7,5]{6  <1.0>}
x[7,6]{2  <1.0>}
x[7,7]{5  <1.0>}
problem entropy = 0.0
smallest variable entropy = 1.7976931348623157E308
### branching on x[3,2]!=7
##### after BP iteration 1 #####
x[0,0]{6  <1.0>}
x[0,1]{4  <1.0>}
x[0,2]{1  <1.0>}
x[0,3]{2  <1.0>}
x[0,4]{5  <1.0>}
x[0,5]{3  <1.0>}
x[0,6]{0  <1.0>}
x[0,7]{7  <1.0>}
x[1,0]{3  <1.0>}
x[1,1]{7  <1.0>}
x[1,2]{2  <1.0>}
x[1,3]{0  <1.0>}
x[1,4]{1  <1.0>}
x[1,5]{5  <1.0>}
x[1,6]{4  <1.0>}
x[1,7]{6  <1.0>}
x[2,0]{1  <1.0>}
x[2,1]{3  <1.0>}
x[2,2]{5  <1.0>}
x[2,3]{7  <1.0>}
x[2,4]{0  <1.0>}
x[2,5]{2  <1.0>}
x[2,6]{6  <1.0>}
x[2,7]{4  <1.0>}
x[3,0]{5  <1.0>}
x[3,1]{6  <1.0>}
x[3,2]{3  <1.0>}
x[3,3]{4  <1.0>}
x[3,4]{2  <1.0>}
x[3,5]{1  <1.0>}
x[3,6]{7  <1.0>}
x[3,7]{0  <1.0>}
x[4,0]{0  <1.0>}
x[4,1]{1  <1.0>}
x[4,2]{6  <1.0>}
x[4,3]{3  <1.0>}
x[4,4]{7  <1.0>}
x[4,5]{4  <1.0>}
x[4,6]{5  <1.0>}
x[4,7]{2  <1.0>}
x[5,0]{4  <1.0>}
x[5,1]{2  <1.0>}
x[5,2]{0  <1.0>}
x[5,3]{5  <1.0>}
x[5,4]{6  <1.0>}
x[5,5]{7  <1.0>}
x[5,6]{1  <1.0>}
x[5,7]{3  <1.0>}
x[6,0]{2  <1.0>}
x[6,1]{5  <1.0>}
x[6,2]{7  <1.0>}
x[6,3]{6  <1.0>}
x[6,4]{4  <1.0>}
x[6,5]{0  <1.0>}
x[6,6]{3  <1.0>}
x[6,7]{1  <1.0>}
x[7,0]{7  <1.0>}
x[7,1]{0  <1.0>}
x[7,2]{4  <1.0>}
x[7,3]{1  <1.0>}
x[7,4]{3  <1.0>}
x[7,5]{6  <1.0>}
x[7,6]{2  <1.0>}
x[7,7]{5  <1.0>}
problem entropy = 0.0
smallest variable entropy = 1.7976931348623157E308

	#choice: 7
	#fail: 0
	execution time (ms): 40
	#sols : 1
	completed : false

