{5  <1.0>, 1  <1.0>, 2  <1.0>, 4  <1.0>}
model: sum-product-no-init
FINAL DAMPING FACTOR = 1.0
##### after BP iteration 1 #####
x[0,0]{4  <0.49999999999999994>, 1  <0.5000000000000001>}
x[0,1]{2  <1.0>}
x[0,2]{5  <1.0>}
x[0,3]{3  <1.0>}
x[0,4]{0  <1.0>}
x[0,5]{7  <0.4>, 4  <0.6000000000000001>}
x[0,6]{7  <0.38461538461538464>, 1  <0.6153846153846154>}
x[0,7]{6  <1.0>}
x[1,0]{7  <1.0>}
x[1,1]{5  <1.0>}
x[1,2]{3  <1.0>}
x[1,3]{6  <1.0>}
x[1,4]{2  <1.0>}
x[1,5]{0  <1.0>}
x[1,6]{4  <1.0>}
x[1,7]{1  <1.0>}
x[2,0]{6  <0.4>, 1  <0.09999999999999998>, 2  <0.3999999999999999>, 4  <0.09999999999999998>}
x[2,1]{0  <1.0>}
x[2,2]{7  <0.3333333333333333>, 2  <0.6666666666666666>}
x[2,3]{5  <1.0>}
x[2,4]{4  <0.19999999999999998>, 1  <0.7999999999999999>}
x[2,5]{7  <0.5>, 4  <0.5>}
x[2,6]{7  <0.19999999999999998>, 1  <0.19999999999999998>, 6  <0.6>}
x[2,7]{3  <1.0>}
x[3,0]{6  <0.1>, 3  <0.9>}
x[3,1]{4  <1.0>}
x[3,2]{0  <1.0>}
x[3,3]{2  <1.0>}
x[3,4]{6  <0.28571428571428575>, 7  <0.7142857142857143>}
x[3,5]{1  <1.0>}
x[3,6]{3  <0.13043478260869562>, 7  <0.5217391304347825>, 6  <0.3478260869565218>}
x[3,7]{5  <1.0>}
x[4,0]{5  <0.5714285714285715>, 4  <0.42857142857142855>}
x[4,1]{3  <1.0>}
x[4,2]{6  <1.0>}
x[4,3]{1  <1.0>}
x[4,4]{5  <0.14285714285714285>, 4  <0.8571428571428572>}
x[4,5]{2  <1.0>}
x[4,6]{0  <1.0>}
x[4,7]{7  <1.0>}
x[5,0]{5  <0.47368421052631576>, 1  <0.47368421052631576>, 3  <0.05263157894736841>}
x[5,1]{7  <1.0>}
x[5,2]{4  <1.0>}
x[5,3]{0  <1.0>}
x[5,4]{5  <0.6666666666666666>, 1  <0.33333333333333326>}
x[5,5]{6  <1.0>}
x[5,6]{3  <0.7692307692307692>, 1  <0.23076923076923078>}
x[5,7]{2  <1.0>}
x[6,0]{6  <0.28571428571428575>, 2  <0.7142857142857143>}
x[6,1]{1  <1.0>}
x[6,2]{2  <0.11111111111111112>, 7  <0.888888888888889>}
x[6,3]{4  <1.0>}
x[6,4]{6  <0.8>, 7  <0.2>}
x[6,5]{3  <1.0>}
x[6,6]{5  <1.0>}
x[6,7]{0  <1.0>}
x[7,0]{0  <1.0>}
x[7,1]{6  <1.0>}
x[7,2]{1  <1.0>}
x[7,3]{7  <1.0>}
x[7,4]{3  <1.0>}
x[7,5]{5  <1.0>}
x[7,6]{2  <1.0>}
x[7,7]{4  <1.0>}
problem entropy = 0.0
smallest variable entropy = 1.7976931348623157E308
### branching on x[0,0]=4
##### after BP iteration 1 #####
x[0,0]{4  <1.0>}
x[0,1]{2  <1.0>}
x[0,2]{5  <1.0>}
x[0,3]{3  <1.0>}
x[0,4]{0  <1.0>}
x[0,5]{7  <1.0>}
x[0,6]{1  <1.0>}
x[0,7]{6  <1.0>}
x[1,0]{7  <1.0>}
x[1,1]{5  <1.0>}
x[1,2]{3  <1.0>}
x[1,3]{6  <1.0>}
x[1,4]{2  <1.0>}
x[1,5]{0  <1.0>}
x[1,6]{4  <1.0>}
x[1,7]{1  <1.0>}
x[2,0]{6  <0.39999999999999997>, 2  <0.6>}
x[2,1]{0  <1.0>}
x[2,2]{7  <0.42857142857142866>, 2  <0.5714285714285714>}
x[2,3]{5  <1.0>}
x[2,4]{1  <1.0>}
x[2,5]{4  <1.0>}
x[2,6]{7  <0.5000000000000001>, 6  <0.5>}
x[2,7]{3  <1.0>}
x[3,0]{3  <1.0>}
x[3,1]{4  <1.0>}
x[3,2]{0  <1.0>}
x[3,3]{2  <1.0>}
x[3,4]{6  <0.42857142857142844>, 7  <0.5714285714285715>}
x[3,5]{1  <1.0>}
x[3,6]{6  <0.3333333333333333>, 7  <0.6666666666666667>}
x[3,7]{5  <1.0>}
x[4,0]{5  <1.0>}
x[4,1]{3  <1.0>}
x[4,2]{6  <1.0>}
x[4,3]{1  <1.0>}
x[4,4]{4  <1.0>}
x[4,5]{2  <1.0>}
x[4,6]{0  <1.0>}
x[4,7]{7  <1.0>}
x[5,0]{1  <1.0>}
x[5,1]{7  <1.0>}
x[5,2]{4  <1.0>}
x[5,3]{0  <1.0>}
x[5,4]{5  <1.0>}
x[5,5]{6  <1.0>}
x[5,6]{3  <1.0>}
x[5,7]{2  <1.0>}
x[6,0]{6  <0.11111111111111106>, 2  <0.8888888888888888>}
x[6,1]{1  <1.0>}
x[6,2]{2  <0.09090909090909091>, 7  <0.9090909090909091>}
x[6,3]{4  <1.0>}
x[6,4]{6  <0.9615384615384616>, 7  <0.03846153846153848>}
x[6,5]{3  <1.0>}
x[6,6]{5  <1.0>}
x[6,7]{0  <1.0>}
x[7,0]{0  <1.0>}
x[7,1]{6  <1.0>}
x[7,2]{1  <1.0>}
x[7,3]{7  <1.0>}
x[7,4]{3  <1.0>}
x[7,5]{5  <1.0>}
x[7,6]{2  <1.0>}
x[7,7]{4  <1.0>}
problem entropy = 0.0
smallest variable entropy = 1.7976931348623157E308
### branching on x[2,0]=6
##### after BP iteration 1 #####
x[0,0]{4  <1.0>}
x[0,1]{2  <1.0>}
x[0,2]{5  <1.0>}
x[0,3]{3  <1.0>}
x[0,4]{0  <1.0>}
x[0,5]{7  <1.0>}
x[0,6]{1  <1.0>}
x[0,7]{6  <1.0>}
x[1,0]{7  <1.0>}
x[1,1]{5  <1.0>}
x[1,2]{3  <1.0>}
x[1,3]{6  <1.0>}
x[1,4]{2  <1.0>}
x[1,5]{0  <1.0>}
x[1,6]{4  <1.0>}
x[1,7]{1  <1.0>}
x[2,0]{6  <1.0>}
x[2,1]{0  <1.0>}
x[2,2]{2  <1.0>}
x[2,3]{5  <1.0>}
x[2,4]{1  <1.0>}
x[2,5]{4  <1.0>}
x[2,6]{7  <1.0>}
x[2,7]{3  <1.0>}
x[3,0]{3  <1.0>}
x[3,1]{4  <1.0>}
x[3,2]{0  <1.0>}
x[3,3]{2  <1.0>}
x[3,4]{7  <1.0>}
x[3,5]{1  <1.0>}
x[3,6]{6  <1.0>}
x[3,7]{5  <1.0>}
x[4,0]{5  <1.0>}
x[4,1]{3  <1.0>}
x[4,2]{6  <1.0>}
x[4,3]{1  <1.0>}
x[4,4]{4  <1.0>}
x[4,5]{2  <1.0>}
x[4,6]{0  <1.0>}
x[4,7]{7  <1.0>}
x[5,0]{1  <1.0>}
x[5,1]{7  <1.0>}
x[5,2]{4  <1.0>}
x[5,3]{0  <1.0>}
x[5,4]{5  <1.0>}
x[5,5]{6  <1.0>}
x[5,6]{3  <1.0>}
x[5,7]{2  <1.0>}
x[6,0]{2  <1.0>}
x[6,1]{1  <1.0>}
x[6,2]{7  <1.0>}
x[6,3]{4  <1.0>}
x[6,4]{6  <1.0>}
x[6,5]{3  <1.0>}
x[6,6]{5  <1.0>}
x[6,7]{0  <1.0>}
x[7,0]{0  <1.0>}
x[7,1]{6  <1.0>}
x[7,2]{1  <1.0>}
x[7,3]{7  <1.0>}
x[7,4]{3  <1.0>}
x[7,5]{5  <1.0>}
x[7,6]{2  <1.0>}
x[7,7]{4  <1.0>}
problem entropy = 0.0
smallest variable entropy = 1.7976931348623157E308
### branching on x[2,0]!=6
##### after BP iteration 1 #####
x[0,0]{4  <1.0>}
x[0,1]{2  <1.0>}
x[0,2]{5  <1.0>}
x[0,3]{3  <1.0>}
x[0,4]{0  <1.0>}
x[0,5]{7  <1.0>}
x[0,6]{1  <1.0>}
x[0,7]{6  <1.0>}
x[1,0]{7  <1.0>}
x[1,1]{5  <1.0>}
x[1,2]{3  <1.0>}
x[1,3]{6  <1.0>}
x[1,4]{2  <1.0>}
x[1,5]{0  <1.0>}
x[1,6]{4  <1.0>}
x[1,7]{1  <1.0>}
x[2,0]{2  <1.0>}
x[2,1]{0  <1.0>}
x[2,2]{7  <1.0>}
x[2,3]{5  <1.0>}
x[2,4]{1  <1.0>}
x[2,5]{4  <1.0>}
x[2,6]{6  <1.0>}
x[2,7]{3  <1.0>}
x[3,0]{3  <1.0>}
x[3,1]{4  <1.0>}
x[3,2]{0  <1.0>}
x[3,3]{2  <1.0>}
x[3,4]{6  <1.0>}
x[3,5]{1  <1.0>}
x[3,6]{7  <1.0>}
x[3,7]{5  <1.0>}
x[4,0]{5  <1.0>}
x[4,1]{3  <1.0>}
x[4,2]{6  <1.0>}
x[4,3]{1  <1.0>}
x[4,4]{4  <1.0>}
x[4,5]{2  <1.0>}
x[4,6]{0  <1.0>}
x[4,7]{7  <1.0>}
x[5,0]{1  <1.0>}
x[5,1]{7  <1.0>}
x[5,2]{4  <1.0>}
x[5,3]{0  <1.0>}
x[5,4]{5  <1.0>}
x[5,5]{6  <1.0>}
x[5,6]{3  <1.0>}
x[5,7]{2  <1.0>}
x[6,0]{6  <1.0>}
x[6,1]{1  <1.0>}
x[6,2]{2  <1.0>}
x[6,3]{4  <1.0>}
x[6,4]{7  <1.0>}
x[6,5]{3  <1.0>}
x[6,6]{5  <1.0>}
x[6,7]{0  <1.0>}
x[7,0]{0  <1.0>}
x[7,1]{6  <1.0>}
x[7,2]{1  <1.0>}
x[7,3]{7  <1.0>}
x[7,4]{3  <1.0>}
x[7,5]{5  <1.0>}
x[7,6]{2  <1.0>}
x[7,7]{4  <1.0>}
problem entropy = 0.0
smallest variable entropy = 1.7976931348623157E308

	#choice: 3
	#fail: 0
	execution time (ms): 13
	#sols : 1
	completed : false

