{7  <1.0>}
model: sum-product-no-init
FINAL DAMPING FACTOR = 1.0
##### after BP iteration 1 #####
x[0,0]{7  <1.0>}
x[0,1]{4  <0.23904839864319483>, 1  <0.26759617991105905>, 5  <0.23426719879353694>, 3  <0.2590882226522092>}
x[0,2]{0  <0.26522443419692543>, 1  <0.2578745056126877>, 5  <0.28066812872483465>, 3  <0.19623293146555215>}
x[0,3]{0  <0.24028983306503476>, 1  <0.3286734687665048>, 5  <0.09718386396771246>, 3  <0.09872225482746334>, 4  <0.23513057937328463>}
x[0,4]{0  <0.12494443083452204>, 3  <0.24951533245225652>, 5  <0.6255402367132215>}
x[0,5]{6  <1.0>}
x[0,6]{2  <1.0>}
x[0,7]{4  <0.3861559409170337>, 3  <0.6138440590829664>}
x[1,0]{4  <0.5191477581325543>, 3  <0.4808522418674456>}
x[1,1]{6  <0.5957419577067264>, 1  <0.10476860409253236>, 5  <0.17522428886387958>, 3  <0.08787194980257818>, 4  <0.03639319953428339>}
x[1,2]{5  <0.39039520584766435>, 1  <0.2507124200286547>, 7  <0.1489280649878775>, 3  <0.20996430913580352>}
x[1,3]{6  <0.2215826143972337>, 1  <0.25214958493822714>, 7  <0.10827658138169341>, 3  <0.10748410399865815>, 4  <0.09553890728687142>, 5  <0.2149682079973163>}
x[1,4]{2  <1.0>}
x[1,5]{5  <0.2831126263707408>, 1  <0.37890178427595544>, 7  <0.3379855893533038>}
x[1,6]{3  <0.41586041901506293>, 5  <0.3836354503883891>, 4  <0.200504130596548>}
x[1,7]{0  <1.0>}
x[2,0]{6  <1.0>}
x[2,1]{5  <0.21021684094129725>, 1  <0.17681252829714653>, 4  <0.2719954804793154>, 3  <0.3409751502822407>}
x[2,2]{0  <0.2597304555118578>, 1  <0.1732441839445525>, 7  <0.10609667175145034>, 3  <0.28250322149797286>, 5  <0.17842546729416653>}
x[2,3]{0  <0.25757286288839193>, 1  <0.20844718102593773>, 7  <0.11220655455236872>, 3  <0.10844671633114393>, 4  <0.23448560062907073>, 5  <0.07884108457308683>}
x[2,4]{0  <0.21402994625625418>, 3  <0.4424116520521393>, 5  <0.34355840169160645>}
x[2,5]{5  <0.15856649833633568>, 1  <0.3237522298926152>, 7  <0.5176812717710491>}
x[2,6]{3  <0.22938292361002813>, 5  <0.14948592816307274>, 4  <0.6211311482268991>}
x[2,7]{2  <1.0>}
x[3,0]{5  <1.0>}
x[3,1]{6  <0.030949604320123992>, 4  <0.2997377328966114>, 2  <0.46188361497038516>, 3  <0.2074290478128794>}
x[3,2]{3  <0.4202217263957726>, 7  <0.3433158340596657>, 2  <0.23646243954456164>}
x[3,3]{6  <0.015854964994580747>, 7  <0.45683536781844897>, 4  <0.4321798772194858>, 3  <0.09512978996748452>}
x[3,4]{6  <0.5949526076797927>, 3  <0.40504739232020737>}
x[3,5]{0  <1.0>}
x[3,6]{1  <1.0>}
x[3,7]{6  <0.15880665276822395>, 3  <0.4841041511805534>, 4  <0.3570891960512227>}
x[4,0]{0  <1.0>}
x[4,1]{6  <0.1268940592630546>, 5  <0.3192011795461711>, 2  <0.20240460411690694>, 3  <0.35150015707386734>}
x[4,2]{3  <0.35459940876612345>, 5  <0.262466915949466>, 2  <0.3829336752844106>}
x[4,3]{6  <0.6043537334593574>, 5  <0.1978231332703213>, 3  <0.1978231332703213>}
x[4,4]{7  <1.0>}
x[4,5]{4  <1.0>}
x[4,6]{3  <0.5280129323180329>, 5  <0.4719870676819671>}
x[4,7]{1  <1.0>}
x[5,0]{4  <0.37608253589393603>, 3  <0.31988271991116235>, 2  <0.30403474419490156>}
x[5,1]{6  <0.07681044826780335>, 1  <0.18182938480449976>, 2  <0.11736426647382353>, 3  <0.17069040666009>, 4  <0.23118051250488228>, 5  <0.22212498128890115>}
x[5,2]{0  <0.31734855048462507>, 1  <0.1918077699935173>, 2  <0.07501454528458341>, 3  <0.17525797799489296>, 5  <0.24057115624238115>}
x[5,3]{0  <0.35669671594867397>, 1  <0.2111768797779324>, 6  <0.03459865751504839>, 3  <0.07685612134222702>, 4  <0.23263364685818108>, 5  <0.08803797855793717>}
x[5,4]{0  <0.14740786646208826>, 5  <0.27741413657574326>, 6  <0.231654438323171>, 3  <0.34352355863899753>}
x[5,5]{5  <0.427194153028437>, 1  <0.216038008702745>, 2  <0.35676783826881797>}
x[5,6]{7  <1.0>}
x[5,7]{6  <0.6545426092399714>, 4  <0.12814244231538316>, 3  <0.2173149484446454>}
x[6,0]{3  <0.5985097795715615>, 2  <0.40149022042843846>}
x[6,1]{0  <1.0>}
x[6,2]{4  <1.0>}
x[6,3]{3  <0.531392526805371>, 5  <0.4686074731946291>}
x[6,4]{1  <1.0>}
x[6,5]{2  <0.5173476357128862>, 5  <0.4826523642871137>}
x[6,6]{6  <1.0>}
x[6,7]{7  <1.0>}
x[7,0]{1  <1.0>}
x[7,1]{7  <1.0>}
x[7,2]{6  <1.0>}
x[7,3]{2  <1.0>}
x[7,4]{4  <1.0>}
x[7,5]{3  <1.0>}
x[7,6]{0  <1.0>}
x[7,7]{5  <1.0>}
problem entropy = 0.0
smallest variable entropy = 1.7976931348623157E308
### branching on x[0,7]=4
##### after BP iteration 1 #####
x[0,0]{7  <1.0>}
x[0,1]{3  <0.258169867109632>, 1  <0.5451298631827908>, 5  <0.19670026970757737>}
x[0,2]{0  <0.41888765333326994>, 1  <0.2774744991672409>, 5  <0.1186793456257432>, 3  <0.18495850187374605>}
x[0,3]{0  <0.5126545225337188>, 1  <0.33959879387467296>, 5  <0.0657520019209668>, 3  <0.08199468167064138>}
x[0,4]{0  <0.3916507686046011>, 3  <0.22893651334355375>, 5  <0.3794127180518452>}
x[0,5]{6  <1.0>}
x[0,6]{2  <1.0>}
x[0,7]{4  <1.0>}
x[1,0]{4  <0.7377696870269903>, 3  <0.2622303129730097>}
x[1,1]{6  <0.8894634003030251>, 1  <0.04902649651164318>, 5  <0.03167660665254769>, 3  <0.016913378986887002>, 4  <0.01292011754589692>}
x[1,2]{5  <0.18480275284578046>, 1  <0.2893773294133087>, 7  <0.40029846484539494>, 3  <0.12552145289551592>}
x[1,3]{6  <0.2218009928451431>, 1  <0.20347948274331587>, 7  <0.35142251872522>, 3  <0.05724649841068305>, 4  <0.07591772254392433>, 5  <0.0901327847317137>}
x[1,4]{2  <1.0>}
x[1,5]{5  <0.08092750198625633>, 1  <0.3738312326397983>, 7  <0.5452412653739453>}
x[1,6]{3  <0.3289968309948452>, 5  <0.40766741235419274>, 4  <0.263335756650962>}
x[1,7]{0  <1.0>}
x[2,0]{6  <1.0>}
x[2,1]{5  <0.18726807001905502>, 1  <0.4056891769488403>, 4  <0.19699829503797098>, 3  <0.21004445799413357>}
x[2,2]{0  <0.37260184684261505>, 1  <0.19713771196097601>, 7  <0.22508486129710575>, 3  <0.12205312922581009>, 5  <0.08312245067349307>}
x[2,3]{0  <0.28448311477713445>, 1  <0.16299219034588866>, 7  <0.34920955631793205>, 3  <0.03936344174970539>, 4  <0.12506470399911399>, 5  <0.038886992810225465>}
x[2,4]{0  <0.602527124631771>, 3  <0.19383187004903596>, 5  <0.2036410053191931>}
x[2,5]{5  <0.04321676056837421>, 1  <0.22724775329519284>, 7  <0.7295354861364329>}
x[2,6]{3  <0.1173769252481811>, 5  <0.12711876126281266>, 4  <0.7555043134890063>}
x[2,7]{2  <1.0>}
x[3,0]{5  <1.0>}
x[3,1]{2  <0.5853909199060985>, 4  <0.4146090800939016>}
x[3,2]{2  <0.32783517859999356>, 7  <0.6721648214000063>}
x[3,3]{4  <0.6191975252386271>, 7  <0.38080247476137286>}
x[3,4]{6  <0.7904751201797467>, 3  <0.2095248798202532>}
x[3,5]{0  <1.0>}
x[3,6]{1  <1.0>}
x[3,7]{6  <0.2615101169101885>, 3  <0.7384898830898114>}
x[4,0]{0  <1.0>}
x[4,1]{6  <0.22635587598611118>, 5  <0.20848197756609896>, 2  <0.38509626755977233>, 3  <0.18006587888801753>}
x[4,2]{3  <0.13073093974934977>, 5  <0.09726771160013717>, 2  <0.7720013486505131>}
x[4,3]{6  <0.8556400435626433>, 5  <0.07201172652119887>, 3  <0.07234822991615773>}
x[4,4]{7  <1.0>}
x[4,5]{4  <1.0>}
x[4,6]{3  <0.42440699353185807>, 5  <0.575593006468142>}
x[4,7]{1  <1.0>}
x[5,0]{4  <0.4362409315931424>, 3  <0.09625302824386103>, 2  <0.46750604016299646>}
x[5,1]{6  <0.025168513230121863>, 1  <0.28108682909325866>, 2  <0.17347688380243964>, 3  <0.07351521769542539>, 4  <0.322828831274611>, 5  <0.1239237249041435>}
x[5,2]{0  <0.42824700485798334>, 1  <0.2555505663249432>, 2  <0.11820450833011815>, 3  <0.09523231484193465>, 5  <0.10276560564502071>}
x[5,3]{0  <0.3966988787300122>, 1  <0.23743642208332214>, 6  <0.012520433153312215>, 3  <0.03722593071475865>, 4  <0.26717326947864317>, 5  <0.04894506583995164>}
x[5,4]{0  <0.42308549677005286>, 5  <0.19114011855230467>, 6  <0.1503033569575599>, 3  <0.23547102772008258>}
x[5,5]{5  <0.20728350646899663>, 1  <0.2919367998536494>, 2  <0.500779693677354>}
x[5,6]{7  <1.0>}
x[5,7]{6  <0.8702770643838769>, 3  <0.12972293561612314>}
x[6,0]{3  <0.31949777592088857>, 2  <0.6805022240791114>}
x[6,1]{0  <1.0>}
x[6,2]{4  <1.0>}
x[6,3]{3  <0.5030618965567341>, 5  <0.4969381034432659>}
x[6,4]{1  <1.0>}
x[6,5]{2  <0.5541148024517962>, 5  <0.4458851975482038>}
x[6,6]{6  <1.0>}
x[6,7]{7  <1.0>}
x[7,0]{1  <1.0>}
x[7,1]{7  <1.0>}
x[7,2]{6  <1.0>}
x[7,3]{2  <1.0>}
x[7,4]{4  <1.0>}
x[7,5]{3  <1.0>}
x[7,6]{0  <1.0>}
x[7,7]{5  <1.0>}
problem entropy = 0.0
smallest variable entropy = 1.7976931348623157E308
### branching on x[1,0]=3
##### after BP iteration 1 #####
x[0,0]{7  <1.0>}
x[0,1]{3  <0.5216544589614928>, 1  <0.18241831946905487>, 5  <0.2959272215694523>}
x[0,2]{0  <0.15155266020630762>, 1  <0.13688014667113757>, 5  <0.16756045841797162>, 3  <0.5440067347045832>}
x[0,3]{0  <0.3322021745619686>, 1  <0.2641037826033432>, 5  <0.4036940428346882>}
x[0,4]{0  <0.14721531950820266>, 3  <0.3983040660000713>, 5  <0.45448061449172605>}
x[0,5]{6  <1.0>}
x[0,6]{2  <1.0>}
x[0,7]{4  <1.0>}
x[1,0]{3  <1.0>}
x[1,1]{6  <0.8311563757791076>, 1  <0.012741550600255287>, 5  <0.048142158954136954>, 4  <0.10795991466650016>}
x[1,2]{5  <0.570030168166111>, 1  <0.27307811343574134>, 7  <0.15689171839814778>}
x[1,3]{6  <0.06176982025258267>, 1  <0.09070287927234949>, 7  <0.2323350288681603>, 5  <0.4089698967745247>, 4  <0.206222374832383>}
x[1,4]{2  <1.0>}
x[1,5]{7  <0.2839660113777226>, 1  <0.7160339886222774>}
x[1,6]{4  <0.623005066357109>, 5  <0.376994933642891>}
x[1,7]{0  <1.0>}
x[2,0]{6  <1.0>}
x[2,1]{5  <0.31855126804242834>, 1  <0.118756987166965>, 4  <0.22395021622882733>, 3  <0.33874152856177936>}
x[2,2]{0  <0.20927151189607782>, 1  <0.13104320247925888>, 7  <0.04528099388805001>, 3  <0.41855300226212944>, 5  <0.19585128947448385>}
x[2,3]{0  <0.13750925247911477>, 1  <0.17144765454829397>, 7  <0.2722146784124616>, 5  <0.3305486126914277>, 4  <0.08827980186870185>}
x[2,4]{0  <0.28626946873817244>, 3  <0.3278663954484456>, 5  <0.385864135813382>}
x[2,5]{7  <0.4044732492195775>, 1  <0.5955267507804225>}
x[2,6]{3  <0.2763378167333818>, 5  <0.2457700408669329>, 4  <0.4778921423996853>}
x[2,7]{2  <1.0>}
x[3,0]{5  <1.0>}
x[3,1]{2  <0.32615256940723747>, 4  <0.6738474305927625>}
x[3,2]{2  <0.4398327610454137>, 7  <0.5601672389545863>}
x[3,3]{4  <0.8531046631882216>, 7  <0.14689533681177844>}
x[3,4]{6  <0.9031006076452812>, 3  <0.0968993923547187>}
x[3,5]{0  <1.0>}
x[3,6]{1  <1.0>}
x[3,7]{6  <0.10749480856536797>, 3  <0.8925051914346321>}
x[4,0]{0  <1.0>}
x[4,1]{6  <0.023850518992387548>, 5  <0.1695895315998306>, 2  <0.6086122088043795>, 3  <0.19794774060340242>}
x[4,2]{3  <0.30022822813899863>, 5  <0.2044724594504663>, 2  <0.49529931241053504>}
x[4,3]{6  <0.8559909681955092>, 5  <0.14400903180449076>}
x[4,4]{7  <1.0>}
x[4,5]{4  <1.0>}
x[4,6]{3  <0.8231550164853091>, 5  <0.17684498351469086>}
x[4,7]{1  <1.0>}
x[5,0]{4  <1.0>}
x[5,1]{6  <0.019560184913857217>, 1  <0.28006575111665316>, 5  <0.43729863300513955>, 3  <0.26307543096435>}
x[5,2]{0  <0.20547418322204125>, 1  <0.21654555152934096>, 5  <0.2584487189318097>, 3  <0.31953154631680813>}
x[5,3]{0  <0.2666079181645933>, 1  <0.30064169076425196>, 6  <0.014805059842044449>, 5  <0.4179453312291103>}
x[5,4]{0  <0.13743181678683108>, 5  <0.3842126652960351>, 6  <0.1181595303221606>, 3  <0.3601959875949733>}
x[5,5]{2  <1.0>}
x[5,6]{7  <1.0>}
x[5,7]{6  <0.6886262148306684>, 3  <0.3113737851693315>}
x[6,0]{2  <1.0>}
x[6,1]{0  <1.0>}
x[6,2]{4  <1.0>}
x[6,3]{3  <1.0>}
x[6,4]{1  <1.0>}
x[6,5]{5  <1.0>}
x[6,6]{6  <1.0>}
x[6,7]{7  <1.0>}
x[7,0]{1  <1.0>}
x[7,1]{7  <1.0>}
x[7,2]{6  <1.0>}
x[7,3]{2  <1.0>}
x[7,4]{4  <1.0>}
x[7,5]{3  <1.0>}
x[7,6]{0  <1.0>}
x[7,7]{5  <1.0>}
problem entropy = 0.0
smallest variable entropy = 1.7976931348623157E308
### branching on x[1,5]=7
##### after BP iteration 1 #####
x[0,0]{7  <1.0>}
x[0,1]{3  <0.16480693413865372>, 1  <0.6878797202637137>, 5  <0.1473133455976326>}
x[0,2]{0  <0.4195943946955014>, 1  <0.27385218639679787>, 5  <0.08388662412868371>, 3  <0.22266679477901705>}
x[0,3]{0  <0.4536292679087839>, 1  <0.4532107966547254>, 5  <0.09315993543649069>}
x[0,4]{0  <0.5443271211190043>, 3  <0.21111620412703475>, 5  <0.24455667475396095>}
x[0,5]{6  <1.0>}
x[0,6]{2  <1.0>}
x[0,7]{4  <1.0>}
x[1,0]{3  <1.0>}
x[1,1]{6  <0.9460807260198044>, 1  <0.025587524443399626>, 5  <0.008798500601722997>, 4  <0.01953324893507293>}
x[1,2]{5  <0.1940982028875429>, 1  <0.805901797112457>}
x[1,3]{6  <0.06878836318598919>, 1  <0.43403846705606686>, 4  <0.23538917075601418>, 5  <0.2617839990019298>}
x[1,4]{2  <1.0>}
x[1,5]{7  <1.0>}
x[1,6]{4  <0.8206370114104969>, 5  <0.17936298858950303>}
x[1,7]{0  <1.0>}
x[2,0]{6  <1.0>}
x[2,1]{5  <0.259187315816434>, 3  <0.2237903985010545>, 4  <0.5170222856825115>}
x[2,2]{0  <0.5282608526216714>, 5  <0.0781697000201567>, 7  <0.24729098149477163>, 3  <0.14627846586340013>}
x[2,3]{0  <0.05248451580094854>, 4  <0.025236684221878594>, 7  <0.900639194261973>, 5  <0.021639605715199677>}
x[2,4]{0  <0.7252278515110484>, 3  <0.12314113970039384>, 5  <0.1516310087885578>}
x[2,5]{1  <1.0>}
x[2,6]{3  <0.2777796291450973>, 5  <0.36054717889433485>, 4  <0.36167319196056785>}
x[2,7]{2  <1.0>}
x[3,0]{5  <1.0>}
x[3,1]{2  <0.6878280122025879>, 4  <0.3121719877974121>}
x[3,2]{2  <0.0866232873477146>, 7  <0.9133767126522854>}
x[3,3]{4  <0.20768570253589205>, 7  <0.792314297464108>}
x[3,4]{6  <0.9508188558366195>, 3  <0.049181144163380486>}
x[3,5]{0  <1.0>}
x[3,6]{1  <1.0>}
x[3,7]{6  <0.1204971365808849>, 3  <0.8795028634191152>}
x[4,0]{0  <1.0>}
x[4,1]{6  <0.11411484352138547>, 5  <0.15941857987777738>, 2  <0.6877716193606204>, 3  <0.038694957240216835>}
x[4,2]{3  <0.07166637266799265>, 5  <0.14042693482830473>, 2  <0.7879066925037026>}
x[4,3]{6  <0.9757276467285482>, 5  <0.02427235327145185>}
x[4,4]{7  <1.0>}
x[4,5]{4  <1.0>}
x[4,6]{3  <0.631810766970665>, 5  <0.36818923302933504>}
x[4,7]{1  <1.0>}
x[5,0]{4  <1.0>}
x[5,1]{6  <0.03021958199468242>, 1  <0.7019164462021374>, 5  <0.14803357024725552>, 3  <0.11983040155592452>}
x[5,2]{0  <0.45615920388454523>, 1  <0.2729729072902039>, 5  <0.113163274500107>, 3  <0.15770461432514393>}
x[5,3]{0  <0.4272735893292634>, 1  <0.45781325777727877>, 6  <0.007055272580459073>, 5  <0.10785788031299874>}
x[5,4]{0  <0.4730931865773853>, 5  <0.20974022581845078>, 6  <0.08294227140437044>, 3  <0.23422431619979342>}
x[5,5]{2  <1.0>}
x[5,6]{7  <1.0>}
x[5,7]{6  <0.8882878004452922>, 3  <0.11171219955470782>}
x[6,0]{2  <1.0>}
x[6,1]{0  <1.0>}
x[6,2]{4  <1.0>}
x[6,3]{3  <1.0>}
x[6,4]{1  <1.0>}
x[6,5]{5  <1.0>}
x[6,6]{6  <1.0>}
x[6,7]{7  <1.0>}
x[7,0]{1  <1.0>}
x[7,1]{7  <1.0>}
x[7,2]{6  <1.0>}
x[7,3]{2  <1.0>}
x[7,4]{4  <1.0>}
x[7,5]{3  <1.0>}
x[7,6]{0  <1.0>}
x[7,7]{5  <1.0>}
problem entropy = 0.0
smallest variable entropy = 1.7976931348623157E308
### branching on x[1,2]=5
##### after BP iteration 1 #####
x[0,0]{7  <1.0>}
x[0,1]{3  <0.48429114986929417>, 1  <0.2676418446992313>, 5  <0.24806700543147456>}
x[0,2]{0  <0.17930068013123107>, 1  <0.3618366534570078>, 3  <0.45886266641176116>}
x[0,3]{0  <0.2643653300774439>, 1  <0.021435302463692456>, 5  <0.7141993674588636>}
x[0,4]{0  <0.12054346700601686>, 3  <0.3371011960494587>, 5  <0.5423553369445245>}
x[0,5]{6  <1.0>}
x[0,6]{2  <1.0>}
x[0,7]{4  <1.0>}
x[1,0]{3  <1.0>}
x[1,1]{6  <0.9364485231827608>, 1  <0.06355147681723904>}
x[1,2]{5  <1.0>}
x[1,3]{6  <0.024792361324347926>, 1  <0.975207638675652>}
x[1,4]{2  <1.0>}
x[1,5]{7  <1.0>}
x[1,6]{4  <1.0>}
x[1,7]{0  <1.0>}
x[2,0]{6  <1.0>}
x[2,1]{5  <0.031020436427362352>, 3  <0.03641192043752519>, 4  <0.9325676431351124>}
x[2,2]{0  <0.3261969279050842>, 3  <0.5665500178766303>, 7  <0.10725305421828545>}
x[2,3]{7  <0.6408458803655673>, 4  <0.3591541196344328>}
x[2,4]{0  <0.2546392740785849>, 3  <0.3694467283349987>, 5  <0.3759139975864166>}
x[2,5]{1  <1.0>}
x[2,6]{3  <0.37792307012791715>, 5  <0.6220769298720829>}
x[2,7]{2  <1.0>}
x[3,0]{5  <1.0>}
x[3,1]{2  <0.6755269902144072>, 4  <0.32447300978559274>}
x[3,2]{2  <0.6467440739530097>, 7  <0.3532559260469902>}
x[3,3]{4  <0.9868544603074092>, 7  <0.013145539692590887>}
x[3,4]{6  <0.8441388642405867>, 3  <0.15586113575941327>}
x[3,5]{0  <1.0>}
x[3,6]{1  <1.0>}
x[3,7]{6  <0.051242043297246534>, 3  <0.9487579567027534>}
x[4,0]{0  <1.0>}
x[4,1]{6  <0.0150361705779518>, 5  <0.6322935898489151>, 2  <0.024622935823028033>, 3  <0.32804730375010505>}
x[4,2]{3  <0.3785098368129772>, 2  <0.6214901631870229>}
x[4,3]{6  <0.565076886542477>, 5  <0.4349231134575229>}
x[4,4]{7  <1.0>}
x[4,5]{4  <1.0>}
x[4,6]{3  <0.47803558815289365>, 5  <0.5219644118471063>}
x[4,7]{1  <1.0>}
x[5,0]{4  <1.0>}
x[5,1]{6  <0.009443756613980652>, 1  <0.22509069419388317>, 5  <0.2736089436612204>, 3  <0.49185660553091565>}
x[5,2]{0  <0.22725516878001503>, 1  <0.2918408161351376>, 3  <0.4809040150848473>}
x[5,3]{0  <0.22974129635944476>, 1  <0.01762136958712509>, 6  <0.006406480954485032>, 5  <0.7462308530989451>}
x[5,4]{0  <0.10190478625472553>, 5  <0.4661666802894302>, 6  <0.046430075017756096>, 3  <0.38549845843808817>}
x[5,5]{2  <1.0>}
x[5,6]{7  <1.0>}
x[5,7]{6  <0.9443598118249368>, 3  <0.055640188175063256>}
x[6,0]{2  <1.0>}
x[6,1]{0  <1.0>}
x[6,2]{4  <1.0>}
x[6,3]{3  <1.0>}
x[6,4]{1  <1.0>}
x[6,5]{5  <1.0>}
x[6,6]{6  <1.0>}
x[6,7]{7  <1.0>}
x[7,0]{1  <1.0>}
x[7,1]{7  <1.0>}
x[7,2]{6  <1.0>}
x[7,3]{2  <1.0>}
x[7,4]{4  <1.0>}
x[7,5]{3  <1.0>}
x[7,6]{0  <1.0>}
x[7,7]{5  <1.0>}
problem entropy = 0.0
smallest variable entropy = 1.7976931348623157E308
### branching on x[1,1]=1
##### after BP iteration 1 #####
x[0,0]{7  <1.0>}
x[0,1]{3  <0.6201057386840025>, 5  <0.3798942613159974>}
x[0,2]{0  <0.022555747146895563>, 1  <0.974588565667877>, 3  <0.0028556871852275004>}
x[0,3]{0  <0.6204269391122951>, 1  <0.3795730608877049>}
x[0,4]{0  <0.010475127640459315>, 3  <0.21194198433319497>, 5  <0.7775828880263457>}
x[0,5]{6  <1.0>}
x[0,6]{2  <1.0>}
x[0,7]{4  <1.0>}
x[1,0]{3  <1.0>}
x[1,1]{1  <1.0>}
x[1,2]{5  <1.0>}
x[1,3]{6  <1.0>}
x[1,4]{2  <1.0>}
x[1,5]{7  <1.0>}
x[1,6]{4  <1.0>}
x[1,7]{0  <1.0>}
x[2,0]{6  <1.0>}
x[2,1]{4  <1.0>}
x[2,2]{0  <0.6978359506360817>, 3  <0.3021640493639183>}
x[2,3]{7  <1.0>}
x[2,4]{0  <0.7472723797563848>, 3  <0.2527276202436151>}
x[2,5]{1  <1.0>}
x[2,6]{5  <1.0>}
x[2,7]{2  <1.0>}
x[3,0]{5  <1.0>}
x[3,1]{2  <1.0>}
x[3,2]{7  <1.0>}
x[3,3]{4  <1.0>}
x[3,4]{6  <0.9626489666959184>, 3  <0.0373510333040816>}
x[3,5]{0  <1.0>}
x[3,6]{1  <1.0>}
x[3,7]{6  <0.07356174847138972>, 3  <0.9264382515286103>}
x[4,0]{0  <1.0>}
x[4,1]{6  <1.0>}
x[4,2]{2  <1.0>}
x[4,3]{5  <1.0>}
x[4,4]{7  <1.0>}
x[4,5]{4  <1.0>}
x[4,6]{3  <1.0>}
x[4,7]{1  <1.0>}
x[5,0]{4  <1.0>}
x[5,1]{5  <0.47381825446028286>, 3  <0.5261817455397172>}
x[5,2]{0  <0.028429404967982484>, 1  <0.9680764120139675>, 3  <0.0034941830180499783>}
x[5,3]{0  <0.6114533533197628>, 1  <0.38854664668023725>}
x[5,4]{0  <0.01554504134749914>, 5  <0.7224529276305959>, 6  <0.03157049451651576>, 3  <0.2304315365053894>}
x[5,5]{2  <1.0>}
x[5,6]{7  <1.0>}
x[5,7]{6  <0.9848401391543402>, 3  <0.015159860845659805>}
x[6,0]{2  <1.0>}
x[6,1]{0  <1.0>}
x[6,2]{4  <1.0>}
x[6,3]{3  <1.0>}
x[6,4]{1  <1.0>}
x[6,5]{5  <1.0>}
x[6,6]{6  <1.0>}
x[6,7]{7  <1.0>}
x[7,0]{1  <1.0>}
x[7,1]{7  <1.0>}
x[7,2]{6  <1.0>}
x[7,3]{2  <1.0>}
x[7,4]{4  <1.0>}
x[7,5]{3  <1.0>}
x[7,6]{0  <1.0>}
x[7,7]{5  <1.0>}
problem entropy = 0.0
smallest variable entropy = 1.7976931348623157E308
### branching on x[0,1]=5
##### after BP iteration 1 #####
x[0,0]{7  <1.0>}
x[0,1]{5  <1.0>}
x[0,2]{0  <0.39563785050710504>, 1  <0.030345788488691253>, 3  <0.5740163610042037>}
x[0,3]{0  <0.5304224911531787>, 1  <0.46957750884682115>}
x[0,4]{0  <0.12693405765892632>, 3  <0.8730659423410737>}
x[0,5]{6  <1.0>}
x[0,6]{2  <1.0>}
x[0,7]{4  <1.0>}
x[1,0]{3  <1.0>}
x[1,1]{1  <1.0>}
x[1,2]{5  <1.0>}
x[1,3]{6  <1.0>}
x[1,4]{2  <1.0>}
x[1,5]{7  <1.0>}
x[1,6]{4  <1.0>}
x[1,7]{0  <1.0>}
x[2,0]{6  <1.0>}
x[2,1]{4  <1.0>}
x[2,2]{0  <0.03389694942777208>, 3  <0.9661030505722279>}
x[2,3]{7  <1.0>}
x[2,4]{0  <0.9270649010790939>, 3  <0.07293509892090613>}
x[2,5]{1  <1.0>}
x[2,6]{5  <1.0>}
x[2,7]{2  <1.0>}
x[3,0]{5  <1.0>}
x[3,1]{2  <1.0>}
x[3,2]{7  <1.0>}
x[3,3]{4  <1.0>}
x[3,4]{6  <1.0>}
x[3,5]{0  <1.0>}
x[3,6]{1  <1.0>}
x[3,7]{3  <1.0>}
x[4,0]{0  <1.0>}
x[4,1]{6  <1.0>}
x[4,2]{2  <1.0>}
x[4,3]{5  <1.0>}
x[4,4]{7  <1.0>}
x[4,5]{4  <1.0>}
x[4,6]{3  <1.0>}
x[4,7]{1  <1.0>}
x[5,0]{4  <1.0>}
x[5,1]{3  <1.0>}
x[5,2]{0  <0.9120567227620741>, 1  <0.087943277237926>}
x[5,3]{0  <0.61507240484014>, 1  <0.38492759515985997>}
x[5,4]{5  <1.0>}
x[5,5]{2  <1.0>}
x[5,6]{7  <1.0>}
x[5,7]{6  <1.0>}
x[6,0]{2  <1.0>}
x[6,1]{0  <1.0>}
x[6,2]{4  <1.0>}
x[6,3]{3  <1.0>}
x[6,4]{1  <1.0>}
x[6,5]{5  <1.0>}
x[6,6]{6  <1.0>}
x[6,7]{7  <1.0>}
x[7,0]{1  <1.0>}
x[7,1]{7  <1.0>}
x[7,2]{6  <1.0>}
x[7,3]{2  <1.0>}
x[7,4]{4  <1.0>}
x[7,5]{3  <1.0>}
x[7,6]{0  <1.0>}
x[7,7]{5  <1.0>}
problem entropy = 0.0
smallest variable entropy = 1.7976931348623157E308
### branching on x[0,3]=0
##### after BP iteration 1 #####
x[0,0]{7  <1.0>}
x[0,1]{5  <1.0>}
x[0,2]{1  <1.0>}
x[0,3]{0  <1.0>}
x[0,4]{3  <1.0>}
x[0,5]{6  <1.0>}
x[0,6]{2  <1.0>}
x[0,7]{4  <1.0>}
x[1,0]{3  <1.0>}
x[1,1]{1  <1.0>}
x[1,2]{5  <1.0>}
x[1,3]{6  <1.0>}
x[1,4]{2  <1.0>}
x[1,5]{7  <1.0>}
x[1,6]{4  <1.0>}
x[1,7]{0  <1.0>}
x[2,0]{6  <1.0>}
x[2,1]{4  <1.0>}
x[2,2]{3  <1.0>}
x[2,3]{7  <1.0>}
x[2,4]{0  <1.0>}
x[2,5]{1  <1.0>}
x[2,6]{5  <1.0>}
x[2,7]{2  <1.0>}
x[3,0]{5  <1.0>}
x[3,1]{2  <1.0>}
x[3,2]{7  <1.0>}
x[3,3]{4  <1.0>}
x[3,4]{6  <1.0>}
x[3,5]{0  <1.0>}
x[3,6]{1  <1.0>}
x[3,7]{3  <1.0>}
x[4,0]{0  <1.0>}
x[4,1]{6  <1.0>}
x[4,2]{2  <1.0>}
x[4,3]{5  <1.0>}
x[4,4]{7  <1.0>}
x[4,5]{4  <1.0>}
x[4,6]{3  <1.0>}
x[4,7]{1  <1.0>}
x[5,0]{4  <1.0>}
x[5,1]{3  <1.0>}
x[5,2]{0  <1.0>}
x[5,3]{1  <1.0>}
x[5,4]{5  <1.0>}
x[5,5]{2  <1.0>}
x[5,6]{7  <1.0>}
x[5,7]{6  <1.0>}
x[6,0]{2  <1.0>}
x[6,1]{0  <1.0>}
x[6,2]{4  <1.0>}
x[6,3]{3  <1.0>}
x[6,4]{1  <1.0>}
x[6,5]{5  <1.0>}
x[6,6]{6  <1.0>}
x[6,7]{7  <1.0>}
x[7,0]{1  <1.0>}
x[7,1]{7  <1.0>}
x[7,2]{6  <1.0>}
x[7,3]{2  <1.0>}
x[7,4]{4  <1.0>}
x[7,5]{3  <1.0>}
x[7,6]{0  <1.0>}
x[7,7]{5  <1.0>}
problem entropy = 0.0
smallest variable entropy = 1.7976931348623157E308
### branching on x[0,3]!=0
##### after BP iteration 1 #####
x[0,0]{7  <1.0>}
x[0,1]{5  <1.0>}
x[0,2]{0  <0.7472723797563848>, 3  <0.2527276202436151>}
x[0,3]{1  <1.0>}
x[0,4]{3  <0.3021640493639182>, 0  <0.6978359506360818>}
x[0,5]{6  <1.0>}
x[0,6]{2  <1.0>}
x[0,7]{4  <1.0>}
x[1,0]{3  <1.0>}
x[1,1]{1  <1.0>}
x[1,2]{5  <1.0>}
x[1,3]{6  <1.0>}
x[1,4]{2  <1.0>}
x[1,5]{7  <1.0>}
x[1,6]{4  <1.0>}
x[1,7]{0  <1.0>}
x[2,0]{6  <1.0>}
x[2,1]{4  <1.0>}
x[2,2]{3  <0.9529032296683174>, 0  <0.04709677033168256>}
x[2,3]{7  <1.0>}
x[2,4]{0  <0.9851408883656139>, 3  <0.01485911163438616>}
x[2,5]{1  <1.0>}
x[2,6]{5  <1.0>}
x[2,7]{2  <1.0>}
x[3,0]{5  <1.0>}
x[3,1]{2  <1.0>}
x[3,2]{7  <1.0>}
x[3,3]{4  <1.0>}
x[3,4]{6  <1.0>}
x[3,5]{0  <1.0>}
x[3,6]{1  <1.0>}
x[3,7]{3  <1.0>}
x[4,0]{0  <1.0>}
x[4,1]{6  <1.0>}
x[4,2]{2  <1.0>}
x[4,3]{5  <1.0>}
x[4,4]{7  <1.0>}
x[4,5]{4  <1.0>}
x[4,6]{3  <1.0>}
x[4,7]{1  <1.0>}
x[5,0]{4  <1.0>}
x[5,1]{3  <1.0>}
x[5,2]{1  <1.0>}
x[5,3]{0  <1.0>}
x[5,4]{5  <1.0>}
x[5,5]{2  <1.0>}
x[5,6]{7  <1.0>}
x[5,7]{6  <1.0>}
x[6,0]{2  <1.0>}
x[6,1]{0  <1.0>}
x[6,2]{4  <1.0>}
x[6,3]{3  <1.0>}
x[6,4]{1  <1.0>}
x[6,5]{5  <1.0>}
x[6,6]{6  <1.0>}
x[6,7]{7  <1.0>}
x[7,0]{1  <1.0>}
x[7,1]{7  <1.0>}
x[7,2]{6  <1.0>}
x[7,3]{2  <1.0>}
x[7,4]{4  <1.0>}
x[7,5]{3  <1.0>}
x[7,6]{0  <1.0>}
x[7,7]{5  <1.0>}
problem entropy = 0.0
smallest variable entropy = 1.7976931348623157E308

	#choice: 8
	#fail: 0
	execution time (ms): 79
	#sols : 1
	completed : false

