{7  <1.0>}
model: sum-product-oracle
FINAL DAMPING FACTOR = 1.0
##### after BP iteration 1 #####
x[0,0]{7  <1.0>}
x[0,1]{3  <2.2058558442160236E-5>, 1  <0.9999779414415578>}
x[0,2]{5  <1.0>}
x[0,3]{2  <1.0>}
x[0,4]{0  <1.0>}
x[0,5]{4  <0.336535494600213>, 6  <0.6634645053997871>}
x[0,6]{4  <0.6937593188103995>, 1  <4.883193581481521E-16>, 6  <0.3062406811896>}
x[0,7]{3  <0.9999967477046336>, 1  <3.2522953290177056E-6>, 6  <3.728288854234385E-14>}
x[1,0]{5  <0.08200728380098536>, 1  <0.9179927161990148>}
x[1,1]{7  <0.939699494944903>, 1  <4.19851162834391E-7>, 5  <0.060300085203934026>}
x[1,2]{0  <1.0>}
x[1,3]{6  <1.0>}
x[1,4]{7  <0.12740060843227347>, 1  <0.08087981711116221>, 5  <0.7917195744565644>}
x[1,5]{2  <1.0>}
x[1,6]{3  <1.0>}
x[1,7]{4  <1.0>}
x[2,0]{5  <0.16325168860172115>, 3  <2.5052626224298208E-8>, 2  <0.8367482863456527>}
x[2,1]{6  <1.0>}
x[2,2]{4  <2.4094725491569687E-7>, 3  <0.9999997590527451>}
x[2,3]{1  <1.0>}
x[2,4]{5  <4.566129761923641E-4>, 3  <6.9151509677414475E-12>, 4  <0.9995433870168925>}
x[2,5]{7  <1.0>}
x[2,6]{5  <0.658731435776448>, 4  <1.2555315998918993E-4>, 2  <0.34114301106356276>}
x[2,7]{0  <1.0>}
x[3,0]{6  <1.0>}
x[3,1]{0  <1.9669304474907884E-6>, 3  <0.999998033063357>, 7  <6.195482267138133E-12>}
x[3,2]{3  <6.671450346135757E-8>, 4  <0.9999999332854954>, 7  <1.153184458327302E-15>}
x[3,3]{5  <1.0>}
x[3,4]{2  <1.0>}
x[3,5]{1  <1.0>}
x[3,6]{0  <0.9999999612923525>, 4  <3.870764756022708E-8>}
x[3,7]{7  <0.9999999999989054>, 3  <1.094548171334596E-12>}
x[4,0]{4  <1.0>}
x[4,1]{2  <1.0>}
x[4,2]{6  <1.0>}
x[4,3]{7  <1.0>}
x[4,4]{3  <0.9999999999999022>, 1  <4.509943833862609E-15>, 5  <9.3321409629235E-14>}
x[4,5]{0  <1.0>}
x[4,6]{5  <6.321579919633692E-12>, 1  <0.9999999999936784>}
x[4,7]{3  <5.783269279517124E-13>, 1  <1.011799474848882E-12>, 5  <0.9999999999984098>}
x[5,0]{3  <0.9999999301121169>, 1  <6.988788313843577E-8>}
x[5,1]{4  <1.0>}
x[5,2]{2  <1.0>}
x[5,3]{0  <1.0>}
x[5,4]{6  <1.0>}
x[5,5]{5  <1.0>}
x[5,6]{7  <1.0>}
x[5,7]{3  <1.6201167664497042E-6>, 1  <0.9999983798832336>}
x[6,0]{0  <0.955220555532711>, 1  <0.003262775860212104>, 2  <6.309332485155709E-5>, 5  <0.04145357528222538>}
x[6,1]{0  <0.30162051384187233>, 1  <7.0957701097606676E-6>, 5  <0.6312783271098823>, 7  <0.06709406327813576>}
x[6,2]{4  <4.134421205159902E-12>, 1  <0.48203413327416167>, 7  <0.5179658667217039>}
x[6,3]{3  <1.0>}
x[6,4]{4  <0.0010562256956636869>, 1  <0.3226874371663177>, 5  <0.11974453243132632>, 7  <0.5565118047066924>}
x[6,5]{4  <0.24430049662026074>, 6  <0.7556995033797392>}
x[6,6]{0  <8.132440446423043E-7>, 1  <9.192727229744303E-13>, 2  <1.403536519278012E-4>, 6  <0.7016473591845537>, 4  <0.2981404887348302>, 5  <7.098518372461404E-5>}
x[6,7]{5  <2.6992875687994684E-13>, 1  <4.0042408547084316E-14>, 2  <0.9991311484077556>, 7  <1.293696912235523E-13>, 6  <8.688515918050002E-4>}
x[7,0]{0  <0.1329346859031725>, 1  <0.0372351625549434>, 2  <0.4003130390358365>, 5  <0.4295171125060476>}
x[7,1]{0  <0.8961389943217741>, 1  <6.94694214114229E-6>, 7  <0.008323852196056405>, 5  <0.09553020654002829>}
x[7,2]{7  <0.6835864486808323>, 1  <0.3164135513191677>}
x[7,3]{4  <1.0>}
x[7,4]{5  <0.11256511805316448>, 1  <0.41770780332979335>, 7  <0.46972707861704216>}
x[7,5]{3  <1.0>}
x[7,6]{0  <9.606266916314918E-7>, 1  <3.536892484981024E-10>, 2  <0.9359090324153438>, 6  <3.0274137857234224E-4>, 5  <0.06378726522570292>}
x[7,7]{5  <1.357583448616009E-12>, 1  <7.153133785112051E-14>, 2  <0.0021550425790149053>, 6  <0.9978449574188679>, 7  <6.880490708632143E-13>}
problem entropy = 0.29999944232532316
smallest variable entropy = 3.046682092374212E-12
### branching on x[4,4]=3 marginal=0.9999999999999022
### branching on x[4,7]=5 marginal=0.9999999999989883
##### after BP iteration 1 #####
x[0,0]{7  <1.0>}
x[0,1]{3  <1.319245152771052E-7>, 1  <0.9999998680754847>}
x[0,2]{5  <1.0>}
x[0,3]{2  <1.0>}
x[0,4]{0  <1.0>}
x[0,5]{4  <0.3128709243824546>, 6  <0.6871290756175454>}
x[0,6]{4  <0.7037952791979826>, 6  <0.29620472080201743>}
x[0,7]{3  <0.9999999341785178>, 1  <6.582148213925508E-8>}
x[1,0]{5  <0.054756725010643964>, 1  <0.945243274989356>}
x[1,1]{7  <0.9146453837430363>, 1  <1.8917354841057388E-8>, 5  <0.08535459733960887>}
x[1,2]{0  <1.0>}
x[1,3]{6  <1.0>}
x[1,4]{7  <0.06783072939063356>, 1  <0.08577247559323214>, 5  <0.8463967950161343>}
x[1,5]{2  <1.0>}
x[1,6]{3  <1.0>}
x[1,7]{4  <1.0>}
x[2,0]{5  <0.3977289608939119>, 3  <3.4241242881968576E-8>, 2  <0.6022710048648451>}
x[2,1]{6  <1.0>}
x[2,2]{4  <2.92060216905259E-9>, 3  <0.9999999970793978>}
x[2,3]{1  <1.0>}
x[2,4]{5  <6.72889460511668E-5>, 4  <0.9999327110539489>}
x[2,5]{7  <1.0>}
x[2,6]{5  <0.9366731052590531>, 4  <4.6849667028414875E-5>, 2  <0.06328004507391845>}
x[2,7]{0  <1.0>}
x[3,0]{6  <1.0>}
x[3,1]{0  <1.7563861088303002E-8>, 3  <0.9999999824361389>}
x[3,2]{3  <6.8073501852977655E-9>, 4  <0.9999999931926498>}
x[3,3]{5  <1.0>}
x[3,4]{2  <1.0>}
x[3,5]{1  <1.0>}
x[3,6]{0  <0.9999999785290397>, 4  <2.1470960323547397E-8>}
x[3,7]{7  <1.0>}
x[4,0]{4  <1.0>}
x[4,1]{2  <1.0>}
x[4,2]{6  <1.0>}
x[4,3]{7  <1.0>}
x[4,4]{3  <1.0>}
x[4,5]{0  <1.0>}
x[4,6]{1  <1.0>}
x[4,7]{5  <1.0>}
x[5,0]{3  <0.9999999811366592>, 1  <1.886334079488194E-8>}
x[5,1]{4  <1.0>}
x[5,2]{2  <1.0>}
x[5,3]{0  <1.0>}
x[5,4]{6  <1.0>}
x[5,5]{5  <1.0>}
x[5,6]{7  <1.0>}
x[5,7]{3  <3.4774858111321058E-9>, 1  <0.9999999965225141>}
x[6,0]{0  <0.8321901287802929>, 1  <0.018928359575794605>, 2  <1.430635047328302E-5>, 5  <0.1488672052934392>}
x[6,1]{0  <0.0719661293541662>, 1  <5.924650664902728E-7>, 5  <0.8632534737212183>, 7  <0.06477980445954903>}
x[6,2]{7  <0.3047473389675438>, 1  <0.6952526610324562>}
x[6,3]{3  <1.0>}
x[6,4]{4  <6.639454695560803E-5>, 1  <0.4615874164547197>, 5  <0.08879140170229553>, 7  <0.4495547872960293>}
x[6,5]{4  <0.732176315059267>, 6  <0.267823684940733>}
x[6,6]{0  <1.1009623987253214E-8>, 5  <3.0936956097732285E-4>, 2  <9.752130100631759E-5>, 6  <0.3181368883998333>, 4  <0.681456209728559>}
x[6,7]{6  <6.812387397472454E-5>, 2  <0.9999318761260253>}
x[7,0]{0  <0.054711127582912335>, 1  <0.10275400913946689>, 2  <0.13850156854997175>, 5  <0.704033294727649>}
x[7,1]{0  <0.7633231173918633>, 1  <5.941323674782671E-7>, 7  <0.013810027629389085>, 5  <0.2228662608463801>}
x[7,2]{7  <0.48141338467206823>, 1  <0.5185866153279318>}
x[7,3]{4  <1.0>}
x[7,4]{5  <0.07166414777232656>, 1  <0.6028499779190696>, 7  <0.32548587430860393>}
x[7,5]{3  <1.0>}
x[7,6]{0  <1.5236364696327E-8>, 5  <0.3117697522549339>, 2  <0.6879153427369783>, 6  <3.14889771723084E-4>}
x[7,7]{2  <1.3013838069844276E-4>, 6  <0.9998698616193016>}
problem entropy = 0.3620074747784051
smallest variable entropy = 6.03147456883322E-8
### branching on x[2,2]=3 marginal=0.9999999970793978
##### after BP iteration 1 #####
x[0,0]{7  <1.0>}
x[0,1]{1  <1.0>}
x[0,2]{5  <1.0>}
x[0,3]{2  <1.0>}
x[0,4]{0  <1.0>}
x[0,5]{4  <0.23283757696027735>, 6  <0.7671624230397226>}
x[0,6]{4  <0.3118169802537354>, 6  <0.6881830197462646>}
x[0,7]{3  <1.0>}
x[1,0]{5  <0.10330362595410561>, 1  <0.8966963740458944>}
x[1,1]{7  <0.9211623434525538>, 5  <0.07883765654744616>}
x[1,2]{0  <1.0>}
x[1,3]{6  <1.0>}
x[1,4]{7  <0.06757621526913621>, 1  <0.04511114527411694>, 5  <0.8873126394567469>}
x[1,5]{2  <1.0>}
x[1,6]{3  <1.0>}
x[1,7]{4  <1.0>}
x[2,0]{5  <0.04965465520509617>, 2  <0.9503453447949038>}
x[2,1]{6  <1.0>}
x[2,2]{3  <1.0>}
x[2,3]{1  <1.0>}
x[2,4]{5  <4.657452588786546E-6>, 4  <0.9999953425474112>}
x[2,5]{7  <1.0>}
x[2,6]{5  <0.633487072124031>, 4  <5.9261799436116915E-5>, 2  <0.36645366607653285>}
x[2,7]{0  <1.0>}
x[3,0]{6  <1.0>}
x[3,1]{3  <1.0>}
x[3,2]{4  <1.0>}
x[3,3]{5  <1.0>}
x[3,4]{2  <1.0>}
x[3,5]{1  <1.0>}
x[3,6]{0  <1.0>}
x[3,7]{7  <1.0>}
x[4,0]{4  <1.0>}
x[4,1]{2  <1.0>}
x[4,2]{6  <1.0>}
x[4,3]{7  <1.0>}
x[4,4]{3  <1.0>}
x[4,5]{0  <1.0>}
x[4,6]{1  <1.0>}
x[4,7]{5  <1.0>}
x[5,0]{3  <1.0>}
x[5,1]{4  <1.0>}
x[5,2]{2  <1.0>}
x[5,3]{0  <1.0>}
x[5,4]{6  <1.0>}
x[5,5]{5  <1.0>}
x[5,6]{7  <1.0>}
x[5,7]{1  <1.0>}
x[6,0]{0  <0.9230712066103256>, 1  <0.005214835852168295>, 2  <1.3689731010566953E-5>, 5  <0.07170026780649544>}
x[6,1]{0  <0.1215340232865664>, 7  <0.08635425106491892>, 5  <0.7921117256485147>}
x[6,2]{7  <0.48534459707687616>, 1  <0.5146554029231238>}
x[6,3]{3  <1.0>}
x[6,4]{4  <5.388066964903579E-6>, 1  <0.30245123403110596>, 5  <0.053125536471042616>, 7  <0.6444178414308865>}
x[6,5]{4  <0.7602952119072439>, 6  <0.23970478809275608>}
x[6,6]{4  <0.26587696446943915>, 5  <4.6872460506987904E-5>, 2  <2.459900778877902E-4>, 6  <0.7338301729921661>}
x[6,7]{6  <3.3858592222679845E-5>, 2  <0.9999661414077774>}
x[7,0]{0  <0.22769562276677244>, 1  <0.04211996752546749>, 2  <0.24910303329906144>, 5  <0.4810813764086987>}
x[7,1]{0  <0.9641134399756627>, 5  <0.032901193705260776>, 7  <0.0029853663190764442>}
x[7,2]{7  <0.6845717489543579>, 1  <0.31542825104564215>}
x[7,3]{4  <1.0>}
x[7,4]{5  <0.05479410096540363>, 1  <0.4541500740836023>, 7  <0.49105582495099415>}
x[7,5]{3  <1.0>}
x[7,6]{6  <1.1787890071980899E-4>, 5  <0.12992390880953325>, 2  <0.8699582122897468>}
x[7,7]{2  <1.1789729277076206E-5>, 6  <0.999988210270723>}
problem entropy = 0.4980072905495536
smallest variable entropy = 6.183718238816676E-5
### branching on x[2,4]=4 marginal=0.9999953425474112
### branching on x[7,7]=6 marginal=0.9999882102707228
##### after BP iteration 1 #####
x[0,0]{7  <1.0>}
x[0,1]{1  <1.0>}
x[0,2]{5  <1.0>}
x[0,3]{2  <1.0>}
x[0,4]{0  <1.0>}
x[0,5]{4  <0.6044570315670912>, 6  <0.39554296843290887>}
x[0,6]{4  <0.7928457029920551>, 6  <0.2071542970079449>}
x[0,7]{3  <1.0>}
x[1,0]{5  <0.05961942182337635>, 1  <0.9403805781766237>}
x[1,1]{7  <0.9245491561828373>, 5  <0.07545084381716266>}
x[1,2]{0  <1.0>}
x[1,3]{6  <1.0>}
x[1,4]{7  <0.05230472300571822>, 1  <0.07918142470053073>, 5  <0.868513852293751>}
x[1,5]{2  <1.0>}
x[1,6]{3  <1.0>}
x[1,7]{4  <1.0>}
x[2,0]{5  <0.2407020376999781>, 2  <0.759297962300022>}
x[2,1]{6  <1.0>}
x[2,2]{3  <1.0>}
x[2,3]{1  <1.0>}
x[2,4]{4  <1.0>}
x[2,5]{7  <1.0>}
x[2,6]{5  <0.8964530706872584>, 2  <0.10354692931274155>}
x[2,7]{0  <1.0>}
x[3,0]{6  <1.0>}
x[3,1]{3  <1.0>}
x[3,2]{4  <1.0>}
x[3,3]{5  <1.0>}
x[3,4]{2  <1.0>}
x[3,5]{1  <1.0>}
x[3,6]{0  <1.0>}
x[3,7]{7  <1.0>}
x[4,0]{4  <1.0>}
x[4,1]{2  <1.0>}
x[4,2]{6  <1.0>}
x[4,3]{7  <1.0>}
x[4,4]{3  <1.0>}
x[4,5]{0  <1.0>}
x[4,6]{1  <1.0>}
x[4,7]{5  <1.0>}
x[5,0]{3  <1.0>}
x[5,1]{4  <1.0>}
x[5,2]{2  <1.0>}
x[5,3]{0  <1.0>}
x[5,4]{6  <1.0>}
x[5,5]{5  <1.0>}
x[5,6]{7  <1.0>}
x[5,7]{1  <1.0>}
x[6,0]{0  <0.7790607355876401>, 1  <0.017027707232773432>, 5  <0.2039115571795865>}
x[6,1]{0  <0.039600834483888375>, 7  <0.04960926982128656>, 5  <0.9107898956948249>}
x[6,2]{7  <0.3123846498609899>, 1  <0.68761535013901>}
x[6,3]{3  <1.0>}
x[6,4]{7  <0.4524649408330986>, 1  <0.491515628080501>, 5  <0.05601943108640039>}
x[6,5]{4  <0.7688641946590238>, 6  <0.23113580534097627>}
x[6,6]{4  <0.24541751915227356>, 6  <0.7545824808477265>}
x[6,7]{2  <1.0>}
x[7,0]{0  <0.06452860245135726>, 1  <0.07927122926418723>, 2  <0.054180681104207415>, 5  <0.8020194871802481>}
x[7,1]{0  <0.8738561414356755>, 5  <0.12082428836087925>, 7  <0.005319570203445237>}
x[7,2]{7  <0.5326629859616883>, 1  <0.4673370140383118>}
x[7,3]{4  <1.0>}
x[7,4]{5  <0.048287049993161794>, 1  <0.6592469661801749>, 7  <0.2924659838266634>}
x[7,5]{3  <1.0>}
x[7,6]{2  <0.6444068230409694>, 5  <0.35559317695903075>}
x[7,7]{6  <1.0>}
problem entropy = 0.6549289822696032
smallest variable entropy = 0.22591906161821462
##### after BP iteration 2 #####
x[0,0]{7  <1.0>}
x[0,1]{1  <1.0>}
x[0,2]{5  <1.0>}
x[0,3]{2  <1.0>}
x[0,4]{0  <1.0>}
x[0,5]{4  <0.2055899350255733>, 6  <0.7944100649744268>}
x[0,6]{4  <0.816193954448276>, 6  <0.1838060455517239>}
x[0,7]{3  <1.0>}
x[1,0]{5  <0.053673399599699134>, 1  <0.9463266004003009>}
x[1,1]{7  <0.9662439603425338>, 5  <0.03375603965746624>}
x[1,2]{0  <1.0>}
x[1,3]{6  <1.0>}
x[1,4]{7  <0.07400567713427321>, 1  <0.05632864112985506>, 5  <0.8696656817358718>}
x[1,5]{2  <1.0>}
x[1,6]{3  <1.0>}
x[1,7]{4  <1.0>}
x[2,0]{5  <0.11518693411338884>, 2  <0.8848130658866111>}
x[2,1]{6  <1.0>}
x[2,2]{3  <1.0>}
x[2,3]{1  <1.0>}
x[2,4]{4  <1.0>}
x[2,5]{7  <1.0>}
x[2,6]{5  <0.7678142035730203>, 2  <0.2321857964269797>}
x[2,7]{0  <1.0>}
x[3,0]{6  <1.0>}
x[3,1]{3  <1.0>}
x[3,2]{4  <1.0>}
x[3,3]{5  <1.0>}
x[3,4]{2  <1.0>}
x[3,5]{1  <1.0>}
x[3,6]{0  <1.0>}
x[3,7]{7  <1.0>}
x[4,0]{4  <1.0>}
x[4,1]{2  <1.0>}
x[4,2]{6  <1.0>}
x[4,3]{7  <1.0>}
x[4,4]{3  <1.0>}
x[4,5]{0  <1.0>}
x[4,6]{1  <1.0>}
x[4,7]{5  <1.0>}
x[5,0]{3  <1.0>}
x[5,1]{4  <1.0>}
x[5,2]{2  <1.0>}
x[5,3]{0  <1.0>}
x[5,4]{6  <1.0>}
x[5,5]{5  <1.0>}
x[5,6]{7  <1.0>}
x[5,7]{1  <1.0>}
x[6,0]{0  <0.9729633106401072>, 1  <0.0010538977683777779>, 5  <0.02598279159151514>}
x[6,1]{0  <0.2233728108755049>, 7  <0.03968885314145708>, 5  <0.7369383359830382>}
x[6,2]{7  <0.4841721499996279>, 1  <0.5158278500003721>}
x[6,3]{3  <1.0>}
x[6,4]{7  <0.6342380148953656>, 1  <0.29680351148180645>, 5  <0.06895847362282795>}
x[6,5]{4  <0.3881331674686703>, 6  <0.6118668325313297>}
x[6,6]{4  <0.17816498448189214>, 6  <0.8218350155181079>}
x[6,7]{2  <1.0>}
x[7,0]{0  <0.08208140120784149>, 1  <0.02820412896534487>, 2  <0.3260584520399639>, 5  <0.5636560177868499>}
x[7,1]{0  <0.9306919121056867>, 5  <0.06649696990569202>, 7  <0.0028111179886212076>}
x[7,2]{7  <0.7128901542408216>, 1  <0.2871098457591783>}
x[7,3]{4  <1.0>}
x[7,4]{5  <0.08019515298630889>, 1  <0.4706851489876414>, 7  <0.4491196980260497>}
x[7,5]{3  <1.0>}
x[7,6]{2  <0.9588534106684483>, 5  <0.041146589331551596>}
x[7,7]{6  <1.0>}
problem entropy = 0.5950929689967803
smallest variable entropy = 0.128738127111934
##### after BP iteration 3 #####
x[0,0]{7  <1.0>}
x[0,1]{1  <1.0>}
x[0,2]{5  <1.0>}
x[0,3]{2  <1.0>}
x[0,4]{0  <1.0>}
x[0,5]{4  <0.1885168993230963>, 6  <0.8114831006769037>}
x[0,6]{4  <0.8232292689624217>, 6  <0.17677073103757834>}
x[0,7]{3  <1.0>}
x[1,0]{5  <0.03657249617438242>, 1  <0.9634275038256177>}
x[1,1]{7  <0.9511639843375467>, 5  <0.048836015662453325>}
x[1,2]{0  <1.0>}
x[1,3]{6  <1.0>}
x[1,4]{7  <0.04161486838709411>, 1  <0.0617162724878016>, 5  <0.8966688591251043>}
x[1,5]{2  <1.0>}
x[1,6]{3  <1.0>}
x[1,7]{4  <1.0>}
x[2,0]{5  <0.3292202533285559>, 2  <0.670779746671444>}
x[2,1]{6  <1.0>}
x[2,2]{3  <1.0>}
x[2,3]{1  <1.0>}
x[2,4]{4  <1.0>}
x[2,5]{7  <1.0>}
x[2,6]{5  <0.9538670224889445>, 2  <0.04613297751105559>}
x[2,7]{0  <1.0>}
x[3,0]{6  <1.0>}
x[3,1]{3  <1.0>}
x[3,2]{4  <1.0>}
x[3,3]{5  <1.0>}
x[3,4]{2  <1.0>}
x[3,5]{1  <1.0>}
x[3,6]{0  <1.0>}
x[3,7]{7  <1.0>}
x[4,0]{4  <1.0>}
x[4,1]{2  <1.0>}
x[4,2]{6  <1.0>}
x[4,3]{7  <1.0>}
x[4,4]{3  <1.0>}
x[4,5]{0  <1.0>}
x[4,6]{1  <1.0>}
x[4,7]{5  <1.0>}
x[5,0]{3  <1.0>}
x[5,1]{4  <1.0>}
x[5,2]{2  <1.0>}
x[5,3]{0  <1.0>}
x[5,4]{6  <1.0>}
x[5,5]{5  <1.0>}
x[5,6]{7  <1.0>}
x[5,7]{1  <1.0>}
x[6,0]{0  <0.8983025625985872>, 1  <0.006628003970246241>, 5  <0.09506943343116656>}
x[6,1]{0  <0.048666073391525136>, 7  <0.039162116357807725>, 5  <0.9121718102506672>}
x[6,2]{7  <0.27771203632760794>, 1  <0.722287963672392>}
x[6,3]{3  <1.0>}
x[6,4]{7  <0.5017071421467503>, 1  <0.44512472453205126>, 5  <0.053168133321198484>}
x[6,5]{4  <0.8427239569563544>, 6  <0.15727604304364565>}
x[6,6]{4  <0.5218857379745846>, 6  <0.4781142620254154>}
x[6,7]{2  <1.0>}
x[7,0]{0  <0.03434907990602217>, 1  <0.07046871895799249>, 2  <0.09269336810305227>, 5  <0.8024888330329331>}
x[7,1]{0  <0.8178235505919854>, 5  <0.1762075085617156>, 7  <0.005968940846298955>}
x[7,2]{7  <0.5157294501925547>, 1  <0.48427054980744527>}
x[7,3]{4  <1.0>}
x[7,4]{5  <0.05268330940364055>, 1  <0.646404615141986>, 7  <0.30091207545437343>}
x[7,5]{3  <1.0>}
x[7,6]{2  <0.7867897100701958>, 5  <0.21321028992980426>}
x[7,7]{6  <1.0>}
problem entropy = 0.598570019263879
smallest variable entropy = 0.15689401359148544
##### after BP iteration 4 #####
x[0,0]{7  <1.0>}
x[0,1]{1  <1.0>}
x[0,2]{5  <1.0>}
x[0,3]{2  <1.0>}
x[0,4]{0  <1.0>}
x[0,5]{4  <0.13408626831975848>, 6  <0.8659137316802414>}
x[0,6]{4  <0.47036130516481184>, 6  <0.5296386948351881>}
x[0,7]{3  <1.0>}
x[1,0]{5  <0.0764262429029685>, 1  <0.9235737570970316>}
x[1,1]{7  <0.9492129956744852>, 5  <0.050787004325514765>}
x[1,2]{0  <1.0>}
x[1,3]{6  <1.0>}
x[1,4]{7  <0.04048066934970173>, 1  <0.031170062523413505>, 5  <0.9283492681268848>}
x[1,5]{2  <1.0>}
x[1,6]{3  <1.0>}
x[1,7]{4  <1.0>}
x[2,0]{5  <0.03534668986098607>, 2  <0.9646533101390139>}
x[2,1]{6  <1.0>}
x[2,2]{3  <1.0>}
x[2,3]{1  <1.0>}
x[2,4]{4  <1.0>}
x[2,5]{7  <1.0>}
x[2,6]{5  <0.6945304736416583>, 2  <0.30546952635834174>}
x[2,7]{0  <1.0>}
x[3,0]{6  <1.0>}
x[3,1]{3  <1.0>}
x[3,2]{4  <1.0>}
x[3,3]{5  <1.0>}
x[3,4]{2  <1.0>}
x[3,5]{1  <1.0>}
x[3,6]{0  <1.0>}
x[3,7]{7  <1.0>}
x[4,0]{4  <1.0>}
x[4,1]{2  <1.0>}
x[4,2]{6  <1.0>}
x[4,3]{7  <1.0>}
x[4,4]{3  <1.0>}
x[4,5]{0  <1.0>}
x[4,6]{1  <1.0>}
x[4,7]{5  <1.0>}
x[5,0]{3  <1.0>}
x[5,1]{4  <1.0>}
x[5,2]{2  <1.0>}
x[5,3]{0  <1.0>}
x[5,4]{6  <1.0>}
x[5,5]{5  <1.0>}
x[5,6]{7  <1.0>}
x[5,7]{1  <1.0>}
x[6,0]{0  <0.9441980127004593>, 1  <0.0023409841196775794>, 5  <0.05346100317986301>}
x[6,1]{0  <0.07860861655624232>, 7  <0.05776552081805134>, 5  <0.8636258626257063>}
x[6,2]{7  <0.45568660392515076>, 1  <0.5443133960748492>}
x[6,3]{3  <1.0>}
x[6,4]{7  <0.6886300360086068>, 1  <0.27937925122216295>, 5  <0.031990712769230316>}
x[6,5]{4  <0.8614329800393835>, 6  <0.13856701996061643>}
x[6,6]{4  <0.15601422634917883>, 6  <0.8439857736508213>}
x[6,7]{2  <1.0>}
x[7,0]{0  <0.18229340330868765>, 1  <0.03526656428037362>, 2  <0.1816714620816856>, 5  <0.6007685703292531>}
x[7,1]{0  <0.9764875597975259>, 5  <0.022305456492681317>, 7  <0.001206983709792691>}
x[7,2]{7  <0.7089270613319828>, 1  <0.29107293866801714>}
x[7,3]{4  <1.0>}
x[7,4]{5  <0.03949648040134669>, 1  <0.49275686106671834>, 7  <0.467746658531935>}
x[7,5]{3  <1.0>}
x[7,6]{2  <0.9023561010522672>, 5  <0.0976438989477328>}
x[7,7]{6  <1.0>}
problem entropy = 0.5605818475564884
smallest variable entropy = 0.11617027007509612
##### after BP iteration 5 #####
x[0,0]{7  <1.0>}
x[0,1]{1  <1.0>}
x[0,2]{5  <1.0>}
x[0,3]{2  <1.0>}
x[0,4]{0  <1.0>}
x[0,5]{4  <0.43810083500594943>, 6  <0.5618991649940506>}
x[0,6]{4  <0.8823743412043138>, 6  <0.11762565879568615>}
x[0,7]{3  <1.0>}
x[1,0]{5  <0.043126005858305914>, 1  <0.956873994141694>}
x[1,1]{7  <0.9491819331071716>, 5  <0.05081806689282842>}
x[1,2]{0  <1.0>}
x[1,3]{6  <1.0>}
x[1,4]{7  <0.03388819617648889>, 1  <0.05751768655836147>, 5  <0.9085941172651496>}
x[1,5]{2  <1.0>}
x[1,6]{3  <1.0>}
x[1,7]{4  <1.0>}
x[2,0]{5  <0.17007230101929116>, 2  <0.8299276989807088>}
x[2,1]{6  <1.0>}
x[2,2]{3  <1.0>}
x[2,3]{1  <1.0>}
x[2,4]{4  <1.0>}
x[2,5]{7  <1.0>}
x[2,6]{5  <0.9242293926097541>, 2  <0.07577060739024587>}
x[2,7]{0  <1.0>}
x[3,0]{6  <1.0>}
x[3,1]{3  <1.0>}
x[3,2]{4  <1.0>}
x[3,3]{5  <1.0>}
x[3,4]{2  <1.0>}
x[3,5]{1  <1.0>}
x[3,6]{0  <1.0>}
x[3,7]{7  <1.0>}
x[4,0]{4  <1.0>}
x[4,1]{2  <1.0>}
x[4,2]{6  <1.0>}
x[4,3]{7  <1.0>}
x[4,4]{3  <1.0>}
x[4,5]{0  <1.0>}
x[4,6]{1  <1.0>}
x[4,7]{5  <1.0>}
x[5,0]{3  <1.0>}
x[5,1]{4  <1.0>}
x[5,2]{2  <1.0>}
x[5,3]{0  <1.0>}
x[5,4]{6  <1.0>}
x[5,5]{5  <1.0>}
x[5,6]{7  <1.0>}
x[5,7]{1  <1.0>}
x[6,0]{0  <0.8273459620448838>, 1  <0.008723086762900735>, 5  <0.1639309511922156>}
x[6,1]{0  <0.027585459266612017>, 7  <0.03354017662188033>, 5  <0.9388743641115077>}
x[6,2]{7  <0.2916189808670678>, 1  <0.7083810191329323>}
x[6,3]{3  <1.0>}
x[6,4]{7  <0.4966876727714337>, 1  <0.468108219549187>, 5  <0.0352041076793793>}
x[6,5]{4  <0.8670188567122473>, 6  <0.1329811432877528>}
x[6,6]{4  <0.14232059593219834>, 6  <0.8576794040678017>}
x[6,7]{2  <1.0>}
x[7,0]{0  <0.04484369160415491>, 1  <0.058964121348634796>, 2  <0.04134401401063268>, 5  <0.8548481730365776>}
x[7,1]{0  <0.9194577616612045>, 5  <0.07837103326878642>, 7  <0.0021712050700091047>}
x[7,2]{7  <0.5553026412668516>, 1  <0.44469735873314836>}
x[7,3]{4  <1.0>}
x[7,4]{5  <0.033681388152961796>, 1  <0.6952019486851642>, 7  <0.27111666316187405>}
x[7,5]{3  <1.0>}
x[7,6]{2  <0.6945162561835955>, 5  <0.3054837438164044>}
x[7,7]{6  <1.0>}
problem entropy = 0.5621802091972063
smallest variable entropy = 0.17775458183803033
##### after BP iteration 6 #####
x[0,0]{7  <1.0>}
x[0,1]{1  <1.0>}
x[0,2]{5  <1.0>}
x[0,3]{2  <1.0>}
x[0,4]{0  <1.0>}
x[0,5]{4  <0.11663792619761137>, 6  <0.8833620738023887>}
x[0,6]{4  <0.896943490482002>, 6  <0.10305650951799801>}
x[0,7]{3  <1.0>}
x[1,0]{5  <0.03956279468997645>, 1  <0.9604372053100236>}
x[1,1]{7  <0.9772606628025373>, 5  <0.022739337197462694>}
x[1,2]{0  <1.0>}
x[1,3]{6  <1.0>}
x[1,4]{7  <0.05100401833104328>, 1  <0.0417454938170358>, 5  <0.907250487851921>}
x[1,5]{2  <1.0>}
x[1,6]{3  <1.0>}
x[1,7]{4  <1.0>}
x[2,0]{5  <0.09010144204978239>, 2  <0.9098985579502176>}
x[2,1]{6  <1.0>}
x[2,2]{3  <1.0>}
x[2,3]{1  <1.0>}
x[2,4]{4  <1.0>}
x[2,5]{7  <1.0>}
x[2,6]{5  <0.8299182400826243>, 2  <0.17008175991737567>}
x[2,7]{0  <1.0>}
x[3,0]{6  <1.0>}
x[3,1]{3  <1.0>}
x[3,2]{4  <1.0>}
x[3,3]{5  <1.0>}
x[3,4]{2  <1.0>}
x[3,5]{1  <1.0>}
x[3,6]{0  <1.0>}
x[3,7]{7  <1.0>}
x[4,0]{4  <1.0>}
x[4,1]{2  <1.0>}
x[4,2]{6  <1.0>}
x[4,3]{7  <1.0>}
x[4,4]{3  <1.0>}
x[4,5]{0  <1.0>}
x[4,6]{1  <1.0>}
x[4,7]{5  <1.0>}
x[5,0]{3  <1.0>}
x[5,1]{4  <1.0>}
x[5,2]{2  <1.0>}
x[5,3]{0  <1.0>}
x[5,4]{6  <1.0>}
x[5,5]{5  <1.0>}
x[5,6]{7  <1.0>}
x[5,7]{1  <1.0>}
x[6,0]{0  <0.9811376656392313>, 1  <4.666678955485532E-4>, 5  <0.018395666465220215>}
x[6,1]{0  <0.17422160438158169>, 7  <0.027679662748856346>, 5  <0.798098732869562>}
x[6,2]{7  <0.46175391841054636>, 1  <0.5382460815894536>}
x[6,3]{3  <1.0>}
x[6,4]{7  <0.6735736569274907>, 1  <0.2791404967217982>, 5  <0.047285846350711126>}
x[6,5]{4  <0.5542304113692654>, 6  <0.44576958863073457>}
x[6,6]{4  <0.09959128412719556>, 6  <0.9004087158728045>}
x[6,7]{2  <1.0>}
x[7,0]{0  <0.05623831204311923>, 1  <0.021470104072698275>, 2  <0.28173197329338606>, 5  <0.6405596105907965>}
x[7,1]{0  <0.9487437202471605>, 5  <0.04994145673990452>, 7  <0.0013148230129350316>}
x[7,2]{7  <0.7314331614447737>, 1  <0.2685668385552263>}
x[7,3]{4  <1.0>}
x[7,4]{5  <0.06153210084560596>, 1  <0.5072047653126378>, 7  <0.4312631338417562>}
x[7,5]{3  <1.0>}
x[7,6]{2  <0.9690112786116885>, 5  <0.030988721388311585>}
x[7,7]{6  <1.0>}
problem entropy = 0.5148816068370344
smallest variable entropy = 0.0957650677529823
##### after BP iteration 7 #####
x[0,0]{7  <1.0>}
x[0,1]{1  <1.0>}
x[0,2]{5  <1.0>}
x[0,3]{2  <1.0>}
x[0,4]{0  <1.0>}
x[0,5]{4  <0.10596648667512605>, 6  <0.894033513324874>}
x[0,6]{4  <0.901261955347643>, 6  <0.09873804465235701>}
x[0,7]{3  <1.0>}
x[1,0]{5  <0.026572811018438253>, 1  <0.9734271889815617>}
x[1,1]{7  <0.9672830158656327>, 5  <0.03271698413436729>}
x[1,2]{0  <1.0>}
x[1,3]{6  <1.0>}
x[1,4]{7  <0.02958921749735041>, 1  <0.047771689961835645>, 5  <0.9226390925408139>}
x[1,5]{2  <1.0>}
x[1,6]{3  <1.0>}
x[1,7]{4  <1.0>}
x[2,0]{5  <0.28889875695256506>, 2  <0.711101243047435>}
x[2,1]{6  <1.0>}
x[2,2]{3  <1.0>}
x[2,3]{1  <1.0>}
x[2,4]{4  <1.0>}
x[2,5]{7  <1.0>}
x[2,6]{5  <0.9628094218868267>, 2  <0.03719057811317331>}
x[2,7]{0  <1.0>}
x[3,0]{6  <1.0>}
x[3,1]{3  <1.0>}
x[3,2]{4  <1.0>}
x[3,3]{5  <1.0>}
x[3,4]{2  <1.0>}
x[3,5]{1  <1.0>}
x[3,6]{0  <1.0>}
x[3,7]{7  <1.0>}
x[4,0]{4  <1.0>}
x[4,1]{2  <1.0>}
x[4,2]{6  <1.0>}
x[4,3]{7  <1.0>}
x[4,4]{3  <1.0>}
x[4,5]{0  <1.0>}
x[4,6]{1  <1.0>}
x[4,7]{5  <1.0>}
x[5,0]{3  <1.0>}
x[5,1]{4  <1.0>}
x[5,2]{2  <1.0>}
x[5,3]{0  <1.0>}
x[5,4]{6  <1.0>}
x[5,5]{5  <1.0>}
x[5,6]{7  <1.0>}
x[5,7]{1  <1.0>}
x[6,0]{0  <0.9324705844482724>, 1  <0.0029928094649681325>, 5  <0.0645366060867596>}
x[6,1]{0  <0.035761841980761225>, 7  <0.02744744938005567>, 5  <0.936790708639183>}
x[6,2]{7  <0.2598286885673308>, 1  <0.7401713114326692>}
x[6,3]{3  <1.0>}
x[6,4]{7  <0.5323686548151432>, 1  <0.429855524741472>, 5  <0.037775820443384886>}
x[6,5]{4  <0.9130598457400454>, 6  <0.08694015425995458>}
x[6,6]{4  <0.3577035129166318>, 6  <0.6422964870833683>}
x[6,7]{2  <1.0>}
x[7,0]{0  <0.024764925559924496>, 1  <0.05306987425500056>, 2  <0.06987301733217081>, 5  <0.8522921828529041>}
x[7,1]{0  <0.8520425062183667>, 5  <0.1446912230549381>, 7  <0.003266270726695262>}
x[7,2]{7  <0.5387542866866968>, 1  <0.4612457133133032>}
x[7,3]{4  <1.0>}
x[7,4]{5  <0.040340772707445634>, 1  <0.6750588442930935>, 7  <0.2846003829994609>}
x[7,5]{3  <1.0>}
x[7,6]{2  <0.8443933838812622>, 5  <0.1556066161187378>}
x[7,7]{6  <1.0>}
problem entropy = 0.5150834013261261
smallest variable entropy = 0.12261920137721642
##### after BP iteration 8 #####
x[0,0]{7  <1.0>}
x[0,1]{1  <1.0>}
x[0,2]{5  <1.0>}
x[0,3]{2  <1.0>}
x[0,4]{0  <1.0>}
x[0,5]{4  <0.07322008356106749>, 6  <0.9267799164389324>}
x[0,6]{4  <0.6351211855436865>, 6  <0.3648788144563136>}
x[0,7]{3  <1.0>}
x[1,0]{5  <0.06031431914518408>, 1  <0.9396856808548159>}
x[1,1]{7  <0.9629516941743218>, 5  <0.03704830582567813>}
x[1,2]{0  <1.0>}
x[1,3]{6  <1.0>}
x[1,4]{7  <0.028001435691091894>, 1  <0.02334151820153528>, 5  <0.9486570461073728>}
x[1,5]{2  <1.0>}
x[1,6]{3  <1.0>}
x[1,7]{4  <1.0>}
x[2,0]{5  <0.027931002524794947>, 2  <0.972068997475205>}
x[2,1]{6  <1.0>}
x[2,2]{3  <1.0>}
x[2,3]{1  <1.0>}
x[2,4]{4  <1.0>}
x[2,5]{7  <1.0>}
x[2,6]{5  <0.7324283093526005>, 2  <0.26757169064739944>}
x[2,7]{0  <1.0>}
x[3,0]{6  <1.0>}
x[3,1]{3  <1.0>}
x[3,2]{4  <1.0>}
x[3,3]{5  <1.0>}
x[3,4]{2  <1.0>}
x[3,5]{1  <1.0>}
x[3,6]{0  <1.0>}
x[3,7]{7  <1.0>}
x[4,0]{4  <1.0>}
x[4,1]{2  <1.0>}
x[4,2]{6  <1.0>}
x[4,3]{7  <1.0>}
x[4,4]{3  <1.0>}
x[4,5]{0  <1.0>}
x[4,6]{1  <1.0>}
x[4,7]{5  <1.0>}
x[5,0]{3  <1.0>}
x[5,1]{4  <1.0>}
x[5,2]{2  <1.0>}
x[5,3]{0  <1.0>}
x[5,4]{6  <1.0>}
x[5,5]{5  <1.0>}
x[5,6]{7  <1.0>}
x[5,7]{1  <1.0>}
x[6,0]{0  <0.9569429905309219>, 1  <0.0012616147533635873>, 5  <0.041795394715714515>}
x[6,1]{0  <0.05523816597521647>, 7  <0.04278065589469874>, 5  <0.9019811781300848>}
x[6,2]{7  <0.4354248518437745>, 1  <0.5645751481562256>}
x[6,3]{3  <1.0>}
x[6,4]{7  <0.714074200073071>, 1  <0.26343046794819397>, 5  <0.022495331978735048>}
x[6,5]{4  <0.9241549721045145>, 6  <0.0758450278954854>}
x[6,6]{4  <0.08618492763510818>, 6  <0.9138150723648918>}
x[6,7]{2  <1.0>}
x[7,0]{0  <0.14910000132382742>, 1  <0.029419599637794953>, 2  <0.13971883200607532>, 5  <0.6817615670323022>}
x[7,1]{0  <0.9828859081748033>, 5  <0.01649993184045913>, 7  <6.141599847375002E-4>}
x[7,2]{7  <0.7254007631537616>, 1  <0.2745992368462384>}
x[7,3]{4  <1.0>}
x[7,4]{5  <0.03072116393235816>, 1  <0.5191132684493107>, 7  <0.45016556761833104>}
x[7,5]{3  <1.0>}
x[7,6]{2  <0.9210594721386365>, 5  <0.07894052786136346>}
x[7,7]{6  <1.0>}
problem entropy = 0.4879694770169588
smallest variable entropy = 0.0892309770868617
##### after BP iteration 9 #####
x[0,0]{7  <1.0>}
x[0,1]{1  <1.0>}
x[0,2]{5  <1.0>}
x[0,3]{2  <1.0>}
x[0,4]{0  <1.0>}
x[0,5]{4  <0.28458765300075706>, 6  <0.7154123469992429>}
x[0,6]{4  <0.9363180267931226>, 6  <0.06368197320687734>}
x[0,7]{3  <1.0>}
x[1,0]{5  <0.03355538250117519>, 1  <0.9664446174988248>}
x[1,1]{7  <0.961932011071424>, 5  <0.03806798892857611>}
x[1,2]{0  <1.0>}
x[1,3]{6  <1.0>}
x[1,4]{7  <0.024768488795493034>, 1  <0.04514762610247202>, 5  <0.9300838851020349>}
x[1,5]{2  <1.0>}
x[1,6]{3  <1.0>}
x[1,7]{4  <1.0>}
x[2,0]{5  <0.12749940874375068>, 2  <0.8725005912562493>}
x[2,1]{6  <1.0>}
x[2,2]{3  <1.0>}
x[2,3]{1  <1.0>}
x[2,4]{4  <1.0>}
x[2,5]{7  <1.0>}
x[2,6]{5  <0.940066743490553>, 2  <0.05993325650944711>}
x[2,7]{0  <1.0>}
x[3,0]{6  <1.0>}
x[3,1]{3  <1.0>}
x[3,2]{4  <1.0>}
x[3,3]{5  <1.0>}
x[3,4]{2  <1.0>}
x[3,5]{1  <1.0>}
x[3,6]{0  <1.0>}
x[3,7]{7  <1.0>}
x[4,0]{4  <1.0>}
x[4,1]{2  <1.0>}
x[4,2]{6  <1.0>}
x[4,3]{7  <1.0>}
x[4,4]{3  <1.0>}
x[4,5]{0  <1.0>}
x[4,6]{1  <1.0>}
x[4,7]{5  <1.0>}
x[5,0]{3  <1.0>}
x[5,1]{4  <1.0>}
x[5,2]{2  <1.0>}
x[5,3]{0  <1.0>}
x[5,4]{6  <1.0>}
x[5,5]{5  <1.0>}
x[5,6]{7  <1.0>}
x[5,7]{1  <1.0>}
x[6,0]{0  <0.8583162905880714>, 1  <0.0052274865003916786>, 5  <0.13645622291153697>}
x[6,1]{0  <0.020983201323843438>, 7  <0.025217111512097337>, 5  <0.9537996871640592>}
x[6,2]{7  <0.2773301265818991>, 1  <0.7226698734181008>}
x[6,3]{3  <1.0>}
x[6,4]{7  <0.5247900153978845>, 1  <0.45027504934244367>, 5  <0.024934935259671758>}
x[6,5]{4  <0.9274254335974358>, 6  <0.0725745664025641>}
x[6,6]{4  <0.07805350643939196>, 6  <0.9219464935606081>}
x[6,7]{2  <1.0>}
x[7,0]{0  <0.03347046586862985>, 1  <0.046542372797784816>, 2  <0.034214854386693264>, 5  <0.885772306946892>}
x[7,1]{0  <0.9448163857664393>, 5  <0.054109400492875166>, 7  <0.0010742137406854193>}
x[7,2]{7  <0.5716521650092464>, 1  <0.4283478349907536>}
x[7,3]{4  <1.0>}
x[7,4]{5  <0.02514065366441247>, 1  <0.7191088782841766>, 7  <0.2557504680514109>}
x[7,5]{3  <1.0>}
x[7,6]{2  <0.7261889226050651>, 5  <0.2738110773949349>}
x[7,7]{6  <1.0>}
problem entropy = 0.4847511459065893
smallest variable entropy = 0.1468916877898253
##### after BP iteration 10 #####
x[0,0]{7  <1.0>}
x[0,1]{1  <1.0>}
x[0,2]{5  <1.0>}
x[0,3]{2  <1.0>}
x[0,4]{0  <1.0>}
x[0,5]{4  <0.06311481861801928>, 6  <0.9368851813819807>}
x[0,6]{4  <0.944625003458247>, 6  <0.055374996541752944>}
x[0,7]{3  <1.0>}
x[1,0]{5  <0.031333716172229645>, 1  <0.9686662838277703>}
x[1,1]{7  <0.9829484892148221>, 5  <0.01705151078517792>}
x[1,2]{0  <1.0>}
x[1,3]{6  <1.0>}
x[1,4]{7  <0.038480381938345694>, 1  <0.03276876886896081>, 5  <0.9287508491926934>}
x[1,5]{2  <1.0>}
x[1,6]{3  <1.0>}
x[1,7]{4  <1.0>}
x[2,0]{5  <0.07445689142255754>, 2  <0.9255431085774425>}
x[2,1]{6  <1.0>}
x[2,2]{3  <1.0>}
x[2,3]{1  <1.0>}
x[2,4]{4  <1.0>}
x[2,5]{7  <1.0>}
x[2,6]{5  <0.8689430364318195>, 2  <0.1310569635681806>}
x[2,7]{0  <1.0>}
x[3,0]{6  <1.0>}
x[3,1]{3  <1.0>}
x[3,2]{4  <1.0>}
x[3,3]{5  <1.0>}
x[3,4]{2  <1.0>}
x[3,5]{1  <1.0>}
x[3,6]{0  <1.0>}
x[3,7]{7  <1.0>}
x[4,0]{4  <1.0>}
x[4,1]{2  <1.0>}
x[4,2]{6  <1.0>}
x[4,3]{7  <1.0>}
x[4,4]{3  <1.0>}
x[4,5]{0  <1.0>}
x[4,6]{1  <1.0>}
x[4,7]{5  <1.0>}
x[5,0]{3  <1.0>}
x[5,1]{4  <1.0>}
x[5,2]{2  <1.0>}
x[5,3]{0  <1.0>}
x[5,4]{6  <1.0>}
x[5,5]{5  <1.0>}
x[5,6]{7  <1.0>}
x[5,7]{1  <1.0>}
x[6,0]{0  <0.9857724250087148>, 1  <2.4963277024102744E-4>, 5  <0.013977942221044249>}
x[6,1]{0  <0.14039548773554936>, 7  <0.021006369747530472>, 5  <0.8385981425169202>}
x[6,2]{7  <0.4454599764585036>, 1  <0.5545400235414965>}
x[6,3]{3  <1.0>}
x[6,4]{7  <0.6981732872006087>, 1  <0.26602240405657923>, 5  <0.035804308742812124>}
x[6,5]{4  <0.7090393059295433>, 6  <0.2909606940704567>}
x[6,6]{4  <0.05341755623830441>, 6  <0.9465824437616955>}
x[6,7]{2  <1.0>}
x[7,0]{0  <0.041071958990726576>, 1  <0.01708526750501263>, 2  <0.2520104632305707>, 5  <0.6898323102736901>}
x[7,1]{0  <0.9599549194322508>, 5  <0.03931670738242265>, 7  <7.28373185326525E-4>}
x[7,2]{7  <0.7446019220950119>, 1  <0.25539807790498825>}
x[7,3]{4  <1.0>}
x[7,4]{5  <0.04980543135948517>, 1  <0.5330075435363351>, 7  <0.4171870251041798>}
x[7,5]{3  <1.0>}
x[7,6]{2  <0.9747108772845386>, 5  <0.025289122715461312>}
x[7,7]{6  <1.0>}
problem entropy = 0.4468109037325092
smallest variable entropy = 0.07588636683861236
### branching on x[6,0]=0 marginal=0.9857724250087148
##### after BP iteration 1 #####
x[0,0]{7  <1.0>}
x[0,1]{1  <1.0>}
x[0,2]{5  <1.0>}
x[0,3]{2  <1.0>}
x[0,4]{0  <1.0>}
x[0,5]{4  <0.057024201420355705>, 6  <0.9429757985796444>}
x[0,6]{4  <0.9470633513342479>, 6  <0.052936648665752054>}
x[0,7]{3  <1.0>}
x[1,0]{5  <0.02060923465344589>, 1  <0.9793907653465541>}
x[1,1]{7  <0.9750895670172393>, 5  <0.024910432982760803>}
x[1,2]{0  <1.0>}
x[1,3]{6  <1.0>}
x[1,4]{7  <0.022925510443543577>, 1  <0.038903347638271225>, 5  <0.9381711419181852>}
x[1,5]{2  <1.0>}
x[1,6]{3  <1.0>}
x[1,7]{4  <1.0>}
x[2,0]{5  <0.26784923492779533>, 2  <0.7321507650722046>}
x[2,1]{6  <1.0>}
x[2,2]{3  <1.0>}
x[2,3]{1  <1.0>}
x[2,4]{4  <1.0>}
x[2,5]{7  <1.0>}
x[2,6]{5  <0.9682994569836777>, 2  <0.031700543016322226>}
x[2,7]{0  <1.0>}
x[3,0]{6  <1.0>}
x[3,1]{3  <1.0>}
x[3,2]{4  <1.0>}
x[3,3]{5  <1.0>}
x[3,4]{2  <1.0>}
x[3,5]{1  <1.0>}
x[3,6]{0  <1.0>}
x[3,7]{7  <1.0>}
x[4,0]{4  <1.0>}
x[4,1]{2  <1.0>}
x[4,2]{6  <1.0>}
x[4,3]{7  <1.0>}
x[4,4]{3  <1.0>}
x[4,5]{0  <1.0>}
x[4,6]{1  <1.0>}
x[4,7]{5  <1.0>}
x[5,0]{3  <1.0>}
x[5,1]{4  <1.0>}
x[5,2]{2  <1.0>}
x[5,3]{0  <1.0>}
x[5,4]{6  <1.0>}
x[5,5]{5  <1.0>}
x[5,6]{7  <1.0>}
x[5,7]{1  <1.0>}
x[6,0]{0  <1.0>}
x[6,1]{5  <0.9783459919967245>, 7  <0.02165400800327561>}
x[6,2]{7  <0.24621257377105546>, 1  <0.7537874262289446>}
x[6,3]{3  <1.0>}
x[6,4]{7  <0.5532307789746717>, 1  <0.4175366567332797>, 5  <0.02923256429204859>}
x[6,5]{4  <0.953669907215844>, 6  <0.046330092784156035>}
x[6,6]{4  <0.22126839600086315>, 6  <0.7787316039991369>}
x[6,7]{2  <1.0>}
x[7,0]{5  <0.8992650964600134>, 1  <0.04340292571040151>, 2  <0.05733197782958513>}
x[7,1]{0  <1.0>}
x[7,2]{7  <0.5566675859685558>, 1  <0.44333241403144413>}
x[7,3]{4  <1.0>}
x[7,4]{5  <0.03294755133904831>, 1  <0.6946043010114054>, 7  <0.2724481476495463>}
x[7,5]{3  <1.0>}
x[7,6]{2  <0.8766963519367537>, 5  <0.1233036480632464>}
x[7,7]{6  <1.0>}
problem entropy = 0.4671555569613546
smallest variable entropy = 0.10040076929918657
##### after BP iteration 2 #####
x[0,0]{7  <1.0>}
x[0,1]{1  <1.0>}
x[0,2]{5  <1.0>}
x[0,3]{2  <1.0>}
x[0,4]{0  <1.0>}
x[0,5]{4  <0.03874675646812834>, 6  <0.9612532435318716>}
x[0,6]{4  <0.7733272590858964>, 6  <0.22667274091410364>}
x[0,7]{3  <1.0>}
x[1,0]{5  <0.05006303018050296>, 1  <0.9499369698194969>}
x[1,1]{7  <0.9707186290925539>, 5  <0.029281370907446102>}
x[1,2]{0  <1.0>}
x[1,3]{6  <1.0>}
x[1,4]{7  <0.02201994494202472>, 1  <0.018708841069008417>, 5  <0.9592712139889668>}
x[1,5]{2  <1.0>}
x[1,6]{3  <1.0>}
x[1,7]{4  <1.0>}
x[2,0]{5  <0.024368736389794032>, 2  <0.9756312636102059>}
x[2,1]{6  <1.0>}
x[2,2]{3  <1.0>}
x[2,3]{1  <1.0>}
x[2,4]{4  <1.0>}
x[2,5]{7  <1.0>}
x[2,6]{5  <0.7456276832004555>, 2  <0.25437231679954453>}
x[2,7]{0  <1.0>}
x[3,0]{6  <1.0>}
x[3,1]{3  <1.0>}
x[3,2]{4  <1.0>}
x[3,3]{5  <1.0>}
x[3,4]{2  <1.0>}
x[3,5]{1  <1.0>}
x[3,6]{0  <1.0>}
x[3,7]{7  <1.0>}
x[4,0]{4  <1.0>}
x[4,1]{2  <1.0>}
x[4,2]{6  <1.0>}
x[4,3]{7  <1.0>}
x[4,4]{3  <1.0>}
x[4,5]{0  <1.0>}
x[4,6]{1  <1.0>}
x[4,7]{5  <1.0>}
x[5,0]{3  <1.0>}
x[5,1]{4  <1.0>}
x[5,2]{2  <1.0>}
x[5,3]{0  <1.0>}
x[5,4]{6  <1.0>}
x[5,5]{5  <1.0>}
x[5,6]{7  <1.0>}
x[5,7]{1  <1.0>}
x[6,0]{0  <1.0>}
x[6,1]{5  <0.9648697098891518>, 7  <0.03513029011084821>}
x[6,2]{7  <0.4179294715963694>, 1  <0.5820705284036306>}
x[6,3]{3  <1.0>}
x[6,4]{7  <0.7310398956269708>, 1  <0.2516477055584599>, 5  <0.017312398814569203>}
x[6,5]{4  <0.9598105769959292>, 6  <0.04018942300407082>}
x[6,6]{4  <0.0459098975432172>, 6  <0.9540901024567828>}
x[6,7]{2  <1.0>}
x[7,0]{5  <0.8441245301689686>, 1  <0.028561718343200176>, 2  <0.1273137514878312>}
x[7,1]{0  <1.0>}
x[7,2]{7  <0.7398982647727927>, 1  <0.2601017352272073>}
x[7,3]{4  <1.0>}
x[7,4]{5  <0.02605743556942985>, 1  <0.5377868949008799>, 7  <0.4361556695296902>}
x[7,5]{3  <1.0>}
x[7,6]{2  <0.928338423567006>, 5  <0.07166157643299395>}
x[7,7]{6  <1.0>}
problem entropy = 0.4581565576270977
smallest variable entropy = 0.11458593385879731
##### after BP iteration 3 #####
x[0,0]{7  <1.0>}
x[0,1]{1  <1.0>}
x[0,2]{5  <1.0>}
x[0,3]{2  <1.0>}
x[0,4]{0  <1.0>}
x[0,5]{4  <0.16871493516805214>, 6  <0.8312850648319479>}
x[0,6]{4  <0.9664631435336674>, 6  <0.03353685646633264>}
x[0,7]{3  <1.0>}
x[1,0]{5  <0.028901143389969748>, 1  <0.9710988566100304>}
x[1,1]{7  <0.9692573241235307>, 5  <0.030742675876469255>}
x[1,2]{0  <1.0>}
x[1,3]{6  <1.0>}
x[1,4]{7  <0.019932579861660183>, 1  <0.03828088491724709>, 5  <0.9417865352210928>}
x[1,5]{2  <1.0>}
x[1,6]{3  <1.0>}
x[1,7]{4  <1.0>}
x[2,0]{5  <0.11787324807461506>, 2  <0.8821267519253849>}
x[2,1]{6  <1.0>}
x[2,2]{3  <1.0>}
x[2,3]{1  <1.0>}
x[2,4]{4  <1.0>}
x[2,5]{7  <1.0>}
x[2,6]{5  <0.9443816791729475>, 2  <0.05561832082705258>}
x[2,7]{0  <1.0>}
x[3,0]{6  <1.0>}
x[3,1]{3  <1.0>}
x[3,2]{4  <1.0>}
x[3,3]{5  <1.0>}
x[3,4]{2  <1.0>}
x[3,5]{1  <1.0>}
x[3,6]{0  <1.0>}
x[3,7]{7  <1.0>}
x[4,0]{4  <1.0>}
x[4,1]{2  <1.0>}
x[4,2]{6  <1.0>}
x[4,3]{7  <1.0>}
x[4,4]{3  <1.0>}
x[4,5]{0  <1.0>}
x[4,6]{1  <1.0>}
x[4,7]{5  <1.0>}
x[5,0]{3  <1.0>}
x[5,1]{4  <1.0>}
x[5,2]{2  <1.0>}
x[5,3]{0  <1.0>}
x[5,4]{6  <1.0>}
x[5,5]{5  <1.0>}
x[5,6]{7  <1.0>}
x[5,7]{1  <1.0>}
x[6,0]{0  <1.0>}
x[6,1]{5  <0.9794266608490689>, 7  <0.020573339150931087>}
x[6,2]{7  <0.2644803778240378>, 1  <0.7355196221759621>}
x[6,3]{3  <1.0>}
x[6,4]{7  <0.5452451609588026>, 1  <0.435340476373921>, 5  <0.019414362667276492>}
x[6,5]{4  <0.9616074298103181>, 6  <0.038392570189681875>}
x[6,6]{4  <0.04140618810323928>, 6  <0.9585938118967606>}
x[6,7]{2  <1.0>}
x[7,0]{5  <0.9300404022838545>, 1  <0.03951159367475317>, 2  <0.03044800404139226>}
x[7,1]{0  <1.0>}
x[7,2]{7  <0.5860635379167645>, 1  <0.4139364620832356>}
x[7,3]{4  <1.0>}
x[7,4]{5  <0.020269548004320345>, 1  <0.7364507034716533>, 7  <0.2432797485240264>}
x[7,5]{3  <1.0>}
x[7,6]{2  <0.7374098730435275>, 5  <0.2625901269564725>}
x[7,7]{6  <1.0>}
problem entropy = 0.44738285883835066
smallest variable entropy = 0.10026213795585055
##### after BP iteration 4 #####
x[0,0]{7  <1.0>}
x[0,1]{1  <1.0>}
x[0,2]{5  <1.0>}
x[0,3]{2  <1.0>}
x[0,4]{0  <1.0>}
x[0,5]{4  <0.0332286479082892>, 6  <0.9667713520917107>}
x[0,6]{4  <0.9709598097137977>, 6  <0.02904019028620227>}
x[0,7]{3  <1.0>}
x[1,0]{5  <0.02660705792660735>, 1  <0.9733929420733926>}
x[1,1]{7  <0.9860192351424147>, 5  <0.013980764857585216>}
x[1,2]{0  <1.0>}
x[1,3]{6  <1.0>}
x[1,4]{7  <0.030993882267854083>, 1  <0.028211344438980546>, 5  <0.9407947732931653>}
x[1,5]{2  <1.0>}
x[1,6]{3  <1.0>}
x[1,7]{4  <1.0>}
x[2,0]{5  <0.07005367872230482>, 2  <0.9299463212776952>}
x[2,1]{6  <1.0>}
x[2,2]{3  <1.0>}
x[2,3]{1  <1.0>}
x[2,4]{4  <1.0>}
x[2,5]{7  <1.0>}
x[2,6]{5  <0.8775947864138081>, 2  <0.12240521358619186>}
x[2,7]{0  <1.0>}
x[3,0]{6  <1.0>}
x[3,1]{3  <1.0>}
x[3,2]{4  <1.0>}
x[3,3]{5  <1.0>}
x[3,4]{2  <1.0>}
x[3,5]{1  <1.0>}
x[3,6]{0  <1.0>}
x[3,7]{7  <1.0>}
x[4,0]{4  <1.0>}
x[4,1]{2  <1.0>}
x[4,2]{6  <1.0>}
x[4,3]{7  <1.0>}
x[4,4]{3  <1.0>}
x[4,5]{0  <1.0>}
x[4,6]{1  <1.0>}
x[4,7]{5  <1.0>}
x[5,0]{3  <1.0>}
x[5,1]{4  <1.0>}
x[5,2]{2  <1.0>}
x[5,3]{0  <1.0>}
x[5,4]{6  <1.0>}
x[5,5]{5  <1.0>}
x[5,6]{7  <1.0>}
x[5,7]{1  <1.0>}
x[6,0]{0  <1.0>}
x[6,1]{5  <0.9803973184699745>, 7  <0.019602681530025468>}
x[6,2]{7  <0.43075456793970146>, 1  <0.5692454320602984>}
x[6,3]{3  <1.0>}
x[6,4]{7  <0.7174225000298573>, 1  <0.2535374368387066>, 5  <0.029040063131436138>}
x[6,5]{4  <0.8268789499393013>, 6  <0.17312105006069872>}
x[6,6]{4  <0.027986074509670274>, 6  <0.9720139254903297>}
x[6,7]{2  <1.0>}
x[7,0]{5  <0.7346672518674044>, 1  <0.014699603542086277>, 2  <0.25063314459050934>}
x[7,1]{0  <1.0>}
x[7,2]{7  <0.7560525646140774>, 1  <0.24394743538592262>}
x[7,3]{4  <1.0>}
x[7,4]{5  <0.043015482726206436>, 1  <0.5538965381412565>, 7  <0.40308797913253713>}
x[7,5]{3  <1.0>}
x[7,6]{2  <0.9764221364939021>, 5  <0.023577863506097984>}
x[7,7]{6  <1.0>}
problem entropy = 0.420260662319096
smallest variable entropy = 0.0735814595035311
##### after BP iteration 5 #####
x[0,0]{7  <1.0>}
x[0,1]{1  <1.0>}
x[0,2]{5  <1.0>}
x[0,3]{2  <1.0>}
x[0,4]{0  <1.0>}
x[0,5]{4  <0.029929929875554907>, 6  <0.970070070124445>}
x[0,6]{4  <0.9722725850864423>, 6  <0.02772741491355768>}
x[0,7]{3  <1.0>}
x[1,0]{5  <0.016820600812250716>, 1  <0.9831793991877493>}
x[1,1]{7  <0.9800714242686872>, 5  <0.019928575731312816>}
x[1,2]{0  <1.0>}
x[1,3]{6  <1.0>}
x[1,4]{7  <0.019091338807119954>, 1  <0.033354406700824825>, 5  <0.9475542544920552>}
x[1,5]{2  <1.0>}
x[1,6]{3  <1.0>}
x[1,7]{4  <1.0>}
x[2,0]{5  <0.25768488175346904>, 2  <0.742315118246531>}
x[2,1]{6  <1.0>}
x[2,2]{3  <1.0>}
x[2,3]{1  <1.0>}
x[2,4]{4  <1.0>}
x[2,5]{7  <1.0>}
x[2,6]{5  <0.9700388347764655>, 2  <0.029961165223534654>}
x[2,7]{0  <1.0>}
x[3,0]{6  <1.0>}
x[3,1]{3  <1.0>}
x[3,2]{4  <1.0>}
x[3,3]{5  <1.0>}
x[3,4]{2  <1.0>}
x[3,5]{1  <1.0>}
x[3,6]{0  <1.0>}
x[3,7]{7  <1.0>}
x[4,0]{4  <1.0>}
x[4,1]{2  <1.0>}
x[4,2]{6  <1.0>}
x[4,3]{7  <1.0>}
x[4,4]{3  <1.0>}
x[4,5]{0  <1.0>}
x[4,6]{1  <1.0>}
x[4,7]{5  <1.0>}
x[5,0]{3  <1.0>}
x[5,1]{4  <1.0>}
x[5,2]{2  <1.0>}
x[5,3]{0  <1.0>}
x[5,4]{6  <1.0>}
x[5,5]{5  <1.0>}
x[5,6]{7  <1.0>}
x[5,7]{1  <1.0>}
x[6,0]{0  <1.0>}
x[6,1]{5  <0.982150419016959>, 7  <0.017849580983041128>}
x[6,2]{7  <0.23486040892812673>, 1  <0.7651395910718732>}
x[6,3]{3  <1.0>}
x[6,4]{7  <0.5704149490609528>, 1  <0.4050497534718603>, 5  <0.024535297467186724>}
x[6,5]{4  <0.9758133470069542>, 6  <0.024186652993045815>}
x[6,6]{4  <0.12661400321842714>, 6  <0.8733859967815729>}
x[6,7]{2  <1.0>}
x[7,0]{5  <0.9094107861563266>, 1  <0.03703046531699654>, 2  <0.05355874852667682>}
x[7,1]{0  <1.0>}
x[7,2]{7  <0.5721824953923599>, 1  <0.42781750460764023>}
x[7,3]{4  <1.0>}
x[7,4]{5  <0.028321031009174068>, 1  <0.7104145247097755>, 7  <0.2612644442810504>}
x[7,5]{3  <1.0>}
x[7,6]{2  <0.885319550736491>, 5  <0.11468044926350902>}
x[7,7]{6  <1.0>}
problem entropy = 0.4172442711281354
smallest variable entropy = 0.08539302721488584
##### after BP iteration 6 #####
x[0,0]{7  <1.0>}
x[0,1]{1  <1.0>}
x[0,2]{5  <1.0>}
x[0,3]{2  <1.0>}
x[0,4]{0  <1.0>}
x[0,5]{4  <0.020151182505494983>, 6  <0.979848817494505>}
x[0,6]{4  <0.8699073120289984>, 6  <0.1300926879710016>}
x[0,7]{3  <1.0>}
x[1,0]{5  <0.043265789624431096>, 1  <0.9567342103755689>}
x[1,1]{7  <0.9755108313555865>, 5  <0.024489168644413528>}
x[1,2]{0  <1.0>}
x[1,3]{6  <1.0>}
x[1,4]{7  <0.01797898712586435>, 1  <0.015527157713384449>, 5  <0.9664938551607511>}
x[1,5]{2  <1.0>}
x[1,6]{3  <1.0>}
x[1,7]{4  <1.0>}
x[2,0]{5  <0.022879888716955614>, 2  <0.9771201112830443>}
x[2,1]{6  <1.0>}
x[2,2]{3  <1.0>}
x[2,3]{1  <1.0>}
x[2,4]{4  <1.0>}
x[2,5]{7  <1.0>}
x[2,6]{5  <0.7562054953310898>, 2  <0.2437945046689101>}
x[2,7]{0  <1.0>}
x[3,0]{6  <1.0>}
x[3,1]{3  <1.0>}
x[3,2]{4  <1.0>}
x[3,3]{5  <1.0>}
x[3,4]{2  <1.0>}
x[3,5]{1  <1.0>}
x[3,6]{0  <1.0>}
x[3,7]{7  <1.0>}
x[4,0]{4  <1.0>}
x[4,1]{2  <1.0>}
x[4,2]{6  <1.0>}
x[4,3]{7  <1.0>}
x[4,4]{3  <1.0>}
x[4,5]{0  <1.0>}
x[4,6]{1  <1.0>}
x[4,7]{5  <1.0>}
x[5,0]{3  <1.0>}
x[5,1]{4  <1.0>}
x[5,2]{2  <1.0>}
x[5,3]{0  <1.0>}
x[5,4]{6  <1.0>}
x[5,5]{5  <1.0>}
x[5,6]{7  <1.0>}
x[5,7]{1  <1.0>}
x[6,0]{0  <1.0>}
x[6,1]{5  <0.9706627218704484>, 7  <0.029337278129551603>}
x[6,2]{7  <0.40390237672207435>, 1  <0.5960976232779256>}
x[6,3]{3  <1.0>}
x[6,4]{7  <0.7445866891079664>, 1  <0.24101119486131067>, 5  <0.014402116030722865>}
x[6,5]{4  <0.9790834582664061>, 6  <0.020916541733593867>}
x[6,6]{4  <0.023962243636460448>, 6  <0.9760377563635395>}
x[6,7]{2  <1.0>}
x[7,0]{5  <0.8559396255763871>, 1  <0.02467558054431048>, 2  <0.11938479387930234>}
x[7,1]{0  <1.0>}
x[7,2]{7  <0.7508960718918329>, 1  <0.24910392810816712>}
x[7,3]{4  <1.0>}
x[7,4]{5  <0.022551680904162378>, 1  <0.5543870690779448>, 7  <0.4230612500178927>}
x[7,5]{3  <1.0>}
x[7,6]{2  <0.9323114153389858>, 5  <0.06768858466101425>}
x[7,7]{6  <1.0>}
problem entropy = 0.4116866699409115
smallest variable entropy = 0.09862690679204036
##### after BP iteration 7 #####
x[0,0]{7  <1.0>}
x[0,1]{1  <1.0>}
x[0,2]{5  <1.0>}
x[0,3]{2  <1.0>}
x[0,4]{0  <1.0>}
x[0,5]{4  <0.09383302365874012>, 6  <0.90616697634126>}
x[0,6]{4  <0.9826036019642186>, 6  <0.017396398035781392>}
x[0,7]{3  <1.0>}
x[1,0]{5  <0.025220024994832262>, 1  <0.9747799750051677>}
x[1,1]{7  <0.9737550399178445>, 5  <0.026244960082155513>}
x[1,2]{0  <1.0>}
x[1,3]{6  <1.0>}
x[1,4]{7  <0.016800183387864633>, 1  <0.033115724857825914>, 5  <0.9500840917543094>}
x[1,5]{2  <1.0>}
x[1,6]{3  <1.0>}
x[1,7]{4  <1.0>}
x[2,0]{5  <0.11007332333498386>, 2  <0.8899266766650162>}
x[2,1]{6  <1.0>}
x[2,2]{3  <1.0>}
x[2,3]{1  <1.0>}
x[2,4]{4  <1.0>}
x[2,5]{7  <1.0>}
x[2,6]{5  <0.9478299518722372>, 2  <0.05217004812776279>}
x[2,7]{0  <1.0>}
x[3,0]{6  <1.0>}
x[3,1]{3  <1.0>}
x[3,2]{4  <1.0>}
x[3,3]{5  <1.0>}
x[3,4]{2  <1.0>}
x[3,5]{1  <1.0>}
x[3,6]{0  <1.0>}
x[3,7]{7  <1.0>}
x[4,0]{4  <1.0>}
x[4,1]{2  <1.0>}
x[4,2]{6  <1.0>}
x[4,3]{7  <1.0>}
x[4,4]{3  <1.0>}
x[4,5]{0  <1.0>}
x[4,6]{1  <1.0>}
x[4,7]{5  <1.0>}
x[5,0]{3  <1.0>}
x[5,1]{4  <1.0>}
x[5,2]{2  <1.0>}
x[5,3]{0  <1.0>}
x[5,4]{6  <1.0>}
x[5,5]{5  <1.0>}
x[5,6]{7  <1.0>}
x[5,7]{1  <1.0>}
x[6,0]{0  <1.0>}
x[6,1]{5  <0.9825881221121159>, 7  <0.017411877887884102>}
x[6,2]{7  <0.25466841638464077>, 1  <0.7453315836153592>}
x[6,3]{3  <1.0>}
x[6,4]{7  <0.5624749439972109>, 1  <0.4217038247731151>, 5  <0.015821231229673976>}
x[6,5]{4  <0.9800365508221848>, 6  <0.019963449177815215>}
x[6,6]{4  <0.02156291463192381>, 6  <0.9784370853680762>}
x[6,7]{2  <1.0>}
x[7,0]{5  <0.9369210837459676>, 1  <0.03414064452185506>, 2  <0.028938271732177393>}
x[7,1]{0  <1.0>}
x[7,2]{7  <0.5979053528820966>, 1  <0.4020946471179033>}
x[7,3]{4  <1.0>}
x[7,4]{5  <0.01669012386616268>, 1  <0.7505312792530339>, 7  <0.23277859688080352>}
x[7,5]{3  <1.0>}
x[7,6]{2  <0.7464964758154123>, 5  <0.25350352418458766>}
x[7,7]{6  <1.0>}
problem entropy = 0.40363229763745656
smallest variable entropy = 0.08772556480526603
##### after BP iteration 8 #####
x[0,0]{7  <1.0>}
x[0,1]{1  <1.0>}
x[0,2]{5  <1.0>}
x[0,3]{2  <1.0>}
x[0,4]{0  <1.0>}
x[0,5]{4  <0.017233877561163624>, 6  <0.9827661224388363>}
x[0,6]{4  <0.9849697901872003>, 6  <0.015030209812799658>}
x[0,7]{3  <1.0>}
x[1,0]{5  <0.02314100961236459>, 1  <0.9768589903876354>}
x[1,1]{7  <0.9880899330612561>, 5  <0.01191006693874388>}
x[1,2]{0  <1.0>}
x[1,3]{6  <1.0>}
x[1,4]{7  <0.026311297105906552>, 1  <0.02452728505369858>, 5  <0.9491614178403949>}
x[1,5]{2  <1.0>}
x[1,6]{3  <1.0>}
x[1,7]{4  <1.0>}
x[2,0]{5  <0.06642239595252311>, 2  <0.9335776040474768>}
x[2,1]{6  <1.0>}
x[2,2]{3  <1.0>}
x[2,3]{1  <1.0>}
x[2,4]{4  <1.0>}
x[2,5]{7  <1.0>}
x[2,6]{5  <0.8847312984333163>, 2  <0.11526870156668377>}
x[2,7]{0  <1.0>}
x[3,0]{6  <1.0>}
x[3,1]{3  <1.0>}
x[3,2]{4  <1.0>}
x[3,3]{5  <1.0>}
x[3,4]{2  <1.0>}
x[3,5]{1  <1.0>}
x[3,6]{0  <1.0>}
x[3,7]{7  <1.0>}
x[4,0]{4  <1.0>}
x[4,1]{2  <1.0>}
x[4,2]{6  <1.0>}
x[4,3]{7  <1.0>}
x[4,4]{3  <1.0>}
x[4,5]{0  <1.0>}
x[4,6]{1  <1.0>}
x[4,7]{5  <1.0>}
x[5,0]{3  <1.0>}
x[5,1]{4  <1.0>}
x[5,2]{2  <1.0>}
x[5,3]{0  <1.0>}
x[5,4]{6  <1.0>}
x[5,5]{5  <1.0>}
x[5,6]{7  <1.0>}
x[5,7]{1  <1.0>}
x[6,0]{0  <1.0>}
x[6,1]{5  <0.9837294667224383>, 7  <0.01627053327756165>}
x[6,2]{7  <0.419066596776679>, 1  <0.580933403223321>}
x[6,3]{3  <1.0>}
x[6,4]{7  <0.7315360022017584>, 1  <0.24380580289929638>, 5  <0.02465819489894528>}
x[6,5]{4  <0.9034894168256266>, 6  <0.09651058317437344>}
x[6,6]{4  <0.014477053143937916>, 6  <0.985522946856062>}
x[6,7]{2  <1.0>}
x[7,0]{5  <0.7467923848327179>, 1  <0.012447820805970983>, 2  <0.24075979436131112>}
x[7,1]{0  <1.0>}
x[7,2]{7  <0.7650411062369339>, 1  <0.23495889376306606>}
x[7,3]{4  <1.0>}
x[7,4]{5  <0.03769718582518858>, 1  <0.5708506597186734>, 7  <0.391452154456138>}
x[7,5]{3  <1.0>}
x[7,6]{2  <0.9777654901864195>, 5  <0.02223450981358056>}
x[7,7]{6  <1.0>}
problem entropy = 0.38025980884815985
smallest variable entropy = 0.06460487728112493
##### after BP iteration 9 #####
x[0,0]{7  <1.0>}
x[0,1]{1  <1.0>}
x[0,2]{5  <1.0>}
x[0,3]{2  <1.0>}
x[0,4]{0  <1.0>}
x[0,5]{4  <0.015497559753651627>, 6  <0.9845024402463485>}
x[0,6]{4  <0.9856585923119839>, 6  <0.014341407688016023>}
x[0,7]{3  <1.0>}
x[1,0]{5  <0.014090923326910545>, 1  <0.9859090766730895>}
x[1,1]{7  <0.9835585603605638>, 5  <0.016441439639436218>}
x[1,2]{0  <1.0>}
x[1,3]{6  <1.0>}
x[1,4]{7  <0.016432023049677613>, 1  <0.029244942294990334>, 5  <0.954323034655332>}
x[1,5]{2  <1.0>}
x[1,6]{3  <1.0>}
x[1,7]{4  <1.0>}
x[2,0]{5  <0.24934120332177245>, 2  <0.7506587966782275>}
x[2,1]{6  <1.0>}
x[2,2]{3  <1.0>}
x[2,3]{1  <1.0>}
x[2,4]{4  <1.0>}
x[2,5]{7  <1.0>}
x[2,6]{5  <0.9714448587896227>, 2  <0.02855514121037719>}
x[2,7]{0  <1.0>}
x[3,0]{6  <1.0>}
x[3,1]{3  <1.0>}
x[3,2]{4  <1.0>}
x[3,3]{5  <1.0>}
x[3,4]{2  <1.0>}
x[3,5]{1  <1.0>}
x[3,6]{0  <1.0>}
x[3,7]{7  <1.0>}
x[4,0]{4  <1.0>}
x[4,1]{2  <1.0>}
x[4,2]{6  <1.0>}
x[4,3]{7  <1.0>}
x[4,4]{3  <1.0>}
x[4,5]{0  <1.0>}
x[4,6]{1  <1.0>}
x[4,7]{5  <1.0>}
x[5,0]{3  <1.0>}
x[5,1]{4  <1.0>}
x[5,2]{2  <1.0>}
x[5,3]{0  <1.0>}
x[5,4]{6  <1.0>}
x[5,5]{5  <1.0>}
x[5,6]{7  <1.0>}
x[5,7]{1  <1.0>}
x[6,0]{0  <1.0>}
x[6,1]{5  <0.9847454502856957>, 7  <0.015254549714304335>}
x[6,2]{7  <0.22585193566188055>, 1  <0.7741480643381194>}
x[6,3]{3  <1.0>}
x[6,4]{7  <0.5838870204786394>, 1  <0.39479087278761416>, 5  <0.021322106733746453>}
x[6,5]{4  <0.9875119307104248>, 6  <0.012488069289575247>}
x[6,6]{4  <0.06886995287554211>, 6  <0.9311300471244579>}
x[6,7]{2  <1.0>}
x[7,0]{5  <0.9172397459827422>, 1  <0.0322739388316127>, 2  <0.05048631518564509>}
x[7,1]{0  <1.0>}
x[7,2]{7  <0.5846031338871744>, 1  <0.4153968661128255>}
x[7,3]{4  <1.0>}
x[7,4]{5  <0.024875985675059303>, 1  <0.7227058136947324>, 7  <0.2524182006302083>}
x[7,5]{3  <1.0>}
x[7,6]{2  <0.8924372049268853>, 5  <0.10756279507311475>}
x[7,7]{6  <1.0>}
problem entropy = 0.37989229700191507
smallest variable entropy = 0.06714474397809614
##### after BP iteration 10 #####
x[0,0]{7  <1.0>}
x[0,1]{1  <1.0>}
x[0,2]{5  <1.0>}
x[0,3]{2  <1.0>}
x[0,4]{0  <1.0>}
x[0,5]{4  <0.010383702363081703>, 6  <0.9896162976369183>}
x[0,6]{4  <0.9291090911747368>, 6  <0.07089090882526317>}
x[0,7]{3  <1.0>}
x[1,0]{5  <0.03810836814019279>, 1  <0.9618916318598071>}
x[1,1]{7  <0.9788713088986444>, 5  <0.02112869110135563>}
x[1,2]{0  <1.0>}
x[1,3]{6  <1.0>}
x[1,4]{7  <0.015094489458342564>, 1  <0.013225555685709801>, 5  <0.9716799548559476>}
x[1,5]{2  <1.0>}
x[1,6]{3  <1.0>}
x[1,7]{4  <1.0>}
x[2,0]{5  <0.021686986248605773>, 2  <0.9783130137513941>}
x[2,1]{6  <1.0>}
x[2,2]{3  <1.0>}
x[2,3]{1  <1.0>}
x[2,4]{4  <1.0>}
x[2,5]{7  <1.0>}
x[2,6]{5  <0.7649464113462435>, 2  <0.23505358865375645>}
x[2,7]{0  <1.0>}
x[3,0]{6  <1.0>}
x[3,1]{3  <1.0>}
x[3,2]{4  <1.0>}
x[3,3]{5  <1.0>}
x[3,4]{2  <1.0>}
x[3,5]{1  <1.0>}
x[3,6]{0  <1.0>}
x[3,7]{7  <1.0>}
x[4,0]{4  <1.0>}
x[4,1]{2  <1.0>}
x[4,2]{6  <1.0>}
x[4,3]{7  <1.0>}
x[4,4]{3  <1.0>}
x[4,5]{0  <1.0>}
x[4,6]{1  <1.0>}
x[4,7]{5  <1.0>}
x[5,0]{3  <1.0>}
x[5,1]{4  <1.0>}
x[5,2]{2  <1.0>}
x[5,3]{0  <1.0>}
x[5,4]{6  <1.0>}
x[5,5]{5  <1.0>}
x[5,6]{7  <1.0>}
x[5,7]{1  <1.0>}
x[6,0]{0  <1.0>}
x[6,1]{5  <0.9746998540521987>, 7  <0.02530014594780135>}
x[6,2]{7  <0.3924092536410121>, 1  <0.6075907463589879>}
x[6,3]{3  <1.0>}
x[6,4]{7  <0.7550505027971046>, 1  <0.23254964327303623>, 5  <0.012399853929859261>}
x[6,5]{4  <0.9892178334980686>, 6  <0.01078216650193135>}
x[6,6]{4  <0.012370826058437317>, 6  <0.9876291739415627>}
x[6,7]{2  <1.0>}
x[7,0]{5  <0.865512299977122>, 1  <0.021722977914568155>, 2  <0.11276472210830979>}
x[7,1]{0  <1.0>}
x[7,2]{7  <0.7597021116814777>, 1  <0.2402978883185224>}
x[7,3]{4  <1.0>}
x[7,4]{5  <0.019920093188385203>, 1  <0.5675766737259387>, 7  <0.41250323308567616>}
x[7,5]{3  <1.0>}
x[7,6]{2  <0.9356328372486328>, 5  <0.06436716275136728>}
x[7,7]{6  <1.0>}
problem entropy = 0.37663986226637347
smallest variable entropy = 0.05775734934467294
### branching on x[0,5]=6 marginal=0.9896162976369183
### branching on x[1,1]=7 marginal=0.9788713088986444
##### after BP iteration 1 #####
x[0,0]{7  <1.0>}
x[0,1]{1  <1.0>}
x[0,2]{5  <1.0>}
x[0,3]{2  <1.0>}
x[0,4]{0  <1.0>}
x[0,5]{6  <1.0>}
x[0,6]{4  <1.0>}
x[0,7]{3  <1.0>}
x[1,0]{5  <0.02282053703025997>, 1  <0.97717946296974>}
x[1,1]{7  <1.0>}
x[1,2]{0  <1.0>}
x[1,3]{6  <1.0>}
x[1,4]{5  <0.9800197550128417>, 1  <0.019980244987158363>}
x[1,5]{2  <1.0>}
x[1,6]{3  <1.0>}
x[1,7]{4  <1.0>}
x[2,0]{5  <0.10355494045018647>, 2  <0.8964450595498135>}
x[2,1]{6  <1.0>}
x[2,2]{3  <1.0>}
x[2,3]{1  <1.0>}
x[2,4]{4  <1.0>}
x[2,5]{7  <1.0>}
x[2,6]{5  <0.9506772559813109>, 2  <0.04932274401868906>}
x[2,7]{0  <1.0>}
x[3,0]{6  <1.0>}
x[3,1]{3  <1.0>}
x[3,2]{4  <1.0>}
x[3,3]{5  <1.0>}
x[3,4]{2  <1.0>}
x[3,5]{1  <1.0>}
x[3,6]{0  <1.0>}
x[3,7]{7  <1.0>}
x[4,0]{4  <1.0>}
x[4,1]{2  <1.0>}
x[4,2]{6  <1.0>}
x[4,3]{7  <1.0>}
x[4,4]{3  <1.0>}
x[4,5]{0  <1.0>}
x[4,6]{1  <1.0>}
x[4,7]{5  <1.0>}
x[5,0]{3  <1.0>}
x[5,1]{4  <1.0>}
x[5,2]{2  <1.0>}
x[5,3]{0  <1.0>}
x[5,4]{6  <1.0>}
x[5,5]{5  <1.0>}
x[5,6]{7  <1.0>}
x[5,7]{1  <1.0>}
x[6,0]{0  <1.0>}
x[6,1]{5  <1.0>}
x[6,2]{7  <0.2503316182331961>, 1  <0.7496683817668038>}
x[6,3]{3  <1.0>}
x[6,4]{7  <0.5890306428738146>, 1  <0.41096935712618543>}
x[6,5]{4  <1.0>}
x[6,6]{6  <1.0>}
x[6,7]{2  <1.0>}
x[7,0]{5  <0.9421821741388118>, 1  <0.030122846794692102>, 2  <0.02769497906649619>}
x[7,1]{0  <1.0>}
x[7,2]{7  <0.607725888663796>, 1  <0.3922741113362041>}
x[7,3]{4  <1.0>}
x[7,4]{5  <0.009423579238664983>, 1  <0.76685281871137>, 7  <0.22372360204996497>}
x[7,5]{3  <1.0>}
x[7,6]{2  <0.7540745758367878>, 5  <0.24592542416321203>}
x[7,7]{6  <1.0>}
problem entropy = 0.5389573912413506
smallest variable entropy = 0.09796222036092703
##### after BP iteration 2 #####
x[0,0]{7  <1.0>}
x[0,1]{1  <1.0>}
x[0,2]{5  <1.0>}
x[0,3]{2  <1.0>}
x[0,4]{0  <1.0>}
x[0,5]{6  <1.0>}
x[0,6]{4  <1.0>}
x[0,7]{3  <1.0>}
x[1,0]{5  <0.014094651746281541>, 1  <0.9859053482537184>}
x[1,1]{7  <1.0>}
x[1,2]{0  <1.0>}
x[1,3]{6  <1.0>}
x[1,4]{5  <0.9857695765749823>, 1  <0.014230423425017687>}
x[1,5]{2  <1.0>}
x[1,6]{3  <1.0>}
x[1,7]{4  <1.0>}
x[2,0]{5  <0.06332316409967287>, 2  <0.9366768359003271>}
x[2,1]{6  <1.0>}
x[2,2]{3  <1.0>}
x[2,3]{1  <1.0>}
x[2,4]{4  <1.0>}
x[2,5]{7  <1.0>}
x[2,6]{5  <0.8907870146553425>, 2  <0.10921298534465738>}
x[2,7]{0  <1.0>}
x[3,0]{6  <1.0>}
x[3,1]{3  <1.0>}
x[3,2]{4  <1.0>}
x[3,3]{5  <1.0>}
x[3,4]{2  <1.0>}
x[3,5]{1  <1.0>}
x[3,6]{0  <1.0>}
x[3,7]{7  <1.0>}
x[4,0]{4  <1.0>}
x[4,1]{2  <1.0>}
x[4,2]{6  <1.0>}
x[4,3]{7  <1.0>}
x[4,4]{3  <1.0>}
x[4,5]{0  <1.0>}
x[4,6]{1  <1.0>}
x[4,7]{5  <1.0>}
x[5,0]{3  <1.0>}
x[5,1]{4  <1.0>}
x[5,2]{2  <1.0>}
x[5,3]{0  <1.0>}
x[5,4]{6  <1.0>}
x[5,5]{5  <1.0>}
x[5,6]{7  <1.0>}
x[5,7]{1  <1.0>}
x[6,0]{0  <1.0>}
x[6,1]{5  <1.0>}
x[6,2]{7  <0.41083214489427644>, 1  <0.5891678551057234>}
x[6,3]{3  <1.0>}
x[6,4]{7  <0.7632479201328024>, 1  <0.23675207986719762>}
x[6,5]{4  <1.0>}
x[6,6]{6  <1.0>}
x[6,7]{2  <1.0>}
x[7,0]{5  <0.7593357653174636>, 1  <0.007334691614417277>, 2  <0.23332954306811904>}
x[7,1]{0  <1.0>}
x[7,2]{7  <0.768651769003184>, 1  <0.23134823099681598>}
x[7,3]{4  <1.0>}
x[7,4]{5  <0.02220724875105397>, 1  <0.5940978275157554>, 7  <0.38369492373319064>}
x[7,5]{3  <1.0>}
x[7,6]{2  <0.9786785842382437>, 5  <0.021321415761756262>}
x[7,7]{6  <1.0>}
problem entropy = 0.49735480979972274
smallest variable entropy = 0.0740656921695771
##### after BP iteration 3 #####
x[0,0]{7  <1.0>}
x[0,1]{1  <1.0>}
x[0,2]{5  <1.0>}
x[0,3]{2  <1.0>}
x[0,4]{0  <1.0>}
x[0,5]{6  <1.0>}
x[0,6]{4  <1.0>}
x[0,7]{3  <1.0>}
x[1,0]{5  <0.005209657580802253>, 1  <0.9947903424191977>}
x[1,1]{7  <1.0>}
x[1,2]{0  <1.0>}
x[1,3]{6  <1.0>}
x[1,4]{5  <0.9821661914902377>, 1  <0.017833808509762347>}
x[1,5]{2  <1.0>}
x[1,6]{3  <1.0>}
x[1,7]{4  <1.0>}
x[2,0]{5  <0.24426421933720902>, 2  <0.755735780662791>}
x[2,1]{6  <1.0>}
x[2,2]{3  <1.0>}
x[2,3]{1  <1.0>}
x[2,4]{4  <1.0>}
x[2,5]{7  <1.0>}
x[2,6]{5  <0.9723956415389385>, 2  <0.02760435846106145>}
x[2,7]{0  <1.0>}
x[3,0]{6  <1.0>}
x[3,1]{3  <1.0>}
x[3,2]{4  <1.0>}
x[3,3]{5  <1.0>}
x[3,4]{2  <1.0>}
x[3,5]{1  <1.0>}
x[3,6]{0  <1.0>}
x[3,7]{7  <1.0>}
x[4,0]{4  <1.0>}
x[4,1]{2  <1.0>}
x[4,2]{6  <1.0>}
x[4,3]{7  <1.0>}
x[4,4]{3  <1.0>}
x[4,5]{0  <1.0>}
x[4,6]{1  <1.0>}
x[4,7]{5  <1.0>}
x[5,0]{3  <1.0>}
x[5,1]{4  <1.0>}
x[5,2]{2  <1.0>}
x[5,3]{0  <1.0>}
x[5,4]{6  <1.0>}
x[5,5]{5  <1.0>}
x[5,6]{7  <1.0>}
x[5,7]{1  <1.0>}
x[6,0]{0  <1.0>}
x[6,1]{5  <1.0>}
x[6,2]{7  <0.21849833054401233>, 1  <0.7815016694559878>}
x[6,3]{3  <1.0>}
x[6,4]{7  <0.6170304385055836>, 1  <0.3829695614944164>}
x[6,5]{4  <1.0>}
x[6,6]{6  <1.0>}
x[6,7]{2  <1.0>}
x[7,0]{5  <0.9384389531235362>, 1  <0.012873246709938432>, 2  <0.04868780016652532>}
x[7,1]{0  <1.0>}
x[7,2]{7  <0.5937224140426187>, 1  <0.4062775859573814>}
x[7,3]{4  <1.0>}
x[7,4]{5  <0.01547597999917973>, 1  <0.7380665288845635>, 7  <0.24645749111625684>}
x[7,5]{3  <1.0>}
x[7,6]{2  <0.8977912080484083>, 5  <0.10220879195159169>}
x[7,7]{6  <1.0>}
problem entropy = 0.5144572025973687
smallest variable entropy = 0.03258448989280531
### branching on x[1,0]=1 marginal=0.9947903424191977
##### after BP iteration 1 #####
x[0,0]{7  <1.0>}
x[0,1]{1  <1.0>}
x[0,2]{5  <1.0>}
x[0,3]{2  <1.0>}
x[0,4]{0  <1.0>}
x[0,5]{6  <1.0>}
x[0,6]{4  <1.0>}
x[0,7]{3  <1.0>}
x[1,0]{1  <1.0>}
x[1,1]{7  <1.0>}
x[1,2]{0  <1.0>}
x[1,3]{6  <1.0>}
x[1,4]{5  <1.0>}
x[1,5]{2  <1.0>}
x[1,6]{3  <1.0>}
x[1,7]{4  <1.0>}
x[2,0]{5  <0.02132141576175625>, 2  <0.9786785842382437>}
x[2,1]{6  <1.0>}
x[2,2]{3  <1.0>}
x[2,3]{1  <1.0>}
x[2,4]{4  <1.0>}
x[2,5]{7  <1.0>}
x[2,6]{5  <0.7691567288742036>, 2  <0.23084327112579625>}
x[2,7]{0  <1.0>}
x[3,0]{6  <1.0>}
x[3,1]{3  <1.0>}
x[3,2]{4  <1.0>}
x[3,3]{5  <1.0>}
x[3,4]{2  <1.0>}
x[3,5]{1  <1.0>}
x[3,6]{0  <1.0>}
x[3,7]{7  <1.0>}
x[4,0]{4  <1.0>}
x[4,1]{2  <1.0>}
x[4,2]{6  <1.0>}
x[4,3]{7  <1.0>}
x[4,4]{3  <1.0>}
x[4,5]{0  <1.0>}
x[4,6]{1  <1.0>}
x[4,7]{5  <1.0>}
x[5,0]{3  <1.0>}
x[5,1]{4  <1.0>}
x[5,2]{2  <1.0>}
x[5,3]{0  <1.0>}
x[5,4]{6  <1.0>}
x[5,5]{5  <1.0>}
x[5,6]{7  <1.0>}
x[5,7]{1  <1.0>}
x[6,0]{0  <1.0>}
x[6,1]{5  <1.0>}
x[6,2]{7  <0.3785254384069192>, 1  <0.6214745615930807>}
x[6,3]{3  <1.0>}
x[6,4]{7  <0.768651769003184>, 1  <0.2313482309968159>}
x[6,5]{4  <1.0>}
x[6,6]{6  <1.0>}
x[6,7]{2  <1.0>}
x[7,0]{5  <0.8907870146553425>, 2  <0.10921298534465738>}
x[7,1]{0  <1.0>}
x[7,2]{7  <0.7632479201328024>, 1  <0.23675207986719757>}
x[7,3]{4  <1.0>}
x[7,4]{7  <0.41083214489427644>, 1  <0.5891678551057236>}
x[7,5]{3  <1.0>}
x[7,6]{2  <0.9366768359003271>, 5  <0.06332316409967285>}
x[7,7]{6  <1.0>}
problem entropy = 0.658773925366582
smallest variable entropy = 0.10313821203742689
##### after BP iteration 2 #####
x[0,0]{7  <1.0>}
x[0,1]{1  <1.0>}
x[0,2]{5  <1.0>}
x[0,3]{2  <1.0>}
x[0,4]{0  <1.0>}
x[0,5]{6  <1.0>}
x[0,6]{4  <1.0>}
x[0,7]{3  <1.0>}
x[1,0]{1  <1.0>}
x[1,1]{7  <1.0>}
x[1,2]{0  <1.0>}
x[1,3]{6  <1.0>}
x[1,4]{5  <1.0>}
x[1,5]{2  <1.0>}
x[1,6]{3  <1.0>}
x[1,7]{4  <1.0>}
x[2,0]{5  <0.10220879195159172>, 2  <0.8977912080484083>}
x[2,1]{6  <1.0>}
x[2,2]{3  <1.0>}
x[2,3]{1  <1.0>}
x[2,4]{4  <1.0>}
x[2,5]{7  <1.0>}
x[2,6]{5  <0.9506772559813109>, 2  <0.04932274401868905>}
x[2,7]{0  <1.0>}
x[3,0]{6  <1.0>}
x[3,1]{3  <1.0>}
x[3,2]{4  <1.0>}
x[3,3]{5  <1.0>}
x[3,4]{2  <1.0>}
x[3,5]{1  <1.0>}
x[3,6]{0  <1.0>}
x[3,7]{7  <1.0>}
x[4,0]{4  <1.0>}
x[4,1]{2  <1.0>}
x[4,2]{6  <1.0>}
x[4,3]{7  <1.0>}
x[4,4]{3  <1.0>}
x[4,5]{0  <1.0>}
x[4,6]{1  <1.0>}
x[4,7]{5  <1.0>}
x[5,0]{3  <1.0>}
x[5,1]{4  <1.0>}
x[5,2]{2  <1.0>}
x[5,3]{0  <1.0>}
x[5,4]{6  <1.0>}
x[5,5]{5  <1.0>}
x[5,6]{7  <1.0>}
x[5,7]{1  <1.0>}
x[6,0]{0  <1.0>}
x[6,1]{5  <1.0>}
x[6,2]{7  <0.25033161823319605>, 1  <0.749668381766804>}
x[6,3]{3  <1.0>}
x[6,4]{7  <0.5937224140426188>, 1  <0.4062775859573812>}
x[6,5]{4  <1.0>}
x[6,6]{6  <1.0>}
x[6,7]{2  <1.0>}
x[7,0]{5  <0.9723956415389385>, 2  <0.02760435846106144>}
x[7,1]{0  <1.0>}
x[7,2]{7  <0.6170304385055836>, 1  <0.38296956149441636>}
x[7,3]{4  <1.0>}
x[7,4]{7  <0.2184983305440123>, 1  <0.7815016694559876>}
x[7,5]{3  <1.0>}
x[7,6]{2  <0.7557357806627911>, 5  <0.2442642193372089>}
x[7,7]{6  <1.0>}
problem entropy = 0.6559499120564756
smallest variable entropy = 0.1263134213773096
##### after BP iteration 3 #####
x[0,0]{7  <1.0>}
x[0,1]{1  <1.0>}
x[0,2]{5  <1.0>}
x[0,3]{2  <1.0>}
x[0,4]{0  <1.0>}
x[0,5]{6  <1.0>}
x[0,6]{4  <1.0>}
x[0,7]{3  <1.0>}
x[1,0]{1  <1.0>}
x[1,1]{7  <1.0>}
x[1,2]{0  <1.0>}
x[1,3]{6  <1.0>}
x[1,4]{5  <1.0>}
x[1,5]{2  <1.0>}
x[1,6]{3  <1.0>}
x[1,7]{4  <1.0>}
x[2,0]{5  <0.06332316409967288>, 2  <0.9366768359003271>}
x[2,1]{6  <1.0>}
x[2,2]{3  <1.0>}
x[2,3]{1  <1.0>}
x[2,4]{4  <1.0>}
x[2,5]{7  <1.0>}
x[2,6]{5  <0.8907870146553425>, 2  <0.10921298534465737>}
x[2,7]{0  <1.0>}
x[3,0]{6  <1.0>}
x[3,1]{3  <1.0>}
x[3,2]{4  <1.0>}
x[3,3]{5  <1.0>}
x[3,4]{2  <1.0>}
x[3,5]{1  <1.0>}
x[3,6]{0  <1.0>}
x[3,7]{7  <1.0>}
x[4,0]{4  <1.0>}
x[4,1]{2  <1.0>}
x[4,2]{6  <1.0>}
x[4,3]{7  <1.0>}
x[4,4]{3  <1.0>}
x[4,5]{0  <1.0>}
x[4,6]{1  <1.0>}
x[4,7]{5  <1.0>}
x[5,0]{3  <1.0>}
x[5,1]{4  <1.0>}
x[5,2]{2  <1.0>}
x[5,3]{0  <1.0>}
x[5,4]{6  <1.0>}
x[5,5]{5  <1.0>}
x[5,6]{7  <1.0>}
x[5,7]{1  <1.0>}
x[6,0]{0  <1.0>}
x[6,1]{5  <1.0>}
x[6,2]{7  <0.41083214489427633>, 1  <0.5891678551057236>}
x[6,3]{3  <1.0>}
x[6,4]{7  <0.7632479201328024>, 1  <0.23675207986719765>}
x[6,5]{4  <1.0>}
x[6,6]{6  <1.0>}
x[6,7]{2  <1.0>}
x[7,0]{5  <0.7691567288742037>, 2  <0.23084327112579625>}
x[7,1]{0  <1.0>}
x[7,2]{7  <0.7686517690031841>, 1  <0.2313482309968159>}
x[7,3]{4  <1.0>}
x[7,4]{7  <0.3785254384069192>, 1  <0.6214745615930808>}
x[7,5]{3  <1.0>}
x[7,6]{2  <0.9786785842382437>, 5  <0.02132141576175625>}
x[7,7]{6  <1.0>}
problem entropy = 0.658773925366582
smallest variable entropy = 0.10313821203742689
##### after BP iteration 4 #####
x[0,0]{7  <1.0>}
x[0,1]{1  <1.0>}
x[0,2]{5  <1.0>}
x[0,3]{2  <1.0>}
x[0,4]{0  <1.0>}
x[0,5]{6  <1.0>}
x[0,6]{4  <1.0>}
x[0,7]{3  <1.0>}
x[1,0]{1  <1.0>}
x[1,1]{7  <1.0>}
x[1,2]{0  <1.0>}
x[1,3]{6  <1.0>}
x[1,4]{5  <1.0>}
x[1,5]{2  <1.0>}
x[1,6]{3  <1.0>}
x[1,7]{4  <1.0>}
x[2,0]{5  <0.2442642193372088>, 2  <0.7557357806627911>}
x[2,1]{6  <1.0>}
x[2,2]{3  <1.0>}
x[2,3]{1  <1.0>}
x[2,4]{4  <1.0>}
x[2,5]{7  <1.0>}
x[2,6]{5  <0.9723956415389386>, 2  <0.027604358461061438>}
x[2,7]{0  <1.0>}
x[3,0]{6  <1.0>}
x[3,1]{3  <1.0>}
x[3,2]{4  <1.0>}
x[3,3]{5  <1.0>}
x[3,4]{2  <1.0>}
x[3,5]{1  <1.0>}
x[3,6]{0  <1.0>}
x[3,7]{7  <1.0>}
x[4,0]{4  <1.0>}
x[4,1]{2  <1.0>}
x[4,2]{6  <1.0>}
x[4,3]{7  <1.0>}
x[4,4]{3  <1.0>}
x[4,5]{0  <1.0>}
x[4,6]{1  <1.0>}
x[4,7]{5  <1.0>}
x[5,0]{3  <1.0>}
x[5,1]{4  <1.0>}
x[5,2]{2  <1.0>}
x[5,3]{0  <1.0>}
x[5,4]{6  <1.0>}
x[5,5]{5  <1.0>}
x[5,6]{7  <1.0>}
x[5,7]{1  <1.0>}
x[6,0]{0  <1.0>}
x[6,1]{5  <1.0>}
x[6,2]{7  <0.21849833054401227>, 1  <0.7815016694559878>}
x[6,3]{3  <1.0>}
x[6,4]{7  <0.6170304385055837>, 1  <0.3829695614944163>}
x[6,5]{4  <1.0>}
x[6,6]{6  <1.0>}
x[6,7]{2  <1.0>}
x[7,0]{5  <0.9506772559813109>, 2  <0.049322744018689066>}
x[7,1]{0  <1.0>}
x[7,2]{7  <0.5937224140426188>, 1  <0.4062775859573812>}
x[7,3]{4  <1.0>}
x[7,4]{7  <0.25033161823319605>, 1  <0.749668381766804>}
x[7,5]{3  <1.0>}
x[7,6]{2  <0.8977912080484083>, 5  <0.10220879195159176>}
x[7,7]{6  <1.0>}
problem entropy = 0.6559499120564756
smallest variable entropy = 0.1263134213773095
##### after BP iteration 5 #####
x[0,0]{7  <1.0>}
x[0,1]{1  <1.0>}
x[0,2]{5  <1.0>}
x[0,3]{2  <1.0>}
x[0,4]{0  <1.0>}
x[0,5]{6  <1.0>}
x[0,6]{4  <1.0>}
x[0,7]{3  <1.0>}
x[1,0]{1  <1.0>}
x[1,1]{7  <1.0>}
x[1,2]{0  <1.0>}
x[1,3]{6  <1.0>}
x[1,4]{5  <1.0>}
x[1,5]{2  <1.0>}
x[1,6]{3  <1.0>}
x[1,7]{4  <1.0>}
x[2,0]{5  <0.021321415761756248>, 2  <0.9786785842382438>}
x[2,1]{6  <1.0>}
x[2,2]{3  <1.0>}
x[2,3]{1  <1.0>}
x[2,4]{4  <1.0>}
x[2,5]{7  <1.0>}
x[2,6]{5  <0.7691567288742038>, 2  <0.23084327112579622>}
x[2,7]{0  <1.0>}
x[3,0]{6  <1.0>}
x[3,1]{3  <1.0>}
x[3,2]{4  <1.0>}
x[3,3]{5  <1.0>}
x[3,4]{2  <1.0>}
x[3,5]{1  <1.0>}
x[3,6]{0  <1.0>}
x[3,7]{7  <1.0>}
x[4,0]{4  <1.0>}
x[4,1]{2  <1.0>}
x[4,2]{6  <1.0>}
x[4,3]{7  <1.0>}
x[4,4]{3  <1.0>}
x[4,5]{0  <1.0>}
x[4,6]{1  <1.0>}
x[4,7]{5  <1.0>}
x[5,0]{3  <1.0>}
x[5,1]{4  <1.0>}
x[5,2]{2  <1.0>}
x[5,3]{0  <1.0>}
x[5,4]{6  <1.0>}
x[5,5]{5  <1.0>}
x[5,6]{7  <1.0>}
x[5,7]{1  <1.0>}
x[6,0]{0  <1.0>}
x[6,1]{5  <1.0>}
x[6,2]{7  <0.37852543840691916>, 1  <0.6214745615930808>}
x[6,3]{3  <1.0>}
x[6,4]{7  <0.7686517690031841>, 1  <0.23134823099681587>}
x[6,5]{4  <1.0>}
x[6,6]{6  <1.0>}
x[6,7]{2  <1.0>}
x[7,0]{5  <0.8907870146553425>, 2  <0.10921298534465738>}
x[7,1]{0  <1.0>}
x[7,2]{7  <0.7632479201328025>, 1  <0.23675207986719765>}
x[7,3]{4  <1.0>}
x[7,4]{7  <0.41083214489427633>, 1  <0.5891678551057238>}
x[7,5]{3  <1.0>}
x[7,6]{2  <0.9366768359003271>, 5  <0.06332316409967287>}
x[7,7]{6  <1.0>}
problem entropy = 0.658773925366582
smallest variable entropy = 0.10313821203742678
##### after BP iteration 6 #####
x[0,0]{7  <1.0>}
x[0,1]{1  <1.0>}
x[0,2]{5  <1.0>}
x[0,3]{2  <1.0>}
x[0,4]{0  <1.0>}
x[0,5]{6  <1.0>}
x[0,6]{4  <1.0>}
x[0,7]{3  <1.0>}
x[1,0]{1  <1.0>}
x[1,1]{7  <1.0>}
x[1,2]{0  <1.0>}
x[1,3]{6  <1.0>}
x[1,4]{5  <1.0>}
x[1,5]{2  <1.0>}
x[1,6]{3  <1.0>}
x[1,7]{4  <1.0>}
x[2,0]{5  <0.10220879195159177>, 2  <0.8977912080484083>}
x[2,1]{6  <1.0>}
x[2,2]{3  <1.0>}
x[2,3]{1  <1.0>}
x[2,4]{4  <1.0>}
x[2,5]{7  <1.0>}
x[2,6]{5  <0.9506772559813109>, 2  <0.049322744018689066>}
x[2,7]{0  <1.0>}
x[3,0]{6  <1.0>}
x[3,1]{3  <1.0>}
x[3,2]{4  <1.0>}
x[3,3]{5  <1.0>}
x[3,4]{2  <1.0>}
x[3,5]{1  <1.0>}
x[3,6]{0  <1.0>}
x[3,7]{7  <1.0>}
x[4,0]{4  <1.0>}
x[4,1]{2  <1.0>}
x[4,2]{6  <1.0>}
x[4,3]{7  <1.0>}
x[4,4]{3  <1.0>}
x[4,5]{0  <1.0>}
x[4,6]{1  <1.0>}
x[4,7]{5  <1.0>}
x[5,0]{3  <1.0>}
x[5,1]{4  <1.0>}
x[5,2]{2  <1.0>}
x[5,3]{0  <1.0>}
x[5,4]{6  <1.0>}
x[5,5]{5  <1.0>}
x[5,6]{7  <1.0>}
x[5,7]{1  <1.0>}
x[6,0]{0  <1.0>}
x[6,1]{5  <1.0>}
x[6,2]{7  <0.25033161823319605>, 1  <0.749668381766804>}
x[6,3]{3  <1.0>}
x[6,4]{7  <0.5937224140426188>, 1  <0.4062775859573811>}
x[6,5]{4  <1.0>}
x[6,6]{6  <1.0>}
x[6,7]{2  <1.0>}
x[7,0]{5  <0.9723956415389386>, 2  <0.02760435846106143>}
x[7,1]{0  <1.0>}
x[7,2]{7  <0.6170304385055837>, 1  <0.3829695614944163>}
x[7,3]{4  <1.0>}
x[7,4]{7  <0.21849833054401227>, 1  <0.7815016694559878>}
x[7,5]{3  <1.0>}
x[7,6]{2  <0.7557357806627911>, 5  <0.2442642193372088>}
x[7,7]{6  <1.0>}
problem entropy = 0.6559499120564757
smallest variable entropy = 0.1263134213773095
##### after BP iteration 7 #####
x[0,0]{7  <1.0>}
x[0,1]{1  <1.0>}
x[0,2]{5  <1.0>}
x[0,3]{2  <1.0>}
x[0,4]{0  <1.0>}
x[0,5]{6  <1.0>}
x[0,6]{4  <1.0>}
x[0,7]{3  <1.0>}
x[1,0]{1  <1.0>}
x[1,1]{7  <1.0>}
x[1,2]{0  <1.0>}
x[1,3]{6  <1.0>}
x[1,4]{5  <1.0>}
x[1,5]{2  <1.0>}
x[1,6]{3  <1.0>}
x[1,7]{4  <1.0>}
x[2,0]{5  <0.06332316409967287>, 2  <0.9366768359003271>}
x[2,1]{6  <1.0>}
x[2,2]{3  <1.0>}
x[2,3]{1  <1.0>}
x[2,4]{4  <1.0>}
x[2,5]{7  <1.0>}
x[2,6]{5  <0.8907870146553425>, 2  <0.10921298534465741>}
x[2,7]{0  <1.0>}
x[3,0]{6  <1.0>}
x[3,1]{3  <1.0>}
x[3,2]{4  <1.0>}
x[3,3]{5  <1.0>}
x[3,4]{2  <1.0>}
x[3,5]{1  <1.0>}
x[3,6]{0  <1.0>}
x[3,7]{7  <1.0>}
x[4,0]{4  <1.0>}
x[4,1]{2  <1.0>}
x[4,2]{6  <1.0>}
x[4,3]{7  <1.0>}
x[4,4]{3  <1.0>}
x[4,5]{0  <1.0>}
x[4,6]{1  <1.0>}
x[4,7]{5  <1.0>}
x[5,0]{3  <1.0>}
x[5,1]{4  <1.0>}
x[5,2]{2  <1.0>}
x[5,3]{0  <1.0>}
x[5,4]{6  <1.0>}
x[5,5]{5  <1.0>}
x[5,6]{7  <1.0>}
x[5,7]{1  <1.0>}
x[6,0]{0  <1.0>}
x[6,1]{5  <1.0>}
x[6,2]{7  <0.41083214489427633>, 1  <0.5891678551057237>}
x[6,3]{3  <1.0>}
x[6,4]{7  <0.7632479201328024>, 1  <0.2367520798671977>}
x[6,5]{4  <1.0>}
x[6,6]{6  <1.0>}
x[6,7]{2  <1.0>}
x[7,0]{5  <0.7691567288742038>, 2  <0.2308432711257962>}
x[7,1]{0  <1.0>}
x[7,2]{7  <0.7686517690031842>, 1  <0.23134823099681578>}
x[7,3]{4  <1.0>}
x[7,4]{7  <0.37852543840691916>, 1  <0.6214745615930809>}
x[7,5]{3  <1.0>}
x[7,6]{2  <0.9786785842382438>, 5  <0.021321415761756248>}
x[7,7]{6  <1.0>}
problem entropy = 0.6587739253665817
smallest variable entropy = 0.10313821203742678
##### after BP iteration 8 #####
x[0,0]{7  <1.0>}
x[0,1]{1  <1.0>}
x[0,2]{5  <1.0>}
x[0,3]{2  <1.0>}
x[0,4]{0  <1.0>}
x[0,5]{6  <1.0>}
x[0,6]{4  <1.0>}
x[0,7]{3  <1.0>}
x[1,0]{1  <1.0>}
x[1,1]{7  <1.0>}
x[1,2]{0  <1.0>}
x[1,3]{6  <1.0>}
x[1,4]{5  <1.0>}
x[1,5]{2  <1.0>}
x[1,6]{3  <1.0>}
x[1,7]{4  <1.0>}
x[2,0]{5  <0.24426421933720877>, 2  <0.7557357806627912>}
x[2,1]{6  <1.0>}
x[2,2]{3  <1.0>}
x[2,3]{1  <1.0>}
x[2,4]{4  <1.0>}
x[2,5]{7  <1.0>}
x[2,6]{5  <0.9723956415389386>, 2  <0.027604358461061428>}
x[2,7]{0  <1.0>}
x[3,0]{6  <1.0>}
x[3,1]{3  <1.0>}
x[3,2]{4  <1.0>}
x[3,3]{5  <1.0>}
x[3,4]{2  <1.0>}
x[3,5]{1  <1.0>}
x[3,6]{0  <1.0>}
x[3,7]{7  <1.0>}
x[4,0]{4  <1.0>}
x[4,1]{2  <1.0>}
x[4,2]{6  <1.0>}
x[4,3]{7  <1.0>}
x[4,4]{3  <1.0>}
x[4,5]{0  <1.0>}
x[4,6]{1  <1.0>}
x[4,7]{5  <1.0>}
x[5,0]{3  <1.0>}
x[5,1]{4  <1.0>}
x[5,2]{2  <1.0>}
x[5,3]{0  <1.0>}
x[5,4]{6  <1.0>}
x[5,5]{5  <1.0>}
x[5,6]{7  <1.0>}
x[5,7]{1  <1.0>}
x[6,0]{0  <1.0>}
x[6,1]{5  <1.0>}
x[6,2]{7  <0.2184983305440122>, 1  <0.7815016694559878>}
x[6,3]{3  <1.0>}
x[6,4]{7  <0.6170304385055837>, 1  <0.38296956149441624>}
x[6,5]{4  <1.0>}
x[6,6]{6  <1.0>}
x[6,7]{2  <1.0>}
x[7,0]{5  <0.9506772559813109>, 2  <0.04932274401868907>}
x[7,1]{0  <1.0>}
x[7,2]{7  <0.5937224140426189>, 1  <0.4062775859573811>}
x[7,3]{4  <1.0>}
x[7,4]{7  <0.25033161823319605>, 1  <0.749668381766804>}
x[7,5]{3  <1.0>}
x[7,6]{2  <0.8977912080484083>, 5  <0.10220879195159181>}
x[7,7]{6  <1.0>}
problem entropy = 0.6559499120564757
smallest variable entropy = 0.12631342137730947
##### after BP iteration 9 #####
x[0,0]{7  <1.0>}
x[0,1]{1  <1.0>}
x[0,2]{5  <1.0>}
x[0,3]{2  <1.0>}
x[0,4]{0  <1.0>}
x[0,5]{6  <1.0>}
x[0,6]{4  <1.0>}
x[0,7]{3  <1.0>}
x[1,0]{1  <1.0>}
x[1,1]{7  <1.0>}
x[1,2]{0  <1.0>}
x[1,3]{6  <1.0>}
x[1,4]{5  <1.0>}
x[1,5]{2  <1.0>}
x[1,6]{3  <1.0>}
x[1,7]{4  <1.0>}
x[2,0]{5  <0.021321415761756248>, 2  <0.9786785842382438>}
x[2,1]{6  <1.0>}
x[2,2]{3  <1.0>}
x[2,3]{1  <1.0>}
x[2,4]{4  <1.0>}
x[2,5]{7  <1.0>}
x[2,6]{5  <0.7691567288742037>, 2  <0.2308432711257962>}
x[2,7]{0  <1.0>}
x[3,0]{6  <1.0>}
x[3,1]{3  <1.0>}
x[3,2]{4  <1.0>}
x[3,3]{5  <1.0>}
x[3,4]{2  <1.0>}
x[3,5]{1  <1.0>}
x[3,6]{0  <1.0>}
x[3,7]{7  <1.0>}
x[4,0]{4  <1.0>}
x[4,1]{2  <1.0>}
x[4,2]{6  <1.0>}
x[4,3]{7  <1.0>}
x[4,4]{3  <1.0>}
x[4,5]{0  <1.0>}
x[4,6]{1  <1.0>}
x[4,7]{5  <1.0>}
x[5,0]{3  <1.0>}
x[5,1]{4  <1.0>}
x[5,2]{2  <1.0>}
x[5,3]{0  <1.0>}
x[5,4]{6  <1.0>}
x[5,5]{5  <1.0>}
x[5,6]{7  <1.0>}
x[5,7]{1  <1.0>}
x[6,0]{0  <1.0>}
x[6,1]{5  <1.0>}
x[6,2]{7  <0.37852543840691905>, 1  <0.6214745615930809>}
x[6,3]{3  <1.0>}
x[6,4]{7  <0.7686517690031842>, 1  <0.23134823099681573>}
x[6,5]{4  <1.0>}
x[6,6]{6  <1.0>}
x[6,7]{2  <1.0>}
x[7,0]{5  <0.8907870146553425>, 2  <0.10921298534465741>}
x[7,1]{0  <1.0>}
x[7,2]{7  <0.7632479201328023>, 1  <0.23675207986719768>}
x[7,3]{4  <1.0>}
x[7,4]{7  <0.41083214489427633>, 1  <0.5891678551057237>}
x[7,5]{3  <1.0>}
x[7,6]{2  <0.9366768359003271>, 5  <0.06332316409967287>}
x[7,7]{6  <1.0>}
problem entropy = 0.658773925366582
smallest variable entropy = 0.10313821203742678
##### after BP iteration 10 #####
x[0,0]{7  <1.0>}
x[0,1]{1  <1.0>}
x[0,2]{5  <1.0>}
x[0,3]{2  <1.0>}
x[0,4]{0  <1.0>}
x[0,5]{6  <1.0>}
x[0,6]{4  <1.0>}
x[0,7]{3  <1.0>}
x[1,0]{1  <1.0>}
x[1,1]{7  <1.0>}
x[1,2]{0  <1.0>}
x[1,3]{6  <1.0>}
x[1,4]{5  <1.0>}
x[1,5]{2  <1.0>}
x[1,6]{3  <1.0>}
x[1,7]{4  <1.0>}
x[2,0]{5  <0.10220879195159181>, 2  <0.8977912080484083>}
x[2,1]{6  <1.0>}
x[2,2]{3  <1.0>}
x[2,3]{1  <1.0>}
x[2,4]{4  <1.0>}
x[2,5]{7  <1.0>}
x[2,6]{5  <0.9506772559813109>, 2  <0.04932274401868907>}
x[2,7]{0  <1.0>}
x[3,0]{6  <1.0>}
x[3,1]{3  <1.0>}
x[3,2]{4  <1.0>}
x[3,3]{5  <1.0>}
x[3,4]{2  <1.0>}
x[3,5]{1  <1.0>}
x[3,6]{0  <1.0>}
x[3,7]{7  <1.0>}
x[4,0]{4  <1.0>}
x[4,1]{2  <1.0>}
x[4,2]{6  <1.0>}
x[4,3]{7  <1.0>}
x[4,4]{3  <1.0>}
x[4,5]{0  <1.0>}
x[4,6]{1  <1.0>}
x[4,7]{5  <1.0>}
x[5,0]{3  <1.0>}
x[5,1]{4  <1.0>}
x[5,2]{2  <1.0>}
x[5,3]{0  <1.0>}
x[5,4]{6  <1.0>}
x[5,5]{5  <1.0>}
x[5,6]{7  <1.0>}
x[5,7]{1  <1.0>}
x[6,0]{0  <1.0>}
x[6,1]{5  <1.0>}
x[6,2]{7  <0.25033161823319605>, 1  <0.749668381766804>}
x[6,3]{3  <1.0>}
x[6,4]{7  <0.5937224140426189>, 1  <0.40627758595738106>}
x[6,5]{4  <1.0>}
x[6,6]{6  <1.0>}
x[6,7]{2  <1.0>}
x[7,0]{5  <0.9723956415389386>, 2  <0.02760435846106142>}
x[7,1]{0  <1.0>}
x[7,2]{7  <0.6170304385055838>, 1  <0.38296956149441624>}
x[7,3]{4  <1.0>}
x[7,4]{7  <0.21849833054401224>, 1  <0.7815016694559878>}
x[7,5]{3  <1.0>}
x[7,6]{2  <0.7557357806627912>, 5  <0.24426421933720877>}
x[7,7]{6  <1.0>}
problem entropy = 0.6559499120564756
smallest variable entropy = 0.12631342137730944
### branching on x[7,0]=5 marginal=0.9723956415389386
##### after BP iteration 1 #####
x[0,0]{7  <1.0>}
x[0,1]{1  <1.0>}
x[0,2]{5  <1.0>}
x[0,3]{2  <1.0>}
x[0,4]{0  <1.0>}
x[0,5]{6  <1.0>}
x[0,6]{4  <1.0>}
x[0,7]{3  <1.0>}
x[1,0]{1  <1.0>}
x[1,1]{7  <1.0>}
x[1,2]{0  <1.0>}
x[1,3]{6  <1.0>}
x[1,4]{5  <1.0>}
x[1,5]{2  <1.0>}
x[1,6]{3  <1.0>}
x[1,7]{4  <1.0>}
x[2,0]{2  <1.0>}
x[2,1]{6  <1.0>}
x[2,2]{3  <1.0>}
x[2,3]{1  <1.0>}
x[2,4]{4  <1.0>}
x[2,5]{7  <1.0>}
x[2,6]{5  <1.0>}
x[2,7]{0  <1.0>}
x[3,0]{6  <1.0>}
x[3,1]{3  <1.0>}
x[3,2]{4  <1.0>}
x[3,3]{5  <1.0>}
x[3,4]{2  <1.0>}
x[3,5]{1  <1.0>}
x[3,6]{0  <1.0>}
x[3,7]{7  <1.0>}
x[4,0]{4  <1.0>}
x[4,1]{2  <1.0>}
x[4,2]{6  <1.0>}
x[4,3]{7  <1.0>}
x[4,4]{3  <1.0>}
x[4,5]{0  <1.0>}
x[4,6]{1  <1.0>}
x[4,7]{5  <1.0>}
x[5,0]{3  <1.0>}
x[5,1]{4  <1.0>}
x[5,2]{2  <1.0>}
x[5,3]{0  <1.0>}
x[5,4]{6  <1.0>}
x[5,5]{5  <1.0>}
x[5,6]{7  <1.0>}
x[5,7]{1  <1.0>}
x[6,0]{0  <1.0>}
x[6,1]{5  <1.0>}
x[6,2]{7  <0.41083214489427633>, 1  <0.5891678551057238>}
x[6,3]{3  <1.0>}
x[6,4]{7  <0.7632479201328024>, 1  <0.23675207986719773>}
x[6,5]{4  <1.0>}
x[6,6]{6  <1.0>}
x[6,7]{2  <1.0>}
x[7,0]{5  <1.0>}
x[7,1]{0  <1.0>}
x[7,2]{7  <0.7686517690031842>, 1  <0.23134823099681576>}
x[7,3]{4  <1.0>}
x[7,4]{7  <0.37852543840691905>, 1  <0.621474561593081>}
x[7,5]{3  <1.0>}
x[7,6]{2  <1.0>}
x[7,7]{6  <1.0>}
problem entropy = 0.875970178387157
smallest variable entropy = 0.540900299205701
##### after BP iteration 2 #####
x[0,0]{7  <1.0>}
x[0,1]{1  <1.0>}
x[0,2]{5  <1.0>}
x[0,3]{2  <1.0>}
x[0,4]{0  <1.0>}
x[0,5]{6  <1.0>}
x[0,6]{4  <1.0>}
x[0,7]{3  <1.0>}
x[1,0]{1  <1.0>}
x[1,1]{7  <1.0>}
x[1,2]{0  <1.0>}
x[1,3]{6  <1.0>}
x[1,4]{5  <1.0>}
x[1,5]{2  <1.0>}
x[1,6]{3  <1.0>}
x[1,7]{4  <1.0>}
x[2,0]{2  <1.0>}
x[2,1]{6  <1.0>}
x[2,2]{3  <1.0>}
x[2,3]{1  <1.0>}
x[2,4]{4  <1.0>}
x[2,5]{7  <1.0>}
x[2,6]{5  <1.0>}
x[2,7]{0  <1.0>}
x[3,0]{6  <1.0>}
x[3,1]{3  <1.0>}
x[3,2]{4  <1.0>}
x[3,3]{5  <1.0>}
x[3,4]{2  <1.0>}
x[3,5]{1  <1.0>}
x[3,6]{0  <1.0>}
x[3,7]{7  <1.0>}
x[4,0]{4  <1.0>}
x[4,1]{2  <1.0>}
x[4,2]{6  <1.0>}
x[4,3]{7  <1.0>}
x[4,4]{3  <1.0>}
x[4,5]{0  <1.0>}
x[4,6]{1  <1.0>}
x[4,7]{5  <1.0>}
x[5,0]{3  <1.0>}
x[5,1]{4  <1.0>}
x[5,2]{2  <1.0>}
x[5,3]{0  <1.0>}
x[5,4]{6  <1.0>}
x[5,5]{5  <1.0>}
x[5,6]{7  <1.0>}
x[5,7]{1  <1.0>}
x[6,0]{0  <1.0>}
x[6,1]{5  <1.0>}
x[6,2]{7  <0.21849833054401224>, 1  <0.7815016694559879>}
x[6,3]{3  <1.0>}
x[6,4]{7  <0.6170304385055837>, 1  <0.38296956149441624>}
x[6,5]{4  <1.0>}
x[6,6]{6  <1.0>}
x[6,7]{2  <1.0>}
x[7,0]{5  <1.0>}
x[7,1]{0  <1.0>}
x[7,2]{7  <0.5937224140426189>, 1  <0.406277585957381>}
x[7,3]{4  <1.0>}
x[7,4]{7  <0.250331618233196>, 1  <0.749668381766804>}
x[7,5]{3  <1.0>}
x[7,6]{2  <1.0>}
x[7,7]{6  <1.0>}
problem entropy = 0.8759590425985143
smallest variable entropy = 0.5250007675778
##### after BP iteration 3 #####
x[0,0]{7  <1.0>}
x[0,1]{1  <1.0>}
x[0,2]{5  <1.0>}
x[0,3]{2  <1.0>}
x[0,4]{0  <1.0>}
x[0,5]{6  <1.0>}
x[0,6]{4  <1.0>}
x[0,7]{3  <1.0>}
x[1,0]{1  <1.0>}
x[1,1]{7  <1.0>}
x[1,2]{0  <1.0>}
x[1,3]{6  <1.0>}
x[1,4]{5  <1.0>}
x[1,5]{2  <1.0>}
x[1,6]{3  <1.0>}
x[1,7]{4  <1.0>}
x[2,0]{2  <1.0>}
x[2,1]{6  <1.0>}
x[2,2]{3  <1.0>}
x[2,3]{1  <1.0>}
x[2,4]{4  <1.0>}
x[2,5]{7  <1.0>}
x[2,6]{5  <1.0>}
x[2,7]{0  <1.0>}
x[3,0]{6  <1.0>}
x[3,1]{3  <1.0>}
x[3,2]{4  <1.0>}
x[3,3]{5  <1.0>}
x[3,4]{2  <1.0>}
x[3,5]{1  <1.0>}
x[3,6]{0  <1.0>}
x[3,7]{7  <1.0>}
x[4,0]{4  <1.0>}
x[4,1]{2  <1.0>}
x[4,2]{6  <1.0>}
x[4,3]{7  <1.0>}
x[4,4]{3  <1.0>}
x[4,5]{0  <1.0>}
x[4,6]{1  <1.0>}
x[4,7]{5  <1.0>}
x[5,0]{3  <1.0>}
x[5,1]{4  <1.0>}
x[5,2]{2  <1.0>}
x[5,3]{0  <1.0>}
x[5,4]{6  <1.0>}
x[5,5]{5  <1.0>}
x[5,6]{7  <1.0>}
x[5,7]{1  <1.0>}
x[6,0]{0  <1.0>}
x[6,1]{5  <1.0>}
x[6,2]{7  <0.37852543840691905>, 1  <0.6214745615930809>}
x[6,3]{3  <1.0>}
x[6,4]{7  <0.7686517690031843>, 1  <0.23134823099681565>}
x[6,5]{4  <1.0>}
x[6,6]{6  <1.0>}
x[6,7]{2  <1.0>}
x[7,0]{5  <1.0>}
x[7,1]{0  <1.0>}
x[7,2]{7  <0.7632479201328024>, 1  <0.2367520798671977>}
x[7,3]{4  <1.0>}
x[7,4]{7  <0.41083214489427633>, 1  <0.5891678551057236>}
x[7,5]{3  <1.0>}
x[7,6]{2  <1.0>}
x[7,7]{6  <1.0>}
problem entropy = 0.875970178387157
smallest variable entropy = 0.540900299205701
##### after BP iteration 4 #####
x[0,0]{7  <1.0>}
x[0,1]{1  <1.0>}
x[0,2]{5  <1.0>}
x[0,3]{2  <1.0>}
x[0,4]{0  <1.0>}
x[0,5]{6  <1.0>}
x[0,6]{4  <1.0>}
x[0,7]{3  <1.0>}
x[1,0]{1  <1.0>}
x[1,1]{7  <1.0>}
x[1,2]{0  <1.0>}
x[1,3]{6  <1.0>}
x[1,4]{5  <1.0>}
x[1,5]{2  <1.0>}
x[1,6]{3  <1.0>}
x[1,7]{4  <1.0>}
x[2,0]{2  <1.0>}
x[2,1]{6  <1.0>}
x[2,2]{3  <1.0>}
x[2,3]{1  <1.0>}
x[2,4]{4  <1.0>}
x[2,5]{7  <1.0>}
x[2,6]{5  <1.0>}
x[2,7]{0  <1.0>}
x[3,0]{6  <1.0>}
x[3,1]{3  <1.0>}
x[3,2]{4  <1.0>}
x[3,3]{5  <1.0>}
x[3,4]{2  <1.0>}
x[3,5]{1  <1.0>}
x[3,6]{0  <1.0>}
x[3,7]{7  <1.0>}
x[4,0]{4  <1.0>}
x[4,1]{2  <1.0>}
x[4,2]{6  <1.0>}
x[4,3]{7  <1.0>}
x[4,4]{3  <1.0>}
x[4,5]{0  <1.0>}
x[4,6]{1  <1.0>}
x[4,7]{5  <1.0>}
x[5,0]{3  <1.0>}
x[5,1]{4  <1.0>}
x[5,2]{2  <1.0>}
x[5,3]{0  <1.0>}
x[5,4]{6  <1.0>}
x[5,5]{5  <1.0>}
x[5,6]{7  <1.0>}
x[5,7]{1  <1.0>}
x[6,0]{0  <1.0>}
x[6,1]{5  <1.0>}
x[6,2]{7  <0.250331618233196>, 1  <0.7496683817668041>}
x[6,3]{3  <1.0>}
x[6,4]{7  <0.5937224140426188>, 1  <0.4062775859573811>}
x[6,5]{4  <1.0>}
x[6,6]{6  <1.0>}
x[6,7]{2  <1.0>}
x[7,0]{5  <1.0>}
x[7,1]{0  <1.0>}
x[7,2]{7  <0.6170304385055837>, 1  <0.3829695614944163>}
x[7,3]{4  <1.0>}
x[7,4]{7  <0.21849833054401216>, 1  <0.7815016694559879>}
x[7,5]{3  <1.0>}
x[7,6]{2  <1.0>}
x[7,7]{6  <1.0>}
problem entropy = 0.8759590425985144
smallest variable entropy = 0.5250007675777999
##### after BP iteration 5 #####
x[0,0]{7  <1.0>}
x[0,1]{1  <1.0>}
x[0,2]{5  <1.0>}
x[0,3]{2  <1.0>}
x[0,4]{0  <1.0>}
x[0,5]{6  <1.0>}
x[0,6]{4  <1.0>}
x[0,7]{3  <1.0>}
x[1,0]{1  <1.0>}
x[1,1]{7  <1.0>}
x[1,2]{0  <1.0>}
x[1,3]{6  <1.0>}
x[1,4]{5  <1.0>}
x[1,5]{2  <1.0>}
x[1,6]{3  <1.0>}
x[1,7]{4  <1.0>}
x[2,0]{2  <1.0>}
x[2,1]{6  <1.0>}
x[2,2]{3  <1.0>}
x[2,3]{1  <1.0>}
x[2,4]{4  <1.0>}
x[2,5]{7  <1.0>}
x[2,6]{5  <1.0>}
x[2,7]{0  <1.0>}
x[3,0]{6  <1.0>}
x[3,1]{3  <1.0>}
x[3,2]{4  <1.0>}
x[3,3]{5  <1.0>}
x[3,4]{2  <1.0>}
x[3,5]{1  <1.0>}
x[3,6]{0  <1.0>}
x[3,7]{7  <1.0>}
x[4,0]{4  <1.0>}
x[4,1]{2  <1.0>}
x[4,2]{6  <1.0>}
x[4,3]{7  <1.0>}
x[4,4]{3  <1.0>}
x[4,5]{0  <1.0>}
x[4,6]{1  <1.0>}
x[4,7]{5  <1.0>}
x[5,0]{3  <1.0>}
x[5,1]{4  <1.0>}
x[5,2]{2  <1.0>}
x[5,3]{0  <1.0>}
x[5,4]{6  <1.0>}
x[5,5]{5  <1.0>}
x[5,6]{7  <1.0>}
x[5,7]{1  <1.0>}
x[6,0]{0  <1.0>}
x[6,1]{5  <1.0>}
x[6,2]{7  <0.41083214489427633>, 1  <0.5891678551057236>}
x[6,3]{3  <1.0>}
x[6,4]{7  <0.7632479201328024>, 1  <0.2367520798671977>}
x[6,5]{4  <1.0>}
x[6,6]{6  <1.0>}
x[6,7]{2  <1.0>}
x[7,0]{5  <1.0>}
x[7,1]{0  <1.0>}
x[7,2]{7  <0.7686517690031843>, 1  <0.23134823099681562>}
x[7,3]{4  <1.0>}
x[7,4]{7  <0.37852543840691905>, 1  <0.6214745615930809>}
x[7,5]{3  <1.0>}
x[7,6]{2  <1.0>}
x[7,7]{6  <1.0>}
problem entropy = 0.875970178387157
smallest variable entropy = 0.540900299205701
##### after BP iteration 6 #####
x[0,0]{7  <1.0>}
x[0,1]{1  <1.0>}
x[0,2]{5  <1.0>}
x[0,3]{2  <1.0>}
x[0,4]{0  <1.0>}
x[0,5]{6  <1.0>}
x[0,6]{4  <1.0>}
x[0,7]{3  <1.0>}
x[1,0]{1  <1.0>}
x[1,1]{7  <1.0>}
x[1,2]{0  <1.0>}
x[1,3]{6  <1.0>}
x[1,4]{5  <1.0>}
x[1,5]{2  <1.0>}
x[1,6]{3  <1.0>}
x[1,7]{4  <1.0>}
x[2,0]{2  <1.0>}
x[2,1]{6  <1.0>}
x[2,2]{3  <1.0>}
x[2,3]{1  <1.0>}
x[2,4]{4  <1.0>}
x[2,5]{7  <1.0>}
x[2,6]{5  <1.0>}
x[2,7]{0  <1.0>}
x[3,0]{6  <1.0>}
x[3,1]{3  <1.0>}
x[3,2]{4  <1.0>}
x[3,3]{5  <1.0>}
x[3,4]{2  <1.0>}
x[3,5]{1  <1.0>}
x[3,6]{0  <1.0>}
x[3,7]{7  <1.0>}
x[4,0]{4  <1.0>}
x[4,1]{2  <1.0>}
x[4,2]{6  <1.0>}
x[4,3]{7  <1.0>}
x[4,4]{3  <1.0>}
x[4,5]{0  <1.0>}
x[4,6]{1  <1.0>}
x[4,7]{5  <1.0>}
x[5,0]{3  <1.0>}
x[5,1]{4  <1.0>}
x[5,2]{2  <1.0>}
x[5,3]{0  <1.0>}
x[5,4]{6  <1.0>}
x[5,5]{5  <1.0>}
x[5,6]{7  <1.0>}
x[5,7]{1  <1.0>}
x[6,0]{0  <1.0>}
x[6,1]{5  <1.0>}
x[6,2]{7  <0.21849833054401213>, 1  <0.781501669455988>}
x[6,3]{3  <1.0>}
x[6,4]{7  <0.6170304385055837>, 1  <0.38296956149441624>}
x[6,5]{4  <1.0>}
x[6,6]{6  <1.0>}
x[6,7]{2  <1.0>}
x[7,0]{5  <1.0>}
x[7,1]{0  <1.0>}
x[7,2]{7  <0.5937224140426188>, 1  <0.4062775859573811>}
x[7,3]{4  <1.0>}
x[7,4]{7  <0.250331618233196>, 1  <0.7496683817668041>}
x[7,5]{3  <1.0>}
x[7,6]{2  <1.0>}
x[7,7]{6  <1.0>}
problem entropy = 0.8759590425985143
smallest variable entropy = 0.5250007675777998
##### after BP iteration 7 #####
x[0,0]{7  <1.0>}
x[0,1]{1  <1.0>}
x[0,2]{5  <1.0>}
x[0,3]{2  <1.0>}
x[0,4]{0  <1.0>}
x[0,5]{6  <1.0>}
x[0,6]{4  <1.0>}
x[0,7]{3  <1.0>}
x[1,0]{1  <1.0>}
x[1,1]{7  <1.0>}
x[1,2]{0  <1.0>}
x[1,3]{6  <1.0>}
x[1,4]{5  <1.0>}
x[1,5]{2  <1.0>}
x[1,6]{3  <1.0>}
x[1,7]{4  <1.0>}
x[2,0]{2  <1.0>}
x[2,1]{6  <1.0>}
x[2,2]{3  <1.0>}
x[2,3]{1  <1.0>}
x[2,4]{4  <1.0>}
x[2,5]{7  <1.0>}
x[2,6]{5  <1.0>}
x[2,7]{0  <1.0>}
x[3,0]{6  <1.0>}
x[3,1]{3  <1.0>}
x[3,2]{4  <1.0>}
x[3,3]{5  <1.0>}
x[3,4]{2  <1.0>}
x[3,5]{1  <1.0>}
x[3,6]{0  <1.0>}
x[3,7]{7  <1.0>}
x[4,0]{4  <1.0>}
x[4,1]{2  <1.0>}
x[4,2]{6  <1.0>}
x[4,3]{7  <1.0>}
x[4,4]{3  <1.0>}
x[4,5]{0  <1.0>}
x[4,6]{1  <1.0>}
x[4,7]{5  <1.0>}
x[5,0]{3  <1.0>}
x[5,1]{4  <1.0>}
x[5,2]{2  <1.0>}
x[5,3]{0  <1.0>}
x[5,4]{6  <1.0>}
x[5,5]{5  <1.0>}
x[5,6]{7  <1.0>}
x[5,7]{1  <1.0>}
x[6,0]{0  <1.0>}
x[6,1]{5  <1.0>}
x[6,2]{7  <0.37852543840691905>, 1  <0.6214745615930809>}
x[6,3]{3  <1.0>}
x[6,4]{7  <0.7686517690031844>, 1  <0.23134823099681556>}
x[6,5]{4  <1.0>}
x[6,6]{6  <1.0>}
x[6,7]{2  <1.0>}
x[7,0]{5  <1.0>}
x[7,1]{0  <1.0>}
x[7,2]{7  <0.7632479201328023>, 1  <0.23675207986719765>}
x[7,3]{4  <1.0>}
x[7,4]{7  <0.41083214489427633>, 1  <0.5891678551057236>}
x[7,5]{3  <1.0>}
x[7,6]{2  <1.0>}
x[7,7]{6  <1.0>}
problem entropy = 0.875970178387157
smallest variable entropy = 0.5409002992057008
##### after BP iteration 8 #####
x[0,0]{7  <1.0>}
x[0,1]{1  <1.0>}
x[0,2]{5  <1.0>}
x[0,3]{2  <1.0>}
x[0,4]{0  <1.0>}
x[0,5]{6  <1.0>}
x[0,6]{4  <1.0>}
x[0,7]{3  <1.0>}
x[1,0]{1  <1.0>}
x[1,1]{7  <1.0>}
x[1,2]{0  <1.0>}
x[1,3]{6  <1.0>}
x[1,4]{5  <1.0>}
x[1,5]{2  <1.0>}
x[1,6]{3  <1.0>}
x[1,7]{4  <1.0>}
x[2,0]{2  <1.0>}
x[2,1]{6  <1.0>}
x[2,2]{3  <1.0>}
x[2,3]{1  <1.0>}
x[2,4]{4  <1.0>}
x[2,5]{7  <1.0>}
x[2,6]{5  <1.0>}
x[2,7]{0  <1.0>}
x[3,0]{6  <1.0>}
x[3,1]{3  <1.0>}
x[3,2]{4  <1.0>}
x[3,3]{5  <1.0>}
x[3,4]{2  <1.0>}
x[3,5]{1  <1.0>}
x[3,6]{0  <1.0>}
x[3,7]{7  <1.0>}
x[4,0]{4  <1.0>}
x[4,1]{2  <1.0>}
x[4,2]{6  <1.0>}
x[4,3]{7  <1.0>}
x[4,4]{3  <1.0>}
x[4,5]{0  <1.0>}
x[4,6]{1  <1.0>}
x[4,7]{5  <1.0>}
x[5,0]{3  <1.0>}
x[5,1]{4  <1.0>}
x[5,2]{2  <1.0>}
x[5,3]{0  <1.0>}
x[5,4]{6  <1.0>}
x[5,5]{5  <1.0>}
x[5,6]{7  <1.0>}
x[5,7]{1  <1.0>}
x[6,0]{0  <1.0>}
x[6,1]{5  <1.0>}
x[6,2]{7  <0.250331618233196>, 1  <0.7496683817668041>}
x[6,3]{3  <1.0>}
x[6,4]{7  <0.5937224140426188>, 1  <0.4062775859573811>}
x[6,5]{4  <1.0>}
x[6,6]{6  <1.0>}
x[6,7]{2  <1.0>}
x[7,0]{5  <1.0>}
x[7,1]{0  <1.0>}
x[7,2]{7  <0.6170304385055837>, 1  <0.38296956149441624>}
x[7,3]{4  <1.0>}
x[7,4]{7  <0.2184983305440121>, 1  <0.7815016694559879>}
x[7,5]{3  <1.0>}
x[7,6]{2  <1.0>}
x[7,7]{6  <1.0>}
problem entropy = 0.8759590425985144
smallest variable entropy = 0.5250007675777999
##### after BP iteration 9 #####
x[0,0]{7  <1.0>}
x[0,1]{1  <1.0>}
x[0,2]{5  <1.0>}
x[0,3]{2  <1.0>}
x[0,4]{0  <1.0>}
x[0,5]{6  <1.0>}
x[0,6]{4  <1.0>}
x[0,7]{3  <1.0>}
x[1,0]{1  <1.0>}
x[1,1]{7  <1.0>}
x[1,2]{0  <1.0>}
x[1,3]{6  <1.0>}
x[1,4]{5  <1.0>}
x[1,5]{2  <1.0>}
x[1,6]{3  <1.0>}
x[1,7]{4  <1.0>}
x[2,0]{2  <1.0>}
x[2,1]{6  <1.0>}
x[2,2]{3  <1.0>}
x[2,3]{1  <1.0>}
x[2,4]{4  <1.0>}
x[2,5]{7  <1.0>}
x[2,6]{5  <1.0>}
x[2,7]{0  <1.0>}
x[3,0]{6  <1.0>}
x[3,1]{3  <1.0>}
x[3,2]{4  <1.0>}
x[3,3]{5  <1.0>}
x[3,4]{2  <1.0>}
x[3,5]{1  <1.0>}
x[3,6]{0  <1.0>}
x[3,7]{7  <1.0>}
x[4,0]{4  <1.0>}
x[4,1]{2  <1.0>}
x[4,2]{6  <1.0>}
x[4,3]{7  <1.0>}
x[4,4]{3  <1.0>}
x[4,5]{0  <1.0>}
x[4,6]{1  <1.0>}
x[4,7]{5  <1.0>}
x[5,0]{3  <1.0>}
x[5,1]{4  <1.0>}
x[5,2]{2  <1.0>}
x[5,3]{0  <1.0>}
x[5,4]{6  <1.0>}
x[5,5]{5  <1.0>}
x[5,6]{7  <1.0>}
x[5,7]{1  <1.0>}
x[6,0]{0  <1.0>}
x[6,1]{5  <1.0>}
x[6,2]{7  <0.41083214489427633>, 1  <0.5891678551057236>}
x[6,3]{3  <1.0>}
x[6,4]{7  <0.7632479201328024>, 1  <0.23675207986719773>}
x[6,5]{4  <1.0>}
x[6,6]{6  <1.0>}
x[6,7]{2  <1.0>}
x[7,0]{5  <1.0>}
x[7,1]{0  <1.0>}
x[7,2]{7  <0.7686517690031844>, 1  <0.2313482309968156>}
x[7,3]{4  <1.0>}
x[7,4]{7  <0.37852543840691905>, 1  <0.6214745615930809>}
x[7,5]{3  <1.0>}
x[7,6]{2  <1.0>}
x[7,7]{6  <1.0>}
problem entropy = 0.8759701783871569
smallest variable entropy = 0.5409002992057009
##### after BP iteration 10 #####
x[0,0]{7  <1.0>}
x[0,1]{1  <1.0>}
x[0,2]{5  <1.0>}
x[0,3]{2  <1.0>}
x[0,4]{0  <1.0>}
x[0,5]{6  <1.0>}
x[0,6]{4  <1.0>}
x[0,7]{3  <1.0>}
x[1,0]{1  <1.0>}
x[1,1]{7  <1.0>}
x[1,2]{0  <1.0>}
x[1,3]{6  <1.0>}
x[1,4]{5  <1.0>}
x[1,5]{2  <1.0>}
x[1,6]{3  <1.0>}
x[1,7]{4  <1.0>}
x[2,0]{2  <1.0>}
x[2,1]{6  <1.0>}
x[2,2]{3  <1.0>}
x[2,3]{1  <1.0>}
x[2,4]{4  <1.0>}
x[2,5]{7  <1.0>}
x[2,6]{5  <1.0>}
x[2,7]{0  <1.0>}
x[3,0]{6  <1.0>}
x[3,1]{3  <1.0>}
x[3,2]{4  <1.0>}
x[3,3]{5  <1.0>}
x[3,4]{2  <1.0>}
x[3,5]{1  <1.0>}
x[3,6]{0  <1.0>}
x[3,7]{7  <1.0>}
x[4,0]{4  <1.0>}
x[4,1]{2  <1.0>}
x[4,2]{6  <1.0>}
x[4,3]{7  <1.0>}
x[4,4]{3  <1.0>}
x[4,5]{0  <1.0>}
x[4,6]{1  <1.0>}
x[4,7]{5  <1.0>}
x[5,0]{3  <1.0>}
x[5,1]{4  <1.0>}
x[5,2]{2  <1.0>}
x[5,3]{0  <1.0>}
x[5,4]{6  <1.0>}
x[5,5]{5  <1.0>}
x[5,6]{7  <1.0>}
x[5,7]{1  <1.0>}
x[6,0]{0  <1.0>}
x[6,1]{5  <1.0>}
x[6,2]{7  <0.21849833054401213>, 1  <0.7815016694559879>}
x[6,3]{3  <1.0>}
x[6,4]{7  <0.6170304385055837>, 1  <0.38296956149441624>}
x[6,5]{4  <1.0>}
x[6,6]{6  <1.0>}
x[6,7]{2  <1.0>}
x[7,0]{5  <1.0>}
x[7,1]{0  <1.0>}
x[7,2]{7  <0.5937224140426188>, 1  <0.4062775859573811>}
x[7,3]{4  <1.0>}
x[7,4]{7  <0.250331618233196>, 1  <0.7496683817668041>}
x[7,5]{3  <1.0>}
x[7,6]{2  <1.0>}
x[7,7]{6  <1.0>}
problem entropy = 0.8759590425985144
smallest variable entropy = 0.5250007675777999
### branching on x[6,2]=1 marginal=0.7815016694559879
##### after BP iteration 1 #####
x[0,0]{7  <1.0>}
x[0,1]{1  <1.0>}
x[0,2]{5  <1.0>}
x[0,3]{2  <1.0>}
x[0,4]{0  <1.0>}
x[0,5]{6  <1.0>}
x[0,6]{4  <1.0>}
x[0,7]{3  <1.0>}
x[1,0]{1  <1.0>}
x[1,1]{7  <1.0>}
x[1,2]{0  <1.0>}
x[1,3]{6  <1.0>}
x[1,4]{5  <1.0>}
x[1,5]{2  <1.0>}
x[1,6]{3  <1.0>}
x[1,7]{4  <1.0>}
x[2,0]{2  <1.0>}
x[2,1]{6  <1.0>}
x[2,2]{3  <1.0>}
x[2,3]{1  <1.0>}
x[2,4]{4  <1.0>}
x[2,5]{7  <1.0>}
x[2,6]{5  <1.0>}
x[2,7]{0  <1.0>}
x[3,0]{6  <1.0>}
x[3,1]{3  <1.0>}
x[3,2]{4  <1.0>}
x[3,3]{5  <1.0>}
x[3,4]{2  <1.0>}
x[3,5]{1  <1.0>}
x[3,6]{0  <1.0>}
x[3,7]{7  <1.0>}
x[4,0]{4  <1.0>}
x[4,1]{2  <1.0>}
x[4,2]{6  <1.0>}
x[4,3]{7  <1.0>}
x[4,4]{3  <1.0>}
x[4,5]{0  <1.0>}
x[4,6]{1  <1.0>}
x[4,7]{5  <1.0>}
x[5,0]{3  <1.0>}
x[5,1]{4  <1.0>}
x[5,2]{2  <1.0>}
x[5,3]{0  <1.0>}
x[5,4]{6  <1.0>}
x[5,5]{5  <1.0>}
x[5,6]{7  <1.0>}
x[5,7]{1  <1.0>}
x[6,0]{0  <1.0>}
x[6,1]{5  <1.0>}
x[6,2]{1  <1.0>}
x[6,3]{3  <1.0>}
x[6,4]{7  <1.0>}
x[6,5]{4  <1.0>}
x[6,6]{6  <1.0>}
x[6,7]{2  <1.0>}
x[7,0]{5  <1.0>}
x[7,1]{0  <1.0>}
x[7,2]{7  <1.0>}
x[7,3]{4  <1.0>}
x[7,4]{1  <1.0>}
x[7,5]{3  <1.0>}
x[7,6]{2  <1.0>}
x[7,7]{6  <1.0>}
problem entropy = 0.0
smallest variable entropy = 1.7976931348623157E308
### branching on x[6,2]!=1
##### after BP iteration 1 #####
x[0,0]{7  <1.0>}
x[0,1]{1  <1.0>}
x[0,2]{5  <1.0>}
x[0,3]{2  <1.0>}
x[0,4]{0  <1.0>}
x[0,5]{6  <1.0>}
x[0,6]{4  <1.0>}
x[0,7]{3  <1.0>}
x[1,0]{1  <1.0>}
x[1,1]{7  <1.0>}
x[1,2]{0  <1.0>}
x[1,3]{6  <1.0>}
x[1,4]{5  <1.0>}
x[1,5]{2  <1.0>}
x[1,6]{3  <1.0>}
x[1,7]{4  <1.0>}
x[2,0]{2  <1.0>}
x[2,1]{6  <1.0>}
x[2,2]{3  <1.0>}
x[2,3]{1  <1.0>}
x[2,4]{4  <1.0>}
x[2,5]{7  <1.0>}
x[2,6]{5  <1.0>}
x[2,7]{0  <1.0>}
x[3,0]{6  <1.0>}
x[3,1]{3  <1.0>}
x[3,2]{4  <1.0>}
x[3,3]{5  <1.0>}
x[3,4]{2  <1.0>}
x[3,5]{1  <1.0>}
x[3,6]{0  <1.0>}
x[3,7]{7  <1.0>}
x[4,0]{4  <1.0>}
x[4,1]{2  <1.0>}
x[4,2]{6  <1.0>}
x[4,3]{7  <1.0>}
x[4,4]{3  <1.0>}
x[4,5]{0  <1.0>}
x[4,6]{1  <1.0>}
x[4,7]{5  <1.0>}
x[5,0]{3  <1.0>}
x[5,1]{4  <1.0>}
x[5,2]{2  <1.0>}
x[5,3]{0  <1.0>}
x[5,4]{6  <1.0>}
x[5,5]{5  <1.0>}
x[5,6]{7  <1.0>}
x[5,7]{1  <1.0>}
x[6,0]{0  <1.0>}
x[6,1]{5  <1.0>}
x[6,2]{7  <1.0>}
x[6,3]{3  <1.0>}
x[6,4]{1  <1.0>}
x[6,5]{4  <1.0>}
x[6,6]{6  <1.0>}
x[6,7]{2  <1.0>}
x[7,0]{5  <1.0>}
x[7,1]{0  <1.0>}
x[7,2]{1  <1.0>}
x[7,3]{4  <1.0>}
x[7,4]{7  <1.0>}
x[7,5]{3  <1.0>}
x[7,6]{2  <1.0>}
x[7,7]{6  <1.0>}
problem entropy = 0.0
smallest variable entropy = 1.7976931348623157E308

	#choice: 12
	#fail: 0
	execution time (ms): 418
	#sols : 1
	completed : false

