{0  <1.0>}
model: sum-product-no-init
FINAL DAMPING FACTOR = 1.0
##### after BP iteration 1 #####
x[0,0]{0  <1.0>}
x[0,1]{3  <0.978388212107742>, 5  <0.02161178789225805>}
x[0,2]{1  <1.0>}
x[0,3]{4  <1.0>}
x[0,4]{6  <1.0>}
x[0,5]{2  <1.0>}
x[0,6]{7  <1.0>}
x[0,7]{3  <0.027606304306632443>, 5  <0.9723936956933675>}
x[1,0]{1  <1.0>}
x[1,1]{2  <1.0>}
x[1,2]{5  <1.0>}
x[1,3]{0  <1.0>}
x[1,4]{7  <1.0>}
x[1,5]{4  <1.0>}
x[1,6]{3  <1.0>}
x[1,7]{6  <1.0>}
x[2,0]{6  <2.5099414978184295E-4>, 5  <0.0014894164789441306>, 2  <0.998259589371274>}
x[2,1]{5  <0.530160004887408>, 1  <0.3530717949960304>, 6  <0.08478587456114527>, 3  <0.02492918857396435>, 4  <0.007053136981451868>}
x[2,2]{3  <0.7063401539707764>, 6  <0.2912708910289642>, 4  <0.0023889550002593393>}
x[2,3]{5  <0.10231875421648164>, 6  <0.6426284180867045>, 3  <0.255052827696814>}
x[2,4]{0  <0.6261791290924427>, 1  <0.01615778783318032>, 4  <0.357663083074377>}
x[2,5]{7  <1.0>}
x[2,6]{5  <0.2402435089719558>, 1  <0.7541293118685759>, 2  <0.005627179159468337>}
x[2,7]{0  <0.5642229287010564>, 4  <0.43577707129894355>}
x[3,0]{7  <1.0>}
x[3,1]{6  <0.14132531293932019>, 1  <0.07427199191428491>, 4  <0.7759176991024485>, 3  <0.008484996043946523>}
x[3,2]{6  <0.6021656028944451>, 4  <0.11766550900436085>, 3  <0.28016888810119395>}
x[3,3]{6  <0.21182202842965822>, 3  <0.7881779715703418>}
x[3,4]{4  <0.04622633731582185>, 1  <0.9537736626841781>}
x[3,5]{5  <1.0>}
x[3,6]{0  <1.0>}
x[3,7]{2  <1.0>}
x[4,0]{3  <1.0>}
x[4,1]{4  <0.005410742518705148>, 1  <0.5600430479375688>, 5  <0.4345462095437262>}
x[4,2]{2  <1.0>}
x[4,3]{7  <1.0>}
x[4,4]{0  <0.7641543783176556>, 1  <0.010479075678765921>, 4  <0.22536654600357836>}
x[4,5]{6  <1.0>}
x[4,6]{5  <0.49988775036003147>, 1  <0.5001122496399685>}
x[4,7]{0  <0.42267572100210093>, 4  <0.5773242789978991>}
x[5,0]{6  <0.05610068426654401>, 5  <0.926153643235485>, 2  <0.017745672497971123>}
x[5,1]{6  <0.840428870723794>, 5  <0.061792993572609284>, 4  <0.09777813570359668>}
x[5,2]{6  <0.0673990421406368>, 4  <0.9326009578593633>}
x[5,3]{1  <1.0>}
x[5,4]{3  <1.0>}
x[5,5]{0  <1.0>}
x[5,6]{2  <0.9933668024760357>, 5  <0.006633197523964257>}
x[5,7]{7  <1.0>}
x[6,0]{5  <0.04753198333087241>, 6  <0.9524680166691275>}
x[6,1]{0  <1.0>}
x[6,2]{7  <1.0>}
x[6,3]{5  <0.8971244757956955>, 6  <0.058742006598752596>, 3  <0.044133517605551856>}
x[6,4]{2  <1.0>}
x[6,5]{1  <1.0>}
x[6,6]{4  <1.0>}
x[6,7]{3  <0.9737247658243615>, 5  <0.02627523417563851>}
x[7,0]{4  <1.0>}
x[7,1]{7  <1.0>}
x[7,2]{0  <1.0>}
x[7,3]{2  <1.0>}
x[7,4]{5  <1.0>}
x[7,5]{3  <1.0>}
x[7,6]{6  <1.0>}
x[7,7]{1  <1.0>}
problem entropy = 0.5023284887464269
smallest variable entropy = 0.013514821275923555
##### after BP iteration 2 #####
x[0,0]{0  <1.0>}
x[0,1]{3  <0.9690198763007934>, 5  <0.030980123699206545>}
x[0,2]{1  <1.0>}
x[0,3]{4  <1.0>}
x[0,4]{6  <1.0>}
x[0,5]{2  <1.0>}
x[0,6]{7  <1.0>}
x[0,7]{3  <0.025247126304442025>, 5  <0.9747528736955581>}
x[1,0]{1  <1.0>}
x[1,1]{2  <1.0>}
x[1,2]{5  <1.0>}
x[1,3]{0  <1.0>}
x[1,4]{7  <1.0>}
x[1,5]{4  <1.0>}
x[1,6]{3  <1.0>}
x[1,7]{6  <1.0>}
x[2,0]{6  <6.363005923931326E-4>, 5  <0.00682347713289183>, 2  <0.9925402222747151>}
x[2,1]{5  <0.5407919258316936>, 1  <0.3374483645827313>, 6  <0.07368133848016907>, 3  <0.018166867108791427>, 4  <0.029911503996614876>}
x[2,2]{3  <0.6579996266993462>, 6  <0.339629790769018>, 4  <0.002370582531635808>}
x[2,3]{5  <0.057804421436388476>, 6  <0.7021100449273197>, 3  <0.24008553363629195>}
x[2,4]{0  <0.2022128256128291>, 1  <0.01843609440497053>, 4  <0.7793510799822003>}
x[2,5]{7  <1.0>}
x[2,6]{5  <0.4797163317899904>, 1  <0.5121268303240805>, 2  <0.008156837885929098>}
x[2,7]{0  <0.6176538651852975>, 4  <0.3823461348147025>}
x[3,0]{7  <1.0>}
x[3,1]{6  <0.10623483543303229>, 1  <0.03369772129604183>, 4  <0.8572323736189927>, 3  <0.0028350696519331216>}
x[3,2]{6  <0.7042496494714766>, 4  <0.0651933803933917>, 3  <0.2305569701351317>}
x[3,3]{6  <0.2245337443886366>, 3  <0.7754662556113634>}
x[3,4]{4  <0.02722711500157989>, 1  <0.9727728849984202>}
x[3,5]{5  <1.0>}
x[3,6]{0  <1.0>}
x[3,7]{2  <1.0>}
x[4,0]{3  <1.0>}
x[4,1]{4  <0.04002786715042306>, 1  <0.5836739530879341>, 5  <0.37629817976164276>}
x[4,2]{2  <1.0>}
x[4,3]{7  <1.0>}
x[4,4]{0  <0.3331690407189656>, 1  <0.02044757840314591>, 4  <0.6463833808778885>}
x[4,5]{6  <1.0>}
x[4,6]{5  <0.717846408041129>, 1  <0.2821535919588711>}
x[4,7]{0  <0.48701388278102326>, 4  <0.5129861172189768>}
x[5,0]{6  <0.06437823204034064>, 5  <0.9349278430116532>, 2  <6.939249480062552E-4>}
x[5,1]{6  <0.779930692878136>, 5  <0.07464073526436293>, 4  <0.14542857185750105>}
x[5,2]{6  <0.07692819630623716>, 4  <0.9230718036937628>}
x[5,3]{1  <1.0>}
x[5,4]{3  <1.0>}
x[5,5]{0  <1.0>}
x[5,6]{2  <0.9929133812675747>, 5  <0.00708661873242539>}
x[5,7]{7  <1.0>}
x[6,0]{5  <0.05602192475606755>, 6  <0.9439780752439324>}
x[6,1]{0  <1.0>}
x[6,2]{7  <1.0>}
x[6,3]{5  <0.9348244980691858>, 6  <0.045087071033474306>, 3  <0.020088430897339814>}
x[6,4]{2  <1.0>}
x[6,5]{1  <1.0>}
x[6,6]{4  <1.0>}
x[6,7]{3  <0.9651192627713567>, 5  <0.03488073722864318>}
x[7,0]{4  <1.0>}
x[7,1]{7  <1.0>}
x[7,2]{0  <1.0>}
x[7,3]{2  <1.0>}
x[7,4]{5  <1.0>}
x[7,5]{3  <1.0>}
x[7,6]{6  <1.0>}
x[7,7]{1  <1.0>}
problem entropy = 0.49410908216131183
smallest variable entropy = 0.04213700131862311
##### after BP iteration 3 #####
x[0,0]{0  <1.0>}
x[0,1]{3  <0.972895713571607>, 5  <0.027104286428393>}
x[0,2]{1  <1.0>}
x[0,3]{4  <1.0>}
x[0,4]{6  <1.0>}
x[0,5]{2  <1.0>}
x[0,6]{7  <1.0>}
x[0,7]{3  <0.03910782423021284>, 5  <0.9608921757697871>}
x[1,0]{1  <1.0>}
x[1,1]{2  <1.0>}
x[1,2]{5  <1.0>}
x[1,3]{0  <1.0>}
x[1,4]{7  <1.0>}
x[1,5]{4  <1.0>}
x[1,6]{3  <1.0>}
x[1,7]{6  <1.0>}
x[2,0]{6  <2.3647787235534716E-4>, 5  <0.003242177997387369>, 2  <0.9965213441302574>}
x[2,1]{5  <0.4572000687902916>, 1  <0.4634106662677331>, 6  <0.03941827089931843>, 3  <0.014574963248144897>, 4  <0.02539603079451204>}
x[2,2]{3  <0.8078450542257393>, 6  <0.18964343675101972>, 4  <0.0025115090232409893>}
x[2,3]{5  <0.042034848686156166>, 6  <0.7000554230906257>, 3  <0.2579097282232181>}
x[2,4]{0  <0.41796658572639256>, 1  <0.028511396943970143>, 4  <0.5535220173296372>}
x[2,5]{7  <1.0>}
x[2,6]{5  <0.4156657795265908>, 1  <0.5769371149146553>, 2  <0.0073971055587539235>}
x[2,7]{0  <0.7673484420302662>, 4  <0.2326515579697339>}
x[3,0]{7  <1.0>}
x[3,1]{6  <0.04962949622351783>, 1  <0.031010167092785843>, 4  <0.9167610117003813>, 3  <0.002599324983315065>}
x[3,2]{6  <0.66055967309465>, 4  <0.06775024644529319>, 3  <0.27169008046005677>}
x[3,3]{6  <0.283853173920815>, 3  <0.7161468260791849>}
x[3,4]{4  <0.02049357076237008>, 1  <0.97950642923763>}
x[3,5]{5  <1.0>}
x[3,6]{0  <1.0>}
x[3,7]{2  <1.0>}
x[4,0]{3  <1.0>}
x[4,1]{4  <0.026531826759147677>, 1  <0.7420758113167286>, 5  <0.2313923619241237>}
x[4,2]{2  <1.0>}
x[4,3]{7  <1.0>}
x[4,4]{0  <0.5551532043557234>, 1  <0.0259058938110324>, 4  <0.41894090183324423>}
x[4,5]{6  <1.0>}
x[4,6]{5  <0.6337872638913787>, 1  <0.36621273610862115>}
x[4,7]{0  <0.6353895272712484>, 4  <0.36461047272875147>}
x[5,0]{6  <0.07470008505830773>, 5  <0.9222951158227023>, 2  <0.0030047991189898534>}
x[5,1]{6  <0.8463698447082945>, 5  <0.05689315395917673>, 4  <0.09673700133252887>}
x[5,2]{6  <0.1447050537898431>, 4  <0.8552949462101569>}
x[5,3]{1  <1.0>}
x[5,4]{3  <1.0>}
x[5,5]{0  <1.0>}
x[5,6]{2  <0.9993344543239888>, 5  <6.655456760110976E-4>}
x[5,7]{7  <1.0>}
x[6,0]{5  <0.06119357115456562>, 6  <0.9388064288454344>}
x[6,1]{0  <1.0>}
x[6,2]{7  <1.0>}
x[6,3]{5  <0.9488418235329918>, 6  <0.03571141963581112>, 3  <0.015446756831196878>}
x[6,4]{2  <1.0>}
x[6,5]{1  <1.0>}
x[6,6]{4  <1.0>}
x[6,7]{3  <0.9806613457817382>, 5  <0.01933865421826184>}
x[7,0]{4  <1.0>}
x[7,1]{7  <1.0>}
x[7,2]{0  <1.0>}
x[7,3]{2  <1.0>}
x[7,4]{5  <1.0>}
x[7,5]{3  <1.0>}
x[7,6]{6  <1.0>}
x[7,7]{1  <1.0>}
problem entropy = 0.4822752442525587
smallest variable entropy = 0.005533726405343366
##### after BP iteration 4 #####
x[0,0]{0  <1.0>}
x[0,1]{3  <0.972950036793565>, 5  <0.027049963206435122>}
x[0,2]{1  <1.0>}
x[0,3]{4  <1.0>}
x[0,4]{6  <1.0>}
x[0,5]{2  <1.0>}
x[0,6]{7  <1.0>}
x[0,7]{3  <0.020770452592854594>, 5  <0.9792295474071454>}
x[1,0]{1  <1.0>}
x[1,1]{2  <1.0>}
x[1,2]{5  <1.0>}
x[1,3]{0  <1.0>}
x[1,4]{7  <1.0>}
x[1,5]{4  <1.0>}
x[1,6]{3  <1.0>}
x[1,7]{6  <1.0>}
x[2,0]{6  <1.3940631921058005E-4>, 5  <0.0025035643932878413>, 2  <0.9973570292875016>}
x[2,1]{5  <0.6753786495800154>, 1  <0.2648714897360608>, 6  <0.04211868250478757>, 3  <0.012023666985773057>, 4  <0.005607511193363435>}
x[2,2]{3  <0.8014980779013422>, 6  <0.19592176337035888>, 4  <0.002580158728298874>}
x[2,3]{5  <0.057587638537185085>, 6  <0.7400601841449403>, 3  <0.20235217731787467>}
x[2,4]{0  <0.4934757437425294>, 1  <0.010488242508161147>, 4  <0.49603601374930945>}
x[2,5]{7  <1.0>}
x[2,6]{5  <0.3616170402915754>, 1  <0.6381338132057914>, 2  <2.491465026331945E-4>}
x[2,7]{0  <0.32581465557810435>, 4  <0.6741853444218956>}
x[3,0]{7  <1.0>}
x[3,1]{6  <0.05879489614897716>, 1  <0.020655524065003244>, 4  <0.9163966188577616>, 3  <0.004152960928257985>}
x[3,2]{6  <0.6521002505148298>, 4  <0.12008163562875494>, 3  <0.22781811385641526>}
x[3,3]{6  <0.32683787113195867>, 3  <0.6731621288680414>}
x[3,4]{4  <0.05901282224805467>, 1  <0.9409871777519453>}
x[3,5]{5  <1.0>}
x[3,6]{0  <1.0>}
x[3,7]{2  <1.0>}
x[4,0]{3  <1.0>}
x[4,1]{4  <0.007532055520523328>, 1  <0.5184496619286595>, 5  <0.47401828255081724>}
x[4,2]{2  <1.0>}
x[4,3]{7  <1.0>}
x[4,4]{0  <0.6202326856483993>, 1  <0.010554225973284688>, 4  <0.36921308837831596>}
x[4,5]{6  <1.0>}
x[4,6]{5  <0.6406748605854733>, 1  <0.3593251394145267>}
x[4,7]{0  <0.19993291756433199>, 4  <0.800067082435668>}
x[5,0]{6  <0.05308071758292207>, 5  <0.9435577605989758>, 2  <0.0033615218181020606>}
x[5,1]{6  <0.9032211471975242>, 5  <0.04760698386987548>, 4  <0.04917186893260031>}
x[5,2]{6  <0.09341807022769612>, 4  <0.9065819297723038>}
x[5,3]{1  <1.0>}
x[5,4]{3  <1.0>}
x[5,5]{0  <1.0>}
x[5,6]{2  <0.9969340914966349>, 5  <0.0030659085033650935>}
x[5,7]{7  <1.0>}
x[6,0]{5  <0.048118820095412684>, 6  <0.9518811799045873>}
x[6,1]{0  <1.0>}
x[6,2]{7  <1.0>}
x[6,3]{5  <0.9482083758585526>, 6  <0.03825814680701768>, 3  <0.013533477334429875>}
x[6,4]{2  <1.0>}
x[6,5]{1  <1.0>}
x[6,6]{4  <1.0>}
x[6,7]{3  <0.9829123091547798>, 5  <0.01708769084522021>}
x[7,0]{4  <1.0>}
x[7,1]{7  <1.0>}
x[7,2]{0  <1.0>}
x[7,3]{2  <1.0>}
x[7,4]{5  <1.0>}
x[7,5]{3  <1.0>}
x[7,6]{6  <1.0>}
x[7,7]{1  <1.0>}
problem entropy = 0.46118027398661804
smallest variable entropy = 0.01887359106921086
##### after BP iteration 5 #####
x[0,0]{0  <1.0>}
x[0,1]{3  <0.990408567431057>, 5  <0.00959143256894296>}
x[0,2]{1  <1.0>}
x[0,3]{4  <1.0>}
x[0,4]{6  <1.0>}
x[0,5]{2  <1.0>}
x[0,6]{7  <1.0>}
x[0,7]{3  <0.011736230238633594>, 5  <0.9882637697613664>}
x[1,0]{1  <1.0>}
x[1,1]{2  <1.0>}
x[1,2]{5  <1.0>}
x[1,3]{0  <1.0>}
x[1,4]{7  <1.0>}
x[1,5]{4  <1.0>}
x[1,6]{3  <1.0>}
x[1,7]{6  <1.0>}
x[2,0]{6  <7.511065254383091E-6>, 5  <1.650686002526165E-4>, 2  <0.9998274203344929>}
x[2,1]{5  <0.5931246842837966>, 1  <0.34208480817071946>, 6  <0.04596843691116457>, 3  <0.015098610620722224>, 4  <0.0037234600135971313>}
x[2,2]{3  <0.7399457635739803>, 6  <0.2589736570584961>, 4  <0.0010805793675235723>}
x[2,3]{5  <0.06735578998062876>, 6  <0.7056347975414239>, 3  <0.22700941247794731>}
x[2,4]{0  <0.6405667365713172>, 1  <0.006505476213533225>, 4  <0.35292778721514956>}
x[2,5]{7  <1.0>}
x[2,6]{5  <0.2221122506864687>, 1  <0.7772180193805555>, 2  <6.697299329758335E-4>}
x[2,7]{0  <0.5525799398952157>, 4  <0.4474200601047843>}
x[3,0]{7  <1.0>}
x[3,1]{6  <0.10536659372592375>, 1  <0.03102775855021387>, 4  <0.8578652071371505>, 3  <0.005740440586711997>}
x[3,2]{6  <0.6688107775117429>, 4  <0.08158625215571183>, 3  <0.24960297033254514>}
x[3,3]{6  <0.17981593878244362>, 3  <0.8201840612175564>}
x[3,4]{4  <0.02294263496877126>, 1  <0.9770573650312288>}
x[3,5]{5  <1.0>}
x[3,6]{0  <1.0>}
x[3,7]{2  <1.0>}
x[4,0]{3  <1.0>}
x[4,1]{4  <0.002853007547048514>, 1  <0.5941497181282462>, 5  <0.4029972743247053>}
x[4,2]{2  <1.0>}
x[4,3]{7  <1.0>}
x[4,4]{0  <0.7692958291715335>, 1  <0.0044119067443976825>, 4  <0.22629226408406888>}
x[4,5]{6  <1.0>}
x[4,6]{5  <0.5280048542244552>, 1  <0.47199514577554486>}
x[4,7]{0  <0.41736024226560825>, 4  <0.5826397577343918>}
x[5,0]{6  <0.03047717001278347>, 5  <0.966791123739667>, 2  <0.002731706247549407>}
x[5,1]{6  <0.910491722749299>, 5  <0.03355292757247293>, 4  <0.05595534967822802>}
x[5,2]{6  <0.04234948783688577>, 4  <0.9576505121631143>}
x[5,3]{1  <1.0>}
x[5,4]{3  <1.0>}
x[5,5]{0  <1.0>}
x[5,6]{2  <0.9988788651593637>, 5  <0.0011211348406362518>}
x[5,7]{7  <1.0>}
x[6,0]{5  <0.03311077063772457>, 6  <0.9668892293622754>}
x[6,1]{0  <1.0>}
x[6,2]{7  <1.0>}
x[6,3]{5  <0.9270846129626775>, 6  <0.049688191241647826>, 3  <0.023227195795674824>}
x[6,4]{2  <1.0>}
x[6,5]{1  <1.0>}
x[6,6]{4  <1.0>}
x[6,7]{3  <0.9854255228240637>, 5  <0.014574477175936353>}
x[7,0]{4  <1.0>}
x[7,1]{7  <1.0>}
x[7,2]{0  <1.0>}
x[7,3]{2  <1.0>}
x[7,4]{5  <1.0>}
x[7,5]{3  <1.0>}
x[7,6]{6  <1.0>}
x[7,7]{1  <1.0>}
problem entropy = 0.4358891814266514
smallest variable entropy = 0.0016987959353460132
##### after BP iteration 6 #####
x[0,0]{0  <1.0>}
x[0,1]{3  <0.9924441546652302>, 5  <0.0075558453347698016>}
x[0,2]{1  <1.0>}
x[0,3]{4  <1.0>}
x[0,4]{6  <1.0>}
x[0,5]{2  <1.0>}
x[0,6]{7  <1.0>}
x[0,7]{3  <0.006707397089952301>, 5  <0.9932926029100476>}
x[1,0]{1  <1.0>}
x[1,1]{2  <1.0>}
x[1,2]{5  <1.0>}
x[1,3]{0  <1.0>}
x[1,4]{7  <1.0>}
x[1,5]{4  <1.0>}
x[1,6]{3  <1.0>}
x[1,7]{6  <1.0>}
x[2,0]{6  <3.767162516456489E-5>, 5  <9.060474684858738E-4>, 2  <0.9990562809063496>}
x[2,1]{5  <0.5913905217077006>, 1  <0.33086935978059095>, 6  <0.05040144645892408>, 3  <0.012305328695063749>, 4  <0.015033343357720766>}
x[2,2]{3  <0.6836352090051501>, 6  <0.31500248129279185>, 4  <0.0013623097020581774>}
x[2,3]{5  <0.07883177482816221>, 6  <0.7218535845710129>, 3  <0.19931464060082488>}
x[2,4]{0  <0.19999314623298695>, 1  <0.009843253048345041>, 4  <0.7901636007186681>}
x[2,5]{7  <1.0>}
x[2,6]{5  <0.45402089674730955>, 1  <0.5444064472373548>, 2  <0.0015726560153358404>}
x[2,7]{0  <0.6185614364005675>, 4  <0.38143856359943257>}
x[3,0]{7  <1.0>}
x[3,1]{6  <0.07605105460450744>, 1  <0.011188596008234027>, 4  <0.9117806867718712>, 3  <9.79662615387483E-4>}
x[3,2]{6  <0.7499249369008493>, 4  <0.04057129840663754>, 3  <0.20950376469251322>}
x[3,3]{6  <0.18741285342418731>, 3  <0.8125871465758127>}
x[3,4]{4  <0.009742282256634049>, 1  <0.9902577177433659>}
x[3,5]{5  <1.0>}
x[3,6]{0  <1.0>}
x[3,7]{2  <1.0>}
x[4,0]{3  <1.0>}
x[4,1]{4  <0.0219954608310317>, 1  <0.629826035763856>, 5  <0.3481785034051123>}
x[4,2]{2  <1.0>}
x[4,3]{7  <1.0>}
x[4,4]{0  <0.3248252847858472>, 1  <0.011097234442840876>, 4  <0.664077480771312>}
x[4,5]{6  <1.0>}
x[4,6]{5  <0.7457374080424936>, 1  <0.25426259195750633>}
x[4,7]{0  <0.49425663152146654>, 4  <0.5057433684785335>}
x[5,0]{6  <0.020824062590798303>, 5  <0.979118750303511>, 2  <5.718710569067996E-5>}
x[5,1]{6  <0.8762117720312378>, 5  <0.024470961576592492>, 4  <0.09931726639216959>}
x[5,2]{6  <0.046792768178933866>, 4  <0.9532072318210661>}
x[5,3]{1  <1.0>}
x[5,4]{3  <1.0>}
x[5,5]{0  <1.0>}
x[5,6]{2  <0.9990437509143242>, 5  <9.562490856758338E-4>}
x[5,7]{7  <1.0>}
x[6,0]{5  <0.03164721923600903>, 6  <0.968352780763991>}
x[6,1]{0  <1.0>}
x[6,2]{7  <1.0>}
x[6,3]{5  <0.9388170793850968>, 6  <0.04543708937885294>, 3  <0.015745831236050153>}
x[6,4]{2  <1.0>}
x[6,5]{1  <1.0>}
x[6,6]{4  <1.0>}
x[6,7]{3  <0.9839488545946975>, 5  <0.016051145405302454>}
x[7,0]{4  <1.0>}
x[7,1]{7  <1.0>}
x[7,2]{0  <1.0>}
x[7,3]{2  <1.0>}
x[7,4]{5  <1.0>}
x[7,5]{3  <1.0>}
x[7,6]{6  <1.0>}
x[7,7]{1  <1.0>}
problem entropy = 0.423614130616976
smallest variable entropy = 0.007604105975220383
##### after BP iteration 7 #####
x[0,0]{0  <1.0>}
x[0,1]{3  <0.9892606587632798>, 5  <0.010739341236720086>}
x[0,2]{1  <1.0>}
x[0,3]{4  <1.0>}
x[0,4]{6  <1.0>}
x[0,5]{2  <1.0>}
x[0,6]{7  <1.0>}
x[0,7]{3  <0.010349906094686025>, 5  <0.989650093905314>}
x[1,0]{1  <1.0>}
x[1,1]{2  <1.0>}
x[1,2]{5  <1.0>}
x[1,3]{0  <1.0>}
x[1,4]{7  <1.0>}
x[1,5]{4  <1.0>}
x[1,6]{3  <1.0>}
x[1,7]{6  <1.0>}
x[2,0]{6  <2.939168173896177E-5>, 5  <5.505905651977666E-4>, 2  <0.9994200177530633>}
x[2,1]{5  <0.5020800608921705>, 1  <0.44776990824362944>, 6  <0.029350757772903614>, 3  <0.009102134149017638>, 4  <0.011697138942278843>}
x[2,2]{3  <0.8304110432167463>, 6  <0.16852763226781972>, 4  <0.0010613245154339002>}
x[2,3]{5  <0.0418413303267672>, 6  <0.7245902860649059>, 3  <0.2335683836083268>}
x[2,4]{0  <0.4153961284235185>, 1  <0.012289223763139635>, 4  <0.5723146478133418>}
x[2,5]{7  <1.0>}
x[2,6]{5  <0.3854627024511531>, 1  <0.6134633580527618>, 2  <0.0010739394960850655>}
x[2,7]{0  <0.770750224537522>, 4  <0.22924977546247793>}
x[3,0]{7  <1.0>}
x[3,1]{6  <0.03268250840531302>, 1  <0.013151637516181664>, 4  <0.9534584503515526>, 3  <7.074037269527594E-4>}
x[3,2]{6  <0.7184617668144233>, 4  <0.04285287594468242>, 3  <0.23868535724089426>}
x[3,3]{6  <0.255799526094903>, 3  <0.7442004739050969>}
x[3,4]{4  <0.007216098367648231>, 1  <0.9927839016323518>}
x[3,5]{5  <1.0>}
x[3,6]{0  <1.0>}
x[3,7]{2  <1.0>}
x[4,0]{3  <1.0>}
x[4,1]{4  <0.013453914003117328>, 1  <0.7706945421474063>, 5  <0.21585154384947633>}
x[4,2]{2  <1.0>}
x[4,3]{7  <1.0>}
x[4,4]{0  <0.5482895395888456>, 1  <0.012106448891277793>, 4  <0.43960401151987644>}
x[4,5]{6  <1.0>}
x[4,6]{5  <0.6662286356847336>, 1  <0.33377136431526644>}
x[4,7]{0  <0.6455251596202333>, 4  <0.3544748403797668>}
x[5,0]{6  <0.025793026960965765>, 5  <0.9738736296503938>, 2  <3.3334338864042686E-4>}
x[5,1]{6  <0.9044047240372061>, 5  <0.02795485926772389>, 4  <0.06764041669507015>}
x[5,2]{6  <0.09706550664753258>, 4  <0.9029344933524674>}
x[5,3]{1  <1.0>}
x[5,4]{3  <1.0>}
x[5,5]{0  <1.0>}
x[5,6]{2  <0.9999400466571992>, 5  <5.9953342800788556E-5>}
x[5,7]{7  <1.0>}
x[6,0]{5  <0.02883398769242344>, 6  <0.9711660123075765>}
x[6,1]{0  <1.0>}
x[6,2]{7  <1.0>}
x[6,3]{5  <0.9483423237317917>, 6  <0.03806440217402446>, 3  <0.013593274094183901>}
x[6,4]{2  <1.0>}
x[6,5]{1  <1.0>}
x[6,6]{4  <1.0>}
x[6,7]{3  <0.9926410637468217>, 5  <0.0073589362531783125>}
x[7,0]{4  <1.0>}
x[7,1]{7  <1.0>}
x[7,2]{0  <1.0>}
x[7,3]{2  <1.0>}
x[7,4]{5  <1.0>}
x[7,5]{3  <1.0>}
x[7,6]{6  <1.0>}
x[7,7]{1  <1.0>}
problem entropy = 0.41656291911505366
smallest variable entropy = 6.428145819830927E-4
### branching on x[5,6]=2; marginal=0.9999400466571992; regret=0.9998800933143984; nb of ties=2
### branching on x[6,7]=3; marginal=0.9926410637468217; regret=0.9852821274936434; nb of ties=2
##### after BP iteration 1 #####
x[0,0]{0  <1.0>}
x[0,1]{3  <1.0>}
x[0,2]{1  <1.0>}
x[0,3]{4  <1.0>}
x[0,4]{6  <1.0>}
x[0,5]{2  <1.0>}
x[0,6]{7  <1.0>}
x[0,7]{5  <1.0>}
x[1,0]{1  <1.0>}
x[1,1]{2  <1.0>}
x[1,2]{5  <1.0>}
x[1,3]{0  <1.0>}
x[1,4]{7  <1.0>}
x[1,5]{4  <1.0>}
x[1,6]{3  <1.0>}
x[1,7]{6  <1.0>}
x[2,0]{2  <1.0>}
x[2,1]{5  <0.723871727551813>, 1  <0.24554312536129216>, 6  <0.02900109686586248>, 4  <0.0015840502210324819>}
x[2,2]{3  <0.8340258963321686>, 6  <0.16565097903070503>, 4  <3.2312463712639954E-4>}
x[2,3]{5  <0.018059162541174043>, 6  <0.7853757175983559>, 3  <0.1965651198604701>}
x[2,4]{0  <0.49719079980144903>, 1  <0.0028399818037365193>, 4  <0.4999692183948144>}
x[2,5]{7  <1.0>}
x[2,6]{5  <0.33729196386516785>, 1  <0.6627080361348321>}
x[2,7]{0  <0.3200493073726399>, 4  <0.6799506926273602>}
x[3,0]{7  <1.0>}
x[3,1]{6  <0.035924307515165205>, 1  <0.011911275982368233>, 4  <0.9521644165024665>}
x[3,2]{6  <0.7175376376135278>, 4  <0.07990932417381194>, 3  <0.20255303821266035>}
x[3,3]{6  <0.29853073445615963>, 3  <0.7014692655438403>}
x[3,4]{4  <0.031195917609769266>, 1  <0.9688040823902307>}
x[3,5]{5  <1.0>}
x[3,6]{0  <1.0>}
x[3,7]{2  <1.0>}
x[4,0]{3  <1.0>}
x[4,1]{4  <0.0025820763358739792>, 1  <0.5477733277147934>, 5  <0.44964459594933265>}
x[4,2]{2  <1.0>}
x[4,3]{7  <1.0>}
x[4,4]{0  <0.6195837250294958>, 1  <0.003506138370841403>, 4  <0.3769101365996628>}
x[4,5]{6  <1.0>}
x[4,6]{5  <0.6614827429635136>, 1  <0.3385172570364865>}
x[4,7]{0  <0.1984486623937394>, 4  <0.8015513376062606>}
x[5,0]{6  <0.03815702784063309>, 5  <0.961842972159367>}
x[5,1]{6  <0.9327299633068283>, 5  <0.03510779027930787>, 4  <0.03216224641386381>}
x[5,2]{6  <0.06695998798035836>, 4  <0.9330400120196417>}
x[5,3]{1  <1.0>}
x[5,4]{3  <1.0>}
x[5,5]{0  <1.0>}
x[5,6]{2  <1.0>}
x[5,7]{7  <1.0>}
x[6,0]{5  <0.03150285956069612>, 6  <0.9684971404393038>}
x[6,1]{0  <1.0>}
x[6,2]{7  <1.0>}
x[6,3]{5  <0.9813014640339905>, 6  <0.018698535966009396>}
x[6,4]{2  <1.0>}
x[6,5]{1  <1.0>}
x[6,6]{4  <1.0>}
x[6,7]{3  <1.0>}
x[7,0]{4  <1.0>}
x[7,1]{7  <1.0>}
x[7,2]{0  <1.0>}
x[7,3]{2  <1.0>}
x[7,4]{5  <1.0>}
x[7,5]{3  <1.0>}
x[7,6]{6  <1.0>}
x[7,7]{1  <1.0>}
problem entropy = 0.5255114891081408
smallest variable entropy = 0.09292989049527149
##### after BP iteration 2 #####
x[0,0]{0  <1.0>}
x[0,1]{3  <1.0>}
x[0,2]{1  <1.0>}
x[0,3]{4  <1.0>}
x[0,4]{6  <1.0>}
x[0,5]{2  <1.0>}
x[0,6]{7  <1.0>}
x[0,7]{5  <1.0>}
x[1,0]{1  <1.0>}
x[1,1]{2  <1.0>}
x[1,2]{5  <1.0>}
x[1,3]{0  <1.0>}
x[1,4]{7  <1.0>}
x[1,5]{4  <1.0>}
x[1,6]{3  <1.0>}
x[1,7]{6  <1.0>}
x[2,0]{2  <1.0>}
x[2,1]{5  <0.6541071477487667>, 1  <0.32676826476053167>, 6  <0.018122207068728767>, 4  <0.0010023804219728785>}
x[2,2]{3  <0.7629669609760824>, 6  <0.23691733707874196>, 4  <1.1570194517562118E-4>}
x[2,3]{5  <0.012883613004370329>, 6  <0.7698230543311675>, 3  <0.2172933326644621>}
x[2,4]{0  <0.6487885295516459>, 1  <0.0017933906734272048>, 4  <0.349418079774927>}
x[2,5]{7  <1.0>}
x[2,6]{5  <0.21379492116383023>, 1  <0.7862050788361697>}
x[2,7]{0  <0.5477222769677009>, 4  <0.45227772303229896>}
x[3,0]{7  <1.0>}
x[3,1]{6  <0.0729035570612578>, 1  <0.017014430510807393>, 4  <0.9100820124279348>}
x[3,2]{6  <0.7277523478216206>, 4  <0.05384610234350243>, 3  <0.21840154983487706>}
x[3,3]{6  <0.15533678155424635>, 3  <0.8446632184457536>}
x[3,4]{4  <0.011659944171416721>, 1  <0.9883400558285833>}
x[3,5]{5  <1.0>}
x[3,6]{0  <1.0>}
x[3,7]{2  <1.0>}
x[4,0]{3  <1.0>}
x[4,1]{4  <8.921648587117005E-4>, 1  <0.6217239496211283>, 5  <0.37738388552016>}
x[4,2]{2  <1.0>}
x[4,3]{7  <1.0>}
x[4,4]{0  <0.7715061769569135>, 1  <0.001733233876614143>, 4  <0.22676058916647235>}
x[4,5]{6  <1.0>}
x[4,6]{5  <0.5455925307353849>, 1  <0.4544074692646151>}
x[4,7]{0  <0.4159791234286718>, 4  <0.5840208765713282>}
x[5,0]{6  <0.04297451682572664>, 5  <0.9570254831742734>}
x[5,1]{6  <0.9298699614546425>, 5  <0.03397545399795305>, 4  <0.036154584547404243>}
x[5,2]{6  <0.02689300063253665>, 4  <0.9731069993674633>}
x[5,3]{1  <1.0>}
x[5,4]{3  <1.0>}
x[5,5]{0  <1.0>}
x[5,6]{2  <1.0>}
x[5,7]{7  <1.0>}
x[6,0]{5  <0.024828210322452266>, 6  <0.9751717896775477>}
x[6,1]{0  <1.0>}
x[6,2]{7  <1.0>}
x[6,3]{5  <0.9854261242618202>, 6  <0.014573875738179826>}
x[6,4]{2  <1.0>}
x[6,5]{1  <1.0>}
x[6,6]{4  <1.0>}
x[6,7]{3  <1.0>}
x[7,0]{4  <1.0>}
x[7,1]{7  <1.0>}
x[7,2]{0  <1.0>}
x[7,3]{2  <1.0>}
x[7,4]{5  <1.0>}
x[7,5]{3  <1.0>}
x[7,6]{6  <1.0>}
x[7,7]{1  <1.0>}
problem entropy = 0.5080922119525161
smallest variable entropy = 0.06349706077376668
##### after BP iteration 3 #####
x[0,0]{0  <1.0>}
x[0,1]{3  <1.0>}
x[0,2]{1  <1.0>}
x[0,3]{4  <1.0>}
x[0,4]{6  <1.0>}
x[0,5]{2  <1.0>}
x[0,6]{7  <1.0>}
x[0,7]{5  <1.0>}
x[1,0]{1  <1.0>}
x[1,1]{2  <1.0>}
x[1,2]{5  <1.0>}
x[1,3]{0  <1.0>}
x[1,4]{7  <1.0>}
x[1,5]{4  <1.0>}
x[1,6]{3  <1.0>}
x[1,7]{6  <1.0>}
x[2,0]{2  <1.0>}
x[2,1]{5  <0.6455375198554827>, 1  <0.329762796872204>, 6  <0.017373329106696873>, 4  <0.0073263541656166005>}
x[2,2]{3  <0.711876293998567>, 6  <0.2878878800522221>, 4  <2.3582594921090432E-4>}
x[2,3]{5  <0.015819166487092532>, 6  <0.7951573220355875>, 3  <0.18902351147731994>}
x[2,4]{0  <0.19856357558491577>, 1  <0.00406165673106144>, 4  <0.7973747676840228>}
x[2,5]{7  <1.0>}
x[2,6]{5  <0.44721383683184274>, 1  <0.5527861631681573>}
x[2,7]{0  <0.6179076388690526>, 4  <0.3820923611309474>}
x[3,0]{7  <1.0>}
x[3,1]{6  <0.05692164557190914>, 1  <0.0033612275654250874>, 4  <0.9397171268626657>}
x[3,2]{6  <0.7851912974984299>, 4  <0.025758802336935265>, 3  <0.18904990016463485>}
x[3,3]{6  <0.15334358362838652>, 3  <0.8466564163716136>}
x[3,4]{4  <0.00329838570878843>, 1  <0.9967016142912115>}
x[3,5]{5  <1.0>}
x[3,6]{0  <1.0>}
x[3,7]{2  <1.0>}
x[4,0]{3  <1.0>}
x[4,1]{4  <0.01148254061162905>, 1  <0.6573694298168196>, 5  <0.3311480295715513>}
x[4,2]{2  <1.0>}
x[4,3]{7  <1.0>}
x[4,4]{0  <0.3189938949049305>, 1  <0.0059358772273758655>, 4  <0.6750702278676936>}
x[4,5]{6  <1.0>}
x[4,6]{5  <0.757702739166951>, 1  <0.242297260833049>}
x[4,7]{0  <0.49789463429611686>, 4  <0.5021053657038831>}
x[5,0]{6  <0.02209561239333001>, 5  <0.97790438760667>}
x[5,1]{6  <0.9163988991245585>, 5  <0.01897759635023059>, 4  <0.06462350452521097>}
x[5,2]{6  <0.026692856156549774>, 4  <0.9733071438434502>}
x[5,3]{1  <1.0>}
x[5,4]{3  <1.0>}
x[5,5]{0  <1.0>}
x[5,6]{2  <1.0>}
x[5,7]{7  <1.0>}
x[6,0]{5  <0.020008257730517384>, 6  <0.9799917422694827>}
x[6,1]{0  <1.0>}
x[6,2]{7  <1.0>}
x[6,3]{5  <0.9817635689054013>, 6  <0.018236431094598618>}
x[6,4]{2  <1.0>}
x[6,5]{1  <1.0>}
x[6,6]{4  <1.0>}
x[6,7]{3  <1.0>}
x[7,0]{4  <1.0>}
x[7,1]{7  <1.0>}
x[7,2]{0  <1.0>}
x[7,3]{2  <1.0>}
x[7,4]{5  <1.0>}
x[7,5]{3  <1.0>}
x[7,6]{6  <1.0>}
x[7,7]{1  <1.0>}
problem entropy = 0.49391128793390243
smallest variable entropy = 0.02214097842494912
##### after BP iteration 4 #####
x[0,0]{0  <1.0>}
x[0,1]{3  <1.0>}
x[0,2]{1  <1.0>}
x[0,3]{4  <1.0>}
x[0,4]{6  <1.0>}
x[0,5]{2  <1.0>}
x[0,6]{7  <1.0>}
x[0,7]{5  <1.0>}
x[1,0]{1  <1.0>}
x[1,1]{2  <1.0>}
x[1,2]{5  <1.0>}
x[1,3]{0  <1.0>}
x[1,4]{7  <1.0>}
x[1,5]{4  <1.0>}
x[1,6]{3  <1.0>}
x[1,7]{6  <1.0>}
x[2,0]{2  <1.0>}
x[2,1]{5  <0.5345106199907209>, 1  <0.44438451595016826>, 6  <0.013988222964647627>, 4  <0.007116641094463058>}
x[2,2]{3  <0.8517968717639662>, 6  <0.14794501630813076>, 4  <2.5811192790321124E-4>}
x[2,3]{5  <0.017710396746443015>, 6  <0.773696070603035>, 3  <0.20859353265052202>}
x[2,4]{0  <0.4149438232120379>, 1  <0.006113449905379026>, 4  <0.5789427268825831>}
x[2,5]{7  <1.0>}
x[2,6]{5  <0.3755108412723554>, 1  <0.6244891587276445>}
x[2,7]{0  <0.7723954140265148>, 4  <0.22760458597348532>}
x[3,0]{7  <1.0>}
x[3,1]{6  <0.02221985328454673>, 1  <0.0036881880471086436>, 4  <0.9740919586683446>}
x[3,2]{6  <0.7637582706812793>, 4  <0.02824977285859913>, 3  <0.20799195646012153>}
x[3,3]{6  <0.22712823548446323>, 3  <0.7728717645155367>}
x[3,4]{4  <0.0020052184669590986>, 1  <0.9979947815330409>}
x[3,5]{5  <1.0>}
x[3,6]{0  <1.0>}
x[3,7]{2  <1.0>}
x[4,0]{3  <1.0>}
x[4,1]{4  <0.007731371120492615>, 1  <0.7827463778901672>, 5  <0.20952225098934013>}
x[4,2]{2  <1.0>}
x[4,3]{7  <1.0>}
x[4,4]{0  <0.545076524845262>, 1  <0.006456992394440846>, 4  <0.44846648276029716>}
x[4,5]{6  <1.0>}
x[4,6]{5  <0.6753931023507284>, 1  <0.3246068976492717>}
x[4,7]{0  <0.6521014760730482>, 4  <0.34789852392695175>}
x[5,0]{6  <0.008859065305866212>, 5  <0.9911409346941338>}
x[5,1]{6  <0.9452090325341254>, 5  <0.01162539337205338>, 4  <0.043165574093821255>}
x[5,2]{6  <0.06254405982156552>, 4  <0.9374559401784345>}
x[5,3]{1  <1.0>}
x[5,4]{3  <1.0>}
x[5,5]{0  <1.0>}
x[5,6]{2  <1.0>}
x[5,7]{7  <1.0>}
x[6,0]{5  <0.01621726068561569>, 6  <0.9837827393143843>}
x[6,1]{0  <1.0>}
x[6,2]{7  <1.0>}
x[6,3]{5  <0.9778837245540052>, 6  <0.02211627544599483>}
x[6,4]{2  <1.0>}
x[6,5]{1  <1.0>}
x[6,6]{4  <1.0>}
x[6,7]{3  <1.0>}
x[7,0]{4  <1.0>}
x[7,1]{7  <1.0>}
x[7,2]{0  <1.0>}
x[7,3]{2  <1.0>}
x[7,4]{5  <1.0>}
x[7,5]{3  <1.0>}
x[7,6]{6  <1.0>}
x[7,7]{1  <1.0>}
problem entropy = 0.48801670348840664
smallest variable entropy = 0.014459628325987437
##### after BP iteration 5 #####
x[0,0]{0  <1.0>}
x[0,1]{3  <1.0>}
x[0,2]{1  <1.0>}
x[0,3]{4  <1.0>}
x[0,4]{6  <1.0>}
x[0,5]{2  <1.0>}
x[0,6]{7  <1.0>}
x[0,7]{5  <1.0>}
x[1,0]{1  <1.0>}
x[1,1]{2  <1.0>}
x[1,2]{5  <1.0>}
x[1,3]{0  <1.0>}
x[1,4]{7  <1.0>}
x[1,5]{4  <1.0>}
x[1,6]{3  <1.0>}
x[1,7]{6  <1.0>}
x[2,0]{2  <1.0>}
x[2,1]{5  <0.7448930758116287>, 1  <0.23788799247279427>, 6  <0.016612684715503773>, 4  <6.062470000731834E-4>}
x[2,2]{3  <0.859224957709318>, 6  <0.14059814348033264>, 4  <1.768988103493949E-4>}
x[2,3]{5  <0.024250073734901297>, 6  <0.7967541466083434>, 3  <0.17899577965675523>}
x[2,4]{0  <0.49890573286224316>, 1  <9.682955161193343E-4>, 4  <0.5001259716216375>}
x[2,5]{7  <1.0>}
x[2,6]{5  <0.32291857316156325>, 1  <0.6770814268384368>}
x[2,7]{0  <0.316204939500552>, 4  <0.6837950604994479>}
x[3,0]{7  <1.0>}
x[3,1]{6  <0.021842571892058307>, 1  <0.005152587431661549>, 4  <0.9730048406762801>}
x[3,2]{6  <0.7689680712813758>, 4  <0.055620010522023824>, 3  <0.1754119181966004>}
x[3,3]{6  <0.276768825948599>, 3  <0.7232311740514011>}
x[3,4]{4  <0.013330021436281982>, 1  <0.986669978563718>}
x[3,5]{5  <1.0>}
x[3,6]{0  <1.0>}
x[3,7]{2  <1.0>}
x[4,0]{3  <1.0>}
x[4,1]{4  <9.84009364748057E-4>, 1  <0.5546432574133748>, 5  <0.4443727332218772>}
x[4,2]{2  <1.0>}
x[4,3]{7  <1.0>}
x[4,4]{0  <0.6182184403355587>, 1  <0.0011709300443185839>, 4  <0.3806106296201226>}
x[4,5]{6  <1.0>}
x[4,6]{5  <0.6661542058180392>, 1  <0.3338457941819607>}
x[4,7]{0  <0.19762607461756868>, 4  <0.8023739253824312>}
x[5,0]{6  <0.008412786626247898>, 5  <0.9915872133737521>}
x[5,1]{6  <0.9708677614686768>, 5  <0.00857808531513344>, 4  <0.020554153216189856>}
x[5,2]{6  <0.048838286695170985>, 4  <0.9511617133048291>}
x[5,3]{1  <1.0>}
x[5,4]{3  <1.0>}
x[5,5]{0  <1.0>}
x[5,6]{2  <1.0>}
x[5,7]{7  <1.0>}
x[6,0]{5  <0.009804184873887149>, 6  <0.9901958151261128>}
x[6,1]{0  <1.0>}
x[6,2]{7  <1.0>}
x[6,3]{5  <0.9855003928659662>, 6  <0.01449960713403374>}
x[6,4]{2  <1.0>}
x[6,5]{1  <1.0>}
x[6,6]{4  <1.0>}
x[6,7]{3  <1.0>}
x[7,0]{4  <1.0>}
x[7,1]{7  <1.0>}
x[7,2]{0  <1.0>}
x[7,3]{2  <1.0>}
x[7,4]{5  <1.0>}
x[7,5]{3  <1.0>}
x[7,6]{6  <1.0>}
x[7,7]{1  <1.0>}
problem entropy = 0.4759552268778021
smallest variable entropy = 0.04857361512405822
##### after BP iteration 6 #####
x[0,0]{0  <1.0>}
x[0,1]{3  <1.0>}
x[0,2]{1  <1.0>}
x[0,3]{4  <1.0>}
x[0,4]{6  <1.0>}
x[0,5]{2  <1.0>}
x[0,6]{7  <1.0>}
x[0,7]{5  <1.0>}
x[1,0]{1  <1.0>}
x[1,1]{2  <1.0>}
x[1,2]{5  <1.0>}
x[1,3]{0  <1.0>}
x[1,4]{7  <1.0>}
x[1,5]{4  <1.0>}
x[1,6]{3  <1.0>}
x[1,7]{6  <1.0>}
x[2,0]{2  <1.0>}
x[2,1]{5  <0.6675966697016069>, 1  <0.32040950849249256>, 6  <0.01173803428958041>, 4  <2.5578751632008873E-4>}
x[2,2]{3  <0.7862074700956171>, 6  <0.21375691554939336>, 4  <3.561435498956157E-5>}
x[2,3]{5  <0.013759177914115156>, 6  <0.792124296869766>, 3  <0.19411652521611883>}
x[2,4]{0  <0.6535800421456334>, 1  <5.738008947218271E-4>, 4  <0.3458461569596449>}
x[2,5]{7  <1.0>}
x[2,6]{5  <0.20723068232096017>, 1  <0.7927693176790399>}
x[2,7]{0  <0.5454678480636843>, 4  <0.4545321519363157>}
x[3,0]{7  <1.0>}
x[3,1]{6  <0.0489307714085597>, 1  <0.00789743193891527>, 4  <0.943171796652525>}
x[3,2]{6  <0.767004769031773>, 4  <0.0367527131499886>, 3  <0.19624251781823832>}
x[3,3]{6  <0.13823017697463977>, 3  <0.8617698230253602>}
x[3,4]{4  <0.00618739918011835>, 1  <0.9938126008198817>}
x[3,5]{5  <1.0>}
x[3,6]{0  <1.0>}
x[3,7]{2  <1.0>}
x[4,0]{3  <1.0>}
x[4,1]{4  <2.4104107402637867E-4>, 1  <0.6273881456442395>, 5  <0.37237081328173405>}
x[4,2]{2  <1.0>}
x[4,3]{7  <1.0>}
x[4,4]{0  <0.772886587048331>, 1  <5.355120690543107E-4>, 4  <0.2265779008826147>}
x[4,5]{6  <1.0>}
x[4,6]{5  <0.557168245650302>, 1  <0.44283175434969796>}
x[4,7]{0  <0.4155175451286699>, 4  <0.5844824548713301>}
x[5,0]{6  <0.009512987951542736>, 5  <0.9904870120484572>}
x[5,1]{6  <0.9653170091892206>, 5  <0.010779616411196473>, 4  <0.02390337439958305>}
x[5,2]{6  <0.01867549688373652>, 4  <0.9813245031162635>}
x[5,3]{1  <1.0>}
x[5,4]{3  <1.0>}
x[5,5]{0  <1.0>}
x[5,6]{2  <1.0>}
x[5,7]{7  <1.0>}
x[6,0]{5  <0.007515430339907805>, 6  <0.9924845696600922>}
x[6,1]{0  <1.0>}
x[6,2]{7  <1.0>}
x[6,3]{5  <0.9892878964384183>, 6  <0.010712103561581704>}
x[6,4]{2  <1.0>}
x[6,5]{1  <1.0>}
x[6,6]{4  <1.0>}
x[6,7]{3  <1.0>}
x[7,0]{4  <1.0>}
x[7,1]{7  <1.0>}
x[7,2]{0  <1.0>}
x[7,3]{2  <1.0>}
x[7,4]{5  <1.0>}
x[7,5]{3  <1.0>}
x[7,6]{6  <1.0>}
x[7,7]{1  <1.0>}
problem entropy = 0.4643900282057693
smallest variable entropy = 0.0376326301857964
##### after BP iteration 7 #####
x[0,0]{0  <1.0>}
x[0,1]{3  <1.0>}
x[0,2]{1  <1.0>}
x[0,3]{4  <1.0>}
x[0,4]{6  <1.0>}
x[0,5]{2  <1.0>}
x[0,6]{7  <1.0>}
x[0,7]{5  <1.0>}
x[1,0]{1  <1.0>}
x[1,1]{2  <1.0>}
x[1,2]{5  <1.0>}
x[1,3]{0  <1.0>}
x[1,4]{7  <1.0>}
x[1,5]{4  <1.0>}
x[1,6]{3  <1.0>}
x[1,7]{6  <1.0>}
x[2,0]{2  <1.0>}
x[2,1]{5  <0.6573149491600752>, 1  <0.32918240598690945>, 6  <0.010681925502839276>, 4  <0.0028207193501761057>}
x[2,2]{3  <0.7296171652410138>, 6  <0.2703243984934757>, 4  <5.8436265510277854E-5>}
x[2,3]{5  <0.005590877238321358>, 6  <0.8262323091992818>, 3  <0.16817681356239697>}
x[2,4]{0  <0.19766053083341634>, 1  <0.0016147005925411103>, 4  <0.8007247685740426>}
x[2,5]{7  <1.0>}
x[2,6]{5  <0.441447383952703>, 1  <0.558552616047297>}
x[2,7]{0  <0.6173060961597587>, 4  <0.3826939038402414>}
x[3,0]{7  <1.0>}
x[3,1]{6  <0.042444639463256675>, 1  <0.0017722977091248263>, 4  <0.9557830628276185>}
x[3,2]{6  <0.8094674332545948>, 4  <0.01698785733017868>, 3  <0.17354470941522646>}
x[3,3]{6  <0.1333023813199487>, 3  <0.8666976186800512>}
x[3,4]{4  <0.0011398709429527897>, 1  <0.9988601290570472>}
x[3,5]{5  <1.0>}
x[3,6]{0  <1.0>}
x[3,7]{2  <1.0>}
x[4,0]{3  <1.0>}
x[4,1]{4  <0.004736379834642919>, 1  <0.6749304444719139>, 5  <0.3203331756934432>}
x[4,2]{2  <1.0>}
x[4,3]{7  <1.0>}
x[4,4]{0  <0.3157225680066717>, 1  <0.002594676631146174>, 4  <0.6816827553621821>}
x[4,5]{6  <1.0>}
x[4,6]{5  <0.7641368045210357>, 1  <0.23586319547896434>}
x[4,7]{0  <0.4989493956718506>, 4  <0.5010506043281494>}
x[5,0]{6  <0.009630916198114469>, 5  <0.9903690838018855>}
x[5,1]{6  <0.9423750428294864>, 5  <0.01098240819320057>, 4  <0.0466425489773131>}
x[5,2]{6  <0.016413384886448147>, 4  <0.9835866151135519>}
x[5,3]{1  <1.0>}
x[5,4]{3  <1.0>}
x[5,5]{0  <1.0>}
x[5,6]{2  <1.0>}
x[5,7]{7  <1.0>}
x[6,0]{5  <0.010394223354042694>, 6  <0.9896057766459573>}
x[6,1]{0  <1.0>}
x[6,2]{7  <1.0>}
x[6,3]{5  <0.9924523383080625>, 6  <0.007547661691937475>}
x[6,4]{2  <1.0>}
x[6,5]{1  <1.0>}
x[6,6]{4  <1.0>}
x[6,7]{3  <1.0>}
x[7,0]{4  <1.0>}
x[7,1]{7  <1.0>}
x[7,2]{0  <1.0>}
x[7,3]{2  <1.0>}
x[7,4]{5  <1.0>}
x[7,5]{3  <1.0>}
x[7,6]{6  <1.0>}
x[7,7]{1  <1.0>}
problem entropy = 0.4570641331759447
smallest variable entropy = 0.008863944307348156
##### after BP iteration 8 #####
x[0,0]{0  <1.0>}
x[0,1]{3  <1.0>}
x[0,2]{1  <1.0>}
x[0,3]{4  <1.0>}
x[0,4]{6  <1.0>}
x[0,5]{2  <1.0>}
x[0,6]{7  <1.0>}
x[0,7]{5  <1.0>}
x[1,0]{1  <1.0>}
x[1,1]{2  <1.0>}
x[1,2]{5  <1.0>}
x[1,3]{0  <1.0>}
x[1,4]{7  <1.0>}
x[1,5]{4  <1.0>}
x[1,6]{3  <1.0>}
x[1,7]{6  <1.0>}
x[2,0]{2  <1.0>}
x[2,1]{5  <0.5531992936198417>, 1  <0.43897271322152254>, 6  <0.004612224123914766>, 4  <0.003215769034721102>}
x[2,2]{3  <0.8654026193831447>, 6  <0.13452812537465328>, 4  <6.925524220206242E-5>}
x[2,3]{5  <0.004264701712474363>, 6  <0.804332721683359>, 3  <0.1914025766041667>}
x[2,4]{0  <0.4150251756847503>, 1  <0.0025694602847816063>, 4  <0.5824053640304682>}
x[2,5]{7  <1.0>}
x[2,6]{5  <0.3726256524729289>, 1  <0.6273743475270712>}
x[2,7]{0  <0.7734389942810663>, 4  <0.2265610057189337>}
x[3,0]{7  <1.0>}
x[3,1]{6  <0.015328029461638585>, 1  <0.001312914736014535>, 4  <0.9833590558023468>}
x[3,2]{6  <0.7912135954074527>, 4  <0.0191871645027695>, 3  <0.18959924008977783>}
x[3,3]{6  <0.20948498329060344>, 3  <0.7905150167093965>}
x[3,4]{4  <8.302550674783133E-4>, 1  <0.9991697449325216>}
x[3,5]{5  <1.0>}
x[3,6]{0  <1.0>}
x[3,7]{2  <1.0>}
x[4,0]{3  <1.0>}
x[4,1]{4  <0.0038376725922257098>, 1  <0.791306419904407>, 5  <0.20485590750336727>}
x[4,2]{2  <1.0>}
x[4,3]{7  <1.0>}
x[4,4]{0  <0.5442131566807108>, 1  <0.0028706318249467444>, 4  <0.4529162114943425>}
x[4,5]{6  <1.0>}
x[4,6]{5  <0.6813284125706867>, 1  <0.3186715874293134>}
x[4,7]{0  <0.6554019367170848>, 4  <0.3445980632829152>}
x[5,0]{6  <0.012179746451883683>, 5  <0.9878202535481163>}
x[5,1]{6  <0.9614141588902527>, 5  <0.00858737022668788>, 4  <0.029998470883059503>}
x[5,2]{6  <0.04257407601634752>, 4  <0.9574259239836524>}
x[5,3]{1  <1.0>}
x[5,4]{3  <1.0>}
x[5,5]{0  <1.0>}
x[5,6]{2  <1.0>}
x[5,7]{7  <1.0>}
x[6,0]{5  <0.009672131797011239>, 6  <0.9903278682029888>}
x[6,1]{0  <1.0>}
x[6,2]{7  <1.0>}
x[6,3]{5  <0.9944671719513527>, 6  <0.0055328280486473536>}
x[6,4]{2  <1.0>}
x[6,5]{1  <1.0>}
x[6,6]{4  <1.0>}
x[6,7]{3  <1.0>}
x[7,0]{4  <1.0>}
x[7,1]{7  <1.0>}
x[7,2]{0  <1.0>}
x[7,3]{2  <1.0>}
x[7,4]{5  <1.0>}
x[7,5]{3  <1.0>}
x[7,6]{6  <1.0>}
x[7,7]{1  <1.0>}
problem entropy = 0.45651153271582884
smallest variable entropy = 0.00671955510543734
##### after BP iteration 9 #####
x[0,0]{0  <1.0>}
x[0,1]{3  <1.0>}
x[0,2]{1  <1.0>}
x[0,3]{4  <1.0>}
x[0,4]{6  <1.0>}
x[0,5]{2  <1.0>}
x[0,6]{7  <1.0>}
x[0,7]{5  <1.0>}
x[1,0]{1  <1.0>}
x[1,1]{2  <1.0>}
x[1,2]{5  <1.0>}
x[1,3]{0  <1.0>}
x[1,4]{7  <1.0>}
x[1,5]{4  <1.0>}
x[1,6]{3  <1.0>}
x[1,7]{6  <1.0>}
x[2,0]{2  <1.0>}
x[2,1]{5  <0.7601616809303775>, 1  <0.2345180804125187>, 6  <0.005110058861055966>, 4  <2.1017979604771533E-4>}
x[2,2]{3  <0.8729233232883199>, 6  <0.1270323969016457>, 4  <4.427981003443473E-5>}
x[2,3]{5  <0.0056159664091658765>, 6  <0.82526493492588>, 3  <0.1691190986649541>}
x[2,4]{0  <0.4994804537306496>, 1  <4.244570248631864E-4>, 4  <0.5000950892444873>}
x[2,5]{7  <1.0>}
x[2,6]{5  <0.317921510553517>, 1  <0.6820784894464829>}
x[2,7]{0  <0.31424086954269553>, 4  <0.6857591304573044>}
x[3,0]{7  <1.0>}
x[3,1]{6  <0.013487236879793493>, 1  <0.002134720583397593>, 4  <0.9843780425368088>}
x[3,2]{6  <0.7995230291683011>, 4  <0.03956358447610911>, 3  <0.16091338635558974>}
x[3,3]{6  <0.26480191676944004>, 3  <0.7351980832305599>}
x[3,4]{4  <0.005943558614180973>, 1  <0.9940564413858191>}
x[3,5]{5  <1.0>}
x[3,6]{0  <1.0>}
x[3,7]{2  <1.0>}
x[4,0]{3  <1.0>}
x[4,1]{4  <3.4753473898105114E-4>, 1  <0.559362487662574>, 5  <0.44028997759844496>}
x[4,2]{2  <1.0>}
x[4,3]{7  <1.0>}
x[4,4]{0  <0.6174423101276582>, 1  <5.709157995518632E-4>, 4  <0.38198677407278997>}
x[4,5]{6  <1.0>}
x[4,6]{5  <0.6679048290987784>, 1  <0.33209517090122176>}
x[4,7]{0  <0.19716835795897467>, 4  <0.8028316420410254>}
x[5,0]{6  <0.008539202692751671>, 5  <0.9914607973072483>}
x[5,1]{6  <0.9797228730797866>, 5  <0.0065188858720267645>, 4  <0.01375824104818654>}
x[5,2]{6  <0.03682418283553364>, 4  <0.9631758171644663>}
x[5,3]{1  <1.0>}
x[5,4]{3  <1.0>}
x[5,5]{0  <1.0>}
x[5,6]{2  <1.0>}
x[5,7]{7  <1.0>}
x[6,0]{5  <0.006488734671630018>, 6  <0.9935112653283701>}
x[6,1]{0  <1.0>}
x[6,2]{7  <1.0>}
x[6,3]{5  <0.9949943122654918>, 6  <0.005005687734508074>}
x[6,4]{2  <1.0>}
x[6,5]{1  <1.0>}
x[6,6]{4  <1.0>}
x[6,7]{3  <1.0>}
x[7,0]{4  <1.0>}
x[7,1]{7  <1.0>}
x[7,2]{0  <1.0>}
x[7,3]{2  <1.0>}
x[7,4]{5  <1.0>}
x[7,5]{3  <1.0>}
x[7,6]{6  <1.0>}
x[7,7]{1  <1.0>}
problem entropy = 0.44873864883865755
smallest variable entropy = 0.03150916960961728
##### after BP iteration 10 #####
x[0,0]{0  <1.0>}
x[0,1]{3  <1.0>}
x[0,2]{1  <1.0>}
x[0,3]{4  <1.0>}
x[0,4]{6  <1.0>}
x[0,5]{2  <1.0>}
x[0,6]{7  <1.0>}
x[0,7]{5  <1.0>}
x[1,0]{1  <1.0>}
x[1,1]{2  <1.0>}
x[1,2]{5  <1.0>}
x[1,3]{0  <1.0>}
x[1,4]{7  <1.0>}
x[1,5]{4  <1.0>}
x[1,6]{3  <1.0>}
x[1,7]{6  <1.0>}
x[2,0]{2  <1.0>}
x[2,1]{5  <0.6772638017558096>, 1  <0.3166556797220558>, 6  <0.005957927399420287>, 4  <1.2259112271431654E-4>}
x[2,2]{3  <0.7985888031264652>, 6  <0.20139728284447028>, 4  <1.3914029064530889E-5>}
x[2,3]{5  <0.006093255981824096>, 6  <0.8126512043635923>, 3  <0.18125553965458366>}
x[2,4]{0  <0.6560928527273817>, 1  <2.0102480727186825E-4>, 4  <0.34370612246534643>}
x[2,5]{7  <1.0>}
x[2,6]{5  <0.20444263318306802>, 1  <0.795557366816932>}
x[2,7]{0  <0.5443143292137895>, 4  <0.45568567078621053>}
x[3,0]{7  <1.0>}
x[3,1]{6  <0.03405248215488263>, 1  <0.0029541722438186724>, 4  <0.9629933456012987>}
x[3,2]{6  <0.7891666691246267>, 4  <0.02530562927083896>, 3  <0.18552770160453433>}
x[3,3]{6  <0.12958437078505253>, 3  <0.8704156292149474>}
x[3,4]{4  <0.0029115904898380012>, 1  <0.997088409510162>}
x[3,5]{5  <1.0>}
x[3,6]{0  <1.0>}
x[3,7]{2  <1.0>}
x[4,0]{3  <1.0>}
x[4,1]{4  <1.0917494310359924E-4>, 1  <0.6294481675256799>, 5  <0.3704426575312166>}
x[4,2]{2  <1.0>}
x[4,3]{7  <1.0>}
x[4,4]{0  <0.7736533446017293>, 1  <1.9188228464886122E-4>, 4  <0.22615477311362195>}
x[4,5]{6  <1.0>}
x[4,6]{5  <0.560438005193224>, 1  <0.43956199480677605>}
x[4,7]{0  <0.4152373351837695>, 4  <0.5847626648162306>}
x[5,0]{6  <0.0034668304698883745>, 5  <0.9965331695301116>}
x[5,1]{6  <0.9792643615034136>, 5  <0.004620811555949476>, 4  <0.01611482694063694>}
x[5,2]{6  <0.013066551014917433>, 4  <0.9869334489850826>}
x[5,3]{1  <1.0>}
x[5,4]{3  <1.0>}
x[5,5]{0  <1.0>}
x[5,6]{2  <1.0>}
x[5,7]{7  <1.0>}
x[6,0]{5  <0.004416916961020091>, 6  <0.9955830830389799>}
x[6,1]{0  <1.0>}
x[6,2]{7  <1.0>}
x[6,3]{5  <0.9934399805911304>, 6  <0.0065600194088696415>}
x[6,4]{2  <1.0>}
x[6,5]{1  <1.0>}
x[6,6]{4  <1.0>}
x[6,7]{3  <1.0>}
x[7,0]{4  <1.0>}
x[7,1]{7  <1.0>}
x[7,2]{0  <1.0>}
x[7,3]{2  <1.0>}
x[7,4]{5  <1.0>}
x[7,5]{3  <1.0>}
x[7,6]{6  <1.0>}
x[7,7]{1  <1.0>}
problem entropy = 0.4409652889706058
smallest variable entropy = 0.019908286989622014
### branching on x[5,0]=5; marginal=0.9965331695301116; regret=0.9930663390602232; nb of ties=3
##### after BP iteration 1 #####
x[0,0]{0  <1.0>}
x[0,1]{3  <1.0>}
x[0,2]{1  <1.0>}
x[0,3]{4  <1.0>}
x[0,4]{6  <1.0>}
x[0,5]{2  <1.0>}
x[0,6]{7  <1.0>}
x[0,7]{5  <1.0>}
x[1,0]{1  <1.0>}
x[1,1]{2  <1.0>}
x[1,2]{5  <1.0>}
x[1,3]{0  <1.0>}
x[1,4]{7  <1.0>}
x[1,5]{4  <1.0>}
x[1,6]{3  <1.0>}
x[1,7]{6  <1.0>}
x[2,0]{2  <1.0>}
x[2,1]{5  <0.6672500174642232>, 1  <0.33163454969647016>, 6  <8.715604352842661E-6>, 4  <0.0011067172349538987>}
x[2,2]{3  <0.7372863043465984>, 6  <0.26267774735024196>, 4  <3.5948303159733356E-5>}
x[2,3]{3  <0.156891664457284>, 6  <0.843108335542716>}
x[2,4]{0  <0.19714462530422705>, 1  <8.27620491454418E-4>, 4  <0.8020277542043185>}
x[2,5]{7  <1.0>}
x[2,6]{5  <0.4408226143656055>, 1  <0.5591773856343945>}
x[2,7]{0  <0.617086360511792>, 4  <0.382913639488208>}
x[3,0]{7  <1.0>}
x[3,1]{6  <0.032554700383488594>, 1  <5.44727245694325E-4>, 4  <0.9669005723708171>}
x[3,2]{6  <0.8224216312319786>, 4  <0.011574338112872019>, 3  <0.16600403065514938>}
x[3,3]{6  <0.12266881432304955>, 3  <0.8773311856769503>}
x[3,4]{4  <3.4026627390001317E-4>, 1  <0.9996597337261>}
x[3,5]{5  <1.0>}
x[3,6]{0  <1.0>}
x[3,7]{2  <1.0>}
x[4,0]{3  <1.0>}
x[4,1]{4  <0.001968958269700724>, 1  <0.6802079365504934>, 5  <0.3178231051798059>}
x[4,2]{2  <1.0>}
x[4,3]{7  <1.0>}
x[4,4]{0  <0.3139952835425437>, 1  <0.00119780273451548>, 4  <0.6848069137229409>}
x[4,5]{6  <1.0>}
x[4,6]{5  <0.7669928861772761>, 1  <0.23300711382272396>}
x[4,7]{0  <0.49953515497758055>, 4  <0.5004648450224195>}
x[5,0]{5  <1.0>}
x[5,1]{6  <0.9672518392920503>, 4  <0.03274816070794973>}
x[5,2]{6  <0.010126851082941254>, 4  <0.9898731489170587>}
x[5,3]{1  <1.0>}
x[5,4]{3  <1.0>}
x[5,5]{0  <1.0>}
x[5,6]{2  <1.0>}
x[5,7]{7  <1.0>}
x[6,0]{6  <1.0>}
x[6,1]{0  <1.0>}
x[6,2]{7  <1.0>}
x[6,3]{5  <1.0>}
x[6,4]{2  <1.0>}
x[6,5]{1  <1.0>}
x[6,6]{4  <1.0>}
x[6,7]{3  <1.0>}
x[7,0]{4  <1.0>}
x[7,1]{7  <1.0>}
x[7,2]{0  <1.0>}
x[7,3]{2  <1.0>}
x[7,4]{5  <1.0>}
x[7,5]{3  <1.0>}
x[7,6]{6  <1.0>}
x[7,7]{1  <1.0>}
problem entropy = 0.52455513163696
smallest variable entropy = 0.0030575006921389003
##### after BP iteration 2 #####
x[0,0]{0  <1.0>}
x[0,1]{3  <1.0>}
x[0,2]{1  <1.0>}
x[0,3]{4  <1.0>}
x[0,4]{6  <1.0>}
x[0,5]{2  <1.0>}
x[0,6]{7  <1.0>}
x[0,7]{5  <1.0>}
x[1,0]{1  <1.0>}
x[1,1]{2  <1.0>}
x[1,2]{5  <1.0>}
x[1,3]{0  <1.0>}
x[1,4]{7  <1.0>}
x[1,5]{4  <1.0>}
x[1,6]{3  <1.0>}
x[1,7]{6  <1.0>}
x[2,0]{2  <1.0>}
x[2,1]{5  <0.5601955753535719>, 1  <0.43877583513952567>, 6  <2.763560382951978E-6>, 4  <0.0010258259465195396>}
x[2,2]{3  <0.872381531288867>, 6  <0.12761327285661814>, 4  <5.195854514746785E-6>}
x[2,3]{3  <0.18257199200355798>, 6  <0.8174280079964419>}
x[2,4]{0  <0.4150924046956174>, 1  <8.356606358788367E-4>, 4  <0.5840719346685038>}
x[2,5]{7  <1.0>}
x[2,6]{5  <0.3712632342191471>, 1  <0.628736765780853>}
x[2,7]{0  <0.773878163834645>, 4  <0.22612183616535492>}
x[3,0]{7  <1.0>}
x[3,1]{6  <0.010759404780186192>, 1  <3.554859265898857E-4>, 4  <0.9888851092932239>}
x[3,2]{6  <0.8067544752105256>, 4  <0.01327416495069075>, 3  <0.17997135983878376>}
x[3,3]{6  <0.19938995100160717>, 3  <0.8006100489983928>}
x[3,4]{4  <2.5940816285328596E-4>, 1  <0.9997405918371467>}
x[3,5]{5  <1.0>}
x[3,6]{0  <1.0>}
x[3,7]{2  <1.0>}
x[4,0]{3  <1.0>}
x[4,1]{4  <0.001535650444238722>, 1  <0.7940794043509825>, 5  <0.20438494520477885>}
x[4,2]{2  <1.0>}
x[4,3]{7  <1.0>}
x[4,4]{0  <0.5438921742447886>, 1  <9.992753058343314E-4>, 4  <0.45510855044937704>}
x[4,5]{6  <1.0>}
x[4,6]{5  <0.6813321272993373>, 1  <0.3186678727006626>}
x[4,7]{0  <0.6569009770026015>, 4  <0.3430990229973985>}
x[5,0]{5  <1.0>}
x[5,1]{6  <0.979524853125775>, 4  <0.020475146874225067>}
x[5,2]{6  <0.02899608722504453>, 4  <0.9710039127749556>}
x[5,3]{1  <1.0>}
x[5,4]{3  <1.0>}
x[5,5]{0  <1.0>}
x[5,6]{2  <1.0>}
x[5,7]{7  <1.0>}
x[6,0]{6  <1.0>}
x[6,1]{0  <1.0>}
x[6,2]{7  <1.0>}
x[6,3]{5  <1.0>}
x[6,4]{2  <1.0>}
x[6,5]{1  <1.0>}
x[6,6]{4  <1.0>}
x[6,7]{3  <1.0>}
x[7,0]{4  <1.0>}
x[7,1]{7  <1.0>}
x[7,2]{0  <1.0>}
x[7,3]{2  <1.0>}
x[7,4]{5  <1.0>}
x[7,5]{3  <1.0>}
x[7,6]{6  <1.0>}
x[7,7]{1  <1.0>}
problem entropy = 0.5262966437403785
smallest variable entropy = 0.0024013356832905605
##### after BP iteration 3 #####
x[0,0]{0  <1.0>}
x[0,1]{3  <1.0>}
x[0,2]{1  <1.0>}
x[0,3]{4  <1.0>}
x[0,4]{6  <1.0>}
x[0,5]{2  <1.0>}
x[0,6]{7  <1.0>}
x[0,7]{5  <1.0>}
x[1,0]{1  <1.0>}
x[1,1]{2  <1.0>}
x[1,2]{5  <1.0>}
x[1,3]{0  <1.0>}
x[1,4]{7  <1.0>}
x[1,5]{4  <1.0>}
x[1,6]{3  <1.0>}
x[1,7]{6  <1.0>}
x[2,0]{2  <1.0>}
x[2,1]{5  <0.7670495342855076>, 1  <0.23291109167462395>, 6  <4.562146763178486E-8>, 4  <3.932841840078609E-5>}
x[2,2]{3  <0.8808207539624975>, 6  <0.11917838700777678>, 4  <8.590297257731342E-7>}
x[2,3]{3  <0.1637220946348528>, 6  <0.8362779053651471>}
x[2,4]{0  <0.49971223167726436>, 1  <8.563198924396259E-5>, 4  <0.5002021363334916>}
x[2,5]{7  <1.0>}
x[2,6]{5  <0.3174098276535543>, 1  <0.6825901723464457>}
x[2,7]{0  <0.3132941353944705>, 4  <0.6867058646055295>}
x[3,0]{7  <1.0>}
x[3,1]{6  <0.008048782756665596>, 1  <9.885216296121855E-4>, 4  <0.9909626956137223>}
x[3,2]{6  <0.8197149035185637>, 4  <0.027734049902602708>, 3  <0.15255104657883373>}
x[3,3]{6  <0.2595357773768742>, 3  <0.7404642226231258>}
x[3,4]{4  <0.0018183536773342388>, 1  <0.9981816463226657>}
x[3,5]{5  <1.0>}
x[3,6]{0  <1.0>}
x[3,7]{2  <1.0>}
x[4,0]{3  <1.0>}
x[4,1]{4  <7.999182622945448E-5>, 1  <0.5589875911879109>, 5  <0.44093241698585967>}
x[4,2]{2  <1.0>}
x[4,3]{7  <1.0>}
x[4,4]{0  <0.6171305710596842>, 1  <1.477865058311102E-4>, 4  <0.38272164243448475>}
x[4,5]{6  <1.0>}
x[4,6]{5  <0.666665100048407>, 1  <0.33333489995159293>}
x[4,7]{0  <0.1969079425465238>, 4  <0.8030920574534762>}
x[5,0]{5  <1.0>}
x[5,1]{6  <0.9904991684068465>, 4  <0.00950083159315361>}
x[5,2]{6  <0.028177982986717445>, 4  <0.9718220170132826>}
x[5,3]{1  <1.0>}
x[5,4]{3  <1.0>}
x[5,5]{0  <1.0>}
x[5,6]{2  <1.0>}
x[5,7]{7  <1.0>}
x[6,0]{6  <1.0>}
x[6,1]{0  <1.0>}
x[6,2]{7  <1.0>}
x[6,3]{5  <1.0>}
x[6,4]{2  <1.0>}
x[6,5]{1  <1.0>}
x[6,6]{4  <1.0>}
x[6,7]{3  <1.0>}
x[7,0]{4  <1.0>}
x[7,1]{7  <1.0>}
x[7,2]{0  <1.0>}
x[7,3]{2  <1.0>}
x[7,4]{5  <1.0>}
x[7,5]{3  <1.0>}
x[7,6]{6  <1.0>}
x[7,7]{1  <1.0>}
problem entropy = 0.5200851113884396
smallest variable entropy = 0.013290190706954442
##### after BP iteration 4 #####
x[0,0]{0  <1.0>}
x[0,1]{3  <1.0>}
x[0,2]{1  <1.0>}
x[0,3]{4  <1.0>}
x[0,4]{6  <1.0>}
x[0,5]{2  <1.0>}
x[0,6]{7  <1.0>}
x[0,7]{5  <1.0>}
x[1,0]{1  <1.0>}
x[1,1]{2  <1.0>}
x[1,2]{5  <1.0>}
x[1,3]{0  <1.0>}
x[1,4]{7  <1.0>}
x[1,5]{4  <1.0>}
x[1,6]{3  <1.0>}
x[1,7]{6  <1.0>}
x[2,0]{2  <1.0>}
x[2,1]{5  <0.6813733582036031>, 1  <0.31860085687476325>, 6  <1.3144480361456843E-7>, 4  <2.5653476830125304E-5>}
x[2,2]{3  <0.805904991277775>, 6  <0.1940949684893196>, 4  <4.0232905248428463E-8>}
x[2,3]{3  <0.17514447986893514>, 6  <0.8248555201310648>}
x[2,4]{0  <0.6571086187028203>, 1  <2.826956522244444E-5>, 4  <0.3428631117319572>}
x[2,5]{7  <1.0>}
x[2,6]{5  <0.20453452029758235>, 1  <0.7954654797024177>}
x[2,7]{0  <0.5439870221533205>, 4  <0.45601297784667943>}
x[3,0]{7  <1.0>}
x[3,1]{6  <0.02321476053900867>, 1  <7.637612148604218E-4>, 4  <0.9760214782461308>}
x[3,2]{6  <0.8037306250051041>, 4  <0.016755381087651323>, 3  <0.1795139939072447>}
x[3,3]{6  <0.1253597806578761>, 3  <0.8746402193421239>}
x[3,4]{4  <0.0010258192292076501>, 1  <0.9989741807707923>}
x[3,5]{5  <1.0>}
x[3,6]{0  <1.0>}
x[3,7]{2  <1.0>}
x[4,0]{3  <1.0>}
x[4,1]{4  <2.765485285573691E-5>, 1  <0.6286446561753434>, 5  <0.3713276889718009>}
x[4,2]{2  <1.0>}
x[4,3]{7  <1.0>}
x[4,4]{0  <0.7739251832461369>, 1  <3.989079506140348E-5>, 4  <0.22603492595880176>}
x[4,5]{6  <1.0>}
x[4,6]{5  <0.5604674237997959>, 1  <0.43953257620020425>}
x[4,7]{0  <0.4152131446991474>, 4  <0.5847868553008526>}
x[5,0]{5  <1.0>}
x[5,1]{6  <0.9888621636236954>, 4  <0.011137836376304576>}
x[5,2]{6  <0.009260829934743574>, 4  <0.9907391700652565>}
x[5,3]{1  <1.0>}
x[5,4]{3  <1.0>}
x[5,5]{0  <1.0>}
x[5,6]{2  <1.0>}
x[5,7]{7  <1.0>}
x[6,0]{6  <1.0>}
x[6,1]{0  <1.0>}
x[6,2]{7  <1.0>}
x[6,3]{5  <1.0>}
x[6,4]{2  <1.0>}
x[6,5]{1  <1.0>}
x[6,6]{4  <1.0>}
x[6,7]{3  <1.0>}
x[7,0]{4  <1.0>}
x[7,1]{7  <1.0>}
x[7,2]{0  <1.0>}
x[7,3]{2  <1.0>}
x[7,4]{5  <1.0>}
x[7,5]{3  <1.0>}
x[7,6]{6  <1.0>}
x[7,7]{1  <1.0>}
problem entropy = 0.5165711778877303
smallest variable entropy = 0.008085251379179273
##### after BP iteration 5 #####
x[0,0]{0  <1.0>}
x[0,1]{3  <1.0>}
x[0,2]{1  <1.0>}
x[0,3]{4  <1.0>}
x[0,4]{6  <1.0>}
x[0,5]{2  <1.0>}
x[0,6]{7  <1.0>}
x[0,7]{5  <1.0>}
x[1,0]{1  <1.0>}
x[1,1]{2  <1.0>}
x[1,2]{5  <1.0>}
x[1,3]{0  <1.0>}
x[1,4]{7  <1.0>}
x[1,5]{4  <1.0>}
x[1,6]{3  <1.0>}
x[1,7]{6  <1.0>}
x[2,0]{2  <1.0>}
x[2,1]{5  <0.666461906833588>, 1  <0.33319417424620734>, 6  <1.9632703422164556E-6>, 4  <3.4195564986258097E-4>}
x[2,2]{3  <0.7417355423639466>, 6  <0.258264187752625>, 4  <2.6988342848347574E-7>}
x[2,3]{3  <0.1498918866127558>, 6  <0.8501081133872442>}
x[2,4]{0  <0.19690479195553784>, 1  <2.2202178898318817E-4>, 4  <0.8028731862554791>}
x[2,5]{7  <1.0>}
x[2,6]{5  <0.4409905164491394>, 1  <0.5590094835508606>}
x[2,7]{0  <0.617013492786505>, 4  <0.382986507213495>}
x[3,0]{7  <1.0>}
x[3,1]{6  <0.02506148687627392>, 1  <5.9560259001425564E-5>, 4  <0.9748789528647247>}
x[3,2]{6  <0.8296250385216966>, 4  <0.007955319423073289>, 3  <0.1624196420552301>}
x[3,3]{6  <0.11610458072257093>, 3  <0.8838954192774291>}
x[3,4]{4  <4.983685749326764E-5>, 1  <0.9999501631425067>}
x[3,5]{5  <1.0>}
x[3,6]{0  <1.0>}
x[3,7]{2  <1.0>}
x[4,0]{3  <1.0>}
x[4,1]{4  <6.078575494302126E-4>, 1  <0.6821284861611782>, 5  <0.3172636562893917>}
x[4,2]{2  <1.0>}
x[4,3]{7  <1.0>}
x[4,4]{0  <0.31317750443669323>, 1  <4.545586109854846E-4>, 4  <0.6863679369523213>}
x[4,5]{6  <1.0>}
x[4,6]{5  <0.7670745500306319>, 1  <0.23292544996936818>}
x[4,7]{0  <0.49974964936107014>, 4  <0.50025035063893>}
x[5,0]{5  <1.0>}
x[5,1]{6  <0.9773495311623898>, 4  <0.022650468837610203>}
x[5,2]{6  <0.005998634527704356>, 4  <0.9940013654722956>}
x[5,3]{1  <1.0>}
x[5,4]{3  <1.0>}
x[5,5]{0  <1.0>}
x[5,6]{2  <1.0>}
x[5,7]{7  <1.0>}
x[6,0]{6  <1.0>}
x[6,1]{0  <1.0>}
x[6,2]{7  <1.0>}
x[6,3]{5  <1.0>}
x[6,4]{2  <1.0>}
x[6,5]{1  <1.0>}
x[6,6]{4  <1.0>}
x[6,7]{3  <1.0>}
x[7,0]{4  <1.0>}
x[7,1]{7  <1.0>}
x[7,2]{0  <1.0>}
x[7,3]{2  <1.0>}
x[7,4]{5  <1.0>}
x[7,5]{3  <1.0>}
x[7,6]{6  <1.0>}
x[7,7]{1  <1.0>}
problem entropy = 0.5124676861855257
smallest variable entropy = 5.435571895205582E-4
### branching on x[3,4]=1; marginal=0.9999501631425067; regret=0.9999003262850135; nb of ties=1
##### after BP iteration 1 #####
x[0,0]{0  <1.0>}
x[0,1]{3  <1.0>}
x[0,2]{1  <1.0>}
x[0,3]{4  <1.0>}
x[0,4]{6  <1.0>}
x[0,5]{2  <1.0>}
x[0,6]{7  <1.0>}
x[0,7]{5  <1.0>}
x[1,0]{1  <1.0>}
x[1,1]{2  <1.0>}
x[1,2]{5  <1.0>}
x[1,3]{0  <1.0>}
x[1,4]{7  <1.0>}
x[1,5]{4  <1.0>}
x[1,6]{3  <1.0>}
x[1,7]{6  <1.0>}
x[2,0]{2  <1.0>}
x[2,1]{5  <0.5604674237997957>, 1  <0.43953257620020425>}
x[2,2]{3  <0.8759078144746204>, 6  <0.12409218552537958>}
x[2,3]{3  <0.17722537050685847>, 6  <0.8227746294931416>}
x[2,4]{0  <0.4152131446991473>, 4  <0.5847868553008527>}
x[2,5]{7  <1.0>}
x[2,6]{5  <0.37123263639371695>, 1  <0.628767363606283>}
x[2,7]{0  <0.7738314795100771>, 4  <0.2261685204899229>}
x[3,0]{7  <1.0>}
x[3,1]{6  <0.007684022127051506>, 4  <0.9923159778729486>}
x[3,2]{6  <0.8172626735858416>, 4  <0.009205062413859565>, 3  <0.17353226400029878>}
x[3,3]{6  <0.19265965100553042>, 3  <0.8073403489944696>}
x[3,4]{1  <1.0>}
x[3,5]{5  <1.0>}
x[3,6]{0  <1.0>}
x[3,7]{2  <1.0>}
x[4,0]{3  <1.0>}
x[4,1]{5  <0.20453452029758226>, 1  <0.7954654797024178>}
x[4,2]{2  <1.0>}
x[4,3]{7  <1.0>}
x[4,4]{0  <0.5439870221533204>, 4  <0.45601297784667966>}
x[4,5]{6  <1.0>}
x[4,6]{5  <0.6812600793759873>, 1  <0.3187399206240127>}
x[4,7]{0  <0.6570573349845894>, 4  <0.3429426650154107>}
x[5,0]{5  <1.0>}
x[5,1]{6  <0.9864132561445625>, 4  <0.01358674385543742>}
x[5,2]{6  <0.01941615347639746>, 4  <0.9805838465236025>}
x[5,3]{1  <1.0>}
x[5,4]{3  <1.0>}
x[5,5]{0  <1.0>}
x[5,6]{2  <1.0>}
x[5,7]{7  <1.0>}
x[6,0]{6  <1.0>}
x[6,1]{0  <1.0>}
x[6,2]{7  <1.0>}
x[6,3]{5  <1.0>}
x[6,4]{2  <1.0>}
x[6,5]{1  <1.0>}
x[6,6]{4  <1.0>}
x[6,7]{3  <1.0>}
x[7,0]{4  <1.0>}
x[7,1]{7  <1.0>}
x[7,2]{0  <1.0>}
x[7,3]{2  <1.0>}
x[7,4]{5  <1.0>}
x[7,5]{3  <1.0>}
x[7,6]{6  <1.0>}
x[7,7]{1  <1.0>}
problem entropy = 0.6628205434333976
smallest variable entropy = 0.04506494764386196
##### after BP iteration 2 #####
x[0,0]{0  <1.0>}
x[0,1]{3  <1.0>}
x[0,2]{1  <1.0>}
x[0,3]{4  <1.0>}
x[0,4]{6  <1.0>}
x[0,5]{2  <1.0>}
x[0,6]{7  <1.0>}
x[0,7]{5  <1.0>}
x[1,0]{1  <1.0>}
x[1,1]{2  <1.0>}
x[1,2]{5  <1.0>}
x[1,3]{0  <1.0>}
x[1,4]{7  <1.0>}
x[1,5]{4  <1.0>}
x[1,6]{3  <1.0>}
x[1,7]{6  <1.0>}
x[2,0]{2  <1.0>}
x[2,1]{5  <0.7670745500306317>, 1  <0.23292544996936818>}
x[2,2]{3  <0.8862016758477463>, 6  <0.11379832415225366>}
x[2,3]{3  <0.16089187262775084>, 6  <0.839108127372249>}
x[2,4]{0  <0.4997496493610701>, 4  <0.5002503506389299>}
x[2,5]{7  <1.0>}
x[2,6]{5  <0.3174566246953293>, 1  <0.6825433753046706>}
x[2,7]{0  <0.3133199267073713>, 4  <0.6866800732926286>}
x[3,0]{7  <1.0>}
x[3,1]{6  <0.004816562780383329>, 4  <0.9951834372196167>}
x[3,2]{6  <0.8336832218928175>, 4  <0.019320944284347552>, 3  <0.14699583382283507>}
x[3,3]{6  <0.2561016234468458>, 3  <0.7438983765531543>}
x[3,4]{1  <1.0>}
x[3,5]{5  <1.0>}
x[3,6]{0  <1.0>}
x[3,7]{2  <1.0>}
x[4,0]{3  <1.0>}
x[4,1]{5  <0.4409905164491394>, 1  <0.5590094835508606>}
x[4,2]{2  <1.0>}
x[4,3]{7  <1.0>}
x[4,4]{0  <0.6170134927865049>, 4  <0.3829865072134951>}
x[4,5]{6  <1.0>}
x[4,6]{5  <0.6666911945493273>, 1  <0.33330880545067265>}
x[4,7]{0  <0.19694851881802344>, 4  <0.8030514811819766>}
x[5,0]{5  <1.0>}
x[5,1]{6  <0.9934275694517938>, 4  <0.006572430548206224>}
x[5,2]{6  <0.021834987861103442>, 4  <0.9781650121388966>}
x[5,3]{1  <1.0>}
x[5,4]{3  <1.0>}
x[5,5]{0  <1.0>}
x[5,6]{2  <1.0>}
x[5,7]{7  <1.0>}
x[6,0]{6  <1.0>}
x[6,1]{0  <1.0>}
x[6,2]{7  <1.0>}
x[6,3]{5  <1.0>}
x[6,4]{2  <1.0>}
x[6,5]{1  <1.0>}
x[6,6]{4  <1.0>}
x[6,7]{3  <1.0>}
x[7,0]{4  <1.0>}
x[7,1]{7  <1.0>}
x[7,2]{0  <1.0>}
x[7,3]{2  <1.0>}
x[7,4]{5  <1.0>}
x[7,5]{3  <1.0>}
x[7,6]{6  <1.0>}
x[7,7]{1  <1.0>}
problem entropy = 0.6567317181608217
smallest variable entropy = 0.03050465307606728
##### after BP iteration 3 #####
x[0,0]{0  <1.0>}
x[0,1]{3  <1.0>}
x[0,2]{1  <1.0>}
x[0,3]{4  <1.0>}
x[0,4]{6  <1.0>}
x[0,5]{2  <1.0>}
x[0,6]{7  <1.0>}
x[0,7]{5  <1.0>}
x[1,0]{1  <1.0>}
x[1,1]{2  <1.0>}
x[1,2]{5  <1.0>}
x[1,3]{0  <1.0>}
x[1,4]{7  <1.0>}
x[1,5]{4  <1.0>}
x[1,6]{3  <1.0>}
x[1,7]{6  <1.0>}
x[2,0]{2  <1.0>}
x[2,1]{5  <0.6812600793759873>, 1  <0.31873992062401274>}
x[2,2]{3  <0.8112989660642487>, 6  <0.18870103393575124>}
x[2,3]{3  <0.1702881123114674>, 6  <0.8297118876885327>}
x[2,4]{0  <0.6570573349845894>, 4  <0.3429426650154106>}
x[2,5]{7  <1.0>}
x[2,6]{5  <0.20453452029758223>, 1  <0.7954654797024178>}
x[2,7]{0  <0.5439870221533203>, 4  <0.45601297784667977>}
x[3,0]{7  <1.0>}
x[3,1]{6  <0.015609994546856238>, 4  <0.9843900054531437>}
x[3,2]{6  <0.8135547726725899>, 4  <0.011205810789561366>, 3  <0.1752394165378487>}
x[3,3]{6  <0.12277111554902319>, 3  <0.8772288844509768>}
x[3,4]{1  <1.0>}
x[3,5]{5  <1.0>}
x[3,6]{0  <1.0>}
x[3,7]{2  <1.0>}
x[4,0]{3  <1.0>}
x[4,1]{5  <0.371232636393717>, 1  <0.6287673636062829>}
x[4,2]{2  <1.0>}
x[4,3]{7  <1.0>}
x[4,4]{0  <0.7738314795100771>, 4  <0.22616852048992292>}
x[4,5]{6  <1.0>}
x[4,6]{5  <0.5604674237997957>, 1  <0.43953257620020436>}
x[4,7]{0  <0.4152131446991473>, 4  <0.5847868553008527>}
x[5,0]{5  <1.0>}
x[5,1]{6  <0.992217390090967>, 4  <0.007782609909033027>}
x[5,2]{6  <0.006672676526327076>, 4  <0.993327323473673>}
x[5,3]{1  <1.0>}
x[5,4]{3  <1.0>}
x[5,5]{0  <1.0>}
x[5,6]{2  <1.0>}
x[5,7]{7  <1.0>}
x[6,0]{6  <1.0>}
x[6,1]{0  <1.0>}
x[6,2]{7  <1.0>}
x[6,3]{5  <1.0>}
x[6,4]{2  <1.0>}
x[6,5]{1  <1.0>}
x[6,6]{4  <1.0>}
x[6,7]{3  <1.0>}
x[7,0]{4  <1.0>}
x[7,1]{7  <1.0>}
x[7,2]{0  <1.0>}
x[7,3]{2  <1.0>}
x[7,4]{5  <1.0>}
x[7,5]{3  <1.0>}
x[7,6]{6  <1.0>}
x[7,7]{1  <1.0>}
problem entropy = 0.6571831411506441
smallest variable entropy = 0.040078700479232066
##### after BP iteration 4 #####
x[0,0]{0  <1.0>}
x[0,1]{3  <1.0>}
x[0,2]{1  <1.0>}
x[0,3]{4  <1.0>}
x[0,4]{6  <1.0>}
x[0,5]{2  <1.0>}
x[0,6]{7  <1.0>}
x[0,7]{5  <1.0>}
x[1,0]{1  <1.0>}
x[1,1]{2  <1.0>}
x[1,2]{5  <1.0>}
x[1,3]{0  <1.0>}
x[1,4]{7  <1.0>}
x[1,5]{4  <1.0>}
x[1,6]{3  <1.0>}
x[1,7]{6  <1.0>}
x[2,0]{2  <1.0>}
x[2,1]{5  <0.6666911945493273>, 1  <0.33330880545067265>}
x[2,2]{3  <0.7446779991267081>, 6  <0.255322000873292>}
x[2,3]{3  <0.14513095373929544>, 6  <0.8548690462607047>}
x[2,4]{0  <0.1969485188180235>, 4  <0.8030514811819766>}
x[2,5]{7  <1.0>}
x[2,6]{5  <0.44099051644913945>, 1  <0.5590094835508606>}
x[2,7]{0  <0.617013492786505>, 4  <0.3829865072134951>}
x[3,0]{7  <1.0>}
x[3,1]{6  <0.019494743289919174>, 4  <0.9805052567100808>}
x[3,2]{6  <0.8344755642176411>, 4  <0.005520817882095012>, 3  <0.16000361790026377>}
x[3,3]{6  <0.11160263554901431>, 3  <0.8883973644509857>}
x[3,4]{1  <1.0>}
x[3,5]{5  <1.0>}
x[3,6]{0  <1.0>}
x[3,7]{2  <1.0>}
x[4,0]{3  <1.0>}
x[4,1]{5  <0.3174566246953293>, 1  <0.6825433753046706>}
x[4,2]{2  <1.0>}
x[4,3]{7  <1.0>}
x[4,4]{0  <0.31331992670737135>, 4  <0.6866800732926287>}
x[4,5]{6  <1.0>}
x[4,6]{5  <0.7670745500306319>, 1  <0.23292544996936818>}
x[4,7]{0  <0.49974964936107025>, 4  <0.5002503506389299>}
x[5,0]{5  <1.0>}
x[5,1]{6  <0.984154112789995>, 4  <0.01584588721000503>}
x[5,2]{6  <0.003608145846488595>, 4  <0.9963918541535114>}
x[5,3]{1  <1.0>}
x[5,4]{3  <1.0>}
x[5,5]{0  <1.0>}
x[5,6]{2  <1.0>}
x[5,7]{7  <1.0>}
x[6,0]{6  <1.0>}
x[6,1]{0  <1.0>}
x[6,2]{7  <1.0>}
x[6,3]{5  <1.0>}
x[6,4]{2  <1.0>}
x[6,5]{1  <1.0>}
x[6,6]{4  <1.0>}
x[6,7]{3  <1.0>}
x[7,0]{4  <1.0>}
x[7,1]{7  <1.0>}
x[7,2]{0  <1.0>}
x[7,3]{2  <1.0>}
x[7,4]{5  <1.0>}
x[7,5]{3  <1.0>}
x[7,6]{6  <1.0>}
x[7,7]{1  <1.0>}
problem entropy = 0.6539049755802367
smallest variable entropy = 0.02389586597400122
##### after BP iteration 5 #####
x[0,0]{0  <1.0>}
x[0,1]{3  <1.0>}
x[0,2]{1  <1.0>}
x[0,3]{4  <1.0>}
x[0,4]{6  <1.0>}
x[0,5]{2  <1.0>}
x[0,6]{7  <1.0>}
x[0,7]{5  <1.0>}
x[1,0]{1  <1.0>}
x[1,1]{2  <1.0>}
x[1,2]{5  <1.0>}
x[1,3]{0  <1.0>}
x[1,4]{7  <1.0>}
x[1,5]{4  <1.0>}
x[1,6]{3  <1.0>}
x[1,7]{6  <1.0>}
x[2,0]{2  <1.0>}
x[2,1]{5  <0.5604674237997956>, 1  <0.43953257620020436>}
x[2,2]{3  <0.8780633120223383>, 6  <0.12193668797766163>}
x[2,3]{3  <0.17345815804012077>, 6  <0.8265418419598791>}
x[2,4]{0  <0.4152131446991473>, 4  <0.5847868553008527>}
x[2,5]{7  <1.0>}
x[2,6]{5  <0.3712326363937172>, 1  <0.6287673636062828>}
x[2,7]{0  <0.773831479510077>, 4  <0.22616852048992284>}
x[3,0]{7  <1.0>}
x[3,1]{6  <0.005563866892622615>, 4  <0.9944361331073774>}
x[3,2]{6  <0.8243470593056059>, 4  <0.006465893116069922>, 3  <0.16918704757832412>}
x[3,3]{6  <0.18768809202730938>, 3  <0.8123119079726907>}
x[3,4]{1  <1.0>}
x[3,5]{5  <1.0>}
x[3,6]{0  <1.0>}
x[3,7]{2  <1.0>}
x[4,0]{3  <1.0>}
x[4,1]{5  <0.2045345202975822>, 1  <0.7954654797024178>}
x[4,2]{2  <1.0>}
x[4,3]{7  <1.0>}
x[4,4]{0  <0.5439870221533202>, 4  <0.45601297784667977>}
x[4,5]{6  <1.0>}
x[4,6]{5  <0.6812600793759873>, 1  <0.31873992062401263>}
x[4,7]{0  <0.6570573349845895>, 4  <0.34294266501541054>}
x[5,0]{5  <1.0>}
x[5,1]{6  <0.9909043276631974>, 4  <0.009095672336802677>}
x[5,2]{6  <0.013083704344247873>, 4  <0.9869162956557521>}
x[5,3]{1  <1.0>}
x[5,4]{3  <1.0>}
x[5,5]{0  <1.0>}
x[5,6]{2  <1.0>}
x[5,7]{7  <1.0>}
x[6,0]{6  <1.0>}
x[6,1]{0  <1.0>}
x[6,2]{7  <1.0>}
x[6,3]{5  <1.0>}
x[6,4]{2  <1.0>}
x[6,5]{1  <1.0>}
x[6,6]{4  <1.0>}
x[6,7]{3  <1.0>}
x[7,0]{4  <1.0>}
x[7,1]{7  <1.0>}
x[7,2]{0  <1.0>}
x[7,3]{2  <1.0>}
x[7,4]{5  <1.0>}
x[7,5]{3  <1.0>}
x[7,6]{6  <1.0>}
x[7,7]{1  <1.0>}
problem entropy = 0.6545140715882162
smallest variable entropy = 0.03443296294514983
##### after BP iteration 6 #####
x[0,0]{0  <1.0>}
x[0,1]{3  <1.0>}
x[0,2]{1  <1.0>}
x[0,3]{4  <1.0>}
x[0,4]{6  <1.0>}
x[0,5]{2  <1.0>}
x[0,6]{7  <1.0>}
x[0,7]{5  <1.0>}
x[1,0]{1  <1.0>}
x[1,1]{2  <1.0>}
x[1,2]{5  <1.0>}
x[1,3]{0  <1.0>}
x[1,4]{7  <1.0>}
x[1,5]{4  <1.0>}
x[1,6]{3  <1.0>}
x[1,7]{6  <1.0>}
x[2,0]{2  <1.0>}
x[2,1]{5  <0.7670745500306319>, 1  <0.23292544996936815>}
x[2,2]{3  <0.8899561476034947>, 6  <0.1100438523965054>}
x[2,3]{3  <0.15895716883737906>, 6  <0.8410428311626209>}
x[2,4]{0  <0.4997496493610702>, 4  <0.5002503506389299>}
x[2,5]{7  <1.0>}
x[2,6]{5  <0.3174566246953294>, 1  <0.6825433753046707>}
x[2,7]{0  <0.3133199267073712>, 4  <0.6866800732926287>}
x[3,0]{7  <1.0>}
x[3,1]{6  <0.002916666206821204>, 4  <0.9970833337931788>}
x[3,2]{6  <0.843262161989814>, 4  <0.01357738278355079>, 3  <0.1431604552266352>}
x[3,3]{6  <0.2538248626316541>, 3  <0.746175137368346>}
x[3,4]{1  <1.0>}
x[3,5]{5  <1.0>}
x[3,6]{0  <1.0>}
x[3,7]{2  <1.0>}
x[4,0]{3  <1.0>}
x[4,1]{5  <0.4409905164491394>, 1  <0.5590094835508607>}
x[4,2]{2  <1.0>}
x[4,3]{7  <1.0>}
x[4,4]{0  <0.6170134927865049>, 4  <0.3829865072134952>}
x[4,5]{6  <1.0>}
x[4,6]{5  <0.666691194549327>, 1  <0.3333088054506728>}
x[4,7]{0  <0.1969485188180235>, 4  <0.8030514811819766>}
x[5,0]{5  <1.0>}
x[5,1]{6  <0.9954143522935078>, 4  <0.00458564770649211>}
x[5,2]{6  <0.01704706408942757>, 4  <0.9829529359105724>}
x[5,3]{1  <1.0>}
x[5,4]{3  <1.0>}
x[5,5]{0  <1.0>}
x[5,6]{2  <1.0>}
x[5,7]{7  <1.0>}
x[6,0]{6  <1.0>}
x[6,1]{0  <1.0>}
x[6,2]{7  <1.0>}
x[6,3]{5  <1.0>}
x[6,4]{2  <1.0>}
x[6,5]{1  <1.0>}
x[6,6]{4  <1.0>}
x[6,7]{3  <1.0>}
x[7,0]{4  <1.0>}
x[7,1]{7  <1.0>}
x[7,2]{0  <1.0>}
x[7,3]{2  <1.0>}
x[7,4]{5  <1.0>}
x[7,5]{3  <1.0>}
x[7,6]{6  <1.0>}
x[7,7]{1  <1.0>}
problem entropy = 0.6498455574976412
smallest variable entropy = 0.01993790514973258
##### after BP iteration 7 #####
x[0,0]{0  <1.0>}
x[0,1]{3  <1.0>}
x[0,2]{1  <1.0>}
x[0,3]{4  <1.0>}
x[0,4]{6  <1.0>}
x[0,5]{2  <1.0>}
x[0,6]{7  <1.0>}
x[0,7]{5  <1.0>}
x[1,0]{1  <1.0>}
x[1,1]{2  <1.0>}
x[1,2]{5  <1.0>}
x[1,3]{0  <1.0>}
x[1,4]{7  <1.0>}
x[1,5]{4  <1.0>}
x[1,6]{3  <1.0>}
x[1,7]{6  <1.0>}
x[2,0]{2  <1.0>}
x[2,1]{5  <0.6812600793759872>, 1  <0.31873992062401263>}
x[2,2]{3  <0.8153238186798233>, 6  <0.18467618132017666>}
x[2,3]{3  <0.16696451455202782>, 6  <0.8330354854479722>}
x[2,4]{0  <0.6570573349845896>, 4  <0.3429426650154104>}
x[2,5]{7  <1.0>}
x[2,6]{5  <0.20453452029758226>, 1  <0.7954654797024178>}
x[2,7]{0  <0.5439870221533202>, 4  <0.45601297784667977>}
x[3,0]{7  <1.0>}
x[3,1]{6  <0.010539188466678645>, 4  <0.9894608115333213>}
x[3,2]{6  <0.8203181193226535>, 4  <0.0075298337256199>, 3  <0.17215204695172645>}
x[3,3]{6  <0.12115360046243062>, 3  <0.8788463995375694>}
x[3,4]{1  <1.0>}
x[3,5]{5  <1.0>}
x[3,6]{0  <1.0>}
x[3,7]{2  <1.0>}
x[4,0]{3  <1.0>}
x[4,1]{5  <0.37123263639371734>, 1  <0.6287673636062827>}
x[4,2]{2  <1.0>}
x[4,3]{7  <1.0>}
x[4,4]{0  <0.773831479510077>, 4  <0.2261685204899229>}
x[4,5]{6  <1.0>}
x[4,6]{5  <0.5604674237997956>, 1  <0.4395325762002044>}
x[4,7]{0  <0.4152131446991473>, 4  <0.5847868553008527>}
x[5,0]{5  <1.0>}
x[5,1]{6  <0.9945036366346307>, 4  <0.00549636336536923>}
x[5,2]{6  <0.004860006658317748>, 4  <0.9951399933416822>}
x[5,3]{1  <1.0>}
x[5,4]{3  <1.0>}
x[5,5]{0  <1.0>}
x[5,6]{2  <1.0>}
x[5,7]{7  <1.0>}
x[6,0]{6  <1.0>}
x[6,1]{0  <1.0>}
x[6,2]{7  <1.0>}
x[6,3]{5  <1.0>}
x[6,4]{2  <1.0>}
x[6,5]{1  <1.0>}
x[6,6]{4  <1.0>}
x[6,7]{3  <1.0>}
x[7,0]{4  <1.0>}
x[7,1]{7  <1.0>}
x[7,2]{0  <1.0>}
x[7,3]{2  <1.0>}
x[7,4]{5  <1.0>}
x[7,5]{3  <1.0>}
x[7,6]{6  <1.0>}
x[7,7]{1  <1.0>}
problem entropy = 0.6503953036988331
smallest variable entropy = 0.030736050303626843
##### after BP iteration 8 #####
x[0,0]{0  <1.0>}
x[0,1]{3  <1.0>}
x[0,2]{1  <1.0>}
x[0,3]{4  <1.0>}
x[0,4]{6  <1.0>}
x[0,5]{2  <1.0>}
x[0,6]{7  <1.0>}
x[0,7]{5  <1.0>}
x[1,0]{1  <1.0>}
x[1,1]{2  <1.0>}
x[1,2]{5  <1.0>}
x[1,3]{0  <1.0>}
x[1,4]{7  <1.0>}
x[1,5]{4  <1.0>}
x[1,6]{3  <1.0>}
x[1,7]{6  <1.0>}
x[2,0]{2  <1.0>}
x[2,1]{5  <0.666691194549327>, 1  <0.33330880545067293>}
x[2,2]{3  <0.7466586872942913>, 6  <0.2533413127057086>}
x[2,3]{3  <0.14178721650133122>, 6  <0.8582127834986687>}
x[2,4]{0  <0.19694851881802347>, 4  <0.8030514811819766>}
x[2,5]{7  <1.0>}
x[2,6]{5  <0.44099051644913945>, 1  <0.5590094835508606>}
x[2,7]{0  <0.6170134927865047>, 4  <0.38298650721349514>}
x[3,0]{7  <1.0>}
x[3,1]{6  <0.015260118217560296>, 4  <0.9847398817824398>}
x[3,2]{6  <0.8377967931922945>, 4  <0.0038595394313501773>, 3  <0.1583436673763554>}
x[3,3]{6  <0.10844835204440022>, 3  <0.8915516479555998>}
x[3,4]{1  <1.0>}
x[3,5]{5  <1.0>}
x[3,6]{0  <1.0>}
x[3,7]{2  <1.0>}
x[4,0]{3  <1.0>}
x[4,1]{5  <0.31745662469532954>, 1  <0.6825433753046706>}
x[4,2]{2  <1.0>}
x[4,3]{7  <1.0>}
x[4,4]{0  <0.31331992670737124>, 4  <0.6866800732926287>}
x[4,5]{6  <1.0>}
x[4,6]{5  <0.7670745500306317>, 1  <0.23292544996936823>}
x[4,7]{0  <0.49974964936107014>, 4  <0.5002503506389299>}
x[5,0]{5  <1.0>}
x[5,1]{6  <0.9888342482545749>, 4  <0.011165751745425027>}
x[5,2]{6  <0.0021897339686386343>, 4  <0.9978102660313614>}
x[5,3]{1  <1.0>}
x[5,4]{3  <1.0>}
x[5,5]{0  <1.0>}
x[5,6]{2  <1.0>}
x[5,7]{7  <1.0>}
x[6,0]{6  <1.0>}
x[6,1]{0  <1.0>}
x[6,2]{7  <1.0>}
x[6,3]{5  <1.0>}
x[6,4]{2  <1.0>}
x[6,5]{1  <1.0>}
x[6,6]{4  <1.0>}
x[6,7]{3  <1.0>}
x[7,0]{4  <1.0>}
x[7,1]{7  <1.0>}
x[7,2]{0  <1.0>}
x[7,3]{2  <1.0>}
x[7,4]{5  <1.0>}
x[7,5]{3  <1.0>}
x[7,6]{6  <1.0>}
x[7,7]{1  <1.0>}
problem entropy = 0.6474246290108147
smallest variable entropy = 0.015597211307398105
##### after BP iteration 9 #####
x[0,0]{0  <1.0>}
x[0,1]{3  <1.0>}
x[0,2]{1  <1.0>}
x[0,3]{4  <1.0>}
x[0,4]{6  <1.0>}
x[0,5]{2  <1.0>}
x[0,6]{7  <1.0>}
x[0,7]{5  <1.0>}
x[1,0]{1  <1.0>}
x[1,1]{2  <1.0>}
x[1,2]{5  <1.0>}
x[1,3]{0  <1.0>}
x[1,4]{7  <1.0>}
x[1,5]{4  <1.0>}
x[1,6]{3  <1.0>}
x[1,7]{6  <1.0>}
x[2,0]{2  <1.0>}
x[2,1]{5  <0.5604674237997956>, 1  <0.43953257620020436>}
x[2,2]{3  <0.8794047421052219>, 6  <0.12059525789477815>}
x[2,3]{3  <0.17075796660336287>, 6  <0.829242033396637>}
x[2,4]{0  <0.4152131446991473>, 4  <0.5847868553008527>}
x[2,5]{7  <1.0>}
x[2,6]{5  <0.3712326363937175>, 1  <0.6287673636062825>}
x[2,7]{0  <0.773831479510077>, 4  <0.2261685204899229>}
x[3,0]{7  <1.0>}
x[3,1]{6  <0.004066205218501505>, 4  <0.9959337947814985>}
x[3,2]{6  <0.8292177909344024>, 4  <0.004582871414555409>, 3  <0.16619933765104222>}
x[3,3]{6  <0.1839513425579392>, 3  <0.8160486574420609>}
x[3,4]{1  <1.0>}
x[3,5]{5  <1.0>}
x[3,6]{0  <1.0>}
x[3,7]{2  <1.0>}
x[4,0]{3  <1.0>}
x[4,1]{5  <0.20453452029758235>, 1  <0.7954654797024178>}
x[4,2]{2  <1.0>}
x[4,3]{7  <1.0>}
x[4,4]{0  <0.5439870221533203>, 4  <0.4560129778466797>}
x[4,5]{6  <1.0>}
x[4,6]{5  <0.6812600793759873>, 1  <0.3187399206240128>}
x[4,7]{0  <0.6570573349845897>, 4  <0.34294266501541043>}
x[5,0]{5  <1.0>}
x[5,1]{6  <0.9938842950351718>, 4  <0.006115704964828178>}
x[5,2]{6  <0.008848536155877058>, 4  <0.9911514638441229>}
x[5,3]{1  <1.0>}
x[5,4]{3  <1.0>}
x[5,5]{0  <1.0>}
x[5,6]{2  <1.0>}
x[5,7]{7  <1.0>}
x[6,0]{6  <1.0>}
x[6,1]{0  <1.0>}
x[6,2]{7  <1.0>}
x[6,3]{5  <1.0>}
x[6,4]{2  <1.0>}
x[6,5]{1  <1.0>}
x[6,6]{4  <1.0>}
x[6,7]{3  <1.0>}
x[7,0]{4  <1.0>}
x[7,1]{7  <1.0>}
x[7,2]{0  <1.0>}
x[7,3]{2  <1.0>}
x[7,4]{5  <1.0>}
x[7,5]{3  <1.0>}
x[7,6]{6  <1.0>}
x[7,7]{1  <1.0>}
problem entropy = 0.6484546532429819
smallest variable entropy = 0.02644257006419721
##### after BP iteration 10 #####
x[0,0]{0  <1.0>}
x[0,1]{3  <1.0>}
x[0,2]{1  <1.0>}
x[0,3]{4  <1.0>}
x[0,4]{6  <1.0>}
x[0,5]{2  <1.0>}
x[0,6]{7  <1.0>}
x[0,7]{5  <1.0>}
x[1,0]{1  <1.0>}
x[1,1]{2  <1.0>}
x[1,2]{5  <1.0>}
x[1,3]{0  <1.0>}
x[1,4]{7  <1.0>}
x[1,5]{4  <1.0>}
x[1,6]{3  <1.0>}
x[1,7]{6  <1.0>}
x[2,0]{2  <1.0>}
x[2,1]{5  <0.7670745500306316>, 1  <0.2329254499693683>}
x[2,2]{3  <0.892621402979379>, 6  <0.10737859702062112>}
x[2,3]{3  <0.15761479083016186>, 6  <0.8423852091698382>}
x[2,4]{0  <0.4997496493610702>, 4  <0.5002503506389299>}
x[2,5]{7  <1.0>}
x[2,6]{5  <0.3174566246953295>, 1  <0.6825433753046706>}
x[2,7]{0  <0.3133199267073712>, 4  <0.6866800732926289>}
x[3,0]{7  <1.0>}
x[3,1]{6  <0.001778949041095913>, 4  <0.998221050958904>}
x[3,2]{6  <0.8499758410970523>, 4  <0.009597785723998468>, 3  <0.1404263731789492>}
x[3,3]{6  <0.2522892676857343>, 3  <0.7477107323142658>}
x[3,4]{1  <1.0>}
x[3,5]{5  <1.0>}
x[3,6]{0  <1.0>}
x[3,7]{2  <1.0>}
x[4,0]{3  <1.0>}
x[4,1]{5  <0.44099051644913945>, 1  <0.5590094835508606>}
x[4,2]{2  <1.0>}
x[4,3]{7  <1.0>}
x[4,4]{0  <0.6170134927865047>, 4  <0.38298650721349525>}
x[4,5]{6  <1.0>}
x[4,6]{5  <0.6666911945493269>, 1  <0.33330880545067304>}
x[4,7]{0  <0.1969485188180235>, 4  <0.8030514811819766>}
x[5,0]{5  <1.0>}
x[5,1]{6  <0.9967824438147503>, 4  <0.003217556185249667>}
x[5,2]{6  <0.013375469882628076>, 4  <0.986624530117372>}
x[5,3]{1  <1.0>}
x[5,4]{3  <1.0>}
x[5,5]{0  <1.0>}
x[5,6]{2  <1.0>}
x[5,7]{7  <1.0>}
x[6,0]{6  <1.0>}
x[6,1]{0  <1.0>}
x[6,2]{7  <1.0>}
x[6,3]{5  <1.0>}
x[6,4]{2  <1.0>}
x[6,5]{1  <1.0>}
x[6,6]{4  <1.0>}
x[6,7]{3  <1.0>}
x[7,0]{4  <1.0>}
x[7,1]{7  <1.0>}
x[7,2]{0  <1.0>}
x[7,3]{2  <1.0>}
x[7,4]{5  <1.0>}
x[7,5]{3  <1.0>}
x[7,6]{6  <1.0>}
x[7,7]{1  <1.0>}
problem entropy = 0.644729765650633
smallest variable entropy = 0.013041195258865297
### branching on x[5,1]=6; marginal=0.9967824438147503; regret=0.9935648876295007; nb of ties=2
### branching on x[2,2]=3; marginal=0.892621402979379; regret=0.7852428059587578; nb of ties=1
##### after BP iteration 1 #####
x[0,0]{0  <1.0>}
x[0,1]{3  <1.0>}
x[0,2]{1  <1.0>}
x[0,3]{4  <1.0>}
x[0,4]{6  <1.0>}
x[0,5]{2  <1.0>}
x[0,6]{7  <1.0>}
x[0,7]{5  <1.0>}
x[1,0]{1  <1.0>}
x[1,1]{2  <1.0>}
x[1,2]{5  <1.0>}
x[1,3]{0  <1.0>}
x[1,4]{7  <1.0>}
x[1,5]{4  <1.0>}
x[1,6]{3  <1.0>}
x[1,7]{6  <1.0>}
x[2,0]{2  <1.0>}
x[2,1]{5  <0.6812600793759873>, 1  <0.3187399206240128>}
x[2,2]{3  <1.0>}
x[2,3]{6  <1.0>}
x[2,4]{0  <0.6570573349845896>, 4  <0.34294266501541043>}
x[2,5]{7  <1.0>}
x[2,6]{5  <0.20453452029758237>, 1  <0.7954654797024177>}
x[2,7]{0  <0.5439870221533203>, 4  <0.45601297784667977>}
x[3,0]{7  <1.0>}
x[3,1]{4  <1.0>}
x[3,2]{6  <1.0>}
x[3,3]{3  <1.0>}
x[3,4]{1  <1.0>}
x[3,5]{5  <1.0>}
x[3,6]{0  <1.0>}
x[3,7]{2  <1.0>}
x[4,0]{3  <1.0>}
x[4,1]{5  <0.37123263639371745>, 1  <0.6287673636062825>}
x[4,2]{2  <1.0>}
x[4,3]{7  <1.0>}
x[4,4]{0  <0.773831479510077>, 4  <0.22616852048992295>}
x[4,5]{6  <1.0>}
x[4,6]{5  <0.5604674237997956>, 1  <0.43953257620020436>}
x[4,7]{0  <0.4152131446991474>, 4  <0.5847868553008526>}
x[5,0]{5  <1.0>}
x[5,1]{6  <1.0>}
x[5,2]{4  <1.0>}
x[5,3]{1  <1.0>}
x[5,4]{3  <1.0>}
x[5,5]{0  <1.0>}
x[5,6]{2  <1.0>}
x[5,7]{7  <1.0>}
x[6,0]{6  <1.0>}
x[6,1]{0  <1.0>}
x[6,2]{7  <1.0>}
x[6,3]{5  <1.0>}
x[6,4]{2  <1.0>}
x[6,5]{1  <1.0>}
x[6,6]{4  <1.0>}
x[6,7]{3  <1.0>}
x[7,0]{4  <1.0>}
x[7,1]{7  <1.0>}
x[7,2]{0  <1.0>}
x[7,3]{2  <1.0>}
x[7,4]{5  <1.0>}
x[7,5]{3  <1.0>}
x[7,6]{6  <1.0>}
x[7,7]{1  <1.0>}
problem entropy = 0.905924349313429
smallest variable entropy = 0.5066247073975945
##### after BP iteration 2 #####
x[0,0]{0  <1.0>}
x[0,1]{3  <1.0>}
x[0,2]{1  <1.0>}
x[0,3]{4  <1.0>}
x[0,4]{6  <1.0>}
x[0,5]{2  <1.0>}
x[0,6]{7  <1.0>}
x[0,7]{5  <1.0>}
x[1,0]{1  <1.0>}
x[1,1]{2  <1.0>}
x[1,2]{5  <1.0>}
x[1,3]{0  <1.0>}
x[1,4]{7  <1.0>}
x[1,5]{4  <1.0>}
x[1,6]{3  <1.0>}
x[1,7]{6  <1.0>}
x[2,0]{2  <1.0>}
x[2,1]{5  <0.6666911945493269>, 1  <0.3333088054506731>}
x[2,2]{3  <1.0>}
x[2,3]{6  <1.0>}
x[2,4]{0  <0.19694851881802353>, 4  <0.8030514811819764>}
x[2,5]{7  <1.0>}
x[2,6]{5  <0.4409905164491396>, 1  <0.5590094835508604>}
x[2,7]{0  <0.6170134927865047>, 4  <0.3829865072134953>}
x[3,0]{7  <1.0>}
x[3,1]{4  <1.0>}
x[3,2]{6  <1.0>}
x[3,3]{3  <1.0>}
x[3,4]{1  <1.0>}
x[3,5]{5  <1.0>}
x[3,6]{0  <1.0>}
x[3,7]{2  <1.0>}
x[4,0]{3  <1.0>}
x[4,1]{5  <0.3174566246953295>, 1  <0.6825433753046706>}
x[4,2]{2  <1.0>}
x[4,3]{7  <1.0>}
x[4,4]{0  <0.31331992670737124>, 4  <0.6866800732926287>}
x[4,5]{6  <1.0>}
x[4,6]{5  <0.7670745500306316>, 1  <0.23292544996936834>}
x[4,7]{0  <0.4997496493610702>, 4  <0.5002503506389299>}
x[5,0]{5  <1.0>}
x[5,1]{6  <1.0>}
x[5,2]{4  <1.0>}
x[5,3]{1  <1.0>}
x[5,4]{3  <1.0>}
x[5,5]{0  <1.0>}
x[5,6]{2  <1.0>}
x[5,7]{7  <1.0>}
x[6,0]{6  <1.0>}
x[6,1]{0  <1.0>}
x[6,2]{7  <1.0>}
x[6,3]{5  <1.0>}
x[6,4]{2  <1.0>}
x[6,5]{1  <1.0>}
x[6,6]{4  <1.0>}
x[6,7]{3  <1.0>}
x[7,0]{4  <1.0>}
x[7,1]{7  <1.0>}
x[7,2]{0  <1.0>}
x[7,3]{2  <1.0>}
x[7,4]{5  <1.0>}
x[7,5]{3  <1.0>}
x[7,6]{6  <1.0>}
x[7,7]{1  <1.0>}
problem entropy = 0.8957183090849212
smallest variable entropy = 0.49614296191044194
##### after BP iteration 3 #####
x[0,0]{0  <1.0>}
x[0,1]{3  <1.0>}
x[0,2]{1  <1.0>}
x[0,3]{4  <1.0>}
x[0,4]{6  <1.0>}
x[0,5]{2  <1.0>}
x[0,6]{7  <1.0>}
x[0,7]{5  <1.0>}
x[1,0]{1  <1.0>}
x[1,1]{2  <1.0>}
x[1,2]{5  <1.0>}
x[1,3]{0  <1.0>}
x[1,4]{7  <1.0>}
x[1,5]{4  <1.0>}
x[1,6]{3  <1.0>}
x[1,7]{6  <1.0>}
x[2,0]{2  <1.0>}
x[2,1]{5  <0.5604674237997956>, 1  <0.4395325762002044>}
x[2,2]{3  <1.0>}
x[2,3]{6  <1.0>}
x[2,4]{0  <0.4152131446991474>, 4  <0.5847868553008526>}
x[2,5]{7  <1.0>}
x[2,6]{5  <0.37123263639371756>, 1  <0.6287673636062824>}
x[2,7]{0  <0.773831479510077>, 4  <0.22616852048992295>}
x[3,0]{7  <1.0>}
x[3,1]{4  <1.0>}
x[3,2]{6  <1.0>}
x[3,3]{3  <1.0>}
x[3,4]{1  <1.0>}
x[3,5]{5  <1.0>}
x[3,6]{0  <1.0>}
x[3,7]{2  <1.0>}
x[4,0]{3  <1.0>}
x[4,1]{5  <0.20453452029758235>, 1  <0.7954654797024177>}
x[4,2]{2  <1.0>}
x[4,3]{7  <1.0>}
x[4,4]{0  <0.5439870221533202>, 4  <0.4560129778466799>}
x[4,5]{6  <1.0>}
x[4,6]{5  <0.6812600793759872>, 1  <0.31873992062401285>}
x[4,7]{0  <0.6570573349845897>, 4  <0.34294266501541043>}
x[5,0]{5  <1.0>}
x[5,1]{6  <1.0>}
x[5,2]{4  <1.0>}
x[5,3]{1  <1.0>}
x[5,4]{3  <1.0>}
x[5,5]{0  <1.0>}
x[5,6]{2  <1.0>}
x[5,7]{7  <1.0>}
x[6,0]{6  <1.0>}
x[6,1]{0  <1.0>}
x[6,2]{7  <1.0>}
x[6,3]{5  <1.0>}
x[6,4]{2  <1.0>}
x[6,5]{1  <1.0>}
x[6,6]{4  <1.0>}
x[6,7]{3  <1.0>}
x[7,0]{4  <1.0>}
x[7,1]{7  <1.0>}
x[7,2]{0  <1.0>}
x[7,3]{2  <1.0>}
x[7,4]{5  <1.0>}
x[7,5]{3  <1.0>}
x[7,6]{6  <1.0>}
x[7,7]{1  <1.0>}
problem entropy = 0.905924349313429
smallest variable entropy = 0.5066247073975945
### branching on x[4,1]=1; marginal=0.7954654797024177; regret=0.5909309594048353; nb of ties=1
##### after BP iteration 1 #####
x[0,0]{0  <1.0>}
x[0,1]{3  <1.0>}
x[0,2]{1  <1.0>}
x[0,3]{4  <1.0>}
x[0,4]{6  <1.0>}
x[0,5]{2  <1.0>}
x[0,6]{7  <1.0>}
x[0,7]{5  <1.0>}
x[1,0]{1  <1.0>}
x[1,1]{2  <1.0>}
x[1,2]{5  <1.0>}
x[1,3]{0  <1.0>}
x[1,4]{7  <1.0>}
x[1,5]{4  <1.0>}
x[1,6]{3  <1.0>}
x[1,7]{6  <1.0>}
x[2,0]{2  <1.0>}
x[2,1]{5  <1.0>}
x[2,2]{3  <1.0>}
x[2,3]{6  <1.0>}
x[2,4]{0  <0.49974964936107025>, 4  <0.5002503506389298>}
x[2,5]{7  <1.0>}
x[2,6]{1  <1.0>}
x[2,7]{0  <0.3133199267073712>, 4  <0.6866800732926287>}
x[3,0]{7  <1.0>}
x[3,1]{4  <1.0>}
x[3,2]{6  <1.0>}
x[3,3]{3  <1.0>}
x[3,4]{1  <1.0>}
x[3,5]{5  <1.0>}
x[3,6]{0  <1.0>}
x[3,7]{2  <1.0>}
x[4,0]{3  <1.0>}
x[4,1]{1  <1.0>}
x[4,2]{2  <1.0>}
x[4,3]{7  <1.0>}
x[4,4]{0  <0.6170134927865046>, 4  <0.3829865072134954>}
x[4,5]{6  <1.0>}
x[4,6]{5  <1.0>}
x[4,7]{0  <0.19694851881802355>, 4  <0.8030514811819764>}
x[5,0]{5  <1.0>}
x[5,1]{6  <1.0>}
x[5,2]{4  <1.0>}
x[5,3]{1  <1.0>}
x[5,4]{3  <1.0>}
x[5,5]{0  <1.0>}
x[5,6]{2  <1.0>}
x[5,7]{7  <1.0>}
x[6,0]{6  <1.0>}
x[6,1]{0  <1.0>}
x[6,2]{7  <1.0>}
x[6,3]{5  <1.0>}
x[6,4]{2  <1.0>}
x[6,5]{1  <1.0>}
x[6,6]{4  <1.0>}
x[6,7]{3  <1.0>}
x[7,0]{4  <1.0>}
x[7,1]{7  <1.0>}
x[7,2]{0  <1.0>}
x[7,3]{2  <1.0>}
x[7,4]{5  <1.0>}
x[7,5]{3  <1.0>}
x[7,6]{6  <1.0>}
x[7,7]{1  <1.0>}
problem entropy = 0.8932188684874187
smallest variable entropy = 0.49614296191044194
##### after BP iteration 2 #####
x[0,0]{0  <1.0>}
x[0,1]{3  <1.0>}
x[0,2]{1  <1.0>}
x[0,3]{4  <1.0>}
x[0,4]{6  <1.0>}
x[0,5]{2  <1.0>}
x[0,6]{7  <1.0>}
x[0,7]{5  <1.0>}
x[1,0]{1  <1.0>}
x[1,1]{2  <1.0>}
x[1,2]{5  <1.0>}
x[1,3]{0  <1.0>}
x[1,4]{7  <1.0>}
x[1,5]{4  <1.0>}
x[1,6]{3  <1.0>}
x[1,7]{6  <1.0>}
x[2,0]{2  <1.0>}
x[2,1]{5  <1.0>}
x[2,2]{3  <1.0>}
x[2,3]{6  <1.0>}
x[2,4]{0  <0.6570573349845897>, 4  <0.34294266501541026>}
x[2,5]{7  <1.0>}
x[2,6]{1  <1.0>}
x[2,7]{0  <0.5439870221533201>, 4  <0.4560129778466799>}
x[3,0]{7  <1.0>}
x[3,1]{4  <1.0>}
x[3,2]{6  <1.0>}
x[3,3]{3  <1.0>}
x[3,4]{1  <1.0>}
x[3,5]{5  <1.0>}
x[3,6]{0  <1.0>}
x[3,7]{2  <1.0>}
x[4,0]{3  <1.0>}
x[4,1]{1  <1.0>}
x[4,2]{2  <1.0>}
x[4,3]{7  <1.0>}
x[4,4]{0  <0.773831479510077>, 4  <0.22616852048992295>}
x[4,5]{6  <1.0>}
x[4,6]{5  <1.0>}
x[4,7]{0  <0.4152131446991474>, 4  <0.5847868553008526>}
x[5,0]{5  <1.0>}
x[5,1]{6  <1.0>}
x[5,2]{4  <1.0>}
x[5,3]{1  <1.0>}
x[5,4]{3  <1.0>}
x[5,5]{0  <1.0>}
x[5,6]{2  <1.0>}
x[5,7]{7  <1.0>}
x[6,0]{6  <1.0>}
x[6,1]{0  <1.0>}
x[6,2]{7  <1.0>}
x[6,3]{5  <1.0>}
x[6,4]{2  <1.0>}
x[6,5]{1  <1.0>}
x[6,6]{4  <1.0>}
x[6,7]{3  <1.0>}
x[7,0]{4  <1.0>}
x[7,1]{7  <1.0>}
x[7,2]{0  <1.0>}
x[7,3]{2  <1.0>}
x[7,4]{5  <1.0>}
x[7,5]{3  <1.0>}
x[7,6]{6  <1.0>}
x[7,7]{1  <1.0>}
problem entropy = 0.9181114606887096
smallest variable entropy = 0.5346051127639064
##### after BP iteration 3 #####
x[0,0]{0  <1.0>}
x[0,1]{3  <1.0>}
x[0,2]{1  <1.0>}
x[0,3]{4  <1.0>}
x[0,4]{6  <1.0>}
x[0,5]{2  <1.0>}
x[0,6]{7  <1.0>}
x[0,7]{5  <1.0>}
x[1,0]{1  <1.0>}
x[1,1]{2  <1.0>}
x[1,2]{5  <1.0>}
x[1,3]{0  <1.0>}
x[1,4]{7  <1.0>}
x[1,5]{4  <1.0>}
x[1,6]{3  <1.0>}
x[1,7]{6  <1.0>}
x[2,0]{2  <1.0>}
x[2,1]{5  <1.0>}
x[2,2]{3  <1.0>}
x[2,3]{6  <1.0>}
x[2,4]{0  <0.19694851881802355>, 4  <0.8030514811819764>}
x[2,5]{7  <1.0>}
x[2,6]{1  <1.0>}
x[2,7]{0  <0.6170134927865045>, 4  <0.3829865072134954>}
x[3,0]{7  <1.0>}
x[3,1]{4  <1.0>}
x[3,2]{6  <1.0>}
x[3,3]{3  <1.0>}
x[3,4]{1  <1.0>}
x[3,5]{5  <1.0>}
x[3,6]{0  <1.0>}
x[3,7]{2  <1.0>}
x[4,0]{3  <1.0>}
x[4,1]{1  <1.0>}
x[4,2]{2  <1.0>}
x[4,3]{7  <1.0>}
x[4,4]{0  <0.3133199267073712>, 4  <0.6866800732926288>}
x[4,5]{6  <1.0>}
x[4,6]{5  <1.0>}
x[4,7]{0  <0.49974964936107025>, 4  <0.5002503506389298>}
x[5,0]{5  <1.0>}
x[5,1]{6  <1.0>}
x[5,2]{4  <1.0>}
x[5,3]{1  <1.0>}
x[5,4]{3  <1.0>}
x[5,5]{0  <1.0>}
x[5,6]{2  <1.0>}
x[5,7]{7  <1.0>}
x[6,0]{6  <1.0>}
x[6,1]{0  <1.0>}
x[6,2]{7  <1.0>}
x[6,3]{5  <1.0>}
x[6,4]{2  <1.0>}
x[6,5]{1  <1.0>}
x[6,6]{4  <1.0>}
x[6,7]{3  <1.0>}
x[7,0]{4  <1.0>}
x[7,1]{7  <1.0>}
x[7,2]{0  <1.0>}
x[7,3]{2  <1.0>}
x[7,4]{5  <1.0>}
x[7,5]{3  <1.0>}
x[7,6]{6  <1.0>}
x[7,7]{1  <1.0>}
problem entropy = 0.8932188684874187
smallest variable entropy = 0.49614296191044194
##### after BP iteration 4 #####
x[0,0]{0  <1.0>}
x[0,1]{3  <1.0>}
x[0,2]{1  <1.0>}
x[0,3]{4  <1.0>}
x[0,4]{6  <1.0>}
x[0,5]{2  <1.0>}
x[0,6]{7  <1.0>}
x[0,7]{5  <1.0>}
x[1,0]{1  <1.0>}
x[1,1]{2  <1.0>}
x[1,2]{5  <1.0>}
x[1,3]{0  <1.0>}
x[1,4]{7  <1.0>}
x[1,5]{4  <1.0>}
x[1,6]{3  <1.0>}
x[1,7]{6  <1.0>}
x[2,0]{2  <1.0>}
x[2,1]{5  <1.0>}
x[2,2]{3  <1.0>}
x[2,3]{6  <1.0>}
x[2,4]{0  <0.4152131446991474>, 4  <0.5847868553008526>}
x[2,5]{7  <1.0>}
x[2,6]{1  <1.0>}
x[2,7]{0  <0.773831479510077>, 4  <0.2261685204899229>}
x[3,0]{7  <1.0>}
x[3,1]{4  <1.0>}
x[3,2]{6  <1.0>}
x[3,3]{3  <1.0>}
x[3,4]{1  <1.0>}
x[3,5]{5  <1.0>}
x[3,6]{0  <1.0>}
x[3,7]{2  <1.0>}
x[4,0]{3  <1.0>}
x[4,1]{1  <1.0>}
x[4,2]{2  <1.0>}
x[4,3]{7  <1.0>}
x[4,4]{0  <0.5439870221533201>, 4  <0.4560129778466799>}
x[4,5]{6  <1.0>}
x[4,6]{5  <1.0>}
x[4,7]{0  <0.65705733498459>, 4  <0.3429426650154102>}
x[5,0]{5  <1.0>}
x[5,1]{6  <1.0>}
x[5,2]{4  <1.0>}
x[5,3]{1  <1.0>}
x[5,4]{3  <1.0>}
x[5,5]{0  <1.0>}
x[5,6]{2  <1.0>}
x[5,7]{7  <1.0>}
x[6,0]{6  <1.0>}
x[6,1]{0  <1.0>}
x[6,2]{7  <1.0>}
x[6,3]{5  <1.0>}
x[6,4]{2  <1.0>}
x[6,5]{1  <1.0>}
x[6,6]{4  <1.0>}
x[6,7]{3  <1.0>}
x[7,0]{4  <1.0>}
x[7,1]{7  <1.0>}
x[7,2]{0  <1.0>}
x[7,3]{2  <1.0>}
x[7,4]{5  <1.0>}
x[7,5]{3  <1.0>}
x[7,6]{6  <1.0>}
x[7,7]{1  <1.0>}
problem entropy = 0.9181114606887096
smallest variable entropy = 0.5346051127639064
### branching on x[2,7]=0; marginal=0.773831479510077; regret=0.5476629590201542; nb of ties=1
##### after BP iteration 1 #####
x[0,0]{0  <1.0>}
x[0,1]{3  <1.0>}
x[0,2]{1  <1.0>}
x[0,3]{4  <1.0>}
x[0,4]{6  <1.0>}
x[0,5]{2  <1.0>}
x[0,6]{7  <1.0>}
x[0,7]{5  <1.0>}
x[1,0]{1  <1.0>}
x[1,1]{2  <1.0>}
x[1,2]{5  <1.0>}
x[1,3]{0  <1.0>}
x[1,4]{7  <1.0>}
x[1,5]{4  <1.0>}
x[1,6]{3  <1.0>}
x[1,7]{6  <1.0>}
x[2,0]{2  <1.0>}
x[2,1]{5  <1.0>}
x[2,2]{3  <1.0>}
x[2,3]{6  <1.0>}
x[2,4]{4  <1.0>}
x[2,5]{7  <1.0>}
x[2,6]{1  <1.0>}
x[2,7]{0  <1.0>}
x[3,0]{7  <1.0>}
x[3,1]{4  <1.0>}
x[3,2]{6  <1.0>}
x[3,3]{3  <1.0>}
x[3,4]{1  <1.0>}
x[3,5]{5  <1.0>}
x[3,6]{0  <1.0>}
x[3,7]{2  <1.0>}
x[4,0]{3  <1.0>}
x[4,1]{1  <1.0>}
x[4,2]{2  <1.0>}
x[4,3]{7  <1.0>}
x[4,4]{0  <1.0>}
x[4,5]{6  <1.0>}
x[4,6]{5  <1.0>}
x[4,7]{4  <1.0>}
x[5,0]{5  <1.0>}
x[5,1]{6  <1.0>}
x[5,2]{4  <1.0>}
x[5,3]{1  <1.0>}
x[5,4]{3  <1.0>}
x[5,5]{0  <1.0>}
x[5,6]{2  <1.0>}
x[5,7]{7  <1.0>}
x[6,0]{6  <1.0>}
x[6,1]{0  <1.0>}
x[6,2]{7  <1.0>}
x[6,3]{5  <1.0>}
x[6,4]{2  <1.0>}
x[6,5]{1  <1.0>}
x[6,6]{4  <1.0>}
x[6,7]{3  <1.0>}
x[7,0]{4  <1.0>}
x[7,1]{7  <1.0>}
x[7,2]{0  <1.0>}
x[7,3]{2  <1.0>}
x[7,4]{5  <1.0>}
x[7,5]{3  <1.0>}
x[7,6]{6  <1.0>}
x[7,7]{1  <1.0>}
problem entropy = 0.0
smallest variable entropy = 1.7976931348623157E308
### branching on x[2,7]!=0
##### after BP iteration 1 #####
x[0,0]{0  <1.0>}
x[0,1]{3  <1.0>}
x[0,2]{1  <1.0>}
x[0,3]{4  <1.0>}
x[0,4]{6  <1.0>}
x[0,5]{2  <1.0>}
x[0,6]{7  <1.0>}
x[0,7]{5  <1.0>}
x[1,0]{1  <1.0>}
x[1,1]{2  <1.0>}
x[1,2]{5  <1.0>}
x[1,3]{0  <1.0>}
x[1,4]{7  <1.0>}
x[1,5]{4  <1.0>}
x[1,6]{3  <1.0>}
x[1,7]{6  <1.0>}
x[2,0]{2  <1.0>}
x[2,1]{5  <1.0>}
x[2,2]{3  <1.0>}
x[2,3]{6  <1.0>}
x[2,4]{0  <1.0>}
x[2,5]{7  <1.0>}
x[2,6]{1  <1.0>}
x[2,7]{4  <1.0>}
x[3,0]{7  <1.0>}
x[3,1]{4  <1.0>}
x[3,2]{6  <1.0>}
x[3,3]{3  <1.0>}
x[3,4]{1  <1.0>}
x[3,5]{5  <1.0>}
x[3,6]{0  <1.0>}
x[3,7]{2  <1.0>}
x[4,0]{3  <1.0>}
x[4,1]{1  <1.0>}
x[4,2]{2  <1.0>}
x[4,3]{7  <1.0>}
x[4,4]{4  <1.0>}
x[4,5]{6  <1.0>}
x[4,6]{5  <1.0>}
x[4,7]{0  <1.0>}
x[5,0]{5  <1.0>}
x[5,1]{6  <1.0>}
x[5,2]{4  <1.0>}
x[5,3]{1  <1.0>}
x[5,4]{3  <1.0>}
x[5,5]{0  <1.0>}
x[5,6]{2  <1.0>}
x[5,7]{7  <1.0>}
x[6,0]{6  <1.0>}
x[6,1]{0  <1.0>}
x[6,2]{7  <1.0>}
x[6,3]{5  <1.0>}
x[6,4]{2  <1.0>}
x[6,5]{1  <1.0>}
x[6,6]{4  <1.0>}
x[6,7]{3  <1.0>}
x[7,0]{4  <1.0>}
x[7,1]{7  <1.0>}
x[7,2]{0  <1.0>}
x[7,3]{2  <1.0>}
x[7,4]{5  <1.0>}
x[7,5]{3  <1.0>}
x[7,6]{6  <1.0>}
x[7,7]{1  <1.0>}
problem entropy = 0.0
smallest variable entropy = 1.7976931348623157E308

	#choice: 9
	#fail: 0
	execution time (ms): 253
	#sols : 1
	completed : false

