{1  <1.0>}
model: sum-product-no-init
FINAL DAMPING FACTOR = 1.0
##### after BP iteration 1 #####
x[0,0]{1  <1.0>}
x[0,1]{5  <1.0>}
x[0,2]{2  <1.0>}
x[0,3]{7  <1.0>}
x[0,4]{6  <1.0>}
x[0,5]{0  <1.0>}
x[0,6]{4  <1.0>}
x[0,7]{3  <1.0>}
x[1,0]{5  <0.5>, 3  <0.5>}
x[1,1]{6  <1.0>}
x[1,2]{7  <1.0>}
x[1,3]{2  <1.0>}
x[1,4]{4  <0.5>, 3  <0.12499999999999997>, 5  <0.375>}
x[1,5]{4  <0.5882352941176471>, 3  <0.411764705882353>}
x[1,6]{0  <1.0>}
x[1,7]{1  <1.0>}
x[2,0]{6  <1.0>}
x[2,1]{3  <0.5434782608695653>, 1  <0.21739130434782605>, 2  <0.23913043478260868>}
x[2,2]{0  <1.0>}
x[2,3]{4  <1.0>}
x[2,4]{3  <0.5333333333333333>, 1  <0.4666666666666667>}
x[2,5]{7  <1.0>}
x[2,6]{2  <0.6923076923076923>, 1  <0.3076923076923077>}
x[2,7]{5  <1.0>}
x[3,0]{0  <0.2857142857142857>, 2  <0.7142857142857143>}
x[3,1]{0  <0.4146341463414634>, 2  <0.5853658536585367>}
x[3,2]{3  <1.0>}
x[3,3]{1  <1.0>}
x[3,4]{7  <1.0>}
x[3,5]{5  <1.0>}
x[3,6]{6  <1.0>}
x[3,7]{4  <1.0>}
x[4,0]{7  <1.0>}
x[4,1]{0  <0.2266187050359712>, 1  <0.053956834532374084>, 4  <0.7194244604316546>}
x[4,2]{5  <0.5>, 6  <0.5>}
x[4,3]{5  <0.5000000000000001>, 6  <0.5>}
x[4,4]{0  <0.8863636363636364>, 1  <0.02272727272727273>, 4  <0.09090909090909093>}
x[4,5]{4  <0.02527075812274368>, 1  <0.9747292418772563>}
x[4,6]{3  <1.0>}
x[4,7]{2  <1.0>}
x[5,0]{0  <0.4782608695652174>, 2  <0.5217391304347827>}
x[5,1]{0  <0.13953488372093026>, 1  <0.04651162790697675>, 2  <0.13953488372093026>, 3  <0.186046511627907>, 4  <0.48837209302325574>}
x[5,2]{6  <0.5>, 5  <0.5>}
x[5,3]{6  <0.5>, 5  <0.5>}
x[5,4]{0  <0.23076923076923078>, 1  <0.15384615384615385>, 4  <0.4615384615384615>, 3  <0.15384615384615383>}
x[5,5]{3  <0.7894736842105263>, 1  <0.0789473684210526>, 4  <0.13157894736842102>}
x[5,6]{2  <0.17948717948717943>, 1  <0.8205128205128205>}
x[5,7]{7  <1.0>}
x[6,0]{4  <1.0>}
x[6,1]{7  <1.0>}
x[6,2]{1  <1.0>}
x[6,3]{3  <1.0>}
x[6,4]{2  <1.0>}
x[6,5]{6  <1.0>}
x[6,6]{5  <1.0>}
x[6,7]{0  <1.0>}
x[7,0]{5  <0.31034482758620685>, 3  <0.689655172413793>}
x[7,1]{3  <0.24793388429752067>, 1  <0.7520661157024794>}
x[7,2]{4  <1.0>}
x[7,3]{0  <1.0>}
x[7,4]{3  <0.15384615384615383>, 1  <0.3846153846153847>, 5  <0.46153846153846156>}
x[7,5]{2  <1.0>}
x[7,6]{7  <1.0>}
x[7,7]{6  <1.0>}
problem entropy = 0.0
smallest variable entropy = 1.7976931348623157E308
### branching on x[1,0]=5
##### after BP iteration 1 #####
x[0,0]{1  <1.0>}
x[0,1]{5  <1.0>}
x[0,2]{2  <1.0>}
x[0,3]{7  <1.0>}
x[0,4]{6  <1.0>}
x[0,5]{0  <1.0>}
x[0,6]{4  <1.0>}
x[0,7]{3  <1.0>}
x[1,0]{5  <1.0>}
x[1,1]{6  <1.0>}
x[1,2]{7  <1.0>}
x[1,3]{2  <1.0>}
x[1,4]{4  <0.7693817468105986>, 3  <0.23061825318940138>}
x[1,5]{4  <0.5732484076433121>, 3  <0.42675159235668786>}
x[1,6]{0  <1.0>}
x[1,7]{1  <1.0>}
x[2,0]{6  <1.0>}
x[2,1]{3  <0.7274275979557071>, 2  <0.272572402044293>}
x[2,2]{0  <1.0>}
x[2,3]{4  <1.0>}
x[2,4]{3  <0.17934782608695654>, 1  <0.8206521739130436>}
x[2,5]{7  <1.0>}
x[2,6]{2  <0.8791208791208792>, 1  <0.12087912087912081>}
x[2,7]{5  <1.0>}
x[3,0]{0  <0.6063157894736843>, 2  <0.3936842105263157>}
x[3,1]{0  <0.7172413793103447>, 2  <0.28275862068965524>}
x[3,2]{3  <1.0>}
x[3,3]{1  <1.0>}
x[3,4]{7  <1.0>}
x[3,5]{5  <1.0>}
x[3,6]{6  <1.0>}
x[3,7]{4  <1.0>}
x[4,0]{7  <1.0>}
x[4,1]{0  <0.12903225806451613>, 4  <0.8709677419354839>}
x[4,2]{5  <0.5>, 6  <0.5>}
x[4,3]{5  <0.5>, 6  <0.5>}
x[4,4]{0  <0.9322865554465163>, 1  <0.02355250245338567>, 4  <0.044160942100098126>}
x[4,5]{4  <0.005558987029030264>, 1  <0.9944410129709698>}
x[4,6]{3  <1.0>}
x[4,7]{2  <1.0>}
x[5,0]{0  <0.4570135746606335>, 2  <0.5429864253393665>}
x[5,1]{0  <0.3130434782608696>, 4  <0.20695652173913048>, 2  <0.3130434782608696>, 3  <0.16695652173913042>}
x[5,2]{6  <0.5>, 5  <0.5>}
x[5,3]{6  <0.5000000000000001>, 5  <0.5>}
x[5,4]{0  <0.1875>, 1  <0.40624999999999994>, 4  <0.16503906250000003>, 3  <0.24121093749999994>}
x[5,5]{3  <0.8705964422741541>, 1  <0.012207882804325079>, 4  <0.1171956749215208>}
x[5,6]{2  <0.1699819168173599>, 1  <0.8300180831826401>}
x[5,7]{7  <1.0>}
x[6,0]{4  <1.0>}
x[6,1]{7  <1.0>}
x[6,2]{1  <1.0>}
x[6,3]{3  <1.0>}
x[6,4]{2  <1.0>}
x[6,5]{6  <1.0>}
x[6,6]{5  <1.0>}
x[6,7]{0  <1.0>}
x[7,0]{3  <1.0>}
x[7,1]{1  <1.0>}
x[7,2]{4  <1.0>}
x[7,3]{0  <1.0>}
x[7,4]{5  <1.0>}
x[7,5]{2  <1.0>}
x[7,6]{7  <1.0>}
x[7,7]{6  <1.0>}
problem entropy = 0.0
smallest variable entropy = 1.7976931348623157E308
### branching on x[1,4]=3
##### after BP iteration 1 #####
x[0,0]{1  <1.0>}
x[0,1]{5  <1.0>}
x[0,2]{2  <1.0>}
x[0,3]{7  <1.0>}
x[0,4]{6  <1.0>}
x[0,5]{0  <1.0>}
x[0,6]{4  <1.0>}
x[0,7]{3  <1.0>}
x[1,0]{5  <1.0>}
x[1,1]{6  <1.0>}
x[1,2]{7  <1.0>}
x[1,3]{2  <1.0>}
x[1,4]{3  <1.0>}
x[1,5]{4  <1.0>}
x[1,6]{0  <1.0>}
x[1,7]{1  <1.0>}
x[2,0]{6  <1.0>}
x[2,1]{3  <1.0>}
x[2,2]{0  <1.0>}
x[2,3]{4  <1.0>}
x[2,4]{1  <1.0>}
x[2,5]{7  <1.0>}
x[2,6]{2  <1.0>}
x[2,7]{5  <1.0>}
x[3,0]{0  <0.5393790563059113>, 2  <0.46062094369408874>}
x[3,1]{0  <0.4069608111811455>, 2  <0.5930391888188545>}
x[3,2]{3  <1.0>}
x[3,3]{1  <1.0>}
x[3,4]{7  <1.0>}
x[3,5]{5  <1.0>}
x[3,6]{6  <1.0>}
x[3,7]{4  <1.0>}
x[4,0]{7  <1.0>}
x[4,1]{0  <0.03207547169811321>, 4  <0.9679245283018868>}
x[4,2]{5  <0.5>, 6  <0.5>}
x[4,3]{5  <0.5>, 6  <0.5>}
x[4,4]{0  <0.6610169491525425>, 4  <0.3389830508474575>}
x[4,5]{1  <1.0>}
x[4,6]{3  <1.0>}
x[4,7]{2  <1.0>}
x[5,0]{0  <0.3008439967329159>, 2  <0.6991560032670842>}
x[5,1]{0  <0.26121902210314807>, 4  <0.08573342263898188>, 2  <0.6530475552578701>}
x[5,2]{6  <0.49999999999999994>, 5  <0.5>}
x[5,3]{6  <0.5>, 5  <0.5>}
x[5,4]{0  <0.12280701754385959>, 4  <0.8771929824561404>}
x[5,5]{3  <1.0>}
x[5,6]{1  <1.0>}
x[5,7]{7  <1.0>}
x[6,0]{4  <1.0>}
x[6,1]{7  <1.0>}
x[6,2]{1  <1.0>}
x[6,3]{3  <1.0>}
x[6,4]{2  <1.0>}
x[6,5]{6  <1.0>}
x[6,6]{5  <1.0>}
x[6,7]{0  <1.0>}
x[7,0]{3  <1.0>}
x[7,1]{1  <1.0>}
x[7,2]{4  <1.0>}
x[7,3]{0  <1.0>}
x[7,4]{5  <1.0>}
x[7,5]{2  <1.0>}
x[7,6]{7  <1.0>}
x[7,7]{6  <1.0>}
problem entropy = 0.0
smallest variable entropy = 1.7976931348623157E308
### branching on x[3,0]=2
##### after BP iteration 1 #####
x[0,0]{1  <1.0>}
x[0,1]{5  <1.0>}
x[0,2]{2  <1.0>}
x[0,3]{7  <1.0>}
x[0,4]{6  <1.0>}
x[0,5]{0  <1.0>}
x[0,6]{4  <1.0>}
x[0,7]{3  <1.0>}
x[1,0]{5  <1.0>}
x[1,1]{6  <1.0>}
x[1,2]{7  <1.0>}
x[1,3]{2  <1.0>}
x[1,4]{3  <1.0>}
x[1,5]{4  <1.0>}
x[1,6]{0  <1.0>}
x[1,7]{1  <1.0>}
x[2,0]{6  <1.0>}
x[2,1]{3  <1.0>}
x[2,2]{0  <1.0>}
x[2,3]{4  <1.0>}
x[2,4]{1  <1.0>}
x[2,5]{7  <1.0>}
x[2,6]{2  <1.0>}
x[2,7]{5  <1.0>}
x[3,0]{2  <1.0>}
x[3,1]{0  <1.0>}
x[3,2]{3  <1.0>}
x[3,3]{1  <1.0>}
x[3,4]{7  <1.0>}
x[3,5]{5  <1.0>}
x[3,6]{6  <1.0>}
x[3,7]{4  <1.0>}
x[4,0]{7  <1.0>}
x[4,1]{4  <1.0>}
x[4,2]{5  <0.49999999999999994>, 6  <0.5>}
x[4,3]{5  <0.5>, 6  <0.5>}
x[4,4]{0  <1.0>}
x[4,5]{1  <1.0>}
x[4,6]{3  <1.0>}
x[4,7]{2  <1.0>}
x[5,0]{0  <1.0>}
x[5,1]{2  <1.0>}
x[5,2]{6  <0.5>, 5  <0.5>}
x[5,3]{6  <0.5>, 5  <0.5>}
x[5,4]{4  <1.0>}
x[5,5]{3  <1.0>}
x[5,6]{1  <1.0>}
x[5,7]{7  <1.0>}
x[6,0]{4  <1.0>}
x[6,1]{7  <1.0>}
x[6,2]{1  <1.0>}
x[6,3]{3  <1.0>}
x[6,4]{2  <1.0>}
x[6,5]{6  <1.0>}
x[6,6]{5  <1.0>}
x[6,7]{0  <1.0>}
x[7,0]{3  <1.0>}
x[7,1]{1  <1.0>}
x[7,2]{4  <1.0>}
x[7,3]{0  <1.0>}
x[7,4]{5  <1.0>}
x[7,5]{2  <1.0>}
x[7,6]{7  <1.0>}
x[7,7]{6  <1.0>}
problem entropy = 0.0
smallest variable entropy = 1.7976931348623157E308
### branching on x[4,2]=5
##### after BP iteration 1 #####
x[0,0]{1  <1.0>}
x[0,1]{5  <1.0>}
x[0,2]{2  <1.0>}
x[0,3]{7  <1.0>}
x[0,4]{6  <1.0>}
x[0,5]{0  <1.0>}
x[0,6]{4  <1.0>}
x[0,7]{3  <1.0>}
x[1,0]{5  <1.0>}
x[1,1]{6  <1.0>}
x[1,2]{7  <1.0>}
x[1,3]{2  <1.0>}
x[1,4]{3  <1.0>}
x[1,5]{4  <1.0>}
x[1,6]{0  <1.0>}
x[1,7]{1  <1.0>}
x[2,0]{6  <1.0>}
x[2,1]{3  <1.0>}
x[2,2]{0  <1.0>}
x[2,3]{4  <1.0>}
x[2,4]{1  <1.0>}
x[2,5]{7  <1.0>}
x[2,6]{2  <1.0>}
x[2,7]{5  <1.0>}
x[3,0]{2  <1.0>}
x[3,1]{0  <1.0>}
x[3,2]{3  <1.0>}
x[3,3]{1  <1.0>}
x[3,4]{7  <1.0>}
x[3,5]{5  <1.0>}
x[3,6]{6  <1.0>}
x[3,7]{4  <1.0>}
x[4,0]{7  <1.0>}
x[4,1]{4  <1.0>}
x[4,2]{5  <1.0>}
x[4,3]{6  <1.0>}
x[4,4]{0  <1.0>}
x[4,5]{1  <1.0>}
x[4,6]{3  <1.0>}
x[4,7]{2  <1.0>}
x[5,0]{0  <1.0>}
x[5,1]{2  <1.0>}
x[5,2]{6  <1.0>}
x[5,3]{5  <1.0>}
x[5,4]{4  <1.0>}
x[5,5]{3  <1.0>}
x[5,6]{1  <1.0>}
x[5,7]{7  <1.0>}
x[6,0]{4  <1.0>}
x[6,1]{7  <1.0>}
x[6,2]{1  <1.0>}
x[6,3]{3  <1.0>}
x[6,4]{2  <1.0>}
x[6,5]{6  <1.0>}
x[6,6]{5  <1.0>}
x[6,7]{0  <1.0>}
x[7,0]{3  <1.0>}
x[7,1]{1  <1.0>}
x[7,2]{4  <1.0>}
x[7,3]{0  <1.0>}
x[7,4]{5  <1.0>}
x[7,5]{2  <1.0>}
x[7,6]{7  <1.0>}
x[7,7]{6  <1.0>}
problem entropy = 0.0
smallest variable entropy = 1.7976931348623157E308
### branching on x[4,2]!=5
##### after BP iteration 1 #####
x[0,0]{1  <1.0>}
x[0,1]{5  <1.0>}
x[0,2]{2  <1.0>}
x[0,3]{7  <1.0>}
x[0,4]{6  <1.0>}
x[0,5]{0  <1.0>}
x[0,6]{4  <1.0>}
x[0,7]{3  <1.0>}
x[1,0]{5  <1.0>}
x[1,1]{6  <1.0>}
x[1,2]{7  <1.0>}
x[1,3]{2  <1.0>}
x[1,4]{3  <1.0>}
x[1,5]{4  <1.0>}
x[1,6]{0  <1.0>}
x[1,7]{1  <1.0>}
x[2,0]{6  <1.0>}
x[2,1]{3  <1.0>}
x[2,2]{0  <1.0>}
x[2,3]{4  <1.0>}
x[2,4]{1  <1.0>}
x[2,5]{7  <1.0>}
x[2,6]{2  <1.0>}
x[2,7]{5  <1.0>}
x[3,0]{2  <1.0>}
x[3,1]{0  <1.0>}
x[3,2]{3  <1.0>}
x[3,3]{1  <1.0>}
x[3,4]{7  <1.0>}
x[3,5]{5  <1.0>}
x[3,6]{6  <1.0>}
x[3,7]{4  <1.0>}
x[4,0]{7  <1.0>}
x[4,1]{4  <1.0>}
x[4,2]{6  <1.0>}
x[4,3]{5  <1.0>}
x[4,4]{0  <1.0>}
x[4,5]{1  <1.0>}
x[4,6]{3  <1.0>}
x[4,7]{2  <1.0>}
x[5,0]{0  <1.0>}
x[5,1]{2  <1.0>}
x[5,2]{5  <1.0>}
x[5,3]{6  <1.0>}
x[5,4]{4  <1.0>}
x[5,5]{3  <1.0>}
x[5,6]{1  <1.0>}
x[5,7]{7  <1.0>}
x[6,0]{4  <1.0>}
x[6,1]{7  <1.0>}
x[6,2]{1  <1.0>}
x[6,3]{3  <1.0>}
x[6,4]{2  <1.0>}
x[6,5]{6  <1.0>}
x[6,6]{5  <1.0>}
x[6,7]{0  <1.0>}
x[7,0]{3  <1.0>}
x[7,1]{1  <1.0>}
x[7,2]{4  <1.0>}
x[7,3]{0  <1.0>}
x[7,4]{5  <1.0>}
x[7,5]{2  <1.0>}
x[7,6]{7  <1.0>}
x[7,7]{6  <1.0>}
problem entropy = 0.0
smallest variable entropy = 1.7976931348623157E308

	#choice: 5
	#fail: 0
	execution time (ms): 42
	#sols : 1
	completed : false

