{0  <1.0>, 1  <2.0>, 2  <3.0>, 3  <4.0>, 4  <5.0>, 5  <6.0>}
model: sum-product-init
FINAL DAMPING FACTOR = 1.0
##### after BP iteration 1 #####
x[0,0]{0  <0.007114505702573807>, 1  <0.08557841785649398>, 2  <0.339205982881213>, 3  <0.2651361334891143>, 5  <0.30296496007060475>}
x[0,1]{0  <0.02455841207463065>, 1  <0.07787946053214756>, 2  <0.2417126019941201>, 3  <0.5043824916044349>, 7  <0.15146703379466667>}
x[0,2]{0  <0.021130162272953446>, 1  <0.1385758884842811>, 2  <0.2672496713012658>, 3  <0.12122407678823462>, 7  <0.30325571024523157>, 5  <0.14856449090803353>}
x[0,3]{0  <0.89970517195708>, 7  <0.10029482804292009>}
x[0,4]{5  <0.5978446750373675>, 1  <0.4021553249626325>}
x[0,5]{4  <1.0>}
x[0,6]{0  <0.02482996131292486>, 1  <0.08161372758266403>, 2  <0.18233962343330262>, 3  <0.1519554036202765>, 7  <0.45582895095127773>, 5  <0.10343233309955417>}
x[0,7]{6  <1.0>}
x[1,0]{0  <0.3433220155418396>, 4  <0.3605932360948316>, 2  <0.23074773096563045>, 3  <0.06533701739769834>}
x[1,1]{0  <0.045784442625534334>, 7  <0.8035262554615934>, 2  <0.08847195379220216>, 3  <0.06221734812067008>}
x[1,2]{0  <0.3092431351258991>, 7  <0.124056115249072>, 2  <0.19243246871611006>, 3  <0.05446443045151861>, 4  <0.3198038504574001>}
x[1,3]{1  <1.0>}
x[1,4]{6  <1.0>}
x[1,5]{5  <1.0>}
x[1,6]{0  <0.3968317905344336>, 7  <0.3390513565963635>, 2  <0.203068247003666>, 3  <0.061048605865536974>}
x[1,7]{2  <0.15056221309361495>, 3  <0.8494377869063849>}
x[2,0]{0  <0.24605070429998235>, 1  <0.36700456825641986>, 5  <0.38694472744359776>}
x[2,1]{0  <0.43741961841787425>, 1  <0.4571931526305161>, 7  <0.10538722895160962>}
x[2,2]{0  <0.010019914025302668>, 1  <0.04862050576666684>, 7  <0.656089371999941>, 5  <0.28527020820808946>}
x[2,3]{2  <1.0>}
x[2,4]{3  <1.0>}
x[2,5]{6  <1.0>}
x[2,6]{0  <0.12438243039367468>, 1  <0.14451187413703473>, 7  <0.42792164794808046>, 5  <0.3031840475212101>}
x[2,7]{4  <1.0>}
x[3,0]{0  <0.21000365649335076>, 1  <0.10432854126890498>, 2  <0.17628085679176816>, 5  <0.17679955932990987>, 6  <0.33258738611606614>}
x[3,1]{0  <0.43792878298491417>, 1  <0.2488794187034839>, 2  <0.29312820136912443>, 7  <0.02006359694247752>}
x[3,2]{0  <0.11036855307578901>, 1  <0.21500874727284983>, 2  <0.2328021868244015>, 5  <0.4145342023361928>, 7  <0.02728631049076682>}
x[3,3]{0  <0.08686621861013412>, 7  <0.9131337813898658>}
x[3,4]{4  <1.0>}
x[3,5]{3  <1.0>}
x[3,6]{0  <0.17545416997865462>, 1  <0.12562596027235834>, 2  <0.15401325123289228>, 6  <0.31154934420283253>, 7  <0.0340086659645334>, 5  <0.19934860834872886>}
x[3,7]{5  <0.3261399830319321>, 1  <0.5191071608710093>, 2  <0.15475285609705866>}
x[4,0]{0  <0.41689789484319206>, 6  <0.16193526766157937>, 3  <0.4211668374952286>}
x[4,1]{5  <1.0>}
x[4,2]{0  <0.44355962079569333>, 3  <0.5564403792043067>}
x[4,3]{4  <1.0>}
x[4,4]{2  <1.0>}
x[4,5]{1  <1.0>}
x[4,6]{0  <0.3245535753028723>, 6  <0.21028811359293367>, 3  <0.46515831110419403>}
x[4,7]{7  <1.0>}
x[5,0]{3  <0.3511184761918719>, 1  <0.46700004518728067>, 4  <0.18188147862084755>}
x[5,1]{6  <1.0>}
x[5,2]{3  <0.2664808220943957>, 1  <0.4935517802059627>, 4  <0.23996739769964157>}
x[5,3]{5  <1.0>}
x[5,4]{7  <1.0>}
x[5,5]{2  <1.0>}
x[5,6]{3  <0.4350477218871877>, 1  <0.5649522781128122>}
x[5,7]{0  <1.0>}
x[6,0]{7  <1.0>}
x[6,1]{4  <1.0>}
x[6,2]{6  <1.0>}
x[6,3]{3  <1.0>}
x[6,4]{5  <0.4244824576260146>, 1  <0.5755175423739853>}
x[6,5]{0  <1.0>}
x[6,6]{5  <0.38851348888244475>, 1  <0.06871690973879939>, 2  <0.5427696013787559>}
x[6,7]{5  <0.16130864091675184>, 1  <0.3454481789530384>, 2  <0.4932431801302098>}
x[7,0]{5  <0.23632208552146314>, 1  <0.25467479491685147>, 2  <0.3453656055924834>, 3  <0.16363751396920193>}
x[7,1]{3  <0.540600095629413>, 1  <0.1993885726616062>, 2  <0.2600113317089809>}
x[7,2]{5  <0.2806109666029334>, 1  <0.35261341594245305>, 2  <0.2606217619475076>, 3  <0.10615385550710597>}
x[7,3]{6  <1.0>}
x[7,4]{0  <1.0>}
x[7,5]{7  <1.0>}
x[7,6]{4  <1.0>}
x[7,7]{5  <0.5696184829097775>, 1  <0.17635573138875618>, 2  <0.10036356495166211>, 3  <0.15366222074980435>}
problem entropy = 0.0
smallest variable entropy = 1.7976931348623157E308
### branching on x[0,3]=7
##### after BP iteration 1 #####
x[0,0]{0  <0.1194241667338946>, 1  <0.08628284261460574>, 2  <0.38430229644745734>, 3  <0.1989320370772208>, 5  <0.2110586571268214>}
x[0,1]{0  <0.4214263273102686>, 1  <0.11741676707510554>, 2  <0.11857916292165023>, 3  <0.34257774269297575>}
x[0,2]{0  <0.425172542451873>, 1  <0.152989627501634>, 2  <0.22030043298808513>, 3  <0.12180256290788424>, 5  <0.07973483415052368>}
x[0,3]{7  <1.0>}
x[0,4]{5  <0.5251045861930349>, 1  <0.47489541380696504>}
x[0,5]{4  <1.0>}
x[0,6]{0  <0.4317012944896429>, 1  <0.12527295087061102>, 2  <0.16790002740717003>, 3  <0.15528429735132837>, 5  <0.11984142988124771>}
x[0,7]{6  <1.0>}
x[1,0]{0  <0.14801862161343435>, 4  <0.7319411301365121>, 2  <0.10746937310022425>, 3  <0.012570875149829358>}
x[1,1]{0  <0.10421529493889768>, 7  <0.8479462461521783>, 2  <0.03812747585920233>, 3  <0.009710983049721853>}
x[1,2]{0  <0.17922864239357086>, 7  <0.024496777006601765>, 2  <0.07312650398903081>, 3  <0.015629778374623322>, 4  <0.7075182982361733>}
x[1,3]{1  <1.0>}
x[1,4]{6  <1.0>}
x[1,5]{5  <1.0>}
x[1,6]{0  <0.5381317675025622>, 7  <0.2636434867408739>, 2  <0.16854394751562723>, 3  <0.02968079824093669>}
x[1,7]{2  <0.16157498201421636>, 3  <0.8384250179857837>}
x[2,0]{0  <0.36656349136533933>, 1  <0.284823257630503>, 5  <0.34861325100415774>}
x[2,1]{0  <0.918520625190481>, 1  <0.05303676559448948>, 7  <0.02844260921502938>}
x[2,2]{0  <0.011784892198391895>, 1  <0.016120136999154374>, 7  <0.8918006847439353>, 5  <0.08029428605851838>}
x[2,3]{2  <1.0>}
x[2,4]{3  <1.0>}
x[2,5]{6  <1.0>}
x[2,6]{0  <0.21768951594637428>, 1  <0.10286342176503661>, 7  <0.40447506183532295>, 5  <0.27497200045326614>}
x[2,7]{4  <1.0>}
x[3,0]{6  <0.9295241258976615>, 1  <0.009785526996730003>, 2  <0.025990438828014183>, 5  <0.0346999082775943>}
x[3,1]{7  <0.2643267186369271>, 1  <0.2621212695108554>, 2  <0.47355201185221757>}
x[3,2]{7  <0.49001816177261964>, 1  <0.075628348712235>, 2  <0.13387500034528194>, 5  <0.3004784891698634>}
x[3,3]{0  <1.0>}
x[3,4]{4  <1.0>}
x[3,5]{3  <1.0>}
x[3,6]{5  <0.094633183208799>, 1  <0.025592599236079108>, 2  <0.035515288127274613>, 6  <0.6244230270131782>, 7  <0.21983590241466902>}
x[3,7]{5  <0.30273087500642853>, 1  <0.5005315066856956>, 2  <0.19673761830787584>}
x[4,0]{0  <0.2861523691698403>, 6  <0.5135140180894876>, 3  <0.20033361274067202>}
x[4,1]{5  <1.0>}
x[4,2]{0  <0.7009530044244376>, 3  <0.2990469955755624>}
x[4,3]{4  <1.0>}
x[4,4]{2  <1.0>}
x[4,5]{1  <1.0>}
x[4,6]{0  <0.21112406240383094>, 6  <0.6032564253887703>, 3  <0.18561951220739856>}
x[4,7]{7  <1.0>}
x[5,0]{3  <0.16281038859190555>, 1  <0.1506530450814158>, 4  <0.6865365663266786>}
x[5,1]{6  <1.0>}
x[5,2]{3  <0.12836752723810152>, 1  <0.08848507101021728>, 4  <0.7831474017516813>}
x[5,3]{5  <1.0>}
x[5,4]{7  <1.0>}
x[5,5]{2  <1.0>}
x[5,6]{3  <0.37408022958514875>, 1  <0.6259197704148514>}
x[5,7]{0  <1.0>}
x[6,0]{7  <1.0>}
x[6,1]{4  <1.0>}
x[6,2]{6  <1.0>}
x[6,3]{3  <1.0>}
x[6,4]{5  <0.4695840678775687>, 1  <0.5304159321224312>}
x[6,5]{0  <1.0>}
x[6,6]{5  <0.4364992308905632>, 1  <0.06353825242202887>, 2  <0.49996251668740804>}
x[6,7]{5  <0.12982106084635356>, 1  <0.3388883590918036>, 2  <0.5312905800618429>}
x[7,0]{5  <0.20527041061769807>, 1  <0.20739447734791464>, 2  <0.45852557159396223>, 3  <0.12880954044042506>}
x[7,1]{3  <0.48964988346259997>, 1  <0.2996999948977024>, 2  <0.2106501216396977>}
x[7,2]{5  <0.22693058890417386>, 1  <0.3591127069240435>, 2  <0.2729112941142852>, 3  <0.1410454100574974>}
x[7,3]{6  <1.0>}
x[7,4]{0  <1.0>}
x[7,5]{7  <1.0>}
x[7,6]{4  <1.0>}
x[7,7]{5  <0.5241694686132365>, 1  <0.20952055362334848>, 2  <0.12362129201443994>, 3  <0.142688685748975>}
problem entropy = 0.0
smallest variable entropy = 1.7976931348623157E308
### branching on x[0,4]=1
##### after BP iteration 1 #####
x[0,0]{0  <0.05145214827811168>, 5  <0.498525238960487>, 2  <0.2679583358395663>, 3  <0.182064276921835>}
x[0,1]{0  <0.40283988419486083>, 3  <0.4471203989767593>, 2  <0.15003971682837994>}
x[0,2]{0  <0.2806437555810806>, 5  <0.14645749471712438>, 2  <0.38217814681581247>, 3  <0.19072060288598244>}
x[0,3]{7  <1.0>}
x[0,4]{1  <1.0>}
x[0,5]{4  <1.0>}
x[0,6]{0  <0.20429935299168497>, 5  <0.38251509551476714>, 2  <0.0949592524538064>, 3  <0.3182262990397414>}
x[0,7]{6  <1.0>}
x[1,0]{0  <0.21737980676761387>, 4  <0.260278172915949>, 2  <0.4655949235195338>, 3  <0.05674709679690324>}
x[1,1]{0  <0.0658785542234589>, 7  <0.4962405119684633>, 2  <0.37208276197092466>, 3  <0.0657981718371532>}
x[1,2]{0  <0.13217571498200723>, 7  <0.022808652153636793>, 2  <0.6168546185565488>, 3  <0.03642714295716985>, 4  <0.19173387135063732>}
x[1,3]{1  <1.0>}
x[1,4]{6  <1.0>}
x[1,5]{5  <1.0>}
x[1,6]{0  <0.42850843512017733>, 7  <0.19168511270318264>, 2  <0.24037129027575327>, 3  <0.13943516190088676>}
x[1,7]{2  <0.10612205342574962>, 3  <0.8938779465742503>}
x[2,0]{0  <0.032056565784674126>, 1  <0.6057275403699937>, 5  <0.3622158938453323>}
x[2,1]{0  <0.28778594139459396>, 1  <0.6997401005616978>, 7  <0.012473958043708332>}
x[2,2]{0  <0.0022681632404392533>, 1  <0.14112738400197214>, 7  <0.3088598571957429>, 5  <0.5477445955618458>}
x[2,3]{2  <1.0>}
x[2,4]{3  <1.0>}
x[2,5]{6  <1.0>}
x[2,6]{0  <0.00934690157688188>, 1  <0.2776260782479263>, 7  <0.04909741299256497>, 5  <0.6639296071826268>}
x[2,7]{4  <1.0>}
x[3,0]{6  <0.3567916341461943>, 1  <0.11257955849187182>, 2  <0.17469953483681733>, 5  <0.3559292725251166>}
x[3,1]{7  <0.24868495938683158>, 1  <0.21299245759152613>, 2  <0.5383225830216423>}
x[3,2]{7  <0.40801177081206935>, 1  <0.0975284774614207>, 2  <0.10140140257512098>, 5  <0.39305834915138893>}
x[3,3]{0  <1.0>}
x[3,4]{4  <1.0>}
x[3,5]{3  <1.0>}
x[3,6]{5  <0.3083042956950098>, 1  <0.07450809927485519>, 2  <0.02638819952784713>, 6  <0.0418637844702496>, 7  <0.5489356210320383>}
x[3,7]{5  <0.36787610984143215>, 1  <0.4351045131654647>, 2  <0.1970193769931031>}
x[4,0]{0  <0.2356237853713841>, 6  <0.23920434415205521>, 3  <0.5251718704765608>}
x[4,1]{5  <1.0>}
x[4,2]{0  <0.3136565262008315>, 3  <0.6863434737991684>}
x[4,3]{4  <1.0>}
x[4,4]{2  <1.0>}
x[4,5]{1  <1.0>}
x[4,6]{0  <0.041801446050237154>, 6  <0.7465303189932679>, 3  <0.21166823495649495>}
x[4,7]{7  <1.0>}
x[5,0]{3  <0.42030153986287183>, 1  <0.301903975686427>, 4  <0.27779448445070104>}
x[5,1]{6  <1.0>}
x[5,2]{3  <0.27695283065735943>, 1  <0.38982161672813065>, 4  <0.3332255526145098>}
x[5,3]{5  <1.0>}
x[5,4]{7  <1.0>}
x[5,5]{2  <1.0>}
x[5,6]{3  <0.42613666003111456>, 1  <0.5738633399688855>}
x[5,7]{0  <1.0>}
x[6,0]{7  <1.0>}
x[6,1]{4  <1.0>}
x[6,2]{6  <1.0>}
x[6,3]{3  <1.0>}
x[6,4]{5  <1.0>}
x[6,5]{0  <1.0>}
x[6,6]{2  <0.6136846351972711>, 1  <0.38631536480272893>}
x[6,7]{2  <0.17509872838747242>, 1  <0.8249012716125277>}
x[7,0]{5  <0.24437826413330205>, 1  <0.2716672324811842>, 2  <0.3284824179278523>, 3  <0.15547208545766147>}
x[7,1]{3  <0.5924130984916641>, 1  <0.2892200563859491>, 2  <0.11836684512238682>}
x[7,2]{5  <0.17396198811334548>, 1  <0.5107333406067741>, 2  <0.22810268624491922>, 3  <0.08720198503496115>}
x[7,3]{6  <1.0>}
x[7,4]{0  <1.0>}
x[7,5]{7  <1.0>}
x[7,6]{4  <1.0>}
x[7,7]{5  <0.6147357268043158>, 1  <0.15479819543834025>, 2  <0.08352506460165109>, 3  <0.1469410131556929>}
problem entropy = 0.0
smallest variable entropy = 1.7976931348623157E308
### branching on x[1,7]=2
##### after BP iteration 1 #####
x[0,0]{0  <0.08486873032433066>, 5  <0.4846279607087291>, 2  <0.30471693604515965>, 3  <0.12578637292178058>}
x[0,1]{0  <0.14930706051305695>, 3  <0.7766155642864816>, 2  <0.07407737520046143>}
x[0,2]{0  <0.13654679067447745>, 5  <0.1631627436838963>, 2  <0.6397749049090415>, 3  <0.06051556073258488>}
x[0,3]{7  <1.0>}
x[0,4]{1  <1.0>}
x[0,5]{4  <1.0>}
x[0,6]{0  <0.12685429269476844>, 5  <0.4719311164090012>, 3  <0.40121459089623035>}
x[0,7]{6  <1.0>}
x[1,0]{0  <0.4383281108934431>, 4  <0.4889794404779273>, 3  <0.07269244862862964>}
x[1,1]{0  <0.07055259275406503>, 7  <0.500639148724751>, 3  <0.428808258521184>}
x[1,2]{0  <0.266475798193722>, 7  <0.043018113276195244>, 4  <0.6140091167108415>, 3  <0.07649697181924112>}
x[1,3]{1  <1.0>}
x[1,4]{6  <1.0>}
x[1,5]{5  <1.0>}
x[1,6]{0  <0.5615481090386573>, 7  <0.12499556644396295>, 3  <0.3134563245173798>}
x[1,7]{2  <1.0>}
x[2,0]{0  <0.6127984962394614>, 1  <0.3025651144162631>, 5  <0.08463638934427552>}
x[2,1]{0  <0.8522771260744655>, 1  <0.07976232580758565>, 7  <0.06796054811794884>}
x[2,2]{0  <0.021659609836008824>, 1  <0.06790346868181503>, 7  <0.5577430077022861>, 5  <0.35269391377988996>}
x[2,3]{2  <1.0>}
x[2,4]{3  <1.0>}
x[2,5]{6  <1.0>}
x[2,6]{0  <0.09391417991365063>, 1  <0.20991616467563065>, 7  <0.20585677948663958>, 5  <0.49031287592407913>}
x[2,7]{4  <1.0>}
x[3,0]{6  <0.91044211683858>, 1  <0.03585667705626796>, 2  <0.05370120610515217>}
x[3,1]{7  <0.10691670277586839>, 1  <0.27549554498881274>, 2  <0.6175877522353187>}
x[3,2]{7  <0.4402500474324442>, 1  <0.2858767232712908>, 2  <0.2738732292962649>}
x[3,3]{0  <1.0>}
x[3,4]{4  <1.0>}
x[3,5]{3  <1.0>}
x[3,6]{7  <0.6757823422998878>, 1  <0.09971584664548643>, 6  <0.22450181105462594>}
x[3,7]{5  <1.0>}
x[4,0]{0  <0.7318325771607117>, 6  <0.05811490358853609>, 3  <0.21005251925075216>}
x[4,1]{5  <1.0>}
x[4,2]{0  <0.5901453145747275>, 3  <0.40985468542527254>}
x[4,3]{4  <1.0>}
x[4,4]{2  <1.0>}
x[4,5]{1  <1.0>}
x[4,6]{0  <0.011291615927475324>, 6  <0.9821245898749746>, 3  <0.006583794197550156>}
x[4,7]{7  <1.0>}
x[5,0]{3  <0.18681894040917507>, 1  <0.054821367523752794>, 4  <0.7583596920670722>}
x[5,1]{6  <1.0>}
x[5,2]{3  <0.20779546679157393>, 1  <0.20731190528762827>, 4  <0.5848926279207978>}
x[5,3]{5  <1.0>}
x[5,4]{7  <1.0>}
x[5,5]{2  <1.0>}
x[5,6]{3  <0.6500916659163472>, 1  <0.3499083340836528>}
x[5,7]{0  <1.0>}
x[6,0]{7  <1.0>}
x[6,1]{4  <1.0>}
x[6,2]{6  <1.0>}
x[6,3]{3  <1.0>}
x[6,4]{5  <1.0>}
x[6,5]{0  <1.0>}
x[6,6]{2  <1.0>}
x[6,7]{1  <1.0>}
x[7,0]{5  <0.5499598895749686>, 1  <0.06836415671251135>, 2  <0.38167595371252006>}
x[7,1]{2  <0.5569720412722412>, 1  <0.4430279587277587>}
x[7,2]{5  <0.4063789348319073>, 1  <0.21372310314451373>, 2  <0.379897962023579>}
x[7,3]{6  <1.0>}
x[7,4]{0  <1.0>}
x[7,5]{7  <1.0>}
x[7,6]{4  <1.0>}
x[7,7]{3  <1.0>}
problem entropy = 0.0
smallest variable entropy = 1.7976931348623157E308
### branching on x[4,2]=0
##### after BP iteration 1 #####
x[0,0]{0  <0.08558542214447289>, 5  <0.49891916844913714>, 2  <0.3828052949498637>, 3  <0.03269011445652625>}
x[0,1]{0  <0.45371541735298154>, 3  <0.5184117864087214>, 2  <0.02787279623829693>}
x[0,2]{3  <0.06951147208301876>, 5  <0.22632846311721166>, 2  <0.7041600647997696>}
x[0,3]{7  <1.0>}
x[0,4]{1  <1.0>}
x[0,5]{4  <1.0>}
x[0,6]{0  <0.675419943628319>, 5  <0.2915855754605257>, 3  <0.03299448091115529>}
x[0,7]{6  <1.0>}
x[1,0]{0  <0.5113033981385902>, 4  <0.3524530346028868>, 3  <0.13624356725852305>}
x[1,1]{0  <0.017737969370843595>, 7  <0.7303935998347105>, 3  <0.25186843079444576>}
x[1,2]{3  <0.46834682692621266>, 7  <0.043942532121432835>, 4  <0.4877106409523545>}
x[1,3]{1  <1.0>}
x[1,4]{6  <1.0>}
x[1,5]{5  <1.0>}
x[1,6]{0  <0.41959301139372057>, 7  <0.3731469804613445>, 3  <0.207260008144935>}
x[1,7]{2  <1.0>}
x[2,0]{0  <0.1865936309936775>, 1  <0.7269289340600366>, 5  <0.08647743494628593>}
x[2,1]{0  <0.43188158032203927>, 1  <0.1479768343804153>, 7  <0.4201415852975454>}
x[2,2]{5  <0.08803596167849737>, 1  <0.054233989435193065>, 7  <0.8577300488863095>}
x[2,3]{2  <1.0>}
x[2,4]{3  <1.0>}
x[2,5]{6  <1.0>}
x[2,6]{0  <0.08956932927253203>, 1  <0.161441385925894>, 7  <0.32643266079133904>, 5  <0.42255662401023497>}
x[2,7]{4  <1.0>}
x[3,0]{6  <0.831101748780253>, 1  <0.09802898874726655>, 2  <0.0708692624724805>}
x[3,1]{7  <0.09927944331655958>, 1  <0.4932517297187351>, 2  <0.40746882696470527>}
x[3,2]{7  <0.03737357113098861>, 1  <0.7720484960313486>, 2  <0.19057793283766278>}
x[3,3]{0  <1.0>}
x[3,4]{4  <1.0>}
x[3,5]{3  <1.0>}
x[3,6]{7  <0.4225089337565432>, 1  <0.5529470779038975>, 6  <0.024543988339559265>}
x[3,7]{5  <1.0>}
x[4,0]{3  <0.9863757230830649>, 6  <0.013624276916935137>}
x[4,1]{5  <1.0>}
x[4,2]{0  <1.0>}
x[4,3]{4  <1.0>}
x[4,4]{2  <1.0>}
x[4,5]{1  <1.0>}
x[4,6]{3  <0.18740148620081248>, 6  <0.8125985137991876>}
x[4,7]{7  <1.0>}
x[5,0]{3  <0.076529700273112>, 1  <0.5208242393821367>, 4  <0.40264606034475137>}
x[5,1]{6  <1.0>}
x[5,2]{3  <0.6670919074662672>, 1  <0.20426872988321323>, 4  <0.12863936265051962>}
x[5,3]{5  <1.0>}
x[5,4]{7  <1.0>}
x[5,5]{2  <1.0>}
x[5,6]{3  <0.41511112480339646>, 1  <0.5848888751966036>}
x[5,7]{0  <1.0>}
x[6,0]{7  <1.0>}
x[6,1]{4  <1.0>}
x[6,2]{6  <1.0>}
x[6,3]{3  <1.0>}
x[6,4]{5  <1.0>}
x[6,5]{0  <1.0>}
x[6,6]{2  <1.0>}
x[6,7]{1  <1.0>}
x[7,0]{5  <0.5728998863003287>, 1  <0.06801522085219609>, 2  <0.35908489284747513>}
x[7,1]{2  <0.30800234111476416>, 1  <0.6919976588852359>}
x[7,2]{5  <0.6924692596931821>, 1  <0.16378306645478616>, 2  <0.14374767385203185>}
x[7,3]{6  <1.0>}
x[7,4]{0  <1.0>}
x[7,5]{7  <1.0>}
x[7,6]{4  <1.0>}
x[7,7]{3  <1.0>}
problem entropy = 0.0
smallest variable entropy = 1.7976931348623157E308
### branching on x[4,0]=6
##### after BP iteration 1 #####
x[0,0]{0  <0.38937973210435545>, 5  <0.17590572685712608>, 2  <0.16770860157418113>, 3  <0.26700593946433737>}
x[0,1]{0  <0.205991627628639>, 3  <0.7856355009703394>, 2  <0.008372871401021633>}
x[0,2]{3  <0.032457835421837965>, 5  <0.4140334099600095>, 2  <0.5535087546181525>}
x[0,3]{7  <1.0>}
x[0,4]{1  <1.0>}
x[0,5]{4  <1.0>}
x[0,6]{0  <0.7909234420111652>, 5  <0.2090765579888349>}
x[0,7]{6  <1.0>}
x[1,0]{0  <0.08140073620658131>, 4  <0.4723623780570772>, 3  <0.4462368857363415>}
x[1,1]{0  <0.05323830203179315>, 7  <0.3930338166852313>, 3  <0.5537278812829755>}
x[1,2]{3  <0.35573755217233777>, 7  <0.009379678585953729>, 4  <0.6348827692417086>}
x[1,3]{1  <1.0>}
x[1,4]{6  <1.0>}
x[1,5]{5  <1.0>}
x[1,6]{0  <0.3026116891739174>, 7  <0.6973883108260825>}
x[1,7]{2  <1.0>}
x[2,0]{0  <0.368779861080666>, 1  <0.5049288034347845>, 5  <0.12629133548454938>}
x[2,1]{0  <0.7899611603447653>, 1  <0.04330860932693096>, 7  <0.1667302303283038>}
x[2,2]{5  <0.062132535904073166>, 1  <0.0383850113129209>, 7  <0.899482452783006>}
x[2,3]{2  <1.0>}
x[2,4]{3  <1.0>}
x[2,5]{6  <1.0>}
x[2,6]{0  <0.038339735856586316>, 5  <0.9187897141173169>, 7  <0.04287055002609684>}
x[2,7]{4  <1.0>}
x[3,0]{2  <0.8668629365774168>, 1  <0.1331370634225833>}
x[3,1]{7  <0.5626306759260499>, 1  <0.16216766468338817>, 2  <0.27520165939056196>}
x[3,2]{7  <0.25329837057684607>, 1  <0.6535472334729302>, 2  <0.09315439595022375>}
x[3,3]{0  <1.0>}
x[3,4]{4  <1.0>}
x[3,5]{3  <1.0>}
x[3,6]{6  <1.0>}
x[3,7]{5  <1.0>}
x[4,0]{6  <1.0>}
x[4,1]{5  <1.0>}
x[4,2]{0  <1.0>}
x[4,3]{4  <1.0>}
x[4,4]{2  <1.0>}
x[4,5]{1  <1.0>}
x[4,6]{3  <1.0>}
x[4,7]{7  <1.0>}
x[5,0]{3  <0.15925125402357113>, 4  <0.8407487459764289>}
x[5,1]{6  <1.0>}
x[5,2]{3  <0.8395700036693724>, 4  <0.16042999633062763>}
x[5,3]{5  <1.0>}
x[5,4]{7  <1.0>}
x[5,5]{2  <1.0>}
x[5,6]{1  <1.0>}
x[5,7]{0  <1.0>}
x[6,0]{7  <1.0>}
x[6,1]{4  <1.0>}
x[6,2]{6  <1.0>}
x[6,3]{3  <1.0>}
x[6,4]{5  <1.0>}
x[6,5]{0  <1.0>}
x[6,6]{2  <1.0>}
x[6,7]{1  <1.0>}
x[7,0]{5  <0.3348666133704235>, 1  <0.23492122326158638>, 2  <0.43021216336799023>}
x[7,1]{2  <0.2924242541962729>, 1  <0.7075757458037272>}
x[7,2]{5  <0.755862039853068>, 1  <0.09859999171407387>, 2  <0.14553796843285818>}
x[7,3]{6  <1.0>}
x[7,4]{0  <1.0>}
x[7,5]{7  <1.0>}
x[7,6]{4  <1.0>}
x[7,7]{3  <1.0>}
problem entropy = 0.0
smallest variable entropy = 1.7976931348623157E308
### branching on x[0,6]=0
##### after BP iteration 1 #####
x[0,0]{3  <0.010101210408608601>, 5  <0.8875326632760717>, 2  <0.1023661263153196>}
x[0,1]{2  <0.8758127949395017>, 3  <0.12418720506049838>}
x[0,2]{2  <0.5936733816363731>, 5  <0.4063266183636269>}
x[0,3]{7  <1.0>}
x[0,4]{1  <1.0>}
x[0,5]{4  <1.0>}
x[0,6]{0  <1.0>}
x[0,7]{6  <1.0>}
x[1,0]{0  <0.8929185476647682>, 4  <0.0173109821084127>, 3  <0.08977047022681908>}
x[1,1]{0  <0.5963610693367098>, 3  <0.4036389306632902>}
x[1,2]{3  <0.038939468009147576>, 4  <0.9610605319908524>}
x[1,3]{1  <1.0>}
x[1,4]{6  <1.0>}
x[1,5]{5  <1.0>}
x[1,6]{7  <1.0>}
x[1,7]{2  <1.0>}
x[2,0]{0  <0.44016275361697416>, 1  <0.5598372463830259>}
x[2,1]{0  <0.6060182270272962>, 1  <0.38174291351878953>, 7  <0.01223885945391432>}
x[2,2]{7  <0.6748853545977689>, 1  <0.3251146454022311>}
x[2,3]{2  <1.0>}
x[2,4]{3  <1.0>}
x[2,5]{6  <1.0>}
x[2,6]{5  <1.0>}
x[2,7]{4  <1.0>}
x[3,0]{2  <0.5897503283740907>, 1  <0.41024967162590936>}
x[3,1]{7  <0.9744242364773968>, 1  <0.013456893016461675>, 2  <0.012118870506141546>}
x[3,2]{7  <0.32939004413338846>, 1  <0.6124418702928348>, 2  <0.058168085573776715>}
x[3,3]{0  <1.0>}
x[3,4]{4  <1.0>}
x[3,5]{3  <1.0>}
x[3,6]{6  <1.0>}
x[3,7]{5  <1.0>}
x[4,0]{6  <1.0>}
x[4,1]{5  <1.0>}
x[4,2]{0  <1.0>}
x[4,3]{4  <1.0>}
x[4,4]{2  <1.0>}
x[4,5]{1  <1.0>}
x[4,6]{3  <1.0>}
x[4,7]{7  <1.0>}
x[5,0]{3  <0.4163942633209778>, 4  <0.5836057366790222>}
x[5,1]{6  <1.0>}
x[5,2]{3  <0.6450021307103839>, 4  <0.354997869289616>}
x[5,3]{5  <1.0>}
x[5,4]{7  <1.0>}
x[5,5]{2  <1.0>}
x[5,6]{1  <1.0>}
x[5,7]{0  <1.0>}
x[6,0]{7  <1.0>}
x[6,1]{4  <1.0>}
x[6,2]{6  <1.0>}
x[6,3]{3  <1.0>}
x[6,4]{5  <1.0>}
x[6,5]{0  <1.0>}
x[6,6]{2  <1.0>}
x[6,7]{1  <1.0>}
x[7,0]{5  <0.27823812127287856>, 1  <0.5109245477811326>, 2  <0.21083733094598872>}
x[7,1]{2  <0.37728585970974365>, 1  <0.6227141402902564>}
x[7,2]{5  <0.5241952643225499>, 1  <0.2035556033708805>, 2  <0.27224913230656955>}
x[7,3]{6  <1.0>}
x[7,4]{0  <1.0>}
x[7,5]{7  <1.0>}
x[7,6]{4  <1.0>}
x[7,7]{3  <1.0>}
problem entropy = 0.0
smallest variable entropy = 1.7976931348623157E308
### branching on x[0,1]=3
##### after BP iteration 1 #####
x[0,0]{2  <0.09167457253093271>, 5  <0.9083254274690673>}
x[0,1]{3  <1.0>}
x[0,2]{2  <0.9126746344350751>, 5  <0.08732536556492493>}
x[0,3]{7  <1.0>}
x[0,4]{1  <1.0>}
x[0,5]{4  <1.0>}
x[0,6]{0  <1.0>}
x[0,7]{6  <1.0>}
x[1,0]{3  <0.8395700036693723>, 4  <0.1604299963306277>}
x[1,1]{0  <1.0>}
x[1,2]{3  <0.1592512540235711>, 4  <0.8407487459764289>}
x[1,3]{1  <1.0>}
x[1,4]{6  <1.0>}
x[1,5]{5  <1.0>}
x[1,6]{7  <1.0>}
x[1,7]{2  <1.0>}
x[2,0]{0  <1.0>}
x[2,1]{7  <0.09756060644035931>, 1  <0.9024393935596406>}
x[2,2]{7  <0.7336996142771917>, 1  <0.2663003857228084>}
x[2,3]{2  <1.0>}
x[2,4]{3  <1.0>}
x[2,5]{6  <1.0>}
x[2,6]{5  <1.0>}
x[2,7]{4  <1.0>}
x[3,0]{2  <0.7360151909801284>, 1  <0.2639848090198716>}
x[3,1]{7  <0.979188942845193>, 1  <0.007878331697863844>, 2  <0.012932725456943147>}
x[3,2]{7  <0.0627909319056303>, 1  <0.6748754926676043>, 2  <0.2623335754267655>}
x[3,3]{0  <1.0>}
x[3,4]{4  <1.0>}
x[3,5]{3  <1.0>}
x[3,6]{6  <1.0>}
x[3,7]{5  <1.0>}
x[4,0]{6  <1.0>}
x[4,1]{5  <1.0>}
x[4,2]{0  <1.0>}
x[4,3]{4  <1.0>}
x[4,4]{2  <1.0>}
x[4,5]{1  <1.0>}
x[4,6]{3  <1.0>}
x[4,7]{7  <1.0>}
x[5,0]{3  <0.3591058496201101>, 4  <0.6408941503798898>}
x[5,1]{6  <1.0>}
x[5,2]{3  <0.8685946763734325>, 4  <0.13140532362656754>}
x[5,3]{5  <1.0>}
x[5,4]{7  <1.0>}
x[5,5]{2  <1.0>}
x[5,6]{1  <1.0>}
x[5,7]{0  <1.0>}
x[6,0]{7  <1.0>}
x[6,1]{4  <1.0>}
x[6,2]{6  <1.0>}
x[6,3]{3  <1.0>}
x[6,4]{5  <1.0>}
x[6,5]{0  <1.0>}
x[6,6]{2  <1.0>}
x[6,7]{1  <1.0>}
x[7,0]{5  <0.19583986855037083>, 1  <0.47319483909390697>, 2  <0.33096529235572214>}
x[7,1]{2  <0.9969745590712816>, 1  <0.0030254409287182754>}
x[7,2]{5  <0.6137299411834821>, 1  <0.05086488965564074>, 2  <0.33540516916087715>}
x[7,3]{6  <1.0>}
x[7,4]{0  <1.0>}
x[7,5]{7  <1.0>}
x[7,6]{4  <1.0>}
x[7,7]{3  <1.0>}
problem entropy = 0.0
smallest variable entropy = 1.7976931348623157E308
### branching on x[0,0]=2
##### after BP iteration 1 #####
x[0,0]{2  <1.0>}
x[0,1]{3  <1.0>}
x[0,2]{5  <1.0>}
x[0,3]{7  <1.0>}
x[0,4]{1  <1.0>}
x[0,5]{4  <1.0>}
x[0,6]{0  <1.0>}
x[0,7]{6  <1.0>}
x[1,0]{3  <0.6450021307103839>, 4  <0.3549978692896161>}
x[1,1]{0  <1.0>}
x[1,2]{3  <0.41639426332097784>, 4  <0.583605736679022>}
x[1,3]{1  <1.0>}
x[1,4]{6  <1.0>}
x[1,5]{5  <1.0>}
x[1,6]{7  <1.0>}
x[1,7]{2  <1.0>}
x[2,0]{0  <1.0>}
x[2,1]{7  <0.08040190865642656>, 1  <0.9195980913435735>}
x[2,2]{7  <0.979438130538065>, 1  <0.02056186946193498>}
x[2,3]{2  <1.0>}
x[2,4]{3  <1.0>}
x[2,5]{6  <1.0>}
x[2,6]{5  <1.0>}
x[2,7]{4  <1.0>}
x[3,0]{1  <1.0>}
x[3,1]{7  <0.7707754266075287>, 2  <0.22922457339247124>}
x[3,2]{7  <0.013056312760864199>, 2  <0.9869436872391358>}
x[3,3]{0  <1.0>}
x[3,4]{4  <1.0>}
x[3,5]{3  <1.0>}
x[3,6]{6  <1.0>}
x[3,7]{5  <1.0>}
x[4,0]{6  <1.0>}
x[4,1]{5  <1.0>}
x[4,2]{0  <1.0>}
x[4,3]{4  <1.0>}
x[4,4]{2  <1.0>}
x[4,5]{1  <1.0>}
x[4,6]{3  <1.0>}
x[4,7]{7  <1.0>}
x[5,0]{3  <0.038939468009147604>, 4  <0.9610605319908524>}
x[5,1]{6  <1.0>}
x[5,2]{3  <0.8383381834024952>, 4  <0.16166181659750484>}
x[5,3]{5  <1.0>}
x[5,4]{7  <1.0>}
x[5,5]{2  <1.0>}
x[5,6]{1  <1.0>}
x[5,7]{0  <1.0>}
x[6,0]{7  <1.0>}
x[6,1]{4  <1.0>}
x[6,2]{6  <1.0>}
x[6,3]{3  <1.0>}
x[6,4]{5  <1.0>}
x[6,5]{0  <1.0>}
x[6,6]{2  <1.0>}
x[6,7]{1  <1.0>}
x[7,0]{5  <1.0>}
x[7,1]{2  <0.739775952127295>, 1  <0.26022404787270503>}
x[7,2]{2  <1.3048417814547392E-4>, 1  <0.9998695158218546>}
x[7,3]{6  <1.0>}
x[7,4]{0  <1.0>}
x[7,5]{7  <1.0>}
x[7,6]{4  <1.0>}
x[7,7]{3  <1.0>}
problem entropy = 0.0
smallest variable entropy = 1.7976931348623157E308
### branching on x[1,0]=4
##### after BP iteration 1 #####
x[0,0]{2  <1.0>}
x[0,1]{3  <1.0>}
x[0,2]{5  <1.0>}
x[0,3]{7  <1.0>}
x[0,4]{1  <1.0>}
x[0,5]{4  <1.0>}
x[0,6]{0  <1.0>}
x[0,7]{6  <1.0>}
x[1,0]{4  <1.0>}
x[1,1]{0  <1.0>}
x[1,2]{3  <1.0>}
x[1,3]{1  <1.0>}
x[1,4]{6  <1.0>}
x[1,5]{5  <1.0>}
x[1,6]{7  <1.0>}
x[1,7]{2  <1.0>}
x[2,0]{0  <1.0>}
x[2,1]{7  <0.28293806190782966>, 1  <0.7170619380921703>}
x[2,2]{7  <0.9999899800901001>, 1  <1.0019909899886544E-5>}
x[2,3]{2  <1.0>}
x[2,4]{3  <1.0>}
x[2,5]{6  <1.0>}
x[2,6]{5  <1.0>}
x[2,7]{4  <1.0>}
x[3,0]{1  <1.0>}
x[3,1]{7  <0.6256506634988278>, 2  <0.37434933650117225>}
x[3,2]{7  <8.20097407143397E-5>, 2  <0.9999179902592856>}
x[3,3]{0  <1.0>}
x[3,4]{4  <1.0>}
x[3,5]{3  <1.0>}
x[3,6]{6  <1.0>}
x[3,7]{5  <1.0>}
x[4,0]{6  <1.0>}
x[4,1]{5  <1.0>}
x[4,2]{0  <1.0>}
x[4,3]{4  <1.0>}
x[4,4]{2  <1.0>}
x[4,5]{1  <1.0>}
x[4,6]{3  <1.0>}
x[4,7]{7  <1.0>}
x[5,0]{3  <1.0>}
x[5,1]{6  <1.0>}
x[5,2]{4  <1.0>}
x[5,3]{5  <1.0>}
x[5,4]{7  <1.0>}
x[5,5]{2  <1.0>}
x[5,6]{1  <1.0>}
x[5,7]{0  <1.0>}
x[6,0]{7  <1.0>}
x[6,1]{4  <1.0>}
x[6,2]{6  <1.0>}
x[6,3]{3  <1.0>}
x[6,4]{5  <1.0>}
x[6,5]{0  <1.0>}
x[6,6]{2  <1.0>}
x[6,7]{1  <1.0>}
x[7,0]{5  <1.0>}
x[7,1]{2  <0.9787428438234026>, 1  <0.021257156176597288>}
x[7,2]{2  <3.568330024213814E-4>, 1  <0.9996431669975786>}
x[7,3]{6  <1.0>}
x[7,4]{0  <1.0>}
x[7,5]{7  <1.0>}
x[7,6]{4  <1.0>}
x[7,7]{3  <1.0>}
problem entropy = 0.0
smallest variable entropy = 1.7976931348623157E308
### branching on x[2,1]=7
##### after BP iteration 1 #####
x[0,0]{2  <1.0>}
x[0,1]{3  <1.0>}
x[0,2]{5  <1.0>}
x[0,3]{7  <1.0>}
x[0,4]{1  <1.0>}
x[0,5]{4  <1.0>}
x[0,6]{0  <1.0>}
x[0,7]{6  <1.0>}
x[1,0]{4  <1.0>}
x[1,1]{0  <1.0>}
x[1,2]{3  <1.0>}
x[1,3]{1  <1.0>}
x[1,4]{6  <1.0>}
x[1,5]{5  <1.0>}
x[1,6]{7  <1.0>}
x[1,7]{2  <1.0>}
x[2,0]{0  <1.0>}
x[2,1]{7  <1.0>}
x[2,2]{1  <1.0>}
x[2,3]{2  <1.0>}
x[2,4]{3  <1.0>}
x[2,5]{6  <1.0>}
x[2,6]{5  <1.0>}
x[2,7]{4  <1.0>}
x[3,0]{1  <1.0>}
x[3,1]{2  <1.0>}
x[3,2]{7  <1.0>}
x[3,3]{0  <1.0>}
x[3,4]{4  <1.0>}
x[3,5]{3  <1.0>}
x[3,6]{6  <1.0>}
x[3,7]{5  <1.0>}
x[4,0]{6  <1.0>}
x[4,1]{5  <1.0>}
x[4,2]{0  <1.0>}
x[4,3]{4  <1.0>}
x[4,4]{2  <1.0>}
x[4,5]{1  <1.0>}
x[4,6]{3  <1.0>}
x[4,7]{7  <1.0>}
x[5,0]{3  <1.0>}
x[5,1]{6  <1.0>}
x[5,2]{4  <1.0>}
x[5,3]{5  <1.0>}
x[5,4]{7  <1.0>}
x[5,5]{2  <1.0>}
x[5,6]{1  <1.0>}
x[5,7]{0  <1.0>}
x[6,0]{7  <1.0>}
x[6,1]{4  <1.0>}
x[6,2]{6  <1.0>}
x[6,3]{3  <1.0>}
x[6,4]{5  <1.0>}
x[6,5]{0  <1.0>}
x[6,6]{2  <1.0>}
x[6,7]{1  <1.0>}
x[7,0]{5  <1.0>}
x[7,1]{1  <1.0>}
x[7,2]{2  <1.0>}
x[7,3]{6  <1.0>}
x[7,4]{0  <1.0>}
x[7,5]{7  <1.0>}
x[7,6]{4  <1.0>}
x[7,7]{3  <1.0>}
problem entropy = 0.0
smallest variable entropy = 1.7976931348623157E308
### branching on x[2,1]!=7
##### after BP iteration 1 #####
x[0,0]{2  <1.0>}
x[0,1]{3  <1.0>}
x[0,2]{5  <1.0>}
x[0,3]{7  <1.0>}
x[0,4]{1  <1.0>}
x[0,5]{4  <1.0>}
x[0,6]{0  <1.0>}
x[0,7]{6  <1.0>}
x[1,0]{4  <1.0>}
x[1,1]{0  <1.0>}
x[1,2]{3  <1.0>}
x[1,3]{1  <1.0>}
x[1,4]{6  <1.0>}
x[1,5]{5  <1.0>}
x[1,6]{7  <1.0>}
x[1,7]{2  <1.0>}
x[2,0]{0  <1.0>}
x[2,1]{1  <1.0>}
x[2,2]{7  <1.0>}
x[2,3]{2  <1.0>}
x[2,4]{3  <1.0>}
x[2,5]{6  <1.0>}
x[2,6]{5  <1.0>}
x[2,7]{4  <1.0>}
x[3,0]{1  <1.0>}
x[3,1]{7  <1.0>}
x[3,2]{2  <1.0>}
x[3,3]{0  <1.0>}
x[3,4]{4  <1.0>}
x[3,5]{3  <1.0>}
x[3,6]{6  <1.0>}
x[3,7]{5  <1.0>}
x[4,0]{6  <1.0>}
x[4,1]{5  <1.0>}
x[4,2]{0  <1.0>}
x[4,3]{4  <1.0>}
x[4,4]{2  <1.0>}
x[4,5]{1  <1.0>}
x[4,6]{3  <1.0>}
x[4,7]{7  <1.0>}
x[5,0]{3  <1.0>}
x[5,1]{6  <1.0>}
x[5,2]{4  <1.0>}
x[5,3]{5  <1.0>}
x[5,4]{7  <1.0>}
x[5,5]{2  <1.0>}
x[5,6]{1  <1.0>}
x[5,7]{0  <1.0>}
x[6,0]{7  <1.0>}
x[6,1]{4  <1.0>}
x[6,2]{6  <1.0>}
x[6,3]{3  <1.0>}
x[6,4]{5  <1.0>}
x[6,5]{0  <1.0>}
x[6,6]{2  <1.0>}
x[6,7]{1  <1.0>}
x[7,0]{5  <1.0>}
x[7,1]{2  <1.0>}
x[7,2]{1  <1.0>}
x[7,3]{6  <1.0>}
x[7,4]{0  <1.0>}
x[7,5]{7  <1.0>}
x[7,6]{4  <1.0>}
x[7,7]{3  <1.0>}
problem entropy = 0.0
smallest variable entropy = 1.7976931348623157E308

	#choice: 11
	#fail: 0
	execution time (ms): 96
	#sols : 1
	completed : false

