{7  <1.0>}
model: sum-product-no-init
FINAL DAMPING FACTOR = 1.0
##### after BP iteration 1 #####
x[0,0]{7  <1.0>}
x[0,1]{4  <0.06263834535918211>, 1  <0.6930641034936856>, 3  <0.24429755114713225>}
x[0,2]{4  <0.31758344374922426>, 1  <0.27809610754764374>, 3  <0.404320448703132>}
x[0,3]{5  <1.0>}
x[0,4]{2  <1.0>}
x[0,5]{6  <1.0>}
x[0,6]{4  <0.561492995025416>, 3  <0.438507004974584>}
x[0,7]{0  <1.0>}
x[1,0]{1  <1.0>}
x[1,1]{5  <1.0>}
x[1,2]{0  <1.0>}
x[1,3]{6  <1.0>}
x[1,4]{4  <1.0>}
x[1,5]{3  <1.0>}
x[1,6]{7  <1.0>}
x[1,7]{2  <1.0>}
x[2,0]{0  <1.0>}
x[2,1]{4  <0.09953071485753275>, 1  <0.38203790088158884>, 2  <0.04684578853766955>, 3  <0.4715855957232089>}
x[2,2]{3  <0.20445638542264416>, 1  <0.655320210684431>, 4  <0.14022340389292484>}
x[2,3]{2  <0.9813297764035881>, 4  <0.018670223596411937>}
x[2,4]{6  <1.0>}
x[2,5]{7  <1.0>}
x[2,6]{3  <0.3229811554690682>, 4  <0.6770188445309318>}
x[2,7]{5  <1.0>}
x[3,0]{2  <1.0>}
x[3,1]{4  <0.7114019204276366>, 1  <0.023990499865951375>, 3  <0.264607579706412>}
x[3,2]{5  <1.0>}
x[3,3]{7  <1.0>}
x[3,4]{3  <0.7313117176866606>, 1  <0.26868828231333935>}
x[3,5]{4  <0.3883459945130213>, 1  <0.6116540054869787>}
x[3,6]{0  <1.0>}
x[3,7]{6  <1.0>}
x[4,0]{5  <1.0>}
x[4,1]{6  <1.0>}
x[4,2]{2  <1.0>}
x[4,3]{3  <1.0>}
x[4,4]{7  <1.0>}
x[4,5]{0  <1.0>}
x[4,6]{1  <1.0>}
x[4,7]{4  <1.0>}
x[5,0]{6  <1.0>}
x[5,1]{4  <0.0025982105041172762>, 1  <8.88541231857561E-4>, 2  <0.982908850604422>, 3  <0.01360439765960316>}
x[5,2]{4  <0.41728384733599583>, 1  <0.02811125241914128>, 3  <0.5546049002448629>}
x[5,3]{0  <1.0>}
x[5,4]{3  <0.32864210694604157>, 1  <0.6713578930539584>}
x[5,5]{4  <0.5686014519404164>, 1  <0.3713564340147218>, 2  <0.060042114044861775>}
x[5,6]{5  <1.0>}
x[5,7]{7  <1.0>}
x[6,0]{4  <1.0>}
x[6,1]{7  <1.0>}
x[6,2]{6  <1.0>}
x[6,3]{1  <1.0>}
x[6,4]{0  <1.0>}
x[6,5]{5  <1.0>}
x[6,6]{2  <1.0>}
x[6,7]{3  <1.0>}
x[7,0]{3  <1.0>}
x[7,1]{0  <1.0>}
x[7,2]{7  <1.0>}
x[7,3]{2  <0.028029003043468993>, 4  <0.971970996956531>}
x[7,4]{5  <1.0>}
x[7,5]{4  <0.018724525482929945>, 2  <0.9812754745170701>}
x[7,6]{6  <1.0>}
x[7,7]{1  <1.0>}
problem entropy = 0.6587277297588543
smallest variable entropy = 0.09281773935653939
##### after BP iteration 2 #####
x[0,0]{7  <1.0>}
x[0,1]{4  <0.05519345912570872>, 1  <0.665917624831397>, 3  <0.2788889160428944>}
x[0,2]{4  <0.24360511823993788>, 1  <0.3769609282954554>, 3  <0.37943395346460673>}
x[0,3]{5  <1.0>}
x[0,4]{2  <1.0>}
x[0,5]{6  <1.0>}
x[0,6]{4  <0.6649239908324913>, 3  <0.33507600916750874>}
x[0,7]{0  <1.0>}
x[1,0]{1  <1.0>}
x[1,1]{5  <1.0>}
x[1,2]{0  <1.0>}
x[1,3]{6  <1.0>}
x[1,4]{4  <1.0>}
x[1,5]{3  <1.0>}
x[1,6]{7  <1.0>}
x[1,7]{2  <1.0>}
x[2,0]{0  <1.0>}
x[2,1]{4  <0.09672346150651713>, 1  <0.2785383221952247>, 2  <0.004772598743692209>, 3  <0.6199656175545659>}
x[2,2]{3  <0.21378214689239783>, 1  <0.6756365835948516>, 4  <0.11058126951275053>}
x[2,3]{2  <0.9885586399438261>, 4  <0.011441360056173935>}
x[2,4]{6  <1.0>}
x[2,5]{7  <1.0>}
x[2,6]{3  <0.2184857713978799>, 4  <0.78151422860212>}
x[2,7]{5  <1.0>}
x[3,0]{2  <1.0>}
x[3,1]{4  <0.4701390196577494>, 1  <0.024389953979288684>, 3  <0.5054710263629619>}
x[3,2]{5  <1.0>}
x[3,3]{7  <1.0>}
x[3,4]{3  <0.48422591930425873>, 1  <0.5157740806957413>}
x[3,5]{4  <0.5882973122135229>, 1  <0.4117026877864772>}
x[3,6]{0  <1.0>}
x[3,7]{6  <1.0>}
x[4,0]{5  <1.0>}
x[4,1]{6  <1.0>}
x[4,2]{2  <1.0>}
x[4,3]{3  <1.0>}
x[4,4]{7  <1.0>}
x[4,5]{0  <1.0>}
x[4,6]{1  <1.0>}
x[4,7]{4  <1.0>}
x[5,0]{6  <1.0>}
x[5,1]{4  <0.01914672035876752>, 1  <0.0011076420706491706>, 2  <0.9319482979113473>, 3  <0.04779733965923612>}
x[5,2]{4  <0.22508107466060712>, 1  <0.020858287064679338>, 3  <0.7540606382747135>}
x[5,3]{0  <1.0>}
x[5,4]{3  <0.15028851283499614>, 1  <0.8497114871650039>}
x[5,5]{4  <0.7816305650798875>, 1  <0.20302130244751038>, 2  <0.015348132472602164>}
x[5,6]{5  <1.0>}
x[5,7]{7  <1.0>}
x[6,0]{4  <1.0>}
x[6,1]{7  <1.0>}
x[6,2]{6  <1.0>}
x[6,3]{1  <1.0>}
x[6,4]{0  <1.0>}
x[6,5]{5  <1.0>}
x[6,6]{2  <1.0>}
x[6,7]{3  <1.0>}
x[7,0]{3  <1.0>}
x[7,1]{0  <1.0>}
x[7,2]{7  <1.0>}
x[7,3]{2  <0.02196589819995565>, 4  <0.9780341018000442>}
x[7,4]{5  <1.0>}
x[7,5]{4  <0.02740533332565295>, 2  <0.972594666674347>}
x[7,6]{6  <1.0>}
x[7,7]{1  <1.0>}
problem entropy = 0.614676451145719
smallest variable entropy = 0.06252449033280935
##### after BP iteration 3 #####
x[0,0]{7  <1.0>}
x[0,1]{4  <0.18690941500171065>, 1  <0.6380342684162627>, 3  <0.17505631658202675>}
x[0,2]{4  <0.5211055442046499>, 1  <0.3034672061460187>, 3  <0.1754272496493314>}
x[0,3]{5  <1.0>}
x[0,4]{2  <1.0>}
x[0,5]{6  <1.0>}
x[0,6]{4  <0.33354085432617303>, 3  <0.666459145673827>}
x[0,7]{0  <1.0>}
x[1,0]{1  <1.0>}
x[1,1]{5  <1.0>}
x[1,2]{0  <1.0>}
x[1,3]{6  <1.0>}
x[1,4]{4  <1.0>}
x[1,5]{3  <1.0>}
x[1,6]{7  <1.0>}
x[1,7]{2  <1.0>}
x[2,0]{0  <1.0>}
x[2,1]{4  <0.3059863137742287>, 1  <0.26837086637988933>, 2  <0.02804234442346217>, 3  <0.3976004754224198>}
x[2,2]{3  <0.10897985391691249>, 1  <0.6546873039219583>, 4  <0.2363328421611293>}
x[2,3]{2  <0.9918534885860586>, 4  <0.00814651141394145>}
x[2,4]{6  <1.0>}
x[2,5]{7  <1.0>}
x[2,6]{3  <0.49966516646425546>, 4  <0.5003348335357446>}
x[2,7]{5  <1.0>}
x[3,0]{2  <1.0>}
x[3,1]{4  <0.6239013971659219>, 1  <0.02239807867672974>, 3  <0.35370052415734843>}
x[3,2]{5  <1.0>}
x[3,3]{7  <1.0>}
x[3,4]{3  <0.6445773127144151>, 1  <0.35542268728558496>}
x[3,5]{4  <0.30160940701701294>, 1  <0.698390592982987>}
x[3,6]{0  <1.0>}
x[3,7]{6  <1.0>}
x[4,0]{5  <1.0>}
x[4,1]{6  <1.0>}
x[4,2]{2  <1.0>}
x[4,3]{3  <1.0>}
x[4,4]{7  <1.0>}
x[4,5]{0  <1.0>}
x[4,6]{1  <1.0>}
x[4,7]{4  <1.0>}
x[5,0]{6  <1.0>}
x[5,1]{4  <0.0031097204727929197>, 1  <6.177806327575213E-5>, 2  <0.9941845495163055>, 3  <0.0026439519476258435>}
x[5,2]{4  <0.3143802155191555>, 1  <0.015871390788773986>, 3  <0.6697483936920705>}
x[5,3]{0  <1.0>}
x[5,4]{3  <0.39813836636937316>, 1  <0.6018616336306268>}
x[5,5]{4  <0.6915136808597531>, 1  <0.2781914651183071>, 2  <0.030294854021939793>}
x[5,6]{5  <1.0>}
x[5,7]{7  <1.0>}
x[6,0]{4  <1.0>}
x[6,1]{7  <1.0>}
x[6,2]{6  <1.0>}
x[6,3]{1  <1.0>}
x[6,4]{0  <1.0>}
x[6,5]{5  <1.0>}
x[6,6]{2  <1.0>}
x[6,7]{3  <1.0>}
x[7,0]{3  <1.0>}
x[7,1]{0  <1.0>}
x[7,2]{7  <1.0>}
x[7,3]{2  <0.011182533457504721>, 4  <0.9888174665424954>}
x[7,4]{5  <1.0>}
x[7,5]{4  <0.014992882194959244>, 2  <0.9850071178050408>}
x[7,6]{6  <1.0>}
x[7,7]{1  <1.0>}
problem entropy = 0.6470171762139184
smallest variable entropy = 0.04004349184889534
### branching on x[5,1]=2 marginal=0.9941845495163055
##### after BP iteration 1 #####
x[0,0]{7  <1.0>}
x[0,1]{4  <0.19623216448789674>, 1  <0.7379135796086929>, 3  <0.06585425590341042>}
x[0,2]{4  <0.690159134946371>, 1  <0.24235912904574786>, 3  <0.06748173600788121>}
x[0,3]{5  <1.0>}
x[0,4]{2  <1.0>}
x[0,5]{6  <1.0>}
x[0,6]{4  <0.19414375308409823>, 3  <0.8058562469159017>}
x[0,7]{0  <1.0>}
x[1,0]{1  <1.0>}
x[1,1]{5  <1.0>}
x[1,2]{0  <1.0>}
x[1,3]{6  <1.0>}
x[1,4]{4  <1.0>}
x[1,5]{3  <1.0>}
x[1,6]{7  <1.0>}
x[1,7]{2  <1.0>}
x[2,0]{0  <1.0>}
x[2,1]{4  <0.38215787060715595>, 1  <0.442310069754322>, 3  <0.17553205963852203>}
x[2,2]{3  <0.041844742874380066>, 1  <0.6542929847733175>, 4  <0.30386227235230245>}
x[2,3]{2  <1.0>}
x[2,4]{6  <1.0>}
x[2,5]{7  <1.0>}
x[2,6]{3  <0.6605192529898315>, 4  <0.33948074701016845>}
x[2,7]{5  <1.0>}
x[3,0]{2  <1.0>}
x[3,1]{4  <0.8474270373099227>, 1  <0.016852716056000975>, 3  <0.13572024663407625>}
x[3,2]{5  <1.0>}
x[3,3]{7  <1.0>}
x[3,4]{3  <0.8905956662968377>, 1  <0.10940433370316226>}
x[3,5]{4  <0.082698925011374>, 1  <0.9173010749886261>}
x[3,6]{0  <1.0>}
x[3,7]{6  <1.0>}
x[4,0]{5  <1.0>}
x[4,1]{6  <1.0>}
x[4,2]{2  <1.0>}
x[4,3]{3  <1.0>}
x[4,4]{7  <1.0>}
x[4,5]{0  <1.0>}
x[4,6]{1  <1.0>}
x[4,7]{4  <1.0>}
x[5,0]{6  <1.0>}
x[5,1]{2  <1.0>}
x[5,2]{4  <0.5895411246365914>, 1  <0.019934554040206078>, 3  <0.3905243213232026>}
x[5,3]{0  <1.0>}
x[5,4]{3  <0.7305639965628805>, 1  <0.26943600343711954>}
x[5,5]{4  <0.3289761656919201>, 1  <0.6710238343080798>}
x[5,6]{5  <1.0>}
x[5,7]{7  <1.0>}
x[6,0]{4  <1.0>}
x[6,1]{7  <1.0>}
x[6,2]{6  <1.0>}
x[6,3]{1  <1.0>}
x[6,4]{0  <1.0>}
x[6,5]{5  <1.0>}
x[6,6]{2  <1.0>}
x[6,7]{3  <1.0>}
x[7,0]{3  <1.0>}
x[7,1]{0  <1.0>}
x[7,2]{7  <1.0>}
x[7,3]{4  <1.0>}
x[7,4]{5  <1.0>}
x[7,5]{2  <1.0>}
x[7,6]{6  <1.0>}
x[7,7]{1  <1.0>}
problem entropy = 0.7031561329878103
smallest variable entropy = 0.2853120978643747
##### after BP iteration 2 #####
x[0,0]{7  <1.0>}
x[0,1]{4  <0.09748874415063347>, 1  <0.6607691005740217>, 3  <0.24174215527534482>}
x[0,2]{4  <0.4161081449025626>, 1  <0.29170686515670646>, 3  <0.2921849899407309>}
x[0,3]{5  <1.0>}
x[0,4]{2  <1.0>}
x[0,5]{6  <1.0>}
x[0,6]{4  <0.3612280196152254>, 3  <0.6387719803847746>}
x[0,7]{0  <1.0>}
x[1,0]{1  <1.0>}
x[1,1]{5  <1.0>}
x[1,2]{0  <1.0>}
x[1,3]{6  <1.0>}
x[1,4]{4  <1.0>}
x[1,5]{3  <1.0>}
x[1,6]{7  <1.0>}
x[1,7]{2  <1.0>}
x[2,0]{0  <1.0>}
x[2,1]{4  <0.1601816616528916>, 1  <0.23220802940945606>, 3  <0.6076103089376523>}
x[2,2]{3  <0.1970638580711142>, 1  <0.6198332693626732>, 4  <0.18310287256621247>}
x[2,3]{2  <1.0>}
x[2,4]{6  <1.0>}
x[2,5]{7  <1.0>}
x[2,6]{3  <0.4344966234807406>, 4  <0.5655033765192594>}
x[2,7]{5  <1.0>}
x[3,0]{2  <1.0>}
x[3,1]{4  <0.695903882268553>, 1  <0.0102507222054644>, 3  <0.29384539552598254>}
x[3,2]{5  <1.0>}
x[3,3]{7  <1.0>}
x[3,4]{3  <0.6181524753296679>, 1  <0.381847524670332>}
x[3,5]{4  <0.5075395070305584>, 1  <0.49246049296944167>}
x[3,6]{0  <1.0>}
x[3,7]{6  <1.0>}
x[4,0]{5  <1.0>}
x[4,1]{6  <1.0>}
x[4,2]{2  <1.0>}
x[4,3]{3  <1.0>}
x[4,4]{7  <1.0>}
x[4,5]{0  <1.0>}
x[4,6]{1  <1.0>}
x[4,7]{4  <1.0>}
x[5,0]{6  <1.0>}
x[5,1]{2  <1.0>}
x[5,2]{4  <0.3285174330211902>, 1  <0.01928901991988824>, 3  <0.6521935470589215>}
x[5,3]{0  <1.0>}
x[5,4]{3  <0.19953288976169434>, 1  <0.8004671102383056>}
x[5,5]{4  <0.7509088370603806>, 1  <0.2490911629396195>}
x[5,6]{5  <1.0>}
x[5,7]{7  <1.0>}
x[6,0]{4  <1.0>}
x[6,1]{7  <1.0>}
x[6,2]{6  <1.0>}
x[6,3]{1  <1.0>}
x[6,4]{0  <1.0>}
x[6,5]{5  <1.0>}
x[6,6]{2  <1.0>}
x[6,7]{3  <1.0>}
x[7,0]{3  <1.0>}
x[7,1]{0  <1.0>}
x[7,2]{7  <1.0>}
x[7,3]{4  <1.0>}
x[7,4]{5  <1.0>}
x[7,5]{2  <1.0>}
x[7,6]{6  <1.0>}
x[7,7]{1  <1.0>}
problem entropy = 0.8439340757367285
smallest variable entropy = 0.49975418900025415
##### after BP iteration 3 #####
x[0,0]{7  <1.0>}
x[0,1]{4  <0.0439054316494079>, 1  <0.6441763035184102>, 3  <0.31191826483218194>}
x[0,2]{4  <0.16991535546417258>, 1  <0.5262936890180194>, 3  <0.3037909555178081>}
x[0,3]{5  <1.0>}
x[0,4]{2  <1.0>}
x[0,5]{6  <1.0>}
x[0,6]{4  <0.7835287321495602>, 3  <0.21647126785043974>}
x[0,7]{0  <1.0>}
x[1,0]{1  <1.0>}
x[1,1]{5  <1.0>}
x[1,2]{0  <1.0>}
x[1,3]{6  <1.0>}
x[1,4]{4  <1.0>}
x[1,5]{3  <1.0>}
x[1,6]{7  <1.0>}
x[1,7]{2  <1.0>}
x[2,0]{0  <1.0>}
x[2,1]{4  <0.06818020553169059>, 1  <0.20417505447238077>, 3  <0.7276447399959286>}
x[2,2]{3  <0.13334123263434097>, 1  <0.8160303627421189>, 4  <0.050628404623540214>}
x[2,3]{2  <1.0>}
x[2,4]{6  <1.0>}
x[2,5]{7  <1.0>}
x[2,6]{3  <0.09881881487001277>, 4  <0.9011811851299871>}
x[2,7]{5  <1.0>}
x[3,0]{2  <1.0>}
x[3,1]{4  <0.1286008594219644>, 1  <0.010059707155948248>, 3  <0.8613394334220873>}
x[3,2]{5  <1.0>}
x[3,3]{7  <1.0>}
x[3,4]{3  <0.1763352655023173>, 1  <0.8236647344976827>}
x[3,5]{4  <0.8615689132346633>, 1  <0.13843108676533675>}
x[3,6]{0  <1.0>}
x[3,7]{6  <1.0>}
x[4,0]{5  <1.0>}
x[4,1]{6  <1.0>}
x[4,2]{2  <1.0>}
x[4,3]{3  <1.0>}
x[4,4]{7  <1.0>}
x[4,5]{0  <1.0>}
x[4,6]{1  <1.0>}
x[4,7]{4  <1.0>}
x[5,0]{6  <1.0>}
x[5,1]{2  <1.0>}
x[5,2]{4  <0.03200907276893671>, 1  <0.0074824199284814165>, 3  <0.960508507302582>}
x[5,3]{0  <1.0>}
x[5,4]{3  <0.03549695988753007>, 1  <0.9645030401124699>}
x[5,5]{4  <0.9564372752055008>, 1  <0.04356272479449923>}
x[5,6]{5  <1.0>}
x[5,7]{7  <1.0>}
x[6,0]{4  <1.0>}
x[6,1]{7  <1.0>}
x[6,2]{6  <1.0>}
x[6,3]{1  <1.0>}
x[6,4]{0  <1.0>}
x[6,5]{5  <1.0>}
x[6,6]{2  <1.0>}
x[6,7]{3  <1.0>}
x[7,0]{3  <1.0>}
x[7,1]{0  <1.0>}
x[7,2]{7  <1.0>}
x[7,3]{4  <1.0>}
x[7,4]{5  <1.0>}
x[7,5]{2  <1.0>}
x[7,6]{6  <1.0>}
x[7,7]{1  <1.0>}
problem entropy = 0.5290793210693919
smallest variable entropy = 0.15335914613869464
##### after BP iteration 4 #####
x[0,0]{7  <1.0>}
x[0,1]{4  <0.3038051525214671>, 1  <0.58467278503224>, 3  <0.11152206244629288>}
x[0,2]{4  <0.7299054502360047>, 1  <0.20077326690930766>, 3  <0.0693212828546876>}
x[0,3]{5  <1.0>}
x[0,4]{2  <1.0>}
x[0,5]{6  <1.0>}
x[0,6]{4  <0.35413327768294073>, 3  <0.6458667223170592>}
x[0,7]{0  <1.0>}
x[1,0]{1  <1.0>}
x[1,1]{5  <1.0>}
x[1,2]{0  <1.0>}
x[1,3]{6  <1.0>}
x[1,4]{4  <1.0>}
x[1,5]{3  <1.0>}
x[1,6]{7  <1.0>}
x[1,7]{2  <1.0>}
x[2,0]{0  <1.0>}
x[2,1]{4  <0.4124405301967333>, 1  <0.34577982448251215>, 3  <0.24177964532075447>}
x[2,2]{3  <0.03392705642717376>, 1  <0.7554799680708275>, 4  <0.2105929755019987>}
x[2,3]{2  <1.0>}
x[2,4]{6  <1.0>}
x[2,5]{7  <1.0>}
x[2,6]{3  <0.3937734981710568>, 4  <0.6062265018289432>}
x[2,7]{5  <1.0>}
x[3,0]{2  <1.0>}
x[3,1]{4  <0.5528044107331086>, 1  <0.017653943952150235>, 3  <0.42954164531474115>}
x[3,2]{5  <1.0>}
x[3,3]{7  <1.0>}
x[3,4]{3  <0.8089108394586221>, 1  <0.19108916054137787>}
x[3,5]{4  <0.1339813130516097>, 1  <0.8660186869483902>}
x[3,6]{0  <1.0>}
x[3,7]{6  <1.0>}
x[4,0]{5  <1.0>}
x[4,1]{6  <1.0>}
x[4,2]{2  <1.0>}
x[4,3]{3  <1.0>}
x[4,4]{7  <1.0>}
x[4,5]{0  <1.0>}
x[4,6]{1  <1.0>}
x[4,7]{4  <1.0>}
x[5,0]{6  <1.0>}
x[5,1]{2  <1.0>}
x[5,2]{4  <0.18492418260360566>, 1  <0.00512514946155347>, 3  <0.8099506679348408>}
x[5,3]{0  <1.0>}
x[5,4]{3  <0.5745222102890101>, 1  <0.4254777897109899>}
x[5,5]{4  <0.5605305703735263>, 1  <0.4394694296264738>}
x[5,6]{5  <1.0>}
x[5,7]{7  <1.0>}
x[6,0]{4  <1.0>}
x[6,1]{7  <1.0>}
x[6,2]{6  <1.0>}
x[6,3]{1  <1.0>}
x[6,4]{0  <1.0>}
x[6,5]{5  <1.0>}
x[6,6]{2  <1.0>}
x[6,7]{3  <1.0>}
x[7,0]{3  <1.0>}
x[7,1]{0  <1.0>}
x[7,2]{7  <1.0>}
x[7,3]{4  <1.0>}
x[7,4]{5  <1.0>}
x[7,5]{2  <1.0>}
x[7,6]{6  <1.0>}
x[7,7]{1  <1.0>}
problem entropy = 0.7826441894730336
smallest variable entropy = 0.39388554278033794
### branching on x[3,5]=1 marginal=0.8660186869483902
##### after BP iteration 1 #####
x[0,0]{7  <1.0>}
x[0,1]{3  <0.031298877421650224>, 1  <0.9687011225783497>}
x[0,2]{4  <0.990432815216249>, 1  <0.009567184783751043>}
x[0,3]{5  <1.0>}
x[0,4]{2  <1.0>}
x[0,5]{6  <1.0>}
x[0,6]{4  <0.012869094636072475>, 3  <0.9871309053639276>}
x[0,7]{0  <1.0>}
x[1,0]{1  <1.0>}
x[1,1]{5  <1.0>}
x[1,2]{0  <1.0>}
x[1,3]{6  <1.0>}
x[1,4]{4  <1.0>}
x[1,5]{3  <1.0>}
x[1,6]{7  <1.0>}
x[1,7]{2  <1.0>}
x[2,0]{0  <1.0>}
x[2,1]{3  <0.22142575380866228>, 1  <0.7785742461913376>}
x[2,2]{4  <0.8860729058113538>, 1  <0.11392709418864613>}
x[2,3]{2  <1.0>}
x[2,4]{6  <1.0>}
x[2,5]{7  <1.0>}
x[2,6]{3  <0.8997942258029767>, 4  <0.10020577419702323>}
x[2,7]{5  <1.0>}
x[3,0]{2  <1.0>}
x[3,1]{4  <1.0>}
x[3,2]{5  <1.0>}
x[3,3]{7  <1.0>}
x[3,4]{3  <1.0>}
x[3,5]{1  <1.0>}
x[3,6]{0  <1.0>}
x[3,7]{6  <1.0>}
x[4,0]{5  <1.0>}
x[4,1]{6  <1.0>}
x[4,2]{2  <1.0>}
x[4,3]{3  <1.0>}
x[4,4]{7  <1.0>}
x[4,5]{0  <1.0>}
x[4,6]{1  <1.0>}
x[4,7]{4  <1.0>}
x[5,0]{6  <1.0>}
x[5,1]{2  <1.0>}
x[5,2]{3  <1.0>}
x[5,3]{0  <1.0>}
x[5,4]{1  <1.0>}
x[5,5]{4  <1.0>}
x[5,6]{5  <1.0>}
x[5,7]{7  <1.0>}
x[6,0]{4  <1.0>}
x[6,1]{7  <1.0>}
x[6,2]{6  <1.0>}
x[6,3]{1  <1.0>}
x[6,4]{0  <1.0>}
x[6,5]{5  <1.0>}
x[6,6]{2  <1.0>}
x[6,7]{3  <1.0>}
x[7,0]{3  <1.0>}
x[7,1]{0  <1.0>}
x[7,2]{7  <1.0>}
x[7,3]{4  <1.0>}
x[7,4]{5  <1.0>}
x[7,5]{2  <1.0>}
x[7,6]{6  <1.0>}
x[7,7]{1  <1.0>}
problem entropy = 0.3536827531268208
smallest variable entropy = 0.05400309738186232
##### after BP iteration 2 #####
x[0,0]{7  <1.0>}
x[0,1]{3  <0.1533059471368537>, 1  <0.8466940528631464>}
x[0,2]{4  <0.5184172496057559>, 1  <0.48158275039424414>}
x[0,3]{5  <1.0>}
x[0,4]{2  <1.0>}
x[0,5]{6  <1.0>}
x[0,6]{4  <0.285029102524718>, 3  <0.714970897475282>}
x[0,7]{0  <1.0>}
x[1,0]{1  <1.0>}
x[1,1]{5  <1.0>}
x[1,2]{0  <1.0>}
x[1,3]{6  <1.0>}
x[1,4]{4  <1.0>}
x[1,5]{3  <1.0>}
x[1,6]{7  <1.0>}
x[1,7]{2  <1.0>}
x[2,0]{0  <1.0>}
x[2,1]{3  <0.8689445270775479>, 1  <0.13105547292245204>}
x[2,2]{4  <0.09468308085676834>, 1  <0.9053169191432316>}
x[2,3]{2  <1.0>}
x[2,4]{6  <1.0>}
x[2,5]{7  <1.0>}
x[2,6]{3  <0.049851548992390006>, 4  <0.95014845100761>}
x[2,7]{5  <1.0>}
x[3,0]{2  <1.0>}
x[3,1]{4  <1.0>}
x[3,2]{5  <1.0>}
x[3,3]{7  <1.0>}
x[3,4]{3  <1.0>}
x[3,5]{1  <1.0>}
x[3,6]{0  <1.0>}
x[3,7]{6  <1.0>}
x[4,0]{5  <1.0>}
x[4,1]{6  <1.0>}
x[4,2]{2  <1.0>}
x[4,3]{3  <1.0>}
x[4,4]{7  <1.0>}
x[4,5]{0  <1.0>}
x[4,6]{1  <1.0>}
x[4,7]{4  <1.0>}
x[5,0]{6  <1.0>}
x[5,1]{2  <1.0>}
x[5,2]{3  <1.0>}
x[5,3]{0  <1.0>}
x[5,4]{1  <1.0>}
x[5,5]{4  <1.0>}
x[5,6]{5  <1.0>}
x[5,7]{7  <1.0>}
x[6,0]{4  <1.0>}
x[6,1]{7  <1.0>}
x[6,2]{6  <1.0>}
x[6,3]{1  <1.0>}
x[6,4]{0  <1.0>}
x[6,5]{5  <1.0>}
x[6,6]{2  <1.0>}
x[6,7]{3  <1.0>}
x[7,0]{3  <1.0>}
x[7,1]{0  <1.0>}
x[7,2]{7  <1.0>}
x[7,3]{4  <1.0>}
x[7,4]{5  <1.0>}
x[7,5]{2  <1.0>}
x[7,6]{6  <1.0>}
x[7,7]{1  <1.0>}
problem entropy = 0.629548174259949
smallest variable entropy = 0.19807790621894067
##### after BP iteration 3 #####
x[0,0]{7  <1.0>}
x[0,1]{3  <0.9858833181360448>, 1  <0.01411668186395513>}
x[0,2]{4  <0.030699827404287724>, 1  <0.9693001725957123>}
x[0,3]{5  <1.0>}
x[0,4]{2  <1.0>}
x[0,5]{6  <1.0>}
x[0,6]{4  <0.9647232625961709>, 3  <0.03527673740382903>}
x[0,7]{0  <1.0>}
x[1,0]{1  <1.0>}
x[1,1]{5  <1.0>}
x[1,2]{0  <1.0>}
x[1,3]{6  <1.0>}
x[1,4]{4  <1.0>}
x[1,5]{3  <1.0>}
x[1,6]{7  <1.0>}
x[1,7]{2  <1.0>}
x[2,0]{0  <1.0>}
x[2,1]{3  <0.9998740849335832>, 1  <1.2591506641678542E-4>}
x[2,2]{4  <4.210457687432142E-4>, 1  <0.9995789542312568>}
x[2,3]{2  <1.0>}
x[2,4]{6  <1.0>}
x[2,5]{7  <1.0>}
x[2,6]{3  <3.120057342284415E-4>, 4  <0.9996879942657716>}
x[2,7]{5  <1.0>}
x[3,0]{2  <1.0>}
x[3,1]{4  <1.0>}
x[3,2]{5  <1.0>}
x[3,3]{7  <1.0>}
x[3,4]{3  <1.0>}
x[3,5]{1  <1.0>}
x[3,6]{0  <1.0>}
x[3,7]{6  <1.0>}
x[4,0]{5  <1.0>}
x[4,1]{6  <1.0>}
x[4,2]{2  <1.0>}
x[4,3]{3  <1.0>}
x[4,4]{7  <1.0>}
x[4,5]{0  <1.0>}
x[4,6]{1  <1.0>}
x[4,7]{4  <1.0>}
x[5,0]{6  <1.0>}
x[5,1]{2  <1.0>}
x[5,2]{3  <1.0>}
x[5,3]{0  <1.0>}
x[5,4]{1  <1.0>}
x[5,5]{4  <1.0>}
x[5,6]{5  <1.0>}
x[5,7]{7  <1.0>}
x[6,0]{4  <1.0>}
x[6,1]{7  <1.0>}
x[6,2]{6  <1.0>}
x[6,3]{1  <1.0>}
x[6,4]{0  <1.0>}
x[6,5]{5  <1.0>}
x[6,6]{2  <1.0>}
x[6,7]{3  <1.0>}
x[7,0]{3  <1.0>}
x[7,1]{0  <1.0>}
x[7,2]{7  <1.0>}
x[7,3]{4  <1.0>}
x[7,4]{5  <1.0>}
x[7,5]{2  <1.0>}
x[7,6]{6  <1.0>}
x[7,7]{1  <1.0>}
problem entropy = 0.08938405743479594
smallest variable entropy = 0.001256612215696786
##### after BP iteration 4 #####
x[0,0]{7  <1.0>}
x[0,1]{3  <0.005457356763725966>, 1  <0.9945426432362741>}
x[0,2]{4  <0.9921489601113014>, 1  <0.007851039888698681>}
x[0,3]{5  <1.0>}
x[0,4]{2  <1.0>}
x[0,5]{6  <1.0>}
x[0,6]{4  <0.015528799043965008>, 3  <0.984471200956035>}
x[0,7]{0  <1.0>}
x[1,0]{1  <1.0>}
x[1,1]{5  <1.0>}
x[1,2]{0  <1.0>}
x[1,3]{6  <1.0>}
x[1,4]{4  <1.0>}
x[1,5]{3  <1.0>}
x[1,6]{7  <1.0>}
x[1,7]{2  <1.0>}
x[2,0]{0  <1.0>}
x[2,1]{3  <0.7297496725763875>, 1  <0.2702503274236125>}
x[2,2]{4  <0.0673231649438036>, 1  <0.9326768350561965>}
x[2,3]{2  <1.0>}
x[2,4]{6  <1.0>}
x[2,5]{7  <1.0>}
x[2,6]{3  <0.14398162181462432>, 4  <0.8560183781853757>}
x[2,7]{5  <1.0>}
x[3,0]{2  <1.0>}
x[3,1]{4  <1.0>}
x[3,2]{5  <1.0>}
x[3,3]{7  <1.0>}
x[3,4]{3  <1.0>}
x[3,5]{1  <1.0>}
x[3,6]{0  <1.0>}
x[3,7]{6  <1.0>}
x[4,0]{5  <1.0>}
x[4,1]{6  <1.0>}
x[4,2]{2  <1.0>}
x[4,3]{3  <1.0>}
x[4,4]{7  <1.0>}
x[4,5]{0  <1.0>}
x[4,6]{1  <1.0>}
x[4,7]{4  <1.0>}
x[5,0]{6  <1.0>}
x[5,1]{2  <1.0>}
x[5,2]{3  <1.0>}
x[5,3]{0  <1.0>}
x[5,4]{1  <1.0>}
x[5,5]{4  <1.0>}
x[5,6]{5  <1.0>}
x[5,7]{7  <1.0>}
x[6,0]{4  <1.0>}
x[6,1]{7  <1.0>}
x[6,2]{6  <1.0>}
x[6,3]{1  <1.0>}
x[6,4]{0  <1.0>}
x[6,5]{5  <1.0>}
x[6,6]{2  <1.0>}
x[6,7]{3  <1.0>}
x[7,0]{3  <1.0>}
x[7,1]{0  <1.0>}
x[7,2]{7  <1.0>}
x[7,3]{4  <1.0>}
x[7,4]{5  <1.0>}
x[7,5]{2  <1.0>}
x[7,6]{6  <1.0>}
x[7,7]{1  <1.0>}
problem entropy = 0.3371417852507354
smallest variable entropy = 0.033879582185388925
### branching on x[0,1]=1 marginal=0.9945426432362741
##### after BP iteration 1 #####
x[0,0]{7  <1.0>}
x[0,1]{1  <1.0>}
x[0,2]{4  <1.0>}
x[0,3]{5  <1.0>}
x[0,4]{2  <1.0>}
x[0,5]{6  <1.0>}
x[0,6]{3  <1.0>}
x[0,7]{0  <1.0>}
x[1,0]{1  <1.0>}
x[1,1]{5  <1.0>}
x[1,2]{0  <1.0>}
x[1,3]{6  <1.0>}
x[1,4]{4  <1.0>}
x[1,5]{3  <1.0>}
x[1,6]{7  <1.0>}
x[1,7]{2  <1.0>}
x[2,0]{0  <1.0>}
x[2,1]{3  <1.0>}
x[2,2]{1  <1.0>}
x[2,3]{2  <1.0>}
x[2,4]{6  <1.0>}
x[2,5]{7  <1.0>}
x[2,6]{4  <1.0>}
x[2,7]{5  <1.0>}
x[3,0]{2  <1.0>}
x[3,1]{4  <1.0>}
x[3,2]{5  <1.0>}
x[3,3]{7  <1.0>}
x[3,4]{3  <1.0>}
x[3,5]{1  <1.0>}
x[3,6]{0  <1.0>}
x[3,7]{6  <1.0>}
x[4,0]{5  <1.0>}
x[4,1]{6  <1.0>}
x[4,2]{2  <1.0>}
x[4,3]{3  <1.0>}
x[4,4]{7  <1.0>}
x[4,5]{0  <1.0>}
x[4,6]{1  <1.0>}
x[4,7]{4  <1.0>}
x[5,0]{6  <1.0>}
x[5,1]{2  <1.0>}
x[5,2]{3  <1.0>}
x[5,3]{0  <1.0>}
x[5,4]{1  <1.0>}
x[5,5]{4  <1.0>}
x[5,6]{5  <1.0>}
x[5,7]{7  <1.0>}
x[6,0]{4  <1.0>}
x[6,1]{7  <1.0>}
x[6,2]{6  <1.0>}
x[6,3]{1  <1.0>}
x[6,4]{0  <1.0>}
x[6,5]{5  <1.0>}
x[6,6]{2  <1.0>}
x[6,7]{3  <1.0>}
x[7,0]{3  <1.0>}
x[7,1]{0  <1.0>}
x[7,2]{7  <1.0>}
x[7,3]{4  <1.0>}
x[7,4]{5  <1.0>}
x[7,5]{2  <1.0>}
x[7,6]{6  <1.0>}
x[7,7]{1  <1.0>}
problem entropy = 0.0
smallest variable entropy = 1.7976931348623157E308
### branching on x[0,1]!=1
##### after BP iteration 1 #####
x[0,0]{7  <1.0>}
x[0,1]{3  <1.0>}
x[0,2]{1  <1.0>}
x[0,3]{5  <1.0>}
x[0,4]{2  <1.0>}
x[0,5]{6  <1.0>}
x[0,6]{4  <1.0>}
x[0,7]{0  <1.0>}
x[1,0]{1  <1.0>}
x[1,1]{5  <1.0>}
x[1,2]{0  <1.0>}
x[1,3]{6  <1.0>}
x[1,4]{4  <1.0>}
x[1,5]{3  <1.0>}
x[1,6]{7  <1.0>}
x[1,7]{2  <1.0>}
x[2,0]{0  <1.0>}
x[2,1]{1  <1.0>}
x[2,2]{4  <1.0>}
x[2,3]{2  <1.0>}
x[2,4]{6  <1.0>}
x[2,5]{7  <1.0>}
x[2,6]{3  <1.0>}
x[2,7]{5  <1.0>}
x[3,0]{2  <1.0>}
x[3,1]{4  <1.0>}
x[3,2]{5  <1.0>}
x[3,3]{7  <1.0>}
x[3,4]{3  <1.0>}
x[3,5]{1  <1.0>}
x[3,6]{0  <1.0>}
x[3,7]{6  <1.0>}
x[4,0]{5  <1.0>}
x[4,1]{6  <1.0>}
x[4,2]{2  <1.0>}
x[4,3]{3  <1.0>}
x[4,4]{7  <1.0>}
x[4,5]{0  <1.0>}
x[4,6]{1  <1.0>}
x[4,7]{4  <1.0>}
x[5,0]{6  <1.0>}
x[5,1]{2  <1.0>}
x[5,2]{3  <1.0>}
x[5,3]{0  <1.0>}
x[5,4]{1  <1.0>}
x[5,5]{4  <1.0>}
x[5,6]{5  <1.0>}
x[5,7]{7  <1.0>}
x[6,0]{4  <1.0>}
x[6,1]{7  <1.0>}
x[6,2]{6  <1.0>}
x[6,3]{1  <1.0>}
x[6,4]{0  <1.0>}
x[6,5]{5  <1.0>}
x[6,6]{2  <1.0>}
x[6,7]{3  <1.0>}
x[7,0]{3  <1.0>}
x[7,1]{0  <1.0>}
x[7,2]{7  <1.0>}
x[7,3]{4  <1.0>}
x[7,4]{5  <1.0>}
x[7,5]{2  <1.0>}
x[7,6]{6  <1.0>}
x[7,7]{1  <1.0>}
problem entropy = 0.0
smallest variable entropy = 1.7976931348623157E308

	#choice: 4
	#fail: 0
	execution time (ms): 105
	#sols : 1
	completed : false

