{0  <1.0>, 1  <1.0>, 2  <1.0>, 3  <1.0>, 6  <1.0>}
model: sum-product-no-init
FINAL DAMPING FACTOR = 1.0
##### after BP iteration 1 #####
x[0,0]{0  <0.17373361836777873>, 1  <0.22169445225059128>, 2  <0.1697094346449215>, 3  <0.2514777604569914>, 6  <0.1833847342797172>}
x[0,1]{0  <0.27059866813047184>, 1  <0.16123440876104905>, 2  <0.1624773260308613>, 3  <0.17445402326151288>, 6  <0.17756023850461178>, 5  <0.05367533531149331>}
x[0,2]{6  <0.5970797094393435>, 1  <0.11173073063282185>, 2  <0.2911895599278346>}
x[0,3]{6  <0.12137782284258437>, 5  <0.4860269305114175>, 2  <0.2664868711652687>, 3  <0.12610837548072934>}
x[0,4]{0  <0.22548348085391406>, 1  <0.23296402823217818>, 2  <0.16638755677547296>, 3  <0.29741891850104785>, 6  <0.07774601563738687>}
x[0,5]{4  <1.0>}
x[0,6]{7  <1.0>}
x[0,7]{0  <0.10354782729579134>, 1  <0.11474671516780391>, 2  <0.4979776971999862>, 3  <0.07301509482049559>, 5  <0.21071266551592302>}
x[1,0]{0  <0.1546276423860956>, 1  <0.31609841555998225>, 2  <0.1639803219120808>, 6  <0.3004830687661657>, 7  <0.0648105513756756>}
x[1,1]{0  <0.31229423338934986>, 1  <0.21820019617505867>, 2  <0.14481326226985106>, 5  <0.06783803949751363>, 6  <0.2568542686682267>}
x[1,2]{6  <0.27921492457609>, 1  <0.07477915511383908>, 2  <0.20538373307950594>, 7  <0.4406221872305649>}
x[1,3]{5  <0.27810231356200654>, 6  <0.21137095302097456>, 2  <0.3343842725662068>, 7  <0.17614246085081214>}
x[1,4]{0  <0.21725768980878368>, 1  <0.44507093613265897>, 2  <0.19899707785861118>, 6  <0.13867429619994617>}
x[1,5]{0  <0.14127385709462617>, 6  <0.09752194397049431>, 2  <0.5322331776272666>, 5  <0.22897102130761285>}
x[1,6]{3  <1.0>}
x[1,7]{4  <1.0>}
x[2,0]{3  <0.28416667556201386>, 7  <0.08447493995060529>, 2  <0.6313583844873809>}
x[2,1]{3  <0.5080525184674102>, 2  <0.4919474815325899>}
x[2,2]{5  <1.0>}
x[2,3]{3  <0.05349152139719856>, 7  <0.6570249510414915>, 2  <0.28948352756130985>}
x[2,4]{4  <1.0>}
x[2,5]{1  <1.0>}
x[2,6]{0  <1.0>}
x[2,7]{6  <1.0>}
x[3,0]{5  <1.0>}
x[3,1]{7  <1.0>}
x[3,2]{4  <1.0>}
x[3,3]{1  <1.0>}
x[3,4]{0  <0.4117603311931382>, 6  <0.2720940033218474>, 3  <0.31614566548501444>}
x[3,5]{0  <0.16447004097906748>, 6  <0.8355299590209325>}
x[3,6]{2  <1.0>}
x[3,7]{0  <0.2350638051044083>, 3  <0.7649361948955916>}
x[4,0]{0  <0.6308957346890885>, 1  <0.194857171457606>, 2  <0.11554566199833544>, 3  <0.05870143185497006>}
x[4,1]{4  <1.0>}
x[4,2]{2  <0.5632549440553737>, 1  <0.4367450559446263>}
x[4,3]{2  <0.17616124436480166>, 3  <0.8238387556351984>}
x[4,4]{5  <1.0>}
x[4,5]{7  <1.0>}
x[4,6]{6  <1.0>}
x[4,7]{0  <0.35676832771138056>, 1  <0.19090304409083483>, 2  <0.39640278223221687>, 3  <0.055925845965567794>}
x[5,0]{7  <0.05184867379022216>, 1  <0.2205390667133466>, 2  <0.1467306855547625>, 3  <0.2911104627146065>, 6  <0.2897711112270622>}
x[5,1]{6  <0.29403482343839615>, 1  <0.1749144584945853>, 2  <0.21308337982993183>, 3  <0.25010956454474215>, 5  <0.06785777369234466>}
x[5,2]{7  <0.29970468849528503>, 1  <0.0901092298191758>, 2  <0.25298392886897964>, 6  <0.35720215281655954>}
x[5,3]{0  <1.0>}
x[5,4]{6  <0.13752029077559824>, 1  <0.2871000162908666>, 2  <0.1916760117008626>, 3  <0.3837036812326724>}
x[5,5]{6  <0.09540643524573059>, 5  <0.4178834870010713>, 2  <0.4867100777531981>}
x[5,6]{4  <1.0>}
x[5,7]{7  <0.3429553670017245>, 1  <0.07819471331786466>, 2  <0.3372411532465191>, 3  <0.0469078520422839>, 5  <0.19470091439160775>}
x[6,0]{7  <0.16818341226765654>, 6  <0.573260520719334>, 2  <0.2585560670130095>}
x[6,1]{5  <0.6188666115051839>, 6  <0.26705095115101524>, 2  <0.11408243734380076>}
x[6,2]{0  <1.0>}
x[6,3]{4  <1.0>}
x[6,4]{2  <0.7155943237623246>, 6  <0.2844056762376755>}
x[6,5]{3  <1.0>}
x[6,6]{1  <1.0>}
x[6,7]{7  <0.6129189855848783>, 5  <0.22710349843459526>, 2  <0.15997751598052648>}
x[7,0]{4  <1.0>}
x[7,1]{0  <0.4365499593587423>, 1  <0.3940871921953309>, 2  <0.10452053495926618>, 6  <0.06484231348666064>}
x[7,2]{3  <1.0>}
x[7,3]{2  <0.228297059043779>, 6  <0.771702940956221>}
x[7,4]{7  <1.0>}
x[7,5]{0  <0.33693911934793497>, 6  <0.08704885934156005>, 2  <0.576012021310505>}
x[7,6]{5  <1.0>}
x[7,7]{0  <0.143947467199358>, 1  <0.6821368631325531>, 2  <0.173915669668089>}
problem entropy = 0.0
smallest variable entropy = 1.7976931348623157E308
### branching on x[2,1]=3
### branching on x[2,0]=7
##### after BP iteration 1 #####
x[0,0]{0  <0.08376926277670689>, 1  <0.17957341103596486>, 2  <0.06663358472240621>, 3  <0.6239838306167129>, 6  <0.04603991084820923>}
x[0,1]{0  <0.4000955523300314>, 1  <0.24043738011830576>, 2  <0.17646979461646614>, 6  <0.1829972729351967>}
x[0,2]{6  <0.5760820686232611>, 1  <0.25478406351595534>, 2  <0.16913386786078363>}
x[0,3]{5  <1.0>}
x[0,4]{0  <0.21847612378224915>, 1  <0.23250060693789718>, 2  <0.042458344106047666>, 3  <0.44861628038056395>, 6  <0.05794864479324195>}
x[0,5]{4  <1.0>}
x[0,6]{7  <1.0>}
x[0,7]{0  <0.2502602349437138>, 1  <0.16313376014849834>, 2  <0.31950460671541936>, 3  <0.2671013981923684>}
x[1,0]{0  <0.22191459765338803>, 1  <0.3730480495243184>, 2  <0.25766509127875437>, 6  <0.14737226154353916>}
x[1,1]{0  <0.37051091699226174>, 1  <0.1759553028784105>, 2  <0.2340514048977528>, 6  <0.21948237523157488>}
x[1,2]{6  <0.40599005360810575>, 1  <0.21212996988975147>, 2  <0.38187997650214284>}
x[1,3]{7  <1.0>}
x[1,4]{0  <0.3592470915678786>, 1  <0.3804750461704392>, 2  <0.1286459946462728>, 6  <0.13163186761540938>}
x[1,5]{5  <1.0>}
x[1,6]{3  <1.0>}
x[1,7]{4  <1.0>}
x[2,0]{7  <1.0>}
x[2,1]{3  <1.0>}
x[2,2]{5  <1.0>}
x[2,3]{2  <1.0>}
x[2,4]{4  <1.0>}
x[2,5]{1  <1.0>}
x[2,6]{0  <1.0>}
x[2,7]{6  <1.0>}
x[3,0]{5  <1.0>}
x[3,1]{7  <1.0>}
x[3,2]{4  <1.0>}
x[3,3]{1  <1.0>}
x[3,4]{0  <0.5918715089156937>, 6  <0.24137186047112444>, 3  <0.1667566306131817>}
x[3,5]{0  <0.25199583870756254>, 6  <0.7480041612924374>}
x[3,6]{2  <1.0>}
x[3,7]{0  <0.21190165790650067>, 3  <0.7880983420934993>}
x[4,0]{0  <0.6146919097686352>, 1  <0.2729669851034276>, 2  <0.11234110512793731>}
x[4,1]{4  <1.0>}
x[4,2]{2  <0.37477734304930616>, 1  <0.6252226569506939>}
x[4,3]{3  <1.0>}
x[4,4]{5  <1.0>}
x[4,5]{7  <1.0>}
x[4,6]{6  <1.0>}
x[4,7]{0  <0.4099568389839008>, 1  <0.2531887127388258>, 2  <0.3368544482772734>}
x[5,0]{6  <0.05674979018773938>, 1  <0.21093746776359157>, 2  <0.019507740377035416>, 3  <0.7128050016716336>}
x[5,1]{6  <0.5840444677053493>, 1  <0.3127027108437659>, 2  <0.10325282145088469>}
x[5,2]{7  <1.0>}
x[5,3]{0  <1.0>}
x[5,4]{6  <0.09565948837414257>, 1  <0.3114905458781154>, 2  <0.016413088378536594>, 3  <0.5764368773692055>}
x[5,5]{6  <0.18572834752079975>, 2  <0.8142716524792002>}
x[5,6]{4  <1.0>}
x[5,7]{5  <1.0>}
x[6,0]{2  <0.32510234509124497>, 6  <0.6748976549087551>}
x[6,1]{5  <1.0>}
x[6,2]{0  <1.0>}
x[6,3]{4  <1.0>}
x[6,4]{2  <0.7251074326722882>, 6  <0.2748925673277118>}
x[6,5]{3  <1.0>}
x[6,6]{1  <1.0>}
x[6,7]{7  <1.0>}
x[7,0]{4  <1.0>}
x[7,1]{0  <0.43934383117251447>, 1  <0.3369407455591373>, 2  <0.22371542326834817>}
x[7,2]{3  <1.0>}
x[7,3]{6  <1.0>}
x[7,4]{7  <1.0>}
x[7,5]{0  <0.8451768013819343>, 2  <0.15482319861806568>}
x[7,6]{5  <1.0>}
x[7,7]{0  <0.2368924761012539>, 1  <0.5331071764822177>, 2  <0.23000034741652825>}
problem entropy = 0.0
smallest variable entropy = 1.7976931348623157E308
### branching on x[3,5]=0
##### after BP iteration 1 #####
x[0,0]{0  <0.17262163493416544>, 1  <0.24938714100009646>, 2  <0.18155183860670507>, 3  <0.3964393854590332>}
x[0,1]{0  <0.07381263547839796>, 1  <0.05803628028623508>, 2  <0.2601474578426608>, 6  <0.6080036263927062>}
x[0,2]{6  <0.7417978647052922>, 1  <0.1040494798525069>, 2  <0.15415265544220097>}
x[0,3]{5  <1.0>}
x[0,4]{0  <0.337716623129963>, 1  <0.39579010322117864>, 3  <0.26649327364885833>}
x[0,5]{4  <1.0>}
x[0,6]{7  <1.0>}
x[0,7]{0  <0.2298609027031347>, 1  <0.11670598825063601>, 2  <0.6534331090462293>}
x[1,0]{0  <0.24383253194910812>, 1  <0.15417285540430273>, 2  <0.6019946126465892>}
x[1,1]{0  <0.03975643302170783>, 1  <0.028940898864186604>, 2  <0.30022092805486283>, 6  <0.6310817400592428>}
x[1,2]{6  <0.5594069342752233>, 1  <0.09948754620442514>, 2  <0.3411055195203517>}
x[1,3]{7  <1.0>}
x[1,4]{0  <0.80593094747228>, 1  <0.19406905252771994>}
x[1,5]{5  <1.0>}
x[1,6]{3  <1.0>}
x[1,7]{4  <1.0>}
x[2,0]{7  <1.0>}
x[2,1]{3  <1.0>}
x[2,2]{5  <1.0>}
x[2,3]{2  <1.0>}
x[2,4]{4  <1.0>}
x[2,5]{1  <1.0>}
x[2,6]{0  <1.0>}
x[2,7]{6  <1.0>}
x[3,0]{5  <1.0>}
x[3,1]{7  <1.0>}
x[3,2]{4  <1.0>}
x[3,3]{1  <1.0>}
x[3,4]{6  <1.0>}
x[3,5]{0  <1.0>}
x[3,6]{2  <1.0>}
x[3,7]{3  <1.0>}
x[4,0]{0  <0.5599577800433269>, 1  <0.12772196743593986>, 2  <0.31232025252073325>}
x[4,1]{4  <1.0>}
x[4,2]{2  <0.42147661186697544>, 1  <0.5785233881330246>}
x[4,3]{3  <1.0>}
x[4,4]{5  <1.0>}
x[4,5]{7  <1.0>}
x[4,6]{6  <1.0>}
x[4,7]{0  <0.30269593154546304>, 1  <0.15379569185874306>, 2  <0.5435083765957939>}
x[5,0]{3  <0.3579292314665449>, 1  <0.353750595083504>, 2  <0.2883201734499511>}
x[5,1]{2  <0.937619286028746>, 1  <0.062380713971254095>}
x[5,2]{7  <1.0>}
x[5,3]{0  <1.0>}
x[5,4]{3  <0.37526272932910704>, 1  <0.6247372706708929>}
x[5,5]{6  <1.0>}
x[5,6]{4  <1.0>}
x[5,7]{5  <1.0>}
x[6,0]{6  <1.0>}
x[6,1]{5  <1.0>}
x[6,2]{0  <1.0>}
x[6,3]{4  <1.0>}
x[6,4]{2  <1.0>}
x[6,5]{3  <1.0>}
x[6,6]{1  <1.0>}
x[6,7]{7  <1.0>}
x[7,0]{4  <1.0>}
x[7,1]{0  <0.8027875271550136>, 1  <0.19721247284498647>}
x[7,2]{3  <1.0>}
x[7,3]{6  <1.0>}
x[7,4]{7  <1.0>}
x[7,5]{2  <1.0>}
x[7,6]{5  <1.0>}
x[7,7]{0  <0.38189458202165383>, 1  <0.6181054179783463>}
problem entropy = 0.0
smallest variable entropy = 1.7976931348623157E308
### branching on x[1,4]=0
### branching on x[0,4]=1
##### after BP iteration 1 #####
x[0,0]{3  <1.0>}
x[0,1]{0  <0.768594471016616>, 6  <0.13839380113758049>, 2  <0.09301172784580343>}
x[0,2]{6  <0.4137941492305394>, 2  <0.5862058507694605>}
x[0,3]{5  <1.0>}
x[0,4]{1  <1.0>}
x[0,5]{4  <1.0>}
x[0,6]{7  <1.0>}
x[0,7]{0  <0.9342710715123068>, 2  <0.06572892848769328>}
x[1,0]{2  <0.4345427160379605>, 1  <0.5654572839620394>}
x[1,1]{6  <0.4496423289127253>, 1  <0.507026544157053>, 2  <0.04333112693022167>}
x[1,2]{6  <0.08985003294872056>, 1  <0.611758193552312>, 2  <0.2983917734989675>}
x[1,3]{7  <1.0>}
x[1,4]{0  <1.0>}
x[1,5]{5  <1.0>}
x[1,6]{3  <1.0>}
x[1,7]{4  <1.0>}
x[2,0]{7  <1.0>}
x[2,1]{3  <1.0>}
x[2,2]{5  <1.0>}
x[2,3]{2  <1.0>}
x[2,4]{4  <1.0>}
x[2,5]{1  <1.0>}
x[2,6]{0  <1.0>}
x[2,7]{6  <1.0>}
x[3,0]{5  <1.0>}
x[3,1]{7  <1.0>}
x[3,2]{4  <1.0>}
x[3,3]{1  <1.0>}
x[3,4]{6  <1.0>}
x[3,5]{0  <1.0>}
x[3,6]{2  <1.0>}
x[3,7]{3  <1.0>}
x[4,0]{0  <1.0>}
x[4,1]{4  <1.0>}
x[4,2]{2  <0.08049682933349428>, 1  <0.9195031706665058>}
x[4,3]{3  <1.0>}
x[4,4]{5  <1.0>}
x[4,5]{7  <1.0>}
x[4,6]{6  <1.0>}
x[4,7]{2  <0.5936142051907594>, 1  <0.4063857948092406>}
x[5,0]{2  <0.1662321358521929>, 1  <0.833767864147807>}
x[5,1]{2  <0.3342159354929029>, 1  <0.665784064507097>}
x[5,2]{7  <1.0>}
x[5,3]{0  <1.0>}
x[5,4]{3  <1.0>}
x[5,5]{6  <1.0>}
x[5,6]{4  <1.0>}
x[5,7]{5  <1.0>}
x[6,0]{6  <1.0>}
x[6,1]{5  <1.0>}
x[6,2]{0  <1.0>}
x[6,3]{4  <1.0>}
x[6,4]{2  <1.0>}
x[6,5]{3  <1.0>}
x[6,6]{1  <1.0>}
x[6,7]{7  <1.0>}
x[7,0]{4  <1.0>}
x[7,1]{0  <0.48861335762206975>, 1  <0.5113866423779302>}
x[7,2]{3  <1.0>}
x[7,3]{6  <1.0>}
x[7,4]{7  <1.0>}
x[7,5]{2  <1.0>}
x[7,6]{5  <1.0>}
x[7,7]{0  <0.23461986861478387>, 1  <0.7653801313852162>}
problem entropy = 0.0
smallest variable entropy = 1.7976931348623157E308
### branching on x[0,2]=2
##### after BP iteration 1 #####
x[0,0]{3  <1.0>}
x[0,1]{6  <1.0>}
x[0,2]{2  <1.0>}
x[0,3]{5  <1.0>}
x[0,4]{1  <1.0>}
x[0,5]{4  <1.0>}
x[0,6]{7  <1.0>}
x[0,7]{0  <1.0>}
x[1,0]{2  <0.937619286028746>, 1  <0.0623807139712541>}
x[1,1]{2  <0.4490473442802873>, 1  <0.5509526557197126>}
x[1,2]{6  <1.0>}
x[1,3]{7  <1.0>}
x[1,4]{0  <1.0>}
x[1,5]{5  <1.0>}
x[1,6]{3  <1.0>}
x[1,7]{4  <1.0>}
x[2,0]{7  <1.0>}
x[2,1]{3  <1.0>}
x[2,2]{5  <1.0>}
x[2,3]{2  <1.0>}
x[2,4]{4  <1.0>}
x[2,5]{1  <1.0>}
x[2,6]{0  <1.0>}
x[2,7]{6  <1.0>}
x[3,0]{5  <1.0>}
x[3,1]{7  <1.0>}
x[3,2]{4  <1.0>}
x[3,3]{1  <1.0>}
x[3,4]{6  <1.0>}
x[3,5]{0  <1.0>}
x[3,6]{2  <1.0>}
x[3,7]{3  <1.0>}
x[4,0]{0  <1.0>}
x[4,1]{4  <1.0>}
x[4,2]{1  <1.0>}
x[4,3]{3  <1.0>}
x[4,4]{5  <1.0>}
x[4,5]{7  <1.0>}
x[4,6]{6  <1.0>}
x[4,7]{2  <1.0>}
x[5,0]{2  <0.7607942973701503>, 1  <0.2392057026298498>}
x[5,1]{2  <0.7961128163821952>, 1  <0.20388718361780486>}
x[5,2]{7  <1.0>}
x[5,3]{0  <1.0>}
x[5,4]{3  <1.0>}
x[5,5]{6  <1.0>}
x[5,6]{4  <1.0>}
x[5,7]{5  <1.0>}
x[6,0]{6  <1.0>}
x[6,1]{5  <1.0>}
x[6,2]{0  <1.0>}
x[6,3]{4  <1.0>}
x[6,4]{2  <1.0>}
x[6,5]{3  <1.0>}
x[6,6]{1  <1.0>}
x[6,7]{7  <1.0>}
x[7,0]{4  <1.0>}
x[7,1]{0  <1.0>}
x[7,2]{3  <1.0>}
x[7,3]{6  <1.0>}
x[7,4]{7  <1.0>}
x[7,5]{2  <1.0>}
x[7,6]{5  <1.0>}
x[7,7]{1  <1.0>}
problem entropy = 0.0
smallest variable entropy = 1.7976931348623157E308
### branching on x[1,0]=2
##### after BP iteration 1 #####
x[0,0]{3  <1.0>}
x[0,1]{6  <1.0>}
x[0,2]{2  <1.0>}
x[0,3]{5  <1.0>}
x[0,4]{1  <1.0>}
x[0,5]{4  <1.0>}
x[0,6]{7  <1.0>}
x[0,7]{0  <1.0>}
x[1,0]{2  <1.0>}
x[1,1]{1  <1.0>}
x[1,2]{6  <1.0>}
x[1,3]{7  <1.0>}
x[1,4]{0  <1.0>}
x[1,5]{5  <1.0>}
x[1,6]{3  <1.0>}
x[1,7]{4  <1.0>}
x[2,0]{7  <1.0>}
x[2,1]{3  <1.0>}
x[2,2]{5  <1.0>}
x[2,3]{2  <1.0>}
x[2,4]{4  <1.0>}
x[2,5]{1  <1.0>}
x[2,6]{0  <1.0>}
x[2,7]{6  <1.0>}
x[3,0]{5  <1.0>}
x[3,1]{7  <1.0>}
x[3,2]{4  <1.0>}
x[3,3]{1  <1.0>}
x[3,4]{6  <1.0>}
x[3,5]{0  <1.0>}
x[3,6]{2  <1.0>}
x[3,7]{3  <1.0>}
x[4,0]{0  <1.0>}
x[4,1]{4  <1.0>}
x[4,2]{1  <1.0>}
x[4,3]{3  <1.0>}
x[4,4]{5  <1.0>}
x[4,5]{7  <1.0>}
x[4,6]{6  <1.0>}
x[4,7]{2  <1.0>}
x[5,0]{1  <1.0>}
x[5,1]{2  <1.0>}
x[5,2]{7  <1.0>}
x[5,3]{0  <1.0>}
x[5,4]{3  <1.0>}
x[5,5]{6  <1.0>}
x[5,6]{4  <1.0>}
x[5,7]{5  <1.0>}
x[6,0]{6  <1.0>}
x[6,1]{5  <1.0>}
x[6,2]{0  <1.0>}
x[6,3]{4  <1.0>}
x[6,4]{2  <1.0>}
x[6,5]{3  <1.0>}
x[6,6]{1  <1.0>}
x[6,7]{7  <1.0>}
x[7,0]{4  <1.0>}
x[7,1]{0  <1.0>}
x[7,2]{3  <1.0>}
x[7,3]{6  <1.0>}
x[7,4]{7  <1.0>}
x[7,5]{2  <1.0>}
x[7,6]{5  <1.0>}
x[7,7]{1  <1.0>}
problem entropy = 0.0
smallest variable entropy = 1.7976931348623157E308
### branching on x[1,0]!=2
##### after BP iteration 1 #####
x[0,0]{3  <1.0>}
x[0,1]{6  <1.0>}
x[0,2]{2  <1.0>}
x[0,3]{5  <1.0>}
x[0,4]{1  <1.0>}
x[0,5]{4  <1.0>}
x[0,6]{7  <1.0>}
x[0,7]{0  <1.0>}
x[1,0]{1  <1.0>}
x[1,1]{2  <1.0>}
x[1,2]{6  <1.0>}
x[1,3]{7  <1.0>}
x[1,4]{0  <1.0>}
x[1,5]{5  <1.0>}
x[1,6]{3  <1.0>}
x[1,7]{4  <1.0>}
x[2,0]{7  <1.0>}
x[2,1]{3  <1.0>}
x[2,2]{5  <1.0>}
x[2,3]{2  <1.0>}
x[2,4]{4  <1.0>}
x[2,5]{1  <1.0>}
x[2,6]{0  <1.0>}
x[2,7]{6  <1.0>}
x[3,0]{5  <1.0>}
x[3,1]{7  <1.0>}
x[3,2]{4  <1.0>}
x[3,3]{1  <1.0>}
x[3,4]{6  <1.0>}
x[3,5]{0  <1.0>}
x[3,6]{2  <1.0>}
x[3,7]{3  <1.0>}
x[4,0]{0  <1.0>}
x[4,1]{4  <1.0>}
x[4,2]{1  <1.0>}
x[4,3]{3  <1.0>}
x[4,4]{5  <1.0>}
x[4,5]{7  <1.0>}
x[4,6]{6  <1.0>}
x[4,7]{2  <1.0>}
x[5,0]{2  <1.0>}
x[5,1]{1  <1.0>}
x[5,2]{7  <1.0>}
x[5,3]{0  <1.0>}
x[5,4]{3  <1.0>}
x[5,5]{6  <1.0>}
x[5,6]{4  <1.0>}
x[5,7]{5  <1.0>}
x[6,0]{6  <1.0>}
x[6,1]{5  <1.0>}
x[6,2]{0  <1.0>}
x[6,3]{4  <1.0>}
x[6,4]{2  <1.0>}
x[6,5]{3  <1.0>}
x[6,6]{1  <1.0>}
x[6,7]{7  <1.0>}
x[7,0]{4  <1.0>}
x[7,1]{0  <1.0>}
x[7,2]{3  <1.0>}
x[7,3]{6  <1.0>}
x[7,4]{7  <1.0>}
x[7,5]{2  <1.0>}
x[7,6]{5  <1.0>}
x[7,7]{1  <1.0>}
problem entropy = 0.0
smallest variable entropy = 1.7976931348623157E308

	#choice: 8
	#fail: 0
	execution time (ms): 46
	#sols : 1
	completed : false

