{6  <1.0>, 1  <1.0>, 2  <1.0>, 3  <1.0>}
model: sum-product-oracle
FINAL DAMPING FACTOR = 1.0
##### after BP iteration 1 #####
x[0,0]{6  <0.5761476493090193>, 1  <0.14390487244669045>, 2  <0.16455659271233766>, 3  <0.1153908855319526>}
x[0,1]{5  <1.0>}
x[0,2]{6  <0.08227679038534855>, 1  <0.13220000807751223>, 7  <0.6537259654148387>, 3  <0.13179723612230057>}
x[0,3]{6  <0.166860550660723>, 1  <0.41654509529550837>, 2  <0.28171441291454397>, 3  <0.13487994112922477>}
x[0,4]{0  <1.0>}
x[0,5]{6  <0.2014935475326233>, 1  <0.42210975710324566>, 2  <0.19485934861541906>, 3  <0.18153734674871194>}
x[0,6]{7  <0.20423616138841968>, 3  <0.6063820684516038>, 2  <0.18938177015997645>}
x[0,7]{4  <1.0>}
x[1,0]{0  <0.3744983284774062>, 6  <0.1016568845823712>, 2  <0.31715721087066595>, 3  <0.20668757606955654>}
x[1,1]{1  <1.0>}
x[1,2]{3  <0.5079072824969666>, 6  <0.4920927175030334>}
x[1,3]{0  <0.43653418028738944>, 6  <0.09643884209480508>, 2  <0.2730084034725185>, 3  <0.19401857414528692>}
x[1,4]{4  <1.0>}
x[1,5]{3  <0.2937679734926757>, 6  <0.18427939237066962>, 2  <0.5219526341366548>}
x[1,6]{5  <1.0>}
x[1,7]{7  <1.0>}
x[2,0]{3  <0.4391728058966928>, 1  <0.29511345261527894>, 4  <0.26571374148802823>}
x[2,1]{2  <1.0>}
x[2,2]{0  <1.0>}
x[2,3]{3  <0.4881008540670304>, 1  <0.24749000285081893>, 4  <0.2644091430821507>}
x[2,4]{5  <1.0>}
x[2,5]{7  <1.0>}
x[2,6]{6  <1.0>}
x[2,7]{3  <0.394955080136792>, 1  <0.605044919863208>}
x[3,0]{7  <1.0>}
x[3,1]{3  <1.0>}
x[3,2]{5  <0.41131380625711955>, 1  <0.08202027400372626>, 4  <0.18769818750244102>, 6  <0.31896773223671326>}
x[3,3]{5  <0.25683774460495135>, 1  <0.0394404040433731>, 2  <0.06413529202158587>, 6  <0.6094205895764914>, 4  <0.030165969753598247>}
x[3,4]{2  <0.16628308469730899>, 1  <0.833716915302691>}
x[3,5]{4  <0.29312696658770543>, 1  <0.12465663712421189>, 2  <0.11426858403052755>, 6  <0.46794781225755516>}
x[3,6]{4  <0.2962044415248083>, 2  <0.7037955584751918>}
x[3,7]{0  <1.0>}
x[4,0]{5  <1.0>}
x[4,1]{4  <1.0>}
x[4,2]{3  <0.38988368153422437>, 1  <0.6101163184657756>}
x[4,3]{7  <1.0>}
x[4,4]{6  <1.0>}
x[4,5]{3  <0.6485671085570075>, 1  <0.3514328914429925>}
x[4,6]{0  <1.0>}
x[4,7]{2  <1.0>}
x[5,0]{0  <0.14198472457078765>, 6  <0.09901852451408918>, 4  <0.4980692617895393>, 3  <0.26092748912558383>}
x[5,1]{0  <0.38244748931296924>, 6  <0.2175184956670918>, 7  <0.40003401501993896>}
x[5,2]{2  <1.0>}
x[5,3]{0  <0.15282489607508365>, 6  <0.106839190301431>, 4  <0.46412266314051376>, 3  <0.27621325048297163>}
x[5,4]{3  <0.38310524367628634>, 7  <0.6168947563237136>}
x[5,5]{5  <1.0>}
x[5,6]{1  <1.0>}
x[5,7]{3  <0.41210090919106057>, 6  <0.5878990908089394>}
x[6,0]{0  <0.11911693322104992>, 1  <0.24294430073774675>, 2  <0.2627761412393867>, 3  <0.1570381630636439>, 4  <0.050317896460080926>, 6  <0.16780656527809176>}
x[6,1]{0  <0.39824453673409094>, 6  <0.39427261141729963>, 7  <0.20748285184860946>}
x[6,2]{7  <0.15153128269782695>, 1  <0.1560459379995302>, 6  <0.1581162479871692>, 3  <0.14116602996916866>, 4  <0.3114390988455581>, 5  <0.08170140250074678>}
x[6,3]{0  <0.10243449720974136>, 1  <0.19892424458656538>, 2  <0.23769217290942807>, 3  <0.1474051052879247>, 4  <0.04671287641894601>, 5  <0.08588589996193836>, 6  <0.18094520362545613>}
x[6,4]{7  <0.09493680796024803>, 1  <0.167552565100963>, 2  <0.29319179968868436>, 3  <0.44431882725010463>}
x[6,5]{6  <0.15688669315997555>, 1  <0.0994425396290404>, 2  <0.09461172193700883>, 3  <0.08996010219455776>, 4  <0.5590989430794175>}
x[6,6]{7  <0.3653993165998272>, 4  <0.07585482312000319>, 2  <0.14752992320644917>, 3  <0.4112159370737205>}
x[6,7]{5  <0.20369502326288483>, 1  <0.27290238705672687>, 6  <0.2765230678948001>, 3  <0.24687952178558822>}
x[7,0]{6  <0.10152904474360788>, 1  <0.3592759704973231>, 2  <0.2824012497416974>, 3  <0.16400212862041313>, 4  <0.09279160639695858>}
x[7,1]{7  <0.4134633126850364>, 6  <0.5865366873149636>}
x[7,2]{7  <0.12287269746186522>, 1  <0.1193926771776122>, 6  <0.08191513164124348>, 3  <0.09287552027316766>, 4  <0.5271775736247096>, 5  <0.055766399821401726>}
x[7,3]{6  <0.1274832643762954>, 1  <0.28226131056942416>, 2  <0.2522747558148514>, 3  <0.16234361220666807>, 4  <0.09254428859317818>, 5  <0.08309276843958283>}
x[7,4]{7  <0.08059052929054472>, 1  <0.22041498844932225>, 2  <0.3304448980114054>, 3  <0.3685495842487276>}
x[7,5]{0  <1.0>}
x[7,6]{7  <0.09757921582074747>, 4  <0.1498053759082268>, 2  <0.2967321367366671>, 3  <0.4558832715343588>}
x[7,7]{5  <0.48722050434637176>, 1  <0.10844286067585526>, 6  <0.23702645415622026>, 3  <0.16731018082155272>}
problem entropy = 0.0
smallest variable entropy = 1.7976931348623157E308
### branching on x[1,2]=6
### branching on x[1,5]=3
##### after BP iteration 1 #####
x[0,0]{6  <0.542754385929971>, 1  <0.2086083996254433>, 2  <0.1708596362669201>, 3  <0.07777757817766556>}
x[0,1]{5  <1.0>}
x[0,2]{7  <0.803062636999858>, 1  <0.196937363000142>}
x[0,3]{6  <0.08257372732330642>, 1  <0.6995700093891257>, 2  <0.1492900972677351>, 3  <0.06856616601983286>}
x[0,4]{0  <1.0>}
x[0,5]{6  <0.27001248077861434>, 2  <0.7299875192213857>}
x[0,6]{7  <0.1438154666013389>, 3  <0.7598030659285983>, 2  <0.09638146747006278>}
x[0,7]{4  <1.0>}
x[1,0]{0  <0.6298592447927699>, 2  <0.37014075520723017>}
x[1,1]{1  <1.0>}
x[1,2]{6  <1.0>}
x[1,3]{0  <0.7243919549300597>, 2  <0.27560804506994036>}
x[1,4]{4  <1.0>}
x[1,5]{3  <1.0>}
x[1,6]{5  <1.0>}
x[1,7]{7  <1.0>}
x[2,0]{3  <0.34344416247998355>, 1  <0.14566418039236612>, 4  <0.5108916571276502>}
x[2,1]{2  <1.0>}
x[2,2]{0  <1.0>}
x[2,3]{3  <0.3370653611395415>, 1  <0.10215109622335079>, 4  <0.5607835426371076>}
x[2,4]{5  <1.0>}
x[2,5]{7  <1.0>}
x[2,6]{6  <1.0>}
x[2,7]{3  <0.3161335089472088>, 1  <0.6838664910527911>}
x[3,0]{7  <1.0>}
x[3,1]{3  <1.0>}
x[3,2]{5  <0.8031607052216793>, 1  <0.06561682048909728>, 4  <0.1312224742892234>}
x[3,3]{5  <0.5337337538965753>, 1  <0.017583056846845718>, 2  <0.038614330963591924>, 6  <0.3833586416156984>, 4  <0.026710216677288717>}
x[3,4]{2  <0.12213069336422863>, 1  <0.8778693066357713>}
x[3,5]{4  <0.3529485499241449>, 6  <0.5021593206972567>, 2  <0.14489212937859838>}
x[3,6]{4  <0.4025369942735317>, 2  <0.5974630057264684>}
x[3,7]{0  <1.0>}
x[4,0]{5  <1.0>}
x[4,1]{4  <1.0>}
x[4,2]{3  <1.0>}
x[4,3]{7  <1.0>}
x[4,4]{6  <1.0>}
x[4,5]{1  <1.0>}
x[4,6]{0  <1.0>}
x[4,7]{2  <1.0>}
x[5,0]{0  <0.17360808313119164>, 6  <0.07244213244730961>, 4  <0.5870128634068303>, 3  <0.16693692101466834>}
x[5,1]{0  <0.615878389988831>, 6  <0.1180845256940935>, 7  <0.26603708431707535>}
x[5,2]{2  <1.0>}
x[5,3]{0  <0.1542036228918255>, 6  <0.07631819528236959>, 4  <0.6064638014363555>, 3  <0.16301438038944951>}
x[5,4]{3  <0.15344845562343876>, 7  <0.8465515443765613>}
x[5,5]{5  <1.0>}
x[5,6]{1  <1.0>}
x[5,7]{3  <0.3048275600190223>, 6  <0.6951724399809777>}
x[6,0]{0  <0.27749099946388345>, 1  <0.23480348489159647>, 2  <0.27415331682206295>, 3  <0.06104565419250297>, 4  <0.016387466033878778>, 6  <0.13611907859607544>}
x[6,1]{0  <0.6050553326077809>, 6  <0.16869826238574698>, 7  <0.22624640500647208>}
x[6,2]{7  <0.2207428756548559>, 1  <0.28728452232776847>, 5  <0.3332998645631112>, 4  <0.15867273745426438>}
x[6,3]{0  <0.12812225083470616>, 1  <0.09733453688753921>, 2  <0.1470478510444722>, 3  <0.029902137259700364>, 4  <0.00928858169658495>, 5  <0.4899356371137234>, 6  <0.0983690051632737>}
x[6,4]{7  <0.22164535093141702>, 1  <0.07936739454496015>, 2  <0.36464221146302056>, 3  <0.33434504306060225>}
x[6,5]{6  <0.16608880366604012>, 4  <0.6835894896003345>, 2  <0.15032170673362533>}
x[6,6]{7  <0.7178361473978823>, 4  <0.06656505865431203>, 2  <0.07785619004400948>, 3  <0.13774260390379642>}
x[6,7]{5  <0.48383827657969686>, 1  <0.2533843086286456>, 6  <0.17255385702454948>, 3  <0.0902235577671081>}
x[7,0]{6  <0.16182628285459766>, 1  <0.4568199446412116>, 2  <0.212794550207508>, 3  <0.08769723339270848>, 4  <0.08086198890397434>}
x[7,1]{7  <0.5164371166895159>, 6  <0.4835628833104842>}
x[7,2]{7  <0.10800404411659391>, 1  <0.1377276758808128>, 5  <0.127550188824086>, 4  <0.6267180911785072>}
x[7,3]{6  <0.13857369212045445>, 1  <0.1576439914218172>, 2  <0.1395411654184821>, 3  <0.04606231938908951>, 4  <0.05154686379473315>, 5  <0.46663196785542355>}
x[7,4]{7  <0.2183873569032729>, 1  <0.09810076980438824>, 2  <0.38225325734705745>, 3  <0.3012586159452814>}
x[7,5]{0  <1.0>}
x[7,6]{7  <0.2466432556296892>, 4  <0.3745958870288937>, 2  <0.19490625165309106>, 3  <0.18385460568832615>}
x[7,7]{5  <0.8364460781030538>, 1  <0.037919216916149204>, 6  <0.09832771653397789>, 3  <0.02730698844681918>}
problem entropy = 0.0
smallest variable entropy = 1.7976931348623157E308
### branching on x[0,2]=7
### branching on x[0,5]=2
##### after BP iteration 1 #####
x[0,0]{6  <0.8745538766584284>, 1  <0.1254461233415716>}
x[0,1]{5  <1.0>}
x[0,2]{7  <1.0>}
x[0,3]{6  <0.07695822831970987>, 1  <0.9230417716802901>}
x[0,4]{0  <1.0>}
x[0,5]{2  <1.0>}
x[0,6]{3  <1.0>}
x[0,7]{4  <1.0>}
x[1,0]{0  <0.2538683203240274>, 2  <0.7461316796759726>}
x[1,1]{1  <1.0>}
x[1,2]{6  <1.0>}
x[1,3]{0  <0.3340243068091333>, 2  <0.6659756931908667>}
x[1,4]{4  <1.0>}
x[1,5]{3  <1.0>}
x[1,6]{5  <1.0>}
x[1,7]{7  <1.0>}
x[2,0]{3  <0.4940207129167614>, 1  <0.0737780561808578>, 4  <0.43220123090238094>}
x[2,1]{2  <1.0>}
x[2,2]{0  <1.0>}
x[2,3]{3  <0.5130991071761862>, 1  <0.009210254359007665>, 4  <0.47769063846480614>}
x[2,4]{5  <1.0>}
x[2,5]{7  <1.0>}
x[2,6]{6  <1.0>}
x[2,7]{3  <0.33554415129453047>, 1  <0.6644558487054694>}
x[3,0]{7  <1.0>}
x[3,1]{3  <1.0>}
x[3,2]{5  <0.268388663870042>, 1  <0.5315923921114051>, 4  <0.20001894401855302>}
x[3,3]{5  <0.303853048953294>, 1  <0.024044779094843698>, 2  <0.1394208084995383>, 6  <0.49556571548843753>, 4  <0.03711564796388654>}
x[3,4]{2  <0.3021648467811277>, 1  <0.6978351532188722>}
x[3,5]{4  <0.23870996535106284>, 6  <0.7612900346489372>}
x[3,6]{4  <0.3494181491621909>, 2  <0.6505818508378092>}
x[3,7]{0  <1.0>}
x[4,0]{5  <1.0>}
x[4,1]{4  <1.0>}
x[4,2]{3  <1.0>}
x[4,3]{7  <1.0>}
x[4,4]{6  <1.0>}
x[4,5]{1  <1.0>}
x[4,6]{0  <1.0>}
x[4,7]{2  <1.0>}
x[5,0]{0  <0.17165936106110843>, 6  <0.05869489426763763>, 4  <0.3211871191132014>, 3  <0.4484586255580525>}
x[5,1]{0  <0.6972434931654036>, 6  <0.15427650849744048>, 7  <0.14847999833715592>}
x[5,2]{2  <1.0>}
x[5,3]{0  <0.17908853629290217>, 6  <0.06947514288060468>, 4  <0.30591190360275167>, 3  <0.44552441722374153>}
x[5,4]{3  <0.3173817732442726>, 7  <0.6826182267557275>}
x[5,5]{5  <1.0>}
x[5,6]{1  <1.0>}
x[5,7]{3  <0.373075050211715>, 6  <0.626924949788285>}
x[6,0]{0  <0.22600558914871569>, 1  <0.1581838444538085>, 2  <0.2991920316418161>, 3  <0.19739841226461197>, 4  <0.011470702641458464>, 6  <0.1077494198495892>}
x[6,1]{0  <0.3839068535075894>, 6  <0.4303154065726175>, 7  <0.1857777399197931>}
x[6,2]{4  <0.09068945550988292>, 1  <0.7651814283932349>, 5  <0.14412911609688236>}
x[6,3]{0  <0.18409275042990864>, 1  <0.019726071198964478>, 2  <0.27272042757395065>, 3  <0.16654165588273484>, 4  <0.009135974743702768>, 5  <0.2158754669304367>, 6  <0.13190765324030207>}
x[6,4]{7  <0.06411660664923591>, 1  <0.04007583402559806>, 2  <0.40215586857161717>, 3  <0.49365169075354876>}
x[6,5]{6  <0.3117974616188678>, 4  <0.6882025383811322>}
x[6,6]{7  <0.8431975526129212>, 4  <0.07144170602736143>, 2  <0.08536074135971734>}
x[6,7]{5  <0.117903263033258>, 1  <0.3318493419111376>, 6  <0.262778767383511>, 3  <0.2874686276720934>}
x[7,0]{6  <0.14439515273294723>, 1  <0.35028124822750245>, 2  <0.1860744909215359>, 3  <0.277342024290744>, 4  <0.04190708382727048>}
x[7,1]{7  <0.47863980576963466>, 6  <0.5213601942303653>}
x[7,2]{4  <0.5016133188374923>, 1  <0.4167835149817872>, 5  <0.08160316618072049>}
x[7,3]{6  <0.18147849176712014>, 1  <0.03559434208257199>, 2  <0.2589592714876538>, 3  <0.26801300738163936>, 4  <0.03404151513282339>, 5  <0.2219133721481912>}
x[7,4]{7  <0.0822853984324646>, 1  <0.03067742389599909>, 2  <0.28119481182511036>, 3  <0.605842365846426>}
x[7,5]{0  <1.0>}
x[7,6]{7  <0.22768504788071495>, 4  <0.4742716855716039>, 2  <0.2980432665476812>}
x[7,7]{5  <0.4247614626317612>, 1  <0.10128577031771276>, 6  <0.2480039392298236>, 3  <0.22594882782070239>}
problem entropy = 0.0
smallest variable entropy = 1.7976931348623157E308
### branching on x[0,0]=1
##### after BP iteration 1 #####
x[0,0]{1  <1.0>}
x[0,1]{5  <1.0>}
x[0,2]{7  <1.0>}
x[0,3]{6  <1.0>}
x[0,4]{0  <1.0>}
x[0,5]{2  <1.0>}
x[0,6]{3  <1.0>}
x[0,7]{4  <1.0>}
x[1,0]{0  <0.5822828773959221>, 2  <0.41771712260407795>}
x[1,1]{1  <1.0>}
x[1,2]{6  <1.0>}
x[1,3]{0  <0.6327828293839626>, 2  <0.3672171706160375>}
x[1,4]{4  <1.0>}
x[1,5]{3  <1.0>}
x[1,6]{5  <1.0>}
x[1,7]{7  <1.0>}
x[2,0]{3  <0.2213533322865687>, 4  <0.7786466677134314>}
x[2,1]{2  <1.0>}
x[2,2]{0  <1.0>}
x[2,3]{3  <0.2702893640302223>, 1  <0.20064951145132995>, 4  <0.5290611245184478>}
x[2,4]{5  <1.0>}
x[2,5]{7  <1.0>}
x[2,6]{6  <1.0>}
x[2,7]{3  <0.008597296109070156>, 1  <0.9914027038909299>}
x[3,0]{7  <1.0>}
x[3,1]{3  <1.0>}
x[3,2]{5  <0.23823657024109118>, 1  <0.28708090915859086>, 4  <0.47468252060031796>}
x[3,3]{5  <0.8175105460889511>, 1  <0.08909166729679388>, 2  <0.057038910147446296>, 4  <0.03635887646680874>}
x[3,4]{2  <0.49880864264803776>, 1  <0.5011913573519622>}
x[3,5]{6  <1.0>}
x[3,6]{4  <0.7762148255512911>, 2  <0.223785174448709>}
x[3,7]{0  <1.0>}
x[4,0]{5  <1.0>}
x[4,1]{4  <1.0>}
x[4,2]{3  <1.0>}
x[4,3]{7  <1.0>}
x[4,4]{6  <1.0>}
x[4,5]{1  <1.0>}
x[4,6]{0  <1.0>}
x[4,7]{2  <1.0>}
x[5,0]{0  <0.3525546772493593>, 6  <0.1683940853627659>, 4  <0.3258930941529811>, 3  <0.15315814323489357>}
x[5,1]{0  <0.6114576008488505>, 6  <0.15248294454410463>, 7  <0.23605945460704497>}
x[5,2]{2  <1.0>}
x[5,3]{0  <0.3428425988934091>, 3  <0.20064040884418677>, 4  <0.45651699226240416>}
x[5,4]{3  <0.09168442251523008>, 7  <0.9083155774847699>}
x[5,5]{5  <1.0>}
x[5,6]{1  <1.0>}
x[5,7]{3  <0.20671416918893684>, 6  <0.7932858308110631>}
x[6,0]{0  <0.47104809778497986>, 6  <0.3122427978218461>, 2  <0.110751007047924>, 3  <0.10595809734524998>}
x[6,1]{0  <0.2196485885346592>, 6  <0.7566307637986449>, 7  <0.023720647666695825>}
x[6,2]{5  <0.6787083032466902>, 1  <0.3212916967533099>}
x[6,3]{0  <0.29028564939729584>, 1  <0.13192811635362206>, 2  <0.12177822748771573>, 3  <0.11281732741839677>, 5  <0.3431906793429696>}
x[6,4]{7  <0.016519791545849268>, 1  <0.08719718256949455>, 2  <0.5860678745466777>, 3  <0.31021515133797833>}
x[6,5]{4  <1.0>}
x[6,6]{7  <0.9471985968661454>, 2  <0.052801403133854646>}
x[6,7]{5  <0.7288028953838999>, 1  <0.08539178675466742>, 6  <0.08415029060761794>, 3  <0.10165502725381476>}
x[7,0]{6  <0.6260138344844055>, 4  <0.06139125556513983>, 2  <0.12187797210049266>, 3  <0.19071693784996208>}
x[7,1]{7  <0.7843059217524703>, 6  <0.21569407824752973>}
x[7,2]{4  <0.2922290001123111>, 1  <0.5230767980485657>, 5  <0.18469420183912316>}
x[7,3]{5  <0.25937383525105256>, 1  <0.44757296919149586>, 2  <0.11546220978056257>, 3  <0.131395825773808>, 4  <0.04619516000308094>}
x[7,4]{7  <0.18083065536437892>, 1  <0.16426181148450303>, 2  <0.33192717715193454>, 3  <0.3229803559991834>}
x[7,5]{0  <1.0>}
x[7,6]{7  <0.07841195537422592>, 4  <0.7785313324613989>, 2  <0.143056712164375>}
x[7,7]{5  <0.670717173133353>, 1  <0.05834161826088915>, 6  <0.18718818388991373>, 3  <0.08375302471584407>}
problem entropy = 0.0
smallest variable entropy = 1.7976931348623157E308
### branching on x[1,0]=2
### branching on x[2,0]=3
##### after BP iteration 1 #####
x[0,0]{1  <1.0>}
x[0,1]{5  <1.0>}
x[0,2]{7  <1.0>}
x[0,3]{6  <1.0>}
x[0,4]{0  <1.0>}
x[0,5]{2  <1.0>}
x[0,6]{3  <1.0>}
x[0,7]{4  <1.0>}
x[1,0]{2  <1.0>}
x[1,1]{1  <1.0>}
x[1,2]{6  <1.0>}
x[1,3]{0  <1.0>}
x[1,4]{4  <1.0>}
x[1,5]{3  <1.0>}
x[1,6]{5  <1.0>}
x[1,7]{7  <1.0>}
x[2,0]{3  <1.0>}
x[2,1]{2  <1.0>}
x[2,2]{0  <1.0>}
x[2,3]{4  <1.0>}
x[2,4]{5  <1.0>}
x[2,5]{7  <1.0>}
x[2,6]{6  <1.0>}
x[2,7]{1  <1.0>}
x[3,0]{7  <1.0>}
x[3,1]{3  <1.0>}
x[3,2]{5  <0.052921350376778>, 1  <0.15912134870215425>, 4  <0.7879573009210677>}
x[3,3]{5  <0.46763035500702377>, 1  <0.17152439629488636>, 2  <0.3608452486980898>}
x[3,4]{2  <0.4409122333622596>, 1  <0.5590877666377404>}
x[3,5]{6  <1.0>}
x[3,6]{4  <0.2172169564030594>, 2  <0.7827830435969406>}
x[3,7]{0  <1.0>}
x[4,0]{5  <1.0>}
x[4,1]{4  <1.0>}
x[4,2]{3  <1.0>}
x[4,3]{7  <1.0>}
x[4,4]{6  <1.0>}
x[4,5]{1  <1.0>}
x[4,6]{0  <1.0>}
x[4,7]{2  <1.0>}
x[5,0]{4  <1.0>}
x[5,1]{0  <1.0>}
x[5,2]{2  <1.0>}
x[5,3]{3  <1.0>}
x[5,4]{7  <1.0>}
x[5,5]{5  <1.0>}
x[5,6]{1  <1.0>}
x[5,7]{6  <1.0>}
x[6,0]{0  <1.0>}
x[6,1]{6  <1.0>}
x[6,2]{5  <0.7606240429118166>, 1  <0.2393759570881833>}
x[6,3]{5  <0.08264621480682463>, 1  <0.35711573542342256>, 2  <0.5602380497697529>}
x[6,4]{3  <0.4534021969915754>, 1  <0.1699321750212323>, 2  <0.3766656279871922>}
x[6,5]{4  <1.0>}
x[6,6]{7  <1.0>}
x[6,7]{5  <0.047147561278997684>, 3  <0.9528524387210023>}
x[7,0]{6  <1.0>}
x[7,1]{7  <1.0>}
x[7,2]{4  <0.5401863655964202>, 1  <0.3443954389171582>, 5  <0.11541819548642165>}
x[7,3]{5  <0.02385303703126173>, 1  <0.7184970135079852>, 2  <0.25764994946075287>}
x[7,4]{3  <0.7922421982202789>, 1  <0.09947693928182134>, 2  <0.10828086249789977>}
x[7,5]{0  <1.0>}
x[7,6]{2  <0.887593624208983>, 4  <0.11240637579101694>}
x[7,7]{5  <0.23016939141102472>, 3  <0.7698306085889753>}
problem entropy = 0.0
smallest variable entropy = 1.7976931348623157E308
### branching on x[3,4]=2
##### after BP iteration 1 #####
x[0,0]{1  <1.0>}
x[0,1]{5  <1.0>}
x[0,2]{7  <1.0>}
x[0,3]{6  <1.0>}
x[0,4]{0  <1.0>}
x[0,5]{2  <1.0>}
x[0,6]{3  <1.0>}
x[0,7]{4  <1.0>}
x[1,0]{2  <1.0>}
x[1,1]{1  <1.0>}
x[1,2]{6  <1.0>}
x[1,3]{0  <1.0>}
x[1,4]{4  <1.0>}
x[1,5]{3  <1.0>}
x[1,6]{5  <1.0>}
x[1,7]{7  <1.0>}
x[2,0]{3  <1.0>}
x[2,1]{2  <1.0>}
x[2,2]{0  <1.0>}
x[2,3]{4  <1.0>}
x[2,4]{5  <1.0>}
x[2,5]{7  <1.0>}
x[2,6]{6  <1.0>}
x[2,7]{1  <1.0>}
x[3,0]{7  <1.0>}
x[3,1]{3  <1.0>}
x[3,2]{5  <0.38476386783568955>, 1  <0.6152361321643105>}
x[3,3]{5  <0.9591642522806647>, 1  <0.04083574771933531>}
x[3,4]{2  <1.0>}
x[3,5]{6  <1.0>}
x[3,6]{4  <1.0>}
x[3,7]{0  <1.0>}
x[4,0]{5  <1.0>}
x[4,1]{4  <1.0>}
x[4,2]{3  <1.0>}
x[4,3]{7  <1.0>}
x[4,4]{6  <1.0>}
x[4,5]{1  <1.0>}
x[4,6]{0  <1.0>}
x[4,7]{2  <1.0>}
x[5,0]{4  <1.0>}
x[5,1]{0  <1.0>}
x[5,2]{2  <1.0>}
x[5,3]{3  <1.0>}
x[5,4]{7  <1.0>}
x[5,5]{5  <1.0>}
x[5,6]{1  <1.0>}
x[5,7]{6  <1.0>}
x[6,0]{0  <1.0>}
x[6,1]{6  <1.0>}
x[6,2]{5  <0.7239116321954492>, 1  <0.2760883678045508>}
x[6,3]{2  <1.0>}
x[6,4]{3  <0.017853042115575674>, 1  <0.9821469578844243>}
x[6,5]{4  <1.0>}
x[6,6]{7  <1.0>}
x[6,7]{5  <0.3440797624488888>, 3  <0.6559202375511112>}
x[7,0]{6  <1.0>}
x[7,1]{7  <1.0>}
x[7,2]{4  <1.0>}
x[7,3]{5  <0.29242740313872956>, 1  <0.7075725968612704>}
x[7,4]{3  <0.6296805513246303>, 1  <0.37031944867536964>}
x[7,5]{0  <1.0>}
x[7,6]{2  <1.0>}
x[7,7]{5  <0.9883219735160523>, 3  <0.011678026483947609>}
problem entropy = 0.0
smallest variable entropy = 1.7976931348623157E308
### branching on x[3,2]=5
##### after BP iteration 1 #####
x[0,0]{1  <1.0>}
x[0,1]{5  <1.0>}
x[0,2]{7  <1.0>}
x[0,3]{6  <1.0>}
x[0,4]{0  <1.0>}
x[0,5]{2  <1.0>}
x[0,6]{3  <1.0>}
x[0,7]{4  <1.0>}
x[1,0]{2  <1.0>}
x[1,1]{1  <1.0>}
x[1,2]{6  <1.0>}
x[1,3]{0  <1.0>}
x[1,4]{4  <1.0>}
x[1,5]{3  <1.0>}
x[1,6]{5  <1.0>}
x[1,7]{7  <1.0>}
x[2,0]{3  <1.0>}
x[2,1]{2  <1.0>}
x[2,2]{0  <1.0>}
x[2,3]{4  <1.0>}
x[2,4]{5  <1.0>}
x[2,5]{7  <1.0>}
x[2,6]{6  <1.0>}
x[2,7]{1  <1.0>}
x[3,0]{7  <1.0>}
x[3,1]{3  <1.0>}
x[3,2]{5  <1.0>}
x[3,3]{1  <1.0>}
x[3,4]{2  <1.0>}
x[3,5]{6  <1.0>}
x[3,6]{4  <1.0>}
x[3,7]{0  <1.0>}
x[4,0]{5  <1.0>}
x[4,1]{4  <1.0>}
x[4,2]{3  <1.0>}
x[4,3]{7  <1.0>}
x[4,4]{6  <1.0>}
x[4,5]{1  <1.0>}
x[4,6]{0  <1.0>}
x[4,7]{2  <1.0>}
x[5,0]{4  <1.0>}
x[5,1]{0  <1.0>}
x[5,2]{2  <1.0>}
x[5,3]{3  <1.0>}
x[5,4]{7  <1.0>}
x[5,5]{5  <1.0>}
x[5,6]{1  <1.0>}
x[5,7]{6  <1.0>}
x[6,0]{0  <1.0>}
x[6,1]{6  <1.0>}
x[6,2]{1  <1.0>}
x[6,3]{2  <1.0>}
x[6,4]{3  <1.0>}
x[6,5]{4  <1.0>}
x[6,6]{7  <1.0>}
x[6,7]{5  <1.0>}
x[7,0]{6  <1.0>}
x[7,1]{7  <1.0>}
x[7,2]{4  <1.0>}
x[7,3]{5  <1.0>}
x[7,4]{1  <1.0>}
x[7,5]{0  <1.0>}
x[7,6]{2  <1.0>}
x[7,7]{3  <1.0>}
problem entropy = 0.0
smallest variable entropy = 1.7976931348623157E308
### branching on x[3,2]!=5
##### after BP iteration 1 #####
x[0,0]{1  <1.0>}
x[0,1]{5  <1.0>}
x[0,2]{7  <1.0>}
x[0,3]{6  <1.0>}
x[0,4]{0  <1.0>}
x[0,5]{2  <1.0>}
x[0,6]{3  <1.0>}
x[0,7]{4  <1.0>}
x[1,0]{2  <1.0>}
x[1,1]{1  <1.0>}
x[1,2]{6  <1.0>}
x[1,3]{0  <1.0>}
x[1,4]{4  <1.0>}
x[1,5]{3  <1.0>}
x[1,6]{5  <1.0>}
x[1,7]{7  <1.0>}
x[2,0]{3  <1.0>}
x[2,1]{2  <1.0>}
x[2,2]{0  <1.0>}
x[2,3]{4  <1.0>}
x[2,4]{5  <1.0>}
x[2,5]{7  <1.0>}
x[2,6]{6  <1.0>}
x[2,7]{1  <1.0>}
x[3,0]{7  <1.0>}
x[3,1]{3  <1.0>}
x[3,2]{1  <1.0>}
x[3,3]{5  <1.0>}
x[3,4]{2  <1.0>}
x[3,5]{6  <1.0>}
x[3,6]{4  <1.0>}
x[3,7]{0  <1.0>}
x[4,0]{5  <1.0>}
x[4,1]{4  <1.0>}
x[4,2]{3  <1.0>}
x[4,3]{7  <1.0>}
x[4,4]{6  <1.0>}
x[4,5]{1  <1.0>}
x[4,6]{0  <1.0>}
x[4,7]{2  <1.0>}
x[5,0]{4  <1.0>}
x[5,1]{0  <1.0>}
x[5,2]{2  <1.0>}
x[5,3]{3  <1.0>}
x[5,4]{7  <1.0>}
x[5,5]{5  <1.0>}
x[5,6]{1  <1.0>}
x[5,7]{6  <1.0>}
x[6,0]{0  <1.0>}
x[6,1]{6  <1.0>}
x[6,2]{5  <1.0>}
x[6,3]{2  <1.0>}
x[6,4]{1  <1.0>}
x[6,5]{4  <1.0>}
x[6,6]{7  <1.0>}
x[6,7]{3  <1.0>}
x[7,0]{6  <1.0>}
x[7,1]{7  <1.0>}
x[7,2]{4  <1.0>}
x[7,3]{1  <1.0>}
x[7,4]{3  <1.0>}
x[7,5]{0  <1.0>}
x[7,6]{2  <1.0>}
x[7,7]{5  <1.0>}
problem entropy = 0.0
smallest variable entropy = 1.7976931348623157E308

	#choice: 10
	#fail: 0
	execution time (ms): 73
	#sols : 1
	completed : false

