{7  <1.0>, 1  <1.0>, 2  <1.0>, 3  <1.0>, 4  <1.0>, 5  <1.0>, 6  <1.0>}
model: max-product-oracle
FINAL DAMPING FACTOR = 1.0
##### after BP iteration 1 #####
x[0,0]{7  <0.2285714285714286>, 1  <0.05714285714285715>, 2  <0.08571428571428573>, 3  <0.1142857142857143>, 4  <0.14285714285714288>, 5  <0.17142857142857146>, 6  <0.20000000000000004>}
x[0,1]{6  <0.25>, 1  <0.25>, 2  <0.25>, 4  <0.25>}
x[0,2]{4  <0.25>, 1  <0.25>, 2  <0.25>, 6  <0.25>}
x[0,3]{0  <0.5>, 2  <0.5>}
x[0,4]{0  <0.16666666666666666>, 7  <0.16666666666666666>, 2  <0.16666666666666666>, 3  <0.16666666666666666>, 4  <0.16666666666666666>, 5  <0.16666666666666666>}
x[0,5]{0  <0.16666666666666666>, 1  <0.16666666666666666>, 2  <0.16666666666666666>, 3  <0.16666666666666666>, 7  <0.16666666666666666>, 5  <0.16666666666666666>}
x[0,6]{5  <0.2>, 1  <0.2>, 2  <0.2>, 3  <0.2>, 7  <0.2>}
x[0,7]{5  <0.25>, 6  <0.25>, 7  <0.25>, 3  <0.25>}
x[1,0]{0  <1.0>}
x[1,1]{6  <0.5833333333333334>, 1  <0.16666666666666666>, 2  <0.25>}
x[1,2]{3  <1.0>}
x[1,3]{7  <1.0>}
x[1,4]{5  <0.5>, 2  <0.5>}
x[1,5]{5  <0.3333333333333333>, 1  <0.3333333333333333>, 2  <0.3333333333333333>}
x[1,6]{4  <1.0>}
x[1,7]{5  <0.5>, 6  <0.5>}
x[2,0]{6  <0.16666666666666663>, 1  <0.16666666666666663>, 2  <0.16666666666666663>, 7  <0.16666666666666663>, 4  <0.16666666666666663>, 5  <0.16666666666666663>}
x[2,1]{6  <0.25>, 1  <0.25>, 2  <0.25>, 4  <0.25>}
x[2,2]{4  <0.29411764705882354>, 1  <0.11764705882352941>, 2  <0.17647058823529413>, 6  <0.4117647058823529>}
x[2,3]{3  <1.0>}
x[2,4]{0  <0.2>, 5  <0.2>, 2  <0.2>, 7  <0.2>, 4  <0.2>}
x[2,5]{0  <0.2>, 1  <0.2>, 2  <0.2>, 7  <0.2>, 5  <0.2>}
x[2,6]{5  <0.25>, 1  <0.25>, 2  <0.25>, 7  <0.25>}
x[2,7]{7  <0.3333333333333333>, 5  <0.3333333333333333>, 6  <0.3333333333333333>}
x[3,0]{2  <0.5>, 1  <0.5>}
x[3,1]{3  <1.0>}
x[3,2]{7  <1.0>}
x[3,3]{5  <1.0>}
x[3,4]{6  <1.0>}
x[3,5]{4  <1.0>}
x[3,6]{2  <0.5>, 1  <0.5>}
x[3,7]{0  <1.0>}
x[4,0]{7  <0.2>, 1  <0.2>, 5  <0.2>, 3  <0.2>, 6  <0.2>}
x[4,1]{0  <1.0>}
x[4,2]{6  <0.5>, 1  <0.5>}
x[4,3]{4  <1.0>}
x[4,4]{7  <0.4444444444444444>, 3  <0.2222222222222222>, 5  <0.3333333333333333>}
x[4,5]{7  <0.25>, 1  <0.25>, 5  <0.25>, 3  <0.25>}
x[4,6]{7  <0.25>, 1  <0.25>, 5  <0.25>, 3  <0.25>}
x[4,7]{2  <1.0>}
x[5,0]{3  <0.3333333333333333>, 4  <0.3333333333333333>, 2  <0.3333333333333333>}
x[5,1]{7  <1.0>}
x[5,2]{5  <1.0>}
x[5,3]{0  <0.5>, 2  <0.5>}
x[5,4]{0  <0.25>, 4  <0.25>, 2  <0.25>, 3  <0.25>}
x[5,5]{0  <0.125>, 3  <0.5>, 2  <0.375>}
x[5,6]{6  <1.0>}
x[5,7]{1  <1.0>}
x[6,0]{5  <0.3333333333333333>, 7  <0.3333333333333333>, 3  <0.3333333333333333>}
x[6,1]{2  <0.5>, 4  <0.5>}
x[6,2]{2  <0.5>, 4  <0.5>}
x[6,3]{6  <1.0>}
x[6,4]{1  <1.0>}
x[6,5]{5  <0.3333333333333333>, 7  <0.3333333333333333>, 3  <0.3333333333333333>}
x[6,6]{0  <1.0>}
x[6,7]{5  <0.3333333333333333>, 7  <0.3333333333333333>, 3  <0.3333333333333333>}
x[7,0]{3  <0.33333333333333337>, 7  <0.33333333333333337>, 2  <0.33333333333333337>}
x[7,1]{5  <1.0>}
x[7,2]{0  <1.0>}
x[7,3]{1  <1.0>}
x[7,4]{3  <0.3333333333333333>, 7  <0.3333333333333333>, 2  <0.3333333333333333>}
x[7,5]{6  <1.0>}
x[7,6]{3  <0.3333333333333333>, 7  <0.3333333333333333>, 2  <0.3333333333333333>}
x[7,7]{4  <1.0>}
problem entropy = 0.0
smallest variable entropy = 1.7976931348623157E308
### branching on x[0,3]=0
### branching on x[1,4]=2
##### after BP iteration 1 #####
x[0,0]{7  <0.22857142857142854>, 1  <0.057142857142857134>, 2  <0.08571428571428572>, 3  <0.11428571428571427>, 4  <0.14285714285714285>, 5  <0.17142857142857143>, 6  <0.19999999999999998>}
x[0,1]{6  <0.25>, 1  <0.25>, 2  <0.25>, 4  <0.25>}
x[0,2]{4  <0.25>, 1  <0.25>, 2  <0.25>, 6  <0.25>}
x[0,3]{0  <1.0>}
x[0,4]{5  <0.25>, 7  <0.25>, 4  <0.25>, 3  <0.25>}
x[0,5]{5  <0.19999999999999998>, 1  <0.19999999999999998>, 2  <0.19999999999999998>, 3  <0.19999999999999998>, 7  <0.19999999999999998>}
x[0,6]{5  <0.19999999999999998>, 1  <0.19999999999999998>, 2  <0.19999999999999998>, 3  <0.19999999999999998>, 7  <0.19999999999999998>}
x[0,7]{5  <0.25>, 6  <0.25>, 7  <0.25>, 3  <0.25>}
x[1,0]{0  <1.0>}
x[1,1]{6  <0.7777777777777778>, 1  <0.2222222222222222>}
x[1,2]{3  <1.0>}
x[1,3]{7  <1.0>}
x[1,4]{2  <1.0>}
x[1,5]{5  <0.5>, 1  <0.5>}
x[1,6]{4  <1.0>}
x[1,7]{5  <0.5>, 6  <0.5>}
x[2,0]{6  <0.16666666666666663>, 1  <0.16666666666666663>, 2  <0.16666666666666663>, 7  <0.16666666666666663>, 4  <0.16666666666666663>, 5  <0.16666666666666663>}
x[2,1]{6  <0.25>, 1  <0.25>, 2  <0.25>, 4  <0.25>}
x[2,2]{4  <0.29411764705882354>, 1  <0.11764705882352941>, 2  <0.17647058823529413>, 6  <0.4117647058823529>}
x[2,3]{3  <1.0>}
x[2,4]{0  <0.25>, 5  <0.25>, 4  <0.25>, 7  <0.25>}
x[2,5]{0  <0.19999999999999998>, 1  <0.19999999999999998>, 2  <0.19999999999999998>, 7  <0.19999999999999998>, 5  <0.19999999999999998>}
x[2,6]{5  <0.25>, 1  <0.25>, 2  <0.25>, 7  <0.25>}
x[2,7]{7  <0.3333333333333333>, 5  <0.3333333333333333>, 6  <0.3333333333333333>}
x[3,0]{2  <0.5>, 1  <0.5>}
x[3,1]{3  <1.0>}
x[3,2]{7  <1.0>}
x[3,3]{5  <1.0>}
x[3,4]{6  <1.0>}
x[3,5]{4  <1.0>}
x[3,6]{2  <0.5>, 1  <0.5>}
x[3,7]{0  <1.0>}
x[4,0]{7  <0.2>, 1  <0.2>, 5  <0.2>, 3  <0.2>, 6  <0.2>}
x[4,1]{0  <1.0>}
x[4,2]{6  <0.5>, 1  <0.5>}
x[4,3]{4  <1.0>}
x[4,4]{7  <0.4444444444444444>, 3  <0.2222222222222222>, 5  <0.3333333333333333>}
x[4,5]{7  <0.25>, 1  <0.25>, 5  <0.25>, 3  <0.25>}
x[4,6]{7  <0.25>, 1  <0.25>, 5  <0.25>, 3  <0.25>}
x[4,7]{2  <1.0>}
x[5,0]{3  <0.5>, 4  <0.5>}
x[5,1]{7  <1.0>}
x[5,2]{5  <1.0>}
x[5,3]{2  <1.0>}
x[5,4]{0  <0.33333333333333337>, 4  <0.33333333333333337>, 3  <0.33333333333333337>}
x[5,5]{0  <0.2>, 3  <0.8>}
x[5,6]{6  <1.0>}
x[5,7]{1  <1.0>}
x[6,0]{5  <0.3333333333333333>, 7  <0.3333333333333333>, 3  <0.3333333333333333>}
x[6,1]{2  <0.5>, 4  <0.5>}
x[6,2]{2  <0.5>, 4  <0.5>}
x[6,3]{6  <1.0>}
x[6,4]{1  <1.0>}
x[6,5]{5  <0.3333333333333333>, 7  <0.3333333333333333>, 3  <0.3333333333333333>}
x[6,6]{0  <1.0>}
x[6,7]{5  <0.3333333333333333>, 7  <0.3333333333333333>, 3  <0.3333333333333333>}
x[7,0]{3  <0.3333333333333333>, 7  <0.3333333333333333>, 2  <0.3333333333333333>}
x[7,1]{5  <1.0>}
x[7,2]{0  <1.0>}
x[7,3]{1  <1.0>}
x[7,4]{3  <0.5>, 7  <0.5>}
x[7,5]{6  <1.0>}
x[7,6]{3  <0.3333333333333333>, 7  <0.3333333333333333>, 2  <0.3333333333333333>}
x[7,7]{4  <1.0>}
problem entropy = 0.0
smallest variable entropy = 1.7976931348623157E308
### branching on x[1,1]=1
##### after BP iteration 1 #####
x[0,0]{7  <0.2285714285714286>, 1  <0.05714285714285715>, 2  <0.08571428571428572>, 3  <0.1142857142857143>, 4  <0.14285714285714285>, 5  <0.17142857142857143>, 6  <0.20000000000000004>}
x[0,1]{6  <0.3333333333333333>, 4  <0.3333333333333333>, 2  <0.3333333333333333>}
x[0,2]{4  <0.25>, 1  <0.25>, 2  <0.25>, 6  <0.25>}
x[0,3]{0  <1.0>}
x[0,4]{5  <0.25>, 7  <0.25>, 4  <0.25>, 3  <0.25>}
x[0,5]{7  <0.25>, 1  <0.25>, 2  <0.25>, 3  <0.25>}
x[0,6]{5  <0.19999999999999998>, 1  <0.19999999999999998>, 2  <0.19999999999999998>, 3  <0.19999999999999998>, 7  <0.19999999999999998>}
x[0,7]{5  <0.3333333333333333>, 3  <0.3333333333333333>, 7  <0.3333333333333333>}
x[1,0]{0  <1.0>}
x[1,1]{1  <1.0>}
x[1,2]{3  <1.0>}
x[1,3]{7  <1.0>}
x[1,4]{2  <1.0>}
x[1,5]{5  <1.0>}
x[1,6]{4  <1.0>}
x[1,7]{6  <1.0>}
x[2,0]{6  <0.16666666666666663>, 1  <0.16666666666666663>, 2  <0.16666666666666663>, 7  <0.16666666666666663>, 4  <0.16666666666666663>, 5  <0.16666666666666663>}
x[2,1]{6  <0.3333333333333333>, 4  <0.3333333333333333>, 2  <0.3333333333333333>}
x[2,2]{4  <0.29411764705882354>, 1  <0.11764705882352941>, 2  <0.17647058823529413>, 6  <0.4117647058823529>}
x[2,3]{3  <1.0>}
x[2,4]{0  <0.25>, 5  <0.25>, 4  <0.25>, 7  <0.25>}
x[2,5]{0  <0.25>, 1  <0.25>, 2  <0.25>, 7  <0.25>}
x[2,6]{5  <0.25>, 1  <0.25>, 2  <0.25>, 7  <0.25>}
x[2,7]{7  <0.5>, 5  <0.5>}
x[3,0]{2  <0.5>, 1  <0.5>}
x[3,1]{3  <1.0>}
x[3,2]{7  <1.0>}
x[3,3]{5  <1.0>}
x[3,4]{6  <1.0>}
x[3,5]{4  <1.0>}
x[3,6]{2  <0.5>, 1  <0.5>}
x[3,7]{0  <1.0>}
x[4,0]{7  <0.19999999999999998>, 1  <0.19999999999999998>, 5  <0.19999999999999998>, 3  <0.19999999999999998>, 6  <0.19999999999999998>}
x[4,1]{0  <1.0>}
x[4,2]{6  <0.5>, 1  <0.5>}
x[4,3]{4  <1.0>}
x[4,4]{7  <0.4444444444444444>, 3  <0.2222222222222222>, 5  <0.3333333333333333>}
x[4,5]{7  <0.3333333333333333>, 1  <0.3333333333333333>, 3  <0.3333333333333333>}
x[4,6]{7  <0.25>, 1  <0.25>, 5  <0.25>, 3  <0.25>}
x[4,7]{2  <1.0>}
x[5,0]{3  <0.5>, 4  <0.5>}
x[5,1]{7  <1.0>}
x[5,2]{5  <1.0>}
x[5,3]{2  <1.0>}
x[5,4]{0  <0.33333333333333337>, 4  <0.33333333333333337>, 3  <0.33333333333333337>}
x[5,5]{0  <0.2>, 3  <0.8>}
x[5,6]{6  <1.0>}
x[5,7]{1  <1.0>}
x[6,0]{5  <0.3333333333333333>, 7  <0.3333333333333333>, 3  <0.3333333333333333>}
x[6,1]{2  <0.5>, 4  <0.5>}
x[6,2]{2  <0.5>, 4  <0.5>}
x[6,3]{6  <1.0>}
x[6,4]{1  <1.0>}
x[6,5]{3  <0.5>, 7  <0.5>}
x[6,6]{0  <1.0>}
x[6,7]{5  <0.3333333333333333>, 7  <0.3333333333333333>, 3  <0.3333333333333333>}
x[7,0]{3  <0.3333333333333333>, 7  <0.3333333333333333>, 2  <0.3333333333333333>}
x[7,1]{5  <1.0>}
x[7,2]{0  <1.0>}
x[7,3]{1  <1.0>}
x[7,4]{3  <0.5>, 7  <0.5>}
x[7,5]{6  <1.0>}
x[7,6]{3  <0.3333333333333333>, 7  <0.3333333333333333>, 2  <0.3333333333333333>}
x[7,7]{4  <1.0>}
problem entropy = 0.0
smallest variable entropy = 1.7976931348623157E308
### branching on x[2,7]=5
##### after BP iteration 1 #####
x[0,0]{7  <0.27586206896551724>, 1  <0.06896551724137931>, 2  <0.10344827586206896>, 3  <0.13793103448275862>, 4  <0.17241379310344826>, 6  <0.2413793103448276>}
x[0,1]{6  <0.33333333333333337>, 4  <0.33333333333333337>, 2  <0.33333333333333337>}
x[0,2]{4  <0.25>, 1  <0.25>, 2  <0.25>, 6  <0.25>}
x[0,3]{0  <1.0>}
x[0,4]{5  <0.25>, 7  <0.25>, 4  <0.25>, 3  <0.25>}
x[0,5]{7  <0.25>, 1  <0.25>, 2  <0.25>, 3  <0.25>}
x[0,6]{5  <0.2>, 1  <0.2>, 2  <0.2>, 3  <0.2>, 7  <0.2>}
x[0,7]{7  <0.5>, 3  <0.5>}
x[1,0]{0  <1.0>}
x[1,1]{1  <1.0>}
x[1,2]{3  <1.0>}
x[1,3]{7  <1.0>}
x[1,4]{2  <1.0>}
x[1,5]{5  <1.0>}
x[1,6]{4  <1.0>}
x[1,7]{6  <1.0>}
x[2,0]{6  <0.2>, 1  <0.2>, 2  <0.2>, 7  <0.2>, 4  <0.2>}
x[2,1]{6  <0.33333333333333337>, 4  <0.33333333333333337>, 2  <0.33333333333333337>}
x[2,2]{4  <0.29411764705882354>, 1  <0.11764705882352941>, 2  <0.17647058823529413>, 6  <0.4117647058823529>}
x[2,3]{3  <1.0>}
x[2,4]{0  <0.3333333333333333>, 7  <0.3333333333333333>, 4  <0.3333333333333333>}
x[2,5]{0  <0.25>, 1  <0.25>, 2  <0.25>, 7  <0.25>}
x[2,6]{7  <0.33333333333333337>, 1  <0.33333333333333337>, 2  <0.33333333333333337>}
x[2,7]{5  <1.0>}
x[3,0]{2  <0.5>, 1  <0.5>}
x[3,1]{3  <1.0>}
x[3,2]{7  <1.0>}
x[3,3]{5  <1.0>}
x[3,4]{6  <1.0>}
x[3,5]{4  <1.0>}
x[3,6]{2  <0.5>, 1  <0.5>}
x[3,7]{0  <1.0>}
x[4,0]{7  <0.25>, 1  <0.25>, 6  <0.25>, 3  <0.25>}
x[4,1]{0  <1.0>}
x[4,2]{6  <0.5>, 1  <0.5>}
x[4,3]{4  <1.0>}
x[4,4]{7  <0.4444444444444444>, 3  <0.2222222222222222>, 5  <0.3333333333333333>}
x[4,5]{7  <0.3333333333333333>, 1  <0.3333333333333333>, 3  <0.3333333333333333>}
x[4,6]{7  <0.25>, 1  <0.25>, 5  <0.25>, 3  <0.25>}
x[4,7]{2  <1.0>}
x[5,0]{3  <0.5>, 4  <0.5>}
x[5,1]{7  <1.0>}
x[5,2]{5  <1.0>}
x[5,3]{2  <1.0>}
x[5,4]{0  <0.3333333333333333>, 4  <0.3333333333333333>, 3  <0.3333333333333333>}
x[5,5]{0  <0.2>, 3  <0.8>}
x[5,6]{6  <1.0>}
x[5,7]{1  <1.0>}
x[6,0]{5  <1.0>}
x[6,1]{2  <0.5>, 4  <0.5>}
x[6,2]{2  <0.5>, 4  <0.5>}
x[6,3]{6  <1.0>}
x[6,4]{1  <1.0>}
x[6,5]{3  <0.5>, 7  <0.5>}
x[6,6]{0  <1.0>}
x[6,7]{3  <0.5>, 7  <0.5>}
x[7,0]{3  <0.33333333333333337>, 7  <0.33333333333333337>, 2  <0.33333333333333337>}
x[7,1]{5  <1.0>}
x[7,2]{0  <1.0>}
x[7,3]{1  <1.0>}
x[7,4]{3  <0.5>, 7  <0.5>}
x[7,5]{6  <1.0>}
x[7,6]{3  <0.33333333333333337>, 7  <0.33333333333333337>, 2  <0.33333333333333337>}
x[7,7]{4  <1.0>}
problem entropy = 0.0
smallest variable entropy = 1.7976931348623157E308
### branching on x[0,7]=7
##### after BP iteration 1 #####
x[0,0]{6  <0.33333333333333337>, 1  <0.09523809523809525>, 2  <0.14285714285714288>, 3  <0.1904761904761905>, 4  <0.2380952380952381>}
x[0,1]{6  <0.3333333333333333>, 4  <0.3333333333333333>, 2  <0.3333333333333333>}
x[0,2]{4  <0.25>, 1  <0.25>, 2  <0.25>, 6  <0.25>}
x[0,3]{0  <1.0>}
x[0,4]{5  <0.3333333333333333>, 3  <0.3333333333333333>, 4  <0.3333333333333333>}
x[0,5]{3  <0.3333333333333333>, 1  <0.3333333333333333>, 2  <0.3333333333333333>}
x[0,6]{5  <0.25>, 1  <0.25>, 2  <0.25>, 3  <0.25>}
x[0,7]{7  <1.0>}
x[1,0]{0  <1.0>}
x[1,1]{1  <1.0>}
x[1,2]{3  <1.0>}
x[1,3]{7  <1.0>}
x[1,4]{2  <1.0>}
x[1,5]{5  <1.0>}
x[1,6]{4  <1.0>}
x[1,7]{6  <1.0>}
x[2,0]{6  <0.2>, 1  <0.2>, 2  <0.2>, 7  <0.2>, 4  <0.2>}
x[2,1]{6  <0.3333333333333333>, 4  <0.3333333333333333>, 2  <0.3333333333333333>}
x[2,2]{4  <0.29411764705882354>, 1  <0.11764705882352941>, 2  <0.17647058823529413>, 6  <0.4117647058823529>}
x[2,3]{3  <1.0>}
x[2,4]{0  <0.3333333333333333>, 7  <0.3333333333333333>, 4  <0.3333333333333333>}
x[2,5]{0  <0.3333333333333333>, 1  <0.3333333333333333>, 2  <0.3333333333333333>}
x[2,6]{7  <0.3333333333333333>, 1  <0.3333333333333333>, 2  <0.3333333333333333>}
x[2,7]{5  <1.0>}
x[3,0]{2  <0.5>, 1  <0.5>}
x[3,1]{3  <1.0>}
x[3,2]{7  <1.0>}
x[3,3]{5  <1.0>}
x[3,4]{6  <1.0>}
x[3,5]{4  <1.0>}
x[3,6]{2  <0.5>, 1  <0.5>}
x[3,7]{0  <1.0>}
x[4,0]{7  <0.25>, 1  <0.25>, 6  <0.25>, 3  <0.25>}
x[4,1]{0  <1.0>}
x[4,2]{6  <0.5>, 1  <0.5>}
x[4,3]{4  <1.0>}
x[4,4]{7  <0.4444444444444444>, 3  <0.2222222222222222>, 5  <0.3333333333333333>}
x[4,5]{3  <0.5>, 1  <0.5>}
x[4,6]{7  <0.25>, 1  <0.25>, 5  <0.25>, 3  <0.25>}
x[4,7]{2  <1.0>}
x[5,0]{3  <0.5>, 4  <0.5>}
x[5,1]{7  <1.0>}
x[5,2]{5  <1.0>}
x[5,3]{2  <1.0>}
x[5,4]{0  <0.3333333333333333>, 4  <0.3333333333333333>, 3  <0.3333333333333333>}
x[5,5]{0  <0.2>, 3  <0.8>}
x[5,6]{6  <1.0>}
x[5,7]{1  <1.0>}
x[6,0]{5  <1.0>}
x[6,1]{2  <0.5>, 4  <0.5>}
x[6,2]{2  <0.5>, 4  <0.5>}
x[6,3]{6  <1.0>}
x[6,4]{1  <1.0>}
x[6,5]{7  <1.0>}
x[6,6]{0  <1.0>}
x[6,7]{3  <1.0>}
x[7,0]{3  <0.3333333333333333>, 7  <0.3333333333333333>, 2  <0.3333333333333333>}
x[7,1]{5  <1.0>}
x[7,2]{0  <1.0>}
x[7,3]{1  <1.0>}
x[7,4]{3  <0.5>, 7  <0.5>}
x[7,5]{6  <1.0>}
x[7,6]{3  <0.3333333333333333>, 7  <0.3333333333333333>, 2  <0.3333333333333333>}
x[7,7]{4  <1.0>}
problem entropy = 0.0
smallest variable entropy = 1.7976931348623157E308
### branching on x[3,0]=2
##### after BP iteration 1 #####
x[0,0]{6  <0.3888888888888889>, 1  <0.1111111111111111>, 4  <0.2777777777777778>, 3  <0.2222222222222222>}
x[0,1]{6  <0.3333333333333333>, 4  <0.3333333333333333>, 2  <0.3333333333333333>}
x[0,2]{4  <0.25>, 1  <0.25>, 2  <0.25>, 6  <0.25>}
x[0,3]{0  <1.0>}
x[0,4]{5  <0.3333333333333333>, 3  <0.3333333333333333>, 4  <0.3333333333333333>}
x[0,5]{3  <0.3333333333333333>, 1  <0.3333333333333333>, 2  <0.3333333333333333>}
x[0,6]{5  <0.5>, 3  <0.5>}
x[0,7]{7  <1.0>}
x[1,0]{0  <1.0>}
x[1,1]{1  <1.0>}
x[1,2]{3  <1.0>}
x[1,3]{7  <1.0>}
x[1,4]{2  <1.0>}
x[1,5]{5  <1.0>}
x[1,6]{4  <1.0>}
x[1,7]{6  <1.0>}
x[2,0]{6  <0.3333333333333333>, 1  <0.3333333333333333>, 4  <0.3333333333333333>}
x[2,1]{6  <0.3333333333333333>, 4  <0.3333333333333333>, 2  <0.3333333333333333>}
x[2,2]{4  <0.29411764705882354>, 1  <0.11764705882352941>, 2  <0.17647058823529413>, 6  <0.4117647058823529>}
x[2,3]{3  <1.0>}
x[2,4]{0  <0.5>, 4  <0.5>}
x[2,5]{0  <0.3333333333333333>, 1  <0.3333333333333333>, 2  <0.3333333333333333>}
x[2,6]{7  <1.0>}
x[2,7]{5  <1.0>}
x[3,0]{2  <1.0>}
x[3,1]{3  <1.0>}
x[3,2]{7  <1.0>}
x[3,3]{5  <1.0>}
x[3,4]{6  <1.0>}
x[3,5]{4  <1.0>}
x[3,6]{1  <1.0>}
x[3,7]{0  <1.0>}
x[4,0]{7  <0.25>, 1  <0.25>, 6  <0.25>, 3  <0.25>}
x[4,1]{0  <1.0>}
x[4,2]{6  <0.5>, 1  <0.5>}
x[4,3]{4  <1.0>}
x[4,4]{7  <0.4444444444444444>, 3  <0.2222222222222222>, 5  <0.3333333333333333>}
x[4,5]{3  <0.5>, 1  <0.5>}
x[4,6]{5  <0.5>, 3  <0.5>}
x[4,7]{2  <1.0>}
x[5,0]{3  <0.5>, 4  <0.5>}
x[5,1]{7  <1.0>}
x[5,2]{5  <1.0>}
x[5,3]{2  <1.0>}
x[5,4]{0  <0.3333333333333333>, 4  <0.3333333333333333>, 3  <0.3333333333333333>}
x[5,5]{0  <0.2>, 3  <0.8>}
x[5,6]{6  <1.0>}
x[5,7]{1  <1.0>}
x[6,0]{5  <1.0>}
x[6,1]{2  <0.5>, 4  <0.5>}
x[6,2]{2  <0.5>, 4  <0.5>}
x[6,3]{6  <1.0>}
x[6,4]{1  <1.0>}
x[6,5]{7  <1.0>}
x[6,6]{0  <1.0>}
x[6,7]{3  <1.0>}
x[7,0]{3  <0.5>, 7  <0.5>}
x[7,1]{5  <1.0>}
x[7,2]{0  <1.0>}
x[7,3]{1  <1.0>}
x[7,4]{3  <0.5>, 7  <0.5>}
x[7,5]{6  <1.0>}
x[7,6]{2  <1.0>}
x[7,7]{4  <1.0>}
problem entropy = 0.0
smallest variable entropy = 1.7976931348623157E308
### branching on x[0,6]=5
##### after BP iteration 1 #####
x[0,0]{6  <0.7777777777777778>, 1  <0.2222222222222222>}
x[0,1]{6  <0.3333333333333333>, 4  <0.3333333333333333>, 2  <0.3333333333333333>}
x[0,2]{4  <0.3333333333333333>, 1  <0.3333333333333333>, 2  <0.3333333333333333>}
x[0,3]{0  <1.0>}
x[0,4]{4  <0.5>, 3  <0.5>}
x[0,5]{3  <0.5>, 2  <0.5>}
x[0,6]{5  <1.0>}
x[0,7]{7  <1.0>}
x[1,0]{0  <1.0>}
x[1,1]{1  <1.0>}
x[1,2]{3  <1.0>}
x[1,3]{7  <1.0>}
x[1,4]{2  <1.0>}
x[1,5]{5  <1.0>}
x[1,6]{4  <1.0>}
x[1,7]{6  <1.0>}
x[2,0]{6  <0.5>, 1  <0.5>}
x[2,1]{6  <0.33333333333333337>, 4  <0.33333333333333337>, 2  <0.33333333333333337>}
x[2,2]{4  <0.5>, 1  <0.2>, 2  <0.3>}
x[2,3]{3  <1.0>}
x[2,4]{0  <0.5>, 4  <0.5>}
x[2,5]{0  <0.5>, 2  <0.5>}
x[2,6]{7  <1.0>}
x[2,7]{5  <1.0>}
x[3,0]{2  <1.0>}
x[3,1]{3  <1.0>}
x[3,2]{7  <1.0>}
x[3,3]{5  <1.0>}
x[3,4]{6  <1.0>}
x[3,5]{4  <1.0>}
x[3,6]{1  <1.0>}
x[3,7]{0  <1.0>}
x[4,0]{7  <1.0>}
x[4,1]{0  <1.0>}
x[4,2]{6  <1.0>}
x[4,3]{4  <1.0>}
x[4,4]{5  <1.0>}
x[4,5]{1  <1.0>}
x[4,6]{3  <1.0>}
x[4,7]{2  <1.0>}
x[5,0]{4  <1.0>}
x[5,1]{7  <1.0>}
x[5,2]{5  <1.0>}
x[5,3]{2  <1.0>}
x[5,4]{0  <0.5>, 3  <0.5>}
x[5,5]{0  <0.2>, 3  <0.8>}
x[5,6]{6  <1.0>}
x[5,7]{1  <1.0>}
x[6,0]{5  <1.0>}
x[6,1]{2  <0.5>, 4  <0.5>}
x[6,2]{2  <0.5>, 4  <0.5>}
x[6,3]{6  <1.0>}
x[6,4]{1  <1.0>}
x[6,5]{7  <1.0>}
x[6,6]{0  <1.0>}
x[6,7]{3  <1.0>}
x[7,0]{3  <1.0>}
x[7,1]{5  <1.0>}
x[7,2]{0  <1.0>}
x[7,3]{1  <1.0>}
x[7,4]{7  <1.0>}
x[7,5]{6  <1.0>}
x[7,6]{2  <1.0>}
x[7,7]{4  <1.0>}
problem entropy = 0.0
smallest variable entropy = 1.7976931348623157E308
### branching on x[0,0]=1
##### after BP iteration 1 #####
x[0,0]{1  <1.0>}
x[0,1]{6  <1.0>}
x[0,2]{4  <0.5>, 2  <0.5>}
x[0,3]{0  <1.0>}
x[0,4]{4  <0.5>, 3  <0.5>}
x[0,5]{3  <0.5>, 2  <0.5>}
x[0,6]{5  <1.0>}
x[0,7]{7  <1.0>}
x[1,0]{0  <1.0>}
x[1,1]{1  <1.0>}
x[1,2]{3  <1.0>}
x[1,3]{7  <1.0>}
x[1,4]{2  <1.0>}
x[1,5]{5  <1.0>}
x[1,6]{4  <1.0>}
x[1,7]{6  <1.0>}
x[2,0]{6  <1.0>}
x[2,1]{2  <0.5>, 4  <0.5>}
x[2,2]{1  <1.0>}
x[2,3]{3  <1.0>}
x[2,4]{0  <0.5>, 4  <0.5>}
x[2,5]{0  <0.5>, 2  <0.5>}
x[2,6]{7  <1.0>}
x[2,7]{5  <1.0>}
x[3,0]{2  <1.0>}
x[3,1]{3  <1.0>}
x[3,2]{7  <1.0>}
x[3,3]{5  <1.0>}
x[3,4]{6  <1.0>}
x[3,5]{4  <1.0>}
x[3,6]{1  <1.0>}
x[3,7]{0  <1.0>}
x[4,0]{7  <1.0>}
x[4,1]{0  <1.0>}
x[4,2]{6  <1.0>}
x[4,3]{4  <1.0>}
x[4,4]{5  <1.0>}
x[4,5]{1  <1.0>}
x[4,6]{3  <1.0>}
x[4,7]{2  <1.0>}
x[5,0]{4  <1.0>}
x[5,1]{7  <1.0>}
x[5,2]{5  <1.0>}
x[5,3]{2  <1.0>}
x[5,4]{0  <0.5>, 3  <0.5>}
x[5,5]{0  <0.2>, 3  <0.8>}
x[5,6]{6  <1.0>}
x[5,7]{1  <1.0>}
x[6,0]{5  <1.0>}
x[6,1]{2  <0.5>, 4  <0.5>}
x[6,2]{2  <0.5>, 4  <0.5>}
x[6,3]{6  <1.0>}
x[6,4]{1  <1.0>}
x[6,5]{7  <1.0>}
x[6,6]{0  <1.0>}
x[6,7]{3  <1.0>}
x[7,0]{3  <1.0>}
x[7,1]{5  <1.0>}
x[7,2]{0  <1.0>}
x[7,3]{1  <1.0>}
x[7,4]{7  <1.0>}
x[7,5]{6  <1.0>}
x[7,6]{2  <1.0>}
x[7,7]{4  <1.0>}
problem entropy = 0.0
smallest variable entropy = 1.7976931348623157E308
### branching on x[0,2]=2
##### after BP iteration 1 #####
x[0,0]{1  <1.0>}
x[0,1]{6  <1.0>}
x[0,2]{2  <1.0>}
x[0,3]{0  <1.0>}
x[0,4]{4  <1.0>}
x[0,5]{3  <1.0>}
x[0,6]{5  <1.0>}
x[0,7]{7  <1.0>}
x[1,0]{0  <1.0>}
x[1,1]{1  <1.0>}
x[1,2]{3  <1.0>}
x[1,3]{7  <1.0>}
x[1,4]{2  <1.0>}
x[1,5]{5  <1.0>}
x[1,6]{4  <1.0>}
x[1,7]{6  <1.0>}
x[2,0]{6  <1.0>}
x[2,1]{4  <1.0>}
x[2,2]{1  <1.0>}
x[2,3]{3  <1.0>}
x[2,4]{0  <1.0>}
x[2,5]{2  <1.0>}
x[2,6]{7  <1.0>}
x[2,7]{5  <1.0>}
x[3,0]{2  <1.0>}
x[3,1]{3  <1.0>}
x[3,2]{7  <1.0>}
x[3,3]{5  <1.0>}
x[3,4]{6  <1.0>}
x[3,5]{4  <1.0>}
x[3,6]{1  <1.0>}
x[3,7]{0  <1.0>}
x[4,0]{7  <1.0>}
x[4,1]{0  <1.0>}
x[4,2]{6  <1.0>}
x[4,3]{4  <1.0>}
x[4,4]{5  <1.0>}
x[4,5]{1  <1.0>}
x[4,6]{3  <1.0>}
x[4,7]{2  <1.0>}
x[5,0]{4  <1.0>}
x[5,1]{7  <1.0>}
x[5,2]{5  <1.0>}
x[5,3]{2  <1.0>}
x[5,4]{3  <1.0>}
x[5,5]{0  <1.0>}
x[5,6]{6  <1.0>}
x[5,7]{1  <1.0>}
x[6,0]{5  <1.0>}
x[6,1]{2  <1.0>}
x[6,2]{4  <1.0>}
x[6,3]{6  <1.0>}
x[6,4]{1  <1.0>}
x[6,5]{7  <1.0>}
x[6,6]{0  <1.0>}
x[6,7]{3  <1.0>}
x[7,0]{3  <1.0>}
x[7,1]{5  <1.0>}
x[7,2]{0  <1.0>}
x[7,3]{1  <1.0>}
x[7,4]{7  <1.0>}
x[7,5]{6  <1.0>}
x[7,6]{2  <1.0>}
x[7,7]{4  <1.0>}
problem entropy = 0.0
smallest variable entropy = 1.7976931348623157E308
### branching on x[0,2]!=2
##### after BP iteration 1 #####
x[0,0]{1  <1.0>}
x[0,1]{6  <1.0>}
x[0,2]{4  <1.0>}
x[0,3]{0  <1.0>}
x[0,4]{3  <1.0>}
x[0,5]{2  <1.0>}
x[0,6]{5  <1.0>}
x[0,7]{7  <1.0>}
x[1,0]{0  <1.0>}
x[1,1]{1  <1.0>}
x[1,2]{3  <1.0>}
x[1,3]{7  <1.0>}
x[1,4]{2  <1.0>}
x[1,5]{5  <1.0>}
x[1,6]{4  <1.0>}
x[1,7]{6  <1.0>}
x[2,0]{6  <1.0>}
x[2,1]{2  <1.0>}
x[2,2]{1  <1.0>}
x[2,3]{3  <1.0>}
x[2,4]{4  <1.0>}
x[2,5]{0  <1.0>}
x[2,6]{7  <1.0>}
x[2,7]{5  <1.0>}
x[3,0]{2  <1.0>}
x[3,1]{3  <1.0>}
x[3,2]{7  <1.0>}
x[3,3]{5  <1.0>}
x[3,4]{6  <1.0>}
x[3,5]{4  <1.0>}
x[3,6]{1  <1.0>}
x[3,7]{0  <1.0>}
x[4,0]{7  <1.0>}
x[4,1]{0  <1.0>}
x[4,2]{6  <1.0>}
x[4,3]{4  <1.0>}
x[4,4]{5  <1.0>}
x[4,5]{1  <1.0>}
x[4,6]{3  <1.0>}
x[4,7]{2  <1.0>}
x[5,0]{4  <1.0>}
x[5,1]{7  <1.0>}
x[5,2]{5  <1.0>}
x[5,3]{2  <1.0>}
x[5,4]{0  <1.0>}
x[5,5]{3  <1.0>}
x[5,6]{6  <1.0>}
x[5,7]{1  <1.0>}
x[6,0]{5  <1.0>}
x[6,1]{4  <1.0>}
x[6,2]{2  <1.0>}
x[6,3]{6  <1.0>}
x[6,4]{1  <1.0>}
x[6,5]{7  <1.0>}
x[6,6]{0  <1.0>}
x[6,7]{3  <1.0>}
x[7,0]{3  <1.0>}
x[7,1]{5  <1.0>}
x[7,2]{0  <1.0>}
x[7,3]{1  <1.0>}
x[7,4]{7  <1.0>}
x[7,5]{6  <1.0>}
x[7,6]{2  <1.0>}
x[7,7]{4  <1.0>}
problem entropy = 0.0
smallest variable entropy = 1.7976931348623157E308

	#choice: 10
	#fail: 0
	execution time (ms): 81
	#sols : 1
	completed : false

