{7  <1.0>, 1  <1.0>}
model: sum-product-no-init
FINAL DAMPING FACTOR = 1.0
##### after BP iteration 1 #####
x[0,0]{7  <0.4320393025720065>, 1  <0.5679606974279935>}
x[0,1]{0  <1.0>}
x[0,2]{7  <0.05922865013774104>, 6  <0.14600550964187328>, 2  <0.026170798898071623>, 3  <0.768595041322314>}
x[0,3]{4  <1.0>}
x[0,4]{2  <0.5679606974279935>, 1  <0.4320393025720065>}
x[0,5]{5  <1.0>}
x[0,6]{7  <0.4599684725794408>, 6  <0.2963577532564506>, 2  <0.24367377416410851>}
x[0,7]{6  <0.30386936457223995>, 3  <0.5740149094781684>, 2  <0.12211572594959177>}
x[1,0]{2  <1.0>}
x[1,1]{4  <0.7017543859649122>, 3  <0.2982456140350877>}
x[1,2]{5  <1.0>}
x[1,3]{0  <1.0>}
x[1,4]{6  <1.0>}
x[1,5]{4  <0.27027027027027023>, 3  <0.7297297297297297>}
x[1,6]{1  <1.0>}
x[1,7]{7  <1.0>}
x[2,0]{5  <0.34662853702588814>, 3  <0.653371462974112>}
x[2,1]{2  <1.0>}
x[2,2]{3  <0.17546174142480214>, 4  <0.5807387862796833>, 6  <0.24379947229551452>}
x[2,3]{7  <1.0>}
x[2,4]{0  <1.0>}
x[2,5]{1  <1.0>}
x[2,6]{5  <0.32845577512948154>, 4  <0.4754362146125609>, 6  <0.1961080102579574>}
x[2,7]{5  <0.15915248350121566>, 4  <0.5130253560263982>, 6  <0.17415769364362624>, 3  <0.15366446682876>}
x[3,0]{7  <0.4847236385886191>, 1  <0.5152763614113809>}
x[3,1]{4  <0.45343447113358615>, 3  <0.5465655288664139>}
x[3,2]{0  <0.10958904109589042>, 6  <0.39401908023483356>, 2  <0.09803082191780818>, 3  <0.0939334637964775>, 4  <0.16438356164383564>, 7  <0.1400440313111546>}
x[3,3]{5  <1.0>}
x[3,4]{2  <0.5152763614113808>, 1  <0.4847236385886193>}
x[3,5]{0  <0.41564826520578735>, 3  <0.2921758673971064>, 4  <0.2921758673971064>}
x[3,6]{0  <0.14433253083083575>, 7  <0.3025499926300791>, 2  <0.18336363189701763>, 6  <0.2655136834864639>, 4  <0.10424016115560361>}
x[3,7]{0  <0.24765722333568058>, 6  <0.36059801744217546>, 2  <0.1716050051459834>, 3  <0.06879367314880017>, 4  <0.15134608092736038>}
x[4,0]{0  <1.0>}
x[4,1]{6  <1.0>}
x[4,2]{7  <0.5868274846858826>, 3  <0.19013248492331064>, 4  <0.22304003039080675>}
x[4,3]{1  <1.0>}
x[4,4]{4  <0.30639097744360894>, 3  <0.6936090225563909>}
x[4,5]{2  <1.0>}
x[4,6]{7  <0.28258626619282357>, 5  <0.5183996331537316>, 4  <0.19901410065344488>}
x[4,7]{3  <0.09392762851374438>, 5  <0.6625562975617332>, 4  <0.24351607392452249>}
x[5,0]{4  <1.0>}
x[5,1]{1  <1.0>}
x[5,2]{0  <0.6124441964285714>, 2  <0.3875558035714286>}
x[5,3]{6  <1.0>}
x[5,4]{5  <1.0>}
x[5,5]{7  <1.0>}
x[5,6]{3  <1.0>}
x[5,7]{0  <0.26671459381739765>, 2  <0.7332854061826023>}
x[6,0]{6  <1.0>}
x[6,1]{5  <1.0>}
x[6,2]{0  <0.20582666585231787>, 4  <0.4031026690282783>, 2  <0.39107066511940386>}
x[6,3]{3  <1.0>}
x[6,4]{7  <1.0>}
x[6,5]{0  <0.44940337827367116>, 4  <0.5505966217263288>}
x[6,6]{0  <0.10554203064585423>, 4  <0.32135185450379494>, 2  <0.5731061148503508>}
x[6,7]{1  <1.0>}
x[7,0]{3  <0.4357541899441342>, 5  <0.5642458100558659>}
x[7,1]{7  <1.0>}
x[7,2]{1  <1.0>}
x[7,3]{2  <1.0>}
x[7,4]{3  <0.28025477707006374>, 4  <0.7197452229299364>}
x[7,5]{6  <1.0>}
x[7,6]{0  <0.7682626538987688>, 4  <0.10725034199726403>, 5  <0.1244870041039672>}
x[7,7]{0  <0.3978349120433017>, 4  <0.31123139377537223>, 5  <0.13193504736129905>, 3  <0.1589986468200271>}
problem entropy = 0.0
smallest variable entropy = 1.7976931348623157E308
### branching on x[0,0]=1
##### after BP iteration 1 #####
x[0,0]{1  <1.0>}
x[0,1]{0  <1.0>}
x[0,2]{7  <0.30545604151059047>, 6  <0.24208645418056324>, 3  <0.45245750430884635>}
x[0,3]{4  <1.0>}
x[0,4]{2  <1.0>}
x[0,5]{5  <1.0>}
x[0,6]{7  <0.9040391852341764>, 6  <0.09596081476582355>}
x[0,7]{6  <0.654098594983108>, 3  <0.34590140501689204>}
x[1,0]{2  <1.0>}
x[1,1]{4  <0.7649577317110465>, 3  <0.23504226828895342>}
x[1,2]{5  <1.0>}
x[1,3]{0  <1.0>}
x[1,4]{6  <1.0>}
x[1,5]{4  <0.21792074233821923>, 3  <0.7820792576617809>}
x[1,6]{1  <1.0>}
x[1,7]{7  <1.0>}
x[2,0]{5  <0.31343621189185256>, 3  <0.6865637881081474>}
x[2,1]{2  <1.0>}
x[2,2]{3  <0.10087749787767818>, 4  <0.320465271197969>, 6  <0.5786572309243527>}
x[2,3]{7  <1.0>}
x[2,4]{0  <1.0>}
x[2,5]{1  <1.0>}
x[2,6]{5  <0.4918863980625468>, 4  <0.18846278386857432>, 6  <0.31965081806887885>}
x[2,7]{5  <0.2023962488140385>, 4  <0.29436988160556327>, 6  <0.390899798863457>, 3  <0.1123340707169413>}
x[3,0]{7  <1.0>}
x[3,1]{4  <0.23103032648437719>, 3  <0.7689696735156228>}
x[3,2]{0  <0.1638301331119868>, 6  <0.4443512923042444>, 2  <0.23474734350999962>, 3  <0.05126427010561133>, 4  <0.10580696096815811>}
x[3,3]{5  <1.0>}
x[3,4]{1  <1.0>}
x[3,5]{0  <0.6344018056949147>, 3  <0.18279909715254264>, 4  <0.18279909715254264>}
x[3,6]{0  <0.10857054758423834>, 4  <0.09513433289879361>, 2  <0.4388269786060859>, 6  <0.3574681409108822>}
x[3,7]{0  <0.2277780824168676>, 6  <0.25368800858388646>, 2  <0.40075455061454635>, 3  <0.045058314494190066>, 4  <0.07272104389050958>}
x[4,0]{0  <1.0>}
x[4,1]{6  <1.0>}
x[4,2]{7  <0.9446093181135979>, 3  <0.03384786140811404>, 4  <0.021542820478288073>}
x[4,3]{1  <1.0>}
x[4,4]{4  <0.1733850115225184>, 3  <0.8266149884774816>}
x[4,5]{2  <1.0>}
x[4,6]{7  <0.2184686603022844>, 5  <0.5553555236676495>, 4  <0.22617581603006626>}
x[4,7]{3  <0.10975627042458157>, 5  <0.5254143132124254>, 4  <0.36482941636299304>}
x[5,0]{4  <1.0>}
x[5,1]{1  <1.0>}
x[5,2]{0  <0.7708215803879442>, 2  <0.22917841961205568>}
x[5,3]{6  <1.0>}
x[5,4]{5  <1.0>}
x[5,5]{7  <1.0>}
x[5,6]{3  <1.0>}
x[5,7]{0  <0.12596161125600097>, 2  <0.874038388743999>}
x[6,0]{6  <1.0>}
x[6,1]{5  <1.0>}
x[6,2]{0  <0.35095781446569374>, 4  <0.2527311269287222>, 2  <0.39631105860558397>}
x[6,3]{3  <1.0>}
x[6,4]{7  <1.0>}
x[6,5]{0  <0.619229027243556>, 4  <0.38077097275644406>}
x[6,6]{0  <0.07923862740920984>, 4  <0.16337035879919173>, 2  <0.7573910137915983>}
x[6,7]{1  <1.0>}
x[7,0]{3  <0.3415828247201349>, 5  <0.6584171752798651>}
x[7,1]{7  <1.0>}
x[7,2]{1  <1.0>}
x[7,3]{2  <1.0>}
x[7,4]{3  <0.39677250725268054>, 4  <0.6032274927473193>}
x[7,5]{6  <1.0>}
x[7,6]{0  <0.6863366435994752>, 4  <0.11707560112858768>, 5  <0.1965877552719371>}
x[7,7]{0  <0.4382901762505251>, 4  <0.20141431304323143>, 5  <0.1730995704004922>, 3  <0.1871959403057513>}
problem entropy = 0.0
smallest variable entropy = 1.7976931348623157E308
### branching on x[0,6]=7
### branching on x[0,2]=6
##### after BP iteration 1 #####
x[0,0]{1  <1.0>}
x[0,1]{0  <1.0>}
x[0,2]{6  <1.0>}
x[0,3]{4  <1.0>}
x[0,4]{2  <1.0>}
x[0,5]{5  <1.0>}
x[0,6]{7  <1.0>}
x[0,7]{3  <1.0>}
x[1,0]{2  <1.0>}
x[1,1]{4  <0.8354369491155271>, 3  <0.16456305088447296>}
x[1,2]{5  <1.0>}
x[1,3]{0  <1.0>}
x[1,4]{6  <1.0>}
x[1,5]{4  <0.21211650057893597>, 3  <0.787883499421064>}
x[1,6]{1  <1.0>}
x[1,7]{7  <1.0>}
x[2,0]{5  <1.0>}
x[2,1]{2  <1.0>}
x[2,2]{3  <1.0>}
x[2,3]{7  <1.0>}
x[2,4]{0  <1.0>}
x[2,5]{1  <1.0>}
x[2,6]{6  <0.683025997732869>, 4  <0.31697400226713096>}
x[2,7]{6  <0.6205588504243752>, 4  <0.37944114957562475>}
x[3,0]{7  <1.0>}
x[3,1]{4  <0.12323815690880632>, 3  <0.8767618430911936>}
x[3,2]{0  <0.11930664908904087>, 4  <0.396424969321766>, 2  <0.48426838158919316>}
x[3,3]{5  <1.0>}
x[3,4]{1  <1.0>}
x[3,5]{0  <0.4076297922711514>, 3  <0.1766718163401829>, 4  <0.41569839138866566>}
x[3,6]{0  <0.07767237539532867>, 4  <0.13879694917507604>, 2  <0.3094339387905576>, 6  <0.47409673663903773>}
x[3,7]{0  <0.17845317724025458>, 6  <0.3987440817306002>, 2  <0.2530872365635379>, 4  <0.16971550446560735>}
x[4,0]{0  <1.0>}
x[4,1]{6  <1.0>}
x[4,2]{7  <1.0>}
x[4,3]{1  <1.0>}
x[4,4]{3  <1.0>}
x[4,5]{2  <1.0>}
x[4,6]{4  <0.36964637109279275>, 5  <0.6303536289072073>}
x[4,7]{4  <0.781275465067717>, 5  <0.21872453493228308>}
x[5,0]{4  <1.0>}
x[5,1]{1  <1.0>}
x[5,2]{0  <0.8549471132533927>, 2  <0.1450528867466072>}
x[5,3]{6  <1.0>}
x[5,4]{5  <1.0>}
x[5,5]{7  <1.0>}
x[5,6]{3  <1.0>}
x[5,7]{0  <0.3708208149421673>, 2  <0.6291791850578327>}
x[6,0]{6  <1.0>}
x[6,1]{5  <1.0>}
x[6,2]{0  <0.060518405523794006>, 4  <0.8326228226417169>, 2  <0.10685877183448907>}
x[6,3]{3  <1.0>}
x[6,4]{7  <1.0>}
x[6,5]{0  <0.3783933215037989>, 4  <0.621606678496201>}
x[6,6]{0  <0.13835441359222075>, 4  <0.36171597682681617>, 2  <0.499929609580963>}
x[6,7]{1  <1.0>}
x[7,0]{3  <1.0>}
x[7,1]{7  <1.0>}
x[7,2]{1  <1.0>}
x[7,3]{2  <1.0>}
x[7,4]{4  <1.0>}
x[7,5]{6  <1.0>}
x[7,6]{0  <0.3472020437714201>, 5  <0.65279795622858>}
x[7,7]{0  <0.26420229231532244>, 5  <0.7357977076846777>}
problem entropy = 0.0
smallest variable entropy = 1.7976931348623157E308
### branching on x[1,1]=3
##### after BP iteration 1 #####
x[0,0]{1  <1.0>}
x[0,1]{0  <1.0>}
x[0,2]{6  <1.0>}
x[0,3]{4  <1.0>}
x[0,4]{2  <1.0>}
x[0,5]{5  <1.0>}
x[0,6]{7  <1.0>}
x[0,7]{3  <1.0>}
x[1,0]{2  <1.0>}
x[1,1]{3  <1.0>}
x[1,2]{5  <1.0>}
x[1,3]{0  <1.0>}
x[1,4]{6  <1.0>}
x[1,5]{4  <1.0>}
x[1,6]{1  <1.0>}
x[1,7]{7  <1.0>}
x[2,0]{5  <1.0>}
x[2,1]{2  <1.0>}
x[2,2]{3  <1.0>}
x[2,3]{7  <1.0>}
x[2,4]{0  <1.0>}
x[2,5]{1  <1.0>}
x[2,6]{6  <0.288090785015472>, 4  <0.7119092149845281>}
x[2,7]{6  <0.6672694763104019>, 4  <0.3327305236895982>}
x[3,0]{7  <1.0>}
x[3,1]{4  <1.0>}
x[3,2]{0  <0.08596250804906677>, 2  <0.9140374919509332>}
x[3,3]{5  <1.0>}
x[3,4]{1  <1.0>}
x[3,5]{3  <1.0>}
x[3,6]{0  <0.6901419671808562>, 6  <0.30985803281914387>}
x[3,7]{0  <0.6688198407776398>, 6  <0.13232859873872294>, 2  <0.19885156048363728>}
x[4,0]{0  <1.0>}
x[4,1]{6  <1.0>}
x[4,2]{7  <1.0>}
x[4,3]{1  <1.0>}
x[4,4]{3  <1.0>}
x[4,5]{2  <1.0>}
x[4,6]{4  <0.28437838588105324>, 5  <0.7156216141189468>}
x[4,7]{4  <0.7745678025171018>, 5  <0.22543219748289822>}
x[5,0]{4  <1.0>}
x[5,1]{1  <1.0>}
x[5,2]{0  <0.6718762200258336>, 2  <0.3281237799741664>}
x[5,3]{6  <1.0>}
x[5,4]{5  <1.0>}
x[5,5]{7  <1.0>}
x[5,6]{3  <1.0>}
x[5,7]{0  <0.47703170432747466>, 2  <0.5229682956725253>}
x[6,0]{6  <1.0>}
x[6,1]{5  <1.0>}
x[6,2]{4  <1.0>}
x[6,3]{3  <1.0>}
x[6,4]{7  <1.0>}
x[6,5]{0  <1.0>}
x[6,6]{2  <1.0>}
x[6,7]{1  <1.0>}
x[7,0]{3  <1.0>}
x[7,1]{7  <1.0>}
x[7,2]{1  <1.0>}
x[7,3]{2  <1.0>}
x[7,4]{4  <1.0>}
x[7,5]{6  <1.0>}
x[7,6]{0  <0.8156430272670464>, 5  <0.18435697273295365>}
x[7,7]{0  <0.2926967741724435>, 5  <0.7073032258275564>}
problem entropy = 0.0
smallest variable entropy = 1.7976931348623157E308
### branching on x[2,6]=4
##### after BP iteration 1 #####
x[0,0]{1  <1.0>}
x[0,1]{0  <1.0>}
x[0,2]{6  <1.0>}
x[0,3]{4  <1.0>}
x[0,4]{2  <1.0>}
x[0,5]{5  <1.0>}
x[0,6]{7  <1.0>}
x[0,7]{3  <1.0>}
x[1,0]{2  <1.0>}
x[1,1]{3  <1.0>}
x[1,2]{5  <1.0>}
x[1,3]{0  <1.0>}
x[1,4]{6  <1.0>}
x[1,5]{4  <1.0>}
x[1,6]{1  <1.0>}
x[1,7]{7  <1.0>}
x[2,0]{5  <1.0>}
x[2,1]{2  <1.0>}
x[2,2]{3  <1.0>}
x[2,3]{7  <1.0>}
x[2,4]{0  <1.0>}
x[2,5]{1  <1.0>}
x[2,6]{4  <1.0>}
x[2,7]{6  <1.0>}
x[3,0]{7  <1.0>}
x[3,1]{4  <1.0>}
x[3,2]{0  <0.37082081494216723>, 2  <0.6291791850578328>}
x[3,3]{5  <1.0>}
x[3,4]{1  <1.0>}
x[3,5]{3  <1.0>}
x[3,6]{6  <1.0>}
x[3,7]{0  <0.8549471132533928>, 2  <0.1450528867466072>}
x[4,0]{0  <1.0>}
x[4,1]{6  <1.0>}
x[4,2]{7  <1.0>}
x[4,3]{1  <1.0>}
x[4,4]{3  <1.0>}
x[4,5]{2  <1.0>}
x[4,6]{5  <1.0>}
x[4,7]{4  <1.0>}
x[5,0]{4  <1.0>}
x[5,1]{1  <1.0>}
x[5,2]{0  <0.6641753462128535>, 2  <0.33582465378714654>}
x[5,3]{6  <1.0>}
x[5,4]{5  <1.0>}
x[5,5]{7  <1.0>}
x[5,6]{3  <1.0>}
x[5,7]{0  <0.19766664130386014>, 2  <0.8023333586961399>}
x[6,0]{6  <1.0>}
x[6,1]{5  <1.0>}
x[6,2]{4  <1.0>}
x[6,3]{3  <1.0>}
x[6,4]{7  <1.0>}
x[6,5]{0  <1.0>}
x[6,6]{2  <1.0>}
x[6,7]{1  <1.0>}
x[7,0]{3  <1.0>}
x[7,1]{7  <1.0>}
x[7,2]{1  <1.0>}
x[7,3]{2  <1.0>}
x[7,4]{4  <1.0>}
x[7,5]{6  <1.0>}
x[7,6]{0  <1.0>}
x[7,7]{5  <1.0>}
problem entropy = 0.0
smallest variable entropy = 1.7976931348623157E308
### branching on x[3,2]=2
##### after BP iteration 1 #####
x[0,0]{1  <1.0>}
x[0,1]{0  <1.0>}
x[0,2]{6  <1.0>}
x[0,3]{4  <1.0>}
x[0,4]{2  <1.0>}
x[0,5]{5  <1.0>}
x[0,6]{7  <1.0>}
x[0,7]{3  <1.0>}
x[1,0]{2  <1.0>}
x[1,1]{3  <1.0>}
x[1,2]{5  <1.0>}
x[1,3]{0  <1.0>}
x[1,4]{6  <1.0>}
x[1,5]{4  <1.0>}
x[1,6]{1  <1.0>}
x[1,7]{7  <1.0>}
x[2,0]{5  <1.0>}
x[2,1]{2  <1.0>}
x[2,2]{3  <1.0>}
x[2,3]{7  <1.0>}
x[2,4]{0  <1.0>}
x[2,5]{1  <1.0>}
x[2,6]{4  <1.0>}
x[2,7]{6  <1.0>}
x[3,0]{7  <1.0>}
x[3,1]{4  <1.0>}
x[3,2]{2  <1.0>}
x[3,3]{5  <1.0>}
x[3,4]{1  <1.0>}
x[3,5]{3  <1.0>}
x[3,6]{6  <1.0>}
x[3,7]{0  <1.0>}
x[4,0]{0  <1.0>}
x[4,1]{6  <1.0>}
x[4,2]{7  <1.0>}
x[4,3]{1  <1.0>}
x[4,4]{3  <1.0>}
x[4,5]{2  <1.0>}
x[4,6]{5  <1.0>}
x[4,7]{4  <1.0>}
x[5,0]{4  <1.0>}
x[5,1]{1  <1.0>}
x[5,2]{0  <1.0>}
x[5,3]{6  <1.0>}
x[5,4]{5  <1.0>}
x[5,5]{7  <1.0>}
x[5,6]{3  <1.0>}
x[5,7]{2  <1.0>}
x[6,0]{6  <1.0>}
x[6,1]{5  <1.0>}
x[6,2]{4  <1.0>}
x[6,3]{3  <1.0>}
x[6,4]{7  <1.0>}
x[6,5]{0  <1.0>}
x[6,6]{2  <1.0>}
x[6,7]{1  <1.0>}
x[7,0]{3  <1.0>}
x[7,1]{7  <1.0>}
x[7,2]{1  <1.0>}
x[7,3]{2  <1.0>}
x[7,4]{4  <1.0>}
x[7,5]{6  <1.0>}
x[7,6]{0  <1.0>}
x[7,7]{5  <1.0>}
problem entropy = 0.0
smallest variable entropy = 1.7976931348623157E308
### branching on x[3,2]!=2
##### after BP iteration 1 #####
x[0,0]{1  <1.0>}
x[0,1]{0  <1.0>}
x[0,2]{6  <1.0>}
x[0,3]{4  <1.0>}
x[0,4]{2  <1.0>}
x[0,5]{5  <1.0>}
x[0,6]{7  <1.0>}
x[0,7]{3  <1.0>}
x[1,0]{2  <1.0>}
x[1,1]{3  <1.0>}
x[1,2]{5  <1.0>}
x[1,3]{0  <1.0>}
x[1,4]{6  <1.0>}
x[1,5]{4  <1.0>}
x[1,6]{1  <1.0>}
x[1,7]{7  <1.0>}
x[2,0]{5  <1.0>}
x[2,1]{2  <1.0>}
x[2,2]{3  <1.0>}
x[2,3]{7  <1.0>}
x[2,4]{0  <1.0>}
x[2,5]{1  <1.0>}
x[2,6]{4  <1.0>}
x[2,7]{6  <1.0>}
x[3,0]{7  <1.0>}
x[3,1]{4  <1.0>}
x[3,2]{0  <1.0>}
x[3,3]{5  <1.0>}
x[3,4]{1  <1.0>}
x[3,5]{3  <1.0>}
x[3,6]{6  <1.0>}
x[3,7]{2  <1.0>}
x[4,0]{0  <1.0>}
x[4,1]{6  <1.0>}
x[4,2]{7  <1.0>}
x[4,3]{1  <1.0>}
x[4,4]{3  <1.0>}
x[4,5]{2  <1.0>}
x[4,6]{5  <1.0>}
x[4,7]{4  <1.0>}
x[5,0]{4  <1.0>}
x[5,1]{1  <1.0>}
x[5,2]{2  <1.0>}
x[5,3]{6  <1.0>}
x[5,4]{5  <1.0>}
x[5,5]{7  <1.0>}
x[5,6]{3  <1.0>}
x[5,7]{0  <1.0>}
x[6,0]{6  <1.0>}
x[6,1]{5  <1.0>}
x[6,2]{4  <1.0>}
x[6,3]{3  <1.0>}
x[6,4]{7  <1.0>}
x[6,5]{0  <1.0>}
x[6,6]{2  <1.0>}
x[6,7]{1  <1.0>}
x[7,0]{3  <1.0>}
x[7,1]{7  <1.0>}
x[7,2]{1  <1.0>}
x[7,3]{2  <1.0>}
x[7,4]{4  <1.0>}
x[7,5]{6  <1.0>}
x[7,6]{0  <1.0>}
x[7,7]{5  <1.0>}
problem entropy = 0.0
smallest variable entropy = 1.7976931348623157E308

	#choice: 7
	#fail: 0
	execution time (ms): 75
	#sols : 1
	completed : false

