{0  <1.0>, 4  <5.0>, 2  <3.0>, 7  <8.0>}
model: max-product-init
FINAL DAMPING FACTOR = 1.0
##### after BP iteration 1 #####
x[0,0]{0  <0.058823529411764705>, 4  <0.29411764705882354>, 2  <0.17647058823529413>, 7  <0.47058823529411764>}
x[0,1]{4  <0.3333333333333333>, 1  <0.3333333333333333>, 5  <0.3333333333333333>}
x[0,2]{4  <0.25>, 1  <0.25>, 5  <0.25>, 7  <0.25>}
x[0,3]{0  <0.3333333333333333>, 1  <0.3333333333333333>, 7  <0.3333333333333333>}
x[0,4]{6  <1.0>}
x[0,5]{3  <1.0>}
x[0,6]{0  <0.3333333333333333>, 1  <0.3333333333333333>, 4  <0.3333333333333333>}
x[0,7]{0  <0.25>, 1  <0.25>, 2  <0.25>, 5  <0.25>}
x[1,0]{0  <0.3333333333333333>, 3  <0.3333333333333333>, 7  <0.3333333333333333>}
x[1,1]{2  <1.0>}
x[1,2]{5  <0.25>, 1  <0.25>, 7  <0.25>, 3  <0.25>}
x[1,3]{4  <1.0>}
x[1,4]{0  <0.25>, 1  <0.25>, 7  <0.25>, 5  <0.25>}
x[1,5]{6  <1.0>}
x[1,6]{0  <0.33333333333333337>, 1  <0.33333333333333337>, 3  <0.33333333333333337>}
x[1,7]{0  <0.3333333333333333>, 1  <0.3333333333333333>, 5  <0.3333333333333333>}
x[2,0]{6  <1.0>}
x[2,1]{5  <0.5>, 1  <0.5>}
x[2,2]{2  <1.0>}
x[2,3]{0  <0.5>, 1  <0.5>}
x[2,4]{3  <1.0>}
x[2,5]{0  <0.3333333333333333>, 1  <0.3333333333333333>, 5  <0.3333333333333333>}
x[2,6]{7  <1.0>}
x[2,7]{4  <1.0>}
x[3,0]{4  <0.5>, 2  <0.5>}
x[3,1]{6  <1.0>}
x[3,2]{0  <1.0>}
x[3,3]{3  <1.0>}
x[3,4]{4  <0.3333333333333333>, 1  <0.3333333333333333>, 2  <0.3333333333333333>}
x[3,5]{4  <0.3333333333333333>, 1  <0.3333333333333333>, 2  <0.3333333333333333>}
x[3,6]{5  <1.0>}
x[3,7]{7  <1.0>}
x[4,0]{1  <1.0>}
x[4,1]{4  <0.5>, 5  <0.5>}
x[4,2]{4  <0.3333333333333333>, 5  <0.3333333333333333>, 6  <0.3333333333333333>}
x[4,3]{2  <1.0>}
x[4,4]{0  <0.08333333333333334>, 5  <0.5000000000000001>, 4  <0.4166666666666667>}
x[4,5]{7  <1.0>}
x[4,6]{0  <0.3333333333333333>, 4  <0.3333333333333333>, 6  <0.3333333333333333>}
x[4,7]{3  <1.0>}
x[5,0]{7  <0.25>, 4  <0.25>, 2  <0.25>, 3  <0.25>}
x[5,1]{0  <1.0>}
x[5,2]{7  <0.16666666666666666>, 1  <0.16666666666666666>, 6  <0.16666666666666666>, 3  <0.16666666666666666>, 4  <0.16666666666666666>, 5  <0.16666666666666666>}
x[5,3]{7  <0.5>, 1  <0.5>}
x[5,4]{7  <0.2>, 1  <0.2>, 2  <0.2>, 5  <0.2>, 4  <0.2>}
x[5,5]{4  <0.3125>, 1  <0.125>, 2  <0.1875>, 5  <0.375>}
x[5,6]{6  <0.25>, 1  <0.25>, 4  <0.25>, 3  <0.25>}
x[5,7]{5  <0.25>, 1  <0.25>, 2  <0.25>, 6  <0.25>}
x[6,0]{5  <1.0>}
x[6,1]{7  <1.0>}
x[6,2]{3  <0.3333333333333333>, 1  <0.3333333333333333>, 4  <0.3333333333333333>}
x[6,3]{6  <1.0>}
x[6,4]{0  <0.25>, 1  <0.25>, 2  <0.25>, 4  <0.25>}
x[6,5]{0  <0.25>, 1  <0.25>, 2  <0.25>, 4  <0.25>}
x[6,6]{0  <0.08333333333333333>, 1  <0.16666666666666666>, 4  <0.4166666666666667>, 3  <0.3333333333333333>}
x[6,7]{0  <0.3333333333333333>, 1  <0.3333333333333333>, 2  <0.3333333333333333>}
x[7,0]{0  <0.3333333333333333>, 7  <0.3333333333333333>, 4  <0.3333333333333333>}
x[7,1]{3  <1.0>}
x[7,2]{4  <0.25>, 1  <0.25>, 6  <0.25>, 7  <0.25>}
x[7,3]{5  <1.0>}
x[7,4]{0  <0.25>, 1  <0.25>, 4  <0.25>, 7  <0.25>}
x[7,5]{0  <0.3333333333333333>, 1  <0.3333333333333333>, 4  <0.3333333333333333>}
x[7,6]{2  <1.0>}
x[7,7]{0  <0.1>, 1  <0.2>, 6  <0.7000000000000001>}
problem entropy = 0.0
smallest variable entropy = 1.7976931348623157E308
### branching on x[2,1]=5
##### after BP iteration 1 #####
x[0,0]{0  <0.058823529411764705>, 4  <0.29411764705882354>, 2  <0.17647058823529413>, 7  <0.47058823529411764>}
x[0,1]{1  <1.0>}
x[0,2]{4  <0.3333333333333333>, 7  <0.3333333333333333>, 5  <0.3333333333333333>}
x[0,3]{0  <0.5>, 7  <0.5>}
x[0,4]{6  <1.0>}
x[0,5]{3  <1.0>}
x[0,6]{0  <0.5>, 4  <0.5>}
x[0,7]{0  <0.3333333333333333>, 5  <0.3333333333333333>, 2  <0.3333333333333333>}
x[1,0]{0  <0.33333333333333337>, 3  <0.33333333333333337>, 7  <0.33333333333333337>}
x[1,1]{2  <1.0>}
x[1,2]{5  <0.25>, 1  <0.25>, 7  <0.25>, 3  <0.25>}
x[1,3]{4  <1.0>}
x[1,4]{0  <0.25>, 1  <0.25>, 7  <0.25>, 5  <0.25>}
x[1,5]{6  <1.0>}
x[1,6]{0  <0.3333333333333333>, 1  <0.3333333333333333>, 3  <0.3333333333333333>}
x[1,7]{0  <0.3333333333333333>, 1  <0.3333333333333333>, 5  <0.3333333333333333>}
x[2,0]{6  <1.0>}
x[2,1]{5  <1.0>}
x[2,2]{2  <1.0>}
x[2,3]{0  <0.5>, 1  <0.5>}
x[2,4]{3  <1.0>}
x[2,5]{0  <0.5>, 1  <0.5>}
x[2,6]{7  <1.0>}
x[2,7]{4  <1.0>}
x[3,0]{4  <0.5>, 2  <0.5>}
x[3,1]{6  <1.0>}
x[3,2]{0  <1.0>}
x[3,3]{3  <1.0>}
x[3,4]{4  <0.3333333333333333>, 1  <0.3333333333333333>, 2  <0.3333333333333333>}
x[3,5]{4  <0.3333333333333333>, 1  <0.3333333333333333>, 2  <0.3333333333333333>}
x[3,6]{5  <1.0>}
x[3,7]{7  <1.0>}
x[4,0]{1  <1.0>}
x[4,1]{4  <1.0>}
x[4,2]{6  <0.5>, 5  <0.5>}
x[4,3]{2  <1.0>}
x[4,4]{0  <0.14285714285714285>, 5  <0.8571428571428571>}
x[4,5]{7  <1.0>}
x[4,6]{0  <0.5>, 6  <0.5>}
x[4,7]{3  <1.0>}
x[5,0]{7  <0.25>, 4  <0.25>, 2  <0.25>, 3  <0.25>}
x[5,1]{0  <1.0>}
x[5,2]{7  <0.19999999999999998>, 1  <0.19999999999999998>, 6  <0.19999999999999998>, 3  <0.19999999999999998>, 4  <0.19999999999999998>}
x[5,3]{7  <0.5>, 1  <0.5>}
x[5,4]{7  <0.25>, 1  <0.25>, 2  <0.25>, 4  <0.25>}
x[5,5]{5  <1.0>}
x[5,6]{6  <0.25>, 1  <0.25>, 4  <0.25>, 3  <0.25>}
x[5,7]{6  <0.3333333333333333>, 1  <0.3333333333333333>, 2  <0.3333333333333333>}
x[6,0]{5  <1.0>}
x[6,1]{7  <1.0>}
x[6,2]{3  <0.33333333333333337>, 1  <0.33333333333333337>, 4  <0.33333333333333337>}
x[6,3]{6  <1.0>}
x[6,4]{0  <0.25>, 1  <0.25>, 2  <0.25>, 4  <0.25>}
x[6,5]{0  <0.25>, 1  <0.25>, 2  <0.25>, 4  <0.25>}
x[6,6]{0  <0.08333333333333333>, 1  <0.16666666666666666>, 4  <0.4166666666666667>, 3  <0.3333333333333333>}
x[6,7]{0  <0.3333333333333333>, 1  <0.3333333333333333>, 2  <0.3333333333333333>}
x[7,0]{0  <0.3333333333333333>, 7  <0.3333333333333333>, 4  <0.3333333333333333>}
x[7,1]{3  <1.0>}
x[7,2]{4  <0.25>, 1  <0.25>, 6  <0.25>, 7  <0.25>}
x[7,3]{5  <1.0>}
x[7,4]{0  <0.25>, 1  <0.25>, 4  <0.25>, 7  <0.25>}
x[7,5]{0  <0.3333333333333333>, 1  <0.3333333333333333>, 4  <0.3333333333333333>}
x[7,6]{2  <1.0>}
x[7,7]{0  <0.1>, 1  <0.2>, 6  <0.7000000000000001>}
problem entropy = 0.0
smallest variable entropy = 1.7976931348623157E308
### branching on x[0,3]=0
##### after BP iteration 1 #####
x[0,0]{7  <0.7272727272727273>, 2  <0.2727272727272727>}
x[0,1]{1  <1.0>}
x[0,2]{5  <0.5>, 7  <0.5>}
x[0,3]{0  <1.0>}
x[0,4]{6  <1.0>}
x[0,5]{3  <1.0>}
x[0,6]{4  <1.0>}
x[0,7]{2  <0.5>, 5  <0.5>}
x[1,0]{0  <0.3333333333333333>, 3  <0.3333333333333333>, 7  <0.3333333333333333>}
x[1,1]{2  <1.0>}
x[1,2]{5  <0.25>, 1  <0.25>, 7  <0.25>, 3  <0.25>}
x[1,3]{4  <1.0>}
x[1,4]{0  <0.25>, 1  <0.25>, 7  <0.25>, 5  <0.25>}
x[1,5]{6  <1.0>}
x[1,6]{0  <0.33333333333333337>, 1  <0.33333333333333337>, 3  <0.33333333333333337>}
x[1,7]{0  <0.3333333333333333>, 1  <0.3333333333333333>, 5  <0.3333333333333333>}
x[2,0]{6  <1.0>}
x[2,1]{5  <1.0>}
x[2,2]{2  <1.0>}
x[2,3]{1  <1.0>}
x[2,4]{3  <1.0>}
x[2,5]{0  <1.0>}
x[2,6]{7  <1.0>}
x[2,7]{4  <1.0>}
x[3,0]{4  <0.5>, 2  <0.5>}
x[3,1]{6  <1.0>}
x[3,2]{0  <1.0>}
x[3,3]{3  <1.0>}
x[3,4]{4  <0.3333333333333333>, 1  <0.3333333333333333>, 2  <0.3333333333333333>}
x[3,5]{4  <0.33333333333333337>, 1  <0.33333333333333337>, 2  <0.33333333333333337>}
x[3,6]{5  <1.0>}
x[3,7]{7  <1.0>}
x[4,0]{1  <1.0>}
x[4,1]{4  <1.0>}
x[4,2]{6  <0.5>, 5  <0.5>}
x[4,3]{2  <1.0>}
x[4,4]{0  <0.14285714285714285>, 5  <0.8571428571428571>}
x[4,5]{7  <1.0>}
x[4,6]{0  <0.5>, 6  <0.5>}
x[4,7]{3  <1.0>}
x[5,0]{3  <0.3333333333333333>, 4  <0.3333333333333333>, 2  <0.3333333333333333>}
x[5,1]{0  <1.0>}
x[5,2]{4  <0.25>, 1  <0.25>, 6  <0.25>, 3  <0.25>}
x[5,3]{7  <1.0>}
x[5,4]{4  <0.3333333333333333>, 1  <0.3333333333333333>, 2  <0.3333333333333333>}
x[5,5]{5  <1.0>}
x[5,6]{6  <0.33333333333333337>, 1  <0.33333333333333337>, 3  <0.33333333333333337>}
x[5,7]{6  <0.3333333333333333>, 1  <0.3333333333333333>, 2  <0.3333333333333333>}
x[6,0]{5  <1.0>}
x[6,1]{7  <1.0>}
x[6,2]{3  <0.3333333333333333>, 1  <0.3333333333333333>, 4  <0.3333333333333333>}
x[6,3]{6  <1.0>}
x[6,4]{0  <0.25>, 1  <0.25>, 2  <0.25>, 4  <0.25>}
x[6,5]{4  <0.3333333333333333>, 1  <0.3333333333333333>, 2  <0.3333333333333333>}
x[6,6]{0  <0.14285714285714285>, 1  <0.2857142857142857>, 3  <0.5714285714285714>}
x[6,7]{0  <0.3333333333333333>, 1  <0.3333333333333333>, 2  <0.3333333333333333>}
x[7,0]{0  <0.3333333333333333>, 7  <0.3333333333333333>, 4  <0.3333333333333333>}
x[7,1]{3  <1.0>}
x[7,2]{4  <0.25>, 1  <0.25>, 6  <0.25>, 7  <0.25>}
x[7,3]{5  <1.0>}
x[7,4]{0  <0.25>, 1  <0.25>, 4  <0.25>, 7  <0.25>}
x[7,5]{4  <0.5>, 1  <0.5>}
x[7,6]{2  <1.0>}
x[7,7]{0  <0.1>, 1  <0.2>, 6  <0.7000000000000001>}
problem entropy = 0.0
smallest variable entropy = 1.7976931348623157E308
### branching on x[0,0]=2
##### after BP iteration 1 #####
x[0,0]{2  <1.0>}
x[0,1]{1  <1.0>}
x[0,2]{7  <1.0>}
x[0,3]{0  <1.0>}
x[0,4]{6  <1.0>}
x[0,5]{3  <1.0>}
x[0,6]{4  <1.0>}
x[0,7]{5  <1.0>}
x[1,0]{0  <0.5>, 7  <0.5>}
x[1,1]{2  <1.0>}
x[1,2]{5  <0.3333333333333333>, 1  <0.3333333333333333>, 3  <0.3333333333333333>}
x[1,3]{4  <1.0>}
x[1,4]{0  <0.25>, 1  <0.25>, 7  <0.25>, 5  <0.25>}
x[1,5]{6  <1.0>}
x[1,6]{0  <0.3333333333333333>, 1  <0.3333333333333333>, 3  <0.3333333333333333>}
x[1,7]{0  <0.5>, 1  <0.5>}
x[2,0]{6  <1.0>}
x[2,1]{5  <1.0>}
x[2,2]{2  <1.0>}
x[2,3]{1  <1.0>}
x[2,4]{3  <1.0>}
x[2,5]{0  <1.0>}
x[2,6]{7  <1.0>}
x[2,7]{4  <1.0>}
x[3,0]{4  <1.0>}
x[3,1]{6  <1.0>}
x[3,2]{0  <1.0>}
x[3,3]{3  <1.0>}
x[3,4]{2  <0.5>, 1  <0.5>}
x[3,5]{2  <0.5>, 1  <0.5>}
x[3,6]{5  <1.0>}
x[3,7]{7  <1.0>}
x[4,0]{1  <1.0>}
x[4,1]{4  <1.0>}
x[4,2]{6  <0.5>, 5  <0.5>}
x[4,3]{2  <1.0>}
x[4,4]{0  <0.14285714285714285>, 5  <0.8571428571428571>}
x[4,5]{7  <1.0>}
x[4,6]{0  <0.5>, 6  <0.5>}
x[4,7]{3  <1.0>}
x[5,0]{3  <1.0>}
x[5,1]{0  <1.0>}
x[5,2]{4  <0.3333333333333333>, 1  <0.3333333333333333>, 6  <0.3333333333333333>}
x[5,3]{7  <1.0>}
x[5,4]{4  <0.3333333333333333>, 1  <0.3333333333333333>, 2  <0.3333333333333333>}
x[5,5]{5  <1.0>}
x[5,6]{6  <0.5>, 1  <0.5>}
x[5,7]{6  <0.3333333333333333>, 1  <0.3333333333333333>, 2  <0.3333333333333333>}
x[6,0]{5  <1.0>}
x[6,1]{7  <1.0>}
x[6,2]{3  <0.3333333333333333>, 1  <0.3333333333333333>, 4  <0.3333333333333333>}
x[6,3]{6  <1.0>}
x[6,4]{0  <0.25>, 1  <0.25>, 2  <0.25>, 4  <0.25>}
x[6,5]{4  <0.33333333333333337>, 1  <0.33333333333333337>, 2  <0.33333333333333337>}
x[6,6]{0  <0.14285714285714285>, 1  <0.2857142857142857>, 3  <0.5714285714285714>}
x[6,7]{0  <0.3333333333333333>, 1  <0.3333333333333333>, 2  <0.3333333333333333>}
x[7,0]{0  <0.5>, 7  <0.5>}
x[7,1]{3  <1.0>}
x[7,2]{4  <0.3333333333333333>, 1  <0.3333333333333333>, 6  <0.3333333333333333>}
x[7,3]{5  <1.0>}
x[7,4]{0  <0.25>, 1  <0.25>, 4  <0.25>, 7  <0.25>}
x[7,5]{4  <0.5>, 1  <0.5>}
x[7,6]{2  <1.0>}
x[7,7]{0  <0.1>, 1  <0.2>, 6  <0.7000000000000001>}
problem entropy = 0.0
smallest variable entropy = 1.7976931348623157E308
### branching on x[1,0]=7
##### after BP iteration 1 #####
x[0,0]{2  <1.0>}
x[0,1]{1  <1.0>}
x[0,2]{7  <1.0>}
x[0,3]{0  <1.0>}
x[0,4]{6  <1.0>}
x[0,5]{3  <1.0>}
x[0,6]{4  <1.0>}
x[0,7]{5  <1.0>}
x[1,0]{7  <1.0>}
x[1,1]{2  <1.0>}
x[1,2]{5  <0.33333333333333337>, 1  <0.33333333333333337>, 3  <0.33333333333333337>}
x[1,3]{4  <1.0>}
x[1,4]{0  <0.3333333333333333>, 1  <0.3333333333333333>, 5  <0.3333333333333333>}
x[1,5]{6  <1.0>}
x[1,6]{0  <0.3333333333333333>, 1  <0.3333333333333333>, 3  <0.3333333333333333>}
x[1,7]{0  <0.5>, 1  <0.5>}
x[2,0]{6  <1.0>}
x[2,1]{5  <1.0>}
x[2,2]{2  <1.0>}
x[2,3]{1  <1.0>}
x[2,4]{3  <1.0>}
x[2,5]{0  <1.0>}
x[2,6]{7  <1.0>}
x[2,7]{4  <1.0>}
x[3,0]{4  <1.0>}
x[3,1]{6  <1.0>}
x[3,2]{0  <1.0>}
x[3,3]{3  <1.0>}
x[3,4]{2  <0.5>, 1  <0.5>}
x[3,5]{2  <0.5>, 1  <0.5>}
x[3,6]{5  <1.0>}
x[3,7]{7  <1.0>}
x[4,0]{1  <1.0>}
x[4,1]{4  <1.0>}
x[4,2]{6  <0.5>, 5  <0.5>}
x[4,3]{2  <1.0>}
x[4,4]{0  <0.14285714285714285>, 5  <0.8571428571428571>}
x[4,5]{7  <1.0>}
x[4,6]{0  <0.5>, 6  <0.5>}
x[4,7]{3  <1.0>}
x[5,0]{3  <1.0>}
x[5,1]{0  <1.0>}
x[5,2]{4  <0.3333333333333333>, 1  <0.3333333333333333>, 6  <0.3333333333333333>}
x[5,3]{7  <1.0>}
x[5,4]{4  <0.3333333333333333>, 1  <0.3333333333333333>, 2  <0.3333333333333333>}
x[5,5]{5  <1.0>}
x[5,6]{6  <0.5>, 1  <0.5>}
x[5,7]{6  <0.3333333333333333>, 1  <0.3333333333333333>, 2  <0.3333333333333333>}
x[6,0]{5  <1.0>}
x[6,1]{7  <1.0>}
x[6,2]{3  <0.3333333333333333>, 1  <0.3333333333333333>, 4  <0.3333333333333333>}
x[6,3]{6  <1.0>}
x[6,4]{0  <0.25>, 1  <0.25>, 2  <0.25>, 4  <0.25>}
x[6,5]{4  <0.3333333333333333>, 1  <0.3333333333333333>, 2  <0.3333333333333333>}
x[6,6]{0  <0.14285714285714288>, 1  <0.28571428571428575>, 3  <0.5714285714285715>}
x[6,7]{0  <0.3333333333333333>, 1  <0.3333333333333333>, 2  <0.3333333333333333>}
x[7,0]{0  <1.0>}
x[7,1]{3  <1.0>}
x[7,2]{4  <0.33333333333333337>, 1  <0.33333333333333337>, 6  <0.33333333333333337>}
x[7,3]{5  <1.0>}
x[7,4]{7  <1.0>}
x[7,5]{4  <0.5>, 1  <0.5>}
x[7,6]{2  <1.0>}
x[7,7]{6  <0.7777777777777778>, 1  <0.2222222222222222>}
problem entropy = 0.0
smallest variable entropy = 1.7976931348623157E308
### branching on x[1,7]=0
### branching on x[1,4]=5
##### after BP iteration 1 #####
x[0,0]{2  <1.0>}
x[0,1]{1  <1.0>}
x[0,2]{7  <1.0>}
x[0,3]{0  <1.0>}
x[0,4]{6  <1.0>}
x[0,5]{3  <1.0>}
x[0,6]{4  <1.0>}
x[0,7]{5  <1.0>}
x[1,0]{7  <1.0>}
x[1,1]{2  <1.0>}
x[1,2]{1  <1.0>}
x[1,3]{4  <1.0>}
x[1,4]{5  <1.0>}
x[1,5]{6  <1.0>}
x[1,6]{3  <1.0>}
x[1,7]{0  <1.0>}
x[2,0]{6  <1.0>}
x[2,1]{5  <1.0>}
x[2,2]{2  <1.0>}
x[2,3]{1  <1.0>}
x[2,4]{3  <1.0>}
x[2,5]{0  <1.0>}
x[2,6]{7  <1.0>}
x[2,7]{4  <1.0>}
x[3,0]{4  <1.0>}
x[3,1]{6  <1.0>}
x[3,2]{0  <1.0>}
x[3,3]{3  <1.0>}
x[3,4]{2  <0.5>, 1  <0.5>}
x[3,5]{2  <0.5>, 1  <0.5>}
x[3,6]{5  <1.0>}
x[3,7]{7  <1.0>}
x[4,0]{1  <1.0>}
x[4,1]{4  <1.0>}
x[4,2]{5  <1.0>}
x[4,3]{2  <1.0>}
x[4,4]{0  <1.0>}
x[4,5]{7  <1.0>}
x[4,6]{6  <1.0>}
x[4,7]{3  <1.0>}
x[5,0]{3  <1.0>}
x[5,1]{0  <1.0>}
x[5,2]{4  <0.5>, 6  <0.5>}
x[5,3]{7  <1.0>}
x[5,4]{4  <0.5>, 2  <0.5>}
x[5,5]{5  <1.0>}
x[5,6]{1  <1.0>}
x[5,7]{6  <0.5>, 2  <0.5>}
x[6,0]{5  <1.0>}
x[6,1]{7  <1.0>}
x[6,2]{3  <1.0>}
x[6,3]{6  <1.0>}
x[6,4]{4  <0.3333333333333333>, 1  <0.3333333333333333>, 2  <0.3333333333333333>}
x[6,5]{4  <0.33333333333333337>, 1  <0.33333333333333337>, 2  <0.33333333333333337>}
x[6,6]{0  <1.0>}
x[6,7]{2  <0.5>, 1  <0.5>}
x[7,0]{0  <1.0>}
x[7,1]{3  <1.0>}
x[7,2]{4  <0.5>, 6  <0.5>}
x[7,3]{5  <1.0>}
x[7,4]{7  <1.0>}
x[7,5]{4  <0.5>, 1  <0.5>}
x[7,6]{2  <1.0>}
x[7,7]{6  <0.7777777777777778>, 1  <0.2222222222222222>}
problem entropy = 0.0
smallest variable entropy = 1.7976931348623157E308
### branching on x[3,4]=1
##### after BP iteration 1 #####
x[0,0]{2  <1.0>}
x[0,1]{1  <1.0>}
x[0,2]{7  <1.0>}
x[0,3]{0  <1.0>}
x[0,4]{6  <1.0>}
x[0,5]{3  <1.0>}
x[0,6]{4  <1.0>}
x[0,7]{5  <1.0>}
x[1,0]{7  <1.0>}
x[1,1]{2  <1.0>}
x[1,2]{1  <1.0>}
x[1,3]{4  <1.0>}
x[1,4]{5  <1.0>}
x[1,5]{6  <1.0>}
x[1,6]{3  <1.0>}
x[1,7]{0  <1.0>}
x[2,0]{6  <1.0>}
x[2,1]{5  <1.0>}
x[2,2]{2  <1.0>}
x[2,3]{1  <1.0>}
x[2,4]{3  <1.0>}
x[2,5]{0  <1.0>}
x[2,6]{7  <1.0>}
x[2,7]{4  <1.0>}
x[3,0]{4  <1.0>}
x[3,1]{6  <1.0>}
x[3,2]{0  <1.0>}
x[3,3]{3  <1.0>}
x[3,4]{1  <1.0>}
x[3,5]{2  <1.0>}
x[3,6]{5  <1.0>}
x[3,7]{7  <1.0>}
x[4,0]{1  <1.0>}
x[4,1]{4  <1.0>}
x[4,2]{5  <1.0>}
x[4,3]{2  <1.0>}
x[4,4]{0  <1.0>}
x[4,5]{7  <1.0>}
x[4,6]{6  <1.0>}
x[4,7]{3  <1.0>}
x[5,0]{3  <1.0>}
x[5,1]{0  <1.0>}
x[5,2]{4  <0.5>, 6  <0.5>}
x[5,3]{7  <1.0>}
x[5,4]{4  <0.5>, 2  <0.5>}
x[5,5]{5  <1.0>}
x[5,6]{1  <1.0>}
x[5,7]{6  <0.5>, 2  <0.5>}
x[6,0]{5  <1.0>}
x[6,1]{7  <1.0>}
x[6,2]{3  <1.0>}
x[6,3]{6  <1.0>}
x[6,4]{4  <0.5>, 2  <0.5>}
x[6,5]{4  <0.5>, 1  <0.5>}
x[6,6]{0  <1.0>}
x[6,7]{2  <0.5>, 1  <0.5>}
x[7,0]{0  <1.0>}
x[7,1]{3  <1.0>}
x[7,2]{4  <0.5>, 6  <0.5>}
x[7,3]{5  <1.0>}
x[7,4]{7  <1.0>}
x[7,5]{4  <0.5>, 1  <0.5>}
x[7,6]{2  <1.0>}
x[7,7]{6  <0.7777777777777778>, 1  <0.2222222222222222>}
problem entropy = 0.0
smallest variable entropy = 1.7976931348623157E308
### branching on x[5,2]=6
##### after BP iteration 1 #####
x[0,0]{2  <1.0>}
x[0,1]{1  <1.0>}
x[0,2]{7  <1.0>}
x[0,3]{0  <1.0>}
x[0,4]{6  <1.0>}
x[0,5]{3  <1.0>}
x[0,6]{4  <1.0>}
x[0,7]{5  <1.0>}
x[1,0]{7  <1.0>}
x[1,1]{2  <1.0>}
x[1,2]{1  <1.0>}
x[1,3]{4  <1.0>}
x[1,4]{5  <1.0>}
x[1,5]{6  <1.0>}
x[1,6]{3  <1.0>}
x[1,7]{0  <1.0>}
x[2,0]{6  <1.0>}
x[2,1]{5  <1.0>}
x[2,2]{2  <1.0>}
x[2,3]{1  <1.0>}
x[2,4]{3  <1.0>}
x[2,5]{0  <1.0>}
x[2,6]{7  <1.0>}
x[2,7]{4  <1.0>}
x[3,0]{4  <1.0>}
x[3,1]{6  <1.0>}
x[3,2]{0  <1.0>}
x[3,3]{3  <1.0>}
x[3,4]{1  <1.0>}
x[3,5]{2  <1.0>}
x[3,6]{5  <1.0>}
x[3,7]{7  <1.0>}
x[4,0]{1  <1.0>}
x[4,1]{4  <1.0>}
x[4,2]{5  <1.0>}
x[4,3]{2  <1.0>}
x[4,4]{0  <1.0>}
x[4,5]{7  <1.0>}
x[4,6]{6  <1.0>}
x[4,7]{3  <1.0>}
x[5,0]{3  <1.0>}
x[5,1]{0  <1.0>}
x[5,2]{6  <1.0>}
x[5,3]{7  <1.0>}
x[5,4]{4  <1.0>}
x[5,5]{5  <1.0>}
x[5,6]{1  <1.0>}
x[5,7]{2  <1.0>}
x[6,0]{5  <1.0>}
x[6,1]{7  <1.0>}
x[6,2]{3  <1.0>}
x[6,3]{6  <1.0>}
x[6,4]{2  <1.0>}
x[6,5]{4  <1.0>}
x[6,6]{0  <1.0>}
x[6,7]{1  <1.0>}
x[7,0]{0  <1.0>}
x[7,1]{3  <1.0>}
x[7,2]{4  <1.0>}
x[7,3]{5  <1.0>}
x[7,4]{7  <1.0>}
x[7,5]{1  <1.0>}
x[7,6]{2  <1.0>}
x[7,7]{6  <1.0>}
problem entropy = 0.0
smallest variable entropy = 1.7976931348623157E308
### branching on x[5,2]!=6
##### after BP iteration 1 #####
x[0,0]{2  <1.0>}
x[0,1]{1  <1.0>}
x[0,2]{7  <1.0>}
x[0,3]{0  <1.0>}
x[0,4]{6  <1.0>}
x[0,5]{3  <1.0>}
x[0,6]{4  <1.0>}
x[0,7]{5  <1.0>}
x[1,0]{7  <1.0>}
x[1,1]{2  <1.0>}
x[1,2]{1  <1.0>}
x[1,3]{4  <1.0>}
x[1,4]{5  <1.0>}
x[1,5]{6  <1.0>}
x[1,6]{3  <1.0>}
x[1,7]{0  <1.0>}
x[2,0]{6  <1.0>}
x[2,1]{5  <1.0>}
x[2,2]{2  <1.0>}
x[2,3]{1  <1.0>}
x[2,4]{3  <1.0>}
x[2,5]{0  <1.0>}
x[2,6]{7  <1.0>}
x[2,7]{4  <1.0>}
x[3,0]{4  <1.0>}
x[3,1]{6  <1.0>}
x[3,2]{0  <1.0>}
x[3,3]{3  <1.0>}
x[3,4]{1  <1.0>}
x[3,5]{2  <1.0>}
x[3,6]{5  <1.0>}
x[3,7]{7  <1.0>}
x[4,0]{1  <1.0>}
x[4,1]{4  <1.0>}
x[4,2]{5  <1.0>}
x[4,3]{2  <1.0>}
x[4,4]{0  <1.0>}
x[4,5]{7  <1.0>}
x[4,6]{6  <1.0>}
x[4,7]{3  <1.0>}
x[5,0]{3  <1.0>}
x[5,1]{0  <1.0>}
x[5,2]{4  <1.0>}
x[5,3]{7  <1.0>}
x[5,4]{2  <1.0>}
x[5,5]{5  <1.0>}
x[5,6]{1  <1.0>}
x[5,7]{6  <1.0>}
x[6,0]{5  <1.0>}
x[6,1]{7  <1.0>}
x[6,2]{3  <1.0>}
x[6,3]{6  <1.0>}
x[6,4]{4  <1.0>}
x[6,5]{1  <1.0>}
x[6,6]{0  <1.0>}
x[6,7]{2  <1.0>}
x[7,0]{0  <1.0>}
x[7,1]{3  <1.0>}
x[7,2]{6  <1.0>}
x[7,3]{5  <1.0>}
x[7,4]{7  <1.0>}
x[7,5]{4  <1.0>}
x[7,6]{2  <1.0>}
x[7,7]{1  <1.0>}
problem entropy = 0.0
smallest variable entropy = 1.7976931348623157E308

	#choice: 9
	#fail: 0
	execution time (ms): 104
	#sols : 1
	completed : false

