{0  <1.0>, 1  <2.0>, 5  <6.0>, 4  <5.0>}
model: max-product-init
FINAL DAMPING FACTOR = 1.0
##### after BP iteration 1 #####
x[0,0]{0  <0.07142857142857142>, 1  <0.14285714285714285>, 5  <0.42857142857142855>, 4  <0.35714285714285715>}
x[0,1]{4  <0.25>, 1  <0.25>, 5  <0.25>, 6  <0.25>}
x[0,2]{0  <0.25>, 1  <0.25>, 2  <0.25>, 5  <0.25>}
x[0,3]{6  <0.3333333333333333>, 1  <0.3333333333333333>, 5  <0.3333333333333333>}
x[0,4]{5  <0.19999999999999998>, 1  <0.19999999999999998>, 2  <0.19999999999999998>, 6  <0.19999999999999998>, 4  <0.19999999999999998>}
x[0,5]{3  <1.0>}
x[0,6]{5  <0.25>, 4  <0.25>, 2  <0.25>, 6  <0.25>}
x[0,7]{7  <1.0>}
x[1,0]{2  <1.0>}
x[1,1]{5  <0.24>, 1  <0.08>, 7  <0.32>, 3  <0.16>, 4  <0.19999999999999996>}
x[1,2]{5  <0.3333333333333333>, 1  <0.3333333333333333>, 7  <0.3333333333333333>}
x[1,3]{5  <0.3333333333333333>, 1  <0.3333333333333333>, 7  <0.3333333333333333>}
x[1,4]{5  <0.25>, 1  <0.25>, 4  <0.25>, 3  <0.25>}
x[1,5]{5  <0.3333333333333333>, 4  <0.3333333333333333>, 7  <0.3333333333333333>}
x[1,6]{0  <1.0>}
x[1,7]{6  <1.0>}
x[2,0]{0  <0.25>, 4  <0.25>, 5  <0.25>, 3  <0.25>}
x[2,1]{3  <0.3333333333333333>, 4  <0.3333333333333333>, 5  <0.3333333333333333>}
x[2,2]{6  <1.0>}
x[2,3]{2  <1.0>}
x[2,4]{3  <0.3333333333333333>, 4  <0.3333333333333333>, 5  <0.3333333333333333>}
x[2,5]{0  <0.3333333333333333>, 4  <0.3333333333333333>, 5  <0.3333333333333333>}
x[2,6]{7  <1.0>}
x[2,7]{1  <1.0>}
x[3,0]{0  <0.5>, 5  <0.5>}
x[3,1]{5  <0.3333333333333333>, 6  <0.3333333333333333>, 7  <0.3333333333333333>}
x[3,2]{0  <0.25>, 7  <0.25>, 2  <0.25>, 5  <0.25>}
x[3,3]{4  <1.0>}
x[3,4]{5  <0.3333333333333333>, 6  <0.3333333333333333>, 2  <0.3333333333333333>}
x[3,5]{0  <0.25>, 6  <0.25>, 7  <0.25>, 5  <0.25>}
x[3,6]{1  <1.0>}
x[3,7]{3  <1.0>}
x[4,0]{7  <1.0>}
x[4,1]{2  <1.0>}
x[4,2]{3  <1.0>}
x[4,3]{0  <1.0>}
x[4,4]{6  <0.5833333333333334>, 4  <0.4166666666666667>}
x[4,5]{1  <1.0>}
x[4,6]{6  <0.5>, 4  <0.5>}
x[4,7]{5  <1.0>}
x[5,0]{6  <1.0>}
x[5,1]{3  <0.3333333333333333>, 1  <0.3333333333333333>, 5  <0.3333333333333333>}
x[5,2]{4  <1.0>}
x[5,3]{5  <0.5>, 1  <0.5>}
x[5,4]{7  <1.0>}
x[5,5]{2  <1.0>}
x[5,6]{3  <0.5>, 5  <0.5>}
x[5,7]{0  <1.0>}
x[6,0]{4  <0.3333333333333333>, 1  <0.3333333333333333>, 5  <0.3333333333333333>}
x[6,1]{6  <0.2>, 1  <0.2>, 5  <0.2>, 7  <0.2>, 4  <0.2>}
x[6,2]{5  <0.25>, 1  <0.25>, 2  <0.25>, 7  <0.25>}
x[6,3]{3  <1.0>}
x[6,4]{0  <1.0>}
x[6,5]{6  <0.25>, 5  <0.25>, 4  <0.25>, 7  <0.25>}
x[6,6]{6  <0.3333333333333333>, 4  <0.23809523809523808>, 2  <0.14285714285714285>, 5  <0.2857142857142857>}
x[6,7]{4  <0.5>, 2  <0.5>}
x[7,0]{5  <0.25>, 1  <0.25>, 4  <0.25>, 3  <0.25>}
x[7,1]{0  <1.0>}
x[7,2]{7  <0.25>, 1  <0.25>, 2  <0.25>, 5  <0.25>}
x[7,3]{7  <0.25>, 1  <0.25>, 6  <0.25>, 5  <0.25>}
x[7,4]{6  <0.16666666666666666>, 1  <0.16666666666666666>, 2  <0.16666666666666666>, 3  <0.16666666666666666>, 4  <0.16666666666666666>, 5  <0.16666666666666666>}
x[7,5]{7  <0.25>, 5  <0.25>, 4  <0.25>, 6  <0.25>}
x[7,6]{6  <0.19999999999999998>, 5  <0.19999999999999998>, 2  <0.19999999999999998>, 3  <0.19999999999999998>, 4  <0.19999999999999998>}
x[7,7]{2  <0.375>, 4  <0.625>}
problem entropy = 0.9924854569845448
smallest variable entropy = 0.6615632381579821
##### after BP iteration 2 #####
x[0,0]{0  <0.07142857142857142>, 1  <0.14285714285714285>, 5  <0.42857142857142855>, 4  <0.35714285714285715>}
x[0,1]{4  <0.25>, 1  <0.25>, 5  <0.25>, 6  <0.25>}
x[0,2]{0  <0.25>, 1  <0.25>, 2  <0.25>, 5  <0.25>}
x[0,3]{6  <0.3333333333333333>, 1  <0.3333333333333333>, 5  <0.3333333333333333>}
x[0,4]{5  <0.19999999999999998>, 1  <0.19999999999999998>, 2  <0.19999999999999998>, 6  <0.19999999999999998>, 4  <0.19999999999999998>}
x[0,5]{3  <1.0>}
x[0,6]{5  <0.25>, 4  <0.25>, 2  <0.25>, 6  <0.25>}
x[0,7]{7  <1.0>}
x[1,0]{2  <1.0>}
x[1,1]{5  <0.24>, 1  <0.08>, 7  <0.32>, 3  <0.16>, 4  <0.19999999999999996>}
x[1,2]{5  <0.3333333333333333>, 1  <0.3333333333333333>, 7  <0.3333333333333333>}
x[1,3]{5  <0.3333333333333333>, 1  <0.3333333333333333>, 7  <0.3333333333333333>}
x[1,4]{5  <0.25>, 1  <0.25>, 4  <0.25>, 3  <0.25>}
x[1,5]{5  <0.3333333333333333>, 4  <0.3333333333333333>, 7  <0.3333333333333333>}
x[1,6]{0  <1.0>}
x[1,7]{6  <1.0>}
x[2,0]{0  <0.25>, 4  <0.25>, 5  <0.25>, 3  <0.25>}
x[2,1]{3  <0.3333333333333333>, 4  <0.3333333333333333>, 5  <0.3333333333333333>}
x[2,2]{6  <1.0>}
x[2,3]{2  <1.0>}
x[2,4]{3  <0.3333333333333333>, 4  <0.3333333333333333>, 5  <0.3333333333333333>}
x[2,5]{0  <0.3333333333333333>, 4  <0.3333333333333333>, 5  <0.3333333333333333>}
x[2,6]{7  <1.0>}
x[2,7]{1  <1.0>}
x[3,0]{0  <0.5>, 5  <0.5>}
x[3,1]{5  <0.3333333333333333>, 6  <0.3333333333333333>, 7  <0.3333333333333333>}
x[3,2]{0  <0.25>, 7  <0.25>, 2  <0.25>, 5  <0.25>}
x[3,3]{4  <1.0>}
x[3,4]{5  <0.3333333333333333>, 6  <0.3333333333333333>, 2  <0.3333333333333333>}
x[3,5]{0  <0.25>, 6  <0.25>, 7  <0.25>, 5  <0.25>}
x[3,6]{1  <1.0>}
x[3,7]{3  <1.0>}
x[4,0]{7  <1.0>}
x[4,1]{2  <1.0>}
x[4,2]{3  <1.0>}
x[4,3]{0  <1.0>}
x[4,4]{6  <0.5833333333333334>, 4  <0.4166666666666667>}
x[4,5]{1  <1.0>}
x[4,6]{6  <0.5>, 4  <0.5>}
x[4,7]{5  <1.0>}
x[5,0]{6  <1.0>}
x[5,1]{3  <0.3333333333333333>, 1  <0.3333333333333333>, 5  <0.3333333333333333>}
x[5,2]{4  <1.0>}
x[5,3]{5  <0.5>, 1  <0.5>}
x[5,4]{7  <1.0>}
x[5,5]{2  <1.0>}
x[5,6]{3  <0.5>, 5  <0.5>}
x[5,7]{0  <1.0>}
x[6,0]{4  <0.3333333333333333>, 1  <0.3333333333333333>, 5  <0.3333333333333333>}
x[6,1]{6  <0.2>, 1  <0.2>, 5  <0.2>, 7  <0.2>, 4  <0.2>}
x[6,2]{5  <0.25>, 1  <0.25>, 2  <0.25>, 7  <0.25>}
x[6,3]{3  <1.0>}
x[6,4]{0  <1.0>}
x[6,5]{6  <0.25>, 5  <0.25>, 4  <0.25>, 7  <0.25>}
x[6,6]{6  <0.3333333333333333>, 4  <0.23809523809523808>, 2  <0.14285714285714285>, 5  <0.2857142857142857>}
x[6,7]{4  <0.5>, 2  <0.5>}
x[7,0]{5  <0.25>, 1  <0.25>, 4  <0.25>, 3  <0.25>}
x[7,1]{0  <1.0>}
x[7,2]{7  <0.25>, 1  <0.25>, 2  <0.25>, 5  <0.25>}
x[7,3]{7  <0.25>, 1  <0.25>, 6  <0.25>, 5  <0.25>}
x[7,4]{6  <0.16666666666666666>, 1  <0.16666666666666666>, 2  <0.16666666666666666>, 3  <0.16666666666666666>, 4  <0.16666666666666666>, 5  <0.16666666666666666>}
x[7,5]{7  <0.25>, 5  <0.25>, 4  <0.25>, 6  <0.25>}
x[7,6]{6  <0.19999999999999998>, 5  <0.19999999999999998>, 2  <0.19999999999999998>, 3  <0.19999999999999998>, 4  <0.19999999999999998>}
x[7,7]{2  <0.375>, 4  <0.625>}
problem entropy = 0.9924854569845448
smallest variable entropy = 0.6615632381579821
### branching on x[7,7]=4 marginal=0.625
##### after BP iteration 1 #####
x[0,0]{0  <0.07142857142857142>, 1  <0.14285714285714285>, 5  <0.42857142857142855>, 4  <0.35714285714285715>}
x[0,1]{4  <0.25>, 1  <0.25>, 5  <0.25>, 6  <0.25>}
x[0,2]{0  <0.25>, 1  <0.25>, 2  <0.25>, 5  <0.25>}
x[0,3]{6  <0.3333333333333333>, 1  <0.3333333333333333>, 5  <0.3333333333333333>}
x[0,4]{5  <0.19999999999999998>, 1  <0.19999999999999998>, 2  <0.19999999999999998>, 6  <0.19999999999999998>, 4  <0.19999999999999998>}
x[0,5]{3  <1.0>}
x[0,6]{5  <0.25>, 4  <0.25>, 2  <0.25>, 6  <0.25>}
x[0,7]{7  <1.0>}
x[1,0]{2  <1.0>}
x[1,1]{5  <0.24>, 1  <0.08>, 7  <0.32>, 3  <0.16>, 4  <0.19999999999999996>}
x[1,2]{5  <0.3333333333333333>, 1  <0.3333333333333333>, 7  <0.3333333333333333>}
x[1,3]{5  <0.3333333333333333>, 1  <0.3333333333333333>, 7  <0.3333333333333333>}
x[1,4]{5  <0.25>, 1  <0.25>, 4  <0.25>, 3  <0.25>}
x[1,5]{5  <0.3333333333333333>, 4  <0.3333333333333333>, 7  <0.3333333333333333>}
x[1,6]{0  <1.0>}
x[1,7]{6  <1.0>}
x[2,0]{0  <0.25>, 4  <0.25>, 5  <0.25>, 3  <0.25>}
x[2,1]{3  <0.3333333333333333>, 4  <0.3333333333333333>, 5  <0.3333333333333333>}
x[2,2]{6  <1.0>}
x[2,3]{2  <1.0>}
x[2,4]{3  <0.3333333333333333>, 4  <0.3333333333333333>, 5  <0.3333333333333333>}
x[2,5]{0  <0.3333333333333333>, 4  <0.3333333333333333>, 5  <0.3333333333333333>}
x[2,6]{7  <1.0>}
x[2,7]{1  <1.0>}
x[3,0]{0  <0.5>, 5  <0.5>}
x[3,1]{5  <0.3333333333333333>, 6  <0.3333333333333333>, 7  <0.3333333333333333>}
x[3,2]{0  <0.25>, 7  <0.25>, 2  <0.25>, 5  <0.25>}
x[3,3]{4  <1.0>}
x[3,4]{5  <0.3333333333333333>, 6  <0.3333333333333333>, 2  <0.3333333333333333>}
x[3,5]{0  <0.25>, 6  <0.25>, 7  <0.25>, 5  <0.25>}
x[3,6]{1  <1.0>}
x[3,7]{3  <1.0>}
x[4,0]{7  <1.0>}
x[4,1]{2  <1.0>}
x[4,2]{3  <1.0>}
x[4,3]{0  <1.0>}
x[4,4]{6  <0.5833333333333334>, 4  <0.4166666666666667>}
x[4,5]{1  <1.0>}
x[4,6]{6  <0.5>, 4  <0.5>}
x[4,7]{5  <1.0>}
x[5,0]{6  <1.0>}
x[5,1]{3  <0.3333333333333333>, 1  <0.3333333333333333>, 5  <0.3333333333333333>}
x[5,2]{4  <1.0>}
x[5,3]{5  <0.5>, 1  <0.5>}
x[5,4]{7  <1.0>}
x[5,5]{2  <1.0>}
x[5,6]{3  <0.5>, 5  <0.5>}
x[5,7]{0  <1.0>}
x[6,0]{4  <0.3333333333333333>, 1  <0.3333333333333333>, 5  <0.3333333333333333>}
x[6,1]{6  <0.19999999999999998>, 1  <0.19999999999999998>, 5  <0.19999999999999998>, 7  <0.19999999999999998>, 4  <0.19999999999999998>}
x[6,2]{5  <0.33333333333333337>, 1  <0.33333333333333337>, 7  <0.33333333333333337>}
x[6,3]{3  <1.0>}
x[6,4]{0  <1.0>}
x[6,5]{6  <0.25>, 5  <0.25>, 4  <0.25>, 7  <0.25>}
x[6,6]{6  <0.38888888888888895>, 4  <0.27777777777777785>, 5  <0.33333333333333337>}
x[6,7]{2  <1.0>}
x[7,0]{5  <0.3333333333333333>, 1  <0.3333333333333333>, 3  <0.3333333333333333>}
x[7,1]{0  <1.0>}
x[7,2]{7  <0.25>, 1  <0.25>, 2  <0.25>, 5  <0.25>}
x[7,3]{7  <0.25>, 1  <0.25>, 6  <0.25>, 5  <0.25>}
x[7,4]{6  <0.19999999999999998>, 1  <0.19999999999999998>, 2  <0.19999999999999998>, 3  <0.19999999999999998>, 5  <0.19999999999999998>}
x[7,5]{7  <0.3333333333333333>, 5  <0.3333333333333333>, 6  <0.3333333333333333>}
x[7,6]{6  <0.25>, 5  <0.25>, 2  <0.25>, 3  <0.25>}
x[7,7]{4  <1.0>}
problem entropy = 0.9939497642659503
smallest variable entropy = 0.6791932659915256
##### after BP iteration 2 #####
x[0,0]{0  <0.07142857142857142>, 1  <0.14285714285714285>, 5  <0.42857142857142855>, 4  <0.35714285714285715>}
x[0,1]{4  <0.25>, 1  <0.25>, 5  <0.25>, 6  <0.25>}
x[0,2]{0  <0.25>, 1  <0.25>, 2  <0.25>, 5  <0.25>}
x[0,3]{6  <0.3333333333333333>, 1  <0.3333333333333333>, 5  <0.3333333333333333>}
x[0,4]{5  <0.19999999999999998>, 1  <0.19999999999999998>, 2  <0.19999999999999998>, 6  <0.19999999999999998>, 4  <0.19999999999999998>}
x[0,5]{3  <1.0>}
x[0,6]{5  <0.25>, 4  <0.25>, 2  <0.25>, 6  <0.25>}
x[0,7]{7  <1.0>}
x[1,0]{2  <1.0>}
x[1,1]{5  <0.24>, 1  <0.08>, 7  <0.32>, 3  <0.16>, 4  <0.19999999999999996>}
x[1,2]{5  <0.3333333333333333>, 1  <0.3333333333333333>, 7  <0.3333333333333333>}
x[1,3]{5  <0.3333333333333333>, 1  <0.3333333333333333>, 7  <0.3333333333333333>}
x[1,4]{5  <0.25>, 1  <0.25>, 4  <0.25>, 3  <0.25>}
x[1,5]{5  <0.3333333333333333>, 4  <0.3333333333333333>, 7  <0.3333333333333333>}
x[1,6]{0  <1.0>}
x[1,7]{6  <1.0>}
x[2,0]{0  <0.25>, 4  <0.25>, 5  <0.25>, 3  <0.25>}
x[2,1]{3  <0.3333333333333333>, 4  <0.3333333333333333>, 5  <0.3333333333333333>}
x[2,2]{6  <1.0>}
x[2,3]{2  <1.0>}
x[2,4]{3  <0.3333333333333333>, 4  <0.3333333333333333>, 5  <0.3333333333333333>}
x[2,5]{0  <0.3333333333333333>, 4  <0.3333333333333333>, 5  <0.3333333333333333>}
x[2,6]{7  <1.0>}
x[2,7]{1  <1.0>}
x[3,0]{0  <0.5>, 5  <0.5>}
x[3,1]{5  <0.3333333333333333>, 6  <0.3333333333333333>, 7  <0.3333333333333333>}
x[3,2]{0  <0.25>, 7  <0.25>, 2  <0.25>, 5  <0.25>}
x[3,3]{4  <1.0>}
x[3,4]{5  <0.3333333333333333>, 6  <0.3333333333333333>, 2  <0.3333333333333333>}
x[3,5]{0  <0.25>, 6  <0.25>, 7  <0.25>, 5  <0.25>}
x[3,6]{1  <1.0>}
x[3,7]{3  <1.0>}
x[4,0]{7  <1.0>}
x[4,1]{2  <1.0>}
x[4,2]{3  <1.0>}
x[4,3]{0  <1.0>}
x[4,4]{6  <0.5833333333333334>, 4  <0.4166666666666667>}
x[4,5]{1  <1.0>}
x[4,6]{6  <0.5>, 4  <0.5>}
x[4,7]{5  <1.0>}
x[5,0]{6  <1.0>}
x[5,1]{3  <0.3333333333333333>, 1  <0.3333333333333333>, 5  <0.3333333333333333>}
x[5,2]{4  <1.0>}
x[5,3]{5  <0.5>, 1  <0.5>}
x[5,4]{7  <1.0>}
x[5,5]{2  <1.0>}
x[5,6]{3  <0.5>, 5  <0.5>}
x[5,7]{0  <1.0>}
x[6,0]{4  <0.3333333333333333>, 1  <0.3333333333333333>, 5  <0.3333333333333333>}
x[6,1]{6  <0.19999999999999998>, 1  <0.19999999999999998>, 5  <0.19999999999999998>, 7  <0.19999999999999998>, 4  <0.19999999999999998>}
x[6,2]{5  <0.33333333333333337>, 1  <0.33333333333333337>, 7  <0.33333333333333337>}
x[6,3]{3  <1.0>}
x[6,4]{0  <1.0>}
x[6,5]{6  <0.25>, 5  <0.25>, 4  <0.25>, 7  <0.25>}
x[6,6]{6  <0.38888888888888895>, 4  <0.27777777777777785>, 5  <0.33333333333333337>}
x[6,7]{2  <1.0>}
x[7,0]{5  <0.3333333333333333>, 1  <0.3333333333333333>, 3  <0.3333333333333333>}
x[7,1]{0  <1.0>}
x[7,2]{7  <0.25>, 1  <0.25>, 2  <0.25>, 5  <0.25>}
x[7,3]{7  <0.25>, 1  <0.25>, 6  <0.25>, 5  <0.25>}
x[7,4]{6  <0.19999999999999998>, 1  <0.19999999999999998>, 2  <0.19999999999999998>, 3  <0.19999999999999998>, 5  <0.19999999999999998>}
x[7,5]{7  <0.3333333333333333>, 5  <0.3333333333333333>, 6  <0.3333333333333333>}
x[7,6]{6  <0.25>, 5  <0.25>, 2  <0.25>, 3  <0.25>}
x[7,7]{4  <1.0>}
problem entropy = 0.9939497642659503
smallest variable entropy = 0.6791932659915256
### branching on x[4,4]=6 marginal=0.5833333333333334
### branching on x[6,6]=6 marginal=0.5384615384615384
##### after BP iteration 1 #####
x[0,0]{0  <0.07142857142857142>, 1  <0.14285714285714285>, 5  <0.42857142857142855>, 4  <0.35714285714285715>}
x[0,1]{4  <0.25>, 1  <0.25>, 5  <0.25>, 6  <0.25>}
x[0,2]{0  <0.25>, 1  <0.25>, 2  <0.25>, 5  <0.25>}
x[0,3]{6  <0.3333333333333333>, 1  <0.3333333333333333>, 5  <0.3333333333333333>}
x[0,4]{5  <0.25>, 1  <0.25>, 2  <0.25>, 4  <0.25>}
x[0,5]{3  <1.0>}
x[0,6]{5  <0.5>, 2  <0.5>}
x[0,7]{7  <1.0>}
x[1,0]{2  <1.0>}
x[1,1]{5  <0.24>, 1  <0.08>, 7  <0.32>, 3  <0.16>, 4  <0.19999999999999996>}
x[1,2]{5  <0.3333333333333333>, 1  <0.3333333333333333>, 7  <0.3333333333333333>}
x[1,3]{5  <0.3333333333333333>, 1  <0.3333333333333333>, 7  <0.3333333333333333>}
x[1,4]{5  <0.25>, 1  <0.25>, 4  <0.25>, 3  <0.25>}
x[1,5]{5  <0.3333333333333333>, 4  <0.3333333333333333>, 7  <0.3333333333333333>}
x[1,6]{0  <1.0>}
x[1,7]{6  <1.0>}
x[2,0]{0  <0.25>, 4  <0.25>, 5  <0.25>, 3  <0.25>}
x[2,1]{3  <0.3333333333333333>, 4  <0.3333333333333333>, 5  <0.3333333333333333>}
x[2,2]{6  <1.0>}
x[2,3]{2  <1.0>}
x[2,4]{3  <0.3333333333333333>, 4  <0.3333333333333333>, 5  <0.3333333333333333>}
x[2,5]{0  <0.3333333333333333>, 4  <0.3333333333333333>, 5  <0.3333333333333333>}
x[2,6]{7  <1.0>}
x[2,7]{1  <1.0>}
x[3,0]{0  <0.5>, 5  <0.5>}
x[3,1]{5  <0.3333333333333333>, 6  <0.3333333333333333>, 7  <0.3333333333333333>}
x[3,2]{0  <0.25>, 7  <0.25>, 2  <0.25>, 5  <0.25>}
x[3,3]{4  <1.0>}
x[3,4]{5  <0.5>, 2  <0.5>}
x[3,5]{0  <0.25>, 6  <0.25>, 7  <0.25>, 5  <0.25>}
x[3,6]{1  <1.0>}
x[3,7]{3  <1.0>}
x[4,0]{7  <1.0>}
x[4,1]{2  <1.0>}
x[4,2]{3  <1.0>}
x[4,3]{0  <1.0>}
x[4,4]{6  <1.0>}
x[4,5]{1  <1.0>}
x[4,6]{4  <1.0>}
x[4,7]{5  <1.0>}
x[5,0]{6  <1.0>}
x[5,1]{3  <0.3333333333333333>, 1  <0.3333333333333333>, 5  <0.3333333333333333>}
x[5,2]{4  <1.0>}
x[5,3]{5  <0.5>, 1  <0.5>}
x[5,4]{7  <1.0>}
x[5,5]{2  <1.0>}
x[5,6]{3  <0.5>, 5  <0.5>}
x[5,7]{0  <1.0>}
x[6,0]{4  <0.3333333333333333>, 1  <0.3333333333333333>, 5  <0.3333333333333333>}
x[6,1]{4  <0.25>, 1  <0.25>, 5  <0.25>, 7  <0.25>}
x[6,2]{5  <0.3333333333333333>, 1  <0.3333333333333333>, 7  <0.3333333333333333>}
x[6,3]{3  <1.0>}
x[6,4]{0  <1.0>}
x[6,5]{7  <0.3333333333333333>, 5  <0.3333333333333333>, 4  <0.3333333333333333>}
x[6,6]{6  <1.0>}
x[6,7]{2  <1.0>}
x[7,0]{5  <0.3333333333333333>, 1  <0.3333333333333333>, 3  <0.3333333333333333>}
x[7,1]{0  <1.0>}
x[7,2]{7  <0.25>, 1  <0.25>, 2  <0.25>, 5  <0.25>}
x[7,3]{7  <0.25>, 1  <0.25>, 6  <0.25>, 5  <0.25>}
x[7,4]{5  <0.25>, 1  <0.25>, 2  <0.25>, 3  <0.25>}
x[7,5]{7  <0.3333333333333333>, 5  <0.3333333333333333>, 6  <0.3333333333333333>}
x[7,6]{3  <0.3333333333333333>, 5  <0.3333333333333333>, 2  <0.3333333333333333>}
x[7,7]{4  <1.0>}
problem entropy = 0.9942663744603991
smallest variable entropy = 0.6931471805599453
##### after BP iteration 2 #####
x[0,0]{0  <0.07142857142857142>, 1  <0.14285714285714285>, 5  <0.42857142857142855>, 4  <0.35714285714285715>}
x[0,1]{4  <0.25>, 1  <0.25>, 5  <0.25>, 6  <0.25>}
x[0,2]{0  <0.25>, 1  <0.25>, 2  <0.25>, 5  <0.25>}
x[0,3]{6  <0.3333333333333333>, 1  <0.3333333333333333>, 5  <0.3333333333333333>}
x[0,4]{5  <0.25>, 1  <0.25>, 2  <0.25>, 4  <0.25>}
x[0,5]{3  <1.0>}
x[0,6]{5  <0.5>, 2  <0.5>}
x[0,7]{7  <1.0>}
x[1,0]{2  <1.0>}
x[1,1]{5  <0.24>, 1  <0.08>, 7  <0.32>, 3  <0.16>, 4  <0.19999999999999996>}
x[1,2]{5  <0.3333333333333333>, 1  <0.3333333333333333>, 7  <0.3333333333333333>}
x[1,3]{5  <0.3333333333333333>, 1  <0.3333333333333333>, 7  <0.3333333333333333>}
x[1,4]{5  <0.25>, 1  <0.25>, 4  <0.25>, 3  <0.25>}
x[1,5]{5  <0.3333333333333333>, 4  <0.3333333333333333>, 7  <0.3333333333333333>}
x[1,6]{0  <1.0>}
x[1,7]{6  <1.0>}
x[2,0]{0  <0.25>, 4  <0.25>, 5  <0.25>, 3  <0.25>}
x[2,1]{3  <0.3333333333333333>, 4  <0.3333333333333333>, 5  <0.3333333333333333>}
x[2,2]{6  <1.0>}
x[2,3]{2  <1.0>}
x[2,4]{3  <0.3333333333333333>, 4  <0.3333333333333333>, 5  <0.3333333333333333>}
x[2,5]{0  <0.3333333333333333>, 4  <0.3333333333333333>, 5  <0.3333333333333333>}
x[2,6]{7  <1.0>}
x[2,7]{1  <1.0>}
x[3,0]{0  <0.5>, 5  <0.5>}
x[3,1]{5  <0.3333333333333333>, 6  <0.3333333333333333>, 7  <0.3333333333333333>}
x[3,2]{0  <0.25>, 7  <0.25>, 2  <0.25>, 5  <0.25>}
x[3,3]{4  <1.0>}
x[3,4]{5  <0.5>, 2  <0.5>}
x[3,5]{0  <0.25>, 6  <0.25>, 7  <0.25>, 5  <0.25>}
x[3,6]{1  <1.0>}
x[3,7]{3  <1.0>}
x[4,0]{7  <1.0>}
x[4,1]{2  <1.0>}
x[4,2]{3  <1.0>}
x[4,3]{0  <1.0>}
x[4,4]{6  <1.0>}
x[4,5]{1  <1.0>}
x[4,6]{4  <1.0>}
x[4,7]{5  <1.0>}
x[5,0]{6  <1.0>}
x[5,1]{3  <0.3333333333333333>, 1  <0.3333333333333333>, 5  <0.3333333333333333>}
x[5,2]{4  <1.0>}
x[5,3]{5  <0.5>, 1  <0.5>}
x[5,4]{7  <1.0>}
x[5,5]{2  <1.0>}
x[5,6]{3  <0.5>, 5  <0.5>}
x[5,7]{0  <1.0>}
x[6,0]{4  <0.3333333333333333>, 1  <0.3333333333333333>, 5  <0.3333333333333333>}
x[6,1]{4  <0.25>, 1  <0.25>, 5  <0.25>, 7  <0.25>}
x[6,2]{5  <0.3333333333333333>, 1  <0.3333333333333333>, 7  <0.3333333333333333>}
x[6,3]{3  <1.0>}
x[6,4]{0  <1.0>}
x[6,5]{7  <0.3333333333333333>, 5  <0.3333333333333333>, 4  <0.3333333333333333>}
x[6,6]{6  <1.0>}
x[6,7]{2  <1.0>}
x[7,0]{5  <0.3333333333333333>, 1  <0.3333333333333333>, 3  <0.3333333333333333>}
x[7,1]{0  <1.0>}
x[7,2]{7  <0.25>, 1  <0.25>, 2  <0.25>, 5  <0.25>}
x[7,3]{7  <0.25>, 1  <0.25>, 6  <0.25>, 5  <0.25>}
x[7,4]{5  <0.25>, 1  <0.25>, 2  <0.25>, 3  <0.25>}
x[7,5]{7  <0.3333333333333333>, 5  <0.3333333333333333>, 6  <0.3333333333333333>}
x[7,6]{3  <0.3333333333333333>, 5  <0.3333333333333333>, 2  <0.3333333333333333>}
x[7,7]{4  <1.0>}
problem entropy = 0.9942663744603991
smallest variable entropy = 0.6931471805599453
### branching on x[0,6]=5 marginal=0.5
##### after BP iteration 1 #####
x[0,0]{0  <0.125>, 1  <0.25>, 4  <0.625>}
x[0,1]{4  <0.3333333333333333>, 1  <0.3333333333333333>, 6  <0.3333333333333333>}
x[0,2]{0  <0.5>, 2  <0.5>}
x[0,3]{6  <0.5>, 1  <0.5>}
x[0,4]{4  <0.3333333333333333>, 1  <0.3333333333333333>, 2  <0.3333333333333333>}
x[0,5]{3  <1.0>}
x[0,6]{5  <1.0>}
x[0,7]{7  <1.0>}
x[1,0]{2  <1.0>}
x[1,1]{5  <0.24000000000000002>, 1  <0.08>, 7  <0.32>, 3  <0.16>, 4  <0.19999999999999998>}
x[1,2]{5  <0.3333333333333333>, 1  <0.3333333333333333>, 7  <0.3333333333333333>}
x[1,3]{5  <0.3333333333333333>, 1  <0.3333333333333333>, 7  <0.3333333333333333>}
x[1,4]{5  <0.25>, 1  <0.25>, 4  <0.25>, 3  <0.25>}
x[1,5]{5  <0.3333333333333333>, 4  <0.3333333333333333>, 7  <0.3333333333333333>}
x[1,6]{0  <1.0>}
x[1,7]{6  <1.0>}
x[2,0]{3  <0.3333333333333333>, 4  <0.3333333333333333>, 5  <0.3333333333333333>}
x[2,1]{3  <0.3333333333333333>, 4  <0.3333333333333333>, 5  <0.3333333333333333>}
x[2,2]{6  <1.0>}
x[2,3]{2  <1.0>}
x[2,4]{3  <0.3333333333333333>, 4  <0.3333333333333333>, 5  <0.3333333333333333>}
x[2,5]{0  <1.0>}
x[2,6]{7  <1.0>}
x[2,7]{1  <1.0>}
x[3,0]{0  <0.5>, 5  <0.5>}
x[3,1]{7  <0.5>, 6  <0.5>}
x[3,2]{0  <0.5>, 2  <0.5>}
x[3,3]{4  <1.0>}
x[3,4]{5  <0.5>, 2  <0.5>}
x[3,5]{7  <0.5>, 6  <0.5>}
x[3,6]{1  <1.0>}
x[3,7]{3  <1.0>}
x[4,0]{7  <1.0>}
x[4,1]{2  <1.0>}
x[4,2]{3  <1.0>}
x[4,3]{0  <1.0>}
x[4,4]{6  <1.0>}
x[4,5]{1  <1.0>}
x[4,6]{4  <1.0>}
x[4,7]{5  <1.0>}
x[5,0]{6  <1.0>}
x[5,1]{5  <0.5>, 1  <0.5>}
x[5,2]{4  <1.0>}
x[5,3]{5  <0.5>, 1  <0.5>}
x[5,4]{7  <1.0>}
x[5,5]{2  <1.0>}
x[5,6]{3  <1.0>}
x[5,7]{0  <1.0>}
x[6,0]{4  <0.3333333333333333>, 1  <0.3333333333333333>, 5  <0.3333333333333333>}
x[6,1]{4  <0.25>, 1  <0.25>, 5  <0.25>, 7  <0.25>}
x[6,2]{5  <0.3333333333333333>, 1  <0.3333333333333333>, 7  <0.3333333333333333>}
x[6,3]{3  <1.0>}
x[6,4]{0  <1.0>}
x[6,5]{7  <0.3333333333333333>, 5  <0.3333333333333333>, 4  <0.3333333333333333>}
x[6,6]{6  <1.0>}
x[6,7]{2  <1.0>}
x[7,0]{5  <0.3333333333333333>, 1  <0.3333333333333333>, 3  <0.3333333333333333>}
x[7,1]{0  <1.0>}
x[7,2]{7  <0.3333333333333333>, 1  <0.3333333333333333>, 5  <0.3333333333333333>}
x[7,3]{7  <0.25>, 1  <0.25>, 6  <0.25>, 5  <0.25>}
x[7,4]{5  <0.3333333333333333>, 1  <0.3333333333333333>, 3  <0.3333333333333333>}
x[7,5]{7  <0.3333333333333333>, 5  <0.3333333333333333>, 6  <0.3333333333333333>}
x[7,6]{2  <1.0>}
x[7,7]{4  <1.0>}
problem entropy = 0.9919496686992668
smallest variable entropy = 0.6931471805599453
##### after BP iteration 2 #####
x[0,0]{0  <0.125>, 1  <0.25>, 4  <0.625>}
x[0,1]{4  <0.3333333333333333>, 1  <0.3333333333333333>, 6  <0.3333333333333333>}
x[0,2]{0  <0.5>, 2  <0.5>}
x[0,3]{6  <0.5>, 1  <0.5>}
x[0,4]{4  <0.3333333333333333>, 1  <0.3333333333333333>, 2  <0.3333333333333333>}
x[0,5]{3  <1.0>}
x[0,6]{5  <1.0>}
x[0,7]{7  <1.0>}
x[1,0]{2  <1.0>}
x[1,1]{5  <0.24000000000000002>, 1  <0.08>, 7  <0.32>, 3  <0.16>, 4  <0.19999999999999998>}
x[1,2]{5  <0.3333333333333333>, 1  <0.3333333333333333>, 7  <0.3333333333333333>}
x[1,3]{5  <0.3333333333333333>, 1  <0.3333333333333333>, 7  <0.3333333333333333>}
x[1,4]{5  <0.25>, 1  <0.25>, 4  <0.25>, 3  <0.25>}
x[1,5]{5  <0.3333333333333333>, 4  <0.3333333333333333>, 7  <0.3333333333333333>}
x[1,6]{0  <1.0>}
x[1,7]{6  <1.0>}
x[2,0]{3  <0.3333333333333333>, 4  <0.3333333333333333>, 5  <0.3333333333333333>}
x[2,1]{3  <0.3333333333333333>, 4  <0.3333333333333333>, 5  <0.3333333333333333>}
x[2,2]{6  <1.0>}
x[2,3]{2  <1.0>}
x[2,4]{3  <0.3333333333333333>, 4  <0.3333333333333333>, 5  <0.3333333333333333>}
x[2,5]{0  <1.0>}
x[2,6]{7  <1.0>}
x[2,7]{1  <1.0>}
x[3,0]{0  <0.5>, 5  <0.5>}
x[3,1]{7  <0.5>, 6  <0.5>}
x[3,2]{0  <0.5>, 2  <0.5>}
x[3,3]{4  <1.0>}
x[3,4]{5  <0.5>, 2  <0.5>}
x[3,5]{7  <0.5>, 6  <0.5>}
x[3,6]{1  <1.0>}
x[3,7]{3  <1.0>}
x[4,0]{7  <1.0>}
x[4,1]{2  <1.0>}
x[4,2]{3  <1.0>}
x[4,3]{0  <1.0>}
x[4,4]{6  <1.0>}
x[4,5]{1  <1.0>}
x[4,6]{4  <1.0>}
x[4,7]{5  <1.0>}
x[5,0]{6  <1.0>}
x[5,1]{5  <0.5>, 1  <0.5>}
x[5,2]{4  <1.0>}
x[5,3]{5  <0.5>, 1  <0.5>}
x[5,4]{7  <1.0>}
x[5,5]{2  <1.0>}
x[5,6]{3  <1.0>}
x[5,7]{0  <1.0>}
x[6,0]{4  <0.3333333333333333>, 1  <0.3333333333333333>, 5  <0.3333333333333333>}
x[6,1]{4  <0.25>, 1  <0.25>, 5  <0.25>, 7  <0.25>}
x[6,2]{5  <0.3333333333333333>, 1  <0.3333333333333333>, 7  <0.3333333333333333>}
x[6,3]{3  <1.0>}
x[6,4]{0  <1.0>}
x[6,5]{7  <0.3333333333333333>, 5  <0.3333333333333333>, 4  <0.3333333333333333>}
x[6,6]{6  <1.0>}
x[6,7]{2  <1.0>}
x[7,0]{5  <0.3333333333333333>, 1  <0.3333333333333333>, 3  <0.3333333333333333>}
x[7,1]{0  <1.0>}
x[7,2]{7  <0.3333333333333333>, 1  <0.3333333333333333>, 5  <0.3333333333333333>}
x[7,3]{7  <0.25>, 1  <0.25>, 6  <0.25>, 5  <0.25>}
x[7,4]{5  <0.3333333333333333>, 1  <0.3333333333333333>, 3  <0.3333333333333333>}
x[7,5]{7  <0.3333333333333333>, 5  <0.3333333333333333>, 6  <0.3333333333333333>}
x[7,6]{2  <1.0>}
x[7,7]{4  <1.0>}
problem entropy = 0.9919496686992668
smallest variable entropy = 0.6931471805599453
### branching on x[0,0]=4 marginal=0.625
##### after BP iteration 1 #####
x[0,0]{4  <1.0>}
x[0,1]{6  <0.5>, 1  <0.5>}
x[0,2]{0  <1.0>}
x[0,3]{6  <0.5>, 1  <0.5>}
x[0,4]{2  <1.0>}
x[0,5]{3  <1.0>}
x[0,6]{5  <1.0>}
x[0,7]{7  <1.0>}
x[1,0]{2  <1.0>}
x[1,1]{5  <0.24>, 1  <0.08>, 7  <0.32>, 3  <0.16>, 4  <0.19999999999999996>}
x[1,2]{5  <0.3333333333333333>, 1  <0.3333333333333333>, 7  <0.3333333333333333>}
x[1,3]{5  <0.3333333333333333>, 1  <0.3333333333333333>, 7  <0.3333333333333333>}
x[1,4]{3  <0.3333333333333333>, 1  <0.3333333333333333>, 4  <0.3333333333333333>}
x[1,5]{5  <0.3333333333333333>, 4  <0.3333333333333333>, 7  <0.3333333333333333>}
x[1,6]{0  <1.0>}
x[1,7]{6  <1.0>}
x[2,0]{3  <0.5>, 5  <0.5>}
x[2,1]{3  <0.3333333333333333>, 4  <0.3333333333333333>, 5  <0.3333333333333333>}
x[2,2]{6  <1.0>}
x[2,3]{2  <1.0>}
x[2,4]{3  <0.5>, 4  <0.5>}
x[2,5]{0  <1.0>}
x[2,6]{7  <1.0>}
x[2,7]{1  <1.0>}
x[3,0]{0  <1.0>}
x[3,1]{7  <0.5>, 6  <0.5>}
x[3,2]{2  <1.0>}
x[3,3]{4  <1.0>}
x[3,4]{5  <1.0>}
x[3,5]{7  <0.5>, 6  <0.5>}
x[3,6]{1  <1.0>}
x[3,7]{3  <1.0>}
x[4,0]{7  <1.0>}
x[4,1]{2  <1.0>}
x[4,2]{3  <1.0>}
x[4,3]{0  <1.0>}
x[4,4]{6  <1.0>}
x[4,5]{1  <1.0>}
x[4,6]{4  <1.0>}
x[4,7]{5  <1.0>}
x[5,0]{6  <1.0>}
x[5,1]{5  <0.5>, 1  <0.5>}
x[5,2]{4  <1.0>}
x[5,3]{5  <0.5>, 1  <0.5>}
x[5,4]{7  <1.0>}
x[5,5]{2  <1.0>}
x[5,6]{3  <1.0>}
x[5,7]{0  <1.0>}
x[6,0]{5  <0.5>, 1  <0.5>}
x[6,1]{4  <0.25>, 1  <0.25>, 5  <0.25>, 7  <0.25>}
x[6,2]{5  <0.33333333333333337>, 1  <0.33333333333333337>, 7  <0.33333333333333337>}
x[6,3]{3  <1.0>}
x[6,4]{0  <1.0>}
x[6,5]{7  <0.3333333333333333>, 5  <0.3333333333333333>, 4  <0.3333333333333333>}
x[6,6]{6  <1.0>}
x[6,7]{2  <1.0>}
x[7,0]{5  <0.33333333333333337>, 1  <0.33333333333333337>, 3  <0.33333333333333337>}
x[7,1]{0  <1.0>}
x[7,2]{7  <0.33333333333333337>, 1  <0.33333333333333337>, 5  <0.33333333333333337>}
x[7,3]{7  <0.25>, 1  <0.25>, 6  <0.25>, 5  <0.25>}
x[7,4]{3  <0.5>, 1  <0.5>}
x[7,5]{7  <0.3333333333333333>, 5  <0.3333333333333333>, 6  <0.3333333333333333>}
x[7,6]{2  <1.0>}
x[7,7]{4  <1.0>}
problem entropy = 0.9976996530611275
smallest variable entropy = 0.6931471805599453
##### after BP iteration 2 #####
x[0,0]{4  <1.0>}
x[0,1]{6  <0.5>, 1  <0.5>}
x[0,2]{0  <1.0>}
x[0,3]{6  <0.5>, 1  <0.5>}
x[0,4]{2  <1.0>}
x[0,5]{3  <1.0>}
x[0,6]{5  <1.0>}
x[0,7]{7  <1.0>}
x[1,0]{2  <1.0>}
x[1,1]{5  <0.24>, 1  <0.08>, 7  <0.32>, 3  <0.16>, 4  <0.19999999999999996>}
x[1,2]{5  <0.3333333333333333>, 1  <0.3333333333333333>, 7  <0.3333333333333333>}
x[1,3]{5  <0.3333333333333333>, 1  <0.3333333333333333>, 7  <0.3333333333333333>}
x[1,4]{3  <0.3333333333333333>, 1  <0.3333333333333333>, 4  <0.3333333333333333>}
x[1,5]{5  <0.3333333333333333>, 4  <0.3333333333333333>, 7  <0.3333333333333333>}
x[1,6]{0  <1.0>}
x[1,7]{6  <1.0>}
x[2,0]{3  <0.5>, 5  <0.5>}
x[2,1]{3  <0.3333333333333333>, 4  <0.3333333333333333>, 5  <0.3333333333333333>}
x[2,2]{6  <1.0>}
x[2,3]{2  <1.0>}
x[2,4]{3  <0.5>, 4  <0.5>}
x[2,5]{0  <1.0>}
x[2,6]{7  <1.0>}
x[2,7]{1  <1.0>}
x[3,0]{0  <1.0>}
x[3,1]{7  <0.5>, 6  <0.5>}
x[3,2]{2  <1.0>}
x[3,3]{4  <1.0>}
x[3,4]{5  <1.0>}
x[3,5]{7  <0.5>, 6  <0.5>}
x[3,6]{1  <1.0>}
x[3,7]{3  <1.0>}
x[4,0]{7  <1.0>}
x[4,1]{2  <1.0>}
x[4,2]{3  <1.0>}
x[4,3]{0  <1.0>}
x[4,4]{6  <1.0>}
x[4,5]{1  <1.0>}
x[4,6]{4  <1.0>}
x[4,7]{5  <1.0>}
x[5,0]{6  <1.0>}
x[5,1]{5  <0.5>, 1  <0.5>}
x[5,2]{4  <1.0>}
x[5,3]{5  <0.5>, 1  <0.5>}
x[5,4]{7  <1.0>}
x[5,5]{2  <1.0>}
x[5,6]{3  <1.0>}
x[5,7]{0  <1.0>}
x[6,0]{5  <0.5>, 1  <0.5>}
x[6,1]{4  <0.25>, 1  <0.25>, 5  <0.25>, 7  <0.25>}
x[6,2]{5  <0.33333333333333337>, 1  <0.33333333333333337>, 7  <0.33333333333333337>}
x[6,3]{3  <1.0>}
x[6,4]{0  <1.0>}
x[6,5]{7  <0.3333333333333333>, 5  <0.3333333333333333>, 4  <0.3333333333333333>}
x[6,6]{6  <1.0>}
x[6,7]{2  <1.0>}
x[7,0]{5  <0.33333333333333337>, 1  <0.33333333333333337>, 3  <0.33333333333333337>}
x[7,1]{0  <1.0>}
x[7,2]{7  <0.33333333333333337>, 1  <0.33333333333333337>, 5  <0.33333333333333337>}
x[7,3]{7  <0.25>, 1  <0.25>, 6  <0.25>, 5  <0.25>}
x[7,4]{3  <0.5>, 1  <0.5>}
x[7,5]{7  <0.3333333333333333>, 5  <0.3333333333333333>, 6  <0.3333333333333333>}
x[7,6]{2  <1.0>}
x[7,7]{4  <1.0>}
problem entropy = 0.9976996530611275
smallest variable entropy = 0.6931471805599453
### branching on x[0,1]=6 marginal=0.5
##### after BP iteration 1 #####
x[0,0]{4  <1.0>}
x[0,1]{6  <1.0>}
x[0,2]{0  <1.0>}
x[0,3]{1  <1.0>}
x[0,4]{2  <1.0>}
x[0,5]{3  <1.0>}
x[0,6]{5  <1.0>}
x[0,7]{7  <1.0>}
x[1,0]{2  <1.0>}
x[1,1]{5  <0.4>, 3  <0.26666666666666666>, 4  <0.3333333333333333>}
x[1,2]{5  <0.5>, 1  <0.5>}
x[1,3]{7  <1.0>}
x[1,4]{3  <0.3333333333333333>, 1  <0.3333333333333333>, 4  <0.3333333333333333>}
x[1,5]{5  <0.5>, 4  <0.5>}
x[1,6]{0  <1.0>}
x[1,7]{6  <1.0>}
x[2,0]{3  <0.5>, 5  <0.5>}
x[2,1]{3  <0.3333333333333333>, 4  <0.3333333333333333>, 5  <0.3333333333333333>}
x[2,2]{6  <1.0>}
x[2,3]{2  <1.0>}
x[2,4]{3  <0.5>, 4  <0.5>}
x[2,5]{0  <1.0>}
x[2,6]{7  <1.0>}
x[2,7]{1  <1.0>}
x[3,0]{0  <1.0>}
x[3,1]{7  <1.0>}
x[3,2]{2  <1.0>}
x[3,3]{4  <1.0>}
x[3,4]{5  <1.0>}
x[3,5]{6  <1.0>}
x[3,6]{1  <1.0>}
x[3,7]{3  <1.0>}
x[4,0]{7  <1.0>}
x[4,1]{2  <1.0>}
x[4,2]{3  <1.0>}
x[4,3]{0  <1.0>}
x[4,4]{6  <1.0>}
x[4,5]{1  <1.0>}
x[4,6]{4  <1.0>}
x[4,7]{5  <1.0>}
x[5,0]{6  <1.0>}
x[5,1]{1  <1.0>}
x[5,2]{4  <1.0>}
x[5,3]{5  <1.0>}
x[5,4]{7  <1.0>}
x[5,5]{2  <1.0>}
x[5,6]{3  <1.0>}
x[5,7]{0  <1.0>}
x[6,0]{5  <0.5>, 1  <0.5>}
x[6,1]{4  <0.5>, 5  <0.5>}
x[6,2]{5  <0.3333333333333333>, 1  <0.3333333333333333>, 7  <0.3333333333333333>}
x[6,3]{3  <1.0>}
x[6,4]{0  <1.0>}
x[6,5]{7  <0.3333333333333333>, 5  <0.3333333333333333>, 4  <0.3333333333333333>}
x[6,6]{6  <1.0>}
x[6,7]{2  <1.0>}
x[7,0]{5  <0.33333333333333337>, 1  <0.33333333333333337>, 3  <0.33333333333333337>}
x[7,1]{0  <1.0>}
x[7,2]{7  <0.33333333333333337>, 1  <0.33333333333333337>, 5  <0.33333333333333337>}
x[7,3]{6  <1.0>}
x[7,4]{3  <0.5>, 1  <0.5>}
x[7,5]{7  <0.5>, 5  <0.5>}
x[7,6]{2  <1.0>}
x[7,7]{4  <1.0>}
problem entropy = 0.9991854162541283
smallest variable entropy = 0.6931471805599453
##### after BP iteration 2 #####
x[0,0]{4  <1.0>}
x[0,1]{6  <1.0>}
x[0,2]{0  <1.0>}
x[0,3]{1  <1.0>}
x[0,4]{2  <1.0>}
x[0,5]{3  <1.0>}
x[0,6]{5  <1.0>}
x[0,7]{7  <1.0>}
x[1,0]{2  <1.0>}
x[1,1]{5  <0.4>, 3  <0.26666666666666666>, 4  <0.3333333333333333>}
x[1,2]{5  <0.5>, 1  <0.5>}
x[1,3]{7  <1.0>}
x[1,4]{3  <0.3333333333333333>, 1  <0.3333333333333333>, 4  <0.3333333333333333>}
x[1,5]{5  <0.5>, 4  <0.5>}
x[1,6]{0  <1.0>}
x[1,7]{6  <1.0>}
x[2,0]{3  <0.5>, 5  <0.5>}
x[2,1]{3  <0.3333333333333333>, 4  <0.3333333333333333>, 5  <0.3333333333333333>}
x[2,2]{6  <1.0>}
x[2,3]{2  <1.0>}
x[2,4]{3  <0.5>, 4  <0.5>}
x[2,5]{0  <1.0>}
x[2,6]{7  <1.0>}
x[2,7]{1  <1.0>}
x[3,0]{0  <1.0>}
x[3,1]{7  <1.0>}
x[3,2]{2  <1.0>}
x[3,3]{4  <1.0>}
x[3,4]{5  <1.0>}
x[3,5]{6  <1.0>}
x[3,6]{1  <1.0>}
x[3,7]{3  <1.0>}
x[4,0]{7  <1.0>}
x[4,1]{2  <1.0>}
x[4,2]{3  <1.0>}
x[4,3]{0  <1.0>}
x[4,4]{6  <1.0>}
x[4,5]{1  <1.0>}
x[4,6]{4  <1.0>}
x[4,7]{5  <1.0>}
x[5,0]{6  <1.0>}
x[5,1]{1  <1.0>}
x[5,2]{4  <1.0>}
x[5,3]{5  <1.0>}
x[5,4]{7  <1.0>}
x[5,5]{2  <1.0>}
x[5,6]{3  <1.0>}
x[5,7]{0  <1.0>}
x[6,0]{5  <0.5>, 1  <0.5>}
x[6,1]{4  <0.5>, 5  <0.5>}
x[6,2]{5  <0.3333333333333333>, 1  <0.3333333333333333>, 7  <0.3333333333333333>}
x[6,3]{3  <1.0>}
x[6,4]{0  <1.0>}
x[6,5]{7  <0.3333333333333333>, 5  <0.3333333333333333>, 4  <0.3333333333333333>}
x[6,6]{6  <1.0>}
x[6,7]{2  <1.0>}
x[7,0]{5  <0.33333333333333337>, 1  <0.33333333333333337>, 3  <0.33333333333333337>}
x[7,1]{0  <1.0>}
x[7,2]{7  <0.33333333333333337>, 1  <0.33333333333333337>, 5  <0.33333333333333337>}
x[7,3]{6  <1.0>}
x[7,4]{3  <0.5>, 1  <0.5>}
x[7,5]{7  <0.5>, 5  <0.5>}
x[7,6]{2  <1.0>}
x[7,7]{4  <1.0>}
problem entropy = 0.9991854162541283
smallest variable entropy = 0.6931471805599453
### branching on x[1,2]=5 marginal=0.5
##### after BP iteration 1 #####
x[0,0]{4  <1.0>}
x[0,1]{6  <1.0>}
x[0,2]{0  <1.0>}
x[0,3]{1  <1.0>}
x[0,4]{2  <1.0>}
x[0,5]{3  <1.0>}
x[0,6]{5  <1.0>}
x[0,7]{7  <1.0>}
x[1,0]{2  <1.0>}
x[1,1]{3  <1.0>}
x[1,2]{5  <1.0>}
x[1,3]{7  <1.0>}
x[1,4]{1  <1.0>}
x[1,5]{4  <1.0>}
x[1,6]{0  <1.0>}
x[1,7]{6  <1.0>}
x[2,0]{3  <1.0>}
x[2,1]{5  <1.0>}
x[2,2]{6  <1.0>}
x[2,3]{2  <1.0>}
x[2,4]{4  <1.0>}
x[2,5]{0  <1.0>}
x[2,6]{7  <1.0>}
x[2,7]{1  <1.0>}
x[3,0]{0  <1.0>}
x[3,1]{7  <1.0>}
x[3,2]{2  <1.0>}
x[3,3]{4  <1.0>}
x[3,4]{5  <1.0>}
x[3,5]{6  <1.0>}
x[3,6]{1  <1.0>}
x[3,7]{3  <1.0>}
x[4,0]{7  <1.0>}
x[4,1]{2  <1.0>}
x[4,2]{3  <1.0>}
x[4,3]{0  <1.0>}
x[4,4]{6  <1.0>}
x[4,5]{1  <1.0>}
x[4,6]{4  <1.0>}
x[4,7]{5  <1.0>}
x[5,0]{6  <1.0>}
x[5,1]{1  <1.0>}
x[5,2]{4  <1.0>}
x[5,3]{5  <1.0>}
x[5,4]{7  <1.0>}
x[5,5]{2  <1.0>}
x[5,6]{3  <1.0>}
x[5,7]{0  <1.0>}
x[6,0]{5  <0.5>, 1  <0.5>}
x[6,1]{4  <1.0>}
x[6,2]{7  <0.5>, 1  <0.5>}
x[6,3]{3  <1.0>}
x[6,4]{0  <1.0>}
x[6,5]{7  <0.5>, 5  <0.5>}
x[6,6]{6  <1.0>}
x[6,7]{2  <1.0>}
x[7,0]{5  <0.5>, 1  <0.5>}
x[7,1]{0  <1.0>}
x[7,2]{7  <0.5>, 1  <0.5>}
x[7,3]{6  <1.0>}
x[7,4]{3  <1.0>}
x[7,5]{7  <0.5>, 5  <0.5>}
x[7,6]{2  <1.0>}
x[7,7]{4  <1.0>}
problem entropy = 1.0
smallest variable entropy = 0.6931471805599453
##### after BP iteration 2 #####
x[0,0]{4  <1.0>}
x[0,1]{6  <1.0>}
x[0,2]{0  <1.0>}
x[0,3]{1  <1.0>}
x[0,4]{2  <1.0>}
x[0,5]{3  <1.0>}
x[0,6]{5  <1.0>}
x[0,7]{7  <1.0>}
x[1,0]{2  <1.0>}
x[1,1]{3  <1.0>}
x[1,2]{5  <1.0>}
x[1,3]{7  <1.0>}
x[1,4]{1  <1.0>}
x[1,5]{4  <1.0>}
x[1,6]{0  <1.0>}
x[1,7]{6  <1.0>}
x[2,0]{3  <1.0>}
x[2,1]{5  <1.0>}
x[2,2]{6  <1.0>}
x[2,3]{2  <1.0>}
x[2,4]{4  <1.0>}
x[2,5]{0  <1.0>}
x[2,6]{7  <1.0>}
x[2,7]{1  <1.0>}
x[3,0]{0  <1.0>}
x[3,1]{7  <1.0>}
x[3,2]{2  <1.0>}
x[3,3]{4  <1.0>}
x[3,4]{5  <1.0>}
x[3,5]{6  <1.0>}
x[3,6]{1  <1.0>}
x[3,7]{3  <1.0>}
x[4,0]{7  <1.0>}
x[4,1]{2  <1.0>}
x[4,2]{3  <1.0>}
x[4,3]{0  <1.0>}
x[4,4]{6  <1.0>}
x[4,5]{1  <1.0>}
x[4,6]{4  <1.0>}
x[4,7]{5  <1.0>}
x[5,0]{6  <1.0>}
x[5,1]{1  <1.0>}
x[5,2]{4  <1.0>}
x[5,3]{5  <1.0>}
x[5,4]{7  <1.0>}
x[5,5]{2  <1.0>}
x[5,6]{3  <1.0>}
x[5,7]{0  <1.0>}
x[6,0]{5  <0.5>, 1  <0.5>}
x[6,1]{4  <1.0>}
x[6,2]{7  <0.5>, 1  <0.5>}
x[6,3]{3  <1.0>}
x[6,4]{0  <1.0>}
x[6,5]{7  <0.5>, 5  <0.5>}
x[6,6]{6  <1.0>}
x[6,7]{2  <1.0>}
x[7,0]{5  <0.5>, 1  <0.5>}
x[7,1]{0  <1.0>}
x[7,2]{7  <0.5>, 1  <0.5>}
x[7,3]{6  <1.0>}
x[7,4]{3  <1.0>}
x[7,5]{7  <0.5>, 5  <0.5>}
x[7,6]{2  <1.0>}
x[7,7]{4  <1.0>}
problem entropy = 1.0
smallest variable entropy = 0.6931471805599453
### branching on x[6,0]=5 marginal=0.5
##### after BP iteration 1 #####
x[0,0]{4  <1.0>}
x[0,1]{6  <1.0>}
x[0,2]{0  <1.0>}
x[0,3]{1  <1.0>}
x[0,4]{2  <1.0>}
x[0,5]{3  <1.0>}
x[0,6]{5  <1.0>}
x[0,7]{7  <1.0>}
x[1,0]{2  <1.0>}
x[1,1]{3  <1.0>}
x[1,2]{5  <1.0>}
x[1,3]{7  <1.0>}
x[1,4]{1  <1.0>}
x[1,5]{4  <1.0>}
x[1,6]{0  <1.0>}
x[1,7]{6  <1.0>}
x[2,0]{3  <1.0>}
x[2,1]{5  <1.0>}
x[2,2]{6  <1.0>}
x[2,3]{2  <1.0>}
x[2,4]{4  <1.0>}
x[2,5]{0  <1.0>}
x[2,6]{7  <1.0>}
x[2,7]{1  <1.0>}
x[3,0]{0  <1.0>}
x[3,1]{7  <1.0>}
x[3,2]{2  <1.0>}
x[3,3]{4  <1.0>}
x[3,4]{5  <1.0>}
x[3,5]{6  <1.0>}
x[3,6]{1  <1.0>}
x[3,7]{3  <1.0>}
x[4,0]{7  <1.0>}
x[4,1]{2  <1.0>}
x[4,2]{3  <1.0>}
x[4,3]{0  <1.0>}
x[4,4]{6  <1.0>}
x[4,5]{1  <1.0>}
x[4,6]{4  <1.0>}
x[4,7]{5  <1.0>}
x[5,0]{6  <1.0>}
x[5,1]{1  <1.0>}
x[5,2]{4  <1.0>}
x[5,3]{5  <1.0>}
x[5,4]{7  <1.0>}
x[5,5]{2  <1.0>}
x[5,6]{3  <1.0>}
x[5,7]{0  <1.0>}
x[6,0]{5  <1.0>}
x[6,1]{4  <1.0>}
x[6,2]{1  <1.0>}
x[6,3]{3  <1.0>}
x[6,4]{0  <1.0>}
x[6,5]{7  <1.0>}
x[6,6]{6  <1.0>}
x[6,7]{2  <1.0>}
x[7,0]{1  <1.0>}
x[7,1]{0  <1.0>}
x[7,2]{7  <1.0>}
x[7,3]{6  <1.0>}
x[7,4]{3  <1.0>}
x[7,5]{5  <1.0>}
x[7,6]{2  <1.0>}
x[7,7]{4  <1.0>}
problem entropy = 0.0
smallest variable entropy = 1.7976931348623157E308
### branching on x[6,0]!=5
##### after BP iteration 1 #####
x[0,0]{4  <1.0>}
x[0,1]{6  <1.0>}
x[0,2]{0  <1.0>}
x[0,3]{1  <1.0>}
x[0,4]{2  <1.0>}
x[0,5]{3  <1.0>}
x[0,6]{5  <1.0>}
x[0,7]{7  <1.0>}
x[1,0]{2  <1.0>}
x[1,1]{3  <1.0>}
x[1,2]{5  <1.0>}
x[1,3]{7  <1.0>}
x[1,4]{1  <1.0>}
x[1,5]{4  <1.0>}
x[1,6]{0  <1.0>}
x[1,7]{6  <1.0>}
x[2,0]{3  <1.0>}
x[2,1]{5  <1.0>}
x[2,2]{6  <1.0>}
x[2,3]{2  <1.0>}
x[2,4]{4  <1.0>}
x[2,5]{0  <1.0>}
x[2,6]{7  <1.0>}
x[2,7]{1  <1.0>}
x[3,0]{0  <1.0>}
x[3,1]{7  <1.0>}
x[3,2]{2  <1.0>}
x[3,3]{4  <1.0>}
x[3,4]{5  <1.0>}
x[3,5]{6  <1.0>}
x[3,6]{1  <1.0>}
x[3,7]{3  <1.0>}
x[4,0]{7  <1.0>}
x[4,1]{2  <1.0>}
x[4,2]{3  <1.0>}
x[4,3]{0  <1.0>}
x[4,4]{6  <1.0>}
x[4,5]{1  <1.0>}
x[4,6]{4  <1.0>}
x[4,7]{5  <1.0>}
x[5,0]{6  <1.0>}
x[5,1]{1  <1.0>}
x[5,2]{4  <1.0>}
x[5,3]{5  <1.0>}
x[5,4]{7  <1.0>}
x[5,5]{2  <1.0>}
x[5,6]{3  <1.0>}
x[5,7]{0  <1.0>}
x[6,0]{1  <1.0>}
x[6,1]{4  <1.0>}
x[6,2]{7  <1.0>}
x[6,3]{3  <1.0>}
x[6,4]{0  <1.0>}
x[6,5]{5  <1.0>}
x[6,6]{6  <1.0>}
x[6,7]{2  <1.0>}
x[7,0]{5  <1.0>}
x[7,1]{0  <1.0>}
x[7,2]{1  <1.0>}
x[7,3]{6  <1.0>}
x[7,4]{3  <1.0>}
x[7,5]{7  <1.0>}
x[7,6]{2  <1.0>}
x[7,7]{4  <1.0>}
problem entropy = 0.0
smallest variable entropy = 1.7976931348623157E308

	#choice: 9
	#fail: 0
	execution time (ms): 126
	#sols : 1
	completed : false

