{4  <1.0>}
model: sum-product-no-init
FINAL DAMPING FACTOR = 1.0
##### after BP iteration 1 #####
x[0,0]{4  <1.0>}
x[0,1]{0  <0.7882037533512064>, 5  <0.21179624664879354>}
x[0,2]{0  <0.25270758122743686>, 1  <0.4187725631768954>, 5  <0.3285198555956679>}
x[0,3]{6  <1.0>}
x[0,4]{2  <1.0>}
x[0,5]{7  <1.0>}
x[0,6]{5  <0.6486486486486488>, 1  <0.35135135135135137>}
x[0,7]{3  <1.0>}
x[1,0]{0  <0.7446808510638298>, 7  <0.2553191489361702>}
x[1,1]{4  <1.0>}
x[1,2]{0  <0.30149253731343284>, 7  <0.3044776119402985>, 5  <0.3940298507462686>}
x[1,3]{3  <1.0>}
x[1,4]{1  <1.0>}
x[1,5]{2  <1.0>}
x[1,6]{6  <1.0>}
x[1,7]{5  <0.7>, 7  <0.3>}
x[2,0]{5  <1.0>}
x[2,1]{3  <1.0>}
x[2,2]{6  <1.0>}
x[2,3]{2  <1.0>}
x[2,4]{4  <1.0>}
x[2,5]{0  <1.0>}
x[2,6]{7  <1.0>}
x[2,7]{1  <1.0>}
x[3,0]{2  <1.0>}
x[3,1]{7  <1.0>}
x[3,2]{4  <1.0>}
x[3,3]{5  <0.732570239334027>, 1  <0.2674297606659729>}
x[3,4]{5  <0.08737864077669905>, 3  <0.0970873786407767>, 6  <0.8155339805825242>}
x[3,5]{5  <0.4922515952597994>, 1  <0.284412032816773>, 6  <0.22333637192342762>}
x[3,6]{5  <0.3392226148409895>, 1  <0.11307420494699649>, 3  <0.5477031802120141>}
x[3,7]{0  <1.0>}
x[4,0]{1  <1.0>}
x[4,1]{0  <0.11320754716981135>, 6  <0.31698113207547174>, 2  <0.25283018867924517>, 5  <0.3169811320754718>}
x[4,2]{0  <0.36755070202808116>, 7  <0.4951638065522621>, 5  <0.13728549141965676>}
x[4,3]{0  <0.5801937567276642>, 7  <0.37082884822389683>, 5  <0.04897739504843919>}
x[4,4]{0  <0.08080808080808081>, 7  <0.03636363636363636>, 5  <0.056565656565656576>, 3  <0.6000000000000001>, 6  <0.2262626262626263>}
x[4,5]{6  <0.3156089193825043>, 5  <0.6843910806174957>}
x[4,6]{3  <0.16903813318155939>, 5  <0.23904382470119517>, 2  <0.5919180421172454>}
x[4,7]{4  <1.0>}
x[5,0]{0  <0.1969111969111969>, 7  <0.803088803088803>}
x[5,1]{0  <0.09183673469387751>, 5  <0.6122448979591836>, 2  <0.29591836734693894>}
x[5,2]{3  <1.0>}
x[5,3]{0  <0.10681993411368894>, 1  <0.4595920656059438>, 5  <0.34905726501717255>, 7  <0.08453073526319478>}
x[5,4]{0  <0.4967741935483871>, 7  <0.2129032258064516>, 5  <0.29032258064516137>}
x[5,5]{4  <1.0>}
x[5,6]{5  <0.4395604395604395>, 1  <0.4175824175824176>, 2  <0.14285714285714288>}
x[5,7]{6  <1.0>}
x[6,0]{6  <1.0>}
x[6,1]{1  <1.0>}
x[6,2]{2  <1.0>}
x[6,3]{4  <1.0>}
x[6,4]{5  <0.5256410256410257>, 7  <0.47435897435897434>}
x[6,5]{3  <1.0>}
x[6,6]{0  <1.0>}
x[6,7]{5  <0.368421052631579>, 7  <0.631578947368421>}
x[7,0]{3  <1.0>}
x[7,1]{0  <0.09218750000000003>, 6  <0.7390624999999998>, 5  <0.16875000000000004>}
x[7,2]{0  <0.15847860538827255>, 1  <0.32244300865536996>, 5  <0.28209191759112523>, 7  <0.23698646836523224>}
x[7,3]{0  <0.3159535040431266>, 1  <0.042705525606469015>, 5  <0.10183625336927225>, 7  <0.539504716981132>}
x[7,4]{0  <0.4733727810650887>, 6  <0.10650887573964499>, 5  <0.16568047337278105>, 7  <0.25443786982248523>}
x[7,5]{6  <0.03601895734597157>, 1  <0.6341232227488152>, 5  <0.3298578199052132>}
x[7,6]{4  <1.0>}
x[7,7]{2  <1.0>}
problem entropy = 0.0
smallest variable entropy = 1.7976931348623157E308
### branching on x[0,1]=0
### branching on x[0,2]=1
##### after BP iteration 1 #####
x[0,0]{4  <1.0>}
x[0,1]{0  <1.0>}
x[0,2]{1  <1.0>}
x[0,3]{6  <1.0>}
x[0,4]{2  <1.0>}
x[0,5]{7  <1.0>}
x[0,6]{5  <1.0>}
x[0,7]{3  <1.0>}
x[1,0]{0  <0.8253128497303897>, 7  <0.17468715026961038>}
x[1,1]{4  <1.0>}
x[1,2]{0  <0.27317120107767434>, 7  <0.2785595727791009>, 5  <0.4482692261432248>}
x[1,3]{3  <1.0>}
x[1,4]{1  <1.0>}
x[1,5]{2  <1.0>}
x[1,6]{6  <1.0>}
x[1,7]{5  <0.5427553444180523>, 7  <0.45724465558194777>}
x[2,0]{5  <1.0>}
x[2,1]{3  <1.0>}
x[2,2]{6  <1.0>}
x[2,3]{2  <1.0>}
x[2,4]{4  <1.0>}
x[2,5]{0  <1.0>}
x[2,6]{7  <1.0>}
x[2,7]{1  <1.0>}
x[3,0]{2  <1.0>}
x[3,1]{7  <1.0>}
x[3,2]{4  <1.0>}
x[3,3]{5  <0.5815496175490497>, 1  <0.4184503824509503>}
x[3,4]{5  <0.010481595253069543>, 3  <0.05031541432469362>, 6  <0.9392029904222368>}
x[3,5]{5  <0.23536145980446005>, 1  <0.6262944995902944>, 6  <0.13834404060524552>}
x[3,6]{3  <0.9849086547933865>, 1  <0.015091345206613507>}
x[3,7]{0  <1.0>}
x[4,0]{1  <1.0>}
x[4,1]{5  <0.24992099916282395>, 6  <0.48564194155503265>, 2  <0.26443705928214345>}
x[4,2]{0  <0.46184484293126865>, 7  <0.5251966674590995>, 5  <0.012958489609631791>}
x[4,3]{0  <0.6865139157445844>, 7  <0.3114816077583514>, 5  <0.002004476497064199>}
x[4,4]{0  <0.0012003328351536972>, 7  <6.431655158505011E-4>, 5  <9.352074341966459E-4>, 3  <0.9727082320816403>, 6  <0.024513062133158903>}
x[4,5]{6  <0.5065155692170186>, 5  <0.4934844307829813>}
x[4,6]{3  <0.0288699136509649>, 2  <0.9711300863490351>}
x[4,7]{4  <1.0>}
x[5,0]{0  <0.16683029102950234>, 7  <0.8331697089704978>}
x[5,1]{2  <0.5169754197464173>, 5  <0.48302458025358275>}
x[5,2]{3  <1.0>}
x[5,3]{0  <0.04177888357813719>, 1  <0.7959527706846504>, 5  <0.14302276348239815>, 7  <0.019245582254814247>}
x[5,4]{0  <0.6848215509335874>, 7  <0.17740932428954054>, 5  <0.1377691247768721>}
x[5,5]{4  <1.0>}
x[5,6]{2  <0.2586018019318908>, 1  <0.7413981980681092>}
x[5,7]{6  <1.0>}
x[6,0]{6  <1.0>}
x[6,1]{1  <1.0>}
x[6,2]{2  <1.0>}
x[6,3]{4  <1.0>}
x[6,4]{5  <0.650735406635401>, 7  <0.3492645933645991>}
x[6,5]{3  <1.0>}
x[6,6]{0  <1.0>}
x[6,7]{5  <0.27889447236180903>, 7  <0.7211055276381909>}
x[7,0]{3  <1.0>}
x[7,1]{5  <0.10249680827815624>, 6  <0.8975031917218438>}
x[7,2]{0  <0.21082976760898678>, 7  <0.2696576993788997>, 5  <0.5195125330121134>}
x[7,3]{0  <0.3323199466998068>, 1  <0.045710138689807764>, 5  <0.06011612654816475>, 7  <0.5618537880622206>}
x[7,4]{0  <0.4833313066178774>, 6  <0.04599965778607614>, 5  <0.23721465614050474>, 7  <0.23345437945554162>}
x[7,5]{6  <0.0064703621581326315>, 1  <0.9681360339752277>, 5  <0.02539360386663956>}
x[7,6]{4  <1.0>}
x[7,7]{2  <1.0>}
problem entropy = 0.0
smallest variable entropy = 1.7976931348623157E308
### branching on x[1,0]=7
##### after BP iteration 1 #####
x[0,0]{4  <1.0>}
x[0,1]{0  <1.0>}
x[0,2]{1  <1.0>}
x[0,3]{6  <1.0>}
x[0,4]{2  <1.0>}
x[0,5]{7  <1.0>}
x[0,6]{5  <1.0>}
x[0,7]{3  <1.0>}
x[1,0]{7  <1.0>}
x[1,1]{4  <1.0>}
x[1,2]{0  <1.0>}
x[1,3]{3  <1.0>}
x[1,4]{1  <1.0>}
x[1,5]{2  <1.0>}
x[1,6]{6  <1.0>}
x[1,7]{5  <1.0>}
x[2,0]{5  <1.0>}
x[2,1]{3  <1.0>}
x[2,2]{6  <1.0>}
x[2,3]{2  <1.0>}
x[2,4]{4  <1.0>}
x[2,5]{0  <1.0>}
x[2,6]{7  <1.0>}
x[2,7]{1  <1.0>}
x[3,0]{2  <1.0>}
x[3,1]{7  <1.0>}
x[3,2]{4  <1.0>}
x[3,3]{5  <0.20807783950066247>, 1  <0.7919221604993376>}
x[3,4]{6  <0.9778449484914732>, 3  <0.022155051508526792>}
x[3,5]{5  <0.8924099766163356>, 6  <0.10759002338366437>}
x[3,6]{3  <0.8044568722198343>, 1  <0.19554312778016558>}
x[3,7]{0  <1.0>}
x[4,0]{1  <1.0>}
x[4,1]{5  <0.7471666544653586>, 6  <0.23849772903224167>, 2  <0.014335616502399878>}
x[4,2]{5  <0.0011016102506043216>, 7  <0.9988983897493957>}
x[4,3]{0  <0.998211643658144>, 7  <0.0017883563418559056>}
x[4,4]{0  <9.843685332026598E-4>, 3  <0.9943411531934135>, 6  <0.004674478273383847>}
x[4,5]{6  <0.6498879678335187>, 5  <0.35011203216648146>}
x[4,6]{3  <0.014742671988021453>, 2  <0.9852573280119786>}
x[4,7]{4  <1.0>}
x[5,0]{0  <1.0>}
x[5,1]{2  <0.7637639326954352>, 5  <0.23623606730456473>}
x[5,2]{3  <1.0>}
x[5,3]{5  <0.7371758143070026>, 1  <0.2628241856929974>}
x[5,4]{7  <1.0>}
x[5,5]{4  <1.0>}
x[5,6]{2  <0.054838794826894646>, 1  <0.9451612051731054>}
x[5,7]{6  <1.0>}
x[6,0]{6  <1.0>}
x[6,1]{1  <1.0>}
x[6,2]{2  <1.0>}
x[6,3]{4  <1.0>}
x[6,4]{5  <1.0>}
x[6,5]{3  <1.0>}
x[6,6]{0  <1.0>}
x[6,7]{7  <1.0>}
x[7,0]{3  <1.0>}
x[7,1]{5  <0.17922399132758784>, 6  <0.8207760086724122>}
x[7,2]{5  <0.9979882434678207>, 7  <0.0020117565321792897>}
x[7,3]{0  <0.050193144735187774>, 7  <0.9498068552648123>}
x[7,4]{0  <0.9995172249865004>, 6  <4.8277501349960303E-4>}
x[7,5]{1  <1.0>}
x[7,6]{4  <1.0>}
x[7,7]{2  <1.0>}
problem entropy = 0.0
smallest variable entropy = 1.7976931348623157E308
### branching on x[3,3]=5
##### after BP iteration 1 #####
x[0,0]{4  <1.0>}
x[0,1]{0  <1.0>}
x[0,2]{1  <1.0>}
x[0,3]{6  <1.0>}
x[0,4]{2  <1.0>}
x[0,5]{7  <1.0>}
x[0,6]{5  <1.0>}
x[0,7]{3  <1.0>}
x[1,0]{7  <1.0>}
x[1,1]{4  <1.0>}
x[1,2]{0  <1.0>}
x[1,3]{3  <1.0>}
x[1,4]{1  <1.0>}
x[1,5]{2  <1.0>}
x[1,6]{6  <1.0>}
x[1,7]{5  <1.0>}
x[2,0]{5  <1.0>}
x[2,1]{3  <1.0>}
x[2,2]{6  <1.0>}
x[2,3]{2  <1.0>}
x[2,4]{4  <1.0>}
x[2,5]{0  <1.0>}
x[2,6]{7  <1.0>}
x[2,7]{1  <1.0>}
x[3,0]{2  <1.0>}
x[3,1]{7  <1.0>}
x[3,2]{4  <1.0>}
x[3,3]{5  <1.0>}
x[3,4]{3  <1.0>}
x[3,5]{6  <1.0>}
x[3,6]{1  <1.0>}
x[3,7]{0  <1.0>}
x[4,0]{1  <1.0>}
x[4,1]{2  <1.0>}
x[4,2]{7  <1.0>}
x[4,3]{0  <1.0>}
x[4,4]{6  <1.0>}
x[4,5]{5  <1.0>}
x[4,6]{3  <1.0>}
x[4,7]{4  <1.0>}
x[5,0]{0  <1.0>}
x[5,1]{5  <1.0>}
x[5,2]{3  <1.0>}
x[5,3]{1  <1.0>}
x[5,4]{7  <1.0>}
x[5,5]{4  <1.0>}
x[5,6]{2  <1.0>}
x[5,7]{6  <1.0>}
x[6,0]{6  <1.0>}
x[6,1]{1  <1.0>}
x[6,2]{2  <1.0>}
x[6,3]{4  <1.0>}
x[6,4]{5  <1.0>}
x[6,5]{3  <1.0>}
x[6,6]{0  <1.0>}
x[6,7]{7  <1.0>}
x[7,0]{3  <1.0>}
x[7,1]{6  <1.0>}
x[7,2]{5  <1.0>}
x[7,3]{7  <1.0>}
x[7,4]{0  <1.0>}
x[7,5]{1  <1.0>}
x[7,6]{4  <1.0>}
x[7,7]{2  <1.0>}
problem entropy = 0.0
smallest variable entropy = 1.7976931348623157E308
### branching on x[3,3]!=5
##### after BP iteration 1 #####
x[0,0]{4  <1.0>}
x[0,1]{0  <1.0>}
x[0,2]{1  <1.0>}
x[0,3]{6  <1.0>}
x[0,4]{2  <1.0>}
x[0,5]{7  <1.0>}
x[0,6]{5  <1.0>}
x[0,7]{3  <1.0>}
x[1,0]{7  <1.0>}
x[1,1]{4  <1.0>}
x[1,2]{0  <1.0>}
x[1,3]{3  <1.0>}
x[1,4]{1  <1.0>}
x[1,5]{2  <1.0>}
x[1,6]{6  <1.0>}
x[1,7]{5  <1.0>}
x[2,0]{5  <1.0>}
x[2,1]{3  <1.0>}
x[2,2]{6  <1.0>}
x[2,3]{2  <1.0>}
x[2,4]{4  <1.0>}
x[2,5]{0  <1.0>}
x[2,6]{7  <1.0>}
x[2,7]{1  <1.0>}
x[3,0]{2  <1.0>}
x[3,1]{7  <1.0>}
x[3,2]{4  <1.0>}
x[3,3]{1  <1.0>}
x[3,4]{6  <1.0>}
x[3,5]{5  <1.0>}
x[3,6]{3  <1.0>}
x[3,7]{0  <1.0>}
x[4,0]{1  <1.0>}
x[4,1]{5  <1.0>}
x[4,2]{7  <1.0>}
x[4,3]{0  <1.0>}
x[4,4]{3  <1.0>}
x[4,5]{6  <1.0>}
x[4,6]{2  <1.0>}
x[4,7]{4  <1.0>}
x[5,0]{0  <1.0>}
x[5,1]{2  <1.0>}
x[5,2]{3  <1.0>}
x[5,3]{5  <1.0>}
x[5,4]{7  <1.0>}
x[5,5]{4  <1.0>}
x[5,6]{1  <1.0>}
x[5,7]{6  <1.0>}
x[6,0]{6  <1.0>}
x[6,1]{1  <1.0>}
x[6,2]{2  <1.0>}
x[6,3]{4  <1.0>}
x[6,4]{5  <1.0>}
x[6,5]{3  <1.0>}
x[6,6]{0  <1.0>}
x[6,7]{7  <1.0>}
x[7,0]{3  <1.0>}
x[7,1]{6  <1.0>}
x[7,2]{5  <1.0>}
x[7,3]{7  <1.0>}
x[7,4]{0  <1.0>}
x[7,5]{1  <1.0>}
x[7,6]{4  <1.0>}
x[7,7]{2  <1.0>}
problem entropy = 0.0
smallest variable entropy = 1.7976931348623157E308

	#choice: 5
	#fail: 0
	execution time (ms): 44
	#sols : 1
	completed : false

