{0  <1.0>, 6  <7.0>, 5  <6.0>}
model: sum-product-init
FINAL DAMPING FACTOR = 1.0
##### after BP iteration 1 #####
x[0,0]{0  <0.03366379755755262>, 6  <0.4248253063929933>, 5  <0.541510896049454>}
x[0,1]{4  <1.0>}
x[0,2]{1  <1.0>}
x[0,3]{0  <0.6609564286768552>, 6  <0.179965462436149>, 5  <0.15907810888699583>}
x[0,4]{3  <1.0>}
x[0,5]{7  <1.0>}
x[0,6]{0  <0.29383769856035014>, 6  <0.40406966911142916>, 5  <0.30209263232822076>}
x[0,7]{2  <1.0>}
x[1,0]{0  <0.23964234793771122>, 1  <0.19453627394579448>, 6  <0.12584112020997748>, 5  <0.11672108648259745>, 7  <0.3232591714239193>}
x[1,1]{0  <0.01726478036535182>, 1  <0.17652376583345564>, 6  <0.3400273267714494>, 5  <0.46618412702974316>}
x[1,2]{4  <1.0>}
x[1,3]{2  <1.0>}
x[1,4]{5  <0.362519160891127>, 7  <0.12712523726974104>, 6  <0.510355601839132>}
x[1,5]{0  <0.14883883646785875>, 1  <0.552029837289439>, 6  <0.18933972915599231>, 5  <0.10979159708670992>}
x[1,6]{3  <1.0>}
x[1,7]{0  <0.6573042445235782>, 7  <0.34269575547642195>}
x[2,0]{5  <0.21614384707980938>, 1  <0.20383594536854768>, 6  <0.20332173430709977>, 7  <0.3766984732445431>}
x[2,1]{3  <1.0>}
x[2,2]{0  <1.0>}
x[2,3]{5  <0.3513011712718533>, 1  <0.2637150533416331>, 6  <0.2803170482807572>, 7  <0.10466672710575663>}
x[2,4]{5  <0.3730469775870293>, 6  <0.48288132287054547>, 7  <0.14407169954242527>}
x[2,5]{5  <0.13981022325734732>, 1  <0.10040653292414024>, 2  <0.6608126253232867>, 6  <0.09897061849522595>}
x[2,6]{5  <0.15754935856500205>, 1  <0.26245525257771307>, 2  <0.18517450902001242>, 7  <0.21302595613054173>, 6  <0.18179492370673087>}
x[2,7]{4  <1.0>}
x[3,0]{2  <1.0>}
x[3,1]{0  <0.6962281912105018>, 6  <0.30377180878949817>}
x[3,2]{5  <1.0>}
x[3,3]{0  <0.04318109612126123>, 6  <0.5551699029935334>, 7  <0.4016490008852053>}
x[3,4]{1  <1.0>}
x[3,5]{4  <1.0>}
x[3,6]{0  <0.14409574989917046>, 6  <0.3131492604017921>, 7  <0.5427549896990373>}
x[3,7]{3  <1.0>}
x[4,0]{3  <1.0>}
x[4,1]{0  <0.2120603215485169>, 5  <0.4228295567481021>, 6  <0.36511012170338103>}
x[4,2]{2  <1.0>}
x[4,3]{0  <0.2669496043915323>, 5  <0.24158335239052708>, 6  <0.2726872090108074>, 7  <0.21877983420713326>}
x[4,4]{7  <0.6610348367258034>, 5  <0.15639592280258763>, 6  <0.18256924047160894>}
x[4,5]{0  <0.40709172294566703>, 5  <0.17138876443666648>, 6  <0.42151951261766635>}
x[4,6]{4  <1.0>}
x[4,7]{1  <1.0>}
x[5,0]{0  <0.2708616949874621>, 1  <0.147622556399249>, 5  <0.2056693113503108>, 7  <0.3758464372629782>}
x[5,1]{0  <0.029837314875785642>, 1  <0.6000250294815299>, 2  <0.2015897439758119>, 5  <0.16854791166687247>}
x[5,2]{6  <1.0>}
x[5,3]{3  <1.0>}
x[5,4]{4  <1.0>}
x[5,5]{0  <0.024737946844202514>, 1  <0.06759668189952012>, 2  <0.09655138589321857>, 5  <0.8111139853630588>}
x[5,6]{0  <0.11360584148709592>, 1  <0.26973629279702294>, 2  <0.13697680974729043>, 7  <0.23216302715522752>, 5  <0.24751802881336302>}
x[5,7]{0  <0.4985152633430449>, 7  <0.5014847366569551>}
x[6,0]{4  <1.0>}
x[6,1]{5  <0.16676098782921656>, 1  <0.22746412593162316>, 2  <0.6057748862391603>}
x[6,2]{7  <1.0>}
x[6,3]{5  <0.3854587210971369>, 1  <0.614541278902863>}
x[6,4]{0  <1.0>}
x[6,5]{3  <1.0>}
x[6,6]{5  <0.7900649464630507>, 1  <0.0812985597221068>, 2  <0.12863649381484257>}
x[6,7]{6  <1.0>}
x[7,0]{0  <0.5101651691811409>, 1  <0.19479749343679006>, 6  <0.295037337382069>}
x[7,1]{7  <1.0>}
x[7,2]{3  <1.0>}
x[7,3]{4  <1.0>}
x[7,4]{2  <1.0>}
x[7,5]{0  <0.2737263763569215>, 1  <0.1778158607197164>, 6  <0.5484577629233621>}
x[7,6]{0  <0.1900781226814172>, 1  <0.3416822932363062>, 6  <0.4682395840822766>}
x[7,7]{5  <1.0>}
problem entropy = 0.0
smallest variable entropy = 1.7976931348623157E308
### branching on x[1,7]=7
##### after BP iteration 1 #####
x[0,0]{0  <0.038924166378213755>, 6  <0.39768302811153966>, 5  <0.5633928055102466>}
x[0,1]{4  <1.0>}
x[0,2]{1  <1.0>}
x[0,3]{0  <0.7490748635352225>, 6  <0.13279153985884176>, 5  <0.11813359660593578>}
x[0,4]{3  <1.0>}
x[0,5]{7  <1.0>}
x[0,6]{0  <0.47803582094460595>, 6  <0.34964853830002884>, 5  <0.17231564075536523>}
x[0,7]{2  <1.0>}
x[1,0]{0  <0.6477509997686993>, 1  <0.2690078008904477>, 6  <0.04189375412292269>, 5  <0.04134744521793026>}
x[1,1]{0  <0.04487039559584546>, 1  <0.23337667536632378>, 6  <0.35562906206950434>, 5  <0.36612386696832655>}
x[1,2]{4  <1.0>}
x[1,3]{2  <1.0>}
x[1,4]{5  <0.48121424562004933>, 6  <0.5187857543799507>}
x[1,5]{0  <0.31701245991996413>, 1  <0.5953128315584275>, 6  <0.054265095554383136>, 5  <0.03340961296722543>}
x[1,6]{3  <1.0>}
x[1,7]{7  <1.0>}
x[2,0]{5  <0.11629790814534062>, 1  <0.32799598680130077>, 6  <0.12248835700717618>, 7  <0.4332177480461823>}
x[2,1]{3  <1.0>}
x[2,2]{0  <1.0>}
x[2,3]{5  <0.2502200008601266>, 1  <0.45400034994770744>, 6  <0.11990502149602761>, 7  <0.17587462769613826>}
x[2,4]{5  <0.43218546580044803>, 6  <0.378574520160266>, 7  <0.18924001403928603>}
x[2,5]{5  <0.027492257755109457>, 1  <0.04144116482025637>, 2  <0.916692650715487>, 6  <0.014373926709147195>}
x[2,6]{5  <0.04992338229379987>, 1  <0.30897443090321286>, 2  <0.33609831623823283>, 7  <0.23983705590443727>, 6  <0.06516681466031728>}
x[2,7]{4  <1.0>}
x[3,0]{2  <1.0>}
x[3,1]{0  <0.872268058936567>, 6  <0.12773194106343294>}
x[3,2]{5  <1.0>}
x[3,3]{0  <0.058687553948371406>, 6  <0.5535212048535912>, 7  <0.3877912411980374>}
x[3,4]{1  <1.0>}
x[3,5]{4  <1.0>}
x[3,6]{0  <0.20775338232897186>, 6  <0.1683524901047866>, 7  <0.6238941275662415>}
x[3,7]{3  <1.0>}
x[4,0]{3  <1.0>}
x[4,1]{0  <0.20458490142395191>, 5  <0.45518785208509976>, 6  <0.3402272464909482>}
x[4,2]{2  <1.0>}
x[4,3]{0  <0.21697453620296914>, 5  <0.19779840587627792>, 6  <0.1509627951598592>, 7  <0.43426426276089375>}
x[4,4]{7  <0.8989801008614738>, 5  <0.06324029715981996>, 6  <0.03777960197870625>}
x[4,5]{0  <0.6371886665529296>, 5  <0.08666604798130922>, 6  <0.27614528546576117>}
x[4,6]{4  <1.0>}
x[4,7]{1  <1.0>}
x[5,0]{7  <0.7854906153460867>, 1  <0.1464018594105986>, 5  <0.06810752524331473>}
x[5,1]{5  <0.0505990395696815>, 1  <0.49469519460302264>, 2  <0.4547057658272959>}
x[5,2]{6  <1.0>}
x[5,3]{3  <1.0>}
x[5,4]{4  <1.0>}
x[5,5]{5  <0.5816696993590152>, 1  <0.0731338290279088>, 2  <0.345196471613076>}
x[5,6]{5  <0.04822307417900458>, 1  <0.17212234012290537>, 2  <0.5770421740941828>, 7  <0.20261241160390722>}
x[5,7]{0  <1.0>}
x[6,0]{4  <1.0>}
x[6,1]{5  <0.029708056008309343>, 1  <0.09954061425058529>, 2  <0.8707513297411053>}
x[6,2]{7  <1.0>}
x[6,3]{5  <0.2651242738519555>, 1  <0.7348757261480444>}
x[6,4]{0  <1.0>}
x[6,5]{3  <1.0>}
x[6,6]{5  <0.4137719817722188>, 1  <0.1059303331011229>, 2  <0.48029768512665827>}
x[6,7]{6  <1.0>}
x[7,0]{0  <0.5570125835859038>, 1  <0.2752852169896772>, 6  <0.16770219942441913>}
x[7,1]{7  <1.0>}
x[7,2]{3  <1.0>}
x[7,3]{4  <1.0>}
x[7,4]{2  <1.0>}
x[7,5]{0  <0.327971545627146>, 1  <0.288499451651232>, 6  <0.38352900272162194>}
x[7,6]{0  <0.2656984896447755>, 1  <0.5230264085833554>, 6  <0.2112751017718691>}
x[7,7]{5  <1.0>}
problem entropy = 0.0
smallest variable entropy = 1.7976931348623157E308
### branching on x[1,4]=6
### branching on x[2,4]=5
##### after BP iteration 1 #####
x[0,0]{0  <0.005869144594749967>, 6  <0.18498460084125617>, 5  <0.8091462545639938>}
x[0,1]{4  <1.0>}
x[0,2]{1  <1.0>}
x[0,3]{0  <0.43102421401157537>, 6  <0.1766473449796527>, 5  <0.392328441008772>}
x[0,4]{3  <1.0>}
x[0,5]{7  <1.0>}
x[0,6]{0  <0.3339417670730933>, 6  <0.4429214579524511>, 5  <0.2231367749744558>}
x[0,7]{2  <1.0>}
x[1,0]{0  <0.7090410774531885>, 1  <0.1496879469843026>, 5  <0.14127097556250887>}
x[1,1]{0  <0.025138859258865987>, 1  <0.09127668853920276>, 5  <0.8835844522019313>}
x[1,2]{4  <1.0>}
x[1,3]{2  <1.0>}
x[1,4]{6  <1.0>}
x[1,5]{0  <0.32904913636811134>, 1  <0.5501552497860244>, 5  <0.12079561384586432>}
x[1,6]{3  <1.0>}
x[1,7]{7  <1.0>}
x[2,0]{7  <0.1939874295036721>, 1  <0.18992252610747942>, 6  <0.6160900443888484>}
x[2,1]{3  <1.0>}
x[2,2]{0  <1.0>}
x[2,3]{7  <0.3929152815081462>, 1  <0.1394208746047462>, 6  <0.4676638438871076>}
x[2,4]{5  <1.0>}
x[2,5]{6  <0.23915550536473892>, 1  <0.09737431762566563>, 2  <0.6634701770095954>}
x[2,6]{6  <0.3441726713099479>, 1  <0.23144697559526864>, 2  <0.06775379465908131>, 7  <0.35662655843570223>}
x[2,7]{4  <1.0>}
x[3,0]{2  <1.0>}
x[3,1]{0  <0.594702504785011>, 6  <0.405297495214989>}
x[3,2]{5  <1.0>}
x[3,3]{0  <0.026222439169596448>, 6  <0.5044485746654082>, 7  <0.4693289861649953>}
x[3,4]{1  <1.0>}
x[3,5]{4  <1.0>}
x[3,6]{0  <0.2039565340316981>, 6  <0.2868904162220277>, 7  <0.5091530497462741>}
x[3,7]{3  <1.0>}
x[4,0]{3  <1.0>}
x[4,1]{0  <0.15213781658824213>, 5  <0.06832590786485775>, 6  <0.7795362755469001>}
x[4,2]{2  <1.0>}
x[4,3]{0  <0.2632063802384991>, 5  <0.5658394963874575>, 6  <0.17095412337404345>}
x[4,4]{7  <1.0>}
x[4,5]{0  <0.3391902614400431>, 5  <0.18319743676300843>, 6  <0.4776123017969484>}
x[4,6]{4  <1.0>}
x[4,7]{1  <1.0>}
x[5,0]{7  <0.7472827061854479>, 1  <0.10752521039211536>, 5  <0.14519208342243664>}
x[5,1]{5  <0.15308122215256564>, 1  <0.670398801187224>, 2  <0.1765199766602104>}
x[5,2]{6  <1.0>}
x[5,3]{3  <1.0>}
x[5,4]{4  <1.0>}
x[5,5]{5  <0.8986751530350946>, 1  <0.04452629308194455>, 2  <0.05679855388296069>}
x[5,6]{5  <0.15378542785264587>, 1  <0.14810578042446848>, 2  <0.5349101283821289>, 7  <0.16319866334075667>}
x[5,7]{0  <1.0>}
x[6,0]{4  <1.0>}
x[6,1]{5  <0.2507051078770328>, 1  <0.3387428445340926>, 2  <0.4105520475888746>}
x[6,2]{7  <1.0>}
x[6,3]{5  <0.33983164307019775>, 1  <0.6601683569298024>}
x[6,4]{0  <1.0>}
x[6,5]{3  <1.0>}
x[6,6]{5  <0.8023271816190582>, 1  <0.07971153072689843>, 2  <0.11796128765404346>}
x[6,7]{6  <1.0>}
x[7,0]{0  <0.18228131656553853>, 1  <0.24357566765202754>, 6  <0.574143015782434>}
x[7,1]{7  <1.0>}
x[7,2]{3  <1.0>}
x[7,3]{4  <1.0>}
x[7,4]{2  <1.0>}
x[7,5]{0  <0.16865768963262054>, 1  <0.20703625928342415>, 6  <0.6243060510839553>}
x[7,6]{0  <0.28068589130523575>, 1  <0.40155164460650355>, 6  <0.31776246408826053>}
x[7,7]{5  <1.0>}
problem entropy = 0.0
smallest variable entropy = 1.7976931348623157E308
### branching on x[3,1]=6
### branching on x[3,3]=7
##### after BP iteration 1 #####
x[0,0]{0  <0.031433388747286316>, 6  <0.09563563331875943>, 5  <0.8729309779339544>}
x[0,1]{4  <1.0>}
x[0,2]{1  <1.0>}
x[0,3]{0  <0.9881205447578407>, 6  <0.0027777318207405665>, 5  <0.00910172342141868>}
x[0,4]{3  <1.0>}
x[0,5]{7  <1.0>}
x[0,6]{5  <0.15196446764732885>, 6  <0.8480355323526712>}
x[0,7]{2  <1.0>}
x[1,0]{0  <0.7132974218635754>, 1  <0.24368196773728856>, 5  <0.0430206103991361>}
x[1,1]{0  <0.18783800172614648>, 1  <0.14182866398372765>, 5  <0.6703333342901259>}
x[1,2]{4  <1.0>}
x[1,3]{2  <1.0>}
x[1,4]{6  <1.0>}
x[1,5]{0  <0.24147909449001348>, 1  <0.7043298764295763>, 5  <0.05419102908041027>}
x[1,6]{3  <1.0>}
x[1,7]{7  <1.0>}
x[2,0]{7  <0.2977170610505975>, 1  <0.4663548628392363>, 6  <0.23592807611016636>}
x[2,1]{3  <1.0>}
x[2,2]{0  <1.0>}
x[2,3]{6  <0.48324365286973636>, 1  <0.5167563471302636>}
x[2,4]{5  <1.0>}
x[2,5]{6  <0.013631507290752642>, 1  <0.03395206431742967>, 2  <0.9524164283918177>}
x[2,6]{6  <0.013162711936254274>, 1  <0.027060873849292524>, 2  <0.06902380748359221>, 7  <0.890752606730861>}
x[2,7]{4  <1.0>}
x[3,0]{2  <1.0>}
x[3,1]{6  <1.0>}
x[3,2]{5  <1.0>}
x[3,3]{7  <1.0>}
x[3,4]{1  <1.0>}
x[3,5]{4  <1.0>}
x[3,6]{0  <1.0>}
x[3,7]{3  <1.0>}
x[4,0]{3  <1.0>}
x[4,1]{0  <0.9313849335948541>, 5  <0.06861506640514586>}
x[4,2]{2  <1.0>}
x[4,3]{0  <0.24544028013512453>, 5  <0.5911075476301193>, 6  <0.1634521722347562>}
x[4,4]{7  <1.0>}
x[4,5]{0  <0.0635717400219805>, 5  <0.10893950337938209>, 6  <0.8274887565986374>}
x[4,6]{4  <1.0>}
x[4,7]{1  <1.0>}
x[5,0]{7  <0.893202231961117>, 1  <0.07653590442841086>, 5  <0.030261863610472034>}
x[5,1]{5  <0.016674576499104893>, 1  <0.6126104811270484>, 2  <0.3707149423738468>}
x[5,2]{6  <1.0>}
x[5,3]{3  <1.0>}
x[5,4]{4  <1.0>}
x[5,5]{5  <0.5719938354578112>, 1  <0.09873698966596652>, 2  <0.32926917487622226>}
x[5,6]{5  <0.027093007942247387>, 1  <0.052406633525191544>, 2  <0.732110322540963>, 7  <0.18839003599159806>}
x[5,7]{0  <1.0>}
x[6,0]{4  <1.0>}
x[6,1]{5  <0.0200935458310649>, 1  <0.10041406441147255>, 2  <0.8794923897574626>}
x[6,2]{7  <1.0>}
x[6,3]{5  <0.20480664531704867>, 1  <0.7951933546829514>}
x[6,4]{0  <1.0>}
x[6,5]{3  <1.0>}
x[6,6]{5  <0.3916378485175763>, 1  <0.06798932220564417>, 2  <0.5403728292767795>}
x[6,7]{6  <1.0>}
x[7,0]{0  <0.5203647149264722>, 1  <0.27189929501576315>, 6  <0.2077359900577646>}
x[7,1]{7  <1.0>}
x[7,2]{3  <1.0>}
x[7,3]{4  <1.0>}
x[7,4]{2  <1.0>}
x[7,5]{0  <0.6595605593002392>, 1  <0.13652901803435213>, 6  <0.20391042266540857>}
x[7,6]{6  <0.14423252757140206>, 1  <0.8557674724285979>}
x[7,7]{5  <1.0>}
problem entropy = 0.0
smallest variable entropy = 1.7976931348623157E308
### branching on x[0,6]=6
##### after BP iteration 1 #####
x[0,0]{0  <0.010947013155837843>, 5  <0.9890529868441622>}
x[0,1]{4  <1.0>}
x[0,2]{1  <1.0>}
x[0,3]{0  <0.9936706949177281>, 5  <0.006329305082271916>}
x[0,4]{3  <1.0>}
x[0,5]{7  <1.0>}
x[0,6]{6  <1.0>}
x[0,7]{2  <1.0>}
x[1,0]{0  <0.5987102860870215>, 1  <0.3588914756067724>, 5  <0.04239823830620626>}
x[1,1]{0  <0.05005228924841479>, 1  <0.04493683249538402>, 5  <0.9050108782562012>}
x[1,2]{4  <1.0>}
x[1,3]{2  <1.0>}
x[1,4]{6  <1.0>}
x[1,5]{0  <0.016366083377301246>, 1  <0.8581158761853023>, 5  <0.1255180404373965>}
x[1,6]{3  <1.0>}
x[1,7]{7  <1.0>}
x[2,0]{7  <0.0095337162653824>, 1  <0.4585848982479046>, 6  <0.5318813854867129>}
x[2,1]{3  <1.0>}
x[2,2]{0  <1.0>}
x[2,3]{6  <0.8037202988199248>, 1  <0.19627970118007523>}
x[2,4]{5  <1.0>}
x[2,5]{6  <0.01309970282714904>, 1  <0.015853938792283317>, 2  <0.9710463583805676>}
x[2,6]{2  <0.02070699133637781>, 7  <0.9792930086636221>}
x[2,7]{4  <1.0>}
x[3,0]{2  <1.0>}
x[3,1]{6  <1.0>}
x[3,2]{5  <1.0>}
x[3,3]{7  <1.0>}
x[3,4]{1  <1.0>}
x[3,5]{4  <1.0>}
x[3,6]{0  <1.0>}
x[3,7]{3  <1.0>}
x[4,0]{3  <1.0>}
x[4,1]{0  <0.80025224153391>, 5  <0.19974775846609>}
x[4,2]{2  <1.0>}
x[4,3]{0  <0.0013901114080674417>, 5  <0.7675995071923356>, 6  <0.23101038139959695>}
x[4,4]{7  <1.0>}
x[4,5]{0  <0.010082074161866397>, 5  <0.05069776693515383>, 6  <0.9392201589029797>}
x[4,6]{4  <1.0>}
x[4,7]{1  <1.0>}
x[5,0]{7  <0.7132354917258248>, 1  <0.26587916483317386>, 5  <0.02088534344100128>}
x[5,1]{5  <0.06792106502952741>, 1  <0.866061138300616>, 2  <0.06601779666985647>}
x[5,2]{6  <1.0>}
x[5,3]{3  <1.0>}
x[5,4]{4  <1.0>}
x[5,5]{5  <0.9433778073626804>, 1  <0.03596408856668509>, 2  <0.02065810407063446>}
x[5,6]{5  <0.3020037009693466>, 7  <0.07034427201271043>, 2  <0.627652027017943>}
x[5,7]{0  <1.0>}
x[6,0]{4  <1.0>}
x[6,1]{5  <0.11433217732283771>, 1  <0.2615501107173589>, 2  <0.6241177119598035>}
x[6,2]{7  <1.0>}
x[6,3]{5  <0.29438514910592484>, 1  <0.7056148508940752>}
x[6,4]{0  <1.0>}
x[6,5]{3  <1.0>}
x[6,6]{5  <0.9614299524618058>, 2  <0.0385700475381941>}
x[6,7]{6  <1.0>}
x[7,0]{0  <0.1941467364243721>, 6  <0.8058532635756278>}
x[7,1]{7  <1.0>}
x[7,2]{3  <1.0>}
x[7,3]{4  <1.0>}
x[7,4]{2  <1.0>}
x[7,5]{0  <0.8804150367175768>, 6  <0.1195849632824231>}
x[7,6]{1  <1.0>}
x[7,7]{5  <1.0>}
problem entropy = 0.0
smallest variable entropy = 1.7976931348623157E308
### branching on x[0,0]=0
##### after BP iteration 1 #####
x[0,0]{0  <1.0>}
x[0,1]{4  <1.0>}
x[0,2]{1  <1.0>}
x[0,3]{5  <1.0>}
x[0,4]{3  <1.0>}
x[0,5]{7  <1.0>}
x[0,6]{6  <1.0>}
x[0,7]{2  <1.0>}
x[1,0]{5  <0.9862124644838473>, 1  <0.013787535516152746>}
x[1,1]{0  <1.0>}
x[1,2]{4  <1.0>}
x[1,3]{2  <1.0>}
x[1,4]{6  <1.0>}
x[1,5]{5  <0.10738084508304725>, 1  <0.8926191549169528>}
x[1,6]{3  <1.0>}
x[1,7]{7  <1.0>}
x[2,0]{7  <0.029470025208028532>, 1  <0.9705299747919716>}
x[2,1]{3  <1.0>}
x[2,2]{0  <1.0>}
x[2,3]{6  <1.0>}
x[2,4]{5  <1.0>}
x[2,5]{2  <0.9942836808705183>, 1  <0.005716319129481597>}
x[2,6]{2  <0.019531590522994333>, 7  <0.9804684094770056>}
x[2,7]{4  <1.0>}
x[3,0]{2  <1.0>}
x[3,1]{6  <1.0>}
x[3,2]{5  <1.0>}
x[3,3]{7  <1.0>}
x[3,4]{1  <1.0>}
x[3,5]{4  <1.0>}
x[3,6]{0  <1.0>}
x[3,7]{3  <1.0>}
x[4,0]{3  <1.0>}
x[4,1]{5  <1.0>}
x[4,2]{2  <1.0>}
x[4,3]{0  <1.0>}
x[4,4]{7  <1.0>}
x[4,5]{6  <1.0>}
x[4,6]{4  <1.0>}
x[4,7]{1  <1.0>}
x[5,0]{7  <0.9985309501191635>, 5  <0.0014690498808365565>}
x[5,1]{1  <1.0>}
x[5,2]{6  <1.0>}
x[5,3]{3  <1.0>}
x[5,4]{4  <1.0>}
x[5,5]{5  <0.9997075570229234>, 2  <2.92442977076748E-4>}
x[5,6]{2  <0.9997435770863353>, 7  <2.5642291366468505E-4>}
x[5,7]{0  <1.0>}
x[6,0]{4  <1.0>}
x[6,1]{2  <1.0>}
x[6,2]{7  <1.0>}
x[6,3]{1  <1.0>}
x[6,4]{0  <1.0>}
x[6,5]{3  <1.0>}
x[6,6]{5  <1.0>}
x[6,7]{6  <1.0>}
x[7,0]{6  <1.0>}
x[7,1]{7  <1.0>}
x[7,2]{3  <1.0>}
x[7,3]{4  <1.0>}
x[7,4]{2  <1.0>}
x[7,5]{0  <1.0>}
x[7,6]{1  <1.0>}
x[7,7]{5  <1.0>}
problem entropy = 0.0
smallest variable entropy = 1.7976931348623157E308
### branching on x[1,0]=5
##### after BP iteration 1 #####
x[0,0]{0  <1.0>}
x[0,1]{4  <1.0>}
x[0,2]{1  <1.0>}
x[0,3]{5  <1.0>}
x[0,4]{3  <1.0>}
x[0,5]{7  <1.0>}
x[0,6]{6  <1.0>}
x[0,7]{2  <1.0>}
x[1,0]{5  <1.0>}
x[1,1]{0  <1.0>}
x[1,2]{4  <1.0>}
x[1,3]{2  <1.0>}
x[1,4]{6  <1.0>}
x[1,5]{1  <1.0>}
x[1,6]{3  <1.0>}
x[1,7]{7  <1.0>}
x[2,0]{1  <1.0>}
x[2,1]{3  <1.0>}
x[2,2]{0  <1.0>}
x[2,3]{6  <1.0>}
x[2,4]{5  <1.0>}
x[2,5]{2  <1.0>}
x[2,6]{7  <1.0>}
x[2,7]{4  <1.0>}
x[3,0]{2  <1.0>}
x[3,1]{6  <1.0>}
x[3,2]{5  <1.0>}
x[3,3]{7  <1.0>}
x[3,4]{1  <1.0>}
x[3,5]{4  <1.0>}
x[3,6]{0  <1.0>}
x[3,7]{3  <1.0>}
x[4,0]{3  <1.0>}
x[4,1]{5  <1.0>}
x[4,2]{2  <1.0>}
x[4,3]{0  <1.0>}
x[4,4]{7  <1.0>}
x[4,5]{6  <1.0>}
x[4,6]{4  <1.0>}
x[4,7]{1  <1.0>}
x[5,0]{7  <1.0>}
x[5,1]{1  <1.0>}
x[5,2]{6  <1.0>}
x[5,3]{3  <1.0>}
x[5,4]{4  <1.0>}
x[5,5]{5  <1.0>}
x[5,6]{2  <1.0>}
x[5,7]{0  <1.0>}
x[6,0]{4  <1.0>}
x[6,1]{2  <1.0>}
x[6,2]{7  <1.0>}
x[6,3]{1  <1.0>}
x[6,4]{0  <1.0>}
x[6,5]{3  <1.0>}
x[6,6]{5  <1.0>}
x[6,7]{6  <1.0>}
x[7,0]{6  <1.0>}
x[7,1]{7  <1.0>}
x[7,2]{3  <1.0>}
x[7,3]{4  <1.0>}
x[7,4]{2  <1.0>}
x[7,5]{0  <1.0>}
x[7,6]{1  <1.0>}
x[7,7]{5  <1.0>}
problem entropy = 0.0
smallest variable entropy = 1.7976931348623157E308
### branching on x[1,0]!=5
##### after BP iteration 1 #####
x[0,0]{0  <1.0>}
x[0,1]{4  <1.0>}
x[0,2]{1  <1.0>}
x[0,3]{5  <1.0>}
x[0,4]{3  <1.0>}
x[0,5]{7  <1.0>}
x[0,6]{6  <1.0>}
x[0,7]{2  <1.0>}
x[1,0]{1  <1.0>}
x[1,1]{0  <1.0>}
x[1,2]{4  <1.0>}
x[1,3]{2  <1.0>}
x[1,4]{6  <1.0>}
x[1,5]{5  <1.0>}
x[1,6]{3  <1.0>}
x[1,7]{7  <1.0>}
x[2,0]{7  <1.0>}
x[2,1]{3  <1.0>}
x[2,2]{0  <1.0>}
x[2,3]{6  <1.0>}
x[2,4]{5  <1.0>}
x[2,5]{1  <1.0>}
x[2,6]{2  <1.0>}
x[2,7]{4  <1.0>}
x[3,0]{2  <1.0>}
x[3,1]{6  <1.0>}
x[3,2]{5  <1.0>}
x[3,3]{7  <1.0>}
x[3,4]{1  <1.0>}
x[3,5]{4  <1.0>}
x[3,6]{0  <1.0>}
x[3,7]{3  <1.0>}
x[4,0]{3  <1.0>}
x[4,1]{5  <1.0>}
x[4,2]{2  <1.0>}
x[4,3]{0  <1.0>}
x[4,4]{7  <1.0>}
x[4,5]{6  <1.0>}
x[4,6]{4  <1.0>}
x[4,7]{1  <1.0>}
x[5,0]{5  <1.0>}
x[5,1]{1  <1.0>}
x[5,2]{6  <1.0>}
x[5,3]{3  <1.0>}
x[5,4]{4  <1.0>}
x[5,5]{2  <1.0>}
x[5,6]{7  <1.0>}
x[5,7]{0  <1.0>}
x[6,0]{4  <1.0>}
x[6,1]{2  <1.0>}
x[6,2]{7  <1.0>}
x[6,3]{1  <1.0>}
x[6,4]{0  <1.0>}
x[6,5]{3  <1.0>}
x[6,6]{5  <1.0>}
x[6,7]{6  <1.0>}
x[7,0]{6  <1.0>}
x[7,1]{7  <1.0>}
x[7,2]{3  <1.0>}
x[7,3]{4  <1.0>}
x[7,4]{2  <1.0>}
x[7,5]{0  <1.0>}
x[7,6]{1  <1.0>}
x[7,7]{5  <1.0>}
problem entropy = 0.0
smallest variable entropy = 1.7976931348623157E308

	#choice: 9
	#fail: 0
	execution time (ms): 81
	#sols : 1
	completed : false

