{0  <1.0>, 6  <7.0>, 5  <6.0>}
model: max-product-init
FINAL DAMPING FACTOR = 1.0
##### after BP iteration 1 #####
x[0,0]{0  <0.07142857142857144>, 6  <0.5>, 5  <0.4285714285714286>}
x[0,1]{5  <0.25>, 1  <0.25>, 2  <0.25>, 4  <0.25>}
x[0,2]{0  <0.16666666666666663>, 1  <0.16666666666666663>, 2  <0.16666666666666663>, 3  <0.16666666666666663>, 4  <0.16666666666666663>, 6  <0.16666666666666663>}
x[0,3]{7  <1.0>}
x[0,4]{0  <0.16666666666666666>, 1  <0.16666666666666666>, 2  <0.16666666666666666>, 6  <0.16666666666666666>, 4  <0.16666666666666666>, 5  <0.16666666666666666>}
x[0,5]{0  <0.5>, 3  <0.5>}
x[0,6]{6  <0.25>, 1  <0.25>, 4  <0.25>, 3  <0.25>}
x[0,7]{0  <0.19999999999999998>, 1  <0.19999999999999998>, 5  <0.19999999999999998>, 3  <0.19999999999999998>, 4  <0.19999999999999998>}
x[1,0]{4  <1.0>}
x[1,1]{0  <1.0>}
x[1,2]{7  <1.0>}
x[1,3]{1  <1.0>}
x[1,4]{3  <1.0>}
x[1,5]{5  <1.0>}
x[1,6]{2  <1.0>}
x[1,7]{6  <1.0>}
x[2,0]{2  <1.0>}
x[2,1]{6  <1.0>}
x[2,2]{0  <0.1>, 4  <0.5>, 3  <0.4>}
x[2,3]{3  <0.3333333333333333>, 4  <0.3333333333333333>, 5  <0.3333333333333333>}
x[2,4]{7  <1.0>}
x[2,5]{1  <1.0>}
x[2,6]{3  <0.5>, 4  <0.5>}
x[2,7]{0  <0.25>, 4  <0.25>, 5  <0.25>, 3  <0.25>}
x[3,0]{3  <1.0>}
x[3,1]{4  <0.33333333333333337>, 1  <0.33333333333333337>, 2  <0.33333333333333337>}
x[3,2]{5  <1.0>}
x[3,3]{0  <1.0>}
x[3,4]{4  <0.3333333333333333>, 1  <0.3333333333333333>, 2  <0.3333333333333333>}
x[3,5]{6  <1.0>}
x[3,6]{7  <1.0>}
x[3,7]{4  <0.5>, 1  <0.5>}
x[4,0]{6  <0.5>, 5  <0.5>}
x[4,1]{5  <0.25>, 1  <0.25>, 2  <0.25>, 4  <0.25>}
x[4,2]{6  <0.19999999999999998>, 1  <0.19999999999999998>, 2  <0.19999999999999998>, 3  <0.19999999999999998>, 4  <0.19999999999999998>}
x[4,3]{6  <0.19999999999999998>, 5  <0.19999999999999998>, 2  <0.19999999999999998>, 3  <0.19999999999999998>, 4  <0.19999999999999998>}
x[4,4]{6  <0.3043478260869565>, 1  <0.08695652173913043>, 2  <0.13043478260869565>, 5  <0.2608695652173913>, 4  <0.21739130434782605>}
x[4,5]{7  <1.0>}
x[4,6]{0  <1.0>}
x[4,7]{5  <0.25>, 1  <0.25>, 4  <0.25>, 3  <0.25>}
x[5,0]{0  <0.3333333333333333>, 5  <0.3333333333333333>, 6  <0.3333333333333333>}
x[5,1]{3  <1.0>}
x[5,2]{0  <0.25>, 1  <0.25>, 6  <0.25>, 4  <0.25>}
x[5,3]{5  <0.33333333333333337>, 4  <0.33333333333333337>, 6  <0.33333333333333337>}
x[5,4]{0  <0.19999999999999998>, 1  <0.19999999999999998>, 6  <0.19999999999999998>, 5  <0.19999999999999998>, 4  <0.19999999999999998>}
x[5,5]{2  <1.0>}
x[5,6]{4  <0.3333333333333333>, 1  <0.3333333333333333>, 6  <0.3333333333333333>}
x[5,7]{7  <1.0>}
x[6,0]{1  <1.0>}
x[6,1]{7  <1.0>}
x[6,2]{0  <0.25>, 6  <0.25>, 2  <0.25>, 3  <0.25>}
x[6,3]{3  <0.33333333333333337>, 6  <0.33333333333333337>, 2  <0.33333333333333337>}
x[6,4]{0  <0.3333333333333333>, 6  <0.3333333333333333>, 2  <0.3333333333333333>}
x[6,5]{4  <1.0>}
x[6,6]{5  <1.0>}
x[6,7]{0  <0.5>, 3  <0.5>}
x[7,0]{7  <1.0>}
x[7,1]{5  <0.33333333333333337>, 1  <0.33333333333333337>, 4  <0.33333333333333337>}
x[7,2]{0  <0.2>, 1  <0.2>, 6  <0.2>, 3  <0.2>, 4  <0.2>}
x[7,3]{4  <0.25>, 5  <0.25>, 6  <0.25>, 3  <0.25>}
x[7,4]{0  <0.19999999999999998>, 1  <0.19999999999999998>, 5  <0.19999999999999998>, 6  <0.19999999999999998>, 4  <0.19999999999999998>}
x[7,5]{0  <0.5>, 3  <0.5>}
x[7,6]{4  <0.25>, 1  <0.25>, 6  <0.25>, 3  <0.25>}
x[7,7]{2  <1.0>}
problem entropy = 0.9892049297890393
smallest variable entropy = 0.6931471805599453
##### after BP iteration 2 #####
x[0,0]{0  <0.07142857142857142>, 6  <0.49999999999999994>, 5  <0.42857142857142855>}
x[0,1]{5  <0.25>, 1  <0.25>, 2  <0.25>, 4  <0.25>}
x[0,2]{0  <0.16666666666666663>, 1  <0.16666666666666663>, 2  <0.16666666666666663>, 3  <0.16666666666666663>, 4  <0.16666666666666663>, 6  <0.16666666666666663>}
x[0,3]{7  <1.0>}
x[0,4]{0  <0.16666666666666666>, 1  <0.16666666666666666>, 2  <0.16666666666666666>, 6  <0.16666666666666666>, 4  <0.16666666666666666>, 5  <0.16666666666666666>}
x[0,5]{0  <0.5>, 3  <0.5>}
x[0,6]{6  <0.25>, 1  <0.25>, 4  <0.25>, 3  <0.25>}
x[0,7]{0  <0.19999999999999998>, 1  <0.19999999999999998>, 5  <0.19999999999999998>, 3  <0.19999999999999998>, 4  <0.19999999999999998>}
x[1,0]{4  <1.0>}
x[1,1]{0  <1.0>}
x[1,2]{7  <1.0>}
x[1,3]{1  <1.0>}
x[1,4]{3  <1.0>}
x[1,5]{5  <1.0>}
x[1,6]{2  <1.0>}
x[1,7]{6  <1.0>}
x[2,0]{2  <1.0>}
x[2,1]{6  <1.0>}
x[2,2]{0  <0.1>, 4  <0.5>, 3  <0.4>}
x[2,3]{3  <0.3333333333333333>, 4  <0.3333333333333333>, 5  <0.3333333333333333>}
x[2,4]{7  <1.0>}
x[2,5]{1  <1.0>}
x[2,6]{3  <0.5>, 4  <0.5>}
x[2,7]{0  <0.25>, 4  <0.25>, 5  <0.25>, 3  <0.25>}
x[3,0]{3  <1.0>}
x[3,1]{4  <0.33333333333333337>, 1  <0.33333333333333337>, 2  <0.33333333333333337>}
x[3,2]{5  <1.0>}
x[3,3]{0  <1.0>}
x[3,4]{4  <0.3333333333333333>, 1  <0.3333333333333333>, 2  <0.3333333333333333>}
x[3,5]{6  <1.0>}
x[3,6]{7  <1.0>}
x[3,7]{4  <0.5>, 1  <0.5>}
x[4,0]{6  <0.5>, 5  <0.5>}
x[4,1]{5  <0.25>, 1  <0.25>, 2  <0.25>, 4  <0.25>}
x[4,2]{6  <0.19999999999999998>, 1  <0.19999999999999998>, 2  <0.19999999999999998>, 3  <0.19999999999999998>, 4  <0.19999999999999998>}
x[4,3]{6  <0.19999999999999998>, 5  <0.19999999999999998>, 2  <0.19999999999999998>, 3  <0.19999999999999998>, 4  <0.19999999999999998>}
x[4,4]{6  <0.3043478260869565>, 1  <0.08695652173913043>, 2  <0.13043478260869565>, 5  <0.2608695652173913>, 4  <0.21739130434782605>}
x[4,5]{7  <1.0>}
x[4,6]{0  <1.0>}
x[4,7]{5  <0.25>, 1  <0.25>, 4  <0.25>, 3  <0.25>}
x[5,0]{0  <0.33333333333333337>, 5  <0.33333333333333337>, 6  <0.33333333333333337>}
x[5,1]{3  <1.0>}
x[5,2]{0  <0.25>, 1  <0.25>, 6  <0.25>, 4  <0.25>}
x[5,3]{5  <0.33333333333333337>, 4  <0.33333333333333337>, 6  <0.33333333333333337>}
x[5,4]{0  <0.19999999999999998>, 1  <0.19999999999999998>, 6  <0.19999999999999998>, 5  <0.19999999999999998>, 4  <0.19999999999999998>}
x[5,5]{2  <1.0>}
x[5,6]{4  <0.3333333333333333>, 1  <0.3333333333333333>, 6  <0.3333333333333333>}
x[5,7]{7  <1.0>}
x[6,0]{1  <1.0>}
x[6,1]{7  <1.0>}
x[6,2]{0  <0.25>, 6  <0.25>, 2  <0.25>, 3  <0.25>}
x[6,3]{3  <0.33333333333333337>, 6  <0.33333333333333337>, 2  <0.33333333333333337>}
x[6,4]{0  <0.3333333333333333>, 6  <0.3333333333333333>, 2  <0.3333333333333333>}
x[6,5]{4  <1.0>}
x[6,6]{5  <1.0>}
x[6,7]{0  <0.5>, 3  <0.5>}
x[7,0]{7  <1.0>}
x[7,1]{5  <0.33333333333333337>, 1  <0.33333333333333337>, 4  <0.33333333333333337>}
x[7,2]{0  <0.2>, 1  <0.2>, 6  <0.2>, 3  <0.2>, 4  <0.2>}
x[7,3]{4  <0.25>, 5  <0.25>, 6  <0.25>, 3  <0.25>}
x[7,4]{0  <0.19999999999999998>, 1  <0.19999999999999998>, 5  <0.19999999999999998>, 6  <0.19999999999999998>, 4  <0.19999999999999998>}
x[7,5]{0  <0.5>, 3  <0.5>}
x[7,6]{4  <0.25>, 1  <0.25>, 6  <0.25>, 3  <0.25>}
x[7,7]{2  <1.0>}
problem entropy = 0.9892049297890393
smallest variable entropy = 0.6931471805599453
### branching on x[0,5]=0 marginal=0.5
##### after BP iteration 1 #####
x[0,0]{5  <0.46153846153846156>, 6  <0.5384615384615384>}
x[0,1]{5  <0.25>, 1  <0.25>, 2  <0.25>, 4  <0.25>}
x[0,2]{6  <0.19999999999999998>, 1  <0.19999999999999998>, 2  <0.19999999999999998>, 3  <0.19999999999999998>, 4  <0.19999999999999998>}
x[0,3]{7  <1.0>}
x[0,4]{5  <0.2>, 1  <0.2>, 2  <0.2>, 6  <0.2>, 4  <0.2>}
x[0,5]{0  <1.0>}
x[0,6]{6  <0.25>, 1  <0.25>, 4  <0.25>, 3  <0.25>}
x[0,7]{4  <0.25>, 1  <0.25>, 5  <0.25>, 3  <0.25>}
x[1,0]{4  <1.0>}
x[1,1]{0  <1.0>}
x[1,2]{7  <1.0>}
x[1,3]{1  <1.0>}
x[1,4]{3  <1.0>}
x[1,5]{5  <1.0>}
x[1,6]{2  <1.0>}
x[1,7]{6  <1.0>}
x[2,0]{2  <1.0>}
x[2,1]{6  <1.0>}
x[2,2]{0  <0.1>, 4  <0.5>, 3  <0.4>}
x[2,3]{3  <0.3333333333333333>, 4  <0.3333333333333333>, 5  <0.3333333333333333>}
x[2,4]{7  <1.0>}
x[2,5]{1  <1.0>}
x[2,6]{3  <0.5>, 4  <0.5>}
x[2,7]{0  <0.25>, 4  <0.25>, 5  <0.25>, 3  <0.25>}
x[3,0]{3  <1.0>}
x[3,1]{4  <0.33333333333333337>, 1  <0.33333333333333337>, 2  <0.33333333333333337>}
x[3,2]{5  <1.0>}
x[3,3]{0  <1.0>}
x[3,4]{4  <0.3333333333333333>, 1  <0.3333333333333333>, 2  <0.3333333333333333>}
x[3,5]{6  <1.0>}
x[3,6]{7  <1.0>}
x[3,7]{4  <0.5>, 1  <0.5>}
x[4,0]{6  <0.5>, 5  <0.5>}
x[4,1]{5  <0.25>, 1  <0.25>, 2  <0.25>, 4  <0.25>}
x[4,2]{6  <0.19999999999999998>, 1  <0.19999999999999998>, 2  <0.19999999999999998>, 3  <0.19999999999999998>, 4  <0.19999999999999998>}
x[4,3]{6  <0.19999999999999998>, 5  <0.19999999999999998>, 2  <0.19999999999999998>, 3  <0.19999999999999998>, 4  <0.19999999999999998>}
x[4,4]{6  <0.3043478260869565>, 1  <0.08695652173913043>, 2  <0.13043478260869565>, 5  <0.2608695652173913>, 4  <0.21739130434782605>}
x[4,5]{7  <1.0>}
x[4,6]{0  <1.0>}
x[4,7]{5  <0.25>, 1  <0.25>, 4  <0.25>, 3  <0.25>}
x[5,0]{0  <1.0>}
x[5,1]{3  <1.0>}
x[5,2]{4  <0.3333333333333333>, 1  <0.3333333333333333>, 6  <0.3333333333333333>}
x[5,3]{5  <0.3333333333333333>, 4  <0.3333333333333333>, 6  <0.3333333333333333>}
x[5,4]{4  <0.25>, 1  <0.25>, 6  <0.25>, 5  <0.25>}
x[5,5]{2  <1.0>}
x[5,6]{4  <0.3333333333333333>, 1  <0.3333333333333333>, 6  <0.3333333333333333>}
x[5,7]{7  <1.0>}
x[6,0]{1  <1.0>}
x[6,1]{7  <1.0>}
x[6,2]{0  <0.25>, 6  <0.25>, 2  <0.25>, 3  <0.25>}
x[6,3]{3  <0.33333333333333337>, 6  <0.33333333333333337>, 2  <0.33333333333333337>}
x[6,4]{0  <0.3333333333333333>, 6  <0.3333333333333333>, 2  <0.3333333333333333>}
x[6,5]{4  <1.0>}
x[6,6]{5  <1.0>}
x[6,7]{0  <0.5>, 3  <0.5>}
x[7,0]{7  <1.0>}
x[7,1]{5  <0.33333333333333337>, 1  <0.33333333333333337>, 4  <0.33333333333333337>}
x[7,2]{0  <0.25>, 1  <0.25>, 6  <0.25>, 4  <0.25>}
x[7,3]{4  <0.33333333333333337>, 5  <0.33333333333333337>, 6  <0.33333333333333337>}
x[7,4]{0  <0.19999999999999998>, 1  <0.19999999999999998>, 5  <0.19999999999999998>, 6  <0.19999999999999998>, 4  <0.19999999999999998>}
x[7,5]{3  <1.0>}
x[7,6]{4  <0.3333333333333333>, 1  <0.3333333333333333>, 6  <0.3333333333333333>}
x[7,7]{2  <1.0>}
problem entropy = 0.9937599456542782
smallest variable entropy = 0.6901856760188042
##### after BP iteration 2 #####
x[0,0]{5  <0.46153846153846156>, 6  <0.5384615384615384>}
x[0,1]{5  <0.25>, 1  <0.25>, 2  <0.25>, 4  <0.25>}
x[0,2]{6  <0.2>, 1  <0.2>, 2  <0.2>, 3  <0.2>, 4  <0.2>}
x[0,3]{7  <1.0>}
x[0,4]{5  <0.2>, 1  <0.2>, 2  <0.2>, 6  <0.2>, 4  <0.2>}
x[0,5]{0  <1.0>}
x[0,6]{6  <0.25>, 1  <0.25>, 4  <0.25>, 3  <0.25>}
x[0,7]{4  <0.25>, 1  <0.25>, 5  <0.25>, 3  <0.25>}
x[1,0]{4  <1.0>}
x[1,1]{0  <1.0>}
x[1,2]{7  <1.0>}
x[1,3]{1  <1.0>}
x[1,4]{3  <1.0>}
x[1,5]{5  <1.0>}
x[1,6]{2  <1.0>}
x[1,7]{6  <1.0>}
x[2,0]{2  <1.0>}
x[2,1]{6  <1.0>}
x[2,2]{0  <0.1>, 4  <0.5>, 3  <0.4>}
x[2,3]{3  <0.3333333333333333>, 4  <0.3333333333333333>, 5  <0.3333333333333333>}
x[2,4]{7  <1.0>}
x[2,5]{1  <1.0>}
x[2,6]{3  <0.5>, 4  <0.5>}
x[2,7]{0  <0.25>, 4  <0.25>, 5  <0.25>, 3  <0.25>}
x[3,0]{3  <1.0>}
x[3,1]{4  <0.33333333333333337>, 1  <0.33333333333333337>, 2  <0.33333333333333337>}
x[3,2]{5  <1.0>}
x[3,3]{0  <1.0>}
x[3,4]{4  <0.3333333333333333>, 1  <0.3333333333333333>, 2  <0.3333333333333333>}
x[3,5]{6  <1.0>}
x[3,6]{7  <1.0>}
x[3,7]{4  <0.5>, 1  <0.5>}
x[4,0]{6  <0.5>, 5  <0.5>}
x[4,1]{5  <0.25>, 1  <0.25>, 2  <0.25>, 4  <0.25>}
x[4,2]{6  <0.2>, 1  <0.2>, 2  <0.2>, 3  <0.2>, 4  <0.2>}
x[4,3]{6  <0.2>, 5  <0.2>, 2  <0.2>, 3  <0.2>, 4  <0.2>}
x[4,4]{6  <0.3043478260869565>, 1  <0.08695652173913043>, 2  <0.13043478260869565>, 5  <0.2608695652173913>, 4  <0.21739130434782605>}
x[4,5]{7  <1.0>}
x[4,6]{0  <1.0>}
x[4,7]{5  <0.25>, 1  <0.25>, 4  <0.25>, 3  <0.25>}
x[5,0]{0  <1.0>}
x[5,1]{3  <1.0>}
x[5,2]{4  <0.3333333333333333>, 1  <0.3333333333333333>, 6  <0.3333333333333333>}
x[5,3]{5  <0.3333333333333333>, 4  <0.3333333333333333>, 6  <0.3333333333333333>}
x[5,4]{4  <0.25>, 1  <0.25>, 6  <0.25>, 5  <0.25>}
x[5,5]{2  <1.0>}
x[5,6]{4  <0.3333333333333333>, 1  <0.3333333333333333>, 6  <0.3333333333333333>}
x[5,7]{7  <1.0>}
x[6,0]{1  <1.0>}
x[6,1]{7  <1.0>}
x[6,2]{0  <0.25>, 6  <0.25>, 2  <0.25>, 3  <0.25>}
x[6,3]{3  <0.3333333333333333>, 6  <0.3333333333333333>, 2  <0.3333333333333333>}
x[6,4]{0  <0.3333333333333333>, 6  <0.3333333333333333>, 2  <0.3333333333333333>}
x[6,5]{4  <1.0>}
x[6,6]{5  <1.0>}
x[6,7]{0  <0.5>, 3  <0.5>}
x[7,0]{7  <1.0>}
x[7,1]{5  <0.33333333333333337>, 1  <0.33333333333333337>, 4  <0.33333333333333337>}
x[7,2]{0  <0.25>, 1  <0.25>, 6  <0.25>, 4  <0.25>}
x[7,3]{4  <0.3333333333333333>, 5  <0.3333333333333333>, 6  <0.3333333333333333>}
x[7,4]{0  <0.19999999999999998>, 1  <0.19999999999999998>, 5  <0.19999999999999998>, 6  <0.19999999999999998>, 4  <0.19999999999999998>}
x[7,5]{3  <1.0>}
x[7,6]{4  <0.3333333333333333>, 1  <0.3333333333333333>, 6  <0.3333333333333333>}
x[7,7]{2  <1.0>}
problem entropy = 0.9937599456542782
smallest variable entropy = 0.6901856760188042
### branching on x[0,0]=6 marginal=0.5384615384615384
##### after BP iteration 1 #####
x[0,0]{6  <1.0>}
x[0,1]{5  <0.25>, 1  <0.25>, 2  <0.25>, 4  <0.25>}
x[0,2]{4  <0.25>, 1  <0.25>, 2  <0.25>, 3  <0.25>}
x[0,3]{7  <1.0>}
x[0,4]{5  <0.25>, 1  <0.25>, 2  <0.25>, 4  <0.25>}
x[0,5]{0  <1.0>}
x[0,6]{3  <0.3333333333333333>, 1  <0.3333333333333333>, 4  <0.3333333333333333>}
x[0,7]{4  <0.25>, 1  <0.25>, 5  <0.25>, 3  <0.25>}
x[1,0]{4  <1.0>}
x[1,1]{0  <1.0>}
x[1,2]{7  <1.0>}
x[1,3]{1  <1.0>}
x[1,4]{3  <1.0>}
x[1,5]{5  <1.0>}
x[1,6]{2  <1.0>}
x[1,7]{6  <1.0>}
x[2,0]{2  <1.0>}
x[2,1]{6  <1.0>}
x[2,2]{0  <0.1>, 4  <0.5>, 3  <0.4>}
x[2,3]{3  <0.3333333333333333>, 4  <0.3333333333333333>, 5  <0.3333333333333333>}
x[2,4]{7  <1.0>}
x[2,5]{1  <1.0>}
x[2,6]{3  <0.5>, 4  <0.5>}
x[2,7]{0  <0.25>, 4  <0.25>, 5  <0.25>, 3  <0.25>}
x[3,0]{3  <1.0>}
x[3,1]{4  <0.3333333333333333>, 1  <0.3333333333333333>, 2  <0.3333333333333333>}
x[3,2]{5  <1.0>}
x[3,3]{0  <1.0>}
x[3,4]{4  <0.33333333333333337>, 1  <0.33333333333333337>, 2  <0.33333333333333337>}
x[3,5]{6  <1.0>}
x[3,6]{7  <1.0>}
x[3,7]{4  <0.5>, 1  <0.5>}
x[4,0]{5  <1.0>}
x[4,1]{4  <0.3333333333333333>, 1  <0.3333333333333333>, 2  <0.3333333333333333>}
x[4,2]{6  <0.2>, 1  <0.2>, 2  <0.2>, 3  <0.2>, 4  <0.2>}
x[4,3]{6  <0.25>, 4  <0.25>, 2  <0.25>, 3  <0.25>}
x[4,4]{6  <0.4117647058823529>, 1  <0.11764705882352941>, 2  <0.17647058823529413>, 4  <0.29411764705882354>}
x[4,5]{7  <1.0>}
x[4,6]{0  <1.0>}
x[4,7]{3  <0.3333333333333333>, 1  <0.3333333333333333>, 4  <0.3333333333333333>}
x[5,0]{0  <1.0>}
x[5,1]{3  <1.0>}
x[5,2]{4  <0.3333333333333333>, 1  <0.3333333333333333>, 6  <0.3333333333333333>}
x[5,3]{5  <0.3333333333333333>, 4  <0.3333333333333333>, 6  <0.3333333333333333>}
x[5,4]{4  <0.25>, 1  <0.25>, 6  <0.25>, 5  <0.25>}
x[5,5]{2  <1.0>}
x[5,6]{4  <0.3333333333333333>, 1  <0.3333333333333333>, 6  <0.3333333333333333>}
x[5,7]{7  <1.0>}
x[6,0]{1  <1.0>}
x[6,1]{7  <1.0>}
x[6,2]{0  <0.25>, 6  <0.25>, 2  <0.25>, 3  <0.25>}
x[6,3]{3  <0.33333333333333337>, 6  <0.33333333333333337>, 2  <0.33333333333333337>}
x[6,4]{0  <0.33333333333333337>, 6  <0.33333333333333337>, 2  <0.33333333333333337>}
x[6,5]{4  <1.0>}
x[6,6]{5  <1.0>}
x[6,7]{0  <0.5>, 3  <0.5>}
x[7,0]{7  <1.0>}
x[7,1]{5  <0.3333333333333333>, 1  <0.3333333333333333>, 4  <0.3333333333333333>}
x[7,2]{0  <0.25>, 1  <0.25>, 6  <0.25>, 4  <0.25>}
x[7,3]{4  <0.33333333333333337>, 5  <0.33333333333333337>, 6  <0.33333333333333337>}
x[7,4]{0  <0.2>, 1  <0.2>, 5  <0.2>, 6  <0.2>, 4  <0.2>}
x[7,5]{3  <1.0>}
x[7,6]{4  <0.3333333333333333>, 1  <0.3333333333333333>, 6  <0.3333333333333333>}
x[7,7]{2  <1.0>}
problem entropy = 0.9928095373007283
smallest variable entropy = 0.6931471805599453
##### after BP iteration 2 #####
x[0,0]{6  <1.0>}
x[0,1]{5  <0.25>, 1  <0.25>, 2  <0.25>, 4  <0.25>}
x[0,2]{4  <0.25>, 1  <0.25>, 2  <0.25>, 3  <0.25>}
x[0,3]{7  <1.0>}
x[0,4]{5  <0.25>, 1  <0.25>, 2  <0.25>, 4  <0.25>}
x[0,5]{0  <1.0>}
x[0,6]{3  <0.3333333333333333>, 1  <0.3333333333333333>, 4  <0.3333333333333333>}
x[0,7]{4  <0.25>, 1  <0.25>, 5  <0.25>, 3  <0.25>}
x[1,0]{4  <1.0>}
x[1,1]{0  <1.0>}
x[1,2]{7  <1.0>}
x[1,3]{1  <1.0>}
x[1,4]{3  <1.0>}
x[1,5]{5  <1.0>}
x[1,6]{2  <1.0>}
x[1,7]{6  <1.0>}
x[2,0]{2  <1.0>}
x[2,1]{6  <1.0>}
x[2,2]{0  <0.1>, 4  <0.5>, 3  <0.4>}
x[2,3]{3  <0.3333333333333333>, 4  <0.3333333333333333>, 5  <0.3333333333333333>}
x[2,4]{7  <1.0>}
x[2,5]{1  <1.0>}
x[2,6]{3  <0.5>, 4  <0.5>}
x[2,7]{0  <0.25>, 4  <0.25>, 5  <0.25>, 3  <0.25>}
x[3,0]{3  <1.0>}
x[3,1]{4  <0.3333333333333333>, 1  <0.3333333333333333>, 2  <0.3333333333333333>}
x[3,2]{5  <1.0>}
x[3,3]{0  <1.0>}
x[3,4]{4  <0.33333333333333337>, 1  <0.33333333333333337>, 2  <0.33333333333333337>}
x[3,5]{6  <1.0>}
x[3,6]{7  <1.0>}
x[3,7]{4  <0.5>, 1  <0.5>}
x[4,0]{5  <1.0>}
x[4,1]{4  <0.3333333333333333>, 1  <0.3333333333333333>, 2  <0.3333333333333333>}
x[4,2]{6  <0.2>, 1  <0.2>, 2  <0.2>, 3  <0.2>, 4  <0.2>}
x[4,3]{6  <0.25>, 4  <0.25>, 2  <0.25>, 3  <0.25>}
x[4,4]{6  <0.4117647058823529>, 1  <0.11764705882352941>, 2  <0.17647058823529413>, 4  <0.29411764705882354>}
x[4,5]{7  <1.0>}
x[4,6]{0  <1.0>}
x[4,7]{3  <0.3333333333333333>, 1  <0.3333333333333333>, 4  <0.3333333333333333>}
x[5,0]{0  <1.0>}
x[5,1]{3  <1.0>}
x[5,2]{4  <0.3333333333333333>, 1  <0.3333333333333333>, 6  <0.3333333333333333>}
x[5,3]{5  <0.3333333333333333>, 4  <0.3333333333333333>, 6  <0.3333333333333333>}
x[5,4]{4  <0.25>, 1  <0.25>, 6  <0.25>, 5  <0.25>}
x[5,5]{2  <1.0>}
x[5,6]{4  <0.3333333333333333>, 1  <0.3333333333333333>, 6  <0.3333333333333333>}
x[5,7]{7  <1.0>}
x[6,0]{1  <1.0>}
x[6,1]{7  <1.0>}
x[6,2]{0  <0.25>, 6  <0.25>, 2  <0.25>, 3  <0.25>}
x[6,3]{3  <0.3333333333333333>, 6  <0.3333333333333333>, 2  <0.3333333333333333>}
x[6,4]{0  <0.33333333333333337>, 6  <0.33333333333333337>, 2  <0.33333333333333337>}
x[6,5]{4  <1.0>}
x[6,6]{5  <1.0>}
x[6,7]{0  <0.5>, 3  <0.5>}
x[7,0]{7  <1.0>}
x[7,1]{5  <0.3333333333333333>, 1  <0.3333333333333333>, 4  <0.3333333333333333>}
x[7,2]{0  <0.25>, 1  <0.25>, 6  <0.25>, 4  <0.25>}
x[7,3]{4  <0.3333333333333333>, 5  <0.3333333333333333>, 6  <0.3333333333333333>}
x[7,4]{0  <0.2>, 1  <0.2>, 5  <0.2>, 6  <0.2>, 4  <0.2>}
x[7,5]{3  <1.0>}
x[7,6]{4  <0.3333333333333333>, 1  <0.3333333333333333>, 6  <0.3333333333333333>}
x[7,7]{2  <1.0>}
problem entropy = 0.9928095373007283
smallest variable entropy = 0.6931471805599453
### branching on x[2,2]=4 marginal=0.5
##### after BP iteration 1 #####
x[0,0]{6  <1.0>}
x[0,1]{4  <0.33333333333333337>, 1  <0.33333333333333337>, 2  <0.33333333333333337>}
x[0,2]{3  <1.0>}
x[0,3]{7  <1.0>}
x[0,4]{4  <0.33333333333333337>, 1  <0.33333333333333337>, 2  <0.33333333333333337>}
x[0,5]{0  <1.0>}
x[0,6]{4  <0.5>, 1  <0.5>}
x[0,7]{5  <1.0>}
x[1,0]{4  <1.0>}
x[1,1]{0  <1.0>}
x[1,2]{7  <1.0>}
x[1,3]{1  <1.0>}
x[1,4]{3  <1.0>}
x[1,5]{5  <1.0>}
x[1,6]{2  <1.0>}
x[1,7]{6  <1.0>}
x[2,0]{2  <1.0>}
x[2,1]{6  <1.0>}
x[2,2]{4  <1.0>}
x[2,3]{5  <1.0>}
x[2,4]{7  <1.0>}
x[2,5]{1  <1.0>}
x[2,6]{3  <1.0>}
x[2,7]{0  <1.0>}
x[3,0]{3  <1.0>}
x[3,1]{4  <0.33333333333333337>, 1  <0.33333333333333337>, 2  <0.33333333333333337>}
x[3,2]{5  <1.0>}
x[3,3]{0  <1.0>}
x[3,4]{4  <0.33333333333333337>, 1  <0.33333333333333337>, 2  <0.33333333333333337>}
x[3,5]{6  <1.0>}
x[3,6]{7  <1.0>}
x[3,7]{4  <0.5>, 1  <0.5>}
x[4,0]{5  <1.0>}
x[4,1]{4  <0.5>, 1  <0.5>}
x[4,2]{2  <1.0>}
x[4,3]{3  <1.0>}
x[4,4]{6  <1.0>}
x[4,5]{7  <1.0>}
x[4,6]{0  <1.0>}
x[4,7]{4  <0.5>, 1  <0.5>}
x[5,0]{0  <1.0>}
x[5,1]{3  <1.0>}
x[5,2]{1  <1.0>}
x[5,3]{6  <0.5>, 4  <0.5>}
x[5,4]{5  <1.0>}
x[5,5]{2  <1.0>}
x[5,6]{4  <0.5>, 6  <0.5>}
x[5,7]{7  <1.0>}
x[6,0]{1  <1.0>}
x[6,1]{7  <1.0>}
x[6,2]{6  <1.0>}
x[6,3]{2  <1.0>}
x[6,4]{0  <1.0>}
x[6,5]{4  <1.0>}
x[6,6]{5  <1.0>}
x[6,7]{3  <1.0>}
x[7,0]{7  <1.0>}
x[7,1]{5  <1.0>}
x[7,2]{0  <1.0>}
x[7,3]{4  <0.5>, 6  <0.5>}
x[7,4]{4  <0.5>, 1  <0.5>}
x[7,5]{3  <1.0>}
x[7,6]{4  <0.3333333333333333>, 1  <0.3333333333333333>, 6  <0.3333333333333333>}
x[7,7]{2  <1.0>}
problem entropy = 1.0
smallest variable entropy = 0.6931471805599453
##### after BP iteration 2 #####
x[0,0]{6  <1.0>}
x[0,1]{4  <0.33333333333333337>, 1  <0.33333333333333337>, 2  <0.33333333333333337>}
x[0,2]{3  <1.0>}
x[0,3]{7  <1.0>}
x[0,4]{4  <0.33333333333333337>, 1  <0.33333333333333337>, 2  <0.33333333333333337>}
x[0,5]{0  <1.0>}
x[0,6]{4  <0.5>, 1  <0.5>}
x[0,7]{5  <1.0>}
x[1,0]{4  <1.0>}
x[1,1]{0  <1.0>}
x[1,2]{7  <1.0>}
x[1,3]{1  <1.0>}
x[1,4]{3  <1.0>}
x[1,5]{5  <1.0>}
x[1,6]{2  <1.0>}
x[1,7]{6  <1.0>}
x[2,0]{2  <1.0>}
x[2,1]{6  <1.0>}
x[2,2]{4  <1.0>}
x[2,3]{5  <1.0>}
x[2,4]{7  <1.0>}
x[2,5]{1  <1.0>}
x[2,6]{3  <1.0>}
x[2,7]{0  <1.0>}
x[3,0]{3  <1.0>}
x[3,1]{4  <0.33333333333333337>, 1  <0.33333333333333337>, 2  <0.33333333333333337>}
x[3,2]{5  <1.0>}
x[3,3]{0  <1.0>}
x[3,4]{4  <0.33333333333333337>, 1  <0.33333333333333337>, 2  <0.33333333333333337>}
x[3,5]{6  <1.0>}
x[3,6]{7  <1.0>}
x[3,7]{4  <0.5>, 1  <0.5>}
x[4,0]{5  <1.0>}
x[4,1]{4  <0.5>, 1  <0.5>}
x[4,2]{2  <1.0>}
x[4,3]{3  <1.0>}
x[4,4]{6  <1.0>}
x[4,5]{7  <1.0>}
x[4,6]{0  <1.0>}
x[4,7]{4  <0.5>, 1  <0.5>}
x[5,0]{0  <1.0>}
x[5,1]{3  <1.0>}
x[5,2]{1  <1.0>}
x[5,3]{6  <0.5>, 4  <0.5>}
x[5,4]{5  <1.0>}
x[5,5]{2  <1.0>}
x[5,6]{4  <0.5>, 6  <0.5>}
x[5,7]{7  <1.0>}
x[6,0]{1  <1.0>}
x[6,1]{7  <1.0>}
x[6,2]{6  <1.0>}
x[6,3]{2  <1.0>}
x[6,4]{0  <1.0>}
x[6,5]{4  <1.0>}
x[6,6]{5  <1.0>}
x[6,7]{3  <1.0>}
x[7,0]{7  <1.0>}
x[7,1]{5  <1.0>}
x[7,2]{0  <1.0>}
x[7,3]{4  <0.5>, 6  <0.5>}
x[7,4]{4  <0.5>, 1  <0.5>}
x[7,5]{3  <1.0>}
x[7,6]{4  <0.3333333333333333>, 1  <0.3333333333333333>, 6  <0.3333333333333333>}
x[7,7]{2  <1.0>}
problem entropy = 1.0
smallest variable entropy = 0.6931471805599453
### branching on x[0,6]=4 marginal=0.5
##### after BP iteration 1 #####
x[0,0]{6  <1.0>}
x[0,1]{2  <0.5>, 1  <0.5>}
x[0,2]{3  <1.0>}
x[0,3]{7  <1.0>}
x[0,4]{2  <0.5>, 1  <0.5>}
x[0,5]{0  <1.0>}
x[0,6]{4  <1.0>}
x[0,7]{5  <1.0>}
x[1,0]{4  <1.0>}
x[1,1]{0  <1.0>}
x[1,2]{7  <1.0>}
x[1,3]{1  <1.0>}
x[1,4]{3  <1.0>}
x[1,5]{5  <1.0>}
x[1,6]{2  <1.0>}
x[1,7]{6  <1.0>}
x[2,0]{2  <1.0>}
x[2,1]{6  <1.0>}
x[2,2]{4  <1.0>}
x[2,3]{5  <1.0>}
x[2,4]{7  <1.0>}
x[2,5]{1  <1.0>}
x[2,6]{3  <1.0>}
x[2,7]{0  <1.0>}
x[3,0]{3  <1.0>}
x[3,1]{4  <0.33333333333333337>, 1  <0.33333333333333337>, 2  <0.33333333333333337>}
x[3,2]{5  <1.0>}
x[3,3]{0  <1.0>}
x[3,4]{2  <0.5>, 1  <0.5>}
x[3,5]{6  <1.0>}
x[3,6]{7  <1.0>}
x[3,7]{4  <0.5>, 1  <0.5>}
x[4,0]{5  <1.0>}
x[4,1]{4  <0.5>, 1  <0.5>}
x[4,2]{2  <1.0>}
x[4,3]{3  <1.0>}
x[4,4]{6  <1.0>}
x[4,5]{7  <1.0>}
x[4,6]{0  <1.0>}
x[4,7]{4  <0.5>, 1  <0.5>}
x[5,0]{0  <1.0>}
x[5,1]{3  <1.0>}
x[5,2]{1  <1.0>}
x[5,3]{4  <1.0>}
x[5,4]{5  <1.0>}
x[5,5]{2  <1.0>}
x[5,6]{6  <1.0>}
x[5,7]{7  <1.0>}
x[6,0]{1  <1.0>}
x[6,1]{7  <1.0>}
x[6,2]{6  <1.0>}
x[6,3]{2  <1.0>}
x[6,4]{0  <1.0>}
x[6,5]{4  <1.0>}
x[6,6]{5  <1.0>}
x[6,7]{3  <1.0>}
x[7,0]{7  <1.0>}
x[7,1]{5  <1.0>}
x[7,2]{0  <1.0>}
x[7,3]{6  <1.0>}
x[7,4]{4  <1.0>}
x[7,5]{3  <1.0>}
x[7,6]{1  <1.0>}
x[7,7]{2  <1.0>}
problem entropy = 1.0
smallest variable entropy = 0.6931471805599453
##### after BP iteration 2 #####
x[0,0]{6  <1.0>}
x[0,1]{2  <0.5>, 1  <0.5>}
x[0,2]{3  <1.0>}
x[0,3]{7  <1.0>}
x[0,4]{2  <0.5>, 1  <0.5>}
x[0,5]{0  <1.0>}
x[0,6]{4  <1.0>}
x[0,7]{5  <1.0>}
x[1,0]{4  <1.0>}
x[1,1]{0  <1.0>}
x[1,2]{7  <1.0>}
x[1,3]{1  <1.0>}
x[1,4]{3  <1.0>}
x[1,5]{5  <1.0>}
x[1,6]{2  <1.0>}
x[1,7]{6  <1.0>}
x[2,0]{2  <1.0>}
x[2,1]{6  <1.0>}
x[2,2]{4  <1.0>}
x[2,3]{5  <1.0>}
x[2,4]{7  <1.0>}
x[2,5]{1  <1.0>}
x[2,6]{3  <1.0>}
x[2,7]{0  <1.0>}
x[3,0]{3  <1.0>}
x[3,1]{4  <0.33333333333333337>, 1  <0.33333333333333337>, 2  <0.33333333333333337>}
x[3,2]{5  <1.0>}
x[3,3]{0  <1.0>}
x[3,4]{2  <0.5>, 1  <0.5>}
x[3,5]{6  <1.0>}
x[3,6]{7  <1.0>}
x[3,7]{4  <0.5>, 1  <0.5>}
x[4,0]{5  <1.0>}
x[4,1]{4  <0.5>, 1  <0.5>}
x[4,2]{2  <1.0>}
x[4,3]{3  <1.0>}
x[4,4]{6  <1.0>}
x[4,5]{7  <1.0>}
x[4,6]{0  <1.0>}
x[4,7]{4  <0.5>, 1  <0.5>}
x[5,0]{0  <1.0>}
x[5,1]{3  <1.0>}
x[5,2]{1  <1.0>}
x[5,3]{4  <1.0>}
x[5,4]{5  <1.0>}
x[5,5]{2  <1.0>}
x[5,6]{6  <1.0>}
x[5,7]{7  <1.0>}
x[6,0]{1  <1.0>}
x[6,1]{7  <1.0>}
x[6,2]{6  <1.0>}
x[6,3]{2  <1.0>}
x[6,4]{0  <1.0>}
x[6,5]{4  <1.0>}
x[6,6]{5  <1.0>}
x[6,7]{3  <1.0>}
x[7,0]{7  <1.0>}
x[7,1]{5  <1.0>}
x[7,2]{0  <1.0>}
x[7,3]{6  <1.0>}
x[7,4]{4  <1.0>}
x[7,5]{3  <1.0>}
x[7,6]{1  <1.0>}
x[7,7]{2  <1.0>}
problem entropy = 1.0
smallest variable entropy = 0.6931471805599453
### branching on x[0,1]=2 marginal=0.5
##### after BP iteration 1 #####
x[0,0]{6  <1.0>}
x[0,1]{2  <1.0>}
x[0,2]{3  <1.0>}
x[0,3]{7  <1.0>}
x[0,4]{1  <1.0>}
x[0,5]{0  <1.0>}
x[0,6]{4  <1.0>}
x[0,7]{5  <1.0>}
x[1,0]{4  <1.0>}
x[1,1]{0  <1.0>}
x[1,2]{7  <1.0>}
x[1,3]{1  <1.0>}
x[1,4]{3  <1.0>}
x[1,5]{5  <1.0>}
x[1,6]{2  <1.0>}
x[1,7]{6  <1.0>}
x[2,0]{2  <1.0>}
x[2,1]{6  <1.0>}
x[2,2]{4  <1.0>}
x[2,3]{5  <1.0>}
x[2,4]{7  <1.0>}
x[2,5]{1  <1.0>}
x[2,6]{3  <1.0>}
x[2,7]{0  <1.0>}
x[3,0]{3  <1.0>}
x[3,1]{4  <0.5>, 1  <0.5>}
x[3,2]{5  <1.0>}
x[3,3]{0  <1.0>}
x[3,4]{2  <1.0>}
x[3,5]{6  <1.0>}
x[3,6]{7  <1.0>}
x[3,7]{4  <0.5>, 1  <0.5>}
x[4,0]{5  <1.0>}
x[4,1]{4  <0.5>, 1  <0.5>}
x[4,2]{2  <1.0>}
x[4,3]{3  <1.0>}
x[4,4]{6  <1.0>}
x[4,5]{7  <1.0>}
x[4,6]{0  <1.0>}
x[4,7]{4  <0.5>, 1  <0.5>}
x[5,0]{0  <1.0>}
x[5,1]{3  <1.0>}
x[5,2]{1  <1.0>}
x[5,3]{4  <1.0>}
x[5,4]{5  <1.0>}
x[5,5]{2  <1.0>}
x[5,6]{6  <1.0>}
x[5,7]{7  <1.0>}
x[6,0]{1  <1.0>}
x[6,1]{7  <1.0>}
x[6,2]{6  <1.0>}
x[6,3]{2  <1.0>}
x[6,4]{0  <1.0>}
x[6,5]{4  <1.0>}
x[6,6]{5  <1.0>}
x[6,7]{3  <1.0>}
x[7,0]{7  <1.0>}
x[7,1]{5  <1.0>}
x[7,2]{0  <1.0>}
x[7,3]{6  <1.0>}
x[7,4]{4  <1.0>}
x[7,5]{3  <1.0>}
x[7,6]{1  <1.0>}
x[7,7]{2  <1.0>}
problem entropy = 1.0
smallest variable entropy = 0.6931471805599453
##### after BP iteration 2 #####
x[0,0]{6  <1.0>}
x[0,1]{2  <1.0>}
x[0,2]{3  <1.0>}
x[0,3]{7  <1.0>}
x[0,4]{1  <1.0>}
x[0,5]{0  <1.0>}
x[0,6]{4  <1.0>}
x[0,7]{5  <1.0>}
x[1,0]{4  <1.0>}
x[1,1]{0  <1.0>}
x[1,2]{7  <1.0>}
x[1,3]{1  <1.0>}
x[1,4]{3  <1.0>}
x[1,5]{5  <1.0>}
x[1,6]{2  <1.0>}
x[1,7]{6  <1.0>}
x[2,0]{2  <1.0>}
x[2,1]{6  <1.0>}
x[2,2]{4  <1.0>}
x[2,3]{5  <1.0>}
x[2,4]{7  <1.0>}
x[2,5]{1  <1.0>}
x[2,6]{3  <1.0>}
x[2,7]{0  <1.0>}
x[3,0]{3  <1.0>}
x[3,1]{4  <0.5>, 1  <0.5>}
x[3,2]{5  <1.0>}
x[3,3]{0  <1.0>}
x[3,4]{2  <1.0>}
x[3,5]{6  <1.0>}
x[3,6]{7  <1.0>}
x[3,7]{4  <0.5>, 1  <0.5>}
x[4,0]{5  <1.0>}
x[4,1]{4  <0.5>, 1  <0.5>}
x[4,2]{2  <1.0>}
x[4,3]{3  <1.0>}
x[4,4]{6  <1.0>}
x[4,5]{7  <1.0>}
x[4,6]{0  <1.0>}
x[4,7]{4  <0.5>, 1  <0.5>}
x[5,0]{0  <1.0>}
x[5,1]{3  <1.0>}
x[5,2]{1  <1.0>}
x[5,3]{4  <1.0>}
x[5,4]{5  <1.0>}
x[5,5]{2  <1.0>}
x[5,6]{6  <1.0>}
x[5,7]{7  <1.0>}
x[6,0]{1  <1.0>}
x[6,1]{7  <1.0>}
x[6,2]{6  <1.0>}
x[6,3]{2  <1.0>}
x[6,4]{0  <1.0>}
x[6,5]{4  <1.0>}
x[6,6]{5  <1.0>}
x[6,7]{3  <1.0>}
x[7,0]{7  <1.0>}
x[7,1]{5  <1.0>}
x[7,2]{0  <1.0>}
x[7,3]{6  <1.0>}
x[7,4]{4  <1.0>}
x[7,5]{3  <1.0>}
x[7,6]{1  <1.0>}
x[7,7]{2  <1.0>}
problem entropy = 1.0
smallest variable entropy = 0.6931471805599453
### branching on x[3,1]=4 marginal=0.5
##### after BP iteration 1 #####
x[0,0]{6  <1.0>}
x[0,1]{2  <1.0>}
x[0,2]{3  <1.0>}
x[0,3]{7  <1.0>}
x[0,4]{1  <1.0>}
x[0,5]{0  <1.0>}
x[0,6]{4  <1.0>}
x[0,7]{5  <1.0>}
x[1,0]{4  <1.0>}
x[1,1]{0  <1.0>}
x[1,2]{7  <1.0>}
x[1,3]{1  <1.0>}
x[1,4]{3  <1.0>}
x[1,5]{5  <1.0>}
x[1,6]{2  <1.0>}
x[1,7]{6  <1.0>}
x[2,0]{2  <1.0>}
x[2,1]{6  <1.0>}
x[2,2]{4  <1.0>}
x[2,3]{5  <1.0>}
x[2,4]{7  <1.0>}
x[2,5]{1  <1.0>}
x[2,6]{3  <1.0>}
x[2,7]{0  <1.0>}
x[3,0]{3  <1.0>}
x[3,1]{4  <1.0>}
x[3,2]{5  <1.0>}
x[3,3]{0  <1.0>}
x[3,4]{2  <1.0>}
x[3,5]{6  <1.0>}
x[3,6]{7  <1.0>}
x[3,7]{1  <1.0>}
x[4,0]{5  <1.0>}
x[4,1]{1  <1.0>}
x[4,2]{2  <1.0>}
x[4,3]{3  <1.0>}
x[4,4]{6  <1.0>}
x[4,5]{7  <1.0>}
x[4,6]{0  <1.0>}
x[4,7]{4  <1.0>}
x[5,0]{0  <1.0>}
x[5,1]{3  <1.0>}
x[5,2]{1  <1.0>}
x[5,3]{4  <1.0>}
x[5,4]{5  <1.0>}
x[5,5]{2  <1.0>}
x[5,6]{6  <1.0>}
x[5,7]{7  <1.0>}
x[6,0]{1  <1.0>}
x[6,1]{7  <1.0>}
x[6,2]{6  <1.0>}
x[6,3]{2  <1.0>}
x[6,4]{0  <1.0>}
x[6,5]{4  <1.0>}
x[6,6]{5  <1.0>}
x[6,7]{3  <1.0>}
x[7,0]{7  <1.0>}
x[7,1]{5  <1.0>}
x[7,2]{0  <1.0>}
x[7,3]{6  <1.0>}
x[7,4]{4  <1.0>}
x[7,5]{3  <1.0>}
x[7,6]{1  <1.0>}
x[7,7]{2  <1.0>}
problem entropy = 0.0
smallest variable entropy = 1.7976931348623157E308
### branching on x[3,1]!=4
##### after BP iteration 1 #####
x[0,0]{6  <1.0>}
x[0,1]{2  <1.0>}
x[0,2]{3  <1.0>}
x[0,3]{7  <1.0>}
x[0,4]{1  <1.0>}
x[0,5]{0  <1.0>}
x[0,6]{4  <1.0>}
x[0,7]{5  <1.0>}
x[1,0]{4  <1.0>}
x[1,1]{0  <1.0>}
x[1,2]{7  <1.0>}
x[1,3]{1  <1.0>}
x[1,4]{3  <1.0>}
x[1,5]{5  <1.0>}
x[1,6]{2  <1.0>}
x[1,7]{6  <1.0>}
x[2,0]{2  <1.0>}
x[2,1]{6  <1.0>}
x[2,2]{4  <1.0>}
x[2,3]{5  <1.0>}
x[2,4]{7  <1.0>}
x[2,5]{1  <1.0>}
x[2,6]{3  <1.0>}
x[2,7]{0  <1.0>}
x[3,0]{3  <1.0>}
x[3,1]{1  <1.0>}
x[3,2]{5  <1.0>}
x[3,3]{0  <1.0>}
x[3,4]{2  <1.0>}
x[3,5]{6  <1.0>}
x[3,6]{7  <1.0>}
x[3,7]{4  <1.0>}
x[4,0]{5  <1.0>}
x[4,1]{4  <1.0>}
x[4,2]{2  <1.0>}
x[4,3]{3  <1.0>}
x[4,4]{6  <1.0>}
x[4,5]{7  <1.0>}
x[4,6]{0  <1.0>}
x[4,7]{1  <1.0>}
x[5,0]{0  <1.0>}
x[5,1]{3  <1.0>}
x[5,2]{1  <1.0>}
x[5,3]{4  <1.0>}
x[5,4]{5  <1.0>}
x[5,5]{2  <1.0>}
x[5,6]{6  <1.0>}
x[5,7]{7  <1.0>}
x[6,0]{1  <1.0>}
x[6,1]{7  <1.0>}
x[6,2]{6  <1.0>}
x[6,3]{2  <1.0>}
x[6,4]{0  <1.0>}
x[6,5]{4  <1.0>}
x[6,6]{5  <1.0>}
x[6,7]{3  <1.0>}
x[7,0]{7  <1.0>}
x[7,1]{5  <1.0>}
x[7,2]{0  <1.0>}
x[7,3]{6  <1.0>}
x[7,4]{4  <1.0>}
x[7,5]{3  <1.0>}
x[7,6]{1  <1.0>}
x[7,7]{2  <1.0>}
problem entropy = 0.0
smallest variable entropy = 1.7976931348623157E308

	#choice: 7
	#fail: 0
	execution time (ms): 164
	#sols : 1
	completed : false

