{0  <1.0>, 1  <2.0>, 6  <7.0>, 3  <4.0>}
model: sum-product-init
FINAL DAMPING FACTOR = 1.0
##### after BP iteration 1 #####
x[0,0]{0  <0.0330793416558765>, 1  <0.3683218134153943>, 6  <0.3859256526518924>, 3  <0.21267319227683681>}
x[0,1]{0  <0.1047766038469268>, 4  <0.48772679653578027>, 6  <0.1095860983109333>, 3  <0.2979105013063596>}
x[0,2]{2  <1.0>}
x[0,3]{0  <0.48235407015205234>, 6  <0.5176459298479477>}
x[0,4]{7  <1.0>}
x[0,5]{0  <0.16876505643204634>, 1  <0.2758835767307033>, 6  <0.2594019841873561>, 3  <0.2959493826498942>}
x[0,6]{0  <0.01045535163815368>, 1  <0.054957269326652056>, 6  <0.07583028483082696>, 3  <0.10182923962996762>, 4  <0.7569278545743997>}
x[0,7]{5  <1.0>}
x[1,0]{7  <1.0>}
x[1,1]{0  <0.1052000028295871>, 6  <0.754372463710818>, 4  <0.14042753345959497>}
x[1,2]{3  <1.0>}
x[1,3]{1  <1.0>}
x[1,4]{2  <1.0>}
x[1,5]{5  <1.0>}
x[1,6]{0  <0.9045520621789115>, 6  <0.05574526241134776>, 4  <0.03970267540974076>}
x[1,7]{4  <0.3970691139857071>, 6  <0.6029308860142929>}
x[2,0]{4  <1.0>}
x[2,1]{5  <0.80531600537084>, 6  <0.19468399462916>}
x[2,2]{5  <0.1136370013181966>, 1  <0.06696550140467003>, 6  <0.8193974972771334>}
x[2,3]{3  <1.0>}
x[2,4]{0  <1.0>}
x[2,5]{7  <1.0>}
x[2,6]{6  <0.14670252254689647>, 1  <0.6014562501554307>, 2  <0.25184122729767283>}
x[2,7]{6  <0.13471777178030406>, 1  <0.7406023146076203>, 2  <0.12467991361207573>}
x[3,0]{5  <1.0>}
x[3,1]{0  <0.3145266616904109>, 6  <0.09369603551350227>, 7  <0.11410051517880578>, 3  <0.4351958982636551>, 4  <0.04248088935362595>}
x[3,2]{0  <0.24400674731896702>, 1  <0.3773733573935083>, 6  <0.20847238024473128>, 4  <0.17014751504279335>}
x[3,3]{0  <0.0515631329807718>, 6  <0.46083534732573206>, 7  <0.48760151969349613>}
x[3,4]{4  <0.4436619066191984>, 6  <0.5563380933808016>}
x[3,5]{0  <0.31081588543457683>, 1  <0.12573836779158476>, 6  <0.16522981986860444>, 3  <0.3982159269052341>}
x[3,6]{0  <0.026422396083416132>, 1  <0.23707726517968752>, 2  <0.3206262668516343>, 3  <0.19905278238477672>, 4  <0.07412352307725427>, 6  <0.142697766423231>}
x[3,7]{6  <0.12884496612127483>, 1  <0.28703436953081235>, 2  <0.47589408366519403>, 3  <0.059909718387240664>, 4  <0.04831686229547808>}
x[4,0]{2  <1.0>}
x[4,1]{0  <0.07587739227114988>, 4  <0.028257356326712897>, 7  <0.8570653267201307>, 6  <0.038799924682006506>}
x[4,2]{0  <0.07203936046414706>, 1  <0.1462452731254845>, 4  <0.6976769535694551>, 6  <0.08403841284091318>}
x[4,3]{0  <0.2957723700248475>, 6  <0.6482175473245952>, 7  <0.05601008265055724>}
x[4,4]{3  <1.0>}
x[4,5]{0  <0.46854352516454983>, 1  <0.15458358905544858>, 6  <0.37687288578000155>}
x[4,6]{5  <1.0>}
x[4,7]{6  <0.3559551304335855>, 1  <0.17467459450242698>, 4  <0.46937027506398765>}
x[5,0]{0  <0.17982414292785037>, 1  <0.565703398472208>, 6  <0.12005718783729794>, 3  <0.13441527076264362>}
x[5,1]{0  <0.29656964403299146>, 5  <0.12467218518456309>, 6  <0.12552801834147592>, 3  <0.35135659192907936>, 4  <0.10187356051189013>}
x[5,2]{0  <0.16222568523430253>, 1  <0.08172719580223048>, 6  <0.10951221599725403>, 5  <0.3240597251144687>, 4  <0.3224751778517443>}
x[5,3]{2  <1.0>}
x[5,4]{5  <0.3902038496157542>, 4  <0.3017813088322021>, 6  <0.3080148415520437>}
x[5,5]{0  <0.052442877224557774>, 1  <0.03011715009100387>, 6  <0.6313696953074859>, 3  <0.28607027737695256>}
x[5,6]{0  <0.060762601723138736>, 1  <0.09922721034378854>, 6  <0.2433011677937854>, 3  <0.27229245928259177>, 4  <0.32441656085669557>}
x[5,7]{7  <1.0>}
x[6,0]{0  <0.809904511039945>, 6  <0.16633355284004808>, 3  <0.02376193612000687>}
x[6,1]{1  <1.0>}
x[6,2]{0  <0.11789037170138404>, 6  <0.5526334064205837>, 5  <0.3294762218780324>}
x[6,3]{4  <1.0>}
x[6,4]{5  <0.4192377046331378>, 6  <0.5807622953668621>}
x[6,5]{2  <1.0>}
x[6,6]{7  <1.0>}
x[6,7]{3  <0.9809872885517116>, 6  <0.01901271144828839>}
x[7,0]{6  <0.6845901576279824>, 3  <0.31540984237201763>}
x[7,1]{2  <1.0>}
x[7,2]{7  <1.0>}
x[7,3]{5  <1.0>}
x[7,4]{1  <1.0>}
x[7,5]{4  <1.0>}
x[7,6]{6  <0.6725623070433556>, 3  <0.32743769295664443>}
x[7,7]{0  <1.0>}
problem entropy = 0.0
smallest variable entropy = 1.7976931348623157E308
### branching on x[0,3]=0
### branching on x[1,7]=4
##### after BP iteration 1 #####
x[0,0]{3  <0.22753956235749911>, 1  <0.4375200823341465>, 6  <0.3349403553083543>}
x[0,1]{3  <0.31464569640056556>, 4  <0.655005784600073>, 6  <0.03034851899936153>}
x[0,2]{2  <1.0>}
x[0,3]{0  <1.0>}
x[0,4]{7  <1.0>}
x[0,5]{3  <0.18082652023288423>, 1  <0.6742691755662893>, 6  <0.1449043042008265>}
x[0,6]{4  <0.6109304027965741>, 1  <0.13058412537044403>, 6  <0.09369173114605833>, 3  <0.16479374068692357>}
x[0,7]{5  <1.0>}
x[1,0]{7  <1.0>}
x[1,1]{0  <0.10863392599330461>, 6  <0.8913660740066953>}
x[1,2]{3  <1.0>}
x[1,3]{1  <1.0>}
x[1,4]{2  <1.0>}
x[1,5]{5  <1.0>}
x[1,6]{0  <0.9448389608661013>, 6  <0.05516103913389863>}
x[1,7]{4  <1.0>}
x[2,0]{4  <1.0>}
x[2,1]{5  <0.9350846730197551>, 6  <0.064915326980245>}
x[2,2]{5  <0.1929024643761902>, 1  <0.23055495476040022>, 6  <0.5765425808634095>}
x[2,3]{3  <1.0>}
x[2,4]{0  <1.0>}
x[2,5]{7  <1.0>}
x[2,6]{6  <0.01027023269042719>, 1  <0.24572352601204478>, 2  <0.744006241297528>}
x[2,7]{6  <0.07164175784677596>, 1  <0.36624054061611566>, 2  <0.5621177015371083>}
x[3,0]{5  <1.0>}
x[3,1]{0  <0.3704147851259518>, 6  <0.018789298761372874>, 7  <0.1650371499570511>, 3  <0.3844400968513901>, 4  <0.06131866930423422>}
x[3,2]{0  <0.35922878583652645>, 1  <0.4620104582745901>, 6  <0.032970976561317214>, 4  <0.1457897793275663>}
x[3,3]{7  <0.9424231691664823>, 6  <0.05757683083351776>}
x[3,4]{4  <0.8529946152380034>, 6  <0.14700538476199676>}
x[3,5]{0  <0.4456736605081424>, 1  <0.19727094461990063>, 6  <0.04980102845675017>, 3  <0.3072543664152069>}
x[3,6]{0  <0.00515859432023659>, 1  <0.19178677570387428>, 2  <0.6870233444174002>, 3  <0.06555440792024891>, 4  <0.02714847575411612>, 6  <0.02332840188412379>}
x[3,7]{6  <0.048452242200174266>, 1  <0.08511013449008112>, 2  <0.8522621942731241>, 3  <0.014175429036620594>}
x[4,0]{2  <1.0>}
x[4,1]{0  <0.04470761179925397>, 4  <0.02324712658417631>, 7  <0.9285866945340436>, 6  <0.0034585670825261457>}
x[4,2]{0  <0.012920946304693835>, 1  <0.02248882385478601>, 4  <0.9634735442611196>, 6  <0.0011166855794005031>}
x[4,3]{7  <0.2247008922429355>, 6  <0.7752991077570646>}
x[4,4]{3  <1.0>}
x[4,5]{0  <0.943957560990482>, 1  <0.04594704633967157>, 6  <0.010095392669846414>}
x[4,6]{5  <1.0>}
x[4,7]{6  <0.049137782962136285>, 1  <0.9508622170378638>}
x[5,0]{0  <0.12051139757477144>, 1  <0.6981783857809352>, 6  <0.04038160679021774>, 3  <0.14092860985407551>}
x[5,1]{0  <0.5630911018612929>, 5  <0.08483556739036215>, 6  <0.017051149698646014>, 3  <0.23856969153703197>, 4  <0.09645248951266688>}
x[5,2]{0  <0.3142762108622753>, 1  <0.15339511219528407>, 6  <0.011972704566266664>, 5  <0.3605699547392471>, 4  <0.1597860176369268>}
x[5,3]{2  <1.0>}
x[5,4]{5  <0.6016243843961508>, 4  <0.30239660203482593>, 6  <0.09597901356902339>}
x[5,5]{0  <0.1348702967819368>, 1  <0.12213219760272195>, 6  <0.3705800966088352>, 3  <0.37241740900650616>}
x[5,6]{0  <0.04424449866566682>, 1  <0.19543015283342985>, 6  <0.15230607871846566>, 3  <0.4072506572661168>, 4  <0.20076861251632086>}
x[5,7]{7  <1.0>}
x[6,0]{0  <0.9335614972524199>, 6  <0.0533930465894331>, 3  <0.013045456158147088>}
x[6,1]{1  <1.0>}
x[6,2]{0  <0.12936343619796392>, 6  <0.10818034348928113>, 5  <0.762456220312755>}
x[6,3]{4  <1.0>}
x[6,4]{5  <0.4231844660982114>, 6  <0.5768155339017886>}
x[6,5]{2  <1.0>}
x[6,6]{7  <1.0>}
x[6,7]{3  <0.986640158818338>, 6  <0.013359841181661985>}
x[7,0]{6  <0.26830161720512635>, 3  <0.7316983827948738>}
x[7,1]{2  <1.0>}
x[7,2]{7  <1.0>}
x[7,3]{5  <1.0>}
x[7,4]{1  <1.0>}
x[7,5]{4  <1.0>}
x[7,6]{6  <0.42682468753141534>, 3  <0.5731753124685847>}
x[7,7]{0  <1.0>}
problem entropy = 0.0
smallest variable entropy = 1.7976931348623157E308
### branching on x[1,1]=6
##### after BP iteration 1 #####
x[0,0]{3  <0.11821439526884947>, 1  <0.10195406356944291>, 6  <0.7798315411617077>}
x[0,1]{3  <0.3384324677563353>, 4  <0.6615675322436647>}
x[0,2]{2  <1.0>}
x[0,3]{0  <1.0>}
x[0,4]{7  <1.0>}
x[0,5]{3  <0.14474144217313778>, 1  <0.5266361549616249>, 6  <0.3286224028652373>}
x[0,6]{4  <0.26464517484443717>, 1  <0.21301606076819968>, 6  <0.3077533509034413>, 3  <0.2145854134839219>}
x[0,7]{5  <1.0>}
x[1,0]{7  <1.0>}
x[1,1]{6  <1.0>}
x[1,2]{3  <1.0>}
x[1,3]{1  <1.0>}
x[1,4]{2  <1.0>}
x[1,5]{5  <1.0>}
x[1,6]{0  <1.0>}
x[1,7]{4  <1.0>}
x[2,0]{4  <1.0>}
x[2,1]{5  <1.0>}
x[2,2]{6  <0.7623610084338159>, 1  <0.23763899156618398>}
x[2,3]{3  <1.0>}
x[2,4]{0  <1.0>}
x[2,5]{7  <1.0>}
x[2,6]{6  <0.11501166014224151>, 1  <0.299114212087284>, 2  <0.5858741277704745>}
x[2,7]{6  <0.7449589248934788>, 1  <0.02615838174216488>, 2  <0.22888269336435624>}
x[3,0]{5  <1.0>}
x[3,1]{0  <0.23931626868928052>, 4  <0.08020224959206847>, 7  <0.08434167481945694>, 3  <0.5961398068991942>}
x[3,2]{0  <0.3095429440002414>, 1  <0.5478056773790141>, 6  <0.13330658279442512>, 4  <0.009344795826319374>}
x[3,3]{7  <0.8748814929449308>, 6  <0.12511850705506922>}
x[3,4]{4  <0.7682927479513857>, 6  <0.23170725204861434>}
x[3,5]{0  <0.038194616549184275>, 1  <0.1719236640608493>, 6  <0.30902397623455685>, 3  <0.4808577431554096>}
x[3,6]{6  <0.34955893305117897>, 1  <0.2429229014576841>, 2  <0.12405818687879455>, 3  <0.17555542023120144>, 4  <0.10790455838114112>}
x[3,7]{6  <0.8907648279238857>, 1  <0.008357848309512196>, 2  <0.05439717636788428>, 3  <0.046480147398717905>}
x[4,0]{2  <1.0>}
x[4,1]{0  <0.10803081898891498>, 4  <0.2132652516590488>, 7  <0.678703929352036>}
x[4,2]{0  <0.02202906751651912>, 1  <0.04326611446350806>, 4  <0.9313458683111199>, 6  <0.0033589497088529585>}
x[4,3]{7  <0.048263312277203145>, 6  <0.951736687722797>}
x[4,4]{3  <1.0>}
x[4,5]{0  <0.8508673863967138>, 1  <0.09555615940423166>, 6  <0.05357645419905453>}
x[4,6]{5  <1.0>}
x[4,7]{6  <0.2081147317159526>, 1  <0.7918852682840474>}
x[5,0]{0  <0.06912812707188616>, 1  <0.6927464417040237>, 6  <0.13899933341658974>, 3  <0.09912609780750058>}
x[5,1]{0  <0.542771911409046>, 4  <0.2862688012731887>, 3  <0.17095928731776527>}
x[5,2]{0  <0.40702193291884636>, 1  <0.19109653210744026>, 6  <0.0390070051744367>, 5  <0.32687319056844033>, 4  <0.0360013392308365>}
x[5,3]{2  <1.0>}
x[5,4]{5  <0.7473775979785529>, 4  <0.16524388982879026>, 6  <0.08737851219265672>}
x[5,5]{0  <0.005853609643640876>, 1  <0.054268468673040755>, 6  <0.7918282605725389>, 3  <0.14804966111077947>}
x[5,6]{4  <0.36764492094219314>, 1  <0.16917344558502828>, 6  <0.23661611216586964>, 3  <0.22656552130690888>}
x[5,7]{7  <1.0>}
x[6,0]{0  <0.8982717117923789>, 6  <0.09206794405140253>, 3  <0.00966034415621847>}
x[6,1]{1  <1.0>}
x[6,2]{0  <0.13155322247299586>, 6  <0.12275506684762934>, 5  <0.7456917106793749>}
x[6,3]{4  <1.0>}
x[6,4]{5  <0.13290421866229385>, 6  <0.8670957813377062>}
x[6,5]{2  <1.0>}
x[6,6]{7  <1.0>}
x[6,7]{3  <0.8793361706030279>, 6  <0.12066382939697207>}
x[7,0]{6  <0.3546120080211382>, 3  <0.6453879919788619>}
x[7,1]{2  <1.0>}
x[7,2]{7  <1.0>}
x[7,3]{5  <1.0>}
x[7,4]{1  <1.0>}
x[7,5]{4  <1.0>}
x[7,6]{6  <0.7527323699297336>, 3  <0.24726763007026645>}
x[7,7]{0  <1.0>}
problem entropy = 0.0
smallest variable entropy = 1.7976931348623157E308
### branching on x[0,1]=3
##### after BP iteration 1 #####
x[0,0]{6  <0.7489483971932295>, 1  <0.25105160280677047>}
x[0,1]{3  <1.0>}
x[0,2]{2  <1.0>}
x[0,3]{0  <1.0>}
x[0,4]{7  <1.0>}
x[0,5]{6  <0.0693770765207945>, 1  <0.9306229234792054>}
x[0,6]{4  <1.0>}
x[0,7]{5  <1.0>}
x[1,0]{7  <1.0>}
x[1,1]{6  <1.0>}
x[1,2]{3  <1.0>}
x[1,3]{1  <1.0>}
x[1,4]{2  <1.0>}
x[1,5]{5  <1.0>}
x[1,6]{0  <1.0>}
x[1,7]{4  <1.0>}
x[2,0]{4  <1.0>}
x[2,1]{5  <1.0>}
x[2,2]{6  <0.2160299586477397>, 1  <0.7839700413522603>}
x[2,3]{3  <1.0>}
x[2,4]{0  <1.0>}
x[2,5]{7  <1.0>}
x[2,6]{6  <0.01975702765720157>, 1  <0.18989688362105928>, 2  <0.7903460887217393>}
x[2,7]{6  <0.14154357003826992>, 1  <0.02503871241578659>, 2  <0.8334177175459435>}
x[3,0]{5  <1.0>}
x[3,1]{0  <0.7320141796913183>, 4  <0.07479895526578642>, 7  <0.19318686504289528>}
x[3,2]{0  <0.1704288603483809>, 1  <0.7582012475203971>, 6  <0.06026387354244489>, 4  <0.011106018588777074>}
x[3,3]{7  <0.9500535831523294>, 6  <0.04994641684767061>}
x[3,4]{4  <0.9741068116740917>, 6  <0.02589318832590835>}
x[3,5]{0  <0.011091828450404788>, 1  <0.02995150956366951>, 6  <0.04993364971311977>, 3  <0.9090230122728059>}
x[3,6]{6  <0.03210711395275622>, 1  <0.0847709066847042>, 2  <0.8000609359583982>, 3  <0.08306104340414146>}
x[3,7]{6  <0.21945163313333146>, 1  <0.010663750933604409>, 2  <0.7302004289148659>, 3  <0.03968418701819834>}
x[4,0]{2  <1.0>}
x[4,1]{0  <0.08767641830776625>, 4  <0.1554815911082885>, 7  <0.7568419905839452>}
x[4,2]{0  <0.057509313230191185>, 1  <0.06581753137819937>, 4  <0.8727275662772396>, 6  <0.003945589114369768>}
x[4,3]{7  <0.26621384764181494>, 6  <0.7337861523581851>}
x[4,4]{3  <1.0>}
x[4,5]{0  <0.9611922059009109>, 1  <0.029663863444972346>, 6  <0.009143930654116766>}
x[4,6]{5  <1.0>}
x[4,7]{6  <0.02499911672481666>, 1  <0.9750008832751833>}
x[5,0]{0  <0.05693132861933457>, 1  <0.7783298177877954>, 6  <0.04121079364902966>, 3  <0.1235280599438404>}
x[5,1]{0  <0.14854476712435438>, 4  <0.8514552328756456>}
x[5,2]{0  <0.658095017911763>, 1  <0.05427819418276205>, 6  <0.004793938179733189>, 5  <0.17898618544599362>, 4  <0.1038466642797481>}
x[5,3]{2  <1.0>}
x[5,4]{5  <0.889035574035894>, 4  <0.10700881049512322>, 6  <0.003955615468982784>}
x[5,5]{0  <0.011870184646126042>, 1  <0.05803784290365794>, 6  <0.45243500499587974>, 3  <0.4776569674543363>}
x[5,6]{3  <0.596049075244933>, 1  <0.302770832848595>, 6  <0.10118009190647191>}
x[5,7]{7  <1.0>}
x[6,0]{0  <0.9077158708782146>, 6  <0.04193493738947274>, 3  <0.050349191732312705>}
x[6,1]{1  <1.0>}
x[6,2]{0  <0.17047593407972178>, 6  <0.07871764111470379>, 5  <0.7508064248055745>}
x[6,3]{4  <1.0>}
x[6,4]{5  <0.20314366441240655>, 6  <0.7968563355875935>}
x[6,5]{2  <1.0>}
x[6,6]{7  <1.0>}
x[6,7]{3  <0.9719819649363773>, 6  <0.028018035063622704>}
x[7,0]{6  <0.050614307594599964>, 3  <0.9493856924053999>}
x[7,1]{2  <1.0>}
x[7,2]{7  <1.0>}
x[7,3]{5  <1.0>}
x[7,4]{1  <1.0>}
x[7,5]{4  <1.0>}
x[7,6]{6  <0.615269464183807>, 3  <0.38473053581619293>}
x[7,7]{0  <1.0>}
problem entropy = 0.0
smallest variable entropy = 1.7976931348623157E308
### branching on x[0,0]=1
##### after BP iteration 1 #####
x[0,0]{1  <1.0>}
x[0,1]{3  <1.0>}
x[0,2]{2  <1.0>}
x[0,3]{0  <1.0>}
x[0,4]{7  <1.0>}
x[0,5]{6  <1.0>}
x[0,6]{4  <1.0>}
x[0,7]{5  <1.0>}
x[1,0]{7  <1.0>}
x[1,1]{6  <1.0>}
x[1,2]{3  <1.0>}
x[1,3]{1  <1.0>}
x[1,4]{2  <1.0>}
x[1,5]{5  <1.0>}
x[1,6]{0  <1.0>}
x[1,7]{4  <1.0>}
x[2,0]{4  <1.0>}
x[2,1]{5  <1.0>}
x[2,2]{6  <0.8852481048956982>, 1  <0.11475189510430181>}
x[2,3]{3  <1.0>}
x[2,4]{0  <1.0>}
x[2,5]{7  <1.0>}
x[2,6]{6  <0.0674567378239464>, 1  <0.8991217961795761>, 2  <0.03342146599647754>}
x[2,7]{6  <0.7588552717908158>, 1  <0.05215408887329063>, 2  <0.1889906393358936>}
x[3,0]{5  <1.0>}
x[3,1]{0  <0.8941016334873139>, 4  <0.015502526984106025>, 7  <0.09039583952858024>}
x[3,2]{0  <0.25431544301022646>, 1  <0.28292331589755443>, 6  <0.45730237439894894>, 4  <0.005458866693270326>}
x[3,3]{7  <0.361024931460895>, 6  <0.6389750685391051>}
x[3,4]{4  <0.856159823389282>, 6  <0.14384017661071805>}
x[3,5]{0  <0.06984527040522852>, 1  <0.5025069305949156>, 3  <0.427647798999856>}
x[3,6]{6  <0.06578739495981235>, 1  <0.5017689361050186>, 2  <0.38392179248138375>, 3  <0.04852187645378524>}
x[3,7]{6  <0.521974068932281>, 1  <0.02052798049311366>, 2  <0.4452991332175285>, 3  <0.012198817357076766>}
x[4,0]{2  <1.0>}
x[4,1]{0  <0.003784695817466208>, 4  <0.005267586431658514>, 7  <0.9909477177508753>}
x[4,2]{0  <0.016588029667205653>, 1  <0.01704153378875314>, 4  <0.9190077998205809>, 6  <0.047362636723460444>}
x[4,3]{7  <0.04710597347555459>, 6  <0.9528940265244454>}
x[4,4]{3  <1.0>}
x[4,5]{0  <0.9135774636544072>, 1  <0.08642253634559287>}
x[4,6]{5  <1.0>}
x[4,7]{6  <0.17547492838172332>, 1  <0.8245250716182766>}
x[5,0]{0  <0.24380251137251824>, 3  <0.043766676073111736>, 6  <0.71243081255437>}
x[5,1]{0  <0.01711658582574285>, 4  <0.9828834141742571>}
x[5,2]{0  <0.7115463329759897>, 1  <0.023849671108279173>, 6  <0.1344432569620576>, 5  <0.08238089800776838>, 4  <0.04777984094590514>}
x[5,3]{2  <1.0>}
x[5,4]{5  <0.9100345381728548>, 4  <0.020063554593440613>, 6  <0.0699019072337046>}
x[5,5]{0  <0.042467241776072646>, 1  <0.7191401332844827>, 3  <0.23839262493944471>}
x[5,6]{3  <0.2663281435466167>, 1  <0.46985673794330524>, 6  <0.26381511851007805>}
x[5,7]{7  <1.0>}
x[6,0]{0  <0.6398390567072052>, 6  <0.28393444328144085>, 3  <0.07622650001135384>}
x[6,1]{1  <1.0>}
x[6,2]{0  <0.038990305536401766>, 6  <0.0956378680156442>, 5  <0.8653718264479541>}
x[6,3]{4  <1.0>}
x[6,4]{5  <0.04946532696667792>, 6  <0.9505346730333221>}
x[6,5]{2  <1.0>}
x[6,6]{7  <1.0>}
x[6,7]{3  <0.979553407828131>, 6  <0.02044659217186894>}
x[7,0]{6  <0.6957864212126402>, 3  <0.3042135787873598>}
x[7,1]{2  <1.0>}
x[7,2]{7  <1.0>}
x[7,3]{5  <1.0>}
x[7,4]{1  <1.0>}
x[7,5]{4  <1.0>}
x[7,6]{6  <0.9623388457632357>, 3  <0.03766115423676429>}
x[7,7]{0  <1.0>}
problem entropy = 0.0
smallest variable entropy = 1.7976931348623157E308
### branching on x[2,2]=1
##### after BP iteration 1 #####
x[0,0]{1  <1.0>}
x[0,1]{3  <1.0>}
x[0,2]{2  <1.0>}
x[0,3]{0  <1.0>}
x[0,4]{7  <1.0>}
x[0,5]{6  <1.0>}
x[0,6]{4  <1.0>}
x[0,7]{5  <1.0>}
x[1,0]{7  <1.0>}
x[1,1]{6  <1.0>}
x[1,2]{3  <1.0>}
x[1,3]{1  <1.0>}
x[1,4]{2  <1.0>}
x[1,5]{5  <1.0>}
x[1,6]{0  <1.0>}
x[1,7]{4  <1.0>}
x[2,0]{4  <1.0>}
x[2,1]{5  <1.0>}
x[2,2]{1  <1.0>}
x[2,3]{3  <1.0>}
x[2,4]{0  <1.0>}
x[2,5]{7  <1.0>}
x[2,6]{6  <0.042285621851142166>, 2  <0.9577143781488578>}
x[2,7]{6  <0.937772983490958>, 2  <0.06222701650904194>}
x[3,0]{5  <1.0>}
x[3,1]{0  <0.9394726414482051>, 4  <0.02053251910660176>, 7  <0.039994839445193234>}
x[3,2]{0  <0.33015141236778783>, 4  <0.022397816062869357>, 6  <0.6474507715693428>}
x[3,3]{7  <0.926243893775205>, 6  <0.0737561062247951>}
x[3,4]{4  <0.9898727720794216>, 6  <0.010127227920578446>}
x[3,5]{3  <0.5768533544556346>, 1  <0.42314664554436543>}
x[3,6]{3  <0.8966395680315397>, 1  <0.07566488088344314>, 2  <0.027695551085017305>}
x[3,7]{3  <0.045963216845720974>, 1  <0.024578277019225058>, 2  <0.929458506135054>}
x[4,0]{2  <1.0>}
x[4,1]{0  <0.041933823824324465>, 4  <0.008455584895793707>, 7  <0.9496105912798818>}
x[4,2]{0  <0.0023607714261161686>, 6  <0.0015686839414260523>, 4  <0.9960705446324578>}
x[4,3]{7  <0.21928361904287927>, 6  <0.7807163809571207>}
x[4,4]{3  <1.0>}
x[4,5]{0  <0.9914103180585097>, 1  <0.008589681941490316>}
x[4,6]{5  <1.0>}
x[4,7]{6  <0.008547995088479286>, 1  <0.9914520049115207>}
x[5,0]{0  <0.20642702322832346>, 3  <0.2852579079697471>, 6  <0.5083150688019296>}
x[5,1]{0  <0.011775989071425026>, 4  <0.9882240109285749>}
x[5,2]{0  <0.523049885120312>, 4  <0.008052815945009789>, 6  <0.3599497199645437>, 5  <0.10894757897013448>}
x[5,3]{2  <1.0>}
x[5,4]{5  <0.9254918461815093>, 4  <0.007000001766967534>, 6  <0.06750815205152315>}
x[5,5]{0  <0.00467886890280353>, 1  <0.7984624474592067>, 3  <0.19685868363798983>}
x[5,6]{3  <0.8111764189306906>, 1  <0.15897407021706414>, 6  <0.0298495108522453>}
x[5,7]{7  <1.0>}
x[6,0]{0  <0.9439910459211135>, 6  <0.0357712675660621>, 3  <0.020237686512824392>}
x[6,1]{1  <1.0>}
x[6,2]{0  <0.030333979515052154>, 6  <0.026197809483884376>, 5  <0.9434682110010634>}
x[6,3]{4  <1.0>}
x[6,4]{5  <0.19787512977947858>, 6  <0.8021248702205214>}
x[6,5]{2  <1.0>}
x[6,6]{7  <1.0>}
x[6,7]{3  <0.9900040217795413>, 6  <0.009995978220458767>}
x[7,0]{6  <0.06554932834246288>, 3  <0.934450671657537>}
x[7,1]{2  <1.0>}
x[7,2]{7  <1.0>}
x[7,3]{5  <1.0>}
x[7,4]{1  <1.0>}
x[7,5]{4  <1.0>}
x[7,6]{6  <0.08574732352828064>, 3  <0.9142526764717194>}
x[7,7]{0  <1.0>}
problem entropy = 0.0
smallest variable entropy = 1.7976931348623157E308
### branching on x[2,6]=6
##### after BP iteration 1 #####
x[0,0]{1  <1.0>}
x[0,1]{3  <1.0>}
x[0,2]{2  <1.0>}
x[0,3]{0  <1.0>}
x[0,4]{7  <1.0>}
x[0,5]{6  <1.0>}
x[0,6]{4  <1.0>}
x[0,7]{5  <1.0>}
x[1,0]{7  <1.0>}
x[1,1]{6  <1.0>}
x[1,2]{3  <1.0>}
x[1,3]{1  <1.0>}
x[1,4]{2  <1.0>}
x[1,5]{5  <1.0>}
x[1,6]{0  <1.0>}
x[1,7]{4  <1.0>}
x[2,0]{4  <1.0>}
x[2,1]{5  <1.0>}
x[2,2]{1  <1.0>}
x[2,3]{3  <1.0>}
x[2,4]{0  <1.0>}
x[2,5]{7  <1.0>}
x[2,6]{6  <1.0>}
x[2,7]{2  <1.0>}
x[3,0]{5  <1.0>}
x[3,1]{0  <0.9506566909599061>, 7  <0.04934330904009382>}
x[3,2]{0  <0.18330782996154962>, 6  <0.8166921700384503>}
x[3,3]{7  <0.9905028945251562>, 6  <0.00949710547484385>}
x[3,4]{4  <1.0>}
x[3,5]{3  <0.004429160944048657>, 1  <0.9955708390559512>}
x[3,6]{2  <1.0>}
x[3,7]{3  <0.8861092432184683>, 1  <0.11389075678153181>}
x[4,0]{2  <1.0>}
x[4,1]{0  <0.10965970050880414>, 7  <0.8903402994911958>}
x[4,2]{4  <1.0>}
x[4,3]{7  <0.006646372504299117>, 6  <0.9933536274957009>}
x[4,4]{3  <1.0>}
x[4,5]{0  <0.9756279510313899>, 1  <0.024372048968610165>}
x[4,6]{5  <1.0>}
x[4,7]{6  <0.2214770474279102>, 1  <0.7785229525720898>}
x[5,0]{0  <0.3033799628161219>, 3  <0.696620037183878>}
x[5,1]{4  <1.0>}
x[5,2]{5  <0.12390711734465631>, 6  <0.8760928826553437>}
x[5,3]{2  <1.0>}
x[5,4]{5  <0.6397881649599028>, 6  <0.36021183504009713>}
x[5,5]{0  <0.040345409020891176>, 3  <0.9596545909791089>}
x[5,6]{1  <1.0>}
x[5,7]{7  <1.0>}
x[6,0]{0  <0.990736714674892>, 3  <0.009263285325107997>}
x[6,1]{1  <1.0>}
x[6,2]{0  <0.014990260151422762>, 6  <0.11533475022357328>, 5  <0.869674989625004>}
x[6,3]{4  <1.0>}
x[6,4]{5  <0.04061209142575674>, 6  <0.9593879085742432>}
x[6,5]{2  <1.0>}
x[6,6]{7  <1.0>}
x[6,7]{3  <0.1523697332624312>, 6  <0.8476302667375688>}
x[7,0]{6  <1.0>}
x[7,1]{2  <1.0>}
x[7,2]{7  <1.0>}
x[7,3]{5  <1.0>}
x[7,4]{1  <1.0>}
x[7,5]{4  <1.0>}
x[7,6]{3  <1.0>}
x[7,7]{0  <1.0>}
problem entropy = 0.0
smallest variable entropy = 1.7976931348623157E308
### branching on x[3,1]=0
##### after BP iteration 1 #####
x[0,0]{1  <1.0>}
x[0,1]{3  <1.0>}
x[0,2]{2  <1.0>}
x[0,3]{0  <1.0>}
x[0,4]{7  <1.0>}
x[0,5]{6  <1.0>}
x[0,6]{4  <1.0>}
x[0,7]{5  <1.0>}
x[1,0]{7  <1.0>}
x[1,1]{6  <1.0>}
x[1,2]{3  <1.0>}
x[1,3]{1  <1.0>}
x[1,4]{2  <1.0>}
x[1,5]{5  <1.0>}
x[1,6]{0  <1.0>}
x[1,7]{4  <1.0>}
x[2,0]{4  <1.0>}
x[2,1]{5  <1.0>}
x[2,2]{1  <1.0>}
x[2,3]{3  <1.0>}
x[2,4]{0  <1.0>}
x[2,5]{7  <1.0>}
x[2,6]{6  <1.0>}
x[2,7]{2  <1.0>}
x[3,0]{5  <1.0>}
x[3,1]{0  <1.0>}
x[3,2]{6  <1.0>}
x[3,3]{7  <1.0>}
x[3,4]{4  <1.0>}
x[3,5]{1  <1.0>}
x[3,6]{2  <1.0>}
x[3,7]{3  <1.0>}
x[4,0]{2  <1.0>}
x[4,1]{7  <1.0>}
x[4,2]{4  <1.0>}
x[4,3]{6  <1.0>}
x[4,4]{3  <1.0>}
x[4,5]{0  <1.0>}
x[4,6]{5  <1.0>}
x[4,7]{1  <1.0>}
x[5,0]{0  <1.0>}
x[5,1]{4  <1.0>}
x[5,2]{5  <1.0>}
x[5,3]{2  <1.0>}
x[5,4]{6  <1.0>}
x[5,5]{3  <1.0>}
x[5,6]{1  <1.0>}
x[5,7]{7  <1.0>}
x[6,0]{3  <1.0>}
x[6,1]{1  <1.0>}
x[6,2]{0  <1.0>}
x[6,3]{4  <1.0>}
x[6,4]{5  <1.0>}
x[6,5]{2  <1.0>}
x[6,6]{7  <1.0>}
x[6,7]{6  <1.0>}
x[7,0]{6  <1.0>}
x[7,1]{2  <1.0>}
x[7,2]{7  <1.0>}
x[7,3]{5  <1.0>}
x[7,4]{1  <1.0>}
x[7,5]{4  <1.0>}
x[7,6]{3  <1.0>}
x[7,7]{0  <1.0>}
problem entropy = 0.0
smallest variable entropy = 1.7976931348623157E308
### branching on x[3,1]!=0
##### after BP iteration 1 #####
x[0,0]{1  <1.0>}
x[0,1]{3  <1.0>}
x[0,2]{2  <1.0>}
x[0,3]{0  <1.0>}
x[0,4]{7  <1.0>}
x[0,5]{6  <1.0>}
x[0,6]{4  <1.0>}
x[0,7]{5  <1.0>}
x[1,0]{7  <1.0>}
x[1,1]{6  <1.0>}
x[1,2]{3  <1.0>}
x[1,3]{1  <1.0>}
x[1,4]{2  <1.0>}
x[1,5]{5  <1.0>}
x[1,6]{0  <1.0>}
x[1,7]{4  <1.0>}
x[2,0]{4  <1.0>}
x[2,1]{5  <1.0>}
x[2,2]{1  <1.0>}
x[2,3]{3  <1.0>}
x[2,4]{0  <1.0>}
x[2,5]{7  <1.0>}
x[2,6]{6  <1.0>}
x[2,7]{2  <1.0>}
x[3,0]{5  <1.0>}
x[3,1]{7  <1.0>}
x[3,2]{0  <1.0>}
x[3,3]{6  <1.0>}
x[3,4]{4  <1.0>}
x[3,5]{3  <1.0>}
x[3,6]{2  <1.0>}
x[3,7]{1  <1.0>}
x[4,0]{2  <1.0>}
x[4,1]{0  <1.0>}
x[4,2]{4  <1.0>}
x[4,3]{7  <1.0>}
x[4,4]{3  <1.0>}
x[4,5]{1  <1.0>}
x[4,6]{5  <1.0>}
x[4,7]{6  <1.0>}
x[5,0]{3  <1.0>}
x[5,1]{4  <1.0>}
x[5,2]{5  <0.1978751297794786>, 6  <0.8021248702205214>}
x[5,3]{2  <1.0>}
x[5,4]{6  <0.07585169079929902>, 5  <0.924148309200701>}
x[5,5]{0  <1.0>}
x[5,6]{1  <1.0>}
x[5,7]{7  <1.0>}
x[6,0]{0  <1.0>}
x[6,1]{1  <1.0>}
x[6,2]{5  <0.9320159595451675>, 6  <0.06798404045483257>}
x[6,3]{4  <1.0>}
x[6,4]{5  <0.2323484891417808>, 6  <0.7676515108582191>}
x[6,5]{2  <1.0>}
x[6,6]{7  <1.0>}
x[6,7]{3  <1.0>}
x[7,0]{6  <1.0>}
x[7,1]{2  <1.0>}
x[7,2]{7  <1.0>}
x[7,3]{5  <1.0>}
x[7,4]{1  <1.0>}
x[7,5]{4  <1.0>}
x[7,6]{3  <1.0>}
x[7,7]{0  <1.0>}
problem entropy = 0.0
smallest variable entropy = 1.7976931348623157E308

	#choice: 9
	#fail: 0
	execution time (ms): 119
	#sols : 1
	completed : false

