{0  <1.0>, 6  <7.0>, 7  <8.0>, 3  <4.0>, 4  <5.0>}
model: max-product-init
FINAL DAMPING FACTOR = 1.0
##### after BP iteration 1 #####
x[0,0]{0  <0.058823529411764705>, 6  <0.4117647058823529>, 4  <0.29411764705882354>, 3  <0.23529411764705882>}
x[0,1]{2  <1.0>}
x[0,2]{7  <1.0>}
x[0,3]{0  <0.25>, 6  <0.25>, 4  <0.25>, 3  <0.25>}
x[0,4]{1  <1.0>}
x[0,5]{0  <0.3333333333333333>, 4  <0.3333333333333333>, 3  <0.3333333333333333>}
x[0,6]{0  <0.19999999999999998>, 5  <0.19999999999999998>, 6  <0.19999999999999998>, 3  <0.19999999999999998>, 4  <0.19999999999999998>}
x[0,7]{0  <0.2>, 5  <0.2>, 6  <0.2>, 3  <0.2>, 4  <0.2>}
x[1,0]{6  <0.5>, 4  <0.5>}
x[1,1]{3  <1.0>}
x[1,2]{5  <1.0>}
x[1,3]{6  <0.5>, 4  <0.5>}
x[1,4]{0  <1.0>}
x[1,5]{7  <1.0>}
x[1,6]{1  <1.0>}
x[1,7]{2  <1.0>}
x[2,0]{7  <1.0>}
x[2,1]{1  <1.0>}
x[2,2]{6  <1.0>}
x[2,3]{0  <0.33333333333333337>, 3  <0.33333333333333337>, 4  <0.33333333333333337>}
x[2,4]{2  <1.0>}
x[2,5]{0  <0.33333333333333337>, 4  <0.33333333333333337>, 3  <0.33333333333333337>}
x[2,6]{0  <0.25>, 5  <0.25>, 4  <0.25>, 3  <0.25>}
x[2,7]{0  <0.25>, 4  <0.25>, 5  <0.25>, 3  <0.25>}
x[3,0]{1  <1.0>}
x[3,1]{6  <1.0>}
x[3,2]{2  <1.0>}
x[3,3]{5  <1.0>}
x[3,4]{7  <1.0>}
x[3,5]{0  <0.33333333333333337>, 4  <0.33333333333333337>, 3  <0.33333333333333337>}
x[3,6]{0  <0.33333333333333337>, 4  <0.33333333333333337>, 3  <0.33333333333333337>}
x[3,7]{0  <0.3333333333333333>, 4  <0.3333333333333333>, 3  <0.3333333333333333>}
x[4,0]{0  <0.3333333333333333>, 3  <0.3333333333333333>, 6  <0.3333333333333333>}
x[4,1]{5  <1.0>}
x[4,2]{0  <0.5>, 3  <0.5>}
x[4,3]{2  <1.0>}
x[4,4]{4  <1.0>}
x[4,5]{1  <1.0>}
x[4,6]{0  <0.33333333333333337>, 3  <0.33333333333333337>, 6  <0.33333333333333337>}
x[4,7]{7  <1.0>}
x[5,0]{2  <1.0>}
x[5,1]{7  <1.0>}
x[5,2]{1  <1.0>}
x[5,3]{0  <0.33333333333333337>, 3  <0.33333333333333337>, 4  <0.33333333333333337>}
x[5,4]{6  <1.0>}
x[5,5]{5  <1.0>}
x[5,6]{0  <0.33333333333333337>, 4  <0.33333333333333337>, 3  <0.33333333333333337>}
x[5,7]{0  <0.3333333333333333>, 3  <0.3333333333333333>, 4  <0.3333333333333333>}
x[6,0]{5  <1.0>}
x[6,1]{0  <1.0>}
x[6,2]{4  <1.0>}
x[6,3]{7  <1.0>}
x[6,4]{3  <1.0>}
x[6,5]{6  <1.0>}
x[6,6]{2  <1.0>}
x[6,7]{1  <1.0>}
x[7,0]{0  <0.3333333333333333>, 6  <0.3333333333333333>, 3  <0.3333333333333333>}
x[7,1]{4  <1.0>}
x[7,2]{0  <0.5>, 3  <0.5>}
x[7,3]{1  <1.0>}
x[7,4]{5  <1.0>}
x[7,5]{2  <1.0>}
x[7,6]{7  <1.0>}
x[7,7]{0  <0.08333333333333333>, 6  <0.5833333333333333>, 3  <0.3333333333333333>}
problem entropy = 0.9868263740527965
smallest variable entropy = 0.6931471805599453
##### after BP iteration 2 #####
x[0,0]{0  <0.058823529411764705>, 6  <0.4117647058823529>, 4  <0.29411764705882354>, 3  <0.23529411764705882>}
x[0,1]{2  <1.0>}
x[0,2]{7  <1.0>}
x[0,3]{0  <0.25>, 6  <0.25>, 4  <0.25>, 3  <0.25>}
x[0,4]{1  <1.0>}
x[0,5]{0  <0.3333333333333333>, 4  <0.3333333333333333>, 3  <0.3333333333333333>}
x[0,6]{0  <0.19999999999999998>, 5  <0.19999999999999998>, 6  <0.19999999999999998>, 3  <0.19999999999999998>, 4  <0.19999999999999998>}
x[0,7]{0  <0.2>, 5  <0.2>, 6  <0.2>, 3  <0.2>, 4  <0.2>}
x[1,0]{6  <0.5>, 4  <0.5>}
x[1,1]{3  <1.0>}
x[1,2]{5  <1.0>}
x[1,3]{6  <0.5>, 4  <0.5>}
x[1,4]{0  <1.0>}
x[1,5]{7  <1.0>}
x[1,6]{1  <1.0>}
x[1,7]{2  <1.0>}
x[2,0]{7  <1.0>}
x[2,1]{1  <1.0>}
x[2,2]{6  <1.0>}
x[2,3]{0  <0.33333333333333337>, 3  <0.33333333333333337>, 4  <0.33333333333333337>}
x[2,4]{2  <1.0>}
x[2,5]{0  <0.33333333333333337>, 4  <0.33333333333333337>, 3  <0.33333333333333337>}
x[2,6]{0  <0.25>, 5  <0.25>, 4  <0.25>, 3  <0.25>}
x[2,7]{0  <0.25>, 4  <0.25>, 5  <0.25>, 3  <0.25>}
x[3,0]{1  <1.0>}
x[3,1]{6  <1.0>}
x[3,2]{2  <1.0>}
x[3,3]{5  <1.0>}
x[3,4]{7  <1.0>}
x[3,5]{0  <0.33333333333333337>, 4  <0.33333333333333337>, 3  <0.33333333333333337>}
x[3,6]{0  <0.33333333333333337>, 4  <0.33333333333333337>, 3  <0.33333333333333337>}
x[3,7]{0  <0.3333333333333333>, 4  <0.3333333333333333>, 3  <0.3333333333333333>}
x[4,0]{0  <0.3333333333333333>, 3  <0.3333333333333333>, 6  <0.3333333333333333>}
x[4,1]{5  <1.0>}
x[4,2]{0  <0.5>, 3  <0.5>}
x[4,3]{2  <1.0>}
x[4,4]{4  <1.0>}
x[4,5]{1  <1.0>}
x[4,6]{0  <0.33333333333333337>, 3  <0.33333333333333337>, 6  <0.33333333333333337>}
x[4,7]{7  <1.0>}
x[5,0]{2  <1.0>}
x[5,1]{7  <1.0>}
x[5,2]{1  <1.0>}
x[5,3]{0  <0.33333333333333337>, 3  <0.33333333333333337>, 4  <0.33333333333333337>}
x[5,4]{6  <1.0>}
x[5,5]{5  <1.0>}
x[5,6]{0  <0.33333333333333337>, 4  <0.33333333333333337>, 3  <0.33333333333333337>}
x[5,7]{0  <0.3333333333333333>, 3  <0.3333333333333333>, 4  <0.3333333333333333>}
x[6,0]{5  <1.0>}
x[6,1]{0  <1.0>}
x[6,2]{4  <1.0>}
x[6,3]{7  <1.0>}
x[6,4]{3  <1.0>}
x[6,5]{6  <1.0>}
x[6,6]{2  <1.0>}
x[6,7]{1  <1.0>}
x[7,0]{0  <0.3333333333333333>, 6  <0.3333333333333333>, 3  <0.3333333333333333>}
x[7,1]{4  <1.0>}
x[7,2]{0  <0.5>, 3  <0.5>}
x[7,3]{1  <1.0>}
x[7,4]{5  <1.0>}
x[7,5]{2  <1.0>}
x[7,6]{7  <1.0>}
x[7,7]{0  <0.08333333333333333>, 6  <0.5833333333333333>, 3  <0.3333333333333333>}
problem entropy = 0.9868263740527965
smallest variable entropy = 0.6931471805599453
### branching on x[7,7]=6; marginal=0.5833333333333333; regret=0.24999999999999994; nb of ties=1
### branching on x[0,0]=6; marginal=0.4117647058823529; regret=0.11764705882352938; nb of ties=1
##### after BP iteration 1 #####
x[0,0]{6  <1.0>}
x[0,1]{2  <1.0>}
x[0,2]{7  <1.0>}
x[0,3]{0  <0.33333333333333337>, 3  <0.33333333333333337>, 4  <0.33333333333333337>}
x[0,4]{1  <1.0>}
x[0,5]{0  <0.33333333333333337>, 4  <0.33333333333333337>, 3  <0.33333333333333337>}
x[0,6]{0  <0.25>, 5  <0.25>, 4  <0.25>, 3  <0.25>}
x[0,7]{0  <0.25>, 5  <0.25>, 4  <0.25>, 3  <0.25>}
x[1,0]{4  <1.0>}
x[1,1]{3  <1.0>}
x[1,2]{5  <1.0>}
x[1,3]{6  <1.0>}
x[1,4]{0  <1.0>}
x[1,5]{7  <1.0>}
x[1,6]{1  <1.0>}
x[1,7]{2  <1.0>}
x[2,0]{7  <1.0>}
x[2,1]{1  <1.0>}
x[2,2]{6  <1.0>}
x[2,3]{0  <0.33333333333333337>, 3  <0.33333333333333337>, 4  <0.33333333333333337>}
x[2,4]{2  <1.0>}
x[2,5]{0  <0.33333333333333337>, 4  <0.33333333333333337>, 3  <0.33333333333333337>}
x[2,6]{0  <0.25>, 5  <0.25>, 4  <0.25>, 3  <0.25>}
x[2,7]{0  <0.25>, 4  <0.25>, 5  <0.25>, 3  <0.25>}
x[3,0]{1  <1.0>}
x[3,1]{6  <1.0>}
x[3,2]{2  <1.0>}
x[3,3]{5  <1.0>}
x[3,4]{7  <1.0>}
x[3,5]{0  <0.33333333333333337>, 4  <0.33333333333333337>, 3  <0.33333333333333337>}
x[3,6]{0  <0.33333333333333337>, 4  <0.33333333333333337>, 3  <0.33333333333333337>}
x[3,7]{0  <0.33333333333333337>, 4  <0.33333333333333337>, 3  <0.33333333333333337>}
x[4,0]{0  <0.5>, 3  <0.5>}
x[4,1]{5  <1.0>}
x[4,2]{0  <0.5>, 3  <0.5>}
x[4,3]{2  <1.0>}
x[4,4]{4  <1.0>}
x[4,5]{1  <1.0>}
x[4,6]{6  <1.0>}
x[4,7]{7  <1.0>}
x[5,0]{2  <1.0>}
x[5,1]{7  <1.0>}
x[5,2]{1  <1.0>}
x[5,3]{0  <0.33333333333333337>, 3  <0.33333333333333337>, 4  <0.33333333333333337>}
x[5,4]{6  <1.0>}
x[5,5]{5  <1.0>}
x[5,6]{0  <0.33333333333333337>, 4  <0.33333333333333337>, 3  <0.33333333333333337>}
x[5,7]{0  <0.33333333333333337>, 3  <0.33333333333333337>, 4  <0.33333333333333337>}
x[6,0]{5  <1.0>}
x[6,1]{0  <1.0>}
x[6,2]{4  <1.0>}
x[6,3]{7  <1.0>}
x[6,4]{3  <1.0>}
x[6,5]{6  <1.0>}
x[6,6]{2  <1.0>}
x[6,7]{1  <1.0>}
x[7,0]{0  <0.5>, 3  <0.5>}
x[7,1]{4  <1.0>}
x[7,2]{0  <0.5>, 3  <0.5>}
x[7,3]{1  <1.0>}
x[7,4]{5  <1.0>}
x[7,5]{2  <1.0>}
x[7,6]{7  <1.0>}
x[7,7]{6  <1.0>}
problem entropy = 1.0
smallest variable entropy = 0.6931471805599453
##### after BP iteration 2 #####
x[0,0]{6  <1.0>}
x[0,1]{2  <1.0>}
x[0,2]{7  <1.0>}
x[0,3]{0  <0.33333333333333337>, 3  <0.33333333333333337>, 4  <0.33333333333333337>}
x[0,4]{1  <1.0>}
x[0,5]{0  <0.33333333333333337>, 4  <0.33333333333333337>, 3  <0.33333333333333337>}
x[0,6]{0  <0.25>, 5  <0.25>, 4  <0.25>, 3  <0.25>}
x[0,7]{0  <0.25>, 5  <0.25>, 4  <0.25>, 3  <0.25>}
x[1,0]{4  <1.0>}
x[1,1]{3  <1.0>}
x[1,2]{5  <1.0>}
x[1,3]{6  <1.0>}
x[1,4]{0  <1.0>}
x[1,5]{7  <1.0>}
x[1,6]{1  <1.0>}
x[1,7]{2  <1.0>}
x[2,0]{7  <1.0>}
x[2,1]{1  <1.0>}
x[2,2]{6  <1.0>}
x[2,3]{0  <0.33333333333333337>, 3  <0.33333333333333337>, 4  <0.33333333333333337>}
x[2,4]{2  <1.0>}
x[2,5]{0  <0.33333333333333337>, 4  <0.33333333333333337>, 3  <0.33333333333333337>}
x[2,6]{0  <0.25>, 5  <0.25>, 4  <0.25>, 3  <0.25>}
x[2,7]{0  <0.25>, 4  <0.25>, 5  <0.25>, 3  <0.25>}
x[3,0]{1  <1.0>}
x[3,1]{6  <1.0>}
x[3,2]{2  <1.0>}
x[3,3]{5  <1.0>}
x[3,4]{7  <1.0>}
x[3,5]{0  <0.33333333333333337>, 4  <0.33333333333333337>, 3  <0.33333333333333337>}
x[3,6]{0  <0.33333333333333337>, 4  <0.33333333333333337>, 3  <0.33333333333333337>}
x[3,7]{0  <0.33333333333333337>, 4  <0.33333333333333337>, 3  <0.33333333333333337>}
x[4,0]{0  <0.5>, 3  <0.5>}
x[4,1]{5  <1.0>}
x[4,2]{0  <0.5>, 3  <0.5>}
x[4,3]{2  <1.0>}
x[4,4]{4  <1.0>}
x[4,5]{1  <1.0>}
x[4,6]{6  <1.0>}
x[4,7]{7  <1.0>}
x[5,0]{2  <1.0>}
x[5,1]{7  <1.0>}
x[5,2]{1  <1.0>}
x[5,3]{0  <0.33333333333333337>, 3  <0.33333333333333337>, 4  <0.33333333333333337>}
x[5,4]{6  <1.0>}
x[5,5]{5  <1.0>}
x[5,6]{0  <0.33333333333333337>, 4  <0.33333333333333337>, 3  <0.33333333333333337>}
x[5,7]{0  <0.33333333333333337>, 3  <0.33333333333333337>, 4  <0.33333333333333337>}
x[6,0]{5  <1.0>}
x[6,1]{0  <1.0>}
x[6,2]{4  <1.0>}
x[6,3]{7  <1.0>}
x[6,4]{3  <1.0>}
x[6,5]{6  <1.0>}
x[6,6]{2  <1.0>}
x[6,7]{1  <1.0>}
x[7,0]{0  <0.5>, 3  <0.5>}
x[7,1]{4  <1.0>}
x[7,2]{0  <0.5>, 3  <0.5>}
x[7,3]{1  <1.0>}
x[7,4]{5  <1.0>}
x[7,5]{2  <1.0>}
x[7,6]{7  <1.0>}
x[7,7]{6  <1.0>}
problem entropy = 1.0
smallest variable entropy = 0.6931471805599453
### branching on x[5,6]=0; marginal=0.33333333333333337; regret=0.0; nb of ties=18
##### after BP iteration 1 #####
x[0,0]{6  <1.0>}
x[0,1]{2  <1.0>}
x[0,2]{7  <1.0>}
x[0,3]{0  <0.3333333333333333>, 3  <0.3333333333333333>, 4  <0.3333333333333333>}
x[0,4]{1  <1.0>}
x[0,5]{0  <0.3333333333333333>, 4  <0.3333333333333333>, 3  <0.3333333333333333>}
x[0,6]{3  <0.3333333333333333>, 5  <0.3333333333333333>, 4  <0.3333333333333333>}
x[0,7]{0  <0.25>, 5  <0.25>, 4  <0.25>, 3  <0.25>}
x[1,0]{4  <1.0>}
x[1,1]{3  <1.0>}
x[1,2]{5  <1.0>}
x[1,3]{6  <1.0>}
x[1,4]{0  <1.0>}
x[1,5]{7  <1.0>}
x[1,6]{1  <1.0>}
x[1,7]{2  <1.0>}
x[2,0]{7  <1.0>}
x[2,1]{1  <1.0>}
x[2,2]{6  <1.0>}
x[2,3]{0  <0.3333333333333333>, 3  <0.3333333333333333>, 4  <0.3333333333333333>}
x[2,4]{2  <1.0>}
x[2,5]{0  <0.3333333333333333>, 4  <0.3333333333333333>, 3  <0.3333333333333333>}
x[2,6]{3  <0.3333333333333333>, 5  <0.3333333333333333>, 4  <0.3333333333333333>}
x[2,7]{0  <0.25>, 4  <0.25>, 5  <0.25>, 3  <0.25>}
x[3,0]{1  <1.0>}
x[3,1]{6  <1.0>}
x[3,2]{2  <1.0>}
x[3,3]{5  <1.0>}
x[3,4]{7  <1.0>}
x[3,5]{0  <0.33333333333333337>, 4  <0.33333333333333337>, 3  <0.33333333333333337>}
x[3,6]{3  <0.5>, 4  <0.5>}
x[3,7]{0  <0.3333333333333333>, 4  <0.3333333333333333>, 3  <0.3333333333333333>}
x[4,0]{0  <0.5>, 3  <0.5>}
x[4,1]{5  <1.0>}
x[4,2]{0  <0.5>, 3  <0.5>}
x[4,3]{2  <1.0>}
x[4,4]{4  <1.0>}
x[4,5]{1  <1.0>}
x[4,6]{6  <1.0>}
x[4,7]{7  <1.0>}
x[5,0]{2  <1.0>}
x[5,1]{7  <1.0>}
x[5,2]{1  <1.0>}
x[5,3]{4  <0.5>, 3  <0.5>}
x[5,4]{6  <1.0>}
x[5,5]{5  <1.0>}
x[5,6]{0  <1.0>}
x[5,7]{4  <0.5>, 3  <0.5>}
x[6,0]{5  <1.0>}
x[6,1]{0  <1.0>}
x[6,2]{4  <1.0>}
x[6,3]{7  <1.0>}
x[6,4]{3  <1.0>}
x[6,5]{6  <1.0>}
x[6,6]{2  <1.0>}
x[6,7]{1  <1.0>}
x[7,0]{0  <0.5>, 3  <0.5>}
x[7,1]{4  <1.0>}
x[7,2]{0  <0.5>, 3  <0.5>}
x[7,3]{1  <1.0>}
x[7,4]{5  <1.0>}
x[7,5]{2  <1.0>}
x[7,6]{7  <1.0>}
x[7,7]{6  <1.0>}
problem entropy = 1.0
smallest variable entropy = 0.6931471805599453
##### after BP iteration 2 #####
x[0,0]{6  <1.0>}
x[0,1]{2  <1.0>}
x[0,2]{7  <1.0>}
x[0,3]{0  <0.3333333333333333>, 3  <0.3333333333333333>, 4  <0.3333333333333333>}
x[0,4]{1  <1.0>}
x[0,5]{0  <0.3333333333333333>, 4  <0.3333333333333333>, 3  <0.3333333333333333>}
x[0,6]{3  <0.3333333333333333>, 5  <0.3333333333333333>, 4  <0.3333333333333333>}
x[0,7]{0  <0.25>, 5  <0.25>, 4  <0.25>, 3  <0.25>}
x[1,0]{4  <1.0>}
x[1,1]{3  <1.0>}
x[1,2]{5  <1.0>}
x[1,3]{6  <1.0>}
x[1,4]{0  <1.0>}
x[1,5]{7  <1.0>}
x[1,6]{1  <1.0>}
x[1,7]{2  <1.0>}
x[2,0]{7  <1.0>}
x[2,1]{1  <1.0>}
x[2,2]{6  <1.0>}
x[2,3]{0  <0.3333333333333333>, 3  <0.3333333333333333>, 4  <0.3333333333333333>}
x[2,4]{2  <1.0>}
x[2,5]{0  <0.3333333333333333>, 4  <0.3333333333333333>, 3  <0.3333333333333333>}
x[2,6]{3  <0.3333333333333333>, 5  <0.3333333333333333>, 4  <0.3333333333333333>}
x[2,7]{0  <0.25>, 4  <0.25>, 5  <0.25>, 3  <0.25>}
x[3,0]{1  <1.0>}
x[3,1]{6  <1.0>}
x[3,2]{2  <1.0>}
x[3,3]{5  <1.0>}
x[3,4]{7  <1.0>}
x[3,5]{0  <0.33333333333333337>, 4  <0.33333333333333337>, 3  <0.33333333333333337>}
x[3,6]{3  <0.5>, 4  <0.5>}
x[3,7]{0  <0.3333333333333333>, 4  <0.3333333333333333>, 3  <0.3333333333333333>}
x[4,0]{0  <0.5>, 3  <0.5>}
x[4,1]{5  <1.0>}
x[4,2]{0  <0.5>, 3  <0.5>}
x[4,3]{2  <1.0>}
x[4,4]{4  <1.0>}
x[4,5]{1  <1.0>}
x[4,6]{6  <1.0>}
x[4,7]{7  <1.0>}
x[5,0]{2  <1.0>}
x[5,1]{7  <1.0>}
x[5,2]{1  <1.0>}
x[5,3]{4  <0.5>, 3  <0.5>}
x[5,4]{6  <1.0>}
x[5,5]{5  <1.0>}
x[5,6]{0  <1.0>}
x[5,7]{4  <0.5>, 3  <0.5>}
x[6,0]{5  <1.0>}
x[6,1]{0  <1.0>}
x[6,2]{4  <1.0>}
x[6,3]{7  <1.0>}
x[6,4]{3  <1.0>}
x[6,5]{6  <1.0>}
x[6,6]{2  <1.0>}
x[6,7]{1  <1.0>}
x[7,0]{0  <0.5>, 3  <0.5>}
x[7,1]{4  <1.0>}
x[7,2]{0  <0.5>, 3  <0.5>}
x[7,3]{1  <1.0>}
x[7,4]{5  <1.0>}
x[7,5]{2  <1.0>}
x[7,6]{7  <1.0>}
x[7,7]{6  <1.0>}
problem entropy = 1.0
smallest variable entropy = 0.6931471805599453
### branching on x[3,5]=0; marginal=0.33333333333333337; regret=0.0; nb of ties=17
##### after BP iteration 1 #####
x[0,0]{6  <1.0>}
x[0,1]{2  <1.0>}
x[0,2]{7  <1.0>}
x[0,3]{0  <0.3333333333333333>, 3  <0.3333333333333333>, 4  <0.3333333333333333>}
x[0,4]{1  <1.0>}
x[0,5]{3  <0.5>, 4  <0.5>}
x[0,6]{3  <0.3333333333333333>, 5  <0.3333333333333333>, 4  <0.3333333333333333>}
x[0,7]{0  <0.5>, 5  <0.5>}
x[1,0]{4  <1.0>}
x[1,1]{3  <1.0>}
x[1,2]{5  <1.0>}
x[1,3]{6  <1.0>}
x[1,4]{0  <1.0>}
x[1,5]{7  <1.0>}
x[1,6]{1  <1.0>}
x[1,7]{2  <1.0>}
x[2,0]{7  <1.0>}
x[2,1]{1  <1.0>}
x[2,2]{6  <1.0>}
x[2,3]{0  <0.3333333333333333>, 3  <0.3333333333333333>, 4  <0.3333333333333333>}
x[2,4]{2  <1.0>}
x[2,5]{3  <0.5>, 4  <0.5>}
x[2,6]{3  <0.3333333333333333>, 5  <0.3333333333333333>, 4  <0.3333333333333333>}
x[2,7]{0  <0.5>, 5  <0.5>}
x[3,0]{1  <1.0>}
x[3,1]{6  <1.0>}
x[3,2]{2  <1.0>}
x[3,3]{5  <1.0>}
x[3,4]{7  <1.0>}
x[3,5]{0  <1.0>}
x[3,6]{3  <0.5>, 4  <0.5>}
x[3,7]{3  <0.5>, 4  <0.5>}
x[4,0]{0  <0.5>, 3  <0.5>}
x[4,1]{5  <1.0>}
x[4,2]{0  <0.5>, 3  <0.5>}
x[4,3]{2  <1.0>}
x[4,4]{4  <1.0>}
x[4,5]{1  <1.0>}
x[4,6]{6  <1.0>}
x[4,7]{7  <1.0>}
x[5,0]{2  <1.0>}
x[5,1]{7  <1.0>}
x[5,2]{1  <1.0>}
x[5,3]{4  <0.5>, 3  <0.5>}
x[5,4]{6  <1.0>}
x[5,5]{5  <1.0>}
x[5,6]{0  <1.0>}
x[5,7]{4  <0.5>, 3  <0.5>}
x[6,0]{5  <1.0>}
x[6,1]{0  <1.0>}
x[6,2]{4  <1.0>}
x[6,3]{7  <1.0>}
x[6,4]{3  <1.0>}
x[6,5]{6  <1.0>}
x[6,6]{2  <1.0>}
x[6,7]{1  <1.0>}
x[7,0]{0  <0.5>, 3  <0.5>}
x[7,1]{4  <1.0>}
x[7,2]{0  <0.5>, 3  <0.5>}
x[7,3]{1  <1.0>}
x[7,4]{5  <1.0>}
x[7,5]{2  <1.0>}
x[7,6]{7  <1.0>}
x[7,7]{6  <1.0>}
problem entropy = 1.0
smallest variable entropy = 0.6931471805599453
##### after BP iteration 2 #####
x[0,0]{6  <1.0>}
x[0,1]{2  <1.0>}
x[0,2]{7  <1.0>}
x[0,3]{0  <0.3333333333333333>, 3  <0.3333333333333333>, 4  <0.3333333333333333>}
x[0,4]{1  <1.0>}
x[0,5]{3  <0.5>, 4  <0.5>}
x[0,6]{3  <0.3333333333333333>, 5  <0.3333333333333333>, 4  <0.3333333333333333>}
x[0,7]{0  <0.5>, 5  <0.5>}
x[1,0]{4  <1.0>}
x[1,1]{3  <1.0>}
x[1,2]{5  <1.0>}
x[1,3]{6  <1.0>}
x[1,4]{0  <1.0>}
x[1,5]{7  <1.0>}
x[1,6]{1  <1.0>}
x[1,7]{2  <1.0>}
x[2,0]{7  <1.0>}
x[2,1]{1  <1.0>}
x[2,2]{6  <1.0>}
x[2,3]{0  <0.3333333333333333>, 3  <0.3333333333333333>, 4  <0.3333333333333333>}
x[2,4]{2  <1.0>}
x[2,5]{3  <0.5>, 4  <0.5>}
x[2,6]{3  <0.3333333333333333>, 5  <0.3333333333333333>, 4  <0.3333333333333333>}
x[2,7]{0  <0.5>, 5  <0.5>}
x[3,0]{1  <1.0>}
x[3,1]{6  <1.0>}
x[3,2]{2  <1.0>}
x[3,3]{5  <1.0>}
x[3,4]{7  <1.0>}
x[3,5]{0  <1.0>}
x[3,6]{3  <0.5>, 4  <0.5>}
x[3,7]{3  <0.5>, 4  <0.5>}
x[4,0]{0  <0.5>, 3  <0.5>}
x[4,1]{5  <1.0>}
x[4,2]{0  <0.5>, 3  <0.5>}
x[4,3]{2  <1.0>}
x[4,4]{4  <1.0>}
x[4,5]{1  <1.0>}
x[4,6]{6  <1.0>}
x[4,7]{7  <1.0>}
x[5,0]{2  <1.0>}
x[5,1]{7  <1.0>}
x[5,2]{1  <1.0>}
x[5,3]{4  <0.5>, 3  <0.5>}
x[5,4]{6  <1.0>}
x[5,5]{5  <1.0>}
x[5,6]{0  <1.0>}
x[5,7]{4  <0.5>, 3  <0.5>}
x[6,0]{5  <1.0>}
x[6,1]{0  <1.0>}
x[6,2]{4  <1.0>}
x[6,3]{7  <1.0>}
x[6,4]{3  <1.0>}
x[6,5]{6  <1.0>}
x[6,6]{2  <1.0>}
x[6,7]{1  <1.0>}
x[7,0]{0  <0.5>, 3  <0.5>}
x[7,1]{4  <1.0>}
x[7,2]{0  <0.5>, 3  <0.5>}
x[7,3]{1  <1.0>}
x[7,4]{5  <1.0>}
x[7,5]{2  <1.0>}
x[7,6]{7  <1.0>}
x[7,7]{6  <1.0>}
problem entropy = 1.0
smallest variable entropy = 0.6931471805599453
### branching on x[2,5]=3; marginal=0.5; regret=0.0; nb of ties=16
##### after BP iteration 1 #####
x[0,0]{6  <1.0>}
x[0,1]{2  <1.0>}
x[0,2]{7  <1.0>}
x[0,3]{0  <0.5>, 3  <0.5>}
x[0,4]{1  <1.0>}
x[0,5]{4  <1.0>}
x[0,6]{3  <0.5>, 5  <0.5>}
x[0,7]{0  <0.5>, 5  <0.5>}
x[1,0]{4  <1.0>}
x[1,1]{3  <1.0>}
x[1,2]{5  <1.0>}
x[1,3]{6  <1.0>}
x[1,4]{0  <1.0>}
x[1,5]{7  <1.0>}
x[1,6]{1  <1.0>}
x[1,7]{2  <1.0>}
x[2,0]{7  <1.0>}
x[2,1]{1  <1.0>}
x[2,2]{6  <1.0>}
x[2,3]{0  <0.5>, 4  <0.5>}
x[2,4]{2  <1.0>}
x[2,5]{3  <1.0>}
x[2,6]{4  <0.5>, 5  <0.5>}
x[2,7]{0  <0.5>, 5  <0.5>}
x[3,0]{1  <1.0>}
x[3,1]{6  <1.0>}
x[3,2]{2  <1.0>}
x[3,3]{5  <1.0>}
x[3,4]{7  <1.0>}
x[3,5]{0  <1.0>}
x[3,6]{3  <0.5>, 4  <0.5>}
x[3,7]{3  <0.5>, 4  <0.5>}
x[4,0]{0  <0.5>, 3  <0.5>}
x[4,1]{5  <1.0>}
x[4,2]{0  <0.5>, 3  <0.5>}
x[4,3]{2  <1.0>}
x[4,4]{4  <1.0>}
x[4,5]{1  <1.0>}
x[4,6]{6  <1.0>}
x[4,7]{7  <1.0>}
x[5,0]{2  <1.0>}
x[5,1]{7  <1.0>}
x[5,2]{1  <1.0>}
x[5,3]{4  <0.5>, 3  <0.5>}
x[5,4]{6  <1.0>}
x[5,5]{5  <1.0>}
x[5,6]{0  <1.0>}
x[5,7]{4  <0.5>, 3  <0.5>}
x[6,0]{5  <1.0>}
x[6,1]{0  <1.0>}
x[6,2]{4  <1.0>}
x[6,3]{7  <1.0>}
x[6,4]{3  <1.0>}
x[6,5]{6  <1.0>}
x[6,6]{2  <1.0>}
x[6,7]{1  <1.0>}
x[7,0]{0  <0.5>, 3  <0.5>}
x[7,1]{4  <1.0>}
x[7,2]{0  <0.5>, 3  <0.5>}
x[7,3]{1  <1.0>}
x[7,4]{5  <1.0>}
x[7,5]{2  <1.0>}
x[7,6]{7  <1.0>}
x[7,7]{6  <1.0>}
problem entropy = 1.0
smallest variable entropy = 0.6931471805599453
##### after BP iteration 2 #####
x[0,0]{6  <1.0>}
x[0,1]{2  <1.0>}
x[0,2]{7  <1.0>}
x[0,3]{0  <0.5>, 3  <0.5>}
x[0,4]{1  <1.0>}
x[0,5]{4  <1.0>}
x[0,6]{3  <0.5>, 5  <0.5>}
x[0,7]{0  <0.5>, 5  <0.5>}
x[1,0]{4  <1.0>}
x[1,1]{3  <1.0>}
x[1,2]{5  <1.0>}
x[1,3]{6  <1.0>}
x[1,4]{0  <1.0>}
x[1,5]{7  <1.0>}
x[1,6]{1  <1.0>}
x[1,7]{2  <1.0>}
x[2,0]{7  <1.0>}
x[2,1]{1  <1.0>}
x[2,2]{6  <1.0>}
x[2,3]{0  <0.5>, 4  <0.5>}
x[2,4]{2  <1.0>}
x[2,5]{3  <1.0>}
x[2,6]{4  <0.5>, 5  <0.5>}
x[2,7]{0  <0.5>, 5  <0.5>}
x[3,0]{1  <1.0>}
x[3,1]{6  <1.0>}
x[3,2]{2  <1.0>}
x[3,3]{5  <1.0>}
x[3,4]{7  <1.0>}
x[3,5]{0  <1.0>}
x[3,6]{3  <0.5>, 4  <0.5>}
x[3,7]{3  <0.5>, 4  <0.5>}
x[4,0]{0  <0.5>, 3  <0.5>}
x[4,1]{5  <1.0>}
x[4,2]{0  <0.5>, 3  <0.5>}
x[4,3]{2  <1.0>}
x[4,4]{4  <1.0>}
x[4,5]{1  <1.0>}
x[4,6]{6  <1.0>}
x[4,7]{7  <1.0>}
x[5,0]{2  <1.0>}
x[5,1]{7  <1.0>}
x[5,2]{1  <1.0>}
x[5,3]{4  <0.5>, 3  <0.5>}
x[5,4]{6  <1.0>}
x[5,5]{5  <1.0>}
x[5,6]{0  <1.0>}
x[5,7]{4  <0.5>, 3  <0.5>}
x[6,0]{5  <1.0>}
x[6,1]{0  <1.0>}
x[6,2]{4  <1.0>}
x[6,3]{7  <1.0>}
x[6,4]{3  <1.0>}
x[6,5]{6  <1.0>}
x[6,6]{2  <1.0>}
x[6,7]{1  <1.0>}
x[7,0]{0  <0.5>, 3  <0.5>}
x[7,1]{4  <1.0>}
x[7,2]{0  <0.5>, 3  <0.5>}
x[7,3]{1  <1.0>}
x[7,4]{5  <1.0>}
x[7,5]{2  <1.0>}
x[7,6]{7  <1.0>}
x[7,7]{6  <1.0>}
problem entropy = 1.0
smallest variable entropy = 0.6931471805599453
### branching on x[7,2]=0; marginal=0.5; regret=0.0; nb of ties=14
##### after BP iteration 1 #####
x[0,0]{6  <1.0>}
x[0,1]{2  <1.0>}
x[0,2]{7  <1.0>}
x[0,3]{0  <0.5>, 3  <0.5>}
x[0,4]{1  <1.0>}
x[0,5]{4  <1.0>}
x[0,6]{3  <0.5>, 5  <0.5>}
x[0,7]{0  <0.5>, 5  <0.5>}
x[1,0]{4  <1.0>}
x[1,1]{3  <1.0>}
x[1,2]{5  <1.0>}
x[1,3]{6  <1.0>}
x[1,4]{0  <1.0>}
x[1,5]{7  <1.0>}
x[1,6]{1  <1.0>}
x[1,7]{2  <1.0>}
x[2,0]{7  <1.0>}
x[2,1]{1  <1.0>}
x[2,2]{6  <1.0>}
x[2,3]{0  <0.5>, 4  <0.5>}
x[2,4]{2  <1.0>}
x[2,5]{3  <1.0>}
x[2,6]{4  <0.5>, 5  <0.5>}
x[2,7]{0  <0.5>, 5  <0.5>}
x[3,0]{1  <1.0>}
x[3,1]{6  <1.0>}
x[3,2]{2  <1.0>}
x[3,3]{5  <1.0>}
x[3,4]{7  <1.0>}
x[3,5]{0  <1.0>}
x[3,6]{3  <0.5>, 4  <0.5>}
x[3,7]{3  <0.5>, 4  <0.5>}
x[4,0]{0  <1.0>}
x[4,1]{5  <1.0>}
x[4,2]{3  <1.0>}
x[4,3]{2  <1.0>}
x[4,4]{4  <1.0>}
x[4,5]{1  <1.0>}
x[4,6]{6  <1.0>}
x[4,7]{7  <1.0>}
x[5,0]{2  <1.0>}
x[5,1]{7  <1.0>}
x[5,2]{1  <1.0>}
x[5,3]{4  <0.5>, 3  <0.5>}
x[5,4]{6  <1.0>}
x[5,5]{5  <1.0>}
x[5,6]{0  <1.0>}
x[5,7]{4  <0.5>, 3  <0.5>}
x[6,0]{5  <1.0>}
x[6,1]{0  <1.0>}
x[6,2]{4  <1.0>}
x[6,3]{7  <1.0>}
x[6,4]{3  <1.0>}
x[6,5]{6  <1.0>}
x[6,6]{2  <1.0>}
x[6,7]{1  <1.0>}
x[7,0]{3  <1.0>}
x[7,1]{4  <1.0>}
x[7,2]{0  <1.0>}
x[7,3]{1  <1.0>}
x[7,4]{5  <1.0>}
x[7,5]{2  <1.0>}
x[7,6]{7  <1.0>}
x[7,7]{6  <1.0>}
problem entropy = 1.0
smallest variable entropy = 0.6931471805599453
##### after BP iteration 2 #####
x[0,0]{6  <1.0>}
x[0,1]{2  <1.0>}
x[0,2]{7  <1.0>}
x[0,3]{0  <0.5>, 3  <0.5>}
x[0,4]{1  <1.0>}
x[0,5]{4  <1.0>}
x[0,6]{3  <0.5>, 5  <0.5>}
x[0,7]{0  <0.5>, 5  <0.5>}
x[1,0]{4  <1.0>}
x[1,1]{3  <1.0>}
x[1,2]{5  <1.0>}
x[1,3]{6  <1.0>}
x[1,4]{0  <1.0>}
x[1,5]{7  <1.0>}
x[1,6]{1  <1.0>}
x[1,7]{2  <1.0>}
x[2,0]{7  <1.0>}
x[2,1]{1  <1.0>}
x[2,2]{6  <1.0>}
x[2,3]{0  <0.5>, 4  <0.5>}
x[2,4]{2  <1.0>}
x[2,5]{3  <1.0>}
x[2,6]{4  <0.5>, 5  <0.5>}
x[2,7]{0  <0.5>, 5  <0.5>}
x[3,0]{1  <1.0>}
x[3,1]{6  <1.0>}
x[3,2]{2  <1.0>}
x[3,3]{5  <1.0>}
x[3,4]{7  <1.0>}
x[3,5]{0  <1.0>}
x[3,6]{3  <0.5>, 4  <0.5>}
x[3,7]{3  <0.5>, 4  <0.5>}
x[4,0]{0  <1.0>}
x[4,1]{5  <1.0>}
x[4,2]{3  <1.0>}
x[4,3]{2  <1.0>}
x[4,4]{4  <1.0>}
x[4,5]{1  <1.0>}
x[4,6]{6  <1.0>}
x[4,7]{7  <1.0>}
x[5,0]{2  <1.0>}
x[5,1]{7  <1.0>}
x[5,2]{1  <1.0>}
x[5,3]{4  <0.5>, 3  <0.5>}
x[5,4]{6  <1.0>}
x[5,5]{5  <1.0>}
x[5,6]{0  <1.0>}
x[5,7]{4  <0.5>, 3  <0.5>}
x[6,0]{5  <1.0>}
x[6,1]{0  <1.0>}
x[6,2]{4  <1.0>}
x[6,3]{7  <1.0>}
x[6,4]{3  <1.0>}
x[6,5]{6  <1.0>}
x[6,6]{2  <1.0>}
x[6,7]{1  <1.0>}
x[7,0]{3  <1.0>}
x[7,1]{4  <1.0>}
x[7,2]{0  <1.0>}
x[7,3]{1  <1.0>}
x[7,4]{5  <1.0>}
x[7,5]{2  <1.0>}
x[7,6]{7  <1.0>}
x[7,7]{6  <1.0>}
problem entropy = 1.0
smallest variable entropy = 0.6931471805599453
### branching on x[2,7]=0; marginal=0.5; regret=0.0; nb of ties=10
##### after BP iteration 1 #####
x[0,0]{6  <1.0>}
x[0,1]{2  <1.0>}
x[0,2]{7  <1.0>}
x[0,3]{0  <1.0>}
x[0,4]{1  <1.0>}
x[0,5]{4  <1.0>}
x[0,6]{3  <1.0>}
x[0,7]{5  <1.0>}
x[1,0]{4  <1.0>}
x[1,1]{3  <1.0>}
x[1,2]{5  <1.0>}
x[1,3]{6  <1.0>}
x[1,4]{0  <1.0>}
x[1,5]{7  <1.0>}
x[1,6]{1  <1.0>}
x[1,7]{2  <1.0>}
x[2,0]{7  <1.0>}
x[2,1]{1  <1.0>}
x[2,2]{6  <1.0>}
x[2,3]{4  <1.0>}
x[2,4]{2  <1.0>}
x[2,5]{3  <1.0>}
x[2,6]{5  <1.0>}
x[2,7]{0  <1.0>}
x[3,0]{1  <1.0>}
x[3,1]{6  <1.0>}
x[3,2]{2  <1.0>}
x[3,3]{5  <1.0>}
x[3,4]{7  <1.0>}
x[3,5]{0  <1.0>}
x[3,6]{4  <1.0>}
x[3,7]{3  <1.0>}
x[4,0]{0  <1.0>}
x[4,1]{5  <1.0>}
x[4,2]{3  <1.0>}
x[4,3]{2  <1.0>}
x[4,4]{4  <1.0>}
x[4,5]{1  <1.0>}
x[4,6]{6  <1.0>}
x[4,7]{7  <1.0>}
x[5,0]{2  <1.0>}
x[5,1]{7  <1.0>}
x[5,2]{1  <1.0>}
x[5,3]{3  <1.0>}
x[5,4]{6  <1.0>}
x[5,5]{5  <1.0>}
x[5,6]{0  <1.0>}
x[5,7]{4  <1.0>}
x[6,0]{5  <1.0>}
x[6,1]{0  <1.0>}
x[6,2]{4  <1.0>}
x[6,3]{7  <1.0>}
x[6,4]{3  <1.0>}
x[6,5]{6  <1.0>}
x[6,6]{2  <1.0>}
x[6,7]{1  <1.0>}
x[7,0]{3  <1.0>}
x[7,1]{4  <1.0>}
x[7,2]{0  <1.0>}
x[7,3]{1  <1.0>}
x[7,4]{5  <1.0>}
x[7,5]{2  <1.0>}
x[7,6]{7  <1.0>}
x[7,7]{6  <1.0>}
problem entropy = 0.0
smallest variable entropy = 1.7976931348623157E308
### branching on x[2,7]!=0
##### after BP iteration 1 #####
x[0,0]{6  <1.0>}
x[0,1]{2  <1.0>}
x[0,2]{7  <1.0>}
x[0,3]{3  <1.0>}
x[0,4]{1  <1.0>}
x[0,5]{4  <1.0>}
x[0,6]{5  <1.0>}
x[0,7]{0  <1.0>}
x[1,0]{4  <1.0>}
x[1,1]{3  <1.0>}
x[1,2]{5  <1.0>}
x[1,3]{6  <1.0>}
x[1,4]{0  <1.0>}
x[1,5]{7  <1.0>}
x[1,6]{1  <1.0>}
x[1,7]{2  <1.0>}
x[2,0]{7  <1.0>}
x[2,1]{1  <1.0>}
x[2,2]{6  <1.0>}
x[2,3]{0  <1.0>}
x[2,4]{2  <1.0>}
x[2,5]{3  <1.0>}
x[2,6]{4  <1.0>}
x[2,7]{5  <1.0>}
x[3,0]{1  <1.0>}
x[3,1]{6  <1.0>}
x[3,2]{2  <1.0>}
x[3,3]{5  <1.0>}
x[3,4]{7  <1.0>}
x[3,5]{0  <1.0>}
x[3,6]{3  <1.0>}
x[3,7]{4  <1.0>}
x[4,0]{0  <1.0>}
x[4,1]{5  <1.0>}
x[4,2]{3  <1.0>}
x[4,3]{2  <1.0>}
x[4,4]{4  <1.0>}
x[4,5]{1  <1.0>}
x[4,6]{6  <1.0>}
x[4,7]{7  <1.0>}
x[5,0]{2  <1.0>}
x[5,1]{7  <1.0>}
x[5,2]{1  <1.0>}
x[5,3]{4  <1.0>}
x[5,4]{6  <1.0>}
x[5,5]{5  <1.0>}
x[5,6]{0  <1.0>}
x[5,7]{3  <1.0>}
x[6,0]{5  <1.0>}
x[6,1]{0  <1.0>}
x[6,2]{4  <1.0>}
x[6,3]{7  <1.0>}
x[6,4]{3  <1.0>}
x[6,5]{6  <1.0>}
x[6,6]{2  <1.0>}
x[6,7]{1  <1.0>}
x[7,0]{3  <1.0>}
x[7,1]{4  <1.0>}
x[7,2]{0  <1.0>}
x[7,3]{1  <1.0>}
x[7,4]{5  <1.0>}
x[7,5]{2  <1.0>}
x[7,6]{7  <1.0>}
x[7,7]{6  <1.0>}
problem entropy = 0.0
smallest variable entropy = 1.7976931348623157E308

	#choice: 8
	#fail: 0
	execution time (ms): 74
	#sols : 1
	completed : false

