{1  <1.0>}
model: sum-product-oracle
FINAL DAMPING FACTOR = 1.0
##### after BP iteration 1 #####
x[0,0]{1  <1.0>}
x[0,1]{2  <0.4871794871794871>, 4  <0.5128205128205129>}
x[0,2]{5  <1.0>}
x[0,3]{0  <0.4733420026007803>, 7  <0.10793237971391417>, 3  <0.41872561768530564>}
x[0,4]{0  <0.12828843936694265>, 7  <0.12923173671522897>, 2  <0.3974426160779792>, 3  <0.17063200922335184>, 4  <0.17440519861649723>}
x[0,5]{4  <0.38182233386617953>, 7  <0.4503311258278145>, 3  <0.1678465403060059>}
x[0,6]{6  <1.0>}
x[0,7]{0  <0.28277158516243484>, 7  <0.10614525139664806>, 4  <0.12179300484524347>, 3  <0.48929015859567376>}
x[1,0]{5  <1.0>}
x[1,1]{7  <1.0>}
x[1,2]{2  <1.0>}
x[1,3]{1  <1.0>}
x[1,4]{6  <0.4043196544276458>, 4  <0.5956803455723542>}
x[1,5]{0  <1.0>}
x[1,6]{3  <1.0>}
x[1,7]{6  <0.5799967987560881>, 4  <0.42000320124391194>}
x[2,0]{0  <0.4271356783919598>, 6  <0.1708542713567839>, 2  <0.08040201005025124>, 3  <0.321608040201005>}
x[2,1]{4  <0.7519650655021833>, 2  <0.24803493449781663>}
x[2,2]{7  <1.0>}
x[2,3]{5  <1.0>}
x[2,4]{0  <0.20789362600253272>, 6  <0.15829463908822286>, 2  <0.28493035035880115>, 3  <0.19058674546222032>, 4  <0.1582946390882229>}
x[2,5]{6  <0.2886292390994586>, 4  <0.2613280136791108>, 3  <0.4500427472214307>}
x[2,6]{1  <1.0>}
x[2,7]{0  <0.3059635068980863>, 4  <0.1272808188696039>, 6  <0.1762349799732977>, 3  <0.3905206942590121>}
x[3,0]{0  <0.23170731707317072>, 3  <0.7682926829268294>}
x[3,1]{0  <0.42857142857142855>, 3  <0.5714285714285714>}
x[3,2]{6  <1.0>}
x[3,3]{4  <1.0>}
x[3,4]{1  <1.0>}
x[3,5]{5  <1.0>}
x[3,6]{7  <1.0>}
x[3,7]{2  <1.0>}
x[4,0]{4  <1.0>}
x[4,1]{6  <0.9496402877697842>, 3  <0.05035971223021582>}
x[4,2]{0  <1.0>}
x[4,3]{3  <0.9042266898844389>, 7  <0.0957733101155612>}
x[4,4]{6  <0.07174490699734277>, 7  <0.8138681513349361>, 3  <0.1143869416677211>}
x[4,5]{1  <1.0>}
x[4,6]{2  <1.0>}
x[4,7]{5  <1.0>}
x[5,0]{7  <1.0>}
x[5,1]{0  <0.3271028037383178>, 6  <0.0841121495327103>, 3  <0.588785046728972>}
x[5,2]{4  <1.0>}
x[5,3]{2  <1.0>}
x[5,4]{0  <0.597601761970797>, 6  <0.06721592299535034>, 3  <0.3351823150338527>}
x[5,5]{3  <0.2526847757422615>, 6  <0.7473152242577384>}
x[5,6]{5  <1.0>}
x[5,7]{1  <1.0>}
x[6,0]{0  <0.061391541609822645>, 6  <0.9386084583901773>}
x[6,1]{1  <1.0>}
x[6,2]{3  <1.0>}
x[6,3]{0  <0.5725190839694657>, 7  <0.4274809160305343>}
x[6,4]{5  <1.0>}
x[6,5]{2  <1.0>}
x[6,6]{4  <1.0>}
x[6,7]{0  <0.33603896103896097>, 7  <0.5628478664192951>, 6  <0.10111317254174393>}
x[7,0]{3  <0.1826176127663759>, 2  <0.8173823872336242>}
x[7,1]{5  <1.0>}
x[7,2]{1  <1.0>}
x[7,3]{6  <1.0>}
x[7,4]{4  <0.23585115665403072>, 7  <0.1867154990177742>, 2  <0.1947796613474285>, 3  <0.38265368298076663>}
x[7,5]{4  <0.5264318576443899>, 7  <0.33982459030937506>, 3  <0.13374355204623514>}
x[7,6]{0  <1.0>}
x[7,7]{4  <0.2690406404479636>, 7  <0.3974802047333654>, 3  <0.33347915481867096>}
problem entropy = 0.0
smallest variable entropy = 1.7976931348623157E308
### branching on x[0,1]=4
##### after BP iteration 1 #####
x[0,0]{1  <1.0>}
x[0,1]{4  <1.0>}
x[0,2]{5  <1.0>}
x[0,3]{0  <0.7970539986794726>, 7  <0.09106265196723116>, 3  <0.11188334935329623>}
x[0,4]{2  <1.0>}
x[0,5]{3  <0.06225118331268363>, 7  <0.9377488166873164>}
x[0,6]{6  <1.0>}
x[0,7]{0  <0.4766382079057618>, 7  <0.07652593083509096>, 3  <0.44683586125914726>}
x[1,0]{5  <1.0>}
x[1,1]{7  <1.0>}
x[1,2]{2  <1.0>}
x[1,3]{1  <1.0>}
x[1,4]{6  <0.6288894248373275>, 4  <0.3711105751626725>}
x[1,5]{0  <1.0>}
x[1,6]{3  <1.0>}
x[1,7]{6  <0.6841603759678948>, 4  <0.3158396240321052>}
x[2,0]{0  <0.7284189643203206>, 6  <0.10645568400017577>, 3  <0.16512535167950362>}
x[2,1]{2  <1.0>}
x[2,2]{7  <1.0>}
x[2,3]{5  <1.0>}
x[2,4]{0  <0.21380191052240805>, 6  <0.38548388835673325>, 4  <0.26808981436096097>, 3  <0.13262438675989763>}
x[2,5]{6  <0.22900967415775328>, 4  <0.5446556950121652>, 3  <0.2263346308300816>}
x[2,6]{1  <1.0>}
x[2,7]{0  <0.22301796281052247>, 4  <0.3152982824057907>, 6  <0.24092197834176315>, 3  <0.22076177644192374>}
x[3,0]{0  <0.46609012289485646>, 3  <0.5339098771051435>}
x[3,1]{0  <0.7572730968004182>, 3  <0.2427269031995818>}
x[3,2]{6  <1.0>}
x[3,3]{4  <1.0>}
x[3,4]{1  <1.0>}
x[3,5]{5  <1.0>}
x[3,6]{7  <1.0>}
x[3,7]{2  <1.0>}
x[4,0]{4  <1.0>}
x[4,1]{6  <0.9857528699465684>, 3  <0.014247130053431627>}
x[4,2]{0  <1.0>}
x[4,3]{3  <0.8403408874670977>, 7  <0.1596591125329023>}
x[4,4]{6  <0.01936005756030002>, 7  <0.9461723856124203>, 3  <0.03446755682727958>}
x[4,5]{1  <1.0>}
x[4,6]{2  <1.0>}
x[4,7]{5  <1.0>}
x[5,0]{7  <1.0>}
x[5,1]{0  <0.4598913126040091>, 6  <0.028615029795814085>, 3  <0.5114936576001767>}
x[5,2]{4  <1.0>}
x[5,3]{2  <1.0>}
x[5,4]{0  <0.6690227106941751>, 6  <0.11123050911604276>, 3  <0.21974678018978203>}
x[5,5]{3  <0.18206167808990398>, 6  <0.8179383219100961>}
x[5,6]{5  <1.0>}
x[5,7]{1  <1.0>}
x[6,0]{0  <0.1695177031803509>, 6  <0.830482296819649>}
x[6,1]{1  <1.0>}
x[6,2]{3  <1.0>}
x[6,3]{0  <0.3511137063336066>, 7  <0.6488862936663935>}
x[6,4]{5  <1.0>}
x[6,5]{2  <1.0>}
x[6,6]{4  <1.0>}
x[6,7]{0  <0.2520698385562302>, 7  <0.6696605108932966>, 6  <0.07826965055047307>}
x[7,0]{2  <1.0>}
x[7,1]{5  <1.0>}
x[7,2]{1  <1.0>}
x[7,3]{6  <1.0>}
x[7,4]{4  <0.3380963749230443>, 7  <0.12865544382653343>, 3  <0.5332481812504224>}
x[7,5]{4  <0.6523487643470216>, 7  <0.15666275656193948>, 3  <0.19098847909103908>}
x[7,6]{0  <1.0>}
x[7,7]{4  <0.49106721388395796>, 7  <0.19974556379585692>, 3  <0.3091872223201852>}
problem entropy = 0.0
smallest variable entropy = 1.7976931348623157E308
### branching on x[0,5]=7
### branching on x[0,3]=0
##### after BP iteration 1 #####
x[0,0]{1  <1.0>}
x[0,1]{4  <1.0>}
x[0,2]{5  <1.0>}
x[0,3]{0  <1.0>}
x[0,4]{2  <1.0>}
x[0,5]{7  <1.0>}
x[0,6]{6  <1.0>}
x[0,7]{3  <1.0>}
x[1,0]{5  <1.0>}
x[1,1]{7  <1.0>}
x[1,2]{2  <1.0>}
x[1,3]{1  <1.0>}
x[1,4]{6  <0.4438884091940357>, 4  <0.5561115908059642>}
x[1,5]{0  <1.0>}
x[1,6]{3  <1.0>}
x[1,7]{6  <0.30173242231197867>, 4  <0.6982675776880213>}
x[2,0]{0  <0.41239334488893936>, 6  <0.11416054028390536>, 3  <0.4734461148271554>}
x[2,1]{2  <1.0>}
x[2,2]{7  <1.0>}
x[2,3]{5  <1.0>}
x[2,4]{0  <0.18637669153035383>, 6  <0.3059351981789766>, 4  <0.23901390891707108>, 3  <0.2686742013735985>}
x[2,5]{6  <0.14604235619874792>, 4  <0.2804491225752506>, 3  <0.5735085212260014>}
x[2,6]{1  <1.0>}
x[2,7]{0  <0.0829736675095047>, 4  <0.4719928356512144>, 6  <0.4450334968392809>}
x[3,0]{0  <0.15906184985864877>, 3  <0.8409381501413512>}
x[3,1]{0  <0.6294539844247655>, 3  <0.37054601557523453>}
x[3,2]{6  <1.0>}
x[3,3]{4  <1.0>}
x[3,4]{1  <1.0>}
x[3,5]{5  <1.0>}
x[3,6]{7  <1.0>}
x[3,7]{2  <1.0>}
x[4,0]{4  <1.0>}
x[4,1]{6  <1.0>}
x[4,2]{0  <1.0>}
x[4,3]{3  <1.0>}
x[4,4]{7  <1.0>}
x[4,5]{1  <1.0>}
x[4,6]{2  <1.0>}
x[4,7]{5  <1.0>}
x[5,0]{7  <1.0>}
x[5,1]{0  <0.26504590093092767>, 3  <0.7349540990690723>}
x[5,2]{4  <1.0>}
x[5,3]{2  <1.0>}
x[5,4]{0  <0.7211006339010212>, 6  <0.08539328884733591>, 3  <0.19350607725164298>}
x[5,5]{3  <0.13673553767978705>, 6  <0.8632644623202129>}
x[5,6]{5  <1.0>}
x[5,7]{1  <1.0>}
x[6,0]{0  <0.3018752460337699>, 6  <0.6981247539662301>}
x[6,1]{1  <1.0>}
x[6,2]{3  <1.0>}
x[6,3]{7  <1.0>}
x[6,4]{5  <1.0>}
x[6,5]{2  <1.0>}
x[6,6]{4  <1.0>}
x[6,7]{0  <0.8082076406428459>, 6  <0.1917923593571541>}
x[7,0]{2  <1.0>}
x[7,1]{5  <1.0>}
x[7,2]{1  <1.0>}
x[7,3]{6  <1.0>}
x[7,4]{4  <0.18141637994115367>, 3  <0.8185836200588462>}
x[7,5]{4  <0.47720369727238443>, 3  <0.5227963027276156>}
x[7,6]{0  <1.0>}
x[7,7]{7  <1.0>}
problem entropy = 0.0
smallest variable entropy = 1.7976931348623157E308
### branching on x[1,4]=6
##### after BP iteration 1 #####
x[0,0]{1  <1.0>}
x[0,1]{4  <1.0>}
x[0,2]{5  <1.0>}
x[0,3]{0  <1.0>}
x[0,4]{2  <1.0>}
x[0,5]{7  <1.0>}
x[0,6]{6  <1.0>}
x[0,7]{3  <1.0>}
x[1,0]{5  <1.0>}
x[1,1]{7  <1.0>}
x[1,2]{2  <1.0>}
x[1,3]{1  <1.0>}
x[1,4]{6  <1.0>}
x[1,5]{0  <1.0>}
x[1,6]{3  <1.0>}
x[1,7]{4  <1.0>}
x[2,0]{0  <0.6459327886327898>, 6  <0.20056716795215912>, 3  <0.15350004341505105>}
x[2,1]{2  <1.0>}
x[2,2]{7  <1.0>}
x[2,3]{5  <1.0>}
x[2,4]{0  <0.21197821272130343>, 3  <0.17846132589781016>, 4  <0.6095604613808864>}
x[2,5]{3  <0.39438962302487485>, 4  <0.6056103769751252>}
x[2,6]{1  <1.0>}
x[2,7]{0  <0.11337569783046987>, 6  <0.8866243021695301>}
x[3,0]{0  <0.31269749066511293>, 3  <0.687302509334887>}
x[3,1]{0  <0.8245296508226315>, 3  <0.17547034917736842>}
x[3,2]{6  <1.0>}
x[3,3]{4  <1.0>}
x[3,4]{1  <1.0>}
x[3,5]{5  <1.0>}
x[3,6]{7  <1.0>}
x[3,7]{2  <1.0>}
x[4,0]{4  <1.0>}
x[4,1]{6  <1.0>}
x[4,2]{0  <1.0>}
x[4,3]{3  <1.0>}
x[4,4]{7  <1.0>}
x[4,5]{1  <1.0>}
x[4,6]{2  <1.0>}
x[4,7]{5  <1.0>}
x[5,0]{7  <1.0>}
x[5,1]{0  <0.14944001043083718>, 3  <0.8505599895691629>}
x[5,2]{4  <1.0>}
x[5,3]{2  <1.0>}
x[5,4]{0  <0.8894450132863824>, 3  <0.11055498671361771>}
x[5,5]{6  <1.0>}
x[5,6]{5  <1.0>}
x[5,7]{1  <1.0>}
x[6,0]{0  <0.18086646162805925>, 6  <0.8191335383719408>}
x[6,1]{1  <1.0>}
x[6,2]{3  <1.0>}
x[6,3]{7  <1.0>}
x[6,4]{5  <1.0>}
x[6,5]{2  <1.0>}
x[6,6]{4  <1.0>}
x[6,7]{0  <0.7938783925478364>, 6  <0.20612160745216357>}
x[7,0]{2  <1.0>}
x[7,1]{5  <1.0>}
x[7,2]{1  <1.0>}
x[7,3]{6  <1.0>}
x[7,4]{4  <0.754170744047684>, 3  <0.24582925595231594>}
x[7,5]{4  <0.7298368468747405>, 3  <0.2701631531252595>}
x[7,6]{0  <1.0>}
x[7,7]{7  <1.0>}
problem entropy = 0.0
smallest variable entropy = 1.7976931348623157E308
### branching on x[2,5]=3
##### after BP iteration 1 #####
x[0,0]{1  <1.0>}
x[0,1]{4  <1.0>}
x[0,2]{5  <1.0>}
x[0,3]{0  <1.0>}
x[0,4]{2  <1.0>}
x[0,5]{7  <1.0>}
x[0,6]{6  <1.0>}
x[0,7]{3  <1.0>}
x[1,0]{5  <1.0>}
x[1,1]{7  <1.0>}
x[1,2]{2  <1.0>}
x[1,3]{1  <1.0>}
x[1,4]{6  <1.0>}
x[1,5]{0  <1.0>}
x[1,6]{3  <1.0>}
x[1,7]{4  <1.0>}
x[2,0]{0  <0.808207640642846>, 6  <0.1917923593571541>}
x[2,1]{2  <1.0>}
x[2,2]{7  <1.0>}
x[2,3]{5  <1.0>}
x[2,4]{4  <1.0>}
x[2,5]{3  <1.0>}
x[2,6]{1  <1.0>}
x[2,7]{0  <0.30187524603376986>, 6  <0.6981247539662301>}
x[3,0]{3  <1.0>}
x[3,1]{0  <1.0>}
x[3,2]{6  <1.0>}
x[3,3]{4  <1.0>}
x[3,4]{1  <1.0>}
x[3,5]{5  <1.0>}
x[3,6]{7  <1.0>}
x[3,7]{2  <1.0>}
x[4,0]{4  <1.0>}
x[4,1]{6  <1.0>}
x[4,2]{0  <1.0>}
x[4,3]{3  <1.0>}
x[4,4]{7  <1.0>}
x[4,5]{1  <1.0>}
x[4,6]{2  <1.0>}
x[4,7]{5  <1.0>}
x[5,0]{7  <1.0>}
x[5,1]{3  <1.0>}
x[5,2]{4  <1.0>}
x[5,3]{2  <1.0>}
x[5,4]{0  <1.0>}
x[5,5]{6  <1.0>}
x[5,6]{5  <1.0>}
x[5,7]{1  <1.0>}
x[6,0]{0  <0.1571449652806127>, 6  <0.8428550347193873>}
x[6,1]{1  <1.0>}
x[6,2]{3  <1.0>}
x[6,3]{7  <1.0>}
x[6,4]{5  <1.0>}
x[6,5]{2  <1.0>}
x[6,6]{4  <1.0>}
x[6,7]{0  <0.8936707237891671>, 6  <0.10632927621083288>}
x[7,0]{2  <1.0>}
x[7,1]{5  <1.0>}
x[7,2]{1  <1.0>}
x[7,3]{6  <1.0>}
x[7,4]{3  <1.0>}
x[7,5]{4  <1.0>}
x[7,6]{0  <1.0>}
x[7,7]{7  <1.0>}
problem entropy = 0.0
smallest variable entropy = 1.7976931348623157E308
### branching on x[2,0]=0
##### after BP iteration 1 #####
x[0,0]{1  <1.0>}
x[0,1]{4  <1.0>}
x[0,2]{5  <1.0>}
x[0,3]{0  <1.0>}
x[0,4]{2  <1.0>}
x[0,5]{7  <1.0>}
x[0,6]{6  <1.0>}
x[0,7]{3  <1.0>}
x[1,0]{5  <1.0>}
x[1,1]{7  <1.0>}
x[1,2]{2  <1.0>}
x[1,3]{1  <1.0>}
x[1,4]{6  <1.0>}
x[1,5]{0  <1.0>}
x[1,6]{3  <1.0>}
x[1,7]{4  <1.0>}
x[2,0]{0  <1.0>}
x[2,1]{2  <1.0>}
x[2,2]{7  <1.0>}
x[2,3]{5  <1.0>}
x[2,4]{4  <1.0>}
x[2,5]{3  <1.0>}
x[2,6]{1  <1.0>}
x[2,7]{6  <1.0>}
x[3,0]{3  <1.0>}
x[3,1]{0  <1.0>}
x[3,2]{6  <1.0>}
x[3,3]{4  <1.0>}
x[3,4]{1  <1.0>}
x[3,5]{5  <1.0>}
x[3,6]{7  <1.0>}
x[3,7]{2  <1.0>}
x[4,0]{4  <1.0>}
x[4,1]{6  <1.0>}
x[4,2]{0  <1.0>}
x[4,3]{3  <1.0>}
x[4,4]{7  <1.0>}
x[4,5]{1  <1.0>}
x[4,6]{2  <1.0>}
x[4,7]{5  <1.0>}
x[5,0]{7  <1.0>}
x[5,1]{3  <1.0>}
x[5,2]{4  <1.0>}
x[5,3]{2  <1.0>}
x[5,4]{0  <1.0>}
x[5,5]{6  <1.0>}
x[5,6]{5  <1.0>}
x[5,7]{1  <1.0>}
x[6,0]{6  <1.0>}
x[6,1]{1  <1.0>}
x[6,2]{3  <1.0>}
x[6,3]{7  <1.0>}
x[6,4]{5  <1.0>}
x[6,5]{2  <1.0>}
x[6,6]{4  <1.0>}
x[6,7]{0  <1.0>}
x[7,0]{2  <1.0>}
x[7,1]{5  <1.0>}
x[7,2]{1  <1.0>}
x[7,3]{6  <1.0>}
x[7,4]{3  <1.0>}
x[7,5]{4  <1.0>}
x[7,6]{0  <1.0>}
x[7,7]{7  <1.0>}
problem entropy = 0.0
smallest variable entropy = 1.7976931348623157E308
### branching on x[2,0]!=0
##### after BP iteration 1 #####
x[0,0]{1  <1.0>}
x[0,1]{4  <1.0>}
x[0,2]{5  <1.0>}
x[0,3]{0  <1.0>}
x[0,4]{2  <1.0>}
x[0,5]{7  <1.0>}
x[0,6]{6  <1.0>}
x[0,7]{3  <1.0>}
x[1,0]{5  <1.0>}
x[1,1]{7  <1.0>}
x[1,2]{2  <1.0>}
x[1,3]{1  <1.0>}
x[1,4]{6  <1.0>}
x[1,5]{0  <1.0>}
x[1,6]{3  <1.0>}
x[1,7]{4  <1.0>}
x[2,0]{6  <1.0>}
x[2,1]{2  <1.0>}
x[2,2]{7  <1.0>}
x[2,3]{5  <1.0>}
x[2,4]{4  <1.0>}
x[2,5]{3  <1.0>}
x[2,6]{1  <1.0>}
x[2,7]{0  <1.0>}
x[3,0]{3  <1.0>}
x[3,1]{0  <1.0>}
x[3,2]{6  <1.0>}
x[3,3]{4  <1.0>}
x[3,4]{1  <1.0>}
x[3,5]{5  <1.0>}
x[3,6]{7  <1.0>}
x[3,7]{2  <1.0>}
x[4,0]{4  <1.0>}
x[4,1]{6  <1.0>}
x[4,2]{0  <1.0>}
x[4,3]{3  <1.0>}
x[4,4]{7  <1.0>}
x[4,5]{1  <1.0>}
x[4,6]{2  <1.0>}
x[4,7]{5  <1.0>}
x[5,0]{7  <1.0>}
x[5,1]{3  <1.0>}
x[5,2]{4  <1.0>}
x[5,3]{2  <1.0>}
x[5,4]{0  <1.0>}
x[5,5]{6  <1.0>}
x[5,6]{5  <1.0>}
x[5,7]{1  <1.0>}
x[6,0]{0  <1.0>}
x[6,1]{1  <1.0>}
x[6,2]{3  <1.0>}
x[6,3]{7  <1.0>}
x[6,4]{5  <1.0>}
x[6,5]{2  <1.0>}
x[6,6]{4  <1.0>}
x[6,7]{6  <1.0>}
x[7,0]{2  <1.0>}
x[7,1]{5  <1.0>}
x[7,2]{1  <1.0>}
x[7,3]{6  <1.0>}
x[7,4]{3  <1.0>}
x[7,5]{4  <1.0>}
x[7,6]{0  <1.0>}
x[7,7]{7  <1.0>}
problem entropy = 0.0
smallest variable entropy = 1.7976931348623157E308

	#choice: 7
	#fail: 0
	execution time (ms): 61
	#sols : 1
	completed : false

