{7  <1.0>, 1  <1.0>, 2  <1.0>, 4  <1.0>}
model: sum-product-oracle
FINAL DAMPING FACTOR = 1.0
##### after BP iteration 1 #####
x[0,0]{7  <0.9715116996365971>, 1  <0.028488300363402864>, 4  <8.473328451456901E-80>}
x[0,1]{6  <1.0>}
x[0,2]{2  <1.0>}
x[0,3]{4  <1.0>, 3  <4.502513684486988E-84>}
x[0,4]{5  <1.0>}
x[0,5]{7  <6.858097566625032E-78>, 3  <1.0>}
x[0,6]{0  <1.0>}
x[0,7]{7  <0.3702805150467704>, 1  <0.6297194849532296>}
x[1,0]{0  <1.0>}
x[1,1]{3  <1.0>}
x[1,2]{6  <1.0>}
x[1,3]{2  <0.918982150402448>, 5  <0.08101784959755201>}
x[1,4]{1  <1.0>}
x[1,5]{7  <0.06876306714972993>, 5  <0.8673872414437976>, 2  <0.06384969140647245>}
x[1,6]{4  <1.0>}
x[1,7]{7  <0.8246634247891083>, 5  <0.16214457137982308>, 2  <0.013192003831068652>}
x[2,0]{2  <1.0>}
x[2,1]{5  <1.0>}
x[2,2]{7  <1.0>}
x[2,3]{3  <1.0>, 6  <7.191379907441455E-91>}
x[2,4]{4  <1.0>}
x[2,5]{1  <1.0>}
x[2,6]{3  <3.26962064483792E-87>, 6  <1.0>}
x[2,7]{0  <1.0>}
x[3,0]{3  <1.0>}
x[3,1]{0  <1.0>}
x[3,2]{1  <1.0>}
x[3,3]{2  <0.10655161000022073>, 5  <0.8934483899997793>}
x[3,4]{6  <1.0>}
x[3,5]{4  <1.0>}
x[3,6]{7  <0.993062460749063>, 5  <1.0849794772523489E-6>, 2  <0.006936454271459702>}
x[3,7]{7  <0.023810496286179896>, 5  <0.04707511925017142>, 2  <0.9291143844636487>}
x[4,0]{5  <0.0027386259196134056>, 1  <0.9972613740803866>}
x[4,1]{2  <1.0>}
x[4,2]{4  <1.0>}
x[4,3]{0  <1.0>}
x[4,4]{7  <1.0>}
x[4,5]{6  <1.0>}
x[4,6]{5  <0.9966568337591446>, 1  <0.003343166240855398>}
x[4,7]{3  <1.0>}
x[5,0]{5  <0.9790237253225551>, 7  <0.02097627467744489>}
x[5,1]{4  <1.0>}
x[5,2]{0  <0.9999999990510408>, 5  <9.489592086642011E-10>}
x[5,3]{1  <1.0>}
x[5,4]{3  <1.0>}
x[5,5]{0  <1.0674941263527717E-8>, 5  <0.0037771715133117618>, 2  <0.0028828432847501644>, 7  <0.9933399745269967>}
x[5,6]{5  <1.0153519908848828E-6>, 7  <0.008694167943151252>, 2  <0.9913048167048578>}
x[5,7]{6  <1.0>}
x[6,0]{5  <1.2741516699763134E-89>, 1  <7.840791744673262E-88>, 4  <1.0>}
x[6,1]{7  <1.0>}
x[6,2]{3  <1.0>}
x[6,3]{6  <1.0>, 4  <1.0029727204506347E-91>}
x[6,4]{0  <1.0>}
x[6,5]{5  <0.045957244115135576>, 2  <0.9540427558848643>}
x[6,6]{5  <0.0076853113607925514>, 1  <0.9922993657642429>, 2  <1.532287496451448E-5>, 6  <5.173547548858307E-87>}
x[6,7]{5  <0.8774694075854795>, 1  <0.06805692115610078>, 2  <0.054473671258419676>}
x[7,0]{6  <1.0>}
x[7,1]{1  <1.0>}
x[7,2]{0  <3.530747227664544E-9>, 5  <0.9999999964692529>}
x[7,3]{7  <1.0>}
x[7,4]{2  <1.0>}
x[7,5]{0  <0.9999999710146834>, 3  <3.138092320611762E-75>, 5  <2.8985316606927472E-8>}
x[7,6]{3  <1.0>, 5  <4.596836598612721E-78>}
x[7,7]{4  <1.0>}
problem entropy = 0.16082832178563217
smallest variable entropy = 2.1015515603121552E-89
### branching on x[0,3]=4 marginal=1.0
##### after BP iteration 1 #####
x[0,0]{7  <0.9971332151524752>, 1  <0.0028667848475247646>}
x[0,1]{6  <1.0>}
x[0,2]{2  <1.0>}
x[0,3]{4  <1.0>}
x[0,4]{5  <1.0>}
x[0,5]{3  <1.0>}
x[0,6]{0  <1.0>}
x[0,7]{7  <0.013602456275903065>, 1  <0.9863975437240969>}
x[1,0]{0  <1.0>}
x[1,1]{3  <1.0>}
x[1,2]{6  <1.0>}
x[1,3]{2  <0.9105112104621296>, 5  <0.08948878953787048>}
x[1,4]{1  <1.0>}
x[1,5]{7  <0.0665605643912709>, 5  <0.8855753784353976>, 2  <0.04786405717333156>}
x[1,6]{4  <1.0>}
x[1,7]{7  <0.8829566370681968>, 5  <0.10055501031131257>, 2  <0.016488352620490546>}
x[2,0]{2  <1.0>}
x[2,1]{5  <1.0>}
x[2,2]{7  <1.0>}
x[2,3]{3  <1.0>}
x[2,4]{4  <1.0>}
x[2,5]{1  <1.0>}
x[2,6]{6  <1.0>}
x[2,7]{0  <1.0>}
x[3,0]{3  <1.0>}
x[3,1]{0  <1.0>}
x[3,2]{1  <1.0>}
x[3,3]{2  <0.04270412952254528>, 5  <0.9572958704774548>}
x[3,4]{6  <1.0>}
x[3,5]{4  <1.0>}
x[3,6]{7  <0.9974452362522578>, 5  <2.491082932727212E-7>, 2  <0.0025545146394489967>}
x[3,7]{7  <0.0038267539770228186>, 5  <0.04211706874000974>, 2  <0.9540561772829674>}
x[4,0]{5  <4.92144405863594E-4>, 1  <0.9995078555941364>}
x[4,1]{2  <1.0>}
x[4,2]{4  <1.0>}
x[4,3]{0  <1.0>}
x[4,4]{7  <1.0>}
x[4,5]{6  <1.0>}
x[4,6]{5  <0.9977185570463175>, 1  <0.0022814429536824874>}
x[4,7]{3  <1.0>}
x[5,0]{5  <0.9996113292373736>, 7  <3.886707626263507E-4>}
x[5,1]{4  <1.0>}
x[5,2]{0  <0.9999999998614355>, 5  <1.3856441251956351E-10>}
x[5,3]{1  <1.0>}
x[5,4]{3  <1.0>}
x[5,5]{0  <2.2030203350474525E-9>, 5  <0.03075212289911767>, 2  <0.007977201293705704>, 7  <0.9612706736041563>}
x[5,6]{5  <8.265264219008657E-7>, 7  <0.0014831444726386637>, 2  <0.9985160290009395>}
x[5,7]{6  <1.0>}
x[6,0]{4  <1.0>}
x[6,1]{7  <1.0>}
x[6,2]{3  <1.0>}
x[6,3]{6  <1.0>}
x[6,4]{0  <1.0>}
x[6,5]{5  <0.06469783586280077>, 2  <0.9353021641371992>}
x[6,6]{5  <0.019867468239698847>, 1  <0.9801280078614617>, 2  <4.523898839343353E-6>}
x[6,7]{5  <0.9160180179488769>, 1  <0.03523373444315089>, 2  <0.048748247607972216>}
x[7,0]{6  <1.0>}
x[7,1]{1  <1.0>}
x[7,2]{0  <6.399277616452811E-11>, 5  <0.9999999999360072>}
x[7,3]{7  <1.0>}
x[7,4]{2  <1.0>}
x[7,5]{0  <0.999999998586202>, 5  <1.4137979743435974E-9>}
x[7,6]{3  <1.0>}
x[7,7]{4  <1.0>}
problem entropy = 0.1427314429512498
smallest variable entropy = 1.5660473096969946E-9
### branching on x[7,2]=5 marginal=0.9999999999360072
### branching on x[5,0]=5 marginal=0.9996113292373736
##### after BP iteration 1 #####
x[0,0]{7  <1.0>}
x[0,1]{6  <1.0>}
x[0,2]{2  <1.0>}
x[0,3]{4  <1.0>}
x[0,4]{5  <1.0>}
x[0,5]{3  <1.0>}
x[0,6]{0  <1.0>}
x[0,7]{1  <1.0>}
x[1,0]{0  <1.0>}
x[1,1]{3  <1.0>}
x[1,2]{6  <1.0>}
x[1,3]{2  <0.9718630631415436>, 5  <0.028136936858456474>}
x[1,4]{1  <1.0>}
x[1,5]{7  <0.016203066933531064>, 5  <0.9099395433808412>, 2  <0.07385738968562779>}
x[1,6]{4  <1.0>}
x[1,7]{7  <0.9985060650120267>, 5  <5.818463069600478E-4>, 2  <9.120886810133362E-4>}
x[2,0]{2  <1.0>}
x[2,1]{5  <1.0>}
x[2,2]{7  <1.0>}
x[2,3]{3  <1.0>}
x[2,4]{4  <1.0>}
x[2,5]{1  <1.0>}
x[2,6]{6  <1.0>}
x[2,7]{0  <1.0>}
x[3,0]{3  <1.0>}
x[3,1]{0  <1.0>}
x[3,2]{1  <1.0>}
x[3,3]{2  <0.03503135043179599>, 5  <0.964968649568204>}
x[3,4]{6  <1.0>}
x[3,5]{4  <1.0>}
x[3,6]{7  <0.9991851086517549>, 2  <8.14891348245016E-4>}
x[3,7]{7  <0.0027266935025384237>, 5  <0.03769854771299342>, 2  <0.9595747587844682>}
x[4,0]{1  <1.0>}
x[4,1]{2  <1.0>}
x[4,2]{4  <1.0>}
x[4,3]{0  <1.0>}
x[4,4]{7  <1.0>}
x[4,5]{6  <1.0>}
x[4,6]{5  <1.0>}
x[4,7]{3  <1.0>}
x[5,0]{5  <1.0>}
x[5,1]{4  <1.0>}
x[5,2]{0  <1.0>}
x[5,3]{1  <1.0>}
x[5,4]{3  <1.0>}
x[5,5]{7  <0.9854035833678613>, 2  <0.01459641663213871>}
x[5,6]{2  <0.9975833662893838>, 7  <0.002416633710616156>}
x[5,7]{6  <1.0>}
x[6,0]{4  <1.0>}
x[6,1]{7  <1.0>}
x[6,2]{3  <1.0>}
x[6,3]{6  <1.0>}
x[6,4]{0  <1.0>}
x[6,5]{5  <0.0887759512297873>, 2  <0.9112240487702127>}
x[6,6]{1  <1.0>}
x[6,7]{5  <0.9487647745322327>, 2  <0.051235225467767216>}
x[7,0]{6  <1.0>}
x[7,1]{1  <1.0>}
x[7,2]{5  <1.0>}
x[7,3]{7  <1.0>}
x[7,4]{2  <1.0>}
x[7,5]{0  <1.0>}
x[7,6]{3  <1.0>}
x[7,7]{4  <1.0>}
problem entropy = 0.17603659885252068
smallest variable entropy = 0.006610437904711936
##### after BP iteration 2 #####
x[0,0]{7  <1.0>}
x[0,1]{6  <1.0>}
x[0,2]{2  <1.0>}
x[0,3]{4  <1.0>}
x[0,4]{5  <1.0>}
x[0,5]{3  <1.0>}
x[0,6]{0  <1.0>}
x[0,7]{1  <1.0>}
x[1,0]{0  <1.0>}
x[1,1]{3  <1.0>}
x[1,2]{6  <1.0>}
x[1,3]{2  <0.9707337018819995>, 5  <0.02926629811800058>}
x[1,4]{1  <1.0>}
x[1,5]{7  <2.043612186873461E-4>, 5  <0.9704740953120313>, 2  <0.029321543469281272>}
x[1,6]{4  <1.0>}
x[1,7]{7  <0.9997007665211289>, 5  <2.099921879509353E-4>, 2  <8.924129092015233E-5>}
x[2,0]{2  <1.0>}
x[2,1]{5  <1.0>}
x[2,2]{7  <1.0>}
x[2,3]{3  <1.0>}
x[2,4]{4  <1.0>}
x[2,5]{1  <1.0>}
x[2,6]{6  <1.0>}
x[2,7]{0  <1.0>}
x[3,0]{3  <1.0>}
x[3,1]{0  <1.0>}
x[3,2]{1  <1.0>}
x[3,3]{2  <0.024836054562528874>, 5  <0.9751639454374711>}
x[3,4]{6  <1.0>}
x[3,5]{4  <1.0>}
x[3,6]{7  <0.9974006559062268>, 2  <0.002599344093773151>}
x[3,7]{7  <3.5824591035289103E-4>, 5  <0.04018243979723643>, 2  <0.9594593142924107>}
x[4,0]{1  <1.0>}
x[4,1]{2  <1.0>}
x[4,2]{4  <1.0>}
x[4,3]{0  <1.0>}
x[4,4]{7  <1.0>}
x[4,5]{6  <1.0>}
x[4,6]{5  <1.0>}
x[4,7]{3  <1.0>}
x[5,0]{5  <1.0>}
x[5,1]{4  <1.0>}
x[5,2]{0  <1.0>}
x[5,3]{1  <1.0>}
x[5,4]{3  <1.0>}
x[5,5]{7  <0.9950930726499247>, 2  <0.004906927350075242>}
x[5,6]{2  <0.9919324889993277>, 7  <0.008067511000672312>}
x[5,7]{6  <1.0>}
x[6,0]{4  <1.0>}
x[6,1]{7  <1.0>}
x[6,2]{3  <1.0>}
x[6,3]{6  <1.0>}
x[6,4]{0  <1.0>}
x[6,5]{5  <0.06481158871107266>, 2  <0.9351884112889273>}
x[6,6]{1  <1.0>}
x[6,7]{5  <0.9324192409530314>, 2  <0.06758075904696859>}
x[7,0]{6  <1.0>}
x[7,1]{1  <1.0>}
x[7,2]{5  <1.0>}
x[7,3]{7  <1.0>}
x[7,4]{2  <1.0>}
x[7,5]{0  <1.0>}
x[7,6]{3  <1.0>}
x[7,7]{4  <1.0>}
problem entropy = 0.14812388979809044
smallest variable entropy = 0.0029095956712097224
##### after BP iteration 3 #####
x[0,0]{7  <1.0>}
x[0,1]{6  <1.0>}
x[0,2]{2  <1.0>}
x[0,3]{4  <1.0>}
x[0,4]{5  <1.0>}
x[0,5]{3  <1.0>}
x[0,6]{0  <1.0>}
x[0,7]{1  <1.0>}
x[1,0]{0  <1.0>}
x[1,1]{3  <1.0>}
x[1,2]{6  <1.0>}
x[1,3]{2  <0.9740780242968375>, 5  <0.0259219757031625>}
x[1,4]{1  <1.0>}
x[1,5]{7  <6.901433573863211E-5>, 5  <0.9770625525626837>, 2  <0.02286843310157759>}
x[1,6]{4  <1.0>}
x[1,7]{7  <0.999934470836504>, 5  <4.9783543682059396E-5>, 2  <1.5745619813961985E-5>}
x[2,0]{2  <1.0>}
x[2,1]{5  <1.0>}
x[2,2]{7  <1.0>}
x[2,3]{3  <1.0>}
x[2,4]{4  <1.0>}
x[2,5]{1  <1.0>}
x[2,6]{6  <1.0>}
x[2,7]{0  <1.0>}
x[3,0]{3  <1.0>}
x[3,1]{0  <1.0>}
x[3,2]{1  <1.0>}
x[3,3]{2  <0.03358240425066959>, 5  <0.9664175957493304>}
x[3,4]{6  <1.0>}
x[3,5]{4  <1.0>}
x[3,6]{7  <0.996412016313602>, 2  <0.003587983686397991>}
x[3,7]{7  <3.58561925276319E-4>, 5  <0.04458002657859838>, 2  <0.9550614114961253>}
x[4,0]{1  <1.0>}
x[4,1]{2  <1.0>}
x[4,2]{4  <1.0>}
x[4,3]{0  <1.0>}
x[4,4]{7  <1.0>}
x[4,5]{6  <1.0>}
x[4,6]{5  <1.0>}
x[4,7]{3  <1.0>}
x[5,0]{5  <1.0>}
x[5,1]{4  <1.0>}
x[5,2]{0  <1.0>}
x[5,3]{1  <1.0>}
x[5,4]{3  <1.0>}
x[5,5]{7  <0.9999141543427634>, 2  <8.584565723647113E-5>}
x[5,6]{2  <0.9947230787433127>, 7  <0.00527692125668738>}
x[5,7]{6  <1.0>}
x[6,0]{4  <1.0>}
x[6,1]{7  <1.0>}
x[6,2]{3  <1.0>}
x[6,3]{6  <1.0>}
x[6,4]{0  <1.0>}
x[6,5]{5  <0.022085599201233527>, 2  <0.9779144007987665>}
x[6,6]{1  <1.0>}
x[6,7]{5  <0.9488950489928534>, 2  <0.051104951007146654>}
x[7,0]{6  <1.0>}
x[7,1]{1  <1.0>}
x[7,2]{5  <1.0>}
x[7,3]{7  <1.0>}
x[7,4]{2  <1.0>}
x[7,5]{0  <1.0>}
x[7,6]{3  <1.0>}
x[7,7]{4  <1.0>}
problem entropy = 0.11820679803142478
smallest variable entropy = 7.329037047759006E-4
### branching on x[1,7]=7 marginal=0.999934470836504
##### after BP iteration 1 #####
x[0,0]{7  <1.0>}
x[0,1]{6  <1.0>}
x[0,2]{2  <1.0>}
x[0,3]{4  <1.0>}
x[0,4]{5  <1.0>}
x[0,5]{3  <1.0>}
x[0,6]{0  <1.0>}
x[0,7]{1  <1.0>}
x[1,0]{0  <1.0>}
x[1,1]{3  <1.0>}
x[1,2]{6  <1.0>}
x[1,3]{2  <0.9737316615208628>, 5  <0.02626833847913713>}
x[1,4]{1  <1.0>}
x[1,5]{2  <0.019389837834205958>, 5  <0.9806101621657941>}
x[1,6]{4  <1.0>}
x[1,7]{7  <1.0>}
x[2,0]{2  <1.0>}
x[2,1]{5  <1.0>}
x[2,2]{7  <1.0>}
x[2,3]{3  <1.0>}
x[2,4]{4  <1.0>}
x[2,5]{1  <1.0>}
x[2,6]{6  <1.0>}
x[2,7]{0  <1.0>}
x[3,0]{3  <1.0>}
x[3,1]{0  <1.0>}
x[3,2]{1  <1.0>}
x[3,3]{2  <0.046504712121975114>, 5  <0.9534952878780248>}
x[3,4]{6  <1.0>}
x[3,5]{4  <1.0>}
x[3,6]{7  <1.0>}
x[3,7]{2  <0.9572720008723706>, 5  <0.04272799912762929>}
x[4,0]{1  <1.0>}
x[4,1]{2  <1.0>}
x[4,2]{4  <1.0>}
x[4,3]{0  <1.0>}
x[4,4]{7  <1.0>}
x[4,5]{6  <1.0>}
x[4,6]{5  <1.0>}
x[4,7]{3  <1.0>}
x[5,0]{5  <1.0>}
x[5,1]{4  <1.0>}
x[5,2]{0  <1.0>}
x[5,3]{1  <1.0>}
x[5,4]{3  <1.0>}
x[5,5]{7  <1.0>}
x[5,6]{2  <1.0>}
x[5,7]{6  <1.0>}
x[6,0]{4  <1.0>}
x[6,1]{7  <1.0>}
x[6,2]{3  <1.0>}
x[6,3]{6  <1.0>}
x[6,4]{0  <1.0>}
x[6,5]{5  <0.017863927487920008>, 2  <0.9821360725120799>}
x[6,6]{1  <1.0>}
x[6,7]{5  <0.9856637906600947>, 2  <0.01433620933990528>}
x[7,0]{6  <1.0>}
x[7,1]{1  <1.0>}
x[7,2]{5  <1.0>}
x[7,3]{7  <1.0>}
x[7,4]{2  <1.0>}
x[7,5]{0  <1.0>}
x[7,6]{3  <1.0>}
x[7,7]{4  <1.0>}
problem entropy = 0.17949094345280628
smallest variable entropy = 0.07508968423977959
##### after BP iteration 2 #####
x[0,0]{7  <1.0>}
x[0,1]{6  <1.0>}
x[0,2]{2  <1.0>}
x[0,3]{4  <1.0>}
x[0,4]{5  <1.0>}
x[0,5]{3  <1.0>}
x[0,6]{0  <1.0>}
x[0,7]{1  <1.0>}
x[1,0]{0  <1.0>}
x[1,1]{3  <1.0>}
x[1,2]{6  <1.0>}
x[1,3]{2  <0.9650278999428513>, 5  <0.03497210005714861>}
x[1,4]{1  <1.0>}
x[1,5]{2  <0.0205340168674835>, 5  <0.9794659831325164>}
x[1,6]{4  <1.0>}
x[1,7]{7  <1.0>}
x[2,0]{2  <1.0>}
x[2,1]{5  <1.0>}
x[2,2]{7  <1.0>}
x[2,3]{3  <1.0>}
x[2,4]{4  <1.0>}
x[2,5]{1  <1.0>}
x[2,6]{6  <1.0>}
x[2,7]{0  <1.0>}
x[3,0]{3  <1.0>}
x[3,1]{0  <1.0>}
x[3,2]{1  <1.0>}
x[3,3]{2  <0.03349110005671493>, 5  <0.966508899943285>}
x[3,4]{6  <1.0>}
x[3,5]{4  <1.0>}
x[3,6]{7  <1.0>}
x[3,7]{2  <0.9850299126436716>, 5  <0.014970087356328434>}
x[4,0]{1  <1.0>}
x[4,1]{2  <1.0>}
x[4,2]{4  <1.0>}
x[4,3]{0  <1.0>}
x[4,4]{7  <1.0>}
x[4,5]{6  <1.0>}
x[4,6]{5  <1.0>}
x[4,7]{3  <1.0>}
x[5,0]{5  <1.0>}
x[5,1]{4  <1.0>}
x[5,2]{0  <1.0>}
x[5,3]{1  <1.0>}
x[5,4]{3  <1.0>}
x[5,5]{7  <1.0>}
x[5,6]{2  <1.0>}
x[5,7]{6  <1.0>}
x[6,0]{4  <1.0>}
x[6,1]{7  <1.0>}
x[6,2]{3  <1.0>}
x[6,3]{6  <1.0>}
x[6,4]{0  <1.0>}
x[6,5]{5  <0.012574173713477762>, 2  <0.9874258262865222>}
x[6,6]{1  <1.0>}
x[6,7]{5  <0.9851495419751273>, 2  <0.014850458024872686>}
x[7,0]{6  <1.0>}
x[7,1]{1  <1.0>}
x[7,2]{5  <1.0>}
x[7,3]{7  <1.0>}
x[7,4]{2  <1.0>}
x[7,5]{0  <1.0>}
x[7,6]{3  <1.0>}
x[7,7]{4  <1.0>}
problem entropy = 0.14930493704812195
smallest variable entropy = 0.06752075611441442
##### after BP iteration 3 #####
x[0,0]{7  <1.0>}
x[0,1]{6  <1.0>}
x[0,2]{2  <1.0>}
x[0,3]{4  <1.0>}
x[0,4]{5  <1.0>}
x[0,5]{3  <1.0>}
x[0,6]{0  <1.0>}
x[0,7]{1  <1.0>}
x[1,0]{0  <1.0>}
x[1,1]{3  <1.0>}
x[1,2]{6  <1.0>}
x[1,3]{2  <0.9737774740443019>, 5  <0.02622252595569811>}
x[1,4]{1  <1.0>}
x[1,5]{2  <0.022806549132716427>, 5  <0.9771934508672836>}
x[1,6]{4  <1.0>}
x[1,7]{7  <1.0>}
x[2,0]{2  <1.0>}
x[2,1]{5  <1.0>}
x[2,2]{7  <1.0>}
x[2,3]{3  <1.0>}
x[2,4]{4  <1.0>}
x[2,5]{1  <1.0>}
x[2,6]{6  <1.0>}
x[2,7]{0  <1.0>}
x[3,0]{3  <1.0>}
x[3,1]{0  <1.0>}
x[3,2]{1  <1.0>}
x[3,3]{2  <0.01116610465665977>, 5  <0.9888338953433402>}
x[3,4]{6  <1.0>}
x[3,5]{4  <1.0>}
x[3,6]{7  <1.0>}
x[3,7]{2  <0.9884327223840667>, 5  <0.011567277615933444>}
x[4,0]{1  <1.0>}
x[4,1]{2  <1.0>}
x[4,2]{4  <1.0>}
x[4,3]{0  <1.0>}
x[4,4]{7  <1.0>}
x[4,5]{6  <1.0>}
x[4,6]{5  <1.0>}
x[4,7]{3  <1.0>}
x[5,0]{5  <1.0>}
x[5,1]{4  <1.0>}
x[5,2]{0  <1.0>}
x[5,3]{1  <1.0>}
x[5,4]{3  <1.0>}
x[5,5]{7  <1.0>}
x[5,6]{2  <1.0>}
x[5,7]{6  <1.0>}
x[6,0]{4  <1.0>}
x[6,1]{7  <1.0>}
x[6,2]{3  <1.0>}
x[6,3]{6  <1.0>}
x[6,4]{0  <1.0>}
x[6,5]{5  <0.01707796163096912>, 2  <0.9829220383690309>}
x[6,6]{1  <1.0>}
x[6,7]{5  <0.9868688190719331>, 2  <0.013131180928066836>}
x[7,0]{6  <1.0>}
x[7,1]{1  <1.0>}
x[7,2]{5  <1.0>}
x[7,3]{7  <1.0>}
x[7,4]{2  <1.0>}
x[7,5]{0  <1.0>}
x[7,6]{3  <1.0>}
x[7,7]{4  <1.0>}
problem entropy = 0.12284086325034065
smallest variable entropy = 0.06129374667000079
##### after BP iteration 4 #####
x[0,0]{7  <1.0>}
x[0,1]{6  <1.0>}
x[0,2]{2  <1.0>}
x[0,3]{4  <1.0>}
x[0,4]{5  <1.0>}
x[0,5]{3  <1.0>}
x[0,6]{0  <1.0>}
x[0,7]{1  <1.0>}
x[1,0]{0  <1.0>}
x[1,1]{3  <1.0>}
x[1,2]{6  <1.0>}
x[1,3]{2  <0.9927801426367655>, 5  <0.007219857363234431>}
x[1,4]{1  <1.0>}
x[1,5]{2  <0.021830383875406742>, 5  <0.9781696161245933>}
x[1,6]{4  <1.0>}
x[1,7]{7  <1.0>}
x[2,0]{2  <1.0>}
x[2,1]{5  <1.0>}
x[2,2]{7  <1.0>}
x[2,3]{3  <1.0>}
x[2,4]{4  <1.0>}
x[2,5]{1  <1.0>}
x[2,6]{6  <1.0>}
x[2,7]{0  <1.0>}
x[3,0]{3  <1.0>}
x[3,1]{0  <1.0>}
x[3,2]{1  <1.0>}
x[3,3]{2  <0.009012462734346981>, 5  <0.990987537265653>}
x[3,4]{6  <1.0>}
x[3,5]{4  <1.0>}
x[3,6]{7  <1.0>}
x[3,7]{2  <0.9902101694696935>, 5  <0.009789830530306479>}
x[4,0]{1  <1.0>}
x[4,1]{2  <1.0>}
x[4,2]{4  <1.0>}
x[4,3]{0  <1.0>}
x[4,4]{7  <1.0>}
x[4,5]{6  <1.0>}
x[4,6]{5  <1.0>}
x[4,7]{3  <1.0>}
x[5,0]{5  <1.0>}
x[5,1]{4  <1.0>}
x[5,2]{0  <1.0>}
x[5,3]{1  <1.0>}
x[5,4]{3  <1.0>}
x[5,5]{7  <1.0>}
x[5,6]{2  <1.0>}
x[5,7]{6  <1.0>}
x[6,0]{4  <1.0>}
x[6,1]{7  <1.0>}
x[6,2]{3  <1.0>}
x[6,3]{6  <1.0>}
x[6,4]{0  <1.0>}
x[6,5]{5  <0.02380589930805036>, 2  <0.9761941006919496>}
x[6,6]{1  <1.0>}
x[6,7]{5  <0.9866910284760311>, 2  <0.013308971523968982>}
x[7,0]{6  <1.0>}
x[7,1]{1  <1.0>}
x[7,2]{5  <1.0>}
x[7,3]{7  <1.0>}
x[7,4]{2  <1.0>}
x[7,5]{0  <1.0>}
x[7,6]{3  <1.0>}
x[7,7]{4  <1.0>}
problem entropy = 0.10520332051145237
smallest variable entropy = 0.04279427090348444
##### after BP iteration 5 #####
x[0,0]{7  <1.0>}
x[0,1]{6  <1.0>}
x[0,2]{2  <1.0>}
x[0,3]{4  <1.0>}
x[0,4]{5  <1.0>}
x[0,5]{3  <1.0>}
x[0,6]{0  <1.0>}
x[0,7]{1  <1.0>}
x[1,0]{0  <1.0>}
x[1,1]{3  <1.0>}
x[1,2]{6  <1.0>}
x[1,3]{2  <0.9925192245164074>, 5  <0.007480775483592638>}
x[1,4]{1  <1.0>}
x[1,5]{2  <0.0075414920757497315>, 5  <0.9924585079242503>}
x[1,6]{4  <1.0>}
x[1,7]{7  <1.0>}
x[2,0]{2  <1.0>}
x[2,1]{5  <1.0>}
x[2,2]{7  <1.0>}
x[2,3]{3  <1.0>}
x[2,4]{4  <1.0>}
x[2,5]{1  <1.0>}
x[2,6]{6  <1.0>}
x[2,7]{0  <1.0>}
x[3,0]{3  <1.0>}
x[3,1]{0  <1.0>}
x[3,2]{1  <1.0>}
x[3,3]{2  <0.006326864402769902>, 5  <0.99367313559723>}
x[3,4]{6  <1.0>}
x[3,5]{4  <1.0>}
x[3,6]{7  <1.0>}
x[3,7]{2  <0.9896264866168661>, 5  <0.010373513383133921>}
x[4,0]{1  <1.0>}
x[4,1]{2  <1.0>}
x[4,2]{4  <1.0>}
x[4,3]{0  <1.0>}
x[4,4]{7  <1.0>}
x[4,5]{6  <1.0>}
x[4,6]{5  <1.0>}
x[4,7]{3  <1.0>}
x[5,0]{5  <1.0>}
x[5,1]{4  <1.0>}
x[5,2]{0  <1.0>}
x[5,3]{1  <1.0>}
x[5,4]{3  <1.0>}
x[5,5]{7  <1.0>}
x[5,6]{2  <1.0>}
x[5,7]{6  <1.0>}
x[6,0]{4  <1.0>}
x[6,1]{7  <1.0>}
x[6,2]{3  <1.0>}
x[6,3]{6  <1.0>}
x[6,4]{0  <1.0>}
x[6,5]{5  <0.01703073912235069>, 2  <0.9829692608776494>}
x[6,6]{1  <1.0>}
x[6,7]{5  <0.982202746302907>, 2  <0.017797253697092896>}
x[7,0]{6  <1.0>}
x[7,1]{1  <1.0>}
x[7,2]{5  <1.0>}
x[7,3]{7  <1.0>}
x[7,4]{2  <1.0>}
x[7,5]{0  <1.0>}
x[7,6]{3  <1.0>}
x[7,7]{4  <1.0>}
problem entropy = 0.08658090614322227
smallest variable entropy = 0.03833940887381067
##### after BP iteration 6 #####
x[0,0]{7  <1.0>}
x[0,1]{6  <1.0>}
x[0,2]{2  <1.0>}
x[0,3]{4  <1.0>}
x[0,4]{5  <1.0>}
x[0,5]{3  <1.0>}
x[0,6]{0  <1.0>}
x[0,7]{1  <1.0>}
x[1,0]{0  <1.0>}
x[1,1]{3  <1.0>}
x[1,2]{6  <1.0>}
x[1,3]{2  <0.9933910176645682>, 5  <0.006608982335431893>}
x[1,4]{1  <1.0>}
x[1,5]{2  <0.005817283876753271>, 5  <0.9941827161232467>}
x[1,6]{4  <1.0>}
x[1,7]{7  <1.0>}
x[2,0]{2  <1.0>}
x[2,1]{5  <1.0>}
x[2,2]{7  <1.0>}
x[2,3]{3  <1.0>}
x[2,4]{4  <1.0>}
x[2,5]{1  <1.0>}
x[2,6]{6  <1.0>}
x[2,7]{0  <1.0>}
x[3,0]{3  <1.0>}
x[3,1]{0  <1.0>}
x[3,2]{1  <1.0>}
x[3,3]{2  <0.008612522984018012>, 5  <0.991387477015982>}
x[3,4]{6  <1.0>}
x[3,5]{4  <1.0>}
x[3,6]{7  <1.0>}
x[3,7]{2  <0.9884651908376935>, 5  <0.011534809162306538>}
x[4,0]{1  <1.0>}
x[4,1]{2  <1.0>}
x[4,2]{4  <1.0>}
x[4,3]{0  <1.0>}
x[4,4]{7  <1.0>}
x[4,5]{6  <1.0>}
x[4,6]{5  <1.0>}
x[4,7]{3  <1.0>}
x[5,0]{5  <1.0>}
x[5,1]{4  <1.0>}
x[5,2]{0  <1.0>}
x[5,3]{1  <1.0>}
x[5,4]{3  <1.0>}
x[5,5]{7  <1.0>}
x[5,6]{2  <1.0>}
x[5,7]{6  <1.0>}
x[6,0]{4  <1.0>}
x[6,1]{7  <1.0>}
x[6,2]{3  <1.0>}
x[6,3]{6  <1.0>}
x[6,4]{0  <1.0>}
x[6,5]{5  <0.005614397805067637>, 2  <0.9943856021949324>}
x[6,6]{1  <1.0>}
x[6,7]{5  <0.9867145479667636>, 2  <0.013285452033236417>}
x[7,0]{6  <1.0>}
x[7,1]{1  <1.0>}
x[7,2]{5  <1.0>}
x[7,3]{7  <1.0>}
x[7,4]{2  <1.0>}
x[7,5]{0  <1.0>}
x[7,6]{3  <1.0>}
x[7,7]{4  <1.0>}
problem entropy = 0.07051533178103196
smallest variable entropy = 0.03469478026835106
##### after BP iteration 7 #####
x[0,0]{7  <1.0>}
x[0,1]{6  <1.0>}
x[0,2]{2  <1.0>}
x[0,3]{4  <1.0>}
x[0,4]{5  <1.0>}
x[0,5]{3  <1.0>}
x[0,6]{0  <1.0>}
x[0,7]{1  <1.0>}
x[1,0]{0  <1.0>}
x[1,1]{3  <1.0>}
x[1,2]{6  <1.0>}
x[1,3]{2  <0.9933009354080699>, 5  <0.006699064591930103>}
x[1,4]{1  <1.0>}
x[1,5]{2  <0.004918993320647662>, 5  <0.9950810066793523>}
x[1,6]{4  <1.0>}
x[1,7]{7  <1.0>}
x[2,0]{2  <1.0>}
x[2,1]{5  <1.0>}
x[2,2]{7  <1.0>}
x[2,3]{3  <1.0>}
x[2,4]{4  <1.0>}
x[2,5]{1  <1.0>}
x[2,6]{6  <1.0>}
x[2,7]{0  <1.0>}
x[3,0]{3  <1.0>}
x[3,1]{0  <1.0>}
x[3,2]{1  <1.0>}
x[3,3]{2  <0.012046336591995136>, 5  <0.987953663408005>}
x[3,4]{6  <1.0>}
x[3,5]{4  <1.0>}
x[3,6]{7  <1.0>}
x[3,7]{2  <0.9889643518445226>, 5  <0.01103564815547737>}
x[4,0]{1  <1.0>}
x[4,1]{2  <1.0>}
x[4,2]{4  <1.0>}
x[4,3]{0  <1.0>}
x[4,4]{7  <1.0>}
x[4,5]{6  <1.0>}
x[4,6]{5  <1.0>}
x[4,7]{3  <1.0>}
x[5,0]{5  <1.0>}
x[5,1]{4  <1.0>}
x[5,2]{0  <1.0>}
x[5,3]{1  <1.0>}
x[5,4]{3  <1.0>}
x[5,5]{7  <1.0>}
x[5,6]{2  <1.0>}
x[5,7]{6  <1.0>}
x[6,0]{4  <1.0>}
x[6,1]{7  <1.0>}
x[6,2]{3  <1.0>}
x[6,3]{6  <1.0>}
x[6,4]{0  <1.0>}
x[6,5]{5  <0.00452662940659305>, 2  <0.995473370593407>}
x[6,6]{1  <1.0>}
x[6,7]{5  <0.9963769925197662>, 2  <0.003623007480233827>}
x[7,0]{6  <1.0>}
x[7,1]{1  <1.0>}
x[7,2]{5  <1.0>}
x[7,3]{7  <1.0>}
x[7,4]{2  <1.0>}
x[7,5]{0  <1.0>}
x[7,6]{3  <1.0>}
x[7,7]{4  <1.0>}
problem entropy = 0.06013729870458354
smallest variable entropy = 0.023979371747652037
##### after BP iteration 8 #####
x[0,0]{7  <1.0>}
x[0,1]{6  <1.0>}
x[0,2]{2  <1.0>}
x[0,3]{4  <1.0>}
x[0,4]{5  <1.0>}
x[0,5]{3  <1.0>}
x[0,6]{0  <1.0>}
x[0,7]{1  <1.0>}
x[1,0]{0  <1.0>}
x[1,1]{3  <1.0>}
x[1,2]{6  <1.0>}
x[1,3]{2  <0.9910214766222641>, 5  <0.008978523377735867>}
x[1,4]{1  <1.0>}
x[1,5]{2  <0.0052137994004959705>, 5  <0.994786200599504>}
x[1,6]{4  <1.0>}
x[1,7]{7  <1.0>}
x[2,0]{2  <1.0>}
x[2,1]{5  <1.0>}
x[2,2]{7  <1.0>}
x[2,3]{3  <1.0>}
x[2,4]{4  <1.0>}
x[2,5]{1  <1.0>}
x[2,6]{6  <1.0>}
x[2,7]{0  <1.0>}
x[3,0]{3  <1.0>}
x[3,1]{0  <1.0>}
x[3,2]{1  <1.0>}
x[3,3]{2  <0.00858850384539647>, 5  <0.9914114961546034>}
x[3,4]{6  <1.0>}
x[3,5]{4  <1.0>}
x[3,6]{7  <1.0>}
x[3,7]{2  <0.9962149816190619>, 5  <0.003785018380938072>}
x[4,0]{1  <1.0>}
x[4,1]{2  <1.0>}
x[4,2]{4  <1.0>}
x[4,3]{0  <1.0>}
x[4,4]{7  <1.0>}
x[4,5]{6  <1.0>}
x[4,6]{5  <1.0>}
x[4,7]{3  <1.0>}
x[5,0]{5  <1.0>}
x[5,1]{4  <1.0>}
x[5,2]{0  <1.0>}
x[5,3]{1  <1.0>}
x[5,4]{3  <1.0>}
x[5,5]{7  <1.0>}
x[5,6]{2  <1.0>}
x[5,7]{6  <1.0>}
x[6,0]{4  <1.0>}
x[6,1]{7  <1.0>}
x[6,2]{3  <1.0>}
x[6,3]{6  <1.0>}
x[6,4]{0  <1.0>}
x[6,5]{5  <0.0031734712625671267>, 2  <0.9968265287374328>}
x[6,6]{1  <1.0>}
x[6,7]{5  <0.9962455692313793>, 2  <0.003754430768620692>}
x[7,0]{6  <1.0>}
x[7,1]{1  <1.0>}
x[7,2]{5  <1.0>}
x[7,3]{7  <1.0>}
x[7,4]{2  <1.0>}
x[7,5]{0  <1.0>}
x[7,6]{3  <1.0>}
x[7,7]{4  <1.0>}
problem entropy = 0.04912266430657621
smallest variable entropy = 0.021425186132905033
##### after BP iteration 9 #####
x[0,0]{7  <1.0>}
x[0,1]{6  <1.0>}
x[0,2]{2  <1.0>}
x[0,3]{4  <1.0>}
x[0,4]{5  <1.0>}
x[0,5]{3  <1.0>}
x[0,6]{0  <1.0>}
x[0,7]{1  <1.0>}
x[1,0]{0  <1.0>}
x[1,1]{3  <1.0>}
x[1,2]{6  <1.0>}
x[1,3]{2  <0.9933128530986834>, 5  <0.006687146901316531>}
x[1,4]{1  <1.0>}
x[1,5]{2  <0.005800860490520932>, 5  <0.9941991395094791>}
x[1,6]{4  <1.0>}
x[1,7]{7  <1.0>}
x[2,0]{2  <1.0>}
x[2,1]{5  <1.0>}
x[2,2]{7  <1.0>}
x[2,3]{3  <1.0>}
x[2,4]{4  <1.0>}
x[2,5]{1  <1.0>}
x[2,6]{6  <1.0>}
x[2,7]{0  <1.0>}
x[3,0]{3  <1.0>}
x[3,1]{0  <1.0>}
x[3,2]{1  <1.0>}
x[3,3]{2  <0.002815101452241072>, 5  <0.997184898547759>}
x[3,4]{6  <1.0>}
x[3,5]{4  <1.0>}
x[3,6]{7  <1.0>}
x[3,7]{2  <0.9970828731842274>, 5  <0.0029171268157725558>}
x[4,0]{1  <1.0>}
x[4,1]{2  <1.0>}
x[4,2]{4  <1.0>}
x[4,3]{0  <1.0>}
x[4,4]{7  <1.0>}
x[4,5]{6  <1.0>}
x[4,6]{5  <1.0>}
x[4,7]{3  <1.0>}
x[5,0]{5  <1.0>}
x[5,1]{4  <1.0>}
x[5,2]{0  <1.0>}
x[5,3]{1  <1.0>}
x[5,4]{3  <1.0>}
x[5,5]{7  <1.0>}
x[5,6]{2  <1.0>}
x[5,7]{6  <1.0>}
x[6,0]{4  <1.0>}
x[6,1]{7  <1.0>}
x[6,2]{3  <1.0>}
x[6,3]{6  <1.0>}
x[6,4]{0  <1.0>}
x[6,5]{5  <0.00432488558024054>, 2  <0.9956751144197594>}
x[6,6]{1  <1.0>}
x[6,7]{5  <0.9966845529668459>, 2  <0.003315447033154034>}
x[7,0]{6  <1.0>}
x[7,1]{1  <1.0>}
x[7,2]{5  <1.0>}
x[7,3]{7  <1.0>}
x[7,4]{2  <1.0>}
x[7,5]{0  <1.0>}
x[7,6]{3  <1.0>}
x[7,7]{4  <1.0>}
problem entropy = 0.03971932665222131
smallest variable entropy = 0.019343542028619112
##### after BP iteration 10 #####
x[0,0]{7  <1.0>}
x[0,1]{6  <1.0>}
x[0,2]{2  <1.0>}
x[0,3]{4  <1.0>}
x[0,4]{5  <1.0>}
x[0,5]{3  <1.0>}
x[0,6]{0  <1.0>}
x[0,7]{1  <1.0>}
x[1,0]{0  <1.0>}
x[1,1]{3  <1.0>}
x[1,2]{6  <1.0>}
x[1,3]{2  <0.998185208758762>, 5  <0.0018147912412379483>}
x[1,4]{1  <1.0>}
x[1,5]{2  <0.005548439390199802>, 5  <0.9944515606098002>}
x[1,6]{4  <1.0>}
x[1,7]{7  <1.0>}
x[2,0]{2  <1.0>}
x[2,1]{5  <1.0>}
x[2,2]{7  <1.0>}
x[2,3]{3  <1.0>}
x[2,4]{4  <1.0>}
x[2,5]{1  <1.0>}
x[2,6]{6  <1.0>}
x[2,7]{0  <1.0>}
x[3,0]{3  <1.0>}
x[3,1]{0  <1.0>}
x[3,2]{1  <1.0>}
x[3,3]{2  <0.002268448917084239>, 5  <0.9977315510829158>}
x[3,4]{6  <1.0>}
x[3,5]{4  <1.0>}
x[3,6]{7  <1.0>}
x[3,7]{2  <0.997534439301372>, 5  <0.0024655606986279327>}
x[4,0]{1  <1.0>}
x[4,1]{2  <1.0>}
x[4,2]{4  <1.0>}
x[4,3]{0  <1.0>}
x[4,4]{7  <1.0>}
x[4,5]{6  <1.0>}
x[4,6]{5  <1.0>}
x[4,7]{3  <1.0>}
x[5,0]{5  <1.0>}
x[5,1]{4  <1.0>}
x[5,2]{0  <1.0>}
x[5,3]{1  <1.0>}
x[5,4]{3  <1.0>}
x[5,5]{7  <1.0>}
x[5,6]{2  <1.0>}
x[5,7]{6  <1.0>}
x[6,0]{4  <1.0>}
x[6,1]{7  <1.0>}
x[6,2]{3  <1.0>}
x[6,3]{6  <1.0>}
x[6,4]{0  <1.0>}
x[6,5]{5  <0.006059666688278721>, 2  <0.9939403333117213>}
x[6,6]{1  <1.0>}
x[6,7]{5  <0.9966392106315052>, 2  <0.0033607893684947615>}
x[7,0]{6  <1.0>}
x[7,1]{1  <1.0>}
x[7,2]{5  <1.0>}
x[7,3]{7  <1.0>}
x[7,4]{2  <1.0>}
x[7,5]{0  <1.0>}
x[7,6]{3  <1.0>}
x[7,7]{4  <1.0>}
problem entropy = 0.033770290925706936
smallest variable entropy = 0.013267715348375474
### branching on x[1,3]=2 marginal=0.998185208758762
##### after BP iteration 1 #####
x[0,0]{7  <1.0>}
x[0,1]{6  <1.0>}
x[0,2]{2  <1.0>}
x[0,3]{4  <1.0>}
x[0,4]{5  <1.0>}
x[0,5]{3  <1.0>}
x[0,6]{0  <1.0>}
x[0,7]{1  <1.0>}
x[1,0]{0  <1.0>}
x[1,1]{3  <1.0>}
x[1,2]{6  <1.0>}
x[1,3]{2  <1.0>}
x[1,4]{1  <1.0>}
x[1,5]{5  <1.0>}
x[1,6]{4  <1.0>}
x[1,7]{7  <1.0>}
x[2,0]{2  <1.0>}
x[2,1]{5  <1.0>}
x[2,2]{7  <1.0>}
x[2,3]{3  <1.0>}
x[2,4]{4  <1.0>}
x[2,5]{1  <1.0>}
x[2,6]{6  <1.0>}
x[2,7]{0  <1.0>}
x[3,0]{3  <1.0>}
x[3,1]{0  <1.0>}
x[3,2]{1  <1.0>}
x[3,3]{5  <1.0>}
x[3,4]{6  <1.0>}
x[3,5]{4  <1.0>}
x[3,6]{7  <1.0>}
x[3,7]{2  <1.0>}
x[4,0]{1  <1.0>}
x[4,1]{2  <1.0>}
x[4,2]{4  <1.0>}
x[4,3]{0  <1.0>}
x[4,4]{7  <1.0>}
x[4,5]{6  <1.0>}
x[4,6]{5  <1.0>}
x[4,7]{3  <1.0>}
x[5,0]{5  <1.0>}
x[5,1]{4  <1.0>}
x[5,2]{0  <1.0>}
x[5,3]{1  <1.0>}
x[5,4]{3  <1.0>}
x[5,5]{7  <1.0>}
x[5,6]{2  <1.0>}
x[5,7]{6  <1.0>}
x[6,0]{4  <1.0>}
x[6,1]{7  <1.0>}
x[6,2]{3  <1.0>}
x[6,3]{6  <1.0>}
x[6,4]{0  <1.0>}
x[6,5]{2  <1.0>}
x[6,6]{1  <1.0>}
x[6,7]{5  <1.0>}
x[7,0]{6  <1.0>}
x[7,1]{1  <1.0>}
x[7,2]{5  <1.0>}
x[7,3]{7  <1.0>}
x[7,4]{2  <1.0>}
x[7,5]{0  <1.0>}
x[7,6]{3  <1.0>}
x[7,7]{4  <1.0>}
problem entropy = 0.0
smallest variable entropy = 1.7976931348623157E308
### branching on x[1,3]!=2
##### after BP iteration 1 #####
x[0,0]{7  <1.0>}
x[0,1]{6  <1.0>}
x[0,2]{2  <1.0>}
x[0,3]{4  <1.0>}
x[0,4]{5  <1.0>}
x[0,5]{3  <1.0>}
x[0,6]{0  <1.0>}
x[0,7]{1  <1.0>}
x[1,0]{0  <1.0>}
x[1,1]{3  <1.0>}
x[1,2]{6  <1.0>}
x[1,3]{5  <1.0>}
x[1,4]{1  <1.0>}
x[1,5]{2  <1.0>}
x[1,6]{4  <1.0>}
x[1,7]{7  <1.0>}
x[2,0]{2  <1.0>}
x[2,1]{5  <1.0>}
x[2,2]{7  <1.0>}
x[2,3]{3  <1.0>}
x[2,4]{4  <1.0>}
x[2,5]{1  <1.0>}
x[2,6]{6  <1.0>}
x[2,7]{0  <1.0>}
x[3,0]{3  <1.0>}
x[3,1]{0  <1.0>}
x[3,2]{1  <1.0>}
x[3,3]{2  <1.0>}
x[3,4]{6  <1.0>}
x[3,5]{4  <1.0>}
x[3,6]{7  <1.0>}
x[3,7]{5  <1.0>}
x[4,0]{1  <1.0>}
x[4,1]{2  <1.0>}
x[4,2]{4  <1.0>}
x[4,3]{0  <1.0>}
x[4,4]{7  <1.0>}
x[4,5]{6  <1.0>}
x[4,6]{5  <1.0>}
x[4,7]{3  <1.0>}
x[5,0]{5  <1.0>}
x[5,1]{4  <1.0>}
x[5,2]{0  <1.0>}
x[5,3]{1  <1.0>}
x[5,4]{3  <1.0>}
x[5,5]{7  <1.0>}
x[5,6]{2  <1.0>}
x[5,7]{6  <1.0>}
x[6,0]{4  <1.0>}
x[6,1]{7  <1.0>}
x[6,2]{3  <1.0>}
x[6,3]{6  <1.0>}
x[6,4]{0  <1.0>}
x[6,5]{5  <1.0>}
x[6,6]{1  <1.0>}
x[6,7]{2  <1.0>}
x[7,0]{6  <1.0>}
x[7,1]{1  <1.0>}
x[7,2]{5  <1.0>}
x[7,3]{7  <1.0>}
x[7,4]{2  <1.0>}
x[7,5]{0  <1.0>}
x[7,6]{3  <1.0>}
x[7,7]{4  <1.0>}
problem entropy = 0.0
smallest variable entropy = 1.7976931348623157E308

	#choice: 6
	#fail: 0
	execution time (ms): 99
	#sols : 1
	completed : false

