{7  <8.0>}
model: max-product-init
FINAL DAMPING FACTOR = 1.0
##### after BP iteration 1 #####
x[0,0]{7  <1.0>}
x[0,1]{0  <0.19999999999999998>, 5  <0.19999999999999998>, 2  <0.19999999999999998>, 6  <0.19999999999999998>, 4  <0.19999999999999998>}
x[0,2]{0  <0.25>, 5  <0.25>, 4  <0.25>, 6  <0.25>}
x[0,3]{0  <0.2>, 1  <0.2>, 2  <0.2>, 6  <0.2>, 4  <0.2>}
x[0,4]{4  <0.5>, 2  <0.5>}
x[0,5]{0  <0.25>, 6  <0.25>, 4  <0.25>, 3  <0.25>}
x[0,6]{6  <0.19999999999999998>, 1  <0.19999999999999998>, 5  <0.19999999999999998>, 3  <0.19999999999999998>, 4  <0.19999999999999998>}
x[0,7]{0  <0.19999999999999998>, 5  <0.19999999999999998>, 2  <0.19999999999999998>, 3  <0.19999999999999998>, 4  <0.19999999999999998>}
x[1,0]{4  <0.3333333333333333>, 5  <0.3333333333333333>, 2  <0.3333333333333333>}
x[1,1]{4  <0.3571428571428571>, 5  <0.42857142857142855>, 2  <0.21428571428571427>}
x[1,2]{3  <1.0>}
x[1,3]{7  <1.0>}
x[1,4]{4  <0.5>, 2  <0.5>}
x[1,5]{1  <1.0>}
x[1,6]{0  <1.0>}
x[1,7]{6  <1.0>}
x[2,0]{1  <1.0>}
x[2,1]{3  <1.0>}
x[2,2]{0  <0.05263157894736842>, 5  <0.3157894736842105>, 4  <0.2631578947368421>, 6  <0.3684210526315789>}
x[2,3]{0  <0.3333333333333333>, 6  <0.3333333333333333>, 4  <0.3333333333333333>}
x[2,4]{7  <1.0>}
x[2,5]{2  <1.0>}
x[2,6]{6  <0.33333333333333337>, 5  <0.33333333333333337>, 4  <0.33333333333333337>}
x[2,7]{0  <0.33333333333333337>, 5  <0.33333333333333337>, 4  <0.33333333333333337>}
x[3,0]{0  <0.25>, 4  <0.25>, 2  <0.25>, 6  <0.25>}
x[3,1]{0  <0.25>, 4  <0.25>, 2  <0.25>, 6  <0.25>}
x[3,2]{1  <1.0>}
x[3,3]{3  <1.0>}
x[3,4]{5  <1.0>}
x[3,5]{0  <0.33333333333333337>, 4  <0.33333333333333337>, 6  <0.33333333333333337>}
x[3,6]{6  <0.5>, 4  <0.5>}
x[3,7]{7  <1.0>}
x[4,0]{6  <0.25>, 5  <0.25>, 2  <0.25>, 4  <0.25>}
x[4,1]{7  <0.19999999999999998>, 5  <0.19999999999999998>, 2  <0.19999999999999998>, 6  <0.19999999999999998>, 4  <0.19999999999999998>}
x[4,2]{7  <0.25>, 5  <0.25>, 4  <0.25>, 6  <0.25>}
x[4,3]{6  <0.25>, 1  <0.25>, 2  <0.25>, 4  <0.25>}
x[4,4]{0  <1.0>}
x[4,5]{7  <0.25>, 6  <0.25>, 4  <0.25>, 3  <0.25>}
x[4,6]{5  <0.19999999999999998>, 1  <0.19999999999999998>, 6  <0.19999999999999998>, 3  <0.19999999999999998>, 4  <0.19999999999999998>}
x[4,7]{5  <0.25>, 4  <0.25>, 2  <0.25>, 3  <0.25>}
x[5,0]{3  <1.0>}
x[5,1]{0  <0.33333333333333337>, 4  <0.33333333333333337>, 7  <0.33333333333333337>}
x[5,2]{0  <0.3333333333333333>, 4  <0.3333333333333333>, 7  <0.3333333333333333>}
x[5,3]{0  <0.5>, 4  <0.5>}
x[5,4]{6  <1.0>}
x[5,5]{5  <1.0>}
x[5,6]{2  <1.0>}
x[5,7]{1  <1.0>}
x[6,0]{0  <0.19999999999999998>, 6  <0.19999999999999998>, 2  <0.19999999999999998>, 5  <0.19999999999999998>, 4  <0.19999999999999998>}
x[6,1]{0  <0.16666666666666666>, 7  <0.16666666666666666>, 2  <0.16666666666666666>, 6  <0.16666666666666666>, 4  <0.16666666666666666>, 5  <0.16666666666666666>}
x[6,2]{0  <0.2>, 7  <0.2>, 5  <0.2>, 6  <0.2>, 4  <0.2>}
x[6,3]{0  <0.25>, 6  <0.25>, 2  <0.25>, 4  <0.25>}
x[6,4]{1  <1.0>}
x[6,5]{0  <0.19999999999999998>, 7  <0.19999999999999998>, 6  <0.19999999999999998>, 3  <0.19999999999999998>, 4  <0.19999999999999998>}
x[6,6]{6  <0.3181818181818182>, 4  <0.22727272727272727>, 5  <0.2727272727272727>, 3  <0.18181818181818182>}
x[6,7]{0  <0.19999999999999998>, 5  <0.19999999999999998>, 2  <0.19999999999999998>, 3  <0.19999999999999998>, 4  <0.19999999999999998>}
x[7,0]{0  <0.33333333333333337>, 4  <0.33333333333333337>, 6  <0.33333333333333337>}
x[7,1]{1  <1.0>}
x[7,2]{2  <1.0>}
x[7,3]{5  <1.0>}
x[7,4]{3  <1.0>}
x[7,5]{0  <0.33333333333333337>, 4  <0.33333333333333337>, 6  <0.33333333333333337>}
x[7,6]{7  <1.0>}
x[7,7]{0  <0.16666666666666666>, 4  <0.8333333333333334>}
problem entropy = 0.9866791767496089
smallest variable entropy = 0.45056120886630463
##### after BP iteration 2 #####
x[0,0]{7  <1.0>}
x[0,1]{0  <0.19999999999999998>, 5  <0.19999999999999998>, 2  <0.19999999999999998>, 6  <0.19999999999999998>, 4  <0.19999999999999998>}
x[0,2]{0  <0.25>, 5  <0.25>, 4  <0.25>, 6  <0.25>}
x[0,3]{0  <0.2>, 1  <0.2>, 2  <0.2>, 6  <0.2>, 4  <0.2>}
x[0,4]{4  <0.5>, 2  <0.5>}
x[0,5]{0  <0.25>, 6  <0.25>, 4  <0.25>, 3  <0.25>}
x[0,6]{6  <0.19999999999999998>, 1  <0.19999999999999998>, 5  <0.19999999999999998>, 3  <0.19999999999999998>, 4  <0.19999999999999998>}
x[0,7]{0  <0.19999999999999998>, 5  <0.19999999999999998>, 2  <0.19999999999999998>, 3  <0.19999999999999998>, 4  <0.19999999999999998>}
x[1,0]{4  <0.3333333333333333>, 5  <0.3333333333333333>, 2  <0.3333333333333333>}
x[1,1]{4  <0.3571428571428571>, 5  <0.42857142857142855>, 2  <0.21428571428571427>}
x[1,2]{3  <1.0>}
x[1,3]{7  <1.0>}
x[1,4]{4  <0.5>, 2  <0.5>}
x[1,5]{1  <1.0>}
x[1,6]{0  <1.0>}
x[1,7]{6  <1.0>}
x[2,0]{1  <1.0>}
x[2,1]{3  <1.0>}
x[2,2]{0  <0.05263157894736842>, 5  <0.3157894736842105>, 4  <0.2631578947368421>, 6  <0.3684210526315789>}
x[2,3]{0  <0.3333333333333333>, 6  <0.3333333333333333>, 4  <0.3333333333333333>}
x[2,4]{7  <1.0>}
x[2,5]{2  <1.0>}
x[2,6]{6  <0.33333333333333337>, 5  <0.33333333333333337>, 4  <0.33333333333333337>}
x[2,7]{0  <0.33333333333333337>, 5  <0.33333333333333337>, 4  <0.33333333333333337>}
x[3,0]{0  <0.25>, 4  <0.25>, 2  <0.25>, 6  <0.25>}
x[3,1]{0  <0.25>, 4  <0.25>, 2  <0.25>, 6  <0.25>}
x[3,2]{1  <1.0>}
x[3,3]{3  <1.0>}
x[3,4]{5  <1.0>}
x[3,5]{0  <0.33333333333333337>, 4  <0.33333333333333337>, 6  <0.33333333333333337>}
x[3,6]{6  <0.5>, 4  <0.5>}
x[3,7]{7  <1.0>}
x[4,0]{6  <0.25>, 5  <0.25>, 2  <0.25>, 4  <0.25>}
x[4,1]{7  <0.19999999999999998>, 5  <0.19999999999999998>, 2  <0.19999999999999998>, 6  <0.19999999999999998>, 4  <0.19999999999999998>}
x[4,2]{7  <0.25>, 5  <0.25>, 4  <0.25>, 6  <0.25>}
x[4,3]{6  <0.25>, 1  <0.25>, 2  <0.25>, 4  <0.25>}
x[4,4]{0  <1.0>}
x[4,5]{7  <0.25>, 6  <0.25>, 4  <0.25>, 3  <0.25>}
x[4,6]{5  <0.19999999999999998>, 1  <0.19999999999999998>, 6  <0.19999999999999998>, 3  <0.19999999999999998>, 4  <0.19999999999999998>}
x[4,7]{5  <0.25>, 4  <0.25>, 2  <0.25>, 3  <0.25>}
x[5,0]{3  <1.0>}
x[5,1]{0  <0.33333333333333337>, 4  <0.33333333333333337>, 7  <0.33333333333333337>}
x[5,2]{0  <0.3333333333333333>, 4  <0.3333333333333333>, 7  <0.3333333333333333>}
x[5,3]{0  <0.5>, 4  <0.5>}
x[5,4]{6  <1.0>}
x[5,5]{5  <1.0>}
x[5,6]{2  <1.0>}
x[5,7]{1  <1.0>}
x[6,0]{0  <0.19999999999999998>, 6  <0.19999999999999998>, 2  <0.19999999999999998>, 5  <0.19999999999999998>, 4  <0.19999999999999998>}
x[6,1]{0  <0.16666666666666666>, 7  <0.16666666666666666>, 2  <0.16666666666666666>, 6  <0.16666666666666666>, 4  <0.16666666666666666>, 5  <0.16666666666666666>}
x[6,2]{0  <0.2>, 7  <0.2>, 5  <0.2>, 6  <0.2>, 4  <0.2>}
x[6,3]{0  <0.25>, 6  <0.25>, 2  <0.25>, 4  <0.25>}
x[6,4]{1  <1.0>}
x[6,5]{0  <0.19999999999999998>, 7  <0.19999999999999998>, 6  <0.19999999999999998>, 3  <0.19999999999999998>, 4  <0.19999999999999998>}
x[6,6]{6  <0.3181818181818182>, 4  <0.22727272727272727>, 5  <0.2727272727272727>, 3  <0.18181818181818182>}
x[6,7]{0  <0.19999999999999998>, 5  <0.19999999999999998>, 2  <0.19999999999999998>, 3  <0.19999999999999998>, 4  <0.19999999999999998>}
x[7,0]{0  <0.33333333333333337>, 4  <0.33333333333333337>, 6  <0.33333333333333337>}
x[7,1]{1  <1.0>}
x[7,2]{2  <1.0>}
x[7,3]{5  <1.0>}
x[7,4]{3  <1.0>}
x[7,5]{0  <0.33333333333333337>, 4  <0.33333333333333337>, 6  <0.33333333333333337>}
x[7,6]{7  <1.0>}
x[7,7]{0  <0.16666666666666666>, 4  <0.8333333333333334>}
problem entropy = 0.9866791767496089
smallest variable entropy = 0.45056120886630463
### branching on x[7,7]=4; marginal=0.8333333333333334; regret=0.6666666666666667; nb of ties=1
### branching on x[1,1]=5; marginal=0.4285714285714286; regret=0.07142857142857145; nb of ties=1
##### after BP iteration 1 #####
x[0,0]{7  <1.0>}
x[0,1]{0  <0.25>, 4  <0.25>, 2  <0.25>, 6  <0.25>}
x[0,2]{0  <0.25>, 5  <0.25>, 4  <0.25>, 6  <0.25>}
x[0,3]{0  <0.2>, 1  <0.2>, 2  <0.2>, 6  <0.2>, 4  <0.2>}
x[0,4]{4  <0.5>, 2  <0.5>}
x[0,5]{0  <0.25>, 6  <0.25>, 4  <0.25>, 3  <0.25>}
x[0,6]{6  <0.19999999999999998>, 1  <0.19999999999999998>, 5  <0.19999999999999998>, 3  <0.19999999999999998>, 4  <0.19999999999999998>}
x[0,7]{0  <0.25>, 5  <0.25>, 2  <0.25>, 3  <0.25>}
x[1,0]{4  <0.5>, 2  <0.5>}
x[1,1]{5  <1.0>}
x[1,2]{3  <1.0>}
x[1,3]{7  <1.0>}
x[1,4]{4  <0.5>, 2  <0.5>}
x[1,5]{1  <1.0>}
x[1,6]{0  <1.0>}
x[1,7]{6  <1.0>}
x[2,0]{1  <1.0>}
x[2,1]{3  <1.0>}
x[2,2]{0  <0.05263157894736842>, 5  <0.3157894736842105>, 4  <0.2631578947368421>, 6  <0.3684210526315789>}
x[2,3]{0  <0.3333333333333333>, 6  <0.3333333333333333>, 4  <0.3333333333333333>}
x[2,4]{7  <1.0>}
x[2,5]{2  <1.0>}
x[2,6]{6  <0.3333333333333333>, 5  <0.3333333333333333>, 4  <0.3333333333333333>}
x[2,7]{0  <0.5>, 5  <0.5>}
x[3,0]{0  <0.25>, 4  <0.25>, 2  <0.25>, 6  <0.25>}
x[3,1]{0  <0.25>, 4  <0.25>, 2  <0.25>, 6  <0.25>}
x[3,2]{1  <1.0>}
x[3,3]{3  <1.0>}
x[3,4]{5  <1.0>}
x[3,5]{0  <0.3333333333333333>, 4  <0.3333333333333333>, 6  <0.3333333333333333>}
x[3,6]{6  <0.5>, 4  <0.5>}
x[3,7]{7  <1.0>}
x[4,0]{6  <0.25>, 5  <0.25>, 2  <0.25>, 4  <0.25>}
x[4,1]{7  <0.25>, 4  <0.25>, 2  <0.25>, 6  <0.25>}
x[4,2]{7  <0.25>, 5  <0.25>, 4  <0.25>, 6  <0.25>}
x[4,3]{6  <0.25>, 1  <0.25>, 2  <0.25>, 4  <0.25>}
x[4,4]{0  <1.0>}
x[4,5]{7  <0.25>, 6  <0.25>, 4  <0.25>, 3  <0.25>}
x[4,6]{5  <0.19999999999999998>, 1  <0.19999999999999998>, 6  <0.19999999999999998>, 3  <0.19999999999999998>, 4  <0.19999999999999998>}
x[4,7]{5  <0.3333333333333333>, 3  <0.3333333333333333>, 2  <0.3333333333333333>}
x[5,0]{3  <1.0>}
x[5,1]{0  <0.3333333333333333>, 4  <0.3333333333333333>, 7  <0.3333333333333333>}
x[5,2]{0  <0.3333333333333333>, 4  <0.3333333333333333>, 7  <0.3333333333333333>}
x[5,3]{0  <0.5>, 4  <0.5>}
x[5,4]{6  <1.0>}
x[5,5]{5  <1.0>}
x[5,6]{2  <1.0>}
x[5,7]{1  <1.0>}
x[6,0]{0  <0.19999999999999998>, 6  <0.19999999999999998>, 2  <0.19999999999999998>, 5  <0.19999999999999998>, 4  <0.19999999999999998>}
x[6,1]{0  <0.19999999999999998>, 7  <0.19999999999999998>, 2  <0.19999999999999998>, 6  <0.19999999999999998>, 4  <0.19999999999999998>}
x[6,2]{0  <0.19999999999999998>, 7  <0.19999999999999998>, 5  <0.19999999999999998>, 6  <0.19999999999999998>, 4  <0.19999999999999998>}
x[6,3]{0  <0.25>, 6  <0.25>, 2  <0.25>, 4  <0.25>}
x[6,4]{1  <1.0>}
x[6,5]{0  <0.19999999999999998>, 7  <0.19999999999999998>, 6  <0.19999999999999998>, 3  <0.19999999999999998>, 4  <0.19999999999999998>}
x[6,6]{6  <0.3181818181818182>, 4  <0.22727272727272727>, 5  <0.2727272727272727>, 3  <0.18181818181818182>}
x[6,7]{0  <0.25>, 5  <0.25>, 2  <0.25>, 3  <0.25>}
x[7,0]{0  <0.5>, 6  <0.5>}
x[7,1]{1  <1.0>}
x[7,2]{2  <1.0>}
x[7,3]{5  <1.0>}
x[7,4]{3  <1.0>}
x[7,5]{0  <0.5>, 6  <0.5>}
x[7,6]{7  <1.0>}
x[7,7]{4  <1.0>}
problem entropy = 0.9966131452668117
smallest variable entropy = 0.6931471805599453
##### after BP iteration 2 #####
x[0,0]{7  <1.0>}
x[0,1]{0  <0.25>, 4  <0.25>, 2  <0.25>, 6  <0.25>}
x[0,2]{0  <0.25>, 5  <0.25>, 4  <0.25>, 6  <0.25>}
x[0,3]{0  <0.2>, 1  <0.2>, 2  <0.2>, 6  <0.2>, 4  <0.2>}
x[0,4]{4  <0.5>, 2  <0.5>}
x[0,5]{0  <0.25>, 6  <0.25>, 4  <0.25>, 3  <0.25>}
x[0,6]{6  <0.19999999999999998>, 1  <0.19999999999999998>, 5  <0.19999999999999998>, 3  <0.19999999999999998>, 4  <0.19999999999999998>}
x[0,7]{0  <0.25>, 5  <0.25>, 2  <0.25>, 3  <0.25>}
x[1,0]{4  <0.5>, 2  <0.5>}
x[1,1]{5  <1.0>}
x[1,2]{3  <1.0>}
x[1,3]{7  <1.0>}
x[1,4]{4  <0.5>, 2  <0.5>}
x[1,5]{1  <1.0>}
x[1,6]{0  <1.0>}
x[1,7]{6  <1.0>}
x[2,0]{1  <1.0>}
x[2,1]{3  <1.0>}
x[2,2]{0  <0.05263157894736842>, 5  <0.3157894736842105>, 4  <0.2631578947368421>, 6  <0.3684210526315789>}
x[2,3]{0  <0.3333333333333333>, 6  <0.3333333333333333>, 4  <0.3333333333333333>}
x[2,4]{7  <1.0>}
x[2,5]{2  <1.0>}
x[2,6]{6  <0.3333333333333333>, 5  <0.3333333333333333>, 4  <0.3333333333333333>}
x[2,7]{0  <0.5>, 5  <0.5>}
x[3,0]{0  <0.25>, 4  <0.25>, 2  <0.25>, 6  <0.25>}
x[3,1]{0  <0.25>, 4  <0.25>, 2  <0.25>, 6  <0.25>}
x[3,2]{1  <1.0>}
x[3,3]{3  <1.0>}
x[3,4]{5  <1.0>}
x[3,5]{0  <0.3333333333333333>, 4  <0.3333333333333333>, 6  <0.3333333333333333>}
x[3,6]{6  <0.5>, 4  <0.5>}
x[3,7]{7  <1.0>}
x[4,0]{6  <0.25>, 5  <0.25>, 2  <0.25>, 4  <0.25>}
x[4,1]{7  <0.25>, 4  <0.25>, 2  <0.25>, 6  <0.25>}
x[4,2]{7  <0.25>, 5  <0.25>, 4  <0.25>, 6  <0.25>}
x[4,3]{6  <0.25>, 1  <0.25>, 2  <0.25>, 4  <0.25>}
x[4,4]{0  <1.0>}
x[4,5]{7  <0.25>, 6  <0.25>, 4  <0.25>, 3  <0.25>}
x[4,6]{5  <0.19999999999999998>, 1  <0.19999999999999998>, 6  <0.19999999999999998>, 3  <0.19999999999999998>, 4  <0.19999999999999998>}
x[4,7]{5  <0.3333333333333333>, 3  <0.3333333333333333>, 2  <0.3333333333333333>}
x[5,0]{3  <1.0>}
x[5,1]{0  <0.3333333333333333>, 4  <0.3333333333333333>, 7  <0.3333333333333333>}
x[5,2]{0  <0.3333333333333333>, 4  <0.3333333333333333>, 7  <0.3333333333333333>}
x[5,3]{0  <0.5>, 4  <0.5>}
x[5,4]{6  <1.0>}
x[5,5]{5  <1.0>}
x[5,6]{2  <1.0>}
x[5,7]{1  <1.0>}
x[6,0]{0  <0.19999999999999998>, 6  <0.19999999999999998>, 2  <0.19999999999999998>, 5  <0.19999999999999998>, 4  <0.19999999999999998>}
x[6,1]{0  <0.19999999999999998>, 7  <0.19999999999999998>, 2  <0.19999999999999998>, 6  <0.19999999999999998>, 4  <0.19999999999999998>}
x[6,2]{0  <0.19999999999999998>, 7  <0.19999999999999998>, 5  <0.19999999999999998>, 6  <0.19999999999999998>, 4  <0.19999999999999998>}
x[6,3]{0  <0.25>, 6  <0.25>, 2  <0.25>, 4  <0.25>}
x[6,4]{1  <1.0>}
x[6,5]{0  <0.19999999999999998>, 7  <0.19999999999999998>, 6  <0.19999999999999998>, 3  <0.19999999999999998>, 4  <0.19999999999999998>}
x[6,6]{6  <0.3181818181818182>, 4  <0.22727272727272727>, 5  <0.2727272727272727>, 3  <0.18181818181818182>}
x[6,7]{0  <0.25>, 5  <0.25>, 2  <0.25>, 3  <0.25>}
x[7,0]{0  <0.5>, 6  <0.5>}
x[7,1]{1  <1.0>}
x[7,2]{2  <1.0>}
x[7,3]{5  <1.0>}
x[7,4]{3  <1.0>}
x[7,5]{0  <0.5>, 6  <0.5>}
x[7,6]{7  <1.0>}
x[7,7]{4  <1.0>}
problem entropy = 0.9966131452668117
smallest variable entropy = 0.6931471805599453
### branching on x[2,2]=6; marginal=0.3684210526315789; regret=0.05263157894736842; nb of ties=1
##### after BP iteration 1 #####
x[0,0]{7  <1.0>}
x[0,1]{0  <0.25>, 4  <0.25>, 2  <0.25>, 6  <0.25>}
x[0,2]{0  <0.3333333333333333>, 5  <0.3333333333333333>, 4  <0.3333333333333333>}
x[0,3]{6  <0.0>, 1  <0.0>, 2  <0.0>}
x[0,4]{4  <0.5>, 2  <0.5>}
x[0,5]{0  <0.25>, 6  <0.25>, 4  <0.25>, 3  <0.25>}
x[0,6]{6  <0.2>, 1  <0.2>, 5  <0.2>, 3  <0.2>, 4  <0.2>}
x[0,7]{0  <0.25>, 5  <0.25>, 2  <0.25>, 3  <0.25>}
x[1,0]{4  <0.5>, 2  <0.5>}
x[1,1]{5  <1.0>}
x[1,2]{3  <1.0>}
x[1,3]{7  <1.0>}
x[1,4]{4  <0.5>, 2  <0.5>}
x[1,5]{1  <1.0>}
x[1,6]{0  <1.0>}
x[1,7]{6  <1.0>}
x[2,0]{1  <1.0>}
x[2,1]{3  <1.0>}
x[2,2]{6  <1.0>}
x[2,3]{0  <0.0>, 4  <0.0>}
x[2,4]{7  <1.0>}
x[2,5]{2  <1.0>}
x[2,6]{4  <0.5>, 5  <0.5>}
x[2,7]{0  <0.5>, 5  <0.5>}
x[3,0]{0  <0.25>, 4  <0.25>, 2  <0.25>, 6  <0.25>}
x[3,1]{0  <0.25>, 4  <0.25>, 2  <0.25>, 6  <0.25>}
x[3,2]{1  <1.0>}
x[3,3]{3  <1.0>}
x[3,4]{5  <1.0>}
x[3,5]{0  <0.3333333333333333>, 4  <0.3333333333333333>, 6  <0.3333333333333333>}
x[3,6]{6  <0.5>, 4  <0.5>}
x[3,7]{7  <1.0>}
x[4,0]{6  <0.25>, 5  <0.25>, 2  <0.25>, 4  <0.25>}
x[4,1]{7  <0.25>, 4  <0.25>, 2  <0.25>, 6  <0.25>}
x[4,2]{7  <0.3333333333333333>, 5  <0.3333333333333333>, 4  <0.3333333333333333>}
x[4,3]{6  <0.0>, 1  <0.0>, 2  <0.0>}
x[4,4]{0  <1.0>}
x[4,5]{7  <0.25>, 6  <0.25>, 4  <0.25>, 3  <0.25>}
x[4,6]{5  <0.2>, 1  <0.2>, 6  <0.2>, 3  <0.2>, 4  <0.2>}
x[4,7]{5  <0.3333333333333333>, 3  <0.3333333333333333>, 2  <0.3333333333333333>}
x[5,0]{3  <1.0>}
x[5,1]{0  <0.3333333333333333>, 4  <0.3333333333333333>, 7  <0.3333333333333333>}
x[5,2]{0  <0.3333333333333333>, 4  <0.3333333333333333>, 7  <0.3333333333333333>}
x[5,3]{0  <0.0>, 4  <0.0>}
x[5,4]{6  <1.0>}
x[5,5]{5  <1.0>}
x[5,6]{2  <1.0>}
x[5,7]{1  <1.0>}
x[6,0]{0  <0.2>, 6  <0.2>, 2  <0.2>, 5  <0.2>, 4  <0.2>}
x[6,1]{0  <0.2>, 7  <0.2>, 2  <0.2>, 6  <0.2>, 4  <0.2>}
x[6,2]{0  <0.25>, 7  <0.25>, 5  <0.25>, 4  <0.25>}
x[6,3]{2  <0.0>, 6  <0.0>}
x[6,4]{1  <1.0>}
x[6,5]{0  <0.2>, 7  <0.2>, 6  <0.2>, 3  <0.2>, 4  <0.2>}
x[6,6]{6  <0.3181818181818182>, 4  <0.22727272727272727>, 5  <0.2727272727272727>, 3  <0.18181818181818182>}
x[6,7]{0  <0.25>, 5  <0.25>, 2  <0.25>, 3  <0.25>}
x[7,0]{0  <0.5>, 6  <0.5>}
x[7,1]{1  <1.0>}
x[7,2]{2  <1.0>}
x[7,3]{5  <1.0>}
x[7,4]{3  <1.0>}
x[7,5]{0  <0.5>, 6  <0.5>}
x[7,6]{7  <1.0>}
x[7,7]{4  <1.0>}
problem entropy = 0.8567120751148399
smallest variable entropy = -0.0
### branching on x[6,6]=6; marginal=0.3181818181818182; regret=0.04545454545454547; nb of ties=1
##### after BP iteration 1 #####
x[0,0]{7  <1.0>}
x[0,1]{0  <0.0>, 4  <0.0>, 2  <0.0>, 6  <0.0>}
x[0,2]{0  <0.0>, 5  <0.0>, 4  <0.0>}
x[0,3]{6  <0.0>, 1  <0.0>}
x[0,4]{4  <0.0>, 2  <0.0>}
x[0,5]{3  <0.0>, 4  <0.0>}
x[0,6]{3  <0.0>, 1  <0.0>}
x[0,7]{3  <0.0>, 5  <0.0>, 2  <0.0>}
x[1,0]{4  <0.5>, 2  <0.5>}
x[1,1]{5  <1.0>}
x[1,2]{3  <1.0>}
x[1,3]{7  <1.0>}
x[1,4]{4  <0.5>, 2  <0.5>}
x[1,5]{1  <1.0>}
x[1,6]{0  <1.0>}
x[1,7]{6  <1.0>}
x[2,0]{1  <1.0>}
x[2,1]{3  <1.0>}
x[2,2]{6  <1.0>}
x[2,3]{4  <1.0>}
x[2,4]{7  <1.0>}
x[2,5]{2  <1.0>}
x[2,6]{5  <1.0>}
x[2,7]{0  <1.0>}
x[3,0]{0  <0.3333333333333333>, 6  <0.3333333333333333>, 2  <0.3333333333333333>}
x[3,1]{0  <0.3333333333333333>, 6  <0.3333333333333333>, 2  <0.3333333333333333>}
x[3,2]{1  <1.0>}
x[3,3]{3  <1.0>}
x[3,4]{5  <1.0>}
x[3,5]{0  <0.5>, 6  <0.5>}
x[3,6]{4  <1.0>}
x[3,7]{7  <1.0>}
x[4,0]{6  <0.0>, 5  <0.0>, 2  <0.0>, 4  <0.0>}
x[4,1]{7  <0.0>, 4  <0.0>, 2  <0.0>, 6  <0.0>}
x[4,2]{7  <0.0>, 5  <0.0>, 4  <0.0>}
x[4,3]{6  <0.0>, 1  <0.0>}
x[4,4]{0  <1.0>}
x[4,5]{7  <0.0>, 3  <0.0>, 4  <0.0>}
x[4,6]{3  <0.0>, 1  <0.0>}
x[4,7]{5  <0.0>, 3  <0.0>, 2  <0.0>}
x[5,0]{3  <1.0>}
x[5,1]{7  <0.5>, 4  <0.5>}
x[5,2]{7  <0.5>, 4  <0.5>}
x[5,3]{0  <1.0>}
x[5,4]{6  <1.0>}
x[5,5]{5  <1.0>}
x[5,6]{2  <1.0>}
x[5,7]{1  <1.0>}
x[6,0]{0  <0.3333333333333333>, 5  <0.3333333333333333>, 4  <0.3333333333333333>}
x[6,1]{0  <0.3333333333333333>, 7  <0.3333333333333333>, 4  <0.3333333333333333>}
x[6,2]{0  <0.25>, 7  <0.25>, 5  <0.25>, 4  <0.25>}
x[6,3]{2  <1.0>}
x[6,4]{1  <1.0>}
x[6,5]{3  <0.3333333333333333>, 7  <0.3333333333333333>, 4  <0.3333333333333333>}
x[6,6]{6  <1.0>}
x[6,7]{3  <0.5>, 5  <0.5>}
x[7,0]{0  <0.5>, 6  <0.5>}
x[7,1]{1  <1.0>}
x[7,2]{2  <1.0>}
x[7,3]{5  <1.0>}
x[7,4]{3  <1.0>}
x[7,5]{0  <0.5>, 6  <0.5>}
x[7,6]{7  <1.0>}
x[7,7]{4  <1.0>}
problem entropy = 0.5
smallest variable entropy = -0.0
### branching on x[6,5]=3; marginal=0.3333333333333333; regret=0.0; nb of ties=28
##### after BP iteration 1 #####
x[0,0]{7  <1.0>}
x[0,1]{0  <1.0>}
x[0,2]{5  <1.0>}
x[0,3]{6  <1.0>}
x[0,4]{2  <1.0>}
x[0,5]{4  <1.0>}
x[0,6]{1  <1.0>}
x[0,7]{3  <1.0>}
x[1,0]{2  <1.0>}
x[1,1]{5  <1.0>}
x[1,2]{3  <1.0>}
x[1,3]{7  <1.0>}
x[1,4]{4  <1.0>}
x[1,5]{1  <1.0>}
x[1,6]{0  <1.0>}
x[1,7]{6  <1.0>}
x[2,0]{1  <1.0>}
x[2,1]{3  <1.0>}
x[2,2]{6  <1.0>}
x[2,3]{4  <1.0>}
x[2,4]{7  <1.0>}
x[2,5]{2  <1.0>}
x[2,6]{5  <1.0>}
x[2,7]{0  <1.0>}
x[3,0]{0  <0.5>, 6  <0.5>}
x[3,1]{2  <1.0>}
x[3,2]{1  <1.0>}
x[3,3]{3  <1.0>}
x[3,4]{5  <1.0>}
x[3,5]{0  <0.5>, 6  <0.5>}
x[3,6]{4  <1.0>}
x[3,7]{7  <1.0>}
x[4,0]{5  <1.0>}
x[4,1]{6  <1.0>}
x[4,2]{4  <1.0>}
x[4,3]{1  <1.0>}
x[4,4]{0  <1.0>}
x[4,5]{7  <1.0>}
x[4,6]{3  <1.0>}
x[4,7]{2  <1.0>}
x[5,0]{3  <1.0>}
x[5,1]{4  <1.0>}
x[5,2]{7  <1.0>}
x[5,3]{0  <1.0>}
x[5,4]{6  <1.0>}
x[5,5]{5  <1.0>}
x[5,6]{2  <1.0>}
x[5,7]{1  <1.0>}
x[6,0]{4  <1.0>}
x[6,1]{7  <1.0>}
x[6,2]{0  <1.0>}
x[6,3]{2  <1.0>}
x[6,4]{1  <1.0>}
x[6,5]{3  <1.0>}
x[6,6]{6  <1.0>}
x[6,7]{5  <1.0>}
x[7,0]{0  <0.5>, 6  <0.5>}
x[7,1]{1  <1.0>}
x[7,2]{2  <1.0>}
x[7,3]{5  <1.0>}
x[7,4]{3  <1.0>}
x[7,5]{0  <0.5>, 6  <0.5>}
x[7,6]{7  <1.0>}
x[7,7]{4  <1.0>}
problem entropy = 1.0
smallest variable entropy = 0.6931471805599453
##### after BP iteration 2 #####
x[0,0]{7  <1.0>}
x[0,1]{0  <1.0>}
x[0,2]{5  <1.0>}
x[0,3]{6  <1.0>}
x[0,4]{2  <1.0>}
x[0,5]{4  <1.0>}
x[0,6]{1  <1.0>}
x[0,7]{3  <1.0>}
x[1,0]{2  <1.0>}
x[1,1]{5  <1.0>}
x[1,2]{3  <1.0>}
x[1,3]{7  <1.0>}
x[1,4]{4  <1.0>}
x[1,5]{1  <1.0>}
x[1,6]{0  <1.0>}
x[1,7]{6  <1.0>}
x[2,0]{1  <1.0>}
x[2,1]{3  <1.0>}
x[2,2]{6  <1.0>}
x[2,3]{4  <1.0>}
x[2,4]{7  <1.0>}
x[2,5]{2  <1.0>}
x[2,6]{5  <1.0>}
x[2,7]{0  <1.0>}
x[3,0]{0  <0.5>, 6  <0.5>}
x[3,1]{2  <1.0>}
x[3,2]{1  <1.0>}
x[3,3]{3  <1.0>}
x[3,4]{5  <1.0>}
x[3,5]{0  <0.5>, 6  <0.5>}
x[3,6]{4  <1.0>}
x[3,7]{7  <1.0>}
x[4,0]{5  <1.0>}
x[4,1]{6  <1.0>}
x[4,2]{4  <1.0>}
x[4,3]{1  <1.0>}
x[4,4]{0  <1.0>}
x[4,5]{7  <1.0>}
x[4,6]{3  <1.0>}
x[4,7]{2  <1.0>}
x[5,0]{3  <1.0>}
x[5,1]{4  <1.0>}
x[5,2]{7  <1.0>}
x[5,3]{0  <1.0>}
x[5,4]{6  <1.0>}
x[5,5]{5  <1.0>}
x[5,6]{2  <1.0>}
x[5,7]{1  <1.0>}
x[6,0]{4  <1.0>}
x[6,1]{7  <1.0>}
x[6,2]{0  <1.0>}
x[6,3]{2  <1.0>}
x[6,4]{1  <1.0>}
x[6,5]{3  <1.0>}
x[6,6]{6  <1.0>}
x[6,7]{5  <1.0>}
x[7,0]{0  <0.5>, 6  <0.5>}
x[7,1]{1  <1.0>}
x[7,2]{2  <1.0>}
x[7,3]{5  <1.0>}
x[7,4]{3  <1.0>}
x[7,5]{0  <0.5>, 6  <0.5>}
x[7,6]{7  <1.0>}
x[7,7]{4  <1.0>}
problem entropy = 1.0
smallest variable entropy = 0.6931471805599453
### branching on x[3,0]=0; marginal=0.5; regret=0.0; nb of ties=4
##### after BP iteration 1 #####
x[0,0]{7  <1.0>}
x[0,1]{0  <1.0>}
x[0,2]{5  <1.0>}
x[0,3]{6  <1.0>}
x[0,4]{2  <1.0>}
x[0,5]{4  <1.0>}
x[0,6]{1  <1.0>}
x[0,7]{3  <1.0>}
x[1,0]{2  <1.0>}
x[1,1]{5  <1.0>}
x[1,2]{3  <1.0>}
x[1,3]{7  <1.0>}
x[1,4]{4  <1.0>}
x[1,5]{1  <1.0>}
x[1,6]{0  <1.0>}
x[1,7]{6  <1.0>}
x[2,0]{1  <1.0>}
x[2,1]{3  <1.0>}
x[2,2]{6  <1.0>}
x[2,3]{4  <1.0>}
x[2,4]{7  <1.0>}
x[2,5]{2  <1.0>}
x[2,6]{5  <1.0>}
x[2,7]{0  <1.0>}
x[3,0]{0  <1.0>}
x[3,1]{2  <1.0>}
x[3,2]{1  <1.0>}
x[3,3]{3  <1.0>}
x[3,4]{5  <1.0>}
x[3,5]{6  <1.0>}
x[3,6]{4  <1.0>}
x[3,7]{7  <1.0>}
x[4,0]{5  <1.0>}
x[4,1]{6  <1.0>}
x[4,2]{4  <1.0>}
x[4,3]{1  <1.0>}
x[4,4]{0  <1.0>}
x[4,5]{7  <1.0>}
x[4,6]{3  <1.0>}
x[4,7]{2  <1.0>}
x[5,0]{3  <1.0>}
x[5,1]{4  <1.0>}
x[5,2]{7  <1.0>}
x[5,3]{0  <1.0>}
x[5,4]{6  <1.0>}
x[5,5]{5  <1.0>}
x[5,6]{2  <1.0>}
x[5,7]{1  <1.0>}
x[6,0]{4  <1.0>}
x[6,1]{7  <1.0>}
x[6,2]{0  <1.0>}
x[6,3]{2  <1.0>}
x[6,4]{1  <1.0>}
x[6,5]{3  <1.0>}
x[6,6]{6  <1.0>}
x[6,7]{5  <1.0>}
x[7,0]{6  <1.0>}
x[7,1]{1  <1.0>}
x[7,2]{2  <1.0>}
x[7,3]{5  <1.0>}
x[7,4]{3  <1.0>}
x[7,5]{0  <1.0>}
x[7,6]{7  <1.0>}
x[7,7]{4  <1.0>}
problem entropy = 0.0
smallest variable entropy = 1.7976931348623157E308
### branching on x[3,0]!=0
##### after BP iteration 1 #####
x[0,0]{7  <1.0>}
x[0,1]{0  <1.0>}
x[0,2]{5  <1.0>}
x[0,3]{6  <1.0>}
x[0,4]{2  <1.0>}
x[0,5]{4  <1.0>}
x[0,6]{1  <1.0>}
x[0,7]{3  <1.0>}
x[1,0]{2  <1.0>}
x[1,1]{5  <1.0>}
x[1,2]{3  <1.0>}
x[1,3]{7  <1.0>}
x[1,4]{4  <1.0>}
x[1,5]{1  <1.0>}
x[1,6]{0  <1.0>}
x[1,7]{6  <1.0>}
x[2,0]{1  <1.0>}
x[2,1]{3  <1.0>}
x[2,2]{6  <1.0>}
x[2,3]{4  <1.0>}
x[2,4]{7  <1.0>}
x[2,5]{2  <1.0>}
x[2,6]{5  <1.0>}
x[2,7]{0  <1.0>}
x[3,0]{6  <1.0>}
x[3,1]{2  <1.0>}
x[3,2]{1  <1.0>}
x[3,3]{3  <1.0>}
x[3,4]{5  <1.0>}
x[3,5]{0  <1.0>}
x[3,6]{4  <1.0>}
x[3,7]{7  <1.0>}
x[4,0]{5  <1.0>}
x[4,1]{6  <1.0>}
x[4,2]{4  <1.0>}
x[4,3]{1  <1.0>}
x[4,4]{0  <1.0>}
x[4,5]{7  <1.0>}
x[4,6]{3  <1.0>}
x[4,7]{2  <1.0>}
x[5,0]{3  <1.0>}
x[5,1]{4  <1.0>}
x[5,2]{7  <1.0>}
x[5,3]{0  <1.0>}
x[5,4]{6  <1.0>}
x[5,5]{5  <1.0>}
x[5,6]{2  <1.0>}
x[5,7]{1  <1.0>}
x[6,0]{4  <1.0>}
x[6,1]{7  <1.0>}
x[6,2]{0  <1.0>}
x[6,3]{2  <1.0>}
x[6,4]{1  <1.0>}
x[6,5]{3  <1.0>}
x[6,6]{6  <1.0>}
x[6,7]{5  <1.0>}
x[7,0]{0  <1.0>}
x[7,1]{1  <1.0>}
x[7,2]{2  <1.0>}
x[7,3]{5  <1.0>}
x[7,4]{3  <1.0>}
x[7,5]{6  <1.0>}
x[7,6]{7  <1.0>}
x[7,7]{4  <1.0>}
problem entropy = 0.0
smallest variable entropy = 1.7976931348623157E308

	#choice: 7
	#fail: 0
	execution time (ms): 72
	#sols : 1
	completed : false

