{5  <1.0>, 6  <1.0>, 7  <1.0>}
model: sum-product-oracle
FINAL DAMPING FACTOR = 1.0
##### after BP iteration 1 #####
x[0,0]{5  <7.098723930042128E-12>, 6  <0.9999999999929013>}
x[0,1]{7  <1.0>}
x[0,2]{0  <0.9999999999698859>, 6  <3.011413319164917E-11>}
x[0,3]{3  <1.0>}
x[0,4]{0  <5.834281862514789E-11>, 5  <0.9999999999416572>}
x[0,5]{2  <1.0>}
x[0,6]{1  <1.0>}
x[0,7]{4  <1.0>}
x[1,0]{5  <6.525702085558128E-9>, 1  <8.93743260228377E-16>, 3  <0.999999993474297>}
x[1,1]{0  <1.0>}
x[1,2]{5  <0.9215164488774236>, 2  <0.07848355112257636>}
x[1,3]{5  <0.10209541109375771>, 1  <1.0412737239994137E-7>, 2  <0.8979044847788699>}
x[1,4]{5  <7.968629530760243E-11>, 1  <0.9999982598616316>, 2  <9.597739716099677E-7>, 3  <7.802847104630245E-7>}
x[1,5]{4  <1.0>}
x[1,6]{7  <1.0>}
x[1,7]{6  <1.0>}
x[2,0]{5  <0.999999971561528>, 1  <1.5951868637215704E-18>, 7  <1.0225675398875911E-10>, 3  <2.8336215322108153E-8>}
x[2,1]{2  <1.0>}
x[2,2]{4  <1.0>}
x[2,3]{5  <1.0661843036411507E-7>, 1  <6.79265010945838E-7>, 7  <0.9999992141165587>}
x[2,4]{5  <2.23161185828384E-10>, 1  <1.812854144751576E-5>, 7  <2.285003993919091E-6>, 3  <0.9999795862313974>}
x[2,5]{6  <1.0>}
x[2,6]{0  <1.0>}
x[2,7]{3  <6.624760342076399E-7>, 1  <0.9999993375239659>}
x[3,0]{0  <1.0>}
x[3,1]{3  <1.0>}
x[3,2]{5  <0.22259306871567067>, 2  <0.7774069312843294>}
x[3,3]{5  <0.8165642013715344>, 2  <0.18343579862846562>}
x[3,4]{4  <1.0>}
x[3,5]{1  <1.0>}
x[3,6]{6  <1.0>}
x[3,7]{7  <1.0>}
x[4,0]{7  <9.908183976805674E-6>, 1  <0.9999900918160232>}
x[4,1]{6  <1.0>}
x[4,2]{3  <1.0>}
x[4,3]{0  <1.0>}
x[4,4]{7  <0.9999931690104329>, 1  <3.132275596574615E-6>, 2  <3.698713970484107E-6>}
x[4,5]{5  <1.0>}
x[4,6]{4  <1.0>}
x[4,7]{2  <0.9999999601900439>, 1  <3.9809956086484846E-8>}
x[5,0]{4  <1.0>}
x[5,1]{1  <1.0>}
x[5,2]{7  <1.0>}
x[5,3]{6  <1.0>}
x[5,4]{3  <8.070693853701261E-6>, 2  <0.9999919293061463>}
x[5,5]{0  <1.0>}
x[5,6]{5  <1.0>}
x[5,7]{3  <0.9999999061008346>, 2  <9.389916542519221E-8>}
x[6,0]{2  <1.0>}
x[6,1]{5  <1.0>}
x[6,2]{1  <1.0>}
x[6,3]{4  <1.0>}
x[6,4]{6  <1.0>}
x[6,5]{7  <1.0>}
x[6,6]{3  <1.0>}
x[6,7]{0  <1.0>}
x[7,0]{6  <3.113634835046124E-13>, 1  <7.915011043435514E-6>, 7  <0.9999920849886452>}
x[7,1]{4  <1.0>}
x[7,2]{0  <7.692022206465218E-13>, 6  <0.9999999999992308>}
x[7,3]{7  <4.281245941882855E-5>, 1  <0.9999571875405812>}
x[7,4]{0  <0.9999999999990347>, 1  <3.403551590180918E-14>, 7  <9.312893758977026E-13>}
x[7,5]{3  <1.0>}
x[7,6]{2  <1.0>}
x[7,7]{5  <1.0>}
problem entropy = 0.09775957271419253
smallest variable entropy = 2.2224845035464348E-11
### branching on x[4,7]=2; marginal=0.9999999601900439; regret=0.9999999203800878; nb of ties=18
##### after BP iteration 1 #####
x[0,0]{5  <1.999744208887E-18>, 6  <1.0>}
x[0,1]{7  <1.0>}
x[0,2]{0  <1.0>, 6  <1.856668582750737E-17>}
x[0,3]{3  <1.0>}
x[0,4]{0  <1.0350367329498386E-19>, 5  <1.0>}
x[0,5]{2  <1.0>}
x[0,6]{1  <1.0>}
x[0,7]{4  <1.0>}
x[1,0]{5  <2.93300471233807E-11>, 1  <1.5388740971619364E-24>, 3  <0.99999999997067>}
x[1,1]{0  <1.0>}
x[1,2]{5  <0.934974825083629>, 2  <0.06502517491637116>}
x[1,3]{5  <0.12380652133654478>, 1  <9.036710041087878E-11>, 2  <0.8761934785730882>}
x[1,4]{5  <1.4754807265786895E-17>, 1  <0.9999999999972082>, 3  <2.79181811008785E-12>}
x[1,5]{4  <1.0>}
x[1,6]{7  <1.0>}
x[1,7]{6  <1.0>}
x[2,0]{5  <0.9999999999944944>, 3  <5.505581956723915E-12>, 7  <1.3807282924484086E-17>}
x[2,1]{2  <1.0>}
x[2,2]{4  <1.0>}
x[2,3]{5  <7.049873596017413E-11>, 7  <0.9999999999295012>}
x[2,4]{5  <1.1122860470583398E-20>, 3  <0.9999999999992261>, 7  <7.739747586558546E-13>}
x[2,5]{6  <1.0>}
x[2,6]{0  <1.0>}
x[2,7]{1  <1.0>}
x[3,0]{0  <1.0>}
x[3,1]{3  <1.0>}
x[3,2]{5  <0.06340830092290556>, 2  <0.9365916990770944>}
x[3,3]{5  <0.8103331847270808>, 2  <0.1896668152729191>}
x[3,4]{4  <1.0>}
x[3,5]{1  <1.0>}
x[3,6]{6  <1.0>}
x[3,7]{7  <1.0>}
x[4,0]{7  <5.624001712714442E-8>, 1  <0.9999999437599828>}
x[4,1]{6  <1.0>}
x[4,2]{3  <1.0>}
x[4,3]{0  <1.0>}
x[4,4]{7  <0.9999999995419137>, 1  <4.580863182057555E-10>}
x[4,5]{5  <1.0>}
x[4,6]{4  <1.0>}
x[4,7]{2  <1.0>}
x[5,0]{4  <1.0>}
x[5,1]{1  <1.0>}
x[5,2]{7  <1.0>}
x[5,3]{6  <1.0>}
x[5,4]{2  <1.0>}
x[5,5]{0  <1.0>}
x[5,6]{5  <1.0>}
x[5,7]{3  <1.0>}
x[6,0]{2  <1.0>}
x[6,1]{5  <1.0>}
x[6,2]{1  <1.0>}
x[6,3]{4  <1.0>}
x[6,4]{6  <1.0>}
x[6,5]{7  <1.0>}
x[6,6]{3  <1.0>}
x[6,7]{0  <1.0>}
x[7,0]{6  <1.4653040151165983E-20>, 1  <7.208917884163646E-8>, 7  <0.9999999279108212>}
x[7,1]{4  <1.0>}
x[7,2]{0  <2.336185754966589E-19>, 6  <1.0>}
x[7,3]{7  <1.4541894640759487E-10>, 1  <0.999999999854581>}
x[7,4]{0  <1.0>, 1  <3.559260104954879E-23>, 7  <1.9262629463034836E-21>}
x[7,5]{3  <1.0>}
x[7,6]{2  <1.0>}
x[7,7]{5  <1.0>}
problem entropy = 0.09608413034058509
smallest variable entropy = 9.372002641493664E-20
### branching on x[4,4]=7; marginal=0.9999999995419137; regret=0.9999999990838273; nb of ties=14
##### after BP iteration 1 #####
x[0,0]{5  <3.8582567558589786E-33>, 6  <1.0>}
x[0,1]{7  <1.0>}
x[0,2]{0  <1.0>, 6  <2.2194245148028508E-32>}
x[0,3]{3  <1.0>}
x[0,4]{0  <5.534428670516684E-35>, 5  <1.0>}
x[0,5]{2  <1.0>}
x[0,6]{1  <1.0>}
x[0,7]{4  <1.0>}
x[1,0]{5  <5.849345325706541E-17>, 3  <0.9999999999999999>}
x[1,1]{0  <1.0>}
x[1,2]{5  <0.8990204703527848>, 2  <0.10097952964721521>}
x[1,3]{5  <0.12523472526059523>, 1  <8.967762842544386E-19>, 2  <0.8747652747394048>}
x[1,4]{5  <1.9375854081907728E-28>, 1  <1.0>, 3  <5.4903838892454765E-36>}
x[1,5]{4  <1.0>}
x[1,6]{7  <1.0>}
x[1,7]{6  <1.0>}
x[2,0]{5  <1.0>, 3  <1.1512970549353507E-23>, 7  <3.0135277377373257E-25>}
x[2,1]{2  <1.0>}
x[2,2]{4  <1.0>}
x[2,3]{5  <6.721149733822308E-22>, 7  <1.0>}
x[2,4]{5  <5.091478871397461E-35>, 3  <1.0>}
x[2,5]{6  <1.0>}
x[2,6]{0  <1.0>}
x[2,7]{1  <1.0>}
x[3,0]{0  <1.0>}
x[3,1]{3  <1.0>}
x[3,2]{5  <0.053793762069636084>, 2  <0.9462062379303638>}
x[3,3]{5  <0.9591554102133824>, 2  <0.040844589786617654>}
x[3,4]{4  <1.0>}
x[3,5]{1  <1.0>}
x[3,6]{6  <1.0>}
x[3,7]{7  <1.0>}
x[4,0]{1  <1.0>}
x[4,1]{6  <1.0>}
x[4,2]{3  <1.0>}
x[4,3]{0  <1.0>}
x[4,4]{7  <1.0>}
x[4,5]{5  <1.0>}
x[4,6]{4  <1.0>}
x[4,7]{2  <1.0>}
x[5,0]{4  <1.0>}
x[5,1]{1  <1.0>}
x[5,2]{7  <1.0>}
x[5,3]{6  <1.0>}
x[5,4]{2  <1.0>}
x[5,5]{0  <1.0>}
x[5,6]{5  <1.0>}
x[5,7]{3  <1.0>}
x[6,0]{2  <1.0>}
x[6,1]{5  <1.0>}
x[6,2]{1  <1.0>}
x[6,3]{4  <1.0>}
x[6,4]{6  <1.0>}
x[6,5]{7  <1.0>}
x[6,6]{3  <1.0>}
x[6,7]{0  <1.0>}
x[7,0]{6  <1.1541072863406361E-35>, 7  <1.0>}
x[7,1]{4  <1.0>}
x[7,2]{0  <3.8661239772689403E-35>, 6  <1.0>}
x[7,3]{7  <1.3243245917443932E-35>, 1  <1.0>}
x[7,4]{0  <1.0>, 1  <3.5275827605191245E-36>}
x[7,5]{3  <1.0>}
x[7,6]{2  <1.0>}
x[7,7]{5  <1.0>}
problem entropy = 0.0852443636505314
smallest variable entropy = 2.8796522501850743E-34
### branching on x[0,4]=5; marginal=1.0; regret=1.0; nb of ties=12
##### after BP iteration 1 #####
x[0,0]{6  <1.0>}
x[0,1]{7  <1.0>}
x[0,2]{0  <1.0>}
x[0,3]{3  <1.0>}
x[0,4]{5  <1.0>}
x[0,5]{2  <1.0>}
x[0,6]{1  <1.0>}
x[0,7]{4  <1.0>}
x[1,0]{3  <1.0>}
x[1,1]{0  <1.0>}
x[1,2]{5  <0.8952309901442189>, 2  <0.10476900985578112>}
x[1,3]{5  <0.032742214558248654>, 2  <0.9672577854417513>}
x[1,4]{1  <1.0>}
x[1,5]{4  <1.0>}
x[1,6]{7  <1.0>}
x[1,7]{6  <1.0>}
x[2,0]{5  <1.0>}
x[2,1]{2  <1.0>}
x[2,2]{4  <1.0>}
x[2,3]{7  <1.0>}
x[2,4]{3  <1.0>}
x[2,5]{6  <1.0>}
x[2,6]{0  <1.0>}
x[2,7]{1  <1.0>}
x[3,0]{0  <1.0>}
x[3,1]{3  <1.0>}
x[3,2]{5  <0.06598814181827375>, 2  <0.9340118581817262>}
x[3,3]{5  <0.9663948212279398>, 2  <0.033605178772060124>}
x[3,4]{4  <1.0>}
x[3,5]{1  <1.0>}
x[3,6]{6  <1.0>}
x[3,7]{7  <1.0>}
x[4,0]{1  <1.0>}
x[4,1]{6  <1.0>}
x[4,2]{3  <1.0>}
x[4,3]{0  <1.0>}
x[4,4]{7  <1.0>}
x[4,5]{5  <1.0>}
x[4,6]{4  <1.0>}
x[4,7]{2  <1.0>}
x[5,0]{4  <1.0>}
x[5,1]{1  <1.0>}
x[5,2]{7  <1.0>}
x[5,3]{6  <1.0>}
x[5,4]{2  <1.0>}
x[5,5]{0  <1.0>}
x[5,6]{5  <1.0>}
x[5,7]{3  <1.0>}
x[6,0]{2  <1.0>}
x[6,1]{5  <1.0>}
x[6,2]{1  <1.0>}
x[6,3]{4  <1.0>}
x[6,4]{6  <1.0>}
x[6,5]{7  <1.0>}
x[6,6]{3  <1.0>}
x[6,7]{0  <1.0>}
x[7,0]{7  <1.0>}
x[7,1]{4  <1.0>}
x[7,2]{6  <1.0>}
x[7,3]{1  <1.0>}
x[7,4]{0  <1.0>}
x[7,5]{3  <1.0>}
x[7,6]{2  <1.0>}
x[7,7]{5  <1.0>}
problem entropy = 0.3137069698533395
smallest variable entropy = 0.1441488209426137
##### after BP iteration 2 #####
x[0,0]{6  <1.0>}
x[0,1]{7  <1.0>}
x[0,2]{0  <1.0>}
x[0,3]{3  <1.0>}
x[0,4]{5  <1.0>}
x[0,5]{2  <1.0>}
x[0,6]{1  <1.0>}
x[0,7]{4  <1.0>}
x[1,0]{3  <1.0>}
x[1,1]{0  <1.0>}
x[1,2]{5  <0.9791519398748622>, 2  <0.020848060125137825>}
x[1,3]{5  <0.027640319417967494>, 2  <0.9723596805820326>}
x[1,4]{1  <1.0>}
x[1,5]{4  <1.0>}
x[1,6]{7  <1.0>}
x[1,7]{6  <1.0>}
x[2,0]{5  <1.0>}
x[2,1]{2  <1.0>}
x[2,2]{4  <1.0>}
x[2,3]{7  <1.0>}
x[2,4]{3  <1.0>}
x[2,5]{6  <1.0>}
x[2,6]{0  <1.0>}
x[2,7]{1  <1.0>}
x[3,0]{0  <1.0>}
x[3,1]{3  <1.0>}
x[3,2]{5  <0.06680021597797252>, 2  <0.9331997840220275>}
x[3,3]{5  <0.94682546543142>, 2  <0.05317453456858001>}
x[3,4]{4  <1.0>}
x[3,5]{1  <1.0>}
x[3,6]{6  <1.0>}
x[3,7]{7  <1.0>}
x[4,0]{1  <1.0>}
x[4,1]{6  <1.0>}
x[4,2]{3  <1.0>}
x[4,3]{0  <1.0>}
x[4,4]{7  <1.0>}
x[4,5]{5  <1.0>}
x[4,6]{4  <1.0>}
x[4,7]{2  <1.0>}
x[5,0]{4  <1.0>}
x[5,1]{1  <1.0>}
x[5,2]{7  <1.0>}
x[5,3]{6  <1.0>}
x[5,4]{2  <1.0>}
x[5,5]{0  <1.0>}
x[5,6]{5  <1.0>}
x[5,7]{3  <1.0>}
x[6,0]{2  <1.0>}
x[6,1]{5  <1.0>}
x[6,2]{1  <1.0>}
x[6,3]{4  <1.0>}
x[6,4]{6  <1.0>}
x[6,5]{7  <1.0>}
x[6,6]{3  <1.0>}
x[6,7]{0  <1.0>}
x[7,0]{7  <1.0>}
x[7,1]{4  <1.0>}
x[7,2]{6  <1.0>}
x[7,3]{1  <1.0>}
x[7,4]{0  <1.0>}
x[7,5]{3  <1.0>}
x[7,6]{2  <1.0>}
x[7,7]{5  <1.0>}
problem entropy = 0.24554805593378687
smallest variable entropy = 0.10132151257433641
##### after BP iteration 3 #####
x[0,0]{6  <1.0>}
x[0,1]{7  <1.0>}
x[0,2]{0  <1.0>}
x[0,3]{3  <1.0>}
x[0,4]{5  <1.0>}
x[0,5]{2  <1.0>}
x[0,6]{1  <1.0>}
x[0,7]{4  <1.0>}
x[1,0]{3  <1.0>}
x[1,1]{0  <1.0>}
x[1,2]{5  <0.9829102587083326>, 2  <0.01708974129166744>}
x[1,3]{5  <0.03411982276071096>, 2  <0.965880177239289>}
x[1,4]{1  <1.0>}
x[1,5]{4  <1.0>}
x[1,6]{7  <1.0>}
x[1,7]{6  <1.0>}
x[2,0]{5  <1.0>}
x[2,1]{2  <1.0>}
x[2,2]{4  <1.0>}
x[2,3]{7  <1.0>}
x[2,4]{3  <1.0>}
x[2,5]{6  <1.0>}
x[2,6]{0  <1.0>}
x[2,7]{1  <1.0>}
x[3,0]{0  <1.0>}
x[3,1]{3  <1.0>}
x[3,2]{5  <0.016643581131334205>, 2  <0.9833564188686658>}
x[3,3]{5  <0.9447196619300697>, 2  <0.055280338069930254>}
x[3,4]{4  <1.0>}
x[3,5]{1  <1.0>}
x[3,6]{6  <1.0>}
x[3,7]{7  <1.0>}
x[4,0]{1  <1.0>}
x[4,1]{6  <1.0>}
x[4,2]{3  <1.0>}
x[4,3]{0  <1.0>}
x[4,4]{7  <1.0>}
x[4,5]{5  <1.0>}
x[4,6]{4  <1.0>}
x[4,7]{2  <1.0>}
x[5,0]{4  <1.0>}
x[5,1]{1  <1.0>}
x[5,2]{7  <1.0>}
x[5,3]{6  <1.0>}
x[5,4]{2  <1.0>}
x[5,5]{0  <1.0>}
x[5,6]{5  <1.0>}
x[5,7]{3  <1.0>}
x[6,0]{2  <1.0>}
x[6,1]{5  <1.0>}
x[6,2]{1  <1.0>}
x[6,3]{4  <1.0>}
x[6,4]{6  <1.0>}
x[6,5]{7  <1.0>}
x[6,6]{3  <1.0>}
x[6,7]{0  <1.0>}
x[7,0]{7  <1.0>}
x[7,1]{4  <1.0>}
x[7,2]{6  <1.0>}
x[7,3]{1  <1.0>}
x[7,4]{0  <1.0>}
x[7,5]{3  <1.0>}
x[7,6]{2  <1.0>}
x[7,7]{5  <1.0>}
problem entropy = 0.19249877561404244
smallest variable entropy = 0.08467192731344858
##### after BP iteration 4 #####
x[0,0]{6  <1.0>}
x[0,1]{7  <1.0>}
x[0,2]{0  <1.0>}
x[0,3]{3  <1.0>}
x[0,4]{5  <1.0>}
x[0,5]{2  <1.0>}
x[0,6]{1  <1.0>}
x[0,7]{4  <1.0>}
x[1,0]{3  <1.0>}
x[1,1]{0  <1.0>}
x[1,2]{5  <0.9726865425212649>, 2  <0.027313457478735235>}
x[1,3]{5  <0.034554222760668045>, 2  <0.9654457772393319>}
x[1,4]{1  <1.0>}
x[1,5]{4  <1.0>}
x[1,6]{7  <1.0>}
x[1,7]{6  <1.0>}
x[2,0]{5  <1.0>}
x[2,1]{2  <1.0>}
x[2,2]{4  <1.0>}
x[2,3]{7  <1.0>}
x[2,4]{3  <1.0>}
x[2,5]{6  <1.0>}
x[2,6]{0  <1.0>}
x[2,7]{1  <1.0>}
x[3,0]{0  <1.0>}
x[3,1]{3  <1.0>}
x[3,2]{5  <0.014013833120848924>, 2  <0.9859861668791511>}
x[3,3]{5  <0.9894661649239239>, 2  <0.010533835076076074>}
x[3,4]{4  <1.0>}
x[3,5]{1  <1.0>}
x[3,6]{6  <1.0>}
x[3,7]{7  <1.0>}
x[4,0]{1  <1.0>}
x[4,1]{6  <1.0>}
x[4,2]{3  <1.0>}
x[4,3]{0  <1.0>}
x[4,4]{7  <1.0>}
x[4,5]{5  <1.0>}
x[4,6]{4  <1.0>}
x[4,7]{2  <1.0>}
x[5,0]{4  <1.0>}
x[5,1]{1  <1.0>}
x[5,2]{7  <1.0>}
x[5,3]{6  <1.0>}
x[5,4]{2  <1.0>}
x[5,5]{0  <1.0>}
x[5,6]{5  <1.0>}
x[5,7]{3  <1.0>}
x[6,0]{2  <1.0>}
x[6,1]{5  <1.0>}
x[6,2]{1  <1.0>}
x[6,3]{4  <1.0>}
x[6,4]{6  <1.0>}
x[6,5]{7  <1.0>}
x[6,6]{3  <1.0>}
x[6,7]{0  <1.0>}
x[7,0]{7  <1.0>}
x[7,1]{4  <1.0>}
x[7,2]{6  <1.0>}
x[7,3]{1  <1.0>}
x[7,4]{0  <1.0>}
x[7,5]{3  <1.0>}
x[7,6]{2  <1.0>}
x[7,7]{5  <1.0>}
problem entropy = 0.14703633152777082
smallest variable entropy = 0.05844042455540035
##### after BP iteration 5 #####
x[0,0]{6  <1.0>}
x[0,1]{7  <1.0>}
x[0,2]{0  <1.0>}
x[0,3]{3  <1.0>}
x[0,4]{5  <1.0>}
x[0,5]{2  <1.0>}
x[0,6]{1  <1.0>}
x[0,7]{4  <1.0>}
x[1,0]{3  <1.0>}
x[1,1]{0  <1.0>}
x[1,2]{5  <0.971574135258618>, 2  <0.02842586474138197>}
x[1,3]{5  <0.008391623902287787>, 2  <0.9916083760977121>}
x[1,4]{1  <1.0>}
x[1,5]{4  <1.0>}
x[1,6]{7  <1.0>}
x[1,7]{6  <1.0>}
x[2,0]{5  <1.0>}
x[2,1]{2  <1.0>}
x[2,2]{4  <1.0>}
x[2,3]{7  <1.0>}
x[2,4]{3  <1.0>}
x[2,5]{6  <1.0>}
x[2,6]{0  <1.0>}
x[2,7]{1  <1.0>}
x[3,0]{0  <1.0>}
x[3,1]{3  <1.0>}
x[3,2]{5  <0.0173560032578516>, 2  <0.9826439967421484>}
x[3,3]{5  <0.9913814852605586>, 2  <0.00861851473944146>}
x[3,4]{4  <1.0>}
x[3,5]{1  <1.0>}
x[3,6]{6  <1.0>}
x[3,7]{7  <1.0>}
x[4,0]{1  <1.0>}
x[4,1]{6  <1.0>}
x[4,2]{3  <1.0>}
x[4,3]{0  <1.0>}
x[4,4]{7  <1.0>}
x[4,5]{5  <1.0>}
x[4,6]{4  <1.0>}
x[4,7]{2  <1.0>}
x[5,0]{4  <1.0>}
x[5,1]{1  <1.0>}
x[5,2]{7  <1.0>}
x[5,3]{6  <1.0>}
x[5,4]{2  <1.0>}
x[5,5]{0  <1.0>}
x[5,6]{5  <1.0>}
x[5,7]{3  <1.0>}
x[6,0]{2  <1.0>}
x[6,1]{5  <1.0>}
x[6,2]{1  <1.0>}
x[6,3]{4  <1.0>}
x[6,4]{6  <1.0>}
x[6,5]{7  <1.0>}
x[6,6]{3  <1.0>}
x[6,7]{0  <1.0>}
x[7,0]{7  <1.0>}
x[7,1]{4  <1.0>}
x[7,2]{6  <1.0>}
x[7,3]{1  <1.0>}
x[7,4]{0  <1.0>}
x[7,5]{3  <1.0>}
x[7,6]{2  <1.0>}
x[7,7]{5  <1.0>}
problem entropy = 0.11354534756108646
smallest variable entropy = 0.048472651500351946
##### after BP iteration 6 #####
x[0,0]{6  <1.0>}
x[0,1]{7  <1.0>}
x[0,2]{0  <1.0>}
x[0,3]{3  <1.0>}
x[0,4]{5  <1.0>}
x[0,5]{2  <1.0>}
x[0,6]{1  <1.0>}
x[0,7]{4  <1.0>}
x[1,0]{3  <1.0>}
x[1,1]{0  <1.0>}
x[1,2]{5  <0.9947051951614976>, 2  <0.005294804838502436>}
x[1,3]{5  <0.0070563598853615175>, 2  <0.9929436401146385>}
x[1,4]{1  <1.0>}
x[1,5]{4  <1.0>}
x[1,6]{7  <1.0>}
x[1,7]{6  <1.0>}
x[2,0]{5  <1.0>}
x[2,1]{2  <1.0>}
x[2,2]{4  <1.0>}
x[2,3]{7  <1.0>}
x[2,4]{3  <1.0>}
x[2,5]{6  <1.0>}
x[2,6]{0  <1.0>}
x[2,7]{1  <1.0>}
x[3,0]{0  <1.0>}
x[3,1]{3  <1.0>}
x[3,2]{5  <0.01758085781903531>, 2  <0.9824191421809646>}
x[3,3]{5  <0.9861541826894473>, 2  <0.013845817310552675>}
x[3,4]{4  <1.0>}
x[3,5]{1  <1.0>}
x[3,6]{6  <1.0>}
x[3,7]{7  <1.0>}
x[4,0]{1  <1.0>}
x[4,1]{6  <1.0>}
x[4,2]{3  <1.0>}
x[4,3]{0  <1.0>}
x[4,4]{7  <1.0>}
x[4,5]{5  <1.0>}
x[4,6]{4  <1.0>}
x[4,7]{2  <1.0>}
x[5,0]{4  <1.0>}
x[5,1]{1  <1.0>}
x[5,2]{7  <1.0>}
x[5,3]{6  <1.0>}
x[5,4]{2  <1.0>}
x[5,5]{0  <1.0>}
x[5,6]{5  <1.0>}
x[5,7]{3  <1.0>}
x[6,0]{2  <1.0>}
x[6,1]{5  <1.0>}
x[6,2]{1  <1.0>}
x[6,3]{4  <1.0>}
x[6,4]{6  <1.0>}
x[6,5]{7  <1.0>}
x[6,6]{3  <1.0>}
x[6,7]{0  <1.0>}
x[7,0]{7  <1.0>}
x[7,1]{4  <1.0>}
x[7,2]{6  <1.0>}
x[7,3]{1  <1.0>}
x[7,4]{0  <1.0>}
x[7,5]{3  <1.0>}
x[7,6]{2  <1.0>}
x[7,7]{5  <1.0>}
problem entropy = 0.08529700245609396
smallest variable entropy = 0.033030989099837094
##### after BP iteration 7 #####
x[0,0]{6  <1.0>}
x[0,1]{7  <1.0>}
x[0,2]{0  <1.0>}
x[0,3]{3  <1.0>}
x[0,4]{5  <1.0>}
x[0,5]{2  <1.0>}
x[0,6]{1  <1.0>}
x[0,7]{4  <1.0>}
x[1,0]{3  <1.0>}
x[1,1]{0  <1.0>}
x[1,2]{5  <0.9956720925632621>, 2  <0.004327907436737962>}
x[1,3]{5  <0.00875396858254469>, 2  <0.9912460314174553>}
x[1,4]{1  <1.0>}
x[1,5]{4  <1.0>}
x[1,6]{7  <1.0>}
x[1,7]{6  <1.0>}
x[2,0]{5  <1.0>}
x[2,1]{2  <1.0>}
x[2,2]{4  <1.0>}
x[2,3]{7  <1.0>}
x[2,4]{3  <1.0>}
x[2,5]{6  <1.0>}
x[2,6]{0  <1.0>}
x[2,7]{1  <1.0>}
x[3,0]{0  <1.0>}
x[3,1]{3  <1.0>}
x[3,2]{5  <0.004213490966898844>, 2  <0.9957865090331012>}
x[3,3]{5  <0.9855821476692007>, 2  <0.01441785233079924>}
x[3,4]{4  <1.0>}
x[3,5]{1  <1.0>}
x[3,6]{6  <1.0>}
x[3,7]{7  <1.0>}
x[4,0]{1  <1.0>}
x[4,1]{6  <1.0>}
x[4,2]{3  <1.0>}
x[4,3]{0  <1.0>}
x[4,4]{7  <1.0>}
x[4,5]{5  <1.0>}
x[4,6]{4  <1.0>}
x[4,7]{2  <1.0>}
x[5,0]{4  <1.0>}
x[5,1]{1  <1.0>}
x[5,2]{7  <1.0>}
x[5,3]{6  <1.0>}
x[5,4]{2  <1.0>}
x[5,5]{0  <1.0>}
x[5,6]{5  <1.0>}
x[5,7]{3  <1.0>}
x[6,0]{2  <1.0>}
x[6,1]{5  <1.0>}
x[6,2]{1  <1.0>}
x[6,3]{4  <1.0>}
x[6,4]{6  <1.0>}
x[6,5]{7  <1.0>}
x[6,6]{3  <1.0>}
x[6,7]{0  <1.0>}
x[7,0]{7  <1.0>}
x[7,1]{4  <1.0>}
x[7,2]{6  <1.0>}
x[7,3]{1  <1.0>}
x[7,4]{0  <1.0>}
x[7,5]{3  <1.0>}
x[7,6]{2  <1.0>}
x[7,7]{5  <1.0>}
problem entropy = 0.06519282828987608
smallest variable entropy = 0.027250137894485993
##### after BP iteration 8 #####
x[0,0]{6  <1.0>}
x[0,1]{7  <1.0>}
x[0,2]{0  <1.0>}
x[0,3]{3  <1.0>}
x[0,4]{5  <1.0>}
x[0,5]{2  <1.0>}
x[0,6]{1  <1.0>}
x[0,7]{4  <1.0>}
x[1,0]{3  <1.0>}
x[1,1]{0  <1.0>}
x[1,2]{5  <0.9930288305755779>, 2  <0.006971169424422069>}
x[1,3]{5  <0.008868385824651426>, 2  <0.9911316141753486>}
x[1,4]{1  <1.0>}
x[1,5]{4  <1.0>}
x[1,6]{7  <1.0>}
x[1,7]{6  <1.0>}
x[2,0]{5  <1.0>}
x[2,1]{2  <1.0>}
x[2,2]{4  <1.0>}
x[2,3]{7  <1.0>}
x[2,4]{3  <1.0>}
x[2,5]{6  <1.0>}
x[2,6]{0  <1.0>}
x[2,7]{1  <1.0>}
x[3,0]{0  <1.0>}
x[3,1]{3  <1.0>}
x[3,2]{5  <0.003540672070864794>, 2  <0.9964593279291352>}
x[3,3]{5  <0.9973455702369725>, 2  <0.0026544297630275906>}
x[3,4]{4  <1.0>}
x[3,5]{1  <1.0>}
x[3,6]{6  <1.0>}
x[3,7]{7  <1.0>}
x[4,0]{1  <1.0>}
x[4,1]{6  <1.0>}
x[4,2]{3  <1.0>}
x[4,3]{0  <1.0>}
x[4,4]{7  <1.0>}
x[4,5]{5  <1.0>}
x[4,6]{4  <1.0>}
x[4,7]{2  <1.0>}
x[5,0]{4  <1.0>}
x[5,1]{1  <1.0>}
x[5,2]{7  <1.0>}
x[5,3]{6  <1.0>}
x[5,4]{2  <1.0>}
x[5,5]{0  <1.0>}
x[5,6]{5  <1.0>}
x[5,7]{3  <1.0>}
x[6,0]{2  <1.0>}
x[6,1]{5  <1.0>}
x[6,2]{1  <1.0>}
x[6,3]{4  <1.0>}
x[6,4]{6  <1.0>}
x[6,5]{7  <1.0>}
x[6,6]{3  <1.0>}
x[6,7]{0  <1.0>}
x[7,0]{7  <1.0>}
x[7,1]{4  <1.0>}
x[7,2]{6  <1.0>}
x[7,3]{1  <1.0>}
x[7,4]{0  <1.0>}
x[7,5]{3  <1.0>}
x[7,6]{2  <1.0>}
x[7,7]{5  <1.0>}
problem entropy = 0.048406576353872535
smallest variable entropy = 0.018395721273619308
##### after BP iteration 9 #####
x[0,0]{6  <1.0>}
x[0,1]{7  <1.0>}
x[0,2]{0  <1.0>}
x[0,3]{3  <1.0>}
x[0,4]{5  <1.0>}
x[0,5]{2  <1.0>}
x[0,6]{1  <1.0>}
x[0,7]{4  <1.0>}
x[1,0]{3  <1.0>}
x[1,1]{0  <1.0>}
x[1,2]{5  <0.9927387278598753>, 2  <0.007261272140124654>}
x[1,3]{5  <0.0021111932302519455>, 2  <0.9978888067697481>}
x[1,4]{1  <1.0>}
x[1,5]{4  <1.0>}
x[1,6]{7  <1.0>}
x[1,7]{6  <1.0>}
x[2,0]{5  <1.0>}
x[2,1]{2  <1.0>}
x[2,2]{4  <1.0>}
x[2,3]{7  <1.0>}
x[2,4]{3  <1.0>}
x[2,5]{6  <1.0>}
x[2,6]{0  <1.0>}
x[2,7]{1  <1.0>}
x[3,0]{0  <1.0>}
x[3,1]{3  <1.0>}
x[3,2]{5  <0.004396226505628358>, 2  <0.9956037734943717>}
x[3,3]{5  <0.9978313534308239>, 2  <0.002168646569176178>}
x[3,4]{4  <1.0>}
x[3,5]{1  <1.0>}
x[3,6]{6  <1.0>}
x[3,7]{7  <1.0>}
x[4,0]{1  <1.0>}
x[4,1]{6  <1.0>}
x[4,2]{3  <1.0>}
x[4,3]{0  <1.0>}
x[4,4]{7  <1.0>}
x[4,5]{5  <1.0>}
x[4,6]{4  <1.0>}
x[4,7]{2  <1.0>}
x[5,0]{4  <1.0>}
x[5,1]{1  <1.0>}
x[5,2]{7  <1.0>}
x[5,3]{6  <1.0>}
x[5,4]{2  <1.0>}
x[5,5]{0  <1.0>}
x[5,6]{5  <1.0>}
x[5,7]{3  <1.0>}
x[6,0]{2  <1.0>}
x[6,1]{5  <1.0>}
x[6,2]{1  <1.0>}
x[6,3]{4  <1.0>}
x[6,4]{6  <1.0>}
x[6,5]{7  <1.0>}
x[6,6]{3  <1.0>}
x[6,7]{0  <1.0>}
x[7,0]{7  <1.0>}
x[7,1]{4  <1.0>}
x[7,2]{6  <1.0>}
x[7,3]{1  <1.0>}
x[7,4]{0  <1.0>}
x[7,5]{3  <1.0>}
x[7,6]{2  <1.0>}
x[7,7]{5  <1.0>}
problem entropy = 0.036725952865914166
smallest variable entropy = 0.015114973165649227
##### after BP iteration 10 #####
x[0,0]{6  <1.0>}
x[0,1]{7  <1.0>}
x[0,2]{0  <1.0>}
x[0,3]{3  <1.0>}
x[0,4]{5  <1.0>}
x[0,5]{2  <1.0>}
x[0,6]{1  <1.0>}
x[0,7]{4  <1.0>}
x[1,0]{3  <1.0>}
x[1,1]{0  <1.0>}
x[1,2]{5  <0.9986710212781493>, 2  <0.0013289787218506508>}
x[1,3]{5  <0.001773475683342581>, 2  <0.9982265243166574>}
x[1,4]{1  <1.0>}
x[1,5]{4  <1.0>}
x[1,6]{7  <1.0>}
x[1,7]{6  <1.0>}
x[2,0]{5  <1.0>}
x[2,1]{2  <1.0>}
x[2,2]{4  <1.0>}
x[2,3]{7  <1.0>}
x[2,4]{3  <1.0>}
x[2,5]{6  <1.0>}
x[2,6]{0  <1.0>}
x[2,7]{1  <1.0>}
x[3,0]{0  <1.0>}
x[3,1]{3  <1.0>}
x[3,2]{5  <0.004453942552825358>, 2  <0.9955460574471746>}
x[3,3]{5  <0.9965022234914641>, 2  <0.003497776508535918>}
x[3,4]{4  <1.0>}
x[3,5]{1  <1.0>}
x[3,6]{6  <1.0>}
x[3,7]{7  <1.0>}
x[4,0]{1  <1.0>}
x[4,1]{6  <1.0>}
x[4,2]{3  <1.0>}
x[4,3]{0  <1.0>}
x[4,4]{7  <1.0>}
x[4,5]{5  <1.0>}
x[4,6]{4  <1.0>}
x[4,7]{2  <1.0>}
x[5,0]{4  <1.0>}
x[5,1]{1  <1.0>}
x[5,2]{7  <1.0>}
x[5,3]{6  <1.0>}
x[5,4]{2  <1.0>}
x[5,5]{0  <1.0>}
x[5,6]{5  <1.0>}
x[5,7]{3  <1.0>}
x[6,0]{2  <1.0>}
x[6,1]{5  <1.0>}
x[6,2]{1  <1.0>}
x[6,3]{4  <1.0>}
x[6,4]{6  <1.0>}
x[6,5]{7  <1.0>}
x[6,6]{3  <1.0>}
x[6,7]{0  <1.0>}
x[7,0]{7  <1.0>}
x[7,1]{4  <1.0>}
x[7,2]{6  <1.0>}
x[7,3]{1  <1.0>}
x[7,4]{0  <1.0>}
x[7,5]{3  <1.0>}
x[7,6]{2  <1.0>}
x[7,7]{5  <1.0>}
problem entropy = 0.027039060738838282
smallest variable entropy = 0.010130379159475988
### branching on x[1,2]=5; marginal=0.9986710212781493; regret=0.9973420425562987; nb of ties=4
##### after BP iteration 1 #####
x[0,0]{6  <1.0>}
x[0,1]{7  <1.0>}
x[0,2]{0  <1.0>}
x[0,3]{3  <1.0>}
x[0,4]{5  <1.0>}
x[0,5]{2  <1.0>}
x[0,6]{1  <1.0>}
x[0,7]{4  <1.0>}
x[1,0]{3  <1.0>}
x[1,1]{0  <1.0>}
x[1,2]{5  <1.0>}
x[1,3]{2  <1.0>}
x[1,4]{1  <1.0>}
x[1,5]{4  <1.0>}
x[1,6]{7  <1.0>}
x[1,7]{6  <1.0>}
x[2,0]{5  <1.0>}
x[2,1]{2  <1.0>}
x[2,2]{4  <1.0>}
x[2,3]{7  <1.0>}
x[2,4]{3  <1.0>}
x[2,5]{6  <1.0>}
x[2,6]{0  <1.0>}
x[2,7]{1  <1.0>}
x[3,0]{0  <1.0>}
x[3,1]{3  <1.0>}
x[3,2]{2  <1.0>}
x[3,3]{5  <1.0>}
x[3,4]{4  <1.0>}
x[3,5]{1  <1.0>}
x[3,6]{6  <1.0>}
x[3,7]{7  <1.0>}
x[4,0]{1  <1.0>}
x[4,1]{6  <1.0>}
x[4,2]{3  <1.0>}
x[4,3]{0  <1.0>}
x[4,4]{7  <1.0>}
x[4,5]{5  <1.0>}
x[4,6]{4  <1.0>}
x[4,7]{2  <1.0>}
x[5,0]{4  <1.0>}
x[5,1]{1  <1.0>}
x[5,2]{7  <1.0>}
x[5,3]{6  <1.0>}
x[5,4]{2  <1.0>}
x[5,5]{0  <1.0>}
x[5,6]{5  <1.0>}
x[5,7]{3  <1.0>}
x[6,0]{2  <1.0>}
x[6,1]{5  <1.0>}
x[6,2]{1  <1.0>}
x[6,3]{4  <1.0>}
x[6,4]{6  <1.0>}
x[6,5]{7  <1.0>}
x[6,6]{3  <1.0>}
x[6,7]{0  <1.0>}
x[7,0]{7  <1.0>}
x[7,1]{4  <1.0>}
x[7,2]{6  <1.0>}
x[7,3]{1  <1.0>}
x[7,4]{0  <1.0>}
x[7,5]{3  <1.0>}
x[7,6]{2  <1.0>}
x[7,7]{5  <1.0>}
problem entropy = 0.0
smallest variable entropy = 1.7976931348623157E308
### branching on x[1,2]!=5
##### after BP iteration 1 #####
x[0,0]{6  <1.0>}
x[0,1]{7  <1.0>}
x[0,2]{0  <1.0>}
x[0,3]{3  <1.0>}
x[0,4]{5  <1.0>}
x[0,5]{2  <1.0>}
x[0,6]{1  <1.0>}
x[0,7]{4  <1.0>}
x[1,0]{3  <1.0>}
x[1,1]{0  <1.0>}
x[1,2]{2  <1.0>}
x[1,3]{5  <1.0>}
x[1,4]{1  <1.0>}
x[1,5]{4  <1.0>}
x[1,6]{7  <1.0>}
x[1,7]{6  <1.0>}
x[2,0]{5  <1.0>}
x[2,1]{2  <1.0>}
x[2,2]{4  <1.0>}
x[2,3]{7  <1.0>}
x[2,4]{3  <1.0>}
x[2,5]{6  <1.0>}
x[2,6]{0  <1.0>}
x[2,7]{1  <1.0>}
x[3,0]{0  <1.0>}
x[3,1]{3  <1.0>}
x[3,2]{5  <1.0>}
x[3,3]{2  <1.0>}
x[3,4]{4  <1.0>}
x[3,5]{1  <1.0>}
x[3,6]{6  <1.0>}
x[3,7]{7  <1.0>}
x[4,0]{1  <1.0>}
x[4,1]{6  <1.0>}
x[4,2]{3  <1.0>}
x[4,3]{0  <1.0>}
x[4,4]{7  <1.0>}
x[4,5]{5  <1.0>}
x[4,6]{4  <1.0>}
x[4,7]{2  <1.0>}
x[5,0]{4  <1.0>}
x[5,1]{1  <1.0>}
x[5,2]{7  <1.0>}
x[5,3]{6  <1.0>}
x[5,4]{2  <1.0>}
x[5,5]{0  <1.0>}
x[5,6]{5  <1.0>}
x[5,7]{3  <1.0>}
x[6,0]{2  <1.0>}
x[6,1]{5  <1.0>}
x[6,2]{1  <1.0>}
x[6,3]{4  <1.0>}
x[6,4]{6  <1.0>}
x[6,5]{7  <1.0>}
x[6,6]{3  <1.0>}
x[6,7]{0  <1.0>}
x[7,0]{7  <1.0>}
x[7,1]{4  <1.0>}
x[7,2]{6  <1.0>}
x[7,3]{1  <1.0>}
x[7,4]{0  <1.0>}
x[7,5]{3  <1.0>}
x[7,6]{2  <1.0>}
x[7,7]{5  <1.0>}
problem entropy = 0.0
smallest variable entropy = 1.7976931348623157E308

	#choice: 5
	#fail: 0
	execution time (ms): 124
	#sols : 1
	completed : false

