{3  <4.0>}
model: sum-product-init
FINAL DAMPING FACTOR = 1.0
##### after BP iteration 1 #####
x[0,0]{3  <1.0>}
x[0,1]{0  <0.10545551727375821>, 5  <0.06240655268803226>, 2  <0.762075017876877>, 7  <0.07006291216133251>}
x[0,2]{0  <0.3536167117023488>, 7  <0.6463832882976512>}
x[0,3]{4  <1.0>}
x[0,4]{0  <0.24511570228596824>, 1  <0.5042467067549544>, 6  <0.25063759095907717>}
x[0,5]{0  <0.24470397668424984>, 1  <0.09344063877447792>, 2  <0.11780365071336238>, 7  <0.1316102439964352>, 5  <0.41244148983147466>}
x[0,6]{6  <0.712336776456831>, 1  <0.036250243617228624>, 7  <0.25141297992594036>}
x[0,7]{0  <0.07292228185415338>, 6  <0.11554831887084356>, 5  <0.5745319832490047>, 7  <0.23699741602599847>}
x[1,0]{0  <0.1122026431718062>, 5  <0.24621145374449338>, 6  <0.5293832599118943>, 7  <0.1122026431718062>}
x[1,1]{0  <0.05284793565979013>, 7  <0.4565235354063955>, 5  <0.49062852893381437>}
x[1,2]{0  <0.5732931726907631>, 7  <0.426706827309237>}
x[1,3]{3  <1.0>}
x[1,4]{0  <0.20333558215793024>, 1  <0.3118596733451527>, 6  <0.484804744496917>}
x[1,5]{0  <0.10144221764375352>, 1  <0.6647312230754823>, 5  <0.1412998688893051>, 7  <0.09252669039145907>}
x[1,6]{2  <1.0>}
x[1,7]{4  <1.0>}
x[2,0]{0  <0.1857782333131131>, 6  <0.0874035183132177>, 7  <0.2752630367937749>, 5  <0.4515552115798942>}
x[2,1]{0  <0.44907058322132243>, 5  <0.11071042192571223>, 7  <0.2544995574205816>, 3  <0.1857194374323837>}
x[2,2]{2  <1.0>}
x[2,3]{1  <1.0>}
x[2,4]{0  <0.6962402497421325>, 6  <0.0948124816332541>, 3  <0.20894726862461335>}
x[2,5]{4  <1.0>}
x[2,6]{3  <0.08769462581617275>, 6  <0.18543445504771475>, 7  <0.7268709191361125>}
x[2,7]{0  <0.0956694484298461>, 6  <0.16021385335042576>, 7  <0.460690969598696>, 5  <0.28342572862103216>}
x[3,0]{0  <0.23687380992494786>, 7  <0.2618467103861962>, 6  <0.26838556683334336>, 5  <0.2328939128555125>}
x[3,1]{0  <0.36546490234927825>, 7  <0.15872664874044717>, 2  <0.11294181644494763>, 3  <0.30889338027172375>, 5  <0.05397325219360316>}
x[3,2]{1  <1.0>}
x[3,3]{0  <0.04280364217194735>, 7  <0.5342911030294281>, 2  <0.05522276267224966>, 5  <0.36768249212637505>}
x[3,4]{0  <0.24183493080985627>, 6  <0.045705060716701086>, 3  <0.7124600084734426>}
x[3,5]{0  <0.40882201404912644>, 7  <0.18069095842785635>, 2  <0.2419056919728483>, 5  <0.16858133555016883>}
x[3,6]{4  <1.0>}
x[3,7]{0  <0.07483273214926595>, 7  <0.2688469038991335>, 5  <0.11998780606315557>, 6  <0.5363325578884451>}
x[4,0]{1  <1.0>}
x[4,1]{0  <0.37903823957105404>, 7  <0.3903342105813068>, 5  <0.09102121743662485>, 3  <0.13960633241101422>}
x[4,2]{6  <1.0>}
x[4,3]{0  <0.22804862889391642>, 7  <0.28300226238719134>, 5  <0.48894910871889213>}
x[4,4]{4  <1.0>}
x[4,5]{0  <0.5559047770831234>, 7  <0.20646602918549986>, 5  <0.23762919373137678>}
x[4,6]{3  <0.54434053531119>, 7  <0.45565946468881013>}
x[4,7]{2  <1.0>}
x[5,0]{4  <1.0>}
x[5,1]{6  <1.0>}
x[5,2]{3  <1.0>}
x[5,3]{0  <0.12662545299509703>, 7  <0.12662545299509703>, 2  <0.7467490940098058>}
x[5,4]{5  <1.0>}
x[5,5]{0  <0.07943650010957705>, 1  <0.03844784133245672>, 2  <0.03856426692965155>, 7  <0.8435513916283148>}
x[5,6]{7  <0.19161676646706588>, 1  <0.8083832335329342>}
x[5,7]{0  <0.8371002347010004>, 7  <0.1628997652989996>}
x[6,0]{2  <1.0>}
x[6,1]{4  <1.0>}
x[6,2]{5  <1.0>}
x[6,3]{6  <1.0>}
x[6,4]{7  <1.0>}
x[6,5]{3  <1.0>}
x[6,6]{0  <1.0>}
x[6,7]{1  <1.0>}
x[7,0]{0  <0.3469803678765833>, 7  <0.6530196321234167>}
x[7,1]{1  <1.0>}
x[7,2]{4  <1.0>}
x[7,3]{0  <0.6183206106870229>, 7  <0.3816793893129771>}
x[7,4]{2  <1.0>}
x[7,5]{6  <1.0>}
x[7,6]{5  <1.0>}
x[7,7]{3  <1.0>}
problem entropy = 0.0
smallest variable entropy = 1.7976931348623157E308
### branching on x[0,2]=0
##### after BP iteration 1 #####
x[0,0]{3  <1.0>}
x[0,1]{7  <0.04262869490952332>, 5  <0.006999365051393334>, 2  <0.9503719400390833>}
x[0,2]{0  <1.0>}
x[0,3]{4  <1.0>}
x[0,4]{6  <0.09696577178606543>, 1  <0.9030342282139345>}
x[0,5]{5  <0.5492754285686696>, 1  <0.1934593309511751>, 2  <0.18110247426240764>, 7  <0.07616276621774772>}
x[0,6]{6  <0.7070684369952981>, 1  <0.07918847579181755>, 7  <0.21374308721288432>}
x[0,7]{7  <0.3471618545523852>, 6  <0.2603588997461214>, 5  <0.39247924570149345>}
x[1,0]{0  <0.3048867930218891>, 5  <0.08866193988402124>, 6  <0.6064512670940898>}
x[1,1]{0  <0.06991078325213852>, 5  <0.9300892167478614>}
x[1,2]{7  <1.0>}
x[1,3]{3  <1.0>}
x[1,4]{0  <0.28660007712301466>, 1  <0.12134035783540753>, 6  <0.5920595650415779>}
x[1,5]{0  <0.10612607379198068>, 1  <0.8640668314201819>, 5  <0.029807094787837322>}
x[1,6]{2  <1.0>}
x[1,7]{4  <1.0>}
x[2,0]{0  <0.11826442840362403>, 6  <0.16304792942846055>, 7  <0.07637893179036538>, 5  <0.6423087103775499>}
x[2,1]{0  <0.17670863413202734>, 5  <0.015292793841899384>, 7  <0.105184559583606>, 3  <0.7028140124424672>}
x[2,2]{2  <1.0>}
x[2,3]{1  <1.0>}
x[2,4]{0  <0.5430137856276345>, 6  <0.1287425238759602>, 3  <0.32824369049640534>}
x[2,5]{4  <1.0>}
x[2,6]{3  <0.39897554540806845>, 6  <0.2965662642202674>, 7  <0.3044581903716641>}
x[2,7]{0  <0.034959870352903925>, 6  <0.49214025786255766>, 7  <0.26185884158317224>, 5  <0.21104103020136608>}
x[3,0]{0  <0.2331247995876896>, 7  <0.19305943124159122>, 6  <0.2520809614248345>, 5  <0.32173480774588464>}
x[3,1]{0  <0.21671862172137202>, 7  <0.11466735522396576>, 2  <0.16885037528674077>, 3  <0.4904533765279833>, 5  <0.0093102712399382>}
x[3,2]{1  <1.0>}
x[3,3]{0  <0.02293948845562144>, 7  <0.2911811285596667>, 2  <0.25931887340357357>, 5  <0.4265605095811384>}
x[3,4]{0  <0.2310819639700322>, 6  <0.045391951614978374>, 3  <0.7235260844149894>}
x[3,5]{0  <0.058130615847374285>, 7  <0.020266348099770987>, 2  <0.8710161948461627>, 5  <0.050586841206692115>}
x[3,6]{4  <1.0>}
x[3,7]{0  <0.017584373770520124>, 7  <0.12574754772977673>, 5  <0.06393719708065175>, 6  <0.7927308814190515>}
x[4,0]{1  <1.0>}
x[4,1]{0  <0.16448608504143988>, 7  <0.4020962765695992>, 5  <0.01483239756456588>, 3  <0.41858524082439513>}
x[4,2]{6  <1.0>}
x[4,3]{0  <0.13784907590512208>, 7  <0.1425001223549424>, 5  <0.7196508017399356>}
x[4,4]{4  <1.0>}
x[4,5]{0  <0.6013191695272586>, 7  <0.12451346826831733>, 5  <0.2741673622044241>}
x[4,6]{3  <0.8785842437594158>, 7  <0.12141575624058416>}
x[4,7]{2  <1.0>}
x[5,0]{4  <1.0>}
x[5,1]{6  <1.0>}
x[5,2]{3  <1.0>}
x[5,3]{0  <0.013742786290222131>, 7  <0.012870121052004729>, 2  <0.9733870926577731>}
x[5,4]{5  <1.0>}
x[5,5]{0  <0.08419195350605607>, 1  <0.11017102539878203>, 2  <0.23207501040019626>, 7  <0.5735620106949656>}
x[5,6]{7  <0.01975056440524362>, 1  <0.9802494355947564>}
x[5,7]{0  <0.9325951754732175>, 7  <0.06740482452678263>}
x[6,0]{2  <1.0>}
x[6,1]{4  <1.0>}
x[6,2]{5  <1.0>}
x[6,3]{6  <1.0>}
x[6,4]{7  <1.0>}
x[6,5]{3  <1.0>}
x[6,6]{0  <1.0>}
x[6,7]{1  <1.0>}
x[7,0]{0  <0.3875357548724275>, 7  <0.6124642451275725>}
x[7,1]{1  <1.0>}
x[7,2]{4  <1.0>}
x[7,3]{0  <0.7543976254114193>, 7  <0.2456023745885806>}
x[7,4]{2  <1.0>}
x[7,5]{6  <1.0>}
x[7,6]{5  <1.0>}
x[7,7]{3  <1.0>}
problem entropy = 0.0
smallest variable entropy = 1.7976931348623157E308
### branching on x[0,4]=1
##### after BP iteration 1 #####
x[0,0]{3  <1.0>}
x[0,1]{7  <0.36013597062101066>, 5  <0.059426836023820775>, 2  <0.5804371933551686>}
x[0,2]{0  <1.0>}
x[0,3]{4  <1.0>}
x[0,4]{1  <1.0>}
x[0,5]{5  <0.8404826934041878>, 7  <0.1116779858205446>, 2  <0.04783932077526763>}
x[0,6]{6  <0.6238680890258395>, 7  <0.37613191097416054>}
x[0,7]{7  <0.6484221851197635>, 6  <0.10438948050462842>, 5  <0.24718833437560808>}
x[1,0]{0  <0.6263063016790151>, 5  <0.0573010797599924>, 6  <0.3163926185609925>}
x[1,1]{0  <0.13875376114443605>, 5  <0.861246238855564>}
x[1,2]{7  <1.0>}
x[1,3]{3  <1.0>}
x[1,4]{0  <0.4696113744122896>, 6  <0.5303886255877103>}
x[1,5]{1  <1.0>}
x[1,6]{2  <1.0>}
x[1,7]{4  <1.0>}
x[2,0]{0  <0.048899855627397716>, 6  <0.09997630794890888>, 7  <0.04973138826906156>, 5  <0.8013924481546318>}
x[2,1]{0  <0.2726695700115836>, 5  <0.038083816862178765>, 7  <0.2664100187170817>, 3  <0.4228365944091559>}
x[2,2]{2  <1.0>}
x[2,3]{1  <1.0>}
x[2,4]{0  <0.49373499058165926>, 6  <0.3022364174838494>, 3  <0.20402859193449124>}
x[2,5]{4  <1.0>}
x[2,6]{3  <0.15180617410389743>, 6  <0.37293244855082375>, 7  <0.4752613773452788>}
x[2,7]{0  <0.019444283148166285>, 6  <0.25164232497924877>, 7  <0.2758441406345201>, 5  <0.45306925123806474>}
x[3,0]{0  <0.23914085712642652>, 7  <0.2829940178122452>, 6  <0.22451723286063463>, 5  <0.25334789220069365>}
x[3,1]{0  <0.47039460402755623>, 7  <0.25780323689832957>, 2  <0.05329733640286023>, 3  <0.1950940624549776>, 5  <0.023410760216276496>}
x[3,2]{1  <1.0>}
x[3,3]{0  <0.02783051930270654>, 7  <0.5292175690233578>, 2  <0.02988982099559103>, 5  <0.41306209067834465>}
x[3,4]{0  <0.3697888685013665>, 6  <0.18569690941884934>, 3  <0.4445142220797841>}
x[3,5]{0  <0.07076905889685899>, 7  <0.04511181697789912>, 2  <0.8164057660100227>, 5  <0.06771335811521927>}
x[3,6]{4  <1.0>}
x[3,7]{0  <0.02030838817020958>, 7  <0.28016215126920196>, 5  <0.17858800620456516>, 6  <0.5209414543560231>}
x[4,0]{1  <1.0>}
x[4,1]{0  <0.21442746023932552>, 7  <0.6800408168445387>, 5  <0.02142589723470796>, 3  <0.08410582568142794>}
x[4,2]{6  <1.0>}
x[4,3]{0  <0.1796395106493198>, 7  <0.1320839481340939>, 5  <0.6882765412165863>}
x[4,4]{4  <1.0>}
x[4,5]{0  <0.844355955143227>, 7  <0.08623861084540486>, 5  <0.06940543401136813>}
x[4,6]{3  <0.6265596308119357>, 7  <0.37344036918806434>}
x[4,7]{2  <1.0>}
x[5,0]{4  <1.0>}
x[5,1]{6  <1.0>}
x[5,2]{3  <1.0>}
x[5,3]{0  <0.09512764093564026>, 7  <0.18111104964469055>, 2  <0.7237613094196692>}
x[5,4]{5  <1.0>}
x[5,5]{0  <0.07994200985610427>, 7  <0.8940798871443294>, 2  <0.025978102999566377>}
x[5,6]{1  <1.0>}
x[5,7]{0  <0.9344686242866864>, 7  <0.06553137571331359>}
x[6,0]{2  <1.0>}
x[6,1]{4  <1.0>}
x[6,2]{5  <1.0>}
x[6,3]{6  <1.0>}
x[6,4]{7  <1.0>}
x[6,5]{3  <1.0>}
x[6,6]{0  <1.0>}
x[6,7]{1  <1.0>}
x[7,0]{0  <0.1858008450540045>, 7  <0.8141991549459956>}
x[7,1]{1  <1.0>}
x[7,2]{4  <1.0>}
x[7,3]{0  <0.7094778658452595>, 7  <0.2905221341547404>}
x[7,4]{2  <1.0>}
x[7,5]{6  <1.0>}
x[7,6]{5  <1.0>}
x[7,7]{3  <1.0>}
problem entropy = 0.0
smallest variable entropy = 1.7976931348623157E308
### branching on x[0,6]=6
### branching on x[0,7]=7
##### after BP iteration 1 #####
x[0,0]{3  <1.0>}
x[0,1]{2  <0.9893370058406229>, 5  <0.010662994159377222>}
x[0,2]{0  <1.0>}
x[0,3]{4  <1.0>}
x[0,4]{1  <1.0>}
x[0,5]{5  <0.9683626621543631>, 2  <0.03163733784563692>}
x[0,6]{6  <1.0>}
x[0,7]{7  <1.0>}
x[1,0]{0  <0.5243481673430992>, 5  <0.046561823537598475>, 6  <0.42909000911930234>}
x[1,1]{0  <0.07104048371557628>, 5  <0.9289595162844237>}
x[1,2]{7  <1.0>}
x[1,3]{3  <1.0>}
x[1,4]{0  <0.3416158947612781>, 6  <0.6583841052387219>}
x[1,5]{1  <1.0>}
x[1,6]{2  <1.0>}
x[1,7]{4  <1.0>}
x[2,0]{0  <0.16600269321354985>, 6  <0.47756470168921517>, 7  <0.02507788362322115>, 5  <0.33135472147401396>}
x[2,1]{0  <0.24787547827315723>, 5  <0.011300397181506857>, 7  <0.14492032867805069>, 3  <0.5959037958672853>}
x[2,2]{2  <1.0>}
x[2,3]{1  <1.0>}
x[2,4]{0  <0.3183412842446046>, 6  <0.25953852331136934>, 3  <0.4221201924440261>}
x[2,5]{4  <1.0>}
x[2,6]{3  <0.4218001048455163>, 7  <0.5781998951544838>}
x[2,7]{5  <0.6930031570375625>, 6  <0.3069968429624374>}
x[3,0]{0  <0.20144883118462797>, 7  <0.07636652121448376>, 6  <0.5136350071899792>, 5  <0.20854964041090907>}
x[3,1]{0  <0.4083046621033979>, 7  <0.1105498941397011>, 2  <0.04164281332662211>, 3  <0.4085553166619117>, 5  <0.030947313768367374>}
x[3,2]{1  <1.0>}
x[3,3]{0  <0.04505700498920995>, 7  <0.6231692744553311>, 2  <0.09339477403631766>, 5  <0.23837894651914135>}
x[3,4]{0  <0.08578860082730999>, 6  <0.05690604094974616>, 3  <0.8573053582229438>}
x[3,5]{0  <0.01775559938742455>, 7  <0.006559989992493086>, 2  <0.9591385379757885>, 5  <0.016545872644293906>}
x[3,6]{4  <1.0>}
x[3,7]{6  <0.6312800243342709>, 5  <0.3687199756657292>}
x[4,0]{1  <1.0>}
x[4,1]{0  <0.10844770937897702>, 7  <0.5830483499806756>, 5  <0.03917282019167289>, 3  <0.26933112044867435>}
x[4,2]{6  <1.0>}
x[4,3]{0  <0.07790427298527647>, 7  <0.07636161266421801>, 5  <0.8457341143505056>}
x[4,4]{4  <1.0>}
x[4,5]{0  <0.9652848336026337>, 7  <0.006885674060827743>, 5  <0.02782949233653847>}
x[4,6]{3  <0.8150782878589854>, 7  <0.1849217121410147>}
x[4,7]{2  <1.0>}
x[5,0]{4  <1.0>}
x[5,1]{6  <1.0>}
x[5,2]{3  <1.0>}
x[5,3]{2  <0.9762812487563713>, 7  <0.023718751243628565>}
x[5,4]{5  <1.0>}
x[5,5]{2  <0.050131465734109676>, 7  <0.9498685342658904>}
x[5,6]{1  <1.0>}
x[5,7]{0  <1.0>}
x[6,0]{2  <1.0>}
x[6,1]{4  <1.0>}
x[6,2]{5  <1.0>}
x[6,3]{6  <1.0>}
x[6,4]{7  <1.0>}
x[6,5]{3  <1.0>}
x[6,6]{0  <1.0>}
x[6,7]{1  <1.0>}
x[7,0]{0  <0.16223809412093002>, 7  <0.8377619058790701>}
x[7,1]{1  <1.0>}
x[7,2]{4  <1.0>}
x[7,3]{0  <0.841805832373618>, 7  <0.158194167626382>}
x[7,4]{2  <1.0>}
x[7,5]{6  <1.0>}
x[7,6]{5  <1.0>}
x[7,7]{3  <1.0>}
problem entropy = 0.0
smallest variable entropy = 1.7976931348623157E308
### branching on x[0,1]=2
### branching on x[1,1]=0
##### after BP iteration 1 #####
x[0,0]{3  <1.0>}
x[0,1]{2  <1.0>}
x[0,2]{0  <1.0>}
x[0,3]{4  <1.0>}
x[0,4]{1  <1.0>}
x[0,5]{5  <1.0>}
x[0,6]{6  <1.0>}
x[0,7]{7  <1.0>}
x[1,0]{5  <1.0>}
x[1,1]{0  <1.0>}
x[1,2]{7  <1.0>}
x[1,3]{3  <1.0>}
x[1,4]{6  <1.0>}
x[1,5]{1  <1.0>}
x[1,6]{2  <1.0>}
x[1,7]{4  <1.0>}
x[2,0]{0  <0.03456431981822949>, 6  <0.9576404722530724>, 7  <0.0077952079286981064>}
x[2,1]{3  <0.35285982026249546>, 5  <0.2212144914426176>, 7  <0.425925688294887>}
x[2,2]{2  <1.0>}
x[2,3]{1  <1.0>}
x[2,4]{0  <0.9963869100991638>, 3  <0.003613089900836193>}
x[2,5]{4  <1.0>}
x[2,6]{3  <0.14537311192466007>, 7  <0.8546268880753399>}
x[2,7]{5  <0.9618009986081761>, 6  <0.038199001391823806>}
x[3,0]{0  <0.5457424981728026>, 7  <0.09132025919782882>, 6  <0.3629372426293685>}
x[3,1]{3  <0.16406749363278114>, 7  <0.2792808431495532>, 5  <0.5566516632176657>}
x[3,2]{1  <1.0>}
x[3,3]{0  <0.09585408997769088>, 7  <0.7704291396614283>, 2  <0.013920360051938682>, 5  <0.11979641030894202>}
x[3,4]{0  <0.7070567592946445>, 3  <0.2929432407053555>}
x[3,5]{0  <0.020261281966374976>, 7  <0.019647735350145905>, 2  <0.9600909826834791>}
x[3,6]{4  <1.0>}
x[3,7]{6  <0.36065748811091897>, 5  <0.639342511889081>}
x[4,0]{1  <1.0>}
x[4,1]{3  <0.13576602716437625>, 7  <0.44993267127571335>, 5  <0.41430130155991046>}
x[4,2]{6  <1.0>}
x[4,3]{0  <2.096362330729941E-4>, 7  <0.03044821620699538>, 5  <0.9693421475599316>}
x[4,4]{4  <1.0>}
x[4,5]{0  <0.9990648405664453>, 7  <9.351594335546954E-4>}
x[4,6]{3  <0.6530100670882005>, 7  <0.3469899329117996>}
x[4,7]{2  <1.0>}
x[5,0]{4  <1.0>}
x[5,1]{6  <1.0>}
x[5,2]{3  <1.0>}
x[5,3]{2  <0.9734615095751973>, 7  <0.02653849042480276>}
x[5,4]{5  <1.0>}
x[5,5]{2  <0.010276652028553122>, 7  <0.9897233479714469>}
x[5,6]{1  <1.0>}
x[5,7]{0  <1.0>}
x[6,0]{2  <1.0>}
x[6,1]{4  <1.0>}
x[6,2]{5  <1.0>}
x[6,3]{6  <1.0>}
x[6,4]{7  <1.0>}
x[6,5]{3  <1.0>}
x[6,6]{0  <1.0>}
x[6,7]{1  <1.0>}
x[7,0]{0  <0.18368712620363295>, 7  <0.8163128737963671>}
x[7,1]{1  <1.0>}
x[7,2]{4  <1.0>}
x[7,3]{0  <0.942414187419511>, 7  <0.05758581258048889>}
x[7,4]{2  <1.0>}
x[7,5]{6  <1.0>}
x[7,6]{5  <1.0>}
x[7,7]{3  <1.0>}
problem entropy = 0.0
smallest variable entropy = 1.7976931348623157E308
### branching on x[2,4]=3
##### after BP iteration 1 #####
x[0,0]{3  <1.0>}
x[0,1]{2  <1.0>}
x[0,2]{0  <1.0>}
x[0,3]{4  <1.0>}
x[0,4]{1  <1.0>}
x[0,5]{5  <1.0>}
x[0,6]{6  <1.0>}
x[0,7]{7  <1.0>}
x[1,0]{5  <1.0>}
x[1,1]{0  <1.0>}
x[1,2]{7  <1.0>}
x[1,3]{3  <1.0>}
x[1,4]{6  <1.0>}
x[1,5]{1  <1.0>}
x[1,6]{2  <1.0>}
x[1,7]{4  <1.0>}
x[2,0]{0  <1.0>}
x[2,1]{5  <1.0>}
x[2,2]{2  <1.0>}
x[2,3]{1  <1.0>}
x[2,4]{3  <1.0>}
x[2,5]{4  <1.0>}
x[2,6]{7  <1.0>}
x[2,7]{6  <1.0>}
x[3,0]{6  <1.0>}
x[3,1]{3  <1.0>}
x[3,2]{1  <1.0>}
x[3,3]{2  <0.007367125885072471>, 7  <0.9926328741149275>}
x[3,4]{0  <1.0>}
x[3,5]{2  <0.9965951484902879>, 7  <0.003404851509712135>}
x[3,6]{4  <1.0>}
x[3,7]{5  <1.0>}
x[4,0]{1  <1.0>}
x[4,1]{7  <1.0>}
x[4,2]{6  <1.0>}
x[4,3]{5  <1.0>}
x[4,4]{4  <1.0>}
x[4,5]{0  <1.0>}
x[4,6]{3  <1.0>}
x[4,7]{2  <1.0>}
x[5,0]{4  <1.0>}
x[5,1]{6  <1.0>}
x[5,2]{3  <1.0>}
x[5,3]{2  <0.9923370159255496>, 7  <0.007662984074450483>}
x[5,4]{5  <1.0>}
x[5,5]{2  <0.010460293355113165>, 7  <0.9895397066448868>}
x[5,6]{1  <1.0>}
x[5,7]{0  <1.0>}
x[6,0]{2  <1.0>}
x[6,1]{4  <1.0>}
x[6,2]{5  <1.0>}
x[6,3]{6  <1.0>}
x[6,4]{7  <1.0>}
x[6,5]{3  <1.0>}
x[6,6]{0  <1.0>}
x[6,7]{1  <1.0>}
x[7,0]{7  <1.0>}
x[7,1]{1  <1.0>}
x[7,2]{4  <1.0>}
x[7,3]{0  <1.0>}
x[7,4]{2  <1.0>}
x[7,5]{6  <1.0>}
x[7,6]{5  <1.0>}
x[7,7]{3  <1.0>}
problem entropy = 0.0
smallest variable entropy = 1.7976931348623157E308
### branching on x[3,3]=7
##### after BP iteration 1 #####
x[0,0]{3  <1.0>}
x[0,1]{2  <1.0>}
x[0,2]{0  <1.0>}
x[0,3]{4  <1.0>}
x[0,4]{1  <1.0>}
x[0,5]{5  <1.0>}
x[0,6]{6  <1.0>}
x[0,7]{7  <1.0>}
x[1,0]{5  <1.0>}
x[1,1]{0  <1.0>}
x[1,2]{7  <1.0>}
x[1,3]{3  <1.0>}
x[1,4]{6  <1.0>}
x[1,5]{1  <1.0>}
x[1,6]{2  <1.0>}
x[1,7]{4  <1.0>}
x[2,0]{0  <1.0>}
x[2,1]{5  <1.0>}
x[2,2]{2  <1.0>}
x[2,3]{1  <1.0>}
x[2,4]{3  <1.0>}
x[2,5]{4  <1.0>}
x[2,6]{7  <1.0>}
x[2,7]{6  <1.0>}
x[3,0]{6  <1.0>}
x[3,1]{3  <1.0>}
x[3,2]{1  <1.0>}
x[3,3]{7  <1.0>}
x[3,4]{0  <1.0>}
x[3,5]{2  <1.0>}
x[3,6]{4  <1.0>}
x[3,7]{5  <1.0>}
x[4,0]{1  <1.0>}
x[4,1]{7  <1.0>}
x[4,2]{6  <1.0>}
x[4,3]{5  <1.0>}
x[4,4]{4  <1.0>}
x[4,5]{0  <1.0>}
x[4,6]{3  <1.0>}
x[4,7]{2  <1.0>}
x[5,0]{4  <1.0>}
x[5,1]{6  <1.0>}
x[5,2]{3  <1.0>}
x[5,3]{2  <1.0>}
x[5,4]{5  <1.0>}
x[5,5]{7  <1.0>}
x[5,6]{1  <1.0>}
x[5,7]{0  <1.0>}
x[6,0]{2  <1.0>}
x[6,1]{4  <1.0>}
x[6,2]{5  <1.0>}
x[6,3]{6  <1.0>}
x[6,4]{7  <1.0>}
x[6,5]{3  <1.0>}
x[6,6]{0  <1.0>}
x[6,7]{1  <1.0>}
x[7,0]{7  <1.0>}
x[7,1]{1  <1.0>}
x[7,2]{4  <1.0>}
x[7,3]{0  <1.0>}
x[7,4]{2  <1.0>}
x[7,5]{6  <1.0>}
x[7,6]{5  <1.0>}
x[7,7]{3  <1.0>}
problem entropy = 0.0
smallest variable entropy = 1.7976931348623157E308
### branching on x[3,3]!=7
##### after BP iteration 1 #####
x[0,0]{3  <1.0>}
x[0,1]{2  <1.0>}
x[0,2]{0  <1.0>}
x[0,3]{4  <1.0>}
x[0,4]{1  <1.0>}
x[0,5]{5  <1.0>}
x[0,6]{6  <1.0>}
x[0,7]{7  <1.0>}
x[1,0]{5  <1.0>}
x[1,1]{0  <1.0>}
x[1,2]{7  <1.0>}
x[1,3]{3  <1.0>}
x[1,4]{6  <1.0>}
x[1,5]{1  <1.0>}
x[1,6]{2  <1.0>}
x[1,7]{4  <1.0>}
x[2,0]{0  <1.0>}
x[2,1]{5  <1.0>}
x[2,2]{2  <1.0>}
x[2,3]{1  <1.0>}
x[2,4]{3  <1.0>}
x[2,5]{4  <1.0>}
x[2,6]{7  <1.0>}
x[2,7]{6  <1.0>}
x[3,0]{6  <1.0>}
x[3,1]{3  <1.0>}
x[3,2]{1  <1.0>}
x[3,3]{2  <1.0>}
x[3,4]{0  <1.0>}
x[3,5]{7  <1.0>}
x[3,6]{4  <1.0>}
x[3,7]{5  <1.0>}
x[4,0]{1  <1.0>}
x[4,1]{7  <1.0>}
x[4,2]{6  <1.0>}
x[4,3]{5  <1.0>}
x[4,4]{4  <1.0>}
x[4,5]{0  <1.0>}
x[4,6]{3  <1.0>}
x[4,7]{2  <1.0>}
x[5,0]{4  <1.0>}
x[5,1]{6  <1.0>}
x[5,2]{3  <1.0>}
x[5,3]{7  <1.0>}
x[5,4]{5  <1.0>}
x[5,5]{2  <1.0>}
x[5,6]{1  <1.0>}
x[5,7]{0  <1.0>}
x[6,0]{2  <1.0>}
x[6,1]{4  <1.0>}
x[6,2]{5  <1.0>}
x[6,3]{6  <1.0>}
x[6,4]{7  <1.0>}
x[6,5]{3  <1.0>}
x[6,6]{0  <1.0>}
x[6,7]{1  <1.0>}
x[7,0]{7  <1.0>}
x[7,1]{1  <1.0>}
x[7,2]{4  <1.0>}
x[7,3]{0  <1.0>}
x[7,4]{2  <1.0>}
x[7,5]{6  <1.0>}
x[7,6]{5  <1.0>}
x[7,7]{3  <1.0>}
problem entropy = 0.0
smallest variable entropy = 1.7976931348623157E308

	#choice: 9
	#fail: 0
	execution time (ms): 90
	#sols : 1
	completed : false

