{7  <8.0>}
model: sum-product-init
FINAL DAMPING FACTOR = 1.0
##### after BP iteration 1 #####
x[0,0]{7  <1.0>}
x[0,1]{0  <1.0>}
x[0,2]{3  <1.0>}
x[0,3]{2  <1.0>}
x[0,4]{1  <1.0>}
x[0,5]{5  <1.0>}
x[0,6]{4  <1.0>}
x[0,7]{6  <1.0>}
x[1,0]{0  <0.0652303597855517>, 6  <0.42736220302420846>, 4  <0.5074074371902398>}
x[1,1]{5  <0.42415203793584244>, 6  <0.2393318963888597>, 2  <0.014275937679335493>, 7  <0.20686791787298842>, 4  <0.11537221012297398>}
x[1,2]{0  <0.03975493843989901>, 1  <0.09616238796671736>, 2  <0.031194140486764412>, 5  <0.8328885331066191>}
x[1,3]{3  <1.0>}
x[1,4]{0  <0.14208149340247062>, 6  <0.6250575299590386>, 2  <0.23286097663849073>}
x[1,5]{0  <0.04792901006681194>, 1  <0.2734748960002881>, 6  <0.34998131606908106>, 4  <0.32861477786381893>}
x[1,6]{0  <0.06942180007351016>, 1  <0.12226226637632252>, 6  <0.12401913038155182>, 7  <0.6842968031686155>}
x[1,7]{0  <0.5419438735234385>, 7  <0.21282294887954378>, 2  <0.24523317759701763>}
x[2,0]{0  <0.8807379502920166>, 6  <0.11926204970798338>}
x[2,1]{5  <0.07768240831753195>, 6  <0.4315673401942618>, 7  <0.4907502514882062>}
x[2,2]{0  <0.0885325474162824>, 1  <0.6481180158955696>, 5  <0.263349436688148>}
x[2,3]{6  <0.5035703415556981>, 5  <0.08480225931168382>, 7  <0.4116273991326181>}
x[2,4]{0  <0.07247935923387985>, 3  <0.8596189252733274>, 6  <0.0679017154927927>}
x[2,5]{2  <1.0>}
x[2,6]{0  <0.0948488315863062>, 1  <0.5307600869541107>, 7  <0.17839829746607735>, 3  <0.10749182563720616>, 6  <0.08850095835629947>}
x[2,7]{4  <1.0>}
x[3,0]{1  <1.0>}
x[3,1]{3  <1.0>}
x[3,2]{6  <1.0>}
x[3,3]{0  <1.0>}
x[3,4]{4  <1.0>}
x[3,5]{7  <1.0>}
x[3,6]{2  <1.0>}
x[3,7]{5  <1.0>}
x[4,0]{0  <0.023489483098433645>, 6  <0.6743148644825184>, 4  <0.302195652419048>}
x[4,1]{4  <0.23849301560795036>, 7  <0.16517111235972953>, 2  <0.014299699585943914>, 6  <0.5820361724463762>}
x[4,2]{0  <0.3134935067888126>, 2  <0.6865064932111874>}
x[4,3]{1  <1.0>}
x[4,4]{5  <1.0>}
x[4,5]{0  <0.008819143894772646>, 4  <0.08973360958794342>, 6  <0.13785714403934082>, 3  <0.7635901024779431>}
x[4,6]{0  <0.06428527855833387>, 7  <0.4931170134542084>, 6  <0.2127561957144326>, 3  <0.22984151227302513>}
x[4,7]{0  <0.5972776053877724>, 7  <0.19376332676859992>, 2  <0.20895906784362778>}
x[5,0]{2  <1.0>}
x[5,1]{4  <0.48300784538385205>, 5  <0.22041776168317787>, 6  <0.29657439293297017>}
x[5,2]{7  <1.0>}
x[5,3]{4  <0.0754657913532178>, 5  <0.7438414687869648>, 6  <0.18069273985981735>}
x[5,4]{0  <0.5865531518682862>, 3  <0.094207698751571>, 6  <0.31923914938014286>}
x[5,5]{0  <0.016349824133404998>, 4  <0.39049084272128953>, 6  <0.48640726796879874>, 3  <0.10675206517650664>}
x[5,6]{0  <0.7502960369763165>, 3  <0.13799376244393521>, 6  <0.11171020057974827>}
x[5,7]{1  <1.0>}
x[6,0]{5  <1.0>}
x[6,1]{6  <0.0497203678941448>, 4  <0.014178578142921762>, 2  <0.9361010539629333>}
x[6,2]{0  <0.8723484576956242>, 1  <0.0545236339927957>, 2  <0.0731279083115801>}
x[6,3]{6  <0.0774128349502758>, 4  <0.9225871650497242>}
x[6,4]{7  <1.0>}
x[6,5]{0  <0.18763545274396637>, 1  <0.49680621471847863>, 4  <0.10051263533267556>, 6  <0.21504569720487948>}
x[6,6]{0  <0.06254557542072817>, 1  <0.057667995424769684>, 6  <0.8797864291545021>}
x[6,7]{3  <1.0>}
x[7,0]{3  <1.0>}
x[7,1]{1  <1.0>}
x[7,2]{4  <1.0>}
x[7,3]{7  <0.26867303590313507>, 6  <0.7313269640968648>}
x[7,4]{0  <0.12190289295435845>, 6  <0.4478065455466228>, 2  <0.4302905614990188>}
x[7,5]{0  <0.6663614147073645>, 6  <0.33363858529263557>}
x[7,6]{5  <1.0>}
x[7,7]{0  <0.17963038047529986>, 7  <0.31808729089553606>, 2  <0.5022823286291642>}
problem entropy = 0.0
smallest variable entropy = 1.7976931348623157E308
### branching on x[2,0]=0
### branching on x[1,0]=4
##### after BP iteration 1 #####
x[0,0]{7  <1.0>}
x[0,1]{0  <1.0>}
x[0,2]{3  <1.0>}
x[0,3]{2  <1.0>}
x[0,4]{1  <1.0>}
x[0,5]{5  <1.0>}
x[0,6]{4  <1.0>}
x[0,7]{6  <1.0>}
x[1,0]{4  <1.0>}
x[1,1]{5  <0.4236996749146117>, 6  <0.29692021581971795>, 2  <0.04467313160806803>, 7  <0.23470697765760237>}
x[1,2]{0  <0.037044362493020004>, 1  <0.18876488039954697>, 2  <0.06031769273422776>, 5  <0.7138730643732054>}
x[1,3]{3  <1.0>}
x[1,4]{0  <0.15897227331289424>, 6  <0.17097206630208311>, 2  <0.6700556603850226>}
x[1,5]{0  <0.07680994416787391>, 1  <0.7831308183723915>, 6  <0.14005923745973453>}
x[1,6]{0  <0.18067710957480515>, 1  <0.2094801551984821>, 6  <0.03860399742976361>, 7  <0.5712387377969492>}
x[1,7]{0  <0.48420253026988946>, 7  <0.12351868918379914>, 2  <0.39227878054631127>}
x[2,0]{0  <1.0>}
x[2,1]{5  <0.2696680150152396>, 6  <0.4363574277837889>, 7  <0.2939745572009715>}
x[2,2]{5  <0.3788924601387414>, 1  <0.6211075398612586>}
x[2,3]{6  <0.24921830258933095>, 5  <0.20748286029904286>, 7  <0.5432988371116262>}
x[2,4]{6  <0.031123677602019523>, 3  <0.9688763223979805>}
x[2,5]{2  <1.0>}
x[2,6]{6  <0.030397200433886638>, 1  <0.7809601853657814>, 7  <0.0952705603326304>, 3  <0.09337205386770149>}
x[2,7]{4  <1.0>}
x[3,0]{1  <1.0>}
x[3,1]{3  <1.0>}
x[3,2]{6  <1.0>}
x[3,3]{0  <1.0>}
x[3,4]{4  <1.0>}
x[3,5]{7  <1.0>}
x[3,6]{2  <1.0>}
x[3,7]{5  <1.0>}
x[4,0]{6  <1.0>}
x[4,1]{4  <0.8590268467010359>, 7  <0.13594179048137356>, 2  <0.005031362817590618>}
x[4,2]{0  <0.04868692236250298>, 2  <0.9513130776374971>}
x[4,3]{1  <1.0>}
x[4,4]{5  <1.0>}
x[4,5]{0  <0.001723526182673919>, 4  <0.15057833009697366>, 3  <0.8476981437203526>}
x[4,6]{0  <0.11953041611549924>, 7  <0.4049176330487655>, 3  <0.47555195083573537>}
x[4,7]{0  <0.568063256684302>, 7  <0.2176677543039458>, 2  <0.21426898901175226>}
x[5,0]{2  <1.0>}
x[5,1]{4  <0.5285168362585647>, 5  <0.17270007388245542>, 6  <0.29878308985897983>}
x[5,2]{7  <1.0>}
x[5,3]{4  <0.013582028901024964>, 5  <0.9658595200691916>, 6  <0.020558451029783383>}
x[5,4]{0  <0.6948049145804222>, 3  <0.0937853613715248>, 6  <0.21140972404805292>}
x[5,5]{0  <0.0038155772539309>, 4  <0.6626792588672923>, 6  <0.06019284712430147>, 3  <0.2733123167544753>}
x[5,6]{0  <0.379885988660855>, 3  <0.5918016117005216>, 6  <0.028312399638623403>}
x[5,7]{1  <1.0>}
x[6,0]{5  <1.0>}
x[6,1]{6  <0.008188549018795593>, 4  <0.0026393764391229534>, 2  <0.9891720745420813>}
x[6,2]{0  <0.9303855244996606>, 1  <0.03916437351410545>, 2  <0.030450101986233973>}
x[6,3]{6  <0.012634716590890164>, 4  <0.9873652834091099>}
x[6,4]{7  <1.0>}
x[6,5]{0  <0.0697493101830159>, 1  <0.8214893419450683>, 4  <0.03191513642510718>, 6  <0.0768462114468086>}
x[6,6]{0  <0.031434994060015264>, 1  <0.12318356163829886>, 6  <0.8453814443016859>}
x[6,7]{3  <1.0>}
x[7,0]{3  <1.0>}
x[7,1]{1  <1.0>}
x[7,2]{4  <1.0>}
x[7,3]{7  <0.6762720962801385>, 6  <0.32372790371986154>}
x[7,4]{0  <0.10415370825374594>, 6  <0.19106003767646243>, 2  <0.7047862540697916>}
x[7,5]{0  <0.786307496161952>, 6  <0.21369250383804814>}
x[7,6]{5  <1.0>}
x[7,7]{0  <0.06139315683819516>, 7  <0.5670312542045952>, 2  <0.3715755889572096>}
problem entropy = 0.0
smallest variable entropy = 1.7976931348623157E308
### branching on x[2,2]=1
##### after BP iteration 1 #####
x[0,0]{7  <1.0>}
x[0,1]{0  <1.0>}
x[0,2]{3  <1.0>}
x[0,3]{2  <1.0>}
x[0,4]{1  <1.0>}
x[0,5]{5  <1.0>}
x[0,6]{4  <1.0>}
x[0,7]{6  <1.0>}
x[1,0]{4  <1.0>}
x[1,1]{7  <0.47434791313582264>, 6  <0.5143652488175318>, 2  <0.011286838046645606>}
x[1,2]{5  <1.0>}
x[1,3]{3  <1.0>}
x[1,4]{0  <0.247921522331629>, 6  <0.22369455001588712>, 2  <0.5283839276524839>}
x[1,5]{0  <0.12445057330261351>, 1  <0.3884956697039396>, 6  <0.487053756993447>}
x[1,6]{0  <0.23374131347074226>, 1  <0.5067762554943669>, 6  <0.15523165840215083>, 7  <0.10425077263274005>}
x[1,7]{0  <0.4303395865902214>, 7  <0.14770177154561065>, 2  <0.42195864186416787>}
x[2,0]{0  <1.0>}
x[2,1]{5  <0.8132573015494154>, 6  <0.10555875109183502>, 7  <0.08118394735874954>}
x[2,2]{1  <1.0>}
x[2,3]{6  <0.4554017595932148>, 5  <0.2757476440756454>, 7  <0.2688505963311398>}
x[2,4]{6  <0.6538511496531173>, 3  <0.34614885034688275>}
x[2,5]{2  <1.0>}
x[2,6]{6  <0.4680686418613515>, 3  <0.19830447677950147>, 7  <0.3336268813591471>}
x[2,7]{4  <1.0>}
x[3,0]{1  <1.0>}
x[3,1]{3  <1.0>}
x[3,2]{6  <1.0>}
x[3,3]{0  <1.0>}
x[3,4]{4  <1.0>}
x[3,5]{7  <1.0>}
x[3,6]{2  <1.0>}
x[3,7]{5  <1.0>}
x[4,0]{6  <1.0>}
x[4,1]{4  <0.5853264509273517>, 7  <0.41208324514177935>, 2  <0.002590303930868857>}
x[4,2]{0  <0.0200017478250514>, 2  <0.9799982521749486>}
x[4,3]{1  <1.0>}
x[4,4]{5  <1.0>}
x[4,5]{0  <0.01046300078360466>, 4  <0.609070055753877>, 3  <0.3804669434625184>}
x[4,6]{0  <0.4873898639566191>, 7  <0.40564973334166804>, 3  <0.10696040270171292>}
x[4,7]{0  <0.6917651236992302>, 7  <0.2364922399237175>, 2  <0.07174263637705237>}
x[5,0]{2  <1.0>}
x[5,1]{4  <0.06594511644121538>, 5  <0.1833515948519241>, 6  <0.7507032887068605>}
x[5,2]{7  <1.0>}
x[5,3]{4  <0.012330091915588806>, 5  <0.7130198029894752>, 6  <0.27465010509493604>}
x[5,4]{0  <0.7211502917084942>, 3  <0.11221609616791398>, 6  <0.16663361212359187>}
x[5,5]{0  <0.0013208954001712105>, 4  <0.7377028370842599>, 6  <0.05218749693163889>, 3  <0.20878877058393008>}
x[5,6]{0  <0.25441169117430784>, 3  <0.6832241857408073>, 6  <0.06236412308488475>}
x[5,7]{1  <1.0>}
x[6,0]{5  <1.0>}
x[6,1]{6  <0.03141624781762482>, 4  <0.0012304092452744733>, 2  <0.9673533429371007>}
x[6,2]{0  <0.9939986723359262>, 2  <0.006001327664073807>}
x[6,3]{6  <0.028184164640564835>, 4  <0.9718158353594352>}
x[6,4]{7  <1.0>}
x[6,5]{0  <0.008358357284158938>, 1  <0.7189996816388423>, 4  <0.019163205764209417>, 6  <0.2534787553127893>}
x[6,6]{0  <0.016327741138378073>, 1  <0.39549314076010295>, 6  <0.588179118101519>}
x[6,7]{3  <1.0>}
x[7,0]{3  <1.0>}
x[7,1]{1  <1.0>}
x[7,2]{4  <1.0>}
x[7,3]{7  <0.4417839607652972>, 6  <0.5582160392347029>}
x[7,4]{0  <0.239039748867321>, 6  <0.3858368584884431>, 2  <0.3751233926442359>}
x[7,5]{0  <0.7131863660076947>, 6  <0.2868136339923053>}
x[7,6]{5  <1.0>}
x[7,7]{0  <0.0778070324261483>, 7  <0.6803630447500911>, 2  <0.2418299228237606>}
problem entropy = 0.0
smallest variable entropy = 1.7976931348623157E308
### branching on x[2,4]=3
### branching on x[2,6]=6
##### after BP iteration 1 #####
x[0,0]{7  <1.0>}
x[0,1]{0  <1.0>}
x[0,2]{3  <1.0>}
x[0,3]{2  <1.0>}
x[0,4]{1  <1.0>}
x[0,5]{5  <1.0>}
x[0,6]{4  <1.0>}
x[0,7]{6  <1.0>}
x[1,0]{4  <1.0>}
x[1,1]{7  <0.970604294555466>, 6  <0.02539598807617389>, 2  <0.0039997173683600845>}
x[1,2]{5  <1.0>}
x[1,3]{3  <1.0>}
x[1,4]{0  <0.15235256832646013>, 6  <0.2898647533132281>, 2  <0.5577826783603117>}
x[1,5]{0  <0.24910947313135143>, 1  <0.05788944202234188>, 6  <0.6930010848463067>}
x[1,6]{0  <0.5680687722367215>, 1  <0.22454639431701007>, 7  <0.20738483344626846>}
x[1,7]{0  <0.2521344059028436>, 7  <0.06547727476471628>, 2  <0.6823883193324402>}
x[2,0]{0  <1.0>}
x[2,1]{5  <0.9564254840535178>, 7  <0.04357451594648225>}
x[2,2]{1  <1.0>}
x[2,3]{7  <0.8439710753672524>, 5  <0.15602892463274765>}
x[2,4]{3  <1.0>}
x[2,5]{2  <1.0>}
x[2,6]{6  <1.0>}
x[2,7]{4  <1.0>}
x[3,0]{1  <1.0>}
x[3,1]{3  <1.0>}
x[3,2]{6  <1.0>}
x[3,3]{0  <1.0>}
x[3,4]{4  <1.0>}
x[3,5]{7  <1.0>}
x[3,6]{2  <1.0>}
x[3,7]{5  <1.0>}
x[4,0]{6  <1.0>}
x[4,1]{4  <0.7170557988053854>, 7  <0.282574936493708>, 2  <3.6926470090670345E-4>}
x[4,2]{0  <0.00907606768595047>, 2  <0.9909239323140495>}
x[4,3]{1  <1.0>}
x[4,4]{5  <1.0>}
x[4,5]{0  <8.683028956031134E-4>, 4  <0.25294966672466246>, 3  <0.7461820303797345>}
x[4,6]{0  <0.27696929418546296>, 7  <0.5594609342382398>, 3  <0.16356977157629726>}
x[4,7]{0  <0.6166761997851419>, 7  <0.35925289424783746>, 2  <0.024070905967020627>}
x[5,0]{2  <1.0>}
x[5,1]{4  <0.4833452857407583>, 5  <0.0997721255860484>, 6  <0.4168825886731932>}
x[5,2]{7  <1.0>}
x[5,3]{4  <0.09444557770923953>, 5  <0.22429419065560188>, 6  <0.6812602316351585>}
x[5,4]{0  <0.8364385306726572>, 6  <0.16356146932734283>}
x[5,5]{0  <2.647705938795038E-4>, 4  <0.6790350505354795>, 6  <0.004477412756860596>, 3  <0.3162227661137804>}
x[5,6]{0  <0.01477025382856381>, 3  <0.9852297461714362>}
x[5,7]{1  <1.0>}
x[6,0]{5  <1.0>}
x[6,1]{6  <0.011523812028747247>, 4  <0.007040657337798742>, 2  <0.981435530633454>}
x[6,2]{0  <0.9422405987894951>, 2  <0.05775940121050499>}
x[6,3]{6  <0.12977660932345877>, 4  <0.8702233906765412>}
x[6,4]{7  <1.0>}
x[6,5]{0  <0.03755111913034705>, 1  <0.011623785780487998>, 4  <0.13495515448187376>, 6  <0.8158699406072912>}
x[6,6]{0  <0.011291267542123153>, 1  <0.9887087324578769>}
x[6,7]{3  <1.0>}
x[7,0]{3  <1.0>}
x[7,1]{1  <1.0>}
x[7,2]{4  <1.0>}
x[7,3]{7  <0.6172384325443734>, 6  <0.38276156745562656>}
x[7,4]{0  <0.08206453599187805>, 6  <0.3655633011115206>, 2  <0.5523721628966014>}
x[7,5]{0  <0.849510668139236>, 6  <0.15048933186076396>}
x[7,6]{5  <1.0>}
x[7,7]{0  <0.04644842673939277>, 7  <0.33290139606776664>, 2  <0.6206501771928407>}
problem entropy = 0.0
smallest variable entropy = 1.7976931348623157E308
### branching on x[2,1]=7
##### after BP iteration 1 #####
x[0,0]{7  <1.0>}
x[0,1]{0  <1.0>}
x[0,2]{3  <1.0>}
x[0,3]{2  <1.0>}
x[0,4]{1  <1.0>}
x[0,5]{5  <1.0>}
x[0,6]{4  <1.0>}
x[0,7]{6  <1.0>}
x[1,0]{4  <1.0>}
x[1,1]{2  <0.05532477979440991>, 6  <0.94467522020559>}
x[1,2]{5  <1.0>}
x[1,3]{3  <1.0>}
x[1,4]{0  <0.21996177153200097>, 6  <0.11128472129058868>, 2  <0.6687535071774104>}
x[1,5]{0  <3.511189315845483E-4>, 1  <0.9996322895088159>, 6  <1.6591559599600458E-5>}
x[1,6]{0  <0.5467674529735709>, 1  <0.027353133341084655>, 7  <0.42587941368534454>}
x[1,7]{0  <0.3003266419857831>, 7  <0.6896969881859013>, 2  <0.009976369828315484>}
x[2,0]{0  <1.0>}
x[2,1]{7  <1.0>}
x[2,2]{1  <1.0>}
x[2,3]{5  <1.0>}
x[2,4]{3  <1.0>}
x[2,5]{2  <1.0>}
x[2,6]{6  <1.0>}
x[2,7]{4  <1.0>}
x[3,0]{1  <1.0>}
x[3,1]{3  <1.0>}
x[3,2]{6  <1.0>}
x[3,3]{0  <1.0>}
x[3,4]{4  <1.0>}
x[3,5]{7  <1.0>}
x[3,6]{2  <1.0>}
x[3,7]{5  <1.0>}
x[4,0]{6  <1.0>}
x[4,1]{4  <0.9999833081320102>, 2  <1.6691867989799603E-5>}
x[4,2]{0  <0.061590380184199225>, 2  <0.9384096198158007>}
x[4,3]{1  <1.0>}
x[4,4]{5  <1.0>}
x[4,5]{0  <0.0014984043069550183>, 4  <1.919375697760432E-5>, 3  <0.9984824019360674>}
x[4,6]{0  <0.2672415266833588>, 7  <0.7326366286516746>, 3  <1.2184466496658888E-4>}
x[4,7]{0  <0.15321577492027277>, 7  <0.8464241079502266>, 2  <3.6011712950063913E-4>}
x[5,0]{2  <1.0>}
x[5,1]{5  <1.0>}
x[5,2]{7  <1.0>}
x[5,3]{4  <0.1554000332322945>, 6  <0.8445999667677055>}
x[5,4]{0  <0.9580929424244454>, 6  <0.04190705757555459>}
x[5,5]{0  <0.0015968954258344231>, 4  <0.9512525736883913>, 6  <0.03457088457137996>, 3  <0.012579646314394215>}
x[5,6]{0  <0.08715408223047603>, 3  <0.912845917769524>}
x[5,7]{1  <1.0>}
x[6,0]{5  <1.0>}
x[6,1]{6  <0.21270211429077526>, 4  <4.033244521401311E-4>, 2  <0.7868945612570847>}
x[6,2]{0  <0.9673899544721929>, 2  <0.0326100455278071>}
x[6,3]{6  <0.45676020342931617>, 4  <0.5432397965706839>}
x[6,4]{7  <1.0>}
x[6,5]{0  <0.018687397982006932>, 1  <0.04487545654195294>, 4  <0.043125621684631195>, 6  <0.8933115237914089>}
x[6,6]{0  <0.05053205914628966>, 1  <0.9494679408537103>}
x[6,7]{3  <1.0>}
x[7,0]{3  <1.0>}
x[7,1]{1  <1.0>}
x[7,2]{4  <1.0>}
x[7,3]{7  <1.0>}
x[7,4]{0  <0.09109203888655844>, 6  <0.8502773257277196>, 2  <0.05863063538572202>}
x[7,5]{0  <0.9490955948720243>, 6  <0.050904405127975574>}
x[7,6]{5  <1.0>}
x[7,7]{0  <0.08095649375086277>, 2  <0.9190435062491372>}
problem entropy = 0.0
smallest variable entropy = 1.7976931348623157E308
### branching on x[1,1]=2
##### after BP iteration 1 #####
x[0,0]{7  <1.0>}
x[0,1]{0  <1.0>}
x[0,2]{3  <1.0>}
x[0,3]{2  <1.0>}
x[0,4]{1  <1.0>}
x[0,5]{5  <1.0>}
x[0,6]{4  <1.0>}
x[0,7]{6  <1.0>}
x[1,0]{4  <1.0>}
x[1,1]{2  <1.0>}
x[1,2]{5  <1.0>}
x[1,3]{3  <1.0>}
x[1,4]{6  <1.0>}
x[1,5]{0  <0.005677687917711353>, 1  <0.9943223120822887>}
x[1,6]{0  <0.9998831718765271>, 1  <1.1682812347288982E-4>}
x[1,7]{7  <1.0>}
x[2,0]{0  <1.0>}
x[2,1]{7  <1.0>}
x[2,2]{1  <1.0>}
x[2,3]{5  <1.0>}
x[2,4]{3  <1.0>}
x[2,5]{2  <1.0>}
x[2,6]{6  <1.0>}
x[2,7]{4  <1.0>}
x[3,0]{1  <1.0>}
x[3,1]{3  <1.0>}
x[3,2]{6  <1.0>}
x[3,3]{0  <1.0>}
x[3,4]{4  <1.0>}
x[3,5]{7  <1.0>}
x[3,6]{2  <1.0>}
x[3,7]{5  <1.0>}
x[4,0]{6  <1.0>}
x[4,1]{4  <1.0>}
x[4,2]{0  <1.0>}
x[4,3]{1  <1.0>}
x[4,4]{5  <1.0>}
x[4,5]{3  <1.0>}
x[4,6]{7  <1.0>}
x[4,7]{2  <1.0>}
x[5,0]{2  <1.0>}
x[5,1]{5  <1.0>}
x[5,2]{7  <1.0>}
x[5,3]{6  <1.0>}
x[5,4]{0  <1.0>}
x[5,5]{4  <1.0>}
x[5,6]{3  <1.0>}
x[5,7]{1  <1.0>}
x[6,0]{5  <1.0>}
x[6,1]{6  <1.0>}
x[6,2]{2  <1.0>}
x[6,3]{4  <1.0>}
x[6,4]{7  <1.0>}
x[6,5]{0  <0.9259286838458701>, 1  <0.07407131615412985>}
x[6,6]{0  <0.9131897725859859>, 1  <0.08681022741401409>}
x[6,7]{3  <1.0>}
x[7,0]{3  <1.0>}
x[7,1]{1  <1.0>}
x[7,2]{4  <1.0>}
x[7,3]{7  <1.0>}
x[7,4]{2  <1.0>}
x[7,5]{6  <1.0>}
x[7,6]{5  <1.0>}
x[7,7]{0  <1.0>}
problem entropy = 0.0
smallest variable entropy = 1.7976931348623157E308
### branching on x[1,5]=1
##### after BP iteration 1 #####
x[0,0]{7  <1.0>}
x[0,1]{0  <1.0>}
x[0,2]{3  <1.0>}
x[0,3]{2  <1.0>}
x[0,4]{1  <1.0>}
x[0,5]{5  <1.0>}
x[0,6]{4  <1.0>}
x[0,7]{6  <1.0>}
x[1,0]{4  <1.0>}
x[1,1]{2  <1.0>}
x[1,2]{5  <1.0>}
x[1,3]{3  <1.0>}
x[1,4]{6  <1.0>}
x[1,5]{1  <1.0>}
x[1,6]{0  <1.0>}
x[1,7]{7  <1.0>}
x[2,0]{0  <1.0>}
x[2,1]{7  <1.0>}
x[2,2]{1  <1.0>}
x[2,3]{5  <1.0>}
x[2,4]{3  <1.0>}
x[2,5]{2  <1.0>}
x[2,6]{6  <1.0>}
x[2,7]{4  <1.0>}
x[3,0]{1  <1.0>}
x[3,1]{3  <1.0>}
x[3,2]{6  <1.0>}
x[3,3]{0  <1.0>}
x[3,4]{4  <1.0>}
x[3,5]{7  <1.0>}
x[3,6]{2  <1.0>}
x[3,7]{5  <1.0>}
x[4,0]{6  <1.0>}
x[4,1]{4  <1.0>}
x[4,2]{0  <1.0>}
x[4,3]{1  <1.0>}
x[4,4]{5  <1.0>}
x[4,5]{3  <1.0>}
x[4,6]{7  <1.0>}
x[4,7]{2  <1.0>}
x[5,0]{2  <1.0>}
x[5,1]{5  <1.0>}
x[5,2]{7  <1.0>}
x[5,3]{6  <1.0>}
x[5,4]{0  <1.0>}
x[5,5]{4  <1.0>}
x[5,6]{3  <1.0>}
x[5,7]{1  <1.0>}
x[6,0]{5  <1.0>}
x[6,1]{6  <1.0>}
x[6,2]{2  <1.0>}
x[6,3]{4  <1.0>}
x[6,4]{7  <1.0>}
x[6,5]{0  <1.0>}
x[6,6]{1  <1.0>}
x[6,7]{3  <1.0>}
x[7,0]{3  <1.0>}
x[7,1]{1  <1.0>}
x[7,2]{4  <1.0>}
x[7,3]{7  <1.0>}
x[7,4]{2  <1.0>}
x[7,5]{6  <1.0>}
x[7,6]{5  <1.0>}
x[7,7]{0  <1.0>}
problem entropy = 0.0
smallest variable entropy = 1.7976931348623157E308
### branching on x[1,5]!=1
##### after BP iteration 1 #####
x[0,0]{7  <1.0>}
x[0,1]{0  <1.0>}
x[0,2]{3  <1.0>}
x[0,3]{2  <1.0>}
x[0,4]{1  <1.0>}
x[0,5]{5  <1.0>}
x[0,6]{4  <1.0>}
x[0,7]{6  <1.0>}
x[1,0]{4  <1.0>}
x[1,1]{2  <1.0>}
x[1,2]{5  <1.0>}
x[1,3]{3  <1.0>}
x[1,4]{6  <1.0>}
x[1,5]{0  <1.0>}
x[1,6]{1  <1.0>}
x[1,7]{7  <1.0>}
x[2,0]{0  <1.0>}
x[2,1]{7  <1.0>}
x[2,2]{1  <1.0>}
x[2,3]{5  <1.0>}
x[2,4]{3  <1.0>}
x[2,5]{2  <1.0>}
x[2,6]{6  <1.0>}
x[2,7]{4  <1.0>}
x[3,0]{1  <1.0>}
x[3,1]{3  <1.0>}
x[3,2]{6  <1.0>}
x[3,3]{0  <1.0>}
x[3,4]{4  <1.0>}
x[3,5]{7  <1.0>}
x[3,6]{2  <1.0>}
x[3,7]{5  <1.0>}
x[4,0]{6  <1.0>}
x[4,1]{4  <1.0>}
x[4,2]{0  <1.0>}
x[4,3]{1  <1.0>}
x[4,4]{5  <1.0>}
x[4,5]{3  <1.0>}
x[4,6]{7  <1.0>}
x[4,7]{2  <1.0>}
x[5,0]{2  <1.0>}
x[5,1]{5  <1.0>}
x[5,2]{7  <1.0>}
x[5,3]{6  <1.0>}
x[5,4]{0  <1.0>}
x[5,5]{4  <1.0>}
x[5,6]{3  <1.0>}
x[5,7]{1  <1.0>}
x[6,0]{5  <1.0>}
x[6,1]{6  <1.0>}
x[6,2]{2  <1.0>}
x[6,3]{4  <1.0>}
x[6,4]{7  <1.0>}
x[6,5]{1  <1.0>}
x[6,6]{0  <1.0>}
x[6,7]{3  <1.0>}
x[7,0]{3  <1.0>}
x[7,1]{1  <1.0>}
x[7,2]{4  <1.0>}
x[7,3]{7  <1.0>}
x[7,4]{2  <1.0>}
x[7,5]{6  <1.0>}
x[7,6]{5  <1.0>}
x[7,7]{0  <1.0>}
problem entropy = 0.0
smallest variable entropy = 1.7976931348623157E308

	#choice: 9
	#fail: 0
	execution time (ms): 69
	#sols : 1
	completed : false

