{6  <1.0>}
model: sum-product-oracle
FINAL DAMPING FACTOR = 1.0
##### after BP iteration 1 #####
x[0,0]{6  <1.0>}
x[0,1]{7  <1.0>}
x[0,2]{1  <1.0>}
x[0,3]{0  <1.0>}
x[0,4]{2  <1.0>}
x[0,5]{5  <1.0>}
x[0,6]{3  <1.0>}
x[0,7]{4  <1.0>}
x[1,0]{0  <0.06856321775250565>, 1  <0.12988241055784344>, 2  <0.18630690728333932>, 7  <0.6152474644063116>}
x[1,1]{0  <0.06091769525297564>, 1  <0.23898480445398151>, 2  <0.27781119634011425>, 5  <0.42228630395292865>}
x[1,2]{4  <1.0>}
x[1,3]{5  <0.07007807289006678>, 1  <0.21706251005304034>, 2  <0.2394955903382084>, 6  <0.24014417130481494>, 7  <0.2332196554138696>}
x[1,4]{0  <0.40033325381308715>, 1  <0.5996667461869128>}
x[1,5]{3  <1.0>}
x[1,6]{0  <0.10665367888036056>, 1  <0.3054483442637541>, 2  <0.4013825176487474>, 6  <0.1865154592071379>}
x[1,7]{5  <0.14013158202435014>, 1  <0.2865708946199496>, 2  <0.28333398638282675>, 6  <0.28996353697287347>}
x[2,0]{5  <1.0>}
x[2,1]{2  <0.5629787642177589>, 1  <0.43702123578224106>}
x[2,2]{3  <1.0>}
x[2,3]{4  <0.18150651034808526>, 1  <0.2756513075790065>, 2  <0.20201425669675666>, 6  <0.34082792537615164>}
x[2,4]{4  <0.7062783013095092>, 1  <0.2937216986904908>}
x[2,5]{0  <1.0>}
x[2,6]{7  <1.0>}
x[2,7]{6  <0.4448258364922543>, 1  <0.34026803569829567>, 2  <0.21490612780944993>}
x[3,0]{0  <0.21364482253822442>, 1  <0.3148281368251985>, 2  <0.2665036563706197>, 4  <0.20502338426595743>}
x[3,1]{0  <0.45273240226319716>, 1  <0.3315474172493189>, 2  <0.17417287018446917>, 5  <0.041547310303014715>}
x[3,2]{7  <1.0>}
x[3,3]{5  <0.19635249662074808>, 1  <0.07466200640862562>, 2  <0.09032083745474259>, 6  <0.28953799962064997>, 4  <0.3491266598952338>}
x[3,4]{3  <1.0>}
x[3,5]{4  <0.3692870182292769>, 1  <0.09239988837752605>, 2  <0.07408032363344641>, 6  <0.46423276975975064>}
x[3,6]{0  <0.23496722310607035>, 1  <0.30454008570770597>, 2  <0.3906724349806822>, 6  <0.06982025620554148>}
x[3,7]{5  <0.3623007878075896>, 1  <0.3104768457790775>, 2  <0.20517721549613105>, 6  <0.12204515091720176>}
x[4,0]{3  <0.2945608310424521>, 1  <0.3720598699448338>, 2  <0.3333792990127142>}
x[4,1]{6  <1.0>}
x[4,2]{0  <1.0>}
x[4,3]{3  <0.41086071959420867>, 1  <0.33125378832960367>, 2  <0.25788549207618766>}
x[4,4]{5  <1.0>}
x[4,5]{2  <0.4669791867603291>, 1  <0.5330208132396709>}
x[4,6]{4  <1.0>}
x[4,7]{7  <1.0>}
x[5,0]{0  <0.22912861588133793>, 1  <0.1641631964964311>, 2  <0.2898478536620631>, 3  <0.07799093010244007>, 4  <0.18411439712885763>, 7  <0.05475500672887014>}
x[5,1]{0  <0.3518514692957909>, 1  <0.24877272745794748>, 2  <0.19489567097313537>, 3  <0.20448013227312617>}
x[5,2]{6  <1.0>}
x[5,3]{7  <0.15737808276614837>, 1  <0.2203733961143102>, 2  <0.27844155703088774>, 3  <0.09398120219155558>, 4  <0.24982576189709801>}
x[5,4]{0  <0.3943950941929701>, 1  <0.5008515628249656>, 4  <0.10475334298206432>}
x[5,5]{7  <0.5062389753634444>, 1  <0.09529885055195715>, 2  <0.18499597124392556>, 4  <0.21346620284067283>}
x[5,6]{5  <1.0>}
x[5,7]{3  <0.27938443771864724>, 1  <0.32907277823096026>, 2  <0.3915427840503924>}
x[6,0]{0  <0.6193131435180765>, 1  <0.13609815407384332>, 2  <0.16161806359159103>, 3  <0.05695803505572113>, 7  <0.026012603760768003>}
x[6,1]{4  <1.0>}
x[6,2]{5  <1.0>}
x[6,3]{7  <0.1462290454317702>, 1  <0.43447247912112696>, 2  <0.21126190009827922>, 3  <0.20803657534882367>}
x[6,4]{6  <1.0>}
x[6,5]{7  <0.18287447472997467>, 1  <0.529418540009856>, 2  <0.2877069852601693>}
x[6,6]{0  <0.2968474346824308>, 1  <0.20415059132057398>, 2  <0.4990019739969952>}
x[6,7]{3  <0.5363041381037573>, 1  <0.3183780658355237>, 2  <0.14531779606071885>}
x[7,0]{3  <0.20085172750976077>, 1  <0.343346859480939>, 4  <0.4558014130093003>}
x[7,1]{5  <0.08565144663705325>, 1  <0.10081698631867668>, 3  <0.81353156704427>}
x[7,2]{2  <1.0>}
x[7,3]{5  <0.658769518520673>, 1  <0.06383941737207018>, 6  <0.04172986147490092>, 3  <0.11865441338504634>, 4  <0.11700678924730942>}
x[7,4]{7  <1.0>}
x[7,5]{4  <0.291523960454011>, 1  <0.1374199214636616>, 6  <0.5710561180823274>}
x[7,6]{6  <0.23532615949258007>, 1  <0.7646738405074199>}
x[7,7]{0  <1.0>}
problem entropy = 0.0
smallest variable entropy = 1.7976931348623157E308
### branching on x[1,4]=0
### branching on x[2,1]=2
##### after BP iteration 1 #####
x[0,0]{6  <1.0>}
x[0,1]{7  <1.0>}
x[0,2]{1  <1.0>}
x[0,3]{0  <1.0>}
x[0,4]{2  <1.0>}
x[0,5]{5  <1.0>}
x[0,6]{3  <1.0>}
x[0,7]{4  <1.0>}
x[1,0]{7  <0.9266819198388411>, 1  <0.02505888421778379>, 2  <0.048259195943375154>}
x[1,1]{5  <0.913014788729337>, 1  <0.08698521127066301>}
x[1,2]{4  <1.0>}
x[1,3]{5  <0.03761761737238453>, 1  <0.08986636195093578>, 2  <0.16252353057952196>, 6  <0.22619007909205155>, 7  <0.4838024110051061>}
x[1,4]{0  <1.0>}
x[1,5]{3  <1.0>}
x[1,6]{6  <0.624822095725432>, 1  <0.12856618049106727>, 2  <0.2466117237835007>}
x[1,7]{5  <0.2716154065065618>, 1  <0.21023750412131278>, 2  <0.1938548697912861>, 6  <0.3242922195808394>}
x[2,0]{5  <1.0>}
x[2,1]{2  <1.0>}
x[2,2]{3  <1.0>}
x[2,3]{4  <0.34316952428071446>, 1  <0.19076550194012235>, 6  <0.46606497377916317>}
x[2,4]{4  <0.6842179383101696>, 1  <0.3157820616898304>}
x[2,5]{0  <1.0>}
x[2,6]{7  <1.0>}
x[2,7]{6  <0.6709618060842206>, 1  <0.32903819391577926>}
x[3,0]{0  <0.1214860971754999>, 1  <0.2192430521477559>, 2  <0.31257177044905854>, 4  <0.3466990802276856>}
x[3,1]{0  <0.541300955516262>, 1  <0.32560036769355494>, 5  <0.133098676790183>}
x[3,2]{7  <1.0>}
x[3,3]{5  <0.18294665098731192>, 1  <0.023084033160907003>, 2  <0.06691747228387072>, 6  <0.25554157373151537>, 4  <0.471510269836395>}
x[3,4]{3  <1.0>}
x[3,5]{4  <0.41176794602208056>, 1  <0.03563043438790703>, 2  <0.052550273954241424>, 6  <0.5000513456357709>}
x[3,6]{0  <0.37476364571140297>, 1  <0.1038236187974629>, 2  <0.38938541123086035>, 6  <0.13202732426027378>}
x[3,7]{5  <0.8996742239014657>, 1  <0.03567512285387833>, 2  <0.03635654735942818>, 6  <0.028294105885227776>}
x[4,0]{3  <0.6593677132189733>, 1  <0.15718856446049742>, 2  <0.18344372232052933>}
x[4,1]{6  <1.0>}
x[4,2]{0  <1.0>}
x[4,3]{3  <0.7271093958299402>, 1  <0.11009700585580964>, 2  <0.1627935983142502>}
x[4,4]{5  <1.0>}
x[4,5]{2  <0.6178609415673627>, 1  <0.38213905843263724>}
x[4,6]{4  <1.0>}
x[4,7]{7  <1.0>}
x[5,0]{0  <0.1533960133589135>, 1  <0.037653212192191914>, 2  <0.239533004645445>, 3  <0.2399658443953298>, 4  <0.22567171824414897>, 7  <0.10378020716397075>}
x[5,1]{0  <0.816587315552797>, 1  <0.04547422659290313>, 3  <0.13793845785429976>}
x[5,2]{6  <1.0>}
x[5,3]{7  <0.33662975107608595>, 1  <0.042199321034463735>, 2  <0.2049793905661483>, 3  <0.1441270441573532>, 4  <0.2720644931659489>}
x[5,4]{4  <0.5018175418960544>, 1  <0.49818245810394557>}
x[5,5]{7  <0.7618246808054899>, 1  <0.010561902330871302>, 2  <0.058691901098268606>, 4  <0.16892151576537015>}
x[5,6]{5  <1.0>}
x[5,7]{3  <0.442335462318498>, 1  <0.050218045507104146>, 2  <0.5074464921743977>}
x[6,0]{0  <0.6793410343131038>, 1  <0.05397715378574752>, 2  <0.08055888530879815>, 3  <0.09464105947680801>, 7  <0.09148186711554243>}
x[6,1]{4  <1.0>}
x[6,2]{5  <1.0>}
x[6,3]{7  <0.6677164705418512>, 1  <0.09947434848723744>, 2  <0.08238799824831121>, 3  <0.15042118272260022>}
x[6,4]{6  <1.0>}
x[6,5]{7  <0.6716169178189891>, 1  <0.19089268118633454>, 2  <0.1374904009946763>}
x[6,6]{0  <0.659699467923505>, 1  <0.0625844917404154>, 2  <0.2777160403360796>}
x[6,7]{3  <0.8752073201074295>, 1  <0.05440619821548546>, 2  <0.07038648167708504>}
x[7,0]{3  <0.12885049737323848>, 1  <0.11556010860416567>, 4  <0.7555893940225957>}
x[7,1]{5  <0.11009035180932307>, 1  <0.03664513403119003>, 3  <0.853264514159487>}
x[7,2]{2  <1.0>}
x[7,3]{5  <0.95218086452829>, 1  <0.0022197108975341153>, 6  <0.006707967414182726>, 3  <0.018263650291618565>, 4  <0.020627806868374784>}
x[7,4]{7  <1.0>}
x[7,5]{4  <0.2568381189526016>, 1  <0.04072474155103267>, 6  <0.7024371394963658>}
x[7,6]{6  <0.5315185633451365>, 1  <0.46848143665486347>}
x[7,7]{0  <1.0>}
problem entropy = 0.0
smallest variable entropy = 1.7976931348623157E308
### branching on x[1,1]=5
##### after BP iteration 1 #####
x[0,0]{6  <1.0>}
x[0,1]{7  <1.0>}
x[0,2]{1  <1.0>}
x[0,3]{0  <1.0>}
x[0,4]{2  <1.0>}
x[0,5]{5  <1.0>}
x[0,6]{3  <1.0>}
x[0,7]{4  <1.0>}
x[1,0]{7  <0.5402214761144957>, 1  <0.22888633975960698>, 2  <0.23089218412589727>}
x[1,1]{5  <1.0>}
x[1,2]{4  <1.0>}
x[1,3]{7  <0.07478336212783576>, 1  <0.3470031401136888>, 2  <0.350752536596076>, 6  <0.2274609611623993>}
x[1,4]{0  <1.0>}
x[1,5]{3  <1.0>}
x[1,6]{6  <0.4712947197044321>, 1  <0.27322612126442636>, 2  <0.2554791590311415>}
x[1,7]{6  <0.2859211767928981>, 1  <0.5581557685382238>, 2  <0.1559230546688782>}
x[2,0]{5  <1.0>}
x[2,1]{2  <1.0>}
x[2,2]{3  <1.0>}
x[2,3]{4  <0.2915992467339227>, 1  <0.452273261028973>, 6  <0.25612749223710435>}
x[2,4]{4  <0.3780158196266118>, 1  <0.6219841803733882>}
x[2,5]{0  <1.0>}
x[2,6]{7  <1.0>}
x[2,7]{6  <0.47500867621907045>, 1  <0.5249913237809296>}
x[3,0]{0  <0.13012980938853796>, 1  <0.36553237539398936>, 2  <0.4288697350536384>, 4  <0.07546808016383418>}
x[3,1]{0  <0.068655220426355>, 1  <0.9313447795736449>}
x[3,2]{7  <1.0>}
x[3,3]{4  <0.41442984293655966>, 1  <0.056645550023448475>, 2  <0.180334283805913>, 6  <0.3485903232340789>}
x[3,4]{3  <1.0>}
x[3,5]{4  <0.3697456928954737>, 1  <0.08774455410538877>, 2  <0.12231246818611348>, 6  <0.4201972848130239>}
x[3,6]{0  <0.3498895408487146>, 1  <0.1342680217354765>, 2  <0.4482438095224305>, 6  <0.06759862789337828>}
x[3,7]{5  <1.0>}
x[4,0]{3  <0.40547166451965444>, 1  <0.37809201440448437>, 2  <0.21643632107586114>}
x[4,1]{6  <1.0>}
x[4,2]{0  <1.0>}
x[4,3]{3  <0.5021682052088864>, 1  <0.26144149805788736>, 2  <0.23639029673322623>}
x[4,4]{5  <1.0>}
x[4,5]{2  <0.48285546701741594>, 1  <0.5171445329825841>}
x[4,6]{4  <1.0>}
x[4,7]{7  <1.0>}
x[5,0]{0  <0.17540568588749578>, 1  <0.13144476936110172>, 2  <0.25703386982042487>, 3  <0.27593670333180875>, 4  <0.10219386633614787>, 7  <0.05798510526302107>}
x[5,1]{0  <0.8762104281049832>, 1  <0.0912737019873674>, 3  <0.03251586990764955>}
x[5,2]{6  <1.0>}
x[5,3]{7  <0.11889176360598214>, 1  <0.1407548179902653>, 2  <0.3233210386832498>, 3  <0.2015829779256162>, 4  <0.21544940179488647>}
x[5,4]{4  <0.3270029718017429>, 1  <0.672997028198257>}
x[5,5]{7  <0.47600558949266003>, 1  <0.07577243895448203>, 2  <0.15217303599665027>, 4  <0.2960489355562077>}
x[5,6]{5  <1.0>}
x[5,7]{3  <0.206647940230133>, 1  <0.10142018335449222>, 2  <0.6919318764153748>}
x[6,0]{0  <0.44658356396557763>, 1  <0.23661657008903839>, 2  <0.16614618167636241>, 3  <0.08985695628272905>, 7  <0.06079672798629253>}
x[6,1]{4  <1.0>}
x[6,2]{5  <1.0>}
x[6,3]{7  <0.42597765575327795>, 1  <0.3126097745837709>, 2  <0.17352118235011235>, 3  <0.0878913873128388>}
x[6,4]{6  <1.0>}
x[6,5]{7  <0.19850479124856685>, 1  <0.5588128976885145>, 2  <0.24268231106291863>}
x[6,6]{0  <0.5543259448657121>, 1  <0.10513227757599213>, 2  <0.34054177755829595>}
x[6,7]{3  <0.6188821648825262>, 1  <0.15740001896566638>, 2  <0.2237178161518074>}
x[7,0]{3  <0.06445018451702143>, 1  <0.3538336284151815>, 4  <0.581716187067797>}
x[7,1]{3  <0.8914259224260868>, 1  <0.1085740775739132>}
x[7,2]{2  <1.0>}
x[7,3]{5  <1.0>}
x[7,4]{7  <1.0>}
x[7,5]{4  <0.3499775359083684>, 1  <0.18689648451720944>, 6  <0.46312597957442225>}
x[7,6]{6  <0.23822238157258088>, 1  <0.7617776184274191>}
x[7,7]{0  <1.0>}
problem entropy = 0.0
smallest variable entropy = 1.7976931348623157E308
### branching on x[2,4]=4
##### after BP iteration 1 #####
x[0,0]{6  <1.0>}
x[0,1]{7  <1.0>}
x[0,2]{1  <1.0>}
x[0,3]{0  <1.0>}
x[0,4]{2  <1.0>}
x[0,5]{5  <1.0>}
x[0,6]{3  <1.0>}
x[0,7]{4  <1.0>}
x[1,0]{7  <0.9069839329173578>, 1  <0.03568793526386907>, 2  <0.05732813181877314>}
x[1,1]{5  <1.0>}
x[1,2]{4  <1.0>}
x[1,3]{7  <0.2997164645407536>, 1  <0.13464709955673426>, 2  <0.33992509265981774>, 6  <0.22571134324269446>}
x[1,4]{0  <1.0>}
x[1,5]{3  <1.0>}
x[1,6]{6  <0.5415119647803164>, 1  <0.17002989746425>, 2  <0.28845813775543344>}
x[1,7]{6  <0.35194970594739206>, 1  <0.4493787506565771>, 2  <0.19867154339603071>}
x[2,0]{5  <1.0>}
x[2,1]{2  <1.0>}
x[2,2]{3  <1.0>}
x[2,3]{6  <0.7161204133007059>, 1  <0.28387958669929414>}
x[2,4]{4  <1.0>}
x[2,5]{0  <1.0>}
x[2,6]{7  <1.0>}
x[2,7]{6  <0.6921394428970418>, 1  <0.3078605571029582>}
x[3,0]{0  <0.4930677132141445>, 1  <0.035909544751773>, 2  <0.35008483663075896>, 4  <0.12093790540332353>}
x[3,1]{0  <0.06560329868322887>, 1  <0.9343967013167711>}
x[3,2]{7  <1.0>}
x[3,3]{4  <0.6853397976100116>, 1  <0.002741802624356947>, 2  <0.06682870468942072>, 6  <0.24508969507621073>}
x[3,4]{3  <1.0>}
x[3,5]{4  <0.3793689755737578>, 1  <0.004413124238585282>, 2  <0.04396928047658636>, 6  <0.5722486197110705>}
x[3,6]{0  <0.7007439396439675>, 1  <0.009683776868651219>, 2  <0.23107374189605082>, 6  <0.05849854159133032>}
x[3,7]{5  <1.0>}
x[4,0]{3  <0.5127916113947638>, 1  <0.2838027466108569>, 2  <0.2034056419943793>}
x[4,1]{6  <1.0>}
x[4,2]{0  <1.0>}
x[4,3]{3  <0.6822672198061771>, 1  <0.11994951138120072>, 2  <0.19778326881262218>}
x[4,4]{5  <1.0>}
x[4,5]{2  <0.6254554214863501>, 1  <0.37454457851364975>}
x[4,6]{4  <1.0>}
x[4,7]{7  <1.0>}
x[5,0]{0  <0.07419488853057148>, 7  <0.30508505480406906>, 2  <0.06422938153464812>, 3  <0.3801265706124862>, 4  <0.17636410451822512>}
x[5,1]{0  <0.9358651110650074>, 3  <0.06413488893499267>}
x[5,2]{6  <1.0>}
x[5,3]{7  <0.32058315191967623>, 4  <0.4155320246316254>, 2  <0.04965316997097467>, 3  <0.21423165347772366>}
x[5,4]{1  <1.0>}
x[5,5]{7  <0.6870912663393262>, 4  <0.2925646524206614>, 2  <0.02034408124001238>}
x[5,6]{5  <1.0>}
x[5,7]{3  <0.48637548475976783>, 2  <0.5136245152402321>}
x[6,0]{0  <0.3136490970861137>, 1  <0.1145459542309324>, 2  <0.10257993855252708>, 3  <0.19323941822849805>, 7  <0.2759855919019289>}
x[6,1]{4  <1.0>}
x[6,2]{5  <1.0>}
x[6,3]{7  <0.7853511737011587>, 1  <0.053268530366577645>, 2  <0.05995461080875545>, 3  <0.10142568512350823>}
x[6,4]{6  <1.0>}
x[6,5]{7  <0.41318756770968146>, 1  <0.34010773352758694>, 2  <0.2467046987627316>}
x[6,6]{0  <0.5967637230386911>, 1  <0.0565739690977021>, 2  <0.34666230786360674>}
x[6,7]{3  <0.7088908798487931>, 1  <0.10407516696102136>, 2  <0.18703395319018568>}
x[7,0]{3  <0.05589021707112558>, 1  <0.10603290402711503>, 4  <0.8380768789017594>}
x[7,1]{3  <0.97950170237116>, 1  <0.020498297628840045>}
x[7,2]{2  <1.0>}
x[7,3]{5  <1.0>}
x[7,4]{7  <1.0>}
x[7,5]{4  <0.3900658295759478>, 1  <0.061268009389386605>, 6  <0.5486661610346656>}
x[7,6]{6  <0.568793527466306>, 1  <0.431206472533694>}
x[7,7]{0  <1.0>}
problem entropy = 0.0
smallest variable entropy = 1.7976931348623157E308
### branching on x[2,3]=6
##### after BP iteration 1 #####
x[0,0]{6  <1.0>}
x[0,1]{7  <1.0>}
x[0,2]{1  <1.0>}
x[0,3]{0  <1.0>}
x[0,4]{2  <1.0>}
x[0,5]{5  <1.0>}
x[0,6]{3  <1.0>}
x[0,7]{4  <1.0>}
x[1,0]{7  <0.4771882191938913>, 1  <0.2902505317995322>, 2  <0.23256124900657646>}
x[1,1]{5  <1.0>}
x[1,2]{4  <1.0>}
x[1,3]{7  <0.09923260549828493>, 1  <0.5232170539049313>, 2  <0.3775503405967837>}
x[1,4]{0  <1.0>}
x[1,5]{3  <1.0>}
x[1,6]{2  <0.3350629304935508>, 1  <0.6649370695064494>}
x[1,7]{6  <1.0>}
x[2,0]{5  <1.0>}
x[2,1]{2  <1.0>}
x[2,2]{3  <1.0>}
x[2,3]{6  <1.0>}
x[2,4]{4  <1.0>}
x[2,5]{0  <1.0>}
x[2,6]{7  <1.0>}
x[2,7]{1  <1.0>}
x[3,0]{0  <0.5010152511394433>, 1  <0.014851306121595543>, 2  <0.4461351897652005>, 4  <0.03799825297376067>}
x[3,1]{0  <0.021436122305670414>, 1  <0.9785638776943296>}
x[3,2]{7  <1.0>}
x[3,3]{4  <0.839887183393629>, 1  <0.004745242666992168>, 2  <0.15536757393937892>}
x[3,4]{3  <1.0>}
x[3,5]{4  <0.032828394230085226>, 1  <0.0033006034217768214>, 2  <0.07324889638794713>, 6  <0.8906221059601909>}
x[3,6]{0  <0.5503569462037078>, 1  <0.020482398814213806>, 2  <0.29769900309304725>, 6  <0.1314616518890311>}
x[3,7]{5  <1.0>}
x[4,0]{3  <0.1814923461765594>, 1  <0.6000022113315105>, 2  <0.21850544249193019>}
x[4,1]{6  <1.0>}
x[4,2]{0  <1.0>}
x[4,3]{3  <0.3128734010664538>, 1  <0.5033499183822827>, 2  <0.18377668055126356>}
x[4,4]{5  <1.0>}
x[4,5]{2  <0.5746067967905821>, 1  <0.4253932032094178>}
x[4,6]{4  <1.0>}
x[4,7]{7  <1.0>}
x[5,0]{0  <0.07443933792328887>, 7  <0.0755960667584882>, 2  <0.20078732597364757>, 3  <0.43344573254440516>, 4  <0.21573153680017026>}
x[5,1]{0  <0.9252278549175821>, 3  <0.07477214508241789>}
x[5,2]{6  <1.0>}
x[5,3]{7  <0.22193386467625964>, 4  <0.1694740355910651>, 2  <0.19814667275058634>, 3  <0.41044542698208886>}
x[5,4]{1  <1.0>}
x[5,5]{7  <0.650530744697231>, 4  <0.26352668534157525>, 2  <0.08594256996119379>}
x[5,6]{5  <1.0>}
x[5,7]{3  <0.15656137113068924>, 2  <0.8434386288693106>}
x[6,0]{0  <0.38745621320421825>, 1  <0.27140011716445583>, 2  <0.16661712812965823>, 3  <0.12106810919826522>, 7  <0.053458432303402505>}
x[6,1]{4  <1.0>}
x[6,2]{5  <1.0>}
x[6,3]{7  <0.2906187878331781>, 1  <0.4368317541389344>, 2  <0.11004165637543224>, 3  <0.16250780165245537>}
x[6,4]{6  <1.0>}
x[6,5]{7  <0.09304824913891148>, 1  <0.7073366331854024>, 2  <0.19961511767568604>}
x[6,6]{0  <0.2918148106721202>, 1  <0.43855405992678287>, 2  <0.2696311294010969>}
x[6,7]{3  <0.6631374513525471>, 2  <0.336862548647453>}
x[7,0]{3  <0.04032456591633065>, 1  <0.35642540146963664>, 4  <0.6032500326140326>}
x[7,1]{3  <0.8990441380254904>, 1  <0.10095586197450955>}
x[7,2]{2  <1.0>}
x[7,3]{5  <1.0>}
x[7,4]{7  <1.0>}
x[7,5]{4  <0.209323792366034>, 1  <0.24966074896220475>, 6  <0.5410154586717613>}
x[7,6]{6  <0.7675546008448212>, 1  <0.23244539915517884>}
x[7,7]{0  <1.0>}
problem entropy = 0.0
smallest variable entropy = 1.7976931348623157E308
### branching on x[1,6]=2
### branching on x[1,0]=7
##### after BP iteration 1 #####
x[0,0]{6  <1.0>}
x[0,1]{7  <1.0>}
x[0,2]{1  <1.0>}
x[0,3]{0  <1.0>}
x[0,4]{2  <1.0>}
x[0,5]{5  <1.0>}
x[0,6]{3  <1.0>}
x[0,7]{4  <1.0>}
x[1,0]{7  <1.0>}
x[1,1]{5  <1.0>}
x[1,2]{4  <1.0>}
x[1,3]{1  <1.0>}
x[1,4]{0  <1.0>}
x[1,5]{3  <1.0>}
x[1,6]{2  <1.0>}
x[1,7]{6  <1.0>}
x[2,0]{5  <1.0>}
x[2,1]{2  <1.0>}
x[2,2]{3  <1.0>}
x[2,3]{6  <1.0>}
x[2,4]{4  <1.0>}
x[2,5]{0  <1.0>}
x[2,6]{7  <1.0>}
x[2,7]{1  <1.0>}
x[3,0]{0  <0.2886926838625031>, 1  <0.0077343985196246644>, 2  <0.5938396533392241>, 4  <0.10973326427864823>}
x[3,1]{0  <0.07661704998997254>, 1  <0.9233829500100275>}
x[3,2]{7  <1.0>}
x[3,3]{4  <0.6746934151456953>, 2  <0.32530658485430486>}
x[3,4]{3  <1.0>}
x[3,5]{4  <0.2712060119153831>, 1  <0.004390243385494359>, 2  <0.15619777979767846>, 6  <0.5682059649014439>}
x[3,6]{0  <0.3267029589121029>, 1  <0.015003538258574105>, 6  <0.6582935028293231>}
x[3,7]{5  <1.0>}
x[4,0]{3  <0.26477097102774166>, 1  <0.5330105559654681>, 2  <0.20221847300679044>}
x[4,1]{6  <1.0>}
x[4,2]{0  <1.0>}
x[4,3]{3  <0.8146483482619234>, 2  <0.18535165173807652>}
x[4,4]{5  <1.0>}
x[4,5]{2  <0.7714618016094268>, 1  <0.22853819839057332>}
x[4,6]{4  <1.0>}
x[4,7]{7  <1.0>}
x[5,0]{0  <0.05071989737656034>, 4  <0.5263062887090165>, 2  <0.04094625093924732>, 3  <0.3820275629751757>}
x[5,1]{0  <0.9641265291935056>, 3  <0.0358734708064945>}
x[5,2]{6  <1.0>}
x[5,3]{7  <0.290128325660936>, 4  <0.33836889035605217>, 2  <0.09643022477416466>, 3  <0.2750725592088472>}
x[5,4]{1  <1.0>}
x[5,5]{7  <0.7027896661108912>, 4  <0.29060623111664297>, 2  <0.0066041027724659225>}
x[5,6]{5  <1.0>}
x[5,7]{3  <0.2123398067314855>, 2  <0.7876601932685146>}
x[6,0]{0  <0.7091261229030099>, 1  <0.11644801172440158>, 2  <0.07225114408223744>, 3  <0.10217472129035106>}
x[6,1]{4  <1.0>}
x[6,2]{5  <1.0>}
x[6,3]{7  <0.8024075014470523>, 3  <0.10187136015926068>, 2  <0.09572113839368705>}
x[6,4]{6  <1.0>}
x[6,5]{7  <0.7910838802649868>, 1  <0.06163271563092917>, 2  <0.14728340410408405>}
x[6,6]{0  <0.4241576183153332>, 1  <0.5758423816846668>}
x[6,7]{3  <0.7611230963926676>, 2  <0.2388769036073324>}
x[7,0]{3  <0.21994364305932865>, 1  <0.34277377437555695>, 4  <0.4372825825651144>}
x[7,1]{3  <0.9276682122058725>, 1  <0.07233178779412758>}
x[7,2]{2  <1.0>}
x[7,3]{5  <1.0>}
x[7,4]{7  <1.0>}
x[7,5]{4  <0.8462527641237542>, 1  <0.14303421893972754>, 6  <0.010713016936518258>}
x[7,6]{6  <0.7861394307743097>, 1  <0.2138605692256902>}
x[7,7]{0  <1.0>}
problem entropy = 0.0
smallest variable entropy = 1.7976931348623157E308
### branching on x[3,1]=0
##### after BP iteration 1 #####
x[0,0]{6  <1.0>}
x[0,1]{7  <1.0>}
x[0,2]{1  <1.0>}
x[0,3]{0  <1.0>}
x[0,4]{2  <1.0>}
x[0,5]{5  <1.0>}
x[0,6]{3  <1.0>}
x[0,7]{4  <1.0>}
x[1,0]{7  <1.0>}
x[1,1]{5  <1.0>}
x[1,2]{4  <1.0>}
x[1,3]{1  <1.0>}
x[1,4]{0  <1.0>}
x[1,5]{3  <1.0>}
x[1,6]{2  <1.0>}
x[1,7]{6  <1.0>}
x[2,0]{5  <1.0>}
x[2,1]{2  <1.0>}
x[2,2]{3  <1.0>}
x[2,3]{6  <1.0>}
x[2,4]{4  <1.0>}
x[2,5]{0  <1.0>}
x[2,6]{7  <1.0>}
x[2,7]{1  <1.0>}
x[3,0]{4  <1.0>}
x[3,1]{0  <1.0>}
x[3,2]{7  <1.0>}
x[3,3]{2  <1.0>}
x[3,4]{3  <1.0>}
x[3,5]{6  <1.0>}
x[3,6]{1  <1.0>}
x[3,7]{5  <1.0>}
x[4,0]{2  <0.3715676690203222>, 1  <0.6284323309796779>}
x[4,1]{6  <1.0>}
x[4,2]{0  <1.0>}
x[4,3]{3  <1.0>}
x[4,4]{5  <1.0>}
x[4,5]{2  <0.4495113322904454>, 1  <0.5504886677095546>}
x[4,6]{4  <1.0>}
x[4,7]{7  <1.0>}
x[5,0]{0  <1.0>}
x[5,1]{3  <1.0>}
x[5,2]{6  <1.0>}
x[5,3]{4  <1.0>}
x[5,4]{1  <1.0>}
x[5,5]{7  <1.0>}
x[5,6]{5  <1.0>}
x[5,7]{2  <1.0>}
x[6,0]{2  <0.5746067967905822>, 1  <0.4253932032094178>}
x[6,1]{4  <1.0>}
x[6,2]{5  <1.0>}
x[6,3]{7  <1.0>}
x[6,4]{6  <1.0>}
x[6,5]{2  <0.4467552273597466>, 1  <0.5532447726402534>}
x[6,6]{0  <1.0>}
x[6,7]{3  <1.0>}
x[7,0]{3  <1.0>}
x[7,1]{1  <1.0>}
x[7,2]{2  <1.0>}
x[7,3]{5  <1.0>}
x[7,4]{7  <1.0>}
x[7,5]{4  <1.0>}
x[7,6]{6  <1.0>}
x[7,7]{0  <1.0>}
problem entropy = 0.0
smallest variable entropy = 1.7976931348623157E308
### branching on x[4,0]=1
##### after BP iteration 1 #####
x[0,0]{6  <1.0>}
x[0,1]{7  <1.0>}
x[0,2]{1  <1.0>}
x[0,3]{0  <1.0>}
x[0,4]{2  <1.0>}
x[0,5]{5  <1.0>}
x[0,6]{3  <1.0>}
x[0,7]{4  <1.0>}
x[1,0]{7  <1.0>}
x[1,1]{5  <1.0>}
x[1,2]{4  <1.0>}
x[1,3]{1  <1.0>}
x[1,4]{0  <1.0>}
x[1,5]{3  <1.0>}
x[1,6]{2  <1.0>}
x[1,7]{6  <1.0>}
x[2,0]{5  <1.0>}
x[2,1]{2  <1.0>}
x[2,2]{3  <1.0>}
x[2,3]{6  <1.0>}
x[2,4]{4  <1.0>}
x[2,5]{0  <1.0>}
x[2,6]{7  <1.0>}
x[2,7]{1  <1.0>}
x[3,0]{4  <1.0>}
x[3,1]{0  <1.0>}
x[3,2]{7  <1.0>}
x[3,3]{2  <1.0>}
x[3,4]{3  <1.0>}
x[3,5]{6  <1.0>}
x[3,6]{1  <1.0>}
x[3,7]{5  <1.0>}
x[4,0]{1  <1.0>}
x[4,1]{6  <1.0>}
x[4,2]{0  <1.0>}
x[4,3]{3  <1.0>}
x[4,4]{5  <1.0>}
x[4,5]{2  <1.0>}
x[4,6]{4  <1.0>}
x[4,7]{7  <1.0>}
x[5,0]{0  <1.0>}
x[5,1]{3  <1.0>}
x[5,2]{6  <1.0>}
x[5,3]{4  <1.0>}
x[5,4]{1  <1.0>}
x[5,5]{7  <1.0>}
x[5,6]{5  <1.0>}
x[5,7]{2  <1.0>}
x[6,0]{2  <1.0>}
x[6,1]{4  <1.0>}
x[6,2]{5  <1.0>}
x[6,3]{7  <1.0>}
x[6,4]{6  <1.0>}
x[6,5]{1  <1.0>}
x[6,6]{0  <1.0>}
x[6,7]{3  <1.0>}
x[7,0]{3  <1.0>}
x[7,1]{1  <1.0>}
x[7,2]{2  <1.0>}
x[7,3]{5  <1.0>}
x[7,4]{7  <1.0>}
x[7,5]{4  <1.0>}
x[7,6]{6  <1.0>}
x[7,7]{0  <1.0>}
problem entropy = 0.0
smallest variable entropy = 1.7976931348623157E308
### branching on x[4,0]!=1
##### after BP iteration 1 #####
x[0,0]{6  <1.0>}
x[0,1]{7  <1.0>}
x[0,2]{1  <1.0>}
x[0,3]{0  <1.0>}
x[0,4]{2  <1.0>}
x[0,5]{5  <1.0>}
x[0,6]{3  <1.0>}
x[0,7]{4  <1.0>}
x[1,0]{7  <1.0>}
x[1,1]{5  <1.0>}
x[1,2]{4  <1.0>}
x[1,3]{1  <1.0>}
x[1,4]{0  <1.0>}
x[1,5]{3  <1.0>}
x[1,6]{2  <1.0>}
x[1,7]{6  <1.0>}
x[2,0]{5  <1.0>}
x[2,1]{2  <1.0>}
x[2,2]{3  <1.0>}
x[2,3]{6  <1.0>}
x[2,4]{4  <1.0>}
x[2,5]{0  <1.0>}
x[2,6]{7  <1.0>}
x[2,7]{1  <1.0>}
x[3,0]{4  <1.0>}
x[3,1]{0  <1.0>}
x[3,2]{7  <1.0>}
x[3,3]{2  <1.0>}
x[3,4]{3  <1.0>}
x[3,5]{6  <1.0>}
x[3,6]{1  <1.0>}
x[3,7]{5  <1.0>}
x[4,0]{2  <1.0>}
x[4,1]{6  <1.0>}
x[4,2]{0  <1.0>}
x[4,3]{3  <1.0>}
x[4,4]{5  <1.0>}
x[4,5]{1  <1.0>}
x[4,6]{4  <1.0>}
x[4,7]{7  <1.0>}
x[5,0]{0  <1.0>}
x[5,1]{3  <1.0>}
x[5,2]{6  <1.0>}
x[5,3]{4  <1.0>}
x[5,4]{1  <1.0>}
x[5,5]{7  <1.0>}
x[5,6]{5  <1.0>}
x[5,7]{2  <1.0>}
x[6,0]{1  <1.0>}
x[6,1]{4  <1.0>}
x[6,2]{5  <1.0>}
x[6,3]{7  <1.0>}
x[6,4]{6  <1.0>}
x[6,5]{2  <1.0>}
x[6,6]{0  <1.0>}
x[6,7]{3  <1.0>}
x[7,0]{3  <1.0>}
x[7,1]{1  <1.0>}
x[7,2]{2  <1.0>}
x[7,3]{5  <1.0>}
x[7,4]{7  <1.0>}
x[7,5]{4  <1.0>}
x[7,6]{6  <1.0>}
x[7,7]{0  <1.0>}
problem entropy = 0.0
smallest variable entropy = 1.7976931348623157E308

	#choice: 10
	#fail: 0
	execution time (ms): 85
	#sols : 1
	completed : false

