{4  <5.0>, 1  <2.0>, 7  <8.0>, 6  <7.0>}
model: max-product-init
FINAL DAMPING FACTOR = 1.0
##### after BP iteration 1 #####
x[0,0]{4  <0.22727272727272727>, 1  <0.09090909090909091>, 7  <0.36363636363636365>, 6  <0.3181818181818182>}
x[0,1]{2  <1.0>}
x[0,2]{0  <0.25>, 1  <0.25>, 7  <0.25>, 4  <0.25>}
x[0,3]{6  <0.3333333333333333>, 1  <0.3333333333333333>, 4  <0.3333333333333333>}
x[0,4]{0  <0.25>, 1  <0.25>, 4  <0.25>, 6  <0.25>}
x[0,5]{5  <1.0>}
x[0,6]{3  <1.0>}
x[0,7]{0  <0.3333333333333333>, 4  <0.3333333333333333>, 7  <0.3333333333333333>}
x[1,0]{4  <0.5>, 1  <0.5>}
x[1,1]{7  <1.0>}
x[1,2]{3  <1.0>}
x[1,3]{2  <1.0>}
x[1,4]{0  <0.33333333333333337>, 1  <0.33333333333333337>, 4  <0.33333333333333337>}
x[1,5]{0  <0.5>, 1  <0.5>}
x[1,6]{5  <1.0>}
x[1,7]{6  <1.0>}
x[2,0]{3  <0.3333333333333333>, 1  <0.3333333333333333>, 4  <0.3333333333333333>}
x[2,1]{0  <0.25>, 1  <0.25>, 4  <0.25>, 3  <0.25>}
x[2,2]{2  <1.0>}
x[2,3]{5  <1.0>}
x[2,4]{0  <0.25>, 1  <0.25>, 4  <0.25>, 3  <0.25>}
x[2,5]{6  <1.0>}
x[2,6]{7  <1.0>}
x[2,7]{0  <0.3333333333333333>, 3  <0.3333333333333333>, 4  <0.3333333333333333>}
x[3,0]{0  <1.0>}
x[3,1]{3  <0.5>, 4  <0.5>}
x[3,2]{6  <1.0>}
x[3,3]{3  <0.4444444444444444>, 4  <0.5555555555555556>}
x[3,4]{7  <1.0>}
x[3,5]{2  <1.0>}
x[3,6]{1  <1.0>}
x[3,7]{5  <1.0>}
x[4,0]{2  <1.0>}
x[4,1]{6  <0.5>, 3  <0.5>}
x[4,2]{5  <1.0>}
x[4,3]{7  <1.0>}
x[4,4]{6  <0.6363636363636364>, 3  <0.36363636363636365>}
x[4,5]{4  <1.0>}
x[4,6]{0  <1.0>}
x[4,7]{1  <1.0>}
x[5,0]{7  <0.19999999999999998>, 1  <0.19999999999999998>, 5  <0.19999999999999998>, 3  <0.19999999999999998>, 4  <0.19999999999999998>}
x[5,1]{4  <0.25>, 1  <0.25>, 5  <0.25>, 3  <0.25>}
x[5,2]{7  <0.33333333333333337>, 1  <0.33333333333333337>, 4  <0.33333333333333337>}
x[5,3]{0  <1.0>}
x[5,4]{2  <1.0>}
x[5,5]{7  <0.8>, 1  <0.2>}
x[5,6]{6  <1.0>}
x[5,7]{7  <0.33333333333333337>, 4  <0.33333333333333337>, 3  <0.33333333333333337>}
x[6,0]{5  <0.25>, 1  <0.25>, 6  <0.25>, 7  <0.25>}
x[6,1]{0  <0.25>, 1  <0.25>, 6  <0.25>, 5  <0.25>}
x[6,2]{0  <0.33333333333333337>, 1  <0.33333333333333337>, 7  <0.33333333333333337>}
x[6,3]{6  <0.5>, 1  <0.5>}
x[6,4]{0  <0.25>, 1  <0.25>, 6  <0.25>, 5  <0.25>}
x[6,5]{3  <1.0>}
x[6,6]{4  <1.0>}
x[6,7]{2  <1.0>}
x[7,0]{7  <0.16666666666666666>, 1  <0.16666666666666666>, 6  <0.16666666666666666>, 3  <0.16666666666666666>, 4  <0.16666666666666666>, 5  <0.16666666666666666>}
x[7,1]{0  <0.16666666666666666>, 1  <0.16666666666666666>, 6  <0.16666666666666666>, 3  <0.16666666666666666>, 4  <0.16666666666666666>, 5  <0.16666666666666666>}
x[7,2]{0  <0.25>, 1  <0.25>, 4  <0.25>, 7  <0.25>}
x[7,3]{6  <0.25>, 1  <0.25>, 4  <0.25>, 3  <0.25>}
x[7,4]{0  <0.16666666666666663>, 1  <0.16666666666666663>, 6  <0.16666666666666663>, 3  <0.16666666666666663>, 4  <0.16666666666666663>, 5  <0.16666666666666663>}
x[7,5]{0  <0.3333333333333333>, 1  <0.3333333333333333>, 7  <0.3333333333333333>}
x[7,6]{2  <1.0>}
x[7,7]{0  <0.05555555555555555>, 7  <0.4444444444444444>, 4  <0.2777777777777778>, 3  <0.2222222222222222>}
problem entropy = 0.9836537777081865
smallest variable entropy = 0.5004024235381879
##### after BP iteration 2 #####
x[0,0]{4  <0.22727272727272727>, 1  <0.09090909090909091>, 7  <0.36363636363636365>, 6  <0.3181818181818182>}
x[0,1]{2  <1.0>}
x[0,2]{0  <0.25>, 1  <0.25>, 7  <0.25>, 4  <0.25>}
x[0,3]{6  <0.3333333333333333>, 1  <0.3333333333333333>, 4  <0.3333333333333333>}
x[0,4]{0  <0.25>, 1  <0.25>, 4  <0.25>, 6  <0.25>}
x[0,5]{5  <1.0>}
x[0,6]{3  <1.0>}
x[0,7]{0  <0.3333333333333333>, 4  <0.3333333333333333>, 7  <0.3333333333333333>}
x[1,0]{4  <0.5>, 1  <0.5>}
x[1,1]{7  <1.0>}
x[1,2]{3  <1.0>}
x[1,3]{2  <1.0>}
x[1,4]{0  <0.33333333333333337>, 1  <0.33333333333333337>, 4  <0.33333333333333337>}
x[1,5]{0  <0.5>, 1  <0.5>}
x[1,6]{5  <1.0>}
x[1,7]{6  <1.0>}
x[2,0]{3  <0.3333333333333333>, 1  <0.3333333333333333>, 4  <0.3333333333333333>}
x[2,1]{0  <0.25>, 1  <0.25>, 4  <0.25>, 3  <0.25>}
x[2,2]{2  <1.0>}
x[2,3]{5  <1.0>}
x[2,4]{0  <0.25>, 1  <0.25>, 4  <0.25>, 3  <0.25>}
x[2,5]{6  <1.0>}
x[2,6]{7  <1.0>}
x[2,7]{0  <0.3333333333333333>, 3  <0.3333333333333333>, 4  <0.3333333333333333>}
x[3,0]{0  <1.0>}
x[3,1]{3  <0.5>, 4  <0.5>}
x[3,2]{6  <1.0>}
x[3,3]{3  <0.4444444444444444>, 4  <0.5555555555555556>}
x[3,4]{7  <1.0>}
x[3,5]{2  <1.0>}
x[3,6]{1  <1.0>}
x[3,7]{5  <1.0>}
x[4,0]{2  <1.0>}
x[4,1]{6  <0.5>, 3  <0.5>}
x[4,2]{5  <1.0>}
x[4,3]{7  <1.0>}
x[4,4]{6  <0.6363636363636364>, 3  <0.36363636363636365>}
x[4,5]{4  <1.0>}
x[4,6]{0  <1.0>}
x[4,7]{1  <1.0>}
x[5,0]{7  <0.19999999999999998>, 1  <0.19999999999999998>, 5  <0.19999999999999998>, 3  <0.19999999999999998>, 4  <0.19999999999999998>}
x[5,1]{4  <0.25>, 1  <0.25>, 5  <0.25>, 3  <0.25>}
x[5,2]{7  <0.33333333333333337>, 1  <0.33333333333333337>, 4  <0.33333333333333337>}
x[5,3]{0  <1.0>}
x[5,4]{2  <1.0>}
x[5,5]{7  <0.8>, 1  <0.2>}
x[5,6]{6  <1.0>}
x[5,7]{7  <0.3333333333333333>, 4  <0.3333333333333333>, 3  <0.3333333333333333>}
x[6,0]{5  <0.25>, 1  <0.25>, 6  <0.25>, 7  <0.25>}
x[6,1]{0  <0.25>, 1  <0.25>, 6  <0.25>, 5  <0.25>}
x[6,2]{0  <0.33333333333333337>, 1  <0.33333333333333337>, 7  <0.33333333333333337>}
x[6,3]{6  <0.5>, 1  <0.5>}
x[6,4]{0  <0.25>, 1  <0.25>, 6  <0.25>, 5  <0.25>}
x[6,5]{3  <1.0>}
x[6,6]{4  <1.0>}
x[6,7]{2  <1.0>}
x[7,0]{7  <0.16666666666666666>, 1  <0.16666666666666666>, 6  <0.16666666666666666>, 3  <0.16666666666666666>, 4  <0.16666666666666666>, 5  <0.16666666666666666>}
x[7,1]{0  <0.16666666666666666>, 1  <0.16666666666666666>, 6  <0.16666666666666666>, 3  <0.16666666666666666>, 4  <0.16666666666666666>, 5  <0.16666666666666666>}
x[7,2]{0  <0.25>, 1  <0.25>, 4  <0.25>, 7  <0.25>}
x[7,3]{6  <0.25>, 1  <0.25>, 4  <0.25>, 3  <0.25>}
x[7,4]{0  <0.16666666666666663>, 1  <0.16666666666666663>, 6  <0.16666666666666663>, 3  <0.16666666666666663>, 4  <0.16666666666666663>, 5  <0.16666666666666663>}
x[7,5]{0  <0.3333333333333333>, 1  <0.3333333333333333>, 7  <0.3333333333333333>}
x[7,6]{2  <1.0>}
x[7,7]{0  <0.05555555555555555>, 7  <0.4444444444444444>, 4  <0.2777777777777778>, 3  <0.2222222222222222>}
problem entropy = 0.9836537777081865
smallest variable entropy = 0.5004024235381879
### branching on x[5,5]=7; marginal=0.8; regret=0.6000000000000001; nb of ties=1
### branching on x[4,4]=6; marginal=0.6363636363636364; regret=0.2727272727272727; nb of ties=1
##### after BP iteration 1 #####
x[0,0]{4  <0.22727272727272727>, 1  <0.09090909090909091>, 7  <0.36363636363636365>, 6  <0.3181818181818182>}
x[0,1]{2  <1.0>}
x[0,2]{0  <0.25>, 1  <0.25>, 7  <0.25>, 4  <0.25>}
x[0,3]{6  <0.3333333333333333>, 1  <0.3333333333333333>, 4  <0.3333333333333333>}
x[0,4]{0  <0.3333333333333333>, 1  <0.3333333333333333>, 4  <0.3333333333333333>}
x[0,5]{5  <1.0>}
x[0,6]{3  <1.0>}
x[0,7]{0  <0.3333333333333333>, 4  <0.3333333333333333>, 7  <0.3333333333333333>}
x[1,0]{4  <0.5>, 1  <0.5>}
x[1,1]{7  <1.0>}
x[1,2]{3  <1.0>}
x[1,3]{2  <1.0>}
x[1,4]{0  <0.33333333333333337>, 1  <0.33333333333333337>, 4  <0.33333333333333337>}
x[1,5]{0  <0.5>, 1  <0.5>}
x[1,6]{5  <1.0>}
x[1,7]{6  <1.0>}
x[2,0]{3  <0.3333333333333333>, 1  <0.3333333333333333>, 4  <0.3333333333333333>}
x[2,1]{0  <0.5>, 1  <0.5>}
x[2,2]{2  <1.0>}
x[2,3]{5  <1.0>}
x[2,4]{0  <0.25>, 1  <0.25>, 4  <0.25>, 3  <0.25>}
x[2,5]{6  <1.0>}
x[2,6]{7  <1.0>}
x[2,7]{0  <0.33333333333333337>, 3  <0.33333333333333337>, 4  <0.33333333333333337>}
x[3,0]{0  <1.0>}
x[3,1]{4  <1.0>}
x[3,2]{6  <1.0>}
x[3,3]{3  <1.0>}
x[3,4]{7  <1.0>}
x[3,5]{2  <1.0>}
x[3,6]{1  <1.0>}
x[3,7]{5  <1.0>}
x[4,0]{2  <1.0>}
x[4,1]{3  <1.0>}
x[4,2]{5  <1.0>}
x[4,3]{7  <1.0>}
x[4,4]{6  <1.0>}
x[4,5]{4  <1.0>}
x[4,6]{0  <1.0>}
x[4,7]{1  <1.0>}
x[5,0]{4  <0.25>, 1  <0.25>, 5  <0.25>, 3  <0.25>}
x[5,1]{5  <0.5>, 1  <0.5>}
x[5,2]{4  <0.5>, 1  <0.5>}
x[5,3]{0  <1.0>}
x[5,4]{2  <1.0>}
x[5,5]{7  <1.0>}
x[5,6]{6  <1.0>}
x[5,7]{3  <0.5>, 4  <0.5>}
x[6,0]{5  <0.25>, 1  <0.25>, 6  <0.25>, 7  <0.25>}
x[6,1]{0  <0.25>, 1  <0.25>, 6  <0.25>, 5  <0.25>}
x[6,2]{0  <0.33333333333333337>, 1  <0.33333333333333337>, 7  <0.33333333333333337>}
x[6,3]{6  <0.5>, 1  <0.5>}
x[6,4]{0  <0.33333333333333337>, 1  <0.33333333333333337>, 5  <0.33333333333333337>}
x[6,5]{3  <1.0>}
x[6,6]{4  <1.0>}
x[6,7]{2  <1.0>}
x[7,0]{7  <0.16666666666666666>, 1  <0.16666666666666666>, 6  <0.16666666666666666>, 3  <0.16666666666666666>, 4  <0.16666666666666666>, 5  <0.16666666666666666>}
x[7,1]{0  <0.25>, 1  <0.25>, 6  <0.25>, 5  <0.25>}
x[7,2]{0  <0.25>, 1  <0.25>, 4  <0.25>, 7  <0.25>}
x[7,3]{6  <0.3333333333333333>, 1  <0.3333333333333333>, 4  <0.3333333333333333>}
x[7,4]{0  <0.19999999999999998>, 1  <0.19999999999999998>, 5  <0.19999999999999998>, 3  <0.19999999999999998>, 4  <0.19999999999999998>}
x[7,5]{0  <0.5>, 1  <0.5>}
x[7,6]{2  <1.0>}
x[7,7]{0  <0.05555555555555555>, 7  <0.4444444444444444>, 4  <0.2777777777777778>, 3  <0.2222222222222222>}
problem entropy = 0.9929253644658547
smallest variable entropy = 0.6931471805599453
##### after BP iteration 2 #####
x[0,0]{4  <0.22727272727272727>, 1  <0.09090909090909091>, 7  <0.36363636363636365>, 6  <0.3181818181818182>}
x[0,1]{2  <1.0>}
x[0,2]{0  <0.25>, 1  <0.25>, 7  <0.25>, 4  <0.25>}
x[0,3]{6  <0.3333333333333333>, 1  <0.3333333333333333>, 4  <0.3333333333333333>}
x[0,4]{0  <0.3333333333333333>, 1  <0.3333333333333333>, 4  <0.3333333333333333>}
x[0,5]{5  <1.0>}
x[0,6]{3  <1.0>}
x[0,7]{0  <0.3333333333333333>, 4  <0.3333333333333333>, 7  <0.3333333333333333>}
x[1,0]{4  <0.5>, 1  <0.5>}
x[1,1]{7  <1.0>}
x[1,2]{3  <1.0>}
x[1,3]{2  <1.0>}
x[1,4]{0  <0.33333333333333337>, 1  <0.33333333333333337>, 4  <0.33333333333333337>}
x[1,5]{0  <0.5>, 1  <0.5>}
x[1,6]{5  <1.0>}
x[1,7]{6  <1.0>}
x[2,0]{3  <0.3333333333333333>, 1  <0.3333333333333333>, 4  <0.3333333333333333>}
x[2,1]{0  <0.5>, 1  <0.5>}
x[2,2]{2  <1.0>}
x[2,3]{5  <1.0>}
x[2,4]{0  <0.25>, 1  <0.25>, 4  <0.25>, 3  <0.25>}
x[2,5]{6  <1.0>}
x[2,6]{7  <1.0>}
x[2,7]{0  <0.33333333333333337>, 3  <0.33333333333333337>, 4  <0.33333333333333337>}
x[3,0]{0  <1.0>}
x[3,1]{4  <1.0>}
x[3,2]{6  <1.0>}
x[3,3]{3  <1.0>}
x[3,4]{7  <1.0>}
x[3,5]{2  <1.0>}
x[3,6]{1  <1.0>}
x[3,7]{5  <1.0>}
x[4,0]{2  <1.0>}
x[4,1]{3  <1.0>}
x[4,2]{5  <1.0>}
x[4,3]{7  <1.0>}
x[4,4]{6  <1.0>}
x[4,5]{4  <1.0>}
x[4,6]{0  <1.0>}
x[4,7]{1  <1.0>}
x[5,0]{4  <0.25>, 1  <0.25>, 5  <0.25>, 3  <0.25>}
x[5,1]{5  <0.5>, 1  <0.5>}
x[5,2]{4  <0.5>, 1  <0.5>}
x[5,3]{0  <1.0>}
x[5,4]{2  <1.0>}
x[5,5]{7  <1.0>}
x[5,6]{6  <1.0>}
x[5,7]{3  <0.5>, 4  <0.5>}
x[6,0]{5  <0.25>, 1  <0.25>, 6  <0.25>, 7  <0.25>}
x[6,1]{0  <0.25>, 1  <0.25>, 6  <0.25>, 5  <0.25>}
x[6,2]{0  <0.33333333333333337>, 1  <0.33333333333333337>, 7  <0.33333333333333337>}
x[6,3]{6  <0.5>, 1  <0.5>}
x[6,4]{0  <0.33333333333333337>, 1  <0.33333333333333337>, 5  <0.33333333333333337>}
x[6,5]{3  <1.0>}
x[6,6]{4  <1.0>}
x[6,7]{2  <1.0>}
x[7,0]{7  <0.16666666666666666>, 1  <0.16666666666666666>, 6  <0.16666666666666666>, 3  <0.16666666666666666>, 4  <0.16666666666666666>, 5  <0.16666666666666666>}
x[7,1]{0  <0.25>, 1  <0.25>, 6  <0.25>, 5  <0.25>}
x[7,2]{0  <0.25>, 1  <0.25>, 4  <0.25>, 7  <0.25>}
x[7,3]{6  <0.3333333333333333>, 1  <0.3333333333333333>, 4  <0.3333333333333333>}
x[7,4]{0  <0.19999999999999998>, 1  <0.19999999999999998>, 5  <0.19999999999999998>, 3  <0.19999999999999998>, 4  <0.19999999999999998>}
x[7,5]{0  <0.5>, 1  <0.5>}
x[7,6]{2  <1.0>}
x[7,7]{0  <0.05555555555555555>, 7  <0.4444444444444444>, 4  <0.2777777777777778>, 3  <0.2222222222222222>}
problem entropy = 0.9929253644658547
smallest variable entropy = 0.6931471805599453
### branching on x[7,7]=7; marginal=0.4444444444444444; regret=0.16666666666666663; nb of ties=1
### branching on x[0,0]=7; marginal=0.36363636363636365; regret=0.04545454545454547; nb of ties=1
##### after BP iteration 1 #####
x[0,0]{7  <1.0>}
x[0,1]{2  <1.0>}
x[0,2]{0  <0.33333333333333337>, 1  <0.33333333333333337>, 4  <0.33333333333333337>}
x[0,3]{6  <1.0>}
x[0,4]{0  <0.3333333333333333>, 1  <0.3333333333333333>, 4  <0.3333333333333333>}
x[0,5]{5  <1.0>}
x[0,6]{3  <1.0>}
x[0,7]{0  <0.5>, 4  <0.5>}
x[1,0]{4  <0.5>, 1  <0.5>}
x[1,1]{7  <1.0>}
x[1,2]{3  <1.0>}
x[1,3]{2  <1.0>}
x[1,4]{0  <0.3333333333333333>, 1  <0.3333333333333333>, 4  <0.3333333333333333>}
x[1,5]{0  <0.5>, 1  <0.5>}
x[1,6]{5  <1.0>}
x[1,7]{6  <1.0>}
x[2,0]{3  <0.3333333333333333>, 1  <0.3333333333333333>, 4  <0.3333333333333333>}
x[2,1]{0  <0.5>, 1  <0.5>}
x[2,2]{2  <1.0>}
x[2,3]{5  <1.0>}
x[2,4]{0  <0.25>, 1  <0.25>, 4  <0.25>, 3  <0.25>}
x[2,5]{6  <1.0>}
x[2,6]{7  <1.0>}
x[2,7]{0  <0.3333333333333333>, 3  <0.3333333333333333>, 4  <0.3333333333333333>}
x[3,0]{0  <1.0>}
x[3,1]{4  <1.0>}
x[3,2]{6  <1.0>}
x[3,3]{3  <1.0>}
x[3,4]{7  <1.0>}
x[3,5]{2  <1.0>}
x[3,6]{1  <1.0>}
x[3,7]{5  <1.0>}
x[4,0]{2  <1.0>}
x[4,1]{3  <1.0>}
x[4,2]{5  <1.0>}
x[4,3]{7  <1.0>}
x[4,4]{6  <1.0>}
x[4,5]{4  <1.0>}
x[4,6]{0  <1.0>}
x[4,7]{1  <1.0>}
x[5,0]{4  <0.25>, 1  <0.25>, 5  <0.25>, 3  <0.25>}
x[5,1]{5  <0.5>, 1  <0.5>}
x[5,2]{4  <0.5>, 1  <0.5>}
x[5,3]{0  <1.0>}
x[5,4]{2  <1.0>}
x[5,5]{7  <1.0>}
x[5,6]{6  <1.0>}
x[5,7]{3  <0.5>, 4  <0.5>}
x[6,0]{5  <0.5>, 6  <0.5>}
x[6,1]{0  <0.3333333333333333>, 5  <0.3333333333333333>, 6  <0.3333333333333333>}
x[6,2]{7  <1.0>}
x[6,3]{1  <1.0>}
x[6,4]{0  <0.5>, 5  <0.5>}
x[6,5]{3  <1.0>}
x[6,6]{4  <1.0>}
x[6,7]{2  <1.0>}
x[7,0]{5  <0.3333333333333333>, 3  <0.3333333333333333>, 6  <0.3333333333333333>}
x[7,1]{5  <0.5>, 6  <0.5>}
x[7,2]{0  <0.5>, 1  <0.5>}
x[7,3]{4  <1.0>}
x[7,4]{5  <0.5>, 3  <0.5>}
x[7,5]{0  <0.5>, 1  <0.5>}
x[7,6]{2  <1.0>}
x[7,7]{7  <1.0>}
problem entropy = 1.0
smallest variable entropy = 0.6931471805599453
##### after BP iteration 2 #####
x[0,0]{7  <1.0>}
x[0,1]{2  <1.0>}
x[0,2]{0  <0.33333333333333337>, 1  <0.33333333333333337>, 4  <0.33333333333333337>}
x[0,3]{6  <1.0>}
x[0,4]{0  <0.3333333333333333>, 1  <0.3333333333333333>, 4  <0.3333333333333333>}
x[0,5]{5  <1.0>}
x[0,6]{3  <1.0>}
x[0,7]{0  <0.5>, 4  <0.5>}
x[1,0]{4  <0.5>, 1  <0.5>}
x[1,1]{7  <1.0>}
x[1,2]{3  <1.0>}
x[1,3]{2  <1.0>}
x[1,4]{0  <0.3333333333333333>, 1  <0.3333333333333333>, 4  <0.3333333333333333>}
x[1,5]{0  <0.5>, 1  <0.5>}
x[1,6]{5  <1.0>}
x[1,7]{6  <1.0>}
x[2,0]{3  <0.3333333333333333>, 1  <0.3333333333333333>, 4  <0.3333333333333333>}
x[2,1]{0  <0.5>, 1  <0.5>}
x[2,2]{2  <1.0>}
x[2,3]{5  <1.0>}
x[2,4]{0  <0.25>, 1  <0.25>, 4  <0.25>, 3  <0.25>}
x[2,5]{6  <1.0>}
x[2,6]{7  <1.0>}
x[2,7]{0  <0.3333333333333333>, 3  <0.3333333333333333>, 4  <0.3333333333333333>}
x[3,0]{0  <1.0>}
x[3,1]{4  <1.0>}
x[3,2]{6  <1.0>}
x[3,3]{3  <1.0>}
x[3,4]{7  <1.0>}
x[3,5]{2  <1.0>}
x[3,6]{1  <1.0>}
x[3,7]{5  <1.0>}
x[4,0]{2  <1.0>}
x[4,1]{3  <1.0>}
x[4,2]{5  <1.0>}
x[4,3]{7  <1.0>}
x[4,4]{6  <1.0>}
x[4,5]{4  <1.0>}
x[4,6]{0  <1.0>}
x[4,7]{1  <1.0>}
x[5,0]{4  <0.25>, 1  <0.25>, 5  <0.25>, 3  <0.25>}
x[5,1]{5  <0.5>, 1  <0.5>}
x[5,2]{4  <0.5>, 1  <0.5>}
x[5,3]{0  <1.0>}
x[5,4]{2  <1.0>}
x[5,5]{7  <1.0>}
x[5,6]{6  <1.0>}
x[5,7]{3  <0.5>, 4  <0.5>}
x[6,0]{5  <0.5>, 6  <0.5>}
x[6,1]{0  <0.3333333333333333>, 5  <0.3333333333333333>, 6  <0.3333333333333333>}
x[6,2]{7  <1.0>}
x[6,3]{1  <1.0>}
x[6,4]{0  <0.5>, 5  <0.5>}
x[6,5]{3  <1.0>}
x[6,6]{4  <1.0>}
x[6,7]{2  <1.0>}
x[7,0]{5  <0.3333333333333333>, 3  <0.3333333333333333>, 6  <0.3333333333333333>}
x[7,1]{5  <0.5>, 6  <0.5>}
x[7,2]{0  <0.5>, 1  <0.5>}
x[7,3]{4  <1.0>}
x[7,4]{5  <0.5>, 3  <0.5>}
x[7,5]{0  <0.5>, 1  <0.5>}
x[7,6]{2  <1.0>}
x[7,7]{7  <1.0>}
problem entropy = 1.0
smallest variable entropy = 0.6931471805599453
### branching on x[7,4]=5; marginal=0.5; regret=0.0; nb of ties=22
##### after BP iteration 1 #####
x[0,0]{7  <1.0>}
x[0,1]{2  <1.0>}
x[0,2]{1  <1.0>}
x[0,3]{6  <1.0>}
x[0,4]{4  <1.0>}
x[0,5]{5  <1.0>}
x[0,6]{3  <1.0>}
x[0,7]{0  <1.0>}
x[1,0]{4  <1.0>}
x[1,1]{7  <1.0>}
x[1,2]{3  <1.0>}
x[1,3]{2  <1.0>}
x[1,4]{1  <1.0>}
x[1,5]{0  <1.0>}
x[1,6]{5  <1.0>}
x[1,7]{6  <1.0>}
x[2,0]{1  <1.0>}
x[2,1]{0  <1.0>}
x[2,2]{2  <1.0>}
x[2,3]{5  <1.0>}
x[2,4]{3  <1.0>}
x[2,5]{6  <1.0>}
x[2,6]{7  <1.0>}
x[2,7]{4  <1.0>}
x[3,0]{0  <1.0>}
x[3,1]{4  <1.0>}
x[3,2]{6  <1.0>}
x[3,3]{3  <1.0>}
x[3,4]{7  <1.0>}
x[3,5]{2  <1.0>}
x[3,6]{1  <1.0>}
x[3,7]{5  <1.0>}
x[4,0]{2  <1.0>}
x[4,1]{3  <1.0>}
x[4,2]{5  <1.0>}
x[4,3]{7  <1.0>}
x[4,4]{6  <1.0>}
x[4,5]{4  <1.0>}
x[4,6]{0  <1.0>}
x[4,7]{1  <1.0>}
x[5,0]{5  <1.0>}
x[5,1]{1  <1.0>}
x[5,2]{4  <1.0>}
x[5,3]{0  <1.0>}
x[5,4]{2  <1.0>}
x[5,5]{7  <1.0>}
x[5,6]{6  <1.0>}
x[5,7]{3  <1.0>}
x[6,0]{6  <1.0>}
x[6,1]{5  <1.0>}
x[6,2]{7  <1.0>}
x[6,3]{1  <1.0>}
x[6,4]{0  <1.0>}
x[6,5]{3  <1.0>}
x[6,6]{4  <1.0>}
x[6,7]{2  <1.0>}
x[7,0]{3  <1.0>}
x[7,1]{6  <1.0>}
x[7,2]{0  <1.0>}
x[7,3]{4  <1.0>}
x[7,4]{5  <1.0>}
x[7,5]{1  <1.0>}
x[7,6]{2  <1.0>}
x[7,7]{7  <1.0>}
problem entropy = 0.0
smallest variable entropy = 1.7976931348623157E308
### branching on x[7,4]!=5
##### after BP iteration 1 #####
x[0,0]{7  <1.0>}
x[0,1]{2  <1.0>}
x[0,2]{1  <0.3333333333333333>, 0  <0.3333333333333333>, 4  <0.3333333333333333>}
x[0,3]{6  <1.0>}
x[0,4]{4  <0.33333333333333337>, 1  <0.33333333333333337>, 0  <0.33333333333333337>}
x[0,5]{5  <1.0>}
x[0,6]{3  <1.0>}
x[0,7]{0  <0.5>, 4  <0.5>}
x[1,0]{4  <0.5>, 1  <0.5>}
x[1,1]{7  <1.0>}
x[1,2]{3  <1.0>}
x[1,3]{2  <1.0>}
x[1,4]{1  <0.33333333333333337>, 4  <0.33333333333333337>, 0  <0.33333333333333337>}
x[1,5]{0  <0.5>, 1  <0.5>}
x[1,6]{5  <1.0>}
x[1,7]{6  <1.0>}
x[2,0]{3  <0.5>, 4  <0.5>}
x[2,1]{1  <1.0>}
x[2,2]{2  <1.0>}
x[2,3]{5  <1.0>}
x[2,4]{0  <0.5>, 4  <0.5>}
x[2,5]{6  <1.0>}
x[2,6]{7  <1.0>}
x[2,7]{4  <0.33333333333333337>, 0  <0.33333333333333337>, 3  <0.33333333333333337>}
x[3,0]{0  <1.0>}
x[3,1]{4  <1.0>}
x[3,2]{6  <1.0>}
x[3,3]{3  <1.0>}
x[3,4]{7  <1.0>}
x[3,5]{2  <1.0>}
x[3,6]{1  <1.0>}
x[3,7]{5  <1.0>}
x[4,0]{2  <1.0>}
x[4,1]{3  <1.0>}
x[4,2]{5  <1.0>}
x[4,3]{7  <1.0>}
x[4,4]{6  <1.0>}
x[4,5]{4  <1.0>}
x[4,6]{0  <1.0>}
x[4,7]{1  <1.0>}
x[5,0]{1  <0.3333333333333333>, 4  <0.3333333333333333>, 3  <0.3333333333333333>}
x[5,1]{5  <1.0>}
x[5,2]{4  <0.5>, 1  <0.5>}
x[5,3]{0  <1.0>}
x[5,4]{2  <1.0>}
x[5,5]{7  <1.0>}
x[5,6]{6  <1.0>}
x[5,7]{3  <0.5>, 4  <0.5>}
x[6,0]{6  <1.0>}
x[6,1]{0  <1.0>}
x[6,2]{7  <1.0>}
x[6,3]{1  <1.0>}
x[6,4]{5  <1.0>}
x[6,5]{3  <1.0>}
x[6,6]{4  <1.0>}
x[6,7]{2  <1.0>}
x[7,0]{5  <1.0>}
x[7,1]{6  <1.0>}
x[7,2]{0  <0.5>, 1  <0.5>}
x[7,3]{4  <1.0>}
x[7,4]{3  <1.0>}
x[7,5]{1  <0.5>, 0  <0.5>}
x[7,6]{2  <1.0>}
x[7,7]{7  <1.0>}
problem entropy = 0.9999999999999999
smallest variable entropy = 0.6931471805599453
##### after BP iteration 2 #####
x[0,0]{7  <1.0>}
x[0,1]{2  <1.0>}
x[0,2]{1  <0.3333333333333333>, 0  <0.3333333333333333>, 4  <0.3333333333333333>}
x[0,3]{6  <1.0>}
x[0,4]{4  <0.33333333333333337>, 1  <0.33333333333333337>, 0  <0.33333333333333337>}
x[0,5]{5  <1.0>}
x[0,6]{3  <1.0>}
x[0,7]{0  <0.5>, 4  <0.5>}
x[1,0]{4  <0.5>, 1  <0.5>}
x[1,1]{7  <1.0>}
x[1,2]{3  <1.0>}
x[1,3]{2  <1.0>}
x[1,4]{1  <0.33333333333333337>, 4  <0.33333333333333337>, 0  <0.33333333333333337>}
x[1,5]{0  <0.5>, 1  <0.5>}
x[1,6]{5  <1.0>}
x[1,7]{6  <1.0>}
x[2,0]{3  <0.5>, 4  <0.5>}
x[2,1]{1  <1.0>}
x[2,2]{2  <1.0>}
x[2,3]{5  <1.0>}
x[2,4]{0  <0.5>, 4  <0.5>}
x[2,5]{6  <1.0>}
x[2,6]{7  <1.0>}
x[2,7]{4  <0.33333333333333337>, 0  <0.33333333333333337>, 3  <0.33333333333333337>}
x[3,0]{0  <1.0>}
x[3,1]{4  <1.0>}
x[3,2]{6  <1.0>}
x[3,3]{3  <1.0>}
x[3,4]{7  <1.0>}
x[3,5]{2  <1.0>}
x[3,6]{1  <1.0>}
x[3,7]{5  <1.0>}
x[4,0]{2  <1.0>}
x[4,1]{3  <1.0>}
x[4,2]{5  <1.0>}
x[4,3]{7  <1.0>}
x[4,4]{6  <1.0>}
x[4,5]{4  <1.0>}
x[4,6]{0  <1.0>}
x[4,7]{1  <1.0>}
x[5,0]{1  <0.3333333333333333>, 4  <0.3333333333333333>, 3  <0.3333333333333333>}
x[5,1]{5  <1.0>}
x[5,2]{4  <0.5>, 1  <0.5>}
x[5,3]{0  <1.0>}
x[5,4]{2  <1.0>}
x[5,5]{7  <1.0>}
x[5,6]{6  <1.0>}
x[5,7]{3  <0.5>, 4  <0.5>}
x[6,0]{6  <1.0>}
x[6,1]{0  <1.0>}
x[6,2]{7  <1.0>}
x[6,3]{1  <1.0>}
x[6,4]{5  <1.0>}
x[6,5]{3  <1.0>}
x[6,6]{4  <1.0>}
x[6,7]{2  <1.0>}
x[7,0]{5  <1.0>}
x[7,1]{6  <1.0>}
x[7,2]{0  <0.5>, 1  <0.5>}
x[7,3]{4  <1.0>}
x[7,4]{3  <1.0>}
x[7,5]{1  <0.5>, 0  <0.5>}
x[7,6]{2  <1.0>}
x[7,7]{7  <1.0>}
problem entropy = 0.9999999999999999
smallest variable entropy = 0.6931471805599453

	#choice: 6
	#fail: 0
	execution time (ms): 52
	#sols : 1
	completed : false

