{0  <1.0>, 6  <1.0>}
model: sum-product-no-init
FINAL DAMPING FACTOR = 0.85
##### after BP iteration 1 #####
x[0,0]{0  <0.9162523041490865>, 6  <0.0837476958509135>}
x[0,1]{2  <1.0>}
x[0,2]{4  <1.0>}
x[0,3]{0  <0.08550381340931697>, 1  <0.08550381340931697>, 6  <0.8289923731813661>}
x[0,4]{3  <1.0>}
x[0,5]{7  <1.0>}
x[0,6]{5  <1.0>}
x[0,7]{6  <0.0837476958509135>, 1  <0.9162523041490865>}
x[1,0]{3  <1.0>}
x[1,1]{4  <1.0>}
x[1,2]{0  <1.0>}
x[1,3]{5  <1.0>}
x[1,4]{6  <1.0>}
x[1,5]{2  <1.0>}
x[1,6]{1  <1.0>}
x[1,7]{7  <1.0>}
x[2,0]{1  <1.0>}
x[2,1]{6  <1.0>}
x[2,2]{5  <1.0>}
x[2,3]{2  <1.0>}
x[2,4]{7  <1.0>}
x[2,5]{3  <1.0>}
x[2,6]{4  <1.0>}
x[2,7]{0  <1.0>}
x[3,0]{5  <1.0>}
x[3,1]{3  <1.0>}
x[3,2]{6  <1.0>}
x[3,3]{7  <1.0>}
x[3,4]{1  <1.0>}
x[3,5]{0  <1.0>}
x[3,6]{2  <1.0>}
x[3,7]{4  <1.0>}
x[4,0]{7  <1.0>}
x[4,1]{5  <1.0>}
x[4,2]{1  <1.0>}
x[4,3]{4  <1.0>}
x[4,4]{2  <1.0>}
x[4,5]{6  <1.0>}
x[4,6]{0  <1.0>}
x[4,7]{3  <1.0>}
x[5,0]{6  <0.08374769585091353>, 2  <0.9162523041490865>}
x[5,1]{0  <1.0>}
x[5,2]{3  <1.0>}
x[5,3]{6  <0.0837476958509135>, 1  <0.9162523041490865>}
x[5,4]{5  <1.0>}
x[5,5]{4  <1.0>}
x[5,6]{7  <1.0>}
x[5,7]{6  <0.828992373181366>, 1  <0.08550381340931702>, 2  <0.08550381340931706>}
x[6,0]{0  <0.08550381340931702>, 6  <0.828992373181366>, 2  <0.08550381340931706>}
x[6,1]{1  <1.0>}
x[6,2]{7  <1.0>}
x[6,3]{0  <0.9162523041490865>, 6  <0.0837476958509135>}
x[6,4]{4  <1.0>}
x[6,5]{5  <1.0>}
x[6,6]{3  <1.0>}
x[6,7]{6  <0.08374769585091353>, 2  <0.9162523041490865>}
x[7,0]{4  <1.0>}
x[7,1]{7  <1.0>}
x[7,2]{2  <1.0>}
x[7,3]{3  <1.0>}
x[7,4]{0  <1.0>}
x[7,5]{1  <1.0>}
x[7,6]{6  <1.0>}
x[7,7]{5  <1.0>}
problem entropy = 0.45160257745255067
smallest variable entropy = 0.2878284588371113
##### after BP iteration 2 #####
x[0,0]{0  <0.9203546504529704>, 6  <0.07964534954702968>}
x[0,1]{2  <1.0>}
x[0,2]{4  <1.0>}
x[0,3]{0  <0.07848395053520585>, 1  <0.07848395053520585>, 6  <0.8430320989295884>}
x[0,4]{3  <1.0>}
x[0,5]{7  <1.0>}
x[0,6]{5  <1.0>}
x[0,7]{6  <0.07964534954702968>, 1  <0.9203546504529704>}
x[1,0]{3  <1.0>}
x[1,1]{4  <1.0>}
x[1,2]{0  <1.0>}
x[1,3]{5  <1.0>}
x[1,4]{6  <1.0>}
x[1,5]{2  <1.0>}
x[1,6]{1  <1.0>}
x[1,7]{7  <1.0>}
x[2,0]{1  <1.0>}
x[2,1]{6  <1.0>}
x[2,2]{5  <1.0>}
x[2,3]{2  <1.0>}
x[2,4]{7  <1.0>}
x[2,5]{3  <1.0>}
x[2,6]{4  <1.0>}
x[2,7]{0  <1.0>}
x[3,0]{5  <1.0>}
x[3,1]{3  <1.0>}
x[3,2]{6  <1.0>}
x[3,3]{7  <1.0>}
x[3,4]{1  <1.0>}
x[3,5]{0  <1.0>}
x[3,6]{2  <1.0>}
x[3,7]{4  <1.0>}
x[4,0]{7  <1.0>}
x[4,1]{5  <1.0>}
x[4,2]{1  <1.0>}
x[4,3]{4  <1.0>}
x[4,4]{2  <1.0>}
x[4,5]{6  <1.0>}
x[4,6]{0  <1.0>}
x[4,7]{3  <1.0>}
x[5,0]{6  <0.07964534954702969>, 2  <0.9203546504529704>}
x[5,1]{0  <1.0>}
x[5,2]{3  <1.0>}
x[5,3]{6  <0.07964534954702968>, 1  <0.9203546504529704>}
x[5,4]{5  <1.0>}
x[5,5]{4  <1.0>}
x[5,6]{7  <1.0>}
x[5,7]{6  <0.8430320989295883>, 1  <0.07848395053520583>, 2  <0.07848395053520588>}
x[6,0]{0  <0.07848395053520583>, 6  <0.8430320989295883>, 2  <0.07848395053520588>}
x[6,1]{1  <1.0>}
x[6,2]{7  <1.0>}
x[6,3]{0  <0.9203546504529704>, 6  <0.07964534954702968>}
x[6,4]{4  <1.0>}
x[6,5]{5  <1.0>}
x[6,6]{3  <1.0>}
x[6,7]{6  <0.07964534954702969>, 2  <0.9203546504529704>}
x[7,0]{4  <1.0>}
x[7,1]{7  <1.0>}
x[7,2]{2  <1.0>}
x[7,3]{3  <1.0>}
x[7,4]{0  <1.0>}
x[7,5]{1  <1.0>}
x[7,6]{6  <1.0>}
x[7,7]{5  <1.0>}
problem entropy = 0.43216308016451305
smallest variable entropy = 0.2779023366678131
##### after BP iteration 3 #####
x[0,0]{0  <0.9262883373748103>, 6  <0.07371166262518965>}
x[0,1]{2  <1.0>}
x[0,2]{4  <1.0>}
x[0,3]{0  <0.07446764892555706>, 1  <0.07446764892555706>, 6  <0.8510647021488859>}
x[0,4]{3  <1.0>}
x[0,5]{7  <1.0>}
x[0,6]{5  <1.0>}
x[0,7]{6  <0.07371166262518965>, 1  <0.9262883373748103>}
x[1,0]{3  <1.0>}
x[1,1]{4  <1.0>}
x[1,2]{0  <1.0>}
x[1,3]{5  <1.0>}
x[1,4]{6  <1.0>}
x[1,5]{2  <1.0>}
x[1,6]{1  <1.0>}
x[1,7]{7  <1.0>}
x[2,0]{1  <1.0>}
x[2,1]{6  <1.0>}
x[2,2]{5  <1.0>}
x[2,3]{2  <1.0>}
x[2,4]{7  <1.0>}
x[2,5]{3  <1.0>}
x[2,6]{4  <1.0>}
x[2,7]{0  <1.0>}
x[3,0]{5  <1.0>}
x[3,1]{3  <1.0>}
x[3,2]{6  <1.0>}
x[3,3]{7  <1.0>}
x[3,4]{1  <1.0>}
x[3,5]{0  <1.0>}
x[3,6]{2  <1.0>}
x[3,7]{4  <1.0>}
x[4,0]{7  <1.0>}
x[4,1]{5  <1.0>}
x[4,2]{1  <1.0>}
x[4,3]{4  <1.0>}
x[4,4]{2  <1.0>}
x[4,5]{6  <1.0>}
x[4,6]{0  <1.0>}
x[4,7]{3  <1.0>}
x[5,0]{6  <0.07371166262518965>, 2  <0.9262883373748103>}
x[5,1]{0  <1.0>}
x[5,2]{3  <1.0>}
x[5,3]{6  <0.07371166262518965>, 1  <0.9262883373748103>}
x[5,4]{5  <1.0>}
x[5,5]{4  <1.0>}
x[5,6]{7  <1.0>}
x[5,7]{6  <0.8510647021488859>, 1  <0.07446764892555707>, 2  <0.0744676489255571>}
x[6,0]{0  <0.07446764892555707>, 6  <0.8510647021488859>, 2  <0.0744676489255571>}
x[6,1]{1  <1.0>}
x[6,2]{7  <1.0>}
x[6,3]{0  <0.9262883373748103>, 6  <0.07371166262518965>}
x[6,4]{4  <1.0>}
x[6,5]{5  <1.0>}
x[6,6]{3  <1.0>}
x[6,7]{6  <0.07371166262518965>, 2  <0.9262883373748103>}
x[7,0]{4  <1.0>}
x[7,1]{7  <1.0>}
x[7,2]{2  <1.0>}
x[7,3]{3  <1.0>}
x[7,4]{0  <1.0>}
x[7,5]{1  <1.0>}
x[7,6]{6  <1.0>}
x[7,7]{5  <1.0>}
problem entropy = 0.41209941449097054
smallest variable entropy = 0.2631357399244096
##### after BP iteration 4 #####
x[0,0]{0  <0.9299877328766779>, 6  <0.07001226712332215>}
x[0,1]{2  <1.0>}
x[0,2]{4  <1.0>}
x[0,3]{0  <0.06950827650652855>, 1  <0.06950827650652855>, 6  <0.860983446986943>}
x[0,4]{3  <1.0>}
x[0,5]{7  <1.0>}
x[0,6]{5  <1.0>}
x[0,7]{6  <0.07001226712332215>, 1  <0.9299877328766779>}
x[1,0]{3  <1.0>}
x[1,1]{4  <1.0>}
x[1,2]{0  <1.0>}
x[1,3]{5  <1.0>}
x[1,4]{6  <1.0>}
x[1,5]{2  <1.0>}
x[1,6]{1  <1.0>}
x[1,7]{7  <1.0>}
x[2,0]{1  <1.0>}
x[2,1]{6  <1.0>}
x[2,2]{5  <1.0>}
x[2,3]{2  <1.0>}
x[2,4]{7  <1.0>}
x[2,5]{3  <1.0>}
x[2,6]{4  <1.0>}
x[2,7]{0  <1.0>}
x[3,0]{5  <1.0>}
x[3,1]{3  <1.0>}
x[3,2]{6  <1.0>}
x[3,3]{7  <1.0>}
x[3,4]{1  <1.0>}
x[3,5]{0  <1.0>}
x[3,6]{2  <1.0>}
x[3,7]{4  <1.0>}
x[4,0]{7  <1.0>}
x[4,1]{5  <1.0>}
x[4,2]{1  <1.0>}
x[4,3]{4  <1.0>}
x[4,4]{2  <1.0>}
x[4,5]{6  <1.0>}
x[4,6]{0  <1.0>}
x[4,7]{3  <1.0>}
x[5,0]{6  <0.07001226712332215>, 2  <0.9299877328766778>}
x[5,1]{0  <1.0>}
x[5,2]{3  <1.0>}
x[5,3]{6  <0.07001226712332215>, 1  <0.9299877328766779>}
x[5,4]{5  <1.0>}
x[5,5]{4  <1.0>}
x[5,6]{7  <1.0>}
x[5,7]{6  <0.8609834469869428>, 1  <0.06950827650652854>, 2  <0.06950827650652855>}
x[6,0]{0  <0.06950827650652854>, 6  <0.8609834469869428>, 2  <0.06950827650652855>}
x[6,1]{1  <1.0>}
x[6,2]{7  <1.0>}
x[6,3]{0  <0.9299877328766779>, 6  <0.07001226712332215>}
x[6,4]{4  <1.0>}
x[6,5]{5  <1.0>}
x[6,6]{3  <1.0>}
x[6,7]{6  <0.07001226712332216>, 2  <0.9299877328766778>}
x[7,0]{4  <1.0>}
x[7,1]{7  <1.0>}
x[7,2]{2  <1.0>}
x[7,3]{3  <1.0>}
x[7,4]{0  <1.0>}
x[7,5]{1  <1.0>}
x[7,6]{6  <1.0>}
x[7,7]{5  <1.0>}
problem entropy = 0.39554450817004544
smallest variable entropy = 0.2536706770031558
##### after BP iteration 5 #####
x[0,0]{0  <0.9342945585096893>, 6  <0.0657054414903106>}
x[0,1]{2  <1.0>}
x[0,2]{4  <1.0>}
x[0,3]{0  <0.06603467107346528>, 1  <0.06603467107346528>, 6  <0.8679306578530694>}
x[0,4]{3  <1.0>}
x[0,5]{7  <1.0>}
x[0,6]{5  <1.0>}
x[0,7]{6  <0.0657054414903106>, 1  <0.9342945585096893>}
x[1,0]{3  <1.0>}
x[1,1]{4  <1.0>}
x[1,2]{0  <1.0>}
x[1,3]{5  <1.0>}
x[1,4]{6  <1.0>}
x[1,5]{2  <1.0>}
x[1,6]{1  <1.0>}
x[1,7]{7  <1.0>}
x[2,0]{1  <1.0>}
x[2,1]{6  <1.0>}
x[2,2]{5  <1.0>}
x[2,3]{2  <1.0>}
x[2,4]{7  <1.0>}
x[2,5]{3  <1.0>}
x[2,6]{4  <1.0>}
x[2,7]{0  <1.0>}
x[3,0]{5  <1.0>}
x[3,1]{3  <1.0>}
x[3,2]{6  <1.0>}
x[3,3]{7  <1.0>}
x[3,4]{1  <1.0>}
x[3,5]{0  <1.0>}
x[3,6]{2  <1.0>}
x[3,7]{4  <1.0>}
x[4,0]{7  <1.0>}
x[4,1]{5  <1.0>}
x[4,2]{1  <1.0>}
x[4,3]{4  <1.0>}
x[4,4]{2  <1.0>}
x[4,5]{6  <1.0>}
x[4,6]{0  <1.0>}
x[4,7]{3  <1.0>}
x[5,0]{6  <0.06570544149031061>, 2  <0.9342945585096893>}
x[5,1]{0  <1.0>}
x[5,2]{3  <1.0>}
x[5,3]{6  <0.0657054414903106>, 1  <0.9342945585096893>}
x[5,4]{5  <1.0>}
x[5,5]{4  <1.0>}
x[5,6]{7  <1.0>}
x[5,7]{6  <0.8679306578530694>, 1  <0.06603467107346528>, 2  <0.06603467107346528>}
x[6,0]{0  <0.06603467107346529>, 6  <0.8679306578530696>, 2  <0.06603467107346526>}
x[6,1]{1  <1.0>}
x[6,2]{7  <1.0>}
x[6,3]{0  <0.9342945585096893>, 6  <0.0657054414903106>}
x[6,4]{4  <1.0>}
x[6,5]{5  <1.0>}
x[6,6]{3  <1.0>}
x[6,7]{6  <0.0657054414903106>, 2  <0.9342945585096893>}
x[7,0]{4  <1.0>}
x[7,1]{7  <1.0>}
x[7,2]{2  <1.0>}
x[7,3]{3  <1.0>}
x[7,4]{0  <1.0>}
x[7,5]{1  <1.0>}
x[7,6]{6  <1.0>}
x[7,7]{5  <1.0>}
problem entropy = 0.3793239995707125
smallest variable entropy = 0.24238584044134218
##### after BP iteration 6 #####
x[0,0]{0  <0.9374772664675881>, 6  <0.0625227335324119>}
x[0,1]{2  <1.0>}
x[0,2]{4  <1.0>}
x[0,3]{0  <0.06230138553844773>, 1  <0.062301385538447746>, 6  <0.8753972289231046>}
x[0,4]{3  <1.0>}
x[0,5]{7  <1.0>}
x[0,6]{5  <1.0>}
x[0,7]{6  <0.0625227335324119>, 1  <0.9374772664675881>}
x[1,0]{3  <1.0>}
x[1,1]{4  <1.0>}
x[1,2]{0  <1.0>}
x[1,3]{5  <1.0>}
x[1,4]{6  <1.0>}
x[1,5]{2  <1.0>}
x[1,6]{1  <1.0>}
x[1,7]{7  <1.0>}
x[2,0]{1  <1.0>}
x[2,1]{6  <1.0>}
x[2,2]{5  <1.0>}
x[2,3]{2  <1.0>}
x[2,4]{7  <1.0>}
x[2,5]{3  <1.0>}
x[2,6]{4  <1.0>}
x[2,7]{0  <1.0>}
x[3,0]{5  <1.0>}
x[3,1]{3  <1.0>}
x[3,2]{6  <1.0>}
x[3,3]{7  <1.0>}
x[3,4]{1  <1.0>}
x[3,5]{0  <1.0>}
x[3,6]{2  <1.0>}
x[3,7]{4  <1.0>}
x[4,0]{7  <1.0>}
x[4,1]{5  <1.0>}
x[4,2]{1  <1.0>}
x[4,3]{4  <1.0>}
x[4,4]{2  <1.0>}
x[4,5]{6  <1.0>}
x[4,6]{0  <1.0>}
x[4,7]{3  <1.0>}
x[5,0]{6  <0.06252273353241193>, 2  <0.9374772664675881>}
x[5,1]{0  <1.0>}
x[5,2]{3  <1.0>}
x[5,3]{6  <0.0625227335324119>, 1  <0.9374772664675881>}
x[5,4]{5  <1.0>}
x[5,5]{4  <1.0>}
x[5,6]{7  <1.0>}
x[5,7]{6  <0.8753972289231045>, 1  <0.06230138553844775>, 2  <0.06230138553844774>}
x[6,0]{0  <0.06230138553844775>, 6  <0.8753972289231043>, 2  <0.06230138553844775>}
x[6,1]{1  <1.0>}
x[6,2]{7  <1.0>}
x[6,3]{0  <0.9374772664675881>, 6  <0.0625227335324119>}
x[6,4]{4  <1.0>}
x[6,5]{5  <1.0>}
x[6,6]{3  <1.0>}
x[6,7]{6  <0.06252273353241192>, 2  <0.9374772664675881>}
x[7,0]{4  <1.0>}
x[7,1]{7  <1.0>}
x[7,2]{2  <1.0>}
x[7,3]{3  <1.0>}
x[7,4]{0  <1.0>}
x[7,5]{1  <1.0>}
x[7,6]{6  <1.0>}
x[7,7]{5  <1.0>}
problem entropy = 0.36520669492664637
smallest variable entropy = 0.23385321784383625
##### after BP iteration 7 #####
x[0,0]{0  <0.9407890834060552>, 6  <0.05921091659394479>}
x[0,1]{2  <1.0>}
x[0,2]{4  <1.0>}
x[0,3]{0  <0.05935565066494853>, 1  <0.05935565066494853>, 6  <0.881288698670103>}
x[0,4]{3  <1.0>}
x[0,5]{7  <1.0>}
x[0,6]{5  <1.0>}
x[0,7]{6  <0.059210916593944826>, 1  <0.9407890834060552>}
x[1,0]{3  <1.0>}
x[1,1]{4  <1.0>}
x[1,2]{0  <1.0>}
x[1,3]{5  <1.0>}
x[1,4]{6  <1.0>}
x[1,5]{2  <1.0>}
x[1,6]{1  <1.0>}
x[1,7]{7  <1.0>}
x[2,0]{1  <1.0>}
x[2,1]{6  <1.0>}
x[2,2]{5  <1.0>}
x[2,3]{2  <1.0>}
x[2,4]{7  <1.0>}
x[2,5]{3  <1.0>}
x[2,6]{4  <1.0>}
x[2,7]{0  <1.0>}
x[3,0]{5  <1.0>}
x[3,1]{3  <1.0>}
x[3,2]{6  <1.0>}
x[3,3]{7  <1.0>}
x[3,4]{1  <1.0>}
x[3,5]{0  <1.0>}
x[3,6]{2  <1.0>}
x[3,7]{4  <1.0>}
x[4,0]{7  <1.0>}
x[4,1]{5  <1.0>}
x[4,2]{1  <1.0>}
x[4,3]{4  <1.0>}
x[4,4]{2  <1.0>}
x[4,5]{6  <1.0>}
x[4,6]{0  <1.0>}
x[4,7]{3  <1.0>}
x[5,0]{6  <0.05921091659394481>, 2  <0.9407890834060552>}
x[5,1]{0  <1.0>}
x[5,2]{3  <1.0>}
x[5,3]{6  <0.059210916593944826>, 1  <0.9407890834060552>}
x[5,4]{5  <1.0>}
x[5,5]{4  <1.0>}
x[5,6]{7  <1.0>}
x[5,7]{6  <0.8812886986701031>, 1  <0.05935565066494845>, 2  <0.05935565066494849>}
x[6,0]{0  <0.05935565066494845>, 6  <0.8812886986701031>, 2  <0.05935565066494851>}
x[6,1]{1  <1.0>}
x[6,2]{7  <1.0>}
x[6,3]{0  <0.9407890834060552>, 6  <0.05921091659394481>}
x[6,4]{4  <1.0>}
x[6,5]{5  <1.0>}
x[6,6]{3  <1.0>}
x[6,7]{6  <0.059210916593944826>, 2  <0.9407890834060552>}
x[7,0]{4  <1.0>}
x[7,1]{7  <1.0>}
x[7,2]{2  <1.0>}
x[7,3]{3  <1.0>}
x[7,4]{0  <1.0>}
x[7,5]{1  <1.0>}
x[7,6]{6  <1.0>}
x[7,7]{5  <1.0>}
problem entropy = 0.35171759223190563
smallest variable entropy = 0.22479078886920764
##### after BP iteration 8 #####
x[0,0]{0  <0.9434896569815671>, 6  <0.056510343018432926>}
x[0,1]{2  <1.0>}
x[0,2]{4  <1.0>}
x[0,3]{0  <0.056412109283661444>, 1  <0.05641210928366146>, 6  <0.8871757814326772>}
x[0,4]{3  <1.0>}
x[0,5]{7  <1.0>}
x[0,6]{5  <1.0>}
x[0,7]{6  <0.05651034301843293>, 1  <0.9434896569815671>}
x[1,0]{3  <1.0>}
x[1,1]{4  <1.0>}
x[1,2]{0  <1.0>}
x[1,3]{5  <1.0>}
x[1,4]{6  <1.0>}
x[1,5]{2  <1.0>}
x[1,6]{1  <1.0>}
x[1,7]{7  <1.0>}
x[2,0]{1  <1.0>}
x[2,1]{6  <1.0>}
x[2,2]{5  <1.0>}
x[2,3]{2  <1.0>}
x[2,4]{7  <1.0>}
x[2,5]{3  <1.0>}
x[2,6]{4  <1.0>}
x[2,7]{0  <1.0>}
x[3,0]{5  <1.0>}
x[3,1]{3  <1.0>}
x[3,2]{6  <1.0>}
x[3,3]{7  <1.0>}
x[3,4]{1  <1.0>}
x[3,5]{0  <1.0>}
x[3,6]{2  <1.0>}
x[3,7]{4  <1.0>}
x[4,0]{7  <1.0>}
x[4,1]{5  <1.0>}
x[4,2]{1  <1.0>}
x[4,3]{4  <1.0>}
x[4,4]{2  <1.0>}
x[4,5]{6  <1.0>}
x[4,6]{0  <1.0>}
x[4,7]{3  <1.0>}
x[5,0]{6  <0.05651034301843293>, 2  <0.9434896569815671>}
x[5,1]{0  <1.0>}
x[5,2]{3  <1.0>}
x[5,3]{6  <0.05651034301843294>, 1  <0.9434896569815671>}
x[5,4]{5  <1.0>}
x[5,5]{4  <1.0>}
x[5,6]{7  <1.0>}
x[5,7]{6  <0.8871757814326771>, 1  <0.05641210928366146>, 2  <0.056412109283661464>}
x[6,0]{0  <0.05641210928366142>, 6  <0.8871757814326772>, 2  <0.05641210928366146>}
x[6,1]{1  <1.0>}
x[6,2]{7  <1.0>}
x[6,3]{0  <0.9434896569815671>, 6  <0.05651034301843291>}
x[6,4]{4  <1.0>}
x[6,5]{5  <1.0>}
x[6,6]{3  <1.0>}
x[6,7]{6  <0.05651034301843293>, 2  <0.9434896569815671>}
x[7,0]{4  <1.0>}
x[7,1]{7  <1.0>}
x[7,2]{2  <1.0>}
x[7,3]{3  <1.0>}
x[7,4]{0  <1.0>}
x[7,5]{1  <1.0>}
x[7,6]{6  <1.0>}
x[7,7]{5  <1.0>}
problem entropy = 0.3396003815601698
smallest variable entropy = 0.21725563100244125
##### after BP iteration 9 #####
x[0,0]{0  <0.9461430584865269>, 6  <0.05385694151347308>}
x[0,1]{2  <1.0>}
x[0,2]{4  <1.0>}
x[0,3]{0  <0.05392104434474238>, 1  <0.05392104434474241>, 6  <0.8921579113105151>}
x[0,4]{3  <1.0>}
x[0,5]{7  <1.0>}
x[0,6]{5  <1.0>}
x[0,7]{6  <0.05385694151347308>, 1  <0.9461430584865269>}
x[1,0]{3  <1.0>}
x[1,1]{4  <1.0>}
x[1,2]{0  <1.0>}
x[1,3]{5  <1.0>}
x[1,4]{6  <1.0>}
x[1,5]{2  <1.0>}
x[1,6]{1  <1.0>}
x[1,7]{7  <1.0>}
x[2,0]{1  <1.0>}
x[2,1]{6  <1.0>}
x[2,2]{5  <1.0>}
x[2,3]{2  <1.0>}
x[2,4]{7  <1.0>}
x[2,5]{3  <1.0>}
x[2,6]{4  <1.0>}
x[2,7]{0  <1.0>}
x[3,0]{5  <1.0>}
x[3,1]{3  <1.0>}
x[3,2]{6  <1.0>}
x[3,3]{7  <1.0>}
x[3,4]{1  <1.0>}
x[3,5]{0  <1.0>}
x[3,6]{2  <1.0>}
x[3,7]{4  <1.0>}
x[4,0]{7  <1.0>}
x[4,1]{5  <1.0>}
x[4,2]{1  <1.0>}
x[4,3]{4  <1.0>}
x[4,4]{2  <1.0>}
x[4,5]{6  <1.0>}
x[4,6]{0  <1.0>}
x[4,7]{3  <1.0>}
x[5,0]{6  <0.05385694151347308>, 2  <0.9461430584865269>}
x[5,1]{0  <1.0>}
x[5,2]{3  <1.0>}
x[5,3]{6  <0.05385694151347308>, 1  <0.9461430584865269>}
x[5,4]{5  <1.0>}
x[5,5]{4  <1.0>}
x[5,6]{7  <1.0>}
x[5,7]{6  <0.8921579113105153>, 1  <0.053921044344742465>, 2  <0.05392104434474244>}
x[6,0]{0  <0.05392104434474246>, 6  <0.8921579113105153>, 2  <0.053921044344742416>}
x[6,1]{1  <1.0>}
x[6,2]{7  <1.0>}
x[6,3]{0  <0.9461430584865269>, 6  <0.05385694151347308>}
x[6,4]{4  <1.0>}
x[6,5]{5  <1.0>}
x[6,6]{3  <1.0>}
x[6,7]{6  <0.05385694151347308>, 2  <0.9461430584865269>}
x[7,0]{4  <1.0>}
x[7,1]{7  <1.0>}
x[7,2]{2  <1.0>}
x[7,3]{3  <1.0>}
x[7,4]{0  <1.0>}
x[7,5]{1  <1.0>}
x[7,6]{6  <1.0>}
x[7,7]{5  <1.0>}
problem entropy = 0.3281483011411278
smallest variable entropy = 0.20971885623232173
##### after BP iteration 10 #####
x[0,0]{0  <0.9484341404666593>, 6  <0.051565859533340676>}
x[0,1]{2  <1.0>}
x[0,2]{4  <1.0>}
x[0,3]{0  <0.051521849332584684>, 1  <0.051521849332584684>, 6  <0.8969563013348306>}
x[0,4]{3  <1.0>}
x[0,5]{7  <1.0>}
x[0,6]{5  <1.0>}
x[0,7]{6  <0.05156585953334065>, 1  <0.9484341404666594>}
x[1,0]{3  <1.0>}
x[1,1]{4  <1.0>}
x[1,2]{0  <1.0>}
x[1,3]{5  <1.0>}
x[1,4]{6  <1.0>}
x[1,5]{2  <1.0>}
x[1,6]{1  <1.0>}
x[1,7]{7  <1.0>}
x[2,0]{1  <1.0>}
x[2,1]{6  <1.0>}
x[2,2]{5  <1.0>}
x[2,3]{2  <1.0>}
x[2,4]{7  <1.0>}
x[2,5]{3  <1.0>}
x[2,6]{4  <1.0>}
x[2,7]{0  <1.0>}
x[3,0]{5  <1.0>}
x[3,1]{3  <1.0>}
x[3,2]{6  <1.0>}
x[3,3]{7  <1.0>}
x[3,4]{1  <1.0>}
x[3,5]{0  <1.0>}
x[3,6]{2  <1.0>}
x[3,7]{4  <1.0>}
x[4,0]{7  <1.0>}
x[4,1]{5  <1.0>}
x[4,2]{1  <1.0>}
x[4,3]{4  <1.0>}
x[4,4]{2  <1.0>}
x[4,5]{6  <1.0>}
x[4,6]{0  <1.0>}
x[4,7]{3  <1.0>}
x[5,0]{6  <0.05156585953334063>, 2  <0.9484341404666594>}
x[5,1]{0  <1.0>}
x[5,2]{3  <1.0>}
x[5,3]{6  <0.051565859533340655>, 1  <0.9484341404666594>}
x[5,4]{5  <1.0>}
x[5,5]{4  <1.0>}
x[5,6]{7  <1.0>}
x[5,7]{6  <0.8969563013348306>, 1  <0.051521849332584684>, 2  <0.0515218493325847>}
x[6,0]{0  <0.0515218493325847>, 6  <0.8969563013348306>, 2  <0.051521849332584684>}
x[6,1]{1  <1.0>}
x[6,2]{7  <1.0>}
x[6,3]{0  <0.9484341404666593>, 6  <0.05156585953334068>}
x[6,4]{4  <1.0>}
x[6,5]{5  <1.0>}
x[6,6]{3  <1.0>}
x[6,7]{6  <0.05156585953334063>, 2  <0.9484341404666594>}
x[7,0]{4  <1.0>}
x[7,1]{7  <1.0>}
x[7,2]{2  <1.0>}
x[7,3]{3  <1.0>}
x[7,4]{0  <1.0>}
x[7,5]{1  <1.0>}
x[7,6]{6  <1.0>}
x[7,7]{5  <1.0>}
problem entropy = 0.31766035322915614
smallest variable entropy = 0.20310026286212648
### branching on x[6,3]=0; marginal=0.9484341404666593; regret=0.8968682809333186; nb of ties=6
##### after BP iteration 1 #####
x[0,0]{0  <1.0>}
x[0,1]{2  <1.0>}
x[0,2]{4  <1.0>}
x[0,3]{6  <0.9480265774473918>, 1  <0.05197342255260826>}
x[0,4]{3  <1.0>}
x[0,5]{7  <1.0>}
x[0,6]{5  <1.0>}
x[0,7]{6  <0.05198428649138431>, 1  <0.9480157135086157>}
x[1,0]{3  <1.0>}
x[1,1]{4  <1.0>}
x[1,2]{0  <1.0>}
x[1,3]{5  <1.0>}
x[1,4]{6  <1.0>}
x[1,5]{2  <1.0>}
x[1,6]{1  <1.0>}
x[1,7]{7  <1.0>}
x[2,0]{1  <1.0>}
x[2,1]{6  <1.0>}
x[2,2]{5  <1.0>}
x[2,3]{2  <1.0>}
x[2,4]{7  <1.0>}
x[2,5]{3  <1.0>}
x[2,6]{4  <1.0>}
x[2,7]{0  <1.0>}
x[3,0]{5  <1.0>}
x[3,1]{3  <1.0>}
x[3,2]{6  <1.0>}
x[3,3]{7  <1.0>}
x[3,4]{1  <1.0>}
x[3,5]{0  <1.0>}
x[3,6]{2  <1.0>}
x[3,7]{4  <1.0>}
x[4,0]{7  <1.0>}
x[4,1]{5  <1.0>}
x[4,2]{1  <1.0>}
x[4,3]{4  <1.0>}
x[4,4]{2  <1.0>}
x[4,5]{6  <1.0>}
x[4,6]{0  <1.0>}
x[4,7]{3  <1.0>}
x[5,0]{6  <0.05198428649138432>, 2  <0.9480157135086157>}
x[5,1]{0  <1.0>}
x[5,2]{3  <1.0>}
x[5,3]{6  <0.05198428649138431>, 1  <0.9480157135086157>}
x[5,4]{5  <1.0>}
x[5,5]{4  <1.0>}
x[5,6]{7  <1.0>}
x[5,7]{6  <0.9011887155352366>, 1  <0.04940564223238171>, 2  <0.049405642232381676>}
x[6,0]{2  <0.051973422552608214>, 6  <0.9480265774473918>}
x[6,1]{1  <1.0>}
x[6,2]{7  <1.0>}
x[6,3]{0  <1.0>}
x[6,4]{4  <1.0>}
x[6,5]{5  <1.0>}
x[6,6]{3  <1.0>}
x[6,7]{6  <0.05198428649138432>, 2  <0.9480157135086157>}
x[7,0]{4  <1.0>}
x[7,1]{7  <1.0>}
x[7,2]{2  <1.0>}
x[7,3]{3  <1.0>}
x[7,4]{0  <1.0>}
x[7,5]{1  <1.0>}
x[7,6]{6  <1.0>}
x[7,7]{5  <1.0>}
problem entropy = 0.30348180744202363
smallest variable entropy = 0.20428537303837954
##### after BP iteration 2 #####
x[0,0]{0  <1.0>}
x[0,1]{2  <1.0>}
x[0,2]{4  <1.0>}
x[0,3]{6  <0.9502386879517404>, 1  <0.04976131204825962>}
x[0,4]{3  <1.0>}
x[0,5]{7  <1.0>}
x[0,6]{5  <1.0>}
x[0,7]{6  <0.049729088565509644>, 1  <0.9502709114344904>}
x[1,0]{3  <1.0>}
x[1,1]{4  <1.0>}
x[1,2]{0  <1.0>}
x[1,3]{5  <1.0>}
x[1,4]{6  <1.0>}
x[1,5]{2  <1.0>}
x[1,6]{1  <1.0>}
x[1,7]{7  <1.0>}
x[2,0]{1  <1.0>}
x[2,1]{6  <1.0>}
x[2,2]{5  <1.0>}
x[2,3]{2  <1.0>}
x[2,4]{7  <1.0>}
x[2,5]{3  <1.0>}
x[2,6]{4  <1.0>}
x[2,7]{0  <1.0>}
x[3,0]{5  <1.0>}
x[3,1]{3  <1.0>}
x[3,2]{6  <1.0>}
x[3,3]{7  <1.0>}
x[3,4]{1  <1.0>}
x[3,5]{0  <1.0>}
x[3,6]{2  <1.0>}
x[3,7]{4  <1.0>}
x[4,0]{7  <1.0>}
x[4,1]{5  <1.0>}
x[4,2]{1  <1.0>}
x[4,3]{4  <1.0>}
x[4,4]{2  <1.0>}
x[4,5]{6  <1.0>}
x[4,6]{0  <1.0>}
x[4,7]{3  <1.0>}
x[5,0]{6  <0.0497290885655096>, 2  <0.9502709114344904>}
x[5,1]{0  <1.0>}
x[5,2]{3  <1.0>}
x[5,3]{6  <0.049729088565509644>, 1  <0.9502709114344904>}
x[5,4]{5  <1.0>}
x[5,5]{4  <1.0>}
x[5,6]{7  <1.0>}
x[5,7]{6  <0.8969870337229798>, 1  <0.05150648313851007>, 2  <0.05150648313851007>}
x[6,0]{2  <0.04976131204825963>, 6  <0.9502386879517404>}
x[6,1]{1  <1.0>}
x[6,2]{7  <1.0>}
x[6,3]{0  <1.0>}
x[6,4]{4  <1.0>}
x[6,5]{5  <1.0>}
x[6,6]{3  <1.0>}
x[6,7]{6  <0.0497290885655096>, 2  <0.9502709114344904>}
x[7,0]{4  <1.0>}
x[7,1]{7  <1.0>}
x[7,2]{2  <1.0>}
x[7,3]{3  <1.0>}
x[7,4]{0  <1.0>}
x[7,5]{1  <1.0>}
x[7,6]{6  <1.0>}
x[7,7]{5  <1.0>}
problem entropy = 0.2969460123892046
smallest variable entropy = 0.19771678727484118
##### after BP iteration 3 #####
x[0,0]{0  <1.0>}
x[0,1]{2  <1.0>}
x[0,2]{4  <1.0>}
x[0,3]{6  <0.9524163065557809>, 1  <0.04758369344421912>}
x[0,4]{3  <1.0>}
x[0,5]{7  <1.0>}
x[0,6]{5  <1.0>}
x[0,7]{6  <0.049408191311629934>, 1  <0.95059180868837>}
x[1,0]{3  <1.0>}
x[1,1]{4  <1.0>}
x[1,2]{0  <1.0>}
x[1,3]{5  <1.0>}
x[1,4]{6  <1.0>}
x[1,5]{2  <1.0>}
x[1,6]{1  <1.0>}
x[1,7]{7  <1.0>}
x[2,0]{1  <1.0>}
x[2,1]{6  <1.0>}
x[2,2]{5  <1.0>}
x[2,3]{2  <1.0>}
x[2,4]{7  <1.0>}
x[2,5]{3  <1.0>}
x[2,6]{4  <1.0>}
x[2,7]{0  <1.0>}
x[3,0]{5  <1.0>}
x[3,1]{3  <1.0>}
x[3,2]{6  <1.0>}
x[3,3]{7  <1.0>}
x[3,4]{1  <1.0>}
x[3,5]{0  <1.0>}
x[3,6]{2  <1.0>}
x[3,7]{4  <1.0>}
x[4,0]{7  <1.0>}
x[4,1]{5  <1.0>}
x[4,2]{1  <1.0>}
x[4,3]{4  <1.0>}
x[4,4]{2  <1.0>}
x[4,5]{6  <1.0>}
x[4,6]{0  <1.0>}
x[4,7]{3  <1.0>}
x[5,0]{6  <0.04940819131162992>, 2  <0.95059180868837>}
x[5,1]{0  <1.0>}
x[5,2]{3  <1.0>}
x[5,3]{6  <0.049408191311629934>, 1  <0.95059180868837>}
x[5,4]{5  <1.0>}
x[5,5]{4  <1.0>}
x[5,6]{7  <1.0>}
x[5,7]{6  <0.8999382182141866>, 1  <0.0500308908929067>, 2  <0.05003089089290667>}
x[6,0]{2  <0.047583693444219116>, 6  <0.9524163065557809>}
x[6,1]{1  <1.0>}
x[6,2]{7  <1.0>}
x[6,3]{0  <1.0>}
x[6,4]{4  <1.0>}
x[6,5]{5  <1.0>}
x[6,6]{3  <1.0>}
x[6,7]{6  <0.04940819131162992>, 2  <0.95059180868837>}
x[7,0]{4  <1.0>}
x[7,1]{7  <1.0>}
x[7,2]{2  <1.0>}
x[7,3]{3  <1.0>}
x[7,4]{0  <1.0>}
x[7,5]{1  <1.0>}
x[7,6]{6  <1.0>}
x[7,7]{5  <1.0>}
problem entropy = 0.2923935178054678
smallest variable entropy = 0.19133815653159522
##### after BP iteration 4 #####
x[0,0]{0  <1.0>}
x[0,1]{2  <1.0>}
x[0,2]{4  <1.0>}
x[0,3]{6  <0.9514871909873603>, 1  <0.04851280901263969>}
x[0,4]{3  <1.0>}
x[0,5]{7  <1.0>}
x[0,6]{5  <1.0>}
x[0,7]{6  <0.047880258602228255>, 1  <0.9521197413977717>}
x[1,0]{3  <1.0>}
x[1,1]{4  <1.0>}
x[1,2]{0  <1.0>}
x[1,3]{5  <1.0>}
x[1,4]{6  <1.0>}
x[1,5]{2  <1.0>}
x[1,6]{1  <1.0>}
x[1,7]{7  <1.0>}
x[2,0]{1  <1.0>}
x[2,1]{6  <1.0>}
x[2,2]{5  <1.0>}
x[2,3]{2  <1.0>}
x[2,4]{7  <1.0>}
x[2,5]{3  <1.0>}
x[2,6]{4  <1.0>}
x[2,7]{0  <1.0>}
x[3,0]{5  <1.0>}
x[3,1]{3  <1.0>}
x[3,2]{6  <1.0>}
x[3,3]{7  <1.0>}
x[3,4]{1  <1.0>}
x[3,5]{0  <1.0>}
x[3,6]{2  <1.0>}
x[3,7]{4  <1.0>}
x[4,0]{7  <1.0>}
x[4,1]{5  <1.0>}
x[4,2]{1  <1.0>}
x[4,3]{4  <1.0>}
x[4,4]{2  <1.0>}
x[4,5]{6  <1.0>}
x[4,6]{0  <1.0>}
x[4,7]{3  <1.0>}
x[5,0]{6  <0.04788025860222824>, 2  <0.9521197413977718>}
x[5,1]{0  <1.0>}
x[5,2]{3  <1.0>}
x[5,3]{6  <0.047880258602228255>, 1  <0.9521197413977717>}
x[5,4]{5  <1.0>}
x[5,5]{4  <1.0>}
x[5,6]{7  <1.0>}
x[5,7]{6  <0.9038162765676451>, 1  <0.04809186171617744>, 2  <0.0480918617161774>}
x[6,0]{2  <0.04851280901263967>, 6  <0.9514871909873603>}
x[6,1]{1  <1.0>}
x[6,2]{7  <1.0>}
x[6,3]{0  <1.0>}
x[6,4]{4  <1.0>}
x[6,5]{5  <1.0>}
x[6,6]{3  <1.0>}
x[6,7]{6  <0.04788025860222824>, 2  <0.9521197413977718>}
x[7,0]{4  <1.0>}
x[7,1]{7  <1.0>}
x[7,2]{2  <1.0>}
x[7,3]{3  <1.0>}
x[7,4]{0  <1.0>}
x[7,5]{1  <1.0>}
x[7,6]{6  <1.0>}
x[7,7]{5  <1.0>}
problem entropy = 0.28832366464549747
smallest variable entropy = 0.1922258491846181
##### after BP iteration 5 #####
x[0,0]{0  <1.0>}
x[0,1]{2  <1.0>}
x[0,2]{4  <1.0>}
x[0,3]{6  <0.9520956392693097>, 1  <0.04790436073069025>}
x[0,4]{3  <1.0>}
x[0,5]{7  <1.0>}
x[0,6]{5  <1.0>}
x[0,7]{6  <0.04728996321909271>, 1  <0.9527100367809073>}
x[1,0]{3  <1.0>}
x[1,1]{4  <1.0>}
x[1,2]{0  <1.0>}
x[1,3]{5  <1.0>}
x[1,4]{6  <1.0>}
x[1,5]{2  <1.0>}
x[1,6]{1  <1.0>}
x[1,7]{7  <1.0>}
x[2,0]{1  <1.0>}
x[2,1]{6  <1.0>}
x[2,2]{5  <1.0>}
x[2,3]{2  <1.0>}
x[2,4]{7  <1.0>}
x[2,5]{3  <1.0>}
x[2,6]{4  <1.0>}
x[2,7]{0  <1.0>}
x[3,0]{5  <1.0>}
x[3,1]{3  <1.0>}
x[3,2]{6  <1.0>}
x[3,3]{7  <1.0>}
x[3,4]{1  <1.0>}
x[3,5]{0  <1.0>}
x[3,6]{2  <1.0>}
x[3,7]{4  <1.0>}
x[4,0]{7  <1.0>}
x[4,1]{5  <1.0>}
x[4,2]{1  <1.0>}
x[4,3]{4  <1.0>}
x[4,4]{2  <1.0>}
x[4,5]{6  <1.0>}
x[4,6]{0  <1.0>}
x[4,7]{3  <1.0>}
x[5,0]{6  <0.04728996321909268>, 2  <0.9527100367809073>}
x[5,1]{0  <1.0>}
x[5,2]{3  <1.0>}
x[5,3]{6  <0.04728996321909271>, 1  <0.9527100367809073>}
x[5,4]{5  <1.0>}
x[5,5]{4  <1.0>}
x[5,6]{7  <1.0>}
x[5,7]{6  <0.9077749080053797>, 1  <0.04611254599731008>, 2  <0.04611254599731006>}
x[6,0]{2  <0.047904360730690196>, 6  <0.9520956392693097>}
x[6,1]{1  <1.0>}
x[6,2]{7  <1.0>}
x[6,3]{0  <1.0>}
x[6,4]{4  <1.0>}
x[6,5]{5  <1.0>}
x[6,6]{3  <1.0>}
x[6,7]{6  <0.04728996321909268>, 2  <0.9527100367809073>}
x[7,0]{4  <1.0>}
x[7,1]{7  <1.0>}
x[7,2]{2  <1.0>}
x[7,3]{3  <1.0>}
x[7,4]{0  <1.0>}
x[7,5]{1  <1.0>}
x[7,6]{6  <1.0>}
x[7,7]{5  <1.0>}
problem entropy = 0.2845954514390713
smallest variable entropy = 0.19045703660868435
##### after BP iteration 6 #####
x[0,0]{0  <1.0>}
x[0,1]{2  <1.0>}
x[0,2]{4  <1.0>}
x[0,3]{6  <0.953567795850401>, 1  <0.046432204149598984>}
x[0,4]{3  <1.0>}
x[0,5]{7  <1.0>}
x[0,6]{5  <1.0>}
x[0,7]{6  <0.046107693563712006>, 1  <0.953892306436288>}
x[1,0]{3  <1.0>}
x[1,1]{4  <1.0>}
x[1,2]{0  <1.0>}
x[1,3]{5  <1.0>}
x[1,4]{6  <1.0>}
x[1,5]{2  <1.0>}
x[1,6]{1  <1.0>}
x[1,7]{7  <1.0>}
x[2,0]{1  <1.0>}
x[2,1]{6  <1.0>}
x[2,2]{5  <1.0>}
x[2,3]{2  <1.0>}
x[2,4]{7  <1.0>}
x[2,5]{3  <1.0>}
x[2,6]{4  <1.0>}
x[2,7]{0  <1.0>}
x[3,0]{5  <1.0>}
x[3,1]{3  <1.0>}
x[3,2]{6  <1.0>}
x[3,3]{7  <1.0>}
x[3,4]{1  <1.0>}
x[3,5]{0  <1.0>}
x[3,6]{2  <1.0>}
x[3,7]{4  <1.0>}
x[4,0]{7  <1.0>}
x[4,1]{5  <1.0>}
x[4,2]{1  <1.0>}
x[4,3]{4  <1.0>}
x[4,4]{2  <1.0>}
x[4,5]{6  <1.0>}
x[4,6]{0  <1.0>}
x[4,7]{3  <1.0>}
x[5,0]{6  <0.046107693563711964>, 2  <0.9538923064362881>}
x[5,1]{0  <1.0>}
x[5,2]{3  <1.0>}
x[5,3]{6  <0.046107693563712006>, 1  <0.953892306436288>}
x[5,4]{5  <1.0>}
x[5,5]{4  <1.0>}
x[5,6]{7  <1.0>}
x[5,7]{6  <0.9076381704261844>, 1  <0.046180914786907785>, 2  <0.046180914786907785>}
x[6,0]{2  <0.04643220414959897>, 6  <0.953567795850401>}
x[6,1]{1  <1.0>}
x[6,2]{7  <1.0>}
x[6,3]{0  <1.0>}
x[6,4]{4  <1.0>}
x[6,5]{5  <1.0>}
x[6,6]{3  <1.0>}
x[6,7]{6  <0.046107693563711964>, 2  <0.9538923064362881>}
x[7,0]{4  <1.0>}
x[7,1]{7  <1.0>}
x[7,2]{2  <1.0>}
x[7,3]{3  <1.0>}
x[7,4]{0  <1.0>}
x[7,5]{1  <1.0>}
x[7,6]{6  <1.0>}
x[7,7]{5  <1.0>}
problem entropy = 0.27988465908660276
smallest variable entropy = 0.1868910294213168
##### after BP iteration 7 #####
x[0,0]{0  <1.0>}
x[0,1]{2  <1.0>}
x[0,2]{4  <1.0>}
x[0,3]{6  <0.9553821631675213>, 1  <0.044617836832478636>}
x[0,4]{3  <1.0>}
x[0,5]{7  <1.0>}
x[0,6]{5  <1.0>}
x[0,7]{6  <0.045363449987332334>, 1  <0.9546365500126677>}
x[1,0]{3  <1.0>}
x[1,1]{4  <1.0>}
x[1,2]{0  <1.0>}
x[1,3]{5  <1.0>}
x[1,4]{6  <1.0>}
x[1,5]{2  <1.0>}
x[1,6]{1  <1.0>}
x[1,7]{7  <1.0>}
x[2,0]{1  <1.0>}
x[2,1]{6  <1.0>}
x[2,2]{5  <1.0>}
x[2,3]{2  <1.0>}
x[2,4]{7  <1.0>}
x[2,5]{3  <1.0>}
x[2,6]{4  <1.0>}
x[2,7]{0  <1.0>}
x[3,0]{5  <1.0>}
x[3,1]{3  <1.0>}
x[3,2]{6  <1.0>}
x[3,3]{7  <1.0>}
x[3,4]{1  <1.0>}
x[3,5]{0  <1.0>}
x[3,6]{2  <1.0>}
x[3,7]{4  <1.0>}
x[4,0]{7  <1.0>}
x[4,1]{5  <1.0>}
x[4,2]{1  <1.0>}
x[4,3]{4  <1.0>}
x[4,4]{2  <1.0>}
x[4,5]{6  <1.0>}
x[4,6]{0  <1.0>}
x[4,7]{3  <1.0>}
x[5,0]{6  <0.04536344998733231>, 2  <0.9546365500126677>}
x[5,1]{0  <1.0>}
x[5,2]{3  <1.0>}
x[5,3]{6  <0.045363449987332334>, 1  <0.9546365500126677>}
x[5,4]{5  <1.0>}
x[5,5]{4  <1.0>}
x[5,6]{7  <1.0>}
x[5,7]{6  <0.9083096840420695>, 1  <0.04584515797896521>, 2  <0.04584515797896516>}
x[6,0]{2  <0.044617836832478636>, 6  <0.9553821631675213>}
x[6,1]{1  <1.0>}
x[6,2]{7  <1.0>}
x[6,3]{0  <1.0>}
x[6,4]{4  <1.0>}
x[6,5]{5  <1.0>}
x[6,6]{3  <1.0>}
x[6,7]{6  <0.04536344998733231>, 2  <0.9546365500126677>}
x[7,0]{4  <1.0>}
x[7,1]{7  <1.0>}
x[7,2]{2  <1.0>}
x[7,3]{3  <1.0>}
x[7,4]{0  <1.0>}
x[7,5]{1  <1.0>}
x[7,6]{6  <1.0>}
x[7,7]{5  <1.0>}
problem entropy = 0.27548445607048927
smallest variable entropy = 0.18235190580600102
##### after BP iteration 8 #####
x[0,0]{0  <1.0>}
x[0,1]{2  <1.0>}
x[0,2]{4  <1.0>}
x[0,3]{6  <0.9558237644985272>, 1  <0.04417623550147274>}
x[0,4]{3  <1.0>}
x[0,5]{7  <1.0>}
x[0,6]{5  <1.0>}
x[0,7]{6  <0.044379780704656036>, 1  <0.955620219295344>}
x[1,0]{3  <1.0>}
x[1,1]{4  <1.0>}
x[1,2]{0  <1.0>}
x[1,3]{5  <1.0>}
x[1,4]{6  <1.0>}
x[1,5]{2  <1.0>}
x[1,6]{1  <1.0>}
x[1,7]{7  <1.0>}
x[2,0]{1  <1.0>}
x[2,1]{6  <1.0>}
x[2,2]{5  <1.0>}
x[2,3]{2  <1.0>}
x[2,4]{7  <1.0>}
x[2,5]{3  <1.0>}
x[2,6]{4  <1.0>}
x[2,7]{0  <1.0>}
x[3,0]{5  <1.0>}
x[3,1]{3  <1.0>}
x[3,2]{6  <1.0>}
x[3,3]{7  <1.0>}
x[3,4]{1  <1.0>}
x[3,5]{0  <1.0>}
x[3,6]{2  <1.0>}
x[3,7]{4  <1.0>}
x[4,0]{7  <1.0>}
x[4,1]{5  <1.0>}
x[4,2]{1  <1.0>}
x[4,3]{4  <1.0>}
x[4,4]{2  <1.0>}
x[4,5]{6  <1.0>}
x[4,6]{0  <1.0>}
x[4,7]{3  <1.0>}
x[5,0]{6  <0.04437978070465601>, 2  <0.955620219295344>}
x[5,1]{0  <1.0>}
x[5,2]{3  <1.0>}
x[5,3]{6  <0.044379780704656036>, 1  <0.955620219295344>}
x[5,4]{5  <1.0>}
x[5,5]{4  <1.0>}
x[5,6]{7  <1.0>}
x[5,7]{6  <0.9104587190393882>, 1  <0.044770640480306004>, 2  <0.04477064048030598>}
x[6,0]{2  <0.04417623550147272>, 6  <0.9558237644985274>}
x[6,1]{1  <1.0>}
x[6,2]{7  <1.0>}
x[6,3]{0  <1.0>}
x[6,4]{4  <1.0>}
x[6,5]{5  <1.0>}
x[6,6]{3  <1.0>}
x[6,7]{6  <0.04437978070465601>, 2  <0.955620219295344>}
x[7,0]{4  <1.0>}
x[7,1]{7  <1.0>}
x[7,2]{2  <1.0>}
x[7,3]{3  <1.0>}
x[7,4]{0  <1.0>}
x[7,5]{1  <1.0>}
x[7,6]{6  <1.0>}
x[7,7]{5  <1.0>}
problem entropy = 0.27160774556543116
smallest variable entropy = 0.1809965545195072
##### after BP iteration 9 #####
x[0,0]{0  <1.0>}
x[0,1]{2  <1.0>}
x[0,2]{4  <1.0>}
x[0,3]{6  <0.9561055881554831>, 1  <0.04389441184451695>}
x[0,4]{3  <1.0>}
x[0,5]{7  <1.0>}
x[0,6]{5  <1.0>}
x[0,7]{6  <0.04363690729136167>, 1  <0.9563630927086384>}
x[1,0]{3  <1.0>}
x[1,1]{4  <1.0>}
x[1,2]{0  <1.0>}
x[1,3]{5  <1.0>}
x[1,4]{6  <1.0>}
x[1,5]{2  <1.0>}
x[1,6]{1  <1.0>}
x[1,7]{7  <1.0>}
x[2,0]{1  <1.0>}
x[2,1]{6  <1.0>}
x[2,2]{5  <1.0>}
x[2,3]{2  <1.0>}
x[2,4]{7  <1.0>}
x[2,5]{3  <1.0>}
x[2,6]{4  <1.0>}
x[2,7]{0  <1.0>}
x[3,0]{5  <1.0>}
x[3,1]{3  <1.0>}
x[3,2]{6  <1.0>}
x[3,3]{7  <1.0>}
x[3,4]{1  <1.0>}
x[3,5]{0  <1.0>}
x[3,6]{2  <1.0>}
x[3,7]{4  <1.0>}
x[4,0]{7  <1.0>}
x[4,1]{5  <1.0>}
x[4,2]{1  <1.0>}
x[4,3]{4  <1.0>}
x[4,4]{2  <1.0>}
x[4,5]{6  <1.0>}
x[4,6]{0  <1.0>}
x[4,7]{3  <1.0>}
x[5,0]{6  <0.043636907291361625>, 2  <0.9563630927086384>}
x[5,1]{0  <1.0>}
x[5,2]{3  <1.0>}
x[5,3]{6  <0.04363690729136167>, 1  <0.9563630927086384>}
x[5,4]{5  <1.0>}
x[5,5]{4  <1.0>}
x[5,6]{7  <1.0>}
x[5,7]{6  <0.9134911697137491>, 1  <0.043254415143125426>, 2  <0.04325441514312538>}
x[6,0]{2  <0.04389441184451691>, 6  <0.9561055881554831>}
x[6,1]{1  <1.0>}
x[6,2]{7  <1.0>}
x[6,3]{0  <1.0>}
x[6,4]{4  <1.0>}
x[6,5]{5  <1.0>}
x[6,6]{3  <1.0>}
x[6,7]{6  <0.043636907291361625>, 2  <0.9563630927086384>}
x[7,0]{4  <1.0>}
x[7,1]{7  <1.0>}
x[7,2]{2  <1.0>}
x[7,3]{3  <1.0>}
x[7,4]{0  <1.0>}
x[7,5]{1  <1.0>}
x[7,6]{6  <1.0>}
x[7,7]{5  <1.0>}
problem entropy = 0.2681696784154756
smallest variable entropy = 0.17933499329610658
##### after BP iteration 10 #####
x[0,0]{0  <1.0>}
x[0,1]{2  <1.0>}
x[0,2]{4  <1.0>}
x[0,3]{6  <0.956870408842975>, 1  <0.04312959115702491>}
x[0,4]{3  <1.0>}
x[0,5]{7  <1.0>}
x[0,6]{5  <1.0>}
x[0,7]{6  <0.04278802351553495>, 1  <0.9572119764844651>}
x[1,0]{3  <1.0>}
x[1,1]{4  <1.0>}
x[1,2]{0  <1.0>}
x[1,3]{5  <1.0>}
x[1,4]{6  <1.0>}
x[1,5]{2  <1.0>}
x[1,6]{1  <1.0>}
x[1,7]{7  <1.0>}
x[2,0]{1  <1.0>}
x[2,1]{6  <1.0>}
x[2,2]{5  <1.0>}
x[2,3]{2  <1.0>}
x[2,4]{7  <1.0>}
x[2,5]{3  <1.0>}
x[2,6]{4  <1.0>}
x[2,7]{0  <1.0>}
x[3,0]{5  <1.0>}
x[3,1]{3  <1.0>}
x[3,2]{6  <1.0>}
x[3,3]{7  <1.0>}
x[3,4]{1  <1.0>}
x[3,5]{0  <1.0>}
x[3,6]{2  <1.0>}
x[3,7]{4  <1.0>}
x[4,0]{7  <1.0>}
x[4,1]{5  <1.0>}
x[4,2]{1  <1.0>}
x[4,3]{4  <1.0>}
x[4,4]{2  <1.0>}
x[4,5]{6  <1.0>}
x[4,6]{0  <1.0>}
x[4,7]{3  <1.0>}
x[5,0]{6  <0.04278802351553493>, 2  <0.9572119764844651>}
x[5,1]{0  <1.0>}
x[5,2]{3  <1.0>}
x[5,3]{6  <0.04278802351553495>, 1  <0.9572119764844651>}
x[5,4]{5  <1.0>}
x[5,5]{4  <1.0>}
x[5,6]{7  <1.0>}
x[5,7]{6  <0.914929109074626>, 1  <0.04253544546268702>, 2  <0.04253544546268695>}
x[6,0]{2  <0.04312959115702488>, 6  <0.956870408842975>}
x[6,1]{1  <1.0>}
x[6,2]{7  <1.0>}
x[6,3]{0  <1.0>}
x[6,4]{4  <1.0>}
x[6,5]{5  <1.0>}
x[6,6]{3  <1.0>}
x[6,7]{6  <0.04278802351553493>, 2  <0.9572119764844651>}
x[7,0]{4  <1.0>}
x[7,1]{7  <1.0>}
x[7,2]{2  <1.0>}
x[7,3]{3  <1.0>}
x[7,4]{0  <1.0>}
x[7,5]{1  <1.0>}
x[7,6]{6  <1.0>}
x[7,7]{5  <1.0>}
problem entropy = 0.2644557567445103
smallest variable entropy = 0.17670560262756838
### branching on x[5,0]=2; marginal=0.9572119764844651; regret=0.9144239529689302; nb of ties=6
##### after BP iteration 1 #####
x[0,0]{0  <1.0>}
x[0,1]{2  <1.0>}
x[0,2]{4  <1.0>}
x[0,3]{6  <0.9581280723825736>, 1  <0.0418719276174263>}
x[0,4]{3  <1.0>}
x[0,5]{7  <1.0>}
x[0,6]{5  <1.0>}
x[0,7]{6  <0.043902570783430996>, 1  <0.956097429216569>}
x[1,0]{3  <1.0>}
x[1,1]{4  <1.0>}
x[1,2]{0  <1.0>}
x[1,3]{5  <1.0>}
x[1,4]{6  <1.0>}
x[1,5]{2  <1.0>}
x[1,6]{1  <1.0>}
x[1,7]{7  <1.0>}
x[2,0]{1  <1.0>}
x[2,1]{6  <1.0>}
x[2,2]{5  <1.0>}
x[2,3]{2  <1.0>}
x[2,4]{7  <1.0>}
x[2,5]{3  <1.0>}
x[2,6]{4  <1.0>}
x[2,7]{0  <1.0>}
x[3,0]{5  <1.0>}
x[3,1]{3  <1.0>}
x[3,2]{6  <1.0>}
x[3,3]{7  <1.0>}
x[3,4]{1  <1.0>}
x[3,5]{0  <1.0>}
x[3,6]{2  <1.0>}
x[3,7]{4  <1.0>}
x[4,0]{7  <1.0>}
x[4,1]{5  <1.0>}
x[4,2]{1  <1.0>}
x[4,3]{4  <1.0>}
x[4,4]{2  <1.0>}
x[4,5]{6  <1.0>}
x[4,6]{0  <1.0>}
x[4,7]{3  <1.0>}
x[5,0]{2  <1.0>}
x[5,1]{0  <1.0>}
x[5,2]{3  <1.0>}
x[5,3]{6  <0.043902570783430996>, 1  <0.956097429216569>}
x[5,4]{5  <1.0>}
x[5,5]{4  <1.0>}
x[5,6]{7  <1.0>}
x[5,7]{6  <0.9559761879767037>, 1  <0.04402381202329623>}
x[6,0]{6  <1.0>}
x[6,1]{1  <1.0>}
x[6,2]{7  <1.0>}
x[6,3]{0  <1.0>}
x[6,4]{4  <1.0>}
x[6,5]{5  <1.0>}
x[6,6]{3  <1.0>}
x[6,7]{2  <1.0>}
x[7,0]{4  <1.0>}
x[7,1]{7  <1.0>}
x[7,2]{2  <1.0>}
x[7,3]{3  <1.0>}
x[7,4]{0  <1.0>}
x[7,5]{1  <1.0>}
x[7,6]{6  <1.0>}
x[7,7]{5  <1.0>}
problem entropy = 0.2577679728774052
smallest variable entropy = 0.173848274533008
##### after BP iteration 2 #####
x[0,0]{0  <1.0>}
x[0,1]{2  <1.0>}
x[0,2]{4  <1.0>}
x[0,3]{6  <0.9558481535206403>, 1  <0.044151846479359706>}
x[0,4]{3  <1.0>}
x[0,5]{7  <1.0>}
x[0,6]{5  <1.0>}
x[0,7]{6  <0.04307938398120449>, 1  <0.9569206160187955>}
x[1,0]{3  <1.0>}
x[1,1]{4  <1.0>}
x[1,2]{0  <1.0>}
x[1,3]{5  <1.0>}
x[1,4]{6  <1.0>}
x[1,5]{2  <1.0>}
x[1,6]{1  <1.0>}
x[1,7]{7  <1.0>}
x[2,0]{1  <1.0>}
x[2,1]{6  <1.0>}
x[2,2]{5  <1.0>}
x[2,3]{2  <1.0>}
x[2,4]{7  <1.0>}
x[2,5]{3  <1.0>}
x[2,6]{4  <1.0>}
x[2,7]{0  <1.0>}
x[3,0]{5  <1.0>}
x[3,1]{3  <1.0>}
x[3,2]{6  <1.0>}
x[3,3]{7  <1.0>}
x[3,4]{1  <1.0>}
x[3,5]{0  <1.0>}
x[3,6]{2  <1.0>}
x[3,7]{4  <1.0>}
x[4,0]{7  <1.0>}
x[4,1]{5  <1.0>}
x[4,2]{1  <1.0>}
x[4,3]{4  <1.0>}
x[4,4]{2  <1.0>}
x[4,5]{6  <1.0>}
x[4,6]{0  <1.0>}
x[4,7]{3  <1.0>}
x[5,0]{2  <1.0>}
x[5,1]{0  <1.0>}
x[5,2]{3  <1.0>}
x[5,3]{6  <0.04307938398120449>, 1  <0.9569206160187955>}
x[5,4]{5  <1.0>}
x[5,5]{4  <1.0>}
x[5,6]{7  <1.0>}
x[5,7]{6  <0.9566323156825148>, 1  <0.04336768431748516>}
x[6,0]{6  <1.0>}
x[6,1]{1  <1.0>}
x[6,2]{7  <1.0>}
x[6,3]{0  <1.0>}
x[6,4]{4  <1.0>}
x[6,5]{5  <1.0>}
x[6,6]{3  <1.0>}
x[6,7]{2  <1.0>}
x[7,0]{4  <1.0>}
x[7,1]{7  <1.0>}
x[7,2]{2  <1.0>}
x[7,3]{3  <1.0>}
x[7,4]{0  <1.0>}
x[7,5]{1  <1.0>}
x[7,6]{6  <1.0>}
x[7,7]{5  <1.0>}
problem entropy = 0.2577535668966689
smallest variable entropy = 0.1776100488625042
##### after BP iteration 3 #####
x[0,0]{0  <1.0>}
x[0,1]{2  <1.0>}
x[0,2]{4  <1.0>}
x[0,3]{6  <0.9558885928742702>, 1  <0.044111407125729724>}
x[0,4]{3  <1.0>}
x[0,5]{7  <1.0>}
x[0,6]{5  <1.0>}
x[0,7]{6  <0.04365685892745263>, 1  <0.9563431410725474>}
x[1,0]{3  <1.0>}
x[1,1]{4  <1.0>}
x[1,2]{0  <1.0>}
x[1,3]{5  <1.0>}
x[1,4]{6  <1.0>}
x[1,5]{2  <1.0>}
x[1,6]{1  <1.0>}
x[1,7]{7  <1.0>}
x[2,0]{1  <1.0>}
x[2,1]{6  <1.0>}
x[2,2]{5  <1.0>}
x[2,3]{2  <1.0>}
x[2,4]{7  <1.0>}
x[2,5]{3  <1.0>}
x[2,6]{4  <1.0>}
x[2,7]{0  <1.0>}
x[3,0]{5  <1.0>}
x[3,1]{3  <1.0>}
x[3,2]{6  <1.0>}
x[3,3]{7  <1.0>}
x[3,4]{1  <1.0>}
x[3,5]{0  <1.0>}
x[3,6]{2  <1.0>}
x[3,7]{4  <1.0>}
x[4,0]{7  <1.0>}
x[4,1]{5  <1.0>}
x[4,2]{1  <1.0>}
x[4,3]{4  <1.0>}
x[4,4]{2  <1.0>}
x[4,5]{6  <1.0>}
x[4,6]{0  <1.0>}
x[4,7]{3  <1.0>}
x[5,0]{2  <1.0>}
x[5,1]{0  <1.0>}
x[5,2]{3  <1.0>}
x[5,3]{6  <0.04365685892745263>, 1  <0.9563431410725474>}
x[5,4]{5  <1.0>}
x[5,5]{4  <1.0>}
x[5,6]{7  <1.0>}
x[5,7]{6  <0.9577307015109893>, 1  <0.042269298489010836>}
x[6,0]{6  <1.0>}
x[6,1]{1  <1.0>}
x[6,2]{7  <1.0>}
x[6,3]{0  <1.0>}
x[6,4]{4  <1.0>}
x[6,5]{5  <1.0>}
x[6,6]{3  <1.0>}
x[6,7]{2  <1.0>}
x[7,0]{4  <1.0>}
x[7,1]{7  <1.0>}
x[7,2]{2  <1.0>}
x[7,3]{3  <1.0>}
x[7,4]{0  <1.0>}
x[7,5]{1  <1.0>}
x[7,6]{6  <1.0>}
x[7,7]{5  <1.0>}
problem entropy = 0.25776653710715214
smallest variable entropy = 0.17509022870336882
##### after BP iteration 4 #####
x[0,0]{0  <1.0>}
x[0,1]{2  <1.0>}
x[0,2]{4  <1.0>}
x[0,3]{6  <0.9564276155855144>, 1  <0.04357238441448561>}
x[0,4]{3  <1.0>}
x[0,5]{7  <1.0>}
x[0,6]{5  <1.0>}
x[0,7]{6  <0.043252431146643046>, 1  <0.956747568853357>}
x[1,0]{3  <1.0>}
x[1,1]{4  <1.0>}
x[1,2]{0  <1.0>}
x[1,3]{5  <1.0>}
x[1,4]{6  <1.0>}
x[1,5]{2  <1.0>}
x[1,6]{1  <1.0>}
x[1,7]{7  <1.0>}
x[2,0]{1  <1.0>}
x[2,1]{6  <1.0>}
x[2,2]{5  <1.0>}
x[2,3]{2  <1.0>}
x[2,4]{7  <1.0>}
x[2,5]{3  <1.0>}
x[2,6]{4  <1.0>}
x[2,7]{0  <1.0>}
x[3,0]{5  <1.0>}
x[3,1]{3  <1.0>}
x[3,2]{6  <1.0>}
x[3,3]{7  <1.0>}
x[3,4]{1  <1.0>}
x[3,5]{0  <1.0>}
x[3,6]{2  <1.0>}
x[3,7]{4  <1.0>}
x[4,0]{7  <1.0>}
x[4,1]{5  <1.0>}
x[4,2]{1  <1.0>}
x[4,3]{4  <1.0>}
x[4,4]{2  <1.0>}
x[4,5]{6  <1.0>}
x[4,6]{0  <1.0>}
x[4,7]{3  <1.0>}
x[5,0]{2  <1.0>}
x[5,1]{0  <1.0>}
x[5,2]{3  <1.0>}
x[5,3]{6  <0.043252431146643046>, 1  <0.956747568853357>}
x[5,4]{5  <1.0>}
x[5,5]{4  <1.0>}
x[5,6]{7  <1.0>}
x[5,7]{6  <0.956400620647703>, 1  <0.04359937935229693>}
x[6,0]{6  <1.0>}
x[6,1]{1  <1.0>}
x[6,2]{7  <1.0>}
x[6,3]{0  <1.0>}
x[6,4]{4  <1.0>}
x[6,5]{5  <1.0>}
x[6,6]{3  <1.0>}
x[6,7]{2  <1.0>}
x[7,0]{4  <1.0>}
x[7,1]{7  <1.0>}
x[7,2]{2  <1.0>}
x[7,3]{3  <1.0>}
x[7,4]{0  <1.0>}
x[7,5]{1  <1.0>}
x[7,6]{6  <1.0>}
x[7,7]{5  <1.0>}
problem entropy = 0.2577545518664678
smallest variable entropy = 0.17814624929225795
##### after BP iteration 5 #####
x[0,0]{0  <1.0>}
x[0,1]{2  <1.0>}
x[0,2]{4  <1.0>}
x[0,3]{6  <0.9573834536131612>, 1  <0.0426165463868388>}
x[0,4]{3  <1.0>}
x[0,5]{7  <1.0>}
x[0,6]{5  <1.0>}
x[0,7]{6  <0.04353610308044415>, 1  <0.9564638969195559>}
x[1,0]{3  <1.0>}
x[1,1]{4  <1.0>}
x[1,2]{0  <1.0>}
x[1,3]{5  <1.0>}
x[1,4]{6  <1.0>}
x[1,5]{2  <1.0>}
x[1,6]{1  <1.0>}
x[1,7]{7  <1.0>}
x[2,0]{1  <1.0>}
x[2,1]{6  <1.0>}
x[2,2]{5  <1.0>}
x[2,3]{2  <1.0>}
x[2,4]{7  <1.0>}
x[2,5]{3  <1.0>}
x[2,6]{4  <1.0>}
x[2,7]{0  <1.0>}
x[3,0]{5  <1.0>}
x[3,1]{3  <1.0>}
x[3,2]{6  <1.0>}
x[3,3]{7  <1.0>}
x[3,4]{1  <1.0>}
x[3,5]{0  <1.0>}
x[3,6]{2  <1.0>}
x[3,7]{4  <1.0>}
x[4,0]{7  <1.0>}
x[4,1]{5  <1.0>}
x[4,2]{1  <1.0>}
x[4,3]{4  <1.0>}
x[4,4]{2  <1.0>}
x[4,5]{6  <1.0>}
x[4,6]{0  <1.0>}
x[4,7]{3  <1.0>}
x[5,0]{2  <1.0>}
x[5,1]{0  <1.0>}
x[5,2]{3  <1.0>}
x[5,3]{6  <0.04353610308044415>, 1  <0.9564638969195559>}
x[5,4]{5  <1.0>}
x[5,5]{4  <1.0>}
x[5,6]{7  <1.0>}
x[5,7]{6  <0.9560006733083>, 1  <0.043999326691699925>}
x[6,0]{6  <1.0>}
x[6,1]{1  <1.0>}
x[6,2]{7  <1.0>}
x[6,3]{0  <1.0>}
x[6,4]{4  <1.0>}
x[6,5]{5  <1.0>}
x[6,6]{3  <1.0>}
x[6,7]{2  <1.0>}
x[7,0]{4  <1.0>}
x[7,1]{7  <1.0>}
x[7,2]{2  <1.0>}
x[7,3]{3  <1.0>}
x[7,4]{0  <1.0>}
x[7,5]{1  <1.0>}
x[7,6]{6  <1.0>}
x[7,7]{5  <1.0>}
problem entropy = 0.25776342319782736
smallest variable entropy = 0.17617233230540405
##### after BP iteration 6 #####
x[0,0]{0  <1.0>}
x[0,1]{2  <1.0>}
x[0,2]{4  <1.0>}
x[0,3]{6  <0.9566963141242754>, 1  <0.043303685875724716>}
x[0,4]{3  <1.0>}
x[0,5]{7  <1.0>}
x[0,6]{5  <1.0>}
x[0,7]{6  <0.04333795495616133>, 1  <0.9566620450438387>}
x[1,0]{3  <1.0>}
x[1,1]{4  <1.0>}
x[1,2]{0  <1.0>}
x[1,3]{5  <1.0>}
x[1,4]{6  <1.0>}
x[1,5]{2  <1.0>}
x[1,6]{1  <1.0>}
x[1,7]{7  <1.0>}
x[2,0]{1  <1.0>}
x[2,1]{6  <1.0>}
x[2,2]{5  <1.0>}
x[2,3]{2  <1.0>}
x[2,4]{7  <1.0>}
x[2,5]{3  <1.0>}
x[2,6]{4  <1.0>}
x[2,7]{0  <1.0>}
x[3,0]{5  <1.0>}
x[3,1]{3  <1.0>}
x[3,2]{6  <1.0>}
x[3,3]{7  <1.0>}
x[3,4]{1  <1.0>}
x[3,5]{0  <1.0>}
x[3,6]{2  <1.0>}
x[3,7]{4  <1.0>}
x[4,0]{7  <1.0>}
x[4,1]{5  <1.0>}
x[4,2]{1  <1.0>}
x[4,3]{4  <1.0>}
x[4,4]{2  <1.0>}
x[4,5]{6  <1.0>}
x[4,6]{0  <1.0>}
x[4,7]{3  <1.0>}
x[5,0]{2  <1.0>}
x[5,1]{0  <1.0>}
x[5,2]{3  <1.0>}
x[5,3]{6  <0.04333795495616133>, 1  <0.9566620450438387>}
x[5,4]{5  <1.0>}
x[5,5]{4  <1.0>}
x[5,6]{7  <1.0>}
x[5,7]{6  <0.9563004103328971>, 1  <0.04369958966710294>}
x[6,0]{6  <1.0>}
x[6,1]{1  <1.0>}
x[6,2]{7  <1.0>}
x[6,3]{0  <1.0>}
x[6,4]{4  <1.0>}
x[6,5]{5  <1.0>}
x[6,6]{3  <1.0>}
x[6,7]{2  <1.0>}
x[7,0]{4  <1.0>}
x[7,1]{7  <1.0>}
x[7,2]{2  <1.0>}
x[7,3]{3  <1.0>}
x[7,4]{0  <1.0>}
x[7,5]{1  <1.0>}
x[7,6]{6  <1.0>}
x[7,7]{5  <1.0>}
problem entropy = 0.2577574348982653
smallest variable entropy = 0.17830492712074514
##### after BP iteration 7 #####
x[0,0]{0  <1.0>}
x[0,1]{2  <1.0>}
x[0,2]{4  <1.0>}
x[0,3]{6  <0.9561787488879893>, 1  <0.04382125111201069>}
x[0,4]{3  <1.0>}
x[0,5]{7  <1.0>}
x[0,6]{5  <1.0>}
x[0,7]{6  <0.043476765926647044>, 1  <0.956523234073353>}
x[1,0]{3  <1.0>}
x[1,1]{4  <1.0>}
x[1,2]{0  <1.0>}
x[1,3]{5  <1.0>}
x[1,4]{6  <1.0>}
x[1,5]{2  <1.0>}
x[1,6]{1  <1.0>}
x[1,7]{7  <1.0>}
x[2,0]{1  <1.0>}
x[2,1]{6  <1.0>}
x[2,2]{5  <1.0>}
x[2,3]{2  <1.0>}
x[2,4]{7  <1.0>}
x[2,5]{3  <1.0>}
x[2,6]{4  <1.0>}
x[2,7]{0  <1.0>}
x[3,0]{5  <1.0>}
x[3,1]{3  <1.0>}
x[3,2]{6  <1.0>}
x[3,3]{7  <1.0>}
x[3,4]{1  <1.0>}
x[3,5]{0  <1.0>}
x[3,6]{2  <1.0>}
x[3,7]{4  <1.0>}
x[4,0]{7  <1.0>}
x[4,1]{5  <1.0>}
x[4,2]{1  <1.0>}
x[4,3]{4  <1.0>}
x[4,4]{2  <1.0>}
x[4,5]{6  <1.0>}
x[4,6]{0  <1.0>}
x[4,7]{3  <1.0>}
x[5,0]{2  <1.0>}
x[5,1]{0  <1.0>}
x[5,2]{3  <1.0>}
x[5,3]{6  <0.043476765926647044>, 1  <0.956523234073353>}
x[5,4]{5  <1.0>}
x[5,5]{4  <1.0>}
x[5,6]{7  <1.0>}
x[5,7]{6  <0.9570912401170165>, 1  <0.04290875988298347>}
x[6,0]{6  <1.0>}
x[6,1]{1  <1.0>}
x[6,2]{7  <1.0>}
x[6,3]{0  <1.0>}
x[6,4]{4  <1.0>}
x[6,5]{5  <1.0>}
x[6,6]{3  <1.0>}
x[6,7]{2  <1.0>}
x[7,0]{4  <1.0>}
x[7,1]{7  <1.0>}
x[7,2]{2  <1.0>}
x[7,3]{3  <1.0>}
x[7,4]{0  <1.0>}
x[7,5]{1  <1.0>}
x[7,6]{6  <1.0>}
x[7,7]{5  <1.0>}
problem entropy = 0.2577608869065665
smallest variable entropy = 0.1770806452835743
##### after BP iteration 8 #####
x[0,0]{0  <1.0>}
x[0,1]{2  <1.0>}
x[0,2]{4  <1.0>}
x[0,3]{6  <0.9562549958151099>, 1  <0.04374500418489017>}
x[0,4]{3  <1.0>}
x[0,5]{7  <1.0>}
x[0,6]{5  <1.0>}
x[0,7]{6  <0.04338006156189686>, 1  <0.9566199384381031>}
x[1,0]{3  <1.0>}
x[1,1]{4  <1.0>}
x[1,2]{0  <1.0>}
x[1,3]{5  <1.0>}
x[1,4]{6  <1.0>}
x[1,5]{2  <1.0>}
x[1,6]{1  <1.0>}
x[1,7]{7  <1.0>}
x[2,0]{1  <1.0>}
x[2,1]{6  <1.0>}
x[2,2]{5  <1.0>}
x[2,3]{2  <1.0>}
x[2,4]{7  <1.0>}
x[2,5]{3  <1.0>}
x[2,6]{4  <1.0>}
x[2,7]{0  <1.0>}
x[3,0]{5  <1.0>}
x[3,1]{3  <1.0>}
x[3,2]{6  <1.0>}
x[3,3]{7  <1.0>}
x[3,4]{1  <1.0>}
x[3,5]{0  <1.0>}
x[3,6]{2  <1.0>}
x[3,7]{4  <1.0>}
x[4,0]{7  <1.0>}
x[4,1]{5  <1.0>}
x[4,2]{1  <1.0>}
x[4,3]{4  <1.0>}
x[4,4]{2  <1.0>}
x[4,5]{6  <1.0>}
x[4,6]{0  <1.0>}
x[4,7]{3  <1.0>}
x[5,0]{2  <1.0>}
x[5,1]{0  <1.0>}
x[5,2]{3  <1.0>}
x[5,3]{6  <0.04338006156189686>, 1  <0.9566199384381031>}
x[5,4]{5  <1.0>}
x[5,5]{4  <1.0>}
x[5,6]{7  <1.0>}
x[5,7]{6  <0.9568238930950861>, 1  <0.04317610690491387>}
x[6,0]{6  <1.0>}
x[6,1]{1  <1.0>}
x[6,2]{7  <1.0>}
x[6,3]{0  <1.0>}
x[6,4]{4  <1.0>}
x[6,5]{5  <1.0>}
x[6,6]{3  <1.0>}
x[6,7]{2  <1.0>}
x[7,0]{4  <1.0>}
x[7,1]{7  <1.0>}
x[7,2]{2  <1.0>}
x[7,3]{3  <1.0>}
x[7,4]{0  <1.0>}
x[7,5]{1  <1.0>}
x[7,6]{6  <1.0>}
x[7,7]{5  <1.0>}
problem entropy = 0.2577594458803233
smallest variable entropy = 0.1779098419099009
##### after BP iteration 9 #####
x[0,0]{0  <1.0>}
x[0,1]{2  <1.0>}
x[0,2]{4  <1.0>}
x[0,3]{6  <0.95686187780928>, 1  <0.04313812219071987>}
x[0,4]{3  <1.0>}
x[0,5]{7  <1.0>}
x[0,6]{5  <1.0>}
x[0,7]{6  <0.04344772260761276>, 1  <0.9565522773923872>}
x[1,0]{3  <1.0>}
x[1,1]{4  <1.0>}
x[1,2]{0  <1.0>}
x[1,3]{5  <1.0>}
x[1,4]{6  <1.0>}
x[1,5]{2  <1.0>}
x[1,6]{1  <1.0>}
x[1,7]{7  <1.0>}
x[2,0]{1  <1.0>}
x[2,1]{6  <1.0>}
x[2,2]{5  <1.0>}
x[2,3]{2  <1.0>}
x[2,4]{7  <1.0>}
x[2,5]{3  <1.0>}
x[2,6]{4  <1.0>}
x[2,7]{0  <1.0>}
x[3,0]{5  <1.0>}
x[3,1]{3  <1.0>}
x[3,2]{6  <1.0>}
x[3,3]{7  <1.0>}
x[3,4]{1  <1.0>}
x[3,5]{0  <1.0>}
x[3,6]{2  <1.0>}
x[3,7]{4  <1.0>}
x[4,0]{7  <1.0>}
x[4,1]{5  <1.0>}
x[4,2]{1  <1.0>}
x[4,3]{4  <1.0>}
x[4,4]{2  <1.0>}
x[4,5]{6  <1.0>}
x[4,6]{0  <1.0>}
x[4,7]{3  <1.0>}
x[5,0]{2  <1.0>}
x[5,1]{0  <1.0>}
x[5,2]{3  <1.0>}
x[5,3]{6  <0.04344772260761276>, 1  <0.9565522773923872>}
x[5,4]{5  <1.0>}
x[5,5]{4  <1.0>}
x[5,6]{7  <1.0>}
x[5,7]{6  <0.9563523000318768>, 1  <0.04364769996812326>}
x[6,0]{6  <1.0>}
x[6,1]{1  <1.0>}
x[6,2]{7  <1.0>}
x[6,3]{0  <1.0>}
x[6,4]{4  <1.0>}
x[6,5]{5  <1.0>}
x[6,6]{3  <1.0>}
x[6,7]{2  <1.0>}
x[7,0]{4  <1.0>}
x[7,1]{7  <1.0>}
x[7,2]{2  <1.0>}
x[7,3]{3  <1.0>}
x[7,4]{0  <1.0>}
x[7,5]{1  <1.0>}
x[7,6]{6  <1.0>}
x[7,7]{5  <1.0>}
problem entropy = 0.25775963587739775
smallest variable entropy = 0.17779213518322803
##### after BP iteration 10 #####
x[0,0]{0  <1.0>}
x[0,1]{2  <1.0>}
x[0,2]{4  <1.0>}
x[0,3]{6  <0.9568480360899432>, 1  <0.043151963910056795>}
x[0,4]{3  <1.0>}
x[0,5]{7  <1.0>}
x[0,6]{5  <1.0>}
x[0,7]{6  <0.04340067310799021>, 1  <0.9565993268920098>}
x[1,0]{3  <1.0>}
x[1,1]{4  <1.0>}
x[1,2]{0  <1.0>}
x[1,3]{5  <1.0>}
x[1,4]{6  <1.0>}
x[1,5]{2  <1.0>}
x[1,6]{1  <1.0>}
x[1,7]{7  <1.0>}
x[2,0]{1  <1.0>}
x[2,1]{6  <1.0>}
x[2,2]{5  <1.0>}
x[2,3]{2  <1.0>}
x[2,4]{7  <1.0>}
x[2,5]{3  <1.0>}
x[2,6]{4  <1.0>}
x[2,7]{0  <1.0>}
x[3,0]{5  <1.0>}
x[3,1]{3  <1.0>}
x[3,2]{6  <1.0>}
x[3,3]{7  <1.0>}
x[3,4]{1  <1.0>}
x[3,5]{0  <1.0>}
x[3,6]{2  <1.0>}
x[3,7]{4  <1.0>}
x[4,0]{7  <1.0>}
x[4,1]{5  <1.0>}
x[4,2]{1  <1.0>}
x[4,3]{4  <1.0>}
x[4,4]{2  <1.0>}
x[4,5]{6  <1.0>}
x[4,6]{0  <1.0>}
x[4,7]{3  <1.0>}
x[5,0]{2  <1.0>}
x[5,1]{0  <1.0>}
x[5,2]{3  <1.0>}
x[5,3]{6  <0.04340067310799021>, 1  <0.9565993268920098>}
x[5,4]{5  <1.0>}
x[5,5]{4  <1.0>}
x[5,6]{7  <1.0>}
x[5,7]{6  <0.956271353421888>, 1  <0.043728646578112144>}
x[6,0]{6  <1.0>}
x[6,1]{1  <1.0>}
x[6,2]{7  <1.0>}
x[6,3]{0  <1.0>}
x[6,4]{4  <1.0>}
x[6,5]{5  <1.0>}
x[6,6]{3  <1.0>}
x[6,7]{2  <1.0>}
x[7,0]{4  <1.0>}
x[7,1]{7  <1.0>}
x[7,2]{2  <1.0>}
x[7,3]{3  <1.0>}
x[7,4]{0  <1.0>}
x[7,5]{1  <1.0>}
x[7,6]{6  <1.0>}
x[7,7]{5  <1.0>}
problem entropy = 0.2577602533635703
smallest variable entropy = 0.17783503183817634
### branching on x[0,3]=6; marginal=0.9568480360899432; regret=0.9136960721798864; nb of ties=4
##### after BP iteration 1 #####
x[0,0]{0  <1.0>}
x[0,1]{2  <1.0>}
x[0,2]{4  <1.0>}
x[0,3]{6  <1.0>}
x[0,4]{3  <1.0>}
x[0,5]{7  <1.0>}
x[0,6]{5  <1.0>}
x[0,7]{1  <1.0>}
x[1,0]{3  <1.0>}
x[1,1]{4  <1.0>}
x[1,2]{0  <1.0>}
x[1,3]{5  <1.0>}
x[1,4]{6  <1.0>}
x[1,5]{2  <1.0>}
x[1,6]{1  <1.0>}
x[1,7]{7  <1.0>}
x[2,0]{1  <1.0>}
x[2,1]{6  <1.0>}
x[2,2]{5  <1.0>}
x[2,3]{2  <1.0>}
x[2,4]{7  <1.0>}
x[2,5]{3  <1.0>}
x[2,6]{4  <1.0>}
x[2,7]{0  <1.0>}
x[3,0]{5  <1.0>}
x[3,1]{3  <1.0>}
x[3,2]{6  <1.0>}
x[3,3]{7  <1.0>}
x[3,4]{1  <1.0>}
x[3,5]{0  <1.0>}
x[3,6]{2  <1.0>}
x[3,7]{4  <1.0>}
x[4,0]{7  <1.0>}
x[4,1]{5  <1.0>}
x[4,2]{1  <1.0>}
x[4,3]{4  <1.0>}
x[4,4]{2  <1.0>}
x[4,5]{6  <1.0>}
x[4,6]{0  <1.0>}
x[4,7]{3  <1.0>}
x[5,0]{2  <1.0>}
x[5,1]{0  <1.0>}
x[5,2]{3  <1.0>}
x[5,3]{1  <1.0>}
x[5,4]{5  <1.0>}
x[5,5]{4  <1.0>}
x[5,6]{7  <1.0>}
x[5,7]{6  <1.0>}
x[6,0]{6  <1.0>}
x[6,1]{1  <1.0>}
x[6,2]{7  <1.0>}
x[6,3]{0  <1.0>}
x[6,4]{4  <1.0>}
x[6,5]{5  <1.0>}
x[6,6]{3  <1.0>}
x[6,7]{2  <1.0>}
x[7,0]{4  <1.0>}
x[7,1]{7  <1.0>}
x[7,2]{2  <1.0>}
x[7,3]{3  <1.0>}
x[7,4]{0  <1.0>}
x[7,5]{1  <1.0>}
x[7,6]{6  <1.0>}
x[7,7]{5  <1.0>}
problem entropy = 0.0
smallest variable entropy = 1.7976931348623157E308
### branching on x[0,3]!=6
##### after BP iteration 1 #####
x[0,0]{0  <1.0>}
x[0,1]{2  <1.0>}
x[0,2]{4  <1.0>}
x[0,3]{1  <1.0>}
x[0,4]{3  <1.0>}
x[0,5]{7  <1.0>}
x[0,6]{5  <1.0>}
x[0,7]{6  <1.0>}
x[1,0]{3  <1.0>}
x[1,1]{4  <1.0>}
x[1,2]{0  <1.0>}
x[1,3]{5  <1.0>}
x[1,4]{6  <1.0>}
x[1,5]{2  <1.0>}
x[1,6]{1  <1.0>}
x[1,7]{7  <1.0>}
x[2,0]{1  <1.0>}
x[2,1]{6  <1.0>}
x[2,2]{5  <1.0>}
x[2,3]{2  <1.0>}
x[2,4]{7  <1.0>}
x[2,5]{3  <1.0>}
x[2,6]{4  <1.0>}
x[2,7]{0  <1.0>}
x[3,0]{5  <1.0>}
x[3,1]{3  <1.0>}
x[3,2]{6  <1.0>}
x[3,3]{7  <1.0>}
x[3,4]{1  <1.0>}
x[3,5]{0  <1.0>}
x[3,6]{2  <1.0>}
x[3,7]{4  <1.0>}
x[4,0]{7  <1.0>}
x[4,1]{5  <1.0>}
x[4,2]{1  <1.0>}
x[4,3]{4  <1.0>}
x[4,4]{2  <1.0>}
x[4,5]{6  <1.0>}
x[4,6]{0  <1.0>}
x[4,7]{3  <1.0>}
x[5,0]{2  <1.0>}
x[5,1]{0  <1.0>}
x[5,2]{3  <1.0>}
x[5,3]{6  <1.0>}
x[5,4]{5  <1.0>}
x[5,5]{4  <1.0>}
x[5,6]{7  <1.0>}
x[5,7]{1  <1.0>}
x[6,0]{6  <1.0>}
x[6,1]{1  <1.0>}
x[6,2]{7  <1.0>}
x[6,3]{0  <1.0>}
x[6,4]{4  <1.0>}
x[6,5]{5  <1.0>}
x[6,6]{3  <1.0>}
x[6,7]{2  <1.0>}
x[7,0]{4  <1.0>}
x[7,1]{7  <1.0>}
x[7,2]{2  <1.0>}
x[7,3]{3  <1.0>}
x[7,4]{0  <1.0>}
x[7,5]{1  <1.0>}
x[7,6]{6  <1.0>}
x[7,7]{5  <1.0>}
problem entropy = 0.0
smallest variable entropy = 1.7976931348623157E308

	#choice: 4
	#fail: 0
	execution time (ms): 114
	#sols : 1
	completed : false

