{5  <6.0>}
model: sum-product-init
FINAL DAMPING FACTOR = 1.0
##### after BP iteration 1 #####
x[0,0]{5  <1.0>}
x[0,1]{3  <0.0026419383137421377>, 1  <0.9973505340372162>, 6  <7.5276490416579625E-6>}
x[0,2]{3  <0.9777011695913099>, 1  <0.022054327522660674>, 6  <2.445028860293607E-4>}
x[0,3]{4  <1.0>}
x[0,4]{7  <1.0>}
x[0,5]{2  <1.0>}
x[0,6]{3  <1.1503832575549856E-4>, 6  <0.9998849616742445>}
x[0,7]{0  <1.0>}
x[1,0]{0  <1.0>}
x[1,1]{3  <0.9598919301606376>, 1  <0.04010791940985912>, 4  <1.50429503233698E-7>}
x[1,2]{3  <0.008418779298064246>, 1  <0.9915812207019357>}
x[1,3]{2  <1.0>}
x[1,4]{6  <1.0>}
x[1,5]{5  <1.0>}
x[1,6]{3  <6.837818260650111E-8>, 4  <0.9999999316218174>}
x[1,7]{7  <1.0>}
x[2,0]{7  <1.0>}
x[2,1]{0  <0.3107919514210426>, 5  <0.6892078465351946>, 3  <2.0204376281209786E-7>}
x[2,2]{4  <1.0>}
x[2,3]{0  <0.6270682001593694>, 3  <3.541526074182278E-4>, 5  <0.3725776472332123>}
x[2,4]{1  <1.0>}
x[2,5]{0  <1.3609375091764065E-4>, 3  <0.9998639062490823>}
x[2,6]{2  <1.0>}
x[2,7]{6  <1.0>}
x[3,0]{6  <1.0>}
x[3,1]{0  <3.5622015647995346E-8>, 4  <0.9999997349801449>, 7  <2.2408334468588507E-7>, 5  <5.314494800760085E-9>}
x[3,2]{2  <1.0>}
x[3,3]{0  <6.114065087939486E-4>, 5  <2.6591672407406775E-7>, 7  <0.9993883275744819>}
x[3,4]{3  <1.0>}
x[3,5]{0  <0.9986856257261433>, 4  <6.343686277474146E-7>, 7  <0.0013137399052289493>}
x[3,6]{5  <0.9999996974800567>, 4  <3.0251994341924726E-7>}
x[3,7]{1  <1.0>}
x[4,0]{3  <1.0>}
x[4,1]{0  <0.5368280565551039>, 5  <0.46317194344489615>}
x[4,2]{0  <0.480399809153721>, 5  <0.5196001908462791>}
x[4,3]{6  <1.0>}
x[4,4]{2  <1.0>}
x[4,5]{1  <1.0>}
x[4,6]{7  <1.0>}
x[4,7]{4  <1.0>}
x[5,0]{1  <1.0>}
x[5,1]{2  <1.0>}
x[5,2]{5  <1.776108718710809E-5>, 7  <0.4377438550213423>, 6  <0.5621419198236928>, 3  <9.646406777799993E-5>}
x[5,3]{5  <0.05248512007371981>, 7  <2.1410270865284173E-4>, 3  <0.9473007772176273>}
x[5,4]{4  <1.0>}
x[5,5]{3  <4.242381517706236E-6>, 7  <0.5857421566275711>, 6  <0.41425360099091113>}
x[5,6]{0  <1.0>}
x[5,7]{5  <0.9580960731297401>, 3  <0.04190392687025989>}
x[6,0]{2  <1.0>}
x[6,1]{0  <9.332178596323819E-9>, 6  <0.5112895475659949>, 7  <0.48870946721783154>, 3  <6.206312443230102E-7>, 4  <3.447834409217739E-7>, 5  <1.0469309747508752E-8>}
x[6,2]{0  <1.141901118699673E-4>, 6  <0.4862941908233249>, 7  <0.5133806466271694>, 3  <5.6089521888291885E-5>, 5  <1.5488291574744737E-4>}
x[6,3]{0  <0.41472559347496224>, 5  <0.5500207810603412>, 7  <6.778400747820325E-4>, 3  <0.034575785389914425>}
x[6,4]{0  <0.5752460885955291>, 5  <0.42475391140447094>}
x[6,5]{0  <1.610900527474585E-8>, 6  <1.6554028751297818E-7>, 7  <1.1622245359950425E-7>, 3  <7.353554529474107E-10>, 4  <0.9999997013928982>}
x[6,6]{1  <1.0>}
x[6,7]{5  <0.0214784866481891>, 3  <0.9785215133518109>}
x[7,0]{4  <1.0>}
x[7,1]{0  <3.350987856262858E-8>, 7  <0.5411038657199378>, 6  <0.4588870660024328>, 3  <9.019375307770599E-6>, 5  <1.53924430403731E-8>}
x[7,2]{0  <0.6425395126023004>, 7  <2.5186906596543423E-4>, 6  <3.6706030458478995E-4>, 3  <7.200391009166781E-7>, 5  <0.35684083798804844>}
x[7,3]{1  <1.0>}
x[7,4]{0  <0.4596206132855>, 5  <0.5403793867144999>}
x[7,5]{0  <3.582421728145848E-4>, 7  <0.3279621765736372>, 6  <0.6716030861762505>, 3  <7.649507729771497E-5>}
x[7,6]{3  <0.9997314535759289>, 5  <5.026315184077922E-8>, 6  <2.684961609192424E-4>}
x[7,7]{2  <1.0>}
problem entropy = 0.33018375854201865
smallest variable entropy = 1.1964959351551689E-6
### branching on x[1,6]=4 marginal=0.9999999316218174
### branching on x[3,1]=4 marginal=0.9999997402946383
##### after BP iteration 1 #####
x[0,0]{5  <1.0>}
x[0,1]{3  <0.03553747742311218>, 1  <0.9644536441731185>, 6  <8.87840376926652E-6>}
x[0,2]{3  <0.9940852088183503>, 1  <0.005877278912305777>, 6  <3.7512269344069735E-5>}
x[0,3]{4  <1.0>}
x[0,4]{7  <1.0>}
x[0,5]{2  <1.0>}
x[0,6]{3  <4.6900187327095094E-5>, 6  <0.9999530998126729>}
x[0,7]{0  <1.0>}
x[1,0]{0  <1.0>}
x[1,1]{3  <0.9980983748497583>, 1  <0.0019016251502417534>}
x[1,2]{3  <0.012625739027900752>, 1  <0.9873742609720992>}
x[1,3]{2  <1.0>}
x[1,4]{6  <1.0>}
x[1,5]{5  <1.0>}
x[1,6]{4  <1.0>}
x[1,7]{7  <1.0>}
x[2,0]{7  <1.0>}
x[2,1]{0  <0.4650662959493346>, 5  <0.5349336946088756>, 3  <9.441789821413066E-9>}
x[2,2]{4  <1.0>}
x[2,3]{0  <0.5473381996697669>, 3  <2.488588586383127E-4>, 5  <0.45241294147159483>}
x[2,4]{1  <1.0>}
x[2,5]{0  <4.0095706936246665E-5>, 3  <0.9999599042930638>}
x[2,6]{2  <1.0>}
x[2,7]{6  <1.0>}
x[3,0]{6  <1.0>}
x[3,1]{4  <1.0>}
x[3,2]{2  <1.0>}
x[3,3]{0  <3.0486498463574974E-4>, 7  <0.9996951350153642>}
x[3,4]{3  <1.0>}
x[3,5]{0  <0.9998526900787301>, 7  <1.4730992126993947E-4>}
x[3,6]{5  <1.0>}
x[3,7]{1  <1.0>}
x[4,0]{3  <1.0>}
x[4,1]{0  <0.7003464103837205>, 5  <0.2996535896162796>}
x[4,2]{0  <0.26325572501204203>, 5  <0.7367442749879579>}
x[4,3]{6  <1.0>}
x[4,4]{2  <1.0>}
x[4,5]{1  <1.0>}
x[4,6]{7  <1.0>}
x[4,7]{4  <1.0>}
x[5,0]{1  <1.0>}
x[5,1]{2  <1.0>}
x[5,2]{5  <8.398124462709971E-6>, 7  <0.5077870031390573>, 6  <0.49215009109868657>, 3  <5.450763779339851E-5>}
x[5,3]{5  <0.03139785345204694>, 7  <2.5024853861821177E-5>, 3  <0.9685771216940912>}
x[5,4]{4  <1.0>}
x[5,5]{3  <1.6890714852059966E-6>, 7  <0.69752372374539>, 6  <0.3024745871831249>}
x[5,6]{0  <1.0>}
x[5,7]{5  <0.9778450154334356>, 3  <0.022154984566564395>}
x[6,0]{2  <1.0>}
x[6,1]{0  <1.433574889849665E-9>, 6  <0.4906308117327153>, 7  <0.5093689090652666>, 3  <2.7636943991751864E-7>, 5  <1.3990032514076271E-9>}
x[6,2]{0  <1.1723382527724545E-4>, 6  <0.5111758660669277>, 7  <0.4885535594560182>, 3  <2.9659001267899348E-5>, 5  <1.2368165050900078E-4>}
x[6,3]{0  <0.3994141377530708>, 5  <0.5698577935102972>, 7  <9.651188451571275E-5>, 3  <0.030631556852116437>}
x[6,4]{0  <0.4746931785608625>, 5  <0.5253068214391374>}
x[6,5]{4  <1.0>}
x[6,6]{1  <1.0>}
x[6,7]{5  <0.027933918428984367>, 3  <0.9720660815710156>}
x[7,0]{4  <1.0>}
x[7,1]{0  <4.86246476088866E-9>, 7  <0.5876500617662749>, 6  <0.4123434391789936>, 3  <6.491459437399055E-6>, 5  <2.7328295399082433E-9>}
x[7,2]{0  <0.6219699565434338>, 7  <5.468708744177935E-5>, 6  <7.298977453449427E-5>, 3  <1.1335620918064679E-7>, 5  <0.37790225323838084>}
x[7,3]{1  <1.0>}
x[7,4]{0  <0.49136621852259393>, 5  <0.508633781477406>}
x[7,5]{0  <2.1626064459874587E-4>, 7  <0.31681810499501506>, 6  <0.6829369340155469>, 3  <2.8700344839218374E-5>}
x[7,6]{3  <0.9999801527667141>, 6  <1.984723328579952E-5>}
x[7,7]{2  <1.0>}
problem entropy = 0.36581716586966606
smallest variable entropy = 2.347418818208022E-4
### branching on x[7,6]=3 marginal=0.9999801527667141
##### after BP iteration 1 #####
x[0,0]{5  <1.0>}
x[0,1]{3  <0.0042271835115502>, 1  <0.9957728164884498>}
x[0,2]{3  <0.979535645883794>, 1  <0.020464354116205986>}
x[0,3]{4  <1.0>}
x[0,4]{7  <1.0>}
x[0,5]{2  <1.0>}
x[0,6]{6  <1.0>}
x[0,7]{0  <1.0>}
x[1,0]{0  <1.0>}
x[1,1]{3  <0.9888492890669505>, 1  <0.011150710933049509>}
x[1,2]{3  <0.0013249747782674362>, 1  <0.9986750252217326>}
x[1,3]{2  <1.0>}
x[1,4]{6  <1.0>}
x[1,5]{5  <1.0>}
x[1,6]{4  <1.0>}
x[1,7]{7  <1.0>}
x[2,0]{7  <1.0>}
x[2,1]{0  <0.4395236580448347>, 5  <0.5604763419551653>}
x[2,2]{4  <1.0>}
x[2,3]{0  <0.5027552132220935>, 3  <3.487138687260703E-5>, 5  <0.49720991539103393>}
x[2,4]{1  <1.0>}
x[2,5]{0  <1.4514827235370088E-6>, 3  <0.9999985485172765>}
x[2,6]{2  <1.0>}
x[2,7]{6  <1.0>}
x[3,0]{6  <1.0>}
x[3,1]{4  <1.0>}
x[3,2]{2  <1.0>}
x[3,3]{0  <3.216084460484607E-5>, 7  <0.9999678391553951>}
x[3,4]{3  <1.0>}
x[3,5]{0  <0.9999460633913284>, 7  <5.393660867161291E-5>}
x[3,6]{5  <1.0>}
x[3,7]{1  <1.0>}
x[4,0]{3  <1.0>}
x[4,1]{0  <0.7352643458126464>, 5  <0.26473565418735356>}
x[4,2]{0  <0.21948259955250488>, 5  <0.7805174004474952>}
x[4,3]{6  <1.0>}
x[4,4]{2  <1.0>}
x[4,5]{1  <1.0>}
x[4,6]{7  <1.0>}
x[4,7]{4  <1.0>}
x[5,0]{1  <1.0>}
x[5,1]{2  <1.0>}
x[5,2]{5  <4.1616975459723595E-7>, 7  <0.36814186914724384>, 6  <0.6318577146830016>}
x[5,3]{5  <0.011385925289915295>, 7  <1.2136959392022498E-6>, 3  <0.9886128610141455>}
x[5,4]{4  <1.0>}
x[5,5]{3  <2.8487410867300855E-7>, 7  <0.5962895008597198>, 6  <0.4037102142661716>}
x[5,6]{0  <1.0>}
x[5,7]{5  <0.9791442958934534>, 3  <0.02085570410654654>}
x[6,0]{2  <1.0>}
x[6,1]{7  <0.4343794262363939>, 6  <0.5656205737636061>}
x[6,2]{0  <2.3636001042620013E-5>, 6  <0.5307815425346403>, 7  <0.4691813462279497>, 5  <1.3475236367391338E-5>}
x[6,3]{0  <0.5665442111050577>, 5  <0.41517835430361233>, 7  <9.770603201832707E-5>, 3  <0.01817972855931161>}
x[6,4]{0  <0.5372026397205846>, 5  <0.46279736027941537>}
x[6,5]{4  <1.0>}
x[6,6]{1  <1.0>}
x[6,7]{5  <0.02653756506458388>, 3  <0.9734624349354162>}
x[7,0]{4  <1.0>}
x[7,1]{6  <0.3622109815826732>, 7  <0.6377890184173267>}
x[7,2]{0  <0.616583245214582>, 7  <3.812294650306558E-5>, 6  <4.157088683782959E-5>, 5  <0.38333706095207715>}
x[7,3]{1  <1.0>}
x[7,4]{0  <0.4414638942483936>, 5  <0.5585361057516064>}
x[7,5]{0  <4.667115173772051E-5>, 7  <0.3836479846233418>, 6  <0.6163053442249203>}
x[7,6]{3  <1.0>}
x[7,7]{2  <1.0>}
problem entropy = 0.4644585162729536
smallest variable entropy = 2.0963654997555443E-5
### branching on x[2,5]=3 marginal=0.9999985485172765
### branching on x[3,3]=7 marginal=0.9999678391553951
##### after BP iteration 1 #####
x[0,0]{5  <1.0>}
x[0,1]{3  <0.006352975016253369>, 1  <0.9936470249837467>}
x[0,2]{3  <0.9990482825199312>, 1  <9.517174800688879E-4>}
x[0,3]{4  <1.0>}
x[0,4]{7  <1.0>}
x[0,5]{2  <1.0>}
x[0,6]{6  <1.0>}
x[0,7]{0  <1.0>}
x[1,0]{0  <1.0>}
x[1,1]{3  <0.9970525886003242>, 1  <0.002947411399675783>}
x[1,2]{3  <0.018090341883038073>, 1  <0.9819096581169618>}
x[1,3]{2  <1.0>}
x[1,4]{6  <1.0>}
x[1,5]{5  <1.0>}
x[1,6]{4  <1.0>}
x[1,7]{7  <1.0>}
x[2,0]{7  <1.0>}
x[2,1]{0  <0.29056809693767477>, 5  <0.7094319030623253>}
x[2,2]{4  <1.0>}
x[2,3]{0  <0.44226851941429135>, 5  <0.5577314805857086>}
x[2,4]{1  <1.0>}
x[2,5]{3  <1.0>}
x[2,6]{2  <1.0>}
x[2,7]{6  <1.0>}
x[3,0]{6  <1.0>}
x[3,1]{4  <1.0>}
x[3,2]{2  <1.0>}
x[3,3]{7  <1.0>}
x[3,4]{3  <1.0>}
x[3,5]{0  <1.0>}
x[3,6]{5  <1.0>}
x[3,7]{1  <1.0>}
x[4,0]{3  <1.0>}
x[4,1]{0  <0.6598961779792097>, 5  <0.34010382202079015>}
x[4,2]{0  <0.385169760102404>, 5  <0.6148302398975959>}
x[4,3]{6  <1.0>}
x[4,4]{2  <1.0>}
x[4,5]{1  <1.0>}
x[4,6]{7  <1.0>}
x[4,7]{4  <1.0>}
x[5,0]{1  <1.0>}
x[5,1]{2  <1.0>}
x[5,2]{6  <0.5739407584777907>, 7  <0.42605924152220925>}
x[5,3]{5  <0.011304271689079774>, 3  <0.9886957283109202>}
x[5,4]{4  <1.0>}
x[5,5]{6  <0.45545063348592035>, 7  <0.5445493665140797>}
x[5,6]{0  <1.0>}
x[5,7]{5  <0.9863319790044043>, 3  <0.013668020995595723>}
x[6,0]{2  <1.0>}
x[6,1]{7  <0.3822757165845402>, 6  <0.6177242834154598>}
x[6,2]{7  <0.7004267906215053>, 6  <0.29957320937849474>}
x[6,3]{0  <0.567278624173699>, 5  <0.42313444042324677>, 3  <0.009586935403054213>}
x[6,4]{0  <0.5156656791576615>, 5  <0.4843343208423386>}
x[6,5]{4  <1.0>}
x[6,6]{1  <1.0>}
x[6,7]{5  <0.014480834244649141>, 3  <0.9855191657553508>}
x[7,0]{4  <1.0>}
x[7,1]{6  <0.405223450953148>, 7  <0.5947765490468521>}
x[7,2]{0  <0.7321541229793441>, 5  <0.2678458770206559>}
x[7,3]{1  <1.0>}
x[7,4]{0  <0.3566747300167691>, 5  <0.6433252699832309>}
x[7,5]{6  <0.5468947614516321>, 7  <0.4531052385483678>}
x[7,6]{3  <1.0>}
x[7,7]{2  <1.0>}
problem entropy = 0.6430294670486029
smallest variable entropy = 0.007572593593543902
##### after BP iteration 2 #####
x[0,0]{5  <1.0>}
x[0,1]{3  <6.62926569626017E-4>, 1  <0.999337073430374>}
x[0,2]{3  <0.9943933856655972>, 1  <0.005606614334402762>}
x[0,3]{4  <1.0>}
x[0,4]{7  <1.0>}
x[0,5]{2  <1.0>}
x[0,6]{6  <1.0>}
x[0,7]{0  <1.0>}
x[1,0]{0  <1.0>}
x[1,1]{3  <0.9896620431368544>, 1  <0.01033795686314573>}
x[1,2]{3  <0.002118068487869227>, 1  <0.9978819315121308>}
x[1,3]{2  <1.0>}
x[1,4]{6  <1.0>}
x[1,5]{5  <1.0>}
x[1,6]{4  <1.0>}
x[1,7]{7  <1.0>}
x[2,0]{7  <1.0>}
x[2,1]{0  <0.45319353169200655>, 5  <0.5468064683079935>}
x[2,2]{4  <1.0>}
x[2,3]{0  <0.6485806677196033>, 5  <0.35141933228039673>}
x[2,4]{1  <1.0>}
x[2,5]{3  <1.0>}
x[2,6]{2  <1.0>}
x[2,7]{6  <1.0>}
x[3,0]{6  <1.0>}
x[3,1]{4  <1.0>}
x[3,2]{2  <1.0>}
x[3,3]{7  <1.0>}
x[3,4]{3  <1.0>}
x[3,5]{0  <1.0>}
x[3,6]{5  <1.0>}
x[3,7]{1  <1.0>}
x[4,0]{3  <1.0>}
x[4,1]{0  <0.5838966385965777>, 5  <0.41610336140342236>}
x[4,2]{0  <0.40137797555164784>, 5  <0.5986220244483522>}
x[4,3]{6  <1.0>}
x[4,4]{2  <1.0>}
x[4,5]{1  <1.0>}
x[4,6]{7  <1.0>}
x[4,7]{4  <1.0>}
x[5,0]{1  <1.0>}
x[5,1]{2  <1.0>}
x[5,2]{6  <0.6195895492128921>, 7  <0.3804104507871079>}
x[5,3]{5  <0.012540581659617986>, 3  <0.987459418340382>}
x[5,4]{4  <1.0>}
x[5,5]{6  <0.476005744160342>, 7  <0.523994255839658>}
x[5,6]{0  <1.0>}
x[5,7]{5  <0.9921743883737304>, 3  <0.00782561162626966>}
x[6,0]{2  <1.0>}
x[6,1]{7  <0.27506529509495725>, 6  <0.7249347049050427>}
x[6,2]{7  <0.7111978986074371>, 6  <0.2888021013925629>}
x[6,3]{0  <0.4751036188160582>, 5  <0.5139492975713724>, 3  <0.01094708361256935>}
x[6,4]{0  <0.5416294537709156>, 5  <0.45837054622908435>}
x[6,5]{4  <1.0>}
x[6,6]{1  <1.0>}
x[6,7]{5  <0.0055041753366003796>, 3  <0.9944958246633996>}
x[7,0]{4  <1.0>}
x[7,1]{6  <0.4744593988056139>, 7  <0.5255406011943862>}
x[7,2]{0  <0.6415756657330703>, 5  <0.35842433426692966>}
x[7,3]{1  <1.0>}
x[7,4]{0  <0.30300276372911883>, 5  <0.6969972362708813>}
x[7,5]{6  <0.5220859456951011>, 7  <0.4779140543048988>}
x[7,6]{3  <1.0>}
x[7,7]{2  <1.0>}
problem entropy = 0.6392536688935115
smallest variable entropy = 0.005514564475489985
##### after BP iteration 3 #####
x[0,0]{5  <1.0>}
x[0,1]{3  <0.009127732845414323>, 1  <0.9908722671545857>}
x[0,2]{3  <0.9985241192863421>, 1  <0.0014758807136578895>}
x[0,3]{4  <1.0>}
x[0,4]{7  <1.0>}
x[0,5]{2  <1.0>}
x[0,6]{6  <1.0>}
x[0,7]{0  <1.0>}
x[1,0]{0  <1.0>}
x[1,1]{3  <0.9995239147106196>, 1  <4.760852893803974E-4>}
x[1,2]{3  <0.0031866097341404576>, 1  <0.9968133902658595>}
x[1,3]{2  <1.0>}
x[1,4]{6  <1.0>}
x[1,5]{5  <1.0>}
x[1,6]{4  <1.0>}
x[1,7]{7  <1.0>}
x[2,0]{7  <1.0>}
x[2,1]{0  <0.48526178805348585>, 5  <0.5147382119465141>}
x[2,2]{4  <1.0>}
x[2,3]{0  <0.6275064348259812>, 5  <0.37249356517401866>}
x[2,4]{1  <1.0>}
x[2,5]{3  <1.0>}
x[2,6]{2  <1.0>}
x[2,7]{6  <1.0>}
x[3,0]{6  <1.0>}
x[3,1]{4  <1.0>}
x[3,2]{2  <1.0>}
x[3,3]{7  <1.0>}
x[3,4]{3  <1.0>}
x[3,5]{0  <1.0>}
x[3,6]{5  <1.0>}
x[3,7]{1  <1.0>}
x[4,0]{3  <1.0>}
x[4,1]{0  <0.48117662851368254>, 5  <0.5188233714863175>}
x[4,2]{0  <0.38856746499512584>, 5  <0.6114325350048743>}
x[4,3]{6  <1.0>}
x[4,4]{2  <1.0>}
x[4,5]{1  <1.0>}
x[4,6]{7  <1.0>}
x[4,7]{4  <1.0>}
x[5,0]{1  <1.0>}
x[5,1]{2  <1.0>}
x[5,2]{6  <0.6680352304881937>, 7  <0.3319647695118064>}
x[5,3]{5  <0.01004795920557614>, 3  <0.9899520407944239>}
x[5,4]{4  <1.0>}
x[5,5]{6  <0.40190437175758953>, 7  <0.5980956282424105>}
x[5,6]{0  <1.0>}
x[5,7]{5  <0.99495329532179>, 3  <0.0050467046782099005>}
x[6,0]{2  <1.0>}
x[6,1]{7  <0.3720200818301611>, 6  <0.6279799181698389>}
x[6,2]{7  <0.6473813783975777>, 6  <0.3526186216024223>}
x[6,3]{0  <0.2605952099526929>, 5  <0.7292985898526964>, 3  <0.01010620019461064>}
x[6,4]{0  <0.7029617601290352>, 5  <0.29703823987096484>}
x[6,5]{4  <1.0>}
x[6,6]{1  <1.0>}
x[6,7]{5  <0.006535998262969637>, 3  <0.9934640017370303>}
x[7,0]{4  <1.0>}
x[7,1]{6  <0.33766275054472955>, 7  <0.6623372494552706>}
x[7,2]{0  <0.5565537193107537>, 5  <0.4434462806892463>}
x[7,3]{1  <1.0>}
x[7,4]{0  <0.4602621022885203>, 5  <0.5397378977114796>}
x[7,5]{6  <0.5025425338676767>, 7  <0.49745746613232333>}
x[7,6]{3  <1.0>}
x[7,7]{2  <1.0>}
problem entropy = 0.6362466132489284
smallest variable entropy = 0.004117983244412543
##### after BP iteration 4 #####
x[0,0]{5  <1.0>}
x[0,1]{3  <0.0010601569864872496>, 1  <0.9989398430135127>}
x[0,2]{3  <0.9948041644063094>, 1  <0.005195835593690648>}
x[0,3]{4  <1.0>}
x[0,4]{7  <1.0>}
x[0,5]{2  <1.0>}
x[0,6]{6  <1.0>}
x[0,7]{0  <1.0>}
x[1,0]{0  <1.0>}
x[1,1]{3  <0.9971888122099183>, 1  <0.0028111877900816656>}
x[1,2]{3  <3.3157318915144054E-4>, 1  <0.9996684268108486>}
x[1,3]{2  <1.0>}
x[1,4]{6  <1.0>}
x[1,5]{5  <1.0>}
x[1,6]{4  <1.0>}
x[1,7]{7  <1.0>}
x[2,0]{7  <1.0>}
x[2,1]{0  <0.4357498360168128>, 5  <0.5642501639831872>}
x[2,2]{4  <1.0>}
x[2,3]{0  <0.6186716828942349>, 5  <0.38132831710576504>}
x[2,4]{1  <1.0>}
x[2,5]{3  <1.0>}
x[2,6]{2  <1.0>}
x[2,7]{6  <1.0>}
x[3,0]{6  <1.0>}
x[3,1]{4  <1.0>}
x[3,2]{2  <1.0>}
x[3,3]{7  <1.0>}
x[3,4]{3  <1.0>}
x[3,5]{0  <1.0>}
x[3,6]{5  <1.0>}
x[3,7]{1  <1.0>}
x[4,0]{3  <1.0>}
x[4,1]{0  <0.5432708514225689>, 5  <0.4567291485774311>}
x[4,2]{0  <0.5616518905237641>, 5  <0.438348109476236>}
x[4,3]{6  <1.0>}
x[4,4]{2  <1.0>}
x[4,5]{1  <1.0>}
x[4,6]{7  <1.0>}
x[4,7]{4  <1.0>}
x[5,0]{1  <1.0>}
x[5,1]{2  <1.0>}
x[5,2]{6  <0.6265111766812906>, 7  <0.3734888233187093>}
x[5,3]{5  <0.003713313520977553>, 3  <0.9962866864790225>}
x[5,4]{4  <1.0>}
x[5,5]{6  <0.35127682711194297>, 7  <0.6487231728880571>}
x[5,6]{0  <1.0>}
x[5,7]{5  <0.9916047847437301>, 3  <0.008395215256269899>}
x[6,0]{2  <1.0>}
x[6,1]{7  <0.4225771851333929>, 6  <0.5774228148666072>}
x[6,2]{7  <0.5797295748657695>, 6  <0.42027042513423046>}
x[6,3]{0  <0.21813968755206362>, 5  <0.775741777296725>, 3  <0.006118535151211401>}
x[6,4]{0  <0.7376949159776484>, 5  <0.2623050840223516>}
x[6,5]{4  <1.0>}
x[6,6]{1  <1.0>}
x[6,7]{5  <0.01041059910509148>, 3  <0.9895894008949085>}
x[7,0]{4  <1.0>}
x[7,1]{6  <0.3937731738021768>, 7  <0.6062268261978232>}
x[7,2]{0  <0.5076033618117747>, 5  <0.49239663818822527>}
x[7,3]{1  <1.0>}
x[7,4]{0  <0.43644830765725723>, 5  <0.5635516923427428>}
x[7,5]{6  <0.727675812955789>, 7  <0.27232418704421085>}
x[7,6]{3  <1.0>}
x[7,7]{2  <1.0>}
problem entropy = 0.6287418738838638
smallest variable entropy = 0.0029879705294286844
##### after BP iteration 5 #####
x[0,0]{5  <1.0>}
x[0,1]{3  <0.0015958475387207738>, 1  <0.9984041524612792>}
x[0,2]{3  <0.9997619006775175>, 1  <2.3809932248262147E-4>}
x[0,3]{4  <1.0>}
x[0,4]{7  <1.0>}
x[0,5]{2  <1.0>}
x[0,6]{6  <1.0>}
x[0,7]{0  <1.0>}
x[1,0]{0  <1.0>}
x[1,1]{3  <0.9992615146850542>, 1  <7.384853149457687E-4>}
x[1,2]{3  <0.004584790795473761>, 1  <0.9954152092045262>}
x[1,3]{2  <1.0>}
x[1,4]{6  <1.0>}
x[1,5]{5  <1.0>}
x[1,6]{4  <1.0>}
x[1,7]{7  <1.0>}
x[2,0]{7  <1.0>}
x[2,1]{0  <0.35469574981464524>, 5  <0.6453042501853548>}
x[2,2]{4  <1.0>}
x[2,3]{0  <0.7331375783480126>, 5  <0.2668624216519874>}
x[2,4]{1  <1.0>}
x[2,5]{3  <1.0>}
x[2,6]{2  <1.0>}
x[2,7]{6  <1.0>}
x[3,0]{6  <1.0>}
x[3,1]{4  <1.0>}
x[3,2]{2  <1.0>}
x[3,3]{7  <1.0>}
x[3,4]{3  <1.0>}
x[3,5]{0  <1.0>}
x[3,6]{5  <1.0>}
x[3,7]{1  <1.0>}
x[4,0]{3  <1.0>}
x[4,1]{0  <0.5214592105680346>, 5  <0.4785407894319654>}
x[4,2]{0  <0.5620299377930686>, 5  <0.4379700622069313>}
x[4,3]{6  <1.0>}
x[4,4]{2  <1.0>}
x[4,5]{1  <1.0>}
x[4,6]{7  <1.0>}
x[4,7]{4  <1.0>}
x[5,0]{1  <1.0>}
x[5,1]{2  <1.0>}
x[5,2]{6  <0.5586741248712176>, 7  <0.4413258751287825>}
x[5,3]{5  <0.00481243825839956>, 3  <0.9951875617416004>}
x[5,4]{4  <1.0>}
x[5,5]{6  <0.24925221237690312>, 7  <0.7507477876230968>}
x[5,6]{0  <1.0>}
x[5,7]{5  <0.9923290616305931>, 3  <0.007670938369406845>}
x[6,0]{2  <1.0>}
x[6,1]{7  <0.44285523032347773>, 6  <0.5571447696765223>}
x[6,2]{7  <0.5552565599109023>, 6  <0.4447434400890976>}
x[6,3]{0  <0.38397230203543553>, 5  <0.6129187880993399>, 3  <0.003108909865224643>}
x[6,4]{0  <0.6616707186370093>, 5  <0.3383292813629906>}
x[6,5]{4  <1.0>}
x[6,6]{1  <1.0>}
x[6,7]{5  <0.006772010233613712>, 3  <0.9932279897663863>}
x[7,0]{4  <1.0>}
x[7,1]{6  <0.3494772439264568>, 7  <0.6505227560735433>}
x[7,2]{0  <0.44535247144522205>, 5  <0.5546475285547778>}
x[7,3]{1  <1.0>}
x[7,4]{0  <0.2879932526217709>, 5  <0.7120067473782291>}
x[7,5]{6  <0.7378338960652245>, 7  <0.2621661039347756>}
x[7,6]{3  <1.0>}
x[7,7]{2  <1.0>}
problem entropy = 0.6167399585688013
smallest variable entropy = 0.0022244913951445537
##### after BP iteration 6 #####
x[0,0]{5  <1.0>}
x[0,1]{3  <1.6581408432809366E-4>, 1  <0.9998341859156719>}
x[0,2]{3  <0.9985924276298288>, 1  <0.001407572370171173>}
x[0,3]{4  <1.0>}
x[0,4]{7  <1.0>}
x[0,5]{2  <1.0>}
x[0,6]{6  <1.0>}
x[0,7]{0  <1.0>}
x[1,0]{0  <1.0>}
x[1,1]{3  <0.9973953154467988>, 1  <0.002604684553201254>}
x[1,2]{3  <5.303596254747739E-4>, 1  <0.9994696403745251>}
x[1,3]{2  <1.0>}
x[1,4]{6  <1.0>}
x[1,5]{5  <1.0>}
x[1,6]{4  <1.0>}
x[1,7]{7  <1.0>}
x[2,0]{7  <1.0>}
x[2,1]{0  <0.30194345780602566>, 5  <0.6980565421939743>}
x[2,2]{4  <1.0>}
x[2,3]{0  <0.6430937723692892>, 5  <0.3569062276307107>}
x[2,4]{1  <1.0>}
x[2,5]{3  <1.0>}
x[2,6]{2  <1.0>}
x[2,7]{6  <1.0>}
x[3,0]{6  <1.0>}
x[3,1]{4  <1.0>}
x[3,2]{2  <1.0>}
x[3,3]{7  <1.0>}
x[3,4]{3  <1.0>}
x[3,5]{0  <1.0>}
x[3,6]{5  <1.0>}
x[3,7]{1  <1.0>}
x[4,0]{3  <1.0>}
x[4,1]{0  <0.5437725346131981>, 5  <0.456227465386802>}
x[4,2]{0  <0.4714581384504526>, 5  <0.5285418615495473>}
x[4,3]{6  <1.0>}
x[4,4]{2  <1.0>}
x[4,5]{1  <1.0>}
x[4,6]{7  <1.0>}
x[4,7]{4  <1.0>}
x[5,0]{1  <1.0>}
x[5,1]{2  <1.0>}
x[5,2]{6  <0.6915250299141895>, 7  <0.3084749700858105>}
x[5,3]{5  <0.006390366870572078>, 3  <0.9936096331294278>}
x[5,4]{4  <1.0>}
x[5,5]{6  <0.3413932129800271>, 7  <0.6586067870199729>}
x[5,6]{0  <1.0>}
x[5,7]{5  <0.9961207510407832>, 3  <0.003879248959216765>}
x[6,0]{2  <1.0>}
x[6,1]{7  <0.37026785920486055>, 6  <0.6297321407951393>}
x[6,2]{7  <0.5358637092416276>, 6  <0.4641362907583723>}
x[6,3]{0  <0.39935400607297306>, 5  <0.5956034415151934>, 3  <0.005042552411833573>}
x[6,4]{0  <0.5854644575051653>, 5  <0.4145355424948348>}
x[6,5]{4  <1.0>}
x[6,6]{1  <1.0>}
x[6,7]{5  <0.0022392536709847253>, 3  <0.9977607463290152>}
x[7,0]{4  <1.0>}
x[7,1]{6  <0.3030441719077366>, 7  <0.6969558280922634>}
x[7,2]{0  <0.6514297973286932>, 5  <0.34857020267130684>}
x[7,3]{1  <1.0>}
x[7,4]{0  <0.45123240936904013>, 5  <0.5487675906309599>}
x[7,5]{6  <0.6772319531245654>, 7  <0.3227680468754347>}
x[7,6]{3  <1.0>}
x[7,7]{2  <1.0>}
problem entropy = 0.6229629715729892
smallest variable entropy = 0.0016091528064068588
##### after BP iteration 7 #####
x[0,0]{5  <1.0>}
x[0,1]{3  <0.002297662548789277>, 1  <0.9977023374512106>}
x[0,2]{3  <0.9996306209520259>, 1  <3.6937904797417333E-4>}
x[0,3]{4  <1.0>}
x[0,4]{7  <1.0>}
x[0,5]{2  <1.0>}
x[0,6]{6  <1.0>}
x[0,7]{0  <1.0>}
x[1,0]{0  <1.0>}
x[1,1]{3  <0.9998809361642493>, 1  <1.1906383575062294E-4>}
x[1,2]{3  <7.985609601317587E-4>, 1  <0.9992014390398682>}
x[1,3]{2  <1.0>}
x[1,4]{6  <1.0>}
x[1,5]{5  <1.0>}
x[1,6]{4  <1.0>}
x[1,7]{7  <1.0>}
x[2,0]{7  <1.0>}
x[2,1]{0  <0.4586209944708223>, 5  <0.5413790055291777>}
x[2,2]{4  <1.0>}
x[2,3]{0  <0.5598447100168352>, 5  <0.4401552899831648>}
x[2,4]{1  <1.0>}
x[2,5]{3  <1.0>}
x[2,6]{2  <1.0>}
x[2,7]{6  <1.0>}
x[3,0]{6  <1.0>}
x[3,1]{4  <1.0>}
x[3,2]{2  <1.0>}
x[3,3]{7  <1.0>}
x[3,4]{3  <1.0>}
x[3,5]{0  <1.0>}
x[3,6]{5  <1.0>}
x[3,7]{1  <1.0>}
x[4,0]{3  <1.0>}
x[4,1]{0  <0.7040090691052345>, 5  <0.2959909308947656>}
x[4,2]{0  <0.2591724779321472>, 5  <0.7408275220678527>}
x[4,3]{6  <1.0>}
x[4,4]{2  <1.0>}
x[4,5]{1  <1.0>}
x[4,6]{7  <1.0>}
x[4,7]{4  <1.0>}
x[5,0]{1  <1.0>}
x[5,1]{2  <1.0>}
x[5,2]{6  <0.637611094225926>, 7  <0.3623889057740741>}
x[5,3]{5  <0.004271932661298356>, 3  <0.9957280673387017>}
x[5,4]{4  <1.0>}
x[5,5]{6  <0.39037551001247955>, 7  <0.6096244899875205>}
x[5,6]{0  <1.0>}
x[5,7]{5  <0.9981362659855707>, 3  <0.0018637340144293279>}
x[6,0]{2  <1.0>}
x[6,1]{7  <0.32148343379711275>, 6  <0.6785165662028871>}
x[6,2]{7  <0.7533191925425325>, 6  <0.24668080745746754>}
x[6,3]{0  <0.38673953358104873>, 5  <0.6085561831766577>, 3  <0.004704283242293469>}
x[6,4]{0  <0.4823899603163923>, 5  <0.5176100396836077>}
x[6,5]{4  <1.0>}
x[6,6]{1  <1.0>}
x[6,7]{5  <0.0027984387892228332>, 3  <0.9972015612107772>}
x[7,0]{4  <1.0>}
x[7,1]{6  <0.3428070454056088>, 7  <0.6571929545943912>}
x[7,2]{0  <0.6293550521702269>, 5  <0.37064494782977314>}
x[7,3]{1  <1.0>}
x[7,4]{0  <0.48364923110491503>, 5  <0.5163507688950849>}
x[7,5]{6  <0.6118736233420689>, 7  <0.3881263766579312>}
x[7,6]{3  <1.0>}
x[7,7]{2  <1.0>}
problem entropy = 0.6146497027601644
smallest variable entropy = 0.0011948997997701023
##### after BP iteration 8 #####
x[0,0]{5  <1.0>}
x[0,1]{3  <2.652501517229495E-4>, 1  <0.999734749848277>}
x[0,2]{3  <0.9986959594162167>, 1  <0.0013040405837832906>}
x[0,3]{4  <1.0>}
x[0,4]{7  <1.0>}
x[0,5]{2  <1.0>}
x[0,6]{6  <1.0>}
x[0,7]{0  <1.0>}
x[1,0]{0  <1.0>}
x[1,1]{3  <0.9992957181510788>, 1  <7.042818489212636E-4>}
x[1,2]{3  <8.291391631160247E-5>, 1  <0.9999170860836883>}
x[1,3]{2  <1.0>}
x[1,4]{6  <1.0>}
x[1,5]{5  <1.0>}
x[1,6]{4  <1.0>}
x[1,7]{7  <1.0>}
x[2,0]{7  <1.0>}
x[2,1]{0  <0.43316883059493655>, 5  <0.5668311694050635>}
x[2,2]{4  <1.0>}
x[2,3]{0  <0.5085820026750958>, 5  <0.4914179973249041>}
x[2,4]{1  <1.0>}
x[2,5]{3  <1.0>}
x[2,6]{2  <1.0>}
x[2,7]{6  <1.0>}
x[3,0]{6  <1.0>}
x[3,1]{4  <1.0>}
x[3,2]{2  <1.0>}
x[3,3]{7  <1.0>}
x[3,4]{3  <1.0>}
x[3,5]{0  <1.0>}
x[3,6]{5  <1.0>}
x[3,7]{1  <1.0>}
x[4,0]{3  <1.0>}
x[4,1]{0  <0.7389715455834296>, 5  <0.2610284544165703>}
x[4,2]{0  <0.21727429992779276>, 5  <0.7827257000722071>}
x[4,3]{6  <1.0>}
x[4,4]{2  <1.0>}
x[4,5]{1  <1.0>}
x[4,6]{7  <1.0>}
x[4,7]{4  <1.0>}
x[5,0]{1  <1.0>}
x[5,1]{2  <1.0>}
x[5,2]{6  <0.6802387515881693>, 7  <0.31976124841183073>}
x[5,3]{5  <0.0012055663205799065>, 3  <0.99879443367942>}
x[5,4]{4  <1.0>}
x[5,5]{6  <0.41020606416105965>, 7  <0.5897939358389404>}
x[5,6]{0  <1.0>}
x[5,7]{5  <0.9969179458810528>, 3  <0.00308205411894721>}
x[6,0]{2  <1.0>}
x[6,1]{7  <0.225109310023541>, 6  <0.774890689976459>}
x[6,2]{7  <0.7628324990955635>, 6  <0.23716750090443642>}
x[6,3]{0  <0.5606947377044256>, 5  <0.43760108781403595>, 3  <0.001704174481538555>}
x[6,4]{0  <0.5451668985055843>, 5  <0.4548331014944157>}
x[6,5]{4  <1.0>}
x[6,6]{1  <1.0>}
x[6,7]{5  <0.0032914962152712697>, 3  <0.9967085037847287>}
x[7,0]{4  <1.0>}
x[7,1]{6  <0.40870674867916884>, 7  <0.5912932513208311>}
x[7,2]{0  <0.6201937035569505>, 5  <0.37980629644304953>}
x[7,3]{1  <1.0>}
x[7,4]{0  <0.4345553278105797>, 5  <0.5654446721894203>}
x[7,5]{6  <0.5879419770941045>, 7  <0.4120580229058956>}
x[7,6]{3  <1.0>}
x[7,7]{2  <1.0>}
problem entropy = 0.6019575455317165
smallest variable entropy = 8.621112237458272E-4
### branching on x[1,2]=1 marginal=0.9999170860836883
### branching on x[5,3]=3 marginal=0.9987944336794201
##### after BP iteration 1 #####
x[0,0]{5  <1.0>}
x[0,1]{1  <1.0>}
x[0,2]{3  <1.0>}
x[0,3]{4  <1.0>}
x[0,4]{7  <1.0>}
x[0,5]{2  <1.0>}
x[0,6]{6  <1.0>}
x[0,7]{0  <1.0>}
x[1,0]{0  <1.0>}
x[1,1]{3  <1.0>}
x[1,2]{1  <1.0>}
x[1,3]{2  <1.0>}
x[1,4]{6  <1.0>}
x[1,5]{5  <1.0>}
x[1,6]{4  <1.0>}
x[1,7]{7  <1.0>}
x[2,0]{7  <1.0>}
x[2,1]{0  <0.28719101549477893>, 5  <0.7128089845052211>}
x[2,2]{4  <1.0>}
x[2,3]{0  <0.4453524714452219>, 5  <0.5546475285547781>}
x[2,4]{1  <1.0>}
x[2,5]{3  <1.0>}
x[2,6]{2  <1.0>}
x[2,7]{6  <1.0>}
x[3,0]{6  <1.0>}
x[3,1]{4  <1.0>}
x[3,2]{2  <1.0>}
x[3,3]{7  <1.0>}
x[3,4]{3  <1.0>}
x[3,5]{0  <1.0>}
x[3,6]{5  <1.0>}
x[3,7]{1  <1.0>}
x[4,0]{3  <1.0>}
x[4,1]{0  <0.6646516483270446>, 5  <0.33534835167295535>}
x[4,2]{0  <0.38208060747325046>, 5  <0.6179193925267494>}
x[4,3]{6  <1.0>}
x[4,4]{2  <1.0>}
x[4,5]{1  <1.0>}
x[4,6]{7  <1.0>}
x[4,7]{4  <1.0>}
x[5,0]{1  <1.0>}
x[5,1]{2  <1.0>}
x[5,2]{6  <0.724396339184925>, 7  <0.27560366081507504>}
x[5,3]{3  <1.0>}
x[5,4]{4  <1.0>}
x[5,5]{6  <0.339707209454395>, 7  <0.660292790545605>}
x[5,6]{0  <1.0>}
x[5,7]{5  <1.0>}
x[6,0]{2  <1.0>}
x[6,1]{7  <0.3120348853671938>, 6  <0.6879651146328063>}
x[6,2]{7  <0.7057043030713046>, 6  <0.2942956969286954>}
x[6,3]{0  <0.5620299377930688>, 5  <0.4379700622069312>}
x[6,4]{0  <0.5214592105680347>, 5  <0.4785407894319653>}
x[6,5]{4  <1.0>}
x[6,6]{1  <1.0>}
x[6,7]{3  <1.0>}
x[7,0]{4  <1.0>}
x[7,1]{6  <0.2807407870614138>, 7  <0.7192592129385862>}
x[7,2]{0  <0.7340873012768095>, 5  <0.2659126987231905>}
x[7,3]{1  <1.0>}
x[7,4]{0  <0.3529480935602057>, 5  <0.6470519064397944>}
x[7,5]{6  <0.5688677289473477>, 7  <0.4311322710526523>}
x[7,6]{3  <1.0>}
x[7,7]{2  <1.0>}
problem entropy = 0.9201680136953384
smallest variable entropy = 0.5791510024174511
##### after BP iteration 2 #####
x[0,0]{5  <1.0>}
x[0,1]{1  <1.0>}
x[0,2]{3  <1.0>}
x[0,3]{4  <1.0>}
x[0,4]{7  <1.0>}
x[0,5]{2  <1.0>}
x[0,6]{6  <1.0>}
x[0,7]{0  <1.0>}
x[1,0]{0  <1.0>}
x[1,1]{3  <1.0>}
x[1,2]{1  <1.0>}
x[1,3]{2  <1.0>}
x[1,4]{6  <1.0>}
x[1,5]{5  <1.0>}
x[1,6]{4  <1.0>}
x[1,7]{7  <1.0>}
x[2,0]{7  <1.0>}
x[2,1]{0  <0.45123240936904035>, 5  <0.5487675906309598>}
x[2,2]{4  <1.0>}
x[2,3]{0  <0.6514297973286932>, 5  <0.34857020267130684>}
x[2,4]{1  <1.0>}
x[2,5]{3  <1.0>}
x[2,6]{2  <1.0>}
x[2,7]{6  <1.0>}
x[3,0]{6  <1.0>}
x[3,1]{4  <1.0>}
x[3,2]{2  <1.0>}
x[3,3]{7  <1.0>}
x[3,4]{3  <1.0>}
x[3,5]{0  <1.0>}
x[3,6]{5  <1.0>}
x[3,7]{1  <1.0>}
x[4,0]{3  <1.0>}
x[4,1]{0  <0.5864144358490844>, 5  <0.4135855641509156>}
x[4,2]{0  <0.3970118490049332>, 5  <0.6029881509950669>}
x[4,3]{6  <1.0>}
x[4,4]{2  <1.0>}
x[4,5]{1  <1.0>}
x[4,6]{7  <1.0>}
x[4,7]{4  <1.0>}
x[5,0]{1  <1.0>}
x[5,1]{2  <1.0>}
x[5,2]{6  <0.6866150125680914>, 7  <0.3133849874319085>}
x[5,3]{3  <1.0>}
x[5,4]{4  <1.0>}
x[5,5]{6  <0.2930753638645374>, 7  <0.7069246361354626>}
x[5,6]{0  <1.0>}
x[5,7]{5  <1.0>}
x[6,0]{2  <1.0>}
x[6,1]{7  <0.3591016315828533>, 6  <0.6408983684171466>}
x[6,2]{7  <0.643072813469459>, 6  <0.3569271865305409>}
x[6,3]{0  <0.4714581384504527>, 5  <0.5285418615495472>}
x[6,4]{0  <0.5437725346131979>, 5  <0.45622746538680214>}
x[6,5]{4  <1.0>}
x[6,6]{1  <1.0>}
x[6,7]{3  <1.0>}
x[7,0]{4  <1.0>}
x[7,1]{6  <0.3321355734303222>, 7  <0.6678644265696778>}
x[7,2]{0  <0.6448463257928598>, 5  <0.35515367420714>}
x[7,3]{1  <1.0>}
x[7,4]{0  <0.30194345780602555>, 5  <0.6980565421939744>}
x[7,5]{6  <0.7772869129568213>, 7  <0.22271308704317866>}
x[7,6]{3  <1.0>}
x[7,7]{2  <1.0>}
problem entropy = 0.9301221502538308
smallest variable entropy = 0.5303204396650902
##### after BP iteration 3 #####
x[0,0]{5  <1.0>}
x[0,1]{1  <1.0>}
x[0,2]{3  <1.0>}
x[0,3]{4  <1.0>}
x[0,4]{7  <1.0>}
x[0,5]{2  <1.0>}
x[0,6]{6  <1.0>}
x[0,7]{0  <1.0>}
x[1,0]{0  <1.0>}
x[1,1]{3  <1.0>}
x[1,2]{1  <1.0>}
x[1,3]{2  <1.0>}
x[1,4]{6  <1.0>}
x[1,5]{5  <1.0>}
x[1,6]{4  <1.0>}
x[1,7]{7  <1.0>}
x[2,0]{7  <1.0>}
x[2,1]{0  <0.48364923110491503>, 5  <0.5163507688950849>}
x[2,2]{4  <1.0>}
x[2,3]{0  <0.6293550521702267>, 5  <0.37064494782977314>}
x[2,4]{1  <1.0>}
x[2,5]{3  <1.0>}
x[2,6]{2  <1.0>}
x[2,7]{6  <1.0>}
x[3,0]{6  <1.0>}
x[3,1]{4  <1.0>}
x[3,2]{2  <1.0>}
x[3,3]{7  <1.0>}
x[3,4]{3  <1.0>}
x[3,5]{0  <1.0>}
x[3,6]{5  <1.0>}
x[3,7]{1  <1.0>}
x[4,0]{3  <1.0>}
x[4,1]{0  <0.4823899603163921>, 5  <0.5176100396836079>}
x[4,2]{0  <0.3858246728060387>, 5  <0.6141753271939613>}
x[4,3]{6  <1.0>}
x[4,4]{2  <1.0>}
x[4,5]{1  <1.0>}
x[4,6]{7  <1.0>}
x[4,7]{4  <1.0>}
x[5,0]{1  <1.0>}
x[5,1]{2  <1.0>}
x[5,2]{6  <0.6231278194586413>, 7  <0.3768721805413587>}
x[5,3]{3  <1.0>}
x[5,4]{4  <1.0>}
x[5,5]{6  <0.20267361085813004>, 7  <0.79732638914187>}
x[5,6]{0  <1.0>}
x[5,7]{5  <1.0>}
x[6,0]{2  <1.0>}
x[6,1]{7  <0.3783294346857682>, 6  <0.6216705653142317>}
x[6,2]{7  <0.6198697658668857>, 6  <0.38013023413311436>}
x[6,3]{0  <0.2591724779321472>, 5  <0.7408275220678527>}
x[6,4]{0  <0.7040090691052343>, 5  <0.2959909308947657>}
x[6,5]{4  <1.0>}
x[6,6]{1  <1.0>}
x[6,7]{3  <1.0>}
x[7,0]{4  <1.0>}
x[7,1]{6  <0.2914399944168349>, 7  <0.7085600055831651>}
x[7,2]{0  <0.5598447100168353>, 5  <0.4401552899831646>}
x[7,3]{1  <1.0>}
x[7,4]{0  <0.45862099447082244>, 5  <0.5413790055291776>}
x[7,5]{6  <0.7861383062787354>, 7  <0.21386169372126465>}
x[7,6]{3  <1.0>}
x[7,7]{2  <1.0>}
problem entropy = 0.9153917484859649
smallest variable entropy = 0.5040865712031086
##### after BP iteration 4 #####
x[0,0]{5  <1.0>}
x[0,1]{1  <1.0>}
x[0,2]{3  <1.0>}
x[0,3]{4  <1.0>}
x[0,4]{7  <1.0>}
x[0,5]{2  <1.0>}
x[0,6]{6  <1.0>}
x[0,7]{0  <1.0>}
x[1,0]{0  <1.0>}
x[1,1]{3  <1.0>}
x[1,2]{1  <1.0>}
x[1,3]{2  <1.0>}
x[1,4]{6  <1.0>}
x[1,5]{5  <1.0>}
x[1,6]{4  <1.0>}
x[1,7]{7  <1.0>}
x[2,0]{7  <1.0>}
x[2,1]{0  <0.4345553278105797>, 5  <0.5654446721894203>}
x[2,2]{4  <1.0>}
x[2,3]{0  <0.6201937035569506>, 5  <0.3798062964430494>}
x[2,4]{1  <1.0>}
x[2,5]{3  <1.0>}
x[2,6]{2  <1.0>}
x[2,7]{6  <1.0>}
x[3,0]{6  <1.0>}
x[3,1]{4  <1.0>}
x[3,2]{2  <1.0>}
x[3,3]{7  <1.0>}
x[3,4]{3  <1.0>}
x[3,5]{0  <1.0>}
x[3,6]{5  <1.0>}
x[3,7]{1  <1.0>}
x[4,0]{3  <1.0>}
x[4,1]{0  <0.5451668985055841>, 5  <0.45483310149441575>}
x[4,2]{0  <0.5616518905237641>, 5  <0.43834810947623587>}
x[4,3]{6  <1.0>}
x[4,4]{2  <1.0>}
x[4,5]{1  <1.0>}
x[4,6]{7  <1.0>}
x[4,7]{4  <1.0>}
x[5,0]{1  <1.0>}
x[5,1]{2  <1.0>}
x[5,2]{6  <0.7454178626187389>, 7  <0.254582137381261>}
x[5,3]{3  <1.0>}
x[5,4]{4  <1.0>}
x[5,5]{6  <0.28411213695715126>, 7  <0.7158878630428487>}
x[5,6]{0  <1.0>}
x[5,7]{5  <1.0>}
x[6,0]{2  <1.0>}
x[6,1]{7  <0.31042553218274505>, 6  <0.689574467817255>}
x[6,2]{7  <0.6012711536989312>, 6  <0.3987288463010688>}
x[6,3]{0  <0.2172742999277928>, 5  <0.7827257000722071>}
x[6,4]{0  <0.7389715455834297>, 5  <0.26102845441657024>}
x[6,5]{4  <1.0>}
x[6,6]{1  <1.0>}
x[6,7]{3  <1.0>}
x[7,0]{4  <1.0>}
x[7,1]{6  <0.24975746207102265>, 7  <0.7502425379289774>}
x[7,2]{0  <0.5085820026750958>, 5  <0.49141799732490415>}
x[7,3]{1  <1.0>}
x[7,4]{0  <0.43316883059493655>, 5  <0.5668311694050635>}
x[7,5]{6  <0.7326565103620997>, 7  <0.26734348963790033>}
x[7,6]{3  <1.0>}
x[7,7]{2  <1.0>}
problem entropy = 0.9064840811149975
smallest variable entropy = 0.5234364223208663
##### after BP iteration 5 #####
x[0,0]{5  <1.0>}
x[0,1]{1  <1.0>}
x[0,2]{3  <1.0>}
x[0,3]{4  <1.0>}
x[0,4]{7  <1.0>}
x[0,5]{2  <1.0>}
x[0,6]{6  <1.0>}
x[0,7]{0  <1.0>}
x[1,0]{0  <1.0>}
x[1,1]{3  <1.0>}
x[1,2]{1  <1.0>}
x[1,3]{2  <1.0>}
x[1,4]{6  <1.0>}
x[1,5]{5  <1.0>}
x[1,6]{4  <1.0>}
x[1,7]{7  <1.0>}
x[2,0]{7  <1.0>}
x[2,1]{0  <0.35294809356020573>, 5  <0.6470519064397943>}
x[2,2]{4  <1.0>}
x[2,3]{0  <0.7340873012768095>, 5  <0.26591269872319057>}
x[2,4]{1  <1.0>}
x[2,5]{3  <1.0>}
x[2,6]{2  <1.0>}
x[2,7]{6  <1.0>}
x[3,0]{6  <1.0>}
x[3,1]{4  <1.0>}
x[3,2]{2  <1.0>}
x[3,3]{7  <1.0>}
x[3,4]{3  <1.0>}
x[3,5]{0  <1.0>}
x[3,6]{5  <1.0>}
x[3,7]{1  <1.0>}
x[4,0]{3  <1.0>}
x[4,1]{0  <0.5214592105680347>, 5  <0.4785407894319653>}
x[4,2]{0  <0.5620299377930688>, 5  <0.43797006220693113>}
x[4,3]{6  <1.0>}
x[4,4]{2  <1.0>}
x[4,5]{1  <1.0>}
x[4,6]{7  <1.0>}
x[4,7]{4  <1.0>}
x[5,0]{1  <1.0>}
x[5,1]{2  <1.0>}
x[5,2]{6  <0.696793150651419>, 7  <0.303206849348581>}
x[5,3]{3  <1.0>}
x[5,4]{4  <1.0>}
x[5,5]{6  <0.32898113544738866>, 7  <0.6710188645526113>}
x[5,6]{0  <1.0>}
x[5,7]{5  <1.0>}
x[6,0]{2  <1.0>}
x[6,1]{7  <0.2661927609143552>, 6  <0.7338072390856448>}
x[6,2]{7  <0.7995455707433143>, 6  <0.2004544292566857>}
x[6,3]{0  <0.38208060747325046>, 5  <0.6179193925267495>}
x[6,4]{0  <0.6646516483270447>, 5  <0.33534835167295535>}
x[6,5]{4  <1.0>}
x[6,6]{1  <1.0>}
x[6,7]{3  <1.0>}
x[7,0]{4  <1.0>}
x[7,1]{6  <0.28539154210748574>, 7  <0.7146084578925143>}
x[7,2]{0  <0.4453524714452217>, 5  <0.5546475285547782>}
x[7,3]{1  <1.0>}
x[7,4]{0  <0.28719101549477893>, 5  <0.7128089845052211>}
x[7,5]{6  <0.6731039508990843>, 7  <0.3268960491009158>}
x[7,6]{3  <1.0>}
x[7,7]{2  <1.0>}
problem entropy = 0.902016987503079
smallest variable entropy = 0.5010317512892886
##### after BP iteration 6 #####
x[0,0]{5  <1.0>}
x[0,1]{1  <1.0>}
x[0,2]{3  <1.0>}
x[0,3]{4  <1.0>}
x[0,4]{7  <1.0>}
x[0,5]{2  <1.0>}
x[0,6]{6  <1.0>}
x[0,7]{0  <1.0>}
x[1,0]{0  <1.0>}
x[1,1]{3  <1.0>}
x[1,2]{1  <1.0>}
x[1,3]{2  <1.0>}
x[1,4]{6  <1.0>}
x[1,5]{5  <1.0>}
x[1,6]{4  <1.0>}
x[1,7]{7  <1.0>}
x[2,0]{7  <1.0>}
x[2,1]{0  <0.3019434578060255>, 5  <0.6980565421939744>}
x[2,2]{4  <1.0>}
x[2,3]{0  <0.6448463257928599>, 5  <0.3551536742071401>}
x[2,4]{1  <1.0>}
x[2,5]{3  <1.0>}
x[2,6]{2  <1.0>}
x[2,7]{6  <1.0>}
x[3,0]{6  <1.0>}
x[3,1]{4  <1.0>}
x[3,2]{2  <1.0>}
x[3,3]{7  <1.0>}
x[3,4]{3  <1.0>}
x[3,5]{0  <1.0>}
x[3,6]{5  <1.0>}
x[3,7]{1  <1.0>}
x[4,0]{3  <1.0>}
x[4,1]{0  <0.543772534613198>, 5  <0.4562274653868021>}
x[4,2]{0  <0.47145813845045276>, 5  <0.5285418615495472>}
x[4,3]{6  <1.0>}
x[4,4]{2  <1.0>}
x[4,5]{1  <1.0>}
x[4,6]{7  <1.0>}
x[4,7]{4  <1.0>}
x[5,0]{1  <1.0>}
x[5,1]{2  <1.0>}
x[5,2]{6  <0.7353487604117691>, 7  <0.2646512395882309>}
x[5,3]{3  <1.0>}
x[5,4]{4  <1.0>}
x[5,5]{6  <0.34747054731710136>, 7  <0.6525294526828986>}
x[5,6]{0  <1.0>}
x[5,7]{5  <1.0>}
x[6,0]{2  <1.0>}
x[6,1]{7  <0.18194894059873334>, 6  <0.8180510594012667>}
x[6,2]{7  <0.8077311502620437>, 6  <0.1922688497379563>}
x[6,3]{0  <0.39701184900493314>, 5  <0.6029881509950669>}
x[6,4]{0  <0.5864144358490843>, 5  <0.4135855641509157>}
x[6,5]{4  <1.0>}
x[6,6]{1  <1.0>}
x[6,7]{3  <1.0>}
x[7,0]{4  <1.0>}
x[7,1]{6  <0.34606598843266634>, 7  <0.6539340115673337>}
x[7,2]{0  <0.6514297973286931>, 5  <0.34857020267130673>}
x[7,3]{1  <1.0>}
x[7,4]{0  <0.4512324093690404>, 5  <0.5487675906309597>}
x[7,5]{6  <0.6507930291864935>, 7  <0.3492069708135066>}
x[7,6]{3  <1.0>}
x[7,7]{2  <1.0>}
problem entropy = 0.907688370340905
smallest variable entropy = 0.47433592692700305
##### after BP iteration 7 #####
x[0,0]{5  <1.0>}
x[0,1]{1  <1.0>}
x[0,2]{3  <1.0>}
x[0,3]{4  <1.0>}
x[0,4]{7  <1.0>}
x[0,5]{2  <1.0>}
x[0,6]{6  <1.0>}
x[0,7]{0  <1.0>}
x[1,0]{0  <1.0>}
x[1,1]{3  <1.0>}
x[1,2]{1  <1.0>}
x[1,3]{2  <1.0>}
x[1,4]{6  <1.0>}
x[1,5]{5  <1.0>}
x[1,6]{4  <1.0>}
x[1,7]{7  <1.0>}
x[2,0]{7  <1.0>}
x[2,1]{0  <0.45862099447082244>, 5  <0.5413790055291775>}
x[2,2]{4  <1.0>}
x[2,3]{0  <0.5598447100168354>, 5  <0.44015528998316467>}
x[2,4]{1  <1.0>}
x[2,5]{3  <1.0>}
x[2,6]{2  <1.0>}
x[2,7]{6  <1.0>}
x[3,0]{6  <1.0>}
x[3,1]{4  <1.0>}
x[3,2]{2  <1.0>}
x[3,3]{7  <1.0>}
x[3,4]{3  <1.0>}
x[3,5]{0  <1.0>}
x[3,6]{5  <1.0>}
x[3,7]{1  <1.0>}
x[4,0]{3  <1.0>}
x[4,1]{0  <0.7040090691052342>, 5  <0.2959909308947658>}
x[4,2]{0  <0.25917247793214715>, 5  <0.7408275220678529>}
x[4,3]{6  <1.0>}
x[4,4]{2  <1.0>}
x[4,5]{1  <1.0>}
x[4,6]{7  <1.0>}
x[4,7]{4  <1.0>}
x[5,0]{1  <1.0>}
x[5,1]{2  <1.0>}
x[5,2]{6  <0.7744196744887496>, 7  <0.22558032551125035>}
x[5,3]{3  <1.0>}
x[5,4]{4  <1.0>}
x[5,5]{6  <0.28258764309698287>, 7  <0.7174123569030172>}
x[5,6]{0  <1.0>}
x[5,7]{5  <1.0>}
x[6,0]{2  <1.0>}
x[6,1]{7  <0.25775192615561926>, 6  <0.7422480738443807>}
x[6,2]{7  <0.7579868671319439>, 6  <0.2420131328680562>}
x[6,3]{0  <0.38582467280603877>, 5  <0.6141753271939612>}
x[6,4]{0  <0.48238996031639214>, 5  <0.5176100396836079>}
x[6,5]{4  <1.0>}
x[6,6]{1  <1.0>}
x[6,7]{3  <1.0>}
x[7,0]{4  <1.0>}
x[7,1]{6  <0.23008119036024532>, 7  <0.7699188096397547>}
x[7,2]{0  <0.6293550521702268>, 5  <0.37064494782977325>}
x[7,3]{1  <1.0>}
x[7,4]{0  <0.4836492311049151>, 5  <0.5163507688950849>}
x[7,5]{6  <0.6328111617555868>, 7  <0.3671888382444132>}
x[7,6]{3  <1.0>}
x[7,7]{2  <1.0>}
problem entropy = 0.8982575438847473
smallest variable entropy = 0.5338806005587174
##### after BP iteration 8 #####
x[0,0]{5  <1.0>}
x[0,1]{1  <1.0>}
x[0,2]{3  <1.0>}
x[0,3]{4  <1.0>}
x[0,4]{7  <1.0>}
x[0,5]{2  <1.0>}
x[0,6]{6  <1.0>}
x[0,7]{0  <1.0>}
x[1,0]{0  <1.0>}
x[1,1]{3  <1.0>}
x[1,2]{1  <1.0>}
x[1,3]{2  <1.0>}
x[1,4]{6  <1.0>}
x[1,5]{5  <1.0>}
x[1,6]{4  <1.0>}
x[1,7]{7  <1.0>}
x[2,0]{7  <1.0>}
x[2,1]{0  <0.4331688305949366>, 5  <0.5668311694050634>}
x[2,2]{4  <1.0>}
x[2,3]{0  <0.5085820026750957>, 5  <0.49141799732490427>}
x[2,4]{1  <1.0>}
x[2,5]{3  <1.0>}
x[2,6]{2  <1.0>}
x[2,7]{6  <1.0>}
x[3,0]{6  <1.0>}
x[3,1]{4  <1.0>}
x[3,2]{2  <1.0>}
x[3,3]{7  <1.0>}
x[3,4]{3  <1.0>}
x[3,5]{0  <1.0>}
x[3,6]{5  <1.0>}
x[3,7]{1  <1.0>}
x[4,0]{3  <1.0>}
x[4,1]{0  <0.7389715455834297>, 5  <0.2610284544165704>}
x[4,2]{0  <0.2172742999277929>, 5  <0.7827257000722071>}
x[4,3]{6  <1.0>}
x[4,4]{2  <1.0>}
x[4,5]{1  <1.0>}
x[4,6]{7  <1.0>}
x[4,7]{4  <1.0>}
x[5,0]{1  <1.0>}
x[5,1]{2  <1.0>}
x[5,2]{6  <0.7410444346389882>, 7  <0.25895556536101183>}
x[5,3]{3  <1.0>}
x[5,4]{4  <1.0>}
x[5,5]{6  <0.24093557917804867>, 7  <0.7590644208219512>}
x[5,6]{0  <1.0>}
x[5,7]{5  <1.0>}
x[6,0]{2  <1.0>}
x[6,1]{7  <0.3002036611815877>, 6  <0.6997963388184123>}
x[6,2]{7  <0.70178009338212>, 6  <0.2982199066178799>}
x[6,3]{0  <0.5616518905237641>, 5  <0.43834810947623587>}
x[6,4]{0  <0.5451668985055842>, 5  <0.45483310149441564>}
x[6,5]{4  <1.0>}
x[6,6]{1  <1.0>}
x[6,7]{3  <1.0>}
x[7,0]{4  <1.0>}
x[7,1]{6  <0.2757574361031689>, 7  <0.7242425638968312>}
x[7,2]{0  <0.6201937035569507>, 5  <0.3798062964430493>}
x[7,3]{1  <1.0>}
x[7,4]{0  <0.4345553278105796>, 5  <0.5654446721894203>}
x[7,5]{6  <0.8200945180626629>, 7  <0.17990548193733719>}
x[7,6]{3  <1.0>}
x[7,7]{2  <1.0>}
problem entropy = 0.8864867940747264
smallest variable entropy = 0.47125013431585
##### after BP iteration 9 #####
x[0,0]{5  <1.0>}
x[0,1]{1  <1.0>}
x[0,2]{3  <1.0>}
x[0,3]{4  <1.0>}
x[0,4]{7  <1.0>}
x[0,5]{2  <1.0>}
x[0,6]{6  <1.0>}
x[0,7]{0  <1.0>}
x[1,0]{0  <1.0>}
x[1,1]{3  <1.0>}
x[1,2]{1  <1.0>}
x[1,3]{2  <1.0>}
x[1,4]{6  <1.0>}
x[1,5]{5  <1.0>}
x[1,6]{4  <1.0>}
x[1,7]{7  <1.0>}
x[2,0]{7  <1.0>}
x[2,1]{0  <0.2871910154947791>, 5  <0.7128089845052208>}
x[2,2]{4  <1.0>}
x[2,3]{0  <0.4453524714452216>, 5  <0.5546475285547784>}
x[2,4]{1  <1.0>}
x[2,5]{3  <1.0>}
x[2,6]{2  <1.0>}
x[2,7]{6  <1.0>}
x[3,0]{6  <1.0>}
x[3,1]{4  <1.0>}
x[3,2]{2  <1.0>}
x[3,3]{7  <1.0>}
x[3,4]{3  <1.0>}
x[3,5]{0  <1.0>}
x[3,6]{5  <1.0>}
x[3,7]{1  <1.0>}
x[4,0]{3  <1.0>}
x[4,1]{0  <0.6646516483270447>, 5  <0.33534835167295535>}
x[4,2]{0  <0.38208060747325046>, 5  <0.6179193925267495>}
x[4,3]{6  <1.0>}
x[4,4]{2  <1.0>}
x[4,5]{1  <1.0>}
x[4,6]{7  <1.0>}
x[4,7]{4  <1.0>}
x[5,0]{1  <1.0>}
x[5,1]{2  <1.0>}
x[5,2]{6  <0.6835010707738509>, 7  <0.3164989292261489>}
x[5,3]{3  <1.0>}
x[5,4]{4  <1.0>}
x[5,5]{6  <0.16291049706813676>, 7  <0.8370895029318632>}
x[5,6]{0  <1.0>}
x[5,7]{5  <1.0>}
x[6,0]{2  <1.0>}
x[6,1]{7  <0.3178418124698587>, 6  <0.6821581875301413>}
x[6,2]{7  <0.6804973306205799>, 6  <0.3195026693794201>}
x[6,3]{0  <0.562029937793069>, 5  <0.4379700622069311>}
x[6,4]{0  <0.5214592105680348>, 5  <0.47854078943196515>}
x[6,5]{4  <1.0>}
x[6,6]{1  <1.0>}
x[6,7]{3  <1.0>}
x[7,0]{4  <1.0>}
x[7,1]{6  <0.23949258585452585>, 7  <0.7605074141454742>}
x[7,2]{0  <0.7340873012768094>, 5  <0.26591269872319057>}
x[7,3]{1  <1.0>}
x[7,4]{0  <0.35294809356020557>, 5  <0.6470519064397945>}
x[7,5]{6  <0.827621888835078>, 7  <0.17237811116492197>}
x[7,6]{3  <1.0>}
x[7,7]{2  <1.0>}
problem entropy = 0.8786364052758645
smallest variable entropy = 0.4444647864801962
##### after BP iteration 10 #####
x[0,0]{5  <1.0>}
x[0,1]{1  <1.0>}
x[0,2]{3  <1.0>}
x[0,3]{4  <1.0>}
x[0,4]{7  <1.0>}
x[0,5]{2  <1.0>}
x[0,6]{6  <1.0>}
x[0,7]{0  <1.0>}
x[1,0]{0  <1.0>}
x[1,1]{3  <1.0>}
x[1,2]{1  <1.0>}
x[1,3]{2  <1.0>}
x[1,4]{6  <1.0>}
x[1,5]{5  <1.0>}
x[1,6]{4  <1.0>}
x[1,7]{7  <1.0>}
x[2,0]{7  <1.0>}
x[2,1]{0  <0.4512324093690406>, 5  <0.5487675906309595>}
x[2,2]{4  <1.0>}
x[2,3]{0  <0.651429797328693>, 5  <0.3485702026713071>}
x[2,4]{1  <1.0>}
x[2,5]{3  <1.0>}
x[2,6]{2  <1.0>}
x[2,7]{6  <1.0>}
x[3,0]{6  <1.0>}
x[3,1]{4  <1.0>}
x[3,2]{2  <1.0>}
x[3,3]{7  <1.0>}
x[3,4]{3  <1.0>}
x[3,5]{0  <1.0>}
x[3,6]{5  <1.0>}
x[3,7]{1  <1.0>}
x[4,0]{3  <1.0>}
x[4,1]{0  <0.5864144358490843>, 5  <0.4135855641509158>}
x[4,2]{0  <0.3970118490049331>, 5  <0.6029881509950669>}
x[4,3]{6  <1.0>}
x[4,4]{2  <1.0>}
x[4,5]{1  <1.0>}
x[4,6]{7  <1.0>}
x[4,7]{4  <1.0>}
x[5,0]{1  <1.0>}
x[5,1]{2  <1.0>}
x[5,2]{6  <0.7927174823855864>, 7  <0.20728251761441366>}
x[5,3]{3  <1.0>}
x[5,4]{4  <1.0>}
x[5,5]{6  <0.2330412905761408>, 7  <0.7669587094238591>}
x[5,6]{0  <1.0>}
x[5,7]{5  <1.0>}
x[6,0]{2  <1.0>}
x[6,1]{7  <0.25631823339198795>, 6  <0.7436817666080121>}
x[6,2]{7  <0.6632535754861117>, 6  <0.33674642451388825>}
x[6,3]{0  <0.47145813845045287>, 5  <0.5285418615495471>}
x[6,4]{0  <0.5437725346131979>, 5  <0.4562274653868021>}
x[6,5]{4  <1.0>}
x[6,6]{1  <1.0>}
x[6,7]{3  <1.0>}
x[7,0]{4  <1.0>}
x[7,1]{6  <0.20310998694350677>, 7  <0.7968900130564932>}
x[7,2]{0  <0.6448463257928599>, 5  <0.35515367420714006>}
x[7,3]{1  <1.0>}
x[7,4]{0  <0.3019434578060256>, 5  <0.6980565421939743>}
x[7,5]{6  <0.7816325344331649>, 7  <0.2183674655668351>}
x[7,6]{3  <1.0>}
x[7,7]{2  <1.0>}
problem entropy = 0.8882433769570662
smallest variable entropy = 0.5046836723611144
### branching on x[7,1]=7 marginal=0.7968900130564932
##### after BP iteration 1 #####
x[0,0]{5  <1.0>}
x[0,1]{1  <1.0>}
x[0,2]{3  <1.0>}
x[0,3]{4  <1.0>}
x[0,4]{7  <1.0>}
x[0,5]{2  <1.0>}
x[0,6]{6  <1.0>}
x[0,7]{0  <1.0>}
x[1,0]{0  <1.0>}
x[1,1]{3  <1.0>}
x[1,2]{1  <1.0>}
x[1,3]{2  <1.0>}
x[1,4]{6  <1.0>}
x[1,5]{5  <1.0>}
x[1,6]{4  <1.0>}
x[1,7]{7  <1.0>}
x[2,0]{7  <1.0>}
x[2,1]{0  <0.4836492311049151>, 5  <0.5163507688950849>}
x[2,2]{4  <1.0>}
x[2,3]{0  <0.6293550521702267>, 5  <0.3706449478297733>}
x[2,4]{1  <1.0>}
x[2,5]{3  <1.0>}
x[2,6]{2  <1.0>}
x[2,7]{6  <1.0>}
x[3,0]{6  <1.0>}
x[3,1]{4  <1.0>}
x[3,2]{2  <1.0>}
x[3,3]{7  <1.0>}
x[3,4]{3  <1.0>}
x[3,5]{0  <1.0>}
x[3,6]{5  <1.0>}
x[3,7]{1  <1.0>}
x[4,0]{3  <1.0>}
x[4,1]{0  <0.48238996031639203>, 5  <0.517610039683608>}
x[4,2]{0  <0.38582467280603894>, 5  <0.6141753271939612>}
x[4,3]{6  <1.0>}
x[4,4]{2  <1.0>}
x[4,5]{1  <1.0>}
x[4,6]{7  <1.0>}
x[4,7]{4  <1.0>}
x[5,0]{1  <1.0>}
x[5,1]{2  <1.0>}
x[5,2]{6  <1.0>}
x[5,3]{3  <1.0>}
x[5,4]{4  <1.0>}
x[5,5]{7  <1.0>}
x[5,6]{0  <1.0>}
x[5,7]{5  <1.0>}
x[6,0]{2  <1.0>}
x[6,1]{6  <1.0>}
x[6,2]{7  <1.0>}
x[6,3]{0  <0.25917247793214726>, 5  <0.7408275220678527>}
x[6,4]{0  <0.7040090691052341>, 5  <0.29599093089476586>}
x[6,5]{4  <1.0>}
x[6,6]{1  <1.0>}
x[6,7]{3  <1.0>}
x[7,0]{4  <1.0>}
x[7,1]{7  <1.0>}
x[7,2]{0  <0.5598447100168353>, 5  <0.4401552899831646>}
x[7,3]{1  <1.0>}
x[7,4]{0  <0.45862099447082255>, 5  <0.5413790055291775>}
x[7,5]{6  <1.0>}
x[7,6]{3  <1.0>}
x[7,7]{2  <1.0>}
problem entropy = 0.9497596217758509
smallest variable entropy = 0.5721895742357361
##### after BP iteration 2 #####
x[0,0]{5  <1.0>}
x[0,1]{1  <1.0>}
x[0,2]{3  <1.0>}
x[0,3]{4  <1.0>}
x[0,4]{7  <1.0>}
x[0,5]{2  <1.0>}
x[0,6]{6  <1.0>}
x[0,7]{0  <1.0>}
x[1,0]{0  <1.0>}
x[1,1]{3  <1.0>}
x[1,2]{1  <1.0>}
x[1,3]{2  <1.0>}
x[1,4]{6  <1.0>}
x[1,5]{5  <1.0>}
x[1,6]{4  <1.0>}
x[1,7]{7  <1.0>}
x[2,0]{7  <1.0>}
x[2,1]{0  <0.4345553278105797>, 5  <0.5654446721894203>}
x[2,2]{4  <1.0>}
x[2,3]{0  <0.6201937035569507>, 5  <0.37980629644304925>}
x[2,4]{1  <1.0>}
x[2,5]{3  <1.0>}
x[2,6]{2  <1.0>}
x[2,7]{6  <1.0>}
x[3,0]{6  <1.0>}
x[3,1]{4  <1.0>}
x[3,2]{2  <1.0>}
x[3,3]{7  <1.0>}
x[3,4]{3  <1.0>}
x[3,5]{0  <1.0>}
x[3,6]{5  <1.0>}
x[3,7]{1  <1.0>}
x[4,0]{3  <1.0>}
x[4,1]{0  <0.5451668985055842>, 5  <0.4548331014944158>}
x[4,2]{0  <0.5616518905237642>, 5  <0.4383481094762358>}
x[4,3]{6  <1.0>}
x[4,4]{2  <1.0>}
x[4,5]{1  <1.0>}
x[4,6]{7  <1.0>}
x[4,7]{4  <1.0>}
x[5,0]{1  <1.0>}
x[5,1]{2  <1.0>}
x[5,2]{6  <1.0>}
x[5,3]{3  <1.0>}
x[5,4]{4  <1.0>}
x[5,5]{7  <1.0>}
x[5,6]{0  <1.0>}
x[5,7]{5  <1.0>}
x[6,0]{2  <1.0>}
x[6,1]{6  <1.0>}
x[6,2]{7  <1.0>}
x[6,3]{0  <0.217274299927793>, 5  <0.782725700072207>}
x[6,4]{0  <0.7389715455834295>, 5  <0.2610284544165704>}
x[6,5]{4  <1.0>}
x[6,6]{1  <1.0>}
x[6,7]{3  <1.0>}
x[7,0]{4  <1.0>}
x[7,1]{7  <1.0>}
x[7,2]{0  <0.5085820026750956>, 5  <0.49141799732490443>}
x[7,3]{1  <1.0>}
x[7,4]{0  <0.4331688305949366>, 5  <0.5668311694050634>}
x[7,5]{6  <1.0>}
x[7,6]{3  <1.0>}
x[7,7]{2  <1.0>}
problem entropy = 0.9373671075123533
smallest variable entropy = 0.5234364223208665
##### after BP iteration 3 #####
x[0,0]{5  <1.0>}
x[0,1]{1  <1.0>}
x[0,2]{3  <1.0>}
x[0,3]{4  <1.0>}
x[0,4]{7  <1.0>}
x[0,5]{2  <1.0>}
x[0,6]{6  <1.0>}
x[0,7]{0  <1.0>}
x[1,0]{0  <1.0>}
x[1,1]{3  <1.0>}
x[1,2]{1  <1.0>}
x[1,3]{2  <1.0>}
x[1,4]{6  <1.0>}
x[1,5]{5  <1.0>}
x[1,6]{4  <1.0>}
x[1,7]{7  <1.0>}
x[2,0]{7  <1.0>}
x[2,1]{0  <0.3529480935602056>, 5  <0.6470519064397944>}
x[2,2]{4  <1.0>}
x[2,3]{0  <0.7340873012768093>, 5  <0.2659126987231907>}
x[2,4]{1  <1.0>}
x[2,5]{3  <1.0>}
x[2,6]{2  <1.0>}
x[2,7]{6  <1.0>}
x[3,0]{6  <1.0>}
x[3,1]{4  <1.0>}
x[3,2]{2  <1.0>}
x[3,3]{7  <1.0>}
x[3,4]{3  <1.0>}
x[3,5]{0  <1.0>}
x[3,6]{5  <1.0>}
x[3,7]{1  <1.0>}
x[4,0]{3  <1.0>}
x[4,1]{0  <0.5214592105680347>, 5  <0.4785407894319653>}
x[4,2]{0  <0.562029937793069>, 5  <0.437970062206931>}
x[4,3]{6  <1.0>}
x[4,4]{2  <1.0>}
x[4,5]{1  <1.0>}
x[4,6]{7  <1.0>}
x[4,7]{4  <1.0>}
x[5,0]{1  <1.0>}
x[5,1]{2  <1.0>}
x[5,2]{6  <1.0>}
x[5,3]{3  <1.0>}
x[5,4]{4  <1.0>}
x[5,5]{7  <1.0>}
x[5,6]{0  <1.0>}
x[5,7]{5  <1.0>}
x[6,0]{2  <1.0>}
x[6,1]{6  <1.0>}
x[6,2]{7  <1.0>}
x[6,3]{0  <0.38208060747325046>, 5  <0.6179193925267495>}
x[6,4]{0  <0.6646516483270446>, 5  <0.3353483516729554>}
x[6,5]{4  <1.0>}
x[6,6]{1  <1.0>}
x[6,7]{3  <1.0>}
x[7,0]{4  <1.0>}
x[7,1]{7  <1.0>}
x[7,2]{0  <0.4453524714452216>, 5  <0.5546475285547783>}
x[7,3]{1  <1.0>}
x[7,4]{0  <0.2871910154947792>, 5  <0.7128089845052209>}
x[7,5]{6  <1.0>}
x[7,6]{3  <1.0>}
x[7,7]{2  <1.0>}
problem entropy = 0.9369973347629219
smallest variable entropy = 0.5791510024174514
##### after BP iteration 4 #####
x[0,0]{5  <1.0>}
x[0,1]{1  <1.0>}
x[0,2]{3  <1.0>}
x[0,3]{4  <1.0>}
x[0,4]{7  <1.0>}
x[0,5]{2  <1.0>}
x[0,6]{6  <1.0>}
x[0,7]{0  <1.0>}
x[1,0]{0  <1.0>}
x[1,1]{3  <1.0>}
x[1,2]{1  <1.0>}
x[1,3]{2  <1.0>}
x[1,4]{6  <1.0>}
x[1,5]{5  <1.0>}
x[1,6]{4  <1.0>}
x[1,7]{7  <1.0>}
x[2,0]{7  <1.0>}
x[2,1]{0  <0.3019434578060257>, 5  <0.6980565421939743>}
x[2,2]{4  <1.0>}
x[2,3]{0  <0.6448463257928599>, 5  <0.3551536742071401>}
x[2,4]{1  <1.0>}
x[2,5]{3  <1.0>}
x[2,6]{2  <1.0>}
x[2,7]{6  <1.0>}
x[3,0]{6  <1.0>}
x[3,1]{4  <1.0>}
x[3,2]{2  <1.0>}
x[3,3]{7  <1.0>}
x[3,4]{3  <1.0>}
x[3,5]{0  <1.0>}
x[3,6]{5  <1.0>}
x[3,7]{1  <1.0>}
x[4,0]{3  <1.0>}
x[4,1]{0  <0.5437725346131979>, 5  <0.4562274653868021>}
x[4,2]{0  <0.4714581384504528>, 5  <0.5285418615495472>}
x[4,3]{6  <1.0>}
x[4,4]{2  <1.0>}
x[4,5]{1  <1.0>}
x[4,6]{7  <1.0>}
x[4,7]{4  <1.0>}
x[5,0]{1  <1.0>}
x[5,1]{2  <1.0>}
x[5,2]{6  <1.0>}
x[5,3]{3  <1.0>}
x[5,4]{4  <1.0>}
x[5,5]{7  <1.0>}
x[5,6]{0  <1.0>}
x[5,7]{5  <1.0>}
x[6,0]{2  <1.0>}
x[6,1]{6  <1.0>}
x[6,2]{7  <1.0>}
x[6,3]{0  <0.39701184900493297>, 5  <0.602988150995067>}
x[6,4]{0  <0.5864144358490841>, 5  <0.41358556415091585>}
x[6,5]{4  <1.0>}
x[6,6]{1  <1.0>}
x[6,7]{3  <1.0>}
x[7,0]{4  <1.0>}
x[7,1]{7  <1.0>}
x[7,2]{0  <0.6514297973286929>, 5  <0.34857020267130695>}
x[7,3]{1  <1.0>}
x[7,4]{0  <0.4512324093690407>, 5  <0.5487675906309595>}
x[7,5]{6  <1.0>}
x[7,6]{3  <1.0>}
x[7,7]{2  <1.0>}
problem entropy = 0.9609731294756242
smallest variable entropy = 0.6125020078207122
### branching on x[2,1]=5 marginal=0.6980565421939743
##### after BP iteration 1 #####
x[0,0]{5  <1.0>}
x[0,1]{1  <1.0>}
x[0,2]{3  <1.0>}
x[0,3]{4  <1.0>}
x[0,4]{7  <1.0>}
x[0,5]{2  <1.0>}
x[0,6]{6  <1.0>}
x[0,7]{0  <1.0>}
x[1,0]{0  <1.0>}
x[1,1]{3  <1.0>}
x[1,2]{1  <1.0>}
x[1,3]{2  <1.0>}
x[1,4]{6  <1.0>}
x[1,5]{5  <1.0>}
x[1,6]{4  <1.0>}
x[1,7]{7  <1.0>}
x[2,0]{7  <1.0>}
x[2,1]{5  <1.0>}
x[2,2]{4  <1.0>}
x[2,3]{0  <1.0>}
x[2,4]{1  <1.0>}
x[2,5]{3  <1.0>}
x[2,6]{2  <1.0>}
x[2,7]{6  <1.0>}
x[3,0]{6  <1.0>}
x[3,1]{4  <1.0>}
x[3,2]{2  <1.0>}
x[3,3]{7  <1.0>}
x[3,4]{3  <1.0>}
x[3,5]{0  <1.0>}
x[3,6]{5  <1.0>}
x[3,7]{1  <1.0>}
x[4,0]{3  <1.0>}
x[4,1]{0  <1.0>}
x[4,2]{5  <1.0>}
x[4,3]{6  <1.0>}
x[4,4]{2  <1.0>}
x[4,5]{1  <1.0>}
x[4,6]{7  <1.0>}
x[4,7]{4  <1.0>}
x[5,0]{1  <1.0>}
x[5,1]{2  <1.0>}
x[5,2]{6  <1.0>}
x[5,3]{3  <1.0>}
x[5,4]{4  <1.0>}
x[5,5]{7  <1.0>}
x[5,6]{0  <1.0>}
x[5,7]{5  <1.0>}
x[6,0]{2  <1.0>}
x[6,1]{6  <1.0>}
x[6,2]{7  <1.0>}
x[6,3]{5  <1.0>}
x[6,4]{0  <1.0>}
x[6,5]{4  <1.0>}
x[6,6]{1  <1.0>}
x[6,7]{3  <1.0>}
x[7,0]{4  <1.0>}
x[7,1]{7  <1.0>}
x[7,2]{0  <1.0>}
x[7,3]{1  <1.0>}
x[7,4]{5  <1.0>}
x[7,5]{6  <1.0>}
x[7,6]{3  <1.0>}
x[7,7]{2  <1.0>}
problem entropy = 0.0
smallest variable entropy = 1.7976931348623157E308
### branching on x[2,1]!=5
##### after BP iteration 1 #####
x[0,0]{5  <1.0>}
x[0,1]{1  <1.0>}
x[0,2]{3  <1.0>}
x[0,3]{4  <1.0>}
x[0,4]{7  <1.0>}
x[0,5]{2  <1.0>}
x[0,6]{6  <1.0>}
x[0,7]{0  <1.0>}
x[1,0]{0  <1.0>}
x[1,1]{3  <1.0>}
x[1,2]{1  <1.0>}
x[1,3]{2  <1.0>}
x[1,4]{6  <1.0>}
x[1,5]{5  <1.0>}
x[1,6]{4  <1.0>}
x[1,7]{7  <1.0>}
x[2,0]{7  <1.0>}
x[2,1]{0  <1.0>}
x[2,2]{4  <1.0>}
x[2,3]{5  <1.0>}
x[2,4]{1  <1.0>}
x[2,5]{3  <1.0>}
x[2,6]{2  <1.0>}
x[2,7]{6  <1.0>}
x[3,0]{6  <1.0>}
x[3,1]{4  <1.0>}
x[3,2]{2  <1.0>}
x[3,3]{7  <1.0>}
x[3,4]{3  <1.0>}
x[3,5]{0  <1.0>}
x[3,6]{5  <1.0>}
x[3,7]{1  <1.0>}
x[4,0]{3  <1.0>}
x[4,1]{5  <1.0>}
x[4,2]{0  <1.0>}
x[4,3]{6  <1.0>}
x[4,4]{2  <1.0>}
x[4,5]{1  <1.0>}
x[4,6]{7  <1.0>}
x[4,7]{4  <1.0>}
x[5,0]{1  <1.0>}
x[5,1]{2  <1.0>}
x[5,2]{6  <1.0>}
x[5,3]{3  <1.0>}
x[5,4]{4  <1.0>}
x[5,5]{7  <1.0>}
x[5,6]{0  <1.0>}
x[5,7]{5  <1.0>}
x[6,0]{2  <1.0>}
x[6,1]{6  <1.0>}
x[6,2]{7  <1.0>}
x[6,3]{0  <1.0>}
x[6,4]{5  <1.0>}
x[6,5]{4  <1.0>}
x[6,6]{1  <1.0>}
x[6,7]{3  <1.0>}
x[7,0]{4  <1.0>}
x[7,1]{7  <1.0>}
x[7,2]{5  <1.0>}
x[7,3]{1  <1.0>}
x[7,4]{0  <1.0>}
x[7,5]{6  <1.0>}
x[7,6]{3  <1.0>}
x[7,7]{2  <1.0>}
problem entropy = 0.0
smallest variable entropy = 1.7976931348623157E308

	#choice: 10
	#fail: 0
	execution time (ms): 306
	#sols : 1
	completed : false

