{5  <1.0>}
model: sum-product-no-init
FINAL DAMPING FACTOR = 1.0
##### after BP iteration 1 #####
x[0,0]{5  <1.0>}
x[0,1]{7  <1.0>}
x[0,2]{3  <1.0>}
x[0,3]{1  <1.0>}
x[0,4]{0  <1.0>}
x[0,5]{6  <1.0>}
x[0,6]{4  <1.0>}
x[0,7]{2  <1.0>}
x[1,0]{4  <1.0>}
x[1,1]{6  <0.42857142857142866>, 3  <0.3571428571428572>, 2  <0.21428571428571433>}
x[1,2]{0  <1.0>}
x[1,3]{2  <0.5294117647058825>, 3  <0.4705882352941176>}
x[1,4]{6  <0.7142857142857143>, 2  <0.2857142857142857>}
x[1,5]{1  <1.0>}
x[1,6]{7  <1.0>}
x[1,7]{5  <1.0>}
x[2,0]{0  <1.0>}
x[2,1]{5  <1.0>}
x[2,2]{6  <0.46153846153846156>, 1  <0.07692307692307693>, 2  <0.46153846153846156>}
x[2,3]{7  <1.0>}
x[2,4]{6  <0.16666666666666666>, 1  <0.5>, 2  <0.3333333333333333>}
x[2,5]{4  <1.0>}
x[2,6]{6  <0.4615384615384615>, 1  <0.07692307692307691>, 2  <0.4615384615384615>}
x[2,7]{3  <1.0>}
x[3,0]{2  <1.0>}
x[3,1]{0  <0.11764705882352944>, 4  <0.8823529411764705>}
x[3,2]{4  <0.058823529411764705>, 1  <0.9411764705882353>}
x[3,3]{6  <1.0>}
x[3,4]{3  <1.0>}
x[3,5]{0  <0.6857142857142857>, 7  <0.31428571428571433>}
x[3,6]{5  <1.0>}
x[3,7]{0  <0.3478260869565218>, 1  <0.13043478260869568>, 7  <0.5217391304347826>}
x[4,0]{3  <1.0>}
x[4,1]{6  <0.33333333333333326>, 2  <0.6666666666666666>}
x[4,2]{7  <1.0>}
x[4,3]{4  <1.0>}
x[4,4]{6  <0.15>, 1  <0.45>, 2  <0.4>}
x[4,5]{5  <1.0>}
x[4,6]{0  <1.0>}
x[4,7]{6  <0.5625>, 1  <0.43750000000000006>}
x[5,0]{7  <1.0>}
x[5,1]{1  <1.0>}
x[5,2]{6  <0.2857142857142857>, 2  <0.7142857142857143>}
x[5,3]{0  <1.0>}
x[5,4]{5  <1.0>}
x[5,5]{3  <1.0>}
x[5,6]{6  <0.7142857142857143>, 2  <0.2857142857142857>}
x[5,7]{4  <1.0>}
x[6,0]{6  <1.0>}
x[6,1]{0  <0.052631578947368425>, 3  <0.7105263157894738>, 2  <0.2368421052631579>}
x[6,2]{5  <1.0>}
x[6,3]{2  <0.7868852459016393>, 3  <0.21311475409836067>}
x[6,4]{4  <1.0>}
x[6,5]{0  <0.7868852459016393>, 7  <0.21311475409836067>}
x[6,6]{2  <0.027027027027027025>, 1  <0.9729729729729729>}
x[6,7]{0  <0.32432432432432434>, 1  <0.02702702702702703>, 7  <0.6486486486486487>}
x[7,0]{1  <1.0>}
x[7,1]{0  <0.6666666666666666>, 4  <0.16666666666666666>, 6  <0.16666666666666666>}
x[7,2]{4  <0.8421052631578947>, 6  <0.15789473684210528>}
x[7,3]{5  <1.0>}
x[7,4]{7  <1.0>}
x[7,5]{2  <1.0>}
x[7,6]{3  <1.0>}
x[7,7]{0  <0.2380952380952381>, 6  <0.761904761904762>}
problem entropy = 0.0
smallest variable entropy = 1.7976931348623157E308
### branching on x[1,3]=2
##### after BP iteration 1 #####
x[0,0]{5  <1.0>}
x[0,1]{7  <1.0>}
x[0,2]{3  <1.0>}
x[0,3]{1  <1.0>}
x[0,4]{0  <1.0>}
x[0,5]{6  <1.0>}
x[0,6]{4  <1.0>}
x[0,7]{2  <1.0>}
x[1,0]{4  <1.0>}
x[1,1]{3  <1.0>}
x[1,2]{0  <1.0>}
x[1,3]{2  <1.0>}
x[1,4]{6  <1.0>}
x[1,5]{1  <1.0>}
x[1,6]{7  <1.0>}
x[1,7]{5  <1.0>}
x[2,0]{0  <1.0>}
x[2,1]{5  <1.0>}
x[2,2]{6  <0.6511627906976744>, 1  <0.0697674418604651>, 2  <0.27906976744186046>}
x[2,3]{7  <1.0>}
x[2,4]{2  <0.15789473684210525>, 1  <0.8421052631578948>}
x[2,5]{4  <1.0>}
x[2,6]{6  <0.36000000000000004>, 1  <0.02285714285714286>, 2  <0.6171428571428572>}
x[2,7]{3  <1.0>}
x[3,0]{2  <1.0>}
x[3,1]{0  <0.025000000000000012>, 4  <0.975>}
x[3,2]{4  <0.07582938388625596>, 1  <0.9241706161137441>}
x[3,3]{6  <1.0>}
x[3,4]{3  <1.0>}
x[3,5]{0  <0.40372670807453415>, 7  <0.5962732919254659>}
x[3,6]{5  <1.0>}
x[3,7]{0  <0.36601307189542487>, 1  <0.05228758169934643>, 7  <0.5816993464052288>}
x[4,0]{3  <1.0>}
x[4,1]{6  <0.7428571428571429>, 2  <0.25714285714285706>}
x[4,2]{7  <1.0>}
x[4,3]{4  <1.0>}
x[4,4]{2  <0.5000000000000001>, 1  <0.49999999999999994>}
x[4,5]{5  <1.0>}
x[4,6]{0  <1.0>}
x[4,7]{6  <0.16034985422740525>, 1  <0.8396501457725948>}
x[5,0]{7  <1.0>}
x[5,1]{1  <1.0>}
x[5,2]{6  <0.41558441558441545>, 2  <0.5844155844155845>}
x[5,3]{0  <1.0>}
x[5,4]{5  <1.0>}
x[5,5]{3  <1.0>}
x[5,6]{6  <0.5645161290322581>, 2  <0.4354838709677419>}
x[5,7]{4  <1.0>}
x[6,0]{6  <1.0>}
x[6,1]{0  <0.21686746987951808>, 2  <0.783132530120482>}
x[6,2]{5  <1.0>}
x[6,3]{3  <1.0>}
x[6,4]{4  <1.0>}
x[6,5]{0  <0.452054794520548>, 7  <0.547945205479452>}
x[6,6]{2  <0.10596026490066224>, 1  <0.8940397350993379>}
x[6,7]{0  <0.2492581602373887>, 1  <0.11869436201780416>, 7  <0.6320474777448072>}
x[7,0]{1  <1.0>}
x[7,1]{0  <0.8311688311688311>, 4  <0.012987012987012993>, 6  <0.1558441558441558>}
x[7,2]{4  <0.9813084112149533>, 6  <0.018691588785046724>}
x[7,3]{5  <1.0>}
x[7,4]{7  <1.0>}
x[7,5]{2  <1.0>}
x[7,6]{3  <1.0>}
x[7,7]{0  <0.06860706860706864>, 6  <0.9313929313929313>}
problem entropy = 0.0
smallest variable entropy = 1.7976931348623157E308
### branching on x[2,4]=1
##### after BP iteration 1 #####
x[0,0]{5  <1.0>}
x[0,1]{7  <1.0>}
x[0,2]{3  <1.0>}
x[0,3]{1  <1.0>}
x[0,4]{0  <1.0>}
x[0,5]{6  <1.0>}
x[0,6]{4  <1.0>}
x[0,7]{2  <1.0>}
x[1,0]{4  <1.0>}
x[1,1]{3  <1.0>}
x[1,2]{0  <1.0>}
x[1,3]{2  <1.0>}
x[1,4]{6  <1.0>}
x[1,5]{1  <1.0>}
x[1,6]{7  <1.0>}
x[1,7]{5  <1.0>}
x[2,0]{0  <1.0>}
x[2,1]{5  <1.0>}
x[2,2]{6  <0.7142857142857142>, 2  <0.2857142857142857>}
x[2,3]{7  <1.0>}
x[2,4]{1  <1.0>}
x[2,5]{4  <1.0>}
x[2,6]{6  <0.2857142857142857>, 2  <0.7142857142857143>}
x[2,7]{3  <1.0>}
x[3,0]{2  <1.0>}
x[3,1]{4  <1.0>}
x[3,2]{1  <1.0>}
x[3,3]{6  <1.0>}
x[3,4]{3  <1.0>}
x[3,5]{0  <0.46891464699683877>, 7  <0.5310853530031612>}
x[3,6]{5  <1.0>}
x[3,7]{0  <0.7868852459016392>, 7  <0.21311475409836064>}
x[4,0]{3  <1.0>}
x[4,1]{6  <1.0>}
x[4,2]{7  <1.0>}
x[4,3]{4  <1.0>}
x[4,4]{2  <1.0>}
x[4,5]{5  <1.0>}
x[4,6]{0  <1.0>}
x[4,7]{1  <1.0>}
x[5,0]{7  <1.0>}
x[5,1]{1  <1.0>}
x[5,2]{6  <0.452513966480447>, 2  <0.5474860335195532>}
x[5,3]{0  <1.0>}
x[5,4]{5  <1.0>}
x[5,5]{3  <1.0>}
x[5,6]{6  <0.49090909090909096>, 2  <0.509090909090909>}
x[5,7]{4  <1.0>}
x[6,0]{6  <1.0>}
x[6,1]{2  <1.0>}
x[6,2]{5  <1.0>}
x[6,3]{3  <1.0>}
x[6,4]{4  <1.0>}
x[6,5]{0  <0.5035460992907802>, 7  <0.49645390070921974>}
x[6,6]{1  <1.0>}
x[6,7]{0  <0.6857142857142857>, 7  <0.31428571428571433>}
x[7,0]{1  <1.0>}
x[7,1]{0  <1.0>}
x[7,2]{4  <1.0>}
x[7,3]{5  <1.0>}
x[7,4]{7  <1.0>}
x[7,5]{2  <1.0>}
x[7,6]{3  <1.0>}
x[7,7]{6  <1.0>}
problem entropy = 0.0
smallest variable entropy = 1.7976931348623157E308
### branching on x[2,2]=6
##### after BP iteration 1 #####
x[0,0]{5  <1.0>}
x[0,1]{7  <1.0>}
x[0,2]{3  <1.0>}
x[0,3]{1  <1.0>}
x[0,4]{0  <1.0>}
x[0,5]{6  <1.0>}
x[0,6]{4  <1.0>}
x[0,7]{2  <1.0>}
x[1,0]{4  <1.0>}
x[1,1]{3  <1.0>}
x[1,2]{0  <1.0>}
x[1,3]{2  <1.0>}
x[1,4]{6  <1.0>}
x[1,5]{1  <1.0>}
x[1,6]{7  <1.0>}
x[1,7]{5  <1.0>}
x[2,0]{0  <1.0>}
x[2,1]{5  <1.0>}
x[2,2]{6  <1.0>}
x[2,3]{7  <1.0>}
x[2,4]{1  <1.0>}
x[2,5]{4  <1.0>}
x[2,6]{2  <1.0>}
x[2,7]{3  <1.0>}
x[3,0]{2  <1.0>}
x[3,1]{4  <1.0>}
x[3,2]{1  <1.0>}
x[3,3]{6  <1.0>}
x[3,4]{3  <1.0>}
x[3,5]{0  <0.2828282828282828>, 7  <0.7171717171717172>}
x[3,6]{5  <1.0>}
x[3,7]{0  <0.4520547945205479>, 7  <0.547945205479452>}
x[4,0]{3  <1.0>}
x[4,1]{6  <1.0>}
x[4,2]{7  <1.0>}
x[4,3]{4  <1.0>}
x[4,4]{2  <1.0>}
x[4,5]{5  <1.0>}
x[4,6]{0  <1.0>}
x[4,7]{1  <1.0>}
x[5,0]{7  <1.0>}
x[5,1]{1  <1.0>}
x[5,2]{2  <1.0>}
x[5,3]{0  <1.0>}
x[5,4]{5  <1.0>}
x[5,5]{3  <1.0>}
x[5,6]{6  <1.0>}
x[5,7]{4  <1.0>}
x[6,0]{6  <1.0>}
x[6,1]{2  <1.0>}
x[6,2]{5  <1.0>}
x[6,3]{3  <1.0>}
x[6,4]{4  <1.0>}
x[6,5]{0  <0.3862068965517241>, 7  <0.6137931034482759>}
x[6,6]{1  <1.0>}
x[6,7]{0  <0.4037267080745342>, 7  <0.5962732919254657>}
x[7,0]{1  <1.0>}
x[7,1]{0  <1.0>}
x[7,2]{4  <1.0>}
x[7,3]{5  <1.0>}
x[7,4]{7  <1.0>}
x[7,5]{2  <1.0>}
x[7,6]{3  <1.0>}
x[7,7]{6  <1.0>}
problem entropy = 0.0
smallest variable entropy = 1.7976931348623157E308
### branching on x[3,5]=7
##### after BP iteration 1 #####
x[0,0]{5  <1.0>}
x[0,1]{7  <1.0>}
x[0,2]{3  <1.0>}
x[0,3]{1  <1.0>}
x[0,4]{0  <1.0>}
x[0,5]{6  <1.0>}
x[0,6]{4  <1.0>}
x[0,7]{2  <1.0>}
x[1,0]{4  <1.0>}
x[1,1]{3  <1.0>}
x[1,2]{0  <1.0>}
x[1,3]{2  <1.0>}
x[1,4]{6  <1.0>}
x[1,5]{1  <1.0>}
x[1,6]{7  <1.0>}
x[1,7]{5  <1.0>}
x[2,0]{0  <1.0>}
x[2,1]{5  <1.0>}
x[2,2]{6  <1.0>}
x[2,3]{7  <1.0>}
x[2,4]{1  <1.0>}
x[2,5]{4  <1.0>}
x[2,6]{2  <1.0>}
x[2,7]{3  <1.0>}
x[3,0]{2  <1.0>}
x[3,1]{4  <1.0>}
x[3,2]{1  <1.0>}
x[3,3]{6  <1.0>}
x[3,4]{3  <1.0>}
x[3,5]{7  <1.0>}
x[3,6]{5  <1.0>}
x[3,7]{0  <1.0>}
x[4,0]{3  <1.0>}
x[4,1]{6  <1.0>}
x[4,2]{7  <1.0>}
x[4,3]{4  <1.0>}
x[4,4]{2  <1.0>}
x[4,5]{5  <1.0>}
x[4,6]{0  <1.0>}
x[4,7]{1  <1.0>}
x[5,0]{7  <1.0>}
x[5,1]{1  <1.0>}
x[5,2]{2  <1.0>}
x[5,3]{0  <1.0>}
x[5,4]{5  <1.0>}
x[5,5]{3  <1.0>}
x[5,6]{6  <1.0>}
x[5,7]{4  <1.0>}
x[6,0]{6  <1.0>}
x[6,1]{2  <1.0>}
x[6,2]{5  <1.0>}
x[6,3]{3  <1.0>}
x[6,4]{4  <1.0>}
x[6,5]{0  <1.0>}
x[6,6]{1  <1.0>}
x[6,7]{7  <1.0>}
x[7,0]{1  <1.0>}
x[7,1]{0  <1.0>}
x[7,2]{4  <1.0>}
x[7,3]{5  <1.0>}
x[7,4]{7  <1.0>}
x[7,5]{2  <1.0>}
x[7,6]{3  <1.0>}
x[7,7]{6  <1.0>}
problem entropy = 0.0
smallest variable entropy = 1.7976931348623157E308
### branching on x[3,5]!=7
##### after BP iteration 1 #####
x[0,0]{5  <1.0>}
x[0,1]{7  <1.0>}
x[0,2]{3  <1.0>}
x[0,3]{1  <1.0>}
x[0,4]{0  <1.0>}
x[0,5]{6  <1.0>}
x[0,6]{4  <1.0>}
x[0,7]{2  <1.0>}
x[1,0]{4  <1.0>}
x[1,1]{3  <1.0>}
x[1,2]{0  <1.0>}
x[1,3]{2  <1.0>}
x[1,4]{6  <1.0>}
x[1,5]{1  <1.0>}
x[1,6]{7  <1.0>}
x[1,7]{5  <1.0>}
x[2,0]{0  <1.0>}
x[2,1]{5  <1.0>}
x[2,2]{6  <1.0>}
x[2,3]{7  <1.0>}
x[2,4]{1  <1.0>}
x[2,5]{4  <1.0>}
x[2,6]{2  <1.0>}
x[2,7]{3  <1.0>}
x[3,0]{2  <1.0>}
x[3,1]{4  <1.0>}
x[3,2]{1  <1.0>}
x[3,3]{6  <1.0>}
x[3,4]{3  <1.0>}
x[3,5]{0  <1.0>}
x[3,6]{5  <1.0>}
x[3,7]{7  <1.0>}
x[4,0]{3  <1.0>}
x[4,1]{6  <1.0>}
x[4,2]{7  <1.0>}
x[4,3]{4  <1.0>}
x[4,4]{2  <1.0>}
x[4,5]{5  <1.0>}
x[4,6]{0  <1.0>}
x[4,7]{1  <1.0>}
x[5,0]{7  <1.0>}
x[5,1]{1  <1.0>}
x[5,2]{2  <1.0>}
x[5,3]{0  <1.0>}
x[5,4]{5  <1.0>}
x[5,5]{3  <1.0>}
x[5,6]{6  <1.0>}
x[5,7]{4  <1.0>}
x[6,0]{6  <1.0>}
x[6,1]{2  <1.0>}
x[6,2]{5  <1.0>}
x[6,3]{3  <1.0>}
x[6,4]{4  <1.0>}
x[6,5]{7  <1.0>}
x[6,6]{1  <1.0>}
x[6,7]{0  <1.0>}
x[7,0]{1  <1.0>}
x[7,1]{0  <1.0>}
x[7,2]{4  <1.0>}
x[7,3]{5  <1.0>}
x[7,4]{7  <1.0>}
x[7,5]{2  <1.0>}
x[7,6]{3  <1.0>}
x[7,7]{6  <1.0>}
problem entropy = 0.0
smallest variable entropy = 1.7976931348623157E308

	#choice: 5
	#fail: 0
	execution time (ms): 29
	#sols : 1
	completed : false

