{0  <1.0>, 1  <2.0>, 2  <3.0>, 6  <7.0>, 4  <5.0>, 7  <8.0>}
model: sum-product-init
FINAL DAMPING FACTOR = 1.0
##### after BP iteration 1 #####
x[0,0]{0  <0.01642985549361634>, 1  <0.0493960784321077>, 2  <0.13546599965044578>, 6  <0.22676918865314374>, 4  <0.23587667833376533>, 7  <0.33606219943692117>}
x[0,1]{5  <1.0>}
x[0,2]{3  <1.0>}
x[0,3]{4  <0.5091925226440549>, 1  <0.49080747735594504>}
x[0,4]{0  <0.18281404993211878>, 4  <0.32771220098156395>, 2  <0.46567547039692914>, 6  <0.023798278689388237>}
x[0,5]{0  <0.5926680059266801>, 7  <0.11947532519475322>, 2  <0.2217541882175419>, 6  <0.0661024806610248>}
x[0,6]{7  <0.4182320621663294>, 1  <0.31013495151685255>, 6  <0.271632986316818>}
x[0,7]{0  <0.09753007732064227>, 1  <0.14075646341823292>, 2  <0.1769208230003007>, 6  <0.4539552841673702>, 7  <0.13083735209345385>}
x[1,0]{0  <0.10398584972176585>, 1  <0.12122742872066794>, 2  <0.3988578982535426>, 4  <0.3759288233040236>}
x[1,1]{7  <1.0>}
x[1,2]{0  <0.29243290093849456>, 1  <0.32080316304858686>, 4  <0.3867639360129185>}
x[1,3]{6  <1.0>}
x[1,4]{0  <0.10882986597045881>, 4  <0.5799836293210482>, 2  <0.26077773989174485>, 3  <0.05040876481674821>}
x[1,5]{5  <1.0>}
x[1,6]{3  <0.5163491673638732>, 1  <0.48365083263612685>}
x[1,7]{0  <0.23866689135261165>, 1  <0.36297825940416767>, 2  <0.3983548492432207>}
x[2,0]{0  <0.23359085014089487>, 1  <0.14546418410821682>, 2  <0.16591018229580876>, 7  <0.09476762437515662>, 4  <0.21237628941655157>, 6  <0.14789086966337137>}
x[2,1]{4  <0.3509004399843652>, 1  <0.3489727029018014>, 2  <0.30012685711383336>}
x[2,2]{0  <0.08230851654087967>, 1  <0.12970104039498773>, 4  <0.23263829291964364>, 7  <0.5553521501444889>}
x[2,3]{5  <1.0>}
x[2,4]{0  <0.40788759959577225>, 6  <0.02765552657913822>, 2  <0.1871374195857094>, 4  <0.3773194542393801>}
x[2,5]{3  <1.0>}
x[2,6]{7  <0.21177664155416123>, 1  <0.3455836245536304>, 6  <0.4426397338922084>}
x[2,7]{0  <0.138714648217837>, 1  <0.12779660717505523>, 2  <0.07787199008058322>, 7  <0.07260575335239709>, 6  <0.5830110011741274>}
x[3,0]{5  <1.0>}
x[3,1]{0  <1.0>}
x[3,2]{6  <1.0>}
x[3,3]{3  <1.0>}
x[3,4]{1  <1.0>}
x[3,5]{7  <0.2800804828973842>, 2  <0.7199195171026157>}
x[3,6]{4  <1.0>}
x[3,7]{7  <0.8829483535837133>, 2  <0.11705164641628678>}
x[4,0]{0  <0.40654180973956916>, 1  <0.5585777161048391>, 6  <0.03488047415559173>}
x[4,1]{3  <1.0>}
x[4,2]{2  <1.0>}
x[4,3]{7  <1.0>}
x[4,4]{0  <0.07400810980105028>, 6  <0.9259918901989497>}
x[4,5]{4  <1.0>}
x[4,6]{5  <1.0>}
x[4,7]{0  <0.31362848796966275>, 1  <0.6048587770584993>, 6  <0.08151273497183806>}
x[5,0]{3  <1.0>}
x[5,1]{6  <1.0>}
x[5,2]{5  <1.0>}
x[5,3]{2  <1.0>}
x[5,4]{7  <1.0>}
x[5,5]{1  <1.0>}
x[5,6]{0  <1.0>}
x[5,7]{4  <1.0>}
x[6,0]{7  <0.48091380546031876>, 1  <0.10251423841785905>, 6  <0.23917504533032108>, 4  <0.17739691079150116>}
x[6,1]{4  <0.47004925641293693>, 1  <0.5299507435870631>}
x[6,2]{7  <0.25835271789406206>, 1  <0.4545298911704448>, 4  <0.28711739093549327>}
x[6,3]{0  <1.0>}
x[6,4]{5  <1.0>}
x[6,5]{7  <0.19403188084315284>, 6  <0.8059681191568471>}
x[6,6]{2  <1.0>}
x[6,7]{3  <1.0>}
x[7,0]{0  <0.09609516578474685>, 1  <0.08659544498685748>, 2  <0.15901874901807908>, 6  <0.29873714865985673>, 4  <0.13667491006457896>, 7  <0.2228785814858808>}
x[7,1]{4  <0.18175031848025391>, 1  <0.18175031848025394>, 2  <0.6364993630394921>}
x[7,2]{0  <0.4545083707071398>, 1  <0.1713550796964789>, 4  <0.12732439637021506>, 7  <0.2468121532261662>}
x[7,3]{4  <0.4265039526394635>, 1  <0.5734960473605365>}
x[7,4]{0  <0.024510707301427>, 6  <0.012586624988819997>, 2  <0.030074234959721224>, 3  <0.8904332410640908>, 4  <0.04239519168594098>}
x[7,5]{0  <0.34568634782960905>, 7  <0.3298623290793618>, 2  <0.12629616690196077>, 6  <0.1981551561890684>}
x[7,6]{7  <0.35669438328488284>, 1  <0.12543122892012923>, 6  <0.4762995231841661>, 3  <0.041574864610821806>}
x[7,7]{5  <1.0>}
problem entropy = 0.0
smallest variable entropy = 1.7976931348623157E308
### branching on x[0,3]=1
##### after BP iteration 1 #####
x[0,0]{0  <0.024751347389811544>, 7  <0.0782220718102001>, 2  <0.26946466892978616>, 6  <0.1337417178530422>, 4  <0.49382019401716>}
x[0,1]{5  <1.0>}
x[0,2]{3  <1.0>}
x[0,3]{1  <1.0>}
x[0,4]{0  <0.15057186335957462>, 4  <0.39350377081589655>, 2  <0.4401523454179386>, 6  <0.015772020406590304>}
x[0,5]{0  <0.810090114529492>, 7  <0.04853339300384006>, 2  <0.10395371212844509>, 6  <0.037422780338222855>}
x[0,6]{7  <0.7466220353655869>, 6  <0.25337796463441314>}
x[0,7]{0  <0.1631882302122582>, 7  <0.07110085475827527>, 2  <0.3235546437094377>, 6  <0.4421562713200288>}
x[1,0]{0  <0.16230805477629306>, 1  <0.12374637391078597>, 2  <0.44380779159722117>, 4  <0.2701377797156998>}
x[1,1]{7  <1.0>}
x[1,2]{0  <0.41796946936533125>, 1  <0.31708767515414826>, 4  <0.26494285548052043>}
x[1,3]{6  <1.0>}
x[1,4]{0  <0.21100412129805587>, 4  <0.42085723420024385>, 2  <0.2663039332750887>, 3  <0.10183471122661163>}
x[1,5]{5  <1.0>}
x[1,6]{3  <0.9522396716859943>, 1  <0.04776032831400569>}
x[1,7]{0  <0.373115794472364>, 1  <0.24260681792823707>, 2  <0.38427738759939895>}
x[2,0]{0  <0.3473498598351108>, 1  <0.11155467101161802>, 2  <0.25195269888113464>, 7  <0.05437069119047515>, 4  <0.14584184736621503>, 6  <0.08893023171544638>}
x[2,1]{4  <0.4257037355088112>, 1  <0.34019144326510425>, 2  <0.23410482122608453>}
x[2,2]{0  <0.13520494789928858>, 1  <0.12157756887873146>, 4  <0.27140710945505936>, 7  <0.4718103737669206>}
x[2,3]{5  <1.0>}
x[2,4]{0  <0.6295137062696886>, 6  <0.027559006251844605>, 2  <0.19568249392388143>, 4  <0.14724479355458536>}
x[2,5]{3  <1.0>}
x[2,6]{7  <0.1352491444250147>, 1  <0.7250966986264855>, 6  <0.13965415694849975>}
x[2,7]{0  <0.2067304247400972>, 1  <0.09365221832923311>, 2  <0.16865029288648298>, 7  <0.05256757554305005>, 6  <0.4783994885011366>}
x[3,0]{5  <1.0>}
x[3,1]{0  <1.0>}
x[3,2]{6  <1.0>}
x[3,3]{3  <1.0>}
x[3,4]{1  <1.0>}
x[3,5]{7  <0.10803188063718273>, 2  <0.8919681193628173>}
x[3,6]{4  <1.0>}
x[3,7]{7  <0.7862597534614956>, 2  <0.2137402465385044>}
x[4,0]{0  <0.5490685094287509>, 1  <0.43027686076616506>, 6  <0.020654629805084063>}
x[4,1]{3  <1.0>}
x[4,2]{2  <1.0>}
x[4,3]{7  <1.0>}
x[4,4]{0  <0.09464298239498062>, 6  <0.9053570176050193>}
x[4,5]{4  <1.0>}
x[4,6]{5  <1.0>}
x[4,7]{0  <0.5067494121648405>, 1  <0.4494435107904218>, 6  <0.0438070770447379>}
x[5,0]{3  <1.0>}
x[5,1]{6  <1.0>}
x[5,2]{5  <1.0>}
x[5,3]{2  <1.0>}
x[5,4]{7  <1.0>}
x[5,5]{1  <1.0>}
x[5,6]{0  <1.0>}
x[5,7]{4  <1.0>}
x[6,0]{7  <0.5033359524421386>, 1  <0.09238096020043934>, 6  <0.23508704179828713>, 4  <0.16919604555913512>}
x[6,1]{4  <0.6417815849285825>, 1  <0.3582184150714174>}
x[6,2]{7  <0.23049278474462456>, 1  <0.3928968283187484>, 4  <0.37661038693662713>}
x[6,3]{0  <1.0>}
x[6,4]{5  <1.0>}
x[6,5]{7  <0.3653287198851391>, 6  <0.6346712801148608>}
x[6,6]{2  <1.0>}
x[6,7]{3  <1.0>}
x[7,0]{0  <0.11072069308922755>, 1  <0.15969366005212665>, 2  <0.18689814121609655>, 6  <0.39297959802462584>, 7  <0.14970790761792338>}
x[7,1]{2  <0.7101660217394349>, 1  <0.28983397826056506>}
x[7,2]{0  <0.5620341231845472>, 1  <0.2619186694326531>, 7  <0.17604720738279978>}
x[7,3]{4  <1.0>}
x[7,4]{0  <0.0024451884743593353>, 6  <0.001376757675196301>, 2  <0.0030349137171058306>, 3  <0.9931431401333385>}
x[7,5]{0  <0.2914921753279176>, 7  <0.3796436011254539>, 2  <0.11057686999137462>, 6  <0.21828735355525392>}
x[7,6]{7  <0.22378007391064392>, 1  <0.3233380373182634>, 6  <0.37379382240434833>, 3  <0.07908806636674438>}
x[7,7]{5  <1.0>}
problem entropy = 0.0
smallest variable entropy = 1.7976931348623157E308
### branching on x[0,6]=7
### branching on x[1,6]=3
##### after BP iteration 1 #####
x[0,0]{0  <0.0076897511000008365>, 4  <0.6455516871222872>, 2  <0.17576302613164738>, 6  <0.1709955356460647>}
x[0,1]{5  <1.0>}
x[0,2]{3  <1.0>}
x[0,3]{1  <1.0>}
x[0,4]{0  <0.0714284037602157>, 4  <0.48467768244020937>, 2  <0.4134831335137784>, 6  <0.03041078028579654>}
x[0,5]{0  <0.8549953485420594>, 6  <0.10280804672612148>, 2  <0.0421966047318191>}
x[0,6]{7  <1.0>}
x[0,7]{0  <0.052133115318657844>, 6  <0.7302849139131331>, 2  <0.2175819707682091>}
x[1,0]{0  <0.1281369524057115>, 1  <0.2504989610631268>, 2  <0.395015774747179>, 4  <0.2263483117839826>}
x[1,1]{7  <1.0>}
x[1,2]{0  <0.33324959585662484>, 1  <0.45493181895418117>, 4  <0.2118185851891939>}
x[1,3]{6  <1.0>}
x[1,4]{0  <0.20559904518544042>, 4  <0.4408192897083908>, 2  <0.3535816651061689>}
x[1,5]{5  <1.0>}
x[1,6]{3  <1.0>}
x[1,7]{0  <0.2543553157963233>, 1  <0.4732816397060071>, 2  <0.27236304449766957>}
x[2,0]{0  <0.2034535969298026>, 1  <0.0531953379418652>, 2  <0.3004120190175157>, 7  <0.13404026918478465>, 4  <0.11124980002487589>, 6  <0.19764897690115596>}
x[2,1]{4  <0.46158530406824677>, 1  <0.10477024278309406>, 2  <0.43364445314865907>}
x[2,2]{0  <0.024758872851669413>, 1  <0.01147962144526938>, 4  <0.08709378282964717>, 7  <0.876667722873414>}
x[2,3]{5  <1.0>}
x[2,4]{0  <0.5478215312281095>, 6  <0.05574399087063185>, 2  <0.2784823575797807>, 4  <0.11795212032147798>}
x[2,5]{3  <1.0>}
x[2,6]{6  <0.32983805175233766>, 1  <0.6701619482476624>}
x[2,7]{0  <0.09580626334288392>, 1  <0.055395187942404195>, 2  <0.20103911635526808>, 7  <0.09232328391623486>, 6  <0.5554361484432089>}
x[3,0]{5  <1.0>}
x[3,1]{0  <1.0>}
x[3,2]{6  <1.0>}
x[3,3]{3  <1.0>}
x[3,4]{1  <1.0>}
x[3,5]{7  <0.15839481045011072>, 2  <0.8416051895498893>}
x[3,6]{4  <1.0>}
x[3,7]{7  <0.9455716736932739>, 2  <0.054428326306726234>}
x[4,0]{0  <0.3880443436228398>, 1  <0.5844038891675455>, 6  <0.027551767209614785>}
x[4,1]{3  <1.0>}
x[4,2]{2  <1.0>}
x[4,3]{7  <1.0>}
x[4,4]{0  <0.030646590331942367>, 6  <0.9693534096680577>}
x[4,5]{4  <1.0>}
x[4,6]{5  <1.0>}
x[4,7]{0  <0.34281519385438414>, 1  <0.6232262605053748>, 6  <0.033958545640241124>}
x[5,0]{3  <1.0>}
x[5,1]{6  <1.0>}
x[5,2]{5  <1.0>}
x[5,3]{2  <1.0>}
x[5,4]{7  <1.0>}
x[5,5]{1  <1.0>}
x[5,6]{0  <1.0>}
x[5,7]{4  <1.0>}
x[6,0]{7  <0.6386790943953378>, 1  <0.051519915804833304>, 6  <0.27520555639306443>, 4  <0.03459543340676453>}
x[6,1]{4  <0.6519659475527059>, 1  <0.3480340524472942>}
x[6,2]{7  <0.2522255176580877>, 1  <0.37481924711803594>, 4  <0.3729552352238764>}
x[6,3]{0  <1.0>}
x[6,4]{5  <1.0>}
x[6,5]{7  <0.4099056045165603>, 6  <0.5900943954834397>}
x[6,6]{2  <1.0>}
x[6,7]{3  <1.0>}
x[7,0]{0  <0.06111533750122069>, 1  <0.11231239884206734>, 2  <0.06804040819346653>, 6  <0.5136702402981446>, 7  <0.2448616151651008>}
x[7,1]{2  <0.7441572892886792>, 1  <0.25584271071132086>}
x[7,2]{0  <0.5750754627392008>, 1  <0.15418353129648976>, 7  <0.2707410059643094>}
x[7,3]{4  <1.0>}
x[7,4]{3  <1.0>}
x[7,5]{0  <0.09087727544217823>, 7  <0.6694756308417324>, 2  <0.022702994332925885>, 6  <0.21694409938316342>}
x[7,6]{6  <0.6985687765978282>, 1  <0.30143122340217177>}
x[7,7]{5  <1.0>}
problem entropy = 0.0
smallest variable entropy = 1.7976931348623157E308
### branching on x[2,6]=1
##### after BP iteration 1 #####
x[0,0]{0  <0.007189047536438941>, 4  <0.5546467287676085>, 2  <0.18432578126682525>, 6  <0.25383844242912745>}
x[0,1]{5  <1.0>}
x[0,2]{3  <1.0>}
x[0,3]{1  <1.0>}
x[0,4]{0  <0.07185917796543388>, 4  <0.4112827609471347>, 2  <0.4937950778716776>, 6  <0.023062983215753872>}
x[0,5]{0  <0.8605598434841847>, 6  <0.07804578372633339>, 2  <0.061394372789481885>}
x[0,6]{7  <1.0>}
x[0,7]{0  <0.06126373236927904>, 6  <0.5614860759547436>, 2  <0.37725019167597745>}
x[1,0]{0  <0.16613977297499327>, 1  <0.20422789585573087>, 2  <0.3786657169490571>, 4  <0.25096661422021876>}
x[1,1]{7  <1.0>}
x[1,2]{0  <0.1777843736593605>, 1  <0.35830718266549644>, 4  <0.463908443675143>}
x[1,3]{6  <1.0>}
x[1,4]{0  <0.247562175301636>, 4  <0.42982517032611844>, 2  <0.3226126543722456>}
x[1,5]{5  <1.0>}
x[1,6]{3  <1.0>}
x[1,7]{0  <0.3592024249815324>, 1  <0.4513967902425851>, 2  <0.1894007847758826>}
x[2,0]{0  <0.19295435273971945>, 6  <0.3031938011377126>, 2  <0.2096922322275251>, 7  <0.15728749658790253>, 4  <0.13687211730714022>}
x[2,1]{4  <0.7290431444469712>, 2  <0.2709568555530288>}
x[2,2]{0  <0.04854398726952088>, 7  <0.7636543192250893>, 4  <0.18780169350538978>}
x[2,3]{5  <1.0>}
x[2,4]{0  <0.6758234379933973>, 6  <0.03981061214223196>, 2  <0.16148431378954814>, 4  <0.12288163607482269>}
x[2,5]{3  <1.0>}
x[2,6]{1  <1.0>}
x[2,7]{0  <0.15774789088950392>, 6  <0.49684654843142934>, 2  <0.2527692545168637>, 7  <0.09263630616220303>}
x[3,0]{5  <1.0>}
x[3,1]{0  <1.0>}
x[3,2]{6  <1.0>}
x[3,3]{3  <1.0>}
x[3,4]{1  <1.0>}
x[3,5]{7  <0.0365352508261713>, 2  <0.9634647491738287>}
x[3,6]{4  <1.0>}
x[3,7]{7  <0.88088934851407>, 2  <0.11911065148592995>}
x[4,0]{0  <0.6334370772041448>, 1  <0.3472215477309809>, 6  <0.019341375064874187>}
x[4,1]{3  <1.0>}
x[4,2]{2  <1.0>}
x[4,3]{7  <1.0>}
x[4,4]{0  <0.07776559280828266>, 6  <0.9222344071917175>}
x[4,5]{4  <1.0>}
x[4,6]{5  <1.0>}
x[4,7]{0  <0.5735406104764048>, 1  <0.41843925007377325>, 6  <0.008020139449821963>}
x[5,0]{3  <1.0>}
x[5,1]{6  <1.0>}
x[5,2]{5  <1.0>}
x[5,3]{2  <1.0>}
x[5,4]{7  <1.0>}
x[5,5]{1  <1.0>}
x[5,6]{0  <1.0>}
x[5,7]{4  <1.0>}
x[6,0]{7  <0.31157103782314727>, 1  <0.0853229553528988>, 6  <0.5475777426987283>, 4  <0.05552826412522563>}
x[6,1]{4  <0.2247147910535773>, 1  <0.7752852089464227>}
x[6,2]{7  <0.022054380188716548>, 1  <0.46555163256844795>, 4  <0.5123939872428355>}
x[6,3]{0  <1.0>}
x[6,4]{5  <1.0>}
x[6,5]{7  <0.07080860827961424>, 6  <0.9291913917203858>}
x[6,6]{2  <1.0>}
x[6,7]{3  <1.0>}
x[7,0]{0  <0.20874061676941594>, 1  <0.2940292328419269>, 2  <0.31732761013513244>, 7  <0.17990254025352467>}
x[7,1]{2  <0.5371499237763606>, 1  <0.4628500762236394>}
x[7,2]{0  <0.7947400651469593>, 1  <0.18306255042149613>, 7  <0.022197384431544533>}
x[7,3]{4  <1.0>}
x[7,4]{3  <1.0>}
x[7,5]{0  <0.24722318025245585>, 7  <0.5994528181443659>, 2  <0.1533240016031783>}
x[7,6]{6  <1.0>}
x[7,7]{5  <1.0>}
problem entropy = 0.0
smallest variable entropy = 1.7976931348623157E308
### branching on x[2,1]=4
##### after BP iteration 1 #####
x[0,0]{0  <0.002653505274949867>, 4  <0.5351794570621443>, 2  <0.2172619551917165>, 6  <0.24490508247118936>}
x[0,1]{5  <1.0>}
x[0,2]{3  <1.0>}
x[0,3]{1  <1.0>}
x[0,4]{0  <0.04909360340686928>, 4  <0.5304455111810273>, 2  <0.39753386765934>, 6  <0.02292701775276348>}
x[0,5]{0  <0.8104584099383797>, 6  <0.1497225045229695>, 2  <0.03981908553865075>}
x[0,6]{7  <1.0>}
x[0,7]{0  <0.06395862646021455>, 6  <0.39176328603033767>, 2  <0.5442780875094478>}
x[1,0]{0  <0.045639278423665046>, 1  <0.0859954837306787>, 2  <0.5522773553413015>, 4  <0.3160878825043549>}
x[1,1]{7  <1.0>}
x[1,2]{0  <0.3168446905122099>, 1  <0.6731873054667304>, 4  <0.009968004021059637>}
x[1,3]{6  <1.0>}
x[1,4]{0  <0.13771107308380806>, 4  <0.4387346258126761>, 2  <0.42355430110351583>}
x[1,5]{5  <1.0>}
x[1,6]{3  <1.0>}
x[1,7]{0  <0.30936665356714543>, 1  <0.5130187331749162>, 2  <0.17761461325793837>}
x[2,0]{0  <0.05935961803096602>, 6  <0.6301932404102351>, 2  <0.2684391776956842>, 7  <0.042007963863114714>}
x[2,1]{4  <1.0>}
x[2,2]{0  <0.01677441960569778>, 7  <0.9832255803943023>}
x[2,3]{5  <1.0>}
x[2,4]{0  <0.7042008768855637>, 6  <0.07776486723032576>, 2  <0.21803425588411068>}
x[2,5]{3  <1.0>}
x[2,6]{1  <1.0>}
x[2,7]{0  <0.09802487685468547>, 6  <0.4097944845338735>, 2  <0.4719001545505278>, 7  <0.02028048406091334>}
x[3,0]{5  <1.0>}
x[3,1]{0  <1.0>}
x[3,2]{6  <1.0>}
x[3,3]{3  <1.0>}
x[3,4]{1  <1.0>}
x[3,5]{7  <0.08747074178738364>, 2  <0.9125292582126163>}
x[3,6]{4  <1.0>}
x[3,7]{7  <0.9417171986006388>, 2  <0.0582828013993612>}
x[4,0]{0  <0.4953991592705575>, 1  <0.47411616089828773>, 6  <0.030484679831154802>}
x[4,1]{3  <1.0>}
x[4,2]{2  <1.0>}
x[4,3]{7  <1.0>}
x[4,4]{0  <0.043541905748712875>, 6  <0.9564580942512871>}
x[4,5]{4  <1.0>}
x[4,6]{5  <1.0>}
x[4,7]{0  <0.40055105228688054>, 1  <0.5872554291333831>, 6  <0.012193518579736287>}
x[5,0]{3  <1.0>}
x[5,1]{6  <1.0>}
x[5,2]{5  <1.0>}
x[5,3]{2  <1.0>}
x[5,4]{7  <1.0>}
x[5,5]{1  <1.0>}
x[5,6]{0  <1.0>}
x[5,7]{4  <1.0>}
x[6,0]{7  <0.8490111934947797>, 4  <0.0357274549047184>, 6  <0.11526135160050181>}
x[6,1]{1  <1.0>}
x[6,2]{7  <0.01177404246266067>, 4  <0.9882259575373392>}
x[6,3]{0  <1.0>}
x[6,4]{5  <1.0>}
x[6,5]{7  <0.3032785107960777>, 6  <0.6967214892039224>}
x[6,6]{2  <1.0>}
x[6,7]{3  <1.0>}
x[7,0]{0  <0.16523845160339007>, 1  <0.7060107136025141>, 7  <0.1287508347940958>}
x[7,1]{2  <1.0>}
x[7,2]{0  <0.34969377351360154>, 1  <0.6398982146926726>, 7  <0.010408011793725832>}
x[7,3]{4  <1.0>}
x[7,4]{3  <1.0>}
x[7,5]{0  <0.1019558592599997>, 7  <0.8980441407400004>}
x[7,6]{6  <1.0>}
x[7,7]{5  <1.0>}
problem entropy = 0.0
smallest variable entropy = 1.7976931348623157E308
### branching on x[2,2]=0
##### after BP iteration 1 #####
x[0,0]{0  <0.001913849820196711>, 4  <0.5013564753984966>, 2  <0.17328876037910984>, 6  <0.32344091440219674>}
x[0,1]{5  <1.0>}
x[0,2]{3  <1.0>}
x[0,3]{1  <1.0>}
x[0,4]{0  <0.21289960720663978>, 4  <0.6991267289222968>, 2  <0.03906315160541327>, 6  <0.04891051226565012>}
x[0,5]{0  <0.7130318607240845>, 6  <0.2598674456967398>, 2  <0.027100693579175633>}
x[0,6]{7  <1.0>}
x[0,7]{0  <0.10684183598488821>, 6  <0.5640652823744323>, 2  <0.32909288164067946>}
x[1,0]{0  <0.01936625230220669>, 1  <2.7826236115748254E-4>, 2  <0.5088385677313382>, 4  <0.4715169176052976>}
x[1,1]{7  <1.0>}
x[1,2]{4  <0.45303271826042163>, 1  <0.5469672817395783>}
x[1,3]{6  <1.0>}
x[1,4]{0  <0.5177699604222723>, 4  <0.40625737803061707>, 2  <0.07597266154711059>}
x[1,5]{5  <1.0>}
x[1,6]{3  <1.0>}
x[1,7]{0  <0.962182757655663>, 1  <0.0029291159539667918>, 2  <0.03488812639037019>}
x[2,0]{7  <0.3140578746492844>, 6  <0.5727776917981465>, 2  <0.11316443355256905>}
x[2,1]{4  <1.0>}
x[2,2]{0  <1.0>}
x[2,3]{5  <1.0>}
x[2,4]{2  <0.8757682539739226>, 6  <0.12423174602607749>}
x[2,5]{3  <1.0>}
x[2,6]{1  <1.0>}
x[2,7]{7  <0.1986463136177851>, 6  <0.6067276908640085>, 2  <0.19462599551820642>}
x[3,0]{5  <1.0>}
x[3,1]{0  <1.0>}
x[3,2]{6  <1.0>}
x[3,3]{3  <1.0>}
x[3,4]{1  <1.0>}
x[3,5]{7  <0.03434765754731078>, 2  <0.9656523424526893>}
x[3,6]{4  <1.0>}
x[3,7]{7  <0.9854195697190847>, 2  <0.014580430280915244>}
x[4,0]{0  <0.7378048184886062>, 1  <0.2434382200404078>, 6  <0.018756961470986034>}
x[4,1]{3  <1.0>}
x[4,2]{2  <1.0>}
x[4,3]{7  <1.0>}
x[4,4]{0  <0.17493736011140565>, 6  <0.8250626398885943>}
x[4,5]{4  <1.0>}
x[4,6]{5  <1.0>}
x[4,7]{0  <0.47385026868461955>, 1  <0.5205237343973872>, 6  <0.005625996917993244>}
x[5,0]{3  <1.0>}
x[5,1]{6  <1.0>}
x[5,2]{5  <1.0>}
x[5,3]{2  <1.0>}
x[5,4]{7  <1.0>}
x[5,5]{1  <1.0>}
x[5,6]{0  <1.0>}
x[5,7]{4  <1.0>}
x[6,0]{7  <0.9623210225747757>, 4  <0.003091722358956305>, 6  <0.03458725506626807>}
x[6,1]{1  <1.0>}
x[6,2]{7  <0.5531337017392669>, 4  <0.44686629826073304>}
x[6,3]{0  <1.0>}
x[6,4]{5  <1.0>}
x[6,5]{7  <0.15628172004315719>, 6  <0.8437182799568429>}
x[6,6]{2  <1.0>}
x[6,7]{3  <1.0>}
x[7,0]{0  <0.9474617403051177>, 1  <0.01259378894598795>, 7  <0.03994447074889431>}
x[7,1]{2  <1.0>}
x[7,2]{7  <0.32236411341893906>, 1  <0.677635886581061>}
x[7,3]{4  <1.0>}
x[7,4]{3  <1.0>}
x[7,5]{0  <0.5896576496306922>, 7  <0.4103423503693077>}
x[7,6]{6  <1.0>}
x[7,7]{5  <1.0>}
problem entropy = 0.0
smallest variable entropy = 1.7976931348623157E308
### branching on x[1,2]=4
##### after BP iteration 1 #####
x[0,0]{0  <0.001667959777946663>, 6  <0.9714954412387428>, 2  <0.026836598983310703>}
x[0,1]{5  <1.0>}
x[0,2]{3  <1.0>}
x[0,3]{1  <1.0>}
x[0,4]{4  <1.0>}
x[0,5]{0  <0.9186259397671303>, 2  <0.08137406023286983>}
x[0,6]{7  <1.0>}
x[0,7]{0  <0.01799603144531559>, 6  <0.3324229093823499>, 2  <0.6495810591723344>}
x[1,0]{0  <0.006241268187508336>, 1  <0.03173933872525405>, 2  <0.9620193930872375>}
x[1,1]{7  <1.0>}
x[1,2]{4  <1.0>}
x[1,3]{6  <1.0>}
x[1,4]{0  <0.9898758456385184>, 2  <0.010124154361481683>}
x[1,5]{5  <1.0>}
x[1,6]{3  <1.0>}
x[1,7]{0  <0.0041156290191824395>, 1  <0.9833418969662744>, 2  <0.012542474014543187>}
x[2,0]{7  <0.9766916048198674>, 6  <0.01734678704781592>, 2  <0.0059616081323168>}
x[2,1]{4  <1.0>}
x[2,2]{0  <1.0>}
x[2,3]{5  <1.0>}
x[2,4]{2  <0.902513547324044>, 6  <0.097486452675956>}
x[2,5]{3  <1.0>}
x[2,6]{1  <1.0>}
x[2,7]{7  <0.6714433294874923>, 6  <0.27224710951040565>, 2  <0.05630956100210212>}
x[3,0]{5  <1.0>}
x[3,1]{0  <1.0>}
x[3,2]{6  <1.0>}
x[3,3]{3  <1.0>}
x[3,4]{1  <1.0>}
x[3,5]{7  <0.019026279163021992>, 2  <0.9809737208369781>}
x[3,6]{4  <1.0>}
x[3,7]{7  <0.8372643220503515>, 2  <0.16273567794964847>}
x[4,0]{0  <8.287389485074655E-4>, 1  <0.997907456343108>, 6  <0.001263804708384553>}
x[4,1]{3  <1.0>}
x[4,2]{2  <1.0>}
x[4,3]{7  <1.0>}
x[4,4]{0  <0.06225255579400982>, 6  <0.9377474442059902>}
x[4,5]{4  <1.0>}
x[4,6]{5  <1.0>}
x[4,7]{0  <0.0011897587798993282>, 1  <0.9987305204704887>, 6  <7.972074961186618E-5>}
x[5,0]{3  <1.0>}
x[5,1]{6  <1.0>}
x[5,2]{5  <1.0>}
x[5,3]{2  <1.0>}
x[5,4]{7  <1.0>}
x[5,5]{1  <1.0>}
x[5,6]{0  <1.0>}
x[5,7]{4  <1.0>}
x[6,0]{4  <1.0>}
x[6,1]{1  <1.0>}
x[6,2]{7  <1.0>}
x[6,3]{0  <1.0>}
x[6,4]{5  <1.0>}
x[6,5]{6  <1.0>}
x[6,6]{2  <1.0>}
x[6,7]{3  <1.0>}
x[7,0]{0  <0.8381970348816684>, 7  <0.16180296511833164>}
x[7,1]{2  <1.0>}
x[7,2]{1  <1.0>}
x[7,3]{4  <1.0>}
x[7,4]{3  <1.0>}
x[7,5]{0  <0.010017132497804069>, 7  <0.989982867502196>}
x[7,6]{6  <1.0>}
x[7,7]{5  <1.0>}
problem entropy = 0.0
smallest variable entropy = 1.7976931348623157E308
### branching on x[0,5]=0
##### after BP iteration 1 #####
x[0,0]{2  <0.027805972434409718>, 6  <0.9721940275655903>}
x[0,1]{5  <1.0>}
x[0,2]{3  <1.0>}
x[0,3]{1  <1.0>}
x[0,4]{4  <1.0>}
x[0,5]{0  <1.0>}
x[0,6]{7  <1.0>}
x[0,7]{2  <0.9959656917405505>, 6  <0.004034308259449489>}
x[1,0]{2  <0.9872553725160803>, 1  <0.012744627483919677>}
x[1,1]{7  <1.0>}
x[1,2]{4  <1.0>}
x[1,3]{6  <1.0>}
x[1,4]{0  <0.9962880240438722>, 2  <0.003711975956127795>}
x[1,5]{5  <1.0>}
x[1,6]{3  <1.0>}
x[1,7]{0  <0.02852237286318113>, 1  <0.9714776271368188>}
x[2,0]{7  <1.0>}
x[2,1]{4  <1.0>}
x[2,2]{0  <1.0>}
x[2,3]{5  <1.0>}
x[2,4]{2  <0.9932904874431113>, 6  <0.006709512556888639>}
x[2,5]{3  <1.0>}
x[2,6]{1  <1.0>}
x[2,7]{2  <0.09374745051476603>, 6  <0.9062525494852339>}
x[3,0]{5  <1.0>}
x[3,1]{0  <1.0>}
x[3,2]{6  <1.0>}
x[3,3]{3  <1.0>}
x[3,4]{1  <1.0>}
x[3,5]{2  <1.0>}
x[3,6]{4  <1.0>}
x[3,7]{7  <1.0>}
x[4,0]{6  <0.8911653892805455>, 1  <0.10883461071945441>}
x[4,1]{3  <1.0>}
x[4,2]{2  <1.0>}
x[4,3]{7  <1.0>}
x[4,4]{0  <0.013783782625923245>, 6  <0.9862162173740767>}
x[4,5]{4  <1.0>}
x[4,6]{5  <1.0>}
x[4,7]{0  <0.999996435793379>, 1  <3.564206620932855E-6>}
x[5,0]{3  <1.0>}
x[5,1]{6  <1.0>}
x[5,2]{5  <1.0>}
x[5,3]{2  <1.0>}
x[5,4]{7  <1.0>}
x[5,5]{1  <1.0>}
x[5,6]{0  <1.0>}
x[5,7]{4  <1.0>}
x[6,0]{4  <1.0>}
x[6,1]{1  <1.0>}
x[6,2]{7  <1.0>}
x[6,3]{0  <1.0>}
x[6,4]{5  <1.0>}
x[6,5]{6  <1.0>}
x[6,6]{2  <1.0>}
x[6,7]{3  <1.0>}
x[7,0]{0  <1.0>}
x[7,1]{2  <1.0>}
x[7,2]{1  <1.0>}
x[7,3]{4  <1.0>}
x[7,4]{3  <1.0>}
x[7,5]{7  <1.0>}
x[7,6]{6  <1.0>}
x[7,7]{5  <1.0>}
problem entropy = 0.0
smallest variable entropy = 1.7976931348623157E308
### branching on x[0,0]=2
##### after BP iteration 1 #####
x[0,0]{2  <1.0>}
x[0,1]{5  <1.0>}
x[0,2]{3  <1.0>}
x[0,3]{1  <1.0>}
x[0,4]{4  <1.0>}
x[0,5]{0  <1.0>}
x[0,6]{7  <1.0>}
x[0,7]{6  <1.0>}
x[1,0]{1  <1.0>}
x[1,1]{7  <1.0>}
x[1,2]{4  <1.0>}
x[1,3]{6  <1.0>}
x[1,4]{2  <1.0>}
x[1,5]{5  <1.0>}
x[1,6]{3  <1.0>}
x[1,7]{0  <1.0>}
x[2,0]{7  <1.0>}
x[2,1]{4  <1.0>}
x[2,2]{0  <1.0>}
x[2,3]{5  <1.0>}
x[2,4]{6  <1.0>}
x[2,5]{3  <1.0>}
x[2,6]{1  <1.0>}
x[2,7]{2  <1.0>}
x[3,0]{5  <1.0>}
x[3,1]{0  <1.0>}
x[3,2]{6  <1.0>}
x[3,3]{3  <1.0>}
x[3,4]{1  <1.0>}
x[3,5]{2  <1.0>}
x[3,6]{4  <1.0>}
x[3,7]{7  <1.0>}
x[4,0]{6  <1.0>}
x[4,1]{3  <1.0>}
x[4,2]{2  <1.0>}
x[4,3]{7  <1.0>}
x[4,4]{0  <1.0>}
x[4,5]{4  <1.0>}
x[4,6]{5  <1.0>}
x[4,7]{1  <1.0>}
x[5,0]{3  <1.0>}
x[5,1]{6  <1.0>}
x[5,2]{5  <1.0>}
x[5,3]{2  <1.0>}
x[5,4]{7  <1.0>}
x[5,5]{1  <1.0>}
x[5,6]{0  <1.0>}
x[5,7]{4  <1.0>}
x[6,0]{4  <1.0>}
x[6,1]{1  <1.0>}
x[6,2]{7  <1.0>}
x[6,3]{0  <1.0>}
x[6,4]{5  <1.0>}
x[6,5]{6  <1.0>}
x[6,6]{2  <1.0>}
x[6,7]{3  <1.0>}
x[7,0]{0  <1.0>}
x[7,1]{2  <1.0>}
x[7,2]{1  <1.0>}
x[7,3]{4  <1.0>}
x[7,4]{3  <1.0>}
x[7,5]{7  <1.0>}
x[7,6]{6  <1.0>}
x[7,7]{5  <1.0>}
problem entropy = 0.0
smallest variable entropy = 1.7976931348623157E308
### branching on x[0,0]!=2
##### after BP iteration 1 #####
x[0,0]{6  <1.0>}
x[0,1]{5  <1.0>}
x[0,2]{3  <1.0>}
x[0,3]{1  <1.0>}
x[0,4]{4  <1.0>}
x[0,5]{0  <1.0>}
x[0,6]{7  <1.0>}
x[0,7]{2  <1.0>}
x[1,0]{2  <1.0>}
x[1,1]{7  <1.0>}
x[1,2]{4  <1.0>}
x[1,3]{6  <1.0>}
x[1,4]{0  <1.0>}
x[1,5]{5  <1.0>}
x[1,6]{3  <1.0>}
x[1,7]{1  <1.0>}
x[2,0]{7  <1.0>}
x[2,1]{4  <1.0>}
x[2,2]{0  <1.0>}
x[2,3]{5  <1.0>}
x[2,4]{2  <1.0>}
x[2,5]{3  <1.0>}
x[2,6]{1  <1.0>}
x[2,7]{6  <1.0>}
x[3,0]{5  <1.0>}
x[3,1]{0  <1.0>}
x[3,2]{6  <1.0>}
x[3,3]{3  <1.0>}
x[3,4]{1  <1.0>}
x[3,5]{2  <1.0>}
x[3,6]{4  <1.0>}
x[3,7]{7  <1.0>}
x[4,0]{1  <1.0>}
x[4,1]{3  <1.0>}
x[4,2]{2  <1.0>}
x[4,3]{7  <1.0>}
x[4,4]{6  <1.0>}
x[4,5]{4  <1.0>}
x[4,6]{5  <1.0>}
x[4,7]{0  <1.0>}
x[5,0]{3  <1.0>}
x[5,1]{6  <1.0>}
x[5,2]{5  <1.0>}
x[5,3]{2  <1.0>}
x[5,4]{7  <1.0>}
x[5,5]{1  <1.0>}
x[5,6]{0  <1.0>}
x[5,7]{4  <1.0>}
x[6,0]{4  <1.0>}
x[6,1]{1  <1.0>}
x[6,2]{7  <1.0>}
x[6,3]{0  <1.0>}
x[6,4]{5  <1.0>}
x[6,5]{6  <1.0>}
x[6,6]{2  <1.0>}
x[6,7]{3  <1.0>}
x[7,0]{0  <1.0>}
x[7,1]{2  <1.0>}
x[7,2]{1  <1.0>}
x[7,3]{4  <1.0>}
x[7,4]{3  <1.0>}
x[7,5]{7  <1.0>}
x[7,6]{6  <1.0>}
x[7,7]{5  <1.0>}
problem entropy = 0.0
smallest variable entropy = 1.7976931348623157E308

	#choice: 10
	#fail: 0
	execution time (ms): 156
	#sols : 1
	completed : false

