{5  <1.0>}
model: sum-product-oracle
FINAL DAMPING FACTOR = 1.0
##### after BP iteration 1 #####
x[0,0]{5  <1.0>}
x[0,1]{1  <1.0>}
x[0,2]{0  <0.2909090909090909>, 7  <0.7090909090909091>}
x[0,3]{6  <1.0>}
x[0,4]{0  <0.44582123758594355>, 7  <0.5541787624140564>}
x[0,5]{2  <1.0>}
x[0,6]{4  <1.0>}
x[0,7]{3  <1.0>}
x[1,0]{6  <0.4041402261894689>, 1  <0.3417153171447105>, 2  <0.25414445666582053>}
x[1,1]{5  <0.33868473019815626>, 6  <0.11065426258053848>, 2  <0.21498542444218902>, 3  <0.24968141300224062>, 7  <0.08599416977687561>}
x[1,2]{0  <0.5347348561417695>, 7  <0.46526514385823053>}
x[1,3]{0  <0.19158242044744517>, 1  <0.3334846693607476>, 3  <0.4749329101918072>}
x[1,4]{0  <0.1879563190254287>, 6  <0.09538073074783467>, 2  <0.23178831943060008>, 3  <0.29691831177070793>, 7  <0.18795631902542875>}
x[1,5]{4  <1.0>}
x[1,6]{5  <0.3691389767851031>, 7  <0.1026600325445944>, 2  <0.3695850131772247>, 6  <0.15861597749307776>}
x[1,7]{5  <0.07218584489922296>, 1  <0.3645370736014338>, 7  <0.14455929795192246>, 6  <0.4187177835474209>}
x[2,0]{7  <1.0>}
x[2,1]{0  <1.0>}
x[2,2]{1  <1.0>}
x[2,3]{4  <1.0>}
x[2,4]{5  <1.0>}
x[2,5]{6  <1.0>}
x[2,6]{3  <1.0>}
x[2,7]{2  <1.0>}
x[3,0]{0  <1.0>}
x[3,1]{6  <0.33567492883658206>, 7  <0.6643250711634179>}
x[3,2]{5  <1.0>}
x[3,3]{2  <1.0>}
x[3,4]{1  <1.0>}
x[3,5]{3  <1.0>}
x[3,6]{6  <0.7071428571428573>, 7  <0.2928571428571428>}
x[3,7]{4  <1.0>}
x[4,0]{4  <0.8038702117446068>, 1  <0.055085356749781454>, 2  <0.14104443150561166>}
x[4,1]{4  <0.04947041207240021>, 5  <0.13184665007797847>, 2  <0.49677497518284663>, 3  <0.3219079626667748>}
x[4,2]{6  <1.0>}
x[4,3]{3  <0.26245204753142265>, 1  <0.7375479524685773>}
x[4,4]{3  <0.2060240624383646>, 4  <0.17637190793765697>, 2  <0.6176040296239783>}
x[4,5]{7  <1.0>}
x[4,6]{0  <1.0>}
x[4,7]{5  <0.7538591908585006>, 1  <0.24614080914149944>}
x[5,0]{3  <1.0>}
x[5,1]{4  <0.581675542524109>, 6  <0.418324457475891>}
x[5,2]{2  <1.0>}
x[5,3]{7  <1.0>}
x[5,4]{4  <0.14096916299559464>, 6  <0.8590308370044053>}
x[5,5]{5  <1.0>}
x[5,6]{1  <1.0>}
x[5,7]{0  <1.0>}
x[6,0]{2  <0.4237584948643681>, 6  <0.5762415051356319>}
x[6,1]{5  <0.1522308252854914>, 6  <0.05927669101072247>, 2  <0.26872099924860854>, 3  <0.4510644107836584>, 7  <0.06870707367151922>}
x[6,2]{4  <1.0>}
x[6,3]{0  <0.9150543884414182>, 3  <0.08494561155858175>}
x[6,4]{0  <0.17648256615454577>, 6  <0.07331994602292743>, 2  <0.17083658011495975>, 3  <0.38931868397751085>, 7  <0.19004222373005628>}
x[6,5]{1  <1.0>}
x[6,6]{5  <0.48066935949221007>, 7  <0.2506464918467226>, 2  <0.1343420743305336>, 6  <0.13434207433053366>}
x[6,7]{5  <0.06234599582625627>, 6  <0.26586128843372053>, 7  <0.6717927157400233>}
x[7,0]{6  <0.054766724897428>, 1  <0.8082819252847424>, 2  <0.022896561506948365>, 4  <0.11405478831088127>}
x[7,1]{6  <0.17176115496143568>, 4  <0.3514497478441684>, 2  <0.30238546292586116>, 7  <0.1744036342685347>}
x[7,2]{3  <1.0>}
x[7,3]{5  <1.0>}
x[7,4]{6  <0.18884642773661514>, 4  <0.46249889015124745>, 2  <0.21921460760278114>, 7  <0.12944007450935627>}
x[7,5]{0  <1.0>}
x[7,6]{6  <0.17832504606784322>, 7  <0.17905889399404828>, 2  <0.6426160599381086>}
x[7,7]{6  <0.4439596400327244>, 1  <0.2219408625189918>, 7  <0.3340994974482838>}
problem entropy = 0.0
smallest variable entropy = 1.7976931348623157E308
### branching on x[0,2]=7
##### after BP iteration 1 #####
x[0,0]{5  <1.0>}
x[0,1]{1  <1.0>}
x[0,2]{7  <1.0>}
x[0,3]{6  <1.0>}
x[0,4]{0  <1.0>}
x[0,5]{2  <1.0>}
x[0,6]{4  <1.0>}
x[0,7]{3  <1.0>}
x[1,0]{6  <0.5088864809006233>, 1  <0.07818790879675686>, 2  <0.41292561030262>}
x[1,1]{5  <0.7149846920320762>, 6  <0.029828421167582716>, 2  <0.09237939257189562>, 3  <0.10571175147589121>, 7  <0.05709574275255423>}
x[1,2]{0  <1.0>}
x[1,3]{3  <0.7062664081367622>, 1  <0.2937335918632376>}
x[1,4]{7  <0.6439985708187644>, 6  <0.04221921665022103>, 2  <0.14993739031564837>, 3  <0.16384482221536617>}
x[1,5]{4  <1.0>}
x[1,6]{5  <0.4150470145150008>, 7  <0.23514957184145402>, 2  <0.27260046884640704>, 6  <0.07720294479713817>}
x[1,7]{5  <0.09564353790221111>, 1  <0.4311949994966712>, 7  <0.1853389308072982>, 6  <0.2878225317938194>}
x[2,0]{7  <1.0>}
x[2,1]{0  <1.0>}
x[2,2]{1  <1.0>}
x[2,3]{4  <1.0>}
x[2,4]{5  <1.0>}
x[2,5]{6  <1.0>}
x[2,6]{3  <1.0>}
x[2,7]{2  <1.0>}
x[3,0]{0  <1.0>}
x[3,1]{6  <0.2115685868200954>, 7  <0.7884314131799046>}
x[3,2]{5  <1.0>}
x[3,3]{2  <1.0>}
x[3,4]{1  <1.0>}
x[3,5]{3  <1.0>}
x[3,6]{6  <0.6765463695845999>, 7  <0.3234536304154001>}
x[3,7]{4  <1.0>}
x[4,0]{4  <0.945352680977646>, 1  <0.024319419325962953>, 2  <0.030327899696391058>}
x[4,1]{4  <0.025874285661614014>, 5  <0.3526203538399829>, 2  <0.2560600025537297>, 3  <0.36544535794467353>}
x[4,2]{6  <1.0>}
x[4,3]{3  <0.3944576014882852>, 1  <0.6055423985117148>}
x[4,4]{3  <0.3189355812038128>, 4  <0.18678953174890728>, 2  <0.49427488704727995>}
x[4,5]{7  <1.0>}
x[4,6]{0  <1.0>}
x[4,7]{5  <0.8625721877029181>, 1  <0.13742781229708187>}
x[5,0]{3  <1.0>}
x[5,1]{4  <0.7606685734675291>, 6  <0.2393314265324708>}
x[5,2]{2  <1.0>}
x[5,3]{7  <1.0>}
x[5,4]{4  <0.2913659963378804>, 6  <0.7086340036621196>}
x[5,5]{5  <1.0>}
x[5,6]{1  <1.0>}
x[5,7]{0  <1.0>}
x[6,0]{2  <0.589442537005957>, 6  <0.41055746299404317>}
x[6,1]{5  <0.32572183896239687>, 6  <0.020589173925916596>, 2  <0.16733533083291002>, 3  <0.4631144225892637>, 7  <0.02323923368951274>}
x[6,2]{4  <1.0>}
x[6,3]{0  <1.0>}
x[6,4]{7  <0.28386046578825674>, 6  <0.037398301556585176>, 2  <0.16356862365348113>, 3  <0.5151726090016768>}
x[6,5]{1  <1.0>}
x[6,6]{5  <0.77403180472781>, 7  <0.11959423712994548>, 2  <0.06592291655804564>, 6  <0.04045104158419884>}
x[6,7]{5  <0.12883459583782544>, 6  <0.23441820204294578>, 7  <0.6367472021192288>}
x[7,0]{6  <0.04655869877976639>, 1  <0.8822421075063569>, 2  <0.016817772302901258>, 4  <0.05438142141097542>}
x[7,1]{6  <0.15964260008720718>, 4  <0.4529944480713426>, 2  <0.1453195754366511>, 7  <0.24204337640479903>}
x[7,2]{3  <1.0>}
x[7,3]{5  <1.0>}
x[7,4]{6  <0.08258264646438856>, 4  <0.5970403375359176>, 2  <0.07122550448276001>, 7  <0.24915151151693385>}
x[7,5]{0  <1.0>}
x[7,6]{6  <0.14055009524926249>, 7  <0.3872395397947563>, 2  <0.4722103649559813>}
x[7,7]{6  <0.39391863066447924>, 1  <0.37254421449513986>, 7  <0.233537154840381>}
problem entropy = 0.0
smallest variable entropy = 1.7976931348623157E308
### branching on x[1,3]=1
##### after BP iteration 1 #####
x[0,0]{5  <1.0>}
x[0,1]{1  <1.0>}
x[0,2]{7  <1.0>}
x[0,3]{6  <1.0>}
x[0,4]{0  <1.0>}
x[0,5]{2  <1.0>}
x[0,6]{4  <1.0>}
x[0,7]{3  <1.0>}
x[1,0]{6  <0.39263638947689045>, 2  <0.6073636105231095>}
x[1,1]{5  <0.21566840771258738>, 6  <0.0322906940211379>, 2  <0.06976504416082374>, 3  <0.6216354375616513>, 7  <0.06064041654379974>}
x[1,2]{0  <1.0>}
x[1,3]{1  <1.0>}
x[1,4]{7  <0.337506861416956>, 6  <0.03434991339165423>, 2  <0.040453484803556636>, 3  <0.5876897403878331>}
x[1,5]{4  <1.0>}
x[1,6]{5  <0.22477887791608223>, 7  <0.31231413621389437>, 2  <0.372987356890414>, 6  <0.08991962897960934>}
x[1,7]{5  <0.15709815933089213>, 6  <0.4930474609077083>, 7  <0.3498543797613996>}
x[2,0]{7  <1.0>}
x[2,1]{0  <1.0>}
x[2,2]{1  <1.0>}
x[2,3]{4  <1.0>}
x[2,4]{5  <1.0>}
x[2,5]{6  <1.0>}
x[2,6]{3  <1.0>}
x[2,7]{2  <1.0>}
x[3,0]{0  <1.0>}
x[3,1]{6  <0.4446613469927793>, 7  <0.5553386530072206>}
x[3,2]{5  <1.0>}
x[3,3]{2  <1.0>}
x[3,4]{1  <1.0>}
x[3,5]{3  <1.0>}
x[3,6]{6  <0.8164138793756835>, 7  <0.18358612062431648>}
x[3,7]{4  <1.0>}
x[4,0]{4  <0.8616187588352089>, 1  <0.13838124116479109>}
x[4,1]{4  <0.015667871361692016>, 5  <0.8207055537200252>, 2  <0.16362657491828275>}
x[4,2]{6  <1.0>}
x[4,3]{3  <1.0>}
x[4,4]{2  <0.9275547719739642>, 4  <0.07244522802603591>}
x[4,5]{7  <1.0>}
x[4,6]{0  <1.0>}
x[4,7]{5  <0.028855292509387946>, 1  <0.9711447074906121>}
x[5,0]{3  <1.0>}
x[5,1]{4  <0.6128027877097225>, 6  <0.38719721229027754>}
x[5,2]{2  <1.0>}
x[5,3]{7  <1.0>}
x[5,4]{4  <0.25008857940932006>, 6  <0.7499114205906798>}
x[5,5]{5  <1.0>}
x[5,6]{1  <1.0>}
x[5,7]{0  <1.0>}
x[6,0]{2  <0.623824959678424>, 6  <0.37617504032157595>}
x[6,1]{5  <0.05973645807449565>, 6  <0.01598516687420525>, 2  <0.06391760572523095>, 3  <0.849388174371888>, 7  <0.010972594954180237>}
x[6,2]{4  <1.0>}
x[6,3]{0  <1.0>}
x[6,4]{7  <0.16551788705713683>, 6  <0.040326325357303225>, 2  <0.03766907772635032>, 3  <0.7564867098592096>}
x[6,5]{1  <1.0>}
x[6,6]{5  <0.6882439910989182>, 7  <0.14414903366321458>, 2  <0.09806142608174064>, 6  <0.06954554915612642>}
x[6,7]{5  <0.15422134204610066>, 6  <0.5109898372583144>, 7  <0.3347888206955849>}
x[7,0]{4  <0.04588353100003705>, 1  <0.9541164689999629>}
x[7,1]{6  <0.23759017092793688>, 4  <0.19640947564359842>, 2  <0.3007051580699727>, 7  <0.26529519535849194>}
x[7,2]{3  <1.0>}
x[7,3]{5  <1.0>}
x[7,4]{6  <0.11650230319853011>, 4  <0.515288823948614>, 2  <0.13729096258208742>, 7  <0.23091791027076855>}
x[7,5]{0  <1.0>}
x[7,6]{6  <0.0798386000245302>, 7  <0.25339053452066024>, 2  <0.6667708654548096>}
x[7,7]{6  <0.5663925375576904>, 1  <0.1870472294807693>, 7  <0.2465602329615403>}
problem entropy = 0.0
smallest variable entropy = 1.7976931348623157E308
### branching on x[1,0]=6
##### after BP iteration 1 #####
x[0,0]{5  <1.0>}
x[0,1]{1  <1.0>}
x[0,2]{7  <1.0>}
x[0,3]{6  <1.0>}
x[0,4]{0  <1.0>}
x[0,5]{2  <1.0>}
x[0,6]{4  <1.0>}
x[0,7]{3  <1.0>}
x[1,0]{6  <1.0>}
x[1,1]{5  <0.14749013512825238>, 7  <0.21909912017634844>, 2  <0.3454560821159911>, 3  <0.28795466257940805>}
x[1,2]{0  <1.0>}
x[1,3]{1  <1.0>}
x[1,4]{7  <0.33725561276072896>, 3  <0.6318291390964871>, 2  <0.03091524814278397>}
x[1,5]{4  <1.0>}
x[1,6]{5  <0.22031950483046286>, 7  <0.1826556039847144>, 2  <0.5970248911848228>}
x[1,7]{5  <0.7999579124868071>, 7  <0.20004208751319288>}
x[2,0]{7  <1.0>}
x[2,1]{0  <1.0>}
x[2,2]{1  <1.0>}
x[2,3]{4  <1.0>}
x[2,4]{5  <1.0>}
x[2,5]{6  <1.0>}
x[2,6]{3  <1.0>}
x[2,7]{2  <1.0>}
x[3,0]{0  <1.0>}
x[3,1]{6  <0.4749311310954011>, 7  <0.5250688689045988>}
x[3,2]{5  <1.0>}
x[3,3]{2  <1.0>}
x[3,4]{1  <1.0>}
x[3,5]{3  <1.0>}
x[3,6]{6  <0.7528257844007905>, 7  <0.2471742155992095>}
x[3,7]{4  <1.0>}
x[4,0]{4  <0.9344834364414628>, 1  <0.06551656355853719>}
x[4,1]{4  <0.01028220195651259>, 5  <0.9537105859572595>, 2  <0.03600721208622777>}
x[4,2]{6  <1.0>}
x[4,3]{3  <1.0>}
x[4,4]{2  <0.9702610122808649>, 4  <0.029738987719135083>}
x[4,5]{7  <1.0>}
x[4,6]{0  <1.0>}
x[4,7]{5  <0.008206755483900926>, 1  <0.9917932445160991>}
x[5,0]{3  <1.0>}
x[5,1]{4  <0.8922872975470417>, 6  <0.10771270245295826>}
x[5,2]{2  <1.0>}
x[5,3]{7  <1.0>}
x[5,4]{4  <0.3936200286720699>, 6  <0.6063799713279302>}
x[5,5]{5  <1.0>}
x[5,6]{1  <1.0>}
x[5,7]{0  <1.0>}
x[6,0]{2  <1.0>}
x[6,1]{5  <0.1123021398204432>, 6  <0.2963666757523333>, 7  <0.33375581071117505>, 3  <0.2575753737160485>}
x[6,2]{4  <1.0>}
x[6,3]{0  <1.0>}
x[6,4]{7  <0.7591311524537374>, 6  <0.1981160250168747>, 3  <0.04275282252938794>}
x[6,5]{1  <1.0>}
x[6,6]{5  <0.6788542998069238>, 7  <0.22679430443869916>, 6  <0.09435139575437705>}
x[6,7]{5  <0.27940231328983356>, 6  <0.5082044832325787>, 7  <0.21239320347758772>}
x[7,0]{4  <0.4800131881475962>, 1  <0.5199868118524038>}
x[7,1]{6  <0.10830810190412737>, 4  <0.13364451282326453>, 2  <0.6246506908341044>, 7  <0.13339669443850374>}
x[7,2]{3  <1.0>}
x[7,3]{5  <1.0>}
x[7,4]{6  <0.13812799137275034>, 4  <0.70907409099946>, 2  <0.027310264512314646>, 7  <0.12548765311547508>}
x[7,5]{0  <1.0>}
x[7,6]{6  <0.05500648193269391>, 7  <0.2135861222616386>, 2  <0.7314073958056675>}
x[7,7]{6  <0.6519467022991486>, 1  <0.00422053392423205>, 7  <0.34383276377661925>}
problem entropy = 0.0
smallest variable entropy = 1.7976931348623157E308
### branching on x[1,7]=7
##### after BP iteration 1 #####
x[0,0]{5  <1.0>}
x[0,1]{1  <1.0>}
x[0,2]{7  <1.0>}
x[0,3]{6  <1.0>}
x[0,4]{0  <1.0>}
x[0,5]{2  <1.0>}
x[0,6]{4  <1.0>}
x[0,7]{3  <1.0>}
x[1,0]{6  <1.0>}
x[1,1]{5  <0.0616300935566057>, 3  <0.1254718881792374>, 2  <0.8128980182641569>}
x[1,2]{0  <1.0>}
x[1,3]{1  <1.0>}
x[1,4]{2  <0.0010733635425492865>, 3  <0.9989266364574507>}
x[1,5]{4  <1.0>}
x[1,6]{5  <0.7496762225241919>, 2  <0.2503237774758082>}
x[1,7]{7  <1.0>}
x[2,0]{7  <1.0>}
x[2,1]{0  <1.0>}
x[2,2]{1  <1.0>}
x[2,3]{4  <1.0>}
x[2,4]{5  <1.0>}
x[2,5]{6  <1.0>}
x[2,6]{3  <1.0>}
x[2,7]{2  <1.0>}
x[3,0]{0  <1.0>}
x[3,1]{6  <0.2825671328117496>, 7  <0.7174328671882504>}
x[3,2]{5  <1.0>}
x[3,3]{2  <1.0>}
x[3,4]{1  <1.0>}
x[3,5]{3  <1.0>}
x[3,6]{6  <0.45654139317373593>, 7  <0.5434586068262641>}
x[3,7]{4  <1.0>}
x[4,0]{4  <0.9602920535651573>, 1  <0.039707946434842586>}
x[4,1]{4  <0.0025454324225505425>, 5  <0.9885492346493115>, 2  <0.00890533292813798>}
x[4,2]{6  <1.0>}
x[4,3]{3  <1.0>}
x[4,4]{2  <0.9961375543690336>, 4  <0.0038624456309663694>}
x[4,5]{7  <1.0>}
x[4,6]{0  <1.0>}
x[4,7]{5  <0.05654849545403206>, 1  <0.9434515045459679>}
x[5,0]{3  <1.0>}
x[5,1]{4  <0.8529384080077449>, 6  <0.14706159199225521>}
x[5,2]{2  <1.0>}
x[5,3]{7  <1.0>}
x[5,4]{4  <0.12364099333826824>, 6  <0.8763590066617317>}
x[5,5]{5  <1.0>}
x[5,6]{1  <1.0>}
x[5,7]{0  <1.0>}
x[6,0]{2  <1.0>}
x[6,1]{5  <0.007882376755788543>, 6  <0.14922777925678524>, 7  <0.09774844672292989>, 3  <0.7451413972644964>}
x[6,2]{4  <1.0>}
x[6,3]{0  <1.0>}
x[6,4]{7  <0.8022858805808543>, 6  <0.1847746174796555>, 3  <0.01293950193949018>}
x[6,5]{1  <1.0>}
x[6,6]{5  <0.4997993804856283>, 7  <0.1994198767224326>, 6  <0.300780742791939>}
x[6,7]{5  <0.9748788164128988>, 6  <0.025121183587101203>}
x[7,0]{4  <0.007012361143826886>, 1  <0.9929876388561731>}
x[7,1]{6  <0.004447714474945744>, 4  <0.07659870960191074>, 2  <0.7409390675368319>, 7  <0.1780145083863117>}
x[7,2]{3  <1.0>}
x[7,3]{5  <1.0>}
x[7,4]{6  <0.02025434563540431>, 4  <0.8295310399445178>, 2  <0.006243273536322992>, 7  <0.14397134088375474>}
x[7,5]{0  <1.0>}
x[7,6]{6  <0.010860666155432281>, 7  <0.898297954218702>, 2  <0.09084137962586568>}
x[7,7]{6  <0.8530416019438809>, 1  <0.14695839805611924>}
problem entropy = 0.0
smallest variable entropy = 1.7976931348623157E308
### branching on x[1,4]=3
##### after BP iteration 1 #####
x[0,0]{5  <1.0>}
x[0,1]{1  <1.0>}
x[0,2]{7  <1.0>}
x[0,3]{6  <1.0>}
x[0,4]{0  <1.0>}
x[0,5]{2  <1.0>}
x[0,6]{4  <1.0>}
x[0,7]{3  <1.0>}
x[1,0]{6  <1.0>}
x[1,1]{5  <0.019325754121240848>, 2  <0.9806742458787592>}
x[1,2]{0  <1.0>}
x[1,3]{1  <1.0>}
x[1,4]{3  <1.0>}
x[1,5]{4  <1.0>}
x[1,6]{5  <0.9277513253194757>, 2  <0.07224867468052429>}
x[1,7]{7  <1.0>}
x[2,0]{7  <1.0>}
x[2,1]{0  <1.0>}
x[2,2]{1  <1.0>}
x[2,3]{4  <1.0>}
x[2,4]{5  <1.0>}
x[2,5]{6  <1.0>}
x[2,6]{3  <1.0>}
x[2,7]{2  <1.0>}
x[3,0]{0  <1.0>}
x[3,1]{6  <0.6530247659253606>, 7  <0.3469752340746394>}
x[3,2]{5  <1.0>}
x[3,3]{2  <1.0>}
x[3,4]{1  <1.0>}
x[3,5]{3  <1.0>}
x[3,6]{6  <0.5555230149460885>, 7  <0.44447698505391153>}
x[3,7]{4  <1.0>}
x[4,0]{4  <0.9962386404902984>, 1  <0.003761359509701555>}
x[4,1]{4  <0.12196020283587128>, 5  <0.777273899557968>, 2  <0.10076589760616071>}
x[4,2]{6  <1.0>}
x[4,3]{3  <1.0>}
x[4,4]{2  <0.9615394407891249>, 4  <0.038460559210875135>}
x[4,5]{7  <1.0>}
x[4,6]{0  <1.0>}
x[4,7]{5  <0.23644468824619577>, 1  <0.7635553117538043>}
x[5,0]{3  <1.0>}
x[5,1]{4  <0.5586084834557001>, 6  <0.4413915165442998>}
x[5,2]{2  <1.0>}
x[5,3]{7  <1.0>}
x[5,4]{4  <0.05500404767123502>, 6  <0.9449959523287651>}
x[5,5]{5  <1.0>}
x[5,6]{1  <1.0>}
x[5,7]{0  <1.0>}
x[6,0]{2  <1.0>}
x[6,1]{3  <1.0>}
x[6,2]{4  <1.0>}
x[6,3]{0  <1.0>}
x[6,4]{7  <0.9297687464565592>, 6  <0.07023125354344084>}
x[6,5]{1  <1.0>}
x[6,6]{5  <0.010401591431304997>, 7  <0.15843077714487014>, 6  <0.8311676314238248>}
x[6,7]{5  <0.8629793974029369>, 6  <0.13702060259706297>}
x[7,0]{4  <0.012810383887006055>, 1  <0.9871896161129939>}
x[7,1]{6  <0.04273175472375483>, 4  <0.5786781060174289>, 2  <0.03101578523942909>, 7  <0.3475743540193872>}
x[7,2]{3  <1.0>}
x[7,3]{5  <1.0>}
x[7,4]{6  <0.013295989274254238>, 4  <0.9662345389712005>, 2  <0.0017325597045282346>, 7  <0.018736912050017086>}
x[7,5]{0  <1.0>}
x[7,6]{6  <0.018691224861315105>, 7  <0.3313583706437433>, 2  <0.6499504044949416>}
x[7,7]{6  <0.9405213069800916>, 1  <0.05947869301990845>}
problem entropy = 0.0
smallest variable entropy = 1.7976931348623157E308
### branching on x[1,1]=2
##### after BP iteration 1 #####
x[0,0]{5  <1.0>}
x[0,1]{1  <1.0>}
x[0,2]{7  <1.0>}
x[0,3]{6  <1.0>}
x[0,4]{0  <1.0>}
x[0,5]{2  <1.0>}
x[0,6]{4  <1.0>}
x[0,7]{3  <1.0>}
x[1,0]{6  <1.0>}
x[1,1]{2  <1.0>}
x[1,2]{0  <1.0>}
x[1,3]{1  <1.0>}
x[1,4]{3  <1.0>}
x[1,5]{4  <1.0>}
x[1,6]{5  <1.0>}
x[1,7]{7  <1.0>}
x[2,0]{7  <1.0>}
x[2,1]{0  <1.0>}
x[2,2]{1  <1.0>}
x[2,3]{4  <1.0>}
x[2,4]{5  <1.0>}
x[2,5]{6  <1.0>}
x[2,6]{3  <1.0>}
x[2,7]{2  <1.0>}
x[3,0]{0  <1.0>}
x[3,1]{6  <0.6170952831468997>, 7  <0.3829047168531003>}
x[3,2]{5  <1.0>}
x[3,3]{2  <1.0>}
x[3,4]{1  <1.0>}
x[3,5]{3  <1.0>}
x[3,6]{6  <0.10758968780304035>, 7  <0.8924103121969597>}
x[3,7]{4  <1.0>}
x[4,0]{4  <1.0>}
x[4,1]{5  <1.0>}
x[4,2]{6  <1.0>}
x[4,3]{3  <1.0>}
x[4,4]{2  <1.0>}
x[4,5]{7  <1.0>}
x[4,6]{0  <1.0>}
x[4,7]{1  <1.0>}
x[5,0]{3  <1.0>}
x[5,1]{4  <0.7903594926442394>, 6  <0.2096405073557606>}
x[5,2]{2  <1.0>}
x[5,3]{7  <1.0>}
x[5,4]{4  <0.12872925519881798>, 6  <0.871270744801182>}
x[5,5]{5  <1.0>}
x[5,6]{1  <1.0>}
x[5,7]{0  <1.0>}
x[6,0]{2  <1.0>}
x[6,1]{3  <1.0>}
x[6,2]{4  <1.0>}
x[6,3]{0  <1.0>}
x[6,4]{7  <0.9853678287187991>, 6  <0.014632171281200852>}
x[6,5]{1  <1.0>}
x[6,6]{6  <0.9384862046066283>, 7  <0.061513795393371595>}
x[6,7]{5  <1.0>}
x[7,0]{1  <1.0>}
x[7,1]{7  <0.8593559435235548>, 4  <0.14064405647644523>}
x[7,2]{3  <1.0>}
x[7,3]{5  <1.0>}
x[7,4]{7  <0.36570734923646375>, 4  <0.6342926507635362>}
x[7,5]{0  <1.0>}
x[7,6]{2  <1.0>}
x[7,7]{6  <1.0>}
problem entropy = 0.0
smallest variable entropy = 1.7976931348623157E308
### branching on x[3,1]=7
##### after BP iteration 1 #####
x[0,0]{5  <1.0>}
x[0,1]{1  <1.0>}
x[0,2]{7  <1.0>}
x[0,3]{6  <1.0>}
x[0,4]{0  <1.0>}
x[0,5]{2  <1.0>}
x[0,6]{4  <1.0>}
x[0,7]{3  <1.0>}
x[1,0]{6  <1.0>}
x[1,1]{2  <1.0>}
x[1,2]{0  <1.0>}
x[1,3]{1  <1.0>}
x[1,4]{3  <1.0>}
x[1,5]{4  <1.0>}
x[1,6]{5  <1.0>}
x[1,7]{7  <1.0>}
x[2,0]{7  <1.0>}
x[2,1]{0  <1.0>}
x[2,2]{1  <1.0>}
x[2,3]{4  <1.0>}
x[2,4]{5  <1.0>}
x[2,5]{6  <1.0>}
x[2,6]{3  <1.0>}
x[2,7]{2  <1.0>}
x[3,0]{0  <1.0>}
x[3,1]{7  <1.0>}
x[3,2]{5  <1.0>}
x[3,3]{2  <1.0>}
x[3,4]{1  <1.0>}
x[3,5]{3  <1.0>}
x[3,6]{6  <1.0>}
x[3,7]{4  <1.0>}
x[4,0]{4  <1.0>}
x[4,1]{5  <1.0>}
x[4,2]{6  <1.0>}
x[4,3]{3  <1.0>}
x[4,4]{2  <1.0>}
x[4,5]{7  <1.0>}
x[4,6]{0  <1.0>}
x[4,7]{1  <1.0>}
x[5,0]{3  <1.0>}
x[5,1]{6  <1.0>}
x[5,2]{2  <1.0>}
x[5,3]{7  <1.0>}
x[5,4]{4  <1.0>}
x[5,5]{5  <1.0>}
x[5,6]{1  <1.0>}
x[5,7]{0  <1.0>}
x[6,0]{2  <1.0>}
x[6,1]{3  <1.0>}
x[6,2]{4  <1.0>}
x[6,3]{0  <1.0>}
x[6,4]{6  <1.0>}
x[6,5]{1  <1.0>}
x[6,6]{7  <1.0>}
x[6,7]{5  <1.0>}
x[7,0]{1  <1.0>}
x[7,1]{4  <1.0>}
x[7,2]{3  <1.0>}
x[7,3]{5  <1.0>}
x[7,4]{7  <1.0>}
x[7,5]{0  <1.0>}
x[7,6]{2  <1.0>}
x[7,7]{6  <1.0>}
problem entropy = 0.0
smallest variable entropy = 1.7976931348623157E308
### branching on x[3,1]!=7
##### after BP iteration 1 #####
x[0,0]{5  <1.0>}
x[0,1]{1  <1.0>}
x[0,2]{7  <1.0>}
x[0,3]{6  <1.0>}
x[0,4]{0  <1.0>}
x[0,5]{2  <1.0>}
x[0,6]{4  <1.0>}
x[0,7]{3  <1.0>}
x[1,0]{6  <1.0>}
x[1,1]{2  <1.0>}
x[1,2]{0  <1.0>}
x[1,3]{1  <1.0>}
x[1,4]{3  <1.0>}
x[1,5]{4  <1.0>}
x[1,6]{5  <1.0>}
x[1,7]{7  <1.0>}
x[2,0]{7  <1.0>}
x[2,1]{0  <1.0>}
x[2,2]{1  <1.0>}
x[2,3]{4  <1.0>}
x[2,4]{5  <1.0>}
x[2,5]{6  <1.0>}
x[2,6]{3  <1.0>}
x[2,7]{2  <1.0>}
x[3,0]{0  <1.0>}
x[3,1]{6  <1.0>}
x[3,2]{5  <1.0>}
x[3,3]{2  <1.0>}
x[3,4]{1  <1.0>}
x[3,5]{3  <1.0>}
x[3,6]{7  <1.0>}
x[3,7]{4  <1.0>}
x[4,0]{4  <1.0>}
x[4,1]{5  <1.0>}
x[4,2]{6  <1.0>}
x[4,3]{3  <1.0>}
x[4,4]{2  <1.0>}
x[4,5]{7  <1.0>}
x[4,6]{0  <1.0>}
x[4,7]{1  <1.0>}
x[5,0]{3  <1.0>}
x[5,1]{4  <1.0>}
x[5,2]{2  <1.0>}
x[5,3]{7  <1.0>}
x[5,4]{6  <1.0>}
x[5,5]{5  <1.0>}
x[5,6]{1  <1.0>}
x[5,7]{0  <1.0>}
x[6,0]{2  <1.0>}
x[6,1]{3  <1.0>}
x[6,2]{4  <1.0>}
x[6,3]{0  <1.0>}
x[6,4]{7  <1.0>}
x[6,5]{1  <1.0>}
x[6,6]{6  <1.0>}
x[6,7]{5  <1.0>}
x[7,0]{1  <1.0>}
x[7,1]{7  <1.0>}
x[7,2]{3  <1.0>}
x[7,3]{5  <1.0>}
x[7,4]{4  <1.0>}
x[7,5]{0  <1.0>}
x[7,6]{2  <1.0>}
x[7,7]{6  <1.0>}
problem entropy = 0.0
smallest variable entropy = 1.7976931348623157E308

	#choice: 8
	#fail: 0
	execution time (ms): 69
	#sols : 1
	completed : false

