{0  <1.0>, 1  <1.0>, 7  <1.0>, 3  <1.0>, 4  <1.0>, 5  <1.0>}
model: sum-product-no-init
FINAL DAMPING FACTOR = 1.0
##### after BP iteration 1 #####
x[0,0]{5  <0.6790136840794958>, 4  <0.16522941355193807>, 3  <0.15575690236856612>}
x[0,1]{4  <0.8426009811731178>, 5  <0.1565691153127883>, 3  <8.299035140939498E-4>}
x[0,2]{6  <1.0>}
x[0,3]{2  <1.0>}
x[0,4]{5  <0.10728968493109242>, 4  <8.098910183373127E-4>, 3  <0.8919004240505704>}
x[0,5]{7  <0.8510465171554572>, 1  <0.14895348284454277>}
x[0,6]{7  <0.07114927340686543>, 1  <0.9288507265931346>}
x[0,7]{0  <1.0>}
x[1,0]{5  <0.20064676011103963>, 4  <0.7993532398889603>}
x[1,1]{5  <0.7547136201574883>, 4  <0.24528637984251178>}
x[1,2]{1  <1.0>}
x[1,3]{6  <1.0>}
x[1,4]{0  <1.0>}
x[1,5]{2  <1.0>}
x[1,6]{3  <1.0>}
x[1,7]{7  <1.0>}
x[2,0]{0  <1.0>}
x[2,1]{7  <0.9989307050082413>, 4  <0.0010692949917586632>}
x[2,2]{3  <1.0>}
x[2,3]{1  <1.0>}
x[2,4]{7  <0.0033304832673935695>, 4  <0.9966695167326064>}
x[2,5]{6  <1.0>}
x[2,6]{5  <1.0>}
x[2,7]{2  <1.0>}
x[3,0]{6  <1.8166903604958606E-4>, 1  <0.8507060167958498>, 2  <0.1484722520824068>, 3  <6.400620856938994E-4>}
x[3,1]{3  <0.9995430415373586>, 6  <2.853324342837465E-4>, 2  <1.716260283576546E-4>}
x[3,2]{7  <1.0>}
x[3,3]{0  <1.0>}
x[3,4]{6  <0.9994166783333652>, 3  <5.83321666634843E-4>}
x[3,5]{4  <1.0>}
x[3,6]{2  <0.7591239070845267>, 1  <0.24087609291547327>}
x[3,7]{5  <1.0>}
x[4,0]{6  <0.6863335468008825>, 1  <0.09819745706216133>, 2  <0.21266907606538354>, 7  <0.0026795502130998287>, 5  <1.2036985847276985E-4>}
x[4,1]{6  <0.14124251642310098>, 5  <2.054592999838259E-5>, 2  <0.8587317158151264>, 7  <5.221831774270233E-6>}
x[4,2]{4  <1.0>}
x[4,3]{5  <0.7009027440162093>, 7  <0.29909725598379067>}
x[4,4]{6  <0.0010872096760556203>, 7  <0.7688372728728645>, 5  <0.23007551745107985>}
x[4,5]{3  <1.0>}
x[4,6]{0  <1.0>}
x[4,7]{6  <0.0710163019697911>, 1  <0.928983698030209>}
x[5,0]{3  <0.8541289875224247>, 7  <0.057889152419890365>, 5  <0.08798186005768502>}
x[5,1]{1  <1.0>}
x[5,2]{2  <1.0>}
x[5,3]{3  <0.09530889302050972>, 7  <0.6121062742819148>, 5  <0.29258483269757557>}
x[5,4]{3  <0.1202186912449113>, 7  <0.2961871535162386>, 5  <0.58359415523885>}
x[5,5]{0  <1.0>}
x[5,6]{6  <1.0>}
x[5,7]{4  <1.0>}
x[6,0]{7  <0.5306429021084249>, 1  <0.30719131282474205>, 6  <0.0876816288155608>, 3  <0.07448415625127232>}
x[6,1]{0  <1.0>}
x[6,2]{5  <1.0>}
x[6,3]{7  <0.039053986204271814>, 3  <0.9609460137957282>}
x[6,4]{2  <1.0>}
x[6,5]{7  <0.4530507482339935>, 1  <0.5469492517660064>}
x[6,6]{4  <1.0>}
x[6,7]{6  <0.9578815542064029>, 1  <0.04211844579359715>}
x[7,0]{7  <0.1473542341661369>, 6  <0.32870412050935194>, 2  <0.523941645324511>}
x[7,1]{7  <2.499413786599233E-4>, 6  <0.7967200435349886>, 2  <0.20303001508635155>}
x[7,2]{0  <1.0>}
x[7,3]{4  <1.0>}
x[7,4]{1  <1.0>}
x[7,5]{5  <1.0>}
x[7,6]{7  <0.554557881254265>, 2  <0.445442118745735>}
x[7,7]{3  <1.0>}
problem entropy = 0.5165809943700463
smallest variable entropy = 0.004273726912475484
##### after BP iteration 2 #####
x[0,0]{5  <0.7775594774646755>, 4  <0.10465926951463783>, 3  <0.11778125302068673>}
x[0,1]{4  <0.8087021408212574>, 5  <0.19091261895372547>, 3  <3.852402250171888E-4>}
x[0,2]{6  <1.0>}
x[0,3]{2  <1.0>}
x[0,4]{5  <0.12638817385558454>, 4  <0.001053478118686274>, 3  <0.8725583480257291>}
x[0,5]{7  <0.7823476192827296>, 1  <0.2176523807172704>}
x[0,6]{7  <0.2349621183146392>, 1  <0.7650378816853608>}
x[0,7]{0  <1.0>}
x[1,0]{5  <0.19306710639749652>, 4  <0.8069328936025035>}
x[1,1]{5  <0.7420420826064511>, 4  <0.25795791739354895>}
x[1,2]{1  <1.0>}
x[1,3]{6  <1.0>}
x[1,4]{0  <1.0>}
x[1,5]{2  <1.0>}
x[1,6]{3  <1.0>}
x[1,7]{7  <1.0>}
x[2,0]{0  <1.0>}
x[2,1]{7  <0.9995373539983169>, 4  <4.6264600168300995E-4>}
x[2,2]{3  <1.0>}
x[2,3]{1  <1.0>}
x[2,4]{7  <3.27124212740835E-4>, 4  <0.9996728757872592>}
x[2,5]{6  <1.0>}
x[2,6]{5  <1.0>}
x[2,7]{2  <1.0>}
x[3,0]{6  <1.0274369587948215E-5>, 1  <0.8049617651050929>, 2  <0.19484759012480818>, 3  <1.8037040051101455E-4>}
x[3,1]{3  <0.9997462163144506>, 6  <1.663267091827941E-4>, 2  <8.745697636665495E-5>}
x[3,2]{7  <1.0>}
x[3,3]{0  <1.0>}
x[3,4]{6  <0.9998945803660948>, 3  <1.0541963390529622E-4>}
x[3,5]{4  <1.0>}
x[3,6]{2  <0.8865291371539891>, 1  <0.11347086284601093>}
x[3,7]{5  <1.0>}
x[4,0]{6  <0.6793474578764435>, 1  <0.03816558656393104>, 2  <0.280948016139223>, 7  <0.0014342383150950779>, 5  <1.0470110530725468E-4>}
x[4,1]{6  <0.15463949721791767>, 5  <1.644949416358543E-5>, 2  <0.8453391575532984>, 7  <4.89573462031477E-6>}
x[4,2]{4  <1.0>}
x[4,3]{5  <0.7293917091216068>, 7  <0.2706082908783933>}
x[4,4]{6  <5.300876735479053E-4>, 7  <0.7467523405421534>, 5  <0.25271757178429854>}
x[4,5]{3  <1.0>}
x[4,6]{0  <1.0>}
x[4,7]{6  <0.06961910954115269>, 1  <0.9303808904588473>}
x[5,0]{3  <0.7514566101699879>, 7  <0.10338118989037222>, 5  <0.14516219993963977>}
x[5,1]{1  <1.0>}
x[5,2]{2  <1.0>}
x[5,3]{3  <0.026265132971952047>, 7  <0.6242901316627488>, 5  <0.34944473536529913>}
x[5,4]{3  <0.07238848310480554>, 7  <0.25898523701507314>, 5  <0.6686262798801214>}
x[5,5]{0  <1.0>}
x[5,6]{6  <1.0>}
x[5,7]{4  <1.0>}
x[6,0]{7  <0.8241607447297766>, 1  <0.07318110495799998>, 6  <0.02227983667083383>, 3  <0.08037831364138967>}
x[6,1]{0  <1.0>}
x[6,2]{5  <1.0>}
x[6,3]{7  <0.06779162343538336>, 3  <0.9322083765646166>}
x[6,4]{2  <1.0>}
x[6,5]{7  <0.15911252358815664>, 1  <0.8408874764118432>}
x[6,6]{4  <1.0>}
x[6,7]{6  <0.9127960565708256>, 1  <0.08720394342917448>}
x[7,0]{7  <0.3154883379190807>, 6  <0.2347562903934728>, 2  <0.4497553716874464>}
x[7,1]{7  <0.0014023040171336114>, 6  <0.8625196371769178>, 2  <0.13607805880594862>}
x[7,2]{0  <1.0>}
x[7,3]{4  <1.0>}
x[7,4]{1  <1.0>}
x[7,5]{5  <1.0>}
x[7,6]{7  <0.9020787779208737>, 2  <0.09792122207912639>}
x[7,7]{3  <1.0>}
problem entropy = 0.48753343333587396
smallest variable entropy = 0.0010708008746455945
##### after BP iteration 3 #####
x[0,0]{5  <0.6758025287514321>, 4  <0.22005020756454574>, 3  <0.10414726368402229>}
x[0,1]{4  <0.8187074632160021>, 5  <0.18106286903712648>, 3  <2.296677468715049E-4>}
x[0,2]{6  <1.0>}
x[0,3]{2  <1.0>}
x[0,4]{5  <0.07171823530219892>, 4  <2.6104591474444285E-4>, 3  <0.9280207187830567>}
x[0,5]{7  <0.7507309557721826>, 1  <0.24926904422781734>}
x[0,6]{7  <0.1604685148615692>, 1  <0.8395314851384307>}
x[0,7]{0  <1.0>}
x[1,0]{5  <0.13858265121757657>, 4  <0.8614173487824235>}
x[1,1]{5  <0.8519782696563798>, 4  <0.14802173034362032>}
x[1,2]{1  <1.0>}
x[1,3]{6  <1.0>}
x[1,4]{0  <1.0>}
x[1,5]{2  <1.0>}
x[1,6]{3  <1.0>}
x[1,7]{7  <1.0>}
x[2,0]{0  <1.0>}
x[2,1]{7  <0.9998954036256765>, 4  <1.0459637432347311E-4>}
x[2,2]{3  <1.0>}
x[2,3]{1  <1.0>}
x[2,4]{7  <1.0618319011517685E-4>, 4  <0.9998938168098849>}
x[2,5]{6  <1.0>}
x[2,6]{5  <1.0>}
x[2,7]{2  <1.0>}
x[3,0]{6  <5.477127252232734E-6>, 1  <0.873213378395787>, 2  <0.1266966092087306>, 3  <8.453526823005647E-5>}
x[3,1]{3  <0.999662114690872>, 6  <1.5536241916227933E-4>, 2  <1.825228899656849E-4>}
x[3,2]{7  <1.0>}
x[3,3]{0  <1.0>}
x[3,4]{6  <0.9997955105603443>, 3  <2.0448943965559362E-4>}
x[3,5]{4  <1.0>}
x[3,6]{2  <0.9120608607586168>, 1  <0.08793913924138318>}
x[3,7]{5  <1.0>}
x[4,0]{6  <0.7665611489677491>, 1  <0.048040644319134164>, 2  <0.18508732096150463>, 7  <2.8733250997646157E-4>, 5  <2.3553241635594163E-5>}
x[4,1]{6  <0.26723950871939317>, 5  <4.273348607197618E-6>, 2  <0.7327554594716106>, 7  <7.58460389018024E-7>}
x[4,2]{4  <1.0>}
x[4,3]{5  <0.7107105721554551>, 7  <0.2892894278445448>}
x[4,4]{6  <2.0278306974412307E-4>, 7  <0.7024662228308306>, 5  <0.2973309940994252>}
x[4,5]{3  <1.0>}
x[4,6]{0  <1.0>}
x[4,7]{6  <0.05142062341081267>, 1  <0.9485793765891873>}
x[5,0]{3  <0.8628856962819225>, 7  <0.060073529498051885>, 5  <0.07704077422002563>}
x[5,1]{1  <1.0>}
x[5,2]{2  <1.0>}
x[5,3]{3  <0.0889852422765632>, 7  <0.693515918971009>, 5  <0.2174988387524278>}
x[5,4]{3  <0.1466519280904837>, 7  <0.2606937678820294>, 5  <0.5926543040274869>}
x[5,5]{0  <1.0>}
x[5,6]{6  <1.0>}
x[5,7]{4  <1.0>}
x[6,0]{7  <0.7804209171687426>, 1  <0.0811259056888222>, 6  <0.05825731629960998>, 3  <0.08019586084282543>}
x[6,1]{0  <1.0>}
x[6,2]{5  <1.0>}
x[6,3]{7  <0.060385616396270395>, 3  <0.9396143836037296>}
x[6,4]{2  <1.0>}
x[6,5]{7  <0.04769089701741274>, 1  <0.9523091029825873>}
x[6,6]{4  <1.0>}
x[6,7]{6  <0.9740786689756447>, 1  <0.025921331024355322>}
x[7,0]{7  <0.06445411192653404>, 6  <0.1460427708493571>, 2  <0.7895031172241088>}
x[7,1]{7  <9.874988400803565E-5>, 6  <0.7670128263988326>, 2  <0.23288842371715932>}
x[7,2]{0  <1.0>}
x[7,3]{4  <1.0>}
x[7,4]{1  <1.0>}
x[7,5]{5  <1.0>}
x[7,6]{7  <0.9047037580229831>, 2  <0.09529624197701678>}
x[7,7]{3  <1.0>}
problem entropy = 0.4365013165652187
smallest variable entropy = 0.0010632586877521344
##### after BP iteration 4 #####
x[0,0]{5  <0.7089535642510426>, 4  <0.24664896979814965>, 3  <0.0443974659508077>}
x[0,1]{4  <0.8210675410891458>, 5  <0.17888174269381554>, 3  <5.071621703884065E-5>}
x[0,2]{6  <1.0>}
x[0,3]{2  <1.0>}
x[0,4]{5  <0.1130830946049269>, 4  <2.970842452230488E-4>, 3  <0.88661982114985>}
x[0,5]{7  <0.9667374687816604>, 1  <0.033262531218339476>}
x[0,6]{7  <0.15206841770814886>, 1  <0.8479315822918511>}
x[0,7]{0  <1.0>}
x[1,0]{5  <0.17735836274377403>, 4  <0.8226416372562259>}
x[1,1]{5  <0.9071580187811832>, 4  <0.09284198121881689>}
x[1,2]{1  <1.0>}
x[1,3]{6  <1.0>}
x[1,4]{0  <1.0>}
x[1,5]{2  <1.0>}
x[1,6]{3  <1.0>}
x[1,7]{7  <1.0>}
x[2,0]{0  <1.0>}
x[2,1]{7  <0.9999691129310316>, 4  <3.0887068968308065E-5>}
x[2,2]{3  <1.0>}
x[2,3]{1  <1.0>}
x[2,4]{7  <1.5907421349020838E-4>, 4  <0.9998409257865097>}
x[2,5]{6  <1.0>}
x[2,6]{5  <1.0>}
x[2,7]{2  <1.0>}
x[3,0]{6  <3.5343712832836456E-6>, 1  <0.9725375339620538>, 2  <0.0274320222576003>, 3  <2.690940906275809E-5>}
x[3,1]{3  <0.9999634733664582>, 6  <2.4657272341725084E-5>, 2  <1.1869361199998027E-5>}
x[3,2]{7  <1.0>}
x[3,3]{0  <1.0>}
x[3,4]{6  <0.9997504134698392>, 3  <2.4958653016079216E-4>}
x[3,5]{4  <1.0>}
x[3,6]{2  <0.728271513106909>, 1  <0.27172848689309104>}
x[3,7]{5  <1.0>}
x[4,0]{6  <0.8316091956594525>, 1  <0.01931555537898564>, 2  <0.14899796799189208>, 7  <7.381127038495896E-5>, 5  <3.469699284912605E-6>}
x[4,1]{6  <0.2760791587435127>, 5  <8.422336601150815E-7>, 2  <0.7239199125517112>, 7  <8.647111614561132E-8>}
x[4,2]{4  <1.0>}
x[4,3]{5  <0.7596165056445096>, 7  <0.24038349435549047>}
x[4,4]{6  <9.322724109252758E-5>, 7  <0.6939126231041173>, 5  <0.30599414965479016>}
x[4,5]{3  <1.0>}
x[4,6]{0  <1.0>}
x[4,7]{6  <0.016530650985139818>, 1  <0.9834693490148603>}
x[5,0]{3  <0.8249970216758243>, 7  <0.07803903710700935>, 5  <0.09696394121716624>}
x[5,1]{1  <1.0>}
x[5,2]{2  <1.0>}
x[5,3]{3  <0.07536478705378065>, 7  <0.6822369729492687>, 5  <0.2423982399969507>}
x[5,4]{3  <0.09198596100338312>, 7  <0.25964016719988386>, 5  <0.6483738717967331>}
x[5,5]{0  <1.0>}
x[5,6]{6  <1.0>}
x[5,7]{4  <1.0>}
x[6,0]{7  <0.9244613284850817>, 1  <0.016414942099562617>, 6  <0.00699179958261172>, 3  <0.052131929832743985>}
x[6,1]{0  <1.0>}
x[6,2]{5  <1.0>}
x[6,3]{7  <0.11225508649497548>, 3  <0.8877449135050246>}
x[6,4]{2  <1.0>}
x[6,5]{7  <0.1959832186370156>, 1  <0.8040167813629844>}
x[6,6]{4  <1.0>}
x[6,7]{6  <0.9814689282820558>, 1  <0.01853107171794423>}
x[7,0]{7  <0.027827564222744138>, 6  <0.17696695316071726>, 2  <0.7952054826165386>}
x[7,1]{7  <2.872235411742758E-5>, 6  <0.7105744867091501>, 2  <0.2893967909367324>}
x[7,2]{0  <1.0>}
x[7,3]{4  <1.0>}
x[7,4]{1  <1.0>}
x[7,5]{5  <1.0>}
x[7,6]{7  <0.8503583156723437>, 2  <0.14964168432765637>}
x[7,7]{3  <1.0>}
problem entropy = 0.42286482901180344
smallest variable entropy = 3.5165414485411337E-4
### branching on x[2,1]=7 marginal=0.9999691129310316
### branching on x[3,1]=3 marginal=0.9999634733664583
##### after BP iteration 1 #####
x[0,0]{5  <0.75000603138111>, 4  <0.1303051902696521>, 3  <0.11968877834923784>}
x[0,1]{4  <0.8732059292572354>, 5  <0.12679407074276458>}
x[0,2]{6  <1.0>}
x[0,3]{2  <1.0>}
x[0,4]{5  <0.06129304259052571>, 3  <0.9387069574094743>}
x[0,5]{7  <0.8836590292910956>, 1  <0.1163409707089044>}
x[0,6]{7  <0.02231224520005379>, 1  <0.9776877547999462>}
x[0,7]{0  <1.0>}
x[1,0]{5  <0.1684456433996782>, 4  <0.8315543566003217>}
x[1,1]{5  <0.7871827885251289>, 4  <0.21281721147487112>}
x[1,2]{1  <1.0>}
x[1,3]{6  <1.0>}
x[1,4]{0  <1.0>}
x[1,5]{2  <1.0>}
x[1,6]{3  <1.0>}
x[1,7]{7  <1.0>}
x[2,0]{0  <1.0>}
x[2,1]{7  <1.0>}
x[2,2]{3  <1.0>}
x[2,3]{1  <1.0>}
x[2,4]{4  <1.0>}
x[2,5]{6  <1.0>}
x[2,6]{5  <1.0>}
x[2,7]{2  <1.0>}
x[3,0]{2  <0.08144356301292124>, 1  <0.9185564369870787>}
x[3,1]{3  <1.0>}
x[3,2]{7  <1.0>}
x[3,3]{0  <1.0>}
x[3,4]{6  <1.0>}
x[3,5]{4  <1.0>}
x[3,6]{2  <0.9824852212619325>, 1  <0.017514778738067407>}
x[3,7]{5  <1.0>}
x[4,0]{6  <0.7604188743666267>, 1  <0.005187528778683379>, 2  <0.23439359685468988>}
x[4,1]{6  <0.16531697621338728>, 2  <0.8346830237866126>}
x[4,2]{4  <1.0>}
x[4,3]{5  <0.7479853457574499>, 7  <0.2520146542425501>}
x[4,4]{5  <0.20858362124516797>, 7  <0.791416378754832>}
x[4,5]{3  <1.0>}
x[4,6]{0  <1.0>}
x[4,7]{6  <0.006585585641434483>, 1  <0.9934144143585655>}
x[5,0]{3  <0.8717752030070471>, 7  <0.06743671216657748>, 5  <0.06078808482637539>}
x[5,1]{1  <1.0>}
x[5,2]{2  <1.0>}
x[5,3]{3  <0.09098699025255519>, 7  <0.6329345037856633>, 5  <0.2760785059617814>}
x[5,4]{3  <0.07966399162866991>, 7  <0.27696100972847826>, 5  <0.6433749986428519>}
x[5,5]{0  <1.0>}
x[5,6]{6  <1.0>}
x[5,7]{4  <1.0>}
x[6,0]{7  <0.8684800798004066>, 1  <0.01293719685601204>, 6  <0.012014359500903248>, 3  <0.10656836384267807>}
x[6,1]{0  <1.0>}
x[6,2]{5  <1.0>}
x[6,3]{7  <0.06067437346928507>, 3  <0.9393256265307148>}
x[6,4]{2  <1.0>}
x[6,5]{7  <0.015275219128841682>, 1  <0.9847247808711582>}
x[6,6]{4  <1.0>}
x[6,7]{6  <0.9858517120850077>, 1  <0.014148287914992364>}
x[7,0]{7  <0.035193670797085685>, 6  <0.26935718368941497>, 2  <0.6954491455134993>}
x[7,1]{2  <0.19251257348150133>, 6  <0.8074874265184987>}
x[7,2]{0  <1.0>}
x[7,3]{4  <1.0>}
x[7,4]{1  <1.0>}
x[7,5]{5  <1.0>}
x[7,6]{7  <0.9687041648504344>, 2  <0.03129583514956558>}
x[7,7]{3  <1.0>}
problem entropy = 0.4740575288898912
smallest variable entropy = 0.03964240671361895
##### after BP iteration 2 #####
x[0,0]{5  <0.8289130404087451>, 4  <0.0848340943213602>, 3  <0.08625286526989467>}
x[0,1]{4  <0.8384955938473572>, 5  <0.1615044061526428>}
x[0,2]{6  <1.0>}
x[0,3]{2  <1.0>}
x[0,4]{5  <0.09563574246769285>, 3  <0.9043642575323071>}
x[0,5]{7  <0.9898158835923501>, 1  <0.01018411640764992>}
x[0,6]{7  <0.009538872621899376>, 1  <0.9904611273781005>}
x[0,7]{0  <1.0>}
x[1,0]{5  <0.16054608758333958>, 4  <0.8394539124166603>}
x[1,1]{5  <0.7767580864615928>, 4  <0.2232419135384072>}
x[1,2]{1  <1.0>}
x[1,3]{6  <1.0>}
x[1,4]{0  <1.0>}
x[1,5]{2  <1.0>}
x[1,6]{3  <1.0>}
x[1,7]{7  <1.0>}
x[2,0]{0  <1.0>}
x[2,1]{7  <1.0>}
x[2,2]{3  <1.0>}
x[2,3]{1  <1.0>}
x[2,4]{4  <1.0>}
x[2,5]{6  <1.0>}
x[2,6]{5  <1.0>}
x[2,7]{2  <1.0>}
x[3,0]{2  <0.037774375758038416>, 1  <0.9622256242419616>}
x[3,1]{3  <1.0>}
x[3,2]{7  <1.0>}
x[3,3]{0  <1.0>}
x[3,4]{6  <1.0>}
x[3,5]{4  <1.0>}
x[3,6]{2  <0.9960250317828572>, 1  <0.003974968217142868>}
x[3,7]{5  <1.0>}
x[4,0]{6  <0.728643906584631>, 1  <0.02553024902327916>, 2  <0.24582584439208988>}
x[4,1]{6  <0.16083375502570785>, 2  <0.8391662449742922>}
x[4,2]{4  <1.0>}
x[4,3]{5  <0.7500644901257605>, 7  <0.24993550987423951>}
x[4,4]{5  <0.2326622610054>, 7  <0.7673377389946001>}
x[4,5]{3  <1.0>}
x[4,6]{0  <1.0>}
x[4,7]{6  <0.0045303021328370035>, 1  <0.995469697867163>}
x[5,0]{3  <0.8093876874952353>, 7  <0.07846889821027901>, 5  <0.11214341429448578>}
x[5,1]{1  <1.0>}
x[5,2]{2  <1.0>}
x[5,3]{3  <0.04984822370573372>, 7  <0.6511166045349268>, 5  <0.2990351717593396>}
x[5,4]{3  <0.04740714425478334>, 7  <0.2329678531528662>, 5  <0.7196250025923505>}
x[5,5]{0  <1.0>}
x[5,6]{6  <1.0>}
x[5,7]{4  <1.0>}
x[6,0]{7  <0.8605598162428174>, 1  <0.05672176627496815>, 6  <0.008973497693265643>, 3  <0.07374491978894876>}
x[6,1]{0  <1.0>}
x[6,2]{5  <1.0>}
x[6,3]{7  <0.0880598286644618>, 3  <0.9119401713355382>}
x[6,4]{2  <1.0>}
x[6,5]{7  <0.01196767351240748>, 1  <0.9880323264875924>}
x[6,6]{4  <1.0>}
x[6,7]{6  <0.9991228299035673>, 1  <8.771700964327335E-4>}
x[7,0]{7  <0.0877278088640296>, 6  <0.2728453262656378>, 2  <0.6394268648703326>}
x[7,1]{2  <0.15683374453171586>, 6  <0.8431662554682842>}
x[7,2]{0  <1.0>}
x[7,3]{4  <1.0>}
x[7,4]{1  <1.0>}
x[7,5]{5  <1.0>}
x[7,6]{7  <0.9979992709383804>, 2  <0.0020007290616196197>}
x[7,7]{3  <1.0>}
problem entropy = 0.44180646646225186
smallest variable entropy = 0.007051018593701666
##### after BP iteration 3 #####
x[0,0]{5  <0.7263649213249875>, 4  <0.19637491993336864>, 3  <0.07726015874164392>}
x[0,1]{4  <0.8448596135984869>, 5  <0.1551403864015131>}
x[0,2]{6  <1.0>}
x[0,3]{2  <1.0>}
x[0,4]{5  <0.06179511050317499>, 3  <0.938204889496825>}
x[0,5]{7  <0.999114750683926>, 1  <8.852493160740737E-4>}
x[0,6]{7  <5.2865072044366E-4>, 1  <0.9994713492795564>}
x[0,7]{0  <1.0>}
x[1,0]{5  <0.11593051543214757>, 4  <0.8840694845678524>}
x[1,1]{5  <0.880083442799741>, 4  <0.11991655720025901>}
x[1,2]{1  <1.0>}
x[1,3]{6  <1.0>}
x[1,4]{0  <1.0>}
x[1,5]{2  <1.0>}
x[1,6]{3  <1.0>}
x[1,7]{7  <1.0>}
x[2,0]{0  <1.0>}
x[2,1]{7  <1.0>}
x[2,2]{3  <1.0>}
x[2,3]{1  <1.0>}
x[2,4]{4  <1.0>}
x[2,5]{6  <1.0>}
x[2,6]{5  <1.0>}
x[2,7]{2  <1.0>}
x[3,0]{2  <0.0019546564350251755>, 1  <0.9980453435649749>}
x[3,1]{3  <1.0>}
x[3,2]{7  <1.0>}
x[3,3]{0  <1.0>}
x[3,4]{6  <1.0>}
x[3,5]{4  <1.0>}
x[3,6]{2  <0.9938040010175795>, 1  <0.0061959989824205185>}
x[3,7]{5  <1.0>}
x[4,0]{6  <0.8036386650016986>, 1  <0.003680970578451617>, 2  <0.19268036441984987>}
x[4,1]{6  <0.23390859490516214>, 2  <0.7660914050948379>}
x[4,2]{4  <1.0>}
x[4,3]{5  <0.7300631599606743>, 7  <0.2699368400393257>}
x[4,4]{5  <0.2698197806119144>, 7  <0.7301802193880855>}
x[4,5]{3  <1.0>}
x[4,6]{0  <1.0>}
x[4,7]{6  <0.0037514640248938855>, 1  <0.9962485359751061>}
x[5,0]{3  <0.8740463305631813>, 7  <0.06836020533660486>, 5  <0.0575934641002139>}
x[5,1]{1  <1.0>}
x[5,2]{2  <1.0>}
x[5,3]{3  <0.09793623410958939>, 7  <0.7096061721243501>, 5  <0.1924575937660605>}
x[5,4]{3  <0.11120987704957933>, 7  <0.23483624883647453>, 5  <0.6539538741139461>}
x[5,5]{0  <1.0>}
x[5,6]{6  <1.0>}
x[5,7]{4  <1.0>}
x[6,0]{7  <0.9036647903682911>, 1  <0.005268293019781928>, 6  <0.0028929368869160363>, 3  <0.08817397972501095>}
x[6,1]{0  <1.0>}
x[6,2]{5  <1.0>}
x[6,3]{7  <0.05807336985651389>, 3  <0.9419266301434861>}
x[6,4]{2  <1.0>}
x[6,5]{7  <0.04171702760943351>, 1  <0.9582829723905665>}
x[6,6]{4  <1.0>}
x[6,7]{6  <0.9929498054267653>, 1  <0.007050194573234852>}
x[7,0]{7  <9.761618228808141E-4>, 6  <0.16683675691557862>, 2  <0.8321870812615406>}
x[7,1]{2  <0.2500234139798158>, 6  <0.7499765860201842>}
x[7,2]{0  <1.0>}
x[7,3]{4  <1.0>}
x[7,4]{1  <1.0>}
x[7,5]{5  <1.0>}
x[7,6]{7  <0.9811240233212276>, 2  <0.018875976678772312>}
x[7,7]{3  <1.0>}
problem entropy = 0.41336455898419744
smallest variable entropy = 0.0045172771816128655
##### after BP iteration 4 #####
x[0,0]{5  <0.7461546817926439>, 4  <0.21444643044249448>, 3  <0.039398887764861584>}
x[0,1]{4  <0.8496261668441881>, 5  <0.15037383315581188>}
x[0,2]{6  <1.0>}
x[0,3]{2  <1.0>}
x[0,4]{5  <0.08473979528187606>, 3  <0.915260204718124>}
x[0,5]{7  <0.9977670536530661>, 1  <0.0022329463469339624>}
x[0,6]{7  <0.006616377824551538>, 1  <0.9933836221754485>}
x[0,7]{0  <1.0>}
x[1,0]{5  <0.15258724224179032>, 4  <0.8474127577582097>}
x[1,1]{5  <0.9226929774366631>, 4  <0.0773070225633369>}
x[1,2]{1  <1.0>}
x[1,3]{6  <1.0>}
x[1,4]{0  <1.0>}
x[1,5]{2  <1.0>}
x[1,6]{3  <1.0>}
x[1,7]{7  <1.0>}
x[2,0]{0  <1.0>}
x[2,1]{7  <1.0>}
x[2,2]{3  <1.0>}
x[2,3]{1  <1.0>}
x[2,4]{4  <1.0>}
x[2,5]{6  <1.0>}
x[2,6]{5  <1.0>}
x[2,7]{2  <1.0>}
x[3,0]{2  <5.81639642571827E-4>, 1  <0.9994183603574281>}
x[3,1]{3  <1.0>}
x[3,2]{7  <1.0>}
x[3,3]{0  <1.0>}
x[3,4]{6  <1.0>}
x[3,5]{4  <1.0>}
x[3,6]{2  <0.9969949598058445>, 1  <0.0030050401941555025>}
x[3,7]{5  <1.0>}
x[4,0]{6  <0.8425963561064465>, 1  <1.0369054588109826E-4>, 2  <0.15729995334767252>}
x[4,1]{6  <0.2941879083858459>, 2  <0.7058120916141541>}
x[4,2]{4  <1.0>}
x[4,3]{5  <0.7852475090140094>, 7  <0.21475249098599059>}
x[4,4]{5  <0.27755722855863313>, 7  <0.7224427714413668>}
x[4,5]{3  <1.0>}
x[4,6]{0  <1.0>}
x[4,7]{6  <0.005356188173552293>, 1  <0.9946438118264477>}
x[5,0]{3  <0.8229206989340817>, 7  <0.09496606900365658>, 5  <0.08211323206226179>}
x[5,1]{1  <1.0>}
x[5,2]{2  <1.0>}
x[5,3]{3  <0.06852598715519623>, 7  <0.7005906167597449>, 5  <0.23088339608505878>}
x[5,4]{3  <0.07426795591461278>, 7  <0.24316688969121744>, 5  <0.6825651543941698>}
x[5,5]{0  <1.0>}
x[5,6]{6  <1.0>}
x[5,7]{4  <1.0>}
x[6,0]{7  <0.9399724658407971>, 1  <1.2862060649473304E-4>, 6  <8.068203661347436E-5>, 3  <0.05981823151609467>}
x[6,1]{0  <1.0>}
x[6,2]{5  <1.0>}
x[6,3]{7  <0.09712030241426506>, 3  <0.902879697585735>}
x[6,4]{2  <1.0>}
x[6,5]{7  <5.29846505774206E-4>, 1  <0.9994701534942257>}
x[6,6]{4  <1.0>}
x[6,7]{6  <0.996918997027354>, 1  <0.0030810029726460564>}
x[7,0]{7  <8.141680676454616E-4>, 6  <0.16168717485833897>, 2  <0.8374986570740156>}
x[7,1]{2  <0.24742304915969923>, 6  <0.7525769508403009>}
x[7,2]{0  <1.0>}
x[7,3]{4  <1.0>}
x[7,4]{1  <1.0>}
x[7,5]{5  <1.0>}
x[7,6]{7  <0.9990922636875367>, 2  <9.077363124633416E-4>}
x[7,7]{3  <1.0>}
problem entropy = 0.39769083910247943
smallest variable entropy = 0.0045262976158675205
##### after BP iteration 5 #####
x[0,0]{5  <0.7903925004999203>, 4  <0.10769563758106229>, 3  <0.10191186191901745>}
x[0,1]{4  <0.8915927959947806>, 5  <0.10840720400521935>}
x[0,2]{6  <1.0>}
x[0,3]{2  <1.0>}
x[0,4]{5  <0.05109716026207739>, 3  <0.9489028397379227>}
x[0,5]{7  <0.9960307717500839>, 1  <0.003969228249916119>}
x[0,6]{7  <5.010910844385149E-4>, 1  <0.9994989089155615>}
x[0,7]{0  <1.0>}
x[1,0]{5  <0.144548560263984>, 4  <0.855451439736016>}
x[1,1]{5  <0.8104447811004561>, 4  <0.18955521889954377>}
x[1,2]{1  <1.0>}
x[1,3]{6  <1.0>}
x[1,4]{0  <1.0>}
x[1,5]{2  <1.0>}
x[1,6]{3  <1.0>}
x[1,7]{7  <1.0>}
x[2,0]{0  <1.0>}
x[2,1]{7  <1.0>}
x[2,2]{3  <1.0>}
x[2,3]{1  <1.0>}
x[2,4]{4  <1.0>}
x[2,5]{6  <1.0>}
x[2,6]{5  <1.0>}
x[2,7]{2  <1.0>}
x[3,0]{2  <3.535502593946118E-4>, 1  <0.9996464497406055>}
x[3,1]{3  <1.0>}
x[3,2]{7  <1.0>}
x[3,3]{0  <1.0>}
x[3,4]{6  <1.0>}
x[3,5]{4  <1.0>}
x[3,6]{2  <0.9999755592153177>, 1  <2.444078468235035E-5>}
x[3,7]{5  <1.0>}
x[4,0]{6  <0.7494041233655165>, 1  <6.801107908133492E-4>, 2  <0.24991576584367015>}
x[4,1]{6  <0.16715510597314526>, 2  <0.8328448940268547>}
x[4,2]{4  <1.0>}
x[4,3]{5  <0.7684537670041645>, 7  <0.23154623299583554>}
x[4,4]{5  <0.19294115371835246>, 7  <0.8070588462816476>}
x[4,5]{3  <1.0>}
x[4,6]{0  <1.0>}
x[4,7]{6  <8.157259802812006E-5>, 1  <0.9999184274019719>}
x[5,0]{3  <0.8794919514113881>, 7  <0.06590734148644786>, 5  <0.05460070710216401>}
x[5,1]{1  <1.0>}
x[5,2]{2  <1.0>}
x[5,3]{3  <0.09185779364079769>, 7  <0.653599678806044>, 5  <0.25454252755315826>}
x[5,4]{3  <0.06818799746879659>, 7  <0.257537045262964>, 5  <0.6742749572682395>}
x[5,5]{0  <1.0>}
x[5,6]{6  <1.0>}
x[5,7]{4  <1.0>}
x[6,0]{7  <0.8940963209563111>, 1  <1.130932419952217E-5>, 6  <1.5565317715375085E-4>, 3  <0.10573671654233563>}
x[6,1]{0  <1.0>}
x[6,2]{5  <1.0>}
x[6,3]{7  <0.07018924877723615>, 3  <0.9298107512227639>}
x[6,4]{2  <1.0>}
x[6,5]{7  <3.400083615585098E-5>, 1  <0.9999659991638442>}
x[6,6]{4  <1.0>}
x[6,7]{6  <0.9999819821787962>, 1  <1.8017821203733917E-5>}
x[7,0]{7  <1.3675777043008346E-4>, 6  <0.23392563702107216>, 2  <0.7659376052084979>}
x[7,1]{2  <0.194259590626617>, 6  <0.805740409373383>}
x[7,2]{0  <1.0>}
x[7,3]{4  <1.0>}
x[7,4]{1  <1.0>}
x[7,5]{5  <1.0>}
x[7,6]{7  <0.9999641854667062>, 2  <3.581453329387364E-5>}
x[7,7]{3  <1.0>}
problem entropy = 0.37976011122046294
smallest variable entropy = 2.1484702638458077E-4
### branching on x[6,7]=6 marginal=0.9999819821787962
### branching on x[3,6]=2 marginal=0.9999755592153177
##### after BP iteration 1 #####
x[0,0]{5  <0.8569826851554369>, 4  <0.07180154330615143>, 3  <0.07121577153841173>}
x[0,1]{4  <0.8598791131661119>, 5  <0.140120886833888>}
x[0,2]{6  <1.0>}
x[0,3]{2  <1.0>}
x[0,4]{5  <0.09151563459645576>, 3  <0.9084843654035443>}
x[0,5]{7  <1.0>}
x[0,6]{1  <1.0>}
x[0,7]{0  <1.0>}
x[1,0]{5  <0.1383752305514585>, 4  <0.8616247694485415>}
x[1,1]{5  <0.8030737175029776>, 4  <0.19692628249702232>}
x[1,2]{1  <1.0>}
x[1,3]{6  <1.0>}
x[1,4]{0  <1.0>}
x[1,5]{2  <1.0>}
x[1,6]{3  <1.0>}
x[1,7]{7  <1.0>}
x[2,0]{0  <1.0>}
x[2,1]{7  <1.0>}
x[2,2]{3  <1.0>}
x[2,3]{1  <1.0>}
x[2,4]{4  <1.0>}
x[2,5]{6  <1.0>}
x[2,6]{5  <1.0>}
x[2,7]{2  <1.0>}
x[3,0]{1  <1.0>}
x[3,1]{3  <1.0>}
x[3,2]{7  <1.0>}
x[3,3]{0  <1.0>}
x[3,4]{6  <1.0>}
x[3,5]{4  <1.0>}
x[3,6]{2  <1.0>}
x[3,7]{5  <1.0>}
x[4,0]{6  <0.7525769508403009>, 2  <0.24742304915969907>}
x[4,1]{6  <0.16170581249647917>, 2  <0.8382941875035209>}
x[4,2]{4  <1.0>}
x[4,3]{5  <0.764304246774344>, 7  <0.2356957532256558>}
x[4,4]{5  <0.21836690199320724>, 7  <0.7816330980067927>}
x[4,5]{3  <1.0>}
x[4,6]{0  <1.0>}
x[4,7]{1  <1.0>}
x[5,0]{3  <0.817339181086248>, 7  <0.09274545271427123>, 5  <0.08991536619948069>}
x[5,1]{1  <1.0>}
x[5,2]{2  <1.0>}
x[5,3]{3  <0.06070961685724774>, 7  <0.6694448152024082>, 5  <0.26984556794034403>}
x[5,4]{3  <0.044439787815621405>, 7  <0.20925754412167985>, 5  <0.7463026680626987>}
x[5,5]{0  <1.0>}
x[5,6]{6  <1.0>}
x[5,7]{4  <1.0>}
x[6,0]{7  <0.9251897737204584>, 3  <0.07481022627954158>}
x[6,1]{0  <1.0>}
x[6,2]{5  <1.0>}
x[6,3]{7  <0.09968203217621636>, 3  <0.9003179678237836>}
x[6,4]{2  <1.0>}
x[6,5]{1  <1.0>}
x[6,6]{4  <1.0>}
x[6,7]{6  <1.0>}
x[7,0]{2  <0.7058120916141541>, 6  <0.2941879083858459>}
x[7,1]{2  <0.15714591691178428>, 6  <0.8428540830882157>}
x[7,2]{0  <1.0>}
x[7,3]{4  <1.0>}
x[7,4]{1  <1.0>}
x[7,5]{5  <1.0>}
x[7,6]{7  <1.0>}
x[7,7]{3  <1.0>}
problem entropy = 0.6263088770073059
smallest variable entropy = 0.26590743392047145
##### after BP iteration 2 #####
x[0,0]{5  <0.7524151127846115>, 4  <0.1759826390806673>, 3  <0.07160224813472124>}
x[0,1]{4  <0.8655018670292306>, 5  <0.13449813297076932>}
x[0,2]{6  <1.0>}
x[0,3]{2  <1.0>}
x[0,4]{5  <0.057363075670782575>, 3  <0.9426369243292174>}
x[0,5]{7  <1.0>}
x[0,6]{1  <1.0>}
x[0,7]{0  <1.0>}
x[1,0]{5  <0.10031041273042013>, 4  <0.8996895872695798>}
x[1,1]{5  <0.8993691106471735>, 4  <0.10063088935282655>}
x[1,2]{1  <1.0>}
x[1,3]{6  <1.0>}
x[1,4]{0  <1.0>}
x[1,5]{2  <1.0>}
x[1,6]{3  <1.0>}
x[1,7]{7  <1.0>}
x[2,0]{0  <1.0>}
x[2,1]{7  <1.0>}
x[2,2]{3  <1.0>}
x[2,3]{1  <1.0>}
x[2,4]{4  <1.0>}
x[2,5]{6  <1.0>}
x[2,6]{5  <1.0>}
x[2,7]{2  <1.0>}
x[3,0]{1  <1.0>}
x[3,1]{3  <1.0>}
x[3,2]{7  <1.0>}
x[3,3]{0  <1.0>}
x[3,4]{6  <1.0>}
x[3,5]{4  <1.0>}
x[3,6]{2  <1.0>}
x[3,7]{5  <1.0>}
x[4,0]{6  <0.8057404093733831>, 2  <0.194259590626617>}
x[4,1]{6  <0.23395763254527407>, 2  <0.766042367454726>}
x[4,2]{4  <1.0>}
x[4,3]{5  <0.7522515320640154>, 7  <0.2477484679359847>}
x[4,4]{5  <0.24643763136943003>, 7  <0.7535623686305699>}
x[4,5]{3  <1.0>}
x[4,6]{0  <1.0>}
x[4,7]{1  <1.0>}
x[5,0]{3  <0.872402772480309>, 7  <0.07448605402593743>, 5  <0.053111173493753695>}
x[5,1]{1  <1.0>}
x[5,2]{2  <1.0>}
x[5,3]{3  <0.11523301228462098>, 7  <0.7052636466051692>, 5  <0.17950334111020996>}
x[5,4]{3  <0.10583379515322759>, 7  <0.2147815146404004>, 5  <0.6793846902063719>}
x[5,5]{0  <1.0>}
x[5,6]{6  <1.0>}
x[5,7]{4  <1.0>}
x[6,0]{7  <0.9111328376043818>, 3  <0.08886716239561823>}
x[6,1]{0  <1.0>}
x[6,2]{5  <1.0>}
x[6,3]{7  <0.06726814645947421>, 3  <0.9327318535405258>}
x[6,4]{2  <1.0>}
x[6,5]{1  <1.0>}
x[6,6]{4  <1.0>}
x[6,7]{6  <1.0>}
x[7,0]{2  <0.8328448940268548>, 6  <0.16715510597314517>}
x[7,1]{2  <0.25008585193019756>, 6  <0.7499141480698024>}
x[7,2]{0  <1.0>}
x[7,3]{4  <1.0>}
x[7,4]{1  <1.0>}
x[7,5]{5  <1.0>}
x[7,6]{7  <1.0>}
x[7,7]{3  <1.0>}
problem entropy = 0.6091084659882828
smallest variable entropy = 0.21964942416797906
##### after BP iteration 3 #####
x[0,0]{5  <0.769980786781513>, 4  <0.18881137637835035>, 3  <0.041207836840136625>}
x[0,1]{4  <0.8702092279040434>, 5  <0.12979077209595657>}
x[0,2]{6  <1.0>}
x[0,3]{2  <1.0>}
x[0,4]{5  <0.07880211701397756>, 3  <0.9211978829860226>}
x[0,5]{7  <1.0>}
x[0,6]{1  <1.0>}
x[0,7]{0  <1.0>}
x[1,0]{5  <0.13255842986747543>, 4  <0.8674415701325247>}
x[1,1]{5  <0.9340062109215558>, 4  <0.06599378907844432>}
x[1,2]{1  <1.0>}
x[1,3]{6  <1.0>}
x[1,4]{0  <1.0>}
x[1,5]{2  <1.0>}
x[1,6]{3  <1.0>}
x[1,7]{7  <1.0>}
x[2,0]{0  <1.0>}
x[2,1]{7  <1.0>}
x[2,2]{3  <1.0>}
x[2,3]{1  <1.0>}
x[2,4]{4  <1.0>}
x[2,5]{6  <1.0>}
x[2,6]{5  <1.0>}
x[2,7]{2  <1.0>}
x[3,0]{1  <1.0>}
x[3,1]{3  <1.0>}
x[3,2]{7  <1.0>}
x[3,3]{0  <1.0>}
x[3,4]{6  <1.0>}
x[3,5]{4  <1.0>}
x[3,6]{2  <1.0>}
x[3,7]{5  <1.0>}
x[4,0]{6  <0.8428540830882156>, 2  <0.1571459169117843>}
x[4,1]{6  <0.29418790838584585>, 2  <0.705812091614154>}
x[4,2]{4  <1.0>}
x[4,3]{5  <0.805490928905685>, 7  <0.19450907109431514>}
x[4,4]{5  <0.2502348921330438>, 7  <0.7497651078669563>}
x[4,5]{3  <1.0>}
x[4,6]{0  <1.0>}
x[4,7]{1  <1.0>}
x[5,0]{3  <0.8129290455643643>, 7  <0.10426259176277124>, 5  <0.08280836267286446>}
x[5,1]{1  <1.0>}
x[5,2]{2  <1.0>}
x[5,3]{3  <0.07526775803563143>, 7  <0.706697397901205>, 5  <0.2180348440631636>}
x[5,4]{3  <0.0647969626916099>, 7  <0.2314023437825881>, 5  <0.703800693525802>}
x[5,5]{0  <1.0>}
x[5,6]{6  <1.0>}
x[5,7]{4  <1.0>}
x[6,0]{7  <0.9328868292237289>, 3  <0.06711317077627117>}
x[6,1]{0  <1.0>}
x[6,2]{5  <1.0>}
x[6,3]{7  <0.10149641436632133>, 3  <0.8985035856336786>}
x[6,4]{2  <1.0>}
x[6,5]{1  <1.0>}
x[6,6]{4  <1.0>}
x[6,7]{6  <1.0>}
x[7,0]{2  <0.8382941875035208>, 6  <0.16170581249647914>}
x[7,1]{2  <0.24742304915969907>, 6  <0.752576950840301>}
x[7,2]{0  <1.0>}
x[7,3]{4  <1.0>}
x[7,4]{1  <1.0>}
x[7,5]{5  <1.0>}
x[7,6]{7  <1.0>}
x[7,7]{3  <1.0>}
problem entropy = 0.6069207247264966
smallest variable entropy = 0.2431506145550634
##### after BP iteration 4 #####
x[0,0]{5  <0.8077600646886489>, 4  <0.09038070435265827>, 3  <0.10185923095869291>}
x[0,1]{4  <0.9059961196342403>, 5  <0.09400388036575971>}
x[0,2]{6  <1.0>}
x[0,3]{2  <1.0>}
x[0,4]{5  <0.05011888607460501>, 3  <0.9498811139253951>}
x[0,5]{7  <1.0>}
x[0,6]{1  <1.0>}
x[0,7]{0  <1.0>}
x[1,0]{5  <0.12472805667699687>, 4  <0.8752719433230032>}
x[1,1]{5  <0.8307708548242272>, 4  <0.16922914517577284>}
x[1,2]{1  <1.0>}
x[1,3]{6  <1.0>}
x[1,4]{0  <1.0>}
x[1,5]{2  <1.0>}
x[1,6]{3  <1.0>}
x[1,7]{7  <1.0>}
x[2,0]{0  <1.0>}
x[2,1]{7  <1.0>}
x[2,2]{3  <1.0>}
x[2,3]{1  <1.0>}
x[2,4]{4  <1.0>}
x[2,5]{6  <1.0>}
x[2,6]{5  <1.0>}
x[2,7]{2  <1.0>}
x[3,0]{1  <1.0>}
x[3,1]{3  <1.0>}
x[3,2]{7  <1.0>}
x[3,3]{0  <1.0>}
x[3,4]{6  <1.0>}
x[3,5]{4  <1.0>}
x[3,6]{2  <1.0>}
x[3,7]{5  <1.0>}
x[4,0]{6  <0.7499141480698025>, 2  <0.25008585193019744>}
x[4,1]{6  <0.1671551059731452>, 2  <0.8328448940268548>}
x[4,2]{4  <1.0>}
x[4,3]{5  <0.7833061599384893>, 7  <0.21669384006151066>}
x[4,4]{5  <0.18176582933127058>, 7  <0.8182341706687294>}
x[4,5]{3  <1.0>}
x[4,6]{0  <1.0>}
x[4,7]{1  <1.0>}
x[5,0]{3  <0.872605191455489>, 7  <0.07150171037868083>, 5  <0.05589309816583026>}
x[5,1]{1  <1.0>}
x[5,2]{2  <1.0>}
x[5,3]{3  <0.09274855930992677>, 7  <0.6739705401517765>, 5  <0.23328090053829664>}
x[5,4]{3  <0.06655033239613296>, 7  <0.23760035334130747>, 5  <0.6958493142625595>}
x[5,5]{0  <1.0>}
x[5,6]{6  <1.0>}
x[5,7]{4  <1.0>}
x[6,0]{7  <0.879678744075779>, 3  <0.1203212559242211>}
x[6,1]{0  <1.0>}
x[6,2]{5  <1.0>}
x[6,3]{7  <0.07535200066946508>, 3  <0.9246479993305349>}
x[6,4]{2  <1.0>}
x[6,5]{1  <1.0>}
x[6,6]{4  <1.0>}
x[6,7]{6  <1.0>}
x[7,0]{2  <0.766042367454726>, 6  <0.23395763254527413>}
x[7,1]{2  <0.19425959062661702>, 6  <0.805740409373383>}
x[7,2]{0  <1.0>}
x[7,3]{4  <1.0>}
x[7,4]{1  <1.0>}
x[7,5]{5  <1.0>}
x[7,6]{7  <1.0>}
x[7,7]{3  <1.0>}
problem entropy = 0.6060389451915233
smallest variable entropy = 0.19886514747171635
##### after BP iteration 5 #####
x[0,0]{5  <0.8708282757064039>, 4  <0.0615298451750236>, 3  <0.06764187911857256>}
x[0,1]{4  <0.8783395126246061>, 5  <0.12166048737539381>}
x[0,2]{6  <1.0>}
x[0,3]{2  <1.0>}
x[0,4]{5  <0.09431799700493328>, 3  <0.9056820029950667>}
x[0,5]{7  <1.0>}
x[0,6]{1  <1.0>}
x[0,7]{0  <1.0>}
x[1,0]{5  <0.1198945474598187>, 4  <0.8801054525401812>}
x[1,1]{5  <0.8269516674257112>, 4  <0.1730483325742887>}
x[1,2]{1  <1.0>}
x[1,3]{6  <1.0>}
x[1,4]{0  <1.0>}
x[1,5]{2  <1.0>}
x[1,6]{3  <1.0>}
x[1,7]{7  <1.0>}
x[2,0]{0  <1.0>}
x[2,1]{7  <1.0>}
x[2,2]{3  <1.0>}
x[2,3]{1  <1.0>}
x[2,4]{4  <1.0>}
x[2,5]{6  <1.0>}
x[2,6]{5  <1.0>}
x[2,7]{2  <1.0>}
x[3,0]{1  <1.0>}
x[3,1]{3  <1.0>}
x[3,2]{7  <1.0>}
x[3,3]{0  <1.0>}
x[3,4]{6  <1.0>}
x[3,5]{4  <1.0>}
x[3,6]{2  <1.0>}
x[3,7]{5  <1.0>}
x[4,0]{6  <0.7525769508403009>, 2  <0.24742304915969912>}
x[4,1]{6  <0.1617058124964791>, 2  <0.8382941875035209>}
x[4,2]{4  <1.0>}
x[4,3]{5  <0.7774435644640393>, 7  <0.22255643553596072>}
x[4,4]{5  <0.20886503565728026>, 7  <0.7911349643427197>}
x[4,5]{3  <1.0>}
x[4,6]{0  <1.0>}
x[4,7]{1  <1.0>}
x[5,0]{3  <0.8161377147850268>, 7  <0.09867406976094133>, 5  <0.08518821545403192>}
x[5,1]{1  <1.0>}
x[5,2]{2  <1.0>}
x[5,3]{3  <0.06872863449689866>, 7  <0.6882194144560533>, 5  <0.24305195104704805>}
x[5,4]{3  <0.04701237999134385>, 7  <0.19042393225945348>, 5  <0.7625636877492028>}
x[5,5]{0  <1.0>}
x[5,6]{6  <1.0>}
x[5,7]{4  <1.0>}
x[6,0]{7  <0.9218776921439947>, 3  <0.07812230785600514>}
x[6,1]{0  <1.0>}
x[6,2]{5  <1.0>}
x[6,3]{7  <0.10941296686072834>, 3  <0.8905870331392718>}
x[6,4]{2  <1.0>}
x[6,5]{1  <1.0>}
x[6,6]{4  <1.0>}
x[6,7]{6  <1.0>}
x[7,0]{2  <0.7058120916141541>, 6  <0.2941879083858458>}
x[7,1]{2  <0.15714591691178428>, 6  <0.8428540830882157>}
x[7,2]{0  <1.0>}
x[7,3]{4  <1.0>}
x[7,4]{1  <1.0>}
x[7,5]{5  <1.0>}
x[7,6]{7  <1.0>}
x[7,7]{3  <1.0>}
problem entropy = 0.6141176606893433
smallest variable entropy = 0.27415927082052405
##### after BP iteration 6 #####
x[0,0]{5  <0.771524561785372>, 4  <0.1571605952650755>, 3  <0.07131484294955248>}
x[0,1]{4  <0.8838658355350844>, 5  <0.11613416446491569>}
x[0,2]{6  <1.0>}
x[0,3]{2  <1.0>}
x[0,4]{5  <0.0588322101821428>, 3  <0.9411677898178571>}
x[0,5]{7  <1.0>}
x[0,6]{1  <1.0>}
x[0,7]{0  <1.0>}
x[1,0]{5  <0.08728793754415731>, 4  <0.9127120624558427>}
x[1,1]{5  <0.9152217804999774>, 4  <0.08477821950002264>}
x[1,2]{1  <1.0>}
x[1,3]{6  <1.0>}
x[1,4]{0  <1.0>}
x[1,5]{2  <1.0>}
x[1,6]{3  <1.0>}
x[1,7]{7  <1.0>}
x[2,0]{0  <1.0>}
x[2,1]{7  <1.0>}
x[2,2]{3  <1.0>}
x[2,3]{1  <1.0>}
x[2,4]{4  <1.0>}
x[2,5]{6  <1.0>}
x[2,6]{5  <1.0>}
x[2,7]{2  <1.0>}
x[3,0]{1  <1.0>}
x[3,1]{3  <1.0>}
x[3,2]{7  <1.0>}
x[3,3]{0  <1.0>}
x[3,4]{6  <1.0>}
x[3,5]{4  <1.0>}
x[3,6]{2  <1.0>}
x[3,7]{5  <1.0>}
x[4,0]{6  <0.8057404093733831>, 2  <0.19425959062661693>}
x[4,1]{6  <0.23395763254527419>, 2  <0.7660423674547259>}
x[4,2]{4  <1.0>}
x[4,3]{5  <0.7730738367815932>, 7  <0.2269261632184068>}
x[4,4]{5  <0.2244691893616888>, 7  <0.7755308106383111>}
x[4,5]{3  <1.0>}
x[4,6]{0  <1.0>}
x[4,7]{1  <1.0>}
x[5,0]{3  <0.8670569078453827>, 7  <0.07902968350751888>, 5  <0.053913408647098315>}
x[5,1]{1  <1.0>}
x[5,2]{2  <1.0>}
x[5,3]{3  <0.12712433519798438>, 7  <0.7035323988988416>, 5  <0.1693432659031741>}
x[5,4]{3  <0.1090386780371763>, 7  <0.2006780516595961>, 5  <0.6902832703032277>}
x[5,5]{0  <1.0>}
x[5,6]{6  <1.0>}
x[5,7]{4  <1.0>}
x[6,0]{7  <0.909018890903485>, 3  <0.090981109096515>}
x[6,1]{0  <1.0>}
x[6,2]{5  <1.0>}
x[6,3]{7  <0.07316050634198852>, 3  <0.9268394936580115>}
x[6,4]{2  <1.0>}
x[6,5]{1  <1.0>}
x[6,6]{4  <1.0>}
x[6,7]{6  <1.0>}
x[7,0]{2  <0.8328448940268549>, 6  <0.16715510597314515>}
x[7,1]{2  <0.25008585193019744>, 6  <0.7499141480698025>}
x[7,2]{0  <1.0>}
x[7,3]{4  <1.0>}
x[7,4]{1  <1.0>}
x[7,5]{5  <1.0>}
x[7,6]{7  <1.0>}
x[7,7]{3  <1.0>}
problem entropy = 0.5964721805628972
smallest variable entropy = 0.22374214359135902
##### after BP iteration 7 #####
x[0,0]{5  <0.7893935914055854>, 4  <0.1651889102089967>, 3  <0.04541749838541789>}
x[0,1]{4  <0.8877748233378256>, 5  <0.11222517666217427>}
x[0,2]{6  <1.0>}
x[0,3]{2  <1.0>}
x[0,4]{5  <0.07958131305872779>, 3  <0.9204186869412723>}
x[0,5]{7  <1.0>}
x[0,6]{1  <1.0>}
x[0,7]{0  <1.0>}
x[1,0]{5  <0.11475702800767207>, 4  <0.8852429719923279>}
x[1,1]{5  <0.943352492719526>, 4  <0.056647507280473956>}
x[1,2]{1  <1.0>}
x[1,3]{6  <1.0>}
x[1,4]{0  <1.0>}
x[1,5]{2  <1.0>}
x[1,6]{3  <1.0>}
x[1,7]{7  <1.0>}
x[2,0]{0  <1.0>}
x[2,1]{7  <1.0>}
x[2,2]{3  <1.0>}
x[2,3]{1  <1.0>}
x[2,4]{4  <1.0>}
x[2,5]{6  <1.0>}
x[2,6]{5  <1.0>}
x[2,7]{2  <1.0>}
x[3,0]{1  <1.0>}
x[3,1]{3  <1.0>}
x[3,2]{7  <1.0>}
x[3,3]{0  <1.0>}
x[3,4]{6  <1.0>}
x[3,5]{4  <1.0>}
x[3,6]{2  <1.0>}
x[3,7]{5  <1.0>}
x[4,0]{6  <0.8428540830882157>, 2  <0.1571459169117843>}
x[4,1]{6  <0.29418790838584585>, 2  <0.7058120916141541>}
x[4,2]{4  <1.0>}
x[4,3]{5  <0.8223574321547732>, 7  <0.17764256784522678>}
x[4,4]{5  <0.22507861156331174>, 7  <0.7749213884366882>}
x[4,5]{3  <1.0>}
x[4,6]{0  <1.0>}
x[4,7]{1  <1.0>}
x[5,0]{3  <0.7997007674461932>, 7  <0.11288476485242017>, 5  <0.08741446770138653>}
x[5,1]{1  <1.0>}
x[5,2]{2  <1.0>}
x[5,3]{3  <0.07822931841571189>, 7  <0.7120968149882967>, 5  <0.20967386659599135>}
x[5,4]{3  <0.06347047033320596>, 7  <0.21966238601493482>, 5  <0.7168671436518592>}
x[5,5]{0  <1.0>}
x[5,6]{6  <1.0>}
x[5,7]{4  <1.0>}
x[6,0]{7  <0.9259968935949947>, 3  <0.07400310640500528>}
x[6,1]{0  <1.0>}
x[6,2]{5  <1.0>}
x[6,3]{7  <0.1048291316281251>, 3  <0.8951708683718749>}
x[6,4]{2  <1.0>}
x[6,5]{1  <1.0>}
x[6,6]{4  <1.0>}
x[6,7]{6  <1.0>}
x[7,0]{2  <0.8382941875035209>, 6  <0.161705812496479>}
x[7,1]{2  <0.24742304915969904>, 6  <0.7525769508403011>}
x[7,2]{0  <1.0>}
x[7,3]{4  <1.0>}
x[7,4]{1  <1.0>}
x[7,5]{5  <1.0>}
x[7,6]{7  <1.0>}
x[7,7]{3  <1.0>}
problem entropy = 0.5949966566134157
smallest variable entropy = 0.2176415942802876
##### after BP iteration 8 #####
x[0,0]{5  <0.816710892560151>, 4  <0.0756530239912987>, 3  <0.10763608344855044>}
x[0,1]{4  <0.9184939190589054>, 5  <0.08150608094109463>}
x[0,2]{6  <1.0>}
x[0,3]{2  <1.0>}
x[0,4]{5  <0.05261686752456876>, 3  <0.9473831324754313>}
x[0,5]{7  <1.0>}
x[0,6]{1  <1.0>}
x[0,7]{0  <1.0>}
x[1,0]{5  <0.10691482289977479>, 4  <0.8930851771002252>}
x[1,1]{5  <0.8496844224778373>, 4  <0.1503155775221628>}
x[1,2]{1  <1.0>}
x[1,3]{6  <1.0>}
x[1,4]{0  <1.0>}
x[1,5]{2  <1.0>}
x[1,6]{3  <1.0>}
x[1,7]{7  <1.0>}
x[2,0]{0  <1.0>}
x[2,1]{7  <1.0>}
x[2,2]{3  <1.0>}
x[2,3]{1  <1.0>}
x[2,4]{4  <1.0>}
x[2,5]{6  <1.0>}
x[2,6]{5  <1.0>}
x[2,7]{2  <1.0>}
x[3,0]{1  <1.0>}
x[3,1]{3  <1.0>}
x[3,2]{7  <1.0>}
x[3,3]{0  <1.0>}
x[3,4]{6  <1.0>}
x[3,5]{4  <1.0>}
x[3,6]{2  <1.0>}
x[3,7]{5  <1.0>}
x[4,0]{6  <0.7499141480698025>, 2  <0.2500858519301975>}
x[4,1]{6  <0.16715510597314515>, 2  <0.8328448940268549>}
x[4,2]{4  <1.0>}
x[4,3]{5  <0.794685855412178>, 7  <0.20531414458782213>}
x[4,4]{5  <0.17333540911169362>, 7  <0.8266645908883062>}
x[4,5]{3  <1.0>}
x[4,6]{0  <1.0>}
x[4,7]{1  <1.0>}
x[5,0]{3  <0.8636458531413673>, 7  <0.0768277320066785>, 5  <0.05952641485195418>}
x[5,1]{1  <1.0>}
x[5,2]{2  <1.0>}
x[5,3]{3  <0.09554613582505861>, 7  <0.691093166508367>, 5  <0.21336069766657434>}
x[5,4]{3  <0.0689694643354821>, 7  <0.21804171444949969>, 5  <0.7129888212150183>}
x[5,5]{0  <1.0>}
x[5,6]{6  <1.0>}
x[5,7]{4  <1.0>}
x[6,0]{7  <0.8690655879830179>, 3  <0.13093441201698217>}
x[6,1]{0  <1.0>}
x[6,2]{5  <1.0>}
x[6,3]{7  <0.08001755539453177>, 3  <0.9199824446054682>}
x[6,4]{2  <1.0>}
x[6,5]{1  <1.0>}
x[6,6]{4  <1.0>}
x[6,7]{6  <1.0>}
x[7,0]{2  <0.7660423674547258>, 6  <0.2339576325452742>}
x[7,1]{2  <0.19425959062661688>, 6  <0.8057404093733832>}
x[7,2]{0  <1.0>}
x[7,3]{4  <1.0>}
x[7,4]{1  <1.0>}
x[7,5]{5  <1.0>}
x[7,6]{7  <1.0>}
x[7,7]{3  <1.0>}
problem entropy = 0.5965190257697948
smallest variable entropy = 0.20614952698179073
##### after BP iteration 9 #####
x[0,0]{5  <0.8790365833959674>, 4  <0.05278539214347628>, 3  <0.06817802446055637>}
x[0,1]{4  <0.895152945932708>, 5  <0.10484705406729197>}
x[0,2]{6  <1.0>}
x[0,3]{2  <1.0>}
x[0,4]{5  <0.10049977608458437>, 3  <0.8995002239154156>}
x[0,5]{7  <1.0>}
x[0,6]{1  <1.0>}
x[0,7]{0  <1.0>}
x[1,0]{5  <0.10343414278517415>, 4  <0.8965658572148257>}
x[1,1]{5  <0.8496827668543128>, 4  <0.15031723314568718>}
x[1,2]{1  <1.0>}
x[1,3]{6  <1.0>}
x[1,4]{0  <1.0>}
x[1,5]{2  <1.0>}
x[1,6]{3  <1.0>}
x[1,7]{7  <1.0>}
x[2,0]{0  <1.0>}
x[2,1]{7  <1.0>}
x[2,2]{3  <1.0>}
x[2,3]{1  <1.0>}
x[2,4]{4  <1.0>}
x[2,5]{6  <1.0>}
x[2,6]{5  <1.0>}
x[2,7]{2  <1.0>}
x[3,0]{1  <1.0>}
x[3,1]{3  <1.0>}
x[3,2]{7  <1.0>}
x[3,3]{0  <1.0>}
x[3,4]{6  <1.0>}
x[3,5]{4  <1.0>}
x[3,6]{2  <1.0>}
x[3,7]{5  <1.0>}
x[4,0]{6  <0.7525769508403009>, 2  <0.24742304915969912>}
x[4,1]{6  <0.16170581249647903>, 2  <0.8382941875035209>}
x[4,2]{4  <1.0>}
x[4,3]{5  <0.7889747769211248>, 7  <0.2110252230788753>}
x[4,4]{5  <0.20168889041428337>, 7  <0.7983111095857166>}
x[4,5]{3  <1.0>}
x[4,6]{0  <1.0>}
x[4,7]{1  <1.0>}
x[5,0]{3  <0.8102384790859449>, 7  <0.10344284942046988>, 5  <0.08631867149358517>}
x[5,1]{1  <1.0>}
x[5,2]{2  <1.0>}
x[5,3]{3  <0.07630169889492557>, 7  <0.7046898013353681>, 5  <0.21900849976970638>}
x[5,4]{3  <0.051671423597525856>, 7  <0.1748087049243468>, 5  <0.7735198714781274>}
x[5,5]{0  <1.0>}
x[5,6]{6  <1.0>}
x[5,7]{4  <1.0>}
x[6,0]{7  <0.9189933689383262>, 3  <0.08100663106167372>}
x[6,1]{0  <1.0>}
x[6,2]{5  <1.0>}
x[6,3]{7  <0.11853774855002053>, 3  <0.8814622514499796>}
x[6,4]{2  <1.0>}
x[6,5]{1  <1.0>}
x[6,6]{4  <1.0>}
x[6,7]{6  <1.0>}
x[7,0]{2  <0.7058120916141541>, 6  <0.2941879083858458>}
x[7,1]{2  <0.15714591691178434>, 6  <0.8428540830882157>}
x[7,2]{0  <1.0>}
x[7,3]{4  <1.0>}
x[7,4]{1  <1.0>}
x[7,5]{5  <1.0>}
x[7,6]{7  <1.0>}
x[7,7]{3  <1.0>}
problem entropy = 0.6042428436740408
smallest variable entropy = 0.28122105648117957
##### after BP iteration 10 #####
x[0,0]{5  <0.7867548765108718>, 4  <0.13918286660621257>, 3  <0.07406225688291551>}
x[0,1]{4  <0.9007553458249297>, 5  <0.09924465417507036>}
x[0,2]{6  <1.0>}
x[0,3]{2  <1.0>}
x[0,4]{5  <0.062199016248575045>, 3  <0.9378009837514248>}
x[0,5]{7  <1.0>}
x[0,6]{1  <1.0>}
x[0,7]{0  <1.0>}
x[1,0]{5  <0.07564413768514738>, 4  <0.9243558623148527>}
x[1,1]{5  <0.9290376951881913>, 4  <0.07096230481180865>}
x[1,2]{1  <1.0>}
x[1,3]{6  <1.0>}
x[1,4]{0  <1.0>}
x[1,5]{2  <1.0>}
x[1,6]{3  <1.0>}
x[1,7]{7  <1.0>}
x[2,0]{0  <1.0>}
x[2,1]{7  <1.0>}
x[2,2]{3  <1.0>}
x[2,3]{1  <1.0>}
x[2,4]{4  <1.0>}
x[2,5]{6  <1.0>}
x[2,6]{5  <1.0>}
x[2,7]{2  <1.0>}
x[3,0]{1  <1.0>}
x[3,1]{3  <1.0>}
x[3,2]{7  <1.0>}
x[3,3]{0  <1.0>}
x[3,4]{6  <1.0>}
x[3,5]{4  <1.0>}
x[3,6]{2  <1.0>}
x[3,7]{5  <1.0>}
x[4,0]{6  <0.805740409373383>, 2  <0.19425959062661693>}
x[4,1]{6  <0.23395763254527438>, 2  <0.7660423674547256>}
x[4,2]{4  <1.0>}
x[4,3]{5  <0.7923886656397913>, 7  <0.20761133436020862>}
x[4,4]{5  <0.20463584985087427>, 7  <0.7953641501491256>}
x[4,5]{3  <1.0>}
x[4,6]{0  <1.0>}
x[4,7]{1  <1.0>}
x[5,0]{3  <0.8590084836612754>, 7  <0.0837559531294441>, 5  <0.057235563209280645>}
x[5,1]{1  <1.0>}
x[5,2]{2  <1.0>}
x[5,3]{3  <0.13662344403183238>, 7  <0.7016252032498147>, 5  <0.16175135271835303>}
x[5,4]{3  <0.11521226778315201>, 7  <0.19033609124834747>, 5  <0.6944516409685005>}
x[5,5]{0  <1.0>}
x[5,6]{6  <1.0>}
x[5,7]{4  <1.0>}
x[6,0]{7  <0.9050168874660505>, 3  <0.09498311253394959>}
x[6,1]{0  <1.0>}
x[6,2]{5  <1.0>}
x[6,3]{7  <0.07847183260319829>, 3  <0.9215281673968018>}
x[6,4]{2  <1.0>}
x[6,5]{1  <1.0>}
x[6,6]{4  <1.0>}
x[6,7]{6  <1.0>}
x[7,0]{2  <0.8328448940268549>, 6  <0.16715510597314517>}
x[7,1]{2  <0.25008585193019744>, 6  <0.7499141480698025>}
x[7,2]{0  <1.0>}
x[7,3]{4  <1.0>}
x[7,4]{1  <1.0>}
x[7,5]{5  <1.0>}
x[7,6]{7  <1.0>}
x[7,7]{3  <1.0>}
problem entropy = 0.5859245956105551
smallest variable entropy = 0.23297580539180932
### branching on x[0,4]=3 marginal=0.9378009837514248
### branching on x[1,1]=5 marginal=0.9290376951881913
##### after BP iteration 1 #####
x[0,0]{5  <1.0>}
x[0,1]{4  <1.0>}
x[0,2]{6  <1.0>}
x[0,3]{2  <1.0>}
x[0,4]{3  <1.0>}
x[0,5]{7  <1.0>}
x[0,6]{1  <1.0>}
x[0,7]{0  <1.0>}
x[1,0]{4  <1.0>}
x[1,1]{5  <1.0>}
x[1,2]{1  <1.0>}
x[1,3]{6  <1.0>}
x[1,4]{0  <1.0>}
x[1,5]{2  <1.0>}
x[1,6]{3  <1.0>}
x[1,7]{7  <1.0>}
x[2,0]{0  <1.0>}
x[2,1]{7  <1.0>}
x[2,2]{3  <1.0>}
x[2,3]{1  <1.0>}
x[2,4]{4  <1.0>}
x[2,5]{6  <1.0>}
x[2,6]{5  <1.0>}
x[2,7]{2  <1.0>}
x[3,0]{1  <1.0>}
x[3,1]{3  <1.0>}
x[3,2]{7  <1.0>}
x[3,3]{0  <1.0>}
x[3,4]{6  <1.0>}
x[3,5]{4  <1.0>}
x[3,6]{2  <1.0>}
x[3,7]{5  <1.0>}
x[4,0]{6  <0.8428540830882156>, 2  <0.15714591691178442>}
x[4,1]{6  <0.29418790838584585>, 2  <0.7058120916141541>}
x[4,2]{4  <1.0>}
x[4,3]{5  <0.8363812300081509>, 7  <0.163618769991849>}
x[4,4]{5  <0.22132813414274094>, 7  <0.778671865857259>}
x[4,5]{3  <1.0>}
x[4,6]{0  <1.0>}
x[4,7]{1  <1.0>}
x[5,0]{3  <0.9021569476348401>, 7  <0.09784305236515987>}
x[5,1]{1  <1.0>}
x[5,2]{2  <1.0>}
x[5,3]{3  <0.0657426052531831>, 7  <0.7458280574389923>, 5  <0.18842933730782468>}
x[5,4]{5  <0.80839703489672>, 7  <0.19160296510327998>}
x[5,5]{0  <1.0>}
x[5,6]{6  <1.0>}
x[5,7]{4  <1.0>}
x[6,0]{7  <0.9139161700133759>, 3  <0.08608382998662409>}
x[6,1]{0  <1.0>}
x[6,2]{5  <1.0>}
x[6,3]{7  <0.10896210099577615>, 3  <0.8910378990042239>}
x[6,4]{2  <1.0>}
x[6,5]{1  <1.0>}
x[6,6]{4  <1.0>}
x[6,7]{6  <1.0>}
x[7,0]{2  <0.838294187503521>, 6  <0.16170581249647906>}
x[7,1]{2  <0.24742304915969907>, 6  <0.7525769508403009>}
x[7,2]{0  <1.0>}
x[7,3]{4  <1.0>}
x[7,4]{1  <1.0>}
x[7,5]{5  <1.0>}
x[7,6]{7  <1.0>}
x[7,7]{3  <1.0>}
problem entropy = 0.6443407443665617
smallest variable entropy = 0.29338235527802864
##### after BP iteration 2 #####
x[0,0]{5  <1.0>}
x[0,1]{4  <1.0>}
x[0,2]{6  <1.0>}
x[0,3]{2  <1.0>}
x[0,4]{3  <1.0>}
x[0,5]{7  <1.0>}
x[0,6]{1  <1.0>}
x[0,7]{0  <1.0>}
x[1,0]{4  <1.0>}
x[1,1]{5  <1.0>}
x[1,2]{1  <1.0>}
x[1,3]{6  <1.0>}
x[1,4]{0  <1.0>}
x[1,5]{2  <1.0>}
x[1,6]{3  <1.0>}
x[1,7]{7  <1.0>}
x[2,0]{0  <1.0>}
x[2,1]{7  <1.0>}
x[2,2]{3  <1.0>}
x[2,3]{1  <1.0>}
x[2,4]{4  <1.0>}
x[2,5]{6  <1.0>}
x[2,6]{5  <1.0>}
x[2,7]{2  <1.0>}
x[3,0]{1  <1.0>}
x[3,1]{3  <1.0>}
x[3,2]{7  <1.0>}
x[3,3]{0  <1.0>}
x[3,4]{6  <1.0>}
x[3,5]{4  <1.0>}
x[3,6]{2  <1.0>}
x[3,7]{5  <1.0>}
x[4,0]{6  <0.7499141480698025>, 2  <0.25008585193019744>}
x[4,1]{6  <0.16715510597314515>, 2  <0.8328448940268548>}
x[4,2]{4  <1.0>}
x[4,3]{5  <0.800574162215961>, 7  <0.19942583778403894>}
x[4,4]{5  <0.15269666969579382>, 7  <0.8473033303042062>}
x[4,5]{3  <1.0>}
x[4,6]{0  <1.0>}
x[4,7]{1  <1.0>}
x[5,0]{3  <0.9376968408944872>, 7  <0.06230315910551268>}
x[5,1]{1  <1.0>}
x[5,2]{2  <1.0>}
x[5,3]{3  <0.07704365627035022>, 7  <0.7340863879552773>, 5  <0.18886995577437257>}
x[5,4]{5  <0.8065326787056416>, 7  <0.19346732129435842>}
x[5,5]{0  <1.0>}
x[5,6]{6  <1.0>}
x[5,7]{4  <1.0>}
x[6,0]{7  <0.887809229990181>, 3  <0.11219077000981906>}
x[6,1]{0  <1.0>}
x[6,2]{5  <1.0>}
x[6,3]{7  <0.07340322690492217>, 3  <0.9265967730950778>}
x[6,4]{2  <1.0>}
x[6,5]{1  <1.0>}
x[6,6]{4  <1.0>}
x[6,7]{6  <1.0>}
x[7,0]{2  <0.7660423674547256>, 6  <0.23395763254527438>}
x[7,1]{2  <0.19425959062661693>, 6  <0.8057404093733831>}
x[7,2]{0  <1.0>}
x[7,3]{4  <1.0>}
x[7,4]{1  <1.0>}
x[7,5]{5  <1.0>}
x[7,6]{7  <1.0>}
x[7,7]{3  <1.0>}
problem entropy = 0.6270974467809555
smallest variable entropy = 0.2332582727226623
##### after BP iteration 3 #####
x[0,0]{5  <1.0>}
x[0,1]{4  <1.0>}
x[0,2]{6  <1.0>}
x[0,3]{2  <1.0>}
x[0,4]{3  <1.0>}
x[0,5]{7  <1.0>}
x[0,6]{1  <1.0>}
x[0,7]{0  <1.0>}
x[1,0]{4  <1.0>}
x[1,1]{5  <1.0>}
x[1,2]{1  <1.0>}
x[1,3]{6  <1.0>}
x[1,4]{0  <1.0>}
x[1,5]{2  <1.0>}
x[1,6]{3  <1.0>}
x[1,7]{7  <1.0>}
x[2,0]{0  <1.0>}
x[2,1]{7  <1.0>}
x[2,2]{3  <1.0>}
x[2,3]{1  <1.0>}
x[2,4]{4  <1.0>}
x[2,5]{6  <1.0>}
x[2,6]{5  <1.0>}
x[2,7]{2  <1.0>}
x[3,0]{1  <1.0>}
x[3,1]{3  <1.0>}
x[3,2]{7  <1.0>}
x[3,3]{0  <1.0>}
x[3,4]{6  <1.0>}
x[3,5]{4  <1.0>}
x[3,6]{2  <1.0>}
x[3,7]{5  <1.0>}
x[4,0]{6  <0.7525769508403011>, 2  <0.24742304915969898>}
x[4,1]{6  <0.16170581249647906>, 2  <0.8382941875035209>}
x[4,2]{4  <1.0>}
x[4,3]{5  <0.8229998057229301>, 7  <0.17700019427706992>}
x[4,4]{5  <0.173707039662543>, 7  <0.8262929603374569>}
x[4,5]{3  <1.0>}
x[4,6]{0  <1.0>}
x[4,7]{1  <1.0>}
x[5,0]{3  <0.9101928081835058>, 7  <0.08980719181649424>}
x[5,1]{1  <1.0>}
x[5,2]{2  <1.0>}
x[5,3]{3  <0.06833298948506517>, 7  <0.7254628894353188>, 5  <0.20620412107961597>}
x[5,4]{5  <0.8486435678856349>, 7  <0.15135643211436509>}
x[5,5]{0  <1.0>}
x[5,6]{6  <1.0>}
x[5,7]{4  <1.0>}
x[6,0]{7  <0.9470772769949404>, 3  <0.05292272300505961>}
x[6,1]{0  <1.0>}
x[6,2]{5  <1.0>}
x[6,3]{7  <0.07670248741777168>, 3  <0.9232975125822284>}
x[6,4]{2  <1.0>}
x[6,5]{1  <1.0>}
x[6,6]{4  <1.0>}
x[6,7]{6  <1.0>}
x[7,0]{2  <0.7058120916141541>, 6  <0.2941879083858458>}
x[7,1]{2  <0.15714591691178445>, 6  <0.8428540830882156>}
x[7,2]{0  <1.0>}
x[7,3]{4  <1.0>}
x[7,4]{1  <1.0>}
x[7,5]{5  <1.0>}
x[7,6]{7  <1.0>}
x[7,7]{3  <1.0>}
problem entropy = 0.6090919386242262
smallest variable entropy = 0.20703271666802237
##### after BP iteration 4 #####
x[0,0]{5  <1.0>}
x[0,1]{4  <1.0>}
x[0,2]{6  <1.0>}
x[0,3]{2  <1.0>}
x[0,4]{3  <1.0>}
x[0,5]{7  <1.0>}
x[0,6]{1  <1.0>}
x[0,7]{0  <1.0>}
x[1,0]{4  <1.0>}
x[1,1]{5  <1.0>}
x[1,2]{1  <1.0>}
x[1,3]{6  <1.0>}
x[1,4]{0  <1.0>}
x[1,5]{2  <1.0>}
x[1,6]{3  <1.0>}
x[1,7]{7  <1.0>}
x[2,0]{0  <1.0>}
x[2,1]{7  <1.0>}
x[2,2]{3  <1.0>}
x[2,3]{1  <1.0>}
x[2,4]{4  <1.0>}
x[2,5]{6  <1.0>}
x[2,6]{5  <1.0>}
x[2,7]{2  <1.0>}
x[3,0]{1  <1.0>}
x[3,1]{3  <1.0>}
x[3,2]{7  <1.0>}
x[3,3]{0  <1.0>}
x[3,4]{6  <1.0>}
x[3,5]{4  <1.0>}
x[3,6]{2  <1.0>}
x[3,7]{5  <1.0>}
x[4,0]{6  <0.8057404093733831>, 2  <0.19425959062661696>}
x[4,1]{6  <0.23395763254527444>, 2  <0.7660423674547256>}
x[4,2]{4  <1.0>}
x[4,3]{5  <0.8209850025664881>, 7  <0.17901499743351199>}
x[4,4]{5  <0.17549082279717784>, 7  <0.8245091772028221>}
x[4,5]{3  <1.0>}
x[4,6]{0  <1.0>}
x[4,7]{1  <1.0>}
x[5,0]{3  <0.9395979001201564>, 7  <0.06040209987984366>}
x[5,1]{1  <1.0>}
x[5,2]{2  <1.0>}
x[5,3]{3  <0.09671647822697751>, 7  <0.7653551362071939>, 5  <0.13792838556582854>}
x[5,4]{5  <0.8179088783224835>, 7  <0.18209112167751662>}
x[5,5]{0  <1.0>}
x[5,6]{6  <1.0>}
x[5,7]{4  <1.0>}
x[6,0]{7  <0.9390864908124452>, 3  <0.06091350918755486>}
x[6,1]{0  <1.0>}
x[6,2]{5  <1.0>}
x[6,3]{7  <0.05162783688872962>, 3  <0.9483721631112704>}
x[6,4]{2  <1.0>}
x[6,5]{1  <1.0>}
x[6,6]{4  <1.0>}
x[6,7]{6  <1.0>}
x[7,0]{2  <0.8328448940268549>, 6  <0.16715510597314515>}
x[7,1]{2  <0.25008585193019744>, 6  <0.7499141480698025>}
x[7,2]{0  <1.0>}
x[7,3]{4  <1.0>}
x[7,4]{1  <1.0>}
x[7,5]{5  <1.0>}
x[7,6]{7  <1.0>}
x[7,7]{3  <1.0>}
problem entropy = 0.598582089615627
smallest variable entropy = 0.2032806987236102
##### after BP iteration 5 #####
x[0,0]{5  <1.0>}
x[0,1]{4  <1.0>}
x[0,2]{6  <1.0>}
x[0,3]{2  <1.0>}
x[0,4]{3  <1.0>}
x[0,5]{7  <1.0>}
x[0,6]{1  <1.0>}
x[0,7]{0  <1.0>}
x[1,0]{4  <1.0>}
x[1,1]{5  <1.0>}
x[1,2]{1  <1.0>}
x[1,3]{6  <1.0>}
x[1,4]{0  <1.0>}
x[1,5]{2  <1.0>}
x[1,6]{3  <1.0>}
x[1,7]{7  <1.0>}
x[2,0]{0  <1.0>}
x[2,1]{7  <1.0>}
x[2,2]{3  <1.0>}
x[2,3]{1  <1.0>}
x[2,4]{4  <1.0>}
x[2,5]{6  <1.0>}
x[2,6]{5  <1.0>}
x[2,7]{2  <1.0>}
x[3,0]{1  <1.0>}
x[3,1]{3  <1.0>}
x[3,2]{7  <1.0>}
x[3,3]{0  <1.0>}
x[3,4]{6  <1.0>}
x[3,5]{4  <1.0>}
x[3,6]{2  <1.0>}
x[3,7]{5  <1.0>}
x[4,0]{6  <0.8428540830882154>, 2  <0.15714591691178448>}
x[4,1]{6  <0.2941879083858458>, 2  <0.7058120916141541>}
x[4,2]{4  <1.0>}
x[4,3]{5  <0.8587017802870044>, 7  <0.14129821971299558>}
x[4,4]{5  <0.18759710699274595>, 7  <0.8124028930072541>}
x[4,5]{3  <1.0>}
x[4,6]{0  <1.0>}
x[4,7]{1  <1.0>}
x[5,0]{3  <0.934911429742399>, 7  <0.0650885702576009>}
x[5,1]{1  <1.0>}
x[5,2]{2  <1.0>}
x[5,3]{3  <0.04413541249468238>, 7  <0.7898241796915112>, 5  <0.16604040781380652>}
x[5,4]{5  <0.8344685458519865>, 7  <0.16553145414801348>}
x[5,5]{0  <1.0>}
x[5,6]{6  <1.0>}
x[5,7]{4  <1.0>}
x[6,0]{7  <0.9410643998134295>, 3  <0.058935600186570604>}
x[6,1]{0  <1.0>}
x[6,2]{5  <1.0>}
x[6,3]{7  <0.07620899492242339>, 3  <0.9237910050775767>}
x[6,4]{2  <1.0>}
x[6,5]{1  <1.0>}
x[6,6]{4  <1.0>}
x[6,7]{6  <1.0>}
x[7,0]{2  <0.838294187503521>, 6  <0.16170581249647906>}
x[7,1]{2  <0.24742304915969904>, 6  <0.752576950840301>}
x[7,2]{0  <1.0>}
x[7,3]{4  <1.0>}
x[7,4]{1  <1.0>}
x[7,5]{5  <1.0>}
x[7,6]{7  <1.0>}
x[7,7]{3  <1.0>}
problem entropy = 0.5912764409321585
smallest variable entropy = 0.2240286888684002
##### after BP iteration 6 #####
x[0,0]{5  <1.0>}
x[0,1]{4  <1.0>}
x[0,2]{6  <1.0>}
x[0,3]{2  <1.0>}
x[0,4]{3  <1.0>}
x[0,5]{7  <1.0>}
x[0,6]{1  <1.0>}
x[0,7]{0  <1.0>}
x[1,0]{4  <1.0>}
x[1,1]{5  <1.0>}
x[1,2]{1  <1.0>}
x[1,3]{6  <1.0>}
x[1,4]{0  <1.0>}
x[1,5]{2  <1.0>}
x[1,6]{3  <1.0>}
x[1,7]{7  <1.0>}
x[2,0]{0  <1.0>}
x[2,1]{7  <1.0>}
x[2,2]{3  <1.0>}
x[2,3]{1  <1.0>}
x[2,4]{4  <1.0>}
x[2,5]{6  <1.0>}
x[2,6]{5  <1.0>}
x[2,7]{2  <1.0>}
x[3,0]{1  <1.0>}
x[3,1]{3  <1.0>}
x[3,2]{7  <1.0>}
x[3,3]{0  <1.0>}
x[3,4]{6  <1.0>}
x[3,5]{4  <1.0>}
x[3,6]{2  <1.0>}
x[3,7]{5  <1.0>}
x[4,0]{6  <0.7499141480698025>, 2  <0.25008585193019744>}
x[4,1]{6  <0.16715510597314515>, 2  <0.8328448940268549>}
x[4,2]{4  <1.0>}
x[4,3]{5  <0.8271991109375961>, 7  <0.17280088906240382>}
x[4,4]{5  <0.13296639649744088>, 7  <0.8670336035025591>}
x[4,5]{3  <1.0>}
x[4,6]{0  <1.0>}
x[4,7]{1  <1.0>}
x[5,0]{3  <0.9577469589690805>, 7  <0.04225304103091948>}
x[5,1]{1  <1.0>}
x[5,2]{2  <1.0>}
x[5,3]{3  <0.05076642836985314>, 7  <0.7826517911180686>, 5  <0.16658178051207828>}
x[5,4]{5  <0.8287382680219681>, 7  <0.1712617319780319>}
x[5,5]{0  <1.0>}
x[5,6]{6  <1.0>}
x[5,7]{4  <1.0>}
x[6,0]{7  <0.9186583861466527>, 3  <0.08134161385334733>}
x[6,1]{0  <1.0>}
x[6,2]{5  <1.0>}
x[6,3]{7  <0.051201036491156315>, 3  <0.9487989635088437>}
x[6,4]{2  <1.0>}
x[6,5]{1  <1.0>}
x[6,6]{4  <1.0>}
x[6,7]{6  <1.0>}
x[7,0]{2  <0.7660423674547255>, 6  <0.2339576325452745>}
x[7,1]{2  <0.1942595906266169>, 6  <0.8057404093733832>}
x[7,2]{0  <1.0>}
x[7,3]{4  <1.0>}
x[7,4]{1  <1.0>}
x[7,5]{5  <1.0>}
x[7,6]{7  <1.0>}
x[7,7]{3  <1.0>}
problem entropy = 0.5802596844487654
smallest variable entropy = 0.17503949394928187
##### after BP iteration 7 #####
x[0,0]{5  <1.0>}
x[0,1]{4  <1.0>}
x[0,2]{6  <1.0>}
x[0,3]{2  <1.0>}
x[0,4]{3  <1.0>}
x[0,5]{7  <1.0>}
x[0,6]{1  <1.0>}
x[0,7]{0  <1.0>}
x[1,0]{4  <1.0>}
x[1,1]{5  <1.0>}
x[1,2]{1  <1.0>}
x[1,3]{6  <1.0>}
x[1,4]{0  <1.0>}
x[1,5]{2  <1.0>}
x[1,6]{3  <1.0>}
x[1,7]{7  <1.0>}
x[2,0]{0  <1.0>}
x[2,1]{7  <1.0>}
x[2,2]{3  <1.0>}
x[2,3]{1  <1.0>}
x[2,4]{4  <1.0>}
x[2,5]{6  <1.0>}
x[2,6]{5  <1.0>}
x[2,7]{2  <1.0>}
x[3,0]{1  <1.0>}
x[3,1]{3  <1.0>}
x[3,2]{7  <1.0>}
x[3,3]{0  <1.0>}
x[3,4]{6  <1.0>}
x[3,5]{4  <1.0>}
x[3,6]{2  <1.0>}
x[3,7]{5  <1.0>}
x[4,0]{6  <0.7525769508403009>, 2  <0.24742304915969907>}
x[4,1]{6  <0.161705812496479>, 2  <0.838294187503521>}
x[4,2]{4  <1.0>}
x[4,3]{5  <0.8427906050428398>, 7  <0.15720939495716013>}
x[4,4]{5  <0.15750413337117666>, 7  <0.8424958666288234>}
x[4,5]{3  <1.0>}
x[4,6]{0  <1.0>}
x[4,7]{1  <1.0>}
x[5,0]{3  <0.9355939057324867>, 7  <0.0644060942675133>}
x[5,1]{1  <1.0>}
x[5,2]{2  <1.0>}
x[5,3]{3  <0.04841473254563908>, 7  <0.7730706242230043>, 5  <0.17851464323135652>}
x[5,4]{5  <0.8660664906466976>, 7  <0.13393350935330237>}
x[5,5]{0  <1.0>}
x[5,6]{6  <1.0>}
x[5,7]{4  <1.0>}
x[6,0]{7  <0.9633773467813083>, 3  <0.0366226532186917>}
x[6,1]{0  <1.0>}
x[6,2]{5  <1.0>}
x[6,3]{7  <0.05284747577219606>, 3  <0.9471525242278039>}
x[6,4]{2  <1.0>}
x[6,5]{1  <1.0>}
x[6,6]{4  <1.0>}
x[6,7]{6  <1.0>}
x[7,0]{2  <0.7058120916141543>, 6  <0.29418790838584574>}
x[7,1]{2  <0.15714591691178448>, 6  <0.8428540830882155>}
x[7,2]{0  <1.0>}
x[7,3]{4  <1.0>}
x[7,4]{1  <1.0>}
x[7,5]{5  <1.0>}
x[7,6]{7  <1.0>}
x[7,7]{3  <1.0>}
problem entropy = 0.5668424929438699
smallest variable entropy = 0.157058051669056
##### after BP iteration 8 #####
x[0,0]{5  <1.0>}
x[0,1]{4  <1.0>}
x[0,2]{6  <1.0>}
x[0,3]{2  <1.0>}
x[0,4]{3  <1.0>}
x[0,5]{7  <1.0>}
x[0,6]{1  <1.0>}
x[0,7]{0  <1.0>}
x[1,0]{4  <1.0>}
x[1,1]{5  <1.0>}
x[1,2]{1  <1.0>}
x[1,3]{6  <1.0>}
x[1,4]{0  <1.0>}
x[1,5]{2  <1.0>}
x[1,6]{3  <1.0>}
x[1,7]{7  <1.0>}
x[2,0]{0  <1.0>}
x[2,1]{7  <1.0>}
x[2,2]{3  <1.0>}
x[2,3]{1  <1.0>}
x[2,4]{4  <1.0>}
x[2,5]{6  <1.0>}
x[2,6]{5  <1.0>}
x[2,7]{2  <1.0>}
x[3,0]{1  <1.0>}
x[3,1]{3  <1.0>}
x[3,2]{7  <1.0>}
x[3,3]{0  <1.0>}
x[3,4]{6  <1.0>}
x[3,5]{4  <1.0>}
x[3,6]{2  <1.0>}
x[3,7]{5  <1.0>}
x[4,0]{6  <0.8057404093733832>, 2  <0.19425959062661688>}
x[4,1]{6  <0.23395763254527452>, 2  <0.7660423674547254>}
x[4,2]{4  <1.0>}
x[4,3]{5  <0.8379675856477125>, 7  <0.1620324143522875>}
x[4,4]{5  <0.15832063836147486>, 7  <0.8416793616385252>}
x[4,5]{3  <1.0>}
x[4,6]{0  <1.0>}
x[4,7]{1  <1.0>}
x[5,0]{3  <0.9566729438556705>, 7  <0.043327056144329544>}
x[5,1]{1  <1.0>}
x[5,2]{2  <1.0>}
x[5,3]{3  <0.07129704006138837>, 7  <0.8052166739390672>, 5  <0.12348628599954443>}
x[5,4]{5  <0.838010085519568>, 7  <0.16198991448043207>}
x[5,5]{0  <1.0>}
x[5,6]{6  <1.0>}
x[5,7]{4  <1.0>}
x[6,0]{7  <0.95842398695587>, 3  <0.04157601304412997>}
x[6,1]{0  <1.0>}
x[6,2]{5  <1.0>}
x[6,3]{7  <0.035896727117336776>, 3  <0.9641032728826633>}
x[6,4]{2  <1.0>}
x[6,5]{1  <1.0>}
x[6,6]{4  <1.0>}
x[6,7]{6  <1.0>}
x[7,0]{2  <0.8328448940268549>, 6  <0.1671551059731451>}
x[7,1]{2  <0.25008585193019744>, 6  <0.7499141480698026>}
x[7,2]{0  <1.0>}
x[7,3]{4  <1.0>}
x[7,4]{1  <1.0>}
x[7,5]{5  <1.0>}
x[7,6]{7  <1.0>}
x[7,7]{3  <1.0>}
problem entropy = 0.5601303897479635
smallest variable entropy = 0.154676918316523
##### after BP iteration 9 #####
x[0,0]{5  <1.0>}
x[0,1]{4  <1.0>}
x[0,2]{6  <1.0>}
x[0,3]{2  <1.0>}
x[0,4]{3  <1.0>}
x[0,5]{7  <1.0>}
x[0,6]{1  <1.0>}
x[0,7]{0  <1.0>}
x[1,0]{4  <1.0>}
x[1,1]{5  <1.0>}
x[1,2]{1  <1.0>}
x[1,3]{6  <1.0>}
x[1,4]{0  <1.0>}
x[1,5]{2  <1.0>}
x[1,6]{3  <1.0>}
x[1,7]{7  <1.0>}
x[2,0]{0  <1.0>}
x[2,1]{7  <1.0>}
x[2,2]{3  <1.0>}
x[2,3]{1  <1.0>}
x[2,4]{4  <1.0>}
x[2,5]{6  <1.0>}
x[2,6]{5  <1.0>}
x[2,7]{2  <1.0>}
x[3,0]{1  <1.0>}
x[3,1]{3  <1.0>}
x[3,2]{7  <1.0>}
x[3,3]{0  <1.0>}
x[3,4]{6  <1.0>}
x[3,5]{4  <1.0>}
x[3,6]{2  <1.0>}
x[3,7]{5  <1.0>}
x[4,0]{6  <0.8428540830882155>, 2  <0.15714591691178442>}
x[4,1]{6  <0.2941879083858459>, 2  <0.7058120916141541>}
x[4,2]{4  <1.0>}
x[4,3]{5  <0.8723497989988837>, 7  <0.12765020100111626>}
x[4,4]{5  <0.16662165667920376>, 7  <0.8333783433207962>}
x[4,5]{3  <1.0>}
x[4,6]{0  <1.0>}
x[4,7]{1  <1.0>}
x[5,0]{3  <0.9543795618158402>, 7  <0.04562043818415988>}
x[5,1]{1  <1.0>}
x[5,2]{2  <1.0>}
x[5,3]{3  <0.03103344165750723>, 7  <0.8163503203051069>, 5  <0.15261623803738594>}
x[5,4]{5  <0.8502644008987229>, 7  <0.14973559910127718>}
x[5,5]{0  <1.0>}
x[5,6]{6  <1.0>}
x[5,7]{4  <1.0>}
x[6,0]{7  <0.957525904049849>, 3  <0.04247409595015086>}
x[6,1]{0  <1.0>}
x[6,2]{5  <1.0>}
x[6,3]{7  <0.05550455317544329>, 3  <0.9444954468245567>}
x[6,4]{2  <1.0>}
x[6,5]{1  <1.0>}
x[6,6]{4  <1.0>}
x[6,7]{6  <1.0>}
x[7,0]{2  <0.8382941875035209>, 6  <0.16170581249647906>}
x[7,1]{2  <0.24742304915969907>, 6  <0.752576950840301>}
x[7,2]{0  <1.0>}
x[7,3]{4  <1.0>}
x[7,4]{1  <1.0>}
x[7,5]{5  <1.0>}
x[7,6]{7  <1.0>}
x[7,7]{3  <1.0>}
problem entropy = 0.5543155845676012
smallest variable entropy = 0.17572878310360407
##### after BP iteration 10 #####
x[0,0]{5  <1.0>}
x[0,1]{4  <1.0>}
x[0,2]{6  <1.0>}
x[0,3]{2  <1.0>}
x[0,4]{3  <1.0>}
x[0,5]{7  <1.0>}
x[0,6]{1  <1.0>}
x[0,7]{0  <1.0>}
x[1,0]{4  <1.0>}
x[1,1]{5  <1.0>}
x[1,2]{1  <1.0>}
x[1,3]{6  <1.0>}
x[1,4]{0  <1.0>}
x[1,5]{2  <1.0>}
x[1,6]{3  <1.0>}
x[1,7]{7  <1.0>}
x[2,0]{0  <1.0>}
x[2,1]{7  <1.0>}
x[2,2]{3  <1.0>}
x[2,3]{1  <1.0>}
x[2,4]{4  <1.0>}
x[2,5]{6  <1.0>}
x[2,6]{5  <1.0>}
x[2,7]{2  <1.0>}
x[3,0]{1  <1.0>}
x[3,1]{3  <1.0>}
x[3,2]{7  <1.0>}
x[3,3]{0  <1.0>}
x[3,4]{6  <1.0>}
x[3,5]{4  <1.0>}
x[3,6]{2  <1.0>}
x[3,7]{5  <1.0>}
x[4,0]{6  <0.7499141480698024>, 2  <0.2500858519301975>}
x[4,1]{6  <0.16715510597314504>, 2  <0.8328448940268549>}
x[4,2]{4  <1.0>}
x[4,3]{5  <0.8440283628301409>, 7  <0.15597163716985904>}
x[4,4]{5  <0.12049020232872967>, 7  <0.8795097976712704>}
x[4,5]{3  <1.0>}
x[4,6]{0  <1.0>}
x[4,7]{1  <1.0>}
x[5,0]{3  <0.9701113085924284>, 7  <0.029888691407571565>}
x[5,1]{1  <1.0>}
x[5,2]{2  <1.0>}
x[5,3]{3  <0.035225538622965076>, 7  <0.8120307527769747>, 5  <0.15274370860006026>}
x[5,4]{5  <0.8426887405376322>, 7  <0.1573112594623677>}
x[5,5]{0  <1.0>}
x[5,6]{6  <1.0>}
x[5,7]{4  <1.0>}
x[6,0]{7  <0.9391820624883659>, 3  <0.060817937511634064>}
x[6,1]{0  <1.0>}
x[6,2]{5  <1.0>}
x[6,3]{7  <0.03730740268871914>, 3  <0.962692597311281>}
x[6,4]{2  <1.0>}
x[6,5]{1  <1.0>}
x[6,6]{4  <1.0>}
x[6,7]{6  <1.0>}
x[7,0]{2  <0.7660423674547254>, 6  <0.23395763254527452>}
x[7,1]{2  <0.19425959062661696>, 6  <0.8057404093733831>}
x[7,2]{0  <1.0>}
x[7,3]{4  <1.0>}
x[7,4]{1  <1.0>}
x[7,5]{5  <1.0>}
x[7,6]{7  <1.0>}
x[7,7]{3  <1.0>}
problem entropy = 0.5470598764359541
smallest variable entropy = 0.13435503539207277
### branching on x[5,0]=3 marginal=0.9701113085924284
##### after BP iteration 1 #####
x[0,0]{5  <1.0>}
x[0,1]{4  <1.0>}
x[0,2]{6  <1.0>}
x[0,3]{2  <1.0>}
x[0,4]{3  <1.0>}
x[0,5]{7  <1.0>}
x[0,6]{1  <1.0>}
x[0,7]{0  <1.0>}
x[1,0]{4  <1.0>}
x[1,1]{5  <1.0>}
x[1,2]{1  <1.0>}
x[1,3]{6  <1.0>}
x[1,4]{0  <1.0>}
x[1,5]{2  <1.0>}
x[1,6]{3  <1.0>}
x[1,7]{7  <1.0>}
x[2,0]{0  <1.0>}
x[2,1]{7  <1.0>}
x[2,2]{3  <1.0>}
x[2,3]{1  <1.0>}
x[2,4]{4  <1.0>}
x[2,5]{6  <1.0>}
x[2,6]{5  <1.0>}
x[2,7]{2  <1.0>}
x[3,0]{1  <1.0>}
x[3,1]{3  <1.0>}
x[3,2]{7  <1.0>}
x[3,3]{0  <1.0>}
x[3,4]{6  <1.0>}
x[3,5]{4  <1.0>}
x[3,6]{2  <1.0>}
x[3,7]{5  <1.0>}
x[4,0]{6  <0.7525769508403009>, 2  <0.24742304915969907>}
x[4,1]{6  <0.1617058124964791>, 2  <0.8382941875035209>}
x[4,2]{4  <1.0>}
x[4,3]{5  <0.8502644008987229>, 7  <0.14973559910127712>}
x[4,4]{5  <0.14715125882902821>, 7  <0.8528487411709718>}
x[4,5]{3  <1.0>}
x[4,6]{0  <1.0>}
x[4,7]{1  <1.0>}
x[5,0]{3  <1.0>}
x[5,1]{1  <1.0>}
x[5,2]{2  <1.0>}
x[5,3]{5  <0.16662165667920373>, 7  <0.8333783433207962>}
x[5,4]{5  <0.8723497989988837>, 7  <0.12765020100111626>}
x[5,5]{0  <1.0>}
x[5,6]{6  <1.0>}
x[5,7]{4  <1.0>}
x[6,0]{7  <1.0>}
x[6,1]{0  <1.0>}
x[6,2]{5  <1.0>}
x[6,3]{3  <1.0>}
x[6,4]{2  <1.0>}
x[6,5]{1  <1.0>}
x[6,6]{4  <1.0>}
x[6,7]{6  <1.0>}
x[7,0]{2  <0.705812091614154>, 6  <0.2941879083858459>}
x[7,1]{2  <0.1571459169117844>, 6  <0.8428540830882156>}
x[7,2]{0  <1.0>}
x[7,3]{4  <1.0>}
x[7,4]{1  <1.0>}
x[7,5]{5  <1.0>}
x[7,6]{7  <1.0>}
x[7,7]{3  <1.0>}
problem entropy = 0.6699712839726096
smallest variable entropy = 0.38189529896557806
##### after BP iteration 2 #####
x[0,0]{5  <1.0>}
x[0,1]{4  <1.0>}
x[0,2]{6  <1.0>}
x[0,3]{2  <1.0>}
x[0,4]{3  <1.0>}
x[0,5]{7  <1.0>}
x[0,6]{1  <1.0>}
x[0,7]{0  <1.0>}
x[1,0]{4  <1.0>}
x[1,1]{5  <1.0>}
x[1,2]{1  <1.0>}
x[1,3]{6  <1.0>}
x[1,4]{0  <1.0>}
x[1,5]{2  <1.0>}
x[1,6]{3  <1.0>}
x[1,7]{7  <1.0>}
x[2,0]{0  <1.0>}
x[2,1]{7  <1.0>}
x[2,2]{3  <1.0>}
x[2,3]{1  <1.0>}
x[2,4]{4  <1.0>}
x[2,5]{6  <1.0>}
x[2,6]{5  <1.0>}
x[2,7]{2  <1.0>}
x[3,0]{1  <1.0>}
x[3,1]{3  <1.0>}
x[3,2]{7  <1.0>}
x[3,3]{0  <1.0>}
x[3,4]{6  <1.0>}
x[3,5]{4  <1.0>}
x[3,6]{2  <1.0>}
x[3,7]{5  <1.0>}
x[4,0]{6  <0.8057404093733831>, 2  <0.19425959062661696>}
x[4,1]{6  <0.2339576325452745>, 2  <0.7660423674547255>}
x[4,2]{4  <1.0>}
x[4,3]{5  <0.8426887405376324>, 7  <0.1573112594623677>}
x[4,4]{5  <0.15832063836147492>, 7  <0.8416793616385252>}
x[4,5]{3  <1.0>}
x[4,6]{0  <1.0>}
x[4,7]{1  <1.0>}
x[5,0]{3  <1.0>}
x[5,1]{1  <1.0>}
x[5,2]{2  <1.0>}
x[5,3]{5  <0.12049020232872963>, 7  <0.8795097976712704>}
x[5,4]{5  <0.8440283628301409>, 7  <0.15597163716985912>}
x[5,5]{0  <1.0>}
x[5,6]{6  <1.0>}
x[5,7]{4  <1.0>}
x[6,0]{7  <1.0>}
x[6,1]{0  <1.0>}
x[6,2]{5  <1.0>}
x[6,3]{3  <1.0>}
x[6,4]{2  <1.0>}
x[6,5]{1  <1.0>}
x[6,6]{4  <1.0>}
x[6,7]{6  <1.0>}
x[7,0]{2  <0.832844894026855>, 6  <0.16715510597314504>}
x[7,1]{2  <0.25008585193019756>, 6  <0.7499141480698024>}
x[7,2]{0  <1.0>}
x[7,3]{4  <1.0>}
x[7,4]{1  <1.0>}
x[7,5]{5  <1.0>}
x[7,6]{7  <1.0>}
x[7,7]{3  <1.0>}
problem entropy = 0.6713977504162424
smallest variable entropy = 0.3679005487383499
##### after BP iteration 3 #####
x[0,0]{5  <1.0>}
x[0,1]{4  <1.0>}
x[0,2]{6  <1.0>}
x[0,3]{2  <1.0>}
x[0,4]{3  <1.0>}
x[0,5]{7  <1.0>}
x[0,6]{1  <1.0>}
x[0,7]{0  <1.0>}
x[1,0]{4  <1.0>}
x[1,1]{5  <1.0>}
x[1,2]{1  <1.0>}
x[1,3]{6  <1.0>}
x[1,4]{0  <1.0>}
x[1,5]{2  <1.0>}
x[1,6]{3  <1.0>}
x[1,7]{7  <1.0>}
x[2,0]{0  <1.0>}
x[2,1]{7  <1.0>}
x[2,2]{3  <1.0>}
x[2,3]{1  <1.0>}
x[2,4]{4  <1.0>}
x[2,5]{6  <1.0>}
x[2,6]{5  <1.0>}
x[2,7]{2  <1.0>}
x[3,0]{1  <1.0>}
x[3,1]{3  <1.0>}
x[3,2]{7  <1.0>}
x[3,3]{0  <1.0>}
x[3,4]{6  <1.0>}
x[3,5]{4  <1.0>}
x[3,6]{2  <1.0>}
x[3,7]{5  <1.0>}
x[4,0]{6  <0.8428540830882155>, 2  <0.1571459169117844>}
x[4,1]{6  <0.2941879083858459>, 2  <0.705812091614154>}
x[4,2]{4  <1.0>}
x[4,3]{5  <0.8723497989988837>, 7  <0.12765020100111624>}
x[4,4]{5  <0.16662165667920373>, 7  <0.8333783433207962>}
x[4,5]{3  <1.0>}
x[4,6]{0  <1.0>}
x[4,7]{1  <1.0>}
x[5,0]{3  <1.0>}
x[5,1]{1  <1.0>}
x[5,2]{2  <1.0>}
x[5,3]{5  <0.14715125882902824>, 7  <0.8528487411709719>}
x[5,4]{5  <0.8502644008987229>, 7  <0.14973559910127715>}
x[5,5]{0  <1.0>}
x[5,6]{6  <1.0>}
x[5,7]{4  <1.0>}
x[6,0]{7  <1.0>}
x[6,1]{0  <1.0>}
x[6,2]{5  <1.0>}
x[6,3]{3  <1.0>}
x[6,4]{2  <1.0>}
x[6,5]{1  <1.0>}
x[6,6]{4  <1.0>}
x[6,7]{6  <1.0>}
x[7,0]{2  <0.8382941875035209>, 6  <0.1617058124964791>}
x[7,1]{2  <0.24742304915969904>, 6  <0.752576950840301>}
x[7,2]{0  <1.0>}
x[7,3]{4  <1.0>}
x[7,4]{1  <1.0>}
x[7,5]{5  <1.0>}
x[7,6]{7  <1.0>}
x[7,7]{3  <1.0>}
problem entropy = 0.6699712839726095
smallest variable entropy = 0.381895298965578
##### after BP iteration 4 #####
x[0,0]{5  <1.0>}
x[0,1]{4  <1.0>}
x[0,2]{6  <1.0>}
x[0,3]{2  <1.0>}
x[0,4]{3  <1.0>}
x[0,5]{7  <1.0>}
x[0,6]{1  <1.0>}
x[0,7]{0  <1.0>}
x[1,0]{4  <1.0>}
x[1,1]{5  <1.0>}
x[1,2]{1  <1.0>}
x[1,3]{6  <1.0>}
x[1,4]{0  <1.0>}
x[1,5]{2  <1.0>}
x[1,6]{3  <1.0>}
x[1,7]{7  <1.0>}
x[2,0]{0  <1.0>}
x[2,1]{7  <1.0>}
x[2,2]{3  <1.0>}
x[2,3]{1  <1.0>}
x[2,4]{4  <1.0>}
x[2,5]{6  <1.0>}
x[2,6]{5  <1.0>}
x[2,7]{2  <1.0>}
x[3,0]{1  <1.0>}
x[3,1]{3  <1.0>}
x[3,2]{7  <1.0>}
x[3,3]{0  <1.0>}
x[3,4]{6  <1.0>}
x[3,5]{4  <1.0>}
x[3,6]{2  <1.0>}
x[3,7]{5  <1.0>}
x[4,0]{6  <0.7499141480698024>, 2  <0.2500858519301975>}
x[4,1]{6  <0.16715510597314504>, 2  <0.832844894026855>}
x[4,2]{4  <1.0>}
x[4,3]{5  <0.8440283628301409>, 7  <0.15597163716985912>}
x[4,4]{5  <0.12049020232872958>, 7  <0.8795097976712705>}
x[4,5]{3  <1.0>}
x[4,6]{0  <1.0>}
x[4,7]{1  <1.0>}
x[5,0]{3  <1.0>}
x[5,1]{1  <1.0>}
x[5,2]{2  <1.0>}
x[5,3]{5  <0.15832063836147492>, 7  <0.8416793616385251>}
x[5,4]{5  <0.8426887405376322>, 7  <0.1573112594623677>}
x[5,5]{0  <1.0>}
x[5,6]{6  <1.0>}
x[5,7]{4  <1.0>}
x[6,0]{7  <1.0>}
x[6,1]{0  <1.0>}
x[6,2]{5  <1.0>}
x[6,3]{3  <1.0>}
x[6,4]{2  <1.0>}
x[6,5]{1  <1.0>}
x[6,6]{4  <1.0>}
x[6,7]{6  <1.0>}
x[7,0]{2  <0.7660423674547255>, 6  <0.23395763254527452>}
x[7,1]{2  <0.19425959062661696>, 6  <0.8057404093733831>}
x[7,2]{0  <1.0>}
x[7,3]{4  <1.0>}
x[7,4]{1  <1.0>}
x[7,5]{5  <1.0>}
x[7,6]{7  <1.0>}
x[7,7]{3  <1.0>}
problem entropy = 0.6713977504162424
smallest variable entropy = 0.36790054873834976
##### after BP iteration 5 #####
x[0,0]{5  <1.0>}
x[0,1]{4  <1.0>}
x[0,2]{6  <1.0>}
x[0,3]{2  <1.0>}
x[0,4]{3  <1.0>}
x[0,5]{7  <1.0>}
x[0,6]{1  <1.0>}
x[0,7]{0  <1.0>}
x[1,0]{4  <1.0>}
x[1,1]{5  <1.0>}
x[1,2]{1  <1.0>}
x[1,3]{6  <1.0>}
x[1,4]{0  <1.0>}
x[1,5]{2  <1.0>}
x[1,6]{3  <1.0>}
x[1,7]{7  <1.0>}
x[2,0]{0  <1.0>}
x[2,1]{7  <1.0>}
x[2,2]{3  <1.0>}
x[2,3]{1  <1.0>}
x[2,4]{4  <1.0>}
x[2,5]{6  <1.0>}
x[2,6]{5  <1.0>}
x[2,7]{2  <1.0>}
x[3,0]{1  <1.0>}
x[3,1]{3  <1.0>}
x[3,2]{7  <1.0>}
x[3,3]{0  <1.0>}
x[3,4]{6  <1.0>}
x[3,5]{4  <1.0>}
x[3,6]{2  <1.0>}
x[3,7]{5  <1.0>}
x[4,0]{6  <0.752576950840301>, 2  <0.24742304915969904>}
x[4,1]{6  <0.16170581249647908>, 2  <0.8382941875035209>}
x[4,2]{4  <1.0>}
x[4,3]{5  <0.8502644008987229>, 7  <0.1497355991012771>}
x[4,4]{5  <0.14715125882902821>, 7  <0.8528487411709718>}
x[4,5]{3  <1.0>}
x[4,6]{0  <1.0>}
x[4,7]{1  <1.0>}
x[5,0]{3  <1.0>}
x[5,1]{1  <1.0>}
x[5,2]{2  <1.0>}
x[5,3]{5  <0.16662165667920378>, 7  <0.8333783433207962>}
x[5,4]{5  <0.8723497989988838>, 7  <0.12765020100111618>}
x[5,5]{0  <1.0>}
x[5,6]{6  <1.0>}
x[5,7]{4  <1.0>}
x[6,0]{7  <1.0>}
x[6,1]{0  <1.0>}
x[6,2]{5  <1.0>}
x[6,3]{3  <1.0>}
x[6,4]{2  <1.0>}
x[6,5]{1  <1.0>}
x[6,6]{4  <1.0>}
x[6,7]{6  <1.0>}
x[7,0]{2  <0.7058120916141541>, 6  <0.2941879083858459>}
x[7,1]{2  <0.15714591691178442>, 6  <0.8428540830882155>}
x[7,2]{0  <1.0>}
x[7,3]{4  <1.0>}
x[7,4]{1  <1.0>}
x[7,5]{5  <1.0>}
x[7,6]{7  <1.0>}
x[7,7]{3  <1.0>}
problem entropy = 0.6699712839726096
smallest variable entropy = 0.38189529896557783
##### after BP iteration 6 #####
x[0,0]{5  <1.0>}
x[0,1]{4  <1.0>}
x[0,2]{6  <1.0>}
x[0,3]{2  <1.0>}
x[0,4]{3  <1.0>}
x[0,5]{7  <1.0>}
x[0,6]{1  <1.0>}
x[0,7]{0  <1.0>}
x[1,0]{4  <1.0>}
x[1,1]{5  <1.0>}
x[1,2]{1  <1.0>}
x[1,3]{6  <1.0>}
x[1,4]{0  <1.0>}
x[1,5]{2  <1.0>}
x[1,6]{3  <1.0>}
x[1,7]{7  <1.0>}
x[2,0]{0  <1.0>}
x[2,1]{7  <1.0>}
x[2,2]{3  <1.0>}
x[2,3]{1  <1.0>}
x[2,4]{4  <1.0>}
x[2,5]{6  <1.0>}
x[2,6]{5  <1.0>}
x[2,7]{2  <1.0>}
x[3,0]{1  <1.0>}
x[3,1]{3  <1.0>}
x[3,2]{7  <1.0>}
x[3,3]{0  <1.0>}
x[3,4]{6  <1.0>}
x[3,5]{4  <1.0>}
x[3,6]{2  <1.0>}
x[3,7]{5  <1.0>}
x[4,0]{6  <0.8057404093733831>, 2  <0.19425959062661696>}
x[4,1]{6  <0.23395763254527452>, 2  <0.7660423674547254>}
x[4,2]{4  <1.0>}
x[4,3]{5  <0.8426887405376324>, 7  <0.1573112594623677>}
x[4,4]{5  <0.15832063836147492>, 7  <0.8416793616385252>}
x[4,5]{3  <1.0>}
x[4,6]{0  <1.0>}
x[4,7]{1  <1.0>}
x[5,0]{3  <1.0>}
x[5,1]{1  <1.0>}
x[5,2]{2  <1.0>}
x[5,3]{5  <0.1204902023287295>, 7  <0.8795097976712705>}
x[5,4]{5  <0.8440283628301408>, 7  <0.15597163716985915>}
x[5,5]{0  <1.0>}
x[5,6]{6  <1.0>}
x[5,7]{4  <1.0>}
x[6,0]{7  <1.0>}
x[6,1]{0  <1.0>}
x[6,2]{5  <1.0>}
x[6,3]{3  <1.0>}
x[6,4]{2  <1.0>}
x[6,5]{1  <1.0>}
x[6,6]{4  <1.0>}
x[6,7]{6  <1.0>}
x[7,0]{2  <0.8328448940268549>, 6  <0.167155105973145>}
x[7,1]{2  <0.2500858519301975>, 6  <0.7499141480698025>}
x[7,2]{0  <1.0>}
x[7,3]{4  <1.0>}
x[7,4]{1  <1.0>}
x[7,5]{5  <1.0>}
x[7,6]{7  <1.0>}
x[7,7]{3  <1.0>}
problem entropy = 0.6713977504162425
smallest variable entropy = 0.36790054873834965
##### after BP iteration 7 #####
x[0,0]{5  <1.0>}
x[0,1]{4  <1.0>}
x[0,2]{6  <1.0>}
x[0,3]{2  <1.0>}
x[0,4]{3  <1.0>}
x[0,5]{7  <1.0>}
x[0,6]{1  <1.0>}
x[0,7]{0  <1.0>}
x[1,0]{4  <1.0>}
x[1,1]{5  <1.0>}
x[1,2]{1  <1.0>}
x[1,3]{6  <1.0>}
x[1,4]{0  <1.0>}
x[1,5]{2  <1.0>}
x[1,6]{3  <1.0>}
x[1,7]{7  <1.0>}
x[2,0]{0  <1.0>}
x[2,1]{7  <1.0>}
x[2,2]{3  <1.0>}
x[2,3]{1  <1.0>}
x[2,4]{4  <1.0>}
x[2,5]{6  <1.0>}
x[2,6]{5  <1.0>}
x[2,7]{2  <1.0>}
x[3,0]{1  <1.0>}
x[3,1]{3  <1.0>}
x[3,2]{7  <1.0>}
x[3,3]{0  <1.0>}
x[3,4]{6  <1.0>}
x[3,5]{4  <1.0>}
x[3,6]{2  <1.0>}
x[3,7]{5  <1.0>}
x[4,0]{6  <0.8428540830882155>, 2  <0.15714591691178442>}
x[4,1]{6  <0.2941879083858459>, 2  <0.7058120916141541>}
x[4,2]{4  <1.0>}
x[4,3]{5  <0.8723497989988839>, 7  <0.1276502010011162>}
x[4,4]{5  <0.16662165667920376>, 7  <0.8333783433207962>}
x[4,5]{3  <1.0>}
x[4,6]{0  <1.0>}
x[4,7]{1  <1.0>}
x[5,0]{3  <1.0>}
x[5,1]{1  <1.0>}
x[5,2]{2  <1.0>}
x[5,3]{5  <0.14715125882902824>, 7  <0.8528487411709719>}
x[5,4]{5  <0.850264400898723>, 7  <0.1497355991012771>}
x[5,5]{0  <1.0>}
x[5,6]{6  <1.0>}
x[5,7]{4  <1.0>}
x[6,0]{7  <1.0>}
x[6,1]{0  <1.0>}
x[6,2]{5  <1.0>}
x[6,3]{3  <1.0>}
x[6,4]{2  <1.0>}
x[6,5]{1  <1.0>}
x[6,6]{4  <1.0>}
x[6,7]{6  <1.0>}
x[7,0]{2  <0.838294187503521>, 6  <0.16170581249647908>}
x[7,1]{2  <0.24742304915969898>, 6  <0.752576950840301>}
x[7,2]{0  <1.0>}
x[7,3]{4  <1.0>}
x[7,4]{1  <1.0>}
x[7,5]{5  <1.0>}
x[7,6]{7  <1.0>}
x[7,7]{3  <1.0>}
problem entropy = 0.6699712839726095
smallest variable entropy = 0.38189529896557783
##### after BP iteration 8 #####
x[0,0]{5  <1.0>}
x[0,1]{4  <1.0>}
x[0,2]{6  <1.0>}
x[0,3]{2  <1.0>}
x[0,4]{3  <1.0>}
x[0,5]{7  <1.0>}
x[0,6]{1  <1.0>}
x[0,7]{0  <1.0>}
x[1,0]{4  <1.0>}
x[1,1]{5  <1.0>}
x[1,2]{1  <1.0>}
x[1,3]{6  <1.0>}
x[1,4]{0  <1.0>}
x[1,5]{2  <1.0>}
x[1,6]{3  <1.0>}
x[1,7]{7  <1.0>}
x[2,0]{0  <1.0>}
x[2,1]{7  <1.0>}
x[2,2]{3  <1.0>}
x[2,3]{1  <1.0>}
x[2,4]{4  <1.0>}
x[2,5]{6  <1.0>}
x[2,6]{5  <1.0>}
x[2,7]{2  <1.0>}
x[3,0]{1  <1.0>}
x[3,1]{3  <1.0>}
x[3,2]{7  <1.0>}
x[3,3]{0  <1.0>}
x[3,4]{6  <1.0>}
x[3,5]{4  <1.0>}
x[3,6]{2  <1.0>}
x[3,7]{5  <1.0>}
x[4,0]{6  <0.7499141480698025>, 2  <0.25008585193019744>}
x[4,1]{6  <0.16715510597314504>, 2  <0.8328448940268549>}
x[4,2]{4  <1.0>}
x[4,3]{5  <0.8440283628301409>, 7  <0.15597163716985907>}
x[4,4]{5  <0.12049020232872949>, 7  <0.8795097976712705>}
x[4,5]{3  <1.0>}
x[4,6]{0  <1.0>}
x[4,7]{1  <1.0>}
x[5,0]{3  <1.0>}
x[5,1]{1  <1.0>}
x[5,2]{2  <1.0>}
x[5,3]{5  <0.15832063836147495>, 7  <0.8416793616385251>}
x[5,4]{5  <0.8426887405376322>, 7  <0.1573112594623677>}
x[5,5]{0  <1.0>}
x[5,6]{6  <1.0>}
x[5,7]{4  <1.0>}
x[6,0]{7  <1.0>}
x[6,1]{0  <1.0>}
x[6,2]{5  <1.0>}
x[6,3]{3  <1.0>}
x[6,4]{2  <1.0>}
x[6,5]{1  <1.0>}
x[6,6]{4  <1.0>}
x[6,7]{6  <1.0>}
x[7,0]{2  <0.7660423674547255>, 6  <0.23395763254527452>}
x[7,1]{2  <0.19425959062661696>, 6  <0.8057404093733831>}
x[7,2]{0  <1.0>}
x[7,3]{4  <1.0>}
x[7,4]{1  <1.0>}
x[7,5]{5  <1.0>}
x[7,6]{7  <1.0>}
x[7,7]{3  <1.0>}
problem entropy = 0.6713977504162424
smallest variable entropy = 0.36790054873834965
##### after BP iteration 9 #####
x[0,0]{5  <1.0>}
x[0,1]{4  <1.0>}
x[0,2]{6  <1.0>}
x[0,3]{2  <1.0>}
x[0,4]{3  <1.0>}
x[0,5]{7  <1.0>}
x[0,6]{1  <1.0>}
x[0,7]{0  <1.0>}
x[1,0]{4  <1.0>}
x[1,1]{5  <1.0>}
x[1,2]{1  <1.0>}
x[1,3]{6  <1.0>}
x[1,4]{0  <1.0>}
x[1,5]{2  <1.0>}
x[1,6]{3  <1.0>}
x[1,7]{7  <1.0>}
x[2,0]{0  <1.0>}
x[2,1]{7  <1.0>}
x[2,2]{3  <1.0>}
x[2,3]{1  <1.0>}
x[2,4]{4  <1.0>}
x[2,5]{6  <1.0>}
x[2,6]{5  <1.0>}
x[2,7]{2  <1.0>}
x[3,0]{1  <1.0>}
x[3,1]{3  <1.0>}
x[3,2]{7  <1.0>}
x[3,3]{0  <1.0>}
x[3,4]{6  <1.0>}
x[3,5]{4  <1.0>}
x[3,6]{2  <1.0>}
x[3,7]{5  <1.0>}
x[4,0]{6  <0.7525769508403011>, 2  <0.24742304915969893>}
x[4,1]{6  <0.16170581249647908>, 2  <0.838294187503521>}
x[4,2]{4  <1.0>}
x[4,3]{5  <0.850264400898723>, 7  <0.14973559910127707>}
x[4,4]{5  <0.14715125882902821>, 7  <0.8528487411709718>}
x[4,5]{3  <1.0>}
x[4,6]{0  <1.0>}
x[4,7]{1  <1.0>}
x[5,0]{3  <1.0>}
x[5,1]{1  <1.0>}
x[5,2]{2  <1.0>}
x[5,3]{5  <0.16662165667920373>, 7  <0.8333783433207962>}
x[5,4]{5  <0.8723497989988839>, 7  <0.12765020100111618>}
x[5,5]{0  <1.0>}
x[5,6]{6  <1.0>}
x[5,7]{4  <1.0>}
x[6,0]{7  <1.0>}
x[6,1]{0  <1.0>}
x[6,2]{5  <1.0>}
x[6,3]{3  <1.0>}
x[6,4]{2  <1.0>}
x[6,5]{1  <1.0>}
x[6,6]{4  <1.0>}
x[6,7]{6  <1.0>}
x[7,0]{2  <0.7058120916141541>, 6  <0.29418790838584585>}
x[7,1]{2  <0.15714591691178445>, 6  <0.8428540830882155>}
x[7,2]{0  <1.0>}
x[7,3]{4  <1.0>}
x[7,4]{1  <1.0>}
x[7,5]{5  <1.0>}
x[7,6]{7  <1.0>}
x[7,7]{3  <1.0>}
problem entropy = 0.6699712839726095
smallest variable entropy = 0.3818952989655777
##### after BP iteration 10 #####
x[0,0]{5  <1.0>}
x[0,1]{4  <1.0>}
x[0,2]{6  <1.0>}
x[0,3]{2  <1.0>}
x[0,4]{3  <1.0>}
x[0,5]{7  <1.0>}
x[0,6]{1  <1.0>}
x[0,7]{0  <1.0>}
x[1,0]{4  <1.0>}
x[1,1]{5  <1.0>}
x[1,2]{1  <1.0>}
x[1,3]{6  <1.0>}
x[1,4]{0  <1.0>}
x[1,5]{2  <1.0>}
x[1,6]{3  <1.0>}
x[1,7]{7  <1.0>}
x[2,0]{0  <1.0>}
x[2,1]{7  <1.0>}
x[2,2]{3  <1.0>}
x[2,3]{1  <1.0>}
x[2,4]{4  <1.0>}
x[2,5]{6  <1.0>}
x[2,6]{5  <1.0>}
x[2,7]{2  <1.0>}
x[3,0]{1  <1.0>}
x[3,1]{3  <1.0>}
x[3,2]{7  <1.0>}
x[3,3]{0  <1.0>}
x[3,4]{6  <1.0>}
x[3,5]{4  <1.0>}
x[3,6]{2  <1.0>}
x[3,7]{5  <1.0>}
x[4,0]{6  <0.805740409373383>, 2  <0.194259590626617>}
x[4,1]{6  <0.23395763254527452>, 2  <0.7660423674547255>}
x[4,2]{4  <1.0>}
x[4,3]{5  <0.8426887405376324>, 7  <0.1573112594623677>}
x[4,4]{5  <0.15832063836147495>, 7  <0.8416793616385251>}
x[4,5]{3  <1.0>}
x[4,6]{0  <1.0>}
x[4,7]{1  <1.0>}
x[5,0]{3  <1.0>}
x[5,1]{1  <1.0>}
x[5,2]{2  <1.0>}
x[5,3]{5  <0.12049020232872946>, 7  <0.8795097976712705>}
x[5,4]{5  <0.8440283628301409>, 7  <0.15597163716985912>}
x[5,5]{0  <1.0>}
x[5,6]{6  <1.0>}
x[5,7]{4  <1.0>}
x[6,0]{7  <1.0>}
x[6,1]{0  <1.0>}
x[6,2]{5  <1.0>}
x[6,3]{3  <1.0>}
x[6,4]{2  <1.0>}
x[6,5]{1  <1.0>}
x[6,6]{4  <1.0>}
x[6,7]{6  <1.0>}
x[7,0]{2  <0.8328448940268549>, 6  <0.167155105973145>}
x[7,1]{2  <0.25008585193019744>, 6  <0.7499141480698025>}
x[7,2]{0  <1.0>}
x[7,3]{4  <1.0>}
x[7,4]{1  <1.0>}
x[7,5]{5  <1.0>}
x[7,6]{7  <1.0>}
x[7,7]{3  <1.0>}
problem entropy = 0.6713977504162425
smallest variable entropy = 0.36790054873834954
### branching on x[5,3]=7 marginal=0.8795097976712705
##### after BP iteration 1 #####
x[0,0]{5  <1.0>}
x[0,1]{4  <1.0>}
x[0,2]{6  <1.0>}
x[0,3]{2  <1.0>}
x[0,4]{3  <1.0>}
x[0,5]{7  <1.0>}
x[0,6]{1  <1.0>}
x[0,7]{0  <1.0>}
x[1,0]{4  <1.0>}
x[1,1]{5  <1.0>}
x[1,2]{1  <1.0>}
x[1,3]{6  <1.0>}
x[1,4]{0  <1.0>}
x[1,5]{2  <1.0>}
x[1,6]{3  <1.0>}
x[1,7]{7  <1.0>}
x[2,0]{0  <1.0>}
x[2,1]{7  <1.0>}
x[2,2]{3  <1.0>}
x[2,3]{1  <1.0>}
x[2,4]{4  <1.0>}
x[2,5]{6  <1.0>}
x[2,6]{5  <1.0>}
x[2,7]{2  <1.0>}
x[3,0]{1  <1.0>}
x[3,1]{3  <1.0>}
x[3,2]{7  <1.0>}
x[3,3]{0  <1.0>}
x[3,4]{6  <1.0>}
x[3,5]{4  <1.0>}
x[3,6]{2  <1.0>}
x[3,7]{5  <1.0>}
x[4,0]{6  <0.8428540830882155>, 2  <0.1571459169117845>}
x[4,1]{6  <0.29418790838584585>, 2  <0.7058120916141541>}
x[4,2]{4  <1.0>}
x[4,3]{5  <1.0>}
x[4,4]{7  <1.0>}
x[4,5]{3  <1.0>}
x[4,6]{0  <1.0>}
x[4,7]{1  <1.0>}
x[5,0]{3  <1.0>}
x[5,1]{1  <1.0>}
x[5,2]{2  <1.0>}
x[5,3]{7  <1.0>}
x[5,4]{5  <1.0>}
x[5,5]{0  <1.0>}
x[5,6]{6  <1.0>}
x[5,7]{4  <1.0>}
x[6,0]{7  <1.0>}
x[6,1]{0  <1.0>}
x[6,2]{5  <1.0>}
x[6,3]{3  <1.0>}
x[6,4]{2  <1.0>}
x[6,5]{1  <1.0>}
x[6,6]{4  <1.0>}
x[6,7]{6  <1.0>}
x[7,0]{2  <0.8382941875035209>, 6  <0.16170581249647908>}
x[7,1]{2  <0.24742304915969893>, 6  <0.7525769508403011>}
x[7,2]{0  <1.0>}
x[7,3]{4  <1.0>}
x[7,4]{1  <1.0>}
x[7,5]{5  <1.0>}
x[7,6]{7  <1.0>}
x[7,7]{3  <1.0>}
problem entropy = 0.7367626243146135
smallest variable entropy = 0.4349067071706619
##### after BP iteration 2 #####
x[0,0]{5  <1.0>}
x[0,1]{4  <1.0>}
x[0,2]{6  <1.0>}
x[0,3]{2  <1.0>}
x[0,4]{3  <1.0>}
x[0,5]{7  <1.0>}
x[0,6]{1  <1.0>}
x[0,7]{0  <1.0>}
x[1,0]{4  <1.0>}
x[1,1]{5  <1.0>}
x[1,2]{1  <1.0>}
x[1,3]{6  <1.0>}
x[1,4]{0  <1.0>}
x[1,5]{2  <1.0>}
x[1,6]{3  <1.0>}
x[1,7]{7  <1.0>}
x[2,0]{0  <1.0>}
x[2,1]{7  <1.0>}
x[2,2]{3  <1.0>}
x[2,3]{1  <1.0>}
x[2,4]{4  <1.0>}
x[2,5]{6  <1.0>}
x[2,6]{5  <1.0>}
x[2,7]{2  <1.0>}
x[3,0]{1  <1.0>}
x[3,1]{3  <1.0>}
x[3,2]{7  <1.0>}
x[3,3]{0  <1.0>}
x[3,4]{6  <1.0>}
x[3,5]{4  <1.0>}
x[3,6]{2  <1.0>}
x[3,7]{5  <1.0>}
x[4,0]{6  <0.7499141480698025>, 2  <0.25008585193019744>}
x[4,1]{6  <0.167155105973145>, 2  <0.8328448940268549>}
x[4,2]{4  <1.0>}
x[4,3]{5  <1.0>}
x[4,4]{7  <1.0>}
x[4,5]{3  <1.0>}
x[4,6]{0  <1.0>}
x[4,7]{1  <1.0>}
x[5,0]{3  <1.0>}
x[5,1]{1  <1.0>}
x[5,2]{2  <1.0>}
x[5,3]{7  <1.0>}
x[5,4]{5  <1.0>}
x[5,5]{0  <1.0>}
x[5,6]{6  <1.0>}
x[5,7]{4  <1.0>}
x[6,0]{7  <1.0>}
x[6,1]{0  <1.0>}
x[6,2]{5  <1.0>}
x[6,3]{3  <1.0>}
x[6,4]{2  <1.0>}
x[6,5]{1  <1.0>}
x[6,6]{4  <1.0>}
x[6,7]{6  <1.0>}
x[7,0]{2  <0.7660423674547254>, 6  <0.23395763254527452>}
x[7,1]{2  <0.19425959062661702>, 6  <0.805740409373383>}
x[7,2]{0  <1.0>}
x[7,3]{4  <1.0>}
x[7,4]{1  <1.0>}
x[7,5]{5  <1.0>}
x[7,6]{7  <1.0>}
x[7,7]{3  <1.0>}
problem entropy = 0.7394284766540066
smallest variable entropy = 0.4513464634116048
##### after BP iteration 3 #####
x[0,0]{5  <1.0>}
x[0,1]{4  <1.0>}
x[0,2]{6  <1.0>}
x[0,3]{2  <1.0>}
x[0,4]{3  <1.0>}
x[0,5]{7  <1.0>}
x[0,6]{1  <1.0>}
x[0,7]{0  <1.0>}
x[1,0]{4  <1.0>}
x[1,1]{5  <1.0>}
x[1,2]{1  <1.0>}
x[1,3]{6  <1.0>}
x[1,4]{0  <1.0>}
x[1,5]{2  <1.0>}
x[1,6]{3  <1.0>}
x[1,7]{7  <1.0>}
x[2,0]{0  <1.0>}
x[2,1]{7  <1.0>}
x[2,2]{3  <1.0>}
x[2,3]{1  <1.0>}
x[2,4]{4  <1.0>}
x[2,5]{6  <1.0>}
x[2,6]{5  <1.0>}
x[2,7]{2  <1.0>}
x[3,0]{1  <1.0>}
x[3,1]{3  <1.0>}
x[3,2]{7  <1.0>}
x[3,3]{0  <1.0>}
x[3,4]{6  <1.0>}
x[3,5]{4  <1.0>}
x[3,6]{2  <1.0>}
x[3,7]{5  <1.0>}
x[4,0]{6  <0.7525769508403011>, 2  <0.24742304915969893>}
x[4,1]{6  <0.1617058124964791>, 2  <0.8382941875035209>}
x[4,2]{4  <1.0>}
x[4,3]{5  <1.0>}
x[4,4]{7  <1.0>}
x[4,5]{3  <1.0>}
x[4,6]{0  <1.0>}
x[4,7]{1  <1.0>}
x[5,0]{3  <1.0>}
x[5,1]{1  <1.0>}
x[5,2]{2  <1.0>}
x[5,3]{7  <1.0>}
x[5,4]{5  <1.0>}
x[5,5]{0  <1.0>}
x[5,6]{6  <1.0>}
x[5,7]{4  <1.0>}
x[6,0]{7  <1.0>}
x[6,1]{0  <1.0>}
x[6,2]{5  <1.0>}
x[6,3]{3  <1.0>}
x[6,4]{2  <1.0>}
x[6,5]{1  <1.0>}
x[6,6]{4  <1.0>}
x[6,7]{6  <1.0>}
x[7,0]{2  <0.7058120916141541>, 6  <0.29418790838584585>}
x[7,1]{2  <0.1571459169117845>, 6  <0.8428540830882155>}
x[7,2]{0  <1.0>}
x[7,3]{4  <1.0>}
x[7,4]{1  <1.0>}
x[7,5]{5  <1.0>}
x[7,6]{7  <1.0>}
x[7,7]{3  <1.0>}
problem entropy = 0.7367626243146135
smallest variable entropy = 0.4349067071706619
##### after BP iteration 4 #####
x[0,0]{5  <1.0>}
x[0,1]{4  <1.0>}
x[0,2]{6  <1.0>}
x[0,3]{2  <1.0>}
x[0,4]{3  <1.0>}
x[0,5]{7  <1.0>}
x[0,6]{1  <1.0>}
x[0,7]{0  <1.0>}
x[1,0]{4  <1.0>}
x[1,1]{5  <1.0>}
x[1,2]{1  <1.0>}
x[1,3]{6  <1.0>}
x[1,4]{0  <1.0>}
x[1,5]{2  <1.0>}
x[1,6]{3  <1.0>}
x[1,7]{7  <1.0>}
x[2,0]{0  <1.0>}
x[2,1]{7  <1.0>}
x[2,2]{3  <1.0>}
x[2,3]{1  <1.0>}
x[2,4]{4  <1.0>}
x[2,5]{6  <1.0>}
x[2,6]{5  <1.0>}
x[2,7]{2  <1.0>}
x[3,0]{1  <1.0>}
x[3,1]{3  <1.0>}
x[3,2]{7  <1.0>}
x[3,3]{0  <1.0>}
x[3,4]{6  <1.0>}
x[3,5]{4  <1.0>}
x[3,6]{2  <1.0>}
x[3,7]{5  <1.0>}
x[4,0]{6  <0.805740409373383>, 2  <0.19425959062661702>}
x[4,1]{6  <0.23395763254527452>, 2  <0.7660423674547254>}
x[4,2]{4  <1.0>}
x[4,3]{5  <1.0>}
x[4,4]{7  <1.0>}
x[4,5]{3  <1.0>}
x[4,6]{0  <1.0>}
x[4,7]{1  <1.0>}
x[5,0]{3  <1.0>}
x[5,1]{1  <1.0>}
x[5,2]{2  <1.0>}
x[5,3]{7  <1.0>}
x[5,4]{5  <1.0>}
x[5,5]{0  <1.0>}
x[5,6]{6  <1.0>}
x[5,7]{4  <1.0>}
x[6,0]{7  <1.0>}
x[6,1]{0  <1.0>}
x[6,2]{5  <1.0>}
x[6,3]{3  <1.0>}
x[6,4]{2  <1.0>}
x[6,5]{1  <1.0>}
x[6,6]{4  <1.0>}
x[6,7]{6  <1.0>}
x[7,0]{2  <0.8328448940268549>, 6  <0.167155105973145>}
x[7,1]{2  <0.25008585193019744>, 6  <0.7499141480698025>}
x[7,2]{0  <1.0>}
x[7,3]{4  <1.0>}
x[7,4]{1  <1.0>}
x[7,5]{5  <1.0>}
x[7,6]{7  <1.0>}
x[7,7]{3  <1.0>}
problem entropy = 0.7394284766540067
smallest variable entropy = 0.4513464634116048
##### after BP iteration 5 #####
x[0,0]{5  <1.0>}
x[0,1]{4  <1.0>}
x[0,2]{6  <1.0>}
x[0,3]{2  <1.0>}
x[0,4]{3  <1.0>}
x[0,5]{7  <1.0>}
x[0,6]{1  <1.0>}
x[0,7]{0  <1.0>}
x[1,0]{4  <1.0>}
x[1,1]{5  <1.0>}
x[1,2]{1  <1.0>}
x[1,3]{6  <1.0>}
x[1,4]{0  <1.0>}
x[1,5]{2  <1.0>}
x[1,6]{3  <1.0>}
x[1,7]{7  <1.0>}
x[2,0]{0  <1.0>}
x[2,1]{7  <1.0>}
x[2,2]{3  <1.0>}
x[2,3]{1  <1.0>}
x[2,4]{4  <1.0>}
x[2,5]{6  <1.0>}
x[2,6]{5  <1.0>}
x[2,7]{2  <1.0>}
x[3,0]{1  <1.0>}
x[3,1]{3  <1.0>}
x[3,2]{7  <1.0>}
x[3,3]{0  <1.0>}
x[3,4]{6  <1.0>}
x[3,5]{4  <1.0>}
x[3,6]{2  <1.0>}
x[3,7]{5  <1.0>}
x[4,0]{6  <0.8428540830882155>, 2  <0.1571459169117845>}
x[4,1]{6  <0.29418790838584585>, 2  <0.7058120916141541>}
x[4,2]{4  <1.0>}
x[4,3]{5  <1.0>}
x[4,4]{7  <1.0>}
x[4,5]{3  <1.0>}
x[4,6]{0  <1.0>}
x[4,7]{1  <1.0>}
x[5,0]{3  <1.0>}
x[5,1]{1  <1.0>}
x[5,2]{2  <1.0>}
x[5,3]{7  <1.0>}
x[5,4]{5  <1.0>}
x[5,5]{0  <1.0>}
x[5,6]{6  <1.0>}
x[5,7]{4  <1.0>}
x[6,0]{7  <1.0>}
x[6,1]{0  <1.0>}
x[6,2]{5  <1.0>}
x[6,3]{3  <1.0>}
x[6,4]{2  <1.0>}
x[6,5]{1  <1.0>}
x[6,6]{4  <1.0>}
x[6,7]{6  <1.0>}
x[7,0]{2  <0.8382941875035209>, 6  <0.1617058124964791>}
x[7,1]{2  <0.24742304915969893>, 6  <0.7525769508403011>}
x[7,2]{0  <1.0>}
x[7,3]{4  <1.0>}
x[7,4]{1  <1.0>}
x[7,5]{5  <1.0>}
x[7,6]{7  <1.0>}
x[7,7]{3  <1.0>}
problem entropy = 0.7367626243146135
smallest variable entropy = 0.4349067071706619
##### after BP iteration 6 #####
x[0,0]{5  <1.0>}
x[0,1]{4  <1.0>}
x[0,2]{6  <1.0>}
x[0,3]{2  <1.0>}
x[0,4]{3  <1.0>}
x[0,5]{7  <1.0>}
x[0,6]{1  <1.0>}
x[0,7]{0  <1.0>}
x[1,0]{4  <1.0>}
x[1,1]{5  <1.0>}
x[1,2]{1  <1.0>}
x[1,3]{6  <1.0>}
x[1,4]{0  <1.0>}
x[1,5]{2  <1.0>}
x[1,6]{3  <1.0>}
x[1,7]{7  <1.0>}
x[2,0]{0  <1.0>}
x[2,1]{7  <1.0>}
x[2,2]{3  <1.0>}
x[2,3]{1  <1.0>}
x[2,4]{4  <1.0>}
x[2,5]{6  <1.0>}
x[2,6]{5  <1.0>}
x[2,7]{2  <1.0>}
x[3,0]{1  <1.0>}
x[3,1]{3  <1.0>}
x[3,2]{7  <1.0>}
x[3,3]{0  <1.0>}
x[3,4]{6  <1.0>}
x[3,5]{4  <1.0>}
x[3,6]{2  <1.0>}
x[3,7]{5  <1.0>}
x[4,0]{6  <0.7499141480698025>, 2  <0.25008585193019744>}
x[4,1]{6  <0.167155105973145>, 2  <0.8328448940268549>}
x[4,2]{4  <1.0>}
x[4,3]{5  <1.0>}
x[4,4]{7  <1.0>}
x[4,5]{3  <1.0>}
x[4,6]{0  <1.0>}
x[4,7]{1  <1.0>}
x[5,0]{3  <1.0>}
x[5,1]{1  <1.0>}
x[5,2]{2  <1.0>}
x[5,3]{7  <1.0>}
x[5,4]{5  <1.0>}
x[5,5]{0  <1.0>}
x[5,6]{6  <1.0>}
x[5,7]{4  <1.0>}
x[6,0]{7  <1.0>}
x[6,1]{0  <1.0>}
x[6,2]{5  <1.0>}
x[6,3]{3  <1.0>}
x[6,4]{2  <1.0>}
x[6,5]{1  <1.0>}
x[6,6]{4  <1.0>}
x[6,7]{6  <1.0>}
x[7,0]{2  <0.7660423674547254>, 6  <0.23395763254527452>}
x[7,1]{2  <0.19425959062661702>, 6  <0.805740409373383>}
x[7,2]{0  <1.0>}
x[7,3]{4  <1.0>}
x[7,4]{1  <1.0>}
x[7,5]{5  <1.0>}
x[7,6]{7  <1.0>}
x[7,7]{3  <1.0>}
problem entropy = 0.7394284766540066
smallest variable entropy = 0.4513464634116048
##### after BP iteration 7 #####
x[0,0]{5  <1.0>}
x[0,1]{4  <1.0>}
x[0,2]{6  <1.0>}
x[0,3]{2  <1.0>}
x[0,4]{3  <1.0>}
x[0,5]{7  <1.0>}
x[0,6]{1  <1.0>}
x[0,7]{0  <1.0>}
x[1,0]{4  <1.0>}
x[1,1]{5  <1.0>}
x[1,2]{1  <1.0>}
x[1,3]{6  <1.0>}
x[1,4]{0  <1.0>}
x[1,5]{2  <1.0>}
x[1,6]{3  <1.0>}
x[1,7]{7  <1.0>}
x[2,0]{0  <1.0>}
x[2,1]{7  <1.0>}
x[2,2]{3  <1.0>}
x[2,3]{1  <1.0>}
x[2,4]{4  <1.0>}
x[2,5]{6  <1.0>}
x[2,6]{5  <1.0>}
x[2,7]{2  <1.0>}
x[3,0]{1  <1.0>}
x[3,1]{3  <1.0>}
x[3,2]{7  <1.0>}
x[3,3]{0  <1.0>}
x[3,4]{6  <1.0>}
x[3,5]{4  <1.0>}
x[3,6]{2  <1.0>}
x[3,7]{5  <1.0>}
x[4,0]{6  <0.7525769508403011>, 2  <0.24742304915969893>}
x[4,1]{6  <0.1617058124964791>, 2  <0.8382941875035209>}
x[4,2]{4  <1.0>}
x[4,3]{5  <1.0>}
x[4,4]{7  <1.0>}
x[4,5]{3  <1.0>}
x[4,6]{0  <1.0>}
x[4,7]{1  <1.0>}
x[5,0]{3  <1.0>}
x[5,1]{1  <1.0>}
x[5,2]{2  <1.0>}
x[5,3]{7  <1.0>}
x[5,4]{5  <1.0>}
x[5,5]{0  <1.0>}
x[5,6]{6  <1.0>}
x[5,7]{4  <1.0>}
x[6,0]{7  <1.0>}
x[6,1]{0  <1.0>}
x[6,2]{5  <1.0>}
x[6,3]{3  <1.0>}
x[6,4]{2  <1.0>}
x[6,5]{1  <1.0>}
x[6,6]{4  <1.0>}
x[6,7]{6  <1.0>}
x[7,0]{2  <0.7058120916141541>, 6  <0.29418790838584585>}
x[7,1]{2  <0.1571459169117845>, 6  <0.8428540830882155>}
x[7,2]{0  <1.0>}
x[7,3]{4  <1.0>}
x[7,4]{1  <1.0>}
x[7,5]{5  <1.0>}
x[7,6]{7  <1.0>}
x[7,7]{3  <1.0>}
problem entropy = 0.7367626243146135
smallest variable entropy = 0.4349067071706619
##### after BP iteration 8 #####
x[0,0]{5  <1.0>}
x[0,1]{4  <1.0>}
x[0,2]{6  <1.0>}
x[0,3]{2  <1.0>}
x[0,4]{3  <1.0>}
x[0,5]{7  <1.0>}
x[0,6]{1  <1.0>}
x[0,7]{0  <1.0>}
x[1,0]{4  <1.0>}
x[1,1]{5  <1.0>}
x[1,2]{1  <1.0>}
x[1,3]{6  <1.0>}
x[1,4]{0  <1.0>}
x[1,5]{2  <1.0>}
x[1,6]{3  <1.0>}
x[1,7]{7  <1.0>}
x[2,0]{0  <1.0>}
x[2,1]{7  <1.0>}
x[2,2]{3  <1.0>}
x[2,3]{1  <1.0>}
x[2,4]{4  <1.0>}
x[2,5]{6  <1.0>}
x[2,6]{5  <1.0>}
x[2,7]{2  <1.0>}
x[3,0]{1  <1.0>}
x[3,1]{3  <1.0>}
x[3,2]{7  <1.0>}
x[3,3]{0  <1.0>}
x[3,4]{6  <1.0>}
x[3,5]{4  <1.0>}
x[3,6]{2  <1.0>}
x[3,7]{5  <1.0>}
x[4,0]{6  <0.805740409373383>, 2  <0.19425959062661702>}
x[4,1]{6  <0.23395763254527452>, 2  <0.7660423674547254>}
x[4,2]{4  <1.0>}
x[4,3]{5  <1.0>}
x[4,4]{7  <1.0>}
x[4,5]{3  <1.0>}
x[4,6]{0  <1.0>}
x[4,7]{1  <1.0>}
x[5,0]{3  <1.0>}
x[5,1]{1  <1.0>}
x[5,2]{2  <1.0>}
x[5,3]{7  <1.0>}
x[5,4]{5  <1.0>}
x[5,5]{0  <1.0>}
x[5,6]{6  <1.0>}
x[5,7]{4  <1.0>}
x[6,0]{7  <1.0>}
x[6,1]{0  <1.0>}
x[6,2]{5  <1.0>}
x[6,3]{3  <1.0>}
x[6,4]{2  <1.0>}
x[6,5]{1  <1.0>}
x[6,6]{4  <1.0>}
x[6,7]{6  <1.0>}
x[7,0]{2  <0.8328448940268549>, 6  <0.167155105973145>}
x[7,1]{2  <0.25008585193019744>, 6  <0.7499141480698025>}
x[7,2]{0  <1.0>}
x[7,3]{4  <1.0>}
x[7,4]{1  <1.0>}
x[7,5]{5  <1.0>}
x[7,6]{7  <1.0>}
x[7,7]{3  <1.0>}
problem entropy = 0.7394284766540067
smallest variable entropy = 0.4513464634116048
##### after BP iteration 9 #####
x[0,0]{5  <1.0>}
x[0,1]{4  <1.0>}
x[0,2]{6  <1.0>}
x[0,3]{2  <1.0>}
x[0,4]{3  <1.0>}
x[0,5]{7  <1.0>}
x[0,6]{1  <1.0>}
x[0,7]{0  <1.0>}
x[1,0]{4  <1.0>}
x[1,1]{5  <1.0>}
x[1,2]{1  <1.0>}
x[1,3]{6  <1.0>}
x[1,4]{0  <1.0>}
x[1,5]{2  <1.0>}
x[1,6]{3  <1.0>}
x[1,7]{7  <1.0>}
x[2,0]{0  <1.0>}
x[2,1]{7  <1.0>}
x[2,2]{3  <1.0>}
x[2,3]{1  <1.0>}
x[2,4]{4  <1.0>}
x[2,5]{6  <1.0>}
x[2,6]{5  <1.0>}
x[2,7]{2  <1.0>}
x[3,0]{1  <1.0>}
x[3,1]{3  <1.0>}
x[3,2]{7  <1.0>}
x[3,3]{0  <1.0>}
x[3,4]{6  <1.0>}
x[3,5]{4  <1.0>}
x[3,6]{2  <1.0>}
x[3,7]{5  <1.0>}
x[4,0]{6  <0.8428540830882155>, 2  <0.1571459169117845>}
x[4,1]{6  <0.29418790838584585>, 2  <0.7058120916141541>}
x[4,2]{4  <1.0>}
x[4,3]{5  <1.0>}
x[4,4]{7  <1.0>}
x[4,5]{3  <1.0>}
x[4,6]{0  <1.0>}
x[4,7]{1  <1.0>}
x[5,0]{3  <1.0>}
x[5,1]{1  <1.0>}
x[5,2]{2  <1.0>}
x[5,3]{7  <1.0>}
x[5,4]{5  <1.0>}
x[5,5]{0  <1.0>}
x[5,6]{6  <1.0>}
x[5,7]{4  <1.0>}
x[6,0]{7  <1.0>}
x[6,1]{0  <1.0>}
x[6,2]{5  <1.0>}
x[6,3]{3  <1.0>}
x[6,4]{2  <1.0>}
x[6,5]{1  <1.0>}
x[6,6]{4  <1.0>}
x[6,7]{6  <1.0>}
x[7,0]{2  <0.8382941875035209>, 6  <0.1617058124964791>}
x[7,1]{2  <0.24742304915969893>, 6  <0.7525769508403011>}
x[7,2]{0  <1.0>}
x[7,3]{4  <1.0>}
x[7,4]{1  <1.0>}
x[7,5]{5  <1.0>}
x[7,6]{7  <1.0>}
x[7,7]{3  <1.0>}
problem entropy = 0.7367626243146135
smallest variable entropy = 0.4349067071706619
##### after BP iteration 10 #####
x[0,0]{5  <1.0>}
x[0,1]{4  <1.0>}
x[0,2]{6  <1.0>}
x[0,3]{2  <1.0>}
x[0,4]{3  <1.0>}
x[0,5]{7  <1.0>}
x[0,6]{1  <1.0>}
x[0,7]{0  <1.0>}
x[1,0]{4  <1.0>}
x[1,1]{5  <1.0>}
x[1,2]{1  <1.0>}
x[1,3]{6  <1.0>}
x[1,4]{0  <1.0>}
x[1,5]{2  <1.0>}
x[1,6]{3  <1.0>}
x[1,7]{7  <1.0>}
x[2,0]{0  <1.0>}
x[2,1]{7  <1.0>}
x[2,2]{3  <1.0>}
x[2,3]{1  <1.0>}
x[2,4]{4  <1.0>}
x[2,5]{6  <1.0>}
x[2,6]{5  <1.0>}
x[2,7]{2  <1.0>}
x[3,0]{1  <1.0>}
x[3,1]{3  <1.0>}
x[3,2]{7  <1.0>}
x[3,3]{0  <1.0>}
x[3,4]{6  <1.0>}
x[3,5]{4  <1.0>}
x[3,6]{2  <1.0>}
x[3,7]{5  <1.0>}
x[4,0]{6  <0.7499141480698025>, 2  <0.25008585193019744>}
x[4,1]{6  <0.167155105973145>, 2  <0.8328448940268549>}
x[4,2]{4  <1.0>}
x[4,3]{5  <1.0>}
x[4,4]{7  <1.0>}
x[4,5]{3  <1.0>}
x[4,6]{0  <1.0>}
x[4,7]{1  <1.0>}
x[5,0]{3  <1.0>}
x[5,1]{1  <1.0>}
x[5,2]{2  <1.0>}
x[5,3]{7  <1.0>}
x[5,4]{5  <1.0>}
x[5,5]{0  <1.0>}
x[5,6]{6  <1.0>}
x[5,7]{4  <1.0>}
x[6,0]{7  <1.0>}
x[6,1]{0  <1.0>}
x[6,2]{5  <1.0>}
x[6,3]{3  <1.0>}
x[6,4]{2  <1.0>}
x[6,5]{1  <1.0>}
x[6,6]{4  <1.0>}
x[6,7]{6  <1.0>}
x[7,0]{2  <0.7660423674547254>, 6  <0.23395763254527452>}
x[7,1]{2  <0.19425959062661702>, 6  <0.805740409373383>}
x[7,2]{0  <1.0>}
x[7,3]{4  <1.0>}
x[7,4]{1  <1.0>}
x[7,5]{5  <1.0>}
x[7,6]{7  <1.0>}
x[7,7]{3  <1.0>}
problem entropy = 0.7394284766540066
smallest variable entropy = 0.4513464634116048
### branching on x[4,1]=2 marginal=0.8328448940268549
##### after BP iteration 1 #####
x[0,0]{5  <1.0>}
x[0,1]{4  <1.0>}
x[0,2]{6  <1.0>}
x[0,3]{2  <1.0>}
x[0,4]{3  <1.0>}
x[0,5]{7  <1.0>}
x[0,6]{1  <1.0>}
x[0,7]{0  <1.0>}
x[1,0]{4  <1.0>}
x[1,1]{5  <1.0>}
x[1,2]{1  <1.0>}
x[1,3]{6  <1.0>}
x[1,4]{0  <1.0>}
x[1,5]{2  <1.0>}
x[1,6]{3  <1.0>}
x[1,7]{7  <1.0>}
x[2,0]{0  <1.0>}
x[2,1]{7  <1.0>}
x[2,2]{3  <1.0>}
x[2,3]{1  <1.0>}
x[2,4]{4  <1.0>}
x[2,5]{6  <1.0>}
x[2,6]{5  <1.0>}
x[2,7]{2  <1.0>}
x[3,0]{1  <1.0>}
x[3,1]{3  <1.0>}
x[3,2]{7  <1.0>}
x[3,3]{0  <1.0>}
x[3,4]{6  <1.0>}
x[3,5]{4  <1.0>}
x[3,6]{2  <1.0>}
x[3,7]{5  <1.0>}
x[4,0]{6  <1.0>}
x[4,1]{2  <1.0>}
x[4,2]{4  <1.0>}
x[4,3]{5  <1.0>}
x[4,4]{7  <1.0>}
x[4,5]{3  <1.0>}
x[4,6]{0  <1.0>}
x[4,7]{1  <1.0>}
x[5,0]{3  <1.0>}
x[5,1]{1  <1.0>}
x[5,2]{2  <1.0>}
x[5,3]{7  <1.0>}
x[5,4]{5  <1.0>}
x[5,5]{0  <1.0>}
x[5,6]{6  <1.0>}
x[5,7]{4  <1.0>}
x[6,0]{7  <1.0>}
x[6,1]{0  <1.0>}
x[6,2]{5  <1.0>}
x[6,3]{3  <1.0>}
x[6,4]{2  <1.0>}
x[6,5]{1  <1.0>}
x[6,6]{4  <1.0>}
x[6,7]{6  <1.0>}
x[7,0]{2  <1.0>}
x[7,1]{6  <1.0>}
x[7,2]{0  <1.0>}
x[7,3]{4  <1.0>}
x[7,4]{1  <1.0>}
x[7,5]{5  <1.0>}
x[7,6]{7  <1.0>}
x[7,7]{3  <1.0>}
problem entropy = 0.0
smallest variable entropy = 1.7976931348623157E308
### branching on x[4,1]!=2
##### after BP iteration 1 #####
x[0,0]{5  <1.0>}
x[0,1]{4  <1.0>}
x[0,2]{6  <1.0>}
x[0,3]{2  <1.0>}
x[0,4]{3  <1.0>}
x[0,5]{7  <1.0>}
x[0,6]{1  <1.0>}
x[0,7]{0  <1.0>}
x[1,0]{4  <1.0>}
x[1,1]{5  <1.0>}
x[1,2]{1  <1.0>}
x[1,3]{6  <1.0>}
x[1,4]{0  <1.0>}
x[1,5]{2  <1.0>}
x[1,6]{3  <1.0>}
x[1,7]{7  <1.0>}
x[2,0]{0  <1.0>}
x[2,1]{7  <1.0>}
x[2,2]{3  <1.0>}
x[2,3]{1  <1.0>}
x[2,4]{4  <1.0>}
x[2,5]{6  <1.0>}
x[2,6]{5  <1.0>}
x[2,7]{2  <1.0>}
x[3,0]{1  <1.0>}
x[3,1]{3  <1.0>}
x[3,2]{7  <1.0>}
x[3,3]{0  <1.0>}
x[3,4]{6  <1.0>}
x[3,5]{4  <1.0>}
x[3,6]{2  <1.0>}
x[3,7]{5  <1.0>}
x[4,0]{2  <1.0>}
x[4,1]{6  <1.0>}
x[4,2]{4  <1.0>}
x[4,3]{5  <1.0>}
x[4,4]{7  <1.0>}
x[4,5]{3  <1.0>}
x[4,6]{0  <1.0>}
x[4,7]{1  <1.0>}
x[5,0]{3  <1.0>}
x[5,1]{1  <1.0>}
x[5,2]{2  <1.0>}
x[5,3]{7  <1.0>}
x[5,4]{5  <1.0>}
x[5,5]{0  <1.0>}
x[5,6]{6  <1.0>}
x[5,7]{4  <1.0>}
x[6,0]{7  <1.0>}
x[6,1]{0  <1.0>}
x[6,2]{5  <1.0>}
x[6,3]{3  <1.0>}
x[6,4]{2  <1.0>}
x[6,5]{1  <1.0>}
x[6,6]{4  <1.0>}
x[6,7]{6  <1.0>}
x[7,0]{6  <1.0>}
x[7,1]{2  <1.0>}
x[7,2]{0  <1.0>}
x[7,3]{4  <1.0>}
x[7,4]{1  <1.0>}
x[7,5]{5  <1.0>}
x[7,6]{7  <1.0>}
x[7,7]{3  <1.0>}
problem entropy = 0.0
smallest variable entropy = 1.7976931348623157E308

	#choice: 10
	#fail: 0
	execution time (ms): 343
	#sols : 1
	completed : false

