{7  <8.0>}
model: sum-product-init
FINAL DAMPING FACTOR = 0.85
##### after BP iteration 1 #####
x[0,0]{7  <1.0>}
x[0,1]{0  <0.27835189657485876>, 2  <0.7216481034251414>}
x[0,2]{0  <0.3576502791258689>, 3  <0.47871662034857226>, 2  <0.16363310052555893>}
x[0,3]{4  <1.0>}
x[0,4]{6  <1.0>}
x[0,5]{5  <1.0>}
x[0,6]{0  <0.33025164564745274>, 3  <0.5144261187530462>, 2  <0.15532223559950098>}
x[0,7]{1  <1.0>}
x[1,0]{2  <1.0>}
x[1,1]{1  <1.0>}
x[1,2]{7  <1.0>}
x[1,3]{6  <1.0>}
x[1,4]{5  <1.0>}
x[1,5]{0  <1.0>}
x[1,6]{4  <1.0>}
x[1,7]{3  <1.0>}
x[2,0]{1  <1.0>}
x[2,1]{0  <0.3272539936201222>, 6  <0.5581524599074812>, 2  <0.11397545442502971>, 4  <6.180920473669603E-4>}
x[2,2]{0  <0.07482982772966017>, 6  <0.3528132654994867>, 2  <0.23901680016431653>, 3  <0.33334010660653646>}
x[2,3]{7  <1.0>}
x[2,4]{3  <0.4882249452401764>, 2  <0.5117750547598235>}
x[2,5]{4  <0.9995164499016111>, 2  <4.835500983888749E-4>}
x[2,6]{0  <0.6063720558532895>, 6  <0.10555381951052045>, 2  <0.10694941932568935>, 3  <0.1811247053105007>}
x[2,7]{5  <1.0>}
x[3,0]{6  <1.0>}
x[3,1]{7  <1.0>}
x[3,2]{4  <1.0>}
x[3,3]{0  <1.0>}
x[3,4]{1  <1.0>}
x[3,5]{3  <1.0>}
x[3,6]{5  <1.0>}
x[3,7]{2  <1.0>}
x[4,0]{4  <1.0>}
x[4,1]{3  <1.0>}
x[4,2]{6  <0.5226623273093439>, 2  <0.47733767269065613>}
x[4,3]{5  <1.0>}
x[4,4]{0  <1.0>}
x[4,5]{2  <0.002019019464454942>, 1  <0.9979809805355451>}
x[4,6]{6  <0.4889584493518428>, 1  <0.0024148893158285442>, 2  <0.5086266613323286>}
x[4,7]{7  <1.0>}
x[5,0]{0  <1.0>}
x[5,1]{2  <6.324572229016492E-4>, 4  <0.9993675427770984>}
x[5,2]{5  <1.0>}
x[5,3]{3  <1.0>}
x[5,4]{7  <1.0>}
x[5,5]{4  <4.93570372436116E-4>, 1  <0.002126092030705029>, 2  <0.997380337596859>}
x[5,6]{2  <0.0024101343477749386>, 1  <0.9975898656522251>}
x[5,7]{6  <1.0>}
x[6,0]{5  <1.0>}
x[6,1]{0  <0.39803988179580935>, 6  <0.46310521515622727>, 2  <0.13885490304796352>}
x[6,2]{0  <0.5651573420251671>, 6  <0.10225520634951071>, 2  <0.1288088612943577>, 3  <0.20377859033096443>}
x[6,3]{1  <1.0>}
x[6,4]{2  <0.48818241971266263>, 3  <0.5118175802873374>}
x[6,5]{7  <1.0>}
x[6,6]{0  <0.07387368009830471>, 6  <0.40902353231597866>, 2  <0.2197878600296348>, 3  <0.2973149275560819>}
x[6,7]{4  <1.0>}
x[7,0]{3  <1.0>}
x[7,1]{5  <1.0>}
x[7,2]{1  <1.0>}
x[7,3]{2  <1.0>}
x[7,4]{4  <1.0>}
x[7,5]{6  <1.0>}
x[7,6]{7  <1.0>}
x[7,7]{0  <1.0>}
problem entropy = 0.6346193498838795
smallest variable entropy = 0.004175026586339981
##### after BP iteration 2 #####
x[0,0]{7  <1.0>}
x[0,1]{0  <0.27224945352035507>, 2  <0.7277505464796449>}
x[0,2]{0  <0.3697685745055313>, 3  <0.48452853945154994>, 2  <0.14570288604291876>}
x[0,3]{4  <1.0>}
x[0,4]{6  <1.0>}
x[0,5]{5  <1.0>}
x[0,6]{0  <0.318174889047168>, 3  <0.5506413395085826>, 2  <0.1311837714442492>}
x[0,7]{1  <1.0>}
x[1,0]{2  <1.0>}
x[1,1]{1  <1.0>}
x[1,2]{7  <1.0>}
x[1,3]{6  <1.0>}
x[1,4]{5  <1.0>}
x[1,5]{0  <1.0>}
x[1,6]{4  <1.0>}
x[1,7]{3  <1.0>}
x[2,0]{1  <1.0>}
x[2,1]{0  <0.32980604988128503>, 6  <0.536330780747513>, 2  <0.13348414264986078>, 4  <3.790267213413823E-4>}
x[2,2]{0  <0.07449799439081063>, 6  <0.3655363462984503>, 2  <0.2489899243723756>, 3  <0.31097573493836345>}
x[2,3]{7  <1.0>}
x[2,4]{3  <0.4973355265322171>, 2  <0.5026644734677829>}
x[2,5]{4  <0.9996006192008217>, 2  <3.9938079917835594E-4>}
x[2,6]{0  <0.6198433090265404>, 6  <0.09764249828219838>, 2  <0.10582104467240624>, 3  <0.17669314801885508>}
x[2,7]{5  <1.0>}
x[3,0]{6  <1.0>}
x[3,1]{7  <1.0>}
x[3,2]{4  <1.0>}
x[3,3]{0  <1.0>}
x[3,4]{1  <1.0>}
x[3,5]{3  <1.0>}
x[3,6]{5  <1.0>}
x[3,7]{2  <1.0>}
x[4,0]{4  <1.0>}
x[4,1]{3  <1.0>}
x[4,2]{6  <0.5200343529791481>, 2  <0.4799656470208519>}
x[4,3]{5  <1.0>}
x[4,4]{0  <1.0>}
x[4,5]{2  <0.0013534729059100285>, 1  <0.99864652709409>}
x[4,6]{6  <0.46039161895593844>, 1  <0.0012637224888977431>, 2  <0.5383446585551638>}
x[4,7]{7  <1.0>}
x[5,0]{0  <1.0>}
x[5,1]{2  <2.3349371403080655E-4>, 4  <0.9997665062859692>}
x[5,2]{5  <1.0>}
x[5,3]{3  <1.0>}
x[5,4]{7  <1.0>}
x[5,5]{4  <2.4153301082001472E-4>, 1  <0.0016873984838826645>, 2  <0.9980710685052973>}
x[5,6]{2  <0.0016211769309054356>, 1  <0.9983788230690945>}
x[5,7]{6  <1.0>}
x[6,0]{5  <1.0>}
x[6,1]{0  <0.3717150740651045>, 6  <0.4737146341094249>, 2  <0.15457029182547063>}
x[6,2]{0  <0.568973868210868>, 6  <0.10969707189503>, 2  <0.13251210026273036>, 3  <0.1888169596313716>}
x[6,3]{1  <1.0>}
x[6,4]{2  <0.4805640217190265>, 3  <0.5194359782809735>}
x[6,5]{7  <1.0>}
x[6,6]{0  <0.06517461146509157>, 6  <0.4339497498781101>, 2  <0.23399643013509436>, 3  <0.266879208521704>}
x[6,7]{4  <1.0>}
x[7,0]{3  <1.0>}
x[7,1]{5  <1.0>}
x[7,2]{1  <1.0>}
x[7,3]{2  <1.0>}
x[7,4]{4  <1.0>}
x[7,5]{6  <1.0>}
x[7,6]{7  <1.0>}
x[7,7]{0  <1.0>}
problem entropy = 0.6299291139888857
smallest variable entropy = 0.002186023873076744
##### after BP iteration 3 #####
x[0,0]{7  <1.0>}
x[0,1]{0  <0.2924554459798176>, 2  <0.7075445540201825>}
x[0,2]{0  <0.3914479083899512>, 3  <0.4666438599143588>, 2  <0.14190823169569006>}
x[0,3]{4  <1.0>}
x[0,4]{6  <1.0>}
x[0,5]{5  <1.0>}
x[0,6]{0  <0.32288618741933917>, 3  <0.5576532955534148>, 2  <0.1194605170272461>}
x[0,7]{1  <1.0>}
x[1,0]{2  <1.0>}
x[1,1]{1  <1.0>}
x[1,2]{7  <1.0>}
x[1,3]{6  <1.0>}
x[1,4]{5  <1.0>}
x[1,5]{0  <1.0>}
x[1,6]{4  <1.0>}
x[1,7]{3  <1.0>}
x[2,0]{1  <1.0>}
x[2,1]{0  <0.3332996608760156>, 6  <0.5175573998151007>, 2  <0.14895868007340457>, 4  <1.8425923547919304E-4>}
x[2,2]{0  <0.07066588425203627>, 6  <0.3738425550681561>, 2  <0.2480930525365048>, 3  <0.30739850814330283>}
x[2,3]{7  <1.0>}
x[2,4]{3  <0.4992835021390589>, 2  <0.5007164978609411>}
x[2,5]{4  <0.9997867250136704>, 2  <2.1327498632963768E-4>}
x[2,6]{0  <0.610088086996312>, 6  <0.09528246196557061>, 2  <0.10596814536732967>, 3  <0.18866130567078784>}
x[2,7]{5  <1.0>}
x[3,0]{6  <1.0>}
x[3,1]{7  <1.0>}
x[3,2]{4  <1.0>}
x[3,3]{0  <1.0>}
x[3,4]{1  <1.0>}
x[3,5]{3  <1.0>}
x[3,6]{5  <1.0>}
x[3,7]{2  <1.0>}
x[4,0]{4  <1.0>}
x[4,1]{3  <1.0>}
x[4,2]{6  <0.5368085447203823>, 2  <0.46319145527961775>}
x[4,3]{5  <1.0>}
x[4,4]{0  <1.0>}
x[4,5]{2  <9.87605198638784E-4>, 1  <0.9990123948013612>}
x[4,6]{6  <0.45473178573325895>, 1  <8.79229756889635E-4>, 2  <0.5443889845098514>}
x[4,7]{7  <1.0>}
x[5,0]{0  <1.0>}
x[5,1]{2  <1.3956893037427037E-4>, 4  <0.9998604310696256>}
x[5,2]{5  <1.0>}
x[5,3]{3  <1.0>}
x[5,4]{7  <1.0>}
x[5,5]{4  <1.6609449014029205E-4>, 1  <0.001069876653112392>, 2  <0.9987640288567473>}
x[5,6]{2  <9.404226969277089E-4>, 1  <0.9990595773030723>}
x[5,7]{6  <1.0>}
x[6,0]{5  <1.0>}
x[6,1]{0  <0.36774870094049644>, 6  <0.46865475317733346>, 2  <0.16359654588216999>}
x[6,2]{0  <0.5558020154346951>, 6  <0.10846467981913945>, 2  <0.13690985334001435>, 3  <0.1988234514061511>}
x[6,3]{1  <1.0>}
x[6,4]{2  <0.470601875672323>, 3  <0.5293981243276771>}
x[6,5]{7  <1.0>}
x[6,6]{0  <0.0621136634900059>, 6  <0.44632919960029577>, 2  <0.23621723202965558>, 3  <0.2553399048800429>}
x[6,7]{4  <1.0>}
x[7,0]{3  <1.0>}
x[7,1]{5  <1.0>}
x[7,2]{1  <1.0>}
x[7,3]{2  <1.0>}
x[7,4]{4  <1.0>}
x[7,5]{6  <1.0>}
x[7,6]{7  <1.0>}
x[7,7]{0  <1.0>}
problem entropy = 0.6308910746046701
smallest variable entropy = 0.0013785058794088987
##### after BP iteration 4 #####
x[0,0]{7  <1.0>}
x[0,1]{0  <0.30074546481957415>, 2  <0.6992545351804259>}
x[0,2]{0  <0.39588883287289184>, 3  <0.4499134745174243>, 2  <0.1541976926096838>}
x[0,3]{4  <1.0>}
x[0,4]{6  <1.0>}
x[0,5]{5  <1.0>}
x[0,6]{0  <0.3301150853298852>, 3  <0.5449692221833158>, 2  <0.12491569248679904>}
x[0,7]{1  <1.0>}
x[1,0]{2  <1.0>}
x[1,1]{1  <1.0>}
x[1,2]{7  <1.0>}
x[1,3]{6  <1.0>}
x[1,4]{5  <1.0>}
x[1,5]{0  <1.0>}
x[1,6]{4  <1.0>}
x[1,7]{3  <1.0>}
x[2,0]{1  <1.0>}
x[2,1]{0  <0.3273246934917441>, 6  <0.5241915508720449>, 2  <0.14839973059806738>, 4  <8.402503814340717E-5>}
x[2,2]{0  <0.06749819088643554>, 6  <0.36740671232599675>, 2  <0.2446749228215629>, 3  <0.3204201739660049>}
x[2,3]{7  <1.0>}
x[2,4]{3  <0.48254512497750657>, 2  <0.5174548750224935>}
x[2,5]{4  <0.9999102979455134>, 2  <8.970205448654208E-5>}
x[2,6]{0  <0.5953852481474358>, 6  <0.09761183953898829>, 2  <0.10732514172441412>, 3  <0.19967777058916178>}
x[2,7]{5  <1.0>}
x[3,0]{6  <1.0>}
x[3,1]{7  <1.0>}
x[3,2]{4  <1.0>}
x[3,3]{0  <1.0>}
x[3,4]{1  <1.0>}
x[3,5]{3  <1.0>}
x[3,6]{5  <1.0>}
x[3,7]{2  <1.0>}
x[4,0]{4  <1.0>}
x[4,1]{3  <1.0>}
x[4,2]{6  <0.5450430141640286>, 2  <0.45495698583597155>}
x[4,3]{5  <1.0>}
x[4,4]{0  <1.0>}
x[4,5]{2  <6.837236603785661E-4>, 1  <0.9993162763396214>}
x[4,6]{6  <0.45686678019003063>, 1  <6.729369167503346E-4>, 2  <0.5424602828932191>}
x[4,7]{7  <1.0>}
x[5,0]{0  <1.0>}
x[5,1]{2  <1.0828620253572651E-4>, 4  <0.9998917137974643>}
x[5,2]{5  <1.0>}
x[5,3]{3  <1.0>}
x[5,4]{7  <1.0>}
x[5,5]{4  <1.1260082908492413E-4>, 1  <5.947098709062137E-4>, 2  <0.9992926893000088>}
x[5,6]{2  <5.88107167868354E-4>, 1  <0.9994118928321317>}
x[5,7]{6  <1.0>}
x[6,0]{5  <1.0>}
x[6,1]{0  <0.37668015599715304>, 6  <0.45889641237407586>, 2  <0.16442343162877107>}
x[6,2]{0  <0.5372781260635227>, 6  <0.10318976685992538>, 2  <0.14337318513281974>, 3  <0.21615892194373226>}
x[6,3]{1  <1.0>}
x[6,4]{2  <0.4736317145356102>, 3  <0.5263682854643899>}
x[6,5]{7  <1.0>}
x[6,6]{0  <0.0641509711190222>, 6  <0.445309024509416>, 2  <0.23220088632444164>, 3  <0.2583391180471201>}
x[6,7]{4  <1.0>}
x[7,0]{3  <1.0>}
x[7,1]{5  <1.0>}
x[7,2]{1  <1.0>}
x[7,3]{2  <1.0>}
x[7,4]{4  <1.0>}
x[7,5]{6  <1.0>}
x[7,6]{7  <1.0>}
x[7,7]{0  <1.0>}
problem entropy = 0.6333048304979063
smallest variable entropy = 9.256329915330078E-4
### branching on x[2,5]=4 marginal=0.9999102979455134
### branching on x[5,6]=1 marginal=0.9994118928321317
##### after BP iteration 1 #####
x[0,0]{7  <1.0>}
x[0,1]{0  <0.29604329767603216>, 2  <0.7039567023239679>}
x[0,2]{0  <0.38824049473674876>, 3  <0.449515154025818>, 2  <0.16224435123743322>}
x[0,3]{4  <1.0>}
x[0,4]{6  <1.0>}
x[0,5]{5  <1.0>}
x[0,6]{0  <0.3311220688012528>, 3  <0.5379942077196178>, 2  <0.13088372347912955>}
x[0,7]{1  <1.0>}
x[1,0]{2  <1.0>}
x[1,1]{1  <1.0>}
x[1,2]{7  <1.0>}
x[1,3]{6  <1.0>}
x[1,4]{5  <1.0>}
x[1,5]{0  <1.0>}
x[1,6]{4  <1.0>}
x[1,7]{3  <1.0>}
x[2,0]{1  <1.0>}
x[2,1]{0  <0.31968657318065324>, 6  <0.5482454745760446>, 2  <0.13206795224330217>}
x[2,2]{0  <0.06858925574852319>, 6  <0.3534446176215111>, 2  <0.23785157010197397>, 3  <0.34011455652799166>}
x[2,3]{7  <1.0>}
x[2,4]{3  <0.4665202066389888>, 2  <0.5334797933610113>}
x[2,5]{4  <1.0>}
x[2,6]{0  <0.6015683011108703>, 6  <0.09962822631281648>, 2  <0.10109205317296603>, 3  <0.19771141940334722>}
x[2,7]{5  <1.0>}
x[3,0]{6  <1.0>}
x[3,1]{7  <1.0>}
x[3,2]{4  <1.0>}
x[3,3]{0  <1.0>}
x[3,4]{1  <1.0>}
x[3,5]{3  <1.0>}
x[3,6]{5  <1.0>}
x[3,7]{2  <1.0>}
x[4,0]{4  <1.0>}
x[4,1]{3  <1.0>}
x[4,2]{6  <0.544248812405736>, 2  <0.4557511875942639>}
x[4,3]{5  <1.0>}
x[4,4]{0  <1.0>}
x[4,5]{1  <1.0>}
x[4,6]{6  <0.46044798767108397>, 2  <0.5395520123289159>}
x[4,7]{7  <1.0>}
x[5,0]{0  <1.0>}
x[5,1]{4  <1.0>}
x[5,2]{5  <1.0>}
x[5,3]{3  <1.0>}
x[5,4]{7  <1.0>}
x[5,5]{2  <1.0>}
x[5,6]{1  <1.0>}
x[5,7]{6  <1.0>}
x[6,0]{5  <1.0>}
x[6,1]{0  <0.39370494398038586>, 6  <0.45072070666841924>, 2  <0.1555743493511949>}
x[6,2]{0  <0.5352170946441839>, 6  <0.09925376386040724>, 2  <0.14211051875626157>, 3  <0.2234186227391473>}
x[6,3]{1  <1.0>}
x[6,4]{2  <0.47822050554500284>, 3  <0.5217794944549973>}
x[6,5]{7  <1.0>}
x[6,6]{0  <0.06881132079693299>, 6  <0.44432825509469576>, 2  <0.22235926243096907>, 3  <0.2645011616774022>}
x[6,7]{4  <1.0>}
x[7,0]{3  <1.0>}
x[7,1]{5  <1.0>}
x[7,2]{1  <1.0>}
x[7,3]{2  <1.0>}
x[7,4]{4  <1.0>}
x[7,5]{6  <1.0>}
x[7,6]{7  <1.0>}
x[7,7]{0  <1.0>}
problem entropy = 0.9153558936011686
smallest variable entropy = 0.6074744271938411
##### after BP iteration 2 #####
x[0,0]{7  <1.0>}
x[0,1]{0  <0.2805810428397839>, 2  <0.7194189571602162>}
x[0,2]{0  <0.3832503190645801>, 3  <0.45153765021119824>, 2  <0.16521203072422164>}
x[0,3]{4  <1.0>}
x[0,4]{6  <1.0>}
x[0,5]{5  <1.0>}
x[0,6]{0  <0.3234319050436476>, 3  <0.5439102162981779>, 2  <0.13265787865817455>}
x[0,7]{1  <1.0>}
x[1,0]{2  <1.0>}
x[1,1]{1  <1.0>}
x[1,2]{7  <1.0>}
x[1,3]{6  <1.0>}
x[1,4]{5  <1.0>}
x[1,5]{0  <1.0>}
x[1,6]{4  <1.0>}
x[1,7]{3  <1.0>}
x[2,0]{1  <1.0>}
x[2,1]{0  <0.31202953546564294>, 6  <0.567298917535139>, 2  <0.12067154699921816>}
x[2,2]{0  <0.07054446944181261>, 6  <0.3425611877610769>, 2  <0.23686143425745756>, 3  <0.35003290853965285>}
x[2,3]{7  <1.0>}
x[2,4]{3  <0.45979186821154405>, 2  <0.5402081317884561>}
x[2,5]{4  <1.0>}
x[2,6]{0  <0.615152601873727>, 6  <0.09933717953147214>, 2  <0.09528694282512315>, 3  <0.19022327576967774>}
x[2,7]{5  <1.0>}
x[3,0]{6  <1.0>}
x[3,1]{7  <1.0>}
x[3,2]{4  <1.0>}
x[3,3]{0  <1.0>}
x[3,4]{1  <1.0>}
x[3,5]{3  <1.0>}
x[3,6]{5  <1.0>}
x[3,7]{2  <1.0>}
x[4,0]{4  <1.0>}
x[4,1]{3  <1.0>}
x[4,2]{6  <0.543342102460182>, 2  <0.45665789753981806>}
x[4,3]{5  <1.0>}
x[4,4]{0  <1.0>}
x[4,5]{1  <1.0>}
x[4,6]{6  <0.45567236811661366>, 2  <0.5443276318833864>}
x[4,7]{7  <1.0>}
x[5,0]{0  <1.0>}
x[5,1]{4  <1.0>}
x[5,2]{5  <1.0>}
x[5,3]{3  <1.0>}
x[5,4]{7  <1.0>}
x[5,5]{2  <1.0>}
x[5,6]{1  <1.0>}
x[5,7]{6  <1.0>}
x[6,0]{5  <1.0>}
x[6,1]{0  <0.40456656784216627>, 6  <0.44316818042379136>, 2  <0.15226525173404248>}
x[6,2]{0  <0.5389163305682827>, 6  <0.10046644872139855>, 2  <0.14225136853130294>, 3  <0.21836585217901583>}
x[6,3]{1  <1.0>}
x[6,4]{2  <0.4782732013689722>, 3  <0.5217267986310278>}
x[6,5]{7  <1.0>}
x[6,6]{0  <0.06944513564940487>, 6  <0.4477597719528688>, 2  <0.219515929168314>, 3  <0.2632791632294123>}
x[6,7]{4  <1.0>}
x[7,0]{3  <1.0>}
x[7,1]{5  <1.0>}
x[7,2]{1  <1.0>}
x[7,3]{2  <1.0>}
x[7,4]{4  <1.0>}
x[7,5]{6  <1.0>}
x[7,6]{7  <1.0>}
x[7,7]{0  <1.0>}
problem entropy = 0.9108943256293685
smallest variable entropy = 0.5935012531279094
##### after BP iteration 3 #####
x[0,0]{7  <1.0>}
x[0,1]{0  <0.27657432394901854>, 2  <0.7234256760509814>}
x[0,2]{0  <0.3925315744942806>, 3  <0.44422435023531076>, 2  <0.1632440752704086>}
x[0,3]{4  <1.0>}
x[0,4]{6  <1.0>}
x[0,5]{5  <1.0>}
x[0,6]{0  <0.31630692886367245>, 3  <0.5559304673428684>, 2  <0.12776260379345913>}
x[0,7]{1  <1.0>}
x[1,0]{2  <1.0>}
x[1,1]{1  <1.0>}
x[1,2]{7  <1.0>}
x[1,3]{6  <1.0>}
x[1,4]{5  <1.0>}
x[1,5]{0  <1.0>}
x[1,6]{4  <1.0>}
x[1,7]{3  <1.0>}
x[2,0]{1  <1.0>}
x[2,1]{0  <0.30985255008320856>, 6  <0.570952446588965>, 2  <0.11919500332782638>}
x[2,2]{0  <0.07151272452674>, 6  <0.33676321250526087>, 2  <0.24095070408665836>, 3  <0.3507733588813408>}
x[2,3]{7  <1.0>}
x[2,4]{3  <0.463995694917121>, 2  <0.536004305082879>}
x[2,5]{4  <1.0>}
x[2,6]{0  <0.6227810366058023>, 6  <0.09750292885886884>, 2  <0.09374523162081518>, 3  <0.18597080291451365>}
x[2,7]{5  <1.0>}
x[3,0]{6  <1.0>}
x[3,1]{7  <1.0>}
x[3,2]{4  <1.0>}
x[3,3]{0  <1.0>}
x[3,4]{1  <1.0>}
x[3,5]{3  <1.0>}
x[3,6]{5  <1.0>}
x[3,7]{2  <1.0>}
x[4,0]{4  <1.0>}
x[4,1]{3  <1.0>}
x[4,2]{6  <0.5520074183594835>, 2  <0.4479925816405165>}
x[4,3]{5  <1.0>}
x[4,4]{0  <1.0>}
x[4,5]{1  <1.0>}
x[4,6]{6  <0.44814790574578445>, 2  <0.5518520942542156>}
x[4,7]{7  <1.0>}
x[5,0]{0  <1.0>}
x[5,1]{4  <1.0>}
x[5,2]{5  <1.0>}
x[5,3]{3  <1.0>}
x[5,4]{7  <1.0>}
x[5,5]{2  <1.0>}
x[5,6]{1  <1.0>}
x[5,7]{6  <1.0>}
x[6,0]{5  <1.0>}
x[6,1]{0  <0.4093909134353717>, 6  <0.43487415601444435>, 2  <0.15573493055018403>}
x[6,2]{0  <0.5360392136383059>, 6  <0.10454282308018936>, 2  <0.14732289907925558>, 3  <0.21209506420224902>}
x[6,3]{1  <1.0>}
x[6,4]{2  <0.4678827355415218>, 3  <0.5321172644584782>}
x[6,5]{7  <1.0>}
x[6,6]{0  <0.06639083333923783>, 6  <0.4554531939391315>, 2  <0.22235435244500512>, 3  <0.25580162027662556>}
x[6,7]{4  <1.0>}
x[7,0]{3  <1.0>}
x[7,1]{5  <1.0>}
x[7,2]{1  <1.0>}
x[7,3]{2  <1.0>}
x[7,4]{4  <1.0>}
x[7,5]{6  <1.0>}
x[7,6]{7  <1.0>}
x[7,7]{0  <1.0>}
problem entropy = 0.9088119773639656
smallest variable entropy = 0.5896887195401058
##### after BP iteration 4 #####
x[0,0]{7  <1.0>}
x[0,1]{0  <0.2833723396693402>, 2  <0.7166276603306598>}
x[0,2]{0  <0.4063176425685399>, 3  <0.4312900614803176>, 2  <0.16239229595114255>}
x[0,3]{4  <1.0>}
x[0,4]{6  <1.0>}
x[0,5]{5  <1.0>}
x[0,6]{0  <0.31011956889336395>, 3  <0.5689682050585043>, 2  <0.12091222604813175>}
x[0,7]{1  <1.0>}
x[1,0]{2  <1.0>}
x[1,1]{1  <1.0>}
x[1,2]{7  <1.0>}
x[1,3]{6  <1.0>}
x[1,4]{5  <1.0>}
x[1,5]{0  <1.0>}
x[1,6]{4  <1.0>}
x[1,7]{3  <1.0>}
x[2,0]{1  <1.0>}
x[2,1]{0  <0.30794660560111037>, 6  <0.5685103028994314>, 2  <0.12354309149945826>}
x[2,2]{0  <0.07150417515374077>, 6  <0.33215859899290334>, 2  <0.2460366036459548>, 3  <0.35030062220740105>}
x[2,3]{7  <1.0>}
x[2,4]{3  <0.4650142400204143>, 2  <0.5349857599795856>}
x[2,5]{4  <1.0>}
x[2,6]{0  <0.6231920206151513>, 6  <0.09602821216104672>, 2  <0.09423533620540771>, 3  <0.18654443101839419>}
x[2,7]{5  <1.0>}
x[3,0]{6  <1.0>}
x[3,1]{7  <1.0>}
x[3,2]{4  <1.0>}
x[3,3]{0  <1.0>}
x[3,4]{1  <1.0>}
x[3,5]{3  <1.0>}
x[3,6]{5  <1.0>}
x[3,7]{2  <1.0>}
x[4,0]{4  <1.0>}
x[4,1]{3  <1.0>}
x[4,2]{6  <0.5629407274595932>, 2  <0.43705927254040683>}
x[4,3]{5  <1.0>}
x[4,4]{0  <1.0>}
x[4,5]{1  <1.0>}
x[4,6]{6  <0.43715091283566415>, 2  <0.5628490871643358>}
x[4,7]{7  <1.0>}
x[5,0]{0  <1.0>}
x[5,1]{4  <1.0>}
x[5,2]{5  <1.0>}
x[5,3]{3  <1.0>}
x[5,4]{7  <1.0>}
x[5,5]{2  <1.0>}
x[5,6]{1  <1.0>}
x[5,7]{6  <1.0>}
x[6,0]{5  <1.0>}
x[6,1]{0  <0.4088898012439287>, 6  <0.4286451462107412>, 2  <0.1624650525453301>}
x[6,2]{0  <0.5242958545928688>, 6  <0.10803099483177397>, 2  <0.1563954801510289>, 3  <0.21127767042432846>}
x[6,3]{1  <1.0>}
x[6,4]{2  <0.4583564849536946>, 3  <0.5416435150463054>}
x[6,5]{7  <1.0>}
x[6,6]{0  <0.06332053977329552>, 6  <0.46632558178390404>, 2  <0.22600576057498775>, 3  <0.24434811786781271>}
x[6,7]{4  <1.0>}
x[7,0]{3  <1.0>}
x[7,1]{5  <1.0>}
x[7,2]{1  <1.0>}
x[7,3]{2  <1.0>}
x[7,4]{4  <1.0>}
x[7,5]{6  <1.0>}
x[7,6]{7  <1.0>}
x[7,7]{0  <1.0>}
problem entropy = 0.9090823627172416
smallest variable entropy = 0.5961102254432173
##### after BP iteration 5 #####
x[0,0]{7  <1.0>}
x[0,1]{0  <0.290008514094245>, 2  <0.709991485905755>}
x[0,2]{0  <0.4151314476919112>, 3  <0.42079940802173044>, 2  <0.16406914428635846>}
x[0,3]{4  <1.0>}
x[0,4]{6  <1.0>}
x[0,5]{5  <1.0>}
x[0,6]{0  <0.30412720649986996>, 3  <0.5804718452646065>, 2  <0.11540094823552345>}
x[0,7]{1  <1.0>}
x[1,0]{2  <1.0>}
x[1,1]{1  <1.0>}
x[1,2]{7  <1.0>}
x[1,3]{6  <1.0>}
x[1,4]{5  <1.0>}
x[1,5]{0  <1.0>}
x[1,6]{4  <1.0>}
x[1,7]{3  <1.0>}
x[2,0]{1  <1.0>}
x[2,1]{0  <0.30234781762101004>, 6  <0.5727451742463106>, 2  <0.12490700813267941>}
x[2,2]{0  <0.07158959455908327>, 6  <0.32592115491447543>, 2  <0.24628154280951275>, 3  <0.3562077077169285>}
x[2,3]{7  <1.0>}
x[2,4]{3  <0.45928275288389286>, 2  <0.5407172471161071>}
x[2,5]{4  <1.0>}
x[2,6]{0  <0.6275948628631407>, 6  <0.0948181281367759>, 2  <0.09110835473766528>, 3  <0.18647865426241825>}
x[2,7]{5  <1.0>}
x[3,0]{6  <1.0>}
x[3,1]{7  <1.0>}
x[3,2]{4  <1.0>}
x[3,3]{0  <1.0>}
x[3,4]{1  <1.0>}
x[3,5]{3  <1.0>}
x[3,6]{5  <1.0>}
x[3,7]{2  <1.0>}
x[4,0]{4  <1.0>}
x[4,1]{3  <1.0>}
x[4,2]{6  <0.5723101498543524>, 2  <0.42768985014564764>}
x[4,3]{5  <1.0>}
x[4,4]{0  <1.0>}
x[4,5]{1  <1.0>}
x[4,6]{6  <0.4265884318213284>, 2  <0.5734115681786716>}
x[4,7]{7  <1.0>}
x[5,0]{0  <1.0>}
x[5,1]{4  <1.0>}
x[5,2]{5  <1.0>}
x[5,3]{3  <1.0>}
x[5,4]{7  <1.0>}
x[5,5]{2  <1.0>}
x[5,6]{1  <1.0>}
x[5,7]{6  <1.0>}
x[6,0]{5  <1.0>}
x[6,1]{0  <0.41181442944867164>, 6  <0.42171823754308574>, 2  <0.1664673330082426>}
x[6,2]{0  <0.5148628230857087>, 6  <0.10775223014028347>, 2  <0.16236066196896726>, 3  <0.2150242848050407>}
x[6,3]{1  <1.0>}
x[6,4]{2  <0.4520490031591754>, 3  <0.5479509968408245>}
x[6,5]{7  <1.0>}
x[6,6]{0  <0.0631974373866015>, 6  <0.47825626144408173>, 2  <0.22430276568336285>, 3  <0.2342435354859539>}
x[6,7]{4  <1.0>}
x[7,0]{3  <1.0>}
x[7,1]{5  <1.0>}
x[7,2]{1  <1.0>}
x[7,3]{2  <1.0>}
x[7,4]{4  <1.0>}
x[7,5]{6  <1.0>}
x[7,6]{7  <1.0>}
x[7,7]{0  <1.0>}
problem entropy = 0.9079755358153956
smallest variable entropy = 0.6021593058008115
##### after BP iteration 6 #####
x[0,0]{7  <1.0>}
x[0,1]{0  <0.28752087926155934>, 2  <0.7124791207384408>}
x[0,2]{0  <0.4181381818640462>, 3  <0.41293681012864064>, 2  <0.16892500800731308>}
x[0,3]{4  <1.0>}
x[0,4]{6  <1.0>}
x[0,5]{5  <1.0>}
x[0,6]{0  <0.29740619946966573>, 3  <0.5898897080778277>, 2  <0.11270409245250655>}
x[0,7]{1  <1.0>}
x[1,0]{2  <1.0>}
x[1,1]{1  <1.0>}
x[1,2]{7  <1.0>}
x[1,3]{6  <1.0>}
x[1,4]{5  <1.0>}
x[1,5]{0  <1.0>}
x[1,6]{4  <1.0>}
x[1,7]{3  <1.0>}
x[2,0]{1  <1.0>}
x[2,1]{0  <0.29190334636875237>, 6  <0.5871372144212311>, 2  <0.1209594392100165>}
x[2,2]{0  <0.07150009232165357>, 6  <0.31629049577109>, 2  <0.24475075678796848>, 3  <0.367458655119288>}
x[2,3]{7  <1.0>}
x[2,4]{3  <0.44884526102260897>, 2  <0.5511547389773909>}
x[2,5]{4  <1.0>}
x[2,6]{0  <0.6376025600707798>, 6  <0.09360836644370964>, 2  <0.08544960941902943>, 3  <0.18333946406648122>}
x[2,7]{5  <1.0>}
x[3,0]{6  <1.0>}
x[3,1]{7  <1.0>}
x[3,2]{4  <1.0>}
x[3,3]{0  <1.0>}
x[3,4]{1  <1.0>}
x[3,5]{3  <1.0>}
x[3,6]{5  <1.0>}
x[3,7]{2  <1.0>}
x[4,0]{4  <1.0>}
x[4,1]{3  <1.0>}
x[4,2]{6  <0.5802998672303525>, 2  <0.4197001327696474>}
x[4,3]{5  <1.0>}
x[4,4]{0  <1.0>}
x[4,5]{1  <1.0>}
x[4,6]{6  <0.4174109407184838>, 2  <0.5825890592815162>}
x[4,7]{7  <1.0>}
x[5,0]{0  <1.0>}
x[5,1]{4  <1.0>}
x[5,2]{5  <1.0>}
x[5,3]{3  <1.0>}
x[5,4]{7  <1.0>}
x[5,5]{2  <1.0>}
x[5,6]{1  <1.0>}
x[5,7]{6  <1.0>}
x[6,0]{5  <1.0>}
x[6,1]{0  <0.4206803811202668>, 6  <0.4112328088219639>, 2  <0.16808681005776938>}
x[6,2]{0  <0.5103991338941694>, 6  <0.10514978108441499>, 2  <0.16586867186211507>, 3  <0.21858241315930063>}
x[6,3]{1  <1.0>}
x[6,4]{2  <0.4480653238436017>, 3  <0.5519346761563984>}
x[6,5]{7  <1.0>}
x[6,6]{0  <0.06428231664382258>, 6  <0.4887750464310218>, 2  <0.22015277106148312>, 3  <0.2267898658636725>}
x[6,7]{4  <1.0>}
x[7,0]{3  <1.0>}
x[7,1]{5  <1.0>}
x[7,2]{1  <1.0>}
x[7,3]{2  <1.0>}
x[7,4]{4  <1.0>}
x[7,5]{6  <1.0>}
x[7,6]{7  <1.0>}
x[7,7]{0  <1.0>}
problem entropy = 0.9044434445704131
smallest variable entropy = 0.5999169673191281
##### after BP iteration 7 #####
x[0,0]{7  <1.0>}
x[0,1]{0  <0.2829324076897313>, 2  <0.7170675923102687>}
x[0,2]{0  <0.4223149662314391>, 3  <0.40365368011545866>, 2  <0.1740313536531021>}
x[0,3]{4  <1.0>}
x[0,4]{6  <1.0>}
x[0,5]{5  <1.0>}
x[0,6]{0  <0.2908686341635445>, 3  <0.5982913957043834>, 2  <0.110839970132072>}
x[0,7]{1  <1.0>}
x[1,0]{2  <1.0>}
x[1,1]{1  <1.0>}
x[1,2]{7  <1.0>}
x[1,3]{6  <1.0>}
x[1,4]{5  <1.0>}
x[1,5]{0  <1.0>}
x[1,6]{4  <1.0>}
x[1,7]{3  <1.0>}
x[2,0]{1  <1.0>}
x[2,1]{0  <0.2801770311476589>, 6  <0.6056508915827622>, 2  <0.11417207726957881>}
x[2,2]{0  <0.07116377802155015>, 6  <0.3031501501189311>, 2  <0.24449672363687702>, 3  <0.3811893482226419>}
x[2,3]{7  <1.0>}
x[2,4]{3  <0.4395375766041538>, 2  <0.5604624233958462>}
x[2,5]{4  <1.0>}
x[2,6]{0  <0.6489457415490045>, 6  <0.09237347390595198>, 2  <0.08004950710321238>, 3  <0.1786312774418312>}
x[2,7]{5  <1.0>}
x[3,0]{6  <1.0>}
x[3,1]{7  <1.0>}
x[3,2]{4  <1.0>}
x[3,3]{0  <1.0>}
x[3,4]{1  <1.0>}
x[3,5]{3  <1.0>}
x[3,6]{5  <1.0>}
x[3,7]{2  <1.0>}
x[4,0]{4  <1.0>}
x[4,1]{3  <1.0>}
x[4,2]{6  <0.590327741605643>, 2  <0.40967225839435695>}
x[4,3]{5  <1.0>}
x[4,4]{0  <1.0>}
x[4,5]{1  <1.0>}
x[4,6]{6  <0.4097394868083399>, 2  <0.5902605131916602>}
x[4,7]{7  <1.0>}
x[5,0]{0  <1.0>}
x[5,1]{4  <1.0>}
x[5,2]{5  <1.0>}
x[5,3]{3  <1.0>}
x[5,4]{7  <1.0>}
x[5,5]{2  <1.0>}
x[5,6]{1  <1.0>}
x[5,7]{6  <1.0>}
x[6,0]{5  <1.0>}
x[6,1]{0  <0.43378406710157313>, 6  <0.39694087245883597>, 2  <0.16927506043959095>}
x[6,2]{0  <0.5057266013384152>, 6  <0.10326934293317264>, 2  <0.17051944064768515>, 3  <0.2204846150807271>}
x[6,3]{1  <1.0>}
x[6,4]{2  <0.4421094879173643>, 3  <0.5578905120826356>}
x[6,5]{7  <1.0>}
x[6,6]{0  <0.06437419823546175>, 6  <0.4986125709097607>, 2  <0.21649064856925518>, 3  <0.22052258228552246>}
x[6,7]{4  <1.0>}
x[7,0]{3  <1.0>}
x[7,1]{5  <1.0>}
x[7,2]{1  <1.0>}
x[7,3]{2  <1.0>}
x[7,4]{4  <1.0>}
x[7,5]{6  <1.0>}
x[7,6]{7  <1.0>}
x[7,7]{0  <1.0>}
problem entropy = 0.8998501676027489
smallest variable entropy = 0.5957015822127416
##### after BP iteration 8 #####
x[0,0]{7  <1.0>}
x[0,1]{0  <0.282053371858849>, 2  <0.717946628141151>}
x[0,2]{0  <0.4309302847962928>, 3  <0.3904762875754453>, 2  <0.17859342762826189>}
x[0,3]{4  <1.0>}
x[0,4]{6  <1.0>}
x[0,5]{5  <1.0>}
x[0,6]{0  <0.2830040504429955>, 3  <0.6090124527230507>, 2  <0.10798349683395385>}
x[0,7]{1  <1.0>}
x[1,0]{2  <1.0>}
x[1,1]{1  <1.0>}
x[1,2]{7  <1.0>}
x[1,3]{6  <1.0>}
x[1,4]{5  <1.0>}
x[1,5]{0  <1.0>}
x[1,6]{4  <1.0>}
x[1,7]{3  <1.0>}
x[2,0]{1  <1.0>}
x[2,1]{0  <0.269690889818658>, 6  <0.6217777275492226>, 2  <0.10853138263211948>}
x[2,2]{0  <0.07100370370161245>, 6  <0.28868289411458986>, 2  <0.24592223174914116>, 3  <0.39439117043465666>}
x[2,3]{7  <1.0>}
x[2,4]{3  <0.43185941385060733>, 2  <0.5681405861493928>}
x[2,5]{4  <1.0>}
x[2,6]{0  <0.6583722968138965>, 6  <0.09100283012369527>, 2  <0.07584197430642325>, 3  <0.174782898755985>}
x[2,7]{5  <1.0>}
x[3,0]{6  <1.0>}
x[3,1]{7  <1.0>}
x[3,2]{4  <1.0>}
x[3,3]{0  <1.0>}
x[3,4]{1  <1.0>}
x[3,5]{3  <1.0>}
x[3,6]{5  <1.0>}
x[3,7]{2  <1.0>}
x[4,0]{4  <1.0>}
x[4,1]{3  <1.0>}
x[4,2]{6  <0.602730268949515>, 2  <0.39726973105048496>}
x[4,3]{5  <1.0>}
x[4,4]{0  <1.0>}
x[4,5]{1  <1.0>}
x[4,6]{6  <0.39965373243910984>, 2  <0.6003462675608902>}
x[4,7]{7  <1.0>}
x[5,0]{0  <1.0>}
x[5,1]{4  <1.0>}
x[5,2]{5  <1.0>}
x[5,3]{3  <1.0>}
x[5,4]{7  <1.0>}
x[5,5]{2  <1.0>}
x[5,6]{1  <1.0>}
x[5,7]{6  <1.0>}
x[6,0]{5  <1.0>}
x[6,1]{0  <0.4460516552361421>, 6  <0.38157794018632446>, 2  <0.1723704045775334>}
x[6,2]{0  <0.49585082353077675>, 6  <0.1038430034489115>, 2  <0.17910661140401835>, 3  <0.22119956161629348>}
x[6,3]{1  <1.0>}
x[6,4]{2  <0.4343176883681002>, 3  <0.5656823116318997>}
x[6,5]{7  <1.0>}
x[6,6]{0  <0.06271230001027206>, 6  <0.5107224461763036>, 2  <0.21409772832896698>, 3  <0.2124675254844574>}
x[6,7]{4  <1.0>}
x[7,0]{3  <1.0>}
x[7,1]{5  <1.0>}
x[7,2]{1  <1.0>}
x[7,3]{2  <1.0>}
x[7,4]{4  <1.0>}
x[7,5]{6  <1.0>}
x[7,6]{7  <1.0>}
x[7,7]{0  <1.0>}
problem entropy = 0.8954088239105247
smallest variable entropy = 0.5948822067046646
##### after BP iteration 9 #####
x[0,0]{7  <1.0>}
x[0,1]{0  <0.2842908698149996>, 2  <0.7157091301850003>}
x[0,2]{0  <0.4431644736112415>, 3  <0.3744422631343532>, 2  <0.18239326325440516>}
x[0,3]{4  <1.0>}
x[0,4]{6  <1.0>}
x[0,5]{5  <1.0>}
x[0,6]{0  <0.27255054761400116>, 3  <0.6243374833635019>, 2  <0.10311196902249702>}
x[0,7]{1  <1.0>}
x[1,0]{2  <1.0>}
x[1,1]{1  <1.0>}
x[1,2]{7  <1.0>}
x[1,3]{6  <1.0>}
x[1,4]{5  <1.0>}
x[1,5]{0  <1.0>}
x[1,6]{4  <1.0>}
x[1,7]{3  <1.0>}
x[2,0]{1  <1.0>}
x[2,1]{0  <0.26032987058004237>, 6  <0.6349545473805986>, 2  <0.10471558203935888>}
x[2,2]{0  <0.07133662670386245>, 6  <0.27515483257476914>, 2  <0.2467545004230564>, 3  <0.406754040298312>}
x[2,3]{7  <1.0>}
x[2,4]{3  <0.4244359796519336>, 2  <0.5755640203480664>}
x[2,5]{4  <1.0>}
x[2,6]{0  <0.6680611228625893>, 6  <0.08914268748039865>, 2  <0.0714342132229954>, 3  <0.17136197643401663>}
x[2,7]{5  <1.0>}
x[3,0]{6  <1.0>}
x[3,1]{7  <1.0>}
x[3,2]{4  <1.0>}
x[3,3]{0  <1.0>}
x[3,4]{1  <1.0>}
x[3,5]{3  <1.0>}
x[3,6]{5  <1.0>}
x[3,7]{2  <1.0>}
x[4,0]{4  <1.0>}
x[4,1]{3  <1.0>}
x[4,2]{6  <0.616732070782663>, 2  <0.3832679292173371>}
x[4,3]{5  <1.0>}
x[4,4]{0  <1.0>}
x[4,5]{1  <1.0>}
x[4,6]{6  <0.38528676141133167>, 2  <0.6147132385886682>}
x[4,7]{7  <1.0>}
x[5,0]{0  <1.0>}
x[5,1]{4  <1.0>}
x[5,2]{5  <1.0>}
x[5,3]{3  <1.0>}
x[5,4]{7  <1.0>}
x[5,5]{2  <1.0>}
x[5,6]{1  <1.0>}
x[5,7]{6  <1.0>}
x[6,0]{5  <1.0>}
x[6,1]{0  <0.4567190572012404>, 6  <0.36635224487782675>, 2  <0.17692869792093288>}
x[6,2]{0  <0.48306513379230515>, 6  <0.10551586876631872>, 2  <0.18962744392450723>, 3  <0.22179155351686902>}
x[6,3]{1  <1.0>}
x[6,4]{2  <0.4247050762888097>, 3  <0.5752949237111903>}
x[6,5]{7  <1.0>}
x[6,6]{0  <0.060569882549374274>, 6  <0.5269357705686937>, 2  <0.210833729858694>, 3  <0.201660617023238>}
x[6,7]{4  <1.0>}
x[7,0]{3  <1.0>}
x[7,1]{5  <1.0>}
x[7,2]{1  <1.0>}
x[7,3]{2  <1.0>}
x[7,4]{4  <1.0>}
x[7,5]{6  <1.0>}
x[7,6]{7  <1.0>}
x[7,7]{0  <1.0>}
problem entropy = 0.8902357402267655
smallest variable entropy = 0.5969603568510135
##### after BP iteration 10 #####
x[0,0]{7  <1.0>}
x[0,1]{0  <0.2848808216261603>, 2  <0.7151191783738398>}
x[0,2]{0  <0.45621808118025503>, 3  <0.35732049542874683>, 2  <0.18646142339099805>}
x[0,3]{4  <1.0>}
x[0,4]{6  <1.0>}
x[0,5]{5  <1.0>}
x[0,6]{0  <0.25991737168621115>, 3  <0.6433541359646074>, 2  <0.09672849234918146>}
x[0,7]{1  <1.0>}
x[1,0]{2  <1.0>}
x[1,1]{1  <1.0>}
x[1,2]{7  <1.0>}
x[1,3]{6  <1.0>}
x[1,4]{5  <1.0>}
x[1,5]{0  <1.0>}
x[1,6]{4  <1.0>}
x[1,7]{3  <1.0>}
x[2,0]{1  <1.0>}
x[2,1]{0  <0.2497284090223727>, 6  <0.6488802697488544>, 2  <0.101391321228773>}
x[2,2]{0  <0.07167805979898491>, 6  <0.2620367056824124>, 2  <0.24640160433813124>, 3  <0.4198836301804715>}
x[2,3]{7  <1.0>}
x[2,4]{3  <0.4150900323008271>, 2  <0.584909967699173>}
x[2,5]{4  <1.0>}
x[2,6]{0  <0.680234750230616>, 6  <0.08661677184216876>, 2  <0.06603069145806743>, 3  <0.16711778646914785>}
x[2,7]{5  <1.0>}
x[3,0]{6  <1.0>}
x[3,1]{7  <1.0>}
x[3,2]{4  <1.0>}
x[3,3]{0  <1.0>}
x[3,4]{1  <1.0>}
x[3,5]{3  <1.0>}
x[3,6]{5  <1.0>}
x[3,7]{2  <1.0>}
x[4,0]{4  <1.0>}
x[4,1]{3  <1.0>}
x[4,2]{6  <0.6317501659532239>, 2  <0.3682498340467761>}
x[4,3]{5  <1.0>}
x[4,4]{0  <1.0>}
x[4,5]{1  <1.0>}
x[4,6]{6  <0.3675883054246831>, 2  <0.6324116945753168>}
x[4,7]{7  <1.0>}
x[5,0]{0  <1.0>}
x[5,1]{4  <1.0>}
x[5,2]{5  <1.0>}
x[5,3]{3  <1.0>}
x[5,4]{7  <1.0>}
x[5,5]{2  <1.0>}
x[5,6]{1  <1.0>}
x[5,7]{6  <1.0>}
x[6,0]{5  <1.0>}
x[6,1]{0  <0.46738657851876647>, 6  <0.3505644798013492>, 2  <0.18204894167988445>}
x[6,2]{0  <0.47093459591355535>, 6  <0.10621865447815282>, 2  <0.20033803005416956>, 3  <0.22250871955412233>}
x[6,3]{1  <1.0>}
x[6,4]{2  <0.41404361707760157>, 3  <0.5859563829223985>}
x[6,5]{7  <1.0>}
x[6,6]{0  <0.0587730490562697>, 6  <0.5463592862634183>, 2  <0.20612488742307544>, 3  <0.1887427772572365>}
x[6,7]{4  <1.0>}
x[7,0]{3  <1.0>}
x[7,1]{5  <1.0>}
x[7,2]{1  <1.0>}
x[7,3]{2  <1.0>}
x[7,4]{4  <1.0>}
x[7,5]{6  <1.0>}
x[7,6]{7  <1.0>}
x[7,7]{0  <1.0>}
problem entropy = 0.8829420577171272
smallest variable entropy = 0.5975041902483302
### branching on x[0,1]=2 marginal=0.7151191783738398
##### after BP iteration 1 #####
x[0,0]{7  <1.0>}
x[0,1]{2  <1.0>}
x[0,2]{0  <0.6550195688815027>, 3  <0.3449804311184972>}
x[0,3]{4  <1.0>}
x[0,4]{6  <1.0>}
x[0,5]{5  <1.0>}
x[0,6]{0  <0.3439897065487902>, 3  <0.6560102934512099>}
x[0,7]{1  <1.0>}
x[1,0]{2  <1.0>}
x[1,1]{1  <1.0>}
x[1,2]{7  <1.0>}
x[1,3]{6  <1.0>}
x[1,4]{5  <1.0>}
x[1,5]{0  <1.0>}
x[1,6]{4  <1.0>}
x[1,7]{3  <1.0>}
x[2,0]{1  <1.0>}
x[2,1]{0  <0.3298723295960025>, 6  <0.6701276704039975>}
x[2,2]{0  <0.06483428602057249>, 6  <0.21876167229582819>, 2  <0.3436066568286009>, 3  <0.37279738485499847>}
x[2,3]{7  <1.0>}
x[2,4]{3  <0.33902273597057586>, 2  <0.6609772640294242>}
x[2,5]{4  <1.0>}
x[2,6]{0  <0.6458974861213941>, 6  <0.09597692034866784>, 2  <0.07318538245418563>, 3  <0.18494021107575254>}
x[2,7]{5  <1.0>}
x[3,0]{6  <1.0>}
x[3,1]{7  <1.0>}
x[3,2]{4  <1.0>}
x[3,3]{0  <1.0>}
x[3,4]{1  <1.0>}
x[3,5]{3  <1.0>}
x[3,6]{5  <1.0>}
x[3,7]{2  <1.0>}
x[4,0]{4  <1.0>}
x[4,1]{3  <1.0>}
x[4,2]{6  <0.5654727094100808>, 2  <0.4345272905899193>}
x[4,3]{5  <1.0>}
x[4,4]{0  <1.0>}
x[4,5]{1  <1.0>}
x[4,6]{6  <0.28497388586864686>, 2  <0.7150261141313532>}
x[4,7]{7  <1.0>}
x[5,0]{0  <1.0>}
x[5,1]{4  <1.0>}
x[5,2]{5  <1.0>}
x[5,3]{3  <1.0>}
x[5,4]{7  <1.0>}
x[5,5]{2  <1.0>}
x[5,6]{1  <1.0>}
x[5,7]{6  <1.0>}
x[6,0]{5  <1.0>}
x[6,1]{0  <0.6707264439945319>, 6  <0.3292735560054682>}
x[6,2]{0  <0.26457479494752395>, 6  <0.1399266149263278>, 2  <0.3045145477250305>, 3  <0.29098404240111786>}
x[6,3]{1  <1.0>}
x[6,4]{2  <0.49391600122287915>, 3  <0.5060839987771207>}
x[6,5]{7  <1.0>}
x[6,6]{0  <0.05649528619980761>, 6  <0.5347353389463158>, 2  <0.276741303761967>, 3  <0.13202807109190967>}
x[6,7]{4  <1.0>}
x[7,0]{3  <1.0>}
x[7,1]{5  <1.0>}
x[7,2]{1  <1.0>}
x[7,3]{2  <1.0>}
x[7,4]{4  <1.0>}
x[7,5]{6  <1.0>}
x[7,6]{7  <1.0>}
x[7,7]{0  <1.0>}
problem entropy = 0.9056675881032331
smallest variable entropy = 0.5975898233013549
##### after BP iteration 2 #####
x[0,0]{7  <1.0>}
x[0,1]{2  <1.0>}
x[0,2]{0  <0.7535137090592012>, 3  <0.24648629094079888>}
x[0,3]{4  <1.0>}
x[0,4]{6  <1.0>}
x[0,5]{5  <1.0>}
x[0,6]{0  <0.3689586202962348>, 3  <0.6310413797037652>}
x[0,7]{1  <1.0>}
x[1,0]{2  <1.0>}
x[1,1]{1  <1.0>}
x[1,2]{7  <1.0>}
x[1,3]{6  <1.0>}
x[1,4]{5  <1.0>}
x[1,5]{0  <1.0>}
x[1,6]{4  <1.0>}
x[1,7]{3  <1.0>}
x[2,0]{1  <1.0>}
x[2,1]{0  <0.3623523720067489>, 6  <0.637647627993251>}
x[2,2]{0  <0.055262729141148687>, 6  <0.22221340248829244>, 2  <0.2816987680762374>, 3  <0.4408251002943215>}
x[2,3]{7  <1.0>}
x[2,4]{3  <0.4690269165476479>, 2  <0.5309730834523522>}
x[2,5]{4  <1.0>}
x[2,6]{0  <0.5005729523724933>, 6  <0.13498428306288665>, 2  <0.10621915389476962>, 3  <0.2582236106698504>}
x[2,7]{5  <1.0>}
x[3,0]{6  <1.0>}
x[3,1]{7  <1.0>}
x[3,2]{4  <1.0>}
x[3,3]{0  <1.0>}
x[3,4]{1  <1.0>}
x[3,5]{3  <1.0>}
x[3,6]{5  <1.0>}
x[3,7]{2  <1.0>}
x[4,0]{4  <1.0>}
x[4,1]{3  <1.0>}
x[4,2]{6  <0.711030173994158>, 2  <0.2889698260058421>}
x[4,3]{5  <1.0>}
x[4,4]{0  <1.0>}
x[4,5]{1  <1.0>}
x[4,6]{6  <0.40248027483861415>, 2  <0.5975197251613857>}
x[4,7]{7  <1.0>}
x[5,0]{0  <1.0>}
x[5,1]{4  <1.0>}
x[5,2]{5  <1.0>}
x[5,3]{3  <1.0>}
x[5,4]{7  <1.0>}
x[5,5]{2  <1.0>}
x[5,6]{1  <1.0>}
x[5,7]{6  <1.0>}
x[6,0]{5  <1.0>}
x[6,1]{0  <0.7761336176382602>, 6  <0.2238663823617398>}
x[6,2]{0  <0.12901007377067455>, 6  <0.14580819812582474>, 2  <0.40407653500575713>, 3  <0.32110519309774366>}
x[6,3]{1  <1.0>}
x[6,4]{2  <0.3787060504157479>, 3  <0.6212939495842522>}
x[6,5]{7  <1.0>}
x[6,6]{0  <0.046488406478747725>, 6  <0.6281546204587107>, 2  <0.20293835789949435>, 3  <0.12241861516304717>}
x[6,7]{4  <1.0>}
x[7,0]{3  <1.0>}
x[7,1]{5  <1.0>}
x[7,2]{1  <1.0>}
x[7,3]{2  <1.0>}
x[7,4]{4  <1.0>}
x[7,5]{6  <1.0>}
x[7,6]{7  <1.0>}
x[7,7]{0  <1.0>}
problem entropy = 0.888134370965371
smallest variable entropy = 0.5317581355617386
##### after BP iteration 3 #####
x[0,0]{7  <1.0>}
x[0,1]{2  <1.0>}
x[0,2]{0  <0.7952512007450467>, 3  <0.20474879925495337>}
x[0,3]{4  <1.0>}
x[0,4]{6  <1.0>}
x[0,5]{5  <1.0>}
x[0,6]{0  <0.3255547449978694>, 3  <0.6744452550021306>}
x[0,7]{1  <1.0>}
x[1,0]{2  <1.0>}
x[1,1]{1  <1.0>}
x[1,2]{7  <1.0>}
x[1,3]{6  <1.0>}
x[1,4]{5  <1.0>}
x[1,5]{0  <1.0>}
x[1,6]{4  <1.0>}
x[1,7]{3  <1.0>}
x[2,0]{1  <1.0>}
x[2,1]{0  <0.29735943115802066>, 6  <0.7026405688419792>}
x[2,2]{0  <0.06381860681275518>, 6  <0.19420866673287518>, 2  <0.3140598443269518>, 3  <0.42791288212741796>}
x[2,3]{7  <1.0>}
x[2,4]{3  <0.3984838346772005>, 2  <0.6015161653227996>}
x[2,5]{4  <1.0>}
x[2,6]{0  <0.5575969492694826>, 6  <0.11317096132043511>, 2  <0.10798699786608311>, 3  <0.22124509154399943>}
x[2,7]{5  <1.0>}
x[3,0]{6  <1.0>}
x[3,1]{7  <1.0>}
x[3,2]{4  <1.0>}
x[3,3]{0  <1.0>}
x[3,4]{1  <1.0>}
x[3,5]{3  <1.0>}
x[3,6]{5  <1.0>}
x[3,7]{2  <1.0>}
x[4,0]{4  <1.0>}
x[4,1]{3  <1.0>}
x[4,2]{6  <0.680118717793987>, 2  <0.319881282206013>}
x[4,3]{5  <1.0>}
x[4,4]{0  <1.0>}
x[4,5]{1  <1.0>}
x[4,6]{6  <0.2918399662326594>, 2  <0.7081600337673407>}
x[4,7]{7  <1.0>}
x[5,0]{0  <1.0>}
x[5,1]{4  <1.0>}
x[5,2]{5  <1.0>}
x[5,3]{3  <1.0>}
x[5,4]{7  <1.0>}
x[5,5]{2  <1.0>}
x[5,6]{1  <1.0>}
x[5,7]{6  <1.0>}
x[6,0]{5  <1.0>}
x[6,1]{0  <0.8009356942863565>, 6  <0.19906430571364353>}
x[6,2]{0  <0.11469195635893005>, 6  <0.12508298330364642>, 2  <0.4736866600234976>, 3  <0.2865384003139259>}
x[6,3]{1  <1.0>}
x[6,4]{2  <0.4072070005748143>, 3  <0.5927929994251857>}
x[6,5]{7  <1.0>}
x[6,6]{0  <0.05422013664991927>, 6  <0.6204102710093344>, 2  <0.21638053849858238>, 3  <0.10898905384216391>}
x[6,7]{4  <1.0>}
x[7,0]{3  <1.0>}
x[7,1]{5  <1.0>}
x[7,2]{1  <1.0>}
x[7,3]{2  <1.0>}
x[7,4]{4  <1.0>}
x[7,5]{6  <1.0>}
x[7,6]{7  <1.0>}
x[7,7]{0  <1.0>}
problem entropy = 0.8574116574218357
smallest variable entropy = 0.4991025366051922
##### after BP iteration 4 #####
x[0,0]{7  <1.0>}
x[0,1]{2  <1.0>}
x[0,2]{0  <0.7528901693725938>, 3  <0.24710983062740613>}
x[0,3]{4  <1.0>}
x[0,4]{6  <1.0>}
x[0,5]{5  <1.0>}
x[0,6]{0  <0.212680510584488>, 3  <0.787319489415512>}
x[0,7]{1  <1.0>}
x[1,0]{2  <1.0>}
x[1,1]{1  <1.0>}
x[1,2]{7  <1.0>}
x[1,3]{6  <1.0>}
x[1,4]{5  <1.0>}
x[1,5]{0  <1.0>}
x[1,6]{4  <1.0>}
x[1,7]{3  <1.0>}
x[2,0]{1  <1.0>}
x[2,1]{0  <0.19614976738798723>, 6  <0.8038502326120128>}
x[2,2]{0  <0.08563257332315595>, 6  <0.1574140405082504>, 2  <0.2736361388918572>, 3  <0.4833172472767364>}
x[2,3]{7  <1.0>}
x[2,4]{3  <0.365375593428503>, 2  <0.634624406571497>}
x[2,5]{4  <1.0>}
x[2,6]{0  <0.743844024029064>, 6  <0.07188295376697597>, 2  <0.047481223241294446>, 3  <0.13679179896266547>}
x[2,7]{5  <1.0>}
x[3,0]{6  <1.0>}
x[3,1]{7  <1.0>}
x[3,2]{4  <1.0>}
x[3,3]{0  <1.0>}
x[3,4]{1  <1.0>}
x[3,5]{3  <1.0>}
x[3,6]{5  <1.0>}
x[3,7]{2  <1.0>}
x[4,0]{4  <1.0>}
x[4,1]{3  <1.0>}
x[4,2]{6  <0.7202555824471258>, 2  <0.2797444175528741>}
x[4,3]{5  <1.0>}
x[4,4]{0  <1.0>}
x[4,5]{1  <1.0>}
x[4,6]{6  <0.2457606370210392>, 2  <0.7542393629789608>}
x[4,7]{7  <1.0>}
x[5,0]{0  <1.0>}
x[5,1]{4  <1.0>}
x[5,2]{5  <1.0>}
x[5,3]{3  <1.0>}
x[5,4]{7  <1.0>}
x[5,5]{2  <1.0>}
x[5,6]{1  <1.0>}
x[5,7]{6  <1.0>}
x[6,0]{5  <1.0>}
x[6,1]{0  <0.7664838962908406>, 6  <0.23351610370915943>}
x[6,2]{0  <0.17170994674162646>, 6  <0.1366854393789083>, 2  <0.3741970002270433>, 3  <0.317407613652422>}
x[6,3]{1  <1.0>}
x[6,4]{2  <0.37461095543588835>, 3  <0.6253890445641117>}
x[6,5]{7  <1.0>}
x[6,6]{0  <0.07171567466256899>, 6  <0.6735530181668543>, 2  <0.16573222321386533>, 3  <0.08899908395671138>}
x[6,7]{4  <1.0>}
x[7,0]{3  <1.0>}
x[7,1]{5  <1.0>}
x[7,2]{1  <1.0>}
x[7,3]{2  <1.0>}
x[7,4]{4  <1.0>}
x[7,5]{6  <1.0>}
x[7,6]{7  <1.0>}
x[7,7]{0  <1.0>}
problem entropy = 0.8100284897092763
smallest variable entropy = 0.49501831656073436
##### after BP iteration 5 #####
x[0,0]{7  <1.0>}
x[0,1]{2  <1.0>}
x[0,2]{0  <0.758354054698311>, 3  <0.2416459453016891>}
x[0,3]{4  <1.0>}
x[0,4]{6  <1.0>}
x[0,5]{5  <1.0>}
x[0,6]{0  <0.1529361954501728>, 3  <0.8470638045498271>}
x[0,7]{1  <1.0>}
x[1,0]{2  <1.0>}
x[1,1]{1  <1.0>}
x[1,2]{7  <1.0>}
x[1,3]{6  <1.0>}
x[1,4]{5  <1.0>}
x[1,5]{0  <1.0>}
x[1,6]{4  <1.0>}
x[1,7]{3  <1.0>}
x[2,0]{1  <1.0>}
x[2,1]{0  <0.14872791873580268>, 6  <0.8512720812641974>}
x[2,2]{0  <0.07961811905961419>, 6  <0.09438020521637012>, 2  <0.31919544435914154>, 3  <0.5068062313648741>}
x[2,3]{7  <1.0>}
x[2,4]{3  <0.32332616949530407>, 2  <0.676673830504696>}
x[2,5]{4  <1.0>}
x[2,6]{0  <0.8262504298887418>, 6  <0.04960146522308936>, 2  <0.03302323579890159>, 3  <0.09112486908926742>}
x[2,7]{5  <1.0>}
x[3,0]{6  <1.0>}
x[3,1]{7  <1.0>}
x[3,2]{4  <1.0>}
x[3,3]{0  <1.0>}
x[3,4]{1  <1.0>}
x[3,5]{3  <1.0>}
x[3,6]{5  <1.0>}
x[3,7]{2  <1.0>}
x[4,0]{4  <1.0>}
x[4,1]{3  <1.0>}
x[4,2]{6  <0.752927649774985>, 2  <0.24707235022501484>}
x[4,3]{5  <1.0>}
x[4,4]{0  <1.0>}
x[4,5]{1  <1.0>}
x[4,6]{6  <0.2050627394423344>, 2  <0.7949372605576654>}
x[4,7]{7  <1.0>}
x[5,0]{0  <1.0>}
x[5,1]{4  <1.0>}
x[5,2]{5  <1.0>}
x[5,3]{3  <1.0>}
x[5,4]{7  <1.0>}
x[5,5]{2  <1.0>}
x[5,6]{1  <1.0>}
x[5,7]{6  <1.0>}
x[6,0]{5  <1.0>}
x[6,1]{0  <0.7845700483455705>, 6  <0.21542995165442938>}
x[6,2]{0  <0.17954834384065227>, 6  <0.11323211090069986>, 2  <0.4263132272258688>, 3  <0.28090631803277905>}
x[6,3]{1  <1.0>}
x[6,4]{2  <0.3850105419004876>, 3  <0.6149894580995123>}
x[6,5]{7  <1.0>}
x[6,6]{0  <0.06427469469962821>, 6  <0.6930125020316112>, 2  <0.18735247329135213>, 3  <0.05536032997740842>}
x[6,7]{4  <1.0>}
x[7,0]{3  <1.0>}
x[7,1]{5  <1.0>}
x[7,2]{1  <1.0>}
x[7,3]{2  <1.0>}
x[7,4]{4  <1.0>}
x[7,5]{6  <1.0>}
x[7,6]{7  <1.0>}
x[7,7]{0  <1.0>}
problem entropy = 0.7525792789151137
smallest variable entropy = 0.42049617361810565
##### after BP iteration 6 #####
x[0,0]{7  <1.0>}
x[0,1]{2  <1.0>}
x[0,2]{0  <0.8363820907195666>, 3  <0.16361790928043332>}
x[0,3]{4  <1.0>}
x[0,4]{6  <1.0>}
x[0,5]{5  <1.0>}
x[0,6]{0  <0.14170165548954838>, 3  <0.8582983445104516>}
x[0,7]{1  <1.0>}
x[1,0]{2  <1.0>}
x[1,1]{1  <1.0>}
x[1,2]{7  <1.0>}
x[1,3]{6  <1.0>}
x[1,4]{5  <1.0>}
x[1,5]{0  <1.0>}
x[1,6]{4  <1.0>}
x[1,7]{3  <1.0>}
x[2,0]{1  <1.0>}
x[2,1]{0  <0.12543256060950153>, 6  <0.8745674393904985>}
x[2,2]{0  <0.05664977966326986>, 6  <0.060308485674656805>, 2  <0.32854192641747276>, 3  <0.5544998082446007>}
x[2,3]{7  <1.0>}
x[2,4]{3  <0.37538327746294836>, 2  <0.6246167225370517>}
x[2,5]{4  <1.0>}
x[2,6]{0  <0.8280687243953196>, 6  <0.05032719831257089>, 2  <0.033137179851319774>, 3  <0.08846689744078987>}
x[2,7]{5  <1.0>}
x[3,0]{6  <1.0>}
x[3,1]{7  <1.0>}
x[3,2]{4  <1.0>}
x[3,3]{0  <1.0>}
x[3,4]{1  <1.0>}
x[3,5]{3  <1.0>}
x[3,6]{5  <1.0>}
x[3,7]{2  <1.0>}
x[4,0]{4  <1.0>}
x[4,1]{3  <1.0>}
x[4,2]{6  <0.8353555054271454>, 2  <0.16464449457285457>}
x[4,3]{5  <1.0>}
x[4,4]{0  <1.0>}
x[4,5]{1  <1.0>}
x[4,6]{6  <0.21962080764528102>, 2  <0.7803791923547191>}
x[4,7]{7  <1.0>}
x[5,0]{0  <1.0>}
x[5,1]{4  <1.0>}
x[5,2]{5  <1.0>}
x[5,3]{3  <1.0>}
x[5,4]{7  <1.0>}
x[5,5]{2  <1.0>}
x[5,6]{1  <1.0>}
x[5,7]{6  <1.0>}
x[6,0]{5  <1.0>}
x[6,1]{0  <0.8500345961199577>, 6  <0.14996540388004234>}
x[6,2]{0  <0.11614937340799539>, 6  <0.09619461548578252>, 2  <0.5231430844013292>, 3  <0.26451292670489296>}
x[6,3]{1  <1.0>}
x[6,4]{2  <0.315451345404271>, 3  <0.684548654595729>}
x[6,5]{7  <1.0>}
x[6,6]{0  <0.044916276850642554>, 6  <0.7311502018674862>, 2  <0.1862437476214712>, 3  <0.037689773660399974>}
x[6,7]{4  <1.0>}
x[7,0]{3  <1.0>}
x[7,1]{5  <1.0>}
x[7,2]{1  <1.0>}
x[7,3]{2  <1.0>}
x[7,4]{4  <1.0>}
x[7,5]{6  <1.0>}
x[7,6]{7  <1.0>}
x[7,7]{0  <1.0>}
problem entropy = 0.6886023588032236
smallest variable entropy = 0.37761103082677955
##### after BP iteration 7 #####
x[0,0]{7  <1.0>}
x[0,1]{2  <1.0>}
x[0,2]{0  <0.896057379202027>, 3  <0.1039426207979729>}
x[0,3]{4  <1.0>}
x[0,4]{6  <1.0>}
x[0,5]{5  <1.0>}
x[0,6]{0  <0.12662723820183297>, 3  <0.8733727617981671>}
x[0,7]{1  <1.0>}
x[1,0]{2  <1.0>}
x[1,1]{1  <1.0>}
x[1,2]{7  <1.0>}
x[1,3]{6  <1.0>}
x[1,4]{5  <1.0>}
x[1,5]{0  <1.0>}
x[1,6]{4  <1.0>}
x[1,7]{3  <1.0>}
x[2,0]{1  <1.0>}
x[2,1]{0  <0.10435466593677335>, 6  <0.8956453340632267>}
x[2,2]{0  <0.0412692609175314>, 6  <0.044115104817650616>, 2  <0.3197684085461741>, 3  <0.5948472257186439>}
x[2,3]{7  <1.0>}
x[2,4]{3  <0.3499662012972358>, 2  <0.6500337987027641>}
x[2,5]{4  <1.0>}
x[2,6]{0  <0.832481069780629>, 6  <0.05092773848035139>, 2  <0.03035067656305207>, 3  <0.08624051517596758>}
x[2,7]{5  <1.0>}
x[3,0]{6  <1.0>}
x[3,1]{7  <1.0>}
x[3,2]{4  <1.0>}
x[3,3]{0  <1.0>}
x[3,4]{1  <1.0>}
x[3,5]{3  <1.0>}
x[3,6]{5  <1.0>}
x[3,7]{2  <1.0>}
x[4,0]{4  <1.0>}
x[4,1]{3  <1.0>}
x[4,2]{6  <0.8628634858295604>, 2  <0.13713651417043957>}
x[4,3]{5  <1.0>}
x[4,4]{0  <1.0>}
x[4,5]{1  <1.0>}
x[4,6]{6  <0.1766282193619252>, 2  <0.8233717806380748>}
x[4,7]{7  <1.0>}
x[5,0]{0  <1.0>}
x[5,1]{4  <1.0>}
x[5,2]{5  <1.0>}
x[5,3]{3  <1.0>}
x[5,4]{7  <1.0>}
x[5,5]{2  <1.0>}
x[5,6]{1  <1.0>}
x[5,7]{6  <1.0>}
x[6,0]{5  <1.0>}
x[6,1]{0  <0.9054016882057657>, 6  <0.09459831179423422>}
x[6,2]{0  <0.06092665109120136>, 6  <0.08320345814156688>, 2  <0.6065731412720424>, 3  <0.2492967494951893>}
x[6,3]{1  <1.0>}
x[6,4]{2  <0.30157804644184877>, 3  <0.6984219535581512>}
x[6,5]{7  <1.0>}
x[6,6]{0  <0.03312736107316194>, 6  <0.7852003906013254>, 2  <0.15391800974727135>, 3  <0.027754238578241396>}
x[6,7]{4  <1.0>}
x[7,0]{3  <1.0>}
x[7,1]{5  <1.0>}
x[7,2]{1  <1.0>}
x[7,3]{2  <1.0>}
x[7,4]{4  <1.0>}
x[7,5]{6  <1.0>}
x[7,6]{7  <1.0>}
x[7,7]{0  <1.0>}
problem entropy = 0.6164643690571879
smallest variable entropy = 0.31304948213670103
##### after BP iteration 8 #####
x[0,0]{7  <1.0>}
x[0,1]{2  <1.0>}
x[0,2]{0  <0.9198726753958956>, 3  <0.0801273246041045>}
x[0,3]{4  <1.0>}
x[0,4]{6  <1.0>}
x[0,5]{5  <1.0>}
x[0,6]{0  <0.08763944244971154>, 3  <0.9123605575502884>}
x[0,7]{1  <1.0>}
x[1,0]{2  <1.0>}
x[1,1]{1  <1.0>}
x[1,2]{7  <1.0>}
x[1,3]{6  <1.0>}
x[1,4]{5  <1.0>}
x[1,5]{0  <1.0>}
x[1,6]{4  <1.0>}
x[1,7]{3  <1.0>}
x[2,0]{1  <1.0>}
x[2,1]{0  <0.07562006916217091>, 6  <0.9243799308378291>}
x[2,2]{0  <0.036490819569422364>, 6  <0.037900244123985016>, 2  <0.2624741319309279>, 3  <0.6631348043756647>}
x[2,3]{7  <1.0>}
x[2,4]{3  <0.28780432194378175>, 2  <0.7121956780562182>}
x[2,5]{4  <1.0>}
x[2,6]{0  <0.8806650918457527>, 6  <0.03914680026495464>, 2  <0.014029104038863016>, 3  <0.06615900385042969>}
x[2,7]{5  <1.0>}
x[3,0]{6  <1.0>}
x[3,1]{7  <1.0>}
x[3,2]{4  <1.0>}
x[3,3]{0  <1.0>}
x[3,4]{1  <1.0>}
x[3,5]{3  <1.0>}
x[3,6]{5  <1.0>}
x[3,7]{2  <1.0>}
x[4,0]{4  <1.0>}
x[4,1]{3  <1.0>}
x[4,2]{6  <0.876842636027202>, 2  <0.12315736397279795>}
x[4,3]{5  <1.0>}
x[4,4]{0  <1.0>}
x[4,5]{1  <1.0>}
x[4,6]{6  <0.1173068526712959>, 2  <0.8826931473287041>}
x[4,7]{7  <1.0>}
x[5,0]{0  <1.0>}
x[5,1]{4  <1.0>}
x[5,2]{5  <1.0>}
x[5,3]{3  <1.0>}
x[5,4]{7  <1.0>}
x[5,5]{2  <1.0>}
x[5,6]{1  <1.0>}
x[5,7]{6  <1.0>}
x[6,0]{5  <1.0>}
x[6,1]{0  <0.9352204596378126>, 6  <0.06477954036218733>}
x[6,2]{0  <0.03843377091320005>, 6  <0.08316347765766718>, 2  <0.5999507852068086>, 3  <0.27845196622232427>}
x[6,3]{1  <1.0>}
x[6,4]{2  <0.29664141050655396>, 3  <0.703358589493446>}
x[6,5]{7  <1.0>}
x[6,6]{0  <0.025997860544268545>, 6  <0.8612041342107535>, 2  <0.09314646676307893>, 3  <0.019651538481899176>}
x[6,7]{4  <1.0>}
x[7,0]{3  <1.0>}
x[7,1]{5  <1.0>}
x[7,2]{1  <1.0>}
x[7,3]{2  <1.0>}
x[7,4]{4  <1.0>}
x[7,5]{6  <1.0>}
x[7,6]{7  <1.0>}
x[7,7]{0  <1.0>}
problem entropy = 0.5360086053926808
smallest variable entropy = 0.23992092077233756
##### after BP iteration 9 #####
x[0,0]{7  <1.0>}
x[0,1]{2  <1.0>}
x[0,2]{0  <0.940989760409132>, 3  <0.05901023959086804>}
x[0,3]{4  <1.0>}
x[0,4]{6  <1.0>}
x[0,5]{5  <1.0>}
x[0,6]{0  <0.05550972718543604>, 3  <0.944490272814564>}
x[0,7]{1  <1.0>}
x[1,0]{2  <1.0>}
x[1,1]{1  <1.0>}
x[1,2]{7  <1.0>}
x[1,3]{6  <1.0>}
x[1,4]{5  <1.0>}
x[1,5]{0  <1.0>}
x[1,6]{4  <1.0>}
x[1,7]{3  <1.0>}
x[2,0]{1  <1.0>}
x[2,1]{0  <0.04775950935451576>, 6  <0.9522404906454842>}
x[2,2]{0  <0.03096921060271406>, 6  <0.02831336562318037>, 2  <0.2358371020632468>, 3  <0.7048803217108589>}
x[2,3]{7  <1.0>}
x[2,4]{3  <0.23700118010936178>, 2  <0.7629988198906381>}
x[2,5]{4  <1.0>}
x[2,6]{0  <0.925908654150396>, 6  <0.02447436119572679>, 2  <0.005719003599744768>, 3  <0.04389798105413249>}
x[2,7]{5  <1.0>}
x[3,0]{6  <1.0>}
x[3,1]{7  <1.0>}
x[3,2]{4  <1.0>}
x[3,3]{0  <1.0>}
x[3,4]{1  <1.0>}
x[3,5]{3  <1.0>}
x[3,6]{5  <1.0>}
x[3,7]{2  <1.0>}
x[4,0]{4  <1.0>}
x[4,1]{3  <1.0>}
x[4,2]{6  <0.8959968764829545>, 2  <0.10400312351704556>}
x[4,3]{5  <1.0>}
x[4,4]{0  <1.0>}
x[4,5]{1  <1.0>}
x[4,6]{6  <0.07415148017053613>, 2  <0.9258485198294639>}
x[4,7]{7  <1.0>}
x[5,0]{0  <1.0>}
x[5,1]{4  <1.0>}
x[5,2]{5  <1.0>}
x[5,3]{3  <1.0>}
x[5,4]{7  <1.0>}
x[5,5]{2  <1.0>}
x[5,6]{1  <1.0>}
x[5,7]{6  <1.0>}
x[6,0]{5  <1.0>}
x[6,1]{0  <0.9549455996767968>, 6  <0.045054400323203264>}
x[6,2]{0  <0.02439384275948558>, 6  <0.0732010043808115>, 2  <0.6229778600685352>, 3  <0.27942729279116774>}
x[6,3]{1  <1.0>}
x[6,4]{2  <0.28765853619656073>, 3  <0.7123414638034392>}
x[6,5]{7  <1.0>}
x[6,6]{0  <0.01977014790246998>, 6  <0.9032962627775952>, 2  <0.06462068211055111>, 3  <0.012312907209383665>}
x[6,7]{4  <1.0>}
x[7,0]{3  <1.0>}
x[7,1]{5  <1.0>}
x[7,2]{1  <1.0>}
x[7,3]{2  <1.0>}
x[7,4]{4  <1.0>}
x[7,5]{6  <1.0>}
x[7,6]{7  <1.0>}
x[7,7]{0  <1.0>}
problem entropy = 0.45553219148511587
smallest variable entropy = 0.1836872980098785
##### after BP iteration 10 #####
x[0,0]{7  <1.0>}
x[0,1]{2  <1.0>}
x[0,2]{0  <0.963017900253199>, 3  <0.03698209974680096>}
x[0,3]{4  <1.0>}
x[0,4]{6  <1.0>}
x[0,5]{5  <1.0>}
x[0,6]{0  <0.036194457912009544>, 3  <0.9638055420879905>}
x[0,7]{1  <1.0>}
x[1,0]{2  <1.0>}
x[1,1]{1  <1.0>}
x[1,2]{7  <1.0>}
x[1,3]{6  <1.0>}
x[1,4]{5  <1.0>}
x[1,5]{0  <1.0>}
x[1,6]{4  <1.0>}
x[1,7]{3  <1.0>}
x[2,0]{1  <1.0>}
x[2,1]{0  <0.02848737762069777>, 6  <0.9715126223793022>}
x[2,2]{0  <0.02209877693084262>, 6  <0.01564059573673139>, 2  <0.2304875741541498>, 3  <0.7317730531782762>}
x[2,3]{7  <1.0>}
x[2,4]{3  <0.23683715783439171>, 2  <0.7631628421656083>}
x[2,5]{4  <1.0>}
x[2,6]{0  <0.9508449159543095>, 6  <0.015600023707062444>, 2  <0.0031123927218296185>, 3  <0.030442667616798487>}
x[2,7]{5  <1.0>}
x[3,0]{6  <1.0>}
x[3,1]{7  <1.0>}
x[3,2]{4  <1.0>}
x[3,3]{0  <1.0>}
x[3,4]{1  <1.0>}
x[3,5]{3  <1.0>}
x[3,6]{5  <1.0>}
x[3,7]{2  <1.0>}
x[4,0]{4  <1.0>}
x[4,1]{3  <1.0>}
x[4,2]{6  <0.9327287087401134>, 2  <0.06727129125988669>}
x[4,3]{5  <1.0>}
x[4,4]{0  <1.0>}
x[4,5]{1  <1.0>}
x[4,6]{6  <0.05925813307956408>, 2  <0.9407418669204358>}
x[4,7]{7  <1.0>}
x[5,0]{0  <1.0>}
x[5,1]{4  <1.0>}
x[5,2]{5  <1.0>}
x[5,3]{3  <1.0>}
x[5,4]{7  <1.0>}
x[5,5]{2  <1.0>}
x[5,6]{1  <1.0>}
x[5,7]{6  <1.0>}
x[6,0]{5  <1.0>}
x[6,1]{0  <0.9715934504880035>, 6  <0.02840654951199656>}
x[6,2]{0  <0.013557950353111267>, 6  <0.053165907477448794>, 2  <0.6908566629943581>, 3  <0.24241947917508186>}
x[6,3]{1  <1.0>}
x[6,4]{2  <0.24513298399020966>, 3  <0.7548670160097904>}
x[6,5]{7  <1.0>}
x[6,6]{0  <0.014126518377016556>, 6  <0.9246654931992293>, 2  <0.05412912203793966>, 3  <0.007078866385814321>}
x[6,7]{4  <1.0>}
x[7,0]{3  <1.0>}
x[7,1]{5  <1.0>}
x[7,2]{1  <1.0>}
x[7,3]{2  <1.0>}
x[7,4]{4  <1.0>}
x[7,5]{6  <1.0>}
x[7,6]{7  <1.0>}
x[7,7]{0  <1.0>}
problem entropy = 0.38402901119923477
smallest variable entropy = 0.1291587810642691
### branching on x[6,1]=0 marginal=0.9715934504880035
##### after BP iteration 1 #####
x[0,0]{7  <1.0>}
x[0,1]{2  <1.0>}
x[0,2]{0  <0.985788681779544>, 3  <0.01421131822045591>}
x[0,3]{4  <1.0>}
x[0,4]{6  <1.0>}
x[0,5]{5  <1.0>}
x[0,6]{0  <0.020761012310445037>, 3  <0.979238987689555>}
x[0,7]{1  <1.0>}
x[1,0]{2  <1.0>}
x[1,1]{1  <1.0>}
x[1,2]{7  <1.0>}
x[1,3]{6  <1.0>}
x[1,4]{5  <1.0>}
x[1,5]{0  <1.0>}
x[1,6]{4  <1.0>}
x[1,7]{3  <1.0>}
x[2,0]{1  <1.0>}
x[2,1]{6  <1.0>}
x[2,2]{0  <0.014775626693698718>, 3  <0.7637615093187796>, 2  <0.2214628639875217>}
x[2,3]{7  <1.0>}
x[2,4]{3  <0.23692794439816128>, 2  <0.7630720556018387>}
x[2,5]{4  <1.0>}
x[2,6]{0  <0.9864265667131065>, 3  <0.013187330851509286>, 2  <3.8610243538416837E-4>}
x[2,7]{5  <1.0>}
x[3,0]{6  <1.0>}
x[3,1]{7  <1.0>}
x[3,2]{4  <1.0>}
x[3,3]{0  <1.0>}
x[3,4]{1  <1.0>}
x[3,5]{3  <1.0>}
x[3,6]{5  <1.0>}
x[3,7]{2  <1.0>}
x[4,0]{4  <1.0>}
x[4,1]{3  <1.0>}
x[4,2]{6  <0.9670680713035212>, 2  <0.03293192869647883>}
x[4,3]{5  <1.0>}
x[4,4]{0  <1.0>}
x[4,5]{1  <1.0>}
x[4,6]{6  <0.04785321431082204>, 2  <0.952146785689178>}
x[4,7]{7  <1.0>}
x[5,0]{0  <1.0>}
x[5,1]{4  <1.0>}
x[5,2]{5  <1.0>}
x[5,3]{3  <1.0>}
x[5,4]{7  <1.0>}
x[5,5]{2  <1.0>}
x[5,6]{1  <1.0>}
x[5,7]{6  <1.0>}
x[6,0]{5  <1.0>}
x[6,1]{0  <1.0>}
x[6,2]{3  <0.1922906131690395>, 6  <0.03570046361051825>, 2  <0.7720089232204422>}
x[6,3]{1  <1.0>}
x[6,4]{2  <0.21127370991745056>, 3  <0.7887262900825495>}
x[6,5]{7  <1.0>}
x[6,6]{3  <4.675447533929135E-4>, 6  <0.9605087552694904>, 2  <0.03902369997711663>}
x[6,7]{4  <1.0>}
x[7,0]{3  <1.0>}
x[7,1]{5  <1.0>}
x[7,2]{1  <1.0>}
x[7,3]{2  <1.0>}
x[7,4]{4  <1.0>}
x[7,5]{6  <1.0>}
x[7,6]{7  <1.0>}
x[7,7]{0  <1.0>}
problem entropy = 0.36204989859261316
smallest variable entropy = 0.07359677548071782
##### after BP iteration 2 #####
x[0,0]{7  <1.0>}
x[0,1]{2  <1.0>}
x[0,2]{0  <0.9914040746791175>, 3  <0.008595925320882528>}
x[0,3]{4  <1.0>}
x[0,4]{6  <1.0>}
x[0,5]{5  <1.0>}
x[0,6]{0  <0.006319961764759076>, 3  <0.9936800382352409>}
x[0,7]{1  <1.0>}
x[1,0]{2  <1.0>}
x[1,1]{1  <1.0>}
x[1,2]{7  <1.0>}
x[1,3]{6  <1.0>}
x[1,4]{5  <1.0>}
x[1,5]{0  <1.0>}
x[1,6]{4  <1.0>}
x[1,7]{3  <1.0>}
x[2,0]{1  <1.0>}
x[2,1]{6  <1.0>}
x[2,2]{0  <0.009209361743458475>, 3  <0.7924502161522624>, 2  <0.1983404221042791>}
x[2,3]{7  <1.0>}
x[2,4]{3  <0.20276890009843085>, 2  <0.7972310999015692>}
x[2,5]{4  <1.0>}
x[2,6]{0  <0.9910688711681885>, 3  <0.008780091369877122>, 2  <1.510374619343287E-4>}
x[2,7]{5  <1.0>}
x[3,0]{6  <1.0>}
x[3,1]{7  <1.0>}
x[3,2]{4  <1.0>}
x[3,3]{0  <1.0>}
x[3,4]{1  <1.0>}
x[3,5]{3  <1.0>}
x[3,6]{5  <1.0>}
x[3,7]{2  <1.0>}
x[4,0]{4  <1.0>}
x[4,1]{3  <1.0>}
x[4,2]{6  <0.9755673502986218>, 2  <0.02443264970137811>}
x[4,3]{5  <1.0>}
x[4,4]{0  <1.0>}
x[4,5]{1  <1.0>}
x[4,6]{6  <0.02363078442990818>, 2  <0.9763692155700917>}
x[4,7]{7  <1.0>}
x[5,0]{0  <1.0>}
x[5,1]{4  <1.0>}
x[5,2]{5  <1.0>}
x[5,3]{3  <1.0>}
x[5,4]{7  <1.0>}
x[5,5]{2  <1.0>}
x[5,6]{1  <1.0>}
x[5,7]{6  <1.0>}
x[6,0]{5  <1.0>}
x[6,1]{0  <1.0>}
x[6,2]{3  <0.18487541379299202>, 6  <0.024551423683855506>, 2  <0.7905731625231525>}
x[6,3]{1  <1.0>}
x[6,4]{2  <0.18587743752752517>, 3  <0.8141225624724748>}
x[6,5]{7  <1.0>}
x[6,6]{3  <1.4367696641723305E-4>, 6  <0.9715262756033554>, 2  <0.028330047430227493>}
x[6,7]{4  <1.0>}
x[7,0]{3  <1.0>}
x[7,1]{5  <1.0>}
x[7,2]{1  <1.0>}
x[7,3]{2  <1.0>}
x[7,4]{4  <1.0>}
x[7,5]{6  <1.0>}
x[7,6]{7  <1.0>}
x[7,7]{0  <1.0>}
problem entropy = 0.3074743846637354
smallest variable entropy = 0.03830450117914449
##### after BP iteration 3 #####
x[0,0]{7  <1.0>}
x[0,1]{2  <1.0>}
x[0,2]{0  <0.9959623448357656>, 3  <0.00403765516423431>}
x[0,3]{4  <1.0>}
x[0,4]{6  <1.0>}
x[0,5]{5  <1.0>}
x[0,6]{0  <0.0036443404772758987>, 3  <0.9963556595227241>}
x[0,7]{1  <1.0>}
x[1,0]{2  <1.0>}
x[1,1]{1  <1.0>}
x[1,2]{7  <1.0>}
x[1,3]{6  <1.0>}
x[1,4]{5  <1.0>}
x[1,5]{0  <1.0>}
x[1,6]{4  <1.0>}
x[1,7]{3  <1.0>}
x[2,0]{1  <1.0>}
x[2,1]{6  <1.0>}
x[2,2]{0  <0.0055070724143206785>, 3  <0.8223946693294092>, 2  <0.17209825825627015>}
x[2,3]{7  <1.0>}
x[2,4]{3  <0.16105609074688554>, 2  <0.8389439092531145>}
x[2,5]{4  <1.0>}
x[2,6]{0  <0.995742181379805>, 3  <0.0042248779125035425>, 2  <3.294070769143491E-5>}
x[2,7]{5  <1.0>}
x[3,0]{6  <1.0>}
x[3,1]{7  <1.0>}
x[3,2]{4  <1.0>}
x[3,3]{0  <1.0>}
x[3,4]{1  <1.0>}
x[3,5]{3  <1.0>}
x[3,6]{5  <1.0>}
x[3,7]{2  <1.0>}
x[4,0]{4  <1.0>}
x[4,1]{3  <1.0>}
x[4,2]{6  <0.9834466550680131>, 2  <0.016553344931986874>}
x[4,3]{5  <1.0>}
x[4,4]{0  <1.0>}
x[4,5]{1  <1.0>}
x[4,6]{6  <0.015012863920197603>, 2  <0.9849871360798024>}
x[4,7]{7  <1.0>}
x[5,0]{0  <1.0>}
x[5,1]{4  <1.0>}
x[5,2]{5  <1.0>}
x[5,3]{3  <1.0>}
x[5,4]{7  <1.0>}
x[5,5]{2  <1.0>}
x[5,6]{1  <1.0>}
x[5,7]{6  <1.0>}
x[6,0]{5  <1.0>}
x[6,1]{0  <1.0>}
x[6,2]{3  <0.18454037954032085>, 6  <0.018933962148836605>, 2  <0.7965256583108425>}
x[6,3]{1  <1.0>}
x[6,4]{2  <0.1748212065637026>, 3  <0.8251787934362973>}
x[6,5]{7  <1.0>}
x[6,6]{3  <3.425887378727496E-5>, 6  <0.9847494962460117>, 2  <0.0152162448802009>}
x[6,7]{4  <1.0>}
x[7,0]{3  <1.0>}
x[7,1]{5  <1.0>}
x[7,2]{1  <1.0>}
x[7,3]{2  <1.0>}
x[7,4]{4  <1.0>}
x[7,5]{6  <1.0>}
x[7,6]{7  <1.0>}
x[7,7]{0  <1.0>}
problem entropy = 0.2674734441317038
smallest variable entropy = 0.024099132466081634
##### after BP iteration 4 #####
x[0,0]{7  <1.0>}
x[0,1]{2  <1.0>}
x[0,2]{0  <0.9976791837323125>, 3  <0.0023208162676875456>}
x[0,3]{4  <1.0>}
x[0,4]{6  <1.0>}
x[0,5]{5  <1.0>}
x[0,6]{0  <0.0023158600957581105>, 3  <0.9976841399042419>}
x[0,7]{1  <1.0>}
x[1,0]{2  <1.0>}
x[1,1]{1  <1.0>}
x[1,2]{7  <1.0>}
x[1,3]{6  <1.0>}
x[1,4]{5  <1.0>}
x[1,5]{0  <1.0>}
x[1,6]{4  <1.0>}
x[1,7]{3  <1.0>}
x[2,0]{1  <1.0>}
x[2,1]{6  <1.0>}
x[2,2]{0  <0.002154434099462907>, 3  <0.846738486475789>, 2  <0.15110707942474813>}
x[2,3]{7  <1.0>}
x[2,4]{3  <0.14666860480528207>, 2  <0.8533313951947179>}
x[2,5]{4  <1.0>}
x[2,6]{0  <0.9976415702972379>, 3  <0.0023490100406227043>, 2  <9.419662139418748E-6>}
x[2,7]{5  <1.0>}
x[3,0]{6  <1.0>}
x[3,1]{7  <1.0>}
x[3,2]{4  <1.0>}
x[3,3]{0  <1.0>}
x[3,4]{1  <1.0>}
x[3,5]{3  <1.0>}
x[3,6]{5  <1.0>}
x[3,7]{2  <1.0>}
x[4,0]{4  <1.0>}
x[4,1]{3  <1.0>}
x[4,2]{6  <0.9882385456489768>, 2  <0.011761454351023113>}
x[4,3]{5  <1.0>}
x[4,4]{0  <1.0>}
x[4,5]{1  <1.0>}
x[4,6]{6  <0.010114382417230176>, 2  <0.9898856175827698>}
x[4,7]{7  <1.0>}
x[5,0]{0  <1.0>}
x[5,1]{4  <1.0>}
x[5,2]{5  <1.0>}
x[5,3]{3  <1.0>}
x[5,4]{7  <1.0>}
x[5,5]{2  <1.0>}
x[5,6]{1  <1.0>}
x[5,7]{6  <1.0>}
x[6,0]{5  <1.0>}
x[6,1]{0  <1.0>}
x[6,2]{3  <0.16552739245282425>, 6  <0.010958366694984623>, 2  <0.8235142408521912>}
x[6,3]{1  <1.0>}
x[6,4]{2  <0.1596163920878448>, 3  <0.8403836079121552>}
x[6,5]{7  <1.0>}
x[6,6]{3  <1.1539305753319379E-5>, 6  <0.9898222917758688>, 2  <0.010166168918377991>}
x[6,7]{4  <1.0>}
x[7,0]{3  <1.0>}
x[7,1]{5  <1.0>}
x[7,2]{1  <1.0>}
x[7,3]{2  <1.0>}
x[7,4]{4  <1.0>}
x[7,5]{6  <1.0>}
x[7,6]{7  <1.0>}
x[7,7]{0  <1.0>}
problem entropy = 0.2384649228355257
smallest variable entropy = 0.016365755566272948
##### after BP iteration 5 #####
x[0,0]{7  <1.0>}
x[0,1]{2  <1.0>}
x[0,2]{0  <0.9987783472079373>, 3  <0.00122165279206266>}
x[0,3]{4  <1.0>}
x[0,4]{6  <1.0>}
x[0,5]{5  <1.0>}
x[0,6]{0  <0.0014357694716813653>, 3  <0.9985642305283187>}
x[0,7]{1  <1.0>}
x[1,0]{2  <1.0>}
x[1,1]{1  <1.0>}
x[1,2]{7  <1.0>}
x[1,3]{6  <1.0>}
x[1,4]{5  <1.0>}
x[1,5]{0  <1.0>}
x[1,6]{4  <1.0>}
x[1,7]{3  <1.0>}
x[2,0]{1  <1.0>}
x[2,1]{6  <1.0>}
x[2,2]{0  <0.0010585565119048453>, 3  <0.8592911876460567>, 2  <0.1396502558420384>}
x[2,3]{7  <1.0>}
x[2,4]{3  <0.14428673607790368>, 2  <0.8557132639220963>}
x[2,5]{4  <1.0>}
x[2,6]{0  <0.99881754680135>, 3  <0.0011793989918121386>, 2  <3.054206837863169E-6>}
x[2,7]{5  <1.0>}
x[3,0]{6  <1.0>}
x[3,1]{7  <1.0>}
x[3,2]{4  <1.0>}
x[3,3]{0  <1.0>}
x[3,4]{1  <1.0>}
x[3,5]{3  <1.0>}
x[3,6]{5  <1.0>}
x[3,7]{2  <1.0>}
x[4,0]{4  <1.0>}
x[4,1]{3  <1.0>}
x[4,2]{6  <0.9929457726802803>, 2  <0.007054227319719695>}
x[4,3]{5  <1.0>}
x[4,4]{0  <1.0>}
x[4,5]{1  <1.0>}
x[4,6]{6  <0.007624371024283965>, 2  <0.992375628975716>}
x[4,7]{7  <1.0>}
x[5,0]{0  <1.0>}
x[5,1]{4  <1.0>}
x[5,2]{5  <1.0>}
x[5,3]{3  <1.0>}
x[5,4]{7  <1.0>}
x[5,5]{2  <1.0>}
x[5,6]{1  <1.0>}
x[5,7]{6  <1.0>}
x[6,0]{5  <1.0>}
x[6,1]{0  <1.0>}
x[6,2]{3  <0.13521104753847196>, 6  <0.006850373190026912>, 2  <0.857938579271501>}
x[6,3]{1  <1.0>}
x[6,4]{2  <0.1404210781632575>, 3  <0.8595789218367426>}
x[6,5]{7  <1.0>}
x[6,6]{3  <3.799739932097539E-6>, 6  <0.9929463598585927>, 2  <0.007049840401475124>}
x[6,7]{4  <1.0>}
x[7,0]{3  <1.0>}
x[7,1]{5  <1.0>}
x[7,2]{1  <1.0>}
x[7,3]{2  <1.0>}
x[7,4]{4  <1.0>}
x[7,5]{6  <1.0>}
x[7,6]{7  <1.0>}
x[7,7]{0  <1.0>}
problem entropy = 0.2154097260744175
smallest variable entropy = 0.009172932074111123
##### after BP iteration 6 #####
x[0,0]{7  <1.0>}
x[0,1]{2  <1.0>}
x[0,2]{0  <0.9993319666259025>, 3  <6.680333740974456E-4>}
x[0,3]{4  <1.0>}
x[0,4]{6  <1.0>}
x[0,5]{5  <1.0>}
x[0,6]{0  <6.673328081833737E-4>, 3  <0.9993326671918166>}
x[0,7]{1  <1.0>}
x[1,0]{2  <1.0>}
x[1,1]{1  <1.0>}
x[1,2]{7  <1.0>}
x[1,3]{6  <1.0>}
x[1,4]{5  <1.0>}
x[1,5]{0  <1.0>}
x[1,6]{4  <1.0>}
x[1,7]{3  <1.0>}
x[2,0]{1  <1.0>}
x[2,1]{6  <1.0>}
x[2,2]{0  <6.255490658691503E-4>, 3  <0.8713315585042415>, 2  <0.1280428924298893>}
x[2,3]{7  <1.0>}
x[2,4]{3  <0.13287939879934066>, 2  <0.8671206012006595>}
x[2,5]{4  <1.0>}
x[2,6]{0  <0.9993549042832598>, 3  <6.439980734475719E-4>, 2  <1.0976432926100054E-6>}
x[2,7]{5  <1.0>}
x[3,0]{6  <1.0>}
x[3,1]{7  <1.0>}
x[3,2]{4  <1.0>}
x[3,3]{0  <1.0>}
x[3,4]{1  <1.0>}
x[3,5]{3  <1.0>}
x[3,6]{5  <1.0>}
x[3,7]{2  <1.0>}
x[4,0]{4  <1.0>}
x[4,1]{3  <1.0>}
x[4,2]{6  <0.9954429720262749>, 2  <0.004557027973725065>}
x[4,3]{5  <1.0>}
x[4,4]{0  <1.0>}
x[4,5]{1  <1.0>}
x[4,6]{6  <0.004935351346816723>, 2  <0.9950646486531833>}
x[4,7]{7  <1.0>}
x[5,0]{0  <1.0>}
x[5,1]{4  <1.0>}
x[5,2]{5  <1.0>}
x[5,3]{3  <1.0>}
x[5,4]{7  <1.0>}
x[5,5]{2  <1.0>}
x[5,6]{1  <1.0>}
x[5,7]{6  <1.0>}
x[6,0]{5  <1.0>}
x[6,1]{0  <1.0>}
x[6,2]{3  <0.11883696758490542>, 6  <0.004539557092344064>, 2  <0.8766234753227506>}
x[6,3]{1  <1.0>}
x[6,4]{2  <0.12296203888440783>, 3  <0.8770379611155921>}
x[6,5]{7  <1.0>}
x[6,6]{3  <1.2517410968753516E-6>, 6  <0.9949239074749044>, 2  <0.0050748407839987615>}
x[6,7]{4  <1.0>}
x[7,0]{3  <1.0>}
x[7,1]{5  <1.0>}
x[7,2]{1  <1.0>}
x[7,3]{2  <1.0>}
x[7,4]{4  <1.0>}
x[7,5]{6  <1.0>}
x[7,6]{7  <1.0>}
x[7,7]{0  <1.0>}
problem entropy = 0.19507305120600266
smallest variable entropy = 0.005391928428163261
##### after BP iteration 7 #####
x[0,0]{7  <1.0>}
x[0,1]{2  <1.0>}
x[0,2]{0  <0.9996518338329554>, 3  <3.481661670445824E-4>}
x[0,3]{4  <1.0>}
x[0,4]{6  <1.0>}
x[0,5]{5  <1.0>}
x[0,6]{0  <3.1970094989907494E-4>, 3  <0.9996802990501009>}
x[0,7]{1  <1.0>}
x[1,0]{2  <1.0>}
x[1,1]{1  <1.0>}
x[1,2]{7  <1.0>}
x[1,3]{6  <1.0>}
x[1,4]{5  <1.0>}
x[1,5]{0  <1.0>}
x[1,6]{4  <1.0>}
x[1,7]{3  <1.0>}
x[2,0]{1  <1.0>}
x[2,1]{6  <1.0>}
x[2,2]{0  <3.8845755026018343E-4>, 3  <0.8859491543306639>, 2  <0.11366238811907582>}
x[2,3]{7  <1.0>}
x[2,4]{3  <0.11170532583566443>, 2  <0.8882946741643356>}
x[2,5]{4  <1.0>}
x[2,6]{0  <0.9996502079808517>, 3  <3.494526691653431E-4>, 2  <3.3934998286584E-7>}
x[2,7]{5  <1.0>}
x[3,0]{6  <1.0>}
x[3,1]{7  <1.0>}
x[3,2]{4  <1.0>}
x[3,3]{0  <1.0>}
x[3,4]{1  <1.0>}
x[3,5]{3  <1.0>}
x[3,6]{5  <1.0>}
x[3,7]{2  <1.0>}
x[4,0]{4  <1.0>}
x[4,1]{3  <1.0>}
x[4,2]{6  <0.9968898246439589>, 2  <0.0031101753560410887>}
x[4,3]{5  <1.0>}
x[4,4]{0  <1.0>}
x[4,5]{1  <1.0>}
x[4,6]{6  <0.0031287950201308104>, 2  <0.9968712049798691>}
x[4,7]{7  <1.0>}
x[5,0]{0  <1.0>}
x[5,1]{4  <1.0>}
x[5,2]{5  <1.0>}
x[5,3]{3  <1.0>}
x[5,4]{7  <1.0>}
x[5,5]{2  <1.0>}
x[5,6]{1  <1.0>}
x[5,7]{6  <1.0>}
x[6,0]{5  <1.0>}
x[6,1]{0  <1.0>}
x[6,2]{3  <0.11345311900088272>, 6  <0.0032883826668760525>, 2  <0.8832584983322411>}
x[6,3]{1  <1.0>}
x[6,4]{2  <0.11172998258051806>, 3  <0.8882700174194819>}
x[6,5]{7  <1.0>}
x[6,6]{3  <3.6670353348162127E-7>, 6  <0.9967633568940047>, 2  <0.0032362764024619116>}
x[6,7]{4  <1.0>}
x[7,0]{3  <1.0>}
x[7,1]{5  <1.0>}
x[7,2]{1  <1.0>}
x[7,3]{2  <1.0>}
x[7,4]{4  <1.0>}
x[7,5]{6  <1.0>}
x[7,6]{7  <1.0>}
x[7,7]{0  <1.0>}
problem entropy = 0.17695153206043013
smallest variable entropy = 0.002892642897468819
##### after BP iteration 8 #####
x[0,0]{7  <1.0>}
x[0,1]{2  <1.0>}
x[0,2]{0  <0.9998124683335818>, 3  <1.8753166641807966E-4>}
x[0,3]{4  <1.0>}
x[0,4]{6  <1.0>}
x[0,5]{5  <1.0>}
x[0,6]{0  <1.770258327574687E-4>, 3  <0.9998229741672425>}
x[0,7]{1  <1.0>}
x[1,0]{2  <1.0>}
x[1,1]{1  <1.0>}
x[1,2]{7  <1.0>}
x[1,3]{6  <1.0>}
x[1,4]{5  <1.0>}
x[1,5]{0  <1.0>}
x[1,6]{4  <1.0>}
x[1,7]{3  <1.0>}
x[2,0]{1  <1.0>}
x[2,1]{6  <1.0>}
x[2,2]{0  <2.024572031641143E-4>, 3  <0.9001841620502697>, 2  <0.09961338074656614>}
x[2,3]{7  <1.0>}
x[2,4]{3  <0.09647043950068078>, 2  <0.9035295604993192>}
x[2,5]{4  <1.0>}
x[2,6]{0  <0.9998062350435782>, 3  <1.936639035288937E-4>, 2  <1.0105289281685998E-7>}
x[2,7]{5  <1.0>}
x[3,0]{6  <1.0>}
x[3,1]{7  <1.0>}
x[3,2]{4  <1.0>}
x[3,3]{0  <1.0>}
x[3,4]{1  <1.0>}
x[3,5]{3  <1.0>}
x[3,6]{5  <1.0>}
x[3,7]{2  <1.0>}
x[4,0]{4  <1.0>}
x[4,1]{3  <1.0>}
x[4,2]{6  <0.9977820143691469>, 2  <0.0022179856308531505>}
x[4,3]{5  <1.0>}
x[4,4]{0  <1.0>}
x[4,5]{1  <1.0>}
x[4,6]{6  <0.002044484629868887>, 2  <0.9979555153701312>}
x[4,7]{7  <1.0>}
x[5,0]{0  <1.0>}
x[5,1]{4  <1.0>}
x[5,2]{5  <1.0>}
x[5,3]{3  <1.0>}
x[5,4]{7  <1.0>}
x[5,5]{2  <1.0>}
x[5,6]{1  <1.0>}
x[5,7]{6  <1.0>}
x[6,0]{5  <1.0>}
x[6,1]{0  <1.0>}
x[6,2]{3  <0.10562763437320155>, 6  <0.0022259542531515245>, 2  <0.8921464113736469>}
x[6,3]{1  <1.0>}
x[6,4]{2  <0.10217671702764948>, 3  <0.8978232829723505>}
x[6,5]{7  <1.0>}
x[6,6]{3  <1.1394499396511952E-7>, 6  <0.9979189054948523>, 2  <0.0020809805601537425>}
x[6,7]{4  <1.0>}
x[7,0]{3  <1.0>}
x[7,1]{5  <1.0>}
x[7,2]{1  <1.0>}
x[7,3]{2  <1.0>}
x[7,4]{4  <1.0>}
x[7,5]{6  <1.0>}
x[7,6]{7  <1.0>}
x[7,7]{0  <1.0>}
problem entropy = 0.16158917273668522
smallest variable entropy = 0.0017063743727245494
##### after BP iteration 9 #####
x[0,0]{7  <1.0>}
x[0,1]{2  <1.0>}
x[0,2]{0  <0.999897617469782>, 3  <1.023825302180673E-4>}
x[0,3]{4  <1.0>}
x[0,4]{6  <1.0>}
x[0,5]{5  <1.0>}
x[0,6]{0  <1.0726571053286946E-4>, 3  <0.9998927342894671>}
x[0,7]{1  <1.0>}
x[1,0]{2  <1.0>}
x[1,1]{1  <1.0>}
x[1,2]{7  <1.0>}
x[1,3]{6  <1.0>}
x[1,4]{5  <1.0>}
x[1,5]{0  <1.0>}
x[1,6]{4  <1.0>}
x[1,7]{3  <1.0>}
x[2,0]{1  <1.0>}
x[2,1]{6  <1.0>}
x[2,2]{0  <9.9978441120746E-5>, 3  <0.9104882077161294>, 2  <0.08941181384274967>}
x[2,3]{7  <1.0>}
x[2,4]{3  <0.08954172676896022>, 2  <0.9104582732310398>}
x[2,5]{4  <1.0>}
x[2,6]{0  <0.9998962577911963>, 3  <1.0371039475822E-4>, 2  <3.1814045477742E-8>}
x[2,7]{5  <1.0>}
x[3,0]{6  <1.0>}
x[3,1]{7  <1.0>}
x[3,2]{4  <1.0>}
x[3,3]{0  <1.0>}
x[3,4]{1  <1.0>}
x[3,5]{3  <1.0>}
x[3,6]{5  <1.0>}
x[3,7]{2  <1.0>}
x[4,0]{4  <1.0>}
x[4,1]{3  <1.0>}
x[4,2]{6  <0.998516881356405>, 2  <0.0014831186435949719>}
x[4,3]{5  <1.0>}
x[4,4]{0  <1.0>}
x[4,5]{1  <1.0>}
x[4,6]{6  <0.0014434492196289937>, 2  <0.998556550780371>}
x[4,7]{7  <1.0>}
x[5,0]{0  <1.0>}
x[5,1]{4  <1.0>}
x[5,2]{5  <1.0>}
x[5,3]{3  <1.0>}
x[5,4]{7  <1.0>}
x[5,5]{2  <1.0>}
x[5,6]{1  <1.0>}
x[5,7]{6  <1.0>}
x[6,0]{5  <1.0>}
x[6,1]{0  <1.0>}
x[6,2]{3  <0.09109214292071038>, 6  <0.0014575483465424947>, 2  <0.9074503087327471>}
x[6,3]{1  <1.0>}
x[6,4]{2  <0.09131199962910803>, 3  <0.9086880003708919>}
x[6,5]{7  <1.0>}
x[6,6]{3  <3.74668552144925E-8>, 6  <0.998594511701465>, 2  <0.0014054508316798601>}
x[6,7]{4  <1.0>}
x[7,0]{3  <1.0>}
x[7,1]{5  <1.0>}
x[7,2]{1  <1.0>}
x[7,3]{2  <1.0>}
x[7,4]{4  <1.0>}
x[7,5]{6  <1.0>}
x[7,6]{7  <1.0>}
x[7,7]{0  <1.0>}
problem entropy = 0.14838654721544997
smallest variable entropy = 0.0010429445506889893
##### after BP iteration 10 #####
x[0,0]{7  <1.0>}
x[0,1]{2  <1.0>}
x[0,2]{0  <0.9999429890385746>, 3  <5.701096142548627E-5>}
x[0,3]{4  <1.0>}
x[0,4]{6  <1.0>}
x[0,5]{5  <1.0>}
x[0,6]{0  <5.9536536305709356E-5>, 3  <0.9999404634636943>}
x[0,7]{1  <1.0>}
x[1,0]{2  <1.0>}
x[1,1]{1  <1.0>}
x[1,2]{7  <1.0>}
x[1,3]{6  <1.0>}
x[1,4]{5  <1.0>}
x[1,5]{0  <1.0>}
x[1,6]{4  <1.0>}
x[1,7]{3  <1.0>}
x[2,0]{1  <1.0>}
x[2,1]{6  <1.0>}
x[2,2]{0  <5.320218985573983E-5>, 3  <0.9186779129475773>, 2  <0.08126888486256678>}
x[2,3]{7  <1.0>}
x[2,4]{3  <0.08336119193809731>, 2  <0.9166388080619027>}
x[2,5]{4  <1.0>}
x[2,6]{0  <0.9999440937723344>, 3  <5.5895282448988724E-5>, 2  <1.0945216645279213E-8>}
x[2,7]{5  <1.0>}
x[3,0]{6  <1.0>}
x[3,1]{7  <1.0>}
x[3,2]{4  <1.0>}
x[3,3]{0  <1.0>}
x[3,4]{1  <1.0>}
x[3,5]{3  <1.0>}
x[3,6]{5  <1.0>}
x[3,7]{2  <1.0>}
x[4,0]{4  <1.0>}
x[4,1]{3  <1.0>}
x[4,2]{6  <0.999027835696232>, 2  <9.721643037680147E-4>}
x[4,3]{5  <1.0>}
x[4,4]{0  <1.0>}
x[4,5]{1  <1.0>}
x[4,6]{6  <0.0010046117526146755>, 2  <0.9989953882473853>}
x[4,7]{7  <1.0>}
x[5,0]{0  <1.0>}
x[5,1]{4  <1.0>}
x[5,2]{5  <1.0>}
x[5,3]{3  <1.0>}
x[5,4]{7  <1.0>}
x[5,5]{2  <1.0>}
x[5,6]{1  <1.0>}
x[5,7]{6  <1.0>}
x[6,0]{5  <1.0>}
x[6,1]{0  <1.0>}
x[6,2]{3  <0.07829312472047688>, 6  <9.598309624814438E-4>, 2  <0.9207470443170417>}
x[6,3]{1  <1.0>}
x[6,4]{2  <0.08025188655717416>, 3  <0.9197481134428259>}
x[6,5]{7  <1.0>}
x[6,6]{3  <1.2802081336336554E-8>, 6  <0.9990022757627718>, 2  <9.97711435146936E-4>}
x[6,7]{4  <1.0>}
x[7,0]{3  <1.0>}
x[7,1]{5  <1.0>}
x[7,2]{1  <1.0>}
x[7,3]{2  <1.0>}
x[7,4]{4  <1.0>}
x[7,5]{6  <1.0>}
x[7,6]{7  <1.0>}
x[7,7]{0  <1.0>}
problem entropy = 0.1362988736777328
smallest variable entropy = 6.034336093665211E-4
### branching on x[2,6]=0 marginal=0.9999440937723344
##### after BP iteration 1 #####
x[0,0]{7  <1.0>}
x[0,1]{2  <1.0>}
x[0,2]{0  <1.0>}
x[0,3]{4  <1.0>}
x[0,4]{6  <1.0>}
x[0,5]{5  <1.0>}
x[0,6]{3  <1.0>}
x[0,7]{1  <1.0>}
x[1,0]{2  <1.0>}
x[1,1]{1  <1.0>}
x[1,2]{7  <1.0>}
x[1,3]{6  <1.0>}
x[1,4]{5  <1.0>}
x[1,5]{0  <1.0>}
x[1,6]{4  <1.0>}
x[1,7]{3  <1.0>}
x[2,0]{1  <1.0>}
x[2,1]{6  <1.0>}
x[2,2]{2  <0.07288244730143767>, 3  <0.9271175526985623>}
x[2,3]{7  <1.0>}
x[2,4]{3  <0.07331837480841046>, 2  <0.9266816251915895>}
x[2,5]{4  <1.0>}
x[2,6]{0  <1.0>}
x[2,7]{5  <1.0>}
x[3,0]{6  <1.0>}
x[3,1]{7  <1.0>}
x[3,2]{4  <1.0>}
x[3,3]{0  <1.0>}
x[3,4]{1  <1.0>}
x[3,5]{3  <1.0>}
x[3,6]{5  <1.0>}
x[3,7]{2  <1.0>}
x[4,0]{4  <1.0>}
x[4,1]{3  <1.0>}
x[4,2]{6  <0.9993467284034754>, 2  <6.532715965246771E-4>}
x[4,3]{5  <1.0>}
x[4,4]{0  <1.0>}
x[4,5]{1  <1.0>}
x[4,6]{6  <6.765064966871594E-4>, 2  <0.9993234935033128>}
x[4,7]{7  <1.0>}
x[5,0]{0  <1.0>}
x[5,1]{4  <1.0>}
x[5,2]{5  <1.0>}
x[5,3]{3  <1.0>}
x[5,4]{7  <1.0>}
x[5,5]{2  <1.0>}
x[5,6]{1  <1.0>}
x[5,7]{6  <1.0>}
x[6,0]{5  <1.0>}
x[6,1]{0  <1.0>}
x[6,2]{3  <0.07099202813802187>, 6  <6.647606903453132E-4>, 2  <0.9283432111716328>}
x[6,3]{1  <1.0>}
x[6,4]{2  <0.07145252847847379>, 3  <0.9285474715215262>}
x[6,5]{7  <1.0>}
x[6,6]{2  <6.854874969452967E-4>, 6  <0.9993145125030547>}
x[6,7]{4  <1.0>}
x[7,0]{3  <1.0>}
x[7,1]{5  <1.0>}
x[7,2]{1  <1.0>}
x[7,3]{2  <1.0>}
x[7,4]{4  <1.0>}
x[7,5]{6  <1.0>}
x[7,6]{7  <1.0>}
x[7,7]{0  <1.0>}
problem entropy = 0.1983474063396713
smallest variable entropy = 0.005443836914920965
##### after BP iteration 2 #####
x[0,0]{7  <1.0>}
x[0,1]{2  <1.0>}
x[0,2]{0  <1.0>}
x[0,3]{4  <1.0>}
x[0,4]{6  <1.0>}
x[0,5]{5  <1.0>}
x[0,6]{3  <1.0>}
x[0,7]{1  <1.0>}
x[1,0]{2  <1.0>}
x[1,1]{1  <1.0>}
x[1,2]{7  <1.0>}
x[1,3]{6  <1.0>}
x[1,4]{5  <1.0>}
x[1,5]{0  <1.0>}
x[1,6]{4  <1.0>}
x[1,7]{3  <1.0>}
x[2,0]{1  <1.0>}
x[2,1]{6  <1.0>}
x[2,2]{2  <0.06428279239262488>, 3  <0.9357172076073752>}
x[2,3]{7  <1.0>}
x[2,4]{3  <0.06321597898305104>, 2  <0.936784021016949>}
x[2,5]{4  <1.0>}
x[2,6]{0  <1.0>}
x[2,7]{5  <1.0>}
x[3,0]{6  <1.0>}
x[3,1]{7  <1.0>}
x[3,2]{4  <1.0>}
x[3,3]{0  <1.0>}
x[3,4]{1  <1.0>}
x[3,5]{3  <1.0>}
x[3,6]{5  <1.0>}
x[3,7]{2  <1.0>}
x[4,0]{4  <1.0>}
x[4,1]{3  <1.0>}
x[4,2]{6  <0.9995422053693481>, 2  <4.5779463065191413E-4>}
x[4,3]{5  <1.0>}
x[4,4]{0  <1.0>}
x[4,5]{1  <1.0>}
x[4,6]{6  <4.5017168133224656E-4>, 2  <0.9995498283186677>}
x[4,7]{7  <1.0>}
x[5,0]{0  <1.0>}
x[5,1]{4  <1.0>}
x[5,2]{5  <1.0>}
x[5,3]{3  <1.0>}
x[5,4]{7  <1.0>}
x[5,5]{2  <1.0>}
x[5,6]{1  <1.0>}
x[5,7]{6  <1.0>}
x[6,0]{5  <1.0>}
x[6,1]{0  <1.0>}
x[6,2]{3  <0.0656153237787373>, 6  <4.64163552943355E-4>, 2  <0.9339205126683193>}
x[6,3]{1  <1.0>}
x[6,4]{2  <0.06449646587844275>, 3  <0.9355035341215573>}
x[6,5]{7  <1.0>}
x[6,6]{2  <4.5742947890221755E-4>, 6  <0.9995425705210979>}
x[6,7]{4  <1.0>}
x[7,0]{3  <1.0>}
x[7,1]{5  <1.0>}
x[7,2]{1  <1.0>}
x[7,3]{2  <1.0>}
x[7,4]{4  <1.0>}
x[7,5]{6  <1.0>}
x[7,6]{7  <1.0>}
x[7,7]{0  <1.0>}
problem entropy = 0.18150198984709381
smallest variable entropy = 0.003919039985109353
##### after BP iteration 3 #####
x[0,0]{7  <1.0>}
x[0,1]{2  <1.0>}
x[0,2]{0  <1.0>}
x[0,3]{4  <1.0>}
x[0,4]{6  <1.0>}
x[0,5]{5  <1.0>}
x[0,6]{3  <1.0>}
x[0,7]{1  <1.0>}
x[1,0]{2  <1.0>}
x[1,1]{1  <1.0>}
x[1,2]{7  <1.0>}
x[1,3]{6  <1.0>}
x[1,4]{5  <1.0>}
x[1,5]{0  <1.0>}
x[1,6]{4  <1.0>}
x[1,7]{3  <1.0>}
x[2,0]{1  <1.0>}
x[2,1]{6  <1.0>}
x[2,2]{2  <0.05697412242842935>, 3  <0.9430258775715706>}
x[2,3]{7  <1.0>}
x[2,4]{3  <0.05639755843857918>, 2  <0.9436024415614209>}
x[2,5]{4  <1.0>}
x[2,6]{0  <1.0>}
x[2,7]{5  <1.0>}
x[3,0]{6  <1.0>}
x[3,1]{7  <1.0>}
x[3,2]{4  <1.0>}
x[3,3]{0  <1.0>}
x[3,4]{1  <1.0>}
x[3,5]{3  <1.0>}
x[3,6]{5  <1.0>}
x[3,7]{2  <1.0>}
x[4,0]{4  <1.0>}
x[4,1]{3  <1.0>}
x[4,2]{6  <0.9996812625709347>, 2  <3.187374290653117E-4>}
x[4,3]{5  <1.0>}
x[4,4]{0  <1.0>}
x[4,5]{1  <1.0>}
x[4,6]{6  <3.087420119477784E-4>, 2  <0.9996912579880523>}
x[4,7]{7  <1.0>}
x[5,0]{0  <1.0>}
x[5,1]{4  <1.0>}
x[5,2]{5  <1.0>}
x[5,3]{3  <1.0>}
x[5,4]{7  <1.0>}
x[5,5]{2  <1.0>}
x[5,6]{1  <1.0>}
x[5,7]{6  <1.0>}
x[6,0]{5  <1.0>}
x[6,1]{0  <1.0>}
x[6,2]{3  <0.05846301585973954>, 6  <3.1820343002977007E-4>, 2  <0.9412187807102307>}
x[6,3]{1  <1.0>}
x[6,4]{2  <0.057890947614798266>, 3  <0.9421090523852018>}
x[6,5]{7  <1.0>}
x[6,6]{2  <3.077230174499421E-4>, 6  <0.99969227698255>}
x[6,7]{4  <1.0>}
x[7,0]{3  <1.0>}
x[7,1]{5  <1.0>}
x[7,2]{1  <1.0>}
x[7,3]{2  <1.0>}
x[7,4]{4  <1.0>}
x[7,5]{6  <1.0>}
x[7,6]{7  <1.0>}
x[7,7]{0  <1.0>}
problem entropy = 0.1664110126859005
smallest variable entropy = 0.0027960195248356748
##### after BP iteration 4 #####
x[0,0]{7  <1.0>}
x[0,1]{2  <1.0>}
x[0,2]{0  <1.0>}
x[0,3]{4  <1.0>}
x[0,4]{6  <1.0>}
x[0,5]{5  <1.0>}
x[0,6]{3  <1.0>}
x[0,7]{1  <1.0>}
x[1,0]{2  <1.0>}
x[1,1]{1  <1.0>}
x[1,2]{7  <1.0>}
x[1,3]{6  <1.0>}
x[1,4]{5  <1.0>}
x[1,5]{0  <1.0>}
x[1,6]{4  <1.0>}
x[1,7]{3  <1.0>}
x[2,0]{1  <1.0>}
x[2,1]{6  <1.0>}
x[2,2]{2  <0.051100821921582266>, 3  <0.9488991780784177>}
x[2,3]{7  <1.0>}
x[2,4]{3  <0.051598575505460396>, 2  <0.9484014244945397>}
x[2,5]{4  <1.0>}
x[2,6]{0  <1.0>}
x[2,7]{5  <1.0>}
x[3,0]{6  <1.0>}
x[3,1]{7  <1.0>}
x[3,2]{4  <1.0>}
x[3,3]{0  <1.0>}
x[3,4]{1  <1.0>}
x[3,5]{3  <1.0>}
x[3,6]{5  <1.0>}
x[3,7]{2  <1.0>}
x[4,0]{4  <1.0>}
x[4,1]{3  <1.0>}
x[4,2]{6  <0.999783253860182>, 2  <2.167461398180212E-4>}
x[4,3]{5  <1.0>}
x[4,4]{0  <1.0>}
x[4,5]{1  <1.0>}
x[4,6]{6  <2.157346834179174E-4>, 2  <0.999784265316582>}
x[4,7]{7  <1.0>}
x[5,0]{0  <1.0>}
x[5,1]{4  <1.0>}
x[5,2]{5  <1.0>}
x[5,3]{3  <1.0>}
x[5,4]{7  <1.0>}
x[5,5]{2  <1.0>}
x[5,6]{1  <1.0>}
x[5,7]{6  <1.0>}
x[6,0]{5  <1.0>}
x[6,1]{0  <1.0>}
x[6,2]{3  <0.050755033437998406>, 6  <2.1490428062428848E-4>, 2  <0.9490300622813773>}
x[6,3]{1  <1.0>}
x[6,4]{2  <0.05123238915184781>, 3  <0.9487676108481522>}
x[6,5]{7  <1.0>}
x[6,6]{2  <2.1404705616059612E-4>, 6  <0.9997859529438394>}
x[6,7]{4  <1.0>}
x[7,0]{3  <1.0>}
x[7,1]{5  <1.0>}
x[7,2]{1  <1.0>}
x[7,3]{2  <1.0>}
x[7,4]{4  <1.0>}
x[7,5]{6  <1.0>}
x[7,6]{7  <1.0>}
x[7,7]{0  <1.0>}
problem entropy = 0.15273892805024453
smallest variable entropy = 0.002022575079965122
##### after BP iteration 5 #####
x[0,0]{7  <1.0>}
x[0,1]{2  <1.0>}
x[0,2]{0  <1.0>}
x[0,3]{4  <1.0>}
x[0,4]{6  <1.0>}
x[0,5]{5  <1.0>}
x[0,6]{3  <1.0>}
x[0,7]{1  <1.0>}
x[1,0]{2  <1.0>}
x[1,1]{1  <1.0>}
x[1,2]{7  <1.0>}
x[1,3]{6  <1.0>}
x[1,4]{5  <1.0>}
x[1,5]{0  <1.0>}
x[1,6]{4  <1.0>}
x[1,7]{3  <1.0>}
x[2,0]{1  <1.0>}
x[2,1]{6  <1.0>}
x[2,2]{2  <0.04582021834665491>, 3  <0.9541797816533452>}
x[2,3]{7  <1.0>}
x[2,4]{3  <0.0462958433602531>, 2  <0.9537041566397468>}
x[2,5]{4  <1.0>}
x[2,6]{0  <1.0>}
x[2,7]{5  <1.0>}
x[3,0]{6  <1.0>}
x[3,1]{7  <1.0>}
x[3,2]{4  <1.0>}
x[3,3]{0  <1.0>}
x[3,4]{1  <1.0>}
x[3,5]{3  <1.0>}
x[3,6]{5  <1.0>}
x[3,7]{2  <1.0>}
x[4,0]{4  <1.0>}
x[4,1]{3  <1.0>}
x[4,2]{6  <0.9998531755506106>, 2  <1.4682444938941993E-4>}
x[4,3]{5  <1.0>}
x[4,4]{0  <1.0>}
x[4,5]{1  <1.0>}
x[4,6]{6  <1.497272343468352E-4>, 2  <0.9998502727656532>}
x[4,7]{7  <1.0>}
x[5,0]{0  <1.0>}
x[5,1]{4  <1.0>}
x[5,2]{5  <1.0>}
x[5,3]{3  <1.0>}
x[5,4]{7  <1.0>}
x[5,5]{2  <1.0>}
x[5,6]{1  <1.0>}
x[5,7]{6  <1.0>}
x[6,0]{5  <1.0>}
x[6,1]{0  <1.0>}
x[6,2]{3  <0.044841855603891326>, 6  <1.4709087121544734E-4>, 2  <0.9550110535248931>}
x[6,3]{1  <1.0>}
x[6,4]{2  <0.04531610082468534>, 3  <0.9546838991753147>}
x[6,5]{7  <1.0>}
x[6,6]{2  <1.4985965703643656E-4>, 6  <0.9998501403429636>}
x[6,7]{4  <1.0>}
x[7,0]{3  <1.0>}
x[7,1]{5  <1.0>}
x[7,2]{1  <1.0>}
x[7,3]{2  <1.0>}
x[7,4]{4  <1.0>}
x[7,5]{6  <1.0>}
x[7,6]{7  <1.0>}
x[7,7]{0  <1.0>}
problem entropy = 0.13988730363461657
smallest variable entropy = 0.0014427263298360273
##### after BP iteration 6 #####
x[0,0]{7  <1.0>}
x[0,1]{2  <1.0>}
x[0,2]{0  <1.0>}
x[0,3]{4  <1.0>}
x[0,4]{6  <1.0>}
x[0,5]{5  <1.0>}
x[0,6]{3  <1.0>}
x[0,7]{1  <1.0>}
x[1,0]{2  <1.0>}
x[1,1]{1  <1.0>}
x[1,2]{7  <1.0>}
x[1,3]{6  <1.0>}
x[1,4]{5  <1.0>}
x[1,5]{0  <1.0>}
x[1,6]{4  <1.0>}
x[1,7]{3  <1.0>}
x[2,0]{1  <1.0>}
x[2,1]{6  <1.0>}
x[2,2]{2  <0.040655119234335624>, 3  <0.9593448807656644>}
x[2,3]{7  <1.0>}
x[2,4]{3  <0.04050317771478154>, 2  <0.9594968222852184>}
x[2,5]{4  <1.0>}
x[2,6]{0  <1.0>}
x[2,7]{5  <1.0>}
x[3,0]{6  <1.0>}
x[3,1]{7  <1.0>}
x[3,2]{4  <1.0>}
x[3,3]{0  <1.0>}
x[3,4]{1  <1.0>}
x[3,5]{3  <1.0>}
x[3,6]{5  <1.0>}
x[3,7]{2  <1.0>}
x[4,0]{4  <1.0>}
x[4,1]{3  <1.0>}
x[4,2]{6  <0.9998984461205557>, 2  <1.0155387944433864E-4>}
x[4,3]{5  <1.0>}
x[4,4]{0  <1.0>}
x[4,5]{1  <1.0>}
x[4,6]{6  <1.0238612511002488E-4>, 2  <0.99989761387489>}
x[4,7]{7  <1.0>}
x[5,0]{0  <1.0>}
x[5,1]{4  <1.0>}
x[5,2]{5  <1.0>}
x[5,3]{3  <1.0>}
x[5,4]{7  <1.0>}
x[5,5]{2  <1.0>}
x[5,6]{1  <1.0>}
x[5,7]{6  <1.0>}
x[6,0]{5  <1.0>}
x[6,1]{0  <1.0>}
x[6,2]{3  <0.04059890968881538>, 6  <1.0238764558857924E-4>, 2  <0.9592987026655961>}
x[6,3]{1  <1.0>}
x[6,4]{2  <0.040438787266514585>, 3  <0.9595612127334854>}
x[6,5]{7  <1.0>}
x[6,6]{2  <1.0323030525459024E-4>, 6  <0.9998967696947454>}
x[6,7]{4  <1.0>}
x[7,0]{3  <1.0>}
x[7,1]{5  <1.0>}
x[7,2]{1  <1.0>}
x[7,3]{2  <1.0>}
x[7,4]{4  <1.0>}
x[7,5]{6  <1.0>}
x[7,6]{7  <1.0>}
x[7,7]{0  <1.0>}
problem entropy = 0.12774859561943663
smallest variable entropy = 0.0010353286283509816
##### after BP iteration 7 #####
x[0,0]{7  <1.0>}
x[0,1]{2  <1.0>}
x[0,2]{0  <1.0>}
x[0,3]{4  <1.0>}
x[0,4]{6  <1.0>}
x[0,5]{5  <1.0>}
x[0,6]{3  <1.0>}
x[0,7]{1  <1.0>}
x[1,0]{2  <1.0>}
x[1,1]{1  <1.0>}
x[1,2]{7  <1.0>}
x[1,3]{6  <1.0>}
x[1,4]{5  <1.0>}
x[1,5]{0  <1.0>}
x[1,6]{4  <1.0>}
x[1,7]{3  <1.0>}
x[2,0]{1  <1.0>}
x[2,1]{6  <1.0>}
x[2,2]{2  <0.03594660305802706>, 3  <0.964053396941973>}
x[2,3]{7  <1.0>}
x[2,4]{3  <0.03562420587729192>, 2  <0.9643757941227081>}
x[2,5]{4  <1.0>}
x[2,6]{0  <1.0>}
x[2,7]{5  <1.0>}
x[3,0]{6  <1.0>}
x[3,1]{7  <1.0>}
x[3,2]{4  <1.0>}
x[3,3]{0  <1.0>}
x[3,4]{1  <1.0>}
x[3,5]{3  <1.0>}
x[3,6]{5  <1.0>}
x[3,7]{2  <1.0>}
x[4,0]{4  <1.0>}
x[4,1]{3  <1.0>}
x[4,2]{6  <0.9999289147493068>, 2  <7.108525069327517E-5>}
x[4,3]{5  <1.0>}
x[4,4]{0  <1.0>}
x[4,5]{1  <1.0>}
x[4,6]{6  <7.021277324005847E-5>, 2  <0.99992978722676>}
x[4,7]{7  <1.0>}
x[5,0]{0  <1.0>}
x[5,1]{4  <1.0>}
x[5,2]{5  <1.0>}
x[5,3]{3  <1.0>}
x[5,4]{7  <1.0>}
x[5,5]{2  <1.0>}
x[5,6]{1  <1.0>}
x[5,7]{6  <1.0>}
x[6,0]{5  <1.0>}
x[6,1]{0  <1.0>}
x[6,2]{3  <0.03650892985171365>, 6  <7.137105023377713E-5>, 2  <0.9634196990980525>}
x[6,3]{1  <1.0>}
x[6,4]{2  <0.036184955431627086>, 3  <0.9638150445683729>}
x[6,5]{7  <1.0>}
x[6,6]{2  <7.046691282622348E-5>, 6  <0.9999295330871738>}
x[6,7]{4  <1.0>}
x[7,0]{3  <1.0>}
x[7,1]{5  <1.0>}
x[7,2]{1  <1.0>}
x[7,3]{2  <1.0>}
x[7,4]{4  <1.0>}
x[7,5]{6  <1.0>}
x[7,6]{7  <1.0>}
x[7,7]{0  <1.0>}
problem entropy = 0.11661331758386875
smallest variable entropy = 7.41723888938522E-4
### branching on x[4,6]=2 marginal=0.99992978722676
##### after BP iteration 1 #####
x[0,0]{7  <1.0>}
x[0,1]{2  <1.0>}
x[0,2]{0  <1.0>}
x[0,3]{4  <1.0>}
x[0,4]{6  <1.0>}
x[0,5]{5  <1.0>}
x[0,6]{3  <1.0>}
x[0,7]{1  <1.0>}
x[1,0]{2  <1.0>}
x[1,1]{1  <1.0>}
x[1,2]{7  <1.0>}
x[1,3]{6  <1.0>}
x[1,4]{5  <1.0>}
x[1,5]{0  <1.0>}
x[1,6]{4  <1.0>}
x[1,7]{3  <1.0>}
x[2,0]{1  <1.0>}
x[2,1]{6  <1.0>}
x[2,2]{2  <0.03196231591337198>, 3  <0.968037684086628>}
x[2,3]{7  <1.0>}
x[2,4]{3  <0.03196577610065219>, 2  <0.9680342238993479>}
x[2,5]{4  <1.0>}
x[2,6]{0  <1.0>}
x[2,7]{5  <1.0>}
x[3,0]{6  <1.0>}
x[3,1]{7  <1.0>}
x[3,2]{4  <1.0>}
x[3,3]{0  <1.0>}
x[3,4]{1  <1.0>}
x[3,5]{3  <1.0>}
x[3,6]{5  <1.0>}
x[3,7]{2  <1.0>}
x[4,0]{4  <1.0>}
x[4,1]{3  <1.0>}
x[4,2]{6  <1.0>}
x[4,3]{5  <1.0>}
x[4,4]{0  <1.0>}
x[4,5]{1  <1.0>}
x[4,6]{2  <1.0>}
x[4,7]{7  <1.0>}
x[5,0]{0  <1.0>}
x[5,1]{4  <1.0>}
x[5,2]{5  <1.0>}
x[5,3]{3  <1.0>}
x[5,4]{7  <1.0>}
x[5,5]{2  <1.0>}
x[5,6]{1  <1.0>}
x[5,7]{6  <1.0>}
x[6,0]{5  <1.0>}
x[6,1]{0  <1.0>}
x[6,2]{3  <0.03215909315628538>, 2  <0.9678409068437147>}
x[6,3]{1  <1.0>}
x[6,4]{2  <0.032157578715417336>, 3  <0.9678424212845826>}
x[6,5]{7  <1.0>}
x[6,6]{6  <1.0>}
x[6,7]{4  <1.0>}
x[7,0]{3  <1.0>}
x[7,1]{5  <1.0>}
x[7,2]{1  <1.0>}
x[7,3]{2  <1.0>}
x[7,4]{4  <1.0>}
x[7,5]{6  <1.0>}
x[7,6]{7  <1.0>}
x[7,7]{0  <1.0>}
problem entropy = 0.20462535445640273
smallest variable entropy = 0.14149856292810978
##### after BP iteration 2 #####
x[0,0]{7  <1.0>}
x[0,1]{2  <1.0>}
x[0,2]{0  <1.0>}
x[0,3]{4  <1.0>}
x[0,4]{6  <1.0>}
x[0,5]{5  <1.0>}
x[0,6]{3  <1.0>}
x[0,7]{1  <1.0>}
x[1,0]{2  <1.0>}
x[1,1]{1  <1.0>}
x[1,2]{7  <1.0>}
x[1,3]{6  <1.0>}
x[1,4]{5  <1.0>}
x[1,5]{0  <1.0>}
x[1,6]{4  <1.0>}
x[1,7]{3  <1.0>}
x[2,0]{1  <1.0>}
x[2,1]{6  <1.0>}
x[2,2]{2  <0.028531900799308122>, 3  <0.971468099200692>}
x[2,3]{7  <1.0>}
x[2,4]{3  <0.028721205074881493>, 2  <0.9712787949251186>}
x[2,5]{4  <1.0>}
x[2,6]{0  <1.0>}
x[2,7]{5  <1.0>}
x[3,0]{6  <1.0>}
x[3,1]{7  <1.0>}
x[3,2]{4  <1.0>}
x[3,3]{0  <1.0>}
x[3,4]{1  <1.0>}
x[3,5]{3  <1.0>}
x[3,6]{5  <1.0>}
x[3,7]{2  <1.0>}
x[4,0]{4  <1.0>}
x[4,1]{3  <1.0>}
x[4,2]{6  <1.0>}
x[4,3]{5  <1.0>}
x[4,4]{0  <1.0>}
x[4,5]{1  <1.0>}
x[4,6]{2  <1.0>}
x[4,7]{7  <1.0>}
x[5,0]{0  <1.0>}
x[5,1]{4  <1.0>}
x[5,2]{5  <1.0>}
x[5,3]{3  <1.0>}
x[5,4]{7  <1.0>}
x[5,5]{2  <1.0>}
x[5,6]{1  <1.0>}
x[5,7]{6  <1.0>}
x[6,0]{5  <1.0>}
x[6,1]{0  <1.0>}
x[6,2]{3  <0.028257987223851203>, 2  <0.9717420127761488>}
x[6,3]{1  <1.0>}
x[6,4]{2  <0.02844778698656997>, 3  <0.9715522130134301>}
x[6,5]{7  <1.0>}
x[6,6]{6  <1.0>}
x[6,7]{4  <1.0>}
x[7,0]{3  <1.0>}
x[7,1]{5  <1.0>}
x[7,2]{1  <1.0>}
x[7,3]{2  <1.0>}
x[7,4]{4  <1.0>}
x[7,5]{6  <1.0>}
x[7,6]{7  <1.0>}
x[7,7]{0  <1.0>}
problem entropy = 0.18675967190447704
smallest variable entropy = 0.12863361134472645
##### after BP iteration 3 #####
x[0,0]{7  <1.0>}
x[0,1]{2  <1.0>}
x[0,2]{0  <1.0>}
x[0,3]{4  <1.0>}
x[0,4]{6  <1.0>}
x[0,5]{5  <1.0>}
x[0,6]{3  <1.0>}
x[0,7]{1  <1.0>}
x[1,0]{2  <1.0>}
x[1,1]{1  <1.0>}
x[1,2]{7  <1.0>}
x[1,3]{6  <1.0>}
x[1,4]{5  <1.0>}
x[1,5]{0  <1.0>}
x[1,6]{4  <1.0>}
x[1,7]{3  <1.0>}
x[2,0]{1  <1.0>}
x[2,1]{6  <1.0>}
x[2,2]{2  <0.02537316589566936>, 3  <0.9746268341043306>}
x[2,3]{7  <1.0>}
x[2,4]{3  <0.02542702552813419>, 2  <0.9745729744718659>}
x[2,5]{4  <1.0>}
x[2,6]{0  <1.0>}
x[2,7]{5  <1.0>}
x[3,0]{6  <1.0>}
x[3,1]{7  <1.0>}
x[3,2]{4  <1.0>}
x[3,3]{0  <1.0>}
x[3,4]{1  <1.0>}
x[3,5]{3  <1.0>}
x[3,6]{5  <1.0>}
x[3,7]{2  <1.0>}
x[4,0]{4  <1.0>}
x[4,1]{3  <1.0>}
x[4,2]{6  <1.0>}
x[4,3]{5  <1.0>}
x[4,4]{0  <1.0>}
x[4,5]{1  <1.0>}
x[4,6]{2  <1.0>}
x[4,7]{7  <1.0>}
x[5,0]{0  <1.0>}
x[5,1]{4  <1.0>}
x[5,2]{5  <1.0>}
x[5,3]{3  <1.0>}
x[5,4]{7  <1.0>}
x[5,5]{2  <1.0>}
x[5,6]{1  <1.0>}
x[5,7]{6  <1.0>}
x[6,0]{5  <1.0>}
x[6,1]{0  <1.0>}
x[6,2]{3  <0.025184795246126015>, 2  <0.974815204753874>}
x[6,3]{1  <1.0>}
x[6,4]{2  <0.025236486539656374>, 3  <0.9747635134603436>}
x[6,5]{7  <1.0>}
x[6,6]{6  <1.0>}
x[6,7]{4  <1.0>}
x[7,0]{3  <1.0>}
x[7,1]{5  <1.0>}
x[7,2]{1  <1.0>}
x[7,3]{2  <1.0>}
x[7,4]{4  <1.0>}
x[7,5]{6  <1.0>}
x[7,6]{7  <1.0>}
x[7,7]{0  <1.0>}
problem entropy = 0.1702718942691006
smallest variable entropy = 0.11758315909104752
##### after BP iteration 4 #####
x[0,0]{7  <1.0>}
x[0,1]{2  <1.0>}
x[0,2]{0  <1.0>}
x[0,3]{4  <1.0>}
x[0,4]{6  <1.0>}
x[0,5]{5  <1.0>}
x[0,6]{3  <1.0>}
x[0,7]{1  <1.0>}
x[1,0]{2  <1.0>}
x[1,1]{1  <1.0>}
x[1,2]{7  <1.0>}
x[1,3]{6  <1.0>}
x[1,4]{5  <1.0>}
x[1,5]{0  <1.0>}
x[1,6]{4  <1.0>}
x[1,7]{3  <1.0>}
x[2,0]{1  <1.0>}
x[2,1]{6  <1.0>}
x[2,2]{2  <0.02246313542207158>, 3  <0.9775368645779284>}
x[2,3]{7  <1.0>}
x[2,4]{3  <0.022367647017397>, 2  <0.977632352982603>}
x[2,5]{4  <1.0>}
x[2,6]{0  <1.0>}
x[2,7]{5  <1.0>}
x[3,0]{6  <1.0>}
x[3,1]{7  <1.0>}
x[3,2]{4  <1.0>}
x[3,3]{0  <1.0>}
x[3,4]{1  <1.0>}
x[3,5]{3  <1.0>}
x[3,6]{5  <1.0>}
x[3,7]{2  <1.0>}
x[4,0]{4  <1.0>}
x[4,1]{3  <1.0>}
x[4,2]{6  <1.0>}
x[4,3]{5  <1.0>}
x[4,4]{0  <1.0>}
x[4,5]{1  <1.0>}
x[4,6]{2  <1.0>}
x[4,7]{7  <1.0>}
x[5,0]{0  <1.0>}
x[5,1]{4  <1.0>}
x[5,2]{5  <1.0>}
x[5,3]{3  <1.0>}
x[5,4]{7  <1.0>}
x[5,5]{2  <1.0>}
x[5,6]{1  <1.0>}
x[5,7]{6  <1.0>}
x[6,0]{5  <1.0>}
x[6,1]{0  <1.0>}
x[6,2]{3  <0.022570481725827395>, 2  <0.9774295182741726>}
x[6,3]{1  <1.0>}
x[6,4]{2  <0.02247499263636933>, 3  <0.9775250073636307>}
x[6,5]{7  <1.0>}
x[6,6]{6  <1.0>}
x[6,7]{4  <1.0>}
x[7,0]{3  <1.0>}
x[7,1]{5  <1.0>}
x[7,2]{1  <1.0>}
x[7,3]{2  <1.0>}
x[7,4]{4  <1.0>}
x[7,5]{6  <1.0>}
x[7,6]{7  <1.0>}
x[7,7]{0  <1.0>}
problem entropy = 0.1550876122237814
smallest variable entropy = 0.10711578821163964
##### after BP iteration 5 #####
x[0,0]{7  <1.0>}
x[0,1]{2  <1.0>}
x[0,2]{0  <1.0>}
x[0,3]{4  <1.0>}
x[0,4]{6  <1.0>}
x[0,5]{5  <1.0>}
x[0,6]{3  <1.0>}
x[0,7]{1  <1.0>}
x[1,0]{2  <1.0>}
x[1,1]{1  <1.0>}
x[1,2]{7  <1.0>}
x[1,3]{6  <1.0>}
x[1,4]{5  <1.0>}
x[1,5]{0  <1.0>}
x[1,6]{4  <1.0>}
x[1,7]{3  <1.0>}
x[2,0]{1  <1.0>}
x[2,1]{6  <1.0>}
x[2,2]{2  <0.019902298236280865>, 3  <0.9800977017637191>}
x[2,3]{7  <1.0>}
x[2,4]{3  <0.019845813360554018>, 2  <0.9801541866394461>}
x[2,5]{4  <1.0>}
x[2,6]{0  <1.0>}
x[2,7]{5  <1.0>}
x[3,0]{6  <1.0>}
x[3,1]{7  <1.0>}
x[3,2]{4  <1.0>}
x[3,3]{0  <1.0>}
x[3,4]{1  <1.0>}
x[3,5]{3  <1.0>}
x[3,6]{5  <1.0>}
x[3,7]{2  <1.0>}
x[4,0]{4  <1.0>}
x[4,1]{3  <1.0>}
x[4,2]{6  <1.0>}
x[4,3]{5  <1.0>}
x[4,4]{0  <1.0>}
x[4,5]{1  <1.0>}
x[4,6]{2  <1.0>}
x[4,7]{7  <1.0>}
x[5,0]{0  <1.0>}
x[5,1]{4  <1.0>}
x[5,2]{5  <1.0>}
x[5,3]{3  <1.0>}
x[5,4]{7  <1.0>}
x[5,5]{2  <1.0>}
x[5,6]{1  <1.0>}
x[5,7]{6  <1.0>}
x[6,0]{5  <1.0>}
x[6,1]{0  <1.0>}
x[6,2]{3  <0.020043575447369327>, 2  <0.9799564245526307>}
x[6,3]{1  <1.0>}
x[6,4]{2  <0.019986048439363947>, 3  <0.980013951560636>}
x[6,5]{7  <1.0>}
x[6,6]{6  <1.0>}
x[6,7]{4  <1.0>}
x[7,0]{3  <1.0>}
x[7,1]{5  <1.0>}
x[7,2]{1  <1.0>}
x[7,3]{2  <1.0>}
x[7,4]{4  <1.0>}
x[7,5]{6  <1.0>}
x[7,6]{7  <1.0>}
x[7,7]{0  <1.0>}
problem entropy = 0.14112822834191607
smallest variable entropy = 0.09743843858670222
##### after BP iteration 6 #####
x[0,0]{7  <1.0>}
x[0,1]{2  <1.0>}
x[0,2]{0  <1.0>}
x[0,3]{4  <1.0>}
x[0,4]{6  <1.0>}
x[0,5]{5  <1.0>}
x[0,6]{3  <1.0>}
x[0,7]{1  <1.0>}
x[1,0]{2  <1.0>}
x[1,1]{1  <1.0>}
x[1,2]{7  <1.0>}
x[1,3]{6  <1.0>}
x[1,4]{5  <1.0>}
x[1,5]{0  <1.0>}
x[1,6]{4  <1.0>}
x[1,7]{3  <1.0>}
x[2,0]{1  <1.0>}
x[2,1]{6  <1.0>}
x[2,2]{2  <0.01768977202723271>, 3  <0.9823102279727672>}
x[2,3]{7  <1.0>}
x[2,4]{3  <0.017729791091949998>, 2  <0.98227020890805>}
x[2,5]{4  <1.0>}
x[2,6]{0  <1.0>}
x[2,7]{5  <1.0>}
x[3,0]{6  <1.0>}
x[3,1]{7  <1.0>}
x[3,2]{4  <1.0>}
x[3,3]{0  <1.0>}
x[3,4]{1  <1.0>}
x[3,5]{3  <1.0>}
x[3,6]{5  <1.0>}
x[3,7]{2  <1.0>}
x[4,0]{4  <1.0>}
x[4,1]{3  <1.0>}
x[4,2]{6  <1.0>}
x[4,3]{5  <1.0>}
x[4,4]{0  <1.0>}
x[4,5]{1  <1.0>}
x[4,6]{2  <1.0>}
x[4,7]{7  <1.0>}
x[5,0]{0  <1.0>}
x[5,1]{4  <1.0>}
x[5,2]{5  <1.0>}
x[5,3]{3  <1.0>}
x[5,4]{7  <1.0>}
x[5,5]{2  <1.0>}
x[5,6]{1  <1.0>}
x[5,7]{6  <1.0>}
x[6,0]{5  <1.0>}
x[6,1]{0  <1.0>}
x[6,2]{3  <0.017666942325843527>, 2  <0.9823330576741565>}
x[6,3]{1  <1.0>}
x[6,4]{2  <0.01770688104379151>, 3  <0.9822931189562084>}
x[6,5]{7  <1.0>}
x[6,6]{6  <1.0>}
x[6,7]{4  <1.0>}
x[7,0]{3  <1.0>}
x[7,1]{5  <1.0>}
x[7,2]{1  <1.0>}
x[7,3]{2  <1.0>}
x[7,4]{4  <1.0>}
x[7,5]{6  <1.0>}
x[7,6]{7  <1.0>}
x[7,7]{0  <1.0>}
problem entropy = 0.12831465451161944
smallest variable entropy = 0.08881479480042338
##### after BP iteration 7 #####
x[0,0]{7  <1.0>}
x[0,1]{2  <1.0>}
x[0,2]{0  <1.0>}
x[0,3]{4  <1.0>}
x[0,4]{6  <1.0>}
x[0,5]{5  <1.0>}
x[0,6]{3  <1.0>}
x[0,7]{1  <1.0>}
x[1,0]{2  <1.0>}
x[1,1]{1  <1.0>}
x[1,2]{7  <1.0>}
x[1,3]{6  <1.0>}
x[1,4]{5  <1.0>}
x[1,5]{0  <1.0>}
x[1,6]{4  <1.0>}
x[1,7]{3  <1.0>}
x[2,0]{1  <1.0>}
x[2,1]{6  <1.0>}
x[2,2]{2  <0.015723010906248117>, 3  <0.9842769890937518>}
x[2,3]{7  <1.0>}
x[2,4]{3  <0.015767810115804692>, 2  <0.9842321898841954>}
x[2,5]{4  <1.0>}
x[2,6]{0  <1.0>}
x[2,7]{5  <1.0>}
x[3,0]{6  <1.0>}
x[3,1]{7  <1.0>}
x[3,2]{4  <1.0>}
x[3,3]{0  <1.0>}
x[3,4]{1  <1.0>}
x[3,5]{3  <1.0>}
x[3,6]{5  <1.0>}
x[3,7]{2  <1.0>}
x[4,0]{4  <1.0>}
x[4,1]{3  <1.0>}
x[4,2]{6  <1.0>}
x[4,3]{5  <1.0>}
x[4,4]{0  <1.0>}
x[4,5]{1  <1.0>}
x[4,6]{2  <1.0>}
x[4,7]{7  <1.0>}
x[5,0]{0  <1.0>}
x[5,1]{4  <1.0>}
x[5,2]{5  <1.0>}
x[5,3]{3  <1.0>}
x[5,4]{7  <1.0>}
x[5,5]{2  <1.0>}
x[5,6]{1  <1.0>}
x[5,7]{6  <1.0>}
x[6,0]{5  <1.0>}
x[6,1]{0  <1.0>}
x[6,2]{3  <0.015635326456186167>, 2  <0.9843646735438139>}
x[6,3]{1  <1.0>}
x[6,4]{2  <0.015679630477937176>, 3  <0.9843203695220629>}
x[6,5]{7  <1.0>}
x[6,6]{6  <1.0>}
x[6,7]{4  <1.0>}
x[7,0]{3  <1.0>}
x[7,1]{5  <1.0>}
x[7,2]{1  <1.0>}
x[7,3]{2  <1.0>}
x[7,4]{4  <1.0>}
x[7,5]{6  <1.0>}
x[7,6]{7  <1.0>}
x[7,7]{0  <1.0>}
problem entropy = 0.11657161840380789
smallest variable entropy = 0.08052761750147713
##### after BP iteration 8 #####
x[0,0]{7  <1.0>}
x[0,1]{2  <1.0>}
x[0,2]{0  <1.0>}
x[0,3]{4  <1.0>}
x[0,4]{6  <1.0>}
x[0,5]{5  <1.0>}
x[0,6]{3  <1.0>}
x[0,7]{1  <1.0>}
x[1,0]{2  <1.0>}
x[1,1]{1  <1.0>}
x[1,2]{7  <1.0>}
x[1,3]{6  <1.0>}
x[1,4]{5  <1.0>}
x[1,5]{0  <1.0>}
x[1,6]{4  <1.0>}
x[1,7]{3  <1.0>}
x[2,0]{1  <1.0>}
x[2,1]{6  <1.0>}
x[2,2]{2  <0.013937417207449393>, 3  <0.9860625827925505>}
x[2,3]{7  <1.0>}
x[2,4]{3  <0.013926929918455837>, 2  <0.9860730700815441>}
x[2,5]{4  <1.0>}
x[2,6]{0  <1.0>}
x[2,7]{5  <1.0>}
x[3,0]{6  <1.0>}
x[3,1]{7  <1.0>}
x[3,2]{4  <1.0>}
x[3,3]{0  <1.0>}
x[3,4]{1  <1.0>}
x[3,5]{3  <1.0>}
x[3,6]{5  <1.0>}
x[3,7]{2  <1.0>}
x[4,0]{4  <1.0>}
x[4,1]{3  <1.0>}
x[4,2]{6  <1.0>}
x[4,3]{5  <1.0>}
x[4,4]{0  <1.0>}
x[4,5]{1  <1.0>}
x[4,6]{2  <1.0>}
x[4,7]{7  <1.0>}
x[5,0]{0  <1.0>}
x[5,1]{4  <1.0>}
x[5,2]{5  <1.0>}
x[5,3]{3  <1.0>}
x[5,4]{7  <1.0>}
x[5,5]{2  <1.0>}
x[5,6]{1  <1.0>}
x[5,7]{6  <1.0>}
x[6,0]{5  <1.0>}
x[6,1]{0  <1.0>}
x[6,2]{3  <0.013926415936637924>, 2  <0.9860735840633621>}
x[6,3]{1  <1.0>}
x[6,4]{2  <0.013915817405452354>, 3  <0.9860841825945477>}
x[6,5]{7  <1.0>}
x[6,6]{6  <1.0>}
x[6,7]{4  <1.0>}
x[7,0]{3  <1.0>}
x[7,1]{5  <1.0>}
x[7,2]{1  <1.0>}
x[7,3]{2  <1.0>}
x[7,4]{4  <1.0>}
x[7,5]{6  <1.0>}
x[7,6]{7  <1.0>}
x[7,7]{0  <1.0>}
problem entropy = 0.10582314955138605
smallest variable entropy = 0.07330489034549531
##### after BP iteration 9 #####
x[0,0]{7  <1.0>}
x[0,1]{2  <1.0>}
x[0,2]{0  <1.0>}
x[0,3]{4  <1.0>}
x[0,4]{6  <1.0>}
x[0,5]{5  <1.0>}
x[0,6]{3  <1.0>}
x[0,7]{1  <1.0>}
x[1,0]{2  <1.0>}
x[1,1]{1  <1.0>}
x[1,2]{7  <1.0>}
x[1,3]{6  <1.0>}
x[1,4]{5  <1.0>}
x[1,5]{0  <1.0>}
x[1,6]{4  <1.0>}
x[1,7]{3  <1.0>}
x[2,0]{1  <1.0>}
x[2,1]{6  <1.0>}
x[2,2]{2  <0.012340301002545524>, 3  <0.9876596989974544>}
x[2,3]{7  <1.0>}
x[2,4]{3  <0.01231185117239416>, 2  <0.9876881488276059>}
x[2,5]{4  <1.0>}
x[2,6]{0  <1.0>}
x[2,7]{5  <1.0>}
x[3,0]{6  <1.0>}
x[3,1]{7  <1.0>}
x[3,2]{4  <1.0>}
x[3,3]{0  <1.0>}
x[3,4]{1  <1.0>}
x[3,5]{3  <1.0>}
x[3,6]{5  <1.0>}
x[3,7]{2  <1.0>}
x[4,0]{4  <1.0>}
x[4,1]{3  <1.0>}
x[4,2]{6  <1.0>}
x[4,3]{5  <1.0>}
x[4,4]{0  <1.0>}
x[4,5]{1  <1.0>}
x[4,6]{2  <1.0>}
x[4,7]{7  <1.0>}
x[5,0]{0  <1.0>}
x[5,1]{4  <1.0>}
x[5,2]{5  <1.0>}
x[5,3]{3  <1.0>}
x[5,4]{7  <1.0>}
x[5,5]{2  <1.0>}
x[5,6]{1  <1.0>}
x[5,7]{6  <1.0>}
x[6,0]{5  <1.0>}
x[6,1]{0  <1.0>}
x[6,2]{3  <0.012388533955569504>, 2  <0.9876114660444305>}
x[6,3]{1  <1.0>}
x[6,4]{2  <0.012359816942008188>, 3  <0.9876401830579917>}
x[6,5]{7  <1.0>}
x[6,6]{6  <1.0>}
x[6,7]{4  <1.0>}
x[7,0]{3  <1.0>}
x[7,1]{5  <1.0>}
x[7,2]{1  <1.0>}
x[7,3]{2  <1.0>}
x[7,4]{4  <1.0>}
x[7,5]{6  <1.0>}
x[7,6]{7  <1.0>}
x[7,7]{0  <1.0>}
problem entropy = 0.09599846761226807
smallest variable entropy = 0.06637333279136332
##### after BP iteration 10 #####
x[0,0]{7  <1.0>}
x[0,1]{2  <1.0>}
x[0,2]{0  <1.0>}
x[0,3]{4  <1.0>}
x[0,4]{6  <1.0>}
x[0,5]{5  <1.0>}
x[0,6]{3  <1.0>}
x[0,7]{1  <1.0>}
x[1,0]{2  <1.0>}
x[1,1]{1  <1.0>}
x[1,2]{7  <1.0>}
x[1,3]{6  <1.0>}
x[1,4]{5  <1.0>}
x[1,5]{0  <1.0>}
x[1,6]{4  <1.0>}
x[1,7]{3  <1.0>}
x[2,0]{1  <1.0>}
x[2,1]{6  <1.0>}
x[2,2]{2  <0.01094094835811447>, 3  <0.9890590516418856>}
x[2,3]{7  <1.0>}
x[2,4]{3  <0.010939284334131017>, 2  <0.9890607156658691>}
x[2,5]{4  <1.0>}
x[2,6]{0  <1.0>}
x[2,7]{5  <1.0>}
x[3,0]{6  <1.0>}
x[3,1]{7  <1.0>}
x[3,2]{4  <1.0>}
x[3,3]{0  <1.0>}
x[3,4]{1  <1.0>}
x[3,5]{3  <1.0>}
x[3,6]{5  <1.0>}
x[3,7]{2  <1.0>}
x[4,0]{4  <1.0>}
x[4,1]{3  <1.0>}
x[4,2]{6  <1.0>}
x[4,3]{5  <1.0>}
x[4,4]{0  <1.0>}
x[4,5]{1  <1.0>}
x[4,6]{2  <1.0>}
x[4,7]{7  <1.0>}
x[5,0]{0  <1.0>}
x[5,1]{4  <1.0>}
x[5,2]{5  <1.0>}
x[5,3]{3  <1.0>}
x[5,4]{7  <1.0>}
x[5,5]{2  <1.0>}
x[5,6]{1  <1.0>}
x[5,7]{6  <1.0>}
x[6,0]{5  <1.0>}
x[6,1]{0  <1.0>}
x[6,2]{3  <0.010961011832470688>, 2  <0.9890389881675293>}
x[6,3]{1  <1.0>}
x[6,4]{2  <0.010959248735266403>, 3  <0.9890407512647336>}
x[6,5]{7  <1.0>}
x[6,6]{6  <1.0>}
x[6,7]{4  <1.0>}
x[7,0]{3  <1.0>}
x[7,1]{5  <1.0>}
x[7,2]{1  <1.0>}
x[7,3]{2  <1.0>}
x[7,4]{4  <1.0>}
x[7,5]{6  <1.0>}
x[7,6]{7  <1.0>}
x[7,7]{0  <1.0>}
problem entropy = 0.08702802860953598
smallest variable entropy = 0.06027441968994224
### branching on x[2,4]=2 marginal=0.9890607156658691
##### after BP iteration 1 #####
x[0,0]{7  <1.0>}
x[0,1]{2  <1.0>}
x[0,2]{0  <1.0>}
x[0,3]{4  <1.0>}
x[0,4]{6  <1.0>}
x[0,5]{5  <1.0>}
x[0,6]{3  <1.0>}
x[0,7]{1  <1.0>}
x[1,0]{2  <1.0>}
x[1,1]{1  <1.0>}
x[1,2]{7  <1.0>}
x[1,3]{6  <1.0>}
x[1,4]{5  <1.0>}
x[1,5]{0  <1.0>}
x[1,6]{4  <1.0>}
x[1,7]{3  <1.0>}
x[2,0]{1  <1.0>}
x[2,1]{6  <1.0>}
x[2,2]{3  <1.0>}
x[2,3]{7  <1.0>}
x[2,4]{2  <1.0>}
x[2,5]{4  <1.0>}
x[2,6]{0  <1.0>}
x[2,7]{5  <1.0>}
x[3,0]{6  <1.0>}
x[3,1]{7  <1.0>}
x[3,2]{4  <1.0>}
x[3,3]{0  <1.0>}
x[3,4]{1  <1.0>}
x[3,5]{3  <1.0>}
x[3,6]{5  <1.0>}
x[3,7]{2  <1.0>}
x[4,0]{4  <1.0>}
x[4,1]{3  <1.0>}
x[4,2]{6  <1.0>}
x[4,3]{5  <1.0>}
x[4,4]{0  <1.0>}
x[4,5]{1  <1.0>}
x[4,6]{2  <1.0>}
x[4,7]{7  <1.0>}
x[5,0]{0  <1.0>}
x[5,1]{4  <1.0>}
x[5,2]{5  <1.0>}
x[5,3]{3  <1.0>}
x[5,4]{7  <1.0>}
x[5,5]{2  <1.0>}
x[5,6]{1  <1.0>}
x[5,7]{6  <1.0>}
x[6,0]{5  <1.0>}
x[6,1]{0  <1.0>}
x[6,2]{2  <1.0>}
x[6,3]{1  <1.0>}
x[6,4]{3  <1.0>}
x[6,5]{7  <1.0>}
x[6,6]{6  <1.0>}
x[6,7]{4  <1.0>}
x[7,0]{3  <1.0>}
x[7,1]{5  <1.0>}
x[7,2]{1  <1.0>}
x[7,3]{2  <1.0>}
x[7,4]{4  <1.0>}
x[7,5]{6  <1.0>}
x[7,6]{7  <1.0>}
x[7,7]{0  <1.0>}
problem entropy = 0.0
smallest variable entropy = 1.7976931348623157E308
### branching on x[2,4]!=2
##### after BP iteration 1 #####
x[0,0]{7  <1.0>}
x[0,1]{2  <1.0>}
x[0,2]{0  <1.0>}
x[0,3]{4  <1.0>}
x[0,4]{6  <1.0>}
x[0,5]{5  <1.0>}
x[0,6]{3  <1.0>}
x[0,7]{1  <1.0>}
x[1,0]{2  <1.0>}
x[1,1]{1  <1.0>}
x[1,2]{7  <1.0>}
x[1,3]{6  <1.0>}
x[1,4]{5  <1.0>}
x[1,5]{0  <1.0>}
x[1,6]{4  <1.0>}
x[1,7]{3  <1.0>}
x[2,0]{1  <1.0>}
x[2,1]{6  <1.0>}
x[2,2]{2  <1.0>}
x[2,3]{7  <1.0>}
x[2,4]{3  <1.0>}
x[2,5]{4  <1.0>}
x[2,6]{0  <1.0>}
x[2,7]{5  <1.0>}
x[3,0]{6  <1.0>}
x[3,1]{7  <1.0>}
x[3,2]{4  <1.0>}
x[3,3]{0  <1.0>}
x[3,4]{1  <1.0>}
x[3,5]{3  <1.0>}
x[3,6]{5  <1.0>}
x[3,7]{2  <1.0>}
x[4,0]{4  <1.0>}
x[4,1]{3  <1.0>}
x[4,2]{6  <1.0>}
x[4,3]{5  <1.0>}
x[4,4]{0  <1.0>}
x[4,5]{1  <1.0>}
x[4,6]{2  <1.0>}
x[4,7]{7  <1.0>}
x[5,0]{0  <1.0>}
x[5,1]{4  <1.0>}
x[5,2]{5  <1.0>}
x[5,3]{3  <1.0>}
x[5,4]{7  <1.0>}
x[5,5]{2  <1.0>}
x[5,6]{1  <1.0>}
x[5,7]{6  <1.0>}
x[6,0]{5  <1.0>}
x[6,1]{0  <1.0>}
x[6,2]{3  <1.0>}
x[6,3]{1  <1.0>}
x[6,4]{2  <1.0>}
x[6,5]{7  <1.0>}
x[6,6]{6  <1.0>}
x[6,7]{4  <1.0>}
x[7,0]{3  <1.0>}
x[7,1]{5  <1.0>}
x[7,2]{1  <1.0>}
x[7,3]{2  <1.0>}
x[7,4]{4  <1.0>}
x[7,5]{6  <1.0>}
x[7,6]{7  <1.0>}
x[7,7]{0  <1.0>}
problem entropy = 0.0
smallest variable entropy = 1.7976931348623157E308

	#choice: 8
	#fail: 0
	execution time (ms): 454
	#sols : 1
	completed : false

