{7  <8.0>, 4  <5.0>}
model: sum-product-init
FINAL DAMPING FACTOR = 0.7
##### after BP iteration 1 #####
x[0,0]{4  <1.0>}
x[0,1]{0  <1.0>}
x[0,2]{2  <1.0>}
x[0,3]{3  <1.0>}
x[0,4]{5  <1.0>}
x[0,5]{1  <1.0>}
x[0,6]{6  <1.0>}
x[0,7]{7  <1.0>}
x[1,0]{0  <1.0>}
x[1,1]{7  <0.06693822625582892>, 5  <0.5550546709851194>, 2  <0.3780071027590516>}
x[1,2]{7  <0.39233278359268897>, 1  <0.17377891334044107>, 5  <0.43388830306687>}
x[1,3]{6  <1.0>}
x[1,4]{7  <0.08744633620740735>, 1  <0.823012336214626>, 2  <0.08954132757796658>}
x[1,5]{3  <1.0>}
x[1,6]{7  <0.4740171775964569>, 2  <0.5259828224035431>}
x[1,7]{4  <1.0>}
x[2,0]{7  <0.14805728899554035>, 5  <0.07623263940202164>, 3  <0.775710071602438>}
x[2,1]{7  <0.03285147664656566>, 5  <0.4259011841130927>, 2  <0.46716840376779184>, 3  <0.07407893547254976>}
x[2,2]{7  <0.22188310522396515>, 1  <0.04166945429199734>, 5  <0.5040215568076293>, 3  <0.16444585245847196>, 4  <0.06798003121793632>}
x[2,3]{7  <0.028445795584125994>, 1  <0.8586221728520406>, 2  <0.11293203156383348>}
x[2,4]{7  <0.13802316001220946>, 1  <0.1397477183079933>, 2  <0.12308997166734698>, 4  <0.5991391500124503>}
x[2,5]{6  <1.0>}
x[2,6]{7  <0.4159146906576364>, 4  <0.29918902757526106>, 2  <0.28489628176710247>}
x[2,7]{0  <1.0>}
x[3,0]{7  <0.05501313533485944>, 5  <0.9449868646651405>}
x[3,1]{4  <1.0>}
x[3,2]{0  <5.632495169148126E-4>, 1  <0.831924922921644>, 7  <0.11034117391851309>, 5  <0.05717065364292813>}
x[3,3]{0  <3.3410957843707213E-4>, 1  <0.13035812591626086>, 7  <0.869307764505302>}
x[3,4]{0  <0.9989682637902857>, 1  <5.311078962409363E-4>, 7  <5.006283134733156E-4>}
x[3,5]{2  <1.0>}
x[3,6]{3  <1.0>}
x[3,7]{6  <1.0>}
x[4,0]{6  <1.0>}
x[4,1]{3  <0.8927648203512797>, 7  <0.05312784226507682>, 2  <0.054107337383643574>}
x[4,2]{0  <0.0011706207452492328>, 7  <0.13405501460465385>, 4  <0.8046853459930983>, 3  <0.060089018656998665>}
x[4,3]{0  <0.9980278853435511>, 7  <0.0015370379618094433>, 2  <4.3507669463936145E-4>}
x[4,4]{0  <8.707046462091952E-4>, 7  <0.7840730221039907>, 2  <0.001127366358049694>, 4  <0.21392890689175048>}
x[4,5]{5  <1.0>}
x[4,6]{1  <1.0>}
x[4,7]{3  <0.04285073602816427>, 2  <0.9571492639718358>}
x[5,0]{2  <1.0>}
x[5,1]{1  <1.0>}
x[5,2]{6  <1.0>}
x[5,3]{4  <1.0>}
x[5,4]{3  <1.0>}
x[5,5]{7  <1.0>}
x[5,6]{0  <1.0>}
x[5,7]{5  <1.0>}
x[6,0]{7  <0.7979964051726315>, 3  <0.20200359482736857>}
x[6,1]{6  <1.0>}
x[6,2]{4  <0.11523611674982191>, 3  <0.7878170949604452>, 7  <0.09694678828973305>}
x[6,3]{5  <1.0>}
x[6,4]{4  <0.19201942484389883>, 7  <0.010446781996772542>, 2  <0.7975337931593286>}
x[6,5]{0  <1.0>}
x[6,6]{7  <0.10277135297698847>, 4  <0.7079002052769553>, 2  <0.18932844174605626>}
x[6,7]{1  <1.0>}
x[7,0]{1  <1.0>}
x[7,1]{3  <0.031356473230578996>, 7  <0.8807986164796808>, 2  <0.08784491028974013>}
x[7,2]{0  <0.9984163183171979>, 7  <9.349842849026271E-4>, 3  <6.486973978994347E-4>}
x[7,3]{0  <0.0016495306298507225>, 7  <0.10039277327898265>, 2  <0.8979576960911667>}
x[7,4]{6  <1.0>}
x[7,5]{4  <1.0>}
x[7,6]{5  <1.0>}
x[7,7]{3  <0.9686508382905779>, 2  <0.03134916170942226>}
problem entropy = 0.5064662673675727
smallest variable entropy = 0.008840645242101132
##### after BP iteration 2 #####
x[0,0]{4  <1.0>}
x[0,1]{0  <1.0>}
x[0,2]{2  <1.0>}
x[0,3]{3  <1.0>}
x[0,4]{5  <1.0>}
x[0,5]{1  <1.0>}
x[0,6]{6  <1.0>}
x[0,7]{7  <1.0>}
x[1,0]{0  <1.0>}
x[1,1]{7  <0.05453738964626878>, 5  <0.5461371764942876>, 2  <0.39932543385944363>}
x[1,2]{7  <0.42998125671850207>, 1  <0.12078116027386561>, 5  <0.4492375830076323>}
x[1,3]{6  <1.0>}
x[1,4]{7  <0.059973987568444534>, 1  <0.874647752014893>, 2  <0.06537826041666239>}
x[1,5]{3  <1.0>}
x[1,6]{7  <0.4649825304607634>, 2  <0.5350174695392366>}
x[1,7]{4  <1.0>}
x[2,0]{7  <0.11836148946694486>, 5  <0.04454268849637993>, 3  <0.8370958220366752>}
x[2,1]{7  <0.026636782564303314>, 5  <0.4328931272921142>, 2  <0.4897698657170116>, 3  <0.050700224426570795>}
x[2,2]{7  <0.24876236843021438>, 1  <0.030815440430746934>, 5  <0.5193143356438245>, 3  <0.12914357684406075>, 4  <0.07196427865115333>}
x[2,3]{7  <0.026991166208330433>, 1  <0.8830701566926518>, 2  <0.08993867709901783>}
x[2,4]{7  <0.12626667671998104>, 1  <0.10736584642350004>, 2  <0.11338721740913271>, 4  <0.6529802594473862>}
x[2,5]{6  <1.0>}
x[2,6]{7  <0.4422828824204956>, 4  <0.2632494894673891>, 2  <0.29446762811211524>}
x[2,7]{0  <1.0>}
x[3,0]{7  <0.03146073046577493>, 5  <0.9685392695342251>}
x[3,1]{4  <1.0>}
x[3,2]{0  <2.175574018223754E-4>, 1  <0.8797031056764372>, 7  <0.08503830232934427>, 5  <0.03504103459239624>}
x[3,3]{0  <1.6886871437720696E-4>, 1  <0.10340020907590086>, 7  <0.896430922209722>}
x[3,4]{0  <0.9995672071671479>, 1  <2.2555499088458805E-4>, 7  <2.0723784196759754E-4>}
x[3,5]{2  <1.0>}
x[3,6]{3  <1.0>}
x[3,7]{6  <1.0>}
x[4,0]{6  <1.0>}
x[4,1]{3  <0.9317160032994865>, 7  <0.0325409835897501>, 2  <0.03574301311076351>}
x[4,2]{0  <3.500450833667513E-4>, 7  <0.11808086872851832>, 4  <0.843815128109301>, 3  <0.03775395807881391>}
x[4,3]{0  <0.9992951366182118>, 7  <5.993154219305783E-4>, 2  <1.0554795985763054E-4>}
x[4,4]{0  <3.7967009928827354E-4>, 7  <0.8312904345402852>, 2  <5.979906890742216E-4>, 4  <0.16773190467135246>}
x[4,5]{5  <1.0>}
x[4,6]{1  <1.0>}
x[4,7]{3  <0.027601142248214607>, 2  <0.9723988577517854>}
x[5,0]{2  <1.0>}
x[5,1]{1  <1.0>}
x[5,2]{6  <1.0>}
x[5,3]{4  <1.0>}
x[5,4]{3  <1.0>}
x[5,5]{7  <1.0>}
x[5,6]{0  <1.0>}
x[5,7]{5  <1.0>}
x[6,0]{7  <0.845994836690099>, 3  <0.15400516330990086>}
x[6,1]{6  <1.0>}
x[6,2]{4  <0.08094575810303602>, 3  <0.8320741861172873>, 7  <0.08698005577967666>}
x[6,3]{5  <1.0>}
x[6,4]{4  <0.171242538391776>, 7  <0.006638144961836951>, 2  <0.822119316646387>}
x[6,5]{0  <1.0>}
x[6,6]{7  <0.07870877783476438>, 4  <0.7486148706067671>, 2  <0.17267635155846855>}
x[6,7]{1  <1.0>}
x[7,0]{1  <1.0>}
x[7,1]{3  <0.020606964068974182>, 7  <0.9098607324282114>, 2  <0.06953230350281446>}
x[7,2]{0  <0.9994645449577844>, 7  <3.352809215915207E-4>, 3  <2.0017412062421392E-4>}
x[7,3]{0  <5.645870253918117E-4>, 7  <0.08032774811214016>, 2  <0.9191076648624681>}
x[7,4]{6  <1.0>}
x[7,5]{4  <1.0>}
x[7,6]{5  <1.0>}
x[7,7]{3  <0.9788936159669585>, 2  <0.02110638403304159>}
problem entropy = 0.4488383526405432
smallest variable entropy = 0.0040843898514601965
##### after BP iteration 3 #####
x[0,0]{4  <1.0>}
x[0,1]{0  <1.0>}
x[0,2]{2  <1.0>}
x[0,3]{3  <1.0>}
x[0,4]{5  <1.0>}
x[0,5]{1  <1.0>}
x[0,6]{6  <1.0>}
x[0,7]{7  <1.0>}
x[1,0]{0  <1.0>}
x[1,1]{7  <0.04537853634490321>, 5  <0.5392767425949314>, 2  <0.41534472106016546>}
x[1,2]{7  <0.4683954600518127>, 1  <0.07711244897751207>, 5  <0.4544920909706753>}
x[1,3]{6  <1.0>}
x[1,4]{7  <0.03431633005458647>, 1  <0.9244774889230941>, 2  <0.04120618102231948>}
x[1,5]{3  <1.0>}
x[1,6]{7  <0.45603323763880305>, 2  <0.5439667623611969>}
x[1,7]{4  <1.0>}
x[2,0]{7  <0.09173813852856379>, 5  <0.024795240162585955>, 3  <0.8834666213088502>}
x[2,1]{7  <0.02157580524526721>, 5  <0.43406566258494733>, 2  <0.5130885104912085>, 3  <0.031270021678576766>}
x[2,2]{7  <0.2717153694810732>, 1  <0.021896099593494513>, 5  <0.5397751250663015>, 3  <0.09514338977622357>, 4  <0.07147001608290693>}
x[2,3]{7  <0.023001817460500448>, 1  <0.9106234403759418>, 2  <0.0663747421635578>}
x[2,4]{7  <0.10787235531092783>, 1  <0.07069875021433046>, 2  <0.10447115149351974>, 4  <0.716957742981222>}
x[2,5]{6  <1.0>}
x[2,6]{7  <0.47638701838339015>, 4  <0.22033930963446494>, 2  <0.3032736719821449>}
x[2,7]{0  <1.0>}
x[3,0]{7  <0.018639202311124144>, 5  <0.9813607976888759>}
x[3,1]{4  <1.0>}
x[3,2]{0  <7.806470316189815E-5>, 1  <0.9110309118321107>, 7  <0.06751139781707802>, 5  <0.02137962564764934>}
x[3,3]{0  <7.657157939595454E-5>, 1  <0.08373880032203894>, 7  <0.9161846280985652>}
x[3,4]{0  <0.9998374444271021>, 1  <7.823982138786839E-5>, 7  <8.431575150995776E-5>}
x[3,5]{2  <1.0>}
x[3,6]{3  <1.0>}
x[3,7]{6  <1.0>}
x[4,0]{6  <1.0>}
x[4,1]{3  <0.9586234521946709>, 7  <0.018740950985786344>, 2  <0.022635596819542626>}
x[4,2]{0  <1.0086478938439132E-4>, 7  <0.10183528615567417>, 4  <0.8759283772404064>, 3  <0.022135471814534957>}
x[4,3]{0  <0.9997621429625467>, 7  <2.1582372753757513E-4>, 2  <2.2033309915664733E-5>}
x[4,4]{0  <1.4567542725170396E-4>, 7  <0.8725519029727967>, 2  <2.862889977416289E-4>, 4  <0.1270161326022099>}
x[4,5]{5  <1.0>}
x[4,6]{1  <1.0>}
x[4,7]{3  <0.01805430348173594>, 2  <0.9819456965182641>}
x[5,0]{2  <1.0>}
x[5,1]{1  <1.0>}
x[5,2]{6  <1.0>}
x[5,3]{4  <1.0>}
x[5,4]{3  <1.0>}
x[5,5]{7  <1.0>}
x[5,6]{0  <1.0>}
x[5,7]{5  <1.0>}
x[6,0]{7  <0.8842888004965792>, 3  <0.11571119950342088>}
x[6,1]{6  <1.0>}
x[6,2]{4  <0.05391028218254987>, 3  <0.8758704569864285>, 7  <0.07021926083102162>}
x[6,3]{5  <1.0>}
x[6,4]{4  <0.14828145605699905>, 7  <0.0036240544503364064>, 2  <0.8480944894926645>}
x[6,5]{0  <1.0>}
x[6,6]{7  <0.05849545986980925>, 4  <0.7865691924108479>, 2  <0.1549353477193428>}
x[6,7]{1  <1.0>}
x[7,0]{1  <1.0>}
x[7,1]{3  <0.01312957677684183>, 7  <0.9300361908955012>, 2  <0.05683423232765703>}
x[7,2]{0  <0.999834490186759>, 7  <1.0988103212499166E-4>, 3  <5.562878111598254E-5>}
x[7,3]{0  <1.6868229142554512E-4>, 7  <0.06388276240414328>, 2  <0.9359485553044312>}
x[7,4]{6  <1.0>}
x[7,5]{4  <1.0>}
x[7,6]{5  <1.0>}
x[7,7]{3  <0.9859025791518972>, 2  <0.014097420848102914>}
problem entropy = 0.3939182961309871
smallest variable entropy = 0.0016933182911077977
##### after BP iteration 4 #####
x[0,0]{4  <1.0>}
x[0,1]{0  <1.0>}
x[0,2]{2  <1.0>}
x[0,3]{3  <1.0>}
x[0,4]{5  <1.0>}
x[0,5]{1  <1.0>}
x[0,6]{6  <1.0>}
x[0,7]{7  <1.0>}
x[1,0]{0  <1.0>}
x[1,1]{7  <0.03803925867934207>, 5  <0.545178096960031>, 2  <0.41678264436062695>}
x[1,2]{7  <0.5101615971425169>, 1  <0.047966276421240045>, 5  <0.44187212643624324>}
x[1,3]{6  <1.0>}
x[1,4]{7  <0.018180511960617932>, 1  <0.9574644298446328>, 2  <0.024355058194749226>}
x[1,5]{3  <1.0>}
x[1,6]{7  <0.44020419253381743>, 2  <0.5597958074661826>}
x[1,7]{4  <1.0>}
x[2,0]{7  <0.06961449480687161>, 5  <0.01411761326441306>, 3  <0.9162678919287154>}
x[2,1]{7  <0.017789286448573364>, 5  <0.4306238183633905>, 2  <0.5330970269477457>, 3  <0.01848986824029043>}
x[2,2]{7  <0.28966934076005346>, 1  <0.015866911494046357>, 5  <0.5630075399453021>, 3  <0.06674600255254938>, 4  <0.06471020524804867>}
x[2,3]{7  <0.017225094061617124>, 1  <0.9386053533795139>, 2  <0.04416955255886899>}
x[2,4]{7  <0.08826413320795046>, 1  <0.04155335044393325>, 2  <0.09580055814506581>, 4  <0.7743819582030506>}
x[2,5]{6  <1.0>}
x[2,6]{7  <0.51363231209224>, 4  <0.1725449290923252>, 2  <0.31382275881543475>}
x[2,7]{0  <1.0>}
x[3,0]{7  <0.011278907844049765>, 5  <0.9887210921559503>}
x[3,1]{4  <1.0>}
x[3,2]{0  <2.410696701070756E-5>, 1  <0.9341737648373953>, 7  <0.05334377297840787>, 5  <0.012458355217186084>}
x[3,3]{0  <3.1700978263366436E-5>, 1  <0.063665886356018>, 7  <0.9363024126657186>}
x[3,4]{0  <0.9999440046962783>, 1  <2.2845568000521582E-5>, 7  <3.314973572115684E-5>}
x[3,5]{2  <1.0>}
x[3,6]{3  <1.0>}
x[3,7]{6  <1.0>}
x[4,0]{6  <1.0>}
x[4,1]{3  <0.9757477647927449>, 7  <0.010406304304006865>, 2  <0.013845930903248222>}
x[4,2]{0  <2.681056739680341E-5>, 7  <0.08390550928703851>, 4  <0.9037976922545405>, 3  <0.012269987891024212>}
x[4,3]{0  <0.9999261259939315>, 7  <6.973762808640682E-5>, 2  <4.136377981969795E-6>}
x[4,4]{0  <5.085598742698743E-5>, 7  <0.9035656075872355>, 2  <1.3211062854200767E-4>, 4  <0.09625142579679553>}
x[4,5]{5  <1.0>}
x[4,6]{1  <1.0>}
x[4,7]{3  <0.011682367228065482>, 2  <0.9883176327719345>}
x[5,0]{2  <1.0>}
x[5,1]{1  <1.0>}
x[5,2]{6  <1.0>}
x[5,3]{4  <1.0>}
x[5,4]{3  <1.0>}
x[5,5]{7  <1.0>}
x[5,6]{0  <1.0>}
x[5,7]{5  <1.0>}
x[6,0]{7  <0.9158076596994137>, 3  <0.08419234030058634>}
x[6,1]{6  <1.0>}
x[6,2]{4  <0.03353547941288296>, 3  <0.915051208612594>, 7  <0.05141331197452301>}
x[6,3]{5  <1.0>}
x[6,4]{4  <0.12499960150430872>, 7  <0.0017733084717024403>, 2  <0.8732270900239888>}
x[6,5]{0  <1.0>}
x[6,6]{7  <0.039725709565096745>, 4  <0.8294233662049935>, 2  <0.13085092422990977>}
x[6,7]{1  <1.0>}
x[7,0]{1  <1.0>}
x[7,1]{3  <0.008014527865338938>, 7  <0.9447846806962578>, 2  <0.04720079143840325>}
x[7,2]{0  <0.9999543042133875>, 7  <3.2028049064980397E-5>, 3  <1.3667737547522047E-5>}
x[7,3]{0  <4.402445096289342E-5>, 7  <0.047787723528789454>, 2  <0.9521682520202477>}
x[7,4]{6  <1.0>}
x[7,5]{4  <1.0>}
x[7,6]{5  <1.0>}
x[7,7]{3  <0.9909142618226808>, 2  <0.009085738177319207>}
problem entropy = 0.34291491873870783
smallest variable entropy = 5.302348891818307E-4
### branching on x[7,2]=0; marginal=0.9999543042133875; regret=0.9999222761643225; nb of ties=3
### branching on x[4,3]=0; marginal=0.9999261259939316; regret=0.9998563883658452; nb of ties=2
##### after BP iteration 1 #####
x[0,0]{4  <1.0>}
x[0,1]{0  <1.0>}
x[0,2]{2  <1.0>}
x[0,3]{3  <1.0>}
x[0,4]{5  <1.0>}
x[0,5]{1  <1.0>}
x[0,6]{6  <1.0>}
x[0,7]{7  <1.0>}
x[1,0]{0  <1.0>}
x[1,1]{7  <0.031430647617310445>, 5  <0.5710843772382038>, 2  <0.3974849751444857>}
x[1,2]{7  <0.555151277955685>, 1  <0.030072859128784133>, 5  <0.414775862915531>}
x[1,3]{6  <1.0>}
x[1,4]{7  <0.00981551506701598>, 1  <0.9757736668671869>, 2  <0.014410818065797089>}
x[1,5]{3  <1.0>}
x[1,6]{7  <0.4106850694415255>, 2  <0.5893149305584746>}
x[1,7]{4  <1.0>}
x[2,0]{7  <0.0507349136778469>, 5  <0.007925752037933501>, 3  <0.9413393342842197>}
x[2,1]{7  <0.01511716184687589>, 5  <0.4178549608453971>, 2  <0.5558874993271316>, 3  <0.011140377980595556>}
x[2,2]{7  <0.30286278769830804>, 1  <0.011688922757027107>, 5  <0.5851610583981461>, 3  <0.04576110954555017>, 4  <0.054526121600968556>}
x[2,3]{7  <0.011509692405014864>, 1  <0.9617395729057839>, 2  <0.026750734689201285>}
x[2,4]{7  <0.07045524214011659>, 1  <0.022939805640142554>, 2  <0.08610875477592314>, 4  <0.8204961974438177>}
x[2,5]{6  <1.0>}
x[2,6]{7  <0.5508941533581483>, 4  <0.12769471921990055>, 2  <0.32141112742195116>}
x[2,7]{0  <1.0>}
x[3,0]{7  <0.0062701796968476185>, 5  <0.9937298203031524>}
x[3,1]{4  <1.0>}
x[3,2]{5  <0.0067133355729544>, 1  <0.9540403364986421>, 7  <0.03924632792840353>}
x[3,3]{7  <0.9567867816950976>, 1  <0.043213218304902434>}
x[3,4]{0  <1.0>}
x[3,5]{2  <1.0>}
x[3,6]{3  <1.0>}
x[3,7]{6  <1.0>}
x[4,0]{6  <1.0>}
x[4,1]{3  <0.9858817147830208>, 7  <0.005675666652842857>, 2  <0.008442618564136414>}
x[4,2]{3  <0.006540523335473623>, 7  <0.06599909086858949>, 4  <0.9274603857959368>}
x[4,3]{0  <1.0>}
x[4,4]{4  <0.07358978733726236>, 7  <0.9263495100332132>, 2  <6.070262952429292E-5>}
x[4,5]{5  <1.0>}
x[4,6]{1  <1.0>}
x[4,7]{3  <0.007209151767084809>, 2  <0.9927908482329152>}
x[5,0]{2  <1.0>}
x[5,1]{1  <1.0>}
x[5,2]{6  <1.0>}
x[5,3]{4  <1.0>}
x[5,4]{3  <1.0>}
x[5,5]{7  <1.0>}
x[5,6]{0  <1.0>}
x[5,7]{5  <1.0>}
x[6,0]{7  <0.9426212872514883>, 3  <0.05737871274851164>}
x[6,1]{6  <1.0>}
x[6,2]{4  <0.019292611230118502>, 3  <0.9450721531334918>, 7  <0.03563523563638975>}
x[6,3]{5  <1.0>}
x[6,4]{4  <0.10270439915674984>, 7  <8.012451117011936E-4>, 2  <0.8964943557315489>}
x[6,5]{0  <1.0>}
x[6,6]{7  <0.024215976458991192>, 4  <0.8737136846086182>, 2  <0.10207033893239055>}
x[6,7]{1  <1.0>}
x[7,0]{1  <1.0>}
x[7,1]{3  <0.004533029510415597>, 7  <0.9574354546975544>, 2  <0.03803151579203005>}
x[7,2]{0  <1.0>}
x[7,3]{2  <0.9673611449988865>, 7  <0.03263885500111353>}
x[7,4]{6  <1.0>}
x[7,5]{4  <1.0>}
x[7,6]{5  <1.0>}
x[7,7]{3  <0.9946622876050691>, 2  <0.005337712394930867>}
problem entropy = 0.3461543505906941
smallest variable entropy = 0.03325546675058239
##### after BP iteration 2 #####
x[0,0]{4  <1.0>}
x[0,1]{0  <1.0>}
x[0,2]{2  <1.0>}
x[0,3]{3  <1.0>}
x[0,4]{5  <1.0>}
x[0,5]{1  <1.0>}
x[0,6]{6  <1.0>}
x[0,7]{7  <1.0>}
x[1,0]{0  <1.0>}
x[1,1]{7  <0.02494016100429969>, 5  <0.6123641220358026>, 2  <0.36269571695989755>}
x[1,2]{7  <0.6013232628766553>, 1  <0.018654192885738215>, 5  <0.3800225442376064>}
x[1,3]{6  <1.0>}
x[1,4]{7  <0.005551686574834498>, 1  <0.9859048822899656>, 2  <0.00854343113519984>}
x[1,5]{3  <1.0>}
x[1,6]{7  <0.3712813419984106>, 2  <0.6287186580015893>}
x[1,7]{4  <1.0>}
x[2,0]{7  <0.034172633266728404>, 5  <0.004058178603872273>, 3  <0.9617691881293993>}
x[2,1]{7  <0.012910960677421838>, 5  <0.388516377938682>, 2  <0.5917213820726701>, 3  <0.006851279311225978>}
x[2,2]{7  <0.3050520216159143>, 1  <0.008278869190610971>, 5  <0.6127700817400457>, 3  <0.03015614832178072>, 4  <0.043742879131648385>}
x[2,3]{7  <0.007069731101004038>, 1  <0.9777991100393517>, 2  <0.01513115885964415>}
x[2,4]{7  <0.05490060513437831>, 1  <0.012141879029760863>, 2  <0.07303542306400956>, 4  <0.8599220927718513>}
x[2,5]{6  <1.0>}
x[2,6]{7  <0.5933084951478279>, 4  <0.09068553918893163>, 2  <0.31600596566324046>}
x[2,7]{0  <1.0>}
x[3,0]{7  <0.002947468445513639>, 5  <0.9970525315544864>}
x[3,1]{4  <1.0>}
x[3,2]{5  <0.0032655884846891584>, 1  <0.970851337764037>, 7  <0.025883073751273862>}
x[3,3]{7  <0.9738290415739654>, 1  <0.0261709584260346>}
x[3,4]{0  <1.0>}
x[3,5]{2  <1.0>}
x[3,6]{3  <1.0>}
x[3,7]{6  <1.0>}
x[4,0]{6  <1.0>}
x[4,1]{3  <0.9917446798503605>, 7  <0.003020334995474355>, 2  <0.005234985154165106>}
x[4,2]{3  <0.003403121060287817>, 7  <0.050318203386425335>, 4  <0.9462786755532868>}
x[4,3]{0  <1.0>}
x[4,4]{4  <0.05620590246676554>, 7  <0.9437667591545628>, 2  <2.7338378671547713E-5>}
x[4,5]{5  <1.0>}
x[4,6]{1  <1.0>}
x[4,7]{3  <0.004157404162175049>, 2  <0.9958425958378249>}
x[5,0]{2  <1.0>}
x[5,1]{1  <1.0>}
x[5,2]{6  <1.0>}
x[5,3]{4  <1.0>}
x[5,4]{3  <1.0>}
x[5,5]{7  <1.0>}
x[5,6]{0  <1.0>}
x[5,7]{5  <1.0>}
x[6,0]{7  <0.9635795790259742>, 3  <0.03642042097402581>}
x[6,1]{6  <1.0>}
x[6,2]{4  <0.010319928182230105>, 3  <0.965613071361145>, 7  <0.024067000456624858>}
x[6,3]{5  <1.0>}
x[6,4]{4  <0.08112067779880441>, 7  <3.3222775811906307E-4>, 2  <0.9185470944430766>}
x[6,5]{0  <1.0>}
x[6,6]{7  <0.013552189212935209>, 4  <0.9113943793152449>, 2  <0.07505343147181996>}
x[6,7]{1  <1.0>}
x[7,0]{1  <1.0>}
x[7,1]{3  <0.002300256720742297>, 7  <0.9691126095164951>, 2  <0.028587133762762645>}
x[7,2]{0  <1.0>}
x[7,3]{2  <0.9796605368058491>, 7  <0.02033946319415101>}
x[7,4]{6  <1.0>}
x[7,5]{4  <1.0>}
x[7,6]{5  <1.0>}
x[7,7]{3  <0.9972475113809074>, 2  <0.0027524886190926946>}
problem entropy = 0.29487502189693254
smallest variable entropy = 0.01897530508956083
##### after BP iteration 3 #####
x[0,0]{4  <1.0>}
x[0,1]{0  <1.0>}
x[0,2]{2  <1.0>}
x[0,3]{3  <1.0>}
x[0,4]{5  <1.0>}
x[0,5]{1  <1.0>}
x[0,6]{6  <1.0>}
x[0,7]{7  <1.0>}
x[1,0]{0  <1.0>}
x[1,1]{7  <0.01849957861271231>, 5  <0.6601096051757046>, 2  <0.321390816211583>}
x[1,2]{7  <0.6494646962700953>, 1  <0.010963361692793933>, 5  <0.3395719420371108>}
x[1,3]{6  <1.0>}
x[1,4]{7  <0.0031294718359534896>, 1  <0.9920680643700402>, 2  <0.0048024637940062955>}
x[1,5]{3  <1.0>}
x[1,6]{7  <0.3282225490508672>, 2  <0.6717774509491329>}
x[1,7]{4  <1.0>}
x[2,0]{7  <0.020681332172392434>, 5  <0.0018234052512418823>, 3  <0.9774952625763657>}
x[2,1]{7  <0.01054057528925256>, 5  <0.3395195211216994>, 2  <0.6458387194489995>, 3  <0.00410118414004848>}
x[2,2]{7  <0.2861395121441034>, 1  <0.005269009871667819>, 5  <0.6572458766074916>, 3  <0.018103870551285456>, 4  <0.03324173082545189>}
x[2,3]{7  <0.004038532021609166>, 1  <0.9879038830401612>, 2  <0.008057584938229636>}
x[2,4]{7  <0.0413207922342027>, 1  <0.006083944933564024>, 2  <0.05601914459443811>, 4  <0.8965761182377951>}
x[2,5]{6  <1.0>}
x[2,6]{7  <0.6475335230664321>, 4  <0.062202093145034595>, 2  <0.2902643837885333>}
x[2,7]{0  <1.0>}
x[3,0]{7  <0.001172217596129372>, 5  <0.9988277824038706>}
x[3,1]{4  <1.0>}
x[3,2]{5  <0.0013991308626723055>, 1  <0.9832222856240644>, 7  <0.015378583513263133>}
x[3,3]{7  <0.985521762280902>, 1  <0.014478237719098034>}
x[3,4]{0  <1.0>}
x[3,5]{2  <1.0>}
x[3,6]{3  <1.0>}
x[3,7]{6  <1.0>}
x[4,0]{6  <1.0>}
x[4,1]{3  <0.9952984856487173>, 7  <0.001503984027196917>, 2  <0.0031975303240858784>}
x[4,2]{3  <0.0017076193883718443>, 7  <0.037399334865256886>, 4  <0.9608930457463712>}
x[4,3]{0  <1.0>}
x[4,4]{4  <0.04205959868315283>, 7  <0.9579290485141372>, 2  <1.135280270994751E-5>}
x[4,5]{5  <1.0>}
x[4,6]{1  <1.0>}
x[4,7]{3  <0.0022395680950150114>, 2  <0.997760431904985>}
x[5,0]{2  <1.0>}
x[5,1]{1  <1.0>}
x[5,2]{6  <1.0>}
x[5,3]{4  <1.0>}
x[5,4]{3  <1.0>}
x[5,5]{7  <1.0>}
x[5,6]{0  <1.0>}
x[5,7]{5  <1.0>}
x[6,0]{7  <0.9780833157517035>, 3  <0.02191668424829661>}
x[6,1]{6  <1.0>}
x[6,2]{4  <0.005185181446387896>, 3  <0.9791803280521829>, 7  <0.01563449050142918>}
x[6,3]{5  <1.0>}
x[6,4]{4  <0.06029282061685876>, 7  <1.2383226260031908E-4>, 2  <0.9395833471205408>}
x[6,5]{0  <1.0>}
x[6,6]{7  <0.007186596426079192>, 4  <0.939291421038635>, 2  <0.05352198253528577>}
x[6,7]{1  <1.0>}
x[7,0]{1  <1.0>}
x[7,1]{3  <0.0010295289321993835>, 7  <0.979340391229075>, 2  <0.019630079838725577>}
x[7,2]{0  <1.0>}
x[7,3]{2  <0.9882758695624473>, 7  <0.011724130437552688>}
x[7,4]{6  <1.0>}
x[7,5]{4  <1.0>}
x[7,6]{5  <1.0>}
x[7,7]{3  <0.9987588399885484>, 2  <0.0012411600114515778>}
problem entropy = 0.2487045667370136
smallest variable entropy = 0.009082660314836868
##### after BP iteration 4 #####
x[0,0]{4  <1.0>}
x[0,1]{0  <1.0>}
x[0,2]{2  <1.0>}
x[0,3]{3  <1.0>}
x[0,4]{5  <1.0>}
x[0,5]{1  <1.0>}
x[0,6]{6  <1.0>}
x[0,7]{7  <1.0>}
x[1,0]{0  <1.0>}
x[1,1]{7  <0.012424667725554952>, 5  <0.7136780659633573>, 2  <0.2738972663110878>}
x[1,2]{7  <0.7057186088400493>, 1  <0.005909811313310083>, 5  <0.28837157984664064>}
x[1,3]{6  <1.0>}
x[1,4]{7  <0.0016408184558226215>, 1  <0.99595930032295>, 2  <0.0023998812212274023>}
x[1,5]{3  <1.0>}
x[1,6]{7  <0.279122857211511>, 2  <0.720877142788489>}
x[1,7]{4  <1.0>}
x[2,0]{7  <0.011236039508032196>, 5  <7.226994216118994E-4>, 3  <0.9880412610703558>}
x[2,1]{7  <0.007875009643769974>, 5  <0.2769182163312704>, 2  <0.7129338781623482>, 3  <0.0022728958626114073>}
x[2,2]{7  <0.24492496774847322>, 1  <0.002898947969856036>, 5  <0.7191716103731642>, 3  <0.009557403527273623>, 4  <0.02344707038123291>}
x[2,3]{7  <0.002117845342843348>, 1  <0.9938767930425455>, 2  <0.00400536161461106>}
x[2,4]{7  <0.02968997254020076>, 1  <0.002801348698874173>, 2  <0.038153446714509286>, 4  <0.9293552320464158>}
x[2,5]{6  <1.0>}
x[2,6]{7  <0.712575631519675>, 4  <0.04101072922599059>, 2  <0.24641363925433443>}
x[2,7]{0  <1.0>}
x[3,0]{7  <4.143093924038512E-4>, 5  <0.9995856906075962>}
x[3,1]{4  <1.0>}
x[3,2]{5  <5.200453522076743E-4>, 1  <0.9910725857717382>, 7  <0.008407368876054287>}
x[3,3]{7  <0.9924813297504473>, 1  <0.007518670249552624>}
x[3,4]{0  <1.0>}
x[3,5]{2  <1.0>}
x[3,6]{3  <1.0>}
x[3,7]{6  <1.0>}
x[4,0]{6  <1.0>}
x[4,1]{3  <0.9975254205930355>, 7  <6.666385641100936E-4>, 2  <0.00180794084285434>}
x[4,2]{3  <7.990450364870704E-4>, 7  <0.026717270903776496>, 4  <0.9724836840597365>}
x[4,3]{0  <1.0>}
x[4,4]{4  <0.03026604673566856>, 7  <0.96972989949636>, 2  <4.053767971319263E-6>}
x[4,5]{5  <1.0>}
x[4,6]{1  <1.0>}
x[4,7]{3  <0.0011179768196958328>, 2  <0.9988820231803043>}
x[5,0]{2  <1.0>}
x[5,1]{1  <1.0>}
x[5,2]{6  <1.0>}
x[5,3]{4  <1.0>}
x[5,4]{3  <1.0>}
x[5,5]{7  <1.0>}
x[5,6]{0  <1.0>}
x[5,7]{5  <1.0>}
x[6,0]{7  <0.9875128695926176>, 3  <0.012487130407382384>}
x[6,1]{6  <1.0>}
x[6,2]{4  <0.0024284263089626714>, 3  <0.9882334163591335>, 7  <0.009338157331903761>}
x[6,3]{5  <1.0>}
x[6,4]{4  <0.04150396282189474>, 7  <4.044188953698857E-5>, 2  <0.9584555952885683>}
x[6,5]{0  <1.0>}
x[6,6]{7  <0.003615350536247426>, 4  <0.9593144082530449>, 2  <0.03707024121070759>}
x[6,7]{1  <1.0>}
x[7,0]{1  <1.0>}
x[7,1]{3  <4.0757502160528367E-4>, 7  <0.9873683549388294>, 2  <0.012224070039565509>}
x[7,2]{0  <1.0>}
x[7,3]{2  <0.9936858999592536>, 7  <0.006314100040746287>}
x[7,4]{6  <1.0>}
x[7,5]{4  <1.0>}
x[7,6]{5  <1.0>}
x[7,7]{3  <0.9994950008245769>, 2  <5.049991754230645E-4>}
problem entropy = 0.2061779335857894
smallest variable entropy = 0.003641236961125417
##### after BP iteration 5 #####
x[0,0]{4  <1.0>}
x[0,1]{0  <1.0>}
x[0,2]{2  <1.0>}
x[0,3]{3  <1.0>}
x[0,4]{5  <1.0>}
x[0,5]{1  <1.0>}
x[0,6]{6  <1.0>}
x[0,7]{7  <1.0>}
x[1,0]{0  <1.0>}
x[1,1]{7  <0.00729806847406627>, 5  <0.778334410355984>, 2  <0.21436752116994978>}
x[1,2]{7  <0.774749866775052>, 1  <0.002857033291641947>, 5  <0.22239309993330592>}
x[1,3]{6  <1.0>}
x[1,4]{7  <7.694371137465946E-4>, 1  <0.9982054400931739>, 2  <0.0010251227930794923>}
x[1,5]{3  <1.0>}
x[1,6]{7  <0.21755164769581786>, 2  <0.7824483523041821>}
x[1,7]{4  <1.0>}
x[2,0]{7  <0.005549731121007286>, 5  <2.5464466320193103E-4>, 3  <0.9941956242157908>}
x[2,1]{7  <0.005315458174580981>, 5  <0.2110392567460073>, 2  <0.7824988499533269>, 3  <0.0011464351260848454>}
x[2,2]{7  <0.19173639179875435>, 1  <0.001376595028338447>, 5  <0.7873688954423483>, 3  <0.004439872425817562>, 4  <0.015078245304741257>}
x[2,3]{7  <0.001006217589094203>, 1  <0.9971600443045876>, 2  <0.0018337381063182067>}
x[2,4]{7  <0.0202525956465139>, 1  <0.0011598998368015526>, 2  <0.023378516147396597>, 4  <0.955208988369288>}
x[2,5]{6  <1.0>}
x[2,6]{7  <0.7809515902447517>, 4  <0.025614341587483356>, 2  <0.19343406816776498>}
x[2,7]{0  <1.0>}
x[3,0]{7  <1.331496486189031E-4>, 5  <0.9998668503513811>}
x[3,1]{4  <1.0>}
x[3,2]{5  <1.6782566920147757E-4>, 1  <0.9955858501724779>, 7  <0.004246324158320539>}
x[3,3]{7  <0.9963144835643735>, 1  <0.0036855164356265633>}
x[3,4]{0  <1.0>}
x[3,5]{2  <1.0>}
x[3,6]{3  <1.0>}
x[3,7]{6  <1.0>}
x[4,0]{6  <1.0>}
x[4,1]{3  <0.9988386924727702>, 7  <2.558473598556183E-4>, 2  <9.05460167374037E-4>}
x[4,2]{3  <3.350114194409993E-4>, 7  <0.01775938076697286>, 4  <0.9819056078135863>}
x[4,3]{0  <1.0>}
x[4,4]{4  <0.020575399288165316>, 7  <0.9794234143486021>, 2  <1.186363232453802E-6>}
x[4,5]{5  <1.0>}
x[4,6]{1  <1.0>}
x[4,7]{3  <5.069217660896003E-4>, 2  <0.9994930782339103>}
x[5,0]{2  <1.0>}
x[5,1]{1  <1.0>}
x[5,2]{6  <1.0>}
x[5,3]{4  <1.0>}
x[5,4]{3  <1.0>}
x[5,5]{7  <1.0>}
x[5,6]{0  <1.0>}
x[5,7]{5  <1.0>}
x[6,0]{7  <0.9934888054779646>, 3  <0.00651119452203536>}
x[6,1]{6  <1.0>}
x[6,2]{4  <0.0010225253206497388>, 3  <0.9940921393706845>, 7  <0.004885335308665771>}
x[6,3]{5  <1.0>}
x[6,4]{4  <0.02626122898026274>, 7  <1.1182754392044089E-5>, 2  <0.9737275882653452>}
x[6,5]{0  <1.0>}
x[6,6]{7  <0.0016672888301914872>, 4  <0.9742269964566573>, 2  <0.02410571471315126>}
x[6,7]{1  <1.0>}
x[7,0]{1  <1.0>}
x[7,1]{3  <1.4432623018060145E-4>, 7  <0.9929825844111971>, 2  <0.0068730893586223946>}
x[7,2]{0  <1.0>}
x[7,3]{2  <0.9968396575373734>, 7  <0.003160342462626641>}
x[7,4]{6  <1.0>}
x[7,5]{4  <1.0>}
x[7,6]{5  <1.0>}
x[7,7]{3  <0.9998110774085192>, 2  <1.8892259148086405E-4>}
problem entropy = 0.1648991040478763
smallest variable entropy = 0.001321373159270182
##### after BP iteration 6 #####
x[0,0]{4  <1.0>}
x[0,1]{0  <1.0>}
x[0,2]{2  <1.0>}
x[0,3]{3  <1.0>}
x[0,4]{5  <1.0>}
x[0,5]{1  <1.0>}
x[0,6]{6  <1.0>}
x[0,7]{7  <1.0>}
x[1,0]{0  <1.0>}
x[1,1]{7  <0.0036493646853868874>, 5  <0.8500825731280618>, 2  <0.14626806218655128>}
x[1,2]{7  <0.8491366667654111>, 1  <0.0012114641861284982>, 5  <0.1496518690484605>}
x[1,3]{6  <1.0>}
x[1,4]{7  <3.183670030944135E-4>, 1  <0.9993133471053293>, 2  <3.682858915762203E-4>}
x[1,5]{3  <1.0>}
x[1,6]{7  <0.14774649345385246>, 2  <0.8522535065461475>}
x[1,7]{4  <1.0>}
x[2,0]{7  <0.00247153553148115>, 5  <7.857486325579174E-5>, 3  <0.9974498896052632>}
x[2,1]{7  <0.0032595948934100614>, 5  <0.14735529258859645>, 2  <0.8488592681856972>, 3  <5.258443322961975E-4>}
x[2,2]{7  <0.13636422598415715>, 1  <5.663578638100238E-4>, 5  <0.8526369692438666>, 3  <0.001800137030568956>, 4  <0.00863230987759727>}
x[2,3]{7  <4.289969417511161E-4>, 1  <0.998811349350558>, 2  <7.596537076908655E-4>}
x[2,4]{7  <0.013007116428857062>, 1  <4.2540572334317074E-4>, 2  <0.01307763986934345>, 4  <0.9734898379784563>}
x[2,5]{6  <1.0>}
x[2,6]{7  <0.8471245098929095>, 4  <0.014670302313367644>, 2  <0.13820518779372287>}
x[2,7]{0  <1.0>}
x[3,0]{7  <3.772705166238887E-5>, 5  <0.9999622729483376>}
x[3,1]{4  <1.0>}
x[3,2]{5  <4.728788046242948E-5>, 1  <0.998017385221611>, 7  <0.0019353268979264858>}
x[3,3]{7  <0.9983302239990322>, 1  <0.0016697760009677773>}
x[3,4]{0  <1.0>}
x[3,5]{2  <1.0>}
x[3,6]{3  <1.0>}
x[3,7]{6  <1.0>}
x[4,0]{6  <1.0>}
x[4,1]{3  <0.9995146042775391>, 7  <8.505932846603521E-5>, 2  <4.0033639399483567E-4>}
x[4,2]{3  <1.2201642150516438E-4>, 7  <0.010549649587309699>, 4  <0.9893283339911851>}
x[4,3]{0  <1.0>}
x[4,4]{4  <0.01298450998905696>, 7  <0.9870152087399549>, 2  <2.812709882234738E-7>}
x[4,5]{5  <1.0>}
x[4,6]{1  <1.0>}
x[4,7]{3  <2.0476206393938036E-4>, 2  <0.9997952379360606>}
x[5,0]{2  <1.0>}
x[5,1]{1  <1.0>}
x[5,2]{6  <1.0>}
x[5,3]{4  <1.0>}
x[5,4]{3  <1.0>}
x[5,5]{7  <1.0>}
x[5,6]{0  <1.0>}
x[5,7]{5  <1.0>}
x[6,0]{7  <0.9970102964601277>, 3  <0.0029897035398721763>}
x[6,1]{6  <1.0>}
x[6,2]{4  <3.6893448152466624E-4>, 3  <0.997469827036071>, 7  <0.0021612384824043576>}
x[6,3]{5  <1.0>}
x[6,4]{4  <0.01520322622519882>, 7  <2.5040113318095206E-6>, 2  <0.9847942697634694>}
x[6,5]{0  <1.0>}
x[6,6]{7  <6.751645751696792E-4>, 4  <0.9853357629183294>, 2  <0.013989072506500897>}
x[6,7]{1  <1.0>}
x[7,0]{1  <1.0>}
x[7,1]{3  <4.596077707656744E-5>, 7  <0.9964725541187154>, 2  <0.0034814851042080505>}
x[7,2]{0  <1.0>}
x[7,3]{2  <0.9985561295748664>, 7  <0.0014438704251335715>}
x[7,4]{6  <1.0>}
x[7,5]{4  <1.0>}
x[7,6]{5  <1.0>}
x[7,7]{3  <0.9999358326953408>, 2  <6.416730465908627E-5>}
problem entropy = 0.12322468910687912
smallest variable entropy = 4.2198138528490336E-4
### branching on x[2,0]=3; marginal=0.9974498896052632; regret=0.994978354073782; nb of ties=13
##### after BP iteration 1 #####
x[0,0]{4  <1.0>}
x[0,1]{0  <1.0>}
x[0,2]{2  <1.0>}
x[0,3]{3  <1.0>}
x[0,4]{5  <1.0>}
x[0,5]{1  <1.0>}
x[0,6]{6  <1.0>}
x[0,7]{7  <1.0>}
x[1,0]{0  <1.0>}
x[1,1]{7  <0.0015347555830826274>, 5  <0.9136535639780881>, 2  <0.08481168043882921>}
x[1,2]{7  <0.9140124350763005>, 1  <4.3760105136302703E-4>, 5  <0.08554996387233657>}
x[1,3]{6  <1.0>}
x[1,4]{7  <1.142045868380629E-4>, 1  <0.9997759560792391>, 2  <1.0983933392279586E-4>}
x[1,5]{3  <1.0>}
x[1,6]{7  <0.08568631451412362>, 2  <0.9143136854858763>}
x[1,7]{4  <1.0>}
x[2,0]{3  <1.0>}
x[2,1]{7  <0.0018049031945395683>, 5  <0.08801243155252003>, 2  <0.9101826652529403>}
x[2,2]{7  <0.08396745352508515>, 1  <1.771814224089753E-4>, 5  <0.9116604982291372>, 4  <0.004194866823368645>}
x[2,3]{7  <1.583475045664271E-4>, 1  <0.9995701543777277>, 2  <2.7149811770589755E-4>}
x[2,4]{7  <0.007635308012061834>, 1  <1.322497140269543E-4>, 2  <0.006440182116862616>, 4  <0.9857922601570486>}
x[2,5]{6  <1.0>}
x[2,6]{7  <0.9092496465303016>, 4  <0.0067132455811174906>, 2  <0.08403710788858097>}
x[2,7]{0  <1.0>}
x[3,0]{5  <1.0>}
x[3,1]{4  <1.0>}
x[3,2]{7  <7.690933128699362E-4>, 1  <0.9992309066871301>}
x[3,3]{7  <0.9993403651720174>, 1  <6.596348279825627E-4>}
x[3,4]{0  <1.0>}
x[3,5]{2  <1.0>}
x[3,6]{3  <1.0>}
x[3,7]{6  <1.0>}
x[4,0]{6  <1.0>}
x[4,1]{3  <0.9999979600618365>, 7  <2.984018351523897E-8>, 2  <2.010097980073458E-6>}
x[4,2]{4  <0.994697011771568>, 7  <0.005302988228432011>}
x[4,3]{0  <1.0>}
x[4,4]{4  <0.007320695983280677>, 7  <0.9926792509079502>, 2  <5.3108769226527896E-8>}
x[4,5]{5  <1.0>}
x[4,6]{1  <1.0>}
x[4,7]{3  <7.339185266297696E-5>, 2  <0.999926608147337>}
x[5,0]{2  <1.0>}
x[5,1]{1  <1.0>}
x[5,2]{6  <1.0>}
x[5,3]{4  <1.0>}
x[5,4]{3  <1.0>}
x[5,5]{7  <1.0>}
x[5,6]{0  <1.0>}
x[5,7]{5  <1.0>}
x[6,0]{7  <1.0>}
x[6,1]{6  <1.0>}
x[6,2]{3  <1.0>}
x[6,3]{5  <1.0>}
x[6,4]{4  <0.00766646139289174>, 2  <0.9923335386071083>}
x[6,5]{0  <1.0>}
x[6,6]{2  <0.006942634194570221>, 4  <0.9930573658054298>}
x[6,7]{1  <1.0>}
x[7,0]{1  <1.0>}
x[7,1]{3  <1.3040763696215808E-5>, 7  <0.9984127850578854>, 2  <0.0015741741784183888>}
x[7,2]{0  <1.0>}
x[7,3]{2  <0.9994125847769442>, 7  <5.874152230557412E-4>}
x[7,4]{6  <1.0>}
x[7,5]{4  <1.0>}
x[7,6]{5  <1.0>}
x[7,7]{3  <0.9999807738251548>, 2  <1.922617484527461E-5>}
problem entropy = 0.10457349806092346
smallest variable entropy = 2.8924101863564844E-5
### branching on x[7,1]=7; marginal=0.9984127850578854; regret=0.996838610879467; nb of ties=9
##### after BP iteration 1 #####
x[0,0]{4  <1.0>}
x[0,1]{0  <1.0>}
x[0,2]{2  <1.0>}
x[0,3]{3  <1.0>}
x[0,4]{5  <1.0>}
x[0,5]{1  <1.0>}
x[0,6]{6  <1.0>}
x[0,7]{7  <1.0>}
x[1,0]{0  <1.0>}
x[1,1]{2  <0.04059536398735713>, 5  <0.9594046360126428>}
x[1,2]{7  <0.9588407652798168>, 1  <1.3970800930729983E-4>, 5  <0.041019526710875845>}
x[1,3]{6  <1.0>}
x[1,4]{7  <3.3721770962594775E-5>, 1  <0.9999404855641274>, 2  <2.5792664910030138E-5>}
x[1,5]{3  <1.0>}
x[1,6]{7  <0.04130631176071272>, 2  <0.9586936882392872>}
x[1,7]{4  <1.0>}
x[2,0]{3  <1.0>}
x[2,1]{2  <0.9588224062654099>, 5  <0.041177593734589985>}
x[2,2]{7  <0.0417673634819379>, 1  <9.822757802251951E-6>, 5  <0.956588107354872>, 4  <0.0016347064053878156>}
x[2,3]{7  <4.472444456670444E-5>, 1  <0.9999552755554333>}
x[2,4]{7  <0.003679898054606379>, 1  <1.8580888245834705E-5>, 2  <0.002518351959428763>, 4  <0.993783169097719>}
x[2,5]{6  <1.0>}
x[2,6]{7  <0.9563528986608373>, 4  <0.002849148332432802>, 2  <0.04079795300672991>}
x[2,7]{0  <1.0>}
x[3,0]{5  <1.0>}
x[3,1]{4  <1.0>}
x[3,2]{7  <2.590477229538379E-4>, 1  <0.9997409522770462>}
x[3,3]{7  <0.9999077562414712>, 1  <9.224375852878472E-5>}
x[3,4]{0  <1.0>}
x[3,5]{2  <1.0>}
x[3,6]{3  <1.0>}
x[3,7]{6  <1.0>}
x[4,0]{6  <1.0>}
x[4,1]{3  <1.0>}
x[4,2]{4  <0.9977071403350048>, 7  <0.0022928596649951943>}
x[4,3]{0  <1.0>}
x[4,4]{4  <0.003665446856417984>, 7  <0.9963345531435821>}
x[4,5]{5  <1.0>}
x[4,6]{1  <1.0>}
x[4,7]{2  <1.0>}
x[5,0]{2  <1.0>}
x[5,1]{1  <1.0>}
x[5,2]{6  <1.0>}
x[5,3]{4  <1.0>}
x[5,4]{3  <1.0>}
x[5,5]{7  <1.0>}
x[5,6]{0  <1.0>}
x[5,7]{5  <1.0>}
x[6,0]{7  <1.0>}
x[6,1]{6  <1.0>}
x[6,2]{3  <1.0>}
x[6,3]{5  <1.0>}
x[6,4]{4  <0.0035206614323435997>, 2  <0.9964793385676564>}
x[6,5]{0  <1.0>}
x[6,6]{2  <0.0028993665527830897>, 4  <0.9971006334472169>}
x[6,7]{1  <1.0>}
x[7,0]{1  <1.0>}
x[7,1]{7  <1.0>}
x[7,2]{0  <1.0>}
x[7,3]{2  <1.0>}
x[7,4]{6  <1.0>}
x[7,5]{4  <1.0>}
x[7,6]{5  <1.0>}
x[7,7]{3  <1.0>}
problem entropy = 0.09080292350586898
smallest variable entropy = 4.926383250467526E-4
### branching on x[2,3]=1; marginal=0.9999552755554333; regret=0.9999105511108666; nb of ties=9
##### after BP iteration 1 #####
x[0,0]{4  <1.0>}
x[0,1]{0  <1.0>}
x[0,2]{2  <1.0>}
x[0,3]{3  <1.0>}
x[0,4]{5  <1.0>}
x[0,5]{1  <1.0>}
x[0,6]{6  <1.0>}
x[0,7]{7  <1.0>}
x[1,0]{0  <1.0>}
x[1,1]{2  <0.016287253935672635>, 5  <0.9837127460643275>}
x[1,2]{7  <0.983755009523423>, 5  <0.01624499047657707>}
x[1,3]{6  <1.0>}
x[1,4]{1  <1.0>}
x[1,5]{3  <1.0>}
x[1,6]{7  <0.016011337906901103>, 2  <0.983988662093099>}
x[1,7]{4  <1.0>}
x[2,0]{3  <1.0>}
x[2,1]{2  <0.9838437454678989>, 5  <0.016156254532101202>}
x[2,2]{7  <0.015448560065160693>, 4  <4.7207666095623634E-4>, 5  <0.984079363273883>}
x[2,3]{1  <1.0>}
x[2,4]{7  <0.00152078878836135>, 4  <0.9976948975752693>, 2  <7.843136363694592E-4>}
x[2,5]{6  <1.0>}
x[2,6]{7  <0.9836323313912531>, 4  <0.0010056964156236285>, 2  <0.015361972193123316>}
x[2,7]{0  <1.0>}
x[3,0]{5  <1.0>}
x[3,1]{4  <1.0>}
x[3,2]{1  <1.0>}
x[3,3]{7  <1.0>}
x[3,4]{0  <1.0>}
x[3,5]{2  <1.0>}
x[3,6]{3  <1.0>}
x[3,7]{6  <1.0>}
x[4,0]{6  <1.0>}
x[4,1]{3  <1.0>}
x[4,2]{4  <0.9992165319245612>, 7  <7.834680754388144E-4>}
x[4,3]{0  <1.0>}
x[4,4]{4  <0.0014890383423558386>, 7  <0.9985109616576441>}
x[4,5]{5  <1.0>}
x[4,6]{1  <1.0>}
x[4,7]{2  <1.0>}
x[5,0]{2  <1.0>}
x[5,1]{1  <1.0>}
x[5,2]{6  <1.0>}
x[5,3]{4  <1.0>}
x[5,4]{3  <1.0>}
x[5,5]{7  <1.0>}
x[5,6]{0  <1.0>}
x[5,7]{5  <1.0>}
x[6,0]{7  <1.0>}
x[6,1]{6  <1.0>}
x[6,2]{3  <1.0>}
x[6,3]{5  <1.0>}
x[6,4]{4  <0.0012744755087386143>, 2  <0.9987255244912614>}
x[6,5]{0  <1.0>}
x[6,6]{2  <9.932510965487973E-4>, 4  <0.9990067489034512>}
x[6,7]{1  <1.0>}
x[7,0]{1  <1.0>}
x[7,1]{7  <1.0>}
x[7,2]{0  <1.0>}
x[7,3]{2  <1.0>}
x[7,4]{6  <1.0>}
x[7,5]{4  <1.0>}
x[7,6]{5  <1.0>}
x[7,7]{3  <1.0>}
problem entropy = 0.06366408079616044
smallest variable entropy = 0.006386352587156547
##### after BP iteration 2 #####
x[0,0]{4  <1.0>}
x[0,1]{0  <1.0>}
x[0,2]{2  <1.0>}
x[0,3]{3  <1.0>}
x[0,4]{5  <1.0>}
x[0,5]{1  <1.0>}
x[0,6]{6  <1.0>}
x[0,7]{7  <1.0>}
x[1,0]{0  <1.0>}
x[1,1]{2  <0.004992934437551074>, 5  <0.9950070655624489>}
x[1,2]{7  <0.9951114537357598>, 5  <0.004888546264240246>}
x[1,3]{6  <1.0>}
x[1,4]{1  <1.0>}
x[1,5]{3  <1.0>}
x[1,6]{7  <0.004857395703723748>, 2  <0.9951426042962763>}
x[1,7]{4  <1.0>}
x[2,0]{3  <1.0>}
x[2,1]{2  <0.9951716512883048>, 5  <0.004828348711695267>}
x[2,2]{7  <0.0046431499520301804>, 4  <1.1138048781988343E-4>, 5  <0.9952454695601499>}
x[2,3]{1  <1.0>}
x[2,4]{7  <5.241398306845738E-4>, 4  <0.9992820300848411>, 2  <1.9383008447447205E-4>}
x[2,5]{6  <1.0>}
x[2,6]{7  <0.9951046861008268>, 4  <2.984617777016176E-4>, 2  <0.0045968521214715015>}
x[2,7]{0  <1.0>}
x[3,0]{5  <1.0>}
x[3,1]{4  <1.0>}
x[3,2]{1  <1.0>}
x[3,3]{7  <1.0>}
x[3,4]{0  <1.0>}
x[3,5]{2  <1.0>}
x[3,6]{3  <1.0>}
x[3,7]{6  <1.0>}
x[4,0]{6  <1.0>}
x[4,1]{3  <1.0>}
x[4,2]{4  <0.999797704896511>, 7  <2.0229510348904265E-4>}
x[4,3]{0  <1.0>}
x[4,4]{4  <4.909471781474313E-4>, 7  <0.9995090528218525>}
x[4,5]{5  <1.0>}
x[4,6]{1  <1.0>}
x[4,7]{2  <1.0>}
x[5,0]{2  <1.0>}
x[5,1]{1  <1.0>}
x[5,2]{6  <1.0>}
x[5,3]{4  <1.0>}
x[5,4]{3  <1.0>}
x[5,5]{7  <1.0>}
x[5,6]{0  <1.0>}
x[5,7]{5  <1.0>}
x[6,0]{7  <1.0>}
x[6,1]{6  <1.0>}
x[6,2]{3  <1.0>}
x[6,3]{5  <1.0>}
x[6,4]{4  <3.637554880768732E-4>, 2  <0.9996362445119231>}
x[6,5]{0  <1.0>}
x[6,6]{2  <2.7046956231562426E-4>, 4  <0.9997295304376844>}
x[6,7]{1  <1.0>}
x[7,0]{1  <1.0>}
x[7,1]{7  <1.0>}
x[7,2]{0  <1.0>}
x[7,3]{2  <1.0>}
x[7,4]{6  <1.0>}
x[7,5]{4  <1.0>}
x[7,6]{5  <1.0>}
x[7,7]{3  <1.0>}
problem entropy = 0.023489318452844386
smallest variable entropy = 0.0019229528963949623
##### after BP iteration 3 #####
x[0,0]{4  <1.0>}
x[0,1]{0  <1.0>}
x[0,2]{2  <1.0>}
x[0,3]{3  <1.0>}
x[0,4]{5  <1.0>}
x[0,5]{1  <1.0>}
x[0,6]{6  <1.0>}
x[0,7]{7  <1.0>}
x[1,0]{0  <1.0>}
x[1,1]{2  <0.001109607457014734>, 5  <0.9988903925429853>}
x[1,2]{7  <0.9989006700447662>, 5  <0.0010993299552336992>}
x[1,3]{6  <1.0>}
x[1,4]{1  <1.0>}
x[1,5]{3  <1.0>}
x[1,6]{7  <0.0011001587882468978>, 2  <0.9988998412117531>}
x[1,7]{4  <1.0>}
x[2,0]{3  <1.0>}
x[2,1]{2  <0.998893359928156>, 5  <0.001106640071843996>}
x[2,2]{7  <0.0010801180559640122>, 4  <1.9639610414432328E-5>, 5  <0.9989002423336215>}
x[2,3]{1  <1.0>}
x[2,4]{7  <1.474796797608799E-4>, 4  <0.9998152361084279>, 2  <3.728421181117542E-5>}
x[2,5]{6  <1.0>}
x[2,6]{7  <0.9988546844144033>, 4  <7.123731957034985E-5>, 2  <0.0010740782660264444>}
x[2,7]{0  <1.0>}
x[3,0]{5  <1.0>}
x[3,1]{4  <1.0>}
x[3,2]{1  <1.0>}
x[3,3]{7  <1.0>}
x[3,4]{0  <1.0>}
x[3,5]{2  <1.0>}
x[3,6]{3  <1.0>}
x[3,7]{6  <1.0>}
x[4,0]{6  <1.0>}
x[4,1]{3  <1.0>}
x[4,2]{4  <0.9999597618985578>, 7  <4.023810144219159E-5>}
x[4,3]{0  <1.0>}
x[4,4]{4  <1.3006885131138456E-4>, 7  <0.9998699311486886>}
x[4,5]{5  <1.0>}
x[4,6]{1  <1.0>}
x[4,7]{2  <1.0>}
x[5,0]{2  <1.0>}
x[5,1]{1  <1.0>}
x[5,2]{6  <1.0>}
x[5,3]{4  <1.0>}
x[5,4]{3  <1.0>}
x[5,5]{7  <1.0>}
x[5,6]{0  <1.0>}
x[5,7]{5  <1.0>}
x[6,0]{7  <1.0>}
x[6,1]{6  <1.0>}
x[6,2]{3  <1.0>}
x[6,3]{5  <1.0>}
x[6,4]{4  <8.286426406483539E-5>, 2  <0.9999171357359352>}
x[6,5]{0  <1.0>}
x[6,6]{2  <5.9005838365766297E-5>, 4  <0.9999409941616342>}
x[6,7]{1  <1.0>}
x[7,0]{1  <1.0>}
x[7,1]{7  <1.0>}
x[7,2]{0  <1.0>}
x[7,3]{2  <1.0>}
x[7,4]{6  <1.0>}
x[7,5]{4  <1.0>}
x[7,6]{5  <1.0>}
x[7,7]{3  <1.0>}
problem entropy = 0.006578717069042347
smallest variable entropy = 4.474748928093027E-4
### branching on x[1,6]=2; marginal=0.9988998412117531; regret=0.9977996824235063; nb of ties=11
##### after BP iteration 1 #####
x[0,0]{4  <1.0>}
x[0,1]{0  <1.0>}
x[0,2]{2  <1.0>}
x[0,3]{3  <1.0>}
x[0,4]{5  <1.0>}
x[0,5]{1  <1.0>}
x[0,6]{6  <1.0>}
x[0,7]{7  <1.0>}
x[1,0]{0  <1.0>}
x[1,1]{5  <1.0>}
x[1,2]{7  <1.0>}
x[1,3]{6  <1.0>}
x[1,4]{1  <1.0>}
x[1,5]{3  <1.0>}
x[1,6]{2  <1.0>}
x[1,7]{4  <1.0>}
x[2,0]{3  <1.0>}
x[2,1]{2  <1.0>}
x[2,2]{5  <1.0>}
x[2,3]{1  <1.0>}
x[2,4]{4  <1.0>}
x[2,5]{6  <1.0>}
x[2,6]{7  <1.0>}
x[2,7]{0  <1.0>}
x[3,0]{5  <1.0>}
x[3,1]{4  <1.0>}
x[3,2]{1  <1.0>}
x[3,3]{7  <1.0>}
x[3,4]{0  <1.0>}
x[3,5]{2  <1.0>}
x[3,6]{3  <1.0>}
x[3,7]{6  <1.0>}
x[4,0]{6  <1.0>}
x[4,1]{3  <1.0>}
x[4,2]{4  <1.0>}
x[4,3]{0  <1.0>}
x[4,4]{7  <1.0>}
x[4,5]{5  <1.0>}
x[4,6]{1  <1.0>}
x[4,7]{2  <1.0>}
x[5,0]{2  <1.0>}
x[5,1]{1  <1.0>}
x[5,2]{6  <1.0>}
x[5,3]{4  <1.0>}
x[5,4]{3  <1.0>}
x[5,5]{7  <1.0>}
x[5,6]{0  <1.0>}
x[5,7]{5  <1.0>}
x[6,0]{7  <1.0>}
x[6,1]{6  <1.0>}
x[6,2]{3  <1.0>}
x[6,3]{5  <1.0>}
x[6,4]{2  <1.0>}
x[6,5]{0  <1.0>}
x[6,6]{4  <1.0>}
x[6,7]{1  <1.0>}
x[7,0]{1  <1.0>}
x[7,1]{7  <1.0>}
x[7,2]{0  <1.0>}
x[7,3]{2  <1.0>}
x[7,4]{6  <1.0>}
x[7,5]{4  <1.0>}
x[7,6]{5  <1.0>}
x[7,7]{3  <1.0>}
problem entropy = 0.0
smallest variable entropy = 1.7976931348623157E308
### branching on x[1,6]!=2
##### after BP iteration 1 #####
x[0,0]{4  <1.0>}
x[0,1]{0  <1.0>}
x[0,2]{2  <1.0>}
x[0,3]{3  <1.0>}
x[0,4]{5  <1.0>}
x[0,5]{1  <1.0>}
x[0,6]{6  <1.0>}
x[0,7]{7  <1.0>}
x[1,0]{0  <1.0>}
x[1,1]{2  <1.0>}
x[1,2]{5  <1.0>}
x[1,3]{6  <1.0>}
x[1,4]{1  <1.0>}
x[1,5]{3  <1.0>}
x[1,6]{7  <1.0>}
x[1,7]{4  <1.0>}
x[2,0]{3  <1.0>}
x[2,1]{5  <1.0>}
x[2,2]{4  <5.78636386439341E-4>, 7  <0.9994213636135606>}
x[2,3]{1  <1.0>}
x[2,4]{4  <0.9991145389890383>, 7  <3.3121888929024256E-4>, 2  <5.542421216714465E-4>}
x[2,5]{6  <1.0>}
x[2,6]{2  <0.9992256158629527>, 4  <7.743841370473913E-4>}
x[2,7]{0  <1.0>}
x[3,0]{5  <1.0>}
x[3,1]{4  <1.0>}
x[3,2]{1  <1.0>}
x[3,3]{7  <1.0>}
x[3,4]{0  <1.0>}
x[3,5]{2  <1.0>}
x[3,6]{3  <1.0>}
x[3,7]{6  <1.0>}
x[4,0]{6  <1.0>}
x[4,1]{3  <1.0>}
x[4,2]{4  <0.9935326613016404>, 7  <0.006467338698359564>}
x[4,3]{0  <1.0>}
x[4,4]{7  <0.9999718657541302>, 4  <2.8134245869740636E-5>}
x[4,5]{5  <1.0>}
x[4,6]{1  <1.0>}
x[4,7]{2  <1.0>}
x[5,0]{2  <1.0>}
x[5,1]{1  <1.0>}
x[5,2]{6  <1.0>}
x[5,3]{4  <1.0>}
x[5,4]{3  <1.0>}
x[5,5]{7  <1.0>}
x[5,6]{0  <1.0>}
x[5,7]{5  <1.0>}
x[6,0]{7  <1.0>}
x[6,1]{6  <1.0>}
x[6,2]{3  <1.0>}
x[6,3]{5  <1.0>}
x[6,4]{2  <0.9999845865851406>, 4  <1.5413414859389446E-5>}
x[6,5]{0  <1.0>}
x[6,6]{4  <0.9856178854117409>, 2  <0.01438211458825907>}
x[6,7]{1  <1.0>}
x[7,0]{1  <1.0>}
x[7,1]{7  <1.0>}
x[7,2]{0  <1.0>}
x[7,3]{2  <1.0>}
x[7,4]{6  <1.0>}
x[7,5]{4  <1.0>}
x[7,6]{5  <1.0>}
x[7,7]{3  <1.0>}
problem entropy = 0.026980331369020807
smallest variable entropy = 1.861981302951134E-4

	#choice: 7
	#fail: 0
	execution time (ms): 112
	#sols : 1
	completed : false

