{0  <1.0>}
model: max-product-oracle
FINAL DAMPING FACTOR = 1.0
##### after BP iteration 1 #####
x[0,0]{0  <1.0>}
x[0,1]{7  <1.0>}
x[0,2]{3  <1.0>}
x[0,3]{2  <0.5>, 1  <0.5>}
x[0,4]{6  <1.0>}
x[0,5]{4  <1.0>}
x[0,6]{2  <0.5>, 1  <0.5>}
x[0,7]{5  <1.0>}
x[1,0]{3  <1.0>}
x[1,1]{1  <1.0>}
x[1,2]{0  <0.3333333333333333>, 7  <0.3333333333333333>, 2  <0.3333333333333333>}
x[1,3]{5  <1.0>}
x[1,4]{0  <0.5>, 2  <0.5>}
x[1,5]{6  <1.0>}
x[1,6]{4  <1.0>}
x[1,7]{0  <0.33333333333333337>, 7  <0.33333333333333337>, 2  <0.33333333333333337>}
x[2,0]{2  <1.0>}
x[2,1]{6  <1.0>}
x[2,2]{4  <1.0>}
x[2,3]{0  <1.0>}
x[2,4]{5  <1.0>}
x[2,5]{1  <1.0>}
x[2,6]{7  <1.0>}
x[2,7]{3  <1.0>}
x[3,0]{1  <1.0>}
x[3,1]{2  <1.0>}
x[3,2]{5  <1.0>}
x[3,3]{4  <1.0>}
x[3,4]{7  <1.0>}
x[3,5]{0  <0.5>, 3  <0.5>}
x[3,6]{0  <0.5>, 3  <0.5>}
x[3,7]{6  <1.0>}
x[4,0]{7  <0.5>, 4  <0.5>}
x[4,1]{5  <1.0>}
x[4,2]{0  <0.25>, 1  <0.25>, 2  <0.25>, 7  <0.25>}
x[4,3]{2  <0.5>, 1  <0.5>}
x[4,4]{0  <0.06666666666666667>, 1  <0.13333333333333333>, 2  <0.2>, 3  <0.26666666666666666>, 4  <0.3333333333333333>}
x[4,5]{0  <0.3333333333333333>, 3  <0.3333333333333333>, 2  <0.3333333333333333>}
x[4,6]{6  <1.0>}
x[4,7]{0  <0.19999999999999998>, 1  <0.19999999999999998>, 2  <0.19999999999999998>, 7  <0.19999999999999998>, 4  <0.19999999999999998>}
x[5,0]{7  <0.5>, 4  <0.5>}
x[5,1]{0  <1.0>}
x[5,2]{6  <1.0>}
x[5,3]{3  <1.0>}
x[5,4]{4  <0.3333333333333333>, 1  <0.3333333333333333>, 2  <0.3333333333333333>}
x[5,5]{5  <1.0>}
x[5,6]{2  <0.5>, 1  <0.5>}
x[5,7]{7  <0.25>, 1  <0.25>, 2  <0.25>, 4  <0.25>}
x[6,0]{6  <1.0>}
x[6,1]{3  <0.5>, 4  <0.5>}
x[6,2]{0  <0.3333333333333333>, 1  <0.3333333333333333>, 2  <0.3333333333333333>}
x[6,3]{7  <1.0>}
x[6,4]{0  <0.19999999999999998>, 1  <0.19999999999999998>, 2  <0.19999999999999998>, 3  <0.19999999999999998>, 4  <0.19999999999999998>}
x[6,5]{0  <0.3333333333333333>, 3  <0.3333333333333333>, 2  <0.3333333333333333>}
x[6,6]{5  <1.0>}
x[6,7]{0  <0.25>, 1  <0.25>, 2  <0.25>, 4  <0.25>}
x[7,0]{5  <1.0>}
x[7,1]{3  <0.5>, 4  <0.5>}
x[7,2]{0  <0.3333333333333333>, 1  <0.3333333333333333>, 2  <0.3333333333333333>}
x[7,3]{6  <1.0>}
x[7,4]{0  <0.2>, 1  <0.2>, 2  <0.2>, 3  <0.2>, 4  <0.2>}
x[7,5]{7  <1.0>}
x[7,6]{0  <0.5>, 3  <0.5>}
x[7,7]{0  <0.09090909090909091>, 1  <0.18181818181818182>, 2  <0.2727272727272727>, 4  <0.45454545454545453>}
problem entropy = 0.9933554983158591
smallest variable entropy = 0.6931471805599453
##### after BP iteration 2 #####
x[0,0]{0  <1.0>}
x[0,1]{7  <1.0>}
x[0,2]{3  <1.0>}
x[0,3]{2  <0.5>, 1  <0.5>}
x[0,4]{6  <1.0>}
x[0,5]{4  <1.0>}
x[0,6]{2  <0.5>, 1  <0.5>}
x[0,7]{5  <1.0>}
x[1,0]{3  <1.0>}
x[1,1]{1  <1.0>}
x[1,2]{0  <0.3333333333333333>, 7  <0.3333333333333333>, 2  <0.3333333333333333>}
x[1,3]{5  <1.0>}
x[1,4]{0  <0.5>, 2  <0.5>}
x[1,5]{6  <1.0>}
x[1,6]{4  <1.0>}
x[1,7]{0  <0.33333333333333337>, 7  <0.33333333333333337>, 2  <0.33333333333333337>}
x[2,0]{2  <1.0>}
x[2,1]{6  <1.0>}
x[2,2]{4  <1.0>}
x[2,3]{0  <1.0>}
x[2,4]{5  <1.0>}
x[2,5]{1  <1.0>}
x[2,6]{7  <1.0>}
x[2,7]{3  <1.0>}
x[3,0]{1  <1.0>}
x[3,1]{2  <1.0>}
x[3,2]{5  <1.0>}
x[3,3]{4  <1.0>}
x[3,4]{7  <1.0>}
x[3,5]{0  <0.5>, 3  <0.5>}
x[3,6]{0  <0.5>, 3  <0.5>}
x[3,7]{6  <1.0>}
x[4,0]{7  <0.5>, 4  <0.5>}
x[4,1]{5  <1.0>}
x[4,2]{0  <0.25>, 1  <0.25>, 2  <0.25>, 7  <0.25>}
x[4,3]{2  <0.5>, 1  <0.5>}
x[4,4]{0  <0.06666666666666667>, 1  <0.13333333333333333>, 2  <0.2>, 3  <0.26666666666666666>, 4  <0.3333333333333333>}
x[4,5]{0  <0.3333333333333333>, 3  <0.3333333333333333>, 2  <0.3333333333333333>}
x[4,6]{6  <1.0>}
x[4,7]{0  <0.19999999999999998>, 1  <0.19999999999999998>, 2  <0.19999999999999998>, 7  <0.19999999999999998>, 4  <0.19999999999999998>}
x[5,0]{7  <0.5>, 4  <0.5>}
x[5,1]{0  <1.0>}
x[5,2]{6  <1.0>}
x[5,3]{3  <1.0>}
x[5,4]{4  <0.3333333333333333>, 1  <0.3333333333333333>, 2  <0.3333333333333333>}
x[5,5]{5  <1.0>}
x[5,6]{2  <0.5>, 1  <0.5>}
x[5,7]{7  <0.25>, 1  <0.25>, 2  <0.25>, 4  <0.25>}
x[6,0]{6  <1.0>}
x[6,1]{3  <0.5>, 4  <0.5>}
x[6,2]{0  <0.3333333333333333>, 1  <0.3333333333333333>, 2  <0.3333333333333333>}
x[6,3]{7  <1.0>}
x[6,4]{0  <0.19999999999999998>, 1  <0.19999999999999998>, 2  <0.19999999999999998>, 3  <0.19999999999999998>, 4  <0.19999999999999998>}
x[6,5]{0  <0.3333333333333333>, 3  <0.3333333333333333>, 2  <0.3333333333333333>}
x[6,6]{5  <1.0>}
x[6,7]{0  <0.25>, 1  <0.25>, 2  <0.25>, 4  <0.25>}
x[7,0]{5  <1.0>}
x[7,1]{3  <0.5>, 4  <0.5>}
x[7,2]{0  <0.3333333333333333>, 1  <0.3333333333333333>, 2  <0.3333333333333333>}
x[7,3]{6  <1.0>}
x[7,4]{0  <0.2>, 1  <0.2>, 2  <0.2>, 3  <0.2>, 4  <0.2>}
x[7,5]{7  <1.0>}
x[7,6]{0  <0.5>, 3  <0.5>}
x[7,7]{0  <0.09090909090909091>, 1  <0.18181818181818182>, 2  <0.2727272727272727>, 4  <0.45454545454545453>}
problem entropy = 0.9933554983158591
smallest variable entropy = 0.6931471805599453
### branching on x[0,3]=2 marginal=0.5
##### after BP iteration 1 #####
x[0,0]{0  <1.0>}
x[0,1]{7  <1.0>}
x[0,2]{3  <1.0>}
x[0,3]{2  <1.0>}
x[0,4]{6  <1.0>}
x[0,5]{4  <1.0>}
x[0,6]{1  <1.0>}
x[0,7]{5  <1.0>}
x[1,0]{3  <1.0>}
x[1,1]{1  <1.0>}
x[1,2]{0  <0.3333333333333333>, 7  <0.3333333333333333>, 2  <0.3333333333333333>}
x[1,3]{5  <1.0>}
x[1,4]{0  <0.5>, 2  <0.5>}
x[1,5]{6  <1.0>}
x[1,6]{4  <1.0>}
x[1,7]{0  <0.3333333333333333>, 7  <0.3333333333333333>, 2  <0.3333333333333333>}
x[2,0]{2  <1.0>}
x[2,1]{6  <1.0>}
x[2,2]{4  <1.0>}
x[2,3]{0  <1.0>}
x[2,4]{5  <1.0>}
x[2,5]{1  <1.0>}
x[2,6]{7  <1.0>}
x[2,7]{3  <1.0>}
x[3,0]{1  <1.0>}
x[3,1]{2  <1.0>}
x[3,2]{5  <1.0>}
x[3,3]{4  <1.0>}
x[3,4]{7  <1.0>}
x[3,5]{0  <0.5>, 3  <0.5>}
x[3,6]{0  <0.5>, 3  <0.5>}
x[3,7]{6  <1.0>}
x[4,0]{7  <0.5>, 4  <0.5>}
x[4,1]{5  <1.0>}
x[4,2]{0  <0.3333333333333333>, 7  <0.3333333333333333>, 2  <0.3333333333333333>}
x[4,3]{1  <1.0>}
x[4,4]{0  <0.07692307692307693>, 4  <0.38461538461538464>, 2  <0.23076923076923078>, 3  <0.3076923076923077>}
x[4,5]{0  <0.3333333333333333>, 3  <0.3333333333333333>, 2  <0.3333333333333333>}
x[4,6]{6  <1.0>}
x[4,7]{0  <0.25>, 4  <0.25>, 2  <0.25>, 7  <0.25>}
x[5,0]{7  <0.5>, 4  <0.5>}
x[5,1]{0  <1.0>}
x[5,2]{6  <1.0>}
x[5,3]{3  <1.0>}
x[5,4]{4  <0.5>, 1  <0.5>}
x[5,5]{5  <1.0>}
x[5,6]{2  <1.0>}
x[5,7]{7  <0.3333333333333333>, 1  <0.3333333333333333>, 4  <0.3333333333333333>}
x[6,0]{6  <1.0>}
x[6,1]{3  <0.5>, 4  <0.5>}
x[6,2]{0  <0.3333333333333333>, 1  <0.3333333333333333>, 2  <0.3333333333333333>}
x[6,3]{7  <1.0>}
x[6,4]{0  <0.19999999999999998>, 1  <0.19999999999999998>, 2  <0.19999999999999998>, 3  <0.19999999999999998>, 4  <0.19999999999999998>}
x[6,5]{0  <0.3333333333333333>, 3  <0.3333333333333333>, 2  <0.3333333333333333>}
x[6,6]{5  <1.0>}
x[6,7]{0  <0.25>, 1  <0.25>, 2  <0.25>, 4  <0.25>}
x[7,0]{5  <1.0>}
x[7,1]{3  <0.5>, 4  <0.5>}
x[7,2]{0  <0.3333333333333333>, 1  <0.3333333333333333>, 2  <0.3333333333333333>}
x[7,3]{6  <1.0>}
x[7,4]{0  <0.2>, 1  <0.2>, 2  <0.2>, 3  <0.2>, 4  <0.2>}
x[7,5]{7  <1.0>}
x[7,6]{0  <0.5>, 3  <0.5>}
x[7,7]{0  <0.09090909090909091>, 1  <0.18181818181818182>, 2  <0.2727272727272727>, 4  <0.45454545454545453>}
problem entropy = 0.991655963776361
smallest variable entropy = 0.6931471805599453
##### after BP iteration 2 #####
x[0,0]{0  <1.0>}
x[0,1]{7  <1.0>}
x[0,2]{3  <1.0>}
x[0,3]{2  <1.0>}
x[0,4]{6  <1.0>}
x[0,5]{4  <1.0>}
x[0,6]{1  <1.0>}
x[0,7]{5  <1.0>}
x[1,0]{3  <1.0>}
x[1,1]{1  <1.0>}
x[1,2]{0  <0.3333333333333333>, 7  <0.3333333333333333>, 2  <0.3333333333333333>}
x[1,3]{5  <1.0>}
x[1,4]{0  <0.5>, 2  <0.5>}
x[1,5]{6  <1.0>}
x[1,6]{4  <1.0>}
x[1,7]{0  <0.3333333333333333>, 7  <0.3333333333333333>, 2  <0.3333333333333333>}
x[2,0]{2  <1.0>}
x[2,1]{6  <1.0>}
x[2,2]{4  <1.0>}
x[2,3]{0  <1.0>}
x[2,4]{5  <1.0>}
x[2,5]{1  <1.0>}
x[2,6]{7  <1.0>}
x[2,7]{3  <1.0>}
x[3,0]{1  <1.0>}
x[3,1]{2  <1.0>}
x[3,2]{5  <1.0>}
x[3,3]{4  <1.0>}
x[3,4]{7  <1.0>}
x[3,5]{0  <0.5>, 3  <0.5>}
x[3,6]{0  <0.5>, 3  <0.5>}
x[3,7]{6  <1.0>}
x[4,0]{7  <0.5>, 4  <0.5>}
x[4,1]{5  <1.0>}
x[4,2]{0  <0.3333333333333333>, 7  <0.3333333333333333>, 2  <0.3333333333333333>}
x[4,3]{1  <1.0>}
x[4,4]{0  <0.07692307692307693>, 4  <0.38461538461538464>, 2  <0.23076923076923078>, 3  <0.3076923076923077>}
x[4,5]{0  <0.3333333333333333>, 3  <0.3333333333333333>, 2  <0.3333333333333333>}
x[4,6]{6  <1.0>}
x[4,7]{0  <0.25>, 4  <0.25>, 2  <0.25>, 7  <0.25>}
x[5,0]{7  <0.5>, 4  <0.5>}
x[5,1]{0  <1.0>}
x[5,2]{6  <1.0>}
x[5,3]{3  <1.0>}
x[5,4]{4  <0.5>, 1  <0.5>}
x[5,5]{5  <1.0>}
x[5,6]{2  <1.0>}
x[5,7]{7  <0.3333333333333333>, 1  <0.3333333333333333>, 4  <0.3333333333333333>}
x[6,0]{6  <1.0>}
x[6,1]{3  <0.5>, 4  <0.5>}
x[6,2]{0  <0.3333333333333333>, 1  <0.3333333333333333>, 2  <0.3333333333333333>}
x[6,3]{7  <1.0>}
x[6,4]{0  <0.19999999999999998>, 1  <0.19999999999999998>, 2  <0.19999999999999998>, 3  <0.19999999999999998>, 4  <0.19999999999999998>}
x[6,5]{0  <0.3333333333333333>, 3  <0.3333333333333333>, 2  <0.3333333333333333>}
x[6,6]{5  <1.0>}
x[6,7]{0  <0.25>, 1  <0.25>, 2  <0.25>, 4  <0.25>}
x[7,0]{5  <1.0>}
x[7,1]{3  <0.5>, 4  <0.5>}
x[7,2]{0  <0.3333333333333333>, 1  <0.3333333333333333>, 2  <0.3333333333333333>}
x[7,3]{6  <1.0>}
x[7,4]{0  <0.2>, 1  <0.2>, 2  <0.2>, 3  <0.2>, 4  <0.2>}
x[7,5]{7  <1.0>}
x[7,6]{0  <0.5>, 3  <0.5>}
x[7,7]{0  <0.09090909090909091>, 1  <0.18181818181818182>, 2  <0.2727272727272727>, 4  <0.45454545454545453>}
problem entropy = 0.991655963776361
smallest variable entropy = 0.6931471805599453
### branching on x[1,4]=0 marginal=0.5
##### after BP iteration 1 #####
x[0,0]{0  <1.0>}
x[0,1]{7  <1.0>}
x[0,2]{3  <1.0>}
x[0,3]{2  <1.0>}
x[0,4]{6  <1.0>}
x[0,5]{4  <1.0>}
x[0,6]{1  <1.0>}
x[0,7]{5  <1.0>}
x[1,0]{3  <1.0>}
x[1,1]{1  <1.0>}
x[1,2]{2  <0.5>, 7  <0.5>}
x[1,3]{5  <1.0>}
x[1,4]{0  <1.0>}
x[1,5]{6  <1.0>}
x[1,6]{4  <1.0>}
x[1,7]{2  <0.5>, 7  <0.5>}
x[2,0]{2  <1.0>}
x[2,1]{6  <1.0>}
x[2,2]{4  <1.0>}
x[2,3]{0  <1.0>}
x[2,4]{5  <1.0>}
x[2,5]{1  <1.0>}
x[2,6]{7  <1.0>}
x[2,7]{3  <1.0>}
x[3,0]{1  <1.0>}
x[3,1]{2  <1.0>}
x[3,2]{5  <1.0>}
x[3,3]{4  <1.0>}
x[3,4]{7  <1.0>}
x[3,5]{0  <0.5>, 3  <0.5>}
x[3,6]{0  <0.5>, 3  <0.5>}
x[3,7]{6  <1.0>}
x[4,0]{7  <0.5>, 4  <0.5>}
x[4,1]{5  <1.0>}
x[4,2]{0  <0.3333333333333333>, 7  <0.3333333333333333>, 2  <0.3333333333333333>}
x[4,3]{1  <1.0>}
x[4,4]{3  <0.3333333333333333>, 4  <0.4166666666666667>, 2  <0.25>}
x[4,5]{0  <0.3333333333333333>, 3  <0.3333333333333333>, 2  <0.3333333333333333>}
x[4,6]{6  <1.0>}
x[4,7]{0  <0.25>, 4  <0.25>, 2  <0.25>, 7  <0.25>}
x[5,0]{7  <0.5>, 4  <0.5>}
x[5,1]{0  <1.0>}
x[5,2]{6  <1.0>}
x[5,3]{3  <1.0>}
x[5,4]{4  <0.5>, 1  <0.5>}
x[5,5]{5  <1.0>}
x[5,6]{2  <1.0>}
x[5,7]{7  <0.33333333333333337>, 1  <0.33333333333333337>, 4  <0.33333333333333337>}
x[6,0]{6  <1.0>}
x[6,1]{3  <0.5>, 4  <0.5>}
x[6,2]{0  <0.3333333333333333>, 1  <0.3333333333333333>, 2  <0.3333333333333333>}
x[6,3]{7  <1.0>}
x[6,4]{4  <0.25>, 1  <0.25>, 2  <0.25>, 3  <0.25>}
x[6,5]{0  <0.3333333333333333>, 3  <0.3333333333333333>, 2  <0.3333333333333333>}
x[6,6]{5  <1.0>}
x[6,7]{0  <0.25>, 1  <0.25>, 2  <0.25>, 4  <0.25>}
x[7,0]{5  <1.0>}
x[7,1]{3  <0.5>, 4  <0.5>}
x[7,2]{0  <0.3333333333333333>, 1  <0.3333333333333333>, 2  <0.3333333333333333>}
x[7,3]{6  <1.0>}
x[7,4]{4  <0.25>, 1  <0.25>, 2  <0.25>, 3  <0.25>}
x[7,5]{7  <1.0>}
x[7,6]{0  <0.5>, 3  <0.5>}
x[7,7]{0  <0.09090909090909091>, 1  <0.18181818181818182>, 2  <0.2727272727272727>, 4  <0.45454545454545453>}
problem entropy = 0.9943544807023245
smallest variable entropy = 0.6931471805599453
##### after BP iteration 2 #####
x[0,0]{0  <1.0>}
x[0,1]{7  <1.0>}
x[0,2]{3  <1.0>}
x[0,3]{2  <1.0>}
x[0,4]{6  <1.0>}
x[0,5]{4  <1.0>}
x[0,6]{1  <1.0>}
x[0,7]{5  <1.0>}
x[1,0]{3  <1.0>}
x[1,1]{1  <1.0>}
x[1,2]{2  <0.5>, 7  <0.5>}
x[1,3]{5  <1.0>}
x[1,4]{0  <1.0>}
x[1,5]{6  <1.0>}
x[1,6]{4  <1.0>}
x[1,7]{2  <0.5>, 7  <0.5>}
x[2,0]{2  <1.0>}
x[2,1]{6  <1.0>}
x[2,2]{4  <1.0>}
x[2,3]{0  <1.0>}
x[2,4]{5  <1.0>}
x[2,5]{1  <1.0>}
x[2,6]{7  <1.0>}
x[2,7]{3  <1.0>}
x[3,0]{1  <1.0>}
x[3,1]{2  <1.0>}
x[3,2]{5  <1.0>}
x[3,3]{4  <1.0>}
x[3,4]{7  <1.0>}
x[3,5]{0  <0.5>, 3  <0.5>}
x[3,6]{0  <0.5>, 3  <0.5>}
x[3,7]{6  <1.0>}
x[4,0]{7  <0.5>, 4  <0.5>}
x[4,1]{5  <1.0>}
x[4,2]{0  <0.3333333333333333>, 7  <0.3333333333333333>, 2  <0.3333333333333333>}
x[4,3]{1  <1.0>}
x[4,4]{3  <0.3333333333333333>, 4  <0.4166666666666667>, 2  <0.25>}
x[4,5]{0  <0.3333333333333333>, 3  <0.3333333333333333>, 2  <0.3333333333333333>}
x[4,6]{6  <1.0>}
x[4,7]{0  <0.25>, 4  <0.25>, 2  <0.25>, 7  <0.25>}
x[5,0]{7  <0.5>, 4  <0.5>}
x[5,1]{0  <1.0>}
x[5,2]{6  <1.0>}
x[5,3]{3  <1.0>}
x[5,4]{4  <0.5>, 1  <0.5>}
x[5,5]{5  <1.0>}
x[5,6]{2  <1.0>}
x[5,7]{7  <0.33333333333333337>, 1  <0.33333333333333337>, 4  <0.33333333333333337>}
x[6,0]{6  <1.0>}
x[6,1]{3  <0.5>, 4  <0.5>}
x[6,2]{0  <0.3333333333333333>, 1  <0.3333333333333333>, 2  <0.3333333333333333>}
x[6,3]{7  <1.0>}
x[6,4]{4  <0.25>, 1  <0.25>, 2  <0.25>, 3  <0.25>}
x[6,5]{0  <0.3333333333333333>, 3  <0.3333333333333333>, 2  <0.3333333333333333>}
x[6,6]{5  <1.0>}
x[6,7]{0  <0.25>, 1  <0.25>, 2  <0.25>, 4  <0.25>}
x[7,0]{5  <1.0>}
x[7,1]{3  <0.5>, 4  <0.5>}
x[7,2]{0  <0.3333333333333333>, 1  <0.3333333333333333>, 2  <0.3333333333333333>}
x[7,3]{6  <1.0>}
x[7,4]{4  <0.25>, 1  <0.25>, 2  <0.25>, 3  <0.25>}
x[7,5]{7  <1.0>}
x[7,6]{0  <0.5>, 3  <0.5>}
x[7,7]{0  <0.09090909090909091>, 1  <0.18181818181818182>, 2  <0.2727272727272727>, 4  <0.45454545454545453>}
problem entropy = 0.9943544807023245
smallest variable entropy = 0.6931471805599453
### branching on x[1,2]=2 marginal=0.5
##### after BP iteration 1 #####
x[0,0]{0  <1.0>}
x[0,1]{7  <1.0>}
x[0,2]{3  <1.0>}
x[0,3]{2  <1.0>}
x[0,4]{6  <1.0>}
x[0,5]{4  <1.0>}
x[0,6]{1  <1.0>}
x[0,7]{5  <1.0>}
x[1,0]{3  <1.0>}
x[1,1]{1  <1.0>}
x[1,2]{2  <1.0>}
x[1,3]{5  <1.0>}
x[1,4]{0  <1.0>}
x[1,5]{6  <1.0>}
x[1,6]{4  <1.0>}
x[1,7]{7  <1.0>}
x[2,0]{2  <1.0>}
x[2,1]{6  <1.0>}
x[2,2]{4  <1.0>}
x[2,3]{0  <1.0>}
x[2,4]{5  <1.0>}
x[2,5]{1  <1.0>}
x[2,6]{7  <1.0>}
x[2,7]{3  <1.0>}
x[3,0]{1  <1.0>}
x[3,1]{2  <1.0>}
x[3,2]{5  <1.0>}
x[3,3]{4  <1.0>}
x[3,4]{7  <1.0>}
x[3,5]{0  <0.5>, 3  <0.5>}
x[3,6]{0  <0.5>, 3  <0.5>}
x[3,7]{6  <1.0>}
x[4,0]{4  <1.0>}
x[4,1]{5  <1.0>}
x[4,2]{7  <1.0>}
x[4,3]{1  <1.0>}
x[4,4]{3  <0.5714285714285714>, 2  <0.42857142857142855>}
x[4,5]{0  <0.3333333333333333>, 3  <0.3333333333333333>, 2  <0.3333333333333333>}
x[4,6]{6  <1.0>}
x[4,7]{0  <0.5>, 2  <0.5>}
x[5,0]{7  <1.0>}
x[5,1]{0  <1.0>}
x[5,2]{6  <1.0>}
x[5,3]{3  <1.0>}
x[5,4]{4  <0.5>, 1  <0.5>}
x[5,5]{5  <1.0>}
x[5,6]{2  <1.0>}
x[5,7]{4  <0.5>, 1  <0.5>}
x[6,0]{6  <1.0>}
x[6,1]{3  <0.5>, 4  <0.5>}
x[6,2]{0  <0.5>, 1  <0.5>}
x[6,3]{7  <1.0>}
x[6,4]{4  <0.25>, 1  <0.25>, 2  <0.25>, 3  <0.25>}
x[6,5]{0  <0.33333333333333337>, 3  <0.33333333333333337>, 2  <0.33333333333333337>}
x[6,6]{5  <1.0>}
x[6,7]{0  <0.25>, 1  <0.25>, 2  <0.25>, 4  <0.25>}
x[7,0]{5  <1.0>}
x[7,1]{3  <0.5>, 4  <0.5>}
x[7,2]{0  <0.5>, 1  <0.5>}
x[7,3]{6  <1.0>}
x[7,4]{4  <0.25>, 1  <0.25>, 2  <0.25>, 3  <0.25>}
x[7,5]{7  <1.0>}
x[7,6]{0  <0.5>, 3  <0.5>}
x[7,7]{0  <0.09090909090909091>, 1  <0.18181818181818182>, 2  <0.2727272727272727>, 4  <0.45454545454545453>}
problem entropy = 0.9929525102170148
smallest variable entropy = 0.6829081047004717
##### after BP iteration 2 #####
x[0,0]{0  <1.0>}
x[0,1]{7  <1.0>}
x[0,2]{3  <1.0>}
x[0,3]{2  <1.0>}
x[0,4]{6  <1.0>}
x[0,5]{4  <1.0>}
x[0,6]{1  <1.0>}
x[0,7]{5  <1.0>}
x[1,0]{3  <1.0>}
x[1,1]{1  <1.0>}
x[1,2]{2  <1.0>}
x[1,3]{5  <1.0>}
x[1,4]{0  <1.0>}
x[1,5]{6  <1.0>}
x[1,6]{4  <1.0>}
x[1,7]{7  <1.0>}
x[2,0]{2  <1.0>}
x[2,1]{6  <1.0>}
x[2,2]{4  <1.0>}
x[2,3]{0  <1.0>}
x[2,4]{5  <1.0>}
x[2,5]{1  <1.0>}
x[2,6]{7  <1.0>}
x[2,7]{3  <1.0>}
x[3,0]{1  <1.0>}
x[3,1]{2  <1.0>}
x[3,2]{5  <1.0>}
x[3,3]{4  <1.0>}
x[3,4]{7  <1.0>}
x[3,5]{0  <0.5>, 3  <0.5>}
x[3,6]{0  <0.5>, 3  <0.5>}
x[3,7]{6  <1.0>}
x[4,0]{4  <1.0>}
x[4,1]{5  <1.0>}
x[4,2]{7  <1.0>}
x[4,3]{1  <1.0>}
x[4,4]{3  <0.5714285714285714>, 2  <0.42857142857142855>}
x[4,5]{0  <0.3333333333333333>, 3  <0.3333333333333333>, 2  <0.3333333333333333>}
x[4,6]{6  <1.0>}
x[4,7]{0  <0.5>, 2  <0.5>}
x[5,0]{7  <1.0>}
x[5,1]{0  <1.0>}
x[5,2]{6  <1.0>}
x[5,3]{3  <1.0>}
x[5,4]{4  <0.5>, 1  <0.5>}
x[5,5]{5  <1.0>}
x[5,6]{2  <1.0>}
x[5,7]{4  <0.5>, 1  <0.5>}
x[6,0]{6  <1.0>}
x[6,1]{3  <0.5>, 4  <0.5>}
x[6,2]{0  <0.5>, 1  <0.5>}
x[6,3]{7  <1.0>}
x[6,4]{4  <0.25>, 1  <0.25>, 2  <0.25>, 3  <0.25>}
x[6,5]{0  <0.33333333333333337>, 3  <0.33333333333333337>, 2  <0.33333333333333337>}
x[6,6]{5  <1.0>}
x[6,7]{0  <0.25>, 1  <0.25>, 2  <0.25>, 4  <0.25>}
x[7,0]{5  <1.0>}
x[7,1]{3  <0.5>, 4  <0.5>}
x[7,2]{0  <0.5>, 1  <0.5>}
x[7,3]{6  <1.0>}
x[7,4]{4  <0.25>, 1  <0.25>, 2  <0.25>, 3  <0.25>}
x[7,5]{7  <1.0>}
x[7,6]{0  <0.5>, 3  <0.5>}
x[7,7]{0  <0.09090909090909091>, 1  <0.18181818181818182>, 2  <0.2727272727272727>, 4  <0.45454545454545453>}
problem entropy = 0.9929525102170148
smallest variable entropy = 0.6829081047004717
### branching on x[4,4]=3 marginal=0.5714285714285714
### branching on x[3,5]=0 marginal=0.5
##### after BP iteration 1 #####
x[0,0]{0  <1.0>}
x[0,1]{7  <1.0>}
x[0,2]{3  <1.0>}
x[0,3]{2  <1.0>}
x[0,4]{6  <1.0>}
x[0,5]{4  <1.0>}
x[0,6]{1  <1.0>}
x[0,7]{5  <1.0>}
x[1,0]{3  <1.0>}
x[1,1]{1  <1.0>}
x[1,2]{2  <1.0>}
x[1,3]{5  <1.0>}
x[1,4]{0  <1.0>}
x[1,5]{6  <1.0>}
x[1,6]{4  <1.0>}
x[1,7]{7  <1.0>}
x[2,0]{2  <1.0>}
x[2,1]{6  <1.0>}
x[2,2]{4  <1.0>}
x[2,3]{0  <1.0>}
x[2,4]{5  <1.0>}
x[2,5]{1  <1.0>}
x[2,6]{7  <1.0>}
x[2,7]{3  <1.0>}
x[3,0]{1  <1.0>}
x[3,1]{2  <1.0>}
x[3,2]{5  <1.0>}
x[3,3]{4  <1.0>}
x[3,4]{7  <1.0>}
x[3,5]{0  <1.0>}
x[3,6]{3  <1.0>}
x[3,7]{6  <1.0>}
x[4,0]{4  <1.0>}
x[4,1]{5  <1.0>}
x[4,2]{7  <1.0>}
x[4,3]{1  <1.0>}
x[4,4]{3  <1.0>}
x[4,5]{2  <1.0>}
x[4,6]{6  <1.0>}
x[4,7]{0  <1.0>}
x[5,0]{7  <1.0>}
x[5,1]{0  <1.0>}
x[5,2]{6  <1.0>}
x[5,3]{3  <1.0>}
x[5,4]{4  <0.5>, 1  <0.5>}
x[5,5]{5  <1.0>}
x[5,6]{2  <1.0>}
x[5,7]{4  <0.5>, 1  <0.5>}
x[6,0]{6  <1.0>}
x[6,1]{4  <1.0>}
x[6,2]{0  <1.0>}
x[6,3]{7  <1.0>}
x[6,4]{2  <0.5>, 1  <0.5>}
x[6,5]{3  <1.0>}
x[6,6]{5  <1.0>}
x[6,7]{2  <0.5>, 1  <0.5>}
x[7,0]{5  <1.0>}
x[7,1]{3  <1.0>}
x[7,2]{1  <1.0>}
x[7,3]{6  <1.0>}
x[7,4]{4  <0.5>, 2  <0.5>}
x[7,5]{7  <1.0>}
x[7,6]{0  <1.0>}
x[7,7]{4  <0.625>, 2  <0.375>}
problem entropy = 0.9924056671541609
smallest variable entropy = 0.6615632381579821
##### after BP iteration 2 #####
x[0,0]{0  <1.0>}
x[0,1]{7  <1.0>}
x[0,2]{3  <1.0>}
x[0,3]{2  <1.0>}
x[0,4]{6  <1.0>}
x[0,5]{4  <1.0>}
x[0,6]{1  <1.0>}
x[0,7]{5  <1.0>}
x[1,0]{3  <1.0>}
x[1,1]{1  <1.0>}
x[1,2]{2  <1.0>}
x[1,3]{5  <1.0>}
x[1,4]{0  <1.0>}
x[1,5]{6  <1.0>}
x[1,6]{4  <1.0>}
x[1,7]{7  <1.0>}
x[2,0]{2  <1.0>}
x[2,1]{6  <1.0>}
x[2,2]{4  <1.0>}
x[2,3]{0  <1.0>}
x[2,4]{5  <1.0>}
x[2,5]{1  <1.0>}
x[2,6]{7  <1.0>}
x[2,7]{3  <1.0>}
x[3,0]{1  <1.0>}
x[3,1]{2  <1.0>}
x[3,2]{5  <1.0>}
x[3,3]{4  <1.0>}
x[3,4]{7  <1.0>}
x[3,5]{0  <1.0>}
x[3,6]{3  <1.0>}
x[3,7]{6  <1.0>}
x[4,0]{4  <1.0>}
x[4,1]{5  <1.0>}
x[4,2]{7  <1.0>}
x[4,3]{1  <1.0>}
x[4,4]{3  <1.0>}
x[4,5]{2  <1.0>}
x[4,6]{6  <1.0>}
x[4,7]{0  <1.0>}
x[5,0]{7  <1.0>}
x[5,1]{0  <1.0>}
x[5,2]{6  <1.0>}
x[5,3]{3  <1.0>}
x[5,4]{4  <0.5>, 1  <0.5>}
x[5,5]{5  <1.0>}
x[5,6]{2  <1.0>}
x[5,7]{4  <0.5>, 1  <0.5>}
x[6,0]{6  <1.0>}
x[6,1]{4  <1.0>}
x[6,2]{0  <1.0>}
x[6,3]{7  <1.0>}
x[6,4]{2  <0.5>, 1  <0.5>}
x[6,5]{3  <1.0>}
x[6,6]{5  <1.0>}
x[6,7]{2  <0.5>, 1  <0.5>}
x[7,0]{5  <1.0>}
x[7,1]{3  <1.0>}
x[7,2]{1  <1.0>}
x[7,3]{6  <1.0>}
x[7,4]{4  <0.5>, 2  <0.5>}
x[7,5]{7  <1.0>}
x[7,6]{0  <1.0>}
x[7,7]{4  <0.625>, 2  <0.375>}
problem entropy = 0.9924056671541609
smallest variable entropy = 0.6615632381579821
### branching on x[7,7]=4 marginal=0.625
##### after BP iteration 1 #####
x[0,0]{0  <1.0>}
x[0,1]{7  <1.0>}
x[0,2]{3  <1.0>}
x[0,3]{2  <1.0>}
x[0,4]{6  <1.0>}
x[0,5]{4  <1.0>}
x[0,6]{1  <1.0>}
x[0,7]{5  <1.0>}
x[1,0]{3  <1.0>}
x[1,1]{1  <1.0>}
x[1,2]{2  <1.0>}
x[1,3]{5  <1.0>}
x[1,4]{0  <1.0>}
x[1,5]{6  <1.0>}
x[1,6]{4  <1.0>}
x[1,7]{7  <1.0>}
x[2,0]{2  <1.0>}
x[2,1]{6  <1.0>}
x[2,2]{4  <1.0>}
x[2,3]{0  <1.0>}
x[2,4]{5  <1.0>}
x[2,5]{1  <1.0>}
x[2,6]{7  <1.0>}
x[2,7]{3  <1.0>}
x[3,0]{1  <1.0>}
x[3,1]{2  <1.0>}
x[3,2]{5  <1.0>}
x[3,3]{4  <1.0>}
x[3,4]{7  <1.0>}
x[3,5]{0  <1.0>}
x[3,6]{3  <1.0>}
x[3,7]{6  <1.0>}
x[4,0]{4  <1.0>}
x[4,1]{5  <1.0>}
x[4,2]{7  <1.0>}
x[4,3]{1  <1.0>}
x[4,4]{3  <1.0>}
x[4,5]{2  <1.0>}
x[4,6]{6  <1.0>}
x[4,7]{0  <1.0>}
x[5,0]{7  <1.0>}
x[5,1]{0  <1.0>}
x[5,2]{6  <1.0>}
x[5,3]{3  <1.0>}
x[5,4]{4  <1.0>}
x[5,5]{5  <1.0>}
x[5,6]{2  <1.0>}
x[5,7]{1  <1.0>}
x[6,0]{6  <1.0>}
x[6,1]{4  <1.0>}
x[6,2]{0  <1.0>}
x[6,3]{7  <1.0>}
x[6,4]{1  <1.0>}
x[6,5]{3  <1.0>}
x[6,6]{5  <1.0>}
x[6,7]{2  <1.0>}
x[7,0]{5  <1.0>}
x[7,1]{3  <1.0>}
x[7,2]{1  <1.0>}
x[7,3]{6  <1.0>}
x[7,4]{2  <1.0>}
x[7,5]{7  <1.0>}
x[7,6]{0  <1.0>}
x[7,7]{4  <1.0>}
problem entropy = 0.0
smallest variable entropy = 1.7976931348623157E308
### branching on x[7,7]!=4
##### after BP iteration 1 #####
x[0,0]{0  <1.0>}
x[0,1]{7  <1.0>}
x[0,2]{3  <1.0>}
x[0,3]{2  <1.0>}
x[0,4]{6  <1.0>}
x[0,5]{4  <1.0>}
x[0,6]{1  <1.0>}
x[0,7]{5  <1.0>}
x[1,0]{3  <1.0>}
x[1,1]{1  <1.0>}
x[1,2]{2  <1.0>}
x[1,3]{5  <1.0>}
x[1,4]{0  <1.0>}
x[1,5]{6  <1.0>}
x[1,6]{4  <1.0>}
x[1,7]{7  <1.0>}
x[2,0]{2  <1.0>}
x[2,1]{6  <1.0>}
x[2,2]{4  <1.0>}
x[2,3]{0  <1.0>}
x[2,4]{5  <1.0>}
x[2,5]{1  <1.0>}
x[2,6]{7  <1.0>}
x[2,7]{3  <1.0>}
x[3,0]{1  <1.0>}
x[3,1]{2  <1.0>}
x[3,2]{5  <1.0>}
x[3,3]{4  <1.0>}
x[3,4]{7  <1.0>}
x[3,5]{0  <1.0>}
x[3,6]{3  <1.0>}
x[3,7]{6  <1.0>}
x[4,0]{4  <1.0>}
x[4,1]{5  <1.0>}
x[4,2]{7  <1.0>}
x[4,3]{1  <1.0>}
x[4,4]{3  <1.0>}
x[4,5]{2  <1.0>}
x[4,6]{6  <1.0>}
x[4,7]{0  <1.0>}
x[5,0]{7  <1.0>}
x[5,1]{0  <1.0>}
x[5,2]{6  <1.0>}
x[5,3]{3  <1.0>}
x[5,4]{1  <1.0>}
x[5,5]{5  <1.0>}
x[5,6]{2  <1.0>}
x[5,7]{4  <1.0>}
x[6,0]{6  <1.0>}
x[6,1]{4  <1.0>}
x[6,2]{0  <1.0>}
x[6,3]{7  <1.0>}
x[6,4]{2  <1.0>}
x[6,5]{3  <1.0>}
x[6,6]{5  <1.0>}
x[6,7]{1  <1.0>}
x[7,0]{5  <1.0>}
x[7,1]{3  <1.0>}
x[7,2]{1  <1.0>}
x[7,3]{6  <1.0>}
x[7,4]{4  <1.0>}
x[7,5]{7  <1.0>}
x[7,6]{0  <1.0>}
x[7,7]{2  <1.0>}
problem entropy = 0.0
smallest variable entropy = 1.7976931348623157E308

	#choice: 7
	#fail: 0
	execution time (ms): 68
	#sols : 1
	completed : false

