{7  <1.0>}
model: sum-product-oracle
FINAL DAMPING FACTOR = 1.0
##### after BP iteration 1 #####
x[0,0]{7  <1.0>}
x[0,1]{4  <0.9999433650265857>, 1  <5.663497341438639E-5>}
x[0,2]{3  <0.9999982673105031>, 4  <1.7326894969116027E-6>}
x[0,3]{5  <0.9999669812469207>, 4  <3.2882392587684314E-5>, 3  <1.3636049156290283E-7>}
x[0,4]{2  <1.0>}
x[0,5]{0  <1.0>}
x[0,6]{5  <1.0541716973871664E-4>, 1  <0.9998945828302613>}
x[0,7]{6  <1.0>}
x[1,0]{0  <1.0>}
x[1,1]{5  <1.0>}
x[1,2]{6  <1.0>}
x[1,3]{1  <1.0>}
x[1,4]{7  <1.0>}
x[1,5]{3  <0.660624782562444>, 4  <0.33937521743755616>}
x[1,6]{2  <1.0>}
x[1,7]{3  <0.273780493061566>, 4  <0.7262195069384341>}
x[2,0]{6  <1.0>}
x[2,1]{4  <4.441487607849609E-6>, 1  <3.0744106633379646E-4>, 2  <0.9996881174460583>}
x[2,2]{5  <1.0>}
x[2,3]{4  <0.6199292018883295>, 7  <0.3574610693875932>, 2  <2.196807571124223E-4>, 3  <0.02239004796696497>}
x[2,4]{0  <1.699641748882874E-5>, 1  <0.40198772760541907>, 3  <0.5979952759770921>}
x[2,5]{7  <0.7562700824390993>, 1  <0.03179431148457804>, 4  <0.14085442903869339>, 3  <0.07108117703762941>}
x[2,6]{0  <0.9999953318687722>, 1  <4.668131227723757E-6>}
x[2,7]{7  <0.11182021832495231>, 1  <0.5891162377426072>, 4  <0.06791159804514456>, 3  <0.23115194588729607>}
x[3,0]{1  <1.0>}
x[3,1]{3  <1.0>}
x[3,2]{7  <1.0>}
x[3,3]{6  <1.0>}
x[3,4]{5  <1.0>}
x[3,5]{2  <1.0>}
x[3,6]{4  <1.0>}
x[3,7]{0  <1.0>}
x[4,0]{4  <1.0>}
x[4,1]{7  <1.0>}
x[4,2]{1  <1.0>}
x[4,3]{0  <1.0>}
x[4,4]{6  <1.0>}
x[4,5]{5  <1.0>}
x[4,6]{3  <1.0>}
x[4,7]{2  <1.0>}
x[5,0]{3  <1.0>}
x[5,1]{4  <6.565214256559583E-5>, 1  <0.9989194308789683>, 2  <0.0010149169784662215>}
x[5,2]{0  <4.038494775002438E-4>, 4  <0.9994585267056016>, 2  <1.3762381689806917E-4>}
x[5,3]{5  <3.304509233338813E-5>, 4  <1.1360439552239628E-4>, 2  <0.9998533505121443>}
x[5,4]{0  <0.9997424965105566>, 1  <2.5750348944352484E-4>}
x[5,5]{6  <1.0>}
x[5,6]{7  <1.0>}
x[5,7]{4  <3.6633234061956393E-7>, 1  <4.158538138236151E-5>, 5  <0.9999580482862771>}
x[6,0]{2  <1.0>}
x[6,1]{6  <1.0>}
x[6,2]{0  <0.9991224384449344>, 3  <2.554764866043122E-6>, 4  <8.750067901994728E-4>}
x[6,3]{4  <0.23839052174096578>, 5  <3.6649212993602207E-4>, 7  <0.7166499737532859>, 3  <0.04459301237581235>}
x[6,4]{0  <8.710895303553511E-4>, 1  <0.5879172018733553>, 3  <0.41121170859628936>}
x[6,5]{4  <0.3707570513037317>, 1  <0.026083775704280887>, 7  <0.3960943287387686>, 3  <0.20706484425321875>}
x[6,6]{0  <6.675900596625077E-7>, 1  <1.658491544646081E-4>, 5  <0.9998334832554758>}
x[6,7]{5  <0.0032012034299727923>, 1  <0.26638468953001065>, 7  <0.12630977792057974>, 3  <0.41797081731686425>, 4  <0.18613351180257268>}
x[7,0]{5  <1.0>}
x[7,1]{0  <1.0>}
x[7,2]{3  <6.602256750792665E-6>, 2  <0.9999933977432492>}
x[7,3]{7  <0.1533011853374546>, 3  <0.8466914915967926>, 2  <7.3230657527277365E-6>}
x[7,4]{4  <1.0>}
x[7,5]{7  <0.10585921874166379>, 1  <0.8768196878334645>, 3  <0.017321093424871693>}
x[7,6]{6  <1.0>}
x[7,7]{7  <0.8942689475943764>, 1  <0.053174190957635946>, 3  <0.05255686144798773>}
problem entropy = 0.305236123559904
smallest variable entropy = 2.4718262240066867E-5
### branching on x[0,2]=3 marginal=0.9999982673105031
##### after BP iteration 1 #####
x[0,0]{7  <1.0>}
x[0,1]{4  <0.999992917396591>, 1  <7.08260340897438E-6>}
x[0,2]{3  <1.0>}
x[0,3]{5  <0.9999810826553408>, 4  <1.8917344659276303E-5>}
x[0,4]{2  <1.0>}
x[0,5]{0  <1.0>}
x[0,6]{5  <3.362733973522632E-6>, 1  <0.9999966372660265>}
x[0,7]{6  <1.0>}
x[1,0]{0  <1.0>}
x[1,1]{5  <1.0>}
x[1,2]{6  <1.0>}
x[1,3]{1  <1.0>}
x[1,4]{7  <1.0>}
x[1,5]{3  <0.73299372359196>, 4  <0.2670062764080399>}
x[1,6]{2  <1.0>}
x[1,7]{3  <0.28799399512981744>, 4  <0.7120060048701826>}
x[2,0]{6  <1.0>}
x[2,1]{4  <2.3302309950192867E-7>, 1  <9.591824629643772E-5>, 2  <0.9999038487306041>}
x[2,2]{5  <1.0>}
x[2,3]{4  <0.8100335261312509>, 7  <0.162601577807873>, 2  <1.1642821116264885E-5>, 3  <0.027353253239759786>}
x[2,4]{0  <4.929618519227957E-7>, 1  <0.32050895529607765>, 3  <0.6794905517420704>}
x[2,5]{7  <0.656204935281054>, 1  <0.04189071233789067>, 4  <0.22972098581481123>, 3  <0.07218336656624404>}
x[2,6]{0  <0.9999999920750634>, 1  <7.92493659595739E-9>}
x[2,7]{7  <0.04457328511473049>, 1  <0.6838774289555883>, 4  <0.04402777962088026>, 3  <0.22752150630880075>}
x[3,0]{1  <1.0>}
x[3,1]{3  <1.0>}
x[3,2]{7  <1.0>}
x[3,3]{6  <1.0>}
x[3,4]{5  <1.0>}
x[3,5]{2  <1.0>}
x[3,6]{4  <1.0>}
x[3,7]{0  <1.0>}
x[4,0]{4  <1.0>}
x[4,1]{7  <1.0>}
x[4,2]{1  <1.0>}
x[4,3]{0  <1.0>}
x[4,4]{6  <1.0>}
x[4,5]{5  <1.0>}
x[4,6]{3  <1.0>}
x[4,7]{2  <1.0>}
x[5,0]{3  <1.0>}
x[5,1]{4  <5.873752086210058E-6>, 1  <0.9999866018778728>, 2  <7.524370041015699E-6>}
x[5,2]{0  <1.6221992241708657E-5>, 4  <0.9999837780077583>}
x[5,3]{5  <2.429062651716141E-8>, 4  <4.6177517956902385E-6>, 2  <0.9999953579575778>}
x[5,4]{0  <0.9999748991569382>, 1  <2.5100843061852226E-5>}
x[5,5]{6  <1.0>}
x[5,6]{7  <1.0>}
x[5,7]{4  <1.1149343406008038E-7>, 1  <2.502823800126254E-5>, 5  <0.9999748602685646>}
x[6,0]{2  <1.0>}
x[6,1]{6  <1.0>}
x[6,2]{0  <0.999878294887114>, 4  <1.2170511288602709E-4>}
x[6,3]{4  <0.5331423779349591>, 5  <9.489113921868068E-6>, 7  <0.4017059342748035>, 3  <0.06514219867631556>}
x[6,4]{0  <1.1772057869590264E-4>, 1  <0.609153676098735>, 3  <0.39072860332256915>}
x[6,5]{4  <0.547559983353537>, 1  <0.03409939009005399>, 7  <0.24073951176155556>, 3  <0.1776011147948534>}
x[6,6]{0  <6.153111641091736E-8>, 1  <9.826899284882324E-5>, 5  <0.9999016694760346>}
x[6,7]{5  <1.593189908208853E-5>, 1  <0.379484482985793>, 7  <0.05551782695681503>, 3  <0.3854183124799243>, 4  <0.17956344567838547>}
x[7,0]{5  <1.0>}
x[7,1]{0  <1.0>}
x[7,2]{2  <1.0>}
x[7,3]{7  <0.06206228122039858>, 3  <0.9379377187796014>}
x[7,4]{4  <1.0>}
x[7,5]{7  <0.035450469792104505>, 1  <0.9527200106781804>, 3  <0.011829519529715202>}
x[7,6]{6  <1.0>}
x[7,7]{7  <0.7640221892655693>, 1  <0.13373849356779705>, 3  <0.10223931716663363>}
problem entropy = 0.3180896655885712
smallest variable entropy = 1.5575077215086464E-7
### branching on x[2,6]=0 marginal=0.9999999920750634
### branching on x[0,6]=1 marginal=0.9999966372660265
##### after BP iteration 1 #####
x[0,0]{7  <1.0>}
x[0,1]{4  <1.0>}
x[0,2]{3  <1.0>}
x[0,3]{5  <1.0>}
x[0,4]{2  <1.0>}
x[0,5]{0  <1.0>}
x[0,6]{1  <1.0>}
x[0,7]{6  <1.0>}
x[1,0]{0  <1.0>}
x[1,1]{5  <1.0>}
x[1,2]{6  <1.0>}
x[1,3]{1  <1.0>}
x[1,4]{7  <1.0>}
x[1,5]{3  <0.7884104392343992>, 4  <0.21158956076560073>}
x[1,6]{2  <1.0>}
x[1,7]{3  <0.23310274788616994>, 4  <0.7668972521138301>}
x[2,0]{6  <1.0>}
x[2,1]{2  <0.9999997720867071>, 1  <2.2791329290936087E-7>}
x[2,2]{5  <1.0>}
x[2,3]{4  <0.572790037863166>, 7  <0.4035415294885927>, 2  <1.2800466844889656E-6>, 3  <0.023667152601556874>}
x[2,4]{3  <0.7126065651342609>, 1  <0.287393434865739>}
x[2,5]{7  <0.7425011504596425>, 1  <0.021482866318155696>, 4  <0.19182721620046586>, 3  <0.044188767021736>}
x[2,6]{0  <1.0>}
x[2,7]{7  <0.0935897978844405>, 1  <0.5726293802125468>, 4  <0.0736651800018631>, 3  <0.2601156419011495>}
x[3,0]{1  <1.0>}
x[3,1]{3  <1.0>}
x[3,2]{7  <1.0>}
x[3,3]{6  <1.0>}
x[3,4]{5  <1.0>}
x[3,5]{2  <1.0>}
x[3,6]{4  <1.0>}
x[3,7]{0  <1.0>}
x[4,0]{4  <1.0>}
x[4,1]{7  <1.0>}
x[4,2]{1  <1.0>}
x[4,3]{0  <1.0>}
x[4,4]{6  <1.0>}
x[4,5]{5  <1.0>}
x[4,6]{3  <1.0>}
x[4,7]{2  <1.0>}
x[5,0]{3  <1.0>}
x[5,1]{2  <3.494547026710111E-9>, 1  <0.9999999965054529>}
x[5,2]{0  <5.3741726052812664E-9>, 4  <0.9999999946258274>}
x[5,3]{2  <0.9999999958218295>, 4  <4.178170529389205E-9>}
x[5,4]{0  <0.9999999939191324>, 1  <6.080867556848461E-9>}
x[5,5]{6  <1.0>}
x[5,6]{7  <1.0>}
x[5,7]{5  <1.0>}
x[6,0]{2  <1.0>}
x[6,1]{6  <1.0>}
x[6,2]{0  <0.9999982904730771>, 4  <1.7095269229028227E-6>}
x[6,3]{4  <0.2156602212541113>, 3  <0.04035926829124053>, 7  <0.7439805104546483>}
x[6,4]{0  <3.1333181531211035E-6>, 1  <0.6749084459535036>, 3  <0.32508842072834326>}
x[6,5]{4  <0.45699681653766633>, 1  <0.02094923141643078>, 7  <0.3924247140472996>, 3  <0.12962923799860326>}
x[6,6]{5  <1.0>}
x[6,7]{4  <0.16570794046086568>, 1  <0.32933884706679517>, 7  <0.12325105691626739>, 3  <0.38170215555607184>}
x[7,0]{5  <1.0>}
x[7,1]{0  <1.0>}
x[7,2]{2  <1.0>}
x[7,3]{7  <0.11648596103148778>, 3  <0.8835140389685122>}
x[7,4]{4  <1.0>}
x[7,5]{7  <0.06825050267561693>, 1  <0.9190419525155021>, 3  <0.01270754480888097>}
x[7,6]{6  <1.0>}
x[7,7]{7  <0.9088909354209638>, 1  <0.03932415716646403>, 3  <0.051784907412572134>}
problem entropy = 0.4377519560572073
smallest variable entropy = 7.154058372076605E-8
### branching on x[5,1]=1 marginal=0.9999999965054529
##### after BP iteration 1 #####
x[0,0]{7  <1.0>}
x[0,1]{4  <1.0>}
x[0,2]{3  <1.0>}
x[0,3]{5  <1.0>}
x[0,4]{2  <1.0>}
x[0,5]{0  <1.0>}
x[0,6]{1  <1.0>}
x[0,7]{6  <1.0>}
x[1,0]{0  <1.0>}
x[1,1]{5  <1.0>}
x[1,2]{6  <1.0>}
x[1,3]{1  <1.0>}
x[1,4]{7  <1.0>}
x[1,5]{3  <0.8115810606275518>, 4  <0.18841893937244822>}
x[1,6]{2  <1.0>}
x[1,7]{3  <0.18207701734014603>, 4  <0.8179229826598541>}
x[2,0]{6  <1.0>}
x[2,1]{2  <1.0>}
x[2,2]{5  <1.0>}
x[2,3]{4  <0.7168466377237627>, 7  <0.2506957913530704>, 3  <0.03245757092316683>}
x[2,4]{3  <0.6130075624177939>, 1  <0.38699243758220625>}
x[2,5]{7  <0.4212211776934305>, 1  <0.04647824263066987>, 4  <0.4426824610307346>, 3  <0.0896181186451649>}
x[2,6]{0  <1.0>}
x[2,7]{7  <0.034287437062039974>, 1  <0.5993319592374072>, 4  <0.07756640722074742>, 3  <0.28881419647980533>}
x[3,0]{1  <1.0>}
x[3,1]{3  <1.0>}
x[3,2]{7  <1.0>}
x[3,3]{6  <1.0>}
x[3,4]{5  <1.0>}
x[3,5]{2  <1.0>}
x[3,6]{4  <1.0>}
x[3,7]{0  <1.0>}
x[4,0]{4  <1.0>}
x[4,1]{7  <1.0>}
x[4,2]{1  <1.0>}
x[4,3]{0  <1.0>}
x[4,4]{6  <1.0>}
x[4,5]{5  <1.0>}
x[4,6]{3  <1.0>}
x[4,7]{2  <1.0>}
x[5,0]{3  <1.0>}
x[5,1]{1  <1.0>}
x[5,2]{4  <1.0>}
x[5,3]{2  <1.0>}
x[5,4]{0  <1.0>}
x[5,5]{6  <1.0>}
x[5,6]{7  <1.0>}
x[5,7]{5  <1.0>}
x[6,0]{2  <1.0>}
x[6,1]{6  <1.0>}
x[6,2]{0  <1.0>}
x[6,3]{4  <0.3090752274046592>, 3  <0.07556478661452616>, 7  <0.6153599859808146>}
x[6,4]{3  <0.2660451931789425>, 1  <0.7339548068210576>}
x[6,5]{4  <0.6058355324534527>, 1  <0.0270417494479056>, 7  <0.1797649798842367>, 3  <0.18735773821440507>}
x[6,6]{5  <1.0>}
x[6,7]{4  <0.17800954647743197>, 1  <0.28638369128961116>, 7  <0.04845982253371267>, 3  <0.4871469396992442>}
x[7,0]{5  <1.0>}
x[7,1]{0  <1.0>}
x[7,2]{2  <1.0>}
x[7,3]{7  <0.05007200478640162>, 3  <0.9499279952135984>}
x[7,4]{4  <1.0>}
x[7,5]{7  <0.025029759730303452>, 1  <0.9662010475074636>, 3  <0.008769192762232966>}
x[7,6]{6  <1.0>}
x[7,7]{7  <0.8263306333300682>, 1  <0.06652606652958978>, 3  <0.10714330014034201>}
problem entropy = 0.6634407284963243
smallest variable entropy = 0.16705858450765573
##### after BP iteration 2 #####
x[0,0]{7  <1.0>}
x[0,1]{4  <1.0>}
x[0,2]{3  <1.0>}
x[0,3]{5  <1.0>}
x[0,4]{2  <1.0>}
x[0,5]{0  <1.0>}
x[0,6]{1  <1.0>}
x[0,7]{6  <1.0>}
x[1,0]{0  <1.0>}
x[1,1]{5  <1.0>}
x[1,2]{6  <1.0>}
x[1,3]{1  <1.0>}
x[1,4]{7  <1.0>}
x[1,5]{3  <0.8100236705251418>, 4  <0.18997632947485807>}
x[1,6]{2  <1.0>}
x[1,7]{3  <0.18959899771061262>, 4  <0.8104010022893874>}
x[2,0]{6  <1.0>}
x[2,1]{2  <1.0>}
x[2,2]{5  <1.0>}
x[2,3]{4  <0.5815692273313695>, 7  <0.3993377236709744>, 3  <0.019093048997656153>}
x[2,4]{3  <0.6525462758398004>, 1  <0.3474537241601997>}
x[2,5]{7  <0.7538077679142288>, 1  <0.022069816958688416>, 4  <0.18750296834390817>, 3  <0.03661944678317458>}
x[2,6]{0  <1.0>}
x[2,7]{7  <0.07167138624687709>, 1  <0.6446240495633678>, 4  <0.04717561280027579>, 3  <0.2365289513894792>}
x[3,0]{1  <1.0>}
x[3,1]{3  <1.0>}
x[3,2]{7  <1.0>}
x[3,3]{6  <1.0>}
x[3,4]{5  <1.0>}
x[3,5]{2  <1.0>}
x[3,6]{4  <1.0>}
x[3,7]{0  <1.0>}
x[4,0]{4  <1.0>}
x[4,1]{7  <1.0>}
x[4,2]{1  <1.0>}
x[4,3]{0  <1.0>}
x[4,4]{6  <1.0>}
x[4,5]{5  <1.0>}
x[4,6]{3  <1.0>}
x[4,7]{2  <1.0>}
x[5,0]{3  <1.0>}
x[5,1]{1  <1.0>}
x[5,2]{4  <1.0>}
x[5,3]{2  <1.0>}
x[5,4]{0  <1.0>}
x[5,5]{6  <1.0>}
x[5,6]{7  <1.0>}
x[5,7]{5  <1.0>}
x[6,0]{2  <1.0>}
x[6,1]{6  <1.0>}
x[6,2]{0  <1.0>}
x[6,3]{4  <0.24923954950619112>, 3  <0.040220496166665606>, 7  <0.7105399543271432>}
x[6,4]{3  <0.373454042849925>, 1  <0.626545957150075>}
x[6,5]{4  <0.44862149645980043>, 1  <0.016597727166029166>, 7  <0.422986717443497>, 3  <0.11179405893067332>}
x[6,6]{5  <1.0>}
x[6,7]{4  <0.13587770694761128>, 1  <0.2655956410984196>, 7  <0.0904676456476233>, 3  <0.5080590063063458>}
x[7,0]{5  <1.0>}
x[7,1]{0  <1.0>}
x[7,2]{2  <1.0>}
x[7,3]{7  <0.11523590866107215>, 3  <0.8847640913389277>}
x[7,4]{4  <1.0>}
x[7,5]{7  <0.07407057149762387>, 1  <0.9197087343689208>, 3  <0.00622069413345541>}
x[7,6]{6  <1.0>}
x[7,7]{7  <0.9312977604473901>, 1  <0.02860052517512759>, 3  <0.040101714377482264>}
problem entropy = 0.6547126128407496
smallest variable entropy = 0.2969225638897437
##### after BP iteration 3 #####
x[0,0]{7  <1.0>}
x[0,1]{4  <1.0>}
x[0,2]{3  <1.0>}
x[0,3]{5  <1.0>}
x[0,4]{2  <1.0>}
x[0,5]{0  <1.0>}
x[0,6]{1  <1.0>}
x[0,7]{6  <1.0>}
x[1,0]{0  <1.0>}
x[1,1]{5  <1.0>}
x[1,2]{6  <1.0>}
x[1,3]{1  <1.0>}
x[1,4]{7  <1.0>}
x[1,5]{3  <0.8065430943931337>, 4  <0.19345690560686638>}
x[1,6]{2  <1.0>}
x[1,7]{3  <0.19466005670097258>, 4  <0.8053399432990274>}
x[2,0]{6  <1.0>}
x[2,1]{2  <1.0>}
x[2,2]{5  <1.0>}
x[2,3]{4  <0.8024001238633393>, 7  <0.18029985708308588>, 3  <0.017300019053574887>}
x[2,4]{3  <0.7103738905723845>, 1  <0.2896261094276155>}
x[2,5]{7  <0.6518569603747375>, 1  <0.027649952589778846>, 4  <0.28405755001589994>, 3  <0.036435537019583734>}
x[2,6]{0  <1.0>}
x[2,7]{7  <0.022347343593784416>, 1  <0.7318081806105396>, 4  <0.027014988968976993>, 3  <0.21882948682669895>}
x[3,0]{1  <1.0>}
x[3,1]{3  <1.0>}
x[3,2]{7  <1.0>}
x[3,3]{6  <1.0>}
x[3,4]{5  <1.0>}
x[3,5]{2  <1.0>}
x[3,6]{4  <1.0>}
x[3,7]{0  <1.0>}
x[4,0]{4  <1.0>}
x[4,1]{7  <1.0>}
x[4,2]{1  <1.0>}
x[4,3]{0  <1.0>}
x[4,4]{6  <1.0>}
x[4,5]{5  <1.0>}
x[4,6]{3  <1.0>}
x[4,7]{2  <1.0>}
x[5,0]{3  <1.0>}
x[5,1]{1  <1.0>}
x[5,2]{4  <1.0>}
x[5,3]{2  <1.0>}
x[5,4]{0  <1.0>}
x[5,5]{6  <1.0>}
x[5,6]{7  <1.0>}
x[5,7]{5  <1.0>}
x[6,0]{2  <1.0>}
x[6,1]{6  <1.0>}
x[6,2]{0  <1.0>}
x[6,3]{4  <0.5353365832891231>, 3  <0.05245203649343715>, 7  <0.4122113802174397>}
x[6,4]{3  <0.3803675357539316>, 1  <0.6196324642460684>}
x[6,5]{4  <0.6013535517451164>, 1  <0.020869374024101384>, 7  <0.2691706160041496>, 3  <0.10860645822663262>}
x[6,6]{5  <1.0>}
x[6,7]{4  <0.1045879226117376>, 1  <0.3719637420112198>, 7  <0.03477728474310439>, 3  <0.4886710506339382>}
x[7,0]{5  <1.0>}
x[7,1]{0  <1.0>}
x[7,2]{2  <1.0>}
x[7,3]{7  <0.043795466159294714>, 3  <0.9562045338407053>}
x[7,4]{4  <1.0>}
x[7,5]{7  <0.025515405361601597>, 1  <0.9694318437134917>, 3  <0.005052750924906804>}
x[7,6]{6  <1.0>}
x[7,7]{7  <0.8301274221186092>, 1  <0.08354594156559572>, 3  <0.08632663631579501>}
problem entropy = 0.621706853445629
smallest variable entropy = 0.15041673781323645
##### after BP iteration 4 #####
x[0,0]{7  <1.0>}
x[0,1]{4  <1.0>}
x[0,2]{3  <1.0>}
x[0,3]{5  <1.0>}
x[0,4]{2  <1.0>}
x[0,5]{0  <1.0>}
x[0,6]{1  <1.0>}
x[0,7]{6  <1.0>}
x[1,0]{0  <1.0>}
x[1,1]{5  <1.0>}
x[1,2]{6  <1.0>}
x[1,3]{1  <1.0>}
x[1,4]{7  <1.0>}
x[1,5]{3  <0.8495544958021105>, 4  <0.15044550419788946>}
x[1,6]{2  <1.0>}
x[1,7]{3  <0.14824838324683484>, 4  <0.8517516167531651>}
x[2,0]{6  <1.0>}
x[2,1]{2  <1.0>}
x[2,2]{5  <1.0>}
x[2,3]{4  <0.5661322677529691>, 7  <0.4190040952118491>, 3  <0.014863637035181853>}
x[2,4]{3  <0.7163774371897459>, 1  <0.28362256281025394>}
x[2,5]{7  <0.7423424261961544>, 1  <0.01338689253120783>, 4  <0.2142314951284034>, 3  <0.030039186144234495>}
x[2,6]{0  <1.0>}
x[2,7]{7  <0.060193968462609555>, 1  <0.6072262464269563>, 4  <0.04476804414577067>, 3  <0.2878117409646635>}
x[3,0]{1  <1.0>}
x[3,1]{3  <1.0>}
x[3,2]{7  <1.0>}
x[3,3]{6  <1.0>}
x[3,4]{5  <1.0>}
x[3,5]{2  <1.0>}
x[3,6]{4  <1.0>}
x[3,7]{0  <1.0>}
x[4,0]{4  <1.0>}
x[4,1]{7  <1.0>}
x[4,2]{1  <1.0>}
x[4,3]{0  <1.0>}
x[4,4]{6  <1.0>}
x[4,5]{5  <1.0>}
x[4,6]{3  <1.0>}
x[4,7]{2  <1.0>}
x[5,0]{3  <1.0>}
x[5,1]{1  <1.0>}
x[5,2]{4  <1.0>}
x[5,3]{2  <1.0>}
x[5,4]{0  <1.0>}
x[5,5]{6  <1.0>}
x[5,6]{7  <1.0>}
x[5,7]{5  <1.0>}
x[6,0]{2  <1.0>}
x[6,1]{6  <1.0>}
x[6,2]{0  <1.0>}
x[6,3]{4  <0.2260865171916137>, 3  <0.029079935778724492>, 7  <0.7448335470296619>}
x[6,4]{3  <0.3045148213703457>, 1  <0.6954851786296543>}
x[6,5]{4  <0.47909186740572623>, 1  <0.012762915764246575>, 7  <0.41403706453971184>, 3  <0.09410815229031545>}
x[6,6]{5  <1.0>}
x[6,7]{4  <0.10491391648975076>, 1  <0.3144248331164476>, 7  <0.08620672882712485>, 3  <0.4944545215666768>}
x[7,0]{5  <1.0>}
x[7,1]{0  <1.0>}
x[7,2]{2  <1.0>}
x[7,3]{7  <0.08834378779528194>, 3  <0.9116562122047182>}
x[7,4]{4  <1.0>}
x[7,5]{7  <0.04583456866589051>, 1  <0.9479289122829411>, 3  <0.006236519051168484>}
x[7,6]{6  <1.0>}
x[7,7]{7  <0.940214606285634>, 1  <0.02197611004079852>, 3  <0.03780928367356742>}
problem entropy = 0.6069715338283033
smallest variable entropy = 0.22365110001682242
##### after BP iteration 5 #####
x[0,0]{7  <1.0>}
x[0,1]{4  <1.0>}
x[0,2]{3  <1.0>}
x[0,3]{5  <1.0>}
x[0,4]{2  <1.0>}
x[0,5]{0  <1.0>}
x[0,6]{1  <1.0>}
x[0,7]{6  <1.0>}
x[1,0]{0  <1.0>}
x[1,1]{5  <1.0>}
x[1,2]{6  <1.0>}
x[1,3]{1  <1.0>}
x[1,4]{7  <1.0>}
x[1,5]{3  <0.8836616574964494>, 4  <0.11633834250355062>}
x[1,6]{2  <1.0>}
x[1,7]{3  <0.11549924638984078>, 4  <0.8845007536101591>}
x[2,0]{6  <1.0>}
x[2,1]{2  <1.0>}
x[2,2]{5  <1.0>}
x[2,3]{4  <0.712753028613444>, 7  <0.2637306362483108>, 3  <0.023516335138245234>}
x[2,4]{3  <0.6144892222122957>, 1  <0.3855107777877042>}
x[2,5]{7  <0.4329226227757309>, 1  <0.02919953288797919>, 4  <0.47249902408253247>, 3  <0.06537882025375734>}
x[2,6]{0  <1.0>}
x[2,7]{7  <0.02619831934545992>, 1  <0.6060730988265542>, 4  <0.05445312941295639>, 3  <0.3132754524150294>}
x[3,0]{1  <1.0>}
x[3,1]{3  <1.0>}
x[3,2]{7  <1.0>}
x[3,3]{6  <1.0>}
x[3,4]{5  <1.0>}
x[3,5]{2  <1.0>}
x[3,6]{4  <1.0>}
x[3,7]{0  <1.0>}
x[4,0]{4  <1.0>}
x[4,1]{7  <1.0>}
x[4,2]{1  <1.0>}
x[4,3]{0  <1.0>}
x[4,4]{6  <1.0>}
x[4,5]{5  <1.0>}
x[4,6]{3  <1.0>}
x[4,7]{2  <1.0>}
x[5,0]{3  <1.0>}
x[5,1]{1  <1.0>}
x[5,2]{4  <1.0>}
x[5,3]{2  <1.0>}
x[5,4]{0  <1.0>}
x[5,5]{6  <1.0>}
x[5,6]{7  <1.0>}
x[5,7]{5  <1.0>}
x[6,0]{2  <1.0>}
x[6,1]{6  <1.0>}
x[6,2]{0  <1.0>}
x[6,3]{4  <0.32795014568810005>, 3  <0.05877657066837689>, 7  <0.6132732836435231>}
x[6,4]{3  <0.24029896545040488>, 1  <0.759701034549595>}
x[6,5]{4  <0.6560570884964997>, 1  <0.016096145029195937>, 7  <0.18659339991274287>, 3  <0.14125336656156146>}
x[6,6]{5  <1.0>}
x[6,7]{4  <0.13168792764280474>, 1  <0.2663414681878089>, 7  <0.038023472657865834>, 3  <0.5639471315115205>}
x[7,0]{5  <1.0>}
x[7,1]{0  <1.0>}
x[7,2]{2  <1.0>}
x[7,3]{7  <0.03402657858673934>, 3  <0.9659734214132606>}
x[7,4]{4  <1.0>}
x[7,5]{7  <0.013619594703559425>, 1  <0.9827773666494608>, 3  <0.003603038646979688>}
x[7,6]{6  <1.0>}
x[7,7]{7  <0.8823665347252568>, 1  <0.03971514091189854>, 3  <0.07791832436284464>}
problem entropy = 0.5919962307829857
smallest variable entropy = 0.09585720579409536
##### after BP iteration 6 #####
x[0,0]{7  <1.0>}
x[0,1]{4  <1.0>}
x[0,2]{3  <1.0>}
x[0,3]{5  <1.0>}
x[0,4]{2  <1.0>}
x[0,5]{0  <1.0>}
x[0,6]{1  <1.0>}
x[0,7]{6  <1.0>}
x[1,0]{0  <1.0>}
x[1,1]{5  <1.0>}
x[1,2]{6  <1.0>}
x[1,3]{1  <1.0>}
x[1,4]{7  <1.0>}
x[1,5]{3  <0.8753677608794634>, 4  <0.12463223912053654>}
x[1,6]{2  <1.0>}
x[1,7]{3  <0.13270520298848976>, 4  <0.8672947970115102>}
x[2,0]{6  <1.0>}
x[2,1]{2  <1.0>}
x[2,2]{5  <1.0>}
x[2,3]{4  <0.5681496089864272>, 7  <0.4183009429218709>, 3  <0.013549448091701768>}
x[2,4]{3  <0.6747027241493468>, 1  <0.32529727585065316>}
x[2,5]{7  <0.7576871826561786>, 1  <0.012563489499067012>, 4  <0.2054611438165671>, 3  <0.02428818402818733>}
x[2,6]{0  <1.0>}
x[2,7]{7  <0.051314542056729945>, 1  <0.6719457990415777>, 4  <0.03225244121626992>, 3  <0.24448721768542228>}
x[3,0]{1  <1.0>}
x[3,1]{3  <1.0>}
x[3,2]{7  <1.0>}
x[3,3]{6  <1.0>}
x[3,4]{5  <1.0>}
x[3,5]{2  <1.0>}
x[3,6]{4  <1.0>}
x[3,7]{0  <1.0>}
x[4,0]{4  <1.0>}
x[4,1]{7  <1.0>}
x[4,2]{1  <1.0>}
x[4,3]{0  <1.0>}
x[4,4]{6  <1.0>}
x[4,5]{5  <1.0>}
x[4,6]{3  <1.0>}
x[4,7]{2  <1.0>}
x[5,0]{3  <1.0>}
x[5,1]{1  <1.0>}
x[5,2]{4  <1.0>}
x[5,3]{2  <1.0>}
x[5,4]{0  <1.0>}
x[5,5]{6  <1.0>}
x[5,6]{7  <1.0>}
x[5,7]{5  <1.0>}
x[6,0]{2  <1.0>}
x[6,1]{6  <1.0>}
x[6,2]{0  <1.0>}
x[6,3]{4  <0.25080485755450543>, 3  <0.02871264868748969>, 7  <0.7204824937580049>}
x[6,4]{3  <0.35975343506562135>, 1  <0.6402465649343786>}
x[6,5]{4  <0.4836408376389026>, 1  <0.00896523230779644>, 7  <0.4324172176412518>, 3  <0.07497671241204916>}
x[6,6]{5  <1.0>}
x[6,7]{4  <0.09768503247021698>, 1  <0.26758333059363626>, 7  <0.0708414168391079>, 3  <0.5638902200970387>}
x[7,0]{5  <1.0>}
x[7,1]{0  <1.0>}
x[7,2]{2  <1.0>}
x[7,3]{7  <0.08186988896657173>, 3  <0.9181301110334282>}
x[7,4]{4  <1.0>}
x[7,5]{7  <0.044511170072694096>, 1  <0.9530355270832501>, 3  <0.0024533028440558683>}
x[7,6]{6  <1.0>}
x[7,7]{7  <0.9496683172989303>, 1  <0.019182609911692166>, 3  <0.03114907278937751>}
problem entropy = 0.5889886404927652
smallest variable entropy = 0.1991085292931696
##### after BP iteration 7 #####
x[0,0]{7  <1.0>}
x[0,1]{4  <1.0>}
x[0,2]{3  <1.0>}
x[0,3]{5  <1.0>}
x[0,4]{2  <1.0>}
x[0,5]{0  <1.0>}
x[0,6]{1  <1.0>}
x[0,7]{6  <1.0>}
x[1,0]{0  <1.0>}
x[1,1]{5  <1.0>}
x[1,2]{6  <1.0>}
x[1,3]{1  <1.0>}
x[1,4]{7  <1.0>}
x[1,5]{3  <0.8555622852235729>, 4  <0.144437714776427>}
x[1,6]{2  <1.0>}
x[1,7]{3  <0.14264821102719738>, 4  <0.8573517889728026>}
x[2,0]{6  <1.0>}
x[2,1]{2  <1.0>}
x[2,2]{5  <1.0>}
x[2,3]{4  <0.8013378749497008>, 7  <0.18825122700064925>, 3  <0.010410898049649923>}
x[2,4]{3  <0.7330804265650737>, 1  <0.26691957343492634>}
x[2,5]{7  <0.6477492553547184>, 1  <0.016844611729833824>, 4  <0.3134678941921739>, 3  <0.021938238723273974>}
x[2,6]{0  <1.0>}
x[2,7]{7  <0.01285001820500504>, 1  <0.7607663015102974>, 4  <0.016075586955497705>, 3  <0.2103080933291999>}
x[3,0]{1  <1.0>}
x[3,1]{3  <1.0>}
x[3,2]{7  <1.0>}
x[3,3]{6  <1.0>}
x[3,4]{5  <1.0>}
x[3,5]{2  <1.0>}
x[3,6]{4  <1.0>}
x[3,7]{0  <1.0>}
x[4,0]{4  <1.0>}
x[4,1]{7  <1.0>}
x[4,2]{1  <1.0>}
x[4,3]{0  <1.0>}
x[4,4]{6  <1.0>}
x[4,5]{5  <1.0>}
x[4,6]{3  <1.0>}
x[4,7]{2  <1.0>}
x[5,0]{3  <1.0>}
x[5,1]{1  <1.0>}
x[5,2]{4  <1.0>}
x[5,3]{2  <1.0>}
x[5,4]{0  <1.0>}
x[5,5]{6  <1.0>}
x[5,6]{7  <1.0>}
x[5,7]{5  <1.0>}
x[6,0]{2  <1.0>}
x[6,1]{6  <1.0>}
x[6,2]{0  <1.0>}
x[6,3]{4  <0.5368040595085736>, 3  <0.036135382374556616>, 7  <0.42706055811686977>}
x[6,4]{3  <0.38405841833047033>, 1  <0.6159415816695296>}
x[6,5]{4  <0.6390204425233988>, 1  <0.012634949432664638>, 7  <0.2766959585052323>, 3  <0.07164864953870408>}
x[6,6]{5  <1.0>}
x[6,7]{4  <0.06517955881676753>, 1  <0.3807906098527764>, 7  <0.022948654050394077>, 3  <0.531081177280062>}
x[7,0]{5  <1.0>}
x[7,1]{0  <1.0>}
x[7,2]{2  <1.0>}
x[7,3]{7  <0.03415811920437203>, 3  <0.9658418807956279>}
x[7,4]{4  <1.0>}
x[7,5]{7  <0.019244051160442283>, 1  <0.9781346893960599>, 3  <0.0026212594434977705>}
x[7,6]{6  <1.0>}
x[7,7]{7  <0.8721382233193888>, 1  <0.05635661283428628>, 3  <0.0715051638463248>}
problem entropy = 0.5656132016215779
smallest variable entropy = 0.1132301821163558
##### after BP iteration 8 #####
x[0,0]{7  <1.0>}
x[0,1]{4  <1.0>}
x[0,2]{3  <1.0>}
x[0,3]{5  <1.0>}
x[0,4]{2  <1.0>}
x[0,5]{0  <1.0>}
x[0,6]{1  <1.0>}
x[0,7]{6  <1.0>}
x[1,0]{0  <1.0>}
x[1,1]{5  <1.0>}
x[1,2]{6  <1.0>}
x[1,3]{1  <1.0>}
x[1,4]{7  <1.0>}
x[1,5]{3  <0.8930052109398575>, 4  <0.10699478906014252>}
x[1,6]{2  <1.0>}
x[1,7]{3  <0.10177804899711515>, 4  <0.8982219510028849>}
x[2,0]{6  <1.0>}
x[2,1]{2  <1.0>}
x[2,2]{5  <1.0>}
x[2,3]{4  <0.5623030423103283>, 7  <0.4274167746372445>, 3  <0.01028018305242705>}
x[2,4]{3  <0.7187761984379647>, 1  <0.28122380156203525>}
x[2,5]{7  <0.7447721064134372>, 1  <0.009524775767392609>, 4  <0.22532404742965204>, 3  <0.020379070389518247>}
x[2,6]{0  <1.0>}
x[2,7]{7  <0.0393592330576108>, 1  <0.6278802459126817>, 4  <0.029640601149477717>, 3  <0.30311991988022985>}
x[3,0]{1  <1.0>}
x[3,1]{3  <1.0>}
x[3,2]{7  <1.0>}
x[3,3]{6  <1.0>}
x[3,4]{5  <1.0>}
x[3,5]{2  <1.0>}
x[3,6]{4  <1.0>}
x[3,7]{0  <1.0>}
x[4,0]{4  <1.0>}
x[4,1]{7  <1.0>}
x[4,2]{1  <1.0>}
x[4,3]{0  <1.0>}
x[4,4]{6  <1.0>}
x[4,5]{5  <1.0>}
x[4,6]{3  <1.0>}
x[4,7]{2  <1.0>}
x[5,0]{3  <1.0>}
x[5,1]{1  <1.0>}
x[5,2]{4  <1.0>}
x[5,3]{2  <1.0>}
x[5,4]{0  <1.0>}
x[5,5]{6  <1.0>}
x[5,6]{7  <1.0>}
x[5,7]{5  <1.0>}
x[6,0]{2  <1.0>}
x[6,1]{6  <1.0>}
x[6,2]{0  <1.0>}
x[6,3]{4  <0.2292787356460802>, 3  <0.021787348275752495>, 7  <0.7489339160781673>}
x[6,4]{3  <0.2936063384207091>, 1  <0.7063936615792908>}
x[6,5]{4  <0.49966507088311124>, 1  <0.008965797354669179>, 7  <0.4242876613627692>, 3  <0.06708147039945041>}
x[6,6]{5  <1.0>}
x[6,7]{4  <0.07279414010590217>, 1  <0.30618514516568224>, 7  <0.060212977868400984>, 3  <0.5608077368600145>}
x[7,0]{5  <1.0>}
x[7,1]{0  <1.0>}
x[7,2]{2  <1.0>}
x[7,3]{7  <0.06571387813703528>, 3  <0.9342861218629647>}
x[7,4]{4  <1.0>}
x[7,5]{7  <0.03406648657805693>, 1  <0.9624675655730203>, 3  <0.00346594784892263>}
x[7,6]{6  <1.0>}
x[7,7]{7  <0.9597542842856253>, 1  <0.01296357366866908>, 3  <0.027282142045705744>}
problem entropy = 0.5526298562967544
smallest variable entropy = 0.17157859340453022
##### after BP iteration 9 #####
x[0,0]{7  <1.0>}
x[0,1]{4  <1.0>}
x[0,2]{3  <1.0>}
x[0,3]{5  <1.0>}
x[0,4]{2  <1.0>}
x[0,5]{0  <1.0>}
x[0,6]{1  <1.0>}
x[0,7]{6  <1.0>}
x[1,0]{0  <1.0>}
x[1,1]{5  <1.0>}
x[1,2]{6  <1.0>}
x[1,3]{1  <1.0>}
x[1,4]{7  <1.0>}
x[1,5]{3  <0.9249240397643398>, 4  <0.0750759602356602>}
x[1,6]{2  <1.0>}
x[1,7]{3  <0.07504787379675293>, 4  <0.9249521262032471>}
x[2,0]{6  <1.0>}
x[2,1]{2  <1.0>}
x[2,2]{5  <1.0>}
x[2,3]{4  <0.7110809151187786>, 7  <0.2704445598400434>, 3  <0.018474525041178053>}
x[2,4]{3  <0.6098264996034078>, 1  <0.39017350039659215>}
x[2,5]{7  <0.4413308682833766>, 1  <0.021184803281029185>, 4  <0.4879006890588797>, 3  <0.04958363937671447>}
x[2,6]{0  <1.0>}
x[2,7]{7  <0.020297194826737197>, 1  <0.6033826309304159>, 4  <0.04172412275296164>, 3  <0.33459605148988536>}
x[3,0]{1  <1.0>}
x[3,1]{3  <1.0>}
x[3,2]{7  <1.0>}
x[3,3]{6  <1.0>}
x[3,4]{5  <1.0>}
x[3,5]{2  <1.0>}
x[3,6]{4  <1.0>}
x[3,7]{0  <1.0>}
x[4,0]{4  <1.0>}
x[4,1]{7  <1.0>}
x[4,2]{1  <1.0>}
x[4,3]{0  <1.0>}
x[4,4]{6  <1.0>}
x[4,5]{5  <1.0>}
x[4,6]{3  <1.0>}
x[4,7]{2  <1.0>}
x[5,0]{3  <1.0>}
x[5,1]{1  <1.0>}
x[5,2]{4  <1.0>}
x[5,3]{2  <1.0>}
x[5,4]{0  <1.0>}
x[5,5]{6  <1.0>}
x[5,6]{7  <1.0>}
x[5,7]{5  <1.0>}
x[6,0]{2  <1.0>}
x[6,1]{6  <1.0>}
x[6,2]{0  <1.0>}
x[6,3]{4  <0.3367362910598456>, 3  <0.04733698182315574>, 7  <0.6159267271169987>}
x[6,4]{3  <0.22207203831565347>, 1  <0.7779279616843466>}
x[6,5]{4  <0.6888999310596358>, 1  <0.011243436073072755>, 7  <0.19037830024594984>, 3  <0.10947833262134157>}
x[6,6]{5  <1.0>}
x[6,7]{4  <0.10185259521083147>, 1  <0.2495584302400988>, 7  <0.02993807148161835>, 3  <0.6186509030674514>}
x[7,0]{5  <1.0>}
x[7,1]{0  <1.0>}
x[7,2]{2  <1.0>}
x[7,3]{7  <0.022386627680566446>, 3  <0.9776133723194336>}
x[7,4]{4  <1.0>}
x[7,5]{7  <0.008183135134326707>, 1  <0.990264897499336>, 3  <0.0015519673663374764>}
x[7,6]{6  <1.0>}
x[7,7]{7  <0.9216569691716294>, 1  <0.024716745485597297>, 3  <0.05362628534277337>}
problem entropy = 0.5380978707422623
smallest variable entropy = 0.05905157497868973
##### after BP iteration 10 #####
x[0,0]{7  <1.0>}
x[0,1]{4  <1.0>}
x[0,2]{3  <1.0>}
x[0,3]{5  <1.0>}
x[0,4]{2  <1.0>}
x[0,5]{0  <1.0>}
x[0,6]{1  <1.0>}
x[0,7]{6  <1.0>}
x[1,0]{0  <1.0>}
x[1,1]{5  <1.0>}
x[1,2]{6  <1.0>}
x[1,3]{1  <1.0>}
x[1,4]{7  <1.0>}
x[1,5]{3  <0.9126845232087376>, 4  <0.0873154767912623>}
x[1,6]{2  <1.0>}
x[1,7]{3  <0.09489013989378133>, 4  <0.9051098601062186>}
x[2,0]{6  <1.0>}
x[2,1]{2  <1.0>}
x[2,2]{5  <1.0>}
x[2,3]{4  <0.563171340230081>, 7  <0.42708690036637>, 3  <0.00974175940354904>}
x[2,4]{3  <0.6874409253367335>, 1  <0.31255907466326655>}
x[2,5]{7  <0.7598207125440664>, 1  <0.0078019025474642826>, 4  <0.21516479632957097>, 3  <0.017212588578898267>}
x[2,6]{0  <1.0>}
x[2,7]{7  <0.03737173228948385>, 1  <0.6880464071945543>, 4  <0.022795636441367274>, 3  <0.2517862240745944>}
x[3,0]{1  <1.0>}
x[3,1]{3  <1.0>}
x[3,2]{7  <1.0>}
x[3,3]{6  <1.0>}
x[3,4]{5  <1.0>}
x[3,5]{2  <1.0>}
x[3,6]{4  <1.0>}
x[3,7]{0  <1.0>}
x[4,0]{4  <1.0>}
x[4,1]{7  <1.0>}
x[4,2]{1  <1.0>}
x[4,3]{0  <1.0>}
x[4,4]{6  <1.0>}
x[4,5]{5  <1.0>}
x[4,6]{3  <1.0>}
x[4,7]{2  <1.0>}
x[5,0]{3  <1.0>}
x[5,1]{1  <1.0>}
x[5,2]{4  <1.0>}
x[5,3]{2  <1.0>}
x[5,4]{0  <1.0>}
x[5,5]{6  <1.0>}
x[5,6]{7  <1.0>}
x[5,7]{5  <1.0>}
x[6,0]{2  <1.0>}
x[6,1]{6  <1.0>}
x[6,2]{0  <1.0>}
x[6,3]{4  <0.2504088415044046>, 3  <0.020653957808911917>, 7  <0.7289372006866834>}
x[6,4]{3  <0.3509197930805965>, 1  <0.6490802069194035>}
x[6,5]{4  <0.5036285533665655>, 1  <0.005363147238485927>, 7  <0.43756468963912915>, 3  <0.053443609755819445>}
x[6,6]{5  <1.0>}
x[6,7]{4  <0.07091008301173496>, 1  <0.26935589182929026>, 7  <0.05395658623129726>, 3  <0.6057774389276775>}
x[7,0]{5  <1.0>}
x[7,1]{0  <1.0>}
x[7,2]{2  <1.0>}
x[7,3]{7  <0.05952084316753611>, 3  <0.940479156832464>}
x[7,4]{4  <1.0>}
x[7,5]{7  <0.02861026560100961>, 1  <0.9703506792333032>, 3  <0.0010390551656870497>}
x[7,6]{6  <1.0>}
x[7,7]{7  <0.9628894814646659>, 1  <0.013725006874478007>, 3  <0.023385511660855972>}
problem entropy = 0.539464888550415
smallest variable entropy = 0.13802368971280382
### branching on x[7,5]=1 marginal=0.9703506792333032
##### after BP iteration 1 #####
x[0,0]{7  <1.0>}
x[0,1]{4  <1.0>}
x[0,2]{3  <1.0>}
x[0,3]{5  <1.0>}
x[0,4]{2  <1.0>}
x[0,5]{0  <1.0>}
x[0,6]{1  <1.0>}
x[0,7]{6  <1.0>}
x[1,0]{0  <1.0>}
x[1,1]{5  <1.0>}
x[1,2]{6  <1.0>}
x[1,3]{1  <1.0>}
x[1,4]{7  <1.0>}
x[1,5]{3  <0.8882774234836861>, 4  <0.11172257651631387>}
x[1,6]{2  <1.0>}
x[1,7]{3  <0.1102867975260047>, 4  <0.8897132024739953>}
x[2,0]{6  <1.0>}
x[2,1]{2  <1.0>}
x[2,2]{5  <1.0>}
x[2,3]{4  <0.8020153456115742>, 7  <0.1915332179804579>, 3  <0.0064514364079678865>}
x[2,4]{3  <0.7481917870035657>, 1  <0.25180821299643424>}
x[2,5]{7  <0.6569541522133578>, 3  <0.013682848769186969>, 4  <0.3293629990174552>}
x[2,6]{0  <1.0>}
x[2,7]{7  <0.0025796467579539185>, 1  <0.7913638569911958>, 4  <0.007028805600061581>, 3  <0.1990276906507887>}
x[3,0]{1  <1.0>}
x[3,1]{3  <1.0>}
x[3,2]{7  <1.0>}
x[3,3]{6  <1.0>}
x[3,4]{5  <1.0>}
x[3,5]{2  <1.0>}
x[3,6]{4  <1.0>}
x[3,7]{0  <1.0>}
x[4,0]{4  <1.0>}
x[4,1]{7  <1.0>}
x[4,2]{1  <1.0>}
x[4,3]{0  <1.0>}
x[4,4]{6  <1.0>}
x[4,5]{5  <1.0>}
x[4,6]{3  <1.0>}
x[4,7]{2  <1.0>}
x[5,0]{3  <1.0>}
x[5,1]{1  <1.0>}
x[5,2]{4  <1.0>}
x[5,3]{2  <1.0>}
x[5,4]{0  <1.0>}
x[5,5]{6  <1.0>}
x[5,6]{7  <1.0>}
x[5,7]{5  <1.0>}
x[6,0]{2  <1.0>}
x[6,1]{6  <1.0>}
x[6,2]{0  <1.0>}
x[6,3]{4  <0.5379936959370207>, 3  <0.024474780450542945>, 7  <0.4375315236124363>}
x[6,4]{3  <0.3862603217065824>, 1  <0.6137396782934176>}
x[6,5]{4  <0.6662900984465161>, 3  <0.047671615531602284>, 7  <0.2860382860218815>}
x[6,6]{5  <1.0>}
x[6,7]{4  <0.037951118848601716>, 1  <0.3970271398943059>, 7  <0.009954073383832682>, 3  <0.5550676678732597>}
x[7,0]{5  <1.0>}
x[7,1]{0  <1.0>}
x[7,2]{2  <1.0>}
x[7,3]{7  <0.02708066530709044>, 3  <0.9729193346929096>}
x[7,4]{4  <1.0>}
x[7,5]{1  <1.0>}
x[7,6]{6  <1.0>}
x[7,7]{7  <0.9381306754455764>, 3  <0.06186932455442367>}
problem entropy = 0.5714382940135255
smallest variable entropy = 0.12444299651301724
##### after BP iteration 2 #####
x[0,0]{7  <1.0>}
x[0,1]{4  <1.0>}
x[0,2]{3  <1.0>}
x[0,3]{5  <1.0>}
x[0,4]{2  <1.0>}
x[0,5]{0  <1.0>}
x[0,6]{1  <1.0>}
x[0,7]{6  <1.0>}
x[1,0]{0  <1.0>}
x[1,1]{5  <1.0>}
x[1,2]{6  <1.0>}
x[1,3]{1  <1.0>}
x[1,4]{7  <1.0>}
x[1,5]{3  <0.9251714740576702>, 4  <0.07482852594232987>}
x[1,6]{2  <1.0>}
x[1,7]{3  <0.0637397065589109>, 4  <0.9362602934410892>}
x[2,0]{6  <1.0>}
x[2,1]{2  <1.0>}
x[2,2]{5  <1.0>}
x[2,3]{4  <0.5639793969977318>, 7  <0.43013061614781956>, 3  <0.00588998685444861>}
x[2,4]{3  <0.7315598227128691>, 1  <0.2684401772871308>}
x[2,5]{7  <0.7601648759128964>, 3  <0.009923028117954681>, 4  <0.22991209596914888>}
x[2,6]{0  <1.0>}
x[2,7]{7  <0.010904016073012968>, 1  <0.6582447178429036>, 4  <0.01580555548442608>, 3  <0.3150457105996573>}
x[3,0]{1  <1.0>}
x[3,1]{3  <1.0>}
x[3,2]{7  <1.0>}
x[3,3]{6  <1.0>}
x[3,4]{5  <1.0>}
x[3,5]{2  <1.0>}
x[3,6]{4  <1.0>}
x[3,7]{0  <1.0>}
x[4,0]{4  <1.0>}
x[4,1]{7  <1.0>}
x[4,2]{1  <1.0>}
x[4,3]{0  <1.0>}
x[4,4]{6  <1.0>}
x[4,5]{5  <1.0>}
x[4,6]{3  <1.0>}
x[4,7]{2  <1.0>}
x[5,0]{3  <1.0>}
x[5,1]{1  <1.0>}
x[5,2]{4  <1.0>}
x[5,3]{2  <1.0>}
x[5,4]{0  <1.0>}
x[5,5]{6  <1.0>}
x[5,6]{7  <1.0>}
x[5,7]{5  <1.0>}
x[6,0]{2  <1.0>}
x[6,1]{6  <1.0>}
x[6,2]{0  <1.0>}
x[6,3]{4  <0.23183562782944603>, 3  <0.014091886390884479>, 7  <0.7540724857796696>}
x[6,4]{3  <0.29164974649345465>, 1  <0.7083502535065452>}
x[6,5]{4  <0.5183106425340859>, 3  <0.04328102094467546>, 7  <0.43840833652123873>}
x[6,6]{5  <1.0>}
x[6,7]{4  <0.04799737159892298>, 1  <0.3023142692486594>, 7  <0.030633701886788205>, 3  <0.6190546572656294>}
x[7,0]{5  <1.0>}
x[7,1]{0  <1.0>}
x[7,2]{2  <1.0>}
x[7,3]{7  <0.04825716958501058>, 3  <0.9517428304149893>}
x[7,4]{4  <1.0>}
x[7,5]{1  <1.0>}
x[7,6]{6  <1.0>}
x[7,7]{7  <0.9828588681269355>, 3  <0.01714113187306453>}
problem entropy = 0.5459633719458549
smallest variable entropy = 0.08669392054722908
##### after BP iteration 3 #####
x[0,0]{7  <1.0>}
x[0,1]{4  <1.0>}
x[0,2]{3  <1.0>}
x[0,3]{5  <1.0>}
x[0,4]{2  <1.0>}
x[0,5]{0  <1.0>}
x[0,6]{1  <1.0>}
x[0,7]{6  <1.0>}
x[1,0]{0  <1.0>}
x[1,1]{5  <1.0>}
x[1,2]{6  <1.0>}
x[1,3]{1  <1.0>}
x[1,4]{7  <1.0>}
x[1,5]{3  <0.9643936636156781>, 4  <0.035606336384321806>}
x[1,6]{2  <1.0>}
x[1,7]{3  <0.04113874837855084>, 4  <0.9588612516214491>}
x[2,0]{6  <1.0>}
x[2,1]{2  <1.0>}
x[2,2]{5  <1.0>}
x[2,3]{4  <0.7133985421609867>, 7  <0.27367859362435587>, 3  <0.01292286421465739>}
x[2,4]{3  <0.6040642750506378>, 1  <0.39593572494936236>}
x[2,5]{7  <0.4593674838495059>, 3  <0.03194351452545769>, 4  <0.5086890016250364>}
x[2,6]{0  <1.0>}
x[2,7]{7  <0.007460379829261425>, 1  <0.6143479853134488>, 4  <0.025525857102232853>, 3  <0.3526657777550569>}
x[3,0]{1  <1.0>}
x[3,1]{3  <1.0>}
x[3,2]{7  <1.0>}
x[3,3]{6  <1.0>}
x[3,4]{5  <1.0>}
x[3,5]{2  <1.0>}
x[3,6]{4  <1.0>}
x[3,7]{0  <1.0>}
x[4,0]{4  <1.0>}
x[4,1]{7  <1.0>}
x[4,2]{1  <1.0>}
x[4,3]{0  <1.0>}
x[4,4]{6  <1.0>}
x[4,5]{5  <1.0>}
x[4,6]{3  <1.0>}
x[4,7]{2  <1.0>}
x[5,0]{3  <1.0>}
x[5,1]{1  <1.0>}
x[5,2]{4  <1.0>}
x[5,3]{2  <1.0>}
x[5,4]{0  <1.0>}
x[5,5]{6  <1.0>}
x[5,6]{7  <1.0>}
x[5,7]{5  <1.0>}
x[6,0]{2  <1.0>}
x[6,1]{6  <1.0>}
x[6,2]{0  <1.0>}
x[6,3]{4  <0.3355124088998577>, 3  <0.03524395542051896>, 7  <0.6292436356796234>}
x[6,4]{3  <0.19477244814357914>, 1  <0.8052275518564208>}
x[6,5]{4  <0.7218452712548546>, 3  <0.08476314392626368>, 7  <0.1933915848188817>}
x[6,6]{5  <1.0>}
x[6,7]{4  <0.07703766525608932>, 1  <0.23881317524786908>, 7  <0.017176232431534818>, 3  <0.6669729270645068>}
x[7,0]{5  <1.0>}
x[7,1]{0  <1.0>}
x[7,2]{2  <1.0>}
x[7,3]{7  <0.010567129046811369>, 3  <0.9894328709531885>}
x[7,4]{4  <1.0>}
x[7,5]{1  <1.0>}
x[7,6]{6  <1.0>}
x[7,7]{7  <0.9690119557218602>, 3  <0.03098804427813982>}
problem entropy = 0.5311574976496364
smallest variable entropy = 0.05859161173102313
##### after BP iteration 4 #####
x[0,0]{7  <1.0>}
x[0,1]{4  <1.0>}
x[0,2]{3  <1.0>}
x[0,3]{5  <1.0>}
x[0,4]{2  <1.0>}
x[0,5]{0  <1.0>}
x[0,6]{1  <1.0>}
x[0,7]{6  <1.0>}
x[1,0]{0  <1.0>}
x[1,1]{5  <1.0>}
x[1,2]{6  <1.0>}
x[1,3]{1  <1.0>}
x[1,4]{7  <1.0>}
x[1,5]{3  <0.950025465511073>, 4  <0.049974534488926886>}
x[1,6]{2  <1.0>}
x[1,7]{3  <0.05182724813990811>, 4  <0.948172751860092>}
x[2,0]{6  <1.0>}
x[2,1]{2  <1.0>}
x[2,2]{5  <1.0>}
x[2,3]{4  <0.5632742523796787>, 7  <0.43157794762843865>, 3  <0.005147799991882849>}
x[2,4]{3  <0.7066114232209127>, 1  <0.2933885767790872>}
x[2,5]{7  <0.7663076259305528>, 3  <0.009220866720118922>, 4  <0.22447150734932822>}
x[2,6]{0  <1.0>}
x[2,7]{7  <0.010882687114739416>, 1  <0.7138995978358638>, 4  <0.012919551768502353>, 3  <0.2622981632808943>}
x[3,0]{1  <1.0>}
x[3,1]{3  <1.0>}
x[3,2]{7  <1.0>}
x[3,3]{6  <1.0>}
x[3,4]{5  <1.0>}
x[3,5]{2  <1.0>}
x[3,6]{4  <1.0>}
x[3,7]{0  <1.0>}
x[4,0]{4  <1.0>}
x[4,1]{7  <1.0>}
x[4,2]{1  <1.0>}
x[4,3]{0  <1.0>}
x[4,4]{6  <1.0>}
x[4,5]{5  <1.0>}
x[4,6]{3  <1.0>}
x[4,7]{2  <1.0>}
x[5,0]{3  <1.0>}
x[5,1]{1  <1.0>}
x[5,2]{4  <1.0>}
x[5,3]{2  <1.0>}
x[5,4]{0  <1.0>}
x[5,5]{6  <1.0>}
x[5,6]{7  <1.0>}
x[5,7]{5  <1.0>}
x[6,0]{2  <1.0>}
x[6,1]{6  <1.0>}
x[6,2]{0  <1.0>}
x[6,3]{4  <0.2411813387086323>, 3  <0.011326581427087638>, 7  <0.7474920798642801>}
x[6,4]{3  <0.3350305067994107>, 1  <0.6649694932005893>}
x[6,5]{4  <0.5274520582498676>, 3  <0.032924972460368955>, 7  <0.43962296928976347>}
x[6,6]{5  <1.0>}
x[6,7]{4  <0.04857240594384979>, 1  <0.26214977116803495>, 7  <0.02904617847277088>, 3  <0.6602316444153443>}
x[7,0]{5  <1.0>}
x[7,1]{0  <1.0>}
x[7,2]{2  <1.0>}
x[7,3]{7  <0.03258704118178621>, 3  <0.9674129588182138>}
x[7,4]{4  <1.0>}
x[7,5]{1  <1.0>}
x[7,6]{6  <1.0>}
x[7,7]{7  <0.9862672741018914>, 3  <0.013732725898108616>}
problem entropy = 0.5244290640278015
smallest variable entropy = 0.07252356271631766
##### after BP iteration 5 #####
x[0,0]{7  <1.0>}
x[0,1]{4  <1.0>}
x[0,2]{3  <1.0>}
x[0,3]{5  <1.0>}
x[0,4]{2  <1.0>}
x[0,5]{0  <1.0>}
x[0,6]{1  <1.0>}
x[0,7]{6  <1.0>}
x[1,0]{0  <1.0>}
x[1,1]{5  <1.0>}
x[1,2]{6  <1.0>}
x[1,3]{1  <1.0>}
x[1,4]{7  <1.0>}
x[1,5]{3  <0.9243465676157567>, 4  <0.07565343238424319>}
x[1,6]{2  <1.0>}
x[1,7]{3  <0.07392765040623314>, 4  <0.9260723495937668>}
x[2,0]{6  <1.0>}
x[2,1]{2  <1.0>}
x[2,2]{5  <1.0>}
x[2,3]{4  <0.8048975735261554>, 7  <0.19260620582598859>, 3  <0.0024962206478559173>}
x[2,4]{3  <0.7737046073062297>, 1  <0.22629539269377033>}
x[2,5]{7  <0.6574387860179491>, 3  <0.004782696697977928>, 4  <0.33777851728407293>}
x[2,6]{0  <1.0>}
x[2,7]{7  <0.0011678653087015469>, 1  <0.8127984497496239>, 4  <0.0029105387075118437>, 3  <0.18312314623416276>}
x[3,0]{1  <1.0>}
x[3,1]{3  <1.0>}
x[3,2]{7  <1.0>}
x[3,3]{6  <1.0>}
x[3,4]{5  <1.0>}
x[3,5]{2  <1.0>}
x[3,6]{4  <1.0>}
x[3,7]{0  <1.0>}
x[4,0]{4  <1.0>}
x[4,1]{7  <1.0>}
x[4,2]{1  <1.0>}
x[4,3]{0  <1.0>}
x[4,4]{6  <1.0>}
x[4,5]{5  <1.0>}
x[4,6]{3  <1.0>}
x[4,7]{2  <1.0>}
x[5,0]{3  <1.0>}
x[5,1]{1  <1.0>}
x[5,2]{4  <1.0>}
x[5,3]{2  <1.0>}
x[5,4]{0  <1.0>}
x[5,5]{6  <1.0>}
x[5,6]{7  <1.0>}
x[5,7]{5  <1.0>}
x[6,0]{2  <1.0>}
x[6,1]{6  <1.0>}
x[6,2]{0  <1.0>}
x[6,3]{4  <0.5359082064479248>, 3  <0.011906261595780527>, 7  <0.4521855319562947>}
x[6,4]{3  <0.3909788344326926>, 1  <0.6090211655673073>}
x[6,5]{4  <0.6929576629905496>, 3  <0.024772421095208306>, 7  <0.28226991591424205>}
x[6,6]{5  <1.0>}
x[6,7]{4  <0.017975115383612277>, 1  <0.39941309803251807>, 7  <0.005001454709317832>, 3  <0.5776103318745519>}
x[7,0]{5  <1.0>}
x[7,1]{0  <1.0>}
x[7,2]{2  <1.0>}
x[7,3]{7  <0.017869359442825243>, 3  <0.9821306405571747>}
x[7,4]{4  <1.0>}
x[7,5]{1  <1.0>}
x[7,6]{6  <1.0>}
x[7,7]{7  <0.9583189868733968>, 3  <0.041681013126603106>}
problem entropy = 0.5166138353492109
smallest variable entropy = 0.08962697834287321
##### after BP iteration 6 #####
x[0,0]{7  <1.0>}
x[0,1]{4  <1.0>}
x[0,2]{3  <1.0>}
x[0,3]{5  <1.0>}
x[0,4]{2  <1.0>}
x[0,5]{0  <1.0>}
x[0,6]{1  <1.0>}
x[0,7]{6  <1.0>}
x[1,0]{0  <1.0>}
x[1,1]{5  <1.0>}
x[1,2]{6  <1.0>}
x[1,3]{1  <1.0>}
x[1,4]{7  <1.0>}
x[1,5]{3  <0.957393752078751>, 4  <0.04260624792124896>}
x[1,6]{2  <1.0>}
x[1,7]{3  <0.03807633952971588>, 4  <0.9619236604702841>}
x[2,0]{6  <1.0>}
x[2,1]{2  <1.0>}
x[2,2]{5  <1.0>}
x[2,3]{4  <0.5642281734442007>, 7  <0.4327744773361484>, 3  <0.0029973492196509106>}
x[2,4]{3  <0.7369950547685598>, 1  <0.26300494523144013>}
x[2,5]{7  <0.765099859827809>, 3  <0.005063225980368357>, 4  <0.22983691419182262>}
x[2,6]{0  <1.0>}
x[2,7]{7  <0.006086018633690075>, 1  <0.6704614910206166>, 4  <0.008472728183550713>, 3  <0.31497976216214263>}
x[3,0]{1  <1.0>}
x[3,1]{3  <1.0>}
x[3,2]{7  <1.0>}
x[3,3]{6  <1.0>}
x[3,4]{5  <1.0>}
x[3,5]{2  <1.0>}
x[3,6]{4  <1.0>}
x[3,7]{0  <1.0>}
x[4,0]{4  <1.0>}
x[4,1]{7  <1.0>}
x[4,2]{1  <1.0>}
x[4,3]{0  <1.0>}
x[4,4]{6  <1.0>}
x[4,5]{5  <1.0>}
x[4,6]{3  <1.0>}
x[4,7]{2  <1.0>}
x[5,0]{3  <1.0>}
x[5,1]{1  <1.0>}
x[5,2]{4  <1.0>}
x[5,3]{2  <1.0>}
x[5,4]{0  <1.0>}
x[5,5]{6  <1.0>}
x[5,6]{7  <1.0>}
x[5,7]{5  <1.0>}
x[6,0]{2  <1.0>}
x[6,1]{6  <1.0>}
x[6,2]{0  <1.0>}
x[6,3]{4  <0.23270799345581367>, 3  <0.00791826346062173>, 7  <0.7593737430835646>}
x[6,4]{3  <0.27906297675287683>, 1  <0.7209370232471233>}
x[6,5]{4  <0.5411929514041031>, 3  <0.024376408434392736>, 7  <0.43443064016150423>}
x[6,6]{5  <1.0>}
x[6,7]{4  <0.028238526310349513>, 1  <0.2878651929642408>, 7  <0.018116654581468068>, 3  <0.6657796261439416>}
x[7,0]{5  <1.0>}
x[7,1]{0  <1.0>}
x[7,2]{2  <1.0>}
x[7,3]{7  <0.027596130880467425>, 3  <0.9724038691195325>}
x[7,4]{4  <1.0>}
x[7,5]{1  <1.0>}
x[7,6]{6  <1.0>}
x[7,7]{7  <0.9900707519797856>, 3  <0.00992924802021455>}
problem entropy = 0.49404369685880006
smallest variable entropy = 0.05567616711543758
##### after BP iteration 7 #####
x[0,0]{7  <1.0>}
x[0,1]{4  <1.0>}
x[0,2]{3  <1.0>}
x[0,3]{5  <1.0>}
x[0,4]{2  <1.0>}
x[0,5]{0  <1.0>}
x[0,6]{1  <1.0>}
x[0,7]{6  <1.0>}
x[1,0]{0  <1.0>}
x[1,1]{5  <1.0>}
x[1,2]{6  <1.0>}
x[1,3]{1  <1.0>}
x[1,4]{7  <1.0>}
x[1,5]{3  <0.9826544464883568>, 4  <0.017345553511643207>}
x[1,6]{2  <1.0>}
x[1,7]{3  <0.01989148149382297>, 4  <0.980108518506177>}
x[2,0]{6  <1.0>}
x[2,1]{2  <1.0>}
x[2,2]{5  <1.0>}
x[2,3]{4  <0.716335867049829>, 7  <0.27473416453420435>, 3  <0.008929968415966662>}
x[2,4]{3  <0.5988749746981422>, 1  <0.4011250253018578>}
x[2,5]{7  <0.46264899978749496>, 3  <0.021891451755957067>, 4  <0.515459548456548>}
x[2,6]{0  <1.0>}
x[2,7]{7  <0.005065342939313761>, 1  <0.6072532942964302>, 4  <0.01751110998067931>, 3  <0.3701702527835769>}
x[3,0]{1  <1.0>}
x[3,1]{3  <1.0>}
x[3,2]{7  <1.0>}
x[3,3]{6  <1.0>}
x[3,4]{5  <1.0>}
x[3,5]{2  <1.0>}
x[3,6]{4  <1.0>}
x[3,7]{0  <1.0>}
x[4,0]{4  <1.0>}
x[4,1]{7  <1.0>}
x[4,2]{1  <1.0>}
x[4,3]{0  <1.0>}
x[4,4]{6  <1.0>}
x[4,5]{5  <1.0>}
x[4,6]{3  <1.0>}
x[4,7]{2  <1.0>}
x[5,0]{3  <1.0>}
x[5,1]{1  <1.0>}
x[5,2]{4  <1.0>}
x[5,3]{2  <1.0>}
x[5,4]{0  <1.0>}
x[5,5]{6  <1.0>}
x[5,6]{7  <1.0>}
x[5,7]{5  <1.0>}
x[6,0]{2  <1.0>}
x[6,1]{6  <1.0>}
x[6,2]{0  <1.0>}
x[6,3]{4  <0.3354362921568248>, 3  <0.02484926018309679>, 7  <0.6397144476600785>}
x[6,4]{3  <0.1773601779083053>, 1  <0.8226398220916948>}
x[6,5]{4  <0.7486790881377201>, 3  <0.05948684078357103>, 7  <0.19183407107870884>}
x[6,6]{5  <1.0>}
x[6,7]{4  <0.054147622050480335>, 1  <0.21698349936013675>, 7  <0.012032767330597029>, 3  <0.7168361112587858>}
x[7,0]{5  <1.0>}
x[7,1]{0  <1.0>}
x[7,2]{2  <1.0>}
x[7,3]{7  <0.0050842305017524845>, 3  <0.9949157694982474>}
x[7,4]{4  <1.0>}
x[7,5]{1  <1.0>}
x[7,6]{6  <1.0>}
x[7,7]{7  <0.9847993177007385>, 3  <0.015200682299261614>}
problem entropy = 0.48305391580045093
smallest variable entropy = 0.031924214576180186
##### after BP iteration 8 #####
x[0,0]{7  <1.0>}
x[0,1]{4  <1.0>}
x[0,2]{3  <1.0>}
x[0,3]{5  <1.0>}
x[0,4]{2  <1.0>}
x[0,5]{0  <1.0>}
x[0,6]{1  <1.0>}
x[0,7]{6  <1.0>}
x[1,0]{0  <1.0>}
x[1,1]{5  <1.0>}
x[1,2]{6  <1.0>}
x[1,3]{1  <1.0>}
x[1,4]{7  <1.0>}
x[1,5]{3  <0.9702446970817975>, 4  <0.029755302918202442>}
x[1,6]{2  <1.0>}
x[1,7]{3  <0.029065621662969002>, 4  <0.970934378337031>}
x[2,0]{6  <1.0>}
x[2,1]{2  <1.0>}
x[2,2]{5  <1.0>}
x[2,3]{4  <0.5663994548863074>, 7  <0.4304910485243986>, 3  <0.003109496589294012>}
x[2,4]{3  <0.7184995084271051>, 1  <0.2815004915728949>}
x[2,5]{7  <0.7654839755333736>, 3  <0.005634079230370123>, 4  <0.22888194523625632>}
x[2,6]{0  <1.0>}
x[2,7]{7  <0.006076996065015393>, 1  <0.7240070911122932>, 4  <0.007189564504212783>, 3  <0.26272634831847846>}
x[3,0]{1  <1.0>}
x[3,1]{3  <1.0>}
x[3,2]{7  <1.0>}
x[3,3]{6  <1.0>}
x[3,4]{5  <1.0>}
x[3,5]{2  <1.0>}
x[3,6]{4  <1.0>}
x[3,7]{0  <1.0>}
x[4,0]{4  <1.0>}
x[4,1]{7  <1.0>}
x[4,2]{1  <1.0>}
x[4,3]{0  <1.0>}
x[4,4]{6  <1.0>}
x[4,5]{5  <1.0>}
x[4,6]{3  <1.0>}
x[4,7]{2  <1.0>}
x[5,0]{3  <1.0>}
x[5,1]{1  <1.0>}
x[5,2]{4  <1.0>}
x[5,3]{2  <1.0>}
x[5,4]{0  <1.0>}
x[5,5]{6  <1.0>}
x[5,6]{7  <1.0>}
x[5,7]{5  <1.0>}
x[6,0]{2  <1.0>}
x[6,1]{6  <1.0>}
x[6,2]{0  <1.0>}
x[6,3]{4  <0.23590996467182812>, 3  <0.006930671922576585>, 7  <0.7571593634055953>}
x[6,4]{3  <0.3253534877480738>, 1  <0.6746465122519262>}
x[6,5]{4  <0.5411688977275326>, 3  <0.02036857001172703>, 7  <0.43846253226074033>}
x[6,6]{5  <1.0>}
x[6,7]{4  <0.028252002771561344>, 1  <0.2593441032940268>, 7  <0.017160199686933955>, 3  <0.6952436942474779>}
x[7,0]{5  <1.0>}
x[7,1]{0  <1.0>}
x[7,2]{2  <1.0>}
x[7,3]{7  <0.019727677119527935>, 3  <0.9802723228804722>}
x[7,4]{4  <1.0>}
x[7,5]{1  <1.0>}
x[7,6]{6  <1.0>}
x[7,7]{7  <0.9922505933267081>, 3  <0.007749406673291906>}
problem entropy = 0.4816785259151149
smallest variable entropy = 0.04538249573172806
##### after BP iteration 9 #####
x[0,0]{7  <1.0>}
x[0,1]{4  <1.0>}
x[0,2]{3  <1.0>}
x[0,3]{5  <1.0>}
x[0,4]{2  <1.0>}
x[0,5]{0  <1.0>}
x[0,6]{1  <1.0>}
x[0,7]{6  <1.0>}
x[1,0]{0  <1.0>}
x[1,1]{5  <1.0>}
x[1,2]{6  <1.0>}
x[1,3]{1  <1.0>}
x[1,4]{7  <1.0>}
x[1,5]{3  <0.9465640989416836>, 4  <0.053435901058316526>}
x[1,6]{2  <1.0>}
x[1,7]{3  <0.052167304199306604>, 4  <0.9478326958006934>}
x[2,0]{6  <1.0>}
x[2,1]{2  <1.0>}
x[2,2]{5  <1.0>}
x[2,3]{4  <0.8064682665983223>, 7  <0.19243220248641105>, 3  <0.0010995309152665735>}
x[2,4]{3  <0.7899812852572543>, 1  <0.21001871474274567>}
x[2,5]{7  <0.6587678593002493>, 3  <0.0021115965613040196>, 4  <0.3391205441384468>}
x[2,6]{0  <1.0>}
x[2,7]{7  <5.268945128792933E-4>, 1  <0.82674978219984>, 4  <0.0013004523729716856>, 3  <0.17142287091430908>}
x[3,0]{1  <1.0>}
x[3,1]{3  <1.0>}
x[3,2]{7  <1.0>}
x[3,3]{6  <1.0>}
x[3,4]{5  <1.0>}
x[3,5]{2  <1.0>}
x[3,6]{4  <1.0>}
x[3,7]{0  <1.0>}
x[4,0]{4  <1.0>}
x[4,1]{7  <1.0>}
x[4,2]{1  <1.0>}
x[4,3]{0  <1.0>}
x[4,4]{6  <1.0>}
x[4,5]{5  <1.0>}
x[4,6]{3  <1.0>}
x[4,7]{2  <1.0>}
x[5,0]{3  <1.0>}
x[5,1]{1  <1.0>}
x[5,2]{4  <1.0>}
x[5,3]{2  <1.0>}
x[5,4]{0  <1.0>}
x[5,5]{6  <1.0>}
x[5,6]{7  <1.0>}
x[5,7]{5  <1.0>}
x[6,0]{2  <1.0>}
x[6,1]{6  <1.0>}
x[6,2]{0  <1.0>}
x[6,3]{4  <0.5349481748376209>, 3  <0.005861650013345101>, 7  <0.45919017514903393>}
x[6,4]{3  <0.3968026103315561>, 1  <0.6031973896684438>}
x[6,5]{4  <0.7073504669546149>, 3  <0.01202645146989485>, 7  <0.2806230815754904>}
x[6,6]{5  <1.0>}
x[6,7]{4  <0.00878170304813383>, 1  <0.40362087538717656>, 7  <0.002428637077090962>, 3  <0.5851687844875986>}
x[7,0]{5  <1.0>}
x[7,1]{0  <1.0>}
x[7,2]{2  <1.0>}
x[7,3]{7  <0.012742770918921377>, 3  <0.9872572290810786>}
x[7,4]{4  <1.0>}
x[7,5]{1  <1.0>}
x[7,6]{6  <1.0>}
x[7,7]{7  <0.9701154301875838>, 3  <0.02988456981241614>}
problem entropy = 0.4811072509495417
smallest variable entropy = 0.06825528299567948
##### after BP iteration 10 #####
x[0,0]{7  <1.0>}
x[0,1]{4  <1.0>}
x[0,2]{3  <1.0>}
x[0,3]{5  <1.0>}
x[0,4]{2  <1.0>}
x[0,5]{0  <1.0>}
x[0,6]{1  <1.0>}
x[0,7]{6  <1.0>}
x[1,0]{0  <1.0>}
x[1,1]{5  <1.0>}
x[1,2]{6  <1.0>}
x[1,3]{1  <1.0>}
x[1,4]{7  <1.0>}
x[1,5]{3  <0.975726177906856>, 4  <0.024273822093144035>}
x[1,6]{2  <1.0>}
x[1,7]{3  <0.023759072608141977>, 4  <0.976240927391858>}
x[2,0]{6  <1.0>}
x[2,1]{2  <1.0>}
x[2,2]{5  <1.0>}
x[2,3]{4  <0.5633847743365167>, 7  <0.4350105751078181>, 3  <0.0016046505556651944>}
x[2,4]{3  <0.7395968498496636>, 1  <0.26040315015033644>}
x[2,5]{7  <0.7679232072802975>, 3  <0.0026486924472570576>, 4  <0.22942810027244548>}
x[2,6]{0  <1.0>}
x[2,7]{7  <0.003607464107467803>, 1  <0.6782256414491215>, 4  <0.0049172962685488835>, 3  <0.3132495981748619>}
x[3,0]{1  <1.0>}
x[3,1]{3  <1.0>}
x[3,2]{7  <1.0>}
x[3,3]{6  <1.0>}
x[3,4]{5  <1.0>}
x[3,5]{2  <1.0>}
x[3,6]{4  <1.0>}
x[3,7]{0  <1.0>}
x[4,0]{4  <1.0>}
x[4,1]{7  <1.0>}
x[4,2]{1  <1.0>}
x[4,3]{0  <1.0>}
x[4,4]{6  <1.0>}
x[4,5]{5  <1.0>}
x[4,6]{3  <1.0>}
x[4,7]{2  <1.0>}
x[5,0]{3  <1.0>}
x[5,1]{1  <1.0>}
x[5,2]{4  <1.0>}
x[5,3]{2  <1.0>}
x[5,4]{0  <1.0>}
x[5,5]{6  <1.0>}
x[5,6]{7  <1.0>}
x[5,7]{5  <1.0>}
x[6,0]{2  <1.0>}
x[6,1]{6  <1.0>}
x[6,2]{0  <1.0>}
x[6,3]{4  <0.23370449051992942>, 3  <0.004481724176928475>, 7  <0.7618137853031421>}
x[6,4]{3  <0.2720903554160906>, 1  <0.7279096445839094>}
x[6,5]{4  <0.5542608721719652>, 3  <0.013652076962982335>, 7  <0.43208705086505245>}
x[6,6]{5  <1.0>}
x[6,7]{4  <0.017266537245373068>, 1  <0.27838856840362514>, 7  <0.011180864599597912>, 3  <0.6931640297514039>}
x[7,0]{5  <1.0>}
x[7,1]{0  <1.0>}
x[7,2]{2  <1.0>}
x[7,3]{7  <0.01578039519487876>, 3  <0.9842196048051213>}
x[7,4]{4  <1.0>}
x[7,5]{1  <1.0>}
x[7,6]{6  <1.0>}
x[7,7]{7  <0.9938239475350122>, 3  <0.006176052464987829>}
problem entropy = 0.460259761295132
smallest variable entropy = 0.03757498936066318
### branching on x[7,7]=7 marginal=0.9938239475350122
##### after BP iteration 1 #####
x[0,0]{7  <1.0>}
x[0,1]{4  <1.0>}
x[0,2]{3  <1.0>}
x[0,3]{5  <1.0>}
x[0,4]{2  <1.0>}
x[0,5]{0  <1.0>}
x[0,6]{1  <1.0>}
x[0,7]{6  <1.0>}
x[1,0]{0  <1.0>}
x[1,1]{5  <1.0>}
x[1,2]{6  <1.0>}
x[1,3]{1  <1.0>}
x[1,4]{7  <1.0>}
x[1,5]{3  <0.9915224778864321>, 4  <0.008477522113567889>}
x[1,6]{2  <1.0>}
x[1,7]{3  <0.009727533856445673>, 4  <0.9902724661435544>}
x[2,0]{6  <1.0>}
x[2,1]{2  <1.0>}
x[2,2]{5  <1.0>}
x[2,3]{4  <0.719006919830383>, 7  <0.28099308016961705>}
x[2,4]{3  <0.6005937305074588>, 1  <0.3994062694925412>}
x[2,5]{7  <0.46496355088368174>, 3  <0.010561963326436673>, 4  <0.5244744857898815>}
x[2,6]{0  <1.0>}
x[2,7]{3  <0.38845330904104725>, 1  <0.6033725864688457>, 4  <0.008174104490106976>}
x[3,0]{1  <1.0>}
x[3,1]{3  <1.0>}
x[3,2]{7  <1.0>}
x[3,3]{6  <1.0>}
x[3,4]{5  <1.0>}
x[3,5]{2  <1.0>}
x[3,6]{4  <1.0>}
x[3,7]{0  <1.0>}
x[4,0]{4  <1.0>}
x[4,1]{7  <1.0>}
x[4,2]{1  <1.0>}
x[4,3]{0  <1.0>}
x[4,4]{6  <1.0>}
x[4,5]{5  <1.0>}
x[4,6]{3  <1.0>}
x[4,7]{2  <1.0>}
x[5,0]{3  <1.0>}
x[5,1]{1  <1.0>}
x[5,2]{4  <1.0>}
x[5,3]{2  <1.0>}
x[5,4]{0  <1.0>}
x[5,5]{6  <1.0>}
x[5,6]{7  <1.0>}
x[5,7]{5  <1.0>}
x[6,0]{2  <1.0>}
x[6,1]{6  <1.0>}
x[6,2]{0  <1.0>}
x[6,3]{4  <0.33157011431434513>, 7  <0.6684298856856548>}
x[6,4]{3  <0.1700975642398641>, 1  <0.8299024357601358>}
x[6,5]{4  <0.7762869940067341>, 3  <0.035522569412569815>, 7  <0.18819043658069626>}
x[6,6]{5  <1.0>}
x[6,7]{4  <0.032513490919293175>, 1  <0.20538813694275976>, 3  <0.7620983721379472>}
x[7,0]{5  <1.0>}
x[7,1]{0  <1.0>}
x[7,2]{2  <1.0>}
x[7,3]{3  <1.0>}
x[7,4]{4  <1.0>}
x[7,5]{1  <1.0>}
x[7,6]{6  <1.0>}
x[7,7]{7  <1.0>}
problem entropy = 0.6033635016840746
smallest variable entropy = 0.04888212399249521
##### after BP iteration 2 #####
x[0,0]{7  <1.0>}
x[0,1]{4  <1.0>}
x[0,2]{3  <1.0>}
x[0,3]{5  <1.0>}
x[0,4]{2  <1.0>}
x[0,5]{0  <1.0>}
x[0,6]{1  <1.0>}
x[0,7]{6  <1.0>}
x[1,0]{0  <1.0>}
x[1,1]{5  <1.0>}
x[1,2]{6  <1.0>}
x[1,3]{1  <1.0>}
x[1,4]{7  <1.0>}
x[1,5]{3  <0.9854169228679259>, 4  <0.014583077132074023>}
x[1,6]{2  <1.0>}
x[1,7]{3  <0.012925089400860573>, 4  <0.9870749105991394>}
x[2,0]{6  <1.0>}
x[2,1]{2  <1.0>}
x[2,2]{5  <1.0>}
x[2,3]{4  <0.5749400597401045>, 7  <0.42505994025989546>}
x[2,4]{3  <0.7234010472562441>, 1  <0.2765989527437559>}
x[2,5]{7  <0.7675161770110558>, 3  <0.0023531114558376603>, 4  <0.23013071153310652>}
x[2,6]{0  <1.0>}
x[2,7]{3  <0.26704569163602865>, 1  <0.7301628039925362>, 4  <0.0027915043714352153>}
x[3,0]{1  <1.0>}
x[3,1]{3  <1.0>}
x[3,2]{7  <1.0>}
x[3,3]{6  <1.0>}
x[3,4]{5  <1.0>}
x[3,5]{2  <1.0>}
x[3,6]{4  <1.0>}
x[3,7]{0  <1.0>}
x[4,0]{4  <1.0>}
x[4,1]{7  <1.0>}
x[4,2]{1  <1.0>}
x[4,3]{0  <1.0>}
x[4,4]{6  <1.0>}
x[4,5]{5  <1.0>}
x[4,6]{3  <1.0>}
x[4,7]{2  <1.0>}
x[5,0]{3  <1.0>}
x[5,1]{1  <1.0>}
x[5,2]{4  <1.0>}
x[5,3]{2  <1.0>}
x[5,4]{0  <1.0>}
x[5,5]{6  <1.0>}
x[5,6]{7  <1.0>}
x[5,7]{5  <1.0>}
x[6,0]{2  <1.0>}
x[6,1]{6  <1.0>}
x[6,2]{0  <1.0>}
x[6,3]{4  <0.2293954980250745>, 7  <0.7706045019749256>}
x[6,4]{3  <0.3166795008116815>, 1  <0.6833204991883184>}
x[6,5]{4  <0.5558869319036219>, 3  <0.010522564430053349>, 7  <0.4335905036663248>}
x[6,6]{5  <1.0>}
x[6,7]{4  <0.013009096177204032>, 1  <0.25907652870222597>, 3  <0.72791437512057>}
x[7,0]{5  <1.0>}
x[7,1]{0  <1.0>}
x[7,2]{2  <1.0>}
x[7,3]{3  <1.0>}
x[7,4]{4  <1.0>}
x[7,5]{1  <1.0>}
x[7,6]{6  <1.0>}
x[7,7]{7  <1.0>}
problem entropy = 0.6022986739547538
smallest variable entropy = 0.06904704735476515
##### after BP iteration 3 #####
x[0,0]{7  <1.0>}
x[0,1]{4  <1.0>}
x[0,2]{3  <1.0>}
x[0,3]{5  <1.0>}
x[0,4]{2  <1.0>}
x[0,5]{0  <1.0>}
x[0,6]{1  <1.0>}
x[0,7]{6  <1.0>}
x[1,0]{0  <1.0>}
x[1,1]{5  <1.0>}
x[1,2]{6  <1.0>}
x[1,3]{1  <1.0>}
x[1,4]{7  <1.0>}
x[1,5]{3  <0.9760191104125342>, 4  <0.023980889587465897>}
x[1,6]{2  <1.0>}
x[1,7]{3  <0.02320164210172045>, 4  <0.9767983578982796>}
x[2,0]{6  <1.0>}
x[2,1]{2  <1.0>}
x[2,2]{5  <1.0>}
x[2,3]{4  <0.8137707646790784>, 7  <0.18622923532092156>}
x[2,4]{3  <0.7964228892953075>, 1  <0.20357711070469248>}
x[2,5]{7  <0.6713305118719898>, 3  <5.128010505483909E-4>, 4  <0.3281566870774618>}
x[2,6]{0  <1.0>}
x[2,7]{3  <0.16834348706262933>, 1  <0.8313245101304505>, 4  <3.320028069202387E-4>}
x[3,0]{1  <1.0>}
x[3,1]{3  <1.0>}
x[3,2]{7  <1.0>}
x[3,3]{6  <1.0>}
x[3,4]{5  <1.0>}
x[3,5]{2  <1.0>}
x[3,6]{4  <1.0>}
x[3,7]{0  <1.0>}
x[4,0]{4  <1.0>}
x[4,1]{7  <1.0>}
x[4,2]{1  <1.0>}
x[4,3]{0  <1.0>}
x[4,4]{6  <1.0>}
x[4,5]{5  <1.0>}
x[4,6]{3  <1.0>}
x[4,7]{2  <1.0>}
x[5,0]{3  <1.0>}
x[5,1]{1  <1.0>}
x[5,2]{4  <1.0>}
x[5,3]{2  <1.0>}
x[5,4]{0  <1.0>}
x[5,5]{6  <1.0>}
x[5,6]{7  <1.0>}
x[5,7]{5  <1.0>}
x[6,0]{2  <1.0>}
x[6,1]{6  <1.0>}
x[6,2]{0  <1.0>}
x[6,3]{4  <0.5356271020139941>, 7  <0.4643728979860059>}
x[6,4]{3  <0.39716828611338284>, 1  <0.6028317138866172>}
x[6,5]{4  <0.7142457289801405>, 3  <0.0043924056430054825>, 7  <0.281361865376854>}
x[6,6]{5  <1.0>}
x[6,7]{4  <0.0031615971862508536>, 1  <0.3998381904007832>, 3  <0.597000212412966>}
x[7,0]{5  <1.0>}
x[7,1]{0  <1.0>}
x[7,2]{2  <1.0>}
x[7,3]{3  <1.0>}
x[7,4]{4  <1.0>}
x[7,5]{1  <1.0>}
x[7,6]{6  <1.0>}
x[7,7]{7  <1.0>}
problem entropy = 0.590132771972449
smallest variable entropy = 0.11025050554315444
##### after BP iteration 4 #####
x[0,0]{7  <1.0>}
x[0,1]{4  <1.0>}
x[0,2]{3  <1.0>}
x[0,3]{5  <1.0>}
x[0,4]{2  <1.0>}
x[0,5]{0  <1.0>}
x[0,6]{1  <1.0>}
x[0,7]{6  <1.0>}
x[1,0]{0  <1.0>}
x[1,1]{5  <1.0>}
x[1,2]{6  <1.0>}
x[1,3]{1  <1.0>}
x[1,4]{7  <1.0>}
x[1,5]{3  <0.9922585808324842>, 4  <0.007741419167515809>}
x[1,6]{2  <1.0>}
x[1,7]{3  <0.008271849446595094>, 4  <0.9917281505534049>}
x[2,0]{6  <1.0>}
x[2,1]{2  <1.0>}
x[2,2]{5  <1.0>}
x[2,3]{4  <0.5669833887924182>, 7  <0.4330166112075818>}
x[2,4]{3  <0.7409834138220085>, 1  <0.25901658617799156>}
x[2,5]{7  <0.7722236374103171>, 3  <6.375185400594703E-4>, 4  <0.2271388440496234>}
x[2,6]{0  <1.0>}
x[2,7]{3  <0.31376461462201627>, 1  <0.6849755151021875>, 4  <0.0012598702757962723>}
x[3,0]{1  <1.0>}
x[3,1]{3  <1.0>}
x[3,2]{7  <1.0>}
x[3,3]{6  <1.0>}
x[3,4]{5  <1.0>}
x[3,5]{2  <1.0>}
x[3,6]{4  <1.0>}
x[3,7]{0  <1.0>}
x[4,0]{4  <1.0>}
x[4,1]{7  <1.0>}
x[4,2]{1  <1.0>}
x[4,3]{0  <1.0>}
x[4,4]{6  <1.0>}
x[4,5]{5  <1.0>}
x[4,6]{3  <1.0>}
x[4,7]{2  <1.0>}
x[5,0]{3  <1.0>}
x[5,1]{1  <1.0>}
x[5,2]{4  <1.0>}
x[5,3]{2  <1.0>}
x[5,4]{0  <1.0>}
x[5,5]{6  <1.0>}
x[5,6]{7  <1.0>}
x[5,7]{5  <1.0>}
x[6,0]{2  <1.0>}
x[6,1]{6  <1.0>}
x[6,2]{0  <1.0>}
x[6,3]{4  <0.2317636546245601>, 7  <0.7682363453754398>}
x[6,4]{3  <0.26900263231792704>, 1  <0.7309973676820729>}
x[6,5]{4  <0.571728147920973>, 3  <0.0042915035128929776>, 7  <0.423980348566134>}
x[6,6]{5  <1.0>}
x[6,7]{4  <0.00608935455953688>, 1  <0.2757826694643413>, 3  <0.7181279759761218>}
x[7,0]{5  <1.0>}
x[7,1]{0  <1.0>}
x[7,2]{2  <1.0>}
x[7,3]{3  <1.0>}
x[7,4]{4  <1.0>}
x[7,5]{1  <1.0>}
x[7,6]{6  <1.0>}
x[7,7]{7  <1.0>}
problem entropy = 0.58463823526208
smallest variable entropy = 0.0453437333329087
##### after BP iteration 5 #####
x[0,0]{7  <1.0>}
x[0,1]{4  <1.0>}
x[0,2]{3  <1.0>}
x[0,3]{5  <1.0>}
x[0,4]{2  <1.0>}
x[0,5]{0  <1.0>}
x[0,6]{1  <1.0>}
x[0,7]{6  <1.0>}
x[1,0]{0  <1.0>}
x[1,1]{5  <1.0>}
x[1,2]{6  <1.0>}
x[1,3]{1  <1.0>}
x[1,4]{7  <1.0>}
x[1,5]{3  <0.9980305085327367>, 4  <0.00196949146726343>}
x[1,6]{2  <1.0>}
x[1,7]{3  <0.0022814130150293757>, 4  <0.9977185869849706>}
x[2,0]{6  <1.0>}
x[2,1]{2  <1.0>}
x[2,2]{5  <1.0>}
x[2,3]{4  <0.7184386970214587>, 7  <0.28156130297854126>}
x[2,4]{3  <0.60000702709609>, 1  <0.39999297290391006>}
x[2,5]{7  <0.4637237006033604>, 3  <0.004664713397078025>, 4  <0.5316115859995616>}
x[2,6]{0  <1.0>}
x[2,7]{3  <0.3940172071522972>, 1  <0.6023432536023973>, 4  <0.003639539245305522>}
x[3,0]{1  <1.0>}
x[3,1]{3  <1.0>}
x[3,2]{7  <1.0>}
x[3,3]{6  <1.0>}
x[3,4]{5  <1.0>}
x[3,5]{2  <1.0>}
x[3,6]{4  <1.0>}
x[3,7]{0  <1.0>}
x[4,0]{4  <1.0>}
x[4,1]{7  <1.0>}
x[4,2]{1  <1.0>}
x[4,3]{0  <1.0>}
x[4,4]{6  <1.0>}
x[4,5]{5  <1.0>}
x[4,6]{3  <1.0>}
x[4,7]{2  <1.0>}
x[5,0]{3  <1.0>}
x[5,1]{1  <1.0>}
x[5,2]{4  <1.0>}
x[5,3]{2  <1.0>}
x[5,4]{0  <1.0>}
x[5,5]{6  <1.0>}
x[5,6]{7  <1.0>}
x[5,7]{5  <1.0>}
x[6,0]{2  <1.0>}
x[6,1]{6  <1.0>}
x[6,2]{0  <1.0>}
x[6,3]{4  <0.3240197715518686>, 7  <0.6759802284481315>}
x[6,4]{3  <0.16618722199805558>, 1  <0.8338127780019443>}
x[6,5]{4  <0.8004327938413838>, 3  <0.015969440322094176>, 7  <0.18359776583652196>}
x[6,6]{5  <1.0>}
x[6,7]{4  <0.01480408021659453>, 1  <0.20110609569653137>, 3  <0.784089824086874>}
x[7,0]{5  <1.0>}
x[7,1]{0  <1.0>}
x[7,2]{2  <1.0>}
x[7,3]{3  <1.0>}
x[7,4]{4  <1.0>}
x[7,5]{1  <1.0>}
x[7,6]{6  <1.0>}
x[7,7]{7  <1.0>}
problem entropy = 0.5743010707614729
smallest variable entropy = 0.014237443014475822
##### after BP iteration 6 #####
x[0,0]{7  <1.0>}
x[0,1]{4  <1.0>}
x[0,2]{3  <1.0>}
x[0,3]{5  <1.0>}
x[0,4]{2  <1.0>}
x[0,5]{0  <1.0>}
x[0,6]{1  <1.0>}
x[0,7]{6  <1.0>}
x[1,0]{0  <1.0>}
x[1,1]{5  <1.0>}
x[1,2]{6  <1.0>}
x[1,3]{1  <1.0>}
x[1,4]{7  <1.0>}
x[1,5]{3  <0.9952208769628638>, 4  <0.004779123037136241>}
x[1,6]{2  <1.0>}
x[1,7]{3  <0.0038896928710153798>, 4  <0.9961103071289845>}
x[2,0]{6  <1.0>}
x[2,1]{2  <1.0>}
x[2,2]{5  <1.0>}
x[2,3]{4  <0.5794917567657221>, 7  <0.42050824323427793>}
x[2,4]{3  <0.7266588939590328>, 1  <0.2733411060409672>}
x[2,5]{7  <0.7690735813142533>, 3  <8.139455772273416E-4>, 4  <0.2301124731085193>}
x[2,6]{0  <1.0>}
x[2,7]{3  <0.2673332904054338>, 1  <0.7317811549973319>, 4  <8.855545972342778E-4>}
x[3,0]{1  <1.0>}
x[3,1]{3  <1.0>}
x[3,2]{7  <1.0>}
x[3,3]{6  <1.0>}
x[3,4]{5  <1.0>}
x[3,5]{2  <1.0>}
x[3,6]{4  <1.0>}
x[3,7]{0  <1.0>}
x[4,0]{4  <1.0>}
x[4,1]{7  <1.0>}
x[4,2]{1  <1.0>}
x[4,3]{0  <1.0>}
x[4,4]{6  <1.0>}
x[4,5]{5  <1.0>}
x[4,6]{3  <1.0>}
x[4,7]{2  <1.0>}
x[5,0]{3  <1.0>}
x[5,1]{1  <1.0>}
x[5,2]{4  <1.0>}
x[5,3]{2  <1.0>}
x[5,4]{0  <1.0>}
x[5,5]{6  <1.0>}
x[5,6]{7  <1.0>}
x[5,7]{5  <1.0>}
x[6,0]{2  <1.0>}
x[6,1]{6  <1.0>}
x[6,2]{0  <1.0>}
x[6,3]{4  <0.22680898056701573>, 7  <0.7731910194329843>}
x[6,4]{3  <0.3140974324845811>, 1  <0.6859025675154189>}
x[6,5]{4  <0.5640015789263277>, 3  <0.0036917765006214184>, 7  <0.43230664457305096>}
x[6,6]{5  <1.0>}
x[6,7]{4  <0.004186706019024314>, 1  <0.25861628506043177>, 3  <0.737197008920544>}
x[7,0]{5  <1.0>}
x[7,1]{0  <1.0>}
x[7,2]{2  <1.0>}
x[7,3]{3  <1.0>}
x[7,4]{4  <1.0>}
x[7,5]{1  <1.0>}
x[7,6]{6  <1.0>}
x[7,7]{7  <1.0>}
problem entropy = 0.5796788318953998
smallest variable entropy = 0.025467677352137216
##### after BP iteration 7 #####
x[0,0]{7  <1.0>}
x[0,1]{4  <1.0>}
x[0,2]{3  <1.0>}
x[0,3]{5  <1.0>}
x[0,4]{2  <1.0>}
x[0,5]{0  <1.0>}
x[0,6]{1  <1.0>}
x[0,7]{6  <1.0>}
x[1,0]{0  <1.0>}
x[1,1]{5  <1.0>}
x[1,2]{6  <1.0>}
x[1,3]{1  <1.0>}
x[1,4]{7  <1.0>}
x[1,5]{3  <0.9891289770661591>, 4  <0.010871022933840872>}
x[1,6]{2  <1.0>}
x[1,7]{3  <0.010413701564862278>, 4  <0.9895862984351378>}
x[2,0]{6  <1.0>}
x[2,1]{2  <1.0>}
x[2,2]{5  <1.0>}
x[2,3]{4  <0.8169474018216548>, 7  <0.1830525981783453>}
x[2,4]{3  <0.7992787879675114>, 1  <0.20072121203248863>}
x[2,5]{7  <0.6769123351714048>, 3  <1.1531850262453933E-4>, 4  <0.32297234632597066>}
x[2,6]{0  <1.0>}
x[2,7]{3  <0.16569634339090733>, 1  <0.834229804027021>, 4  <7.385258207162268E-5>}
x[3,0]{1  <1.0>}
x[3,1]{3  <1.0>}
x[3,2]{7  <1.0>}
x[3,3]{6  <1.0>}
x[3,4]{5  <1.0>}
x[3,5]{2  <1.0>}
x[3,6]{4  <1.0>}
x[3,7]{0  <1.0>}
x[4,0]{4  <1.0>}
x[4,1]{7  <1.0>}
x[4,2]{1  <1.0>}
x[4,3]{0  <1.0>}
x[4,4]{6  <1.0>}
x[4,5]{5  <1.0>}
x[4,6]{3  <1.0>}
x[4,7]{2  <1.0>}
x[5,0]{3  <1.0>}
x[5,1]{1  <1.0>}
x[5,2]{4  <1.0>}
x[5,3]{2  <1.0>}
x[5,4]{0  <1.0>}
x[5,5]{6  <1.0>}
x[5,6]{7  <1.0>}
x[5,7]{5  <1.0>}
x[6,0]{2  <1.0>}
x[6,1]{6  <1.0>}
x[6,2]{0  <1.0>}
x[6,3]{4  <0.5366150676864011>, 7  <0.4633849323135989>}
x[6,4]{3  <0.3978674750417982>, 1  <0.6021325249582018>}
x[6,5]{4  <0.7171948592862741>, 3  <0.0010286094192737821>, 7  <0.2817765312944521>}
x[6,6]{5  <1.0>}
x[6,7]{4  <7.337966682098878E-4>, 1  <0.40018364115341015>, 3  <0.59908256217838>}
x[7,0]{5  <1.0>}
x[7,1]{0  <1.0>}
x[7,2]{2  <1.0>}
x[7,3]{3  <1.0>}
x[7,4]{4  <1.0>}
x[7,5]{1  <1.0>}
x[7,6]{6  <1.0>}
x[7,7]{7  <1.0>}
problem entropy = 0.569509151779999
smallest variable entropy = 0.057894014353056036
##### after BP iteration 8 #####
x[0,0]{7  <1.0>}
x[0,1]{4  <1.0>}
x[0,2]{3  <1.0>}
x[0,3]{5  <1.0>}
x[0,4]{2  <1.0>}
x[0,5]{0  <1.0>}
x[0,6]{1  <1.0>}
x[0,7]{6  <1.0>}
x[1,0]{0  <1.0>}
x[1,1]{5  <1.0>}
x[1,2]{6  <1.0>}
x[1,3]{1  <1.0>}
x[1,4]{7  <1.0>}
x[1,5]{3  <0.9975158983059053>, 4  <0.0024841016940947576>}
x[1,6]{2  <1.0>}
x[1,7]{3  <0.002885524782601914>, 4  <0.997114475217398>}
x[2,0]{6  <1.0>}
x[2,1]{2  <1.0>}
x[2,2]{5  <1.0>}
x[2,3]{4  <0.5676498228448891>, 7  <0.432350177155111>}
x[2,4]{3  <0.7412738842382773>, 1  <0.25872611576172266>}
x[2,5]{7  <0.7737480230842375>, 3  <1.873220561162515E-4>, 4  <0.22606465485964622>}
x[2,6]{0  <1.0>}
x[2,7]{3  <0.31306530121464327>, 1  <0.6865316973156764>, 4  <4.030014696803127E-4>}
x[3,0]{1  <1.0>}
x[3,1]{3  <1.0>}
x[3,2]{7  <1.0>}
x[3,3]{6  <1.0>}
x[3,4]{5  <1.0>}
x[3,5]{2  <1.0>}
x[3,6]{4  <1.0>}
x[3,7]{0  <1.0>}
x[4,0]{4  <1.0>}
x[4,1]{7  <1.0>}
x[4,2]{1  <1.0>}
x[4,3]{0  <1.0>}
x[4,4]{6  <1.0>}
x[4,5]{5  <1.0>}
x[4,6]{3  <1.0>}
x[4,7]{2  <1.0>}
x[5,0]{3  <1.0>}
x[5,1]{1  <1.0>}
x[5,2]{4  <1.0>}
x[5,3]{2  <1.0>}
x[5,4]{0  <1.0>}
x[5,5]{6  <1.0>}
x[5,6]{7  <1.0>}
x[5,7]{5  <1.0>}
x[6,0]{2  <1.0>}
x[6,1]{6  <1.0>}
x[6,2]{0  <1.0>}
x[6,3]{4  <0.23069059337541256>, 7  <0.7693094066245874>}
x[6,4]{3  <0.2679526543205031>, 1  <0.732047345679497>}
x[6,5]{4  <0.5784980381062188>, 3  <0.001295179524075516>, 7  <0.4202067823697056>}
x[6,6]{5  <1.0>}
x[6,7]{4  <0.0019936879618474485>, 1  <0.27310021334427353>, 3  <0.7249060986938791>}
x[7,0]{5  <1.0>}
x[7,1]{0  <1.0>}
x[7,2]{2  <1.0>}
x[7,3]{3  <1.0>}
x[7,4]{4  <1.0>}
x[7,5]{1  <1.0>}
x[7,6]{6  <1.0>}
x[7,7]{7  <1.0>}
problem entropy = 0.5713674014095558
smallest variable entropy = 0.017380268634263292
##### after BP iteration 9 #####
x[0,0]{7  <1.0>}
x[0,1]{4  <1.0>}
x[0,2]{3  <1.0>}
x[0,3]{5  <1.0>}
x[0,4]{2  <1.0>}
x[0,5]{0  <1.0>}
x[0,6]{1  <1.0>}
x[0,7]{6  <1.0>}
x[1,0]{0  <1.0>}
x[1,1]{5  <1.0>}
x[1,2]{6  <1.0>}
x[1,3]{1  <1.0>}
x[1,4]{7  <1.0>}
x[1,5]{3  <0.9995435398978736>, 4  <4.5646010212638943E-4>}
x[1,6]{2  <1.0>}
x[1,7]{3  <5.336022288005414E-4>, 4  <0.9994663977711995>}
x[2,0]{6  <1.0>}
x[2,1]{2  <1.0>}
x[2,2]{5  <1.0>}
x[2,3]{4  <0.7178982598489151>, 7  <0.2821017401510849>}
x[2,4]{3  <0.5995079075014927>, 1  <0.4004920924985072>}
x[2,5]{7  <0.46285058136031343>, 3  <0.0020908109627437482>, 4  <0.5350586076769428>}
x[2,6]{0  <1.0>}
x[2,7]{3  <0.39667499470405065>, 1  <0.6016775581001564>, 4  <0.0016474471957929056>}
x[3,0]{1  <1.0>}
x[3,1]{3  <1.0>}
x[3,2]{7  <1.0>}
x[3,3]{6  <1.0>}
x[3,4]{5  <1.0>}
x[3,5]{2  <1.0>}
x[3,6]{4  <1.0>}
x[3,7]{0  <1.0>}
x[4,0]{4  <1.0>}
x[4,1]{7  <1.0>}
x[4,2]{1  <1.0>}
x[4,3]{0  <1.0>}
x[4,4]{6  <1.0>}
x[4,5]{5  <1.0>}
x[4,6]{3  <1.0>}
x[4,7]{2  <1.0>}
x[5,0]{3  <1.0>}
x[5,1]{1  <1.0>}
x[5,2]{4  <1.0>}
x[5,3]{2  <1.0>}
x[5,4]{0  <1.0>}
x[5,5]{6  <1.0>}
x[5,6]{7  <1.0>}
x[5,7]{5  <1.0>}
x[6,0]{2  <1.0>}
x[6,1]{6  <1.0>}
x[6,2]{0  <1.0>}
x[6,3]{4  <0.3208306599520274>, 7  <0.6791693400479726>}
x[6,4]{3  <0.16454461229524456>, 1  <0.8354553877047554>}
x[6,5]{4  <0.8109699619343891>, 3  <0.007198940527822484>, 7  <0.18183109753778856>}
x[6,6]{5  <1.0>}
x[6,7]{4  <0.006750768963585014>, 1  <0.19953384337307176>, 3  <0.7937153876633433>}
x[7,0]{5  <1.0>}
x[7,1]{0  <1.0>}
x[7,2]{2  <1.0>}
x[7,3]{3  <1.0>}
x[7,4]{4  <1.0>}
x[7,5]{1  <1.0>}
x[7,6]{6  <1.0>}
x[7,7]{7  <1.0>}
problem entropy = 0.5614260708955744
smallest variable entropy = 0.00396745124130798
##### after BP iteration 10 #####
x[0,0]{7  <1.0>}
x[0,1]{4  <1.0>}
x[0,2]{3  <1.0>}
x[0,3]{5  <1.0>}
x[0,4]{2  <1.0>}
x[0,5]{0  <1.0>}
x[0,6]{1  <1.0>}
x[0,7]{6  <1.0>}
x[1,0]{0  <1.0>}
x[1,1]{5  <1.0>}
x[1,2]{6  <1.0>}
x[1,3]{1  <1.0>}
x[1,4]{7  <1.0>}
x[1,5]{3  <0.9984379038132142>, 4  <0.0015620961867859084>}
x[1,6]{2  <1.0>}
x[1,7]{3  <0.0011722327547291878>, 4  <0.9988277672452709>}
x[2,0]{6  <1.0>}
x[2,1]{2  <1.0>}
x[2,2]{5  <1.0>}
x[2,3]{4  <0.5815303844111906>, 7  <0.41846961558880935>}
x[2,4]{3  <0.7281260903793083>, 1  <0.27187390962069174>}
x[2,5]{7  <0.769619823002791>, 3  <2.835976636711444E-4>, 4  <0.2300965793335379>}
x[2,6]{0  <1.0>}
x[2,7]{3  <0.26739458675347677>, 1  <0.7323213113016609>, 4  <2.8410194486257174E-4>}
x[3,0]{1  <1.0>}
x[3,1]{3  <1.0>}
x[3,2]{7  <1.0>}
x[3,3]{6  <1.0>}
x[3,4]{5  <1.0>}
x[3,5]{2  <1.0>}
x[3,6]{4  <1.0>}
x[3,7]{0  <1.0>}
x[4,0]{4  <1.0>}
x[4,1]{7  <1.0>}
x[4,2]{1  <1.0>}
x[4,3]{0  <1.0>}
x[4,4]{6  <1.0>}
x[4,5]{5  <1.0>}
x[4,6]{3  <1.0>}
x[4,7]{2  <1.0>}
x[5,0]{3  <1.0>}
x[5,1]{1  <1.0>}
x[5,2]{4  <1.0>}
x[5,3]{2  <1.0>}
x[5,4]{0  <1.0>}
x[5,5]{6  <1.0>}
x[5,6]{7  <1.0>}
x[5,7]{5  <1.0>}
x[6,0]{2  <1.0>}
x[6,1]{6  <1.0>}
x[6,2]{0  <1.0>}
x[6,3]{4  <0.22591037308494366>, 7  <0.7740896269150563>}
x[6,4]{3  <0.3131579587025269>, 1  <0.6868420412974732>}
x[6,5]{4  <0.5665947939303325>, 3  <0.0012913265570273327>, 7  <0.4321138795126403>}
x[6,6]{5  <1.0>}
x[6,7]{4  <0.0013485548336356057>, 1  <0.25860740064719373>, 3  <0.7400440445191707>}
x[7,0]{5  <1.0>}
x[7,1]{0  <1.0>}
x[7,2]{2  <1.0>}
x[7,3]{3  <1.0>}
x[7,4]{4  <1.0>}
x[7,5]{1  <1.0>}
x[7,6]{6  <1.0>}
x[7,7]{7  <1.0>}
problem entropy = 0.5706589870116597
smallest variable entropy = 0.009082762600195804
### branching on x[1,7]=4 marginal=0.9988277672452709
##### after BP iteration 1 #####
x[0,0]{7  <1.0>}
x[0,1]{4  <1.0>}
x[0,2]{3  <1.0>}
x[0,3]{5  <1.0>}
x[0,4]{2  <1.0>}
x[0,5]{0  <1.0>}
x[0,6]{1  <1.0>}
x[0,7]{6  <1.0>}
x[1,0]{0  <1.0>}
x[1,1]{5  <1.0>}
x[1,2]{6  <1.0>}
x[1,3]{1  <1.0>}
x[1,4]{7  <1.0>}
x[1,5]{3  <1.0>}
x[1,6]{2  <1.0>}
x[1,7]{4  <1.0>}
x[2,0]{6  <1.0>}
x[2,1]{2  <1.0>}
x[2,2]{5  <1.0>}
x[2,3]{4  <0.8183021905680329>, 7  <0.1816978094319672>}
x[2,4]{3  <0.8005084839887632>, 1  <0.1994915160112368>}
x[2,5]{7  <0.6791693400479726>, 4  <0.3208306599520274>}
x[2,6]{0  <1.0>}
x[2,7]{3  <0.16454461229524456>, 1  <0.8354553877047554>}
x[3,0]{1  <1.0>}
x[3,1]{3  <1.0>}
x[3,2]{7  <1.0>}
x[3,3]{6  <1.0>}
x[3,4]{5  <1.0>}
x[3,5]{2  <1.0>}
x[3,6]{4  <1.0>}
x[3,7]{0  <1.0>}
x[4,0]{4  <1.0>}
x[4,1]{7  <1.0>}
x[4,2]{1  <1.0>}
x[4,3]{0  <1.0>}
x[4,4]{6  <1.0>}
x[4,5]{5  <1.0>}
x[4,6]{3  <1.0>}
x[4,7]{2  <1.0>}
x[5,0]{3  <1.0>}
x[5,1]{1  <1.0>}
x[5,2]{4  <1.0>}
x[5,3]{2  <1.0>}
x[5,4]{0  <1.0>}
x[5,5]{6  <1.0>}
x[5,6]{7  <1.0>}
x[5,7]{5  <1.0>}
x[6,0]{2  <1.0>}
x[6,1]{6  <1.0>}
x[6,2]{0  <1.0>}
x[6,3]{4  <0.5374156438579215>, 7  <0.4625843561420786>}
x[6,4]{3  <0.3984951562096657>, 1  <0.6015048437903342>}
x[6,5]{4  <0.717898259848915>, 7  <0.28210174015108486>}
x[6,6]{5  <1.0>}
x[6,7]{3  <0.5995079075014929>, 1  <0.4004920924985072>}
x[7,0]{5  <1.0>}
x[7,1]{0  <1.0>}
x[7,2]{2  <1.0>}
x[7,3]{3  <1.0>}
x[7,4]{4  <1.0>}
x[7,5]{1  <1.0>}
x[7,6]{6  <1.0>}
x[7,7]{7  <1.0>}
problem entropy = 0.8438247762822769
smallest variable entropy = 0.4471296274831188
##### after BP iteration 2 #####
x[0,0]{7  <1.0>}
x[0,1]{4  <1.0>}
x[0,2]{3  <1.0>}
x[0,3]{5  <1.0>}
x[0,4]{2  <1.0>}
x[0,5]{0  <1.0>}
x[0,6]{1  <1.0>}
x[0,7]{6  <1.0>}
x[1,0]{0  <1.0>}
x[1,1]{5  <1.0>}
x[1,2]{6  <1.0>}
x[1,3]{1  <1.0>}
x[1,4]{7  <1.0>}
x[1,5]{3  <1.0>}
x[1,6]{2  <1.0>}
x[1,7]{4  <1.0>}
x[2,0]{6  <1.0>}
x[2,1]{2  <1.0>}
x[2,2]{5  <1.0>}
x[2,3]{4  <0.5673273988670186>, 7  <0.43267260113298145>}
x[2,4]{3  <0.7410433821541081>, 1  <0.25895661784589186>}
x[2,5]{7  <0.7740896269150563>, 4  <0.2259103730849437>}
x[2,6]{0  <1.0>}
x[2,7]{3  <0.3131579587025268>, 1  <0.6868420412974732>}
x[3,0]{1  <1.0>}
x[3,1]{3  <1.0>}
x[3,2]{7  <1.0>}
x[3,3]{6  <1.0>}
x[3,4]{5  <1.0>}
x[3,5]{2  <1.0>}
x[3,6]{4  <1.0>}
x[3,7]{0  <1.0>}
x[4,0]{4  <1.0>}
x[4,1]{7  <1.0>}
x[4,2]{1  <1.0>}
x[4,3]{0  <1.0>}
x[4,4]{6  <1.0>}
x[4,5]{5  <1.0>}
x[4,6]{3  <1.0>}
x[4,7]{2  <1.0>}
x[5,0]{3  <1.0>}
x[5,1]{1  <1.0>}
x[5,2]{4  <1.0>}
x[5,3]{2  <1.0>}
x[5,4]{0  <1.0>}
x[5,5]{6  <1.0>}
x[5,6]{7  <1.0>}
x[5,7]{5  <1.0>}
x[6,0]{2  <1.0>}
x[6,1]{6  <1.0>}
x[6,2]{0  <1.0>}
x[6,3]{4  <0.2301618526972292>, 7  <0.7698381473027709>}
x[6,4]{3  <0.26747057566421645>, 1  <0.7325294243357836>}
x[6,5]{4  <0.5815303844111908>, 7  <0.41846961558880924>}
x[6,6]{5  <1.0>}
x[6,7]{3  <0.7281260903793083>, 1  <0.27187390962069174>}
x[7,0]{5  <1.0>}
x[7,1]{0  <1.0>}
x[7,2]{2  <1.0>}
x[7,3]{3  <1.0>}
x[7,4]{4  <1.0>}
x[7,5]{1  <1.0>}
x[7,6]{6  <1.0>}
x[7,7]{7  <1.0>}
problem entropy = 0.8650784449873176
smallest variable entropy = 0.5342873819872821
##### after BP iteration 3 #####
x[0,0]{7  <1.0>}
x[0,1]{4  <1.0>}
x[0,2]{3  <1.0>}
x[0,3]{5  <1.0>}
x[0,4]{2  <1.0>}
x[0,5]{0  <1.0>}
x[0,6]{1  <1.0>}
x[0,7]{6  <1.0>}
x[1,0]{0  <1.0>}
x[1,1]{5  <1.0>}
x[1,2]{6  <1.0>}
x[1,3]{1  <1.0>}
x[1,4]{7  <1.0>}
x[1,5]{3  <1.0>}
x[1,6]{2  <1.0>}
x[1,7]{4  <1.0>}
x[2,0]{6  <1.0>}
x[2,1]{2  <1.0>}
x[2,2]{5  <1.0>}
x[2,3]{4  <0.717898259848915>, 7  <0.28210174015108497>}
x[2,4]{3  <0.5995079075014929>, 1  <0.4004920924985072>}
x[2,5]{7  <0.4625843561420786>, 4  <0.5374156438579214>}
x[2,6]{0  <1.0>}
x[2,7]{3  <0.3984951562096659>, 1  <0.6015048437903342>}
x[3,0]{1  <1.0>}
x[3,1]{3  <1.0>}
x[3,2]{7  <1.0>}
x[3,3]{6  <1.0>}
x[3,4]{5  <1.0>}
x[3,5]{2  <1.0>}
x[3,6]{4  <1.0>}
x[3,7]{0  <1.0>}
x[4,0]{4  <1.0>}
x[4,1]{7  <1.0>}
x[4,2]{1  <1.0>}
x[4,3]{0  <1.0>}
x[4,4]{6  <1.0>}
x[4,5]{5  <1.0>}
x[4,6]{3  <1.0>}
x[4,7]{2  <1.0>}
x[5,0]{3  <1.0>}
x[5,1]{1  <1.0>}
x[5,2]{4  <1.0>}
x[5,3]{2  <1.0>}
x[5,4]{0  <1.0>}
x[5,5]{6  <1.0>}
x[5,6]{7  <1.0>}
x[5,7]{5  <1.0>}
x[6,0]{2  <1.0>}
x[6,1]{6  <1.0>}
x[6,2]{0  <1.0>}
x[6,3]{4  <0.3208306599520274>, 7  <0.6791693400479726>}
x[6,4]{3  <0.16454461229524456>, 1  <0.8354553877047554>}
x[6,5]{4  <0.8183021905680328>, 7  <0.1816978094319672>}
x[6,6]{5  <1.0>}
x[6,7]{3  <0.8005084839887633>, 1  <0.1994915160112368>}
x[7,0]{5  <1.0>}
x[7,1]{0  <1.0>}
x[7,2]{2  <1.0>}
x[7,3]{3  <1.0>}
x[7,4]{4  <1.0>}
x[7,5]{1  <1.0>}
x[7,6]{6  <1.0>}
x[7,7]{7  <1.0>}
problem entropy = 0.843824776282277
smallest variable entropy = 0.4471296274831188
##### after BP iteration 4 #####
x[0,0]{7  <1.0>}
x[0,1]{4  <1.0>}
x[0,2]{3  <1.0>}
x[0,3]{5  <1.0>}
x[0,4]{2  <1.0>}
x[0,5]{0  <1.0>}
x[0,6]{1  <1.0>}
x[0,7]{6  <1.0>}
x[1,0]{0  <1.0>}
x[1,1]{5  <1.0>}
x[1,2]{6  <1.0>}
x[1,3]{1  <1.0>}
x[1,4]{7  <1.0>}
x[1,5]{3  <1.0>}
x[1,6]{2  <1.0>}
x[1,7]{4  <1.0>}
x[2,0]{6  <1.0>}
x[2,1]{2  <1.0>}
x[2,2]{5  <1.0>}
x[2,3]{4  <0.5815303844111908>, 7  <0.41846961558880924>}
x[2,4]{3  <0.7281260903793083>, 1  <0.27187390962069163>}
x[2,5]{7  <0.7698381473027709>, 4  <0.23016185269722916>}
x[2,6]{0  <1.0>}
x[2,7]{3  <0.26747057566421645>, 1  <0.7325294243357836>}
x[3,0]{1  <1.0>}
x[3,1]{3  <1.0>}
x[3,2]{7  <1.0>}
x[3,3]{6  <1.0>}
x[3,4]{5  <1.0>}
x[3,5]{2  <1.0>}
x[3,6]{4  <1.0>}
x[3,7]{0  <1.0>}
x[4,0]{4  <1.0>}
x[4,1]{7  <1.0>}
x[4,2]{1  <1.0>}
x[4,3]{0  <1.0>}
x[4,4]{6  <1.0>}
x[4,5]{5  <1.0>}
x[4,6]{3  <1.0>}
x[4,7]{2  <1.0>}
x[5,0]{3  <1.0>}
x[5,1]{1  <1.0>}
x[5,2]{4  <1.0>}
x[5,3]{2  <1.0>}
x[5,4]{0  <1.0>}
x[5,5]{6  <1.0>}
x[5,6]{7  <1.0>}
x[5,7]{5  <1.0>}
x[6,0]{2  <1.0>}
x[6,1]{6  <1.0>}
x[6,2]{0  <1.0>}
x[6,3]{4  <0.22591037308494363>, 7  <0.7740896269150563>}
x[6,4]{3  <0.3131579587025268>, 1  <0.6868420412974732>}
x[6,5]{4  <0.5673273988670186>, 7  <0.4326726011329814>}
x[6,6]{5  <1.0>}
x[6,7]{3  <0.741043382154108>, 1  <0.2589566178458919>}
x[7,0]{5  <1.0>}
x[7,1]{0  <1.0>}
x[7,2]{2  <1.0>}
x[7,3]{3  <1.0>}
x[7,4]{4  <1.0>}
x[7,5]{1  <1.0>}
x[7,6]{6  <1.0>}
x[7,7]{7  <1.0>}
problem entropy = 0.8650784449873176
smallest variable entropy = 0.534287381987282
### branching on x[6,3]=7 marginal=0.7740896269150563
##### after BP iteration 1 #####
x[0,0]{7  <1.0>}
x[0,1]{4  <1.0>}
x[0,2]{3  <1.0>}
x[0,3]{5  <1.0>}
x[0,4]{2  <1.0>}
x[0,5]{0  <1.0>}
x[0,6]{1  <1.0>}
x[0,7]{6  <1.0>}
x[1,0]{0  <1.0>}
x[1,1]{5  <1.0>}
x[1,2]{6  <1.0>}
x[1,3]{1  <1.0>}
x[1,4]{7  <1.0>}
x[1,5]{3  <1.0>}
x[1,6]{2  <1.0>}
x[1,7]{4  <1.0>}
x[2,0]{6  <1.0>}
x[2,1]{2  <1.0>}
x[2,2]{5  <1.0>}
x[2,3]{4  <1.0>}
x[2,4]{3  <0.8005084839887633>, 1  <0.1994915160112368>}
x[2,5]{7  <1.0>}
x[2,6]{0  <1.0>}
x[2,7]{3  <0.16454461229524459>, 1  <0.8354553877047555>}
x[3,0]{1  <1.0>}
x[3,1]{3  <1.0>}
x[3,2]{7  <1.0>}
x[3,3]{6  <1.0>}
x[3,4]{5  <1.0>}
x[3,5]{2  <1.0>}
x[3,6]{4  <1.0>}
x[3,7]{0  <1.0>}
x[4,0]{4  <1.0>}
x[4,1]{7  <1.0>}
x[4,2]{1  <1.0>}
x[4,3]{0  <1.0>}
x[4,4]{6  <1.0>}
x[4,5]{5  <1.0>}
x[4,6]{3  <1.0>}
x[4,7]{2  <1.0>}
x[5,0]{3  <1.0>}
x[5,1]{1  <1.0>}
x[5,2]{4  <1.0>}
x[5,3]{2  <1.0>}
x[5,4]{0  <1.0>}
x[5,5]{6  <1.0>}
x[5,6]{7  <1.0>}
x[5,7]{5  <1.0>}
x[6,0]{2  <1.0>}
x[6,1]{6  <1.0>}
x[6,2]{0  <1.0>}
x[6,3]{7  <1.0>}
x[6,4]{3  <0.3984951562096658>, 1  <0.6015048437903341>}
x[6,5]{4  <1.0>}
x[6,6]{5  <1.0>}
x[6,7]{3  <0.5995079075014929>, 1  <0.4004920924985072>}
x[7,0]{5  <1.0>}
x[7,1]{0  <1.0>}
x[7,2]{2  <1.0>}
x[7,3]{3  <1.0>}
x[7,4]{4  <1.0>}
x[7,5]{1  <1.0>}
x[7,6]{6  <1.0>}
x[7,7]{7  <1.0>}
problem entropy = 0.826820721777936
smallest variable entropy = 0.4471296274831188
##### after BP iteration 2 #####
x[0,0]{7  <1.0>}
x[0,1]{4  <1.0>}
x[0,2]{3  <1.0>}
x[0,3]{5  <1.0>}
x[0,4]{2  <1.0>}
x[0,5]{0  <1.0>}
x[0,6]{1  <1.0>}
x[0,7]{6  <1.0>}
x[1,0]{0  <1.0>}
x[1,1]{5  <1.0>}
x[1,2]{6  <1.0>}
x[1,3]{1  <1.0>}
x[1,4]{7  <1.0>}
x[1,5]{3  <1.0>}
x[1,6]{2  <1.0>}
x[1,7]{4  <1.0>}
x[2,0]{6  <1.0>}
x[2,1]{2  <1.0>}
x[2,2]{5  <1.0>}
x[2,3]{4  <1.0>}
x[2,4]{3  <0.741043382154108>, 1  <0.25895661784589197>}
x[2,5]{7  <1.0>}
x[2,6]{0  <1.0>}
x[2,7]{3  <0.3131579587025268>, 1  <0.6868420412974733>}
x[3,0]{1  <1.0>}
x[3,1]{3  <1.0>}
x[3,2]{7  <1.0>}
x[3,3]{6  <1.0>}
x[3,4]{5  <1.0>}
x[3,5]{2  <1.0>}
x[3,6]{4  <1.0>}
x[3,7]{0  <1.0>}
x[4,0]{4  <1.0>}
x[4,1]{7  <1.0>}
x[4,2]{1  <1.0>}
x[4,3]{0  <1.0>}
x[4,4]{6  <1.0>}
x[4,5]{5  <1.0>}
x[4,6]{3  <1.0>}
x[4,7]{2  <1.0>}
x[5,0]{3  <1.0>}
x[5,1]{1  <1.0>}
x[5,2]{4  <1.0>}
x[5,3]{2  <1.0>}
x[5,4]{0  <1.0>}
x[5,5]{6  <1.0>}
x[5,6]{7  <1.0>}
x[5,7]{5  <1.0>}
x[6,0]{2  <1.0>}
x[6,1]{6  <1.0>}
x[6,2]{0  <1.0>}
x[6,3]{7  <1.0>}
x[6,4]{3  <0.26747057566421645>, 1  <0.7325294243357836>}
x[6,5]{4  <1.0>}
x[6,6]{5  <1.0>}
x[6,7]{3  <0.7281260903793084>, 1  <0.2718739096206916>}
x[7,0]{5  <1.0>}
x[7,1]{0  <1.0>}
x[7,2]{2  <1.0>}
x[7,3]{3  <1.0>}
x[7,4]{4  <1.0>}
x[7,5]{1  <1.0>}
x[7,6]{6  <1.0>}
x[7,7]{7  <1.0>}
problem entropy = 0.850976343710421
smallest variable entropy = 0.5719627406240906
##### after BP iteration 3 #####
x[0,0]{7  <1.0>}
x[0,1]{4  <1.0>}
x[0,2]{3  <1.0>}
x[0,3]{5  <1.0>}
x[0,4]{2  <1.0>}
x[0,5]{0  <1.0>}
x[0,6]{1  <1.0>}
x[0,7]{6  <1.0>}
x[1,0]{0  <1.0>}
x[1,1]{5  <1.0>}
x[1,2]{6  <1.0>}
x[1,3]{1  <1.0>}
x[1,4]{7  <1.0>}
x[1,5]{3  <1.0>}
x[1,6]{2  <1.0>}
x[1,7]{4  <1.0>}
x[2,0]{6  <1.0>}
x[2,1]{2  <1.0>}
x[2,2]{5  <1.0>}
x[2,3]{4  <1.0>}
x[2,4]{3  <0.5995079075014929>, 1  <0.4004920924985072>}
x[2,5]{7  <1.0>}
x[2,6]{0  <1.0>}
x[2,7]{3  <0.39849515620966586>, 1  <0.6015048437903341>}
x[3,0]{1  <1.0>}
x[3,1]{3  <1.0>}
x[3,2]{7  <1.0>}
x[3,3]{6  <1.0>}
x[3,4]{5  <1.0>}
x[3,5]{2  <1.0>}
x[3,6]{4  <1.0>}
x[3,7]{0  <1.0>}
x[4,0]{4  <1.0>}
x[4,1]{7  <1.0>}
x[4,2]{1  <1.0>}
x[4,3]{0  <1.0>}
x[4,4]{6  <1.0>}
x[4,5]{5  <1.0>}
x[4,6]{3  <1.0>}
x[4,7]{2  <1.0>}
x[5,0]{3  <1.0>}
x[5,1]{1  <1.0>}
x[5,2]{4  <1.0>}
x[5,3]{2  <1.0>}
x[5,4]{0  <1.0>}
x[5,5]{6  <1.0>}
x[5,6]{7  <1.0>}
x[5,7]{5  <1.0>}
x[6,0]{2  <1.0>}
x[6,1]{6  <1.0>}
x[6,2]{0  <1.0>}
x[6,3]{7  <1.0>}
x[6,4]{3  <0.16454461229524456>, 1  <0.8354553877047555>}
x[6,5]{4  <1.0>}
x[6,6]{5  <1.0>}
x[6,7]{3  <0.8005084839887633>, 1  <0.19949151601123674>}
x[7,0]{5  <1.0>}
x[7,1]{0  <1.0>}
x[7,2]{2  <1.0>}
x[7,3]{3  <1.0>}
x[7,4]{4  <1.0>}
x[7,5]{1  <1.0>}
x[7,6]{6  <1.0>}
x[7,7]{7  <1.0>}
problem entropy = 0.826820721777936
smallest variable entropy = 0.4471296274831187
##### after BP iteration 4 #####
x[0,0]{7  <1.0>}
x[0,1]{4  <1.0>}
x[0,2]{3  <1.0>}
x[0,3]{5  <1.0>}
x[0,4]{2  <1.0>}
x[0,5]{0  <1.0>}
x[0,6]{1  <1.0>}
x[0,7]{6  <1.0>}
x[1,0]{0  <1.0>}
x[1,1]{5  <1.0>}
x[1,2]{6  <1.0>}
x[1,3]{1  <1.0>}
x[1,4]{7  <1.0>}
x[1,5]{3  <1.0>}
x[1,6]{2  <1.0>}
x[1,7]{4  <1.0>}
x[2,0]{6  <1.0>}
x[2,1]{2  <1.0>}
x[2,2]{5  <1.0>}
x[2,3]{4  <1.0>}
x[2,4]{3  <0.7281260903793084>, 1  <0.2718739096206916>}
x[2,5]{7  <1.0>}
x[2,6]{0  <1.0>}
x[2,7]{3  <0.26747057566421645>, 1  <0.7325294243357836>}
x[3,0]{1  <1.0>}
x[3,1]{3  <1.0>}
x[3,2]{7  <1.0>}
x[3,3]{6  <1.0>}
x[3,4]{5  <1.0>}
x[3,5]{2  <1.0>}
x[3,6]{4  <1.0>}
x[3,7]{0  <1.0>}
x[4,0]{4  <1.0>}
x[4,1]{7  <1.0>}
x[4,2]{1  <1.0>}
x[4,3]{0  <1.0>}
x[4,4]{6  <1.0>}
x[4,5]{5  <1.0>}
x[4,6]{3  <1.0>}
x[4,7]{2  <1.0>}
x[5,0]{3  <1.0>}
x[5,1]{1  <1.0>}
x[5,2]{4  <1.0>}
x[5,3]{2  <1.0>}
x[5,4]{0  <1.0>}
x[5,5]{6  <1.0>}
x[5,6]{7  <1.0>}
x[5,7]{5  <1.0>}
x[6,0]{2  <1.0>}
x[6,1]{6  <1.0>}
x[6,2]{0  <1.0>}
x[6,3]{7  <1.0>}
x[6,4]{3  <0.3131579587025268>, 1  <0.6868420412974733>}
x[6,5]{4  <1.0>}
x[6,6]{5  <1.0>}
x[6,7]{3  <0.741043382154108>, 1  <0.25895661784589197>}
x[7,0]{5  <1.0>}
x[7,1]{0  <1.0>}
x[7,2]{2  <1.0>}
x[7,3]{3  <1.0>}
x[7,4]{4  <1.0>}
x[7,5]{1  <1.0>}
x[7,6]{6  <1.0>}
x[7,7]{7  <1.0>}
problem entropy = 0.850976343710421
smallest variable entropy = 0.5719627406240906
### branching on x[6,7]=3 marginal=0.741043382154108
##### after BP iteration 1 #####
x[0,0]{7  <1.0>}
x[0,1]{4  <1.0>}
x[0,2]{3  <1.0>}
x[0,3]{5  <1.0>}
x[0,4]{2  <1.0>}
x[0,5]{0  <1.0>}
x[0,6]{1  <1.0>}
x[0,7]{6  <1.0>}
x[1,0]{0  <1.0>}
x[1,1]{5  <1.0>}
x[1,2]{6  <1.0>}
x[1,3]{1  <1.0>}
x[1,4]{7  <1.0>}
x[1,5]{3  <1.0>}
x[1,6]{2  <1.0>}
x[1,7]{4  <1.0>}
x[2,0]{6  <1.0>}
x[2,1]{2  <1.0>}
x[2,2]{5  <1.0>}
x[2,3]{4  <1.0>}
x[2,4]{3  <1.0>}
x[2,5]{7  <1.0>}
x[2,6]{0  <1.0>}
x[2,7]{1  <1.0>}
x[3,0]{1  <1.0>}
x[3,1]{3  <1.0>}
x[3,2]{7  <1.0>}
x[3,3]{6  <1.0>}
x[3,4]{5  <1.0>}
x[3,5]{2  <1.0>}
x[3,6]{4  <1.0>}
x[3,7]{0  <1.0>}
x[4,0]{4  <1.0>}
x[4,1]{7  <1.0>}
x[4,2]{1  <1.0>}
x[4,3]{0  <1.0>}
x[4,4]{6  <1.0>}
x[4,5]{5  <1.0>}
x[4,6]{3  <1.0>}
x[4,7]{2  <1.0>}
x[5,0]{3  <1.0>}
x[5,1]{1  <1.0>}
x[5,2]{4  <1.0>}
x[5,3]{2  <1.0>}
x[5,4]{0  <1.0>}
x[5,5]{6  <1.0>}
x[5,6]{7  <1.0>}
x[5,7]{5  <1.0>}
x[6,0]{2  <1.0>}
x[6,1]{6  <1.0>}
x[6,2]{0  <1.0>}
x[6,3]{7  <1.0>}
x[6,4]{1  <1.0>}
x[6,5]{4  <1.0>}
x[6,6]{5  <1.0>}
x[6,7]{3  <1.0>}
x[7,0]{5  <1.0>}
x[7,1]{0  <1.0>}
x[7,2]{2  <1.0>}
x[7,3]{3  <1.0>}
x[7,4]{4  <1.0>}
x[7,5]{1  <1.0>}
x[7,6]{6  <1.0>}
x[7,7]{7  <1.0>}
problem entropy = 0.0
smallest variable entropy = 1.7976931348623157E308
### branching on x[6,7]!=3
##### after BP iteration 1 #####
x[0,0]{7  <1.0>}
x[0,1]{4  <1.0>}
x[0,2]{3  <1.0>}
x[0,3]{5  <1.0>}
x[0,4]{2  <1.0>}
x[0,5]{0  <1.0>}
x[0,6]{1  <1.0>}
x[0,7]{6  <1.0>}
x[1,0]{0  <1.0>}
x[1,1]{5  <1.0>}
x[1,2]{6  <1.0>}
x[1,3]{1  <1.0>}
x[1,4]{7  <1.0>}
x[1,5]{3  <1.0>}
x[1,6]{2  <1.0>}
x[1,7]{4  <1.0>}
x[2,0]{6  <1.0>}
x[2,1]{2  <1.0>}
x[2,2]{5  <1.0>}
x[2,3]{4  <1.0>}
x[2,4]{1  <1.0>}
x[2,5]{7  <1.0>}
x[2,6]{0  <1.0>}
x[2,7]{3  <1.0>}
x[3,0]{1  <1.0>}
x[3,1]{3  <1.0>}
x[3,2]{7  <1.0>}
x[3,3]{6  <1.0>}
x[3,4]{5  <1.0>}
x[3,5]{2  <1.0>}
x[3,6]{4  <1.0>}
x[3,7]{0  <1.0>}
x[4,0]{4  <1.0>}
x[4,1]{7  <1.0>}
x[4,2]{1  <1.0>}
x[4,3]{0  <1.0>}
x[4,4]{6  <1.0>}
x[4,5]{5  <1.0>}
x[4,6]{3  <1.0>}
x[4,7]{2  <1.0>}
x[5,0]{3  <1.0>}
x[5,1]{1  <1.0>}
x[5,2]{4  <1.0>}
x[5,3]{2  <1.0>}
x[5,4]{0  <1.0>}
x[5,5]{6  <1.0>}
x[5,6]{7  <1.0>}
x[5,7]{5  <1.0>}
x[6,0]{2  <1.0>}
x[6,1]{6  <1.0>}
x[6,2]{0  <1.0>}
x[6,3]{7  <1.0>}
x[6,4]{3  <1.0>}
x[6,5]{4  <1.0>}
x[6,6]{5  <1.0>}
x[6,7]{1  <1.0>}
x[7,0]{5  <1.0>}
x[7,1]{0  <1.0>}
x[7,2]{2  <1.0>}
x[7,3]{3  <1.0>}
x[7,4]{4  <1.0>}
x[7,5]{1  <1.0>}
x[7,6]{6  <1.0>}
x[7,7]{7  <1.0>}
problem entropy = 0.0
smallest variable entropy = 1.7976931348623157E308

	#choice: 10
	#fail: 0
	execution time (ms): 293
	#sols : 1
	completed : false

