{4  <5.0>}
model: sum-product-init
FINAL DAMPING FACTOR = 1.0
##### after BP iteration 1 #####
x[0,0]{4  <1.0>}
x[0,1]{5  <1.0>}
x[0,2]{6  <0.03569794955655643>, 1  <0.9608864095973338>, 2  <0.0031894260240503667>, 3  <2.2621482205927035E-4>}
x[0,3]{0  <0.47346913398277274>, 7  <0.5265308660172271>}
x[0,4]{2  <0.002313485204569675>, 3  <0.9976865147954302>}
x[0,5]{0  <0.016795866724380253>, 7  <0.0104527388605618>, 6  <0.9721600629101633>, 3  <5.913315048946476E-4>}
x[0,6]{6  <7.11933508394311E-4>, 1  <0.003629429659897043>, 2  <0.9956586368317087>}
x[0,7]{0  <0.6068104591805389>, 1  <0.015472018807671666>, 2  <7.092690604508768E-4>, 3  <9.221359892527025E-5>, 7  <0.3769160393524133>}
x[1,0]{5  <0.006965990983054743>, 7  <0.9930340090169453>}
x[1,1]{3  <0.992530651070836>, 1  <0.0074693489291639105>}
x[1,2]{0  <1.0>}
x[1,3]{6  <1.0>}
x[1,4]{2  <0.9966355108994303>, 3  <0.0033644891005697826>}
x[1,5]{4  <1.0>}
x[1,6]{2  <0.0025587376630339343>, 1  <0.9974412623369661>}
x[1,7]{5  <0.9888086274200484>, 7  <0.011191372579951677>}
x[2,0]{3  <0.16222881185983284>, 7  <0.006536625886487479>, 2  <0.8312345622536796>}
x[2,1]{6  <1.0>}
x[2,2]{2  <0.1548317258469616>, 3  <0.8451682741530385>}
x[2,3]{1  <1.0>}
x[2,4]{4  <1.0>}
x[2,5]{0  <0.5511904517213928>, 7  <0.44856334124562125>, 3  <2.4620703298594435E-4>}
x[2,6]{5  <1.0>}
x[2,7]{0  <0.5671135934315048>, 7  <0.42967828209673986>, 2  <0.0029002793142077986>, 3  <3.078451575473967E-4>}
x[3,0]{5  <0.16155586018248724>, 1  <0.4731775905584546>, 6  <0.003185882729834067>, 3  <0.3620806665292241>}
x[3,1]{0  <1.0>}
x[3,2]{4  <1.0>}
x[3,3]{5  <0.8854873952885517>, 3  <0.11451260471144827>}
x[3,4]{7  <1.0>}
x[3,5]{2  <1.0>}
x[3,6]{6  <0.9994194062528841>, 1  <5.805937471158537E-4>}
x[3,7]{5  <0.00681927074868268>, 1  <0.8949922281081995>, 3  <0.0981885011431178>}
x[4,0]{6  <0.7402035904261903>, 1  <0.012899747892321066>, 2  <0.04823631206187852>, 3  <0.11209350501086256>, 5  <0.08656684460874751>}
x[4,1]{3  <0.004585610853465459>, 1  <0.9954143891465346>}
x[4,2]{6  <0.29495376932190515>, 1  <0.0029643184232470013>, 2  <0.6160269050889097>, 3  <0.08605500716593828>}
x[4,3]{5  <0.10492008935310186>, 3  <0.45547644573177976>, 2  <0.4396034649151184>}
x[4,4]{0  <1.0>}
x[4,5]{6  <0.0066537353914693275>, 3  <0.21386896982094097>, 5  <0.7794772947875898>}
x[4,6]{7  <1.0>}
x[4,7]{4  <1.0>}
x[5,0]{3  <0.26058677345228676>, 5  <0.7394132265477132>}
x[5,1]{2  <1.0>}
x[5,2]{7  <1.0>}
x[5,3]{4  <1.0>}
x[5,4]{1  <1.0>}
x[5,5]{3  <0.7135716952434775>, 5  <0.2864283047565225>}
x[5,6]{0  <1.0>}
x[5,7]{6  <1.0>}
x[6,0]{7  <0.00106546896690727>, 1  <0.6018359907621942>, 2  <0.07006168372626018>, 6  <0.3270368565446383>}
x[6,1]{4  <1.0>}
x[6,2]{6  <0.8237179481472129>, 1  <0.049880689927171505>, 2  <0.12640136192561552>}
x[6,3]{0  <0.5061838543207403>, 7  <0.4938161456792597>}
x[6,4]{5  <1.0>}
x[6,5]{0  <0.5852722843512217>, 6  <0.041974591152348924>, 7  <0.3727531244964294>}
x[6,6]{3  <1.0>}
x[6,7]{0  <0.008206766367335788>, 1  <0.12731708228509955>, 2  <0.8593323218901487>, 7  <0.005143829457415927>}
x[7,0]{0  <1.0>}
x[7,1]{7  <1.0>}
x[7,2]{5  <1.0>}
x[7,3]{3  <0.2923552730705201>, 2  <0.70764472692948>}
x[7,4]{6  <1.0>}
x[7,5]{1  <1.0>}
x[7,6]{4  <1.0>}
x[7,7]{2  <0.16405175833410138>, 3  <0.8359482416658987>}
problem entropy = 0.4496073917908036
smallest variable entropy = 0.004906695832545076
##### after BP iteration 2 #####
x[0,0]{4  <1.0>}
x[0,1]{5  <1.0>}
x[0,2]{6  <0.00532199762445458>, 1  <0.9926139032679782>, 2  <0.0018477235468656364>, 3  <2.1637556070172706E-4>}
x[0,3]{0  <0.46228257979229337>, 7  <0.5377174202077065>}
x[0,4]{2  <2.1093866736299481E-4>, 3  <0.9997890613326369>}
x[0,5]{0  <0.0018813752098391621>, 7  <0.001921432342421955>, 6  <0.9957005192082483>, 3  <4.96673239490549E-4>}
x[0,6]{6  <4.8337130021667717E-5>, 1  <6.269895671594418E-4>, 2  <0.9993246733028189>}
x[0,7]{0  <0.49587443630192574>, 1  <0.005494844538187508>, 2  <1.43315502056339E-4>, 3  <2.2757963270810907E-5>, 7  <0.49846464569455967>}
x[1,0]{5  <0.006195339540420818>, 7  <0.9938046604595792>}
x[1,1]{3  <0.9980811459764631>, 1  <0.0019188540235368153>}
x[1,2]{0  <1.0>}
x[1,3]{6  <1.0>}
x[1,4]{2  <0.9983922054266903>, 3  <0.0016077945733096223>}
x[1,5]{4  <1.0>}
x[1,6]{2  <0.0022827549738675644>, 1  <0.9977172450261323>}
x[1,7]{5  <0.9919644461268613>, 7  <0.008035553873138652>}
x[2,0]{3  <0.1570490678916379>, 7  <0.0014915327297669765>, 2  <0.8414593993785952>}
x[2,1]{6  <1.0>}
x[2,2]{2  <0.21348749474763462>, 3  <0.7865125052523654>}
x[2,3]{1  <1.0>}
x[2,4]{4  <1.0>}
x[2,5]{0  <0.36370128064439095>, 7  <0.6360310444059252>, 3  <2.676749496839578E-4>}
x[2,6]{5  <1.0>}
x[2,7]{0  <0.3806303182121531>, 7  <0.6165281335314589>, 2  <0.0023952736473365275>, 3  <4.4627460905138737E-4>}
x[3,0]{5  <0.1554717782098497>, 1  <0.08546199839458006>, 6  <2.464216415757516E-4>, 3  <0.7588198017539945>}
x[3,1]{0  <1.0>}
x[3,2]{4  <1.0>}
x[3,3]{5  <0.7845433373210372>, 3  <0.21545666267896274>}
x[3,4]{7  <1.0>}
x[3,5]{2  <1.0>}
x[3,6]{6  <0.9998579746566277>, 1  <1.4202534337218702E-4>}
x[3,7]{5  <0.009301719561632837>, 1  <0.7660789390163295>, 3  <0.2246193414220376>}
x[4,0]{6  <0.7959927942698177>, 1  <0.003700959057092391>, 2  <0.027927763227027357>, 3  <0.11595838559163589>, 5  <0.056420097854426594>}
x[4,1]{3  <0.005438258912576493>, 1  <0.9945617410874235>}
x[4,2]{6  <0.19222156699606058>, 1  <6.341466277979467E-4>, 2  <0.576974303425471>, 3  <0.23016998295067048>}
x[4,3]{5  <0.12536512252929874>, 3  <0.6330321630965363>, 2  <0.241602714374165>}
x[4,4]{0  <1.0>}
x[4,5]{6  <0.0012088605152260734>, 3  <0.19626596967363222>, 5  <0.8025251698111417>}
x[4,6]{7  <1.0>}
x[4,7]{4  <1.0>}
x[5,0]{3  <0.2852246994921683>, 5  <0.7147753005078318>}
x[5,1]{2  <1.0>}
x[5,2]{7  <1.0>}
x[5,3]{4  <1.0>}
x[5,4]{1  <1.0>}
x[5,5]{3  <0.7620888287908839>, 5  <0.23791117120911612>}
x[5,6]{0  <1.0>}
x[5,7]{6  <1.0>}
x[6,0]{7  <9.636907119672218E-4>, 1  <0.8532531509696312>, 2  <0.04560299476640313>, 6  <0.1001801635519985>}
x[6,1]{4  <1.0>}
x[6,2]{6  <0.7366935686222503>, 1  <0.07850570145928207>, 2  <0.18480072991846763>}
x[6,3]{0  <0.48720959469516556>, 7  <0.5127904053048344>}
x[6,4]{5  <1.0>}
x[6,5]{0  <0.4841386283326904>, 6  <0.005506745607829356>, 7  <0.5103546260594802>}
x[6,6]{3  <1.0>}
x[6,7]{0  <0.0048814661991535375>, 1  <0.12179803882385129>, 2  <0.8678074943003503>, 7  <0.005513000676644861>}
x[7,0]{0  <1.0>}
x[7,1]{7  <1.0>}
x[7,2]{5  <1.0>}
x[7,3]{3  <0.14963712214057143>, 2  <0.8503628778594284>}
x[7,4]{6  <1.0>}
x[7,5]{1  <1.0>}
x[7,6]{4  <1.0>}
x[7,7]{2  <0.11022405376590567>, 3  <0.8897759462340944>}
problem entropy = 0.42372929745690435
smallest variable entropy = 0.001400289502970013
##### after BP iteration 3 #####
x[0,0]{4  <1.0>}
x[0,1]{5  <1.0>}
x[0,2]{6  <0.007953384544054464>, 1  <0.990671214030278>, 2  <0.001232458763338489>, 3  <1.4294266232901297E-4>}
x[0,3]{0  <0.5405760074696506>, 7  <0.4594239925303494>}
x[0,4]{2  <1.685052143843026E-4>, 3  <0.9998314947856157>}
x[0,5]{0  <6.126798635433703E-4>, 7  <4.7797707949515247E-4>, 6  <0.998839255868995>, 3  <7.008718796627215E-5>}
x[0,6]{6  <6.145904422558986E-5>, 1  <0.001210101477263014>, 2  <0.9987284394785114>}
x[0,7]{0  <0.5419401897953031>, 1  <0.00442289733838563>, 2  <2.4466064782071667E-5>, 3  <2.4232166701810174E-6>, 7  <0.453610023584859>}
x[1,0]{5  <6.920660864568296E-4>, 7  <0.9993079339135432>}
x[1,1]{3  <0.9992764270454485>, 1  <7.235729545514516E-4>}
x[1,2]{0  <1.0>}
x[1,3]{6  <1.0>}
x[1,4]{2  <0.9999256489958934>, 3  <7.435100410649224E-5>}
x[1,5]{4  <1.0>}
x[1,6]{2  <2.1692941524721374E-4>, 1  <0.9997830705847528>}
x[1,7]{5  <0.9982918727060376>, 7  <0.0017081272939624783>}
x[2,0]{3  <0.026445537395566304>, 7  <3.526189486135209E-4>, 2  <0.9732018436558203>}
x[2,1]{6  <1.0>}
x[2,2]{2  <0.23351909430610202>, 3  <0.766480905693898>}
x[2,3]{1  <1.0>}
x[2,4]{4  <1.0>}
x[2,5]{0  <0.5821975722552356>, 7  <0.4177867302560702>, 3  <1.569748869421184E-5>}
x[2,6]{5  <1.0>}
x[2,7]{0  <0.5732739967144845>, 7  <0.425745140501974>, 2  <8.355969229331472E-4>, 3  <1.4526586060833291E-4>}
x[3,0]{5  <0.23040847763200759>, 1  <0.0667073755101512>, 6  <1.18546456348075E-4>, 3  <0.7027656004014932>}
x[3,1]{0  <1.0>}
x[3,2]{4  <1.0>}
x[3,3]{5  <0.8047837686554621>, 3  <0.19521623134453792>}
x[3,4]{7  <1.0>}
x[3,5]{2  <1.0>}
x[3,6]{6  <0.9999680549089344>, 1  <3.194509106568906E-5>}
x[3,7]{5  <0.001630486584968018>, 1  <0.9021005000641223>, 3  <0.09626901335090955>}
x[4,0]{6  <0.9825867744891665>, 1  <6.803401618034919E-4>, 2  <0.00525612670450851>, 3  <0.007102293688157899>, 5  <0.004374464956363523>}
x[4,1]{3  <7.204989561923669E-4>, 1  <0.9992795010438077>}
x[4,2]{6  <0.08194393643766953>, 1  <7.994438234230214E-5>, 2  <0.7100428175798269>, 3  <0.20793330160016119>}
x[4,3]{5  <0.22572711768258122>, 3  <0.6707896905576541>, 2  <0.10348319175976463>}
x[4,4]{0  <1.0>}
x[4,5]{6  <3.053433442710663E-4>, 3  <0.1656189096504861>, 5  <0.8340757470052428>}
x[4,6]{7  <1.0>}
x[4,7]{4  <1.0>}
x[5,0]{3  <0.15463310965673063>, 5  <0.8453668903432694>}
x[5,1]{2  <1.0>}
x[5,2]{7  <1.0>}
x[5,3]{4  <1.0>}
x[5,4]{1  <1.0>}
x[5,5]{3  <0.8040889667412685>, 5  <0.19591103325873155>}
x[5,6]{0  <1.0>}
x[5,7]{6  <1.0>}
x[6,0]{7  <2.0882417845386484E-4>, 1  <0.9371270685602873>, 2  <0.016404399791427215>, 6  <0.04625970746983172>}
x[6,1]{4  <1.0>}
x[6,2]{6  <0.927265314383887>, 1  <0.007458932172102927>, 2  <0.06527575344401011>}
x[6,3]{0  <0.5450065463024144>, 7  <0.45499345369758554>}
x[6,4]{5  <1.0>}
x[6,5]{0  <0.5391976428398866>, 6  <0.0016955101445234085>, 7  <0.45910684701559>}
x[6,6]{3  <1.0>}
x[6,7]{0  <0.0025666834540839243>, 1  <0.21026992060701571>, 2  <0.7846661375126438>, 7  <0.0024972584262564677>}
x[7,0]{0  <1.0>}
x[7,1]{7  <1.0>}
x[7,2]{5  <1.0>}
x[7,3]{3  <0.08215364299473892>, 2  <0.9178463570052611>}
x[7,4]{6  <1.0>}
x[7,5]{1  <1.0>}
x[7,6]{4  <1.0>}
x[7,7]{2  <0.22894593156931634>, 3  <0.7710540684306837>}
problem entropy = 0.3616079852478218
smallest variable entropy = 3.626239364824772E-4
### branching on x[1,4]=2; marginal=0.9999256489958934; regret=0.999851297991787; nb of ties=10
##### after BP iteration 1 #####
x[0,0]{4  <1.0>}
x[0,1]{5  <1.0>}
x[0,2]{6  <0.001514492860931529>, 1  <0.9984855071390686>}
x[0,3]{0  <0.44831248024409065>, 7  <0.5516875197559092>}
x[0,4]{3  <1.0>}
x[0,5]{0  <0.001737964202138672>, 7  <0.0027282942901902213>, 6  <0.9955337415076712>}
x[0,6]{2  <1.0>}
x[0,7]{0  <0.3891827578068851>, 1  <0.0010157429372447734>, 7  <0.6098014992558701>}
x[1,0]{5  <1.283047300561646E-4>, 7  <0.9998716952699439>}
x[1,1]{3  <1.0>}
x[1,2]{0  <1.0>}
x[1,3]{6  <1.0>}
x[1,4]{2  <1.0>}
x[1,5]{4  <1.0>}
x[1,6]{1  <1.0>}
x[1,7]{5  <0.9998953068155424>, 7  <1.046931844575282E-4>}
x[2,0]{3  <0.04012216008168775>, 7  <2.1032075060529537E-4>, 2  <0.959667519167707>}
x[2,1]{6  <1.0>}
x[2,2]{2  <0.027491481272380023>, 3  <0.97250851872762>}
x[2,3]{1  <1.0>}
x[2,4]{4  <1.0>}
x[2,5]{0  <0.525303014346674>, 7  <0.4746907209834109>, 3  <6.264669915137472E-6>}
x[2,6]{5  <1.0>}
x[2,7]{0  <0.4940274435842325>, 7  <0.5057071109709551>, 2  <2.08598562460927E-4>, 3  <5.68468823513664E-5>}
x[3,0]{5  <0.18314326820448107>, 1  <0.040399071254257374>, 3  <0.7764576605412615>}
x[3,1]{0  <1.0>}
x[3,2]{4  <1.0>}
x[3,3]{5  <0.7495099829682069>, 3  <0.250490017031793>}
x[3,4]{7  <1.0>}
x[3,5]{2  <1.0>}
x[3,6]{6  <1.0>}
x[3,7]{5  <4.845340074700041E-4>, 1  <0.9440919262118872>, 3  <0.05542353978064272>}
x[4,0]{6  <0.9876440701370022>, 5  <0.0019192529474602513>, 2  <0.006396724168604984>, 3  <0.00403995274693239>}
x[4,1]{1  <1.0>}
x[4,2]{6  <0.003834490529406335>, 3  <0.07743812761282874>, 2  <0.9187273818577649>}
x[4,3]{5  <0.2238714953787215>, 3  <0.6972712944050103>, 2  <0.07885721021626825>}
x[4,4]{0  <1.0>}
x[4,5]{6  <2.2619678256257674E-6>, 3  <0.22323591272359355>, 5  <0.7767618253085808>}
x[4,6]{7  <1.0>}
x[4,7]{4  <1.0>}
x[5,0]{3  <0.1641628970361684>, 5  <0.8358371029638315>}
x[5,1]{2  <1.0>}
x[5,2]{7  <1.0>}
x[5,3]{4  <1.0>}
x[5,4]{1  <1.0>}
x[5,5]{3  <0.8957731545419713>, 5  <0.10422684545802871>}
x[5,6]{0  <1.0>}
x[5,7]{6  <1.0>}
x[6,0]{7  <4.2815462601217406E-5>, 1  <0.936697769690309>, 2  <0.04007293736431337>, 6  <0.023186477482776524>}
x[6,1]{4  <1.0>}
x[6,2]{6  <0.9722153556558448>, 1  <0.0015576679623600664>, 2  <0.02622697638179512>}
x[6,3]{0  <0.43240719406900135>, 7  <0.5675928059309987>}
x[6,4]{5  <1.0>}
x[6,5]{0  <0.3870124769846507>, 6  <9.753430973116867E-4>, 7  <0.6120121799180377>}
x[6,6]{3  <1.0>}
x[6,7]{0  <1.1751560033722896E-4>, 1  <0.028718737060589916>, 2  <0.9710042120123634>, 7  <1.5953532670940075E-4>}
x[7,0]{0  <1.0>}
x[7,1]{7  <1.0>}
x[7,2]{5  <1.0>}
x[7,3]{3  <0.16212777109885163>, 2  <0.8378722289011483>}
x[7,4]{6  <1.0>}
x[7,5]{1  <1.0>}
x[7,6]{4  <1.0>}
x[7,7]{2  <0.060239570815903504>, 3  <0.9397604291840964>}
problem entropy = 0.3982432326661912
smallest variable entropy = 0.0010641459365973347
##### after BP iteration 2 #####
x[0,0]{4  <1.0>}
x[0,1]{5  <1.0>}
x[0,2]{6  <2.948209492352061E-4>, 1  <0.9997051790507648>}
x[0,3]{0  <0.6360962844930489>, 7  <0.363903715506951>}
x[0,4]{3  <1.0>}
x[0,5]{0  <2.3456774030008464E-4>, 7  <2.2906339138110946E-4>, 6  <0.9995363688683188>}
x[0,6]{2  <1.0>}
x[0,7]{0  <0.5134729690983345>, 1  <6.779324942306736E-5>, 7  <0.48645923765224247>}
x[1,0]{5  <5.777993574946156E-5>, 7  <0.9999422200642505>}
x[1,1]{3  <1.0>}
x[1,2]{0  <1.0>}
x[1,3]{6  <1.0>}
x[1,4]{2  <1.0>}
x[1,5]{4  <1.0>}
x[1,6]{1  <1.0>}
x[1,7]{5  <0.999978732753138>, 7  <2.1267246861961684E-5>}
x[2,0]{3  <0.05682900492301528>, 7  <9.017974713863821E-5>, 2  <0.9430808153298461>}
x[2,1]{6  <1.0>}
x[2,2]{2  <0.011405106742686223>, 3  <0.9885948932573139>}
x[2,3]{1  <1.0>}
x[2,4]{4  <1.0>}
x[2,5]{0  <0.5374610664481302>, 7  <0.4625381577111475>, 3  <7.758407223752159E-7>}
x[2,6]{5  <1.0>}
x[2,7]{0  <0.5128336373813057>, 7  <0.487139925958758>, 2  <2.3385849467888863E-5>, 3  <3.050810468423534E-6>}
x[3,0]{5  <0.1691381751962733>, 1  <0.07304955323655621>, 3  <0.7578122715671703>}
x[3,1]{0  <1.0>}
x[3,2]{4  <1.0>}
x[3,3]{5  <0.8117014004782706>, 3  <0.18829859952172942>}
x[3,4]{7  <1.0>}
x[3,5]{2  <1.0>}
x[3,6]{6  <1.0>}
x[3,7]{5  <2.587646219025352E-5>, 1  <0.9913896677306516>, 3  <0.008584455807158246>}
x[4,0]{6  <0.9928623153047562>, 5  <4.5949042819516667E-4>, 2  <0.005423535623971598>, 3  <0.0012546586430770984>}
x[4,1]{1  <1.0>}
x[4,2]{6  <0.0032004483742276283>, 3  <0.008032464249314251>, 2  <0.9887670873764581>}
x[4,3]{5  <0.23443309293111564>, 3  <0.6425842943316642>, 2  <0.12298261273722007>}
x[4,4]{0  <1.0>}
x[4,5]{6  <2.2595939287383696E-6>, 3  <0.14950672764092324>, 5  <0.8504910127651479>}
x[4,6]{7  <1.0>}
x[4,7]{4  <1.0>}
x[5,0]{3  <0.1192575148131269>, 5  <0.8807424851868731>}
x[5,1]{2  <1.0>}
x[5,2]{7  <1.0>}
x[5,3]{4  <1.0>}
x[5,4]{1  <1.0>}
x[5,5]{3  <0.8119017088260208>, 5  <0.18809829117397922>}
x[5,6]{0  <1.0>}
x[5,7]{6  <1.0>}
x[6,0]{7  <1.7084562350629479E-6>, 1  <0.9717264494947497>, 2  <0.02448355600751393>, 6  <0.0037882860415014512>}
x[6,1]{4  <1.0>}
x[6,2]{6  <0.9993275650792847>, 1  <2.5005740520233293E-4>, 2  <4.2237751551298667E-4>}
x[6,3]{0  <0.6189901053512198>, 7  <0.38100989464878016>}
x[6,4]{5  <1.0>}
x[6,5]{0  <0.5023283231043627>, 6  <3.5558563295898796E-4>, 7  <0.49731609126267834>}
x[6,6]{3  <1.0>}
x[6,7]{0  <2.2856788826647797E-5>, 1  <0.009153011001896014>, 2  <0.9908033223388779>, 7  <2.0809870399429706E-5>}
x[7,0]{0  <1.0>}
x[7,1]{7  <1.0>}
x[7,2]{5  <1.0>}
x[7,3]{3  <0.056936384869483825>, 2  <0.9430636151305163>}
x[7,4]{6  <1.0>}
x[7,5]{1  <1.0>}
x[7,6]{4  <1.0>}
x[7,7]{2  <0.013861040191546723>, 3  <0.9861389598084532>}
problem entropy = 0.34811428726495797
smallest variable entropy = 2.500673438216947E-4
### branching on x[1,0]=7; marginal=0.9999422200642505; regret=0.999884440128501; nb of ties=5
##### after BP iteration 1 #####
x[0,0]{4  <1.0>}
x[0,1]{5  <1.0>}
x[0,2]{6  <7.108172509521217E-6>, 1  <0.9999928918274905>}
x[0,3]{0  <0.41779873460498995>, 7  <0.5822012653950099>}
x[0,4]{3  <1.0>}
x[0,5]{0  <9.605060380443966E-7>, 7  <1.2398207407667235E-6>, 6  <0.9999977996732211>}
x[0,6]{2  <1.0>}
x[0,7]{0  <0.4599099064408694>, 1  <1.8805147589470303E-6>, 7  <0.5400882130443716>}
x[1,0]{7  <1.0>}
x[1,1]{3  <1.0>}
x[1,2]{0  <1.0>}
x[1,3]{6  <1.0>}
x[1,4]{2  <1.0>}
x[1,5]{4  <1.0>}
x[1,6]{1  <1.0>}
x[1,7]{5  <1.0>}
x[2,0]{3  <0.005302523545906048>, 2  <0.9946974764540939>}
x[2,1]{6  <1.0>}
x[2,2]{2  <0.017015458836852116>, 3  <0.9829845411631478>}
x[2,3]{1  <1.0>}
x[2,4]{4  <1.0>}
x[2,5]{0  <0.45940565535238626>, 7  <0.5405943446476137>}
x[2,6]{5  <1.0>}
x[2,7]{0  <0.454996430744254>, 7  <0.5450035692557461>}
x[3,0]{5  <0.1322830075372477>, 1  <0.00353272465417851>, 3  <0.8641842678085737>}
x[3,1]{0  <1.0>}
x[3,2]{4  <1.0>}
x[3,3]{5  <0.8161126413723117>, 3  <0.1838873586276884>}
x[3,4]{7  <1.0>}
x[3,5]{2  <1.0>}
x[3,6]{6  <1.0>}
x[3,7]{3  <0.010399189055690823>, 1  <0.9896008109443092>}
x[4,0]{6  <0.9991812205443018>, 5  <6.931885133298451E-5>, 2  <3.522886738840792E-4>, 3  <3.9717193048105314E-4>}
x[4,1]{1  <1.0>}
x[4,2]{6  <0.0010478935513892177>, 3  <0.020900222207192842>, 2  <0.978051884241418>}
x[4,3]{5  <0.14875771686508693>, 3  <0.8436161075504055>, 2  <0.007626175584507493>}
x[4,4]{0  <1.0>}
x[4,5]{5  <0.7776271262831372>, 3  <0.22237287371686285>}
x[4,6]{7  <1.0>}
x[4,7]{4  <1.0>}
x[5,0]{3  <0.20615043194642566>, 5  <0.7938495680535743>}
x[5,1]{2  <1.0>}
x[5,2]{7  <1.0>}
x[5,3]{4  <1.0>}
x[5,4]{1  <1.0>}
x[5,5]{3  <0.8301703601328235>, 5  <0.16982963986717653>}
x[5,6]{0  <1.0>}
x[5,7]{6  <1.0>}
x[6,0]{6  <7.842912856515778E-5>, 1  <0.9934789757100839>, 2  <0.006442595161350847>}
x[6,1]{4  <1.0>}
x[6,2]{6  <0.9996465021122912>, 1  <1.196096926165008E-4>, 2  <2.3388819509238384E-4>}
x[6,3]{0  <0.42642467847337095>, 7  <0.573575321526629>}
x[6,4]{5  <1.0>}
x[6,5]{0  <0.4558352788892251>, 6  <2.599529549069119E-6>, 7  <0.5441621215812259>}
x[6,6]{3  <1.0>}
x[6,7]{0  <1.263550257932795E-6>, 1  <0.006104650672071932>, 2  <0.9938927134872501>, 7  <1.3722904201475887E-6>}
x[7,0]{0  <1.0>}
x[7,1]{7  <1.0>}
x[7,2]{5  <1.0>}
x[7,3]{3  <0.010410708359886119>, 2  <0.9895892916401139>}
x[7,4]{6  <1.0>}
x[7,5]{1  <1.0>}
x[7,6]{4  <1.0>}
x[7,7]{2  <0.0043980468890364634>, 3  <0.9956019531109634>}
problem entropy = 0.3918397286663662
smallest variable entropy = 3.237114549888532E-5
### branching on x[7,7]=3; marginal=0.9956019531109634; regret=0.991203906221927; nb of ties=5
##### after BP iteration 1 #####
x[0,0]{4  <1.0>}
x[0,1]{5  <1.0>}
x[0,2]{1  <1.0>}
x[0,3]{0  <0.47469532714354873>, 7  <0.5253046728564513>}
x[0,4]{3  <1.0>}
x[0,5]{6  <1.0>}
x[0,6]{2  <1.0>}
x[0,7]{0  <0.6126049977540007>, 7  <0.38739500224599915>}
x[1,0]{7  <1.0>}
x[1,1]{3  <1.0>}
x[1,2]{0  <1.0>}
x[1,3]{6  <1.0>}
x[1,4]{2  <1.0>}
x[1,5]{4  <1.0>}
x[1,6]{1  <1.0>}
x[1,7]{5  <1.0>}
x[2,0]{2  <1.0>}
x[2,1]{6  <1.0>}
x[2,2]{3  <1.0>}
x[2,3]{1  <1.0>}
x[2,4]{4  <1.0>}
x[2,5]{0  <0.5516874952032103>, 7  <0.44831250479678975>}
x[2,6]{5  <1.0>}
x[2,7]{0  <0.5675930019462678>, 7  <0.4324069980537321>}
x[3,0]{5  <0.21455187468634468>, 3  <0.7854481253136554>}
x[3,1]{0  <1.0>}
x[3,2]{4  <1.0>}
x[3,3]{5  <0.8957731545419714>, 3  <0.10422684545802871>}
x[3,4]{7  <1.0>}
x[3,5]{2  <1.0>}
x[3,6]{6  <1.0>}
x[3,7]{1  <1.0>}
x[4,0]{6  <1.0>}
x[4,1]{1  <1.0>}
x[4,2]{2  <1.0>}
x[4,3]{5  <0.16044230870627924>, 3  <0.8395576912937207>}
x[4,4]{0  <1.0>}
x[4,5]{5  <0.8297337228679433>, 3  <0.1702662771320567>}
x[4,6]{7  <1.0>}
x[4,7]{4  <1.0>}
x[5,0]{3  <0.1878261874289373>, 5  <0.8121738125710628>}
x[5,1]{2  <1.0>}
x[5,2]{7  <1.0>}
x[5,3]{4  <1.0>}
x[5,4]{1  <1.0>}
x[5,5]{3  <0.7572690076806199>, 5  <0.24273099231938>}
x[5,6]{0  <1.0>}
x[5,7]{6  <1.0>}
x[6,0]{1  <1.0>}
x[6,1]{4  <1.0>}
x[6,2]{6  <1.0>}
x[6,3]{0  <0.5059167608042668>, 7  <0.4940832391957331>}
x[6,4]{5  <1.0>}
x[6,5]{0  <0.6104392252731091>, 7  <0.3895607747268908>}
x[6,6]{3  <1.0>}
x[6,7]{2  <1.0>}
x[7,0]{0  <1.0>}
x[7,1]{7  <1.0>}
x[7,2]{5  <1.0>}
x[7,3]{2  <1.0>}
x[7,4]{6  <1.0>}
x[7,5]{1  <1.0>}
x[7,6]{4  <1.0>}
x[7,7]{3  <1.0>}
problem entropy = 0.827266627227316
smallest variable entropy = 0.3342722624347487
##### after BP iteration 2 #####
x[0,0]{4  <1.0>}
x[0,1]{5  <1.0>}
x[0,2]{1  <1.0>}
x[0,3]{0  <0.4625385165673641>, 7  <0.5374614834326359>}
x[0,4]{3  <1.0>}
x[0,5]{6  <1.0>}
x[0,6]{2  <1.0>}
x[0,7]{0  <0.49749246217836834>, 7  <0.5025075378216316>}
x[1,0]{7  <1.0>}
x[1,1]{3  <1.0>}
x[1,2]{0  <1.0>}
x[1,3]{6  <1.0>}
x[1,4]{2  <1.0>}
x[1,5]{4  <1.0>}
x[1,6]{1  <1.0>}
x[1,7]{5  <1.0>}
x[2,0]{2  <1.0>}
x[2,1]{6  <1.0>}
x[2,2]{3  <1.0>}
x[2,3]{1  <1.0>}
x[2,4]{4  <1.0>}
x[2,5]{0  <0.36390371550695094>, 7  <0.636096284493049>}
x[2,6]{5  <1.0>}
x[2,7]{0  <0.38100989464878027>, 7  <0.6189901053512197>}
x[3,0]{5  <0.14950706546618062>, 3  <0.8504929345338195>}
x[3,1]{0  <1.0>}
x[3,2]{4  <1.0>}
x[3,3]{5  <0.8119017088260208>, 3  <0.18809829117397925>}
x[3,4]{7  <1.0>}
x[3,5]{2  <1.0>}
x[3,6]{6  <1.0>}
x[3,7]{1  <1.0>}
x[4,0]{6  <1.0>}
x[4,1]{1  <1.0>}
x[4,2]{2  <1.0>}
x[4,3]{5  <0.11925751481312692>, 3  <0.880742485186873>}
x[4,4]{0  <1.0>}
x[4,5]{5  <0.8235830198258859>, 3  <0.17641698017411414>}
x[4,6]{7  <1.0>}
x[4,7]{4  <1.0>}
x[5,0]{3  <0.25214971500192196>, 5  <0.7478502849980782>}
x[5,1]{2  <1.0>}
x[5,2]{7  <1.0>}
x[5,3]{4  <1.0>}
x[5,4]{1  <1.0>}
x[5,5]{3  <0.8117014004782706>, 5  <0.18829859952172948>}
x[5,6]{0  <1.0>}
x[5,7]{6  <1.0>}
x[6,0]{1  <1.0>}
x[6,1]{4  <1.0>}
x[6,2]{6  <1.0>}
x[6,3]{0  <0.4871528046517915>, 7  <0.5128471953482086>}
x[6,4]{5  <1.0>}
x[6,5]{0  <0.48649237470058976>, 7  <0.5135076252994103>}
x[6,6]{3  <1.0>}
x[6,7]{2  <1.0>}
x[7,0]{0  <1.0>}
x[7,1]{7  <1.0>}
x[7,2]{5  <1.0>}
x[7,3]{2  <1.0>}
x[7,4]{6  <1.0>}
x[7,5]{1  <1.0>}
x[7,6]{4  <1.0>}
x[7,7]{3  <1.0>}
problem entropy = 0.8264667046058234
smallest variable entropy = 0.36544302647798077
##### after BP iteration 3 #####
x[0,0]{4  <1.0>}
x[0,1]{5  <1.0>}
x[0,2]{1  <1.0>}
x[0,3]{0  <0.5405943446476139>, 7  <0.45940565535238614>}
x[0,4]{3  <1.0>}
x[0,5]{6  <1.0>}
x[0,6]{2  <1.0>}
x[0,7]{0  <0.5441635361504178>, 7  <0.4558364638495823>}
x[1,0]{7  <1.0>}
x[1,1]{3  <1.0>}
x[1,2]{0  <1.0>}
x[1,3]{6  <1.0>}
x[1,4]{2  <1.0>}
x[1,5]{4  <1.0>}
x[1,6]{1  <1.0>}
x[1,7]{5  <1.0>}
x[2,0]{2  <1.0>}
x[2,1]{6  <1.0>}
x[2,2]{3  <1.0>}
x[2,3]{1  <1.0>}
x[2,4]{4  <1.0>}
x[2,5]{0  <0.5822012653950097>, 7  <0.4177987346049902>}
x[2,6]{5  <1.0>}
x[2,7]{0  <0.5735753215266289>, 7  <0.42642467847337107>}
x[3,0]{5  <0.22237287371686287>, 3  <0.7776271262831371>}
x[3,1]{0  <1.0>}
x[3,2]{4  <1.0>}
x[3,3]{5  <0.8301703601328235>, 3  <0.16982963986717647>}
x[3,4]{7  <1.0>}
x[3,5]{2  <1.0>}
x[3,6]{6  <1.0>}
x[3,7]{1  <1.0>}
x[4,0]{6  <1.0>}
x[4,1]{1  <1.0>}
x[4,2]{2  <1.0>}
x[4,3]{5  <0.20615043194642563>, 3  <0.7938495680535743>}
x[4,4]{0  <1.0>}
x[4,5]{5  <0.8672480162568919>, 3  <0.13275198374310815>}
x[4,6]{7  <1.0>}
x[4,7]{4  <1.0>}
x[5,0]{3  <0.1499008873523091>, 5  <0.850099112647691>}
x[5,1]{2  <1.0>}
x[5,2]{7  <1.0>}
x[5,3]{4  <1.0>}
x[5,4]{1  <1.0>}
x[5,5]{3  <0.8161126413723115>, 5  <0.18388735862768846>}
x[5,6]{0  <1.0>}
x[5,7]{6  <1.0>}
x[6,0]{1  <1.0>}
x[6,1]{4  <1.0>}
x[6,2]{6  <1.0>}
x[6,3]{0  <0.5450035692557461>, 7  <0.4549964307442539>}
x[6,4]{5  <1.0>}
x[6,5]{0  <0.5400892286901372>, 7  <0.45991077130986274>}
x[6,6]{3  <1.0>}
x[6,7]{2  <1.0>}
x[7,0]{0  <1.0>}
x[7,1]{7  <1.0>}
x[7,2]{5  <1.0>}
x[7,3]{2  <1.0>}
x[7,4]{6  <1.0>}
x[7,5]{1  <1.0>}
x[7,6]{4  <1.0>}
x[7,7]{3  <1.0>}
problem entropy = 0.8302281394932662
smallest variable entropy = 0.3915848316379016
##### after BP iteration 4 #####
x[0,0]{4  <1.0>}
x[0,1]{5  <1.0>}
x[0,2]{1  <1.0>}
x[0,3]{0  <0.4483125047967897>, 7  <0.5516874952032104>}
x[0,4]{3  <1.0>}
x[0,5]{6  <1.0>}
x[0,6]{2  <1.0>}
x[0,7]{0  <0.3895607747268909>, 7  <0.6104392252731092>}
x[1,0]{7  <1.0>}
x[1,1]{3  <1.0>}
x[1,2]{0  <1.0>}
x[1,3]{6  <1.0>}
x[1,4]{2  <1.0>}
x[1,5]{4  <1.0>}
x[1,6]{1  <1.0>}
x[1,7]{5  <1.0>}
x[2,0]{2  <1.0>}
x[2,1]{6  <1.0>}
x[2,2]{3  <1.0>}
x[2,3]{1  <1.0>}
x[2,4]{4  <1.0>}
x[2,5]{0  <0.5253046728564515>, 7  <0.4746953271435486>}
x[2,6]{5  <1.0>}
x[2,7]{0  <0.49408323919573316>, 7  <0.505916760804267>}
x[3,0]{5  <0.17026627713205664>, 3  <0.8297337228679433>}
x[3,1]{0  <1.0>}
x[3,2]{4  <1.0>}
x[3,3]{5  <0.7572690076806199>, 3  <0.24273099231938003>}
x[3,4]{7  <1.0>}
x[3,5]{2  <1.0>}
x[3,6]{6  <1.0>}
x[3,7]{1  <1.0>}
x[4,0]{6  <1.0>}
x[4,1]{1  <1.0>}
x[4,2]{2  <1.0>}
x[4,3]{5  <0.18782618742893725>, 3  <0.8121738125710628>}
x[4,4]{0  <1.0>}
x[4,5]{5  <0.7854481253136553>, 3  <0.21455187468634468>}
x[4,6]{7  <1.0>}
x[4,7]{4  <1.0>}
x[5,0]{3  <0.16044230870627918>, 5  <0.8395576912937207>}
x[5,1]{2  <1.0>}
x[5,2]{7  <1.0>}
x[5,3]{4  <1.0>}
x[5,4]{1  <1.0>}
x[5,5]{3  <0.8957731545419713>, 5  <0.10422684545802871>}
x[5,6]{0  <1.0>}
x[5,7]{6  <1.0>}
x[6,0]{1  <1.0>}
x[6,1]{4  <1.0>}
x[6,2]{6  <1.0>}
x[6,3]{0  <0.43240699805373217>, 7  <0.5675930019462677>}
x[6,4]{5  <1.0>}
x[6,5]{0  <0.3873950022459993>, 7  <0.6126049977540006>}
x[6,6]{3  <1.0>}
x[6,7]{2  <1.0>}
x[7,0]{0  <1.0>}
x[7,1]{7  <1.0>}
x[7,2]{5  <1.0>}
x[7,3]{2  <1.0>}
x[7,4]{6  <1.0>}
x[7,5]{1  <1.0>}
x[7,6]{4  <1.0>}
x[7,7]{3  <1.0>}
problem entropy = 0.827266627227316
smallest variable entropy = 0.33427226243474883
##### after BP iteration 5 #####
x[0,0]{4  <1.0>}
x[0,1]{5  <1.0>}
x[0,2]{1  <1.0>}
x[0,3]{0  <0.636096284493049>, 7  <0.36390371550695116>}
x[0,4]{3  <1.0>}
x[0,5]{6  <1.0>}
x[0,6]{2  <1.0>}
x[0,7]{0  <0.5135076252994103>, 7  <0.48649237470058965>}
x[1,0]{7  <1.0>}
x[1,1]{3  <1.0>}
x[1,2]{0  <1.0>}
x[1,3]{6  <1.0>}
x[1,4]{2  <1.0>}
x[1,5]{4  <1.0>}
x[1,6]{1  <1.0>}
x[1,7]{5  <1.0>}
x[2,0]{2  <1.0>}
x[2,1]{6  <1.0>}
x[2,2]{3  <1.0>}
x[2,3]{1  <1.0>}
x[2,4]{4  <1.0>}
x[2,5]{0  <0.5374614834326359>, 7  <0.46253851656736406>}
x[2,6]{5  <1.0>}
x[2,7]{0  <0.5128471953482086>, 7  <0.4871528046517915>}
x[3,0]{5  <0.17641698017411414>, 3  <0.8235830198258859>}
x[3,1]{0  <1.0>}
x[3,2]{4  <1.0>}
x[3,3]{5  <0.8117014004782707>, 3  <0.18829859952172942>}
x[3,4]{7  <1.0>}
x[3,5]{2  <1.0>}
x[3,6]{6  <1.0>}
x[3,7]{1  <1.0>}
x[4,0]{6  <1.0>}
x[4,1]{1  <1.0>}
x[4,2]{2  <1.0>}
x[4,3]{5  <0.2521497150019219>, 3  <0.747850284998078>}
x[4,4]{0  <1.0>}
x[4,5]{5  <0.8504929345338195>, 3  <0.14950706546618062>}
x[4,6]{7  <1.0>}
x[4,7]{4  <1.0>}
x[5,0]{3  <0.1192575148131269>, 5  <0.8807424851868731>}
x[5,1]{2  <1.0>}
x[5,2]{7  <1.0>}
x[5,3]{4  <1.0>}
x[5,4]{1  <1.0>}
x[5,5]{3  <0.8119017088260209>, 5  <0.18809829117397925>}
x[5,6]{0  <1.0>}
x[5,7]{6  <1.0>}
x[6,0]{1  <1.0>}
x[6,1]{4  <1.0>}
x[6,2]{6  <1.0>}
x[6,3]{0  <0.6189901053512197>, 7  <0.3810098946487803>}
x[6,4]{5  <1.0>}
x[6,5]{0  <0.5025075378216316>, 7  <0.49749246217836834>}
x[6,6]{3  <1.0>}
x[6,7]{2  <1.0>}
x[7,0]{0  <1.0>}
x[7,1]{7  <1.0>}
x[7,2]{5  <1.0>}
x[7,3]{2  <1.0>}
x[7,4]{6  <1.0>}
x[7,5]{1  <1.0>}
x[7,6]{4  <1.0>}
x[7,7]{3  <1.0>}
problem entropy = 0.8264667046058234
smallest variable entropy = 0.3654430264779806
##### after BP iteration 6 #####
x[0,0]{4  <1.0>}
x[0,1]{5  <1.0>}
x[0,2]{1  <1.0>}
x[0,3]{0  <0.4177987346049904>, 7  <0.5822012653950096>}
x[0,4]{3  <1.0>}
x[0,5]{6  <1.0>}
x[0,6]{2  <1.0>}
x[0,7]{0  <0.45991077130986285>, 7  <0.5400892286901372>}
x[1,0]{7  <1.0>}
x[1,1]{3  <1.0>}
x[1,2]{0  <1.0>}
x[1,3]{6  <1.0>}
x[1,4]{2  <1.0>}
x[1,5]{4  <1.0>}
x[1,6]{1  <1.0>}
x[1,7]{5  <1.0>}
x[2,0]{2  <1.0>}
x[2,1]{6  <1.0>}
x[2,2]{3  <1.0>}
x[2,3]{1  <1.0>}
x[2,4]{4  <1.0>}
x[2,5]{0  <0.459405655352386>, 7  <0.540594344647614>}
x[2,6]{5  <1.0>}
x[2,7]{0  <0.4549964307442538>, 7  <0.5450035692557461>}
x[3,0]{5  <0.1327519837431081>, 3  <0.8672480162568919>}
x[3,1]{0  <1.0>}
x[3,2]{4  <1.0>}
x[3,3]{5  <0.8161126413723115>, 3  <0.18388735862768837>}
x[3,4]{7  <1.0>}
x[3,5]{2  <1.0>}
x[3,6]{6  <1.0>}
x[3,7]{1  <1.0>}
x[4,0]{6  <1.0>}
x[4,1]{1  <1.0>}
x[4,2]{2  <1.0>}
x[4,3]{5  <0.14990088735230908>, 3  <0.8500991126476909>}
x[4,4]{0  <1.0>}
x[4,5]{5  <0.7776271262831372>, 3  <0.2223728737168629>}
x[4,6]{7  <1.0>}
x[4,7]{4  <1.0>}
x[5,0]{3  <0.20615043194642574>, 5  <0.7938495680535743>}
x[5,1]{2  <1.0>}
x[5,2]{7  <1.0>}
x[5,3]{4  <1.0>}
x[5,4]{1  <1.0>}
x[5,5]{3  <0.8301703601328235>, 5  <0.1698296398671765>}
x[5,6]{0  <1.0>}
x[5,7]{6  <1.0>}
x[6,0]{1  <1.0>}
x[6,1]{4  <1.0>}
x[6,2]{6  <1.0>}
x[6,3]{0  <0.4264246784733711>, 7  <0.5735753215266289>}
x[6,4]{5  <1.0>}
x[6,5]{0  <0.4558364638495822>, 7  <0.5441635361504178>}
x[6,6]{3  <1.0>}
x[6,7]{2  <1.0>}
x[7,0]{0  <1.0>}
x[7,1]{7  <1.0>}
x[7,2]{5  <1.0>}
x[7,3]{2  <1.0>}
x[7,4]{6  <1.0>}
x[7,5]{1  <1.0>}
x[7,6]{4  <1.0>}
x[7,7]{3  <1.0>}
problem entropy = 0.8302281394932662
smallest variable entropy = 0.39158483163790153
##### after BP iteration 7 #####
x[0,0]{4  <1.0>}
x[0,1]{5  <1.0>}
x[0,2]{1  <1.0>}
x[0,3]{0  <0.47469532714354856>, 7  <0.5253046728564514>}
x[0,4]{3  <1.0>}
x[0,5]{6  <1.0>}
x[0,6]{2  <1.0>}
x[0,7]{0  <0.6126049977540006>, 7  <0.3873950022459994>}
x[1,0]{7  <1.0>}
x[1,1]{3  <1.0>}
x[1,2]{0  <1.0>}
x[1,3]{6  <1.0>}
x[1,4]{2  <1.0>}
x[1,5]{4  <1.0>}
x[1,6]{1  <1.0>}
x[1,7]{5  <1.0>}
x[2,0]{2  <1.0>}
x[2,1]{6  <1.0>}
x[2,2]{3  <1.0>}
x[2,3]{1  <1.0>}
x[2,4]{4  <1.0>}
x[2,5]{0  <0.5516874952032105>, 7  <0.4483125047967895>}
x[2,6]{5  <1.0>}
x[2,7]{0  <0.5675930019462678>, 7  <0.43240699805373217>}
x[3,0]{5  <0.21455187468634473>, 3  <0.7854481253136552>}
x[3,1]{0  <1.0>}
x[3,2]{4  <1.0>}
x[3,3]{5  <0.8957731545419714>, 3  <0.10422684545802874>}
x[3,4]{7  <1.0>}
x[3,5]{2  <1.0>}
x[3,6]{6  <1.0>}
x[3,7]{1  <1.0>}
x[4,0]{6  <1.0>}
x[4,1]{1  <1.0>}
x[4,2]{2  <1.0>}
x[4,3]{5  <0.16044230870627926>, 3  <0.8395576912937208>}
x[4,4]{0  <1.0>}
x[4,5]{5  <0.8297337228679433>, 3  <0.17026627713205666>}
x[4,6]{7  <1.0>}
x[4,7]{4  <1.0>}
x[5,0]{3  <0.18782618742893725>, 5  <0.8121738125710628>}
x[5,1]{2  <1.0>}
x[5,2]{7  <1.0>}
x[5,3]{4  <1.0>}
x[5,4]{1  <1.0>}
x[5,5]{3  <0.7572690076806199>, 5  <0.24273099231938014>}
x[5,6]{0  <1.0>}
x[5,7]{6  <1.0>}
x[6,0]{1  <1.0>}
x[6,1]{4  <1.0>}
x[6,2]{6  <1.0>}
x[6,3]{0  <0.5059167608042668>, 7  <0.49408323919573316>}
x[6,4]{5  <1.0>}
x[6,5]{0  <0.6104392252731092>, 7  <0.38956077472689077>}
x[6,6]{3  <1.0>}
x[6,7]{2  <1.0>}
x[7,0]{0  <1.0>}
x[7,1]{7  <1.0>}
x[7,2]{5  <1.0>}
x[7,3]{2  <1.0>}
x[7,4]{6  <1.0>}
x[7,5]{1  <1.0>}
x[7,6]{4  <1.0>}
x[7,7]{3  <1.0>}
problem entropy = 0.827266627227316
smallest variable entropy = 0.3342722624347487
##### after BP iteration 8 #####
x[0,0]{4  <1.0>}
x[0,1]{5  <1.0>}
x[0,2]{1  <1.0>}
x[0,3]{0  <0.46253851656736406>, 7  <0.537461483432636>}
x[0,4]{3  <1.0>}
x[0,5]{6  <1.0>}
x[0,6]{2  <1.0>}
x[0,7]{0  <0.4974924621783683>, 7  <0.5025075378216317>}
x[1,0]{7  <1.0>}
x[1,1]{3  <1.0>}
x[1,2]{0  <1.0>}
x[1,3]{6  <1.0>}
x[1,4]{2  <1.0>}
x[1,5]{4  <1.0>}
x[1,6]{1  <1.0>}
x[1,7]{5  <1.0>}
x[2,0]{2  <1.0>}
x[2,1]{6  <1.0>}
x[2,2]{3  <1.0>}
x[2,3]{1  <1.0>}
x[2,4]{4  <1.0>}
x[2,5]{0  <0.36390371550695116>, 7  <0.6360962844930488>}
x[2,6]{5  <1.0>}
x[2,7]{0  <0.3810098946487803>, 7  <0.6189901053512197>}
x[3,0]{5  <0.14950706546618062>, 3  <0.8504929345338195>}
x[3,1]{0  <1.0>}
x[3,2]{4  <1.0>}
x[3,3]{5  <0.8119017088260206>, 3  <0.18809829117397933>}
x[3,4]{7  <1.0>}
x[3,5]{2  <1.0>}
x[3,6]{6  <1.0>}
x[3,7]{1  <1.0>}
x[4,0]{6  <1.0>}
x[4,1]{1  <1.0>}
x[4,2]{2  <1.0>}
x[4,3]{5  <0.11925751481312691>, 3  <0.880742485186873>}
x[4,4]{0  <1.0>}
x[4,5]{5  <0.8235830198258859>, 3  <0.17641698017411414>}
x[4,6]{7  <1.0>}
x[4,7]{4  <1.0>}
x[5,0]{3  <0.25214971500192196>, 5  <0.7478502849980779>}
x[5,1]{2  <1.0>}
x[5,2]{7  <1.0>}
x[5,3]{4  <1.0>}
x[5,4]{1  <1.0>}
x[5,5]{3  <0.8117014004782706>, 5  <0.18829859952172937>}
x[5,6]{0  <1.0>}
x[5,7]{6  <1.0>}
x[6,0]{1  <1.0>}
x[6,1]{4  <1.0>}
x[6,2]{6  <1.0>}
x[6,3]{0  <0.4871528046517914>, 7  <0.5128471953482086>}
x[6,4]{5  <1.0>}
x[6,5]{0  <0.48649237470058965>, 7  <0.5135076252994102>}
x[6,6]{3  <1.0>}
x[6,7]{2  <1.0>}
x[7,0]{0  <1.0>}
x[7,1]{7  <1.0>}
x[7,2]{5  <1.0>}
x[7,3]{2  <1.0>}
x[7,4]{6  <1.0>}
x[7,5]{1  <1.0>}
x[7,6]{4  <1.0>}
x[7,7]{3  <1.0>}
problem entropy = 0.8264667046058237
smallest variable entropy = 0.36544302647798077
##### after BP iteration 9 #####
x[0,0]{4  <1.0>}
x[0,1]{5  <1.0>}
x[0,2]{1  <1.0>}
x[0,3]{0  <0.5405943446476141>, 7  <0.459405655352386>}
x[0,4]{3  <1.0>}
x[0,5]{6  <1.0>}
x[0,6]{2  <1.0>}
x[0,7]{0  <0.5441635361504179>, 7  <0.45583646384958204>}
x[1,0]{7  <1.0>}
x[1,1]{3  <1.0>}
x[1,2]{0  <1.0>}
x[1,3]{6  <1.0>}
x[1,4]{2  <1.0>}
x[1,5]{4  <1.0>}
x[1,6]{1  <1.0>}
x[1,7]{5  <1.0>}
x[2,0]{2  <1.0>}
x[2,1]{6  <1.0>}
x[2,2]{3  <1.0>}
x[2,3]{1  <1.0>}
x[2,4]{4  <1.0>}
x[2,5]{0  <0.5822012653950095>, 7  <0.41779873460499034>}
x[2,6]{5  <1.0>}
x[2,7]{0  <0.5735753215266288>, 7  <0.4264246784733712>}
x[3,0]{5  <0.22237287371686298>, 3  <0.777627126283137>}
x[3,1]{0  <1.0>}
x[3,2]{4  <1.0>}
x[3,3]{5  <0.8301703601328235>, 3  <0.16982963986717647>}
x[3,4]{7  <1.0>}
x[3,5]{2  <1.0>}
x[3,6]{6  <1.0>}
x[3,7]{1  <1.0>}
x[4,0]{6  <1.0>}
x[4,1]{1  <1.0>}
x[4,2]{2  <1.0>}
x[4,3]{5  <0.2061504319464258>, 3  <0.7938495680535742>}
x[4,4]{0  <1.0>}
x[4,5]{5  <0.8672480162568919>, 3  <0.13275198374310812>}
x[4,6]{7  <1.0>}
x[4,7]{4  <1.0>}
x[5,0]{3  <0.1499008873523091>, 5  <0.850099112647691>}
x[5,1]{2  <1.0>}
x[5,2]{7  <1.0>}
x[5,3]{4  <1.0>}
x[5,4]{1  <1.0>}
x[5,5]{3  <0.8161126413723115>, 5  <0.18388735862768843>}
x[5,6]{0  <1.0>}
x[5,7]{6  <1.0>}
x[6,0]{1  <1.0>}
x[6,1]{4  <1.0>}
x[6,2]{6  <1.0>}
x[6,3]{0  <0.5450035692557462>, 7  <0.4549964307442538>}
x[6,4]{5  <1.0>}
x[6,5]{0  <0.5400892286901371>, 7  <0.45991077130986296>}
x[6,6]{3  <1.0>}
x[6,7]{2  <1.0>}
x[7,0]{0  <1.0>}
x[7,1]{7  <1.0>}
x[7,2]{5  <1.0>}
x[7,3]{2  <1.0>}
x[7,4]{6  <1.0>}
x[7,5]{1  <1.0>}
x[7,6]{4  <1.0>}
x[7,7]{3  <1.0>}
problem entropy = 0.8302281394932662
smallest variable entropy = 0.3915848316379016
##### after BP iteration 10 #####
x[0,0]{4  <1.0>}
x[0,1]{5  <1.0>}
x[0,2]{1  <1.0>}
x[0,3]{0  <0.44831250479678947>, 7  <0.5516874952032105>}
x[0,4]{3  <1.0>}
x[0,5]{6  <1.0>}
x[0,6]{2  <1.0>}
x[0,7]{0  <0.3895607747268908>, 7  <0.6104392252731091>}
x[1,0]{7  <1.0>}
x[1,1]{3  <1.0>}
x[1,2]{0  <1.0>}
x[1,3]{6  <1.0>}
x[1,4]{2  <1.0>}
x[1,5]{4  <1.0>}
x[1,6]{1  <1.0>}
x[1,7]{5  <1.0>}
x[2,0]{2  <1.0>}
x[2,1]{6  <1.0>}
x[2,2]{3  <1.0>}
x[2,3]{1  <1.0>}
x[2,4]{4  <1.0>}
x[2,5]{0  <0.5253046728564515>, 7  <0.4746953271435485>}
x[2,6]{5  <1.0>}
x[2,7]{0  <0.49408323919573316>, 7  <0.505916760804267>}
x[3,0]{5  <0.17026627713205664>, 3  <0.8297337228679433>}
x[3,1]{0  <1.0>}
x[3,2]{4  <1.0>}
x[3,3]{5  <0.7572690076806199>, 3  <0.24273099231938014>}
x[3,4]{7  <1.0>}
x[3,5]{2  <1.0>}
x[3,6]{6  <1.0>}
x[3,7]{1  <1.0>}
x[4,0]{6  <1.0>}
x[4,1]{1  <1.0>}
x[4,2]{2  <1.0>}
x[4,3]{5  <0.18782618742893728>, 3  <0.8121738125710627>}
x[4,4]{0  <1.0>}
x[4,5]{5  <0.7854481253136552>, 3  <0.21455187468634485>}
x[4,6]{7  <1.0>}
x[4,7]{4  <1.0>}
x[5,0]{3  <0.1604423087062793>, 5  <0.8395576912937207>}
x[5,1]{2  <1.0>}
x[5,2]{7  <1.0>}
x[5,3]{4  <1.0>}
x[5,4]{1  <1.0>}
x[5,5]{3  <0.8957731545419713>, 5  <0.10422684545802871>}
x[5,6]{0  <1.0>}
x[5,7]{6  <1.0>}
x[6,0]{1  <1.0>}
x[6,1]{4  <1.0>}
x[6,2]{6  <1.0>}
x[6,3]{0  <0.43240699805373217>, 7  <0.5675930019462677>}
x[6,4]{5  <1.0>}
x[6,5]{0  <0.3873950022459993>, 7  <0.6126049977540006>}
x[6,6]{3  <1.0>}
x[6,7]{2  <1.0>}
x[7,0]{0  <1.0>}
x[7,1]{7  <1.0>}
x[7,2]{5  <1.0>}
x[7,3]{2  <1.0>}
x[7,4]{6  <1.0>}
x[7,5]{1  <1.0>}
x[7,6]{4  <1.0>}
x[7,7]{3  <1.0>}
problem entropy = 0.827266627227316
smallest variable entropy = 0.33427226243474883
### branching on x[5,5]=3; marginal=0.8957731545419713; regret=0.7915463090839425; nb of ties=1
##### after BP iteration 1 #####
x[0,0]{4  <1.0>}
x[0,1]{5  <1.0>}
x[0,2]{1  <1.0>}
x[0,3]{0  <0.6360962844930487>, 7  <0.3639037155069513>}
x[0,4]{3  <1.0>}
x[0,5]{6  <1.0>}
x[0,6]{2  <1.0>}
x[0,7]{0  <0.5135076252994103>, 7  <0.48649237470058965>}
x[1,0]{7  <1.0>}
x[1,1]{3  <1.0>}
x[1,2]{0  <1.0>}
x[1,3]{6  <1.0>}
x[1,4]{2  <1.0>}
x[1,5]{4  <1.0>}
x[1,6]{1  <1.0>}
x[1,7]{5  <1.0>}
x[2,0]{2  <1.0>}
x[2,1]{6  <1.0>}
x[2,2]{3  <1.0>}
x[2,3]{1  <1.0>}
x[2,4]{4  <1.0>}
x[2,5]{0  <0.537461483432636>, 7  <0.462538516567364>}
x[2,6]{5  <1.0>}
x[2,7]{0  <0.5128471953482086>, 7  <0.4871528046517915>}
x[3,0]{3  <1.0>}
x[3,1]{0  <1.0>}
x[3,2]{4  <1.0>}
x[3,3]{5  <1.0>}
x[3,4]{7  <1.0>}
x[3,5]{2  <1.0>}
x[3,6]{6  <1.0>}
x[3,7]{1  <1.0>}
x[4,0]{6  <1.0>}
x[4,1]{1  <1.0>}
x[4,2]{2  <1.0>}
x[4,3]{3  <1.0>}
x[4,4]{0  <1.0>}
x[4,5]{5  <1.0>}
x[4,6]{7  <1.0>}
x[4,7]{4  <1.0>}
x[5,0]{5  <1.0>}
x[5,1]{2  <1.0>}
x[5,2]{7  <1.0>}
x[5,3]{4  <1.0>}
x[5,4]{1  <1.0>}
x[5,5]{3  <1.0>}
x[5,6]{0  <1.0>}
x[5,7]{6  <1.0>}
x[6,0]{1  <1.0>}
x[6,1]{4  <1.0>}
x[6,2]{6  <1.0>}
x[6,3]{0  <0.6189901053512197>, 7  <0.38100989464878027>}
x[6,4]{5  <1.0>}
x[6,5]{0  <0.5025075378216317>, 7  <0.49749246217836834>}
x[6,6]{3  <1.0>}
x[6,7]{2  <1.0>}
x[7,0]{0  <1.0>}
x[7,1]{7  <1.0>}
x[7,2]{5  <1.0>}
x[7,3]{2  <1.0>}
x[7,4]{6  <1.0>}
x[7,5]{1  <1.0>}
x[7,6]{4  <1.0>}
x[7,7]{3  <1.0>}
problem entropy = 0.9832590151626368
smallest variable entropy = 0.6556312338038943
##### after BP iteration 2 #####
x[0,0]{4  <1.0>}
x[0,1]{5  <1.0>}
x[0,2]{1  <1.0>}
x[0,3]{0  <0.41779873460499034>, 7  <0.5822012653950095>}
x[0,4]{3  <1.0>}
x[0,5]{6  <1.0>}
x[0,6]{2  <1.0>}
x[0,7]{0  <0.4599107713098631>, 7  <0.540089228690137>}
x[1,0]{7  <1.0>}
x[1,1]{3  <1.0>}
x[1,2]{0  <1.0>}
x[1,3]{6  <1.0>}
x[1,4]{2  <1.0>}
x[1,5]{4  <1.0>}
x[1,6]{1  <1.0>}
x[1,7]{5  <1.0>}
x[2,0]{2  <1.0>}
x[2,1]{6  <1.0>}
x[2,2]{3  <1.0>}
x[2,3]{1  <1.0>}
x[2,4]{4  <1.0>}
x[2,5]{0  <0.4594056553523858>, 7  <0.5405943446476141>}
x[2,6]{5  <1.0>}
x[2,7]{0  <0.4549964307442537>, 7  <0.5450035692557462>}
x[3,0]{3  <1.0>}
x[3,1]{0  <1.0>}
x[3,2]{4  <1.0>}
x[3,3]{5  <1.0>}
x[3,4]{7  <1.0>}
x[3,5]{2  <1.0>}
x[3,6]{6  <1.0>}
x[3,7]{1  <1.0>}
x[4,0]{6  <1.0>}
x[4,1]{1  <1.0>}
x[4,2]{2  <1.0>}
x[4,3]{3  <1.0>}
x[4,4]{0  <1.0>}
x[4,5]{5  <1.0>}
x[4,6]{7  <1.0>}
x[4,7]{4  <1.0>}
x[5,0]{5  <1.0>}
x[5,1]{2  <1.0>}
x[5,2]{7  <1.0>}
x[5,3]{4  <1.0>}
x[5,4]{1  <1.0>}
x[5,5]{3  <1.0>}
x[5,6]{0  <1.0>}
x[5,7]{6  <1.0>}
x[6,0]{1  <1.0>}
x[6,1]{4  <1.0>}
x[6,2]{6  <1.0>}
x[6,3]{0  <0.4264246784733713>, 7  <0.5735753215266287>}
x[6,4]{5  <1.0>}
x[6,5]{0  <0.4558364638495821>, 7  <0.544163536150418>}
x[6,6]{3  <1.0>}
x[6,7]{2  <1.0>}
x[7,0]{0  <1.0>}
x[7,1]{7  <1.0>}
x[7,2]{5  <1.0>}
x[7,3]{2  <1.0>}
x[7,4]{6  <1.0>}
x[7,5]{1  <1.0>}
x[7,6]{4  <1.0>}
x[7,7]{3  <1.0>}
problem entropy = 0.9906414916649915
smallest variable entropy = 0.679571539713697
##### after BP iteration 3 #####
x[0,0]{4  <1.0>}
x[0,1]{5  <1.0>}
x[0,2]{1  <1.0>}
x[0,3]{0  <0.4746953271435485>, 7  <0.5253046728564517>}
x[0,4]{3  <1.0>}
x[0,5]{6  <1.0>}
x[0,6]{2  <1.0>}
x[0,7]{0  <0.6126049977540006>, 7  <0.3873950022459993>}
x[1,0]{7  <1.0>}
x[1,1]{3  <1.0>}
x[1,2]{0  <1.0>}
x[1,3]{6  <1.0>}
x[1,4]{2  <1.0>}
x[1,5]{4  <1.0>}
x[1,6]{1  <1.0>}
x[1,7]{5  <1.0>}
x[2,0]{2  <1.0>}
x[2,1]{6  <1.0>}
x[2,2]{3  <1.0>}
x[2,3]{1  <1.0>}
x[2,4]{4  <1.0>}
x[2,5]{0  <0.5516874952032106>, 7  <0.44831250479678947>}
x[2,6]{5  <1.0>}
x[2,7]{0  <0.5675930019462677>, 7  <0.4324069980537321>}
x[3,0]{3  <1.0>}
x[3,1]{0  <1.0>}
x[3,2]{4  <1.0>}
x[3,3]{5  <1.0>}
x[3,4]{7  <1.0>}
x[3,5]{2  <1.0>}
x[3,6]{6  <1.0>}
x[3,7]{1  <1.0>}
x[4,0]{6  <1.0>}
x[4,1]{1  <1.0>}
x[4,2]{2  <1.0>}
x[4,3]{3  <1.0>}
x[4,4]{0  <1.0>}
x[4,5]{5  <1.0>}
x[4,6]{7  <1.0>}
x[4,7]{4  <1.0>}
x[5,0]{5  <1.0>}
x[5,1]{2  <1.0>}
x[5,2]{7  <1.0>}
x[5,3]{4  <1.0>}
x[5,4]{1  <1.0>}
x[5,5]{3  <1.0>}
x[5,6]{0  <1.0>}
x[5,7]{6  <1.0>}
x[6,0]{1  <1.0>}
x[6,1]{4  <1.0>}
x[6,2]{6  <1.0>}
x[6,3]{0  <0.505916760804267>, 7  <0.49408323919573316>}
x[6,4]{5  <1.0>}
x[6,5]{0  <0.6104392252731091>, 7  <0.38956077472689093>}
x[6,6]{3  <1.0>}
x[6,7]{2  <1.0>}
x[7,0]{0  <1.0>}
x[7,1]{7  <1.0>}
x[7,2]{5  <1.0>}
x[7,3]{2  <1.0>}
x[7,4]{6  <1.0>}
x[7,5]{1  <1.0>}
x[7,6]{4  <1.0>}
x[7,7]{3  <1.0>}
problem entropy = 0.9841197218711426
smallest variable entropy = 0.6675685656710072
##### after BP iteration 4 #####
x[0,0]{4  <1.0>}
x[0,1]{5  <1.0>}
x[0,2]{1  <1.0>}
x[0,3]{0  <0.462538516567364>, 7  <0.537461483432636>}
x[0,4]{3  <1.0>}
x[0,5]{6  <1.0>}
x[0,6]{2  <1.0>}
x[0,7]{0  <0.49749246217836823>, 7  <0.5025075378216317>}
x[1,0]{7  <1.0>}
x[1,1]{3  <1.0>}
x[1,2]{0  <1.0>}
x[1,3]{6  <1.0>}
x[1,4]{2  <1.0>}
x[1,5]{4  <1.0>}
x[1,6]{1  <1.0>}
x[1,7]{5  <1.0>}
x[2,0]{2  <1.0>}
x[2,1]{6  <1.0>}
x[2,2]{3  <1.0>}
x[2,3]{1  <1.0>}
x[2,4]{4  <1.0>}
x[2,5]{0  <0.36390371550695133>, 7  <0.6360962844930487>}
x[2,6]{5  <1.0>}
x[2,7]{0  <0.38100989464878027>, 7  <0.6189901053512197>}
x[3,0]{3  <1.0>}
x[3,1]{0  <1.0>}
x[3,2]{4  <1.0>}
x[3,3]{5  <1.0>}
x[3,4]{7  <1.0>}
x[3,5]{2  <1.0>}
x[3,6]{6  <1.0>}
x[3,7]{1  <1.0>}
x[4,0]{6  <1.0>}
x[4,1]{1  <1.0>}
x[4,2]{2  <1.0>}
x[4,3]{3  <1.0>}
x[4,4]{0  <1.0>}
x[4,5]{5  <1.0>}
x[4,6]{7  <1.0>}
x[4,7]{4  <1.0>}
x[5,0]{5  <1.0>}
x[5,1]{2  <1.0>}
x[5,2]{7  <1.0>}
x[5,3]{4  <1.0>}
x[5,4]{1  <1.0>}
x[5,5]{3  <1.0>}
x[5,6]{0  <1.0>}
x[5,7]{6  <1.0>}
x[6,0]{1  <1.0>}
x[6,1]{4  <1.0>}
x[6,2]{6  <1.0>}
x[6,3]{0  <0.4871528046517915>, 7  <0.5128471953482086>}
x[6,4]{5  <1.0>}
x[6,5]{0  <0.48649237470058965>, 7  <0.5135076252994103>}
x[6,6]{3  <1.0>}
x[6,7]{2  <1.0>}
x[7,0]{0  <1.0>}
x[7,1]{7  <1.0>}
x[7,2]{5  <1.0>}
x[7,3]{2  <1.0>}
x[7,4]{6  <1.0>}
x[7,5]{1  <1.0>}
x[7,6]{4  <1.0>}
x[7,7]{3  <1.0>}
problem entropy = 0.9832590151626368
smallest variable entropy = 0.6556312338038943
##### after BP iteration 5 #####
x[0,0]{4  <1.0>}
x[0,1]{5  <1.0>}
x[0,2]{1  <1.0>}
x[0,3]{0  <0.5405943446476142>, 7  <0.4594056553523857>}
x[0,4]{3  <1.0>}
x[0,5]{6  <1.0>}
x[0,6]{2  <1.0>}
x[0,7]{0  <0.544163536150418>, 7  <0.455836463849582>}
x[1,0]{7  <1.0>}
x[1,1]{3  <1.0>}
x[1,2]{0  <1.0>}
x[1,3]{6  <1.0>}
x[1,4]{2  <1.0>}
x[1,5]{4  <1.0>}
x[1,6]{1  <1.0>}
x[1,7]{5  <1.0>}
x[2,0]{2  <1.0>}
x[2,1]{6  <1.0>}
x[2,2]{3  <1.0>}
x[2,3]{1  <1.0>}
x[2,4]{4  <1.0>}
x[2,5]{0  <0.5822012653950095>, 7  <0.41779873460499045>}
x[2,6]{5  <1.0>}
x[2,7]{0  <0.5735753215266287>, 7  <0.4264246784733713>}
x[3,0]{3  <1.0>}
x[3,1]{0  <1.0>}
x[3,2]{4  <1.0>}
x[3,3]{5  <1.0>}
x[3,4]{7  <1.0>}
x[3,5]{2  <1.0>}
x[3,6]{6  <1.0>}
x[3,7]{1  <1.0>}
x[4,0]{6  <1.0>}
x[4,1]{1  <1.0>}
x[4,2]{2  <1.0>}
x[4,3]{3  <1.0>}
x[4,4]{0  <1.0>}
x[4,5]{5  <1.0>}
x[4,6]{7  <1.0>}
x[4,7]{4  <1.0>}
x[5,0]{5  <1.0>}
x[5,1]{2  <1.0>}
x[5,2]{7  <1.0>}
x[5,3]{4  <1.0>}
x[5,4]{1  <1.0>}
x[5,5]{3  <1.0>}
x[5,6]{0  <1.0>}
x[5,7]{6  <1.0>}
x[6,0]{1  <1.0>}
x[6,1]{4  <1.0>}
x[6,2]{6  <1.0>}
x[6,3]{0  <0.5450035692557462>, 7  <0.4549964307442537>}
x[6,4]{5  <1.0>}
x[6,5]{0  <0.540089228690137>, 7  <0.4599107713098631>}
x[6,6]{3  <1.0>}
x[6,7]{2  <1.0>}
x[7,0]{0  <1.0>}
x[7,1]{7  <1.0>}
x[7,2]{5  <1.0>}
x[7,3]{2  <1.0>}
x[7,4]{6  <1.0>}
x[7,5]{1  <1.0>}
x[7,6]{4  <1.0>}
x[7,7]{3  <1.0>}
problem entropy = 0.9906414916649914
smallest variable entropy = 0.679571539713697
##### after BP iteration 6 #####
x[0,0]{4  <1.0>}
x[0,1]{5  <1.0>}
x[0,2]{1  <1.0>}
x[0,3]{0  <0.44831250479678936>, 7  <0.5516874952032106>}
x[0,4]{3  <1.0>}
x[0,5]{6  <1.0>}
x[0,6]{2  <1.0>}
x[0,7]{0  <0.38956077472689093>, 7  <0.6104392252731091>}
x[1,0]{7  <1.0>}
x[1,1]{3  <1.0>}
x[1,2]{0  <1.0>}
x[1,3]{6  <1.0>}
x[1,4]{2  <1.0>}
x[1,5]{4  <1.0>}
x[1,6]{1  <1.0>}
x[1,7]{5  <1.0>}
x[2,0]{2  <1.0>}
x[2,1]{6  <1.0>}
x[2,2]{3  <1.0>}
x[2,3]{1  <1.0>}
x[2,4]{4  <1.0>}
x[2,5]{0  <0.5253046728564517>, 7  <0.4746953271435485>}
x[2,6]{5  <1.0>}
x[2,7]{0  <0.49408323919573316>, 7  <0.505916760804267>}
x[3,0]{3  <1.0>}
x[3,1]{0  <1.0>}
x[3,2]{4  <1.0>}
x[3,3]{5  <1.0>}
x[3,4]{7  <1.0>}
x[3,5]{2  <1.0>}
x[3,6]{6  <1.0>}
x[3,7]{1  <1.0>}
x[4,0]{6  <1.0>}
x[4,1]{1  <1.0>}
x[4,2]{2  <1.0>}
x[4,3]{3  <1.0>}
x[4,4]{0  <1.0>}
x[4,5]{5  <1.0>}
x[4,6]{7  <1.0>}
x[4,7]{4  <1.0>}
x[5,0]{5  <1.0>}
x[5,1]{2  <1.0>}
x[5,2]{7  <1.0>}
x[5,3]{4  <1.0>}
x[5,4]{1  <1.0>}
x[5,5]{3  <1.0>}
x[5,6]{0  <1.0>}
x[5,7]{6  <1.0>}
x[6,0]{1  <1.0>}
x[6,1]{4  <1.0>}
x[6,2]{6  <1.0>}
x[6,3]{0  <0.43240699805373217>, 7  <0.5675930019462678>}
x[6,4]{5  <1.0>}
x[6,5]{0  <0.3873950022459994>, 7  <0.6126049977540006>}
x[6,6]{3  <1.0>}
x[6,7]{2  <1.0>}
x[7,0]{0  <1.0>}
x[7,1]{7  <1.0>}
x[7,2]{5  <1.0>}
x[7,3]{2  <1.0>}
x[7,4]{6  <1.0>}
x[7,5]{1  <1.0>}
x[7,6]{4  <1.0>}
x[7,7]{3  <1.0>}
problem entropy = 0.9841197218711427
smallest variable entropy = 0.6675685656710073
##### after BP iteration 7 #####
x[0,0]{4  <1.0>}
x[0,1]{5  <1.0>}
x[0,2]{1  <1.0>}
x[0,3]{0  <0.6360962844930487>, 7  <0.3639037155069515>}
x[0,4]{3  <1.0>}
x[0,5]{6  <1.0>}
x[0,6]{2  <1.0>}
x[0,7]{0  <0.5135076252994103>, 7  <0.48649237470058965>}
x[1,0]{7  <1.0>}
x[1,1]{3  <1.0>}
x[1,2]{0  <1.0>}
x[1,3]{6  <1.0>}
x[1,4]{2  <1.0>}
x[1,5]{4  <1.0>}
x[1,6]{1  <1.0>}
x[1,7]{5  <1.0>}
x[2,0]{2  <1.0>}
x[2,1]{6  <1.0>}
x[2,2]{3  <1.0>}
x[2,3]{1  <1.0>}
x[2,4]{4  <1.0>}
x[2,5]{0  <0.537461483432636>, 7  <0.46253851656736394>}
x[2,6]{5  <1.0>}
x[2,7]{0  <0.5128471953482086>, 7  <0.4871528046517915>}
x[3,0]{3  <1.0>}
x[3,1]{0  <1.0>}
x[3,2]{4  <1.0>}
x[3,3]{5  <1.0>}
x[3,4]{7  <1.0>}
x[3,5]{2  <1.0>}
x[3,6]{6  <1.0>}
x[3,7]{1  <1.0>}
x[4,0]{6  <1.0>}
x[4,1]{1  <1.0>}
x[4,2]{2  <1.0>}
x[4,3]{3  <1.0>}
x[4,4]{0  <1.0>}
x[4,5]{5  <1.0>}
x[4,6]{7  <1.0>}
x[4,7]{4  <1.0>}
x[5,0]{5  <1.0>}
x[5,1]{2  <1.0>}
x[5,2]{7  <1.0>}
x[5,3]{4  <1.0>}
x[5,4]{1  <1.0>}
x[5,5]{3  <1.0>}
x[5,6]{0  <1.0>}
x[5,7]{6  <1.0>}
x[6,0]{1  <1.0>}
x[6,1]{4  <1.0>}
x[6,2]{6  <1.0>}
x[6,3]{0  <0.6189901053512197>, 7  <0.3810098946487802>}
x[6,4]{5  <1.0>}
x[6,5]{0  <0.5025075378216318>, 7  <0.49749246217836823>}
x[6,6]{3  <1.0>}
x[6,7]{2  <1.0>}
x[7,0]{0  <1.0>}
x[7,1]{7  <1.0>}
x[7,2]{5  <1.0>}
x[7,3]{2  <1.0>}
x[7,4]{6  <1.0>}
x[7,5]{1  <1.0>}
x[7,6]{4  <1.0>}
x[7,7]{3  <1.0>}
problem entropy = 0.9832590151626368
smallest variable entropy = 0.6556312338038943
##### after BP iteration 8 #####
x[0,0]{4  <1.0>}
x[0,1]{5  <1.0>}
x[0,2]{1  <1.0>}
x[0,3]{0  <0.4177987346049905>, 7  <0.5822012653950095>}
x[0,4]{3  <1.0>}
x[0,5]{6  <1.0>}
x[0,6]{2  <1.0>}
x[0,7]{0  <0.4599107713098631>, 7  <0.5400892286901369>}
x[1,0]{7  <1.0>}
x[1,1]{3  <1.0>}
x[1,2]{0  <1.0>}
x[1,3]{6  <1.0>}
x[1,4]{2  <1.0>}
x[1,5]{4  <1.0>}
x[1,6]{1  <1.0>}
x[1,7]{5  <1.0>}
x[2,0]{2  <1.0>}
x[2,1]{6  <1.0>}
x[2,2]{3  <1.0>}
x[2,3]{1  <1.0>}
x[2,4]{4  <1.0>}
x[2,5]{0  <0.4594056553523857>, 7  <0.5405943446476144>}
x[2,6]{5  <1.0>}
x[2,7]{0  <0.45499643074425367>, 7  <0.5450035692557462>}
x[3,0]{3  <1.0>}
x[3,1]{0  <1.0>}
x[3,2]{4  <1.0>}
x[3,3]{5  <1.0>}
x[3,4]{7  <1.0>}
x[3,5]{2  <1.0>}
x[3,6]{6  <1.0>}
x[3,7]{1  <1.0>}
x[4,0]{6  <1.0>}
x[4,1]{1  <1.0>}
x[4,2]{2  <1.0>}
x[4,3]{3  <1.0>}
x[4,4]{0  <1.0>}
x[4,5]{5  <1.0>}
x[4,6]{7  <1.0>}
x[4,7]{4  <1.0>}
x[5,0]{5  <1.0>}
x[5,1]{2  <1.0>}
x[5,2]{7  <1.0>}
x[5,3]{4  <1.0>}
x[5,4]{1  <1.0>}
x[5,5]{3  <1.0>}
x[5,6]{0  <1.0>}
x[5,7]{6  <1.0>}
x[6,0]{1  <1.0>}
x[6,1]{4  <1.0>}
x[6,2]{6  <1.0>}
x[6,3]{0  <0.4264246784733714>, 7  <0.5735753215266286>}
x[6,4]{5  <1.0>}
x[6,5]{0  <0.455836463849582>, 7  <0.5441635361504181>}
x[6,6]{3  <1.0>}
x[6,7]{2  <1.0>}
x[7,0]{0  <1.0>}
x[7,1]{7  <1.0>}
x[7,2]{5  <1.0>}
x[7,3]{2  <1.0>}
x[7,4]{6  <1.0>}
x[7,5]{1  <1.0>}
x[7,6]{4  <1.0>}
x[7,7]{3  <1.0>}
problem entropy = 0.9906414916649914
smallest variable entropy = 0.679571539713697
##### after BP iteration 9 #####
x[0,0]{4  <1.0>}
x[0,1]{5  <1.0>}
x[0,2]{1  <1.0>}
x[0,3]{0  <0.47469532714354845>, 7  <0.5253046728564517>}
x[0,4]{3  <1.0>}
x[0,5]{6  <1.0>}
x[0,6]{2  <1.0>}
x[0,7]{0  <0.6126049977540006>, 7  <0.3873950022459994>}
x[1,0]{7  <1.0>}
x[1,1]{3  <1.0>}
x[1,2]{0  <1.0>}
x[1,3]{6  <1.0>}
x[1,4]{2  <1.0>}
x[1,5]{4  <1.0>}
x[1,6]{1  <1.0>}
x[1,7]{5  <1.0>}
x[2,0]{2  <1.0>}
x[2,1]{6  <1.0>}
x[2,2]{3  <1.0>}
x[2,3]{1  <1.0>}
x[2,4]{4  <1.0>}
x[2,5]{0  <0.5516874952032107>, 7  <0.44831250479678936>}
x[2,6]{5  <1.0>}
x[2,7]{0  <0.5675930019462678>, 7  <0.43240699805373206>}
x[3,0]{3  <1.0>}
x[3,1]{0  <1.0>}
x[3,2]{4  <1.0>}
x[3,3]{5  <1.0>}
x[3,4]{7  <1.0>}
x[3,5]{2  <1.0>}
x[3,6]{6  <1.0>}
x[3,7]{1  <1.0>}
x[4,0]{6  <1.0>}
x[4,1]{1  <1.0>}
x[4,2]{2  <1.0>}
x[4,3]{3  <1.0>}
x[4,4]{0  <1.0>}
x[4,5]{5  <1.0>}
x[4,6]{7  <1.0>}
x[4,7]{4  <1.0>}
x[5,0]{5  <1.0>}
x[5,1]{2  <1.0>}
x[5,2]{7  <1.0>}
x[5,3]{4  <1.0>}
x[5,4]{1  <1.0>}
x[5,5]{3  <1.0>}
x[5,6]{0  <1.0>}
x[5,7]{6  <1.0>}
x[6,0]{1  <1.0>}
x[6,1]{4  <1.0>}
x[6,2]{6  <1.0>}
x[6,3]{0  <0.505916760804267>, 7  <0.49408323919573316>}
x[6,4]{5  <1.0>}
x[6,5]{0  <0.610439225273109>, 7  <0.389560774726891>}
x[6,6]{3  <1.0>}
x[6,7]{2  <1.0>}
x[7,0]{0  <1.0>}
x[7,1]{7  <1.0>}
x[7,2]{5  <1.0>}
x[7,3]{2  <1.0>}
x[7,4]{6  <1.0>}
x[7,5]{1  <1.0>}
x[7,6]{4  <1.0>}
x[7,7]{3  <1.0>}
problem entropy = 0.9841197218711426
smallest variable entropy = 0.6675685656710073
##### after BP iteration 10 #####
x[0,0]{4  <1.0>}
x[0,1]{5  <1.0>}
x[0,2]{1  <1.0>}
x[0,3]{0  <0.46253851656736394>, 7  <0.5374614834326361>}
x[0,4]{3  <1.0>}
x[0,5]{6  <1.0>}
x[0,6]{2  <1.0>}
x[0,7]{0  <0.4974924621783681>, 7  <0.5025075378216318>}
x[1,0]{7  <1.0>}
x[1,1]{3  <1.0>}
x[1,2]{0  <1.0>}
x[1,3]{6  <1.0>}
x[1,4]{2  <1.0>}
x[1,5]{4  <1.0>}
x[1,6]{1  <1.0>}
x[1,7]{5  <1.0>}
x[2,0]{2  <1.0>}
x[2,1]{6  <1.0>}
x[2,2]{3  <1.0>}
x[2,3]{1  <1.0>}
x[2,4]{4  <1.0>}
x[2,5]{0  <0.36390371550695144>, 7  <0.6360962844930484>}
x[2,6]{5  <1.0>}
x[2,7]{0  <0.38100989464878027>, 7  <0.6189901053512198>}
x[3,0]{3  <1.0>}
x[3,1]{0  <1.0>}
x[3,2]{4  <1.0>}
x[3,3]{5  <1.0>}
x[3,4]{7  <1.0>}
x[3,5]{2  <1.0>}
x[3,6]{6  <1.0>}
x[3,7]{1  <1.0>}
x[4,0]{6  <1.0>}
x[4,1]{1  <1.0>}
x[4,2]{2  <1.0>}
x[4,3]{3  <1.0>}
x[4,4]{0  <1.0>}
x[4,5]{5  <1.0>}
x[4,6]{7  <1.0>}
x[4,7]{4  <1.0>}
x[5,0]{5  <1.0>}
x[5,1]{2  <1.0>}
x[5,2]{7  <1.0>}
x[5,3]{4  <1.0>}
x[5,4]{1  <1.0>}
x[5,5]{3  <1.0>}
x[5,6]{0  <1.0>}
x[5,7]{6  <1.0>}
x[6,0]{1  <1.0>}
x[6,1]{4  <1.0>}
x[6,2]{6  <1.0>}
x[6,3]{0  <0.4871528046517915>, 7  <0.5128471953482086>}
x[6,4]{5  <1.0>}
x[6,5]{0  <0.48649237470058965>, 7  <0.5135076252994103>}
x[6,6]{3  <1.0>}
x[6,7]{2  <1.0>}
x[7,0]{0  <1.0>}
x[7,1]{7  <1.0>}
x[7,2]{5  <1.0>}
x[7,3]{2  <1.0>}
x[7,4]{6  <1.0>}
x[7,5]{1  <1.0>}
x[7,6]{4  <1.0>}
x[7,7]{3  <1.0>}
problem entropy = 0.9832590151626368
smallest variable entropy = 0.6556312338038943
### branching on x[2,5]=7; marginal=0.6360962844930484; regret=0.272192568986097; nb of ties=1
##### after BP iteration 1 #####
x[0,0]{4  <1.0>}
x[0,1]{5  <1.0>}
x[0,2]{1  <1.0>}
x[0,3]{0  <1.0>}
x[0,4]{3  <1.0>}
x[0,5]{6  <1.0>}
x[0,6]{2  <1.0>}
x[0,7]{7  <1.0>}
x[1,0]{7  <1.0>}
x[1,1]{3  <1.0>}
x[1,2]{0  <1.0>}
x[1,3]{6  <1.0>}
x[1,4]{2  <1.0>}
x[1,5]{4  <1.0>}
x[1,6]{1  <1.0>}
x[1,7]{5  <1.0>}
x[2,0]{2  <1.0>}
x[2,1]{6  <1.0>}
x[2,2]{3  <1.0>}
x[2,3]{1  <1.0>}
x[2,4]{4  <1.0>}
x[2,5]{7  <1.0>}
x[2,6]{5  <1.0>}
x[2,7]{0  <1.0>}
x[3,0]{3  <1.0>}
x[3,1]{0  <1.0>}
x[3,2]{4  <1.0>}
x[3,3]{5  <1.0>}
x[3,4]{7  <1.0>}
x[3,5]{2  <1.0>}
x[3,6]{6  <1.0>}
x[3,7]{1  <1.0>}
x[4,0]{6  <1.0>}
x[4,1]{1  <1.0>}
x[4,2]{2  <1.0>}
x[4,3]{3  <1.0>}
x[4,4]{0  <1.0>}
x[4,5]{5  <1.0>}
x[4,6]{7  <1.0>}
x[4,7]{4  <1.0>}
x[5,0]{5  <1.0>}
x[5,1]{2  <1.0>}
x[5,2]{7  <1.0>}
x[5,3]{4  <1.0>}
x[5,4]{1  <1.0>}
x[5,5]{3  <1.0>}
x[5,6]{0  <1.0>}
x[5,7]{6  <1.0>}
x[6,0]{1  <1.0>}
x[6,1]{4  <1.0>}
x[6,2]{6  <1.0>}
x[6,3]{7  <1.0>}
x[6,4]{5  <1.0>}
x[6,5]{0  <1.0>}
x[6,6]{3  <1.0>}
x[6,7]{2  <1.0>}
x[7,0]{0  <1.0>}
x[7,1]{7  <1.0>}
x[7,2]{5  <1.0>}
x[7,3]{2  <1.0>}
x[7,4]{6  <1.0>}
x[7,5]{1  <1.0>}
x[7,6]{4  <1.0>}
x[7,7]{3  <1.0>}
problem entropy = 0.0
smallest variable entropy = 1.7976931348623157E308
### branching on x[2,5]!=7
##### after BP iteration 1 #####
x[0,0]{4  <1.0>}
x[0,1]{5  <1.0>}
x[0,2]{1  <1.0>}
x[0,3]{7  <1.0>}
x[0,4]{3  <1.0>}
x[0,5]{6  <1.0>}
x[0,6]{2  <1.0>}
x[0,7]{0  <1.0>}
x[1,0]{7  <1.0>}
x[1,1]{3  <1.0>}
x[1,2]{0  <1.0>}
x[1,3]{6  <1.0>}
x[1,4]{2  <1.0>}
x[1,5]{4  <1.0>}
x[1,6]{1  <1.0>}
x[1,7]{5  <1.0>}
x[2,0]{2  <1.0>}
x[2,1]{6  <1.0>}
x[2,2]{3  <1.0>}
x[2,3]{1  <1.0>}
x[2,4]{4  <1.0>}
x[2,5]{0  <1.0>}
x[2,6]{5  <1.0>}
x[2,7]{7  <1.0>}
x[3,0]{3  <1.0>}
x[3,1]{0  <1.0>}
x[3,2]{4  <1.0>}
x[3,3]{5  <1.0>}
x[3,4]{7  <1.0>}
x[3,5]{2  <1.0>}
x[3,6]{6  <1.0>}
x[3,7]{1  <1.0>}
x[4,0]{6  <1.0>}
x[4,1]{1  <1.0>}
x[4,2]{2  <1.0>}
x[4,3]{3  <1.0>}
x[4,4]{0  <1.0>}
x[4,5]{5  <1.0>}
x[4,6]{7  <1.0>}
x[4,7]{4  <1.0>}
x[5,0]{5  <1.0>}
x[5,1]{2  <1.0>}
x[5,2]{7  <1.0>}
x[5,3]{4  <1.0>}
x[5,4]{1  <1.0>}
x[5,5]{3  <1.0>}
x[5,6]{0  <1.0>}
x[5,7]{6  <1.0>}
x[6,0]{1  <1.0>}
x[6,1]{4  <1.0>}
x[6,2]{6  <1.0>}
x[6,3]{0  <1.0>}
x[6,4]{5  <1.0>}
x[6,5]{7  <1.0>}
x[6,6]{3  <1.0>}
x[6,7]{2  <1.0>}
x[7,0]{0  <1.0>}
x[7,1]{7  <1.0>}
x[7,2]{5  <1.0>}
x[7,3]{2  <1.0>}
x[7,4]{6  <1.0>}
x[7,5]{1  <1.0>}
x[7,6]{4  <1.0>}
x[7,7]{3  <1.0>}
problem entropy = 0.0
smallest variable entropy = 1.7976931348623157E308

	#choice: 6
	#fail: 0
	execution time (ms): 171
	#sols : 1
	completed : false

