{3  <1.0>, 1  <1.0>}
model: sum-product-oracle
FINAL DAMPING FACTOR = 1.0
##### after BP iteration 1 #####
x[0,0]{3  <1.0>}
x[0,1]{5  <1.0>}
x[0,2]{4  <1.0>}
x[0,3]{1  <1.0>}
x[0,4]{2  <1.0>}
x[0,5]{6  <1.0>}
x[0,6]{7  <1.0>}
x[0,7]{0  <1.0>}
x[1,0]{1  <1.0>}
x[1,1]{6  <1.0>}
x[1,2]{7  <0.9992488662242628>, 3  <7.51133775737215E-4>}
x[1,3]{0  <1.0>}
x[1,4]{7  <9.637597191618544E-4>, 3  <0.9990362402808382>}
x[1,5]{4  <1.0>}
x[1,6]{5  <1.0>}
x[1,7]{2  <1.0>}
x[2,0]{6  <1.0>}
x[2,1]{0  <4.922392985565563E-4>, 4  <0.002180559026562949>, 2  <0.003233706891166629>, 7  <0.9940934947837139>}
x[2,2]{0  <1.6571328115701575E-5>, 5  <0.9988193515049328>, 2  <2.6787616978740842E-5>, 3  <5.362455703990472E-4>, 7  <6.01043979573846E-4>}
x[2,3]{7  <0.0030095419596230157>, 4  <0.9968938372615591>, 2  <9.662077881783477E-5>}
x[2,4]{0  <0.9951311207008982>, 5  <8.331489447653661E-4>, 7  <0.0035513328699446588>, 3  <4.117928407071616E-4>, 4  <7.260464368441892E-5>}
x[2,5]{5  <0.001312834708768849>, 2  <0.9986871652912311>}
x[2,6]{1  <1.0>}
x[2,7]{3  <0.9986498769616349>, 4  <2.1081928355808546E-4>, 7  <0.0011393037548070603>}
x[3,0]{0  <1.0>}
x[3,1]{4  <8.829178425978751E-5>, 1  <0.9999006905821053>, 2  <1.1017633635022887E-5>}
x[3,2]{5  <0.004980916767203133>, 1  <1.1713889431296474E-4>, 2  <1.0740303905086235E-5>, 3  <0.9948912040345788>}
x[3,3]{4  <0.002444657226119077>, 2  <0.9975553427738809>}
x[3,4]{5  <0.9994618852527597>, 1  <6.6420108991391336E-6>, 4  <1.922617679938755E-5>, 3  <5.122465595418544E-4>}
x[3,5]{7  <1.0>}
x[3,6]{6  <1.0>}
x[3,7]{4  <0.9872664647664392>, 3  <0.012733535233560717>}
x[4,0]{2  <0.008629393899139127>, 7  <0.9913706061008609>}
x[4,1]{0  <0.9994363029257788>, 4  <4.939188182055466E-4>, 2  <1.3673774249019186E-6>, 7  <6.841087859080223E-5>}
x[4,2]{6  <1.0>}
x[4,3]{3  <1.0>}
x[4,4]{0  <0.025767701106802213>, 5  <6.671626570635965E-4>, 4  <0.9527053095662747>, 7  <0.020859826669859503>}
x[4,5]{2  <0.0015719886049445607>, 5  <0.9984280113950554>}
x[4,6]{4  <0.012424986254205787>, 2  <0.9875750137457943>}
x[4,7]{1  <1.0>}
x[5,0]{5  <1.0>}
x[5,1]{7  <0.0019460017381780705>, 1  <8.168124041634762E-5>, 2  <2.714141103129993E-4>, 4  <0.9977009029110926>}
x[5,2]{7  <1.6834734662468852E-5>, 1  <8.58674449895749E-4>, 2  <0.9991244908154417>}
x[5,3]{6  <1.0>}
x[5,4]{7  <3.9562173816768785E-7>, 1  <0.999852686908246>, 4  <1.469174700157595E-4>}
x[5,5]{0  <1.0>}
x[5,6]{3  <1.0>}
x[5,7]{7  <0.9716488103339903>, 4  <0.028351189666009708>}
x[6,0]{7  <0.024284703385053324>, 2  <0.9757152966149466>}
x[6,1]{3  <1.0>}
x[6,2]{0  <0.999952033743531>, 7  <4.7807338519073624E-5>, 2  <1.5891794985901346E-7>}
x[6,3]{5  <1.0>}
x[6,4]{0  <0.0040143299970065785>, 7  <0.8697045738684686>, 4  <0.1262810961345249>}
x[6,5]{1  <1.0>}
x[6,6]{2  <0.6638539262250805>, 4  <0.33614607377491945>}
x[6,7]{6  <1.0>}
x[7,0]{4  <1.0>}
x[7,1]{7  <0.013757941832177125>, 1  <6.887379623109991E-4>, 2  <0.9855533202055119>}
x[7,2]{7  <1.5660811641621475E-5>, 1  <0.9976711471383549>, 2  <0.0023131920500035394>}
x[7,3]{7  <0.9994719815429434>, 2  <5.280184570566797E-4>}
x[7,4]{6  <1.0>}
x[7,5]{3  <1.0>}
x[7,6]{0  <1.0>}
x[7,7]{5  <1.0>}
problem entropy = 0.08201931517276864
smallest variable entropy = 5.260561943226775E-4
### branching on x[3,3]=2; marginal=0.9975553427738809; regret=0.9951106855477618; nb of ties=19
##### after BP iteration 1 #####
x[0,0]{3  <1.0>}
x[0,1]{5  <1.0>}
x[0,2]{4  <1.0>}
x[0,3]{1  <1.0>}
x[0,4]{2  <1.0>}
x[0,5]{6  <1.0>}
x[0,6]{7  <1.0>}
x[0,7]{0  <1.0>}
x[1,0]{1  <1.0>}
x[1,1]{6  <1.0>}
x[1,2]{7  <0.9999980708695225>, 3  <1.9291304774692975E-6>}
x[1,3]{0  <1.0>}
x[1,4]{7  <2.0797066512447267E-4>, 3  <0.9997920293348755>}
x[1,5]{4  <1.0>}
x[1,6]{5  <1.0>}
x[1,7]{2  <1.0>}
x[2,0]{6  <1.0>}
x[2,1]{0  <2.644032220372236E-6>, 7  <0.9999973558977594>, 2  <7.002027648285095E-11>}
x[2,2]{0  <3.2601351917418283E-9>, 5  <0.9999982001548356>, 2  <1.1610708597879614E-10>, 3  <1.6294562811638707E-6>, 7  <1.6701264077751934E-7>}
x[2,3]{4  <1.0>}
x[2,4]{0  <0.9994161700592656>, 5  <3.4856952768707076E-7>, 7  <5.769947859844428E-4>, 3  <6.486585222243453E-6>}
x[2,5]{5  <5.074809622187079E-6>, 2  <0.9999949251903779>}
x[2,6]{1  <1.0>}
x[2,7]{3  <0.9999973408129342>, 7  <2.6591870656943496E-6>}
x[3,0]{0  <1.0>}
x[3,1]{4  <3.523751316501829E-4>, 1  <0.9996476248683498>}
x[3,2]{5  <8.778313851828163E-5>, 1  <2.154872292046699E-8>, 3  <0.9999121953127588>}
x[3,3]{2  <1.0>}
x[3,4]{5  <0.995696108686686>, 1  <6.85618985436796E-5>, 4  <0.003877004467361097>, 3  <3.5832494740916E-4>}
x[3,5]{7  <1.0>}
x[3,6]{6  <1.0>}
x[3,7]{4  <0.9999300998454259>, 3  <6.990015457408275E-5>}
x[4,0]{2  <0.03570312281777103>, 7  <0.964296877182229>}
x[4,1]{0  <0.9996953297856961>, 4  <1.5315897146839733E-5>, 2  <2.023680571476138E-12>, 7  <2.8935431513352715E-4>}
x[4,2]{6  <1.0>}
x[4,3]{3  <1.0>}
x[4,4]{0  <0.004047481201569899>, 5  <8.164565576226852E-5>, 4  <0.9124465988691352>, 7  <0.08342427427353263>}
x[4,5]{2  <1.5934775430906153E-4>, 5  <0.999840652245691>}
x[4,6]{4  <0.37954956021502584>, 2  <0.6204504397849742>}
x[4,7]{1  <1.0>}
x[5,0]{5  <1.0>}
x[5,1]{7  <1.5573269419223125E-5>, 1  <7.79788751438439E-7>, 2  <1.5272876014961108E-7>, 4  <0.9999834942130692>}
x[5,2]{7  <2.171978655248813E-8>, 1  <8.681489947304399E-6>, 2  <0.9999912967902661>}
x[5,3]{6  <1.0>}
x[5,4]{7  <1.2618453313216048E-8>, 1  <0.9999998202010715>, 4  <1.6718047520615828E-7>}
x[5,5]{0  <1.0>}
x[5,6]{3  <1.0>}
x[5,7]{7  <0.9999306608316012>, 4  <6.933916839883002E-5>}
x[6,0]{7  <0.0035432766229669304>, 2  <0.9964567233770332>}
x[6,1]{3  <1.0>}
x[6,2]{0  <0.999999882167872>, 7  <1.1783197808126076E-7>, 2  <1.5001362054823562E-13>}
x[6,3]{5  <1.0>}
x[6,4]{0  <1.9131322605813313E-4>, 7  <0.9947969162486213>, 4  <0.00501177052532043>}
x[6,5]{1  <1.0>}
x[6,6]{2  <9.932526353808179E-4>, 4  <0.9990067473646193>}
x[6,7]{6  <1.0>}
x[7,0]{4  <1.0>}
x[7,1]{2  <0.999999944394241>, 1  <5.5605759021419254E-8>}
x[7,2]{2  <9.959732618236143E-6>, 1  <0.9999900402673817>}
x[7,3]{7  <1.0>}
x[7,4]{6  <1.0>}
x[7,5]{3  <1.0>}
x[7,6]{0  <1.0>}
x[7,7]{5  <1.0>}
problem entropy = 0.058541184843227574
smallest variable entropy = 9.844987976047223E-7
### branching on x[6,2]=0; marginal=0.999999882167872; regret=0.9999997643358939; nb of ties=22
### branching on x[5,1]=4; marginal=0.9999834942130692; regret=0.99996792094365; nb of ties=21
##### after BP iteration 1 #####
x[0,0]{3  <1.0>}
x[0,1]{5  <1.0>}
x[0,2]{4  <1.0>}
x[0,3]{1  <1.0>}
x[0,4]{2  <1.0>}
x[0,5]{6  <1.0>}
x[0,6]{7  <1.0>}
x[0,7]{0  <1.0>}
x[1,0]{1  <1.0>}
x[1,1]{6  <1.0>}
x[1,2]{7  <0.999999805859186>, 3  <1.9414081400150513E-7>}
x[1,3]{0  <1.0>}
x[1,4]{7  <5.348153255214827E-10>, 3  <0.9999999994651847>}
x[1,5]{4  <1.0>}
x[1,6]{5  <1.0>}
x[1,7]{2  <1.0>}
x[2,0]{6  <1.0>}
x[2,1]{0  <3.3735982884504774E-4>, 7  <0.9996626401711549>}
x[2,2]{7  <1.481688108189973E-11>, 5  <0.9999999999851831>}
x[2,3]{4  <1.0>}
x[2,4]{0  <0.9999995780515063>, 5  <2.1076683350594047E-12>, 7  <4.219463859815557E-7>}
x[2,5]{2  <1.0>}
x[2,6]{1  <1.0>}
x[2,7]{3  <1.0>}
x[3,0]{0  <1.0>}
x[3,1]{1  <1.0>}
x[3,2]{5  <2.0193163875382882E-8>, 3  <0.9999999798068361>}
x[3,3]{2  <1.0>}
x[3,4]{5  <0.9999999985367442>, 3  <1.4632558359641116E-9>}
x[3,5]{7  <1.0>}
x[3,6]{6  <1.0>}
x[3,7]{4  <1.0>}
x[4,0]{2  <0.21566229469581732>, 7  <0.7843377053041827>}
x[4,1]{0  <0.999877655604634>, 7  <1.22344395366054E-4>}
x[4,2]{6  <1.0>}
x[4,3]{3  <1.0>}
x[4,4]{0  <2.8109402542229363E-6>, 7  <0.045060894429881364>, 4  <0.9549362946298644>}
x[4,5]{5  <1.0>}
x[4,6]{4  <0.003453283219625041>, 2  <0.9965467167803749>}
x[4,7]{1  <1.0>}
x[5,0]{5  <1.0>}
x[5,1]{4  <1.0>}
x[5,2]{2  <1.0>}
x[5,3]{6  <1.0>}
x[5,4]{1  <1.0>}
x[5,5]{0  <1.0>}
x[5,6]{3  <1.0>}
x[5,7]{7  <1.0>}
x[6,0]{7  <3.510491760968706E-4>, 2  <0.9996489508239031>}
x[6,1]{3  <1.0>}
x[6,2]{0  <1.0>}
x[6,3]{5  <1.0>}
x[6,4]{4  <1.054791662578414E-4>, 7  <0.9998945208337421>}
x[6,5]{1  <1.0>}
x[6,6]{2  <2.6145175027711946E-4>, 4  <0.9997385482497229>}
x[6,7]{6  <1.0>}
x[7,0]{4  <1.0>}
x[7,1]{2  <1.0>}
x[7,2]{1  <1.0>}
x[7,3]{7  <1.0>}
x[7,4]{6  <1.0>}
x[7,5]{3  <1.0>}
x[7,6]{0  <1.0>}
x[7,7]{5  <1.0>}
problem entropy = 0.069168468089555
smallest variable entropy = 3.842796183072464E-10
### branching on x[4,6]=2; marginal=0.9965467167803749; regret=0.9930934335607499; nb of ties=12
##### after BP iteration 1 #####
x[0,0]{3  <1.0>}
x[0,1]{5  <1.0>}
x[0,2]{4  <1.0>}
x[0,3]{1  <1.0>}
x[0,4]{2  <1.0>}
x[0,5]{6  <1.0>}
x[0,6]{7  <1.0>}
x[0,7]{0  <1.0>}
x[1,0]{1  <1.0>}
x[1,1]{6  <1.0>}
x[1,2]{7  <1.0>}
x[1,3]{0  <1.0>}
x[1,4]{3  <1.0>}
x[1,5]{4  <1.0>}
x[1,6]{5  <1.0>}
x[1,7]{2  <1.0>}
x[2,0]{6  <1.0>}
x[2,1]{7  <1.0>}
x[2,2]{5  <1.0>}
x[2,3]{4  <1.0>}
x[2,4]{0  <1.0>}
x[2,5]{2  <1.0>}
x[2,6]{1  <1.0>}
x[2,7]{3  <1.0>}
x[3,0]{0  <1.0>}
x[3,1]{1  <1.0>}
x[3,2]{3  <1.0>}
x[3,3]{2  <1.0>}
x[3,4]{5  <1.0>}
x[3,5]{7  <1.0>}
x[3,6]{6  <1.0>}
x[3,7]{4  <1.0>}
x[4,0]{7  <1.0>}
x[4,1]{0  <1.0>}
x[4,2]{6  <1.0>}
x[4,3]{3  <1.0>}
x[4,4]{4  <1.0>}
x[4,5]{5  <1.0>}
x[4,6]{2  <1.0>}
x[4,7]{1  <1.0>}
x[5,0]{5  <1.0>}
x[5,1]{4  <1.0>}
x[5,2]{2  <1.0>}
x[5,3]{6  <1.0>}
x[5,4]{1  <1.0>}
x[5,5]{0  <1.0>}
x[5,6]{3  <1.0>}
x[5,7]{7  <1.0>}
x[6,0]{2  <1.0>}
x[6,1]{3  <1.0>}
x[6,2]{0  <1.0>}
x[6,3]{5  <1.0>}
x[6,4]{7  <1.0>}
x[6,5]{1  <1.0>}
x[6,6]{4  <1.0>}
x[6,7]{6  <1.0>}
x[7,0]{4  <1.0>}
x[7,1]{2  <1.0>}
x[7,2]{1  <1.0>}
x[7,3]{7  <1.0>}
x[7,4]{6  <1.0>}
x[7,5]{3  <1.0>}
x[7,6]{0  <1.0>}
x[7,7]{5  <1.0>}
problem entropy = 0.0
smallest variable entropy = 1.7976931348623157E308
### branching on x[4,6]!=2
##### after BP iteration 1 #####
x[0,0]{3  <1.0>}
x[0,1]{5  <1.0>}
x[0,2]{4  <1.0>}
x[0,3]{1  <1.0>}
x[0,4]{2  <1.0>}
x[0,5]{6  <1.0>}
x[0,6]{7  <1.0>}
x[0,7]{0  <1.0>}
x[1,0]{1  <1.0>}
x[1,1]{6  <1.0>}
x[1,2]{7  <0.9999999999999999>, 3  <7.06102545681977E-17>}
x[1,3]{0  <1.0>}
x[1,4]{3  <1.0>, 7  <1.1478139939492949E-17>}
x[1,5]{4  <1.0>}
x[1,6]{5  <1.0>}
x[1,7]{2  <1.0>}
x[2,0]{6  <1.0>}
x[2,1]{7  <0.9999804730885556>, 0  <1.9526911444381607E-5>}
x[2,2]{5  <0.9999999999974049>, 7  <2.595172251716222E-12>}
x[2,3]{4  <1.0>}
x[2,4]{0  <0.9999638209965043>, 7  <3.6179003487589416E-5>, 5  <8.169717063519986E-15>}
x[2,5]{2  <1.0>}
x[2,6]{1  <1.0>}
x[2,7]{3  <1.0>}
x[3,0]{0  <1.0>}
x[3,1]{1  <1.0>}
x[3,2]{3  <1.0>, 5  <4.0814074413180483E-17>}
x[3,3]{2  <1.0>}
x[3,4]{5  <1.0>, 3  <2.522230171325602E-19>}
x[3,5]{7  <1.0>}
x[3,6]{6  <1.0>}
x[3,7]{4  <1.0>}
x[4,0]{2  <1.0>}
x[4,1]{0  <0.9999272726394126>, 7  <7.272736058732475E-5>}
x[4,2]{6  <1.0>}
x[4,3]{3  <1.0>}
x[4,4]{0  <3.305047922124367E-7>, 7  <0.9999996694952077>}
x[4,5]{5  <1.0>}
x[4,6]{4  <1.0>}
x[4,7]{1  <1.0>}
x[5,0]{5  <1.0>}
x[5,1]{4  <1.0>}
x[5,2]{2  <1.0>}
x[5,3]{6  <1.0>}
x[5,4]{1  <1.0>}
x[5,5]{0  <1.0>}
x[5,6]{3  <1.0>}
x[5,7]{7  <1.0>}
x[6,0]{7  <1.0>}
x[6,1]{3  <1.0>}
x[6,2]{0  <1.0>}
x[6,3]{5  <1.0>}
x[6,4]{4  <1.0>}
x[6,5]{1  <1.0>}
x[6,6]{2  <1.0>}
x[6,7]{6  <1.0>}
x[7,0]{4  <1.0>}
x[7,1]{2  <1.0>}
x[7,2]{1  <1.0>}
x[7,3]{7  <1.0>}
x[7,4]{6  <1.0>}
x[7,5]{3  <1.0>}
x[7,6]{0  <1.0>}
x[7,7]{5  <1.0>}
problem entropy = 2.0174241702440127E-4
smallest variable entropy = 1.0801191743287767E-17

	#choice: 5
	#fail: 0
	execution time (ms): 38
	#sols : 1
	completed : false

