{6  <1.0>}
model: sum-product-oracle
FINAL DAMPING FACTOR = 1.0
##### after BP iteration 1 #####
x[0,0]{6  <1.0>}
x[0,1]{0  <0.7885892249070976>, 5  <0.21141077509290235>}
x[0,2]{1  <1.0>}
x[0,3]{4  <1.0>}
x[0,4]{2  <1.0>}
x[0,5]{0  <0.37662494396074486>, 5  <0.6233750560392552>}
x[0,6]{7  <1.0>}
x[0,7]{3  <1.0>}
x[1,0]{3  <1.0>}
x[1,1]{0  <0.06623995616227787>, 1  <0.011644649678996923>, 4  <0.9221153941587252>}
x[1,2]{2  <1.0>}
x[1,3]{6  <1.0>}
x[1,4]{7  <1.0>}
x[1,5]{0  <0.8877732569428761>, 4  <0.11222674305712395>}
x[1,6]{5  <1.0>}
x[1,7]{0  <0.09509296179416377>, 1  <0.9049070382058363>}
x[2,0]{7  <1.0>}
x[2,1]{4  <0.04987999168146477>, 1  <0.1406810402393243>, 2  <0.8094389680792109>}
x[2,2]{0  <1.0>}
x[2,3]{2  <0.2611447582958542>, 1  <0.738855241704146>}
x[2,4]{4  <0.9561348324575207>, 1  <0.0438651675424793>}
x[2,5]{3  <1.0>}
x[2,6]{6  <1.0>}
x[2,7]{5  <1.0>}
x[3,0]{2  <1.0>}
x[3,1]{4  <0.08938099257768982>, 1  <0.5594446971087397>, 7  <0.013982636559194815>, 3  <0.33719167375437564>}
x[3,2]{5  <1.0>}
x[3,3]{3  <0.7271958216741857>, 1  <0.2517213825274058>, 7  <0.021082795798408608>}
x[3,4]{0  <1.0>}
x[3,5]{6  <1.0>}
x[3,6]{4  <0.9452542461288719>, 3  <0.05474575387112811>}
x[3,7]{7  <0.7843607451057719>, 1  <0.21563925489422806>}
x[4,0]{5  <1.0>}
x[4,1]{0  <0.04524809099529438>, 7  <0.7066454953390938>, 2  <0.015903539532526795>, 3  <0.02343131121933748>, 4  <0.20877156291374763>}
x[4,2]{4  <0.6945560936294151>, 7  <0.3054439063705849>}
x[4,3]{0  <0.89417119930803>, 7  <0.06906539451879018>, 2  <0.033056632140340846>, 3  <0.0037067740328389017>}
x[4,4]{6  <1.0>}
x[4,5]{1  <1.0>}
x[4,6]{4  <0.06354730780674216>, 3  <0.9364526921932578>}
x[4,7]{0  <0.04008074446475638>, 7  <0.1165962703350277>, 2  <0.843322985200216>}
x[5,0]{4  <1.0>}
x[5,1]{0  <0.05458191954327032>, 1  <4.756711454108009E-4>, 5  <0.016261206754148>, 6  <0.9286812025571709>}
x[5,2]{3  <1.0>}
x[5,3]{0  <0.035514221181600254>, 1  <0.016912726430830458>, 5  <0.9475730523875693>}
x[5,4]{5  <0.08803546783776114>, 1  <0.9119645321622387>}
x[5,5]{7  <1.0>}
x[5,6]{2  <1.0>}
x[5,7]{0  <0.7550088659997504>, 1  <0.007630823173369976>, 6  <0.23736031082687956>}
x[6,0]{1  <1.0>}
x[6,1]{6  <0.10719377675998114>, 7  <0.06003938188111199>, 2  <0.17641284600848994>, 3  <0.2990138723244242>, 4  <0.1842884568192317>, 5  <0.17305166620676093>}
x[6,2]{4  <0.1580221732930045>, 7  <0.8419778267069956>}
x[6,3]{5  <0.1360159224550072>, 7  <0.033667538278577804>, 2  <0.6520276529371838>, 3  <0.17828888632923132>}
x[6,4]{3  <0.4626185578894407>, 4  <0.07932413247260126>, 5  <0.458057309637958>}
x[6,5]{4  <0.6962993807721052>, 5  <0.2348238736492402>, 2  <0.06887674557865452>}
x[6,6]{0  <1.0>}
x[6,7]{6  <0.7194400130946399>, 7  <0.09356225654154621>, 2  <0.18699773036381395>}
x[7,0]{0  <1.0>}
x[7,1]{7  <0.396666093262959>, 5  <0.21922434224819679>, 2  <0.04308051591772496>, 3  <0.3410290485711192>}
x[7,2]{6  <1.0>}
x[7,3]{7  <0.6352359161724256>, 5  <0.13637850723555361>, 2  <0.030579630357313824>, 3  <0.19780594623470693>}
x[7,4]{3  <0.4102564318761367>, 5  <0.5897435681238633>}
x[7,5]{2  <0.8925705144964676>, 5  <0.10742948550353247>}
x[7,6]{1  <1.0>}
x[7,7]{4  <1.0>}
problem entropy = 0.5947210948456102
smallest variable entropy = 0.1800390629781745
##### after BP iteration 2 #####
x[0,0]{6  <1.0>}
x[0,1]{0  <0.668687076327045>, 5  <0.3313129236729549>}
x[0,2]{1  <1.0>}
x[0,3]{4  <1.0>}
x[0,4]{2  <1.0>}
x[0,5]{0  <0.06500404614369024>, 5  <0.9349959538563097>}
x[0,6]{7  <1.0>}
x[0,7]{3  <1.0>}
x[1,0]{3  <1.0>}
x[1,1]{0  <0.05456395723299801>, 1  <0.12477234767460224>, 4  <0.8206636950923997>}
x[1,2]{2  <1.0>}
x[1,3]{6  <1.0>}
x[1,4]{7  <1.0>}
x[1,5]{0  <0.78993483825296>, 4  <0.21006516174704015>}
x[1,6]{5  <1.0>}
x[1,7]{0  <0.04557916762026581>, 1  <0.9544208323797342>}
x[2,0]{7  <1.0>}
x[2,1]{4  <0.010037641694410312>, 1  <0.14108895993577558>, 2  <0.8488733983698142>}
x[2,2]{0  <1.0>}
x[2,3]{2  <0.18667582346452152>, 1  <0.8133241765354785>}
x[2,4]{4  <0.9651870260059823>, 1  <0.03481297399401763>}
x[2,5]{3  <1.0>}
x[2,6]{6  <1.0>}
x[2,7]{5  <1.0>}
x[3,0]{2  <1.0>}
x[3,1]{4  <0.011969536996517685>, 1  <0.6549566157748274>, 7  <0.03855413114540732>, 3  <0.2945197160832476>}
x[3,2]{5  <1.0>}
x[3,3]{3  <0.5900304273784135>, 1  <0.21946529665422623>, 7  <0.19050427596736044>}
x[3,4]{0  <1.0>}
x[3,5]{6  <1.0>}
x[3,6]{4  <0.9462430584609668>, 3  <0.053756941539033196>}
x[3,7]{7  <0.9702224141931169>, 1  <0.02977758580688298>}
x[4,0]{5  <1.0>}
x[4,1]{0  <0.07579951013131334>, 7  <0.6403612702926951>, 2  <0.07585366155908006>, 3  <0.16219628910038422>, 4  <0.045789268916527334>}
x[4,2]{4  <0.8346231486847171>, 7  <0.16537685131528287>}
x[4,3]{0  <0.9809880789180698>, 7  <0.009847390317828301>, 2  <0.007664814746693809>, 3  <0.0014997160174081117>}
x[4,4]{6  <1.0>}
x[4,5]{1  <1.0>}
x[4,6]{4  <0.04819313045118045>, 3  <0.9518068695488195>}
x[4,7]{0  <0.06624734144628433>, 7  <0.008980142391257386>, 2  <0.9247725161624583>}
x[5,0]{4  <1.0>}
x[5,1]{0  <0.05728897923620654>, 1  <0.007005307736131611>, 5  <0.09383033479431584>, 6  <0.841875378233346>}
x[5,2]{3  <1.0>}
x[5,3]{0  <0.039322804536259706>, 1  <0.041749187941682246>, 5  <0.9189280075220579>}
x[5,4]{5  <0.02153764703448791>, 1  <0.9784623529655122>}
x[5,5]{7  <1.0>}
x[5,6]{2  <1.0>}
x[5,7]{0  <0.9242915228561039>, 1  <0.010294753927728896>, 6  <0.06541372321616719>}
x[6,0]{1  <1.0>}
x[6,1]{6  <0.08733774528775072>, 7  <0.06007394553689762>, 2  <0.1511716513246066>, 3  <0.4226507165409638>, 4  <0.022953183412154556>, 5  <0.2558127578976266>}
x[6,2]{4  <0.24913160199074444>, 7  <0.7508683980092556>}
x[6,3]{5  <0.01766258303792094>, 7  <0.05182171927447426>, 2  <0.6032897482634354>, 3  <0.3272259494241695>}
x[6,4]{3  <0.6655177796021302>, 4  <0.01579640728476171>, 5  <0.31868581311310806>}
x[6,5]{4  <0.8653969379748989>, 5  <0.09804931416716689>, 2  <0.03655374785793415>}
x[6,6]{0  <1.0>}
x[6,7]{6  <0.9035896035250633>, 7  <0.02286421476133479>, 2  <0.07354618171360178>}
x[7,0]{0  <1.0>}
x[7,1]{7  <0.2794265675688714>, 5  <0.31429120438278846>, 2  <0.03647825599442893>, 3  <0.36980397205391113>}
x[7,2]{6  <1.0>}
x[7,3]{7  <0.9169045662186741>, 5  <0.010561736468346869>, 2  <0.020437829826353844>, 3  <0.05209586748662519>}
x[7,4]{3  <0.4144879014815578>, 5  <0.5855120985184422>}
x[7,5]{2  <0.9829893515136655>, 5  <0.01701064848633457>}
x[7,6]{1  <1.0>}
x[7,7]{4  <1.0>}
problem entropy = 0.48737810881958954
smallest variable entropy = 0.08616508876000484
##### after BP iteration 3 #####
x[0,0]{6  <1.0>}
x[0,1]{0  <0.931226436583172>, 5  <0.06877356341682804>}
x[0,2]{1  <1.0>}
x[0,3]{4  <1.0>}
x[0,4]{2  <1.0>}
x[0,5]{0  <0.36146444397210115>, 5  <0.6385355560278989>}
x[0,6]{7  <1.0>}
x[0,7]{3  <1.0>}
x[1,0]{3  <1.0>}
x[1,1]{0  <0.06197157207143352>, 1  <0.02145834601776699>, 4  <0.9165700819107995>}
x[1,2]{2  <1.0>}
x[1,3]{6  <1.0>}
x[1,4]{7  <1.0>}
x[1,5]{0  <0.883222306720859>, 4  <0.11677769327914099>}
x[1,6]{5  <1.0>}
x[1,7]{0  <0.08505749597425515>, 1  <0.9149425040257448>}
x[2,0]{7  <1.0>}
x[2,1]{4  <0.010483896928698576>, 1  <0.13816057667365597>, 2  <0.8513555263976454>}
x[2,2]{0  <1.0>}
x[2,3]{2  <0.25945961872922296>, 1  <0.740540381270777>}
x[2,4]{4  <0.996843002927118>, 1  <0.0031569970728819365>}
x[2,5]{3  <1.0>}
x[2,6]{6  <1.0>}
x[2,7]{5  <1.0>}
x[3,0]{2  <1.0>}
x[3,1]{4  <0.010071769328258193>, 1  <0.808216379755428>, 7  <0.00582598597377876>, 3  <0.17588586494253508>}
x[3,2]{5  <1.0>}
x[3,3]{3  <0.7123924456604253>, 1  <0.27541873302118497>, 7  <0.012188821318389756>}
x[3,4]{0  <1.0>}
x[3,5]{6  <1.0>}
x[3,6]{4  <0.9952633638648001>, 3  <0.004736636135199909>}
x[3,7]{7  <0.9110375014683209>, 1  <0.08896249853167913>}
x[4,0]{5  <1.0>}
x[4,1]{0  <0.014982608112664896>, 7  <0.8337730490303511>, 2  <0.012836597157728615>, 3  <0.03350586563823337>, 4  <0.10490188006102213>}
x[4,2]{4  <0.895084190733722>, 7  <0.10491580926627801>}
x[4,3]{0  <0.9417817974412418>, 7  <0.03438337645908609>, 2  <0.022809957948902202>, 3  <0.0010248681507698631>}
x[4,4]{6  <1.0>}
x[4,5]{1  <1.0>}
x[4,6]{4  <0.053759041724671656>, 3  <0.9462409582753284>}
x[4,7]{0  <0.012044719205784149>, 7  <0.09240064989559749>, 2  <0.8955546308986184>}
x[5,0]{4  <1.0>}
x[5,1]{0  <0.03392121338074401>, 1  <1.5598403503240646E-4>, 5  <0.0086671246920691>, 6  <0.9572556778921545>}
x[5,2]{3  <1.0>}
x[5,3]{0  <0.015424807655187563>, 1  <0.014560888944614485>, 5  <0.970014303400198>}
x[5,4]{5  <0.01736804816017851>, 1  <0.9826319518398214>}
x[5,5]{7  <1.0>}
x[5,6]{2  <1.0>}
x[5,7]{0  <0.8767435734821682>, 1  <0.0012896875018881058>, 6  <0.12196673901594372>}
x[6,0]{1  <1.0>}
x[6,1]{6  <0.02188686691945449>, 7  <0.015783757886673494>, 2  <0.10053879156684058>, 3  <0.40590018930239613>, 4  <0.022183161128967427>, 5  <0.433707233195668>}
x[6,2]{4  <0.025500609867927546>, 7  <0.9744993901320725>}
x[6,3]{5  <0.049392965743037906>, 7  <0.012603005461174314>, 2  <0.833801049294533>, 3  <0.10420297950125473>}
x[6,4]{3  <0.4734835670079182>, 4  <0.013137969389087047>, 5  <0.5133784636029948>}
x[6,5]{4  <0.8875284083362274>, 5  <0.07961813150760776>, 2  <0.03285346015616496>}
x[6,6]{0  <1.0>}
x[6,7]{6  <0.9772748294837289>, 7  <0.0027011198076904697>, 2  <0.020024050708580616>}
x[7,0]{0  <1.0>}
x[7,1]{7  <0.057785807913771366>, 5  <0.3891406550474756>, 2  <0.00705857526942483>, 3  <0.5460149617693282>}
x[7,2]{6  <1.0>}
x[7,3]{7  <0.816649071716205>, 5  <0.04275613867345937>, 2  <0.004418529150073285>, 3  <0.1361762604602624>}
x[7,4]{3  <0.39455456588296206>, 5  <0.605445434117038>}
x[7,5]{2  <0.9428277070461127>, 5  <0.05717229295388729>}
x[7,6]{1  <1.0>}
x[7,7]{4  <1.0>}
problem entropy = 0.40483450514732594
smallest variable entropy = 0.021330420677722478
##### after BP iteration 4 #####
x[0,0]{6  <1.0>}
x[0,1]{0  <0.67591731926378>, 5  <0.32408268073622015>}
x[0,2]{1  <1.0>}
x[0,3]{4  <1.0>}
x[0,4]{2  <1.0>}
x[0,5]{0  <0.019281431619157914>, 5  <0.9807185683808421>}
x[0,6]{7  <1.0>}
x[0,7]{3  <1.0>}
x[1,0]{3  <1.0>}
x[1,1]{0  <0.020046925843865637>, 1  <0.12712749135790624>, 4  <0.8528255827982282>}
x[1,2]{2  <1.0>}
x[1,3]{6  <1.0>}
x[1,4]{7  <1.0>}
x[1,5]{0  <0.9344131150833711>, 4  <0.06558688491662888>}
x[1,6]{5  <1.0>}
x[1,7]{0  <0.002290057994316034>, 1  <0.9977099420056839>}
x[2,0]{7  <1.0>}
x[2,1]{4  <0.01392724421294161>, 1  <0.16855708758102503>, 2  <0.8175156682060333>}
x[2,2]{0  <1.0>}
x[2,3]{2  <0.04926458704044565>, 1  <0.9507354129595543>}
x[2,4]{4  <0.9959917893733699>, 1  <0.004008210626630131>}
x[2,5]{3  <1.0>}
x[2,6]{6  <1.0>}
x[2,7]{5  <1.0>}
x[3,0]{2  <1.0>}
x[3,1]{4  <0.020802451433072043>, 1  <0.682668250409243>, 7  <0.024937532469556024>, 3  <0.2715917656881289>}
x[3,2]{5  <1.0>}
x[3,3]{3  <0.891878560833717>, 1  <0.03805037693648484>, 7  <0.07007106222979821>}
x[3,4]{0  <1.0>}
x[3,5]{6  <1.0>}
x[3,6]{4  <0.9765249954337878>, 3  <0.023475004566212238>}
x[3,7]{7  <0.9996843596821181>, 1  <3.15640317881947E-4>}
x[4,0]{5  <1.0>}
x[4,1]{0  <0.007790872659127006>, 7  <0.8213731065268249>, 2  <0.05869477327705192>, 3  <0.06600724484519427>, 4  <0.04613400269180181>}
x[4,2]{4  <0.9776965532867284>, 7  <0.02230344671327162>}
x[4,3]{0  <0.9929139769303765>, 7  <0.0033540928465690986>, 2  <0.0035961349740903812>, 3  <1.3579524896405334E-4>}
x[4,4]{6  <1.0>}
x[4,5]{1  <1.0>}
x[4,6]{4  <0.00656420185058582>, 3  <0.9934357981494142>}
x[4,7]{0  <0.0010325304980814897>, 7  <1.3683273091084718E-4>, 2  <0.9988306367710076>}
x[5,0]{4  <1.0>}
x[5,1]{0  <0.02249913130445525>, 1  <0.0019559809705142783>, 5  <0.10367700423229122>, 6  <0.8718678834927392>}
x[5,2]{3  <1.0>}
x[5,3]{0  <0.03844334288330422>, 1  <0.004426897163772259>, 5  <0.9571297599529235>}
x[5,4]{5  <8.318076992469324E-4>, 1  <0.9991681923007532>}
x[5,5]{7  <1.0>}
x[5,6]{2  <1.0>}
x[5,7]{0  <0.9961809860892267>, 1  <0.0025017038227135974>, 6  <0.0013173100880597868>}
x[6,0]{1  <1.0>}
x[6,1]{6  <0.045064963584688825>, 7  <0.06398498861838864>, 2  <0.13993617081440102>, 3  <0.3028245963810967>, 4  <0.03386456489692685>, 5  <0.4143247157044981>}
x[6,2]{4  <0.06051829919293248>, 7  <0.9394817008070675>}
x[6,3]{5  <0.0077293782483145905>, 7  <0.013134269010379526>, 2  <0.9052223638986379>, 3  <0.07391398884266795>}
x[6,4]{3  <0.5148357491982799>, 4  <0.0014410559351530924>, 5  <0.48372319486656706>}
x[6,5]{4  <0.9473257482475609>, 5  <0.044839830260318646>, 2  <0.007834421492120481>}
x[6,6]{0  <1.0>}
x[6,7]{6  <0.9960855015562484>, 7  <0.0015607093421701947>, 2  <0.002353789101581378>}
x[7,0]{0  <1.0>}
x[7,1]{7  <0.15743286766766587>, 5  <0.30105022473759513>, 2  <0.033041087576869035>, 3  <0.50847582001787>}
x[7,2]{6  <1.0>}
x[7,3]{7  <0.978481401891355>, 5  <0.0033076569423941813>, 2  <0.004338368645871645>, 3  <0.013872572520379208>}
x[7,4]{3  <0.5347402857224461>, 5  <0.46525971427755375>}
x[7,5]{2  <0.9966961181161661>, 5  <0.0033038818838339265>}
x[7,6]{1  <1.0>}
x[7,7]{4  <1.0>}
problem entropy = 0.2956861308871043
smallest variable entropy = 0.0028599378178479446
##### after BP iteration 5 #####
x[0,0]{6  <1.0>}
x[0,1]{0  <0.9818405119060473>, 5  <0.018159488093952673>}
x[0,2]{1  <1.0>}
x[0,3]{4  <1.0>}
x[0,4]{2  <1.0>}
x[0,5]{0  <0.20645226224099383>, 5  <0.7935477377590061>}
x[0,6]{7  <1.0>}
x[0,7]{3  <1.0>}
x[1,0]{3  <1.0>}
x[1,1]{0  <0.021572586002351526>, 1  <2.730252710008401E-4>, 4  <0.9781543887266476>}
x[1,2]{2  <1.0>}
x[1,3]{6  <1.0>}
x[1,4]{7  <1.0>}
x[1,5]{0  <0.9843856903116096>, 4  <0.015614309688390386>}
x[1,6]{5  <1.0>}
x[1,7]{0  <0.005180071505066689>, 1  <0.9948199284949333>}
x[2,0]{7  <1.0>}
x[2,1]{4  <8.38875270616697E-4>, 1  <0.04819502781753072>, 2  <0.9509660969118525>}
x[2,2]{0  <1.0>}
x[2,3]{2  <0.07448898815685245>, 1  <0.9255110118431474>}
x[2,4]{4  <0.9985921104286598>, 1  <0.001407889571340215>}
x[2,5]{3  <1.0>}
x[2,6]{6  <1.0>}
x[2,7]{5  <1.0>}
x[3,0]{2  <1.0>}
x[3,1]{4  <0.004236779243184869>, 1  <0.9511616923137128>, 7  <1.3928613905818792E-4>, 3  <0.04446224230404416>}
x[3,2]{5  <1.0>}
x[3,3]{3  <0.893081303759882>, 1  <0.10679570179147584>, 7  <1.2299444864209187E-4>}
x[3,4]{0  <1.0>}
x[3,5]{6  <1.0>}
x[3,6]{4  <0.9978293563999534>, 3  <0.002170643600046556>}
x[3,7]{7  <0.9609261301443726>, 1  <0.039073869855627455>}
x[4,0]{5  <1.0>}
x[4,1]{0  <0.0032572284290243213>, 7  <0.9787293668470562>, 2  <2.466961163448374E-4>, 3  <3.023844509352295E-4>, 4  <0.017464324156639302>}
x[4,2]{4  <0.9684922688385187>, 7  <0.031507731161481374>}
x[4,3]{0  <0.9902151810040455>, 7  <0.008614071410654662>, 2  <0.0011685785011964344>, 3  <2.1690841035570806E-6>}
x[4,4]{6  <1.0>}
x[4,5]{1  <1.0>}
x[4,6]{4  <0.0016338632171910815>, 3  <0.9983661367828088>}
x[4,7]{0  <0.0015831053890863506>, 7  <0.02236367450598247>, 2  <0.9760532201049311>}
x[5,0]{4  <1.0>}
x[5,1]{0  <6.361411922133021E-4>, 1  <5.925374699033337E-8>, 5  <7.407965925132712E-5>, 6  <0.9992897198947883>}
x[5,2]{3  <1.0>}
x[5,3]{0  <3.3412741940087756E-4>, 1  <4.2581399949825606E-4>, 5  <0.9992400585811008>}
x[5,4]{5  <0.004099255197348323>, 1  <0.9959007448026517>}
x[5,5]{7  <1.0>}
x[5,6]{2  <1.0>}
x[5,7]{0  <0.9872433133812342>, 1  <4.2822257813676296E-5>, 6  <0.012713864360952173>}
x[6,0]{1  <1.0>}
x[6,1]{6  <8.012644809023733E-4>, 7  <0.003750728978280763>, 2  <0.07050237722040745>, 3  <0.4658940526232132>, 4  <0.019954869088327862>, 5  <0.4390967076088683>}
x[6,2]{4  <0.008947397991467168>, 7  <0.9910526020085328>}
x[6,3]{5  <0.05490868540755214>, 7  <0.0012686067272520449>, 2  <0.8819499377297156>, 3  <0.061872770135480176>}
x[6,4]{3  <0.5676219968026357>, 4  <0.0036569244269440385>, 5  <0.42872107877042015>}
x[6,5]{4  <0.9498391966967917>, 5  <0.04664741766181283>, 2  <0.003513385641395588>}
x[6,6]{0  <1.0>}
x[6,7]{6  <0.9961917858058911>, 7  <3.239874172938904E-4>, 2  <0.003484226776815096>}
x[7,0]{0  <1.0>}
x[7,1]{7  <0.014733449175880825>, 5  <0.5005380429947256>, 2  <0.004627558712504839>, 3  <0.48010094911688866>}
x[7,2]{6  <1.0>}
x[7,3]{7  <0.899060712964939>, 5  <0.05018100477761991>, 2  <7.622433276359689E-4>, 3  <0.0499960389298052>}
x[7,4]{3  <0.4757793444136012>, 5  <0.5242206555863989>}
x[7,5]{2  <0.9595192676366272>, 5  <0.04048073236337275>}
x[7,6]{1  <1.0>}
x[7,7]{4  <1.0>}
problem entropy = 0.22256736554895823
smallest variable entropy = 0.006097595240383856
##### after BP iteration 6 #####
x[0,0]{6  <1.0>}
x[0,1]{0  <0.8230897547471276>, 5  <0.17691024525287227>}
x[0,2]{1  <1.0>}
x[0,3]{4  <1.0>}
x[0,4]{2  <1.0>}
x[0,5]{0  <0.0017864111883842328>, 5  <0.9982135888116157>}
x[0,6]{7  <1.0>}
x[0,7]{3  <1.0>}
x[1,0]{3  <1.0>}
x[1,1]{0  <0.0038237568690315323>, 1  <0.006091614468027904>, 4  <0.9900846286629406>}
x[1,2]{2  <1.0>}
x[1,3]{6  <1.0>}
x[1,4]{7  <1.0>}
x[1,5]{0  <0.9835158456810739>, 4  <0.0164841543189261>}
x[1,6]{5  <1.0>}
x[1,7]{0  <4.828624309158803E-5>, 1  <0.9999517137569085>}
x[2,0]{7  <1.0>}
x[2,1]{4  <0.0016849047584915067>, 1  <0.014575449572624204>, 2  <0.9837396456688844>}
x[2,2]{0  <1.0>}
x[2,3]{2  <0.03767993704068067>, 1  <0.9623200629593193>}
x[2,4]{4  <0.999623215961823>, 1  <3.7678403817696627E-4>}
x[2,5]{3  <1.0>}
x[2,6]{6  <1.0>}
x[2,7]{5  <1.0>}
x[3,0]{2  <1.0>}
x[3,1]{4  <0.004161247061577761>, 1  <0.8487620661386026>, 7  <0.0022104612207203035>, 3  <0.14486622557909926>}
x[3,2]{5  <1.0>}
x[3,3]{3  <0.9369714092724615>, 1  <0.031751686958014086>, 7  <0.031276903769524314>}
x[3,4]{0  <1.0>}
x[3,5]{6  <1.0>}
x[3,6]{4  <0.9983197814828882>, 3  <0.0016802185171117573>}
x[3,7]{7  <0.9999954772244369>, 1  <4.522775563038471E-6>}
x[4,0]{5  <1.0>}
x[4,1]{0  <0.0025452050119130075>, 7  <0.9606539299317745>, 2  <0.008401947889086136>, 3  <0.020288341251952925>, 4  <0.008110575915273525>}
x[4,2]{4  <0.9930017841390216>, 7  <0.0069982158609783315>}
x[4,3]{0  <0.9999169143218084>, 7  <5.5061124535229365E-5>, 2  <2.78230429561615E-5>, 3  <2.0151070019057286E-7>}
x[4,4]{6  <1.0>}
x[4,5]{1  <1.0>}
x[4,6]{4  <8.922681091591611E-4>, 3  <0.9991077318908408>}
x[4,7]{0  <1.8136173450414834E-4>, 7  <3.0584522842007482E-6>, 2  <0.9998155798132117>}
x[5,0]{4  <1.0>}
x[5,1]{0  <0.0018397127760822255>, 1  <1.0682787877653941E-4>, 5  <0.02869436782339592>, 6  <0.9693590915217453>}
x[5,2]{3  <1.0>}
x[5,3]{0  <0.0011142402790935487>, 1  <0.0019072107936462235>, 5  <0.9969785489272602>}
x[5,4]{5  <1.35099425594737E-4>, 1  <0.9998649005744052>}
x[5,5]{7  <1.0>}
x[5,6]{2  <1.0>}
x[5,7]{0  <0.999562981442038>, 1  <3.746009117072065E-4>, 6  <6.241764625481943E-5>}
x[6,0]{1  <1.0>}
x[6,1]{6  <4.7457754751010963E-4>, 7  <0.00800698509519012>, 2  <0.03861842372341507>, 3  <0.513652716276573>, 4  <0.010446919302500338>, 5  <0.42880037805481125>}
x[6,2]{4  <0.025804706761997462>, 7  <0.9741952932380026>}
x[6,3]{5  <1.584340254065285E-4>, 7  <0.002599218710808138>, 2  <0.9601472942801333>, 3  <0.03709505298365202>}
x[6,4]{3  <0.6129116354897541>, 4  <1.4781593769036953E-4>, 5  <0.38694054857255555>}
x[6,5]{4  <0.9917189128166051>, 5  <0.007298565154649407>, 2  <9.825220287455097E-4>}
x[6,6]{0  <1.0>}
x[6,7]{6  <0.9997840088170066>, 7  <6.615266254339435E-5>, 2  <1.4983852045006167E-4>}
x[7,0]{0  <1.0>}
x[7,1]{7  <0.017701117763504876>, 5  <0.48492285225386667>, 2  <0.01186471427079906>, 3  <0.48551131571182937>}
x[7,2]{6  <1.0>}
x[7,3]{7  <0.9993687703345842>, 5  <1.254920017903069E-5>, 2  <4.1373709197347274E-4>, 3  <2.0494337326329375E-4>}
x[7,4]{3  <0.4577710076282344>, 5  <0.5422289923717655>}
x[7,5]{2  <0.9998768768394659>, 5  <1.2312316053420384E-4>}
x[7,6]{1  <1.0>}
x[7,7]{4  <1.0>}
problem entropy = 0.16747970623812122
smallest variable entropy = 6.018178128040345E-5
### branching on x[6,7]=6; marginal=0.9997840088170066; regret=0.9996341702965565; nb of ties=14
##### after BP iteration 1 #####
x[0,0]{6  <1.0>}
x[0,1]{0  <0.9996178158522093>, 5  <3.8218414779070577E-4>}
x[0,2]{1  <1.0>}
x[0,3]{4  <1.0>}
x[0,4]{2  <1.0>}
x[0,5]{0  <0.10643467756305275>, 5  <0.8935653224369473>}
x[0,6]{7  <1.0>}
x[0,7]{3  <1.0>}
x[1,0]{3  <1.0>}
x[1,1]{0  <0.0029510133235279667>, 1  <1.6348657649892848E-6>, 4  <0.997047351810707>}
x[1,2]{2  <1.0>}
x[1,3]{6  <1.0>}
x[1,4]{7  <1.0>}
x[1,5]{0  <0.9962623160554783>, 4  <0.003737683944521726>}
x[1,6]{5  <1.0>}
x[1,7]{0  <3.237501761268763E-5>, 1  <0.9999676249823873>}
x[2,0]{7  <1.0>}
x[2,1]{4  <8.208372202445271E-6>, 1  <0.008070399767969937>, 2  <0.9919213918598276>}
x[2,2]{0  <1.0>}
x[2,3]{2  <0.022511400983492573>, 1  <0.9774885990165075>}
x[2,4]{4  <0.9998147233972655>, 1  <1.8527660273446337E-4>}
x[2,5]{3  <1.0>}
x[2,6]{6  <1.0>}
x[2,7]{5  <1.0>}
x[3,0]{2  <1.0>}
x[3,1]{4  <3.689440460983938E-5>, 1  <0.9947520747513688>, 3  <0.0052110308440212584>}
x[3,2]{5  <1.0>}
x[3,3]{3  <0.8822299206974775>, 1  <0.11777007930252241>}
x[3,4]{0  <1.0>}
x[3,5]{6  <1.0>}
x[3,6]{4  <0.999851220129433>, 3  <1.487798705670511E-4>}
x[3,7]{7  <1.0>}
x[4,0]{5  <1.0>}
x[4,1]{0  <2.4562529328130494E-5>, 7  <0.999095410754281>, 4  <8.501097317709346E-4>, 3  <2.991698461987302E-5>}
x[4,2]{4  <0.9926719510602618>, 7  <0.007328048939738186>}
x[4,3]{0  <0.999240699692849>, 7  <7.59279550566208E-4>, 3  <2.075658468931465E-8>}
x[4,4]{6  <1.0>}
x[4,5]{1  <1.0>}
x[4,6]{4  <7.54180962784164E-4>, 3  <0.9992458190372158>}
x[4,7]{2  <1.0>}
x[5,0]{4  <1.0>}
x[5,1]{6  <1.0>}
x[5,2]{3  <1.0>}
x[5,3]{0  <1.0225023122240865E-6>, 1  <8.368717629065254E-5>, 5  <0.999915290321397>}
x[5,4]{5  <0.0012454872130931718>, 1  <0.9987545127869069>}
x[5,5]{7  <1.0>}
x[5,6]{2  <1.0>}
x[5,7]{0  <0.9999993970963621>, 1  <6.029036378200265E-7>}
x[6,0]{1  <1.0>}
x[6,1]{5  <0.5197271349087084>, 7  <7.827584728758221E-5>, 2  <0.0035546204955074815>, 3  <0.47600925564506275>, 4  <6.307131034338612E-4>}
x[6,2]{4  <1.516972757649446E-4>, 7  <0.9998483027242351>}
x[6,3]{5  <0.0026838713597509343>, 7  <6.524800312707729E-5>, 2  <0.9707105542749894>, 3  <0.026540326362132615>}
x[6,4]{3  <0.4388746404512116>, 4  <4.535760156823203E-4>, 5  <0.5606717835331061>}
x[6,5]{4  <0.9941406357739198>, 5  <0.005596297657268614>, 2  <2.630665688116472E-4>}
x[6,6]{0  <1.0>}
x[6,7]{6  <1.0>}
x[7,0]{0  <1.0>}
x[7,1]{7  <4.9860259502603935E-5>, 5  <0.4517082377831639>, 2  <1.3062141058564627E-5>, 3  <0.5482288398162749>}
x[7,2]{6  <1.0>}
x[7,3]{7  <0.9960470289572999>, 5  <0.0012529215902713903>, 2  <1.0770692192358585E-6>, 3  <0.0026989723832095505>}
x[7,4]{3  <0.4188840653147923>, 5  <0.5811159346852077>}
x[7,5]{2  <0.9951223989810468>, 5  <0.004877601018953194>}
x[7,6]{1  <1.0>}
x[7,7]{4  <1.0>}
problem entropy = 0.1539397645771538
smallest variable entropy = 9.23739300431357E-6
### branching on x[2,4]=4; marginal=0.9998147233972655; regret=0.999629446794531; nb of ties=15
##### after BP iteration 1 #####
x[0,0]{6  <1.0>}
x[0,1]{0  <0.9999803994067014>, 5  <1.9600593298673684E-5>}
x[0,2]{1  <1.0>}
x[0,3]{4  <1.0>}
x[0,4]{2  <1.0>}
x[0,5]{0  <2.037817334116235E-5>, 5  <0.9999796218266588>}
x[0,6]{7  <1.0>}
x[0,7]{3  <1.0>}
x[1,0]{3  <1.0>}
x[1,1]{0  <2.092904747512342E-6>, 4  <0.9999979070952525>}
x[1,2]{2  <1.0>}
x[1,3]{6  <1.0>}
x[1,4]{7  <1.0>}
x[1,5]{0  <0.9994654858322607>, 4  <5.345141677393788E-4>}
x[1,6]{5  <1.0>}
x[1,7]{1  <1.0>}
x[2,0]{7  <1.0>}
x[2,1]{2  <0.9996608004730766>, 1  <3.3919952692335287E-4>}
x[2,2]{0  <1.0>}
x[2,3]{2  <0.0021394974087650107>, 1  <0.997860502591235>}
x[2,4]{4  <1.0>}
x[2,5]{3  <1.0>}
x[2,6]{6  <1.0>}
x[2,7]{5  <1.0>}
x[3,0]{2  <1.0>}
x[3,1]{4  <2.5372940167760625E-9>, 1  <0.9996359172118259>, 3  <3.640802508800866E-4>}
x[3,2]{5  <1.0>}
x[3,3]{3  <0.9997110173223217>, 1  <2.889826776783459E-4>}
x[3,4]{0  <1.0>}
x[3,5]{6  <1.0>}
x[3,6]{4  <0.9998354045023807>, 3  <1.6459549761921086E-4>}
x[3,7]{7  <1.0>}
x[4,0]{5  <1.0>}
x[4,1]{3  <3.199961919601212E-5>, 7  <0.9999679940186645>, 4  <6.362139382732076E-9>}
x[4,2]{4  <0.9999592450845989>, 7  <4.075491540111084E-5>}
x[4,3]{0  <1.0>}
x[4,4]{6  <1.0>}
x[4,5]{1  <1.0>}
x[4,6]{4  <1.14568920505248E-4>, 3  <0.9998854310794947>}
x[4,7]{2  <1.0>}
x[5,0]{4  <1.0>}
x[5,1]{6  <1.0>}
x[5,2]{3  <1.0>}
x[5,3]{5  <1.0>}
x[5,4]{1  <1.0>}
x[5,5]{7  <1.0>}
x[5,6]{2  <1.0>}
x[5,7]{0  <1.0>}
x[6,0]{1  <1.0>}
x[6,1]{5  <0.5420517068806664>, 7  <3.6578521997916993E-6>, 2  <3.1940944102920485E-4>, 3  <0.45762120218232777>, 4  <4.023643776780736E-6>}
x[6,2]{4  <0.0014306228152291681>, 7  <0.9985693771847708>}
x[6,3]{3  <8.234253918856375E-4>, 7  <1.99630460568249E-5>, 2  <0.9991566115620575>}
x[6,4]{3  <0.4934822843671944>, 5  <0.5065177156328056>}
x[6,5]{4  <0.9997578457731406>, 5  <2.2103113165289047E-4>, 2  <2.1123095206449177E-5>}
x[6,6]{0  <1.0>}
x[6,7]{6  <1.0>}
x[7,0]{0  <1.0>}
x[7,1]{7  <4.00541592139936E-6>, 5  <0.3957702355798442>, 2  <5.865253479429701E-5>, 3  <0.60416710646944>}
x[7,2]{6  <1.0>}
x[7,3]{7  <0.9999981448685>, 3  <2.502935335376529E-7>, 2  <1.6048379665369358E-6>}
x[7,4]{3  <0.5541995536016239>, 5  <0.4458004463983761>}
x[7,5]{2  <0.9999996906289156>, 5  <3.093710844110638E-7>}
x[7,6]{1  <1.0>}
x[7,7]{4  <1.0>}
problem entropy = 0.14170242756042423
smallest variable entropy = 4.946448945800797E-6
### branching on x[4,6]=3; marginal=0.9998854310794947; regret=0.9997708621589895; nb of ties=17
### branching on x[6,3]=2; marginal=0.9991566115620575; regret=0.9983331861701719; nb of ties=15
##### after BP iteration 1 #####
x[0,0]{6  <1.0>}
x[0,1]{0  <0.9999965241835679>, 5  <3.4758164321388686E-6>}
x[0,2]{1  <1.0>}
x[0,3]{4  <1.0>}
x[0,4]{2  <1.0>}
x[0,5]{0  <3.808898569464277E-7>, 5  <0.999999619110143>}
x[0,6]{7  <1.0>}
x[0,7]{3  <1.0>}
x[1,0]{3  <1.0>}
x[1,1]{0  <1.1034137437984358E-4>, 4  <0.9998896586256202>}
x[1,2]{2  <1.0>}
x[1,3]{6  <1.0>}
x[1,4]{7  <1.0>}
x[1,5]{0  <0.9999999507979896>, 4  <4.920201027265257E-8>}
x[1,6]{5  <1.0>}
x[1,7]{1  <1.0>}
x[2,0]{7  <1.0>}
x[2,1]{2  <1.0>}
x[2,2]{0  <1.0>}
x[2,3]{1  <1.0>}
x[2,4]{4  <1.0>}
x[2,5]{3  <1.0>}
x[2,6]{6  <1.0>}
x[2,7]{5  <1.0>}
x[3,0]{2  <1.0>}
x[3,1]{1  <1.0>}
x[3,2]{5  <1.0>}
x[3,3]{3  <1.0>}
x[3,4]{0  <1.0>}
x[3,5]{6  <1.0>}
x[3,6]{4  <1.0>}
x[3,7]{7  <1.0>}
x[4,0]{5  <1.0>}
x[4,1]{4  <1.048145382084808E-6>, 7  <0.999998951854618>}
x[4,2]{4  <0.9999999987652434>, 7  <1.2347566447734626E-9>}
x[4,3]{0  <1.0>}
x[4,4]{6  <1.0>}
x[4,5]{1  <1.0>}
x[4,6]{3  <1.0>}
x[4,7]{2  <1.0>}
x[5,0]{4  <1.0>}
x[5,1]{6  <1.0>}
x[5,2]{3  <1.0>}
x[5,3]{5  <1.0>}
x[5,4]{1  <1.0>}
x[5,5]{7  <1.0>}
x[5,6]{2  <1.0>}
x[5,7]{0  <1.0>}
x[6,0]{1  <1.0>}
x[6,1]{5  <0.5810855319395741>, 7  <3.8338788287882896E-7>, 4  <5.193447817282011E-5>, 3  <0.41886215019437023>}
x[6,2]{4  <7.348624561349145E-9>, 7  <0.9999999926513754>}
x[6,3]{2  <1.0>}
x[6,4]{3  <0.5489893624608662>, 5  <0.4510106375391339>}
x[6,5]{4  <0.9999998692100279>, 5  <1.3078997213094473E-7>}
x[6,6]{0  <1.0>}
x[6,7]{6  <1.0>}
x[7,0]{0  <1.0>}
x[7,1]{3  <0.4425650345107262>, 5  <0.5574349654892738>}
x[7,2]{6  <1.0>}
x[7,3]{7  <1.0>}
x[7,4]{3  <0.4826098760343771>, 5  <0.5173901239656229>}
x[7,5]{2  <1.0>}
x[7,6]{1  <1.0>}
x[7,7]{4  <1.0>}
problem entropy = 0.2896013729208065
smallest variable entropy = 2.6562568871512767E-8
### branching on x[0,5]=5; marginal=0.999999619110143; regret=0.999999238220286; nb of ties=8
##### after BP iteration 1 #####
x[0,0]{6  <1.0>}
x[0,1]{0  <1.0>}
x[0,2]{1  <1.0>}
x[0,3]{4  <1.0>}
x[0,4]{2  <1.0>}
x[0,5]{5  <1.0>}
x[0,6]{7  <1.0>}
x[0,7]{3  <1.0>}
x[1,0]{3  <1.0>}
x[1,1]{4  <1.0>}
x[1,2]{2  <1.0>}
x[1,3]{6  <1.0>}
x[1,4]{7  <1.0>}
x[1,5]{0  <1.0>}
x[1,6]{5  <1.0>}
x[1,7]{1  <1.0>}
x[2,0]{7  <1.0>}
x[2,1]{2  <1.0>}
x[2,2]{0  <1.0>}
x[2,3]{1  <1.0>}
x[2,4]{4  <1.0>}
x[2,5]{3  <1.0>}
x[2,6]{6  <1.0>}
x[2,7]{5  <1.0>}
x[3,0]{2  <1.0>}
x[3,1]{1  <1.0>}
x[3,2]{5  <1.0>}
x[3,3]{3  <1.0>}
x[3,4]{0  <1.0>}
x[3,5]{6  <1.0>}
x[3,6]{4  <1.0>}
x[3,7]{7  <1.0>}
x[4,0]{5  <1.0>}
x[4,1]{7  <1.0>}
x[4,2]{4  <1.0>}
x[4,3]{0  <1.0>}
x[4,4]{6  <1.0>}
x[4,5]{1  <1.0>}
x[4,6]{3  <1.0>}
x[4,7]{2  <1.0>}
x[5,0]{4  <1.0>}
x[5,1]{6  <1.0>}
x[5,2]{3  <1.0>}
x[5,3]{5  <1.0>}
x[5,4]{1  <1.0>}
x[5,5]{7  <1.0>}
x[5,6]{2  <1.0>}
x[5,7]{0  <1.0>}
x[6,0]{1  <1.0>}
x[6,1]{5  <0.4458004463983762>, 3  <0.5541995536016238>}
x[6,2]{7  <1.0>}
x[6,3]{2  <1.0>}
x[6,4]{3  <0.6042049647143413>, 5  <0.3957950352856587>}
x[6,5]{4  <1.0>}
x[6,6]{0  <1.0>}
x[6,7]{6  <1.0>}
x[7,0]{0  <1.0>}
x[7,1]{3  <0.4934822843671945>, 5  <0.5065177156328055>}
x[7,2]{6  <1.0>}
x[7,3]{7  <1.0>}
x[7,4]{3  <0.45425747752293294>, 5  <0.545742522477067>}
x[7,5]{2  <1.0>}
x[7,6]{1  <1.0>}
x[7,7]{4  <1.0>}
problem entropy = 0.98844412760569
smallest variable entropy = 0.6712698200459015
##### after BP iteration 2 #####
x[0,0]{6  <1.0>}
x[0,1]{0  <1.0>}
x[0,2]{1  <1.0>}
x[0,3]{4  <1.0>}
x[0,4]{2  <1.0>}
x[0,5]{5  <1.0>}
x[0,6]{7  <1.0>}
x[0,7]{3  <1.0>}
x[1,0]{3  <1.0>}
x[1,1]{4  <1.0>}
x[1,2]{2  <1.0>}
x[1,3]{6  <1.0>}
x[1,4]{7  <1.0>}
x[1,5]{0  <1.0>}
x[1,6]{5  <1.0>}
x[1,7]{1  <1.0>}
x[2,0]{7  <1.0>}
x[2,1]{2  <1.0>}
x[2,2]{0  <1.0>}
x[2,3]{1  <1.0>}
x[2,4]{4  <1.0>}
x[2,5]{3  <1.0>}
x[2,6]{6  <1.0>}
x[2,7]{5  <1.0>}
x[3,0]{2  <1.0>}
x[3,1]{1  <1.0>}
x[3,2]{5  <1.0>}
x[3,3]{3  <1.0>}
x[3,4]{0  <1.0>}
x[3,5]{6  <1.0>}
x[3,6]{4  <1.0>}
x[3,7]{7  <1.0>}
x[4,0]{5  <1.0>}
x[4,1]{7  <1.0>}
x[4,2]{4  <1.0>}
x[4,3]{0  <1.0>}
x[4,4]{6  <1.0>}
x[4,5]{1  <1.0>}
x[4,6]{3  <1.0>}
x[4,7]{2  <1.0>}
x[5,0]{4  <1.0>}
x[5,1]{6  <1.0>}
x[5,2]{3  <1.0>}
x[5,3]{5  <1.0>}
x[5,4]{1  <1.0>}
x[5,5]{7  <1.0>}
x[5,6]{2  <1.0>}
x[5,7]{0  <1.0>}
x[6,0]{1  <1.0>}
x[6,1]{5  <0.5173901239656229>, 3  <0.4826098760343771>}
x[6,2]{7  <1.0>}
x[6,3]{2  <1.0>}
x[6,4]{3  <0.4425650345107262>, 5  <0.5574349654892737>}
x[6,5]{4  <1.0>}
x[6,6]{0  <1.0>}
x[6,7]{6  <1.0>}
x[7,0]{0  <1.0>}
x[7,1]{3  <0.548989362460866>, 5  <0.45101063753913395>}
x[7,2]{6  <1.0>}
x[7,3]{7  <1.0>}
x[7,4]{3  <0.4188840653147922>, 5  <0.5811159346852077>}
x[7,5]{2  <1.0>}
x[7,6]{1  <1.0>}
x[7,7]{4  <1.0>}
problem entropy = 0.9908956394411433
smallest variable entropy = 0.679929249485896
##### after BP iteration 3 #####
x[0,0]{6  <1.0>}
x[0,1]{0  <1.0>}
x[0,2]{1  <1.0>}
x[0,3]{4  <1.0>}
x[0,4]{2  <1.0>}
x[0,5]{5  <1.0>}
x[0,6]{7  <1.0>}
x[0,7]{3  <1.0>}
x[1,0]{3  <1.0>}
x[1,1]{4  <1.0>}
x[1,2]{2  <1.0>}
x[1,3]{6  <1.0>}
x[1,4]{7  <1.0>}
x[1,5]{0  <1.0>}
x[1,6]{5  <1.0>}
x[1,7]{1  <1.0>}
x[2,0]{7  <1.0>}
x[2,1]{2  <1.0>}
x[2,2]{0  <1.0>}
x[2,3]{1  <1.0>}
x[2,4]{4  <1.0>}
x[2,5]{3  <1.0>}
x[2,6]{6  <1.0>}
x[2,7]{5  <1.0>}
x[3,0]{2  <1.0>}
x[3,1]{1  <1.0>}
x[3,2]{5  <1.0>}
x[3,3]{3  <1.0>}
x[3,4]{0  <1.0>}
x[3,5]{6  <1.0>}
x[3,6]{4  <1.0>}
x[3,7]{7  <1.0>}
x[4,0]{5  <1.0>}
x[4,1]{7  <1.0>}
x[4,2]{4  <1.0>}
x[4,3]{0  <1.0>}
x[4,4]{6  <1.0>}
x[4,5]{1  <1.0>}
x[4,6]{3  <1.0>}
x[4,7]{2  <1.0>}
x[5,0]{4  <1.0>}
x[5,1]{6  <1.0>}
x[5,2]{3  <1.0>}
x[5,3]{5  <1.0>}
x[5,4]{1  <1.0>}
x[5,5]{7  <1.0>}
x[5,6]{2  <1.0>}
x[5,7]{0  <1.0>}
x[6,0]{1  <1.0>}
x[6,1]{5  <0.5457425224770669>, 3  <0.45425747752293305>}
x[6,2]{7  <1.0>}
x[6,3]{2  <1.0>}
x[6,4]{3  <0.49348228436719443>, 5  <0.5065177156328056>}
x[6,5]{4  <1.0>}
x[6,6]{0  <1.0>}
x[6,7]{6  <1.0>}
x[7,0]{0  <1.0>}
x[7,1]{3  <0.6042049647143413>, 5  <0.3957950352856587>}
x[7,2]{6  <1.0>}
x[7,3]{7  <1.0>}
x[7,4]{3  <0.5541995536016238>, 5  <0.4458004463983762>}
x[7,5]{2  <1.0>}
x[7,6]{1  <1.0>}
x[7,7]{4  <1.0>}
problem entropy = 0.9884441276056899
smallest variable entropy = 0.6712698200459015
##### after BP iteration 4 #####
x[0,0]{6  <1.0>}
x[0,1]{0  <1.0>}
x[0,2]{1  <1.0>}
x[0,3]{4  <1.0>}
x[0,4]{2  <1.0>}
x[0,5]{5  <1.0>}
x[0,6]{7  <1.0>}
x[0,7]{3  <1.0>}
x[1,0]{3  <1.0>}
x[1,1]{4  <1.0>}
x[1,2]{2  <1.0>}
x[1,3]{6  <1.0>}
x[1,4]{7  <1.0>}
x[1,5]{0  <1.0>}
x[1,6]{5  <1.0>}
x[1,7]{1  <1.0>}
x[2,0]{7  <1.0>}
x[2,1]{2  <1.0>}
x[2,2]{0  <1.0>}
x[2,3]{1  <1.0>}
x[2,4]{4  <1.0>}
x[2,5]{3  <1.0>}
x[2,6]{6  <1.0>}
x[2,7]{5  <1.0>}
x[3,0]{2  <1.0>}
x[3,1]{1  <1.0>}
x[3,2]{5  <1.0>}
x[3,3]{3  <1.0>}
x[3,4]{0  <1.0>}
x[3,5]{6  <1.0>}
x[3,6]{4  <1.0>}
x[3,7]{7  <1.0>}
x[4,0]{5  <1.0>}
x[4,1]{7  <1.0>}
x[4,2]{4  <1.0>}
x[4,3]{0  <1.0>}
x[4,4]{6  <1.0>}
x[4,5]{1  <1.0>}
x[4,6]{3  <1.0>}
x[4,7]{2  <1.0>}
x[5,0]{4  <1.0>}
x[5,1]{6  <1.0>}
x[5,2]{3  <1.0>}
x[5,3]{5  <1.0>}
x[5,4]{1  <1.0>}
x[5,5]{7  <1.0>}
x[5,6]{2  <1.0>}
x[5,7]{0  <1.0>}
x[6,0]{1  <1.0>}
x[6,1]{5  <0.5811159346852077>, 3  <0.41888406531479233>}
x[6,2]{7  <1.0>}
x[6,3]{2  <1.0>}
x[6,4]{3  <0.5489893624608659>, 5  <0.45101063753913406>}
x[6,5]{4  <1.0>}
x[6,6]{0  <1.0>}
x[6,7]{6  <1.0>}
x[7,0]{0  <1.0>}
x[7,1]{3  <0.44256503451072626>, 5  <0.5574349654892737>}
x[7,2]{6  <1.0>}
x[7,3]{7  <1.0>}
x[7,4]{3  <0.4826098760343771>, 5  <0.5173901239656229>}
x[7,5]{2  <1.0>}
x[7,6]{1  <1.0>}
x[7,7]{4  <1.0>}
problem entropy = 0.9908956394411433
smallest variable entropy = 0.679929249485896
##### after BP iteration 5 #####
x[0,0]{6  <1.0>}
x[0,1]{0  <1.0>}
x[0,2]{1  <1.0>}
x[0,3]{4  <1.0>}
x[0,4]{2  <1.0>}
x[0,5]{5  <1.0>}
x[0,6]{7  <1.0>}
x[0,7]{3  <1.0>}
x[1,0]{3  <1.0>}
x[1,1]{4  <1.0>}
x[1,2]{2  <1.0>}
x[1,3]{6  <1.0>}
x[1,4]{7  <1.0>}
x[1,5]{0  <1.0>}
x[1,6]{5  <1.0>}
x[1,7]{1  <1.0>}
x[2,0]{7  <1.0>}
x[2,1]{2  <1.0>}
x[2,2]{0  <1.0>}
x[2,3]{1  <1.0>}
x[2,4]{4  <1.0>}
x[2,5]{3  <1.0>}
x[2,6]{6  <1.0>}
x[2,7]{5  <1.0>}
x[3,0]{2  <1.0>}
x[3,1]{1  <1.0>}
x[3,2]{5  <1.0>}
x[3,3]{3  <1.0>}
x[3,4]{0  <1.0>}
x[3,5]{6  <1.0>}
x[3,6]{4  <1.0>}
x[3,7]{7  <1.0>}
x[4,0]{5  <1.0>}
x[4,1]{7  <1.0>}
x[4,2]{4  <1.0>}
x[4,3]{0  <1.0>}
x[4,4]{6  <1.0>}
x[4,5]{1  <1.0>}
x[4,6]{3  <1.0>}
x[4,7]{2  <1.0>}
x[5,0]{4  <1.0>}
x[5,1]{6  <1.0>}
x[5,2]{3  <1.0>}
x[5,3]{5  <1.0>}
x[5,4]{1  <1.0>}
x[5,5]{7  <1.0>}
x[5,6]{2  <1.0>}
x[5,7]{0  <1.0>}
x[6,0]{1  <1.0>}
x[6,1]{5  <0.4458004463983763>, 3  <0.5541995536016239>}
x[6,2]{7  <1.0>}
x[6,3]{2  <1.0>}
x[6,4]{3  <0.6042049647143413>, 5  <0.3957950352856587>}
x[6,5]{4  <1.0>}
x[6,6]{0  <1.0>}
x[6,7]{6  <1.0>}
x[7,0]{0  <1.0>}
x[7,1]{3  <0.4934822843671944>, 5  <0.5065177156328056>}
x[7,2]{6  <1.0>}
x[7,3]{7  <1.0>}
x[7,4]{3  <0.4542574775229331>, 5  <0.5457425224770669>}
x[7,5]{2  <1.0>}
x[7,6]{1  <1.0>}
x[7,7]{4  <1.0>}
problem entropy = 0.98844412760569
smallest variable entropy = 0.6712698200459015
##### after BP iteration 6 #####
x[0,0]{6  <1.0>}
x[0,1]{0  <1.0>}
x[0,2]{1  <1.0>}
x[0,3]{4  <1.0>}
x[0,4]{2  <1.0>}
x[0,5]{5  <1.0>}
x[0,6]{7  <1.0>}
x[0,7]{3  <1.0>}
x[1,0]{3  <1.0>}
x[1,1]{4  <1.0>}
x[1,2]{2  <1.0>}
x[1,3]{6  <1.0>}
x[1,4]{7  <1.0>}
x[1,5]{0  <1.0>}
x[1,6]{5  <1.0>}
x[1,7]{1  <1.0>}
x[2,0]{7  <1.0>}
x[2,1]{2  <1.0>}
x[2,2]{0  <1.0>}
x[2,3]{1  <1.0>}
x[2,4]{4  <1.0>}
x[2,5]{3  <1.0>}
x[2,6]{6  <1.0>}
x[2,7]{5  <1.0>}
x[3,0]{2  <1.0>}
x[3,1]{1  <1.0>}
x[3,2]{5  <1.0>}
x[3,3]{3  <1.0>}
x[3,4]{0  <1.0>}
x[3,5]{6  <1.0>}
x[3,6]{4  <1.0>}
x[3,7]{7  <1.0>}
x[4,0]{5  <1.0>}
x[4,1]{7  <1.0>}
x[4,2]{4  <1.0>}
x[4,3]{0  <1.0>}
x[4,4]{6  <1.0>}
x[4,5]{1  <1.0>}
x[4,6]{3  <1.0>}
x[4,7]{2  <1.0>}
x[5,0]{4  <1.0>}
x[5,1]{6  <1.0>}
x[5,2]{3  <1.0>}
x[5,3]{5  <1.0>}
x[5,4]{1  <1.0>}
x[5,5]{7  <1.0>}
x[5,6]{2  <1.0>}
x[5,7]{0  <1.0>}
x[6,0]{1  <1.0>}
x[6,1]{5  <0.5173901239656229>, 3  <0.4826098760343771>}
x[6,2]{7  <1.0>}
x[6,3]{2  <1.0>}
x[6,4]{3  <0.4425650345107263>, 5  <0.5574349654892736>}
x[6,5]{4  <1.0>}
x[6,6]{0  <1.0>}
x[6,7]{6  <1.0>}
x[7,0]{0  <1.0>}
x[7,1]{3  <0.5489893624608659>, 5  <0.4510106375391341>}
x[7,2]{6  <1.0>}
x[7,3]{7  <1.0>}
x[7,4]{3  <0.41888406531479233>, 5  <0.5811159346852076>}
x[7,5]{2  <1.0>}
x[7,6]{1  <1.0>}
x[7,7]{4  <1.0>}
problem entropy = 0.9908956394411434
smallest variable entropy = 0.679929249485896
##### after BP iteration 7 #####
x[0,0]{6  <1.0>}
x[0,1]{0  <1.0>}
x[0,2]{1  <1.0>}
x[0,3]{4  <1.0>}
x[0,4]{2  <1.0>}
x[0,5]{5  <1.0>}
x[0,6]{7  <1.0>}
x[0,7]{3  <1.0>}
x[1,0]{3  <1.0>}
x[1,1]{4  <1.0>}
x[1,2]{2  <1.0>}
x[1,3]{6  <1.0>}
x[1,4]{7  <1.0>}
x[1,5]{0  <1.0>}
x[1,6]{5  <1.0>}
x[1,7]{1  <1.0>}
x[2,0]{7  <1.0>}
x[2,1]{2  <1.0>}
x[2,2]{0  <1.0>}
x[2,3]{1  <1.0>}
x[2,4]{4  <1.0>}
x[2,5]{3  <1.0>}
x[2,6]{6  <1.0>}
x[2,7]{5  <1.0>}
x[3,0]{2  <1.0>}
x[3,1]{1  <1.0>}
x[3,2]{5  <1.0>}
x[3,3]{3  <1.0>}
x[3,4]{0  <1.0>}
x[3,5]{6  <1.0>}
x[3,6]{4  <1.0>}
x[3,7]{7  <1.0>}
x[4,0]{5  <1.0>}
x[4,1]{7  <1.0>}
x[4,2]{4  <1.0>}
x[4,3]{0  <1.0>}
x[4,4]{6  <1.0>}
x[4,5]{1  <1.0>}
x[4,6]{3  <1.0>}
x[4,7]{2  <1.0>}
x[5,0]{4  <1.0>}
x[5,1]{6  <1.0>}
x[5,2]{3  <1.0>}
x[5,3]{5  <1.0>}
x[5,4]{1  <1.0>}
x[5,5]{7  <1.0>}
x[5,6]{2  <1.0>}
x[5,7]{0  <1.0>}
x[6,0]{1  <1.0>}
x[6,1]{5  <0.545742522477067>, 3  <0.454257477522933>}
x[6,2]{7  <1.0>}
x[6,3]{2  <1.0>}
x[6,4]{3  <0.4934822843671943>, 5  <0.5065177156328057>}
x[6,5]{4  <1.0>}
x[6,6]{0  <1.0>}
x[6,7]{6  <1.0>}
x[7,0]{0  <1.0>}
x[7,1]{3  <0.6042049647143413>, 5  <0.3957950352856587>}
x[7,2]{6  <1.0>}
x[7,3]{7  <1.0>}
x[7,4]{3  <0.5541995536016239>, 5  <0.4458004463983763>}
x[7,5]{2  <1.0>}
x[7,6]{1  <1.0>}
x[7,7]{4  <1.0>}
problem entropy = 0.9884441276056899
smallest variable entropy = 0.6712698200459015
##### after BP iteration 8 #####
x[0,0]{6  <1.0>}
x[0,1]{0  <1.0>}
x[0,2]{1  <1.0>}
x[0,3]{4  <1.0>}
x[0,4]{2  <1.0>}
x[0,5]{5  <1.0>}
x[0,6]{7  <1.0>}
x[0,7]{3  <1.0>}
x[1,0]{3  <1.0>}
x[1,1]{4  <1.0>}
x[1,2]{2  <1.0>}
x[1,3]{6  <1.0>}
x[1,4]{7  <1.0>}
x[1,5]{0  <1.0>}
x[1,6]{5  <1.0>}
x[1,7]{1  <1.0>}
x[2,0]{7  <1.0>}
x[2,1]{2  <1.0>}
x[2,2]{0  <1.0>}
x[2,3]{1  <1.0>}
x[2,4]{4  <1.0>}
x[2,5]{3  <1.0>}
x[2,6]{6  <1.0>}
x[2,7]{5  <1.0>}
x[3,0]{2  <1.0>}
x[3,1]{1  <1.0>}
x[3,2]{5  <1.0>}
x[3,3]{3  <1.0>}
x[3,4]{0  <1.0>}
x[3,5]{6  <1.0>}
x[3,6]{4  <1.0>}
x[3,7]{7  <1.0>}
x[4,0]{5  <1.0>}
x[4,1]{7  <1.0>}
x[4,2]{4  <1.0>}
x[4,3]{0  <1.0>}
x[4,4]{6  <1.0>}
x[4,5]{1  <1.0>}
x[4,6]{3  <1.0>}
x[4,7]{2  <1.0>}
x[5,0]{4  <1.0>}
x[5,1]{6  <1.0>}
x[5,2]{3  <1.0>}
x[5,3]{5  <1.0>}
x[5,4]{1  <1.0>}
x[5,5]{7  <1.0>}
x[5,6]{2  <1.0>}
x[5,7]{0  <1.0>}
x[6,0]{1  <1.0>}
x[6,1]{5  <0.5811159346852076>, 3  <0.41888406531479244>}
x[6,2]{7  <1.0>}
x[6,3]{2  <1.0>}
x[6,4]{3  <0.5489893624608659>, 5  <0.45101063753913406>}
x[6,5]{4  <1.0>}
x[6,6]{0  <1.0>}
x[6,7]{6  <1.0>}
x[7,0]{0  <1.0>}
x[7,1]{3  <0.4425650345107264>, 5  <0.5574349654892736>}
x[7,2]{6  <1.0>}
x[7,3]{7  <1.0>}
x[7,4]{3  <0.4826098760343771>, 5  <0.5173901239656229>}
x[7,5]{2  <1.0>}
x[7,6]{1  <1.0>}
x[7,7]{4  <1.0>}
problem entropy = 0.9908956394411434
smallest variable entropy = 0.679929249485896
##### after BP iteration 9 #####
x[0,0]{6  <1.0>}
x[0,1]{0  <1.0>}
x[0,2]{1  <1.0>}
x[0,3]{4  <1.0>}
x[0,4]{2  <1.0>}
x[0,5]{5  <1.0>}
x[0,6]{7  <1.0>}
x[0,7]{3  <1.0>}
x[1,0]{3  <1.0>}
x[1,1]{4  <1.0>}
x[1,2]{2  <1.0>}
x[1,3]{6  <1.0>}
x[1,4]{7  <1.0>}
x[1,5]{0  <1.0>}
x[1,6]{5  <1.0>}
x[1,7]{1  <1.0>}
x[2,0]{7  <1.0>}
x[2,1]{2  <1.0>}
x[2,2]{0  <1.0>}
x[2,3]{1  <1.0>}
x[2,4]{4  <1.0>}
x[2,5]{3  <1.0>}
x[2,6]{6  <1.0>}
x[2,7]{5  <1.0>}
x[3,0]{2  <1.0>}
x[3,1]{1  <1.0>}
x[3,2]{5  <1.0>}
x[3,3]{3  <1.0>}
x[3,4]{0  <1.0>}
x[3,5]{6  <1.0>}
x[3,6]{4  <1.0>}
x[3,7]{7  <1.0>}
x[4,0]{5  <1.0>}
x[4,1]{7  <1.0>}
x[4,2]{4  <1.0>}
x[4,3]{0  <1.0>}
x[4,4]{6  <1.0>}
x[4,5]{1  <1.0>}
x[4,6]{3  <1.0>}
x[4,7]{2  <1.0>}
x[5,0]{4  <1.0>}
x[5,1]{6  <1.0>}
x[5,2]{3  <1.0>}
x[5,3]{5  <1.0>}
x[5,4]{1  <1.0>}
x[5,5]{7  <1.0>}
x[5,6]{2  <1.0>}
x[5,7]{0  <1.0>}
x[6,0]{1  <1.0>}
x[6,1]{5  <0.4458004463983762>, 3  <0.5541995536016238>}
x[6,2]{7  <1.0>}
x[6,3]{2  <1.0>}
x[6,4]{3  <0.6042049647143413>, 5  <0.3957950352856587>}
x[6,5]{4  <1.0>}
x[6,6]{0  <1.0>}
x[6,7]{6  <1.0>}
x[7,0]{0  <1.0>}
x[7,1]{3  <0.49348228436719427>, 5  <0.5065177156328057>}
x[7,2]{6  <1.0>}
x[7,3]{7  <1.0>}
x[7,4]{3  <0.45425747752293294>, 5  <0.545742522477067>}
x[7,5]{2  <1.0>}
x[7,6]{1  <1.0>}
x[7,7]{4  <1.0>}
problem entropy = 0.98844412760569
smallest variable entropy = 0.6712698200459015
##### after BP iteration 10 #####
x[0,0]{6  <1.0>}
x[0,1]{0  <1.0>}
x[0,2]{1  <1.0>}
x[0,3]{4  <1.0>}
x[0,4]{2  <1.0>}
x[0,5]{5  <1.0>}
x[0,6]{7  <1.0>}
x[0,7]{3  <1.0>}
x[1,0]{3  <1.0>}
x[1,1]{4  <1.0>}
x[1,2]{2  <1.0>}
x[1,3]{6  <1.0>}
x[1,4]{7  <1.0>}
x[1,5]{0  <1.0>}
x[1,6]{5  <1.0>}
x[1,7]{1  <1.0>}
x[2,0]{7  <1.0>}
x[2,1]{2  <1.0>}
x[2,2]{0  <1.0>}
x[2,3]{1  <1.0>}
x[2,4]{4  <1.0>}
x[2,5]{3  <1.0>}
x[2,6]{6  <1.0>}
x[2,7]{5  <1.0>}
x[3,0]{2  <1.0>}
x[3,1]{1  <1.0>}
x[3,2]{5  <1.0>}
x[3,3]{3  <1.0>}
x[3,4]{0  <1.0>}
x[3,5]{6  <1.0>}
x[3,6]{4  <1.0>}
x[3,7]{7  <1.0>}
x[4,0]{5  <1.0>}
x[4,1]{7  <1.0>}
x[4,2]{4  <1.0>}
x[4,3]{0  <1.0>}
x[4,4]{6  <1.0>}
x[4,5]{1  <1.0>}
x[4,6]{3  <1.0>}
x[4,7]{2  <1.0>}
x[5,0]{4  <1.0>}
x[5,1]{6  <1.0>}
x[5,2]{3  <1.0>}
x[5,3]{5  <1.0>}
x[5,4]{1  <1.0>}
x[5,5]{7  <1.0>}
x[5,6]{2  <1.0>}
x[5,7]{0  <1.0>}
x[6,0]{1  <1.0>}
x[6,1]{5  <0.5173901239656229>, 3  <0.4826098760343771>}
x[6,2]{7  <1.0>}
x[6,3]{2  <1.0>}
x[6,4]{3  <0.44256503451072643>, 5  <0.5574349654892736>}
x[6,5]{4  <1.0>}
x[6,6]{0  <1.0>}
x[6,7]{6  <1.0>}
x[7,0]{0  <1.0>}
x[7,1]{3  <0.5489893624608659>, 5  <0.45101063753913406>}
x[7,2]{6  <1.0>}
x[7,3]{7  <1.0>}
x[7,4]{3  <0.41888406531479244>, 5  <0.5811159346852075>}
x[7,5]{2  <1.0>}
x[7,6]{1  <1.0>}
x[7,7]{4  <1.0>}
problem entropy = 0.9908956394411434
smallest variable entropy = 0.679929249485896
### branching on x[7,4]=5; marginal=0.5811159346852075; regret=0.16223186937041506; nb of ties=1
##### after BP iteration 1 #####
x[0,0]{6  <1.0>}
x[0,1]{0  <1.0>}
x[0,2]{1  <1.0>}
x[0,3]{4  <1.0>}
x[0,4]{2  <1.0>}
x[0,5]{5  <1.0>}
x[0,6]{7  <1.0>}
x[0,7]{3  <1.0>}
x[1,0]{3  <1.0>}
x[1,1]{4  <1.0>}
x[1,2]{2  <1.0>}
x[1,3]{6  <1.0>}
x[1,4]{7  <1.0>}
x[1,5]{0  <1.0>}
x[1,6]{5  <1.0>}
x[1,7]{1  <1.0>}
x[2,0]{7  <1.0>}
x[2,1]{2  <1.0>}
x[2,2]{0  <1.0>}
x[2,3]{1  <1.0>}
x[2,4]{4  <1.0>}
x[2,5]{3  <1.0>}
x[2,6]{6  <1.0>}
x[2,7]{5  <1.0>}
x[3,0]{2  <1.0>}
x[3,1]{1  <1.0>}
x[3,2]{5  <1.0>}
x[3,3]{3  <1.0>}
x[3,4]{0  <1.0>}
x[3,5]{6  <1.0>}
x[3,6]{4  <1.0>}
x[3,7]{7  <1.0>}
x[4,0]{5  <1.0>}
x[4,1]{7  <1.0>}
x[4,2]{4  <1.0>}
x[4,3]{0  <1.0>}
x[4,4]{6  <1.0>}
x[4,5]{1  <1.0>}
x[4,6]{3  <1.0>}
x[4,7]{2  <1.0>}
x[5,0]{4  <1.0>}
x[5,1]{6  <1.0>}
x[5,2]{3  <1.0>}
x[5,3]{5  <1.0>}
x[5,4]{1  <1.0>}
x[5,5]{7  <1.0>}
x[5,6]{2  <1.0>}
x[5,7]{0  <1.0>}
x[6,0]{1  <1.0>}
x[6,1]{5  <1.0>}
x[6,2]{7  <1.0>}
x[6,3]{2  <1.0>}
x[6,4]{3  <1.0>}
x[6,5]{4  <1.0>}
x[6,6]{0  <1.0>}
x[6,7]{6  <1.0>}
x[7,0]{0  <1.0>}
x[7,1]{3  <1.0>}
x[7,2]{6  <1.0>}
x[7,3]{7  <1.0>}
x[7,4]{5  <1.0>}
x[7,5]{2  <1.0>}
x[7,6]{1  <1.0>}
x[7,7]{4  <1.0>}
problem entropy = 0.0
smallest variable entropy = 1.7976931348623157E308
### branching on x[7,4]!=5
##### after BP iteration 1 #####
x[0,0]{6  <1.0>}
x[0,1]{0  <1.0>}
x[0,2]{1  <1.0>}
x[0,3]{4  <1.0>}
x[0,4]{2  <1.0>}
x[0,5]{5  <1.0>}
x[0,6]{7  <1.0>}
x[0,7]{3  <1.0>}
x[1,0]{3  <1.0>}
x[1,1]{4  <1.0>}
x[1,2]{2  <1.0>}
x[1,3]{6  <1.0>}
x[1,4]{7  <1.0>}
x[1,5]{0  <1.0>}
x[1,6]{5  <1.0>}
x[1,7]{1  <1.0>}
x[2,0]{7  <1.0>}
x[2,1]{2  <1.0>}
x[2,2]{0  <1.0>}
x[2,3]{1  <1.0>}
x[2,4]{4  <1.0>}
x[2,5]{3  <1.0>}
x[2,6]{6  <1.0>}
x[2,7]{5  <1.0>}
x[3,0]{2  <1.0>}
x[3,1]{1  <1.0>}
x[3,2]{5  <1.0>}
x[3,3]{3  <1.0>}
x[3,4]{0  <1.0>}
x[3,5]{6  <1.0>}
x[3,6]{4  <1.0>}
x[3,7]{7  <1.0>}
x[4,0]{5  <1.0>}
x[4,1]{7  <1.0>}
x[4,2]{4  <1.0>}
x[4,3]{0  <1.0>}
x[4,4]{6  <1.0>}
x[4,5]{1  <1.0>}
x[4,6]{3  <1.0>}
x[4,7]{2  <1.0>}
x[5,0]{4  <1.0>}
x[5,1]{6  <1.0>}
x[5,2]{3  <1.0>}
x[5,3]{5  <1.0>}
x[5,4]{1  <1.0>}
x[5,5]{7  <1.0>}
x[5,6]{2  <1.0>}
x[5,7]{0  <1.0>}
x[6,0]{1  <1.0>}
x[6,1]{3  <1.0>}
x[6,2]{7  <1.0>}
x[6,3]{2  <1.0>}
x[6,4]{5  <1.0>}
x[6,5]{4  <1.0>}
x[6,6]{0  <1.0>}
x[6,7]{6  <1.0>}
x[7,0]{0  <1.0>}
x[7,1]{5  <1.0>}
x[7,2]{6  <1.0>}
x[7,3]{7  <1.0>}
x[7,4]{3  <1.0>}
x[7,5]{2  <1.0>}
x[7,6]{1  <1.0>}
x[7,7]{4  <1.0>}
problem entropy = 0.0
smallest variable entropy = 1.7976931348623157E308

	#choice: 7
	#fail: 0
	execution time (ms): 101
	#sols : 1
	completed : false

