{6  <1.0>}
model: sum-product-no-init
FINAL DAMPING FACTOR = 1.0
##### after BP iteration 1 #####
x[0,0]{6  <1.0>}
x[0,1]{1  <1.0>}
x[0,2]{2  <1.0>}
x[0,3]{5  <1.0>}
x[0,4]{4  <1.0>}
x[0,5]{3  <1.0>}
x[0,6]{0  <1.0>}
x[0,7]{7  <1.0>}
x[1,0]{0  <0.17825311942959>, 4  <0.17825311942958996>, 3  <0.6434937611408199>}
x[1,1]{2  <1.0>}
x[1,2]{6  <1.0>}
x[1,3]{0  <0.902530779753762>, 3  <0.097469220246238>}
x[1,4]{5  <0.8376857709251435>, 7  <0.16231422907485651>}
x[1,5]{1  <1.0>}
x[1,6]{5  <0.15485654581243316>, 7  <0.8451434541875668>}
x[1,7]{4  <0.902530779753762>, 3  <0.09746922024623804>}
x[2,0]{5  <0.0012549870858211808>, 2  <0.9987450129141788>}
x[2,1]{3  <1.0>}
x[2,2]{1  <1.0>}
x[2,3]{4  <1.0>}
x[2,4]{5  <0.11399446883497871>, 6  <0.1382011058544945>, 7  <0.7478044253105268>}
x[2,5]{5  <0.23108355695221555>, 6  <0.6075836980119997>, 2  <0.0013338162795639335>, 7  <0.15999892875622101>}
x[2,6]{5  <0.5518936003967924>, 7  <0.16121541454272262>, 6  <0.28689098506048505>}
x[2,7]{0  <1.0>}
x[3,0]{5  <0.9983671446892879>, 2  <0.00163285531071213>}
x[3,1]{6  <1.0>}
x[3,2]{4  <1.0>}
x[3,3]{7  <1.0>}
x[3,4]{0  <1.0>}
x[3,5]{2  <0.9993838885247819>, 5  <6.161114752181436E-4>}
x[3,6]{3  <1.0>}
x[3,7]{1  <1.0>}
x[4,0]{7  <1.0>}
x[4,1]{5  <1.0>}
x[4,2]{0  <1.0>}
x[4,3]{1  <1.0>}
x[4,4]{3  <1.0>}
x[4,5]{4  <1.0>}
x[4,6]{2  <1.0>}
x[4,7]{6  <1.0>}
x[5,0]{0  <0.902530779753762>, 3  <0.09746922024623805>}
x[5,1]{4  <1.0>}
x[5,2]{5  <1.0>}
x[5,3]{0  <0.10792580101180435>, 3  <0.8920741989881956>}
x[5,4]{7  <0.13336373717674438>, 6  <0.8666362628232556>}
x[5,5]{7  <0.8386971896003959>, 6  <0.16130281039960423>}
x[5,6]{1  <1.0>}
x[5,7]{2  <1.0>}
x[6,0]{4  <0.902530779753762>, 3  <0.09746922024623796>}
x[6,1]{0  <1.0>}
x[6,2]{7  <1.0>}
x[6,3]{2  <1.0>}
x[6,4]{1  <1.0>}
x[6,5]{6  <0.3004491477982013>, 5  <0.6995508522017987>}
x[6,6]{6  <0.7549861324793955>, 5  <0.2450138675206045>}
x[6,7]{4  <0.10792580101180435>, 3  <0.8920741989881956>}
x[7,0]{1  <1.0>}
x[7,1]{7  <1.0>}
x[7,2]{3  <1.0>}
x[7,3]{6  <1.0>}
x[7,4]{2  <1.0>}
x[7,5]{0  <1.0>}
x[7,6]{4  <1.0>}
x[7,7]{5  <1.0>}
problem entropy = 0.5307087953281812
smallest variable entropy = 0.005170268582614468
##### after BP iteration 2 #####
x[0,0]{6  <1.0>}
x[0,1]{1  <1.0>}
x[0,2]{2  <1.0>}
x[0,3]{5  <1.0>}
x[0,4]{4  <1.0>}
x[0,5]{3  <1.0>}
x[0,6]{0  <1.0>}
x[0,7]{7  <1.0>}
x[1,0]{0  <0.09606147934678196>, 4  <0.09606147934678187>, 3  <0.8078770413064362>}
x[1,1]{2  <1.0>}
x[1,2]{6  <1.0>}
x[1,3]{0  <0.8658416700399005>, 3  <0.13415832996009938>}
x[1,4]{5  <0.8269529728034206>, 7  <0.17304702719657947>}
x[1,5]{1  <1.0>}
x[1,6]{5  <0.1975653100574915>, 7  <0.8024346899425084>}
x[1,7]{4  <0.8658416700399005>, 3  <0.13415832996009946>}
x[2,0]{5  <6.118067274264939E-4>, 2  <0.9993881932725736>}
x[2,1]{3  <1.0>}
x[2,2]{1  <1.0>}
x[2,3]{4  <1.0>}
x[2,4]{5  <0.13983807467967665>, 6  <0.11629265068203096>, 7  <0.7438692746382923>}
x[2,5]{5  <0.24203654462756738>, 6  <0.6515483981837137>, 2  <2.1692657497216527E-4>, 7  <0.10619813061374682>}
x[2,6]{5  <0.6840033401920879>, 7  <0.10596669263306122>, 6  <0.21002996717485092>}
x[2,7]{0  <1.0>}
x[3,0]{5  <0.9991364160540118>, 2  <8.635839459882746E-4>}
x[3,1]{6  <1.0>}
x[3,2]{4  <1.0>}
x[3,3]{7  <1.0>}
x[3,4]{0  <1.0>}
x[3,5]{2  <0.9991361841837855>, 5  <8.638158162145742E-4>}
x[3,6]{3  <1.0>}
x[3,7]{1  <1.0>}
x[4,0]{7  <1.0>}
x[4,1]{5  <1.0>}
x[4,2]{0  <1.0>}
x[4,3]{1  <1.0>}
x[4,4]{3  <1.0>}
x[4,5]{4  <1.0>}
x[4,6]{2  <1.0>}
x[4,7]{6  <1.0>}
x[5,0]{0  <0.8658416700399005>, 3  <0.13415832996009944>}
x[5,1]{4  <1.0>}
x[5,2]{5  <1.0>}
x[5,3]{0  <0.08932449894152258>, 3  <0.9106755010584774>}
x[5,4]{7  <0.20232776793024837>, 6  <0.7976722320697517>}
x[5,5]{7  <0.8219451818966161>, 6  <0.17805481810338394>}
x[5,6]{1  <1.0>}
x[5,7]{2  <1.0>}
x[6,0]{4  <0.8658416700399008>, 3  <0.13415832996009935>}
x[6,1]{0  <1.0>}
x[6,2]{7  <1.0>}
x[6,3]{2  <1.0>}
x[6,4]{1  <1.0>}
x[6,5]{6  <0.25768295914758454>, 5  <0.7423170408524153>}
x[6,6]{6  <0.6630814423237336>, 5  <0.3369185576762663>}
x[6,7]{4  <0.08932449894152257>, 3  <0.9106755010584775>}
x[7,0]{1  <1.0>}
x[7,1]{7  <1.0>}
x[7,2]{3  <1.0>}
x[7,3]{6  <1.0>}
x[7,4]{2  <1.0>}
x[7,5]{0  <1.0>}
x[7,6]{4  <1.0>}
x[7,7]{5  <1.0>}
problem entropy = 0.5430772699887503
smallest variable entropy = 0.0051384351012221776
##### after BP iteration 3 #####
x[0,0]{6  <1.0>}
x[0,1]{1  <1.0>}
x[0,2]{2  <1.0>}
x[0,3]{5  <1.0>}
x[0,4]{4  <1.0>}
x[0,5]{3  <1.0>}
x[0,6]{0  <1.0>}
x[0,7]{7  <1.0>}
x[1,0]{0  <0.09741248097412478>, 4  <0.09741248097412475>, 3  <0.8051750380517505>}
x[1,1]{2  <1.0>}
x[1,2]{6  <1.0>}
x[1,3]{0  <0.9120511994847851>, 3  <0.087948800515215>}
x[1,4]{5  <0.8375493124457084>, 7  <0.16245068755429165>}
x[1,5]{1  <1.0>}
x[1,6]{5  <0.10988910444450012>, 7  <0.8901108955554998>}
x[1,7]{4  <0.9120511994847851>, 3  <0.08794880051521485>}
x[2,0]{5  <1.3465515852945862E-4>, 2  <0.9998653448414705>}
x[2,1]{3  <1.0>}
x[2,2]{1  <1.0>}
x[2,3]{4  <1.0>}
x[2,4]{5  <0.14812892666183008>, 6  <0.1608329949615243>, 7  <0.6910380783766455>}
x[2,5]{5  <0.22453454363829956>, 6  <0.63794043215867>, 2  <3.672320588356556E-4>, 7  <0.13715779214419485>}
x[2,6]{5  <0.5758816416816755>, 7  <0.14842610605429377>, 6  <0.27569225226403066>}
x[2,7]{0  <1.0>}
x[3,0]{5  <0.9996764968179613>, 2  <3.235031820386573E-4>}
x[3,1]{6  <1.0>}
x[3,2]{4  <1.0>}
x[3,3]{7  <1.0>}
x[3,4]{0  <1.0>}
x[3,5]{2  <0.9996870103243385>, 5  <3.129896756615127E-4>}
x[3,6]{3  <1.0>}
x[3,7]{1  <1.0>}
x[4,0]{7  <1.0>}
x[4,1]{5  <1.0>}
x[4,2]{0  <1.0>}
x[4,3]{1  <1.0>}
x[4,4]{3  <1.0>}
x[4,5]{4  <1.0>}
x[4,6]{2  <1.0>}
x[4,7]{6  <1.0>}
x[5,0]{0  <0.9120511994847851>, 3  <0.0879488005152149>}
x[5,1]{4  <1.0>}
x[5,2]{5  <1.0>}
x[5,3]{0  <0.16558345031807384>, 3  <0.8344165496819262>}
x[5,4]{7  <0.1517253846970919>, 6  <0.8482746153029082>}
x[5,5]{7  <0.8666086937132179>, 6  <0.13339130628678217>}
x[5,6]{1  <1.0>}
x[5,7]{2  <1.0>}
x[6,0]{4  <0.9120511994847851>, 3  <0.08794880051521495>}
x[6,1]{0  <1.0>}
x[6,2]{7  <1.0>}
x[6,3]{2  <1.0>}
x[6,4]{1  <1.0>}
x[6,5]{6  <0.26949693941685837>, 5  <0.7305030605831416>}
x[6,6]{6  <0.7852198297095309>, 5  <0.2147801702904691>}
x[6,7]{4  <0.16558345031807378>, 3  <0.8344165496819262>}
x[7,0]{1  <1.0>}
x[7,1]{7  <1.0>}
x[7,2]{3  <1.0>}
x[7,3]{6  <1.0>}
x[7,4]{2  <1.0>}
x[7,5]{0  <1.0>}
x[7,6]{4  <1.0>}
x[7,7]{5  <1.0>}
problem entropy = 0.5148644641652413
smallest variable entropy = 0.0013347997042103574
##### after BP iteration 4 #####
x[0,0]{6  <1.0>}
x[0,1]{1  <1.0>}
x[0,2]{2  <1.0>}
x[0,3]{5  <1.0>}
x[0,4]{4  <1.0>}
x[0,5]{3  <1.0>}
x[0,6]{0  <1.0>}
x[0,7]{7  <1.0>}
x[1,0]{0  <0.08199989904598456>, 4  <0.08199989904598454>, 3  <0.8360002019080309>}
x[1,1]{2  <1.0>}
x[1,2]{6  <1.0>}
x[1,3]{0  <0.8774048525890908>, 3  <0.12259514741090914>}
x[1,4]{5  <0.9061629311349102>, 7  <0.09383706886508979>}
x[1,5]{1  <1.0>}
x[1,6]{5  <0.12965079383863357>, 7  <0.8703492061613665>}
x[1,7]{4  <0.8774048525890908>, 3  <0.12259514741090904>}
x[2,0]{5  <2.3614480407088277E-4>, 2  <0.999763855195929>}
x[2,1]{3  <1.0>}
x[2,2]{1  <1.0>}
x[2,3]{4  <1.0>}
x[2,4]{5  <0.1849910217563526>, 6  <0.16238785962087685>, 7  <0.6526211186227706>}
x[2,5]{5  <0.2888210305118447>, 6  <0.5266245842691739>, 2  <2.4963678753586266E-4>, 7  <0.18430474843144562>}
x[2,6]{5  <0.6011805013180858>, 7  <0.16882176343639604>, 6  <0.2299977352455181>}
x[2,7]{0  <1.0>}
x[3,0]{5  <0.9999512194733402>, 2  <4.878052665979762E-5>}
x[3,1]{6  <1.0>}
x[3,2]{4  <1.0>}
x[3,3]{7  <1.0>}
x[3,4]{0  <1.0>}
x[3,5]{2  <0.9998532919716401>, 5  <1.467080283599205E-4>}
x[3,6]{3  <1.0>}
x[3,7]{1  <1.0>}
x[4,0]{7  <1.0>}
x[4,1]{5  <1.0>}
x[4,2]{0  <1.0>}
x[4,3]{1  <1.0>}
x[4,4]{3  <1.0>}
x[4,5]{4  <1.0>}
x[4,6]{2  <1.0>}
x[4,7]{6  <1.0>}
x[5,0]{0  <0.8774048525890908>, 3  <0.12259514741090918>}
x[5,1]{4  <1.0>}
x[5,2]{5  <1.0>}
x[5,3]{0  <0.08659227479051705>, 3  <0.9134077252094829>}
x[5,4]{7  <0.10358548147629994>, 6  <0.8964145185237>}
x[5,5]{7  <0.8868357423528679>, 6  <0.11316425764713207>}
x[5,6]{1  <1.0>}
x[5,7]{2  <1.0>}
x[6,0]{4  <0.8774048525890908>, 3  <0.12259514741090921>}
x[6,1]{0  <1.0>}
x[6,2]{7  <1.0>}
x[6,3]{2  <1.0>}
x[6,4]{1  <1.0>}
x[6,5]{6  <0.18305972909073667>, 5  <0.8169402709092632>}
x[6,6]{6  <0.7792673695617685>, 5  <0.22073263043823163>}
x[6,7]{4  <0.08659227479051701>, 3  <0.913407725209483>}
x[7,0]{1  <1.0>}
x[7,1]{7  <1.0>}
x[7,2]{3  <1.0>}
x[7,3]{6  <1.0>}
x[7,4]{2  <1.0>}
x[7,5]{0  <1.0>}
x[7,6]{4  <1.0>}
x[7,7]{5  <1.0>}
problem entropy = 0.49214786300144864
smallest variable entropy = 5.330811552438525E-4
### branching on x[3,0]=5 marginal=0.9999512194733402
### branching on x[5,3]=3 marginal=0.913407725209483
##### after BP iteration 1 #####
x[0,0]{6  <1.0>}
x[0,1]{1  <1.0>}
x[0,2]{2  <1.0>}
x[0,3]{5  <1.0>}
x[0,4]{4  <1.0>}
x[0,5]{3  <1.0>}
x[0,6]{0  <1.0>}
x[0,7]{7  <1.0>}
x[1,0]{3  <0.8344165496819261>, 4  <0.16558345031807378>}
x[1,1]{2  <1.0>}
x[1,2]{6  <1.0>}
x[1,3]{0  <1.0>}
x[1,4]{5  <0.8418509719857513>, 7  <0.1581490280142486>}
x[1,5]{1  <1.0>}
x[1,6]{5  <0.14704788269726995>, 7  <0.85295211730273>}
x[1,7]{4  <0.9120511994847851>, 3  <0.08794880051521496>}
x[2,0]{2  <1.0>}
x[2,1]{3  <1.0>}
x[2,2]{1  <1.0>}
x[2,3]{4  <1.0>}
x[2,4]{5  <0.11107554667489668>, 6  <0.13364724381392643>, 7  <0.7552772095111768>}
x[2,5]{5  <0.19992760681601052>, 6  <0.6488956324820111>, 7  <0.1511767607019783>}
x[2,6]{5  <0.6005005492830162>, 7  <0.1556452871416804>, 6  <0.24385416357530346>}
x[2,7]{0  <1.0>}
x[3,0]{5  <1.0>}
x[3,1]{6  <1.0>}
x[3,2]{4  <1.0>}
x[3,3]{7  <1.0>}
x[3,4]{0  <1.0>}
x[3,5]{2  <1.0>}
x[3,6]{3  <1.0>}
x[3,7]{1  <1.0>}
x[4,0]{7  <1.0>}
x[4,1]{5  <1.0>}
x[4,2]{0  <1.0>}
x[4,3]{1  <1.0>}
x[4,4]{3  <1.0>}
x[4,5]{4  <1.0>}
x[4,6]{2  <1.0>}
x[4,7]{6  <1.0>}
x[5,0]{0  <1.0>}
x[5,1]{4  <1.0>}
x[5,2]{5  <1.0>}
x[5,3]{3  <1.0>}
x[5,4]{7  <0.13259168356667325>, 6  <0.8674083164333267>}
x[5,5]{7  <0.8409650250246256>, 6  <0.15903497497537447>}
x[5,6]{1  <1.0>}
x[5,7]{2  <1.0>}
x[6,0]{4  <0.9120511994847853>, 3  <0.08794880051521482>}
x[6,1]{0  <1.0>}
x[6,2]{7  <1.0>}
x[6,3]{2  <1.0>}
x[6,4]{1  <1.0>}
x[6,5]{6  <0.25054157422342377>, 5  <0.7494584257765762>}
x[6,6]{6  <0.7996673486986408>, 5  <0.20033265130135935>}
x[6,7]{4  <0.089569335941626>, 3  <0.910430664058374>}
x[7,0]{1  <1.0>}
x[7,1]{7  <1.0>}
x[7,2]{3  <1.0>}
x[7,3]{6  <1.0>}
x[7,4]{2  <1.0>}
x[7,5]{0  <1.0>}
x[7,6]{4  <1.0>}
x[7,7]{5  <1.0>}
problem entropy = 0.633006393213788
smallest variable entropy = 0.29776623210813025
##### after BP iteration 2 #####
x[0,0]{6  <1.0>}
x[0,1]{1  <1.0>}
x[0,2]{2  <1.0>}
x[0,3]{5  <1.0>}
x[0,4]{4  <1.0>}
x[0,5]{3  <1.0>}
x[0,6]{0  <1.0>}
x[0,7]{7  <1.0>}
x[1,0]{3  <0.913407725209483>, 4  <0.08659227479051702>}
x[1,1]{2  <1.0>}
x[1,2]{6  <1.0>}
x[1,3]{0  <1.0>}
x[1,4]{5  <0.8302775967170059>, 7  <0.16972240328299412>}
x[1,5]{1  <1.0>}
x[1,6]{5  <0.19522430057446039>, 7  <0.8047756994255396>}
x[1,7]{4  <0.8774048525890908>, 3  <0.12259514741090922>}
x[2,0]{2  <1.0>}
x[2,1]{3  <1.0>}
x[2,2]{1  <1.0>}
x[2,3]{4  <1.0>}
x[2,4]{5  <0.1344695496952465>, 6  <0.11445146068472097>, 7  <0.7510789896200325>}
x[2,5]{5  <0.21225278561272837>, 6  <0.6814209537355049>, 7  <0.1063262606517668>}
x[2,6]{5  <0.721194631982226>, 7  <0.10218333300452466>, 6  <0.17662203501324947>}
x[2,7]{0  <1.0>}
x[3,0]{5  <1.0>}
x[3,1]{6  <1.0>}
x[3,2]{4  <1.0>}
x[3,3]{7  <1.0>}
x[3,4]{0  <1.0>}
x[3,5]{2  <1.0>}
x[3,6]{3  <1.0>}
x[3,7]{1  <1.0>}
x[4,0]{7  <1.0>}
x[4,1]{5  <1.0>}
x[4,2]{0  <1.0>}
x[4,3]{1  <1.0>}
x[4,4]{3  <1.0>}
x[4,5]{4  <1.0>}
x[4,6]{2  <1.0>}
x[4,7]{6  <1.0>}
x[5,0]{0  <1.0>}
x[5,1]{4  <1.0>}
x[5,2]{5  <1.0>}
x[5,3]{3  <1.0>}
x[5,4]{7  <0.19460447586169766>, 6  <0.8053955241383023>}
x[5,5]{7  <0.826904818176016>, 6  <0.17309518182398392>}
x[5,6]{1  <1.0>}
x[5,7]{2  <1.0>}
x[6,0]{4  <0.8774048525890908>, 3  <0.12259514741090907>}
x[6,1]{0  <1.0>}
x[6,2]{7  <1.0>}
x[6,3]{2  <1.0>}
x[6,4]{1  <1.0>}
x[6,5]{6  <0.21798169826138497>, 5  <0.782018301738615>}
x[6,6]{6  <0.7217570735168101>, 5  <0.27824292648319005>}
x[6,7]{4  <0.08932449894152253>, 3  <0.9106755010584775>}
x[7,0]{1  <1.0>}
x[7,1]{7  <1.0>}
x[7,2]{3  <1.0>}
x[7,3]{6  <1.0>}
x[7,4]{2  <1.0>}
x[7,5]{0  <1.0>}
x[7,6]{4  <1.0>}
x[7,7]{5  <1.0>}
problem entropy = 0.6472443960726958
smallest variable entropy = 0.2945818740099754
##### after BP iteration 3 #####
x[0,0]{6  <1.0>}
x[0,1]{1  <1.0>}
x[0,2]{2  <1.0>}
x[0,3]{5  <1.0>}
x[0,4]{4  <1.0>}
x[0,5]{3  <1.0>}
x[0,6]{0  <1.0>}
x[0,7]{7  <1.0>}
x[1,0]{3  <0.910430664058374>, 4  <0.08956933594162601>}
x[1,1]{2  <1.0>}
x[1,2]{6  <1.0>}
x[1,3]{0  <1.0>}
x[1,4]{5  <0.8410367319361386>, 7  <0.15896326806386146>}
x[1,5]{1  <1.0>}
x[1,6]{5  <0.11156818852228025>, 7  <0.8884318114777198>}
x[1,7]{4  <0.9120511994847853>, 3  <0.08794880051521481>}
x[2,0]{2  <1.0>}
x[2,1]{3  <1.0>}
x[2,2]{1  <1.0>}
x[2,3]{4  <1.0>}
x[2,4]{5  <0.1428534993662914>, 6  <0.160051196662877>, 7  <0.6970953039708316>}
x[2,5]{5  <0.18839995966623044>, 6  <0.6744661908277858>, 7  <0.13713384950598373>}
x[2,6]{5  <0.6165298214274982>, 7  <0.15075049959379383>, 6  <0.23271967897870793>}
x[2,7]{0  <1.0>}
x[3,0]{5  <1.0>}
x[3,1]{6  <1.0>}
x[3,2]{4  <1.0>}
x[3,3]{7  <1.0>}
x[3,4]{0  <1.0>}
x[3,5]{2  <1.0>}
x[3,6]{3  <1.0>}
x[3,7]{1  <1.0>}
x[4,0]{7  <1.0>}
x[4,1]{5  <1.0>}
x[4,2]{0  <1.0>}
x[4,3]{1  <1.0>}
x[4,4]{3  <1.0>}
x[4,5]{4  <1.0>}
x[4,6]{2  <1.0>}
x[4,7]{6  <1.0>}
x[5,0]{0  <1.0>}
x[5,1]{4  <1.0>}
x[5,2]{5  <1.0>}
x[5,3]{3  <1.0>}
x[5,4]{7  <0.14597676679204397>, 6  <0.854023233207956>}
x[5,5]{7  <0.8689530462707251>, 6  <0.13104695372927483>}
x[5,6]{1  <1.0>}
x[5,7]{2  <1.0>}
x[6,0]{4  <0.9120511994847851>, 3  <0.08794880051521498>}
x[6,1]{0  <1.0>}
x[6,2]{7  <1.0>}
x[6,3]{2  <1.0>}
x[6,4]{1  <1.0>}
x[6,5]{6  <0.23265713556222575>, 5  <0.7673428644377742>}
x[6,6]{6  <0.8137361532953665>, 5  <0.18626384670463347>}
x[6,7]{4  <0.16558345031807384>, 3  <0.8344165496819262>}
x[7,0]{1  <1.0>}
x[7,1]{7  <1.0>}
x[7,2]{3  <1.0>}
x[7,3]{6  <1.0>}
x[7,4]{2  <1.0>}
x[7,5]{0  <1.0>}
x[7,6]{4  <1.0>}
x[7,7]{5  <1.0>}
problem entropy = 0.6214756859113059
smallest variable entropy = 0.2977662321081302
##### after BP iteration 4 #####
x[0,0]{6  <1.0>}
x[0,1]{1  <1.0>}
x[0,2]{2  <1.0>}
x[0,3]{5  <1.0>}
x[0,4]{4  <1.0>}
x[0,5]{3  <1.0>}
x[0,6]{0  <1.0>}
x[0,7]{7  <1.0>}
x[1,0]{3  <0.9106755010584775>, 4  <0.0893244989415225>}
x[1,1]{2  <1.0>}
x[1,2]{6  <1.0>}
x[1,3]{0  <1.0>}
x[1,4]{5  <0.9060915347808032>, 7  <0.09390846521919684>}
x[1,5]{1  <1.0>}
x[1,6]{5  <0.1274343851500286>, 7  <0.8725656148499714>}
x[1,7]{4  <0.8774048525890908>, 3  <0.12259514741090907>}
x[2,0]{2  <1.0>}
x[2,1]{3  <1.0>}
x[2,2]{1  <1.0>}
x[2,3]{4  <1.0>}
x[2,4]{5  <0.18570334430164148>, 6  <0.16201908793978043>, 7  <0.652277567758578>}
x[2,5]{5  <0.2482968366999554>, 6  <0.5721704037421538>, 7  <0.17953275955789083>}
x[2,6]{5  <0.6331070378573733>, 7  <0.16669603838931804>, 6  <0.20019692375330844>}
x[2,7]{0  <1.0>}
x[3,0]{5  <1.0>}
x[3,1]{6  <1.0>}
x[3,2]{4  <1.0>}
x[3,3]{7  <1.0>}
x[3,4]{0  <1.0>}
x[3,5]{2  <1.0>}
x[3,6]{3  <1.0>}
x[3,7]{1  <1.0>}
x[4,0]{7  <1.0>}
x[4,1]{5  <1.0>}
x[4,2]{0  <1.0>}
x[4,3]{1  <1.0>}
x[4,4]{3  <1.0>}
x[4,5]{4  <1.0>}
x[4,6]{2  <1.0>}
x[4,7]{6  <1.0>}
x[5,0]{0  <1.0>}
x[5,1]{4  <1.0>}
x[5,2]{5  <1.0>}
x[5,3]{3  <1.0>}
x[5,4]{7  <0.10553765703658008>, 6  <0.89446234296342>}
x[5,5]{7  <0.8876437996048926>, 6  <0.11235620039510737>}
x[5,6]{1  <1.0>}
x[5,7]{2  <1.0>}
x[6,0]{4  <0.8774048525890908>, 3  <0.12259514741090924>}
x[6,1]{0  <1.0>}
x[6,2]{7  <1.0>}
x[6,3]{2  <1.0>}
x[6,4]{1  <1.0>}
x[6,5]{6  <0.1583222048537442>, 5  <0.8416777951462557>}
x[6,6]{6  <0.8037291155685573>, 5  <0.19627088443144275>}
x[6,7]{4  <0.08659227479051701>, 3  <0.913407725209483>}
x[7,0]{1  <1.0>}
x[7,1]{7  <1.0>}
x[7,2]{3  <1.0>}
x[7,3]{6  <1.0>}
x[7,4]{2  <1.0>}
x[7,5]{0  <1.0>}
x[7,6]{4  <1.0>}
x[7,7]{5  <1.0>}
problem entropy = 0.5993715074406658
smallest variable entropy = 0.2945818740099753
##### after BP iteration 5 #####
x[0,0]{6  <1.0>}
x[0,1]{1  <1.0>}
x[0,2]{2  <1.0>}
x[0,3]{5  <1.0>}
x[0,4]{4  <1.0>}
x[0,5]{3  <1.0>}
x[0,6]{0  <1.0>}
x[0,7]{7  <1.0>}
x[1,0]{3  <0.8344165496819262>, 4  <0.1655834503180738>}
x[1,1]{2  <1.0>}
x[1,2]{6  <1.0>}
x[1,3]{0  <1.0>}
x[1,4]{5  <0.841255113426703>, 7  <0.15874488657329702>}
x[1,5]{1  <1.0>}
x[1,6]{5  <0.14243616228966344>, 7  <0.8575638377103365>}
x[1,7]{4  <0.9120511994847851>, 3  <0.08794880051521492>}
x[2,0]{2  <1.0>}
x[2,1]{3  <1.0>}
x[2,2]{1  <1.0>}
x[2,3]{4  <1.0>}
x[2,4]{5  <0.11334973141439326>, 6  <0.13373207269414672>, 7  <0.75291819589146>}
x[2,5]{5  <0.17774211285429056>, 6  <0.6756282149303621>, 7  <0.14662967221534748>}
x[2,6]{5  <0.6299868530505311>, 7  <0.15291566545429722>, 6  <0.21709748149517172>}
x[2,7]{0  <1.0>}
x[3,0]{5  <1.0>}
x[3,1]{6  <1.0>}
x[3,2]{4  <1.0>}
x[3,3]{7  <1.0>}
x[3,4]{0  <1.0>}
x[3,5]{2  <1.0>}
x[3,6]{3  <1.0>}
x[3,7]{1  <1.0>}
x[4,0]{7  <1.0>}
x[4,1]{5  <1.0>}
x[4,2]{0  <1.0>}
x[4,3]{1  <1.0>}
x[4,4]{3  <1.0>}
x[4,5]{4  <1.0>}
x[4,6]{2  <1.0>}
x[4,7]{6  <1.0>}
x[5,0]{0  <1.0>}
x[5,1]{4  <1.0>}
x[5,2]{5  <1.0>}
x[5,3]{3  <1.0>}
x[5,4]{7  <0.13615051902954972>, 6  <0.8638494809704503>}
x[5,5]{7  <0.8431292672732067>, 6  <0.1568707327267934>}
x[5,6]{1  <1.0>}
x[5,7]{2  <1.0>}
x[6,0]{4  <0.9120511994847853>, 3  <0.08794880051521477>}
x[6,1]{0  <1.0>}
x[6,2]{7  <1.0>}
x[6,3]{2  <1.0>}
x[6,4]{1  <1.0>}
x[6,5]{6  <0.22025103893207834>, 5  <0.7797489610679217>}
x[6,6]{6  <0.8258821314544197>, 5  <0.1741178685455803>}
x[6,7]{4  <0.089569335941626>, 3  <0.910430664058374>}
x[7,0]{1  <1.0>}
x[7,1]{7  <1.0>}
x[7,2]{3  <1.0>}
x[7,3]{6  <1.0>}
x[7,4]{2  <1.0>}
x[7,5]{0  <1.0>}
x[7,6]{4  <1.0>}
x[7,7]{5  <1.0>}
problem entropy = 0.6200895215744946
smallest variable entropy = 0.29776623210813014
### branching on x[6,0]=4 marginal=0.9120511994847853
### branching on x[5,4]=6 marginal=0.8638494809704503
##### after BP iteration 1 #####
x[0,0]{6  <1.0>}
x[0,1]{1  <1.0>}
x[0,2]{2  <1.0>}
x[0,3]{5  <1.0>}
x[0,4]{4  <1.0>}
x[0,5]{3  <1.0>}
x[0,6]{0  <1.0>}
x[0,7]{7  <1.0>}
x[1,0]{3  <1.0>}
x[1,1]{2  <1.0>}
x[1,2]{6  <1.0>}
x[1,3]{0  <1.0>}
x[1,4]{5  <0.8056299160710906>, 7  <0.1943700839289095>}
x[1,5]{1  <1.0>}
x[1,6]{5  <0.19551562625355795>, 7  <0.804484373746442>}
x[1,7]{4  <1.0>}
x[2,0]{2  <1.0>}
x[2,1]{3  <1.0>}
x[2,2]{1  <1.0>}
x[2,3]{4  <1.0>}
x[2,4]{5  <0.1066630401775487>, 7  <0.8933369598224512>}
x[2,5]{5  <0.18020622140372836>, 6  <0.8197937785962717>}
x[2,6]{5  <0.7741469840613057>, 7  <0.08023356618694626>, 6  <0.1456194497517481>}
x[2,7]{0  <1.0>}
x[3,0]{5  <1.0>}
x[3,1]{6  <1.0>}
x[3,2]{4  <1.0>}
x[3,3]{7  <1.0>}
x[3,4]{0  <1.0>}
x[3,5]{2  <1.0>}
x[3,6]{3  <1.0>}
x[3,7]{1  <1.0>}
x[4,0]{7  <1.0>}
x[4,1]{5  <1.0>}
x[4,2]{0  <1.0>}
x[4,3]{1  <1.0>}
x[4,4]{3  <1.0>}
x[4,5]{4  <1.0>}
x[4,6]{2  <1.0>}
x[4,7]{6  <1.0>}
x[5,0]{0  <1.0>}
x[5,1]{4  <1.0>}
x[5,2]{5  <1.0>}
x[5,3]{3  <1.0>}
x[5,4]{6  <1.0>}
x[5,5]{7  <1.0>}
x[5,6]{1  <1.0>}
x[5,7]{2  <1.0>}
x[6,0]{4  <1.0>}
x[6,1]{0  <1.0>}
x[6,2]{7  <1.0>}
x[6,3]{2  <1.0>}
x[6,4]{1  <1.0>}
x[6,5]{6  <0.2277141227516071>, 5  <0.7722858772483929>}
x[6,6]{6  <0.7547682001716187>, 5  <0.24523179982838123>}
x[6,7]{3  <1.0>}
x[7,0]{1  <1.0>}
x[7,1]{7  <1.0>}
x[7,2]{3  <1.0>}
x[7,3]{6  <1.0>}
x[7,4]{2  <1.0>}
x[7,5]{0  <1.0>}
x[7,6]{4  <1.0>}
x[7,7]{5  <1.0>}
problem entropy = 0.68447843062254
smallest variable entropy = 0.33948123516561657
##### after BP iteration 2 #####
x[0,0]{6  <1.0>}
x[0,1]{1  <1.0>}
x[0,2]{2  <1.0>}
x[0,3]{5  <1.0>}
x[0,4]{4  <1.0>}
x[0,5]{3  <1.0>}
x[0,6]{0  <1.0>}
x[0,7]{7  <1.0>}
x[1,0]{3  <1.0>}
x[1,1]{2  <1.0>}
x[1,2]{6  <1.0>}
x[1,3]{0  <1.0>}
x[1,4]{5  <0.8667188502351958>, 7  <0.1332811497648043>}
x[1,5]{1  <1.0>}
x[1,6]{5  <0.10686992926448535>, 7  <0.8931300707355146>}
x[1,7]{4  <1.0>}
x[2,0]{2  <1.0>}
x[2,1]{3  <1.0>}
x[2,2]{1  <1.0>}
x[2,3]{4  <1.0>}
x[2,4]{5  <0.12106723777423023>, 7  <0.8789327622257698>}
x[2,5]{5  <0.15648146463305404>, 6  <0.843518535366946>}
x[2,6]{5  <0.679733828138656>, 7  <0.12826581107884752>, 6  <0.1920003607824965>}
x[2,7]{0  <1.0>}
x[3,0]{5  <1.0>}
x[3,1]{6  <1.0>}
x[3,2]{4  <1.0>}
x[3,3]{7  <1.0>}
x[3,4]{0  <1.0>}
x[3,5]{2  <1.0>}
x[3,6]{3  <1.0>}
x[3,7]{1  <1.0>}
x[4,0]{7  <1.0>}
x[4,1]{5  <1.0>}
x[4,2]{0  <1.0>}
x[4,3]{1  <1.0>}
x[4,4]{3  <1.0>}
x[4,5]{4  <1.0>}
x[4,6]{2  <1.0>}
x[4,7]{6  <1.0>}
x[5,0]{0  <1.0>}
x[5,1]{4  <1.0>}
x[5,2]{5  <1.0>}
x[5,3]{3  <1.0>}
x[5,4]{6  <1.0>}
x[5,5]{7  <1.0>}
x[5,6]{1  <1.0>}
x[5,7]{2  <1.0>}
x[6,0]{4  <1.0>}
x[6,1]{0  <1.0>}
x[6,2]{7  <1.0>}
x[6,3]{2  <1.0>}
x[6,4]{1  <1.0>}
x[6,5]{6  <0.20182067965204314>, 5  <0.7981793203479568>}
x[6,6]{6  <0.8129413201560619>, 5  <0.187058679843938>}
x[6,7]{3  <1.0>}
x[7,0]{1  <1.0>}
x[7,1]{7  <1.0>}
x[7,2]{3  <1.0>}
x[7,3]{6  <1.0>}
x[7,4]{2  <1.0>}
x[7,5]{0  <1.0>}
x[7,6]{4  <1.0>}
x[7,7]{5  <1.0>}
problem entropy = 0.6289838219680967
smallest variable entropy = 0.33992070981903255
##### after BP iteration 3 #####
x[0,0]{6  <1.0>}
x[0,1]{1  <1.0>}
x[0,2]{2  <1.0>}
x[0,3]{5  <1.0>}
x[0,4]{4  <1.0>}
x[0,5]{3  <1.0>}
x[0,6]{0  <1.0>}
x[0,7]{7  <1.0>}
x[1,0]{3  <1.0>}
x[1,1]{2  <1.0>}
x[1,2]{6  <1.0>}
x[1,3]{0  <1.0>}
x[1,4]{5  <0.9360532455962434>, 7  <0.06394675440375672>}
x[1,5]{1  <1.0>}
x[1,6]{5  <0.0848449203870397>, 7  <0.9151550796129603>}
x[1,7]{4  <1.0>}
x[2,0]{2  <1.0>}
x[2,1]{3  <1.0>}
x[2,2]{1  <1.0>}
x[2,3]{4  <1.0>}
x[2,4]{5  <0.15859935070929296>, 7  <0.8414006492907071>}
x[2,5]{5  <0.2090023647325969>, 6  <0.7909976352674031>}
x[2,6]{5  <0.6509899510574625>, 7  <0.15706091457103993>, 6  <0.19194913437149758>}
x[2,7]{0  <1.0>}
x[3,0]{5  <1.0>}
x[3,1]{6  <1.0>}
x[3,2]{4  <1.0>}
x[3,3]{7  <1.0>}
x[3,4]{0  <1.0>}
x[3,5]{2  <1.0>}
x[3,6]{3  <1.0>}
x[3,7]{1  <1.0>}
x[4,0]{7  <1.0>}
x[4,1]{5  <1.0>}
x[4,2]{0  <1.0>}
x[4,3]{1  <1.0>}
x[4,4]{3  <1.0>}
x[4,5]{4  <1.0>}
x[4,6]{2  <1.0>}
x[4,7]{6  <1.0>}
x[5,0]{0  <1.0>}
x[5,1]{4  <1.0>}
x[5,2]{5  <1.0>}
x[5,3]{3  <1.0>}
x[5,4]{6  <1.0>}
x[5,5]{7  <1.0>}
x[5,6]{1  <1.0>}
x[5,7]{2  <1.0>}
x[6,0]{4  <1.0>}
x[6,1]{0  <1.0>}
x[6,2]{7  <1.0>}
x[6,3]{2  <1.0>}
x[6,4]{1  <1.0>}
x[6,5]{6  <0.12646119155779587>, 5  <0.8735388084422041>}
x[6,6]{6  <0.8449849109259949>, 5  <0.1550150890740051>}
x[6,7]{3  <1.0>}
x[7,0]{1  <1.0>}
x[7,1]{7  <1.0>}
x[7,2]{3  <1.0>}
x[7,3]{6  <1.0>}
x[7,4]{2  <1.0>}
x[7,5]{0  <1.0>}
x[7,6]{4  <1.0>}
x[7,7]{5  <1.0>}
problem entropy = 0.5871065151005712
smallest variable entropy = 0.23769180830850167
##### after BP iteration 4 #####
x[0,0]{6  <1.0>}
x[0,1]{1  <1.0>}
x[0,2]{2  <1.0>}
x[0,3]{5  <1.0>}
x[0,4]{4  <1.0>}
x[0,5]{3  <1.0>}
x[0,6]{0  <1.0>}
x[0,7]{7  <1.0>}
x[1,0]{3  <1.0>}
x[1,1]{2  <1.0>}
x[1,2]{6  <1.0>}
x[1,3]{0  <1.0>}
x[1,4]{5  <0.8979545635364544>, 7  <0.10204543646354566>}
x[1,5]{1  <1.0>}
x[1,6]{5  <0.1010658185232767>, 7  <0.8989341814767233>}
x[1,7]{4  <1.0>}
x[2,0]{2  <1.0>}
x[2,1]{3  <1.0>}
x[2,2]{1  <1.0>}
x[2,3]{4  <1.0>}
x[2,4]{5  <0.08247874186495807>, 7  <0.917521258135042>}
x[2,5]{5  <0.15490776616804552>, 6  <0.8450922338319545>}
x[2,6]{5  <0.7109200239213409>, 7  <0.10932292306016675>, 6  <0.17975705301849235>}
x[2,7]{0  <1.0>}
x[3,0]{5  <1.0>}
x[3,1]{6  <1.0>}
x[3,2]{4  <1.0>}
x[3,3]{7  <1.0>}
x[3,4]{0  <1.0>}
x[3,5]{2  <1.0>}
x[3,6]{3  <1.0>}
x[3,7]{1  <1.0>}
x[4,0]{7  <1.0>}
x[4,1]{5  <1.0>}
x[4,2]{0  <1.0>}
x[4,3]{1  <1.0>}
x[4,4]{3  <1.0>}
x[4,5]{4  <1.0>}
x[4,6]{2  <1.0>}
x[4,7]{6  <1.0>}
x[5,0]{0  <1.0>}
x[5,1]{4  <1.0>}
x[5,2]{5  <1.0>}
x[5,3]{3  <1.0>}
x[5,4]{6  <1.0>}
x[5,5]{7  <1.0>}
x[5,6]{1  <1.0>}
x[5,7]{2  <1.0>}
x[6,0]{4  <1.0>}
x[6,1]{0  <1.0>}
x[6,2]{7  <1.0>}
x[6,3]{2  <1.0>}
x[6,4]{1  <1.0>}
x[6,5]{6  <0.1608669006530723>, 5  <0.8391330993469277>}
x[6,6]{6  <0.8606054559869676>, 5  <0.13939454401303242>}
x[6,7]{3  <1.0>}
x[7,0]{1  <1.0>}
x[7,1]{7  <1.0>}
x[7,2]{3  <1.0>}
x[7,3]{6  <1.0>}
x[7,4]{2  <1.0>}
x[7,5]{0  <1.0>}
x[7,6]{4  <1.0>}
x[7,7]{5  <1.0>}
problem entropy = 0.5602188626546297
smallest variable entropy = 0.2847819669618653
##### after BP iteration 5 #####
x[0,0]{6  <1.0>}
x[0,1]{1  <1.0>}
x[0,2]{2  <1.0>}
x[0,3]{5  <1.0>}
x[0,4]{4  <1.0>}
x[0,5]{3  <1.0>}
x[0,6]{0  <1.0>}
x[0,7]{7  <1.0>}
x[1,0]{3  <1.0>}
x[1,1]{2  <1.0>}
x[1,2]{6  <1.0>}
x[1,3]{0  <1.0>}
x[1,4]{5  <0.8711259975009384>, 7  <0.12887400249906159>}
x[1,5]{1  <1.0>}
x[1,6]{5  <0.13494587070361466>, 7  <0.8650541292963854>}
x[1,7]{4  <1.0>}
x[2,0]{2  <1.0>}
x[2,1]{3  <1.0>}
x[2,2]{1  <1.0>}
x[2,3]{4  <1.0>}
x[2,4]{5  <0.07309138447416766>, 7  <0.9269086155258324>}
x[2,5]{5  <0.14611654960934178>, 6  <0.8538834503906582>}
x[2,6]{5  <0.8243451368359321>, 7  <0.05631538190501215>, 6  <0.11933948125905566>}
x[2,7]{0  <1.0>}
x[3,0]{5  <1.0>}
x[3,1]{6  <1.0>}
x[3,2]{4  <1.0>}
x[3,3]{7  <1.0>}
x[3,4]{0  <1.0>}
x[3,5]{2  <1.0>}
x[3,6]{3  <1.0>}
x[3,7]{1  <1.0>}
x[4,0]{7  <1.0>}
x[4,1]{5  <1.0>}
x[4,2]{0  <1.0>}
x[4,3]{1  <1.0>}
x[4,4]{3  <1.0>}
x[4,5]{4  <1.0>}
x[4,6]{2  <1.0>}
x[4,7]{6  <1.0>}
x[5,0]{0  <1.0>}
x[5,1]{4  <1.0>}
x[5,2]{5  <1.0>}
x[5,3]{3  <1.0>}
x[5,4]{6  <1.0>}
x[5,5]{7  <1.0>}
x[5,6]{1  <1.0>}
x[5,7]{2  <1.0>}
x[6,0]{4  <1.0>}
x[6,1]{0  <1.0>}
x[6,2]{7  <1.0>}
x[6,3]{2  <1.0>}
x[6,4]{1  <1.0>}
x[6,5]{6  <0.1701836009610391>, 5  <0.8298163990389609>}
x[6,6]{6  <0.8126036374196792>, 5  <0.18739636258032072>}
x[6,7]{3  <1.0>}
x[7,0]{1  <1.0>}
x[7,1]{7  <1.0>}
x[7,2]{3  <1.0>}
x[7,3]{6  <1.0>}
x[7,4]{2  <1.0>}
x[7,5]{0  <1.0>}
x[7,6]{4  <1.0>}
x[7,7]{5  <1.0>}
problem entropy = 0.5685750575873512
smallest variable entropy = 0.26156297592277467
##### after BP iteration 6 #####
x[0,0]{6  <1.0>}
x[0,1]{1  <1.0>}
x[0,2]{2  <1.0>}
x[0,3]{5  <1.0>}
x[0,4]{4  <1.0>}
x[0,5]{3  <1.0>}
x[0,6]{0  <1.0>}
x[0,7]{7  <1.0>}
x[1,0]{3  <1.0>}
x[1,1]{2  <1.0>}
x[1,2]{6  <1.0>}
x[1,3]{0  <1.0>}
x[1,4]{5  <0.9023278552358521>, 7  <0.09767214476414794>}
x[1,5]{1  <1.0>}
x[1,6]{5  <0.07058667510531684>, 7  <0.9294133248946832>}
x[1,7]{4  <1.0>}
x[2,0]{2  <1.0>}
x[2,1]{3  <1.0>}
x[2,2]{1  <1.0>}
x[2,3]{4  <1.0>}
x[2,4]{5  <0.08897665138573027>, 7  <0.9110233486142697>}
x[2,5]{5  <0.1295936319428446>, 6  <0.8704063680571554>}
x[2,6]{5  <0.7660791467720428>, 7  <0.08705883802193079>, 6  <0.1468620152060264>}
x[2,7]{0  <1.0>}
x[3,0]{5  <1.0>}
x[3,1]{6  <1.0>}
x[3,2]{4  <1.0>}
x[3,3]{7  <1.0>}
x[3,4]{0  <1.0>}
x[3,5]{2  <1.0>}
x[3,6]{3  <1.0>}
x[3,7]{1  <1.0>}
x[4,0]{7  <1.0>}
x[4,1]{5  <1.0>}
x[4,2]{0  <1.0>}
x[4,3]{1  <1.0>}
x[4,4]{3  <1.0>}
x[4,5]{4  <1.0>}
x[4,6]{2  <1.0>}
x[4,7]{6  <1.0>}
x[5,0]{0  <1.0>}
x[5,1]{4  <1.0>}
x[5,2]{5  <1.0>}
x[5,3]{3  <1.0>}
x[5,4]{6  <1.0>}
x[5,5]{7  <1.0>}
x[5,6]{1  <1.0>}
x[5,7]{2  <1.0>}
x[6,0]{4  <1.0>}
x[6,1]{0  <1.0>}
x[6,2]{7  <1.0>}
x[6,3]{2  <1.0>}
x[6,4]{1  <1.0>}
x[6,5]{6  <0.17070831485279211>, 5  <0.8292916851472079>}
x[6,6]{6  <0.8558540368298334>, 5  <0.14414596317016656>}
x[6,7]{3  <1.0>}
x[7,0]{1  <1.0>}
x[7,1]{7  <1.0>}
x[7,2]{3  <1.0>}
x[7,3]{6  <1.0>}
x[7,4]{2  <1.0>}
x[7,5]{0  <1.0>}
x[7,6]{4  <1.0>}
x[7,7]{5  <1.0>}
problem entropy = 0.5298659140435242
smallest variable entropy = 0.25515385643518146
##### after BP iteration 7 #####
x[0,0]{6  <1.0>}
x[0,1]{1  <1.0>}
x[0,2]{2  <1.0>}
x[0,3]{5  <1.0>}
x[0,4]{4  <1.0>}
x[0,5]{3  <1.0>}
x[0,6]{0  <1.0>}
x[0,7]{7  <1.0>}
x[1,0]{3  <1.0>}
x[1,1]{2  <1.0>}
x[1,2]{6  <1.0>}
x[1,3]{0  <1.0>}
x[1,4]{5  <0.9522548531846429>, 7  <0.04774514681535716>}
x[1,5]{1  <1.0>}
x[1,6]{5  <0.062079286191601885>, 7  <0.9379207138083981>}
x[1,7]{4  <1.0>}
x[2,0]{2  <1.0>}
x[2,1]{3  <1.0>}
x[2,2]{1  <1.0>}
x[2,3]{4  <1.0>}
x[2,4]{5  <0.1145826193379334>, 7  <0.8854173806620665>}
x[2,5]{5  <0.1675957488095969>, 6  <0.8324042511904031>}
x[2,6]{5  <0.739084416500241>, 7  <0.10933982823646231>, 6  <0.15157575526329653>}
x[2,7]{0  <1.0>}
x[3,0]{5  <1.0>}
x[3,1]{6  <1.0>}
x[3,2]{4  <1.0>}
x[3,3]{7  <1.0>}
x[3,4]{0  <1.0>}
x[3,5]{2  <1.0>}
x[3,6]{3  <1.0>}
x[3,7]{1  <1.0>}
x[4,0]{7  <1.0>}
x[4,1]{5  <1.0>}
x[4,2]{0  <1.0>}
x[4,3]{1  <1.0>}
x[4,4]{3  <1.0>}
x[4,5]{4  <1.0>}
x[4,6]{2  <1.0>}
x[4,7]{6  <1.0>}
x[5,0]{0  <1.0>}
x[5,1]{4  <1.0>}
x[5,2]{5  <1.0>}
x[5,3]{3  <1.0>}
x[5,4]{6  <1.0>}
x[5,5]{7  <1.0>}
x[5,6]{1  <1.0>}
x[5,7]{2  <1.0>}
x[6,0]{4  <1.0>}
x[6,1]{0  <1.0>}
x[6,2]{7  <1.0>}
x[6,3]{2  <1.0>}
x[6,4]{1  <1.0>}
x[6,5]{6  <0.10895078841252805>, 5  <0.891049211587472>}
x[6,6]{6  <0.8670142281231318>, 5  <0.1329857718768683>}
x[6,7]{3  <1.0>}
x[7,0]{1  <1.0>}
x[7,1]{7  <1.0>}
x[7,2]{3  <1.0>}
x[7,3]{6  <1.0>}
x[7,4]{2  <1.0>}
x[7,5]{0  <1.0>}
x[7,6]{4  <1.0>}
x[7,7]{5  <1.0>}
problem entropy = 0.5034915879106631
smallest variable entropy = 0.19182166622797725
##### after BP iteration 8 #####
x[0,0]{6  <1.0>}
x[0,1]{1  <1.0>}
x[0,2]{2  <1.0>}
x[0,3]{5  <1.0>}
x[0,4]{4  <1.0>}
x[0,5]{3  <1.0>}
x[0,6]{0  <1.0>}
x[0,7]{7  <1.0>}
x[1,0]{3  <1.0>}
x[1,1]{2  <1.0>}
x[1,2]{6  <1.0>}
x[1,3]{0  <1.0>}
x[1,4]{5  <0.9266718230077284>, 7  <0.07332817699227155>}
x[1,5]{1  <1.0>}
x[1,6]{5  <0.07623981918070723>, 7  <0.9237601808192928>}
x[1,7]{4  <1.0>}
x[2,0]{2  <1.0>}
x[2,1]{3  <1.0>}
x[2,2]{1  <1.0>}
x[2,3]{4  <1.0>}
x[2,4]{5  <0.05814558025620332>, 7  <0.9418544197437967>}
x[2,5]{5  <0.1269056752764286>, 6  <0.8730943247235714>}
x[2,6]{5  <0.7609811669623535>, 7  <0.08237212480036939>, 6  <0.15664670823727717>}
x[2,7]{0  <1.0>}
x[3,0]{5  <1.0>}
x[3,1]{6  <1.0>}
x[3,2]{4  <1.0>}
x[3,3]{7  <1.0>}
x[3,4]{0  <1.0>}
x[3,5]{2  <1.0>}
x[3,6]{3  <1.0>}
x[3,7]{1  <1.0>}
x[4,0]{7  <1.0>}
x[4,1]{5  <1.0>}
x[4,2]{0  <1.0>}
x[4,3]{1  <1.0>}
x[4,4]{3  <1.0>}
x[4,5]{4  <1.0>}
x[4,6]{2  <1.0>}
x[4,7]{6  <1.0>}
x[5,0]{0  <1.0>}
x[5,1]{4  <1.0>}
x[5,2]{5  <1.0>}
x[5,3]{3  <1.0>}
x[5,4]{6  <1.0>}
x[5,5]{7  <1.0>}
x[5,6]{1  <1.0>}
x[5,7]{2  <1.0>}
x[6,0]{4  <1.0>}
x[6,1]{0  <1.0>}
x[6,2]{7  <1.0>}
x[6,3]{2  <1.0>}
x[6,4]{1  <1.0>}
x[6,5]{6  <0.13045281414493326>, 5  <0.8695471858550667>}
x[6,6]{6  <0.8808675126565134>, 5  <0.11913248734348657>}
x[6,7]{3  <1.0>}
x[7,0]{1  <1.0>}
x[7,1]{7  <1.0>}
x[7,2]{3  <1.0>}
x[7,3]{6  <1.0>}
x[7,4]{2  <1.0>}
x[7,5]{0  <1.0>}
x[7,6]{4  <1.0>}
x[7,7]{5  <1.0>}
problem entropy = 0.4803127103342007
smallest variable entropy = 0.22183423594737622
##### after BP iteration 9 #####
x[0,0]{6  <1.0>}
x[0,1]{1  <1.0>}
x[0,2]{2  <1.0>}
x[0,3]{5  <1.0>}
x[0,4]{4  <1.0>}
x[0,5]{3  <1.0>}
x[0,6]{0  <1.0>}
x[0,7]{7  <1.0>}
x[1,0]{3  <1.0>}
x[1,1]{2  <1.0>}
x[1,2]{6  <1.0>}
x[1,3]{0  <1.0>}
x[1,4]{5  <0.9077539733454917>, 7  <0.09224602665450844>}
x[1,5]{1  <1.0>}
x[1,6]{5  <0.09981226667379547>, 7  <0.9001877333262045>}
x[1,7]{4  <1.0>}
x[2,0]{2  <1.0>}
x[2,1]{3  <1.0>}
x[2,2]{1  <1.0>}
x[2,3]{4  <1.0>}
x[2,4]{5  <0.05439594993465132>, 7  <0.9456040500653486>}
x[2,5]{5  <0.12727083367754694>, 6  <0.872729166322453>}
x[2,6]{5  <0.8529428350903213>, 7  <0.04276573729217632>, 6  <0.10429142761750237>}
x[2,7]{0  <1.0>}
x[3,0]{5  <1.0>}
x[3,1]{6  <1.0>}
x[3,2]{4  <1.0>}
x[3,3]{7  <1.0>}
x[3,4]{0  <1.0>}
x[3,5]{2  <1.0>}
x[3,6]{3  <1.0>}
x[3,7]{1  <1.0>}
x[4,0]{7  <1.0>}
x[4,1]{5  <1.0>}
x[4,2]{0  <1.0>}
x[4,3]{1  <1.0>}
x[4,4]{3  <1.0>}
x[4,5]{4  <1.0>}
x[4,6]{2  <1.0>}
x[4,7]{6  <1.0>}
x[5,0]{0  <1.0>}
x[5,1]{4  <1.0>}
x[5,2]{5  <1.0>}
x[5,3]{3  <1.0>}
x[5,4]{6  <1.0>}
x[5,5]{7  <1.0>}
x[5,6]{1  <1.0>}
x[5,7]{2  <1.0>}
x[6,0]{4  <1.0>}
x[6,1]{0  <1.0>}
x[6,2]{7  <1.0>}
x[6,3]{2  <1.0>}
x[6,4]{1  <1.0>}
x[6,5]{6  <0.13850448294000292>, 5  <0.861495517059997>}
x[6,6]{6  <0.8458505353181422>, 5  <0.15414946468185778>}
x[6,7]{3  <1.0>}
x[7,0]{1  <1.0>}
x[7,1]{7  <1.0>}
x[7,2]{3  <1.0>}
x[7,3]{6  <1.0>}
x[7,4]{2  <1.0>}
x[7,5]{0  <1.0>}
x[7,6]{4  <1.0>}
x[7,7]{5  <1.0>}
problem entropy = 0.48974828556751593
smallest variable entropy = 0.21126084619728963
##### after BP iteration 10 #####
x[0,0]{6  <1.0>}
x[0,1]{1  <1.0>}
x[0,2]{2  <1.0>}
x[0,3]{5  <1.0>}
x[0,4]{4  <1.0>}
x[0,5]{3  <1.0>}
x[0,6]{0  <1.0>}
x[0,7]{7  <1.0>}
x[1,0]{3  <1.0>}
x[1,1]{2  <1.0>}
x[1,2]{6  <1.0>}
x[1,3]{0  <1.0>}
x[1,4]{5  <0.9254073424884839>, 7  <0.07459265751151611>}
x[1,5]{1  <1.0>}
x[1,6]{5  <0.05106160932227759>, 7  <0.9489383906777225>}
x[1,7]{4  <1.0>}
x[2,0]{2  <1.0>}
x[2,1]{3  <1.0>}
x[2,2]{1  <1.0>}
x[2,3]{4  <1.0>}
x[2,4]{5  <0.06837405262528809>, 7  <0.9316259473747119>}
x[2,5]{5  <0.11276753881764758>, 6  <0.8872324611823524>}
x[2,6]{5  <0.8135673530386798>, 7  <0.06437814270118003>, 6  <0.12205450426014021>}
x[2,7]{0  <1.0>}
x[3,0]{5  <1.0>}
x[3,1]{6  <1.0>}
x[3,2]{4  <1.0>}
x[3,3]{7  <1.0>}
x[3,4]{0  <1.0>}
x[3,5]{2  <1.0>}
x[3,6]{3  <1.0>}
x[3,7]{1  <1.0>}
x[4,0]{7  <1.0>}
x[4,1]{5  <1.0>}
x[4,2]{0  <1.0>}
x[4,3]{1  <1.0>}
x[4,4]{3  <1.0>}
x[4,5]{4  <1.0>}
x[4,6]{2  <1.0>}
x[4,7]{6  <1.0>}
x[5,0]{0  <1.0>}
x[5,1]{4  <1.0>}
x[5,2]{5  <1.0>}
x[5,3]{3  <1.0>}
x[5,4]{6  <1.0>}
x[5,5]{7  <1.0>}
x[5,6]{1  <1.0>}
x[5,7]{2  <1.0>}
x[6,0]{4  <1.0>}
x[6,1]{0  <1.0>}
x[6,2]{7  <1.0>}
x[6,3]{2  <1.0>}
x[6,4]{1  <1.0>}
x[6,5]{6  <0.15048951316542733>, 5  <0.8495104868345728>}
x[6,6]{6  <0.879603071004732>, 5  <0.12039692899526798>}
x[6,7]{3  <1.0>}
x[7,0]{1  <1.0>}
x[7,1]{7  <1.0>}
x[7,2]{3  <1.0>}
x[7,3]{6  <1.0>}
x[7,4]{2  <1.0>}
x[7,5]{0  <1.0>}
x[7,6]{4  <1.0>}
x[7,7]{5  <1.0>}
problem entropy = 0.46150359074350183
smallest variable entropy = 0.2016293026121038
### branching on x[1,6]=7 marginal=0.9489383906777225
##### after BP iteration 1 #####
x[0,0]{6  <1.0>}
x[0,1]{1  <1.0>}
x[0,2]{2  <1.0>}
x[0,3]{5  <1.0>}
x[0,4]{4  <1.0>}
x[0,5]{3  <1.0>}
x[0,6]{0  <1.0>}
x[0,7]{7  <1.0>}
x[1,0]{3  <1.0>}
x[1,1]{2  <1.0>}
x[1,2]{6  <1.0>}
x[1,3]{0  <1.0>}
x[1,4]{5  <1.0>}
x[1,5]{1  <1.0>}
x[1,6]{7  <1.0>}
x[1,7]{4  <1.0>}
x[2,0]{2  <1.0>}
x[2,1]{3  <1.0>}
x[2,2]{1  <1.0>}
x[2,3]{4  <1.0>}
x[2,4]{7  <1.0>}
x[2,5]{5  <0.15414946468185786>, 6  <0.8458505353181421>}
x[2,6]{5  <0.861495517059997>, 6  <0.13850448294000298>}
x[2,7]{0  <1.0>}
x[3,0]{5  <1.0>}
x[3,1]{6  <1.0>}
x[3,2]{4  <1.0>}
x[3,3]{7  <1.0>}
x[3,4]{0  <1.0>}
x[3,5]{2  <1.0>}
x[3,6]{3  <1.0>}
x[3,7]{1  <1.0>}
x[4,0]{7  <1.0>}
x[4,1]{5  <1.0>}
x[4,2]{0  <1.0>}
x[4,3]{1  <1.0>}
x[4,4]{3  <1.0>}
x[4,5]{4  <1.0>}
x[4,6]{2  <1.0>}
x[4,7]{6  <1.0>}
x[5,0]{0  <1.0>}
x[5,1]{4  <1.0>}
x[5,2]{5  <1.0>}
x[5,3]{3  <1.0>}
x[5,4]{6  <1.0>}
x[5,5]{7  <1.0>}
x[5,6]{1  <1.0>}
x[5,7]{2  <1.0>}
x[6,0]{4  <1.0>}
x[6,1]{0  <1.0>}
x[6,2]{7  <1.0>}
x[6,3]{2  <1.0>}
x[6,4]{1  <1.0>}
x[6,5]{6  <0.09764336930552267>, 5  <0.9023566306944774>}
x[6,6]{6  <0.872729166322453>, 5  <0.12727083367754694>}
x[6,7]{3  <1.0>}
x[7,0]{1  <1.0>}
x[7,1]{7  <1.0>}
x[7,2]{3  <1.0>}
x[7,3]{6  <1.0>}
x[7,4]{2  <1.0>}
x[7,5]{0  <1.0>}
x[7,6]{4  <1.0>}
x[7,7]{5  <1.0>}
problem entropy = 0.5529556183180595
smallest variable entropy = 0.319873854523499
##### after BP iteration 2 #####
x[0,0]{6  <1.0>}
x[0,1]{1  <1.0>}
x[0,2]{2  <1.0>}
x[0,3]{5  <1.0>}
x[0,4]{4  <1.0>}
x[0,5]{3  <1.0>}
x[0,6]{0  <1.0>}
x[0,7]{7  <1.0>}
x[1,0]{3  <1.0>}
x[1,1]{2  <1.0>}
x[1,2]{6  <1.0>}
x[1,3]{0  <1.0>}
x[1,4]{5  <1.0>}
x[1,5]{1  <1.0>}
x[1,6]{7  <1.0>}
x[1,7]{4  <1.0>}
x[2,0]{2  <1.0>}
x[2,1]{3  <1.0>}
x[2,2]{1  <1.0>}
x[2,3]{4  <1.0>}
x[2,4]{7  <1.0>}
x[2,5]{5  <0.12039692899526803>, 6  <0.879603071004732>}
x[2,6]{5  <0.8495104868345726>, 6  <0.15048951316542736>}
x[2,7]{0  <1.0>}
x[3,0]{5  <1.0>}
x[3,1]{6  <1.0>}
x[3,2]{4  <1.0>}
x[3,3]{7  <1.0>}
x[3,4]{0  <1.0>}
x[3,5]{2  <1.0>}
x[3,6]{3  <1.0>}
x[3,7]{1  <1.0>}
x[4,0]{7  <1.0>}
x[4,1]{5  <1.0>}
x[4,2]{0  <1.0>}
x[4,3]{1  <1.0>}
x[4,4]{3  <1.0>}
x[4,5]{4  <1.0>}
x[4,6]{2  <1.0>}
x[4,7]{6  <1.0>}
x[5,0]{0  <1.0>}
x[5,1]{4  <1.0>}
x[5,2]{5  <1.0>}
x[5,3]{3  <1.0>}
x[5,4]{6  <1.0>}
x[5,5]{7  <1.0>}
x[5,6]{1  <1.0>}
x[5,7]{2  <1.0>}
x[6,0]{4  <1.0>}
x[6,1]{0  <1.0>}
x[6,2]{7  <1.0>}
x[6,3]{2  <1.0>}
x[6,4]{1  <1.0>}
x[6,5]{6  <0.13045281414493318>, 5  <0.8695471858550667>}
x[6,6]{6  <0.8872324611823523>, 5  <0.11276753881764758>}
x[6,7]{3  <1.0>}
x[7,0]{1  <1.0>}
x[7,1]{7  <1.0>}
x[7,2]{3  <1.0>}
x[7,3]{6  <1.0>}
x[7,4]{2  <1.0>}
x[7,5]{0  <1.0>}
x[7,6]{4  <1.0>}
x[7,7]{5  <1.0>}
problem entropy = 0.5521127738425347
smallest variable entropy = 0.35226271012083543
##### after BP iteration 3 #####
x[0,0]{6  <1.0>}
x[0,1]{1  <1.0>}
x[0,2]{2  <1.0>}
x[0,3]{5  <1.0>}
x[0,4]{4  <1.0>}
x[0,5]{3  <1.0>}
x[0,6]{0  <1.0>}
x[0,7]{7  <1.0>}
x[1,0]{3  <1.0>}
x[1,1]{2  <1.0>}
x[1,2]{6  <1.0>}
x[1,3]{0  <1.0>}
x[1,4]{5  <1.0>}
x[1,5]{1  <1.0>}
x[1,6]{7  <1.0>}
x[1,7]{4  <1.0>}
x[2,0]{2  <1.0>}
x[2,1]{3  <1.0>}
x[2,2]{1  <1.0>}
x[2,3]{4  <1.0>}
x[2,4]{7  <1.0>}
x[2,5]{5  <0.12727083367754694>, 6  <0.872729166322453>}
x[2,6]{5  <0.9023566306944774>, 6  <0.09764336930552264>}
x[2,7]{0  <1.0>}
x[3,0]{5  <1.0>}
x[3,1]{6  <1.0>}
x[3,2]{4  <1.0>}
x[3,3]{7  <1.0>}
x[3,4]{0  <1.0>}
x[3,5]{2  <1.0>}
x[3,6]{3  <1.0>}
x[3,7]{1  <1.0>}
x[4,0]{7  <1.0>}
x[4,1]{5  <1.0>}
x[4,2]{0  <1.0>}
x[4,3]{1  <1.0>}
x[4,4]{3  <1.0>}
x[4,5]{4  <1.0>}
x[4,6]{2  <1.0>}
x[4,7]{6  <1.0>}
x[5,0]{0  <1.0>}
x[5,1]{4  <1.0>}
x[5,2]{5  <1.0>}
x[5,3]{3  <1.0>}
x[5,4]{6  <1.0>}
x[5,5]{7  <1.0>}
x[5,6]{1  <1.0>}
x[5,7]{2  <1.0>}
x[6,0]{4  <1.0>}
x[6,1]{0  <1.0>}
x[6,2]{7  <1.0>}
x[6,3]{2  <1.0>}
x[6,4]{1  <1.0>}
x[6,5]{6  <0.138504482940003>, 5  <0.8614955170599969>}
x[6,6]{6  <0.8458505353181422>, 5  <0.15414946468185775>}
x[6,7]{3  <1.0>}
x[7,0]{1  <1.0>}
x[7,1]{7  <1.0>}
x[7,2]{3  <1.0>}
x[7,3]{6  <1.0>}
x[7,4]{2  <1.0>}
x[7,5]{0  <1.0>}
x[7,6]{4  <1.0>}
x[7,7]{5  <1.0>}
problem entropy = 0.5529556183180595
smallest variable entropy = 0.319873854523499
##### after BP iteration 4 #####
x[0,0]{6  <1.0>}
x[0,1]{1  <1.0>}
x[0,2]{2  <1.0>}
x[0,3]{5  <1.0>}
x[0,4]{4  <1.0>}
x[0,5]{3  <1.0>}
x[0,6]{0  <1.0>}
x[0,7]{7  <1.0>}
x[1,0]{3  <1.0>}
x[1,1]{2  <1.0>}
x[1,2]{6  <1.0>}
x[1,3]{0  <1.0>}
x[1,4]{5  <1.0>}
x[1,5]{1  <1.0>}
x[1,6]{7  <1.0>}
x[1,7]{4  <1.0>}
x[2,0]{2  <1.0>}
x[2,1]{3  <1.0>}
x[2,2]{1  <1.0>}
x[2,3]{4  <1.0>}
x[2,4]{7  <1.0>}
x[2,5]{5  <0.11276753881764758>, 6  <0.8872324611823524>}
x[2,6]{5  <0.8695471858550667>, 6  <0.13045281414493318>}
x[2,7]{0  <1.0>}
x[3,0]{5  <1.0>}
x[3,1]{6  <1.0>}
x[3,2]{4  <1.0>}
x[3,3]{7  <1.0>}
x[3,4]{0  <1.0>}
x[3,5]{2  <1.0>}
x[3,6]{3  <1.0>}
x[3,7]{1  <1.0>}
x[4,0]{7  <1.0>}
x[4,1]{5  <1.0>}
x[4,2]{0  <1.0>}
x[4,3]{1  <1.0>}
x[4,4]{3  <1.0>}
x[4,5]{4  <1.0>}
x[4,6]{2  <1.0>}
x[4,7]{6  <1.0>}
x[5,0]{0  <1.0>}
x[5,1]{4  <1.0>}
x[5,2]{5  <1.0>}
x[5,3]{3  <1.0>}
x[5,4]{6  <1.0>}
x[5,5]{7  <1.0>}
x[5,6]{1  <1.0>}
x[5,7]{2  <1.0>}
x[6,0]{4  <1.0>}
x[6,1]{0  <1.0>}
x[6,2]{7  <1.0>}
x[6,3]{2  <1.0>}
x[6,4]{1  <1.0>}
x[6,5]{6  <0.15048951316542733>, 5  <0.8495104868345726>}
x[6,6]{6  <0.879603071004732>, 5  <0.12039692899526801>}
x[6,7]{3  <1.0>}
x[7,0]{1  <1.0>}
x[7,1]{7  <1.0>}
x[7,2]{3  <1.0>}
x[7,3]{6  <1.0>}
x[7,4]{2  <1.0>}
x[7,5]{0  <1.0>}
x[7,6]{4  <1.0>}
x[7,7]{5  <1.0>}
problem entropy = 0.5521127738425345
smallest variable entropy = 0.3522627101208353
##### after BP iteration 5 #####
x[0,0]{6  <1.0>}
x[0,1]{1  <1.0>}
x[0,2]{2  <1.0>}
x[0,3]{5  <1.0>}
x[0,4]{4  <1.0>}
x[0,5]{3  <1.0>}
x[0,6]{0  <1.0>}
x[0,7]{7  <1.0>}
x[1,0]{3  <1.0>}
x[1,1]{2  <1.0>}
x[1,2]{6  <1.0>}
x[1,3]{0  <1.0>}
x[1,4]{5  <1.0>}
x[1,5]{1  <1.0>}
x[1,6]{7  <1.0>}
x[1,7]{4  <1.0>}
x[2,0]{2  <1.0>}
x[2,1]{3  <1.0>}
x[2,2]{1  <1.0>}
x[2,3]{4  <1.0>}
x[2,4]{7  <1.0>}
x[2,5]{5  <0.15414946468185772>, 6  <0.8458505353181422>}
x[2,6]{5  <0.8614955170599969>, 6  <0.138504482940003>}
x[2,7]{0  <1.0>}
x[3,0]{5  <1.0>}
x[3,1]{6  <1.0>}
x[3,2]{4  <1.0>}
x[3,3]{7  <1.0>}
x[3,4]{0  <1.0>}
x[3,5]{2  <1.0>}
x[3,6]{3  <1.0>}
x[3,7]{1  <1.0>}
x[4,0]{7  <1.0>}
x[4,1]{5  <1.0>}
x[4,2]{0  <1.0>}
x[4,3]{1  <1.0>}
x[4,4]{3  <1.0>}
x[4,5]{4  <1.0>}
x[4,6]{2  <1.0>}
x[4,7]{6  <1.0>}
x[5,0]{0  <1.0>}
x[5,1]{4  <1.0>}
x[5,2]{5  <1.0>}
x[5,3]{3  <1.0>}
x[5,4]{6  <1.0>}
x[5,5]{7  <1.0>}
x[5,6]{1  <1.0>}
x[5,7]{2  <1.0>}
x[6,0]{4  <1.0>}
x[6,1]{0  <1.0>}
x[6,2]{7  <1.0>}
x[6,3]{2  <1.0>}
x[6,4]{1  <1.0>}
x[6,5]{6  <0.09764336930552264>, 5  <0.9023566306944774>}
x[6,6]{6  <0.872729166322453>, 5  <0.12727083367754694>}
x[6,7]{3  <1.0>}
x[7,0]{1  <1.0>}
x[7,1]{7  <1.0>}
x[7,2]{3  <1.0>}
x[7,3]{6  <1.0>}
x[7,4]{2  <1.0>}
x[7,5]{0  <1.0>}
x[7,6]{4  <1.0>}
x[7,7]{5  <1.0>}
problem entropy = 0.5529556183180595
smallest variable entropy = 0.319873854523499
##### after BP iteration 6 #####
x[0,0]{6  <1.0>}
x[0,1]{1  <1.0>}
x[0,2]{2  <1.0>}
x[0,3]{5  <1.0>}
x[0,4]{4  <1.0>}
x[0,5]{3  <1.0>}
x[0,6]{0  <1.0>}
x[0,7]{7  <1.0>}
x[1,0]{3  <1.0>}
x[1,1]{2  <1.0>}
x[1,2]{6  <1.0>}
x[1,3]{0  <1.0>}
x[1,4]{5  <1.0>}
x[1,5]{1  <1.0>}
x[1,6]{7  <1.0>}
x[1,7]{4  <1.0>}
x[2,0]{2  <1.0>}
x[2,1]{3  <1.0>}
x[2,2]{1  <1.0>}
x[2,3]{4  <1.0>}
x[2,4]{7  <1.0>}
x[2,5]{5  <0.12039692899526801>, 6  <0.879603071004732>}
x[2,6]{5  <0.8495104868345726>, 6  <0.15048951316542733>}
x[2,7]{0  <1.0>}
x[3,0]{5  <1.0>}
x[3,1]{6  <1.0>}
x[3,2]{4  <1.0>}
x[3,3]{7  <1.0>}
x[3,4]{0  <1.0>}
x[3,5]{2  <1.0>}
x[3,6]{3  <1.0>}
x[3,7]{1  <1.0>}
x[4,0]{7  <1.0>}
x[4,1]{5  <1.0>}
x[4,2]{0  <1.0>}
x[4,3]{1  <1.0>}
x[4,4]{3  <1.0>}
x[4,5]{4  <1.0>}
x[4,6]{2  <1.0>}
x[4,7]{6  <1.0>}
x[5,0]{0  <1.0>}
x[5,1]{4  <1.0>}
x[5,2]{5  <1.0>}
x[5,3]{3  <1.0>}
x[5,4]{6  <1.0>}
x[5,5]{7  <1.0>}
x[5,6]{1  <1.0>}
x[5,7]{2  <1.0>}
x[6,0]{4  <1.0>}
x[6,1]{0  <1.0>}
x[6,2]{7  <1.0>}
x[6,3]{2  <1.0>}
x[6,4]{1  <1.0>}
x[6,5]{6  <0.13045281414493318>, 5  <0.8695471858550667>}
x[6,6]{6  <0.8872324611823524>, 5  <0.11276753881764758>}
x[6,7]{3  <1.0>}
x[7,0]{1  <1.0>}
x[7,1]{7  <1.0>}
x[7,2]{3  <1.0>}
x[7,3]{6  <1.0>}
x[7,4]{2  <1.0>}
x[7,5]{0  <1.0>}
x[7,6]{4  <1.0>}
x[7,7]{5  <1.0>}
problem entropy = 0.5521127738425345
smallest variable entropy = 0.3522627101208353
##### after BP iteration 7 #####
x[0,0]{6  <1.0>}
x[0,1]{1  <1.0>}
x[0,2]{2  <1.0>}
x[0,3]{5  <1.0>}
x[0,4]{4  <1.0>}
x[0,5]{3  <1.0>}
x[0,6]{0  <1.0>}
x[0,7]{7  <1.0>}
x[1,0]{3  <1.0>}
x[1,1]{2  <1.0>}
x[1,2]{6  <1.0>}
x[1,3]{0  <1.0>}
x[1,4]{5  <1.0>}
x[1,5]{1  <1.0>}
x[1,6]{7  <1.0>}
x[1,7]{4  <1.0>}
x[2,0]{2  <1.0>}
x[2,1]{3  <1.0>}
x[2,2]{1  <1.0>}
x[2,3]{4  <1.0>}
x[2,4]{7  <1.0>}
x[2,5]{5  <0.12727083367754694>, 6  <0.872729166322453>}
x[2,6]{5  <0.9023566306944774>, 6  <0.09764336930552264>}
x[2,7]{0  <1.0>}
x[3,0]{5  <1.0>}
x[3,1]{6  <1.0>}
x[3,2]{4  <1.0>}
x[3,3]{7  <1.0>}
x[3,4]{0  <1.0>}
x[3,5]{2  <1.0>}
x[3,6]{3  <1.0>}
x[3,7]{1  <1.0>}
x[4,0]{7  <1.0>}
x[4,1]{5  <1.0>}
x[4,2]{0  <1.0>}
x[4,3]{1  <1.0>}
x[4,4]{3  <1.0>}
x[4,5]{4  <1.0>}
x[4,6]{2  <1.0>}
x[4,7]{6  <1.0>}
x[5,0]{0  <1.0>}
x[5,1]{4  <1.0>}
x[5,2]{5  <1.0>}
x[5,3]{3  <1.0>}
x[5,4]{6  <1.0>}
x[5,5]{7  <1.0>}
x[5,6]{1  <1.0>}
x[5,7]{2  <1.0>}
x[6,0]{4  <1.0>}
x[6,1]{0  <1.0>}
x[6,2]{7  <1.0>}
x[6,3]{2  <1.0>}
x[6,4]{1  <1.0>}
x[6,5]{6  <0.138504482940003>, 5  <0.8614955170599969>}
x[6,6]{6  <0.8458505353181422>, 5  <0.15414946468185772>}
x[6,7]{3  <1.0>}
x[7,0]{1  <1.0>}
x[7,1]{7  <1.0>}
x[7,2]{3  <1.0>}
x[7,3]{6  <1.0>}
x[7,4]{2  <1.0>}
x[7,5]{0  <1.0>}
x[7,6]{4  <1.0>}
x[7,7]{5  <1.0>}
problem entropy = 0.5529556183180595
smallest variable entropy = 0.319873854523499
##### after BP iteration 8 #####
x[0,0]{6  <1.0>}
x[0,1]{1  <1.0>}
x[0,2]{2  <1.0>}
x[0,3]{5  <1.0>}
x[0,4]{4  <1.0>}
x[0,5]{3  <1.0>}
x[0,6]{0  <1.0>}
x[0,7]{7  <1.0>}
x[1,0]{3  <1.0>}
x[1,1]{2  <1.0>}
x[1,2]{6  <1.0>}
x[1,3]{0  <1.0>}
x[1,4]{5  <1.0>}
x[1,5]{1  <1.0>}
x[1,6]{7  <1.0>}
x[1,7]{4  <1.0>}
x[2,0]{2  <1.0>}
x[2,1]{3  <1.0>}
x[2,2]{1  <1.0>}
x[2,3]{4  <1.0>}
x[2,4]{7  <1.0>}
x[2,5]{5  <0.11276753881764758>, 6  <0.8872324611823524>}
x[2,6]{5  <0.8695471858550667>, 6  <0.13045281414493318>}
x[2,7]{0  <1.0>}
x[3,0]{5  <1.0>}
x[3,1]{6  <1.0>}
x[3,2]{4  <1.0>}
x[3,3]{7  <1.0>}
x[3,4]{0  <1.0>}
x[3,5]{2  <1.0>}
x[3,6]{3  <1.0>}
x[3,7]{1  <1.0>}
x[4,0]{7  <1.0>}
x[4,1]{5  <1.0>}
x[4,2]{0  <1.0>}
x[4,3]{1  <1.0>}
x[4,4]{3  <1.0>}
x[4,5]{4  <1.0>}
x[4,6]{2  <1.0>}
x[4,7]{6  <1.0>}
x[5,0]{0  <1.0>}
x[5,1]{4  <1.0>}
x[5,2]{5  <1.0>}
x[5,3]{3  <1.0>}
x[5,4]{6  <1.0>}
x[5,5]{7  <1.0>}
x[5,6]{1  <1.0>}
x[5,7]{2  <1.0>}
x[6,0]{4  <1.0>}
x[6,1]{0  <1.0>}
x[6,2]{7  <1.0>}
x[6,3]{2  <1.0>}
x[6,4]{1  <1.0>}
x[6,5]{6  <0.15048951316542733>, 5  <0.8495104868345726>}
x[6,6]{6  <0.879603071004732>, 5  <0.12039692899526801>}
x[6,7]{3  <1.0>}
x[7,0]{1  <1.0>}
x[7,1]{7  <1.0>}
x[7,2]{3  <1.0>}
x[7,3]{6  <1.0>}
x[7,4]{2  <1.0>}
x[7,5]{0  <1.0>}
x[7,6]{4  <1.0>}
x[7,7]{5  <1.0>}
problem entropy = 0.5521127738425345
smallest variable entropy = 0.3522627101208353
##### after BP iteration 9 #####
x[0,0]{6  <1.0>}
x[0,1]{1  <1.0>}
x[0,2]{2  <1.0>}
x[0,3]{5  <1.0>}
x[0,4]{4  <1.0>}
x[0,5]{3  <1.0>}
x[0,6]{0  <1.0>}
x[0,7]{7  <1.0>}
x[1,0]{3  <1.0>}
x[1,1]{2  <1.0>}
x[1,2]{6  <1.0>}
x[1,3]{0  <1.0>}
x[1,4]{5  <1.0>}
x[1,5]{1  <1.0>}
x[1,6]{7  <1.0>}
x[1,7]{4  <1.0>}
x[2,0]{2  <1.0>}
x[2,1]{3  <1.0>}
x[2,2]{1  <1.0>}
x[2,3]{4  <1.0>}
x[2,4]{7  <1.0>}
x[2,5]{5  <0.15414946468185772>, 6  <0.8458505353181422>}
x[2,6]{5  <0.8614955170599969>, 6  <0.138504482940003>}
x[2,7]{0  <1.0>}
x[3,0]{5  <1.0>}
x[3,1]{6  <1.0>}
x[3,2]{4  <1.0>}
x[3,3]{7  <1.0>}
x[3,4]{0  <1.0>}
x[3,5]{2  <1.0>}
x[3,6]{3  <1.0>}
x[3,7]{1  <1.0>}
x[4,0]{7  <1.0>}
x[4,1]{5  <1.0>}
x[4,2]{0  <1.0>}
x[4,3]{1  <1.0>}
x[4,4]{3  <1.0>}
x[4,5]{4  <1.0>}
x[4,6]{2  <1.0>}
x[4,7]{6  <1.0>}
x[5,0]{0  <1.0>}
x[5,1]{4  <1.0>}
x[5,2]{5  <1.0>}
x[5,3]{3  <1.0>}
x[5,4]{6  <1.0>}
x[5,5]{7  <1.0>}
x[5,6]{1  <1.0>}
x[5,7]{2  <1.0>}
x[6,0]{4  <1.0>}
x[6,1]{0  <1.0>}
x[6,2]{7  <1.0>}
x[6,3]{2  <1.0>}
x[6,4]{1  <1.0>}
x[6,5]{6  <0.09764336930552264>, 5  <0.9023566306944774>}
x[6,6]{6  <0.872729166322453>, 5  <0.12727083367754694>}
x[6,7]{3  <1.0>}
x[7,0]{1  <1.0>}
x[7,1]{7  <1.0>}
x[7,2]{3  <1.0>}
x[7,3]{6  <1.0>}
x[7,4]{2  <1.0>}
x[7,5]{0  <1.0>}
x[7,6]{4  <1.0>}
x[7,7]{5  <1.0>}
problem entropy = 0.5529556183180595
smallest variable entropy = 0.319873854523499
##### after BP iteration 10 #####
x[0,0]{6  <1.0>}
x[0,1]{1  <1.0>}
x[0,2]{2  <1.0>}
x[0,3]{5  <1.0>}
x[0,4]{4  <1.0>}
x[0,5]{3  <1.0>}
x[0,6]{0  <1.0>}
x[0,7]{7  <1.0>}
x[1,0]{3  <1.0>}
x[1,1]{2  <1.0>}
x[1,2]{6  <1.0>}
x[1,3]{0  <1.0>}
x[1,4]{5  <1.0>}
x[1,5]{1  <1.0>}
x[1,6]{7  <1.0>}
x[1,7]{4  <1.0>}
x[2,0]{2  <1.0>}
x[2,1]{3  <1.0>}
x[2,2]{1  <1.0>}
x[2,3]{4  <1.0>}
x[2,4]{7  <1.0>}
x[2,5]{5  <0.12039692899526801>, 6  <0.879603071004732>}
x[2,6]{5  <0.8495104868345726>, 6  <0.15048951316542733>}
x[2,7]{0  <1.0>}
x[3,0]{5  <1.0>}
x[3,1]{6  <1.0>}
x[3,2]{4  <1.0>}
x[3,3]{7  <1.0>}
x[3,4]{0  <1.0>}
x[3,5]{2  <1.0>}
x[3,6]{3  <1.0>}
x[3,7]{1  <1.0>}
x[4,0]{7  <1.0>}
x[4,1]{5  <1.0>}
x[4,2]{0  <1.0>}
x[4,3]{1  <1.0>}
x[4,4]{3  <1.0>}
x[4,5]{4  <1.0>}
x[4,6]{2  <1.0>}
x[4,7]{6  <1.0>}
x[5,0]{0  <1.0>}
x[5,1]{4  <1.0>}
x[5,2]{5  <1.0>}
x[5,3]{3  <1.0>}
x[5,4]{6  <1.0>}
x[5,5]{7  <1.0>}
x[5,6]{1  <1.0>}
x[5,7]{2  <1.0>}
x[6,0]{4  <1.0>}
x[6,1]{0  <1.0>}
x[6,2]{7  <1.0>}
x[6,3]{2  <1.0>}
x[6,4]{1  <1.0>}
x[6,5]{6  <0.13045281414493318>, 5  <0.8695471858550667>}
x[6,6]{6  <0.8872324611823524>, 5  <0.11276753881764758>}
x[6,7]{3  <1.0>}
x[7,0]{1  <1.0>}
x[7,1]{7  <1.0>}
x[7,2]{3  <1.0>}
x[7,3]{6  <1.0>}
x[7,4]{2  <1.0>}
x[7,5]{0  <1.0>}
x[7,6]{4  <1.0>}
x[7,7]{5  <1.0>}
problem entropy = 0.5521127738425345
smallest variable entropy = 0.3522627101208353
### branching on x[6,6]=6 marginal=0.8872324611823524
##### after BP iteration 1 #####
x[0,0]{6  <1.0>}
x[0,1]{1  <1.0>}
x[0,2]{2  <1.0>}
x[0,3]{5  <1.0>}
x[0,4]{4  <1.0>}
x[0,5]{3  <1.0>}
x[0,6]{0  <1.0>}
x[0,7]{7  <1.0>}
x[1,0]{3  <1.0>}
x[1,1]{2  <1.0>}
x[1,2]{6  <1.0>}
x[1,3]{0  <1.0>}
x[1,4]{5  <1.0>}
x[1,5]{1  <1.0>}
x[1,6]{7  <1.0>}
x[1,7]{4  <1.0>}
x[2,0]{2  <1.0>}
x[2,1]{3  <1.0>}
x[2,2]{1  <1.0>}
x[2,3]{4  <1.0>}
x[2,4]{7  <1.0>}
x[2,5]{6  <1.0>}
x[2,6]{5  <1.0>}
x[2,7]{0  <1.0>}
x[3,0]{5  <1.0>}
x[3,1]{6  <1.0>}
x[3,2]{4  <1.0>}
x[3,3]{7  <1.0>}
x[3,4]{0  <1.0>}
x[3,5]{2  <1.0>}
x[3,6]{3  <1.0>}
x[3,7]{1  <1.0>}
x[4,0]{7  <1.0>}
x[4,1]{5  <1.0>}
x[4,2]{0  <1.0>}
x[4,3]{1  <1.0>}
x[4,4]{3  <1.0>}
x[4,5]{4  <1.0>}
x[4,6]{2  <1.0>}
x[4,7]{6  <1.0>}
x[5,0]{0  <1.0>}
x[5,1]{4  <1.0>}
x[5,2]{5  <1.0>}
x[5,3]{3  <1.0>}
x[5,4]{6  <1.0>}
x[5,5]{7  <1.0>}
x[5,6]{1  <1.0>}
x[5,7]{2  <1.0>}
x[6,0]{4  <1.0>}
x[6,1]{0  <1.0>}
x[6,2]{7  <1.0>}
x[6,3]{2  <1.0>}
x[6,4]{1  <1.0>}
x[6,5]{5  <1.0>}
x[6,6]{6  <1.0>}
x[6,7]{3  <1.0>}
x[7,0]{1  <1.0>}
x[7,1]{7  <1.0>}
x[7,2]{3  <1.0>}
x[7,3]{6  <1.0>}
x[7,4]{2  <1.0>}
x[7,5]{0  <1.0>}
x[7,6]{4  <1.0>}
x[7,7]{5  <1.0>}
problem entropy = 0.0
smallest variable entropy = 1.7976931348623157E308
### branching on x[6,6]!=6
##### after BP iteration 1 #####
x[0,0]{6  <1.0>}
x[0,1]{1  <1.0>}
x[0,2]{2  <1.0>}
x[0,3]{5  <1.0>}
x[0,4]{4  <1.0>}
x[0,5]{3  <1.0>}
x[0,6]{0  <1.0>}
x[0,7]{7  <1.0>}
x[1,0]{3  <1.0>}
x[1,1]{2  <1.0>}
x[1,2]{6  <1.0>}
x[1,3]{0  <1.0>}
x[1,4]{5  <1.0>}
x[1,5]{1  <1.0>}
x[1,6]{7  <1.0>}
x[1,7]{4  <1.0>}
x[2,0]{2  <1.0>}
x[2,1]{3  <1.0>}
x[2,2]{1  <1.0>}
x[2,3]{4  <1.0>}
x[2,4]{7  <1.0>}
x[2,5]{5  <1.0>}
x[2,6]{6  <1.0>}
x[2,7]{0  <1.0>}
x[3,0]{5  <1.0>}
x[3,1]{6  <1.0>}
x[3,2]{4  <1.0>}
x[3,3]{7  <1.0>}
x[3,4]{0  <1.0>}
x[3,5]{2  <1.0>}
x[3,6]{3  <1.0>}
x[3,7]{1  <1.0>}
x[4,0]{7  <1.0>}
x[4,1]{5  <1.0>}
x[4,2]{0  <1.0>}
x[4,3]{1  <1.0>}
x[4,4]{3  <1.0>}
x[4,5]{4  <1.0>}
x[4,6]{2  <1.0>}
x[4,7]{6  <1.0>}
x[5,0]{0  <1.0>}
x[5,1]{4  <1.0>}
x[5,2]{5  <1.0>}
x[5,3]{3  <1.0>}
x[5,4]{6  <1.0>}
x[5,5]{7  <1.0>}
x[5,6]{1  <1.0>}
x[5,7]{2  <1.0>}
x[6,0]{4  <1.0>}
x[6,1]{0  <1.0>}
x[6,2]{7  <1.0>}
x[6,3]{2  <1.0>}
x[6,4]{1  <1.0>}
x[6,5]{6  <1.0>}
x[6,6]{5  <1.0>}
x[6,7]{3  <1.0>}
x[7,0]{1  <1.0>}
x[7,1]{7  <1.0>}
x[7,2]{3  <1.0>}
x[7,3]{6  <1.0>}
x[7,4]{2  <1.0>}
x[7,5]{0  <1.0>}
x[7,6]{4  <1.0>}
x[7,7]{5  <1.0>}
problem entropy = 0.0
smallest variable entropy = 1.7976931348623157E308

	#choice: 7
	#fail: 0
	execution time (ms): 165
	#sols : 1
	completed : false

