{7  <8.0>}
model: max-product-init
FINAL DAMPING FACTOR = 1.0
##### after BP iteration 1 #####
x[0,0]{7  <1.0>}
x[0,1]{2  <1.0>}
x[0,2]{6  <1.0>}
x[0,3]{4  <1.0>}
x[0,4]{0  <1.0>}
x[0,5]{1  <1.0>}
x[0,6]{3  <1.0>}
x[0,7]{5  <1.0>}
x[1,0]{0  <0.5>, 1  <0.5>}
x[1,1]{3  <1.0>}
x[1,2]{5  <1.0>}
x[1,3]{0  <0.25>, 1  <0.25>, 2  <0.25>, 7  <0.25>}
x[1,4]{7  <0.33333333333333337>, 1  <0.33333333333333337>, 2  <0.33333333333333337>}
x[1,5]{6  <1.0>}
x[1,6]{7  <0.3333333333333333>, 1  <0.3333333333333333>, 2  <0.3333333333333333>}
x[1,7]{4  <1.0>}
x[2,0]{3  <0.3333333333333333>, 1  <0.3333333333333333>, 6  <0.3333333333333333>}
x[2,1]{7  <0.25>, 1  <0.25>, 6  <0.25>, 5  <0.25>}
x[2,2]{7  <0.47058823529411764>, 1  <0.11764705882352941>, 2  <0.17647058823529413>, 3  <0.23529411764705882>}
x[2,3]{7  <0.19999999999999998>, 1  <0.19999999999999998>, 2  <0.19999999999999998>, 5  <0.19999999999999998>, 6  <0.19999999999999998>}
x[2,4]{7  <0.16666666666666663>, 1  <0.16666666666666663>, 2  <0.16666666666666663>, 3  <0.16666666666666663>, 6  <0.16666666666666663>, 5  <0.16666666666666663>}
x[2,5]{0  <1.0>}
x[2,6]{4  <1.0>}
x[2,7]{3  <0.3333333333333333>, 6  <0.3333333333333333>, 2  <0.3333333333333333>}
x[3,0]{2  <1.0>}
x[3,1]{6  <0.5>, 7  <0.5>}
x[3,2]{3  <0.5>, 4  <0.5>}
x[3,3]{6  <0.4666666666666667>, 7  <0.5333333333333333>}
x[3,4]{3  <0.5>, 4  <0.5>}
x[3,5]{5  <1.0>}
x[3,6]{0  <1.0>}
x[3,7]{1  <1.0>}
x[4,0]{3  <0.33333333333333337>, 1  <0.33333333333333337>, 6  <0.33333333333333337>}
x[4,1]{0  <1.0>}
x[4,2]{7  <0.25>, 1  <0.25>, 2  <0.25>, 3  <0.25>}
x[4,3]{7  <0.2>, 1  <0.2>, 2  <0.2>, 5  <0.2>, 6  <0.2>}
x[4,4]{7  <0.2666666666666667>, 1  <0.06666666666666668>, 2  <0.1>, 3  <0.13333333333333336>, 6  <0.23333333333333336>, 5  <0.2>}
x[4,5]{4  <1.0>}
x[4,6]{7  <0.19999999999999998>, 1  <0.19999999999999998>, 2  <0.19999999999999998>, 5  <0.19999999999999998>, 6  <0.19999999999999998>}
x[4,7]{3  <0.3333333333333333>, 6  <0.3333333333333333>, 2  <0.3333333333333333>}
x[5,0]{5  <1.0>}
x[5,1]{7  <0.3333333333333333>, 1  <0.3333333333333333>, 6  <0.3333333333333333>}
x[5,2]{7  <0.25>, 1  <0.25>, 2  <0.25>, 4  <0.25>}
x[5,3]{7  <0.25>, 1  <0.25>, 2  <0.25>, 6  <0.25>}
x[5,4]{7  <0.2>, 1  <0.2>, 2  <0.2>, 6  <0.2>, 4  <0.2>}
x[5,5]{3  <1.0>}
x[5,6]{7  <0.25>, 1  <0.25>, 2  <0.25>, 6  <0.25>}
x[5,7]{0  <1.0>}
x[6,0]{0  <0.25>, 1  <0.25>, 6  <0.25>, 3  <0.25>}
x[6,1]{4  <1.0>}
x[6,2]{3  <0.5>, 1  <0.5>}
x[6,3]{0  <0.25>, 1  <0.25>, 6  <0.25>, 5  <0.25>}
x[6,4]{5  <0.25>, 1  <0.25>, 6  <0.25>, 3  <0.25>}
x[6,5]{2  <1.0>}
x[6,6]{6  <0.4666666666666667>, 1  <0.13333333333333333>, 5  <0.4>}
x[6,7]{7  <1.0>}
x[7,0]{4  <1.0>}
x[7,1]{6  <0.3333333333333333>, 1  <0.3333333333333333>, 5  <0.3333333333333333>}
x[7,2]{0  <1.0>}
x[7,3]{3  <1.0>}
x[7,4]{5  <0.25>, 1  <0.25>, 2  <0.25>, 6  <0.25>}
x[7,5]{7  <1.0>}
x[7,6]{5  <0.25>, 1  <0.25>, 2  <0.25>, 6  <0.25>}
x[7,7]{2  <0.3>, 6  <0.7>}
problem entropy = 0.9890867742726447
smallest variable entropy = 0.6108643020548935
##### after BP iteration 2 #####
x[0,0]{7  <1.0>}
x[0,1]{2  <1.0>}
x[0,2]{6  <1.0>}
x[0,3]{4  <1.0>}
x[0,4]{0  <1.0>}
x[0,5]{1  <1.0>}
x[0,6]{3  <1.0>}
x[0,7]{5  <1.0>}
x[1,0]{0  <0.5>, 1  <0.5>}
x[1,1]{3  <1.0>}
x[1,2]{5  <1.0>}
x[1,3]{0  <0.25>, 1  <0.25>, 2  <0.25>, 7  <0.25>}
x[1,4]{7  <0.33333333333333337>, 1  <0.33333333333333337>, 2  <0.33333333333333337>}
x[1,5]{6  <1.0>}
x[1,6]{7  <0.3333333333333333>, 1  <0.3333333333333333>, 2  <0.3333333333333333>}
x[1,7]{4  <1.0>}
x[2,0]{3  <0.3333333333333333>, 1  <0.3333333333333333>, 6  <0.3333333333333333>}
x[2,1]{7  <0.25>, 1  <0.25>, 6  <0.25>, 5  <0.25>}
x[2,2]{7  <0.47058823529411764>, 1  <0.11764705882352941>, 2  <0.17647058823529413>, 3  <0.23529411764705882>}
x[2,3]{7  <0.19999999999999998>, 1  <0.19999999999999998>, 2  <0.19999999999999998>, 5  <0.19999999999999998>, 6  <0.19999999999999998>}
x[2,4]{7  <0.16666666666666663>, 1  <0.16666666666666663>, 2  <0.16666666666666663>, 3  <0.16666666666666663>, 6  <0.16666666666666663>, 5  <0.16666666666666663>}
x[2,5]{0  <1.0>}
x[2,6]{4  <1.0>}
x[2,7]{3  <0.3333333333333333>, 6  <0.3333333333333333>, 2  <0.3333333333333333>}
x[3,0]{2  <1.0>}
x[3,1]{6  <0.5>, 7  <0.5>}
x[3,2]{3  <0.5>, 4  <0.5>}
x[3,3]{6  <0.4666666666666667>, 7  <0.5333333333333333>}
x[3,4]{3  <0.5>, 4  <0.5>}
x[3,5]{5  <1.0>}
x[3,6]{0  <1.0>}
x[3,7]{1  <1.0>}
x[4,0]{3  <0.33333333333333337>, 1  <0.33333333333333337>, 6  <0.33333333333333337>}
x[4,1]{0  <1.0>}
x[4,2]{7  <0.25>, 1  <0.25>, 2  <0.25>, 3  <0.25>}
x[4,3]{7  <0.2>, 1  <0.2>, 2  <0.2>, 5  <0.2>, 6  <0.2>}
x[4,4]{7  <0.2666666666666667>, 1  <0.06666666666666668>, 2  <0.1>, 3  <0.13333333333333336>, 6  <0.23333333333333336>, 5  <0.2>}
x[4,5]{4  <1.0>}
x[4,6]{7  <0.19999999999999998>, 1  <0.19999999999999998>, 2  <0.19999999999999998>, 5  <0.19999999999999998>, 6  <0.19999999999999998>}
x[4,7]{3  <0.3333333333333333>, 6  <0.3333333333333333>, 2  <0.3333333333333333>}
x[5,0]{5  <1.0>}
x[5,1]{7  <0.3333333333333333>, 1  <0.3333333333333333>, 6  <0.3333333333333333>}
x[5,2]{7  <0.25>, 1  <0.25>, 2  <0.25>, 4  <0.25>}
x[5,3]{7  <0.25>, 1  <0.25>, 2  <0.25>, 6  <0.25>}
x[5,4]{7  <0.2>, 1  <0.2>, 2  <0.2>, 6  <0.2>, 4  <0.2>}
x[5,5]{3  <1.0>}
x[5,6]{7  <0.25>, 1  <0.25>, 2  <0.25>, 6  <0.25>}
x[5,7]{0  <1.0>}
x[6,0]{0  <0.25>, 1  <0.25>, 6  <0.25>, 3  <0.25>}
x[6,1]{4  <1.0>}
x[6,2]{3  <0.5>, 1  <0.5>}
x[6,3]{0  <0.25>, 1  <0.25>, 6  <0.25>, 5  <0.25>}
x[6,4]{5  <0.25>, 1  <0.25>, 6  <0.25>, 3  <0.25>}
x[6,5]{2  <1.0>}
x[6,6]{6  <0.4666666666666667>, 1  <0.13333333333333333>, 5  <0.4>}
x[6,7]{7  <1.0>}
x[7,0]{4  <1.0>}
x[7,1]{6  <0.3333333333333333>, 1  <0.3333333333333333>, 5  <0.3333333333333333>}
x[7,2]{0  <1.0>}
x[7,3]{3  <1.0>}
x[7,4]{5  <0.25>, 1  <0.25>, 2  <0.25>, 6  <0.25>}
x[7,5]{7  <1.0>}
x[7,6]{5  <0.25>, 1  <0.25>, 2  <0.25>, 6  <0.25>}
x[7,7]{2  <0.3>, 6  <0.7>}
problem entropy = 0.9890867742726447
smallest variable entropy = 0.6108643020548935
### branching on x[7,7]=6 marginal=0.7
### branching on x[3,3]=7 marginal=0.5333333333333333
##### after BP iteration 1 #####
x[0,0]{7  <1.0>}
x[0,1]{2  <1.0>}
x[0,2]{6  <1.0>}
x[0,3]{4  <1.0>}
x[0,4]{0  <1.0>}
x[0,5]{1  <1.0>}
x[0,6]{3  <1.0>}
x[0,7]{5  <1.0>}
x[1,0]{0  <0.5>, 1  <0.5>}
x[1,1]{3  <1.0>}
x[1,2]{5  <1.0>}
x[1,3]{0  <0.3333333333333333>, 1  <0.3333333333333333>, 2  <0.3333333333333333>}
x[1,4]{7  <0.3333333333333333>, 1  <0.3333333333333333>, 2  <0.3333333333333333>}
x[1,5]{6  <1.0>}
x[1,6]{7  <0.3333333333333333>, 1  <0.3333333333333333>, 2  <0.3333333333333333>}
x[1,7]{4  <1.0>}
x[2,0]{3  <0.33333333333333337>, 1  <0.33333333333333337>, 6  <0.33333333333333337>}
x[2,1]{7  <0.3333333333333333>, 1  <0.3333333333333333>, 5  <0.3333333333333333>}
x[2,2]{7  <0.47058823529411764>, 1  <0.11764705882352941>, 2  <0.17647058823529413>, 3  <0.23529411764705882>}
x[2,3]{6  <0.25>, 1  <0.25>, 2  <0.25>, 5  <0.25>}
x[2,4]{7  <0.16666666666666663>, 1  <0.16666666666666663>, 2  <0.16666666666666663>, 3  <0.16666666666666663>, 6  <0.16666666666666663>, 5  <0.16666666666666663>}
x[2,5]{0  <1.0>}
x[2,6]{4  <1.0>}
x[2,7]{3  <0.5>, 2  <0.5>}
x[3,0]{2  <1.0>}
x[3,1]{6  <1.0>}
x[3,2]{3  <0.5>, 4  <0.5>}
x[3,3]{7  <1.0>}
x[3,4]{3  <0.5>, 4  <0.5>}
x[3,5]{5  <1.0>}
x[3,6]{0  <1.0>}
x[3,7]{1  <1.0>}
x[4,0]{3  <0.33333333333333337>, 1  <0.33333333333333337>, 6  <0.33333333333333337>}
x[4,1]{0  <1.0>}
x[4,2]{7  <0.25>, 1  <0.25>, 2  <0.25>, 3  <0.25>}
x[4,3]{6  <0.25>, 1  <0.25>, 2  <0.25>, 5  <0.25>}
x[4,4]{7  <0.26666666666666666>, 1  <0.06666666666666667>, 2  <0.1>, 3  <0.13333333333333333>, 6  <0.23333333333333334>, 5  <0.2>}
x[4,5]{4  <1.0>}
x[4,6]{7  <0.19999999999999998>, 1  <0.19999999999999998>, 2  <0.19999999999999998>, 5  <0.19999999999999998>, 6  <0.19999999999999998>}
x[4,7]{3  <0.5>, 2  <0.5>}
x[5,0]{5  <1.0>}
x[5,1]{7  <0.5>, 1  <0.5>}
x[5,2]{7  <0.25>, 1  <0.25>, 2  <0.25>, 4  <0.25>}
x[5,3]{6  <0.3333333333333333>, 1  <0.3333333333333333>, 2  <0.3333333333333333>}
x[5,4]{7  <0.19999999999999998>, 1  <0.19999999999999998>, 2  <0.19999999999999998>, 6  <0.19999999999999998>, 4  <0.19999999999999998>}
x[5,5]{3  <1.0>}
x[5,6]{7  <0.25>, 1  <0.25>, 2  <0.25>, 6  <0.25>}
x[5,7]{0  <1.0>}
x[6,0]{0  <0.25>, 1  <0.25>, 6  <0.25>, 3  <0.25>}
x[6,1]{4  <1.0>}
x[6,2]{3  <0.5>, 1  <0.5>}
x[6,3]{0  <0.25>, 1  <0.25>, 6  <0.25>, 5  <0.25>}
x[6,4]{5  <0.25>, 1  <0.25>, 6  <0.25>, 3  <0.25>}
x[6,5]{2  <1.0>}
x[6,6]{6  <0.4666666666666667>, 1  <0.13333333333333333>, 5  <0.4>}
x[6,7]{7  <1.0>}
x[7,0]{4  <1.0>}
x[7,1]{5  <0.5>, 1  <0.5>}
x[7,2]{0  <1.0>}
x[7,3]{3  <1.0>}
x[7,4]{5  <0.3333333333333333>, 1  <0.3333333333333333>, 2  <0.3333333333333333>}
x[7,5]{7  <1.0>}
x[7,6]{5  <0.3333333333333333>, 1  <0.3333333333333333>, 2  <0.3333333333333333>}
x[7,7]{6  <1.0>}
problem entropy = 0.9919634772276642
smallest variable entropy = 0.6931471805599453
##### after BP iteration 2 #####
x[0,0]{7  <1.0>}
x[0,1]{2  <1.0>}
x[0,2]{6  <1.0>}
x[0,3]{4  <1.0>}
x[0,4]{0  <1.0>}
x[0,5]{1  <1.0>}
x[0,6]{3  <1.0>}
x[0,7]{5  <1.0>}
x[1,0]{0  <0.5>, 1  <0.5>}
x[1,1]{3  <1.0>}
x[1,2]{5  <1.0>}
x[1,3]{0  <0.3333333333333333>, 1  <0.3333333333333333>, 2  <0.3333333333333333>}
x[1,4]{7  <0.3333333333333333>, 1  <0.3333333333333333>, 2  <0.3333333333333333>}
x[1,5]{6  <1.0>}
x[1,6]{7  <0.3333333333333333>, 1  <0.3333333333333333>, 2  <0.3333333333333333>}
x[1,7]{4  <1.0>}
x[2,0]{3  <0.3333333333333333>, 1  <0.3333333333333333>, 6  <0.3333333333333333>}
x[2,1]{7  <0.3333333333333333>, 1  <0.3333333333333333>, 5  <0.3333333333333333>}
x[2,2]{7  <0.47058823529411764>, 1  <0.11764705882352941>, 2  <0.17647058823529413>, 3  <0.23529411764705882>}
x[2,3]{6  <0.25>, 1  <0.25>, 2  <0.25>, 5  <0.25>}
x[2,4]{7  <0.16666666666666663>, 1  <0.16666666666666663>, 2  <0.16666666666666663>, 3  <0.16666666666666663>, 6  <0.16666666666666663>, 5  <0.16666666666666663>}
x[2,5]{0  <1.0>}
x[2,6]{4  <1.0>}
x[2,7]{3  <0.5>, 2  <0.5>}
x[3,0]{2  <1.0>}
x[3,1]{6  <1.0>}
x[3,2]{3  <0.5>, 4  <0.5>}
x[3,3]{7  <1.0>}
x[3,4]{3  <0.5>, 4  <0.5>}
x[3,5]{5  <1.0>}
x[3,6]{0  <1.0>}
x[3,7]{1  <1.0>}
x[4,0]{3  <0.33333333333333337>, 1  <0.33333333333333337>, 6  <0.33333333333333337>}
x[4,1]{0  <1.0>}
x[4,2]{7  <0.25>, 1  <0.25>, 2  <0.25>, 3  <0.25>}
x[4,3]{6  <0.25>, 1  <0.25>, 2  <0.25>, 5  <0.25>}
x[4,4]{7  <0.26666666666666666>, 1  <0.06666666666666667>, 2  <0.1>, 3  <0.13333333333333333>, 6  <0.23333333333333334>, 5  <0.2>}
x[4,5]{4  <1.0>}
x[4,6]{7  <0.19999999999999998>, 1  <0.19999999999999998>, 2  <0.19999999999999998>, 5  <0.19999999999999998>, 6  <0.19999999999999998>}
x[4,7]{3  <0.5>, 2  <0.5>}
x[5,0]{5  <1.0>}
x[5,1]{7  <0.5>, 1  <0.5>}
x[5,2]{7  <0.25>, 1  <0.25>, 2  <0.25>, 4  <0.25>}
x[5,3]{6  <0.3333333333333333>, 1  <0.3333333333333333>, 2  <0.3333333333333333>}
x[5,4]{7  <0.19999999999999998>, 1  <0.19999999999999998>, 2  <0.19999999999999998>, 6  <0.19999999999999998>, 4  <0.19999999999999998>}
x[5,5]{3  <1.0>}
x[5,6]{7  <0.25>, 1  <0.25>, 2  <0.25>, 6  <0.25>}
x[5,7]{0  <1.0>}
x[6,0]{0  <0.25>, 1  <0.25>, 6  <0.25>, 3  <0.25>}
x[6,1]{4  <1.0>}
x[6,2]{3  <0.5>, 1  <0.5>}
x[6,3]{0  <0.25>, 1  <0.25>, 6  <0.25>, 5  <0.25>}
x[6,4]{5  <0.25>, 1  <0.25>, 6  <0.25>, 3  <0.25>}
x[6,5]{2  <1.0>}
x[6,6]{6  <0.4666666666666667>, 1  <0.13333333333333333>, 5  <0.4>}
x[6,7]{7  <1.0>}
x[7,0]{4  <1.0>}
x[7,1]{5  <0.5>, 1  <0.5>}
x[7,2]{0  <1.0>}
x[7,3]{3  <1.0>}
x[7,4]{5  <0.3333333333333333>, 1  <0.3333333333333333>, 2  <0.3333333333333333>}
x[7,5]{7  <1.0>}
x[7,6]{5  <0.3333333333333333>, 1  <0.3333333333333333>, 2  <0.3333333333333333>}
x[7,7]{6  <1.0>}
problem entropy = 0.9919634772276642
smallest variable entropy = 0.6931471805599453
### branching on x[1,0]=0 marginal=0.5
### branching on x[1,3]=2 marginal=0.5
##### after BP iteration 1 #####
x[0,0]{7  <1.0>}
x[0,1]{2  <1.0>}
x[0,2]{6  <1.0>}
x[0,3]{4  <1.0>}
x[0,4]{0  <1.0>}
x[0,5]{1  <1.0>}
x[0,6]{3  <1.0>}
x[0,7]{5  <1.0>}
x[1,0]{0  <1.0>}
x[1,1]{3  <1.0>}
x[1,2]{5  <1.0>}
x[1,3]{2  <1.0>}
x[1,4]{7  <0.5>, 1  <0.5>}
x[1,5]{6  <1.0>}
x[1,6]{7  <0.5>, 1  <0.5>}
x[1,7]{4  <1.0>}
x[2,0]{3  <0.3333333333333333>, 1  <0.3333333333333333>, 6  <0.3333333333333333>}
x[2,1]{7  <0.3333333333333333>, 1  <0.3333333333333333>, 5  <0.3333333333333333>}
x[2,2]{7  <0.47058823529411764>, 1  <0.11764705882352941>, 2  <0.17647058823529413>, 3  <0.23529411764705882>}
x[2,3]{6  <0.3333333333333333>, 1  <0.3333333333333333>, 5  <0.3333333333333333>}
x[2,4]{7  <0.16666666666666666>, 1  <0.16666666666666666>, 2  <0.16666666666666666>, 3  <0.16666666666666666>, 6  <0.16666666666666666>, 5  <0.16666666666666666>}
x[2,5]{0  <1.0>}
x[2,6]{4  <1.0>}
x[2,7]{3  <0.5>, 2  <0.5>}
x[3,0]{2  <1.0>}
x[3,1]{6  <1.0>}
x[3,2]{3  <0.5>, 4  <0.5>}
x[3,3]{7  <1.0>}
x[3,4]{3  <0.5>, 4  <0.5>}
x[3,5]{5  <1.0>}
x[3,6]{0  <1.0>}
x[3,7]{1  <1.0>}
x[4,0]{3  <0.3333333333333333>, 1  <0.3333333333333333>, 6  <0.3333333333333333>}
x[4,1]{0  <1.0>}
x[4,2]{7  <0.25>, 1  <0.25>, 2  <0.25>, 3  <0.25>}
x[4,3]{6  <0.3333333333333333>, 1  <0.3333333333333333>, 5  <0.3333333333333333>}
x[4,4]{7  <0.26666666666666666>, 1  <0.06666666666666667>, 2  <0.09999999999999999>, 3  <0.13333333333333333>, 6  <0.2333333333333333>, 5  <0.19999999999999998>}
x[4,5]{4  <1.0>}
x[4,6]{7  <0.19999999999999998>, 1  <0.19999999999999998>, 2  <0.19999999999999998>, 5  <0.19999999999999998>, 6  <0.19999999999999998>}
x[4,7]{3  <0.5>, 2  <0.5>}
x[5,0]{5  <1.0>}
x[5,1]{7  <0.5>, 1  <0.5>}
x[5,2]{7  <0.25>, 1  <0.25>, 2  <0.25>, 4  <0.25>}
x[5,3]{6  <0.5>, 1  <0.5>}
x[5,4]{7  <0.2>, 1  <0.2>, 2  <0.2>, 6  <0.2>, 4  <0.2>}
x[5,5]{3  <1.0>}
x[5,6]{7  <0.25>, 1  <0.25>, 2  <0.25>, 6  <0.25>}
x[5,7]{0  <1.0>}
x[6,0]{3  <0.3333333333333333>, 1  <0.3333333333333333>, 6  <0.3333333333333333>}
x[6,1]{4  <1.0>}
x[6,2]{3  <0.5>, 1  <0.5>}
x[6,3]{0  <1.0>}
x[6,4]{5  <0.25>, 1  <0.25>, 6  <0.25>, 3  <0.25>}
x[6,5]{2  <1.0>}
x[6,6]{6  <0.4666666666666667>, 1  <0.13333333333333333>, 5  <0.4>}
x[6,7]{7  <1.0>}
x[7,0]{4  <1.0>}
x[7,1]{5  <0.5>, 1  <0.5>}
x[7,2]{0  <1.0>}
x[7,3]{3  <1.0>}
x[7,4]{5  <0.3333333333333333>, 1  <0.3333333333333333>, 2  <0.3333333333333333>}
x[7,5]{7  <1.0>}
x[7,6]{5  <0.3333333333333333>, 1  <0.3333333333333333>, 2  <0.3333333333333333>}
x[7,7]{6  <1.0>}
problem entropy = 0.9911024212163425
smallest variable entropy = 0.6931471805599453
##### after BP iteration 2 #####
x[0,0]{7  <1.0>}
x[0,1]{2  <1.0>}
x[0,2]{6  <1.0>}
x[0,3]{4  <1.0>}
x[0,4]{0  <1.0>}
x[0,5]{1  <1.0>}
x[0,6]{3  <1.0>}
x[0,7]{5  <1.0>}
x[1,0]{0  <1.0>}
x[1,1]{3  <1.0>}
x[1,2]{5  <1.0>}
x[1,3]{2  <1.0>}
x[1,4]{7  <0.5>, 1  <0.5>}
x[1,5]{6  <1.0>}
x[1,6]{7  <0.5>, 1  <0.5>}
x[1,7]{4  <1.0>}
x[2,0]{3  <0.3333333333333333>, 1  <0.3333333333333333>, 6  <0.3333333333333333>}
x[2,1]{7  <0.3333333333333333>, 1  <0.3333333333333333>, 5  <0.3333333333333333>}
x[2,2]{7  <0.47058823529411764>, 1  <0.11764705882352941>, 2  <0.17647058823529413>, 3  <0.23529411764705882>}
x[2,3]{6  <0.3333333333333333>, 1  <0.3333333333333333>, 5  <0.3333333333333333>}
x[2,4]{7  <0.16666666666666663>, 1  <0.16666666666666663>, 2  <0.16666666666666663>, 3  <0.16666666666666663>, 6  <0.16666666666666663>, 5  <0.16666666666666663>}
x[2,5]{0  <1.0>}
x[2,6]{4  <1.0>}
x[2,7]{3  <0.5>, 2  <0.5>}
x[3,0]{2  <1.0>}
x[3,1]{6  <1.0>}
x[3,2]{3  <0.5>, 4  <0.5>}
x[3,3]{7  <1.0>}
x[3,4]{3  <0.5>, 4  <0.5>}
x[3,5]{5  <1.0>}
x[3,6]{0  <1.0>}
x[3,7]{1  <1.0>}
x[4,0]{3  <0.3333333333333333>, 1  <0.3333333333333333>, 6  <0.3333333333333333>}
x[4,1]{0  <1.0>}
x[4,2]{7  <0.25>, 1  <0.25>, 2  <0.25>, 3  <0.25>}
x[4,3]{6  <0.3333333333333333>, 1  <0.3333333333333333>, 5  <0.3333333333333333>}
x[4,4]{7  <0.26666666666666666>, 1  <0.06666666666666667>, 2  <0.1>, 3  <0.13333333333333333>, 6  <0.23333333333333334>, 5  <0.2>}
x[4,5]{4  <1.0>}
x[4,6]{7  <0.19999999999999998>, 1  <0.19999999999999998>, 2  <0.19999999999999998>, 5  <0.19999999999999998>, 6  <0.19999999999999998>}
x[4,7]{3  <0.5>, 2  <0.5>}
x[5,0]{5  <1.0>}
x[5,1]{7  <0.5>, 1  <0.5>}
x[5,2]{7  <0.25>, 1  <0.25>, 2  <0.25>, 4  <0.25>}
x[5,3]{6  <0.5>, 1  <0.5>}
x[5,4]{7  <0.19999999999999998>, 1  <0.19999999999999998>, 2  <0.19999999999999998>, 6  <0.19999999999999998>, 4  <0.19999999999999998>}
x[5,5]{3  <1.0>}
x[5,6]{7  <0.25>, 1  <0.25>, 2  <0.25>, 6  <0.25>}
x[5,7]{0  <1.0>}
x[6,0]{3  <0.3333333333333333>, 1  <0.3333333333333333>, 6  <0.3333333333333333>}
x[6,1]{4  <1.0>}
x[6,2]{3  <0.5>, 1  <0.5>}
x[6,3]{0  <1.0>}
x[6,4]{5  <0.25>, 1  <0.25>, 6  <0.25>, 3  <0.25>}
x[6,5]{2  <1.0>}
x[6,6]{6  <0.4666666666666667>, 1  <0.13333333333333333>, 5  <0.4>}
x[6,7]{7  <1.0>}
x[7,0]{4  <1.0>}
x[7,1]{5  <0.5>, 1  <0.5>}
x[7,2]{0  <1.0>}
x[7,3]{3  <1.0>}
x[7,4]{5  <0.3333333333333333>, 1  <0.3333333333333333>, 2  <0.3333333333333333>}
x[7,5]{7  <1.0>}
x[7,6]{5  <0.3333333333333333>, 1  <0.3333333333333333>, 2  <0.3333333333333333>}
x[7,7]{6  <1.0>}
problem entropy = 0.9911024212163425
smallest variable entropy = 0.6931471805599453
### branching on x[1,4]=7 marginal=0.5
##### after BP iteration 1 #####
x[0,0]{7  <1.0>}
x[0,1]{2  <1.0>}
x[0,2]{6  <1.0>}
x[0,3]{4  <1.0>}
x[0,4]{0  <1.0>}
x[0,5]{1  <1.0>}
x[0,6]{3  <1.0>}
x[0,7]{5  <1.0>}
x[1,0]{0  <1.0>}
x[1,1]{3  <1.0>}
x[1,2]{5  <1.0>}
x[1,3]{2  <1.0>}
x[1,4]{7  <1.0>}
x[1,5]{6  <1.0>}
x[1,6]{1  <1.0>}
x[1,7]{4  <1.0>}
x[2,0]{3  <0.3333333333333333>, 1  <0.3333333333333333>, 6  <0.3333333333333333>}
x[2,1]{7  <0.3333333333333333>, 1  <0.3333333333333333>, 5  <0.3333333333333333>}
x[2,2]{7  <0.47058823529411764>, 1  <0.11764705882352941>, 2  <0.17647058823529413>, 3  <0.23529411764705882>}
x[2,3]{6  <0.3333333333333333>, 1  <0.3333333333333333>, 5  <0.3333333333333333>}
x[2,4]{5  <0.2>, 1  <0.2>, 2  <0.2>, 3  <0.2>, 6  <0.2>}
x[2,5]{0  <1.0>}
x[2,6]{4  <1.0>}
x[2,7]{3  <0.5>, 2  <0.5>}
x[3,0]{2  <1.0>}
x[3,1]{6  <1.0>}
x[3,2]{3  <0.5>, 4  <0.5>}
x[3,3]{7  <1.0>}
x[3,4]{3  <0.5>, 4  <0.5>}
x[3,5]{5  <1.0>}
x[3,6]{0  <1.0>}
x[3,7]{1  <1.0>}
x[4,0]{3  <0.3333333333333333>, 1  <0.3333333333333333>, 6  <0.3333333333333333>}
x[4,1]{0  <1.0>}
x[4,2]{7  <0.25>, 1  <0.25>, 2  <0.25>, 3  <0.25>}
x[4,3]{6  <0.3333333333333333>, 1  <0.3333333333333333>, 5  <0.3333333333333333>}
x[4,4]{5  <0.27272727272727276>, 1  <0.09090909090909093>, 2  <0.13636363636363638>, 3  <0.18181818181818185>, 6  <0.3181818181818182>}
x[4,5]{4  <1.0>}
x[4,6]{7  <0.25>, 6  <0.25>, 2  <0.25>, 5  <0.25>}
x[4,7]{3  <0.5>, 2  <0.5>}
x[5,0]{5  <1.0>}
x[5,1]{7  <0.5>, 1  <0.5>}
x[5,2]{7  <0.25>, 1  <0.25>, 2  <0.25>, 4  <0.25>}
x[5,3]{6  <0.5>, 1  <0.5>}
x[5,4]{4  <0.25>, 1  <0.25>, 2  <0.25>, 6  <0.25>}
x[5,5]{3  <1.0>}
x[5,6]{7  <0.33333333333333337>, 6  <0.33333333333333337>, 2  <0.33333333333333337>}
x[5,7]{0  <1.0>}
x[6,0]{3  <0.3333333333333333>, 1  <0.3333333333333333>, 6  <0.3333333333333333>}
x[6,1]{4  <1.0>}
x[6,2]{3  <0.5>, 1  <0.5>}
x[6,3]{0  <1.0>}
x[6,4]{5  <0.25>, 1  <0.25>, 6  <0.25>, 3  <0.25>}
x[6,5]{2  <1.0>}
x[6,6]{6  <0.5384615384615384>, 5  <0.46153846153846156>}
x[6,7]{7  <1.0>}
x[7,0]{4  <1.0>}
x[7,1]{5  <0.5>, 1  <0.5>}
x[7,2]{0  <1.0>}
x[7,3]{3  <1.0>}
x[7,4]{5  <0.3333333333333333>, 1  <0.3333333333333333>, 2  <0.3333333333333333>}
x[7,5]{7  <1.0>}
x[7,6]{5  <0.5>, 2  <0.5>}
x[7,7]{6  <1.0>}
problem entropy = 0.9939620409992627
smallest variable entropy = 0.6901856760188042
##### after BP iteration 2 #####
x[0,0]{7  <1.0>}
x[0,1]{2  <1.0>}
x[0,2]{6  <1.0>}
x[0,3]{4  <1.0>}
x[0,4]{0  <1.0>}
x[0,5]{1  <1.0>}
x[0,6]{3  <1.0>}
x[0,7]{5  <1.0>}
x[1,0]{0  <1.0>}
x[1,1]{3  <1.0>}
x[1,2]{5  <1.0>}
x[1,3]{2  <1.0>}
x[1,4]{7  <1.0>}
x[1,5]{6  <1.0>}
x[1,6]{1  <1.0>}
x[1,7]{4  <1.0>}
x[2,0]{3  <0.3333333333333333>, 1  <0.3333333333333333>, 6  <0.3333333333333333>}
x[2,1]{7  <0.3333333333333333>, 1  <0.3333333333333333>, 5  <0.3333333333333333>}
x[2,2]{7  <0.47058823529411764>, 1  <0.11764705882352941>, 2  <0.17647058823529413>, 3  <0.23529411764705882>}
x[2,3]{6  <0.3333333333333333>, 1  <0.3333333333333333>, 5  <0.3333333333333333>}
x[2,4]{5  <0.2>, 1  <0.2>, 2  <0.2>, 3  <0.2>, 6  <0.2>}
x[2,5]{0  <1.0>}
x[2,6]{4  <1.0>}
x[2,7]{3  <0.5>, 2  <0.5>}
x[3,0]{2  <1.0>}
x[3,1]{6  <1.0>}
x[3,2]{3  <0.5>, 4  <0.5>}
x[3,3]{7  <1.0>}
x[3,4]{3  <0.5>, 4  <0.5>}
x[3,5]{5  <1.0>}
x[3,6]{0  <1.0>}
x[3,7]{1  <1.0>}
x[4,0]{3  <0.3333333333333333>, 1  <0.3333333333333333>, 6  <0.3333333333333333>}
x[4,1]{0  <1.0>}
x[4,2]{7  <0.25>, 1  <0.25>, 2  <0.25>, 3  <0.25>}
x[4,3]{6  <0.3333333333333333>, 1  <0.3333333333333333>, 5  <0.3333333333333333>}
x[4,4]{5  <0.27272727272727276>, 1  <0.09090909090909093>, 2  <0.13636363636363638>, 3  <0.18181818181818185>, 6  <0.3181818181818182>}
x[4,5]{4  <1.0>}
x[4,6]{7  <0.25>, 6  <0.25>, 2  <0.25>, 5  <0.25>}
x[4,7]{3  <0.5>, 2  <0.5>}
x[5,0]{5  <1.0>}
x[5,1]{7  <0.5>, 1  <0.5>}
x[5,2]{7  <0.25>, 1  <0.25>, 2  <0.25>, 4  <0.25>}
x[5,3]{6  <0.5>, 1  <0.5>}
x[5,4]{4  <0.25>, 1  <0.25>, 2  <0.25>, 6  <0.25>}
x[5,5]{3  <1.0>}
x[5,6]{7  <0.33333333333333337>, 6  <0.33333333333333337>, 2  <0.33333333333333337>}
x[5,7]{0  <1.0>}
x[6,0]{3  <0.3333333333333333>, 1  <0.3333333333333333>, 6  <0.3333333333333333>}
x[6,1]{4  <1.0>}
x[6,2]{3  <0.5>, 1  <0.5>}
x[6,3]{0  <1.0>}
x[6,4]{5  <0.25>, 1  <0.25>, 6  <0.25>, 3  <0.25>}
x[6,5]{2  <1.0>}
x[6,6]{6  <0.5384615384615384>, 5  <0.46153846153846156>}
x[6,7]{7  <1.0>}
x[7,0]{4  <1.0>}
x[7,1]{5  <0.5>, 1  <0.5>}
x[7,2]{0  <1.0>}
x[7,3]{3  <1.0>}
x[7,4]{5  <0.3333333333333333>, 1  <0.3333333333333333>, 2  <0.3333333333333333>}
x[7,5]{7  <1.0>}
x[7,6]{5  <0.5>, 2  <0.5>}
x[7,7]{6  <1.0>}
problem entropy = 0.9939620409992627
smallest variable entropy = 0.6901856760188042
### branching on x[6,6]=6 marginal=0.5384615384615384
##### after BP iteration 1 #####
x[0,0]{7  <1.0>}
x[0,1]{2  <1.0>}
x[0,2]{6  <1.0>}
x[0,3]{4  <1.0>}
x[0,4]{0  <1.0>}
x[0,5]{1  <1.0>}
x[0,6]{3  <1.0>}
x[0,7]{5  <1.0>}
x[1,0]{0  <1.0>}
x[1,1]{3  <1.0>}
x[1,2]{5  <1.0>}
x[1,3]{2  <1.0>}
x[1,4]{7  <1.0>}
x[1,5]{6  <1.0>}
x[1,6]{1  <1.0>}
x[1,7]{4  <1.0>}
x[2,0]{3  <0.3333333333333333>, 1  <0.3333333333333333>, 6  <0.3333333333333333>}
x[2,1]{7  <0.3333333333333333>, 1  <0.3333333333333333>, 5  <0.3333333333333333>}
x[2,2]{7  <0.47058823529411764>, 1  <0.11764705882352941>, 2  <0.17647058823529413>, 3  <0.23529411764705882>}
x[2,3]{6  <0.3333333333333333>, 1  <0.3333333333333333>, 5  <0.3333333333333333>}
x[2,4]{6  <0.25>, 1  <0.25>, 2  <0.25>, 3  <0.25>}
x[2,5]{0  <1.0>}
x[2,6]{4  <1.0>}
x[2,7]{3  <0.5>, 2  <0.5>}
x[3,0]{2  <1.0>}
x[3,1]{6  <1.0>}
x[3,2]{3  <0.5>, 4  <0.5>}
x[3,3]{7  <1.0>}
x[3,4]{3  <0.5>, 4  <0.5>}
x[3,5]{5  <1.0>}
x[3,6]{0  <1.0>}
x[3,7]{1  <1.0>}
x[4,0]{3  <0.33333333333333337>, 1  <0.33333333333333337>, 6  <0.33333333333333337>}
x[4,1]{0  <1.0>}
x[4,2]{7  <0.25>, 1  <0.25>, 2  <0.25>, 3  <0.25>}
x[4,3]{6  <0.33333333333333337>, 1  <0.33333333333333337>, 5  <0.33333333333333337>}
x[4,4]{6  <0.4375>, 1  <0.125>, 2  <0.1875>, 3  <0.25>}
x[4,5]{4  <1.0>}
x[4,6]{7  <0.33333333333333337>, 5  <0.33333333333333337>, 2  <0.33333333333333337>}
x[4,7]{3  <0.5>, 2  <0.5>}
x[5,0]{5  <1.0>}
x[5,1]{7  <0.5>, 1  <0.5>}
x[5,2]{7  <0.25>, 1  <0.25>, 2  <0.25>, 4  <0.25>}
x[5,3]{6  <0.5>, 1  <0.5>}
x[5,4]{4  <0.25>, 1  <0.25>, 2  <0.25>, 6  <0.25>}
x[5,5]{3  <1.0>}
x[5,6]{7  <0.5>, 2  <0.5>}
x[5,7]{0  <1.0>}
x[6,0]{3  <0.5>, 1  <0.5>}
x[6,1]{4  <1.0>}
x[6,2]{3  <0.5>, 1  <0.5>}
x[6,3]{0  <1.0>}
x[6,4]{5  <1.0>}
x[6,5]{2  <1.0>}
x[6,6]{6  <1.0>}
x[6,7]{7  <1.0>}
x[7,0]{4  <1.0>}
x[7,1]{5  <0.5>, 1  <0.5>}
x[7,2]{0  <1.0>}
x[7,3]{3  <1.0>}
x[7,4]{2  <0.5>, 1  <0.5>}
x[7,5]{7  <1.0>}
x[7,6]{5  <0.5>, 2  <0.5>}
x[7,7]{6  <1.0>}
problem entropy = 0.9928617776902452
smallest variable entropy = 0.6931471805599453
##### after BP iteration 2 #####
x[0,0]{7  <1.0>}
x[0,1]{2  <1.0>}
x[0,2]{6  <1.0>}
x[0,3]{4  <1.0>}
x[0,4]{0  <1.0>}
x[0,5]{1  <1.0>}
x[0,6]{3  <1.0>}
x[0,7]{5  <1.0>}
x[1,0]{0  <1.0>}
x[1,1]{3  <1.0>}
x[1,2]{5  <1.0>}
x[1,3]{2  <1.0>}
x[1,4]{7  <1.0>}
x[1,5]{6  <1.0>}
x[1,6]{1  <1.0>}
x[1,7]{4  <1.0>}
x[2,0]{3  <0.3333333333333333>, 1  <0.3333333333333333>, 6  <0.3333333333333333>}
x[2,1]{7  <0.3333333333333333>, 1  <0.3333333333333333>, 5  <0.3333333333333333>}
x[2,2]{7  <0.47058823529411764>, 1  <0.11764705882352941>, 2  <0.17647058823529413>, 3  <0.23529411764705882>}
x[2,3]{6  <0.3333333333333333>, 1  <0.3333333333333333>, 5  <0.3333333333333333>}
x[2,4]{6  <0.25>, 1  <0.25>, 2  <0.25>, 3  <0.25>}
x[2,5]{0  <1.0>}
x[2,6]{4  <1.0>}
x[2,7]{3  <0.5>, 2  <0.5>}
x[3,0]{2  <1.0>}
x[3,1]{6  <1.0>}
x[3,2]{3  <0.5>, 4  <0.5>}
x[3,3]{7  <1.0>}
x[3,4]{3  <0.5>, 4  <0.5>}
x[3,5]{5  <1.0>}
x[3,6]{0  <1.0>}
x[3,7]{1  <1.0>}
x[4,0]{3  <0.33333333333333337>, 1  <0.33333333333333337>, 6  <0.33333333333333337>}
x[4,1]{0  <1.0>}
x[4,2]{7  <0.25>, 1  <0.25>, 2  <0.25>, 3  <0.25>}
x[4,3]{6  <0.33333333333333337>, 1  <0.33333333333333337>, 5  <0.33333333333333337>}
x[4,4]{6  <0.4375>, 1  <0.125>, 2  <0.1875>, 3  <0.25>}
x[4,5]{4  <1.0>}
x[4,6]{7  <0.33333333333333337>, 5  <0.33333333333333337>, 2  <0.33333333333333337>}
x[4,7]{3  <0.5>, 2  <0.5>}
x[5,0]{5  <1.0>}
x[5,1]{7  <0.5>, 1  <0.5>}
x[5,2]{7  <0.25>, 1  <0.25>, 2  <0.25>, 4  <0.25>}
x[5,3]{6  <0.5>, 1  <0.5>}
x[5,4]{4  <0.25>, 1  <0.25>, 2  <0.25>, 6  <0.25>}
x[5,5]{3  <1.0>}
x[5,6]{7  <0.5>, 2  <0.5>}
x[5,7]{0  <1.0>}
x[6,0]{3  <0.5>, 1  <0.5>}
x[6,1]{4  <1.0>}
x[6,2]{3  <0.5>, 1  <0.5>}
x[6,3]{0  <1.0>}
x[6,4]{5  <1.0>}
x[6,5]{2  <1.0>}
x[6,6]{6  <1.0>}
x[6,7]{7  <1.0>}
x[7,0]{4  <1.0>}
x[7,1]{5  <0.5>, 1  <0.5>}
x[7,2]{0  <1.0>}
x[7,3]{3  <1.0>}
x[7,4]{2  <0.5>, 1  <0.5>}
x[7,5]{7  <1.0>}
x[7,6]{5  <0.5>, 2  <0.5>}
x[7,7]{6  <1.0>}
problem entropy = 0.9928617776902452
smallest variable entropy = 0.6931471805599453
### branching on x[2,7]=3 marginal=0.5
##### after BP iteration 1 #####
x[0,0]{7  <1.0>}
x[0,1]{2  <1.0>}
x[0,2]{6  <1.0>}
x[0,3]{4  <1.0>}
x[0,4]{0  <1.0>}
x[0,5]{1  <1.0>}
x[0,6]{3  <1.0>}
x[0,7]{5  <1.0>}
x[1,0]{0  <1.0>}
x[1,1]{3  <1.0>}
x[1,2]{5  <1.0>}
x[1,3]{2  <1.0>}
x[1,4]{7  <1.0>}
x[1,5]{6  <1.0>}
x[1,6]{1  <1.0>}
x[1,7]{4  <1.0>}
x[2,0]{6  <0.5>, 1  <0.5>}
x[2,1]{7  <0.3333333333333333>, 1  <0.3333333333333333>, 5  <0.3333333333333333>}
x[2,2]{7  <0.6153846153846154>, 1  <0.15384615384615385>, 2  <0.23076923076923075>}
x[2,3]{6  <0.33333333333333337>, 1  <0.33333333333333337>, 5  <0.33333333333333337>}
x[2,4]{6  <0.33333333333333337>, 1  <0.33333333333333337>, 2  <0.33333333333333337>}
x[2,5]{0  <1.0>}
x[2,6]{4  <1.0>}
x[2,7]{3  <1.0>}
x[3,0]{2  <1.0>}
x[3,1]{6  <1.0>}
x[3,2]{3  <0.5>, 4  <0.5>}
x[3,3]{7  <1.0>}
x[3,4]{3  <0.5>, 4  <0.5>}
x[3,5]{5  <1.0>}
x[3,6]{0  <1.0>}
x[3,7]{1  <1.0>}
x[4,0]{3  <0.3333333333333333>, 1  <0.3333333333333333>, 6  <0.3333333333333333>}
x[4,1]{0  <1.0>}
x[4,2]{7  <0.3333333333333333>, 1  <0.3333333333333333>, 3  <0.3333333333333333>}
x[4,3]{6  <0.3333333333333333>, 1  <0.3333333333333333>, 5  <0.3333333333333333>}
x[4,4]{6  <0.5384615384615384>, 1  <0.15384615384615385>, 3  <0.3076923076923077>}
x[4,5]{4  <1.0>}
x[4,6]{7  <0.5>, 5  <0.5>}
x[4,7]{2  <1.0>}
x[5,0]{5  <1.0>}
x[5,1]{7  <0.5>, 1  <0.5>}
x[5,2]{7  <0.25>, 1  <0.25>, 2  <0.25>, 4  <0.25>}
x[5,3]{6  <0.5>, 1  <0.5>}
x[5,4]{4  <0.25>, 1  <0.25>, 2  <0.25>, 6  <0.25>}
x[5,5]{3  <1.0>}
x[5,6]{7  <0.5>, 2  <0.5>}
x[5,7]{0  <1.0>}
x[6,0]{3  <0.5>, 1  <0.5>}
x[6,1]{4  <1.0>}
x[6,2]{3  <0.5>, 1  <0.5>}
x[6,3]{0  <1.0>}
x[6,4]{5  <1.0>}
x[6,5]{2  <1.0>}
x[6,6]{6  <1.0>}
x[6,7]{7  <1.0>}
x[7,0]{4  <1.0>}
x[7,1]{5  <0.5>, 1  <0.5>}
x[7,2]{0  <1.0>}
x[7,3]{3  <1.0>}
x[7,4]{2  <0.5>, 1  <0.5>}
x[7,5]{7  <1.0>}
x[7,6]{5  <0.5>, 2  <0.5>}
x[7,7]{6  <1.0>}
problem entropy = 0.9880785948726928
smallest variable entropy = 0.6931471805599453
##### after BP iteration 2 #####
x[0,0]{7  <1.0>}
x[0,1]{2  <1.0>}
x[0,2]{6  <1.0>}
x[0,3]{4  <1.0>}
x[0,4]{0  <1.0>}
x[0,5]{1  <1.0>}
x[0,6]{3  <1.0>}
x[0,7]{5  <1.0>}
x[1,0]{0  <1.0>}
x[1,1]{3  <1.0>}
x[1,2]{5  <1.0>}
x[1,3]{2  <1.0>}
x[1,4]{7  <1.0>}
x[1,5]{6  <1.0>}
x[1,6]{1  <1.0>}
x[1,7]{4  <1.0>}
x[2,0]{6  <0.5>, 1  <0.5>}
x[2,1]{7  <0.3333333333333333>, 1  <0.3333333333333333>, 5  <0.3333333333333333>}
x[2,2]{7  <0.6153846153846154>, 1  <0.15384615384615385>, 2  <0.23076923076923075>}
x[2,3]{6  <0.33333333333333337>, 1  <0.33333333333333337>, 5  <0.33333333333333337>}
x[2,4]{6  <0.33333333333333337>, 1  <0.33333333333333337>, 2  <0.33333333333333337>}
x[2,5]{0  <1.0>}
x[2,6]{4  <1.0>}
x[2,7]{3  <1.0>}
x[3,0]{2  <1.0>}
x[3,1]{6  <1.0>}
x[3,2]{3  <0.5>, 4  <0.5>}
x[3,3]{7  <1.0>}
x[3,4]{3  <0.5>, 4  <0.5>}
x[3,5]{5  <1.0>}
x[3,6]{0  <1.0>}
x[3,7]{1  <1.0>}
x[4,0]{3  <0.3333333333333333>, 1  <0.3333333333333333>, 6  <0.3333333333333333>}
x[4,1]{0  <1.0>}
x[4,2]{7  <0.3333333333333333>, 1  <0.3333333333333333>, 3  <0.3333333333333333>}
x[4,3]{6  <0.3333333333333333>, 1  <0.3333333333333333>, 5  <0.3333333333333333>}
x[4,4]{6  <0.5384615384615384>, 1  <0.15384615384615385>, 3  <0.3076923076923077>}
x[4,5]{4  <1.0>}
x[4,6]{7  <0.5>, 5  <0.5>}
x[4,7]{2  <1.0>}
x[5,0]{5  <1.0>}
x[5,1]{7  <0.5>, 1  <0.5>}
x[5,2]{7  <0.25>, 1  <0.25>, 2  <0.25>, 4  <0.25>}
x[5,3]{6  <0.5>, 1  <0.5>}
x[5,4]{4  <0.25>, 1  <0.25>, 2  <0.25>, 6  <0.25>}
x[5,5]{3  <1.0>}
x[5,6]{7  <0.5>, 2  <0.5>}
x[5,7]{0  <1.0>}
x[6,0]{3  <0.5>, 1  <0.5>}
x[6,1]{4  <1.0>}
x[6,2]{3  <0.5>, 1  <0.5>}
x[6,3]{0  <1.0>}
x[6,4]{5  <1.0>}
x[6,5]{2  <1.0>}
x[6,6]{6  <1.0>}
x[6,7]{7  <1.0>}
x[7,0]{4  <1.0>}
x[7,1]{5  <0.5>, 1  <0.5>}
x[7,2]{0  <1.0>}
x[7,3]{3  <1.0>}
x[7,4]{2  <0.5>, 1  <0.5>}
x[7,5]{7  <1.0>}
x[7,6]{5  <0.5>, 2  <0.5>}
x[7,7]{6  <1.0>}
problem entropy = 0.9880785948726928
smallest variable entropy = 0.6931471805599453
### branching on x[2,2]=7 marginal=0.6153846153846154
### branching on x[2,2]!=7
##### after BP iteration 1 #####
x[0,0]{7  <1.0>}
x[0,1]{2  <1.0>}
x[0,2]{6  <1.0>}
x[0,3]{4  <1.0>}
x[0,4]{0  <1.0>}
x[0,5]{1  <1.0>}
x[0,6]{3  <1.0>}
x[0,7]{5  <1.0>}
x[1,0]{0  <1.0>}
x[1,1]{3  <1.0>}
x[1,2]{5  <1.0>}
x[1,3]{2  <1.0>}
x[1,4]{7  <1.0>}
x[1,5]{6  <1.0>}
x[1,6]{1  <1.0>}
x[1,7]{4  <1.0>}
x[2,0]{6  <0.5>, 1  <0.5>}
x[2,1]{7  <1.0>}
x[2,2]{2  <0.6>, 1  <0.4>}
x[2,3]{5  <1.0>}
x[2,4]{2  <0.5>, 6  <0.5>}
x[2,5]{0  <1.0>}
x[2,6]{4  <1.0>}
x[2,7]{3  <1.0>}
x[3,0]{2  <1.0>}
x[3,1]{6  <1.0>}
x[3,2]{4  <0.5>, 3  <0.5>}
x[3,3]{7  <1.0>}
x[3,4]{3  <0.5>, 4  <0.5>}
x[3,5]{5  <1.0>}
x[3,6]{0  <1.0>}
x[3,7]{1  <1.0>}
x[4,0]{3  <0.5>, 6  <0.5>}
x[4,1]{0  <1.0>}
x[4,2]{7  <1.0>}
x[4,3]{1  <1.0>}
x[4,4]{6  <0.6363636363636364>, 3  <0.36363636363636365>}
x[4,5]{4  <1.0>}
x[4,6]{5  <1.0>}
x[4,7]{2  <1.0>}
x[5,0]{5  <1.0>}
x[5,1]{1  <1.0>}
x[5,2]{2  <0.5>, 4  <0.5>}
x[5,3]{6  <1.0>}
x[5,4]{4  <0.5>, 2  <0.5>}
x[5,5]{3  <1.0>}
x[5,6]{7  <1.0>}
x[5,7]{0  <1.0>}
x[6,0]{3  <0.5>, 1  <0.5>}
x[6,1]{4  <1.0>}
x[6,2]{3  <0.5>, 1  <0.5>}
x[6,3]{0  <1.0>}
x[6,4]{5  <1.0>}
x[6,5]{2  <1.0>}
x[6,6]{6  <1.0>}
x[6,7]{7  <1.0>}
x[7,0]{4  <1.0>}
x[7,1]{5  <1.0>}
x[7,2]{0  <1.0>}
x[7,3]{3  <1.0>}
x[7,4]{1  <1.0>}
x[7,5]{7  <1.0>}
x[7,6]{2  <1.0>}
x[7,7]{6  <1.0>}
problem entropy = 0.9924191726413917
smallest variable entropy = 0.6554817739013927
##### after BP iteration 2 #####
x[0,0]{7  <1.0>}
x[0,1]{2  <1.0>}
x[0,2]{6  <1.0>}
x[0,3]{4  <1.0>}
x[0,4]{0  <1.0>}
x[0,5]{1  <1.0>}
x[0,6]{3  <1.0>}
x[0,7]{5  <1.0>}
x[1,0]{0  <1.0>}
x[1,1]{3  <1.0>}
x[1,2]{5  <1.0>}
x[1,3]{2  <1.0>}
x[1,4]{7  <1.0>}
x[1,5]{6  <1.0>}
x[1,6]{1  <1.0>}
x[1,7]{4  <1.0>}
x[2,0]{6  <0.5>, 1  <0.5>}
x[2,1]{7  <1.0>}
x[2,2]{2  <0.6>, 1  <0.4>}
x[2,3]{5  <1.0>}
x[2,4]{2  <0.5>, 6  <0.5>}
x[2,5]{0  <1.0>}
x[2,6]{4  <1.0>}
x[2,7]{3  <1.0>}
x[3,0]{2  <1.0>}
x[3,1]{6  <1.0>}
x[3,2]{4  <0.5>, 3  <0.5>}
x[3,3]{7  <1.0>}
x[3,4]{3  <0.5>, 4  <0.5>}
x[3,5]{5  <1.0>}
x[3,6]{0  <1.0>}
x[3,7]{1  <1.0>}
x[4,0]{3  <0.5>, 6  <0.5>}
x[4,1]{0  <1.0>}
x[4,2]{7  <1.0>}
x[4,3]{1  <1.0>}
x[4,4]{6  <0.6363636363636364>, 3  <0.36363636363636365>}
x[4,5]{4  <1.0>}
x[4,6]{5  <1.0>}
x[4,7]{2  <1.0>}
x[5,0]{5  <1.0>}
x[5,1]{1  <1.0>}
x[5,2]{2  <0.5>, 4  <0.5>}
x[5,3]{6  <1.0>}
x[5,4]{4  <0.5>, 2  <0.5>}
x[5,5]{3  <1.0>}
x[5,6]{7  <1.0>}
x[5,7]{0  <1.0>}
x[6,0]{3  <0.5>, 1  <0.5>}
x[6,1]{4  <1.0>}
x[6,2]{3  <0.5>, 1  <0.5>}
x[6,3]{0  <1.0>}
x[6,4]{5  <1.0>}
x[6,5]{2  <1.0>}
x[6,6]{6  <1.0>}
x[6,7]{7  <1.0>}
x[7,0]{4  <1.0>}
x[7,1]{5  <1.0>}
x[7,2]{0  <1.0>}
x[7,3]{3  <1.0>}
x[7,4]{1  <1.0>}
x[7,5]{7  <1.0>}
x[7,6]{2  <1.0>}
x[7,7]{6  <1.0>}
problem entropy = 0.9924191726413917
smallest variable entropy = 0.6554817739013927
### branching on x[4,4]=6 marginal=0.6363636363636364
##### after BP iteration 1 #####
x[0,0]{7  <1.0>}
x[0,1]{2  <1.0>}
x[0,2]{6  <1.0>}
x[0,3]{4  <1.0>}
x[0,4]{0  <1.0>}
x[0,5]{1  <1.0>}
x[0,6]{3  <1.0>}
x[0,7]{5  <1.0>}
x[1,0]{0  <1.0>}
x[1,1]{3  <1.0>}
x[1,2]{5  <1.0>}
x[1,3]{2  <1.0>}
x[1,4]{7  <1.0>}
x[1,5]{6  <1.0>}
x[1,6]{1  <1.0>}
x[1,7]{4  <1.0>}
x[2,0]{6  <1.0>}
x[2,1]{7  <1.0>}
x[2,2]{1  <1.0>}
x[2,3]{5  <1.0>}
x[2,4]{2  <1.0>}
x[2,5]{0  <1.0>}
x[2,6]{4  <1.0>}
x[2,7]{3  <1.0>}
x[3,0]{2  <1.0>}
x[3,1]{6  <1.0>}
x[3,2]{4  <1.0>}
x[3,3]{7  <1.0>}
x[3,4]{3  <1.0>}
x[3,5]{5  <1.0>}
x[3,6]{0  <1.0>}
x[3,7]{1  <1.0>}
x[4,0]{3  <1.0>}
x[4,1]{0  <1.0>}
x[4,2]{7  <1.0>}
x[4,3]{1  <1.0>}
x[4,4]{6  <1.0>}
x[4,5]{4  <1.0>}
x[4,6]{5  <1.0>}
x[4,7]{2  <1.0>}
x[5,0]{5  <1.0>}
x[5,1]{1  <1.0>}
x[5,2]{2  <1.0>}
x[5,3]{6  <1.0>}
x[5,4]{4  <1.0>}
x[5,5]{3  <1.0>}
x[5,6]{7  <1.0>}
x[5,7]{0  <1.0>}
x[6,0]{1  <1.0>}
x[6,1]{4  <1.0>}
x[6,2]{3  <1.0>}
x[6,3]{0  <1.0>}
x[6,4]{5  <1.0>}
x[6,5]{2  <1.0>}
x[6,6]{6  <1.0>}
x[6,7]{7  <1.0>}
x[7,0]{4  <1.0>}
x[7,1]{5  <1.0>}
x[7,2]{0  <1.0>}
x[7,3]{3  <1.0>}
x[7,4]{1  <1.0>}
x[7,5]{7  <1.0>}
x[7,6]{2  <1.0>}
x[7,7]{6  <1.0>}
problem entropy = 0.0
smallest variable entropy = 1.7976931348623157E308
### branching on x[4,4]!=6
##### after BP iteration 1 #####
x[0,0]{7  <1.0>}
x[0,1]{2  <1.0>}
x[0,2]{6  <1.0>}
x[0,3]{4  <1.0>}
x[0,4]{0  <1.0>}
x[0,5]{1  <1.0>}
x[0,6]{3  <1.0>}
x[0,7]{5  <1.0>}
x[1,0]{0  <1.0>}
x[1,1]{3  <1.0>}
x[1,2]{5  <1.0>}
x[1,3]{2  <1.0>}
x[1,4]{7  <1.0>}
x[1,5]{6  <1.0>}
x[1,6]{1  <1.0>}
x[1,7]{4  <1.0>}
x[2,0]{1  <1.0>}
x[2,1]{7  <1.0>}
x[2,2]{2  <1.0>}
x[2,3]{5  <1.0>}
x[2,4]{6  <1.0>}
x[2,5]{0  <1.0>}
x[2,6]{4  <1.0>}
x[2,7]{3  <1.0>}
x[3,0]{2  <1.0>}
x[3,1]{6  <1.0>}
x[3,2]{3  <1.0>}
x[3,3]{7  <1.0>}
x[3,4]{4  <1.0>}
x[3,5]{5  <1.0>}
x[3,6]{0  <1.0>}
x[3,7]{1  <1.0>}
x[4,0]{6  <1.0>}
x[4,1]{0  <1.0>}
x[4,2]{7  <1.0>}
x[4,3]{1  <1.0>}
x[4,4]{3  <1.0>}
x[4,5]{4  <1.0>}
x[4,6]{5  <1.0>}
x[4,7]{2  <1.0>}
x[5,0]{5  <1.0>}
x[5,1]{1  <1.0>}
x[5,2]{4  <1.0>}
x[5,3]{6  <1.0>}
x[5,4]{2  <1.0>}
x[5,5]{3  <1.0>}
x[5,6]{7  <1.0>}
x[5,7]{0  <1.0>}
x[6,0]{3  <1.0>}
x[6,1]{4  <1.0>}
x[6,2]{1  <1.0>}
x[6,3]{0  <1.0>}
x[6,4]{5  <1.0>}
x[6,5]{2  <1.0>}
x[6,6]{6  <1.0>}
x[6,7]{7  <1.0>}
x[7,0]{4  <1.0>}
x[7,1]{5  <1.0>}
x[7,2]{0  <1.0>}
x[7,3]{3  <1.0>}
x[7,4]{1  <1.0>}
x[7,5]{7  <1.0>}
x[7,6]{2  <1.0>}
x[7,7]{6  <1.0>}
problem entropy = 0.0
smallest variable entropy = 1.7976931348623157E308

	#choice: 11
	#fail: 1
	execution time (ms): 209
	#sols : 1
	completed : false

