{7  <1.0>, 5  <1.0>, 2  <1.0>, 3  <1.0>}
model: sum-product-oracle
FINAL DAMPING FACTOR = 1.0
##### after BP iteration 1 #####
x[0,0]{7  <0.3788738079728703>, 5  <0.4760276575181169>, 2  <0.07221780477577582>, 3  <0.07288072973323705>}
x[0,1]{0  <0.4295320385521846>, 7  <0.14068533586134105>, 2  <0.17351274630364008>, 3  <0.2562698792828343>}
x[0,2]{6  <1.0>}
x[0,3]{0  <0.09131466747081597>, 5  <0.06895860733584165>, 2  <0.6328755870925121>, 7  <0.20685113810083025>}
x[0,4]{4  <1.0>}
x[0,5]{3  <0.2672163870940798>, 5  <0.35588123916789094>, 2  <0.37690237373802926>}
x[0,6]{0  <0.39399308135396044>, 3  <0.41160971319452827>, 7  <0.19439720545151118>}
x[0,7]{1  <1.0>}
x[1,0]{6  <0.3625987475305531>, 1  <0.14476872592321852>, 5  <0.22096060571278373>, 7  <0.2716719208334446>}
x[1,1]{7  <0.29605450069213507>, 1  <0.7039454993078649>}
x[1,2]{0  <1.0>}
x[1,3]{5  <0.7410823982498436>, 7  <0.25891760175015655>}
x[1,4]{3  <1.0>}
x[1,5]{4  <1.0>}
x[1,6]{2  <1.0>}
x[1,7]{7  <0.2932502028587384>, 6  <0.7067497971412616>}
x[2,0]{4  <0.7865871640455858>, 1  <0.21341283595441413>}
x[2,1]{6  <1.0>}
x[2,2]{7  <1.0>}
x[2,3]{3  <1.0>}
x[2,4]{5  <0.6347740252414863>, 2  <0.36522597475851365>}
x[2,5]{5  <0.18184615384615382>, 2  <0.8181538461538461>}
x[2,6]{4  <0.5997891209467608>, 1  <0.40021087905323904>}
x[2,7]{0  <1.0>}
x[3,0]{0  <1.0>}
x[3,1]{7  <0.19104681988366068>, 4  <0.40145133841077774>, 2  <0.0941960740432307>, 3  <0.3133057676623308>}
x[3,2]{1  <1.0>}
x[3,3]{7  <0.40810341281063284>, 4  <0.5359277237617204>, 2  <0.055968863427646794>}
x[3,4]{2  <0.44168135500347117>, 6  <0.5583186449965288>}
x[3,5]{3  <0.5158718917015511>, 6  <0.368556495944432>, 2  <0.11557161235401693>}
x[3,6]{5  <1.0>}
x[3,7]{7  <0.19237891210623573>, 6  <0.021274702187054653>, 2  <0.297959894224403>, 3  <0.20619572348866297>, 4  <0.2821907679936435>}
x[4,0]{3  <0.42957898572150566>, 4  <0.14954116505985113>, 6  <0.4208798492186433>}
x[4,1]{5  <1.0>}
x[4,2]{2  <1.0>}
x[4,3]{0  <0.7060122805607256>, 4  <0.2939877194392743>}
x[4,4]{7  <1.0>}
x[4,5]{1  <1.0>}
x[4,6]{0  <0.20010188630301165>, 4  <0.13813407424886207>, 6  <0.43449090966862464>, 3  <0.2272731297795016>}
x[4,7]{3  <0.4634969220313304>, 4  <0.45724097242182654>, 6  <0.07926210554684297>}
x[5,0]{4  <0.23408332200677046>, 6  <0.2588390047801807>, 2  <0.18949901976812844>, 3  <0.3175786534449205>}
x[5,1]{0  <0.16829494450225685>, 4  <0.33064564713483735>, 2  <0.1782425621469178>, 3  <0.32281684621598794>}
x[5,2]{5  <1.0>}
x[5,3]{1  <1.0>}
x[5,4]{0  <0.6170166264503434>, 6  <0.143339876129416>, 2  <0.2396434974202407>}
x[5,5]{7  <1.0>}
x[5,6]{0  <0.10050008069667316>, 6  <0.5119783511196411>, 4  <0.1627639247825856>, 3  <0.2247576434011001>}
x[5,7]{4  <0.2534614919061579>, 6  <0.03214726419845166>, 2  <0.5824436726523989>, 3  <0.13194757124299142>}
x[6,0]{4  <0.16050165745567374>, 7  <0.10579487098945899>, 2  <0.7337034715548671>}
x[6,1]{4  <0.42784129463386616>, 7  <0.09729062091343925>, 2  <0.47486808445269457>}
x[6,2]{3  <1.0>}
x[6,3]{6  <1.0>}
x[6,4]{1  <1.0>}
x[6,5]{0  <1.0>}
x[6,6]{4  <0.23676390648767537>, 7  <0.7632360935123247>}
x[6,7]{5  <1.0>}
x[7,0]{6  <0.09978679508548673>, 1  <0.2681756899165591>, 2  <0.09928132879164507>, 3  <0.14073727088841592>, 7  <0.14256222993575873>, 5  <0.24945668538213436>}
x[7,1]{0  <0.13182274770483937>, 1  <0.4853887692942709>, 2  <0.08238131042957787>, 3  <0.15922438150254548>, 7  <0.14118279106876627>}
x[7,2]{4  <1.0>}
x[7,3]{0  <0.13945492604626378>, 5  <0.12041111497499701>, 2  <0.4876850278435993>, 7  <0.25244893113513994>}
x[7,4]{0  <0.3217429049082593>, 5  <0.3520205143406418>, 2  <0.22266855974533634>, 6  <0.10356802100576255>}
x[7,5]{5  <0.10376987116852907>, 6  <0.5416226587744521>, 2  <0.07132483245181176>, 3  <0.28328263760520705>}
x[7,6]{0  <0.0853905891773948>, 1  <0.4658551297924199>, 6  <0.17251686481853049>, 3  <0.16380687596694626>, 7  <0.11243054024470844>}
x[7,7]{7  <0.5640354258868743>, 6  <0.10068241820958974>, 2  <0.20556858737592973>, 3  <0.12971356852760618>}
problem entropy = 0.0
smallest variable entropy = 1.7976931348623157E308
### branching on x[1,1]=1
### branching on x[1,3]=7
##### after BP iteration 1 #####
x[0,0]{7  <0.9461354284855179>, 3  <0.042371073269154784>, 2  <0.011493498245327421>}
x[0,1]{0  <0.616721989449503>, 7  <0.07450492908819938>, 2  <0.061739483416349>, 3  <0.24703359804594865>}
x[0,2]{6  <1.0>}
x[0,3]{0  <0.008341373134008814>, 5  <0.4824769042181112>, 2  <0.50918172264788>}
x[0,4]{4  <1.0>}
x[0,5]{3  <0.01532084238739165>, 5  <0.9550760371315732>, 2  <0.0296031204810352>}
x[0,6]{0  <0.4437860185011369>, 3  <0.5308784332457652>, 7  <0.025335548253097848>}
x[0,7]{1  <1.0>}
x[1,0]{5  <1.0>}
x[1,1]{1  <1.0>}
x[1,2]{0  <1.0>}
x[1,3]{7  <1.0>}
x[1,4]{3  <1.0>}
x[1,5]{4  <1.0>}
x[1,6]{2  <1.0>}
x[1,7]{6  <1.0>}
x[2,0]{4  <0.5466155588605184>, 1  <0.45338444113948156>}
x[2,1]{6  <1.0>}
x[2,2]{7  <1.0>}
x[2,3]{3  <1.0>}
x[2,4]{5  <0.745355841991391>, 2  <0.25464415800860907>}
x[2,5]{5  <0.34676907535562274>, 2  <0.6532309246443773>}
x[2,6]{4  <0.5464856955682563>, 1  <0.4535143044317436>}
x[2,7]{0  <1.0>}
x[3,0]{0  <1.0>}
x[3,1]{7  <0.716081794523611>, 4  <0.03077416969423886>, 2  <0.07185612239927282>, 3  <0.18128791338287725>}
x[3,2]{1  <1.0>}
x[3,3]{2  <0.04967080366814964>, 4  <0.9503291963318504>}
x[3,4]{2  <0.2735957698878786>, 6  <0.7264042301121214>}
x[3,5]{3  <0.5204863427032129>, 6  <0.4312920505743088>, 2  <0.048221606722478196>}
x[3,6]{5  <1.0>}
x[3,7]{7  <0.5835596071039423>, 4  <0.03819775058086457>, 2  <0.2233163397158824>, 3  <0.15492630259931067>}
x[4,0]{3  <0.3224897166183164>, 4  <0.05283862507336596>, 6  <0.6246716583083177>}
x[4,1]{5  <1.0>}
x[4,2]{2  <1.0>}
x[4,3]{0  <0.9792797218852276>, 4  <0.02072027811477244>}
x[4,4]{7  <1.0>}
x[4,5]{1  <1.0>}
x[4,6]{0  <0.2954328141339632>, 4  <0.05861945711863618>, 6  <0.41428187988008786>, 3  <0.23166584886731262>}
x[4,7]{3  <0.45144219222267556>, 4  <0.5485578077773244>}
x[5,0]{4  <0.09099938112497583>, 6  <0.4284390775231769>, 2  <0.039987069818311585>, 3  <0.4405744715335357>}
x[5,1]{0  <0.20333256666196653>, 4  <0.3471775961723362>, 2  <0.15257573420041615>, 3  <0.29691410296528103>}
x[5,2]{5  <1.0>}
x[5,3]{1  <1.0>}
x[5,4]{0  <0.7439176849984226>, 6  <0.1749349784613261>, 2  <0.08114733654025132>}
x[5,5]{7  <1.0>}
x[5,6]{0  <0.12140727515419013>, 6  <0.613631431384319>, 4  <0.07343494873499805>, 3  <0.19152634472649277>}
x[5,7]{4  <0.23398785909542463>, 3  <0.13990492583258535>, 2  <0.62610721507199>}
x[6,0]{4  <0.1274557558972053>, 7  <0.11733714840670535>, 2  <0.7552070956960893>}
x[6,1]{4  <0.5692814316210727>, 7  <0.156434350248424>, 2  <0.2742842181305033>}
x[6,2]{3  <1.0>}
x[6,3]{6  <1.0>}
x[6,4]{1  <1.0>}
x[6,5]{0  <1.0>}
x[6,6]{4  <0.11929119397608663>, 7  <0.8807088060239134>}
x[6,7]{5  <1.0>}
x[7,0]{6  <0.04776236282272174>, 1  <0.8449907012626593>, 2  <0.01382666078921454>, 3  <0.07883411011720022>, 7  <0.014586165008204135>}
x[7,1]{0  <0.5905984797110081>, 7  <0.10064466592902535>, 2  <0.0965218203757168>, 3  <0.21223503398424973>}
x[7,2]{4  <1.0>}
x[7,3]{0  <0.01754100726903475>, 5  <0.7313568653372846>, 2  <0.2511021273936806>}
x[7,4]{0  <0.19740354699365986>, 5  <0.636160410819239>, 2  <0.07057891243156392>, 6  <0.09585712975553712>}
x[7,5]{5  <0.16653259872777457>, 6  <0.6461988709818693>, 2  <0.010884333530020876>, 3  <0.17638419676033532>}
x[7,6]{0  <0.08067758431458052>, 1  <0.7230198498093101>, 6  <0.07064858979107921>, 3  <0.10052311216306412>, 7  <0.025130863921966083>}
x[7,7]{7  <0.8250798821328268>, 3  <0.09556581900352616>, 2  <0.07935429886364707>}
problem entropy = 0.0
smallest variable entropy = 1.7976931348623157E308
### branching on x[2,0]=1
##### after BP iteration 1 #####
x[0,0]{7  <0.9634769431573313>, 3  <0.0309188784179578>, 2  <0.0056041784247108295>}
x[0,1]{0  <0.3781469371389098>, 7  <0.02911181675256766>, 2  <0.12642789595211723>, 3  <0.46631335015640546>}
x[0,2]{6  <1.0>}
x[0,3]{0  <0.007857797978423717>, 5  <0.14398389582679455>, 2  <0.8481583061947817>}
x[0,4]{4  <1.0>}
x[0,5]{3  <0.07849608473684903>, 5  <0.6979315815076378>, 2  <0.2235723337555131>}
x[0,6]{0  <0.389746923824507>, 3  <0.610253076175493>}
x[0,7]{1  <1.0>}
x[1,0]{5  <1.0>}
x[1,1]{1  <1.0>}
x[1,2]{0  <1.0>}
x[1,3]{7  <1.0>}
x[1,4]{3  <1.0>}
x[1,5]{4  <1.0>}
x[1,6]{2  <1.0>}
x[1,7]{6  <1.0>}
x[2,0]{1  <1.0>}
x[2,1]{6  <1.0>}
x[2,2]{7  <1.0>}
x[2,3]{3  <1.0>}
x[2,4]{5  <0.2920775216547551>, 2  <0.7079224783452448>}
x[2,5]{5  <0.05138158974181033>, 2  <0.9486184102581897>}
x[2,6]{4  <1.0>}
x[2,7]{0  <1.0>}
x[3,0]{0  <1.0>}
x[3,1]{7  <0.8438587185507324>, 4  <0.004877608695549422>, 2  <0.06584118650459152>, 3  <0.08542248624912668>}
x[3,2]{1  <1.0>}
x[3,3]{2  <0.022303048317349684>, 4  <0.9776969516826504>}
x[3,4]{2  <0.2585685845494984>, 6  <0.7414314154505016>}
x[3,5]{3  <0.8159214578675842>, 6  <0.17690948888619806>, 2  <0.007169053246217786>}
x[3,6]{5  <1.0>}
x[3,7]{7  <0.24396031420179848>, 4  <0.03110196117805604>, 2  <0.43675529801467444>, 3  <0.28818242660547105>}
x[4,0]{3  <0.2699919140537619>, 4  <0.3047592566004694>, 6  <0.4252488293457688>}
x[4,1]{5  <1.0>}
x[4,2]{2  <1.0>}
x[4,3]{0  <0.9346625778599001>, 4  <0.06533742214009979>}
x[4,4]{7  <1.0>}
x[4,5]{1  <1.0>}
x[4,6]{0  <0.07541289670505323>, 3  <0.4770618804428564>, 6  <0.44752522285209045>}
x[4,7]{3  <0.06661230912686976>, 4  <0.9333876908731302>}
x[5,0]{4  <0.48816763498266913>, 6  <0.12284178176664376>, 2  <0.20588394651018377>, 3  <0.18310663674050343>}
x[5,1]{0  <0.04946990593537991>, 4  <0.5210737498496055>, 2  <0.33920502510961237>, 3  <0.0902513191054022>}
x[5,2]{5  <1.0>}
x[5,3]{1  <1.0>}
x[5,4]{0  <0.8369835764658516>, 6  <0.06680827537874899>, 2  <0.09620814815539933>}
x[5,5]{7  <1.0>}
x[5,6]{0  <0.1820318692621267>, 6  <0.5447251823023979>, 3  <0.2732429484354755>}
x[5,7]{4  <0.3399020404598214>, 3  <0.0844970034990009>, 2  <0.5756009560411778>}
x[6,0]{4  <0.30379122313660556>, 2  <0.6962087768633944>}
x[6,1]{4  <0.8432288198543088>, 2  <0.15677118014569108>}
x[6,2]{3  <1.0>}
x[6,3]{6  <1.0>}
x[6,4]{1  <1.0>}
x[6,5]{0  <1.0>}
x[6,6]{7  <1.0>}
x[6,7]{5  <1.0>}
x[7,0]{6  <0.18757355704120507>, 7  <0.03840029506805177>, 2  <0.20543391482695836>, 3  <0.5685922330637849>}
x[7,1]{0  <0.46247603494451944>, 7  <0.05191720241982115>, 2  <0.2912401118351214>, 3  <0.19436665080053797>}
x[7,2]{4  <1.0>}
x[7,3]{0  <0.013650836394424496>, 5  <0.5479755183713355>, 2  <0.4383736452342399>}
x[7,4]{0  <0.2930526668642274>, 5  <0.2563409278906736>, 2  <0.3486258055563363>, 6  <0.10198059968876264>}
x[7,5]{5  <0.004741048691754472>, 6  <0.7205945094655248>, 2  <0.0025143470251742157>, 3  <0.2721500948175464>}
x[7,6]{1  <1.0>}
x[7,7]{7  <0.5694374735880126>, 3  <0.1980197455192242>, 2  <0.23254278089276323>}
problem entropy = 0.0
smallest variable entropy = 1.7976931348623157E308
### branching on x[0,6]=0
##### after BP iteration 1 #####
x[0,0]{7  <0.9693940453676378>, 3  <0.02796138066762648>, 2  <0.002644573964735813>}
x[0,1]{3  <0.8786871419645367>, 7  <0.04695916267631265>, 2  <0.07435369535915069>}
x[0,2]{6  <1.0>}
x[0,3]{2  <0.6389441087856221>, 5  <0.3610558912143778>}
x[0,4]{4  <1.0>}
x[0,5]{3  <0.09804332365872842>, 5  <0.7682108261927844>, 2  <0.13374585014848728>}
x[0,6]{0  <1.0>}
x[0,7]{1  <1.0>}
x[1,0]{5  <1.0>}
x[1,1]{1  <1.0>}
x[1,2]{0  <1.0>}
x[1,3]{7  <1.0>}
x[1,4]{3  <1.0>}
x[1,5]{4  <1.0>}
x[1,6]{2  <1.0>}
x[1,7]{6  <1.0>}
x[2,0]{1  <1.0>}
x[2,1]{6  <1.0>}
x[2,2]{7  <1.0>}
x[2,3]{3  <1.0>}
x[2,4]{5  <0.9548749790487003>, 2  <0.045125020951299694>}
x[2,5]{5  <0.6256600455492608>, 2  <0.3743399544507393>}
x[2,6]{4  <1.0>}
x[2,7]{0  <1.0>}
x[3,0]{0  <1.0>}
x[3,1]{7  <0.9639246211924553>, 3  <0.0096149160895767>, 2  <0.02646046271796799>}
x[3,2]{1  <1.0>}
x[3,3]{4  <1.0>}
x[3,4]{2  <0.13250478665389676>, 6  <0.8674952133461031>}
x[3,5]{3  <0.80481084533547>, 6  <0.16438246938410228>, 2  <0.030806685280427737>}
x[3,6]{5  <1.0>}
x[3,7]{7  <0.11347988659913749>, 3  <0.26563651686012807>, 2  <0.6208835965407344>}
x[4,0]{3  <0.2754132015570141>, 4  <0.12359775452372816>, 6  <0.6009890439192577>}
x[4,1]{5  <1.0>}
x[4,2]{2  <1.0>}
x[4,3]{0  <1.0>}
x[4,4]{7  <1.0>}
x[4,5]{1  <1.0>}
x[4,6]{6  <0.45120789187589794>, 3  <0.548792108124102>}
x[4,7]{3  <0.32217986777138274>, 4  <0.6778201322286171>}
x[5,0]{4  <0.40443517477221275>, 6  <0.21793651516858292>, 2  <0.15797303292383677>, 3  <0.21965527713536756>}
x[5,1]{0  <0.16284993505527148>, 4  <0.12243286534454026>, 2  <0.4346970206355058>, 3  <0.2800201789646824>}
x[5,2]{5  <1.0>}
x[5,3]{1  <1.0>}
x[5,4]{0  <0.8854575798698722>, 6  <0.06345167006830664>, 2  <0.05109075006182112>}
x[5,5]{7  <1.0>}
x[5,6]{3  <0.24623767169812666>, 6  <0.7537623283018733>}
x[5,7]{4  <0.07480891564130938>, 3  <0.5315483483419686>, 2  <0.3936427360167219>}
x[6,0]{4  <0.3805529981669002>, 2  <0.6194470018330998>}
x[6,1]{4  <0.5221800862204142>, 2  <0.47781991377958577>}
x[6,2]{3  <1.0>}
x[6,3]{6  <1.0>}
x[6,4]{1  <1.0>}
x[6,5]{0  <1.0>}
x[6,6]{7  <1.0>}
x[6,7]{5  <1.0>}
x[7,0]{6  <0.25085372999624866>, 7  <0.09179446273259148>, 2  <0.1384482869929692>, 3  <0.5189035202781908>}
x[7,1]{0  <0.8793444042810925>, 7  <0.03427414837342156>, 2  <0.0698300810665485>, 3  <0.016551366278937402>}
x[7,2]{4  <1.0>}
x[7,3]{2  <0.09996266539398338>, 5  <0.9000373346060166>}
x[7,4]{0  <0.44740091784039476>, 5  <0.2967952849386131>, 2  <0.19371152796027846>, 6  <0.06209226926071375>}
x[7,5]{5  <0.016671899646729802>, 6  <0.826537670012922>, 2  <0.005143921478118019>, 3  <0.15164650886223016>}
x[7,6]{1  <1.0>}
x[7,7]{7  <0.8754092007670063>, 3  <0.09301102402548328>, 2  <0.0315797752075102>}
problem entropy = 0.0
smallest variable entropy = 1.7976931348623157E308
### branching on x[0,3]=5
##### after BP iteration 1 #####
x[0,0]{7  <0.8393484287331424>, 3  <0.09716556658739514>, 2  <0.0634860046794625>}
x[0,1]{3  <0.5078039046539135>, 7  <0.01996868604470085>, 2  <0.4722274093013857>}
x[0,2]{6  <1.0>}
x[0,3]{5  <1.0>}
x[0,4]{4  <1.0>}
x[0,5]{3  <0.19511240656498643>, 2  <0.8048875934350136>}
x[0,6]{0  <1.0>}
x[0,7]{1  <1.0>}
x[1,0]{5  <1.0>}
x[1,1]{1  <1.0>}
x[1,2]{0  <1.0>}
x[1,3]{7  <1.0>}
x[1,4]{3  <1.0>}
x[1,5]{4  <1.0>}
x[1,6]{2  <1.0>}
x[1,7]{6  <1.0>}
x[2,0]{1  <1.0>}
x[2,1]{6  <1.0>}
x[2,2]{7  <1.0>}
x[2,3]{3  <1.0>}
x[2,4]{5  <0.3624183206607901>, 2  <0.63758167933921>}
x[2,5]{5  <0.8841527578451873>, 2  <0.11584724215481257>}
x[2,6]{4  <1.0>}
x[2,7]{0  <1.0>}
x[3,0]{0  <1.0>}
x[3,1]{7  <0.9309224949948716>, 3  <0.01384580404618765>, 2  <0.055231700958940894>}
x[3,2]{1  <1.0>}
x[3,3]{4  <1.0>}
x[3,4]{2  <0.6789865222863606>, 6  <0.3210134777136393>}
x[3,5]{3  <0.3473961501530998>, 6  <0.165892865154683>, 2  <0.48671098469221724>}
x[3,6]{5  <1.0>}
x[3,7]{7  <0.005941323498406802>, 3  <0.14755284507650224>, 2  <0.846505831425091>}
x[4,0]{3  <0.16202379884182228>, 4  <0.2727399131298984>, 6  <0.5652362880282794>}
x[4,1]{5  <1.0>}
x[4,2]{2  <1.0>}
x[4,3]{0  <1.0>}
x[4,4]{7  <1.0>}
x[4,5]{1  <1.0>}
x[4,6]{6  <0.23912828938207528>, 3  <0.7608717106179248>}
x[4,7]{3  <0.17029984972205678>, 4  <0.8297001502779432>}
x[5,0]{4  <0.815474638775723>, 6  <0.05063390348743878>, 2  <0.11310717815121475>, 3  <0.02078427958562347>}
x[5,1]{0  <0.07086931858223983>, 4  <0.42171621326913017>, 2  <0.4009933721710649>, 3  <0.10642109597756502>}
x[5,2]{5  <1.0>}
x[5,3]{1  <1.0>}
x[5,4]{0  <0.1531622418716529>, 6  <0.27073021486345367>, 2  <0.5761075432648936>}
x[5,5]{7  <1.0>}
x[5,6]{3  <0.2985193250027549>, 6  <0.7014806749972452>}
x[5,7]{4  <0.4144244430116248>, 3  <0.49466355684237723>, 2  <0.09091200014599796>}
x[6,0]{4  <0.40081023428486523>, 2  <0.5991897657151348>}
x[6,1]{4  <0.6211544508408142>, 2  <0.37884554915918567>}
x[6,2]{3  <1.0>}
x[6,3]{6  <1.0>}
x[6,4]{1  <1.0>}
x[6,5]{0  <1.0>}
x[6,6]{7  <1.0>}
x[6,7]{5  <1.0>}
x[7,0]{6  <0.21511954515064627>, 7  <0.07599104483567179>, 3  <0.7088894100136819>}
x[7,1]{0  <0.9978439924784186>, 7  <8.190813883986459E-4>, 3  <0.0013369261331826025>}
x[7,2]{4  <1.0>}
x[7,3]{2  <1.0>}
x[7,4]{0  <0.005921098172233433>, 5  <0.8938080166137631>, 6  <0.10027088521400343>}
x[7,5]{5  <0.045575928387529614>, 6  <0.8366477813030184>, 3  <0.11777629030945196>}
x[7,6]{1  <1.0>}
x[7,7]{7  <0.9913576055682384>, 3  <0.008642394431761584>}
problem entropy = 0.0
smallest variable entropy = 1.7976931348623157E308
### branching on x[0,5]=2
##### after BP iteration 1 #####
x[0,0]{7  <0.9173163767763071>, 3  <0.08268362322369292>}
x[0,1]{3  <0.9467444387236483>, 7  <0.05325556127635162>}
x[0,2]{6  <1.0>}
x[0,3]{5  <1.0>}
x[0,4]{4  <1.0>}
x[0,5]{2  <1.0>}
x[0,6]{0  <1.0>}
x[0,7]{1  <1.0>}
x[1,0]{5  <1.0>}
x[1,1]{1  <1.0>}
x[1,2]{0  <1.0>}
x[1,3]{7  <1.0>}
x[1,4]{3  <1.0>}
x[1,5]{4  <1.0>}
x[1,6]{2  <1.0>}
x[1,7]{6  <1.0>}
x[2,0]{1  <1.0>}
x[2,1]{6  <1.0>}
x[2,2]{7  <1.0>}
x[2,3]{3  <1.0>}
x[2,4]{2  <1.0>}
x[2,5]{5  <1.0>}
x[2,6]{4  <1.0>}
x[2,7]{0  <1.0>}
x[3,0]{0  <1.0>}
x[3,1]{7  <0.9975140321842408>, 2  <0.002485967815759075>}
x[3,2]{1  <1.0>}
x[3,3]{4  <1.0>}
x[3,4]{6  <1.0>}
x[3,5]{3  <1.0>}
x[3,6]{5  <1.0>}
x[3,7]{7  <0.005440906006803429>, 2  <0.9945590939931966>}
x[4,0]{6  <0.9641153026461603>, 4  <0.03588469735383975>}
x[4,1]{5  <1.0>}
x[4,2]{2  <1.0>}
x[4,3]{0  <1.0>}
x[4,4]{7  <1.0>}
x[4,5]{1  <1.0>}
x[4,6]{6  <0.16248946225449118>, 3  <0.8375105377455088>}
x[4,7]{3  <0.264687881465017>, 4  <0.735312118534983>}
x[5,0]{4  <0.3950415246154335>, 6  <0.18624857539379933>, 2  <0.4187098999907672>}
x[5,1]{3  <0.01438427842356531>, 4  <0.358424175186331>, 2  <0.6271915463901037>}
x[5,2]{5  <1.0>}
x[5,3]{1  <1.0>}
x[5,4]{0  <1.0>}
x[5,5]{7  <1.0>}
x[5,6]{3  <0.104039221860432>, 6  <0.8959607781395679>}
x[5,7]{4  <0.09859789776538526>, 3  <0.8990287921622799>, 2  <0.0023733100723349995>}
x[6,0]{4  <0.10788176917173169>, 2  <0.8921182308282684>}
x[6,1]{4  <0.5740138203852169>, 2  <0.4259861796147831>}
x[6,2]{3  <1.0>}
x[6,3]{6  <1.0>}
x[6,4]{1  <1.0>}
x[6,5]{0  <1.0>}
x[6,6]{7  <1.0>}
x[6,7]{5  <1.0>}
x[7,0]{3  <0.9893814796442567>, 7  <0.010618520355743273>}
x[7,1]{0  <1.0>}
x[7,2]{4  <1.0>}
x[7,3]{2  <1.0>}
x[7,4]{5  <1.0>}
x[7,5]{6  <1.0>}
x[7,6]{1  <1.0>}
x[7,7]{7  <0.992787358509142>, 3  <0.007212641490858043>}
problem entropy = 0.0
smallest variable entropy = 1.7976931348623157E308
### branching on x[0,0]=7
##### after BP iteration 1 #####
x[0,0]{7  <1.0>}
x[0,1]{3  <1.0>}
x[0,2]{6  <1.0>}
x[0,3]{5  <1.0>}
x[0,4]{4  <1.0>}
x[0,5]{2  <1.0>}
x[0,6]{0  <1.0>}
x[0,7]{1  <1.0>}
x[1,0]{5  <1.0>}
x[1,1]{1  <1.0>}
x[1,2]{0  <1.0>}
x[1,3]{7  <1.0>}
x[1,4]{3  <1.0>}
x[1,5]{4  <1.0>}
x[1,6]{2  <1.0>}
x[1,7]{6  <1.0>}
x[2,0]{1  <1.0>}
x[2,1]{6  <1.0>}
x[2,2]{7  <1.0>}
x[2,3]{3  <1.0>}
x[2,4]{2  <1.0>}
x[2,5]{5  <1.0>}
x[2,6]{4  <1.0>}
x[2,7]{0  <1.0>}
x[3,0]{0  <1.0>}
x[3,1]{7  <1.0>}
x[3,2]{1  <1.0>}
x[3,3]{4  <1.0>}
x[3,4]{6  <1.0>}
x[3,5]{3  <1.0>}
x[3,6]{5  <1.0>}
x[3,7]{2  <1.0>}
x[4,0]{6  <0.7919308956597493>, 4  <0.20806910434025083>}
x[4,1]{5  <1.0>}
x[4,2]{2  <1.0>}
x[4,3]{0  <1.0>}
x[4,4]{7  <1.0>}
x[4,5]{1  <1.0>}
x[4,6]{6  <0.03007589072623782>, 3  <0.9699241092737623>}
x[4,7]{3  <0.02359901736719317>, 4  <0.9764009826328068>}
x[5,0]{4  <0.5972240747733671>, 6  <0.03852564532871673>, 2  <0.36425027989791614>}
x[5,1]{2  <0.6411171604956162>, 4  <0.3588828395043837>}
x[5,2]{5  <1.0>}
x[5,3]{1  <1.0>}
x[5,4]{0  <1.0>}
x[5,5]{7  <1.0>}
x[5,6]{3  <0.04649256631989107>, 6  <0.9535074336801089>}
x[5,7]{4  <0.06947281927667953>, 3  <0.9305271807233205>}
x[6,0]{4  <0.50426954310696>, 2  <0.49573045689303996>}
x[6,1]{4  <0.8982241194023372>, 2  <0.10177588059766286>}
x[6,2]{3  <1.0>}
x[6,3]{6  <1.0>}
x[6,4]{1  <1.0>}
x[6,5]{0  <1.0>}
x[6,6]{7  <1.0>}
x[6,7]{5  <1.0>}
x[7,0]{3  <1.0>}
x[7,1]{0  <1.0>}
x[7,2]{4  <1.0>}
x[7,3]{2  <1.0>}
x[7,4]{5  <1.0>}
x[7,5]{6  <1.0>}
x[7,6]{1  <1.0>}
x[7,7]{7  <1.0>}
problem entropy = 0.0
smallest variable entropy = 1.7976931348623157E308
### branching on x[4,0]=4
##### after BP iteration 1 #####
x[0,0]{7  <1.0>}
x[0,1]{3  <1.0>}
x[0,2]{6  <1.0>}
x[0,3]{5  <1.0>}
x[0,4]{4  <1.0>}
x[0,5]{2  <1.0>}
x[0,6]{0  <1.0>}
x[0,7]{1  <1.0>}
x[1,0]{5  <1.0>}
x[1,1]{1  <1.0>}
x[1,2]{0  <1.0>}
x[1,3]{7  <1.0>}
x[1,4]{3  <1.0>}
x[1,5]{4  <1.0>}
x[1,6]{2  <1.0>}
x[1,7]{6  <1.0>}
x[2,0]{1  <1.0>}
x[2,1]{6  <1.0>}
x[2,2]{7  <1.0>}
x[2,3]{3  <1.0>}
x[2,4]{2  <1.0>}
x[2,5]{5  <1.0>}
x[2,6]{4  <1.0>}
x[2,7]{0  <1.0>}
x[3,0]{0  <1.0>}
x[3,1]{7  <1.0>}
x[3,2]{1  <1.0>}
x[3,3]{4  <1.0>}
x[3,4]{6  <1.0>}
x[3,5]{3  <1.0>}
x[3,6]{5  <1.0>}
x[3,7]{2  <1.0>}
x[4,0]{4  <1.0>}
x[4,1]{5  <1.0>}
x[4,2]{2  <1.0>}
x[4,3]{0  <1.0>}
x[4,4]{7  <1.0>}
x[4,5]{1  <1.0>}
x[4,6]{6  <1.0>}
x[4,7]{3  <1.0>}
x[5,0]{6  <1.0>}
x[5,1]{2  <1.0>}
x[5,2]{5  <1.0>}
x[5,3]{1  <1.0>}
x[5,4]{0  <1.0>}
x[5,5]{7  <1.0>}
x[5,6]{3  <1.0>}
x[5,7]{4  <1.0>}
x[6,0]{2  <1.0>}
x[6,1]{4  <1.0>}
x[6,2]{3  <1.0>}
x[6,3]{6  <1.0>}
x[6,4]{1  <1.0>}
x[6,5]{0  <1.0>}
x[6,6]{7  <1.0>}
x[6,7]{5  <1.0>}
x[7,0]{3  <1.0>}
x[7,1]{0  <1.0>}
x[7,2]{4  <1.0>}
x[7,3]{2  <1.0>}
x[7,4]{5  <1.0>}
x[7,5]{6  <1.0>}
x[7,6]{1  <1.0>}
x[7,7]{7  <1.0>}
problem entropy = 0.0
smallest variable entropy = 1.7976931348623157E308
### branching on x[4,0]!=4
##### after BP iteration 1 #####
x[0,0]{7  <1.0>}
x[0,1]{3  <1.0>}
x[0,2]{6  <1.0>}
x[0,3]{5  <1.0>}
x[0,4]{4  <1.0>}
x[0,5]{2  <1.0>}
x[0,6]{0  <1.0>}
x[0,7]{1  <1.0>}
x[1,0]{5  <1.0>}
x[1,1]{1  <1.0>}
x[1,2]{0  <1.0>}
x[1,3]{7  <1.0>}
x[1,4]{3  <1.0>}
x[1,5]{4  <1.0>}
x[1,6]{2  <1.0>}
x[1,7]{6  <1.0>}
x[2,0]{1  <1.0>}
x[2,1]{6  <1.0>}
x[2,2]{7  <1.0>}
x[2,3]{3  <1.0>}
x[2,4]{2  <1.0>}
x[2,5]{5  <1.0>}
x[2,6]{4  <1.0>}
x[2,7]{0  <1.0>}
x[3,0]{0  <1.0>}
x[3,1]{7  <1.0>}
x[3,2]{1  <1.0>}
x[3,3]{4  <1.0>}
x[3,4]{6  <1.0>}
x[3,5]{3  <1.0>}
x[3,6]{5  <1.0>}
x[3,7]{2  <1.0>}
x[4,0]{6  <1.0>}
x[4,1]{5  <1.0>}
x[4,2]{2  <1.0>}
x[4,3]{0  <1.0>}
x[4,4]{7  <1.0>}
x[4,5]{1  <1.0>}
x[4,6]{3  <1.0>}
x[4,7]{4  <1.0>}
x[5,0]{2  <0.4259861796147831>, 4  <0.5740138203852169>}
x[5,1]{2  <0.8921182308282684>, 4  <0.10788176917173167>}
x[5,2]{5  <1.0>}
x[5,3]{1  <1.0>}
x[5,4]{0  <1.0>}
x[5,5]{7  <1.0>}
x[5,6]{6  <1.0>}
x[5,7]{3  <1.0>}
x[6,0]{2  <0.6363449087307043>, 4  <0.36365509126929585>}
x[6,1]{4  <0.5658382446469123>, 2  <0.4341617553530877>}
x[6,2]{3  <1.0>}
x[6,3]{6  <1.0>}
x[6,4]{1  <1.0>}
x[6,5]{0  <1.0>}
x[6,6]{7  <1.0>}
x[6,7]{5  <1.0>}
x[7,0]{3  <1.0>}
x[7,1]{0  <1.0>}
x[7,2]{4  <1.0>}
x[7,3]{2  <1.0>}
x[7,4]{5  <1.0>}
x[7,5]{6  <1.0>}
x[7,6]{1  <1.0>}
x[7,7]{7  <1.0>}
problem entropy = 0.0
smallest variable entropy = 1.7976931348623157E308

	#choice: 9
	#fail: 0
	execution time (ms): 86
	#sols : 1
	completed : false

