{6  <1.0>, 1  <1.0>}
model: sum-product-no-init
FINAL DAMPING FACTOR = 1.0
##### after BP iteration 1 #####
x[0,0]{6  <0.011457186327110415>, 1  <0.9885428136728897>}
x[0,1]{0  <1.0>}
x[0,2]{2  <1.0>}
x[0,3]{6  <0.837570663346529>, 1  <0.16242933665347115>}
x[0,4]{4  <1.0>}
x[0,5]{7  <1.0>}
x[0,6]{3  <1.0>}
x[0,7]{5  <1.0>}
x[1,0]{0  <0.8346439282491485>, 1  <0.009396086888427739>, 3  <0.1559599848624239>}
x[1,1]{6  <1.0>}
x[1,2]{7  <1.0>}
x[1,3]{4  <1.0>}
x[1,4]{0  <0.04532718136277526>, 1  <0.9546728186372248>}
x[1,5]{0  <0.1574451026392022>, 3  <0.8425548973607977>}
x[1,6]{5  <1.0>}
x[1,7]{2  <1.0>}
x[2,0]{5  <1.0>}
x[2,1]{4  <0.9774724708765976>, 1  <0.0225275291234024>}
x[2,2]{0  <1.0>}
x[2,3]{6  <0.008346433211271402>, 1  <0.9916535667887286>}
x[2,4]{3  <1.0>}
x[2,5]{6  <0.9915719788710008>, 4  <0.008428021128999277>}
x[2,6]{2  <1.0>}
x[2,7]{7  <1.0>}
x[3,0]{0  <0.008550503205598648>, 6  <0.9905554564644828>, 3  <8.940403299185129E-4>}
x[3,1]{2  <1.0>}
x[3,2]{5  <0.005632261346115807>, 6  <0.0029646485231303492>, 3  <0.9914030901307539>}
x[3,3]{7  <1.0>}
x[3,4]{0  <0.869383837218514>, 6  <0.03356183298358207>, 5  <0.09705432979790396>}
x[3,5]{0  <0.12941504603667894>, 6  <0.01771980837407535>, 5  <0.8450595510975112>, 3  <0.007805594491734483>}
x[3,6]{4  <1.0>}
x[3,7]{1  <1.0>}
x[4,0]{2  <1.0>}
x[4,1]{5  <0.012911338916275215>, 1  <0.9631899105490153>, 4  <0.02389875053470954>}
x[4,2]{5  <0.49828094991201904>, 6  <0.5017190500879809>}
x[4,3]{3  <1.0>}
x[4,4]{0  <0.12450385040971781>, 1  <0.05194757748578776>, 6  <0.2664937898459883>, 5  <0.5570547822585062>}
x[4,5]{0  <0.20992761650663705>, 5  <0.04708964034474373>, 6  <0.20107119866828688>, 4  <0.5419115444803323>}
x[4,6]{7  <1.0>}
x[4,7]{0  <0.6316698791099308>, 4  <0.3683301208900692>}
x[5,0]{7  <1.0>}
x[5,1]{3  <1.0>}
x[5,2]{4  <1.0>}
x[5,3]{5  <1.0>}
x[5,4]{2  <1.0>}
x[5,5]{1  <1.0>}
x[5,6]{0  <1.0>}
x[5,7]{6  <1.0>}
x[6,0]{0  <0.13728976856443545>, 4  <0.15926219691453622>, 3  <0.7034480345210283>}
x[6,1]{4  <0.037801068552614545>, 5  <0.9621989314473856>}
x[6,2]{1  <1.0>}
x[6,3]{2  <1.0>}
x[6,4]{7  <1.0>}
x[6,5]{0  <0.6365428616161607>, 5  <0.00717686608211444>, 4  <0.14810919642205175>, 3  <0.20817107587967304>}
x[6,6]{6  <1.0>}
x[6,7]{0  <0.33798665022144647>, 3  <0.20105983697410987>, 4  <0.4609535128044437>}
x[7,0]{3  <0.1540181231895162>, 4  <0.8413863386563007>, 6  <0.004595538154182863>}
x[7,1]{7  <1.0>}
x[7,2]{3  <0.007506973592375283>, 5  <0.5744847542886887>, 6  <0.418008272118936>}
x[7,3]{0  <1.0>}
x[7,4]{6  <0.5212857190578732>, 5  <0.4787142809421267>}
x[7,5]{2  <1.0>}
x[7,6]{1  <1.0>}
x[7,7]{4  <0.18292662627015707>, 3  <0.8170733737298429>}
problem entropy = 0.4929413754427418
smallest variable entropy = 0.04825687433664814
##### after BP iteration 2 #####
x[0,0]{6  <0.05150491313859707>, 1  <0.9484950868614028>}
x[0,1]{0  <1.0>}
x[0,2]{2  <1.0>}
x[0,3]{6  <0.9991721133824628>, 1  <8.278866175372362E-4>}
x[0,4]{4  <1.0>}
x[0,5]{7  <1.0>}
x[0,6]{3  <1.0>}
x[0,7]{5  <1.0>}
x[1,0]{0  <0.8044215694520779>, 1  <0.017386709886045033>, 3  <0.178191720661877>}
x[1,1]{6  <1.0>}
x[1,2]{7  <1.0>}
x[1,3]{4  <1.0>}
x[1,4]{0  <0.004427595668823302>, 1  <0.9955724043311767>}
x[1,5]{0  <0.14730243652398567>, 3  <0.8526975634760143>}
x[1,6]{5  <1.0>}
x[1,7]{2  <1.0>}
x[2,0]{5  <1.0>}
x[2,1]{4  <0.9907203346063064>, 1  <0.009279665393693558>}
x[2,2]{0  <1.0>}
x[2,3]{6  <0.01747963508959093>, 1  <0.9825203649104092>}
x[2,4]{3  <1.0>}
x[2,5]{6  <0.9767183954867624>, 4  <0.02328160451323754>}
x[2,6]{2  <1.0>}
x[2,7]{7  <1.0>}
x[3,0]{0  <0.01529273421315452>, 6  <0.982376651624082>, 3  <0.00233061416276342>}
x[3,1]{2  <1.0>}
x[3,2]{5  <0.00477315217264869>, 6  <6.150105323753869E-4>, 3  <0.9946118372949759>}
x[3,3]{7  <1.0>}
x[3,4]{0  <0.8947291299251438>, 6  <0.0046884408490869365>, 5  <0.10058242922576933>}
x[3,5]{0  <0.05355403268295325>, 6  <4.4819428916278436E-5>, 5  <0.9444000373010261>, 3  <0.002001110587104518>}
x[3,6]{4  <1.0>}
x[3,7]{1  <1.0>}
x[4,0]{2  <1.0>}
x[4,1]{5  <0.001382800000161274>, 1  <0.9851043974037784>, 4  <0.013512802596060369>}
x[4,2]{5  <0.5589268807765113>, 6  <0.44107311922348874>}
x[4,3]{3  <1.0>}
x[4,4]{0  <0.18332377629237676>, 1  <0.03861038012432349>, 6  <0.3616073726344915>, 5  <0.4164584709488083>}
x[4,5]{0  <0.2983532150938531>, 5  <0.05987901091246004>, 6  <0.0058901307377796355>, 4  <0.6358776432559073>}
x[4,6]{7  <1.0>}
x[4,7]{0  <0.5421831244358843>, 4  <0.4578168755641157>}
x[5,0]{7  <1.0>}
x[5,1]{3  <1.0>}
x[5,2]{4  <1.0>}
x[5,3]{5  <1.0>}
x[5,4]{2  <1.0>}
x[5,5]{1  <1.0>}
x[5,6]{0  <1.0>}
x[5,7]{6  <1.0>}
x[6,0]{0  <0.1533408780722269>, 4  <0.2453075444197065>, 3  <0.6013515775080667>}
x[6,1]{4  <8.192158236292441E-4>, 5  <0.9991807841763707>}
x[6,2]{1  <1.0>}
x[6,3]{2  <1.0>}
x[6,4]{7  <1.0>}
x[6,5]{0  <0.5554618089929955>, 5  <0.027995618033635525>, 4  <0.30077807562301984>, 3  <0.11576449735034909>}
x[6,6]{6  <1.0>}
x[6,7]{0  <0.24276983152271317>, 3  <0.13966477102873195>, 4  <0.6175653974485548>}
x[7,0]{3  <0.16565407220349052>, 4  <0.829204502000611>, 6  <0.005141425795898432>}
x[7,1]{7  <1.0>}
x[7,2]{3  <0.0029993461545787534>, 5  <0.4862503697644184>, 6  <0.5107502840810029>}
x[7,3]{0  <1.0>}
x[7,4]{6  <0.6059355987821109>, 5  <0.39406440121788894>}
x[7,5]{2  <1.0>}
x[7,6]{1  <1.0>}
x[7,7]{4  <0.13273990096979651>, 3  <0.8672600990302035>}
problem entropy = 0.439744270863488
smallest variable entropy = 0.006641180555487181
##### after BP iteration 3 #####
x[0,0]{6  <0.0021282328339381055>, 1  <0.9978717671660619>}
x[0,1]{0  <1.0>}
x[0,2]{2  <1.0>}
x[0,3]{6  <0.9950431784072375>, 1  <0.0049568215927625146>}
x[0,4]{4  <1.0>}
x[0,5]{7  <1.0>}
x[0,6]{3  <1.0>}
x[0,7]{5  <1.0>}
x[1,0]{0  <0.8055048147495082>, 1  <0.041721550638395284>, 3  <0.15277363461209667>}
x[1,1]{6  <1.0>}
x[1,2]{7  <1.0>}
x[1,3]{4  <1.0>}
x[1,4]{0  <0.023273741749697107>, 1  <0.9767262582503029>}
x[1,5]{0  <0.12354462360751373>, 3  <0.8764553763924863>}
x[1,6]{5  <1.0>}
x[1,7]{2  <1.0>}
x[2,0]{5  <1.0>}
x[2,1]{4  <0.996952161729768>, 1  <0.0030478382702321047>}
x[2,2]{0  <1.0>}
x[2,3]{6  <2.354264332815737E-4>, 1  <0.9997645735667184>}
x[2,4]{3  <1.0>}
x[2,5]{6  <0.9987928299698258>, 4  <0.0012071700301741989>}
x[2,6]{2  <1.0>}
x[2,7]{7  <1.0>}
x[3,0]{0  <0.0821768393175322>, 6  <0.9129370974804883>, 3  <0.004886063201979491>}
x[3,1]{2  <1.0>}
x[3,2]{5  <5.435233029201364E-4>, 6  <6.448810751045112E-4>, 3  <0.9988115956219753>}
x[3,3]{7  <1.0>}
x[3,4]{0  <0.8977214440055291>, 6  <0.02034985523796056>, 5  <0.08192870075651035>}
x[3,5]{0  <0.058711684248212076>, 6  <5.090245156370807E-4>, 5  <0.9383066842228941>, 3  <0.0024726070132567047>}
x[3,6]{4  <1.0>}
x[3,7]{1  <1.0>}
x[4,0]{2  <1.0>}
x[4,1]{5  <0.001631141579182871>, 1  <0.9974068343198664>, 4  <9.620241009507059E-4>}
x[4,2]{5  <0.4708005842265138>, 6  <0.5291994157734862>}
x[4,3]{3  <1.0>}
x[4,4]{0  <0.030692388311402915>, 1  <5.569387639114585E-4>, 6  <0.41050294078787103>, 5  <0.5582477321368146>}
x[4,5]{0  <0.2836628139721064>, 5  <0.02839167800357639>, 6  <0.014295691322635144>, 4  <0.6736498167016821>}
x[4,6]{7  <1.0>}
x[4,7]{0  <0.7779972528510402>, 4  <0.22200274714895987>}
x[5,0]{7  <1.0>}
x[5,1]{3  <1.0>}
x[5,2]{4  <1.0>}
x[5,3]{5  <1.0>}
x[5,4]{2  <1.0>}
x[5,5]{1  <1.0>}
x[5,6]{0  <1.0>}
x[5,7]{6  <1.0>}
x[6,0]{0  <0.13141886585249313>, 4  <0.17372009930770685>, 3  <0.6948610348398>}
x[6,1]{4  <0.0037438700454292453>, 5  <0.9962561299545707>}
x[6,2]{1  <1.0>}
x[6,3]{2  <1.0>}
x[6,4]{7  <1.0>}
x[6,5]{0  <0.49762331541240545>, 5  <7.224103382450057E-4>, 4  <0.3666422330122625>, 3  <0.13501204123708702>}
x[6,6]{6  <1.0>}
x[6,7]{0  <0.42356507477431676>, 3  <0.1195168193154468>, 4  <0.45691810591023635>}
x[7,0]{3  <0.20662211745503944>, 4  <0.7894295029097682>, 6  <0.003948379635192435>}
x[7,1]{7  <1.0>}
x[7,2]{3  <0.0023990361983575285>, 5  <0.47040746775231257>, 6  <0.52719349604933>}
x[7,3]{0  <1.0>}
x[7,4]{6  <0.639611004389473>, 5  <0.36038899561052706>}
x[7,5]{2  <1.0>}
x[7,6]{1  <1.0>}
x[7,7]{4  <0.11115905178610735>, 3  <0.8888409482138926>}
problem entropy = 0.4024163921849905
smallest variable entropy = 0.0022021775281857872
##### after BP iteration 4 #####
x[0,0]{6  <0.0014152583815630396>, 1  <0.998584741618437>}
x[0,1]{0  <1.0>}
x[0,2]{2  <1.0>}
x[0,3]{6  <0.9993942294403343>, 1  <6.057705596657586E-4>}
x[0,4]{4  <1.0>}
x[0,5]{7  <1.0>}
x[0,6]{3  <1.0>}
x[0,7]{5  <1.0>}
x[1,0]{0  <0.8924666691311508>, 1  <0.0010639423439373127>, 3  <0.1064693885249118>}
x[1,1]{6  <1.0>}
x[1,2]{7  <1.0>}
x[1,3]{4  <1.0>}
x[1,4]{0  <0.001357471250775919>, 1  <0.9986425287492241>}
x[1,5]{0  <0.11968159439302714>, 3  <0.8803184056069729>}
x[1,6]{5  <1.0>}
x[1,7]{2  <1.0>}
x[2,0]{5  <1.0>}
x[2,1]{4  <0.9998761187688937>, 1  <1.2388123110623216E-4>}
x[2,2]{0  <1.0>}
x[2,3]{6  <0.0022640970316141025>, 1  <0.9977359029683859>}
x[2,4]{3  <1.0>}
x[2,5]{6  <0.9990044123157609>, 4  <9.955876842391322E-4>}
x[2,6]{2  <1.0>}
x[2,7]{7  <1.0>}
x[3,0]{0  <0.0037377343409811872>, 6  <0.99599062588447>, 3  <2.716397745487854E-4>}
x[3,1]{2  <1.0>}
x[3,2]{5  <0.0016913739344481603>, 6  <0.0021436346434440625>, 3  <0.9961649914221078>}
x[3,3]{7  <1.0>}
x[3,4]{0  <0.9567694698719564>, 6  <0.025786217092813375>, 5  <0.017444313035230273>}
x[3,5]{0  <0.03232179738469274>, 6  <1.045091096460936E-4>, 5  <0.9671162670632488>, 3  <4.5742644241240986E-4>}
x[3,6]{4  <1.0>}
x[3,7]{1  <1.0>}
x[4,0]{2  <1.0>}
x[4,1]{5  <3.8709791008591064E-5>, 1  <0.999834339005378>, 4  <1.2695120361333505E-4>}
x[4,2]{5  <0.38851290830278906>, 6  <0.6114870916972109>}
x[4,3]{3  <1.0>}
x[4,4]{0  <0.01270262865146376>, 1  <6.543740245247343E-4>, 6  <0.5050612507877761>, 5  <0.48158174653623537>}
x[4,5]{0  <0.20386490126643048>, 5  <0.0137005985465906>, 6  <4.2944082412660605E-4>, 4  <0.7820050593628523>}
x[4,6]{7  <1.0>}
x[4,7]{0  <0.6921461599296795>, 4  <0.30785384007032046>}
x[5,0]{7  <1.0>}
x[5,1]{3  <1.0>}
x[5,2]{4  <1.0>}
x[5,3]{5  <1.0>}
x[5,4]{2  <1.0>}
x[5,5]{1  <1.0>}
x[5,6]{0  <1.0>}
x[5,7]{6  <1.0>}
x[6,0]{0  <0.11382499118360413>, 4  <0.12530441255574162>, 3  <0.7608705962606542>}
x[6,1]{4  <8.647736798785822E-5>, 5  <0.9999135226320122>}
x[6,2]{1  <1.0>}
x[6,3]{2  <1.0>}
x[6,4]{7  <1.0>}
x[6,5]{0  <0.4477761649682066>, 5  <0.0032496773882233895>, 4  <0.3729581560875883>, 3  <0.17601600155598163>}
x[6,6]{6  <1.0>}
x[6,7]{0  <0.3274352338559893>, 3  <0.1652562386045728>, 4  <0.5073085275394378>}
x[7,0]{3  <0.10920961853285374>, 4  <0.8899198653661189>, 6  <8.705161010271952E-4>}
x[7,1]{7  <1.0>}
x[7,2]{3  <9.961947942357587E-4>, 5  <0.6759304156100621>, 6  <0.3230733895957021>}
x[7,3]{0  <1.0>}
x[7,4]{6  <0.44121042319474857>, 5  <0.5587895768052514>}
x[7,5]{2  <1.0>}
x[7,6]{1  <1.0>}
x[7,7]{4  <0.23449931787122436>, 3  <0.7655006821287756>}
problem entropy = 0.3634885234806508
smallest variable entropy = 8.955236984617284E-4
### branching on x[2,5]=6; marginal=0.9990044123157609; regret=0.9980088246315217; nb of ties=10
##### after BP iteration 1 #####
x[0,0]{1  <1.0>}
x[0,1]{0  <1.0>}
x[0,2]{2  <1.0>}
x[0,3]{6  <1.0>}
x[0,4]{4  <1.0>}
x[0,5]{7  <1.0>}
x[0,6]{3  <1.0>}
x[0,7]{5  <1.0>}
x[1,0]{0  <0.8784640564694813>, 3  <0.12153594353051865>}
x[1,1]{6  <1.0>}
x[1,2]{7  <1.0>}
x[1,3]{4  <1.0>}
x[1,4]{1  <1.0>}
x[1,5]{0  <0.17155921930471674>, 3  <0.8284407806952833>}
x[1,6]{5  <1.0>}
x[1,7]{2  <1.0>}
x[2,0]{5  <1.0>}
x[2,1]{4  <1.0>}
x[2,2]{0  <1.0>}
x[2,3]{1  <1.0>}
x[2,4]{3  <1.0>}
x[2,5]{6  <1.0>}
x[2,6]{2  <1.0>}
x[2,7]{7  <1.0>}
x[3,0]{0  <1.2068830191612122E-4>, 6  <0.9998038412110493>, 3  <7.547048703473315E-5>}
x[3,1]{2  <1.0>}
x[3,2]{5  <3.5371548696051314E-4>, 6  <1.464409124849993E-4>, 3  <0.9994998436005545>}
x[3,3]{7  <1.0>}
x[3,4]{0  <0.9953981761850991>, 6  <6.488681791465496E-4>, 5  <0.003952955635754414>}
x[3,5]{0  <0.004757528078437193>, 3  <3.2726729369921714E-4>, 5  <0.9949152046278635>}
x[3,6]{4  <1.0>}
x[3,7]{1  <1.0>}
x[4,0]{2  <1.0>}
x[4,1]{1  <1.0>}
x[4,2]{5  <0.3597524652218697>, 6  <0.6402475347781302>}
x[4,3]{3  <1.0>}
x[4,4]{0  <0.027904524326325394>, 5  <0.4568073570211817>, 6  <0.5152881186524929>}
x[4,5]{0  <0.3418591271409668>, 5  <0.016957950712163963>, 4  <0.6411829221468693>}
x[4,6]{7  <1.0>}
x[4,7]{0  <0.7118797803265762>, 4  <0.2881202196734238>}
x[5,0]{7  <1.0>}
x[5,1]{3  <1.0>}
x[5,2]{4  <1.0>}
x[5,3]{5  <1.0>}
x[5,4]{2  <1.0>}
x[5,5]{1  <1.0>}
x[5,6]{0  <1.0>}
x[5,7]{6  <1.0>}
x[6,0]{0  <0.12279205623980854>, 4  <0.11268219751437594>, 3  <0.7645257462458155>}
x[6,1]{5  <1.0>}
x[6,2]{1  <1.0>}
x[6,3]{2  <1.0>}
x[6,4]{7  <1.0>}
x[6,5]{0  <0.6425569557394959>, 3  <0.11862599294203087>, 4  <0.23881705131847322>}
x[6,6]{6  <1.0>}
x[6,7]{0  <0.29570228212103566>, 3  <0.19733758730696863>, 4  <0.5069601305719957>}
x[7,0]{3  <0.14503658154271773>, 4  <0.8538772332506211>, 6  <0.0010861852066610179>}
x[7,1]{7  <1.0>}
x[7,2]{3  <0.0026545737116465866>, 5  <0.582102011980359>, 6  <0.4152434143079944>}
x[7,3]{0  <1.0>}
x[7,4]{6  <0.522718755365633>, 5  <0.477281244634367>}
x[7,5]{2  <1.0>}
x[7,6]{1  <1.0>}
x[7,7]{4  <0.15349430619060775>, 3  <0.8465056938093922>}
problem entropy = 0.5567847842484417
smallest variable entropy = 0.0020013739569466876
##### after BP iteration 2 #####
x[0,0]{1  <1.0>}
x[0,1]{0  <1.0>}
x[0,2]{2  <1.0>}
x[0,3]{6  <1.0>}
x[0,4]{4  <1.0>}
x[0,5]{7  <1.0>}
x[0,6]{3  <1.0>}
x[0,7]{5  <1.0>}
x[1,0]{0  <0.8162870297900401>, 3  <0.18371297020995994>}
x[1,1]{6  <1.0>}
x[1,2]{7  <1.0>}
x[1,3]{4  <1.0>}
x[1,4]{1  <1.0>}
x[1,5]{0  <0.11767829865722947>, 3  <0.8823217013427705>}
x[1,6]{5  <1.0>}
x[1,7]{2  <1.0>}
x[2,0]{5  <1.0>}
x[2,1]{4  <1.0>}
x[2,2]{0  <1.0>}
x[2,3]{1  <1.0>}
x[2,4]{3  <1.0>}
x[2,5]{6  <1.0>}
x[2,6]{2  <1.0>}
x[2,7]{7  <1.0>}
x[3,0]{0  <2.7305908909451863E-4>, 6  <0.9996585758504146>, 3  <6.83650604910018E-5>}
x[3,1]{2  <1.0>}
x[3,2]{5  <2.1137735286622366E-4>, 6  <5.6818190574262856E-5>, 3  <0.9997318044565595>}
x[3,3]{7  <1.0>}
x[3,4]{0  <0.9969147111869445>, 6  <6.521112074081071E-5>, 5  <0.00302007769231476>}
x[3,5]{0  <0.0014477237535214585>, 3  <1.0933562549578332E-4>, 5  <0.9984429406209827>}
x[3,6]{4  <1.0>}
x[3,7]{1  <1.0>}
x[4,0]{2  <1.0>}
x[4,1]{1  <1.0>}
x[4,2]{5  <0.5004926313120891>, 6  <0.49950736868791085>}
x[4,3]{3  <1.0>}
x[4,4]{0  <0.009445842034089214>, 5  <0.6688483725457192>, 6  <0.3217057854201916>}
x[4,5]{0  <0.2754358708573514>, 5  <0.009519540652213694>, 4  <0.7150445884904348>}
x[4,6]{7  <1.0>}
x[4,7]{0  <0.5678169994997482>, 4  <0.4321830005002518>}
x[5,0]{7  <1.0>}
x[5,1]{3  <1.0>}
x[5,2]{4  <1.0>}
x[5,3]{5  <1.0>}
x[5,4]{2  <1.0>}
x[5,5]{1  <1.0>}
x[5,6]{0  <1.0>}
x[5,7]{6  <1.0>}
x[6,0]{0  <0.13467382479192513>, 4  <0.19935917866459354>, 3  <0.6659669965434812>}
x[6,1]{5  <1.0>}
x[6,2]{1  <1.0>}
x[6,3]{2  <1.0>}
x[6,4]{7  <1.0>}
x[6,5]{0  <0.6074486506061189>, 3  <0.10648845132450191>, 4  <0.2860628980693794>}
x[6,6]{6  <1.0>}
x[6,7]{0  <0.22369029220958467>, 3  <0.11660541593609004>, 4  <0.6597042918543254>}
x[7,0]{3  <0.147390870077162>, 4  <0.8517082439406419>, 6  <9.008859821960601E-4>}
x[7,1]{7  <1.0>}
x[7,2]{3  <5.502442998314775E-4>, 5  <0.48360343933277355>, 6  <0.5158463163673951>}
x[7,3]{0  <1.0>}
x[7,4]{6  <0.6095326985573293>, 5  <0.39046730144267067>}
x[7,5]{2  <1.0>}
x[7,6]{1  <1.0>}
x[7,7]{4  <0.13358859036459195>, 3  <0.866411409635408>}
problem entropy = 0.5512920073326403
smallest variable entropy = 0.0026122413042631975
##### after BP iteration 3 #####
x[0,0]{1  <1.0>}
x[0,1]{0  <1.0>}
x[0,2]{2  <1.0>}
x[0,3]{6  <1.0>}
x[0,4]{4  <1.0>}
x[0,5]{7  <1.0>}
x[0,6]{3  <1.0>}
x[0,7]{5  <1.0>}
x[1,0]{0  <0.865277204322575>, 3  <0.134722795677425>}
x[1,1]{6  <1.0>}
x[1,2]{7  <1.0>}
x[1,3]{4  <1.0>}
x[1,4]{1  <1.0>}
x[1,5]{0  <0.1091717503097764>, 3  <0.8908282496902236>}
x[1,6]{5  <1.0>}
x[1,7]{2  <1.0>}
x[2,0]{5  <1.0>}
x[2,1]{4  <1.0>}
x[2,2]{0  <1.0>}
x[2,3]{1  <1.0>}
x[2,4]{3  <1.0>}
x[2,5]{6  <1.0>}
x[2,6]{2  <1.0>}
x[2,7]{7  <1.0>}
x[3,0]{0  <4.862807846863095E-4>, 6  <0.999269154129161>, 3  <2.4456508615273667E-4>}
x[3,1]{2  <1.0>}
x[3,2]{5  <1.0380989987005168E-4>, 6  <9.009949858628496E-5>, 3  <0.9998060906015436>}
x[3,3]{7  <1.0>}
x[3,4]{0  <0.9964966544767538>, 6  <3.413799104260281E-4>, 5  <0.0031619656128200778>}
x[3,5]{0  <0.006482155345383605>, 3  <4.620325632798019E-4>, 5  <0.9930558120913366>}
x[3,6]{4  <1.0>}
x[3,7]{1  <1.0>}
x[4,0]{2  <1.0>}
x[4,1]{1  <1.0>}
x[4,2]{5  <0.4769047928132316>, 6  <0.5230952071867685>}
x[4,3]{3  <1.0>}
x[4,4]{0  <7.894444450058273E-4>, 5  <0.5806083833100165>, 6  <0.4186021722449777>}
x[4,5]{0  <0.29957978020620685>, 5  <8.054221948805957E-4>, 4  <0.6996147975989127>}
x[4,6]{7  <1.0>}
x[4,7]{0  <0.780994038755318>, 4  <0.21900596124468208>}
x[5,0]{7  <1.0>}
x[5,1]{3  <1.0>}
x[5,2]{4  <1.0>}
x[5,3]{5  <1.0>}
x[5,4]{2  <1.0>}
x[5,5]{1  <1.0>}
x[5,6]{0  <1.0>}
x[5,7]{6  <1.0>}
x[6,0]{0  <0.171103966079043>, 4  <0.14480088772415>, 3  <0.684095146196807>}
x[6,1]{5  <1.0>}
x[6,2]{1  <1.0>}
x[6,3]{2  <1.0>}
x[6,4]{7  <1.0>}
x[6,5]{0  <0.6055267842714227>, 3  <0.11510402073025992>, 4  <0.27936919499831747>}
x[6,6]{6  <1.0>}
x[6,7]{0  <0.40240707674160914>, 3  <0.1121439000547211>, 4  <0.48544902320366967>}
x[7,0]{3  <0.17365475453297766>, 4  <0.8261509564117133>, 6  <1.9428905530902233E-4>}
x[7,1]{7  <1.0>}
x[7,2]{3  <6.990944669410315E-5>, 5  <0.5289859413646003>, 6  <0.4709441491887057>}
x[7,3]{0  <1.0>}
x[7,4]{6  <0.6448405072844822>, 5  <0.3551594927155177>}
x[7,5]{2  <1.0>}
x[7,6]{1  <1.0>}
x[7,7]{4  <0.08964411326697919>, 3  <0.9103558867330207>}
problem entropy = 0.5279150214208533
smallest variable entropy = 0.0019853739619654807
##### after BP iteration 4 #####
x[0,0]{1  <1.0>}
x[0,1]{0  <1.0>}
x[0,2]{2  <1.0>}
x[0,3]{6  <1.0>}
x[0,4]{4  <1.0>}
x[0,5]{7  <1.0>}
x[0,6]{3  <1.0>}
x[0,7]{5  <1.0>}
x[1,0]{0  <0.8984447163777532>, 3  <0.10155528362224676>}
x[1,1]{6  <1.0>}
x[1,2]{7  <1.0>}
x[1,3]{4  <1.0>}
x[1,4]{1  <1.0>}
x[1,5]{0  <0.13732321890098773>, 3  <0.8626767810990122>}
x[1,6]{5  <1.0>}
x[1,7]{2  <1.0>}
x[2,0]{5  <1.0>}
x[2,1]{4  <1.0>}
x[2,2]{0  <1.0>}
x[2,3]{1  <1.0>}
x[2,4]{3  <1.0>}
x[2,5]{6  <1.0>}
x[2,6]{2  <1.0>}
x[2,7]{7  <1.0>}
x[3,0]{0  <1.3222000408645083E-4>, 6  <0.9998298455881804>, 3  <3.793440773307986E-5>}
x[3,1]{2  <1.0>}
x[3,2]{5  <1.3242173108823295E-4>, 6  <6.069486167193949E-5>, 3  <0.9998068834072398>}
x[3,3]{7  <1.0>}
x[3,4]{0  <0.9983003867246542>, 6  <1.3689770158410348E-4>, 5  <0.001562715573761781>}
x[3,5]{0  <0.0013183345075689116>, 3  <4.711295273918263E-5>, 5  <0.998634552539692>}
x[3,6]{4  <1.0>}
x[3,7]{1  <1.0>}
x[4,0]{2  <1.0>}
x[4,1]{1  <1.0>}
x[4,2]{5  <0.3900305051716524>, 6  <0.6099694948283477>}
x[4,3]{3  <1.0>}
x[4,4]{0  <2.1610040135826639E-4>, 5  <0.4838767549001671>, 6  <0.5159071446984747>}
x[4,5]{0  <0.20288839241176002>, 5  <3.5768007220584734E-4>, 4  <0.7967539275160342>}
x[4,6]{7  <1.0>}
x[4,7]{0  <0.728286280422111>, 4  <0.271713719577889>}
x[5,0]{7  <1.0>}
x[5,1]{3  <1.0>}
x[5,2]{4  <1.0>}
x[5,3]{5  <1.0>}
x[5,4]{2  <1.0>}
x[5,5]{1  <1.0>}
x[5,6]{0  <1.0>}
x[5,7]{6  <1.0>}
x[6,0]{0  <0.09921483196215448>, 4  <0.13052440706542695>, 3  <0.7702607609724185>}
x[6,1]{5  <1.0>}
x[6,2]{1  <1.0>}
x[6,3]{2  <1.0>}
x[6,4]{7  <1.0>}
x[6,5]{0  <0.4643133623865046>, 3  <0.18348211277217316>, 4  <0.35220452484132225>}
x[6,6]{6  <1.0>}
x[6,7]{0  <0.24397767985505703>, 3  <0.16537950236924884>, 4  <0.5906428177756943>}
x[7,0]{3  <0.09003308912259128>, 4  <0.9099452150454372>, 6  <2.1695831971466588E-5>}
x[7,1]{7  <1.0>}
x[7,2]{3  <3.611903602528653E-5>, 5  <0.6798029550166209>, 6  <0.3201609259473539>}
x[7,3]{0  <1.0>}
x[7,4]{6  <0.4995117494001307>, 5  <0.5004882505998692>}
x[7,5]{2  <1.0>}
x[7,6]{1  <1.0>}
x[7,7]{4  <0.18643991119370984>, 3  <0.8135600888062902>}
problem entropy = 0.5271959306345142
smallest variable entropy = 0.0017371615893081369
##### after BP iteration 5 #####
x[0,0]{1  <1.0>}
x[0,1]{0  <1.0>}
x[0,2]{2  <1.0>}
x[0,3]{6  <1.0>}
x[0,4]{4  <1.0>}
x[0,5]{7  <1.0>}
x[0,6]{3  <1.0>}
x[0,7]{5  <1.0>}
x[1,0]{0  <0.8928742450765733>, 3  <0.10712575492342671>}
x[1,1]{6  <1.0>}
x[1,2]{7  <1.0>}
x[1,3]{4  <1.0>}
x[1,4]{1  <1.0>}
x[1,5]{0  <0.18364080369951838>, 3  <0.8163591963004816>}
x[1,6]{5  <1.0>}
x[1,7]{2  <1.0>}
x[2,0]{5  <1.0>}
x[2,1]{4  <1.0>}
x[2,2]{0  <1.0>}
x[2,3]{1  <1.0>}
x[2,4]{3  <1.0>}
x[2,5]{6  <1.0>}
x[2,6]{2  <1.0>}
x[2,7]{7  <1.0>}
x[3,0]{0  <2.331422054602665E-6>, 6  <0.9999957697600155>, 3  <1.898817929975389E-6>}
x[3,1]{2  <1.0>}
x[3,2]{5  <1.0090263686415556E-5>, 6  <5.7253519955322966E-6>, 3  <0.9999841843843181>}
x[3,3]{7  <1.0>}
x[3,4]{0  <0.9999172469662084>, 6  <1.0360528696706717E-5>, 5  <7.23925050948185E-5>}
x[3,5]{0  <1.2152086585299719E-4>, 3  <1.2192746990952668E-5>, 5  <0.9998662863871561>}
x[3,6]{4  <1.0>}
x[3,7]{1  <1.0>}
x[4,0]{2  <1.0>}
x[4,1]{1  <1.0>}
x[4,2]{5  <0.35511754596589745>, 6  <0.6448824540341025>}
x[4,3]{3  <1.0>}
x[4,4]{0  <8.932960967667838E-4>, 5  <0.5284926563730605>, 6  <0.47061404753017266>}
x[4,5]{0  <0.32902251507671526>, 5  <6.949051331838559E-4>, 4  <0.670282579790101>}
x[4,6]{7  <1.0>}
x[4,7]{0  <0.7820566210533487>, 4  <0.21794337894665128>}
x[5,0]{7  <1.0>}
x[5,1]{3  <1.0>}
x[5,2]{4  <1.0>}
x[5,3]{5  <1.0>}
x[5,4]{2  <1.0>}
x[5,5]{1  <1.0>}
x[5,6]{0  <1.0>}
x[5,7]{6  <1.0>}
x[6,0]{0  <0.11371900805392553>, 4  <0.09306851902589715>, 3  <0.7932124729201774>}
x[6,1]{5  <1.0>}
x[6,2]{1  <1.0>}
x[6,3]{2  <1.0>}
x[6,4]{7  <1.0>}
x[6,5]{0  <0.6568162551723908>, 3  <0.1367715073196231>, 4  <0.2064122375079861>}
x[6,6]{6  <1.0>}
x[6,7]{0  <0.268458719862111>, 3  <0.16316245831171514>, 4  <0.5683788218261738>}
x[7,0]{3  <0.14509943806204542>, 4  <0.8548516916365216>, 6  <4.887030143298743E-5>}
x[7,1]{7  <1.0>}
x[7,2]{3  <1.3196422968747007E-4>, 5  <0.5814977974334521>, 6  <0.4183702383368605>}
x[7,3]{0  <1.0>}
x[7,4]{6  <0.5239678967442735>, 5  <0.4760321032557265>}
x[7,5]{2  <1.0>}
x[7,6]{1  <1.0>}
x[7,7]{4  <0.15663351670562872>, 3  <0.8433664832943712>}
problem entropy = 0.5286468951686086
smallest variable entropy = 5.9482075818670865E-5
### branching on x[3,5]=5; marginal=0.9998662863871561; regret=0.9997447655213031; nb of ties=4
##### after BP iteration 1 #####
x[0,0]{1  <1.0>}
x[0,1]{0  <1.0>}
x[0,2]{2  <1.0>}
x[0,3]{6  <1.0>}
x[0,4]{4  <1.0>}
x[0,5]{7  <1.0>}
x[0,6]{3  <1.0>}
x[0,7]{5  <1.0>}
x[1,0]{0  <0.810515816218724>, 3  <0.18948418378127585>}
x[1,1]{6  <1.0>}
x[1,2]{7  <1.0>}
x[1,3]{4  <1.0>}
x[1,4]{1  <1.0>}
x[1,5]{0  <0.10535701629292724>, 3  <0.8946429837070727>}
x[1,6]{5  <1.0>}
x[1,7]{2  <1.0>}
x[2,0]{5  <1.0>}
x[2,1]{4  <1.0>}
x[2,2]{0  <1.0>}
x[2,3]{1  <1.0>}
x[2,4]{3  <1.0>}
x[2,5]{6  <1.0>}
x[2,6]{2  <1.0>}
x[2,7]{7  <1.0>}
x[3,0]{3  <2.3211938441225686E-6>, 6  <0.999997678806156>}
x[3,1]{2  <1.0>}
x[3,2]{3  <0.9999985806669114>, 6  <1.4193330886064778E-6>}
x[3,3]{7  <1.0>}
x[3,4]{0  <1.0>}
x[3,5]{5  <1.0>}
x[3,6]{4  <1.0>}
x[3,7]{1  <1.0>}
x[4,0]{2  <1.0>}
x[4,1]{1  <1.0>}
x[4,2]{5  <0.5004900536436064>, 6  <0.49950994635639356>}
x[4,3]{3  <1.0>}
x[4,4]{6  <0.32018101357165224>, 5  <0.6798189864283478>}
x[4,5]{0  <0.2180178165785192>, 4  <0.7819821834214807>}
x[4,6]{7  <1.0>}
x[4,7]{0  <0.6648949732878324>, 4  <0.3351050267121675>}
x[5,0]{7  <1.0>}
x[5,1]{3  <1.0>}
x[5,2]{4  <1.0>}
x[5,3]{5  <1.0>}
x[5,4]{2  <1.0>}
x[5,5]{1  <1.0>}
x[5,6]{0  <1.0>}
x[5,7]{6  <1.0>}
x[6,0]{0  <0.13560988670122956>, 4  <0.17713266765749275>, 3  <0.6872574456412778>}
x[6,1]{5  <1.0>}
x[6,2]{1  <1.0>}
x[6,3]{2  <1.0>}
x[6,4]{7  <1.0>}
x[6,5]{0  <0.640498320986916>, 3  <0.10345040114849731>, 4  <0.25605127786458676>}
x[6,6]{6  <1.0>}
x[6,7]{0  <0.1936189801827002>, 3  <0.10021451152019213>, 4  <0.7061665082971077>}
x[7,0]{3  <0.15317456689735334>, 4  <0.8468113795881994>, 6  <1.405351444733049E-5>}
x[7,1]{7  <1.0>}
x[7,2]{3  <9.511048002836351E-6>, 5  <0.48490603794207426>, 6  <0.5150844510099228>}
x[7,3]{0  <1.0>}
x[7,4]{6  <0.6097774303439579>, 5  <0.39022256965604224>}
x[7,5]{2  <1.0>}
x[7,6]{1  <1.0>}
x[7,7]{4  <0.13689184096389542>, 3  <0.8631081590361045>}
problem entropy = 0.6401944283861025
smallest variable entropy = 2.0531111206403654E-5
### branching on x[3,0]=6; marginal=0.999997678806156; regret=0.9999953576123118; nb of ties=2
### branching on x[1,5]=3; marginal=0.8946429837070727; regret=0.7892859674141455; nb of ties=1
##### after BP iteration 1 #####
x[0,0]{1  <1.0>}
x[0,1]{0  <1.0>}
x[0,2]{2  <1.0>}
x[0,3]{6  <1.0>}
x[0,4]{4  <1.0>}
x[0,5]{7  <1.0>}
x[0,6]{3  <1.0>}
x[0,7]{5  <1.0>}
x[1,0]{0  <1.0>}
x[1,1]{6  <1.0>}
x[1,2]{7  <1.0>}
x[1,3]{4  <1.0>}
x[1,4]{1  <1.0>}
x[1,5]{3  <1.0>}
x[1,6]{5  <1.0>}
x[1,7]{2  <1.0>}
x[2,0]{5  <1.0>}
x[2,1]{4  <1.0>}
x[2,2]{0  <1.0>}
x[2,3]{1  <1.0>}
x[2,4]{3  <1.0>}
x[2,5]{6  <1.0>}
x[2,6]{2  <1.0>}
x[2,7]{7  <1.0>}
x[3,0]{6  <1.0>}
x[3,1]{2  <1.0>}
x[3,2]{3  <1.0>}
x[3,3]{7  <1.0>}
x[3,4]{0  <1.0>}
x[3,5]{5  <1.0>}
x[3,6]{4  <1.0>}
x[3,7]{1  <1.0>}
x[4,0]{2  <1.0>}
x[4,1]{1  <1.0>}
x[4,2]{5  <0.47603210325572654>, 6  <0.5239678967442735>}
x[4,3]{3  <1.0>}
x[4,4]{6  <0.41862366166085013>, 5  <0.5813763383391499>}
x[4,5]{0  <0.29101064432777835>, 4  <0.7089893556722217>}
x[4,6]{7  <1.0>}
x[4,7]{0  <0.8046469853169632>, 4  <0.19535301468303676>}
x[5,0]{7  <1.0>}
x[5,1]{3  <1.0>}
x[5,2]{4  <1.0>}
x[5,3]{5  <1.0>}
x[5,4]{2  <1.0>}
x[5,5]{1  <1.0>}
x[5,6]{0  <1.0>}
x[5,7]{6  <1.0>}
x[6,0]{3  <0.8725807766502544>, 4  <0.12741922334974554>}
x[6,1]{5  <1.0>}
x[6,2]{1  <1.0>}
x[6,3]{2  <1.0>}
x[6,4]{7  <1.0>}
x[6,5]{0  <0.8097361590105615>, 4  <0.19026384098943855>}
x[6,6]{6  <1.0>}
x[6,7]{0  <0.2955163577551862>, 3  <0.10245959352542396>, 4  <0.6020240487193899>}
x[7,0]{3  <0.19367116102856013>, 4  <0.8063288389714398>}
x[7,1]{7  <1.0>}
x[7,2]{6  <0.4710348210973>, 5  <0.5289651789027>}
x[7,3]{0  <1.0>}
x[7,4]{6  <0.6448824540341025>, 5  <0.35511754596589745>}
x[7,5]{2  <1.0>}
x[7,6]{1  <1.0>}
x[7,7]{4  <0.08462405132970936>, 3  <0.9153759486702906>}
problem entropy = 0.7905458564333336
smallest variable entropy = 0.28992013600273053
##### after BP iteration 2 #####
x[0,0]{1  <1.0>}
x[0,1]{0  <1.0>}
x[0,2]{2  <1.0>}
x[0,3]{6  <1.0>}
x[0,4]{4  <1.0>}
x[0,5]{7  <1.0>}
x[0,6]{3  <1.0>}
x[0,7]{5  <1.0>}
x[1,0]{0  <1.0>}
x[1,1]{6  <1.0>}
x[1,2]{7  <1.0>}
x[1,3]{4  <1.0>}
x[1,4]{1  <1.0>}
x[1,5]{3  <1.0>}
x[1,6]{5  <1.0>}
x[1,7]{2  <1.0>}
x[2,0]{5  <1.0>}
x[2,1]{4  <1.0>}
x[2,2]{0  <1.0>}
x[2,3]{1  <1.0>}
x[2,4]{3  <1.0>}
x[2,5]{6  <1.0>}
x[2,6]{2  <1.0>}
x[2,7]{7  <1.0>}
x[3,0]{6  <1.0>}
x[3,1]{2  <1.0>}
x[3,2]{3  <1.0>}
x[3,3]{7  <1.0>}
x[3,4]{0  <1.0>}
x[3,5]{5  <1.0>}
x[3,6]{4  <1.0>}
x[3,7]{1  <1.0>}
x[4,0]{2  <1.0>}
x[4,1]{1  <1.0>}
x[4,2]{5  <0.390222569656042>, 6  <0.6097774303439579>}
x[4,3]{3  <1.0>}
x[4,4]{6  <0.515089350049457>, 5  <0.484910649950543>}
x[4,5]{0  <0.16985758082934613>, 4  <0.8301424191706539>}
x[4,6]{7  <1.0>}
x[4,7]{0  <0.7471326442690164>, 4  <0.25286735573098357>}
x[5,0]{7  <1.0>}
x[5,1]{3  <1.0>}
x[5,2]{4  <1.0>}
x[5,3]{5  <1.0>}
x[5,4]{2  <1.0>}
x[5,5]{1  <1.0>}
x[5,6]{0  <1.0>}
x[5,7]{6  <1.0>}
x[6,0]{3  <0.9045587291817984>, 4  <0.09544127081820153>}
x[6,1]{5  <1.0>}
x[6,2]{1  <1.0>}
x[6,3]{2  <1.0>}
x[6,4]{7  <1.0>}
x[6,5]{0  <0.698911501456068>, 4  <0.30108849854393205>}
x[6,6]{6  <1.0>}
x[6,7]{0  <0.19100109262049492>, 3  <0.12391979876697005>, 4  <0.6850791086125351>}
x[7,0]{3  <0.0694486780415062>, 4  <0.9305513219584938>}
x[7,1]{7  <1.0>}
x[7,2]{6  <0.32018101357165224>, 5  <0.6798189864283477>}
x[7,3]{0  <1.0>}
x[7,4]{6  <0.4995099463563935>, 5  <0.5004900536436064>}
x[7,5]{2  <1.0>}
x[7,6]{1  <1.0>}
x[7,7]{4  <0.16848773014533347>, 3  <0.8315122698546665>}
problem entropy = 0.7687568391974842
smallest variable entropy = 0.2522105080655642
##### after BP iteration 3 #####
x[0,0]{1  <1.0>}
x[0,1]{0  <1.0>}
x[0,2]{2  <1.0>}
x[0,3]{6  <1.0>}
x[0,4]{4  <1.0>}
x[0,5]{7  <1.0>}
x[0,6]{3  <1.0>}
x[0,7]{5  <1.0>}
x[1,0]{0  <1.0>}
x[1,1]{6  <1.0>}
x[1,2]{7  <1.0>}
x[1,3]{4  <1.0>}
x[1,4]{1  <1.0>}
x[1,5]{3  <1.0>}
x[1,6]{5  <1.0>}
x[1,7]{2  <1.0>}
x[2,0]{5  <1.0>}
x[2,1]{4  <1.0>}
x[2,2]{0  <1.0>}
x[2,3]{1  <1.0>}
x[2,4]{3  <1.0>}
x[2,5]{6  <1.0>}
x[2,6]{2  <1.0>}
x[2,7]{7  <1.0>}
x[3,0]{6  <1.0>}
x[3,1]{2  <1.0>}
x[3,2]{3  <1.0>}
x[3,3]{7  <1.0>}
x[3,4]{0  <1.0>}
x[3,5]{5  <1.0>}
x[3,6]{4  <1.0>}
x[3,7]{1  <1.0>}
x[4,0]{2  <1.0>}
x[4,1]{1  <1.0>}
x[4,2]{5  <0.35511754596589756>, 6  <0.6448824540341023>}
x[4,3]{3  <1.0>}
x[4,4]{6  <0.4710348210973>, 5  <0.5289651789027001>}
x[4,5]{0  <0.26211263114157646>, 4  <0.7378873688584234>}
x[4,6]{7  <1.0>}
x[4,7]{0  <0.8425445181413426>, 4  <0.15745548185865732>}
x[5,0]{7  <1.0>}
x[5,1]{3  <1.0>}
x[5,2]{4  <1.0>}
x[5,3]{5  <1.0>}
x[5,4]{2  <1.0>}
x[5,5]{1  <1.0>}
x[5,6]{0  <1.0>}
x[5,7]{6  <1.0>}
x[6,0]{3  <0.9326037285919934>, 4  <0.06739627140800655>}
x[6,1]{5  <1.0>}
x[6,2]{1  <1.0>}
x[6,3]{2  <1.0>}
x[6,4]{7  <1.0>}
x[6,5]{0  <0.8280123326705086>, 4  <0.1719876673294914>}
x[6,6]{6  <1.0>}
x[6,7]{0  <0.24866513375414484>, 3  <0.14551189586707267>, 4  <0.6058229703787824>}
x[7,0]{3  <0.0817360823899043>, 4  <0.9182639176100957>}
x[7,1]{7  <1.0>}
x[7,2]{6  <0.41862366166085>, 5  <0.5813763383391499>}
x[7,3]{0  <1.0>}
x[7,4]{6  <0.5239678967442735>, 5  <0.4760321032557266>}
x[7,5]{2  <1.0>}
x[7,6]{1  <1.0>}
x[7,7]{4  <0.09385745959780759>, 3  <0.9061425404021923>}
problem entropy = 0.7359899706692314
smallest variable entropy = 0.2468512323497622
##### after BP iteration 4 #####
x[0,0]{1  <1.0>}
x[0,1]{0  <1.0>}
x[0,2]{2  <1.0>}
x[0,3]{6  <1.0>}
x[0,4]{4  <1.0>}
x[0,5]{7  <1.0>}
x[0,6]{3  <1.0>}
x[0,7]{5  <1.0>}
x[1,0]{0  <1.0>}
x[1,1]{6  <1.0>}
x[1,2]{7  <1.0>}
x[1,3]{4  <1.0>}
x[1,4]{1  <1.0>}
x[1,5]{3  <1.0>}
x[1,6]{5  <1.0>}
x[1,7]{2  <1.0>}
x[2,0]{5  <1.0>}
x[2,1]{4  <1.0>}
x[2,2]{0  <1.0>}
x[2,3]{1  <1.0>}
x[2,4]{3  <1.0>}
x[2,5]{6  <1.0>}
x[2,6]{2  <1.0>}
x[2,7]{7  <1.0>}
x[3,0]{6  <1.0>}
x[3,1]{2  <1.0>}
x[3,2]{3  <1.0>}
x[3,3]{7  <1.0>}
x[3,4]{0  <1.0>}
x[3,5]{5  <1.0>}
x[3,6]{4  <1.0>}
x[3,7]{1  <1.0>}
x[4,0]{2  <1.0>}
x[4,1]{1  <1.0>}
x[4,2]{5  <0.5004900536436064>, 6  <0.4995099463563936>}
x[4,3]{3  <1.0>}
x[4,4]{6  <0.3201810135716522>, 5  <0.6798189864283478>}
x[4,5]{0  <0.15945991564614811>, 4  <0.8405400843538519>}
x[4,6]{7  <1.0>}
x[4,7]{0  <0.7250991858067198>, 4  <0.27490081419328016>}
x[5,0]{7  <1.0>}
x[5,1]{3  <1.0>}
x[5,2]{4  <1.0>}
x[5,3]{5  <1.0>}
x[5,4]{2  <1.0>}
x[5,5]{1  <1.0>}
x[5,6]{0  <1.0>}
x[5,7]{6  <1.0>}
x[6,0]{3  <0.8700670274880417>, 4  <0.12993297251195826>}
x[6,1]{5  <1.0>}
x[6,2]{1  <1.0>}
x[6,3]{2  <1.0>}
x[6,4]{7  <1.0>}
x[6,5]{0  <0.7697563102756213>, 4  <0.2302436897243787>}
x[6,6]{6  <1.0>}
x[6,7]{0  <0.15994800453798863>, 3  <0.05834050057096606>, 4  <0.7817114948910453>}
x[7,0]{3  <0.09115436527987139>, 4  <0.9088456347201287>}
x[7,1]{7  <1.0>}
x[7,2]{6  <0.5150893500494572>, 5  <0.48491064995054284>}
x[7,3]{0  <1.0>}
x[7,4]{6  <0.609777430343958>, 5  <0.3902225696560421>}
x[7,5]{2  <1.0>}
x[7,6]{1  <1.0>}
x[7,7]{4  <0.07868936075658507>, 3  <0.921310639243415>}
problem entropy = 0.7378920938919227
smallest variable entropy = 0.2755566075575262
##### after BP iteration 5 #####
x[0,0]{1  <1.0>}
x[0,1]{0  <1.0>}
x[0,2]{2  <1.0>}
x[0,3]{6  <1.0>}
x[0,4]{4  <1.0>}
x[0,5]{7  <1.0>}
x[0,6]{3  <1.0>}
x[0,7]{5  <1.0>}
x[1,0]{0  <1.0>}
x[1,1]{6  <1.0>}
x[1,2]{7  <1.0>}
x[1,3]{4  <1.0>}
x[1,4]{1  <1.0>}
x[1,5]{3  <1.0>}
x[1,6]{5  <1.0>}
x[1,7]{2  <1.0>}
x[2,0]{5  <1.0>}
x[2,1]{4  <1.0>}
x[2,2]{0  <1.0>}
x[2,3]{1  <1.0>}
x[2,4]{3  <1.0>}
x[2,5]{6  <1.0>}
x[2,6]{2  <1.0>}
x[2,7]{7  <1.0>}
x[3,0]{6  <1.0>}
x[3,1]{2  <1.0>}
x[3,2]{3  <1.0>}
x[3,3]{7  <1.0>}
x[3,4]{0  <1.0>}
x[3,5]{5  <1.0>}
x[3,6]{4  <1.0>}
x[3,7]{1  <1.0>}
x[4,0]{2  <1.0>}
x[4,1]{1  <1.0>}
x[4,2]{5  <0.47603210325572665>, 6  <0.5239678967442734>}
x[4,3]{3  <1.0>}
x[4,4]{6  <0.41862366166084997>, 5  <0.5813763383391499>}
x[4,5]{0  <0.24198692893770038>, 4  <0.7580130710622996>}
x[4,6]{7  <1.0>}
x[4,7]{0  <0.8358640513045561>, 4  <0.16413594869544387>}
x[5,0]{7  <1.0>}
x[5,1]{3  <1.0>}
x[5,2]{4  <1.0>}
x[5,3]{5  <1.0>}
x[5,4]{2  <1.0>}
x[5,5]{1  <1.0>}
x[5,6]{0  <1.0>}
x[5,7]{6  <1.0>}
x[6,0]{3  <0.9201788225915122>, 4  <0.0798211774084879>}
x[6,1]{5  <1.0>}
x[6,2]{1  <1.0>}
x[6,3]{2  <1.0>}
x[6,4]{7  <1.0>}
x[6,5]{0  <0.8564516274683084>, 4  <0.14354837253169156>}
x[6,6]{6  <1.0>}
x[6,7]{0  <0.24595799017122583>, 3  <0.0616324398408137>, 4  <0.6924095699879604>}
x[7,0]{3  <0.1253349188596388>, 4  <0.8746650811403611>}
x[7,1]{7  <1.0>}
x[7,2]{6  <0.4710348210973>, 5  <0.5289651789026999>}
x[7,3]{0  <1.0>}
x[7,4]{6  <0.6448824540341023>, 5  <0.35511754596589756>}
x[7,5]{2  <1.0>}
x[7,6]{1  <1.0>}
x[7,7]{4  <0.04994932189178623>, 3  <0.9500506781082138>}
problem entropy = 0.7168568446790647
smallest variable entropy = 0.19836599770557226
##### after BP iteration 6 #####
x[0,0]{1  <1.0>}
x[0,1]{0  <1.0>}
x[0,2]{2  <1.0>}
x[0,3]{6  <1.0>}
x[0,4]{4  <1.0>}
x[0,5]{7  <1.0>}
x[0,6]{3  <1.0>}
x[0,7]{5  <1.0>}
x[1,0]{0  <1.0>}
x[1,1]{6  <1.0>}
x[1,2]{7  <1.0>}
x[1,3]{4  <1.0>}
x[1,4]{1  <1.0>}
x[1,5]{3  <1.0>}
x[1,6]{5  <1.0>}
x[1,7]{2  <1.0>}
x[2,0]{5  <1.0>}
x[2,1]{4  <1.0>}
x[2,2]{0  <1.0>}
x[2,3]{1  <1.0>}
x[2,4]{3  <1.0>}
x[2,5]{6  <1.0>}
x[2,6]{2  <1.0>}
x[2,7]{7  <1.0>}
x[3,0]{6  <1.0>}
x[3,1]{2  <1.0>}
x[3,2]{3  <1.0>}
x[3,3]{7  <1.0>}
x[3,4]{0  <1.0>}
x[3,5]{5  <1.0>}
x[3,6]{4  <1.0>}
x[3,7]{1  <1.0>}
x[4,0]{2  <1.0>}
x[4,1]{1  <1.0>}
x[4,2]{5  <0.3902225696560421>, 6  <0.609777430343958>}
x[4,3]{3  <1.0>}
x[4,4]{6  <0.5150893500494573>, 5  <0.4849106499505428>}
x[4,5]{0  <0.14783988000761653>, 4  <0.8521601199923834>}
x[4,6]{7  <1.0>}
x[4,7]{0  <0.7879319347282203>, 4  <0.21206806527177977>}
x[5,0]{7  <1.0>}
x[5,1]{3  <1.0>}
x[5,2]{4  <1.0>}
x[5,3]{5  <1.0>}
x[5,4]{2  <1.0>}
x[5,5]{1  <1.0>}
x[5,6]{0  <1.0>}
x[5,7]{6  <1.0>}
x[6,0]{3  <0.9401674736529887>, 4  <0.05983252634701128>}
x[6,1]{5  <1.0>}
x[6,2]{1  <1.0>}
x[6,3]{2  <1.0>}
x[6,4]{7  <1.0>}
x[6,5]{0  <0.7402035834278419>, 4  <0.25979641657215813>}
x[6,6]{6  <1.0>}
x[6,7]{0  <0.14706206408588973>, 3  <0.0777490161713743>, 4  <0.775188919742736>}
x[7,0]{3  <0.043493973436503415>, 4  <0.9565060265634967>}
x[7,1]{7  <1.0>}
x[7,2]{6  <0.32018101357165224>, 5  <0.6798189864283478>}
x[7,3]{0  <1.0>}
x[7,4]{6  <0.49950994635639356>, 5  <0.5004900536436064>}
x[7,5]{2  <1.0>}
x[7,6]{1  <1.0>}
x[7,7]{4  <0.110920815996568>, 3  <0.8890791840034319>}
problem entropy = 0.7045209983201792
smallest variable entropy = 0.17889347796041777
##### after BP iteration 7 #####
x[0,0]{1  <1.0>}
x[0,1]{0  <1.0>}
x[0,2]{2  <1.0>}
x[0,3]{6  <1.0>}
x[0,4]{4  <1.0>}
x[0,5]{7  <1.0>}
x[0,6]{3  <1.0>}
x[0,7]{5  <1.0>}
x[1,0]{0  <1.0>}
x[1,1]{6  <1.0>}
x[1,2]{7  <1.0>}
x[1,3]{4  <1.0>}
x[1,4]{1  <1.0>}
x[1,5]{3  <1.0>}
x[1,6]{5  <1.0>}
x[1,7]{2  <1.0>}
x[2,0]{5  <1.0>}
x[2,1]{4  <1.0>}
x[2,2]{0  <1.0>}
x[2,3]{1  <1.0>}
x[2,4]{3  <1.0>}
x[2,5]{6  <1.0>}
x[2,6]{2  <1.0>}
x[2,7]{7  <1.0>}
x[3,0]{6  <1.0>}
x[3,1]{2  <1.0>}
x[3,2]{3  <1.0>}
x[3,3]{7  <1.0>}
x[3,4]{0  <1.0>}
x[3,5]{5  <1.0>}
x[3,6]{4  <1.0>}
x[3,7]{1  <1.0>}
x[4,0]{2  <1.0>}
x[4,1]{1  <1.0>}
x[4,2]{5  <0.3551175459658976>, 6  <0.6448824540341023>}
x[4,3]{3  <1.0>}
x[4,4]{6  <0.4710348210973>, 5  <0.5289651789026999>}
x[4,5]{0  <0.22833891402920545>, 4  <0.7716610859707945>}
x[4,6]{7  <1.0>}
x[4,7]{0  <0.8712814874920902>, 4  <0.12871851250790986>}
x[5,0]{7  <1.0>}
x[5,1]{3  <1.0>}
x[5,2]{4  <1.0>}
x[5,3]{5  <1.0>}
x[5,4]{2  <1.0>}
x[5,5]{1  <1.0>}
x[5,6]{0  <1.0>}
x[5,7]{6  <1.0>}
x[6,0]{3  <0.9583669926128368>, 4  <0.0416330073871632>}
x[6,1]{5  <1.0>}
x[6,2]{1  <1.0>}
x[6,3]{2  <1.0>}
x[6,4]{7  <1.0>}
x[6,5]{0  <0.8493200391735819>, 4  <0.1506799608264181>}
x[6,6]{6  <1.0>}
x[6,7]{0  <0.218277752750393>, 3  <0.097977094429804>, 4  <0.683745152819803>}
x[7,0]{3  <0.052499353082213374>, 4  <0.9475006469177866>}
x[7,1]{7  <1.0>}
x[7,2]{6  <0.41862366166084997>, 5  <0.58137633833915>}
x[7,3]{0  <1.0>}
x[7,4]{6  <0.5239678967442732>, 5  <0.47603210325572676>}
x[7,5]{2  <1.0>}
x[7,6]{1  <1.0>}
x[7,7]{4  <0.06309705650069818>, 3  <0.9369029434993019>}
problem entropy = 0.6807531429614003
smallest variable entropy = 0.1730996540828583
##### after BP iteration 8 #####
x[0,0]{1  <1.0>}
x[0,1]{0  <1.0>}
x[0,2]{2  <1.0>}
x[0,3]{6  <1.0>}
x[0,4]{4  <1.0>}
x[0,5]{7  <1.0>}
x[0,6]{3  <1.0>}
x[0,7]{5  <1.0>}
x[1,0]{0  <1.0>}
x[1,1]{6  <1.0>}
x[1,2]{7  <1.0>}
x[1,3]{4  <1.0>}
x[1,4]{1  <1.0>}
x[1,5]{3  <1.0>}
x[1,6]{5  <1.0>}
x[1,7]{2  <1.0>}
x[2,0]{5  <1.0>}
x[2,1]{4  <1.0>}
x[2,2]{0  <1.0>}
x[2,3]{1  <1.0>}
x[2,4]{3  <1.0>}
x[2,5]{6  <1.0>}
x[2,6]{2  <1.0>}
x[2,7]{7  <1.0>}
x[3,0]{6  <1.0>}
x[3,1]{2  <1.0>}
x[3,2]{3  <1.0>}
x[3,3]{7  <1.0>}
x[3,4]{0  <1.0>}
x[3,5]{5  <1.0>}
x[3,6]{4  <1.0>}
x[3,7]{1  <1.0>}
x[4,0]{2  <1.0>}
x[4,1]{1  <1.0>}
x[4,2]{5  <0.5004900536436065>, 6  <0.49950994635639345>}
x[4,3]{3  <1.0>}
x[4,4]{6  <0.32018101357165224>, 5  <0.6798189864283478>}
x[4,5]{0  <0.131247837511288>, 4  <0.8687521624887121>}
x[4,6]{7  <1.0>}
x[4,7]{0  <0.756835214957493>, 4  <0.24316478504250702>}
x[5,0]{7  <1.0>}
x[5,1]{3  <1.0>}
x[5,2]{4  <1.0>}
x[5,3]{5  <1.0>}
x[5,4]{2  <1.0>}
x[5,5]{1  <1.0>}
x[5,6]{0  <1.0>}
x[5,7]{6  <1.0>}
x[6,0]{3  <0.9123211225874401>, 4  <0.08767887741255977>}
x[6,1]{5  <1.0>}
x[6,2]{1  <1.0>}
x[6,3]{2  <1.0>}
x[6,4]{7  <1.0>}
x[6,5]{0  <0.7990946265376847>, 4  <0.20090537346231524>}
x[6,6]{6  <1.0>}
x[6,7]{0  <0.14232490580634505>, 3  <0.0373036977640094>, 4  <0.8203713964296456>}
x[7,0]{3  <0.060450346526551756>, 4  <0.9395496534734483>}
x[7,1]{7  <1.0>}
x[7,2]{6  <0.5150893500494573>, 5  <0.48491064995054267>}
x[7,3]{0  <1.0>}
x[7,4]{6  <0.6097774303439581>, 5  <0.39022256965604196>}
x[7,5]{2  <1.0>}
x[7,6]{1  <1.0>}
x[7,7]{4  <0.05093672766895369>, 3  <0.9490632723310463>}
problem entropy = 0.6830977474391111
smallest variable entropy = 0.20126419853609995
##### after BP iteration 9 #####
x[0,0]{1  <1.0>}
x[0,1]{0  <1.0>}
x[0,2]{2  <1.0>}
x[0,3]{6  <1.0>}
x[0,4]{4  <1.0>}
x[0,5]{7  <1.0>}
x[0,6]{3  <1.0>}
x[0,7]{5  <1.0>}
x[1,0]{0  <1.0>}
x[1,1]{6  <1.0>}
x[1,2]{7  <1.0>}
x[1,3]{4  <1.0>}
x[1,4]{1  <1.0>}
x[1,5]{3  <1.0>}
x[1,6]{5  <1.0>}
x[1,7]{2  <1.0>}
x[2,0]{5  <1.0>}
x[2,1]{4  <1.0>}
x[2,2]{0  <1.0>}
x[2,3]{1  <1.0>}
x[2,4]{3  <1.0>}
x[2,5]{6  <1.0>}
x[2,6]{2  <1.0>}
x[2,7]{7  <1.0>}
x[3,0]{6  <1.0>}
x[3,1]{2  <1.0>}
x[3,2]{3  <1.0>}
x[3,3]{7  <1.0>}
x[3,4]{0  <1.0>}
x[3,5]{5  <1.0>}
x[3,6]{4  <1.0>}
x[3,7]{1  <1.0>}
x[4,0]{2  <1.0>}
x[4,1]{1  <1.0>}
x[4,2]{5  <0.4760321032557268>, 6  <0.5239678967442731>}
x[4,3]{3  <1.0>}
x[4,4]{6  <0.41862366166084997>, 5  <0.58137633833915>}
x[4,5]{0  <0.2144450128525799>, 4  <0.78555498714742>}
x[4,6]{7  <1.0>}
x[4,7]{0  <0.8532241004373754>, 4  <0.14677589956262466>}
x[5,0]{7  <1.0>}
x[5,1]{3  <1.0>}
x[5,2]{4  <1.0>}
x[5,3]{5  <1.0>}
x[5,4]{2  <1.0>}
x[5,5]{1  <1.0>}
x[5,6]{0  <1.0>}
x[5,7]{6  <1.0>}
x[6,0]{3  <0.9449764670468216>, 4  <0.05502353295317852>}
x[6,1]{5  <1.0>}
x[6,2]{1  <1.0>}
x[6,3]{2  <1.0>}
x[6,4]{7  <1.0>}
x[6,5]{0  <0.879712945574503>, 4  <0.12028705442549698>}
x[6,6]{6  <1.0>}
x[6,7]{0  <0.21897627871091435>, 3  <0.04100324010953992>, 4  <0.7400204811795458>}
x[7,0]{3  <0.0851632614501933>, 4  <0.9148367385498066>}
x[7,1]{7  <1.0>}
x[7,2]{6  <0.4710348210973002>, 5  <0.5289651789026998>}
x[7,3]{0  <1.0>}
x[7,4]{6  <0.6448824540341022>, 5  <0.3551175459658977>}
x[7,5]{2  <1.0>}
x[7,6]{1  <1.0>}
x[7,7]{4  <0.03168058627633201>, 3  <0.9683194137236679>}
problem entropy = 0.6683682437674698
smallest variable entropy = 0.14053637757025816
##### after BP iteration 10 #####
x[0,0]{1  <1.0>}
x[0,1]{0  <1.0>}
x[0,2]{2  <1.0>}
x[0,3]{6  <1.0>}
x[0,4]{4  <1.0>}
x[0,5]{7  <1.0>}
x[0,6]{3  <1.0>}
x[0,7]{5  <1.0>}
x[1,0]{0  <1.0>}
x[1,1]{6  <1.0>}
x[1,2]{7  <1.0>}
x[1,3]{4  <1.0>}
x[1,4]{1  <1.0>}
x[1,5]{3  <1.0>}
x[1,6]{5  <1.0>}
x[1,7]{2  <1.0>}
x[2,0]{5  <1.0>}
x[2,1]{4  <1.0>}
x[2,2]{0  <1.0>}
x[2,3]{1  <1.0>}
x[2,4]{3  <1.0>}
x[2,5]{6  <1.0>}
x[2,6]{2  <1.0>}
x[2,7]{7  <1.0>}
x[3,0]{6  <1.0>}
x[3,1]{2  <1.0>}
x[3,2]{3  <1.0>}
x[3,3]{7  <1.0>}
x[3,4]{0  <1.0>}
x[3,5]{5  <1.0>}
x[3,6]{4  <1.0>}
x[3,7]{1  <1.0>}
x[4,0]{2  <1.0>}
x[4,1]{1  <1.0>}
x[4,2]{5  <0.39022256965604196>, 6  <0.6097774303439579>}
x[4,3]{3  <1.0>}
x[4,4]{6  <0.5150893500494576>, 5  <0.48491064995054256>}
x[4,5]{0  <0.13471943022492727>, 4  <0.8652805697750727>}
x[4,6]{7  <1.0>}
x[4,7]{0  <0.8107196442738781>, 4  <0.1892803557261219>}
x[5,0]{7  <1.0>}
x[5,1]{3  <1.0>}
x[5,2]{4  <1.0>}
x[5,3]{5  <1.0>}
x[5,4]{2  <1.0>}
x[5,5]{1  <1.0>}
x[5,6]{0  <1.0>}
x[5,7]{6  <1.0>}
x[6,0]{3  <0.9597311924086271>, 4  <0.04026880759137291>}
x[6,1]{5  <1.0>}
x[6,2]{1  <1.0>}
x[6,3]{2  <1.0>}
x[6,4]{7  <1.0>}
x[6,5]{0  <0.765081937184548>, 4  <0.23491806281545205>}
x[6,6]{6  <1.0>}
x[6,7]{0  <0.12430005405496229>, 3  <0.05293636518566017>, 4  <0.8227635807593776>}
x[7,0]{3  <0.028757470506949885>, 4  <0.9712425294930501>}
x[7,1]{7  <1.0>}
x[7,2]{6  <0.32018101357165224>, 5  <0.6798189864283477>}
x[7,3]{0  <1.0>}
x[7,4]{6  <0.49950994635639334>, 5  <0.5004900536436067>}
x[7,5]{2  <1.0>}
x[7,6]{1  <1.0>}
x[7,7]{4  <0.07650124090117362>, 3  <0.9234987590988265>}
problem entropy = 0.6609581202051774
smallest variable entropy = 0.1303961234482188
### branching on x[7,0]=4; marginal=0.9712425294930501; regret=0.9424850589861002; nb of ties=1
##### after BP iteration 1 #####
x[0,0]{1  <1.0>}
x[0,1]{0  <1.0>}
x[0,2]{2  <1.0>}
x[0,3]{6  <1.0>}
x[0,4]{4  <1.0>}
x[0,5]{7  <1.0>}
x[0,6]{3  <1.0>}
x[0,7]{5  <1.0>}
x[1,0]{0  <1.0>}
x[1,1]{6  <1.0>}
x[1,2]{7  <1.0>}
x[1,3]{4  <1.0>}
x[1,4]{1  <1.0>}
x[1,5]{3  <1.0>}
x[1,6]{5  <1.0>}
x[1,7]{2  <1.0>}
x[2,0]{5  <1.0>}
x[2,1]{4  <1.0>}
x[2,2]{0  <1.0>}
x[2,3]{1  <1.0>}
x[2,4]{3  <1.0>}
x[2,5]{6  <1.0>}
x[2,6]{2  <1.0>}
x[2,7]{7  <1.0>}
x[3,0]{6  <1.0>}
x[3,1]{2  <1.0>}
x[3,2]{3  <1.0>}
x[3,3]{7  <1.0>}
x[3,4]{0  <1.0>}
x[3,5]{5  <1.0>}
x[3,6]{4  <1.0>}
x[3,7]{1  <1.0>}
x[4,0]{2  <1.0>}
x[4,1]{1  <1.0>}
x[4,2]{5  <0.35511754596589773>, 6  <0.6448824540341023>}
x[4,3]{3  <1.0>}
x[4,4]{6  <0.4710348210973002>, 5  <0.5289651789026997>}
x[4,5]{0  <0.2079870257769715>, 4  <0.7920129742230285>}
x[4,6]{7  <1.0>}
x[4,7]{0  <0.879712945574503>, 4  <0.120287054425497>}
x[5,0]{7  <1.0>}
x[5,1]{3  <1.0>}
x[5,2]{4  <1.0>}
x[5,3]{5  <1.0>}
x[5,4]{2  <1.0>}
x[5,5]{1  <1.0>}
x[5,6]{0  <1.0>}
x[5,7]{6  <1.0>}
x[6,0]{3  <1.0>}
x[6,1]{5  <1.0>}
x[6,2]{1  <1.0>}
x[6,3]{2  <1.0>}
x[6,4]{7  <1.0>}
x[6,5]{0  <0.8532241004373753>, 4  <0.14677589956262468>}
x[6,6]{6  <1.0>}
x[6,7]{0  <0.21444501285257989>, 4  <0.7855549871474201>}
x[7,0]{4  <1.0>}
x[7,1]{7  <1.0>}
x[7,2]{6  <0.41862366166084997>, 5  <0.58137633833915>}
x[7,3]{0  <1.0>}
x[7,4]{6  <0.5239678967442731>, 5  <0.4760321032557269>}
x[7,5]{2  <1.0>}
x[7,6]{1  <1.0>}
x[7,7]{3  <1.0>}
problem entropy = 0.8168365024226102
smallest variable entropy = 0.36749653728465825
##### after BP iteration 2 #####
x[0,0]{1  <1.0>}
x[0,1]{0  <1.0>}
x[0,2]{2  <1.0>}
x[0,3]{6  <1.0>}
x[0,4]{4  <1.0>}
x[0,5]{7  <1.0>}
x[0,6]{3  <1.0>}
x[0,7]{5  <1.0>}
x[1,0]{0  <1.0>}
x[1,1]{6  <1.0>}
x[1,2]{7  <1.0>}
x[1,3]{4  <1.0>}
x[1,4]{1  <1.0>}
x[1,5]{3  <1.0>}
x[1,6]{5  <1.0>}
x[1,7]{2  <1.0>}
x[2,0]{5  <1.0>}
x[2,1]{4  <1.0>}
x[2,2]{0  <1.0>}
x[2,3]{1  <1.0>}
x[2,4]{3  <1.0>}
x[2,5]{6  <1.0>}
x[2,6]{2  <1.0>}
x[2,7]{7  <1.0>}
x[3,0]{6  <1.0>}
x[3,1]{2  <1.0>}
x[3,2]{3  <1.0>}
x[3,3]{7  <1.0>}
x[3,4]{0  <1.0>}
x[3,5]{5  <1.0>}
x[3,6]{4  <1.0>}
x[3,7]{1  <1.0>}
x[4,0]{2  <1.0>}
x[4,1]{1  <1.0>}
x[4,2]{5  <0.5004900536436067>, 6  <0.4995099463563934>}
x[4,3]{3  <1.0>}
x[4,4]{6  <0.32018101357165213>, 5  <0.6798189864283478>}
x[4,5]{0  <0.131247837511288>, 4  <0.868752162488712>}
x[4,6]{7  <1.0>}
x[4,7]{0  <0.765081937184548>, 4  <0.23491806281545194>}
x[5,0]{7  <1.0>}
x[5,1]{3  <1.0>}
x[5,2]{4  <1.0>}
x[5,3]{5  <1.0>}
x[5,4]{2  <1.0>}
x[5,5]{1  <1.0>}
x[5,6]{0  <1.0>}
x[5,7]{6  <1.0>}
x[6,0]{3  <1.0>}
x[6,1]{5  <1.0>}
x[6,2]{1  <1.0>}
x[6,3]{2  <1.0>}
x[6,4]{7  <1.0>}
x[6,5]{0  <0.8107196442738781>, 4  <0.18928035572612184>}
x[6,6]{6  <1.0>}
x[6,7]{0  <0.13471943022492727>, 4  <0.8652805697750727>}
x[7,0]{4  <1.0>}
x[7,1]{7  <1.0>}
x[7,2]{6  <0.5150893500494576>, 5  <0.4849106499505425>}
x[7,3]{0  <1.0>}
x[7,4]{6  <0.609777430343958>, 5  <0.3902225696560421>}
x[7,5]{2  <1.0>}
x[7,6]{1  <1.0>}
x[7,7]{3  <1.0>}
problem entropy = 0.8108005889898151
smallest variable entropy = 0.3887519288560579
##### after BP iteration 3 #####
x[0,0]{1  <1.0>}
x[0,1]{0  <1.0>}
x[0,2]{2  <1.0>}
x[0,3]{6  <1.0>}
x[0,4]{4  <1.0>}
x[0,5]{7  <1.0>}
x[0,6]{3  <1.0>}
x[0,7]{5  <1.0>}
x[1,0]{0  <1.0>}
x[1,1]{6  <1.0>}
x[1,2]{7  <1.0>}
x[1,3]{4  <1.0>}
x[1,4]{1  <1.0>}
x[1,5]{3  <1.0>}
x[1,6]{5  <1.0>}
x[1,7]{2  <1.0>}
x[2,0]{5  <1.0>}
x[2,1]{4  <1.0>}
x[2,2]{0  <1.0>}
x[2,3]{1  <1.0>}
x[2,4]{3  <1.0>}
x[2,5]{6  <1.0>}
x[2,6]{2  <1.0>}
x[2,7]{7  <1.0>}
x[3,0]{6  <1.0>}
x[3,1]{2  <1.0>}
x[3,2]{3  <1.0>}
x[3,3]{7  <1.0>}
x[3,4]{0  <1.0>}
x[3,5]{5  <1.0>}
x[3,6]{4  <1.0>}
x[3,7]{1  <1.0>}
x[4,0]{2  <1.0>}
x[4,1]{1  <1.0>}
x[4,2]{5  <0.47603210325572687>, 6  <0.5239678967442731>}
x[4,3]{3  <1.0>}
x[4,4]{6  <0.4186236616608501>, 5  <0.58137633833915>}
x[4,5]{0  <0.21444501285257986>, 4  <0.7855549871474202>}
x[4,6]{7  <1.0>}
x[4,7]{0  <0.8532241004373753>, 4  <0.14677589956262466>}
x[5,0]{7  <1.0>}
x[5,1]{3  <1.0>}
x[5,2]{4  <1.0>}
x[5,3]{5  <1.0>}
x[5,4]{2  <1.0>}
x[5,5]{1  <1.0>}
x[5,6]{0  <1.0>}
x[5,7]{6  <1.0>}
x[6,0]{3  <1.0>}
x[6,1]{5  <1.0>}
x[6,2]{1  <1.0>}
x[6,3]{2  <1.0>}
x[6,4]{7  <1.0>}
x[6,5]{0  <0.8797129455745031>, 4  <0.12028705442549698>}
x[6,6]{6  <1.0>}
x[6,7]{0  <0.20798702577697148>, 4  <0.7920129742230285>}
x[7,0]{4  <1.0>}
x[7,1]{7  <1.0>}
x[7,2]{6  <0.4710348210973002>, 5  <0.5289651789026997>}
x[7,3]{0  <1.0>}
x[7,4]{6  <0.6448824540341024>, 5  <0.3551175459658976>}
x[7,5]{2  <1.0>}
x[7,6]{1  <1.0>}
x[7,7]{3  <1.0>}
problem entropy = 0.8168365024226102
smallest variable entropy = 0.36749653728465814
##### after BP iteration 4 #####
x[0,0]{1  <1.0>}
x[0,1]{0  <1.0>}
x[0,2]{2  <1.0>}
x[0,3]{6  <1.0>}
x[0,4]{4  <1.0>}
x[0,5]{7  <1.0>}
x[0,6]{3  <1.0>}
x[0,7]{5  <1.0>}
x[1,0]{0  <1.0>}
x[1,1]{6  <1.0>}
x[1,2]{7  <1.0>}
x[1,3]{4  <1.0>}
x[1,4]{1  <1.0>}
x[1,5]{3  <1.0>}
x[1,6]{5  <1.0>}
x[1,7]{2  <1.0>}
x[2,0]{5  <1.0>}
x[2,1]{4  <1.0>}
x[2,2]{0  <1.0>}
x[2,3]{1  <1.0>}
x[2,4]{3  <1.0>}
x[2,5]{6  <1.0>}
x[2,6]{2  <1.0>}
x[2,7]{7  <1.0>}
x[3,0]{6  <1.0>}
x[3,1]{2  <1.0>}
x[3,2]{3  <1.0>}
x[3,3]{7  <1.0>}
x[3,4]{0  <1.0>}
x[3,5]{5  <1.0>}
x[3,6]{4  <1.0>}
x[3,7]{1  <1.0>}
x[4,0]{2  <1.0>}
x[4,1]{1  <1.0>}
x[4,2]{5  <0.39022256965604213>, 6  <0.609777430343958>}
x[4,3]{3  <1.0>}
x[4,4]{6  <0.5150893500494576>, 5  <0.4849106499505425>}
x[4,5]{0  <0.13471943022492727>, 4  <0.8652805697750727>}
x[4,6]{7  <1.0>}
x[4,7]{0  <0.8107196442738781>, 4  <0.18928035572612184>}
x[5,0]{7  <1.0>}
x[5,1]{3  <1.0>}
x[5,2]{4  <1.0>}
x[5,3]{5  <1.0>}
x[5,4]{2  <1.0>}
x[5,5]{1  <1.0>}
x[5,6]{0  <1.0>}
x[5,7]{6  <1.0>}
x[6,0]{3  <1.0>}
x[6,1]{5  <1.0>}
x[6,2]{1  <1.0>}
x[6,3]{2  <1.0>}
x[6,4]{7  <1.0>}
x[6,5]{0  <0.765081937184548>, 4  <0.2349180628154519>}
x[6,6]{6  <1.0>}
x[6,7]{0  <0.131247837511288>, 4  <0.868752162488712>}
x[7,0]{4  <1.0>}
x[7,1]{7  <1.0>}
x[7,2]{6  <0.3201810135716521>, 5  <0.6798189864283479>}
x[7,3]{0  <1.0>}
x[7,4]{6  <0.49950994635639323>, 5  <0.5004900536436068>}
x[7,5]{2  <1.0>}
x[7,6]{1  <1.0>}
x[7,7]{3  <1.0>}
problem entropy = 0.8108005889898149
smallest variable entropy = 0.3887519288560579
##### after BP iteration 5 #####
x[0,0]{1  <1.0>}
x[0,1]{0  <1.0>}
x[0,2]{2  <1.0>}
x[0,3]{6  <1.0>}
x[0,4]{4  <1.0>}
x[0,5]{7  <1.0>}
x[0,6]{3  <1.0>}
x[0,7]{5  <1.0>}
x[1,0]{0  <1.0>}
x[1,1]{6  <1.0>}
x[1,2]{7  <1.0>}
x[1,3]{4  <1.0>}
x[1,4]{1  <1.0>}
x[1,5]{3  <1.0>}
x[1,6]{5  <1.0>}
x[1,7]{2  <1.0>}
x[2,0]{5  <1.0>}
x[2,1]{4  <1.0>}
x[2,2]{0  <1.0>}
x[2,3]{1  <1.0>}
x[2,4]{3  <1.0>}
x[2,5]{6  <1.0>}
x[2,6]{2  <1.0>}
x[2,7]{7  <1.0>}
x[3,0]{6  <1.0>}
x[3,1]{2  <1.0>}
x[3,2]{3  <1.0>}
x[3,3]{7  <1.0>}
x[3,4]{0  <1.0>}
x[3,5]{5  <1.0>}
x[3,6]{4  <1.0>}
x[3,7]{1  <1.0>}
x[4,0]{2  <1.0>}
x[4,1]{1  <1.0>}
x[4,2]{5  <0.35511754596589756>, 6  <0.6448824540341024>}
x[4,3]{3  <1.0>}
x[4,4]{6  <0.47103482109730027>, 5  <0.5289651789026997>}
x[4,5]{0  <0.20798702577697148>, 4  <0.7920129742230285>}
x[4,6]{7  <1.0>}
x[4,7]{0  <0.879712945574503>, 4  <0.12028705442549698>}
x[5,0]{7  <1.0>}
x[5,1]{3  <1.0>}
x[5,2]{4  <1.0>}
x[5,3]{5  <1.0>}
x[5,4]{2  <1.0>}
x[5,5]{1  <1.0>}
x[5,6]{0  <1.0>}
x[5,7]{6  <1.0>}
x[6,0]{3  <1.0>}
x[6,1]{5  <1.0>}
x[6,2]{1  <1.0>}
x[6,3]{2  <1.0>}
x[6,4]{7  <1.0>}
x[6,5]{0  <0.8532241004373753>, 4  <0.14677589956262466>}
x[6,6]{6  <1.0>}
x[6,7]{0  <0.2144450128525798>, 4  <0.7855549871474201>}
x[7,0]{4  <1.0>}
x[7,1]{7  <1.0>}
x[7,2]{6  <0.41862366166084997>, 5  <0.5813763383391499>}
x[7,3]{0  <1.0>}
x[7,4]{6  <0.523967896744273>, 5  <0.476032103255727>}
x[7,5]{2  <1.0>}
x[7,6]{1  <1.0>}
x[7,7]{3  <1.0>}
problem entropy = 0.8168365024226102
smallest variable entropy = 0.36749653728465825
##### after BP iteration 6 #####
x[0,0]{1  <1.0>}
x[0,1]{0  <1.0>}
x[0,2]{2  <1.0>}
x[0,3]{6  <1.0>}
x[0,4]{4  <1.0>}
x[0,5]{7  <1.0>}
x[0,6]{3  <1.0>}
x[0,7]{5  <1.0>}
x[1,0]{0  <1.0>}
x[1,1]{6  <1.0>}
x[1,2]{7  <1.0>}
x[1,3]{4  <1.0>}
x[1,4]{1  <1.0>}
x[1,5]{3  <1.0>}
x[1,6]{5  <1.0>}
x[1,7]{2  <1.0>}
x[2,0]{5  <1.0>}
x[2,1]{4  <1.0>}
x[2,2]{0  <1.0>}
x[2,3]{1  <1.0>}
x[2,4]{3  <1.0>}
x[2,5]{6  <1.0>}
x[2,6]{2  <1.0>}
x[2,7]{7  <1.0>}
x[3,0]{6  <1.0>}
x[3,1]{2  <1.0>}
x[3,2]{3  <1.0>}
x[3,3]{7  <1.0>}
x[3,4]{0  <1.0>}
x[3,5]{5  <1.0>}
x[3,6]{4  <1.0>}
x[3,7]{1  <1.0>}
x[4,0]{2  <1.0>}
x[4,1]{1  <1.0>}
x[4,2]{5  <0.5004900536436068>, 6  <0.4995099463563933>}
x[4,3]{3  <1.0>}
x[4,4]{6  <0.320181013571652>, 5  <0.6798189864283479>}
x[4,5]{0  <0.131247837511288>, 4  <0.868752162488712>}
x[4,6]{7  <1.0>}
x[4,7]{0  <0.7650819371845481>, 4  <0.2349180628154519>}
x[5,0]{7  <1.0>}
x[5,1]{3  <1.0>}
x[5,2]{4  <1.0>}
x[5,3]{5  <1.0>}
x[5,4]{2  <1.0>}
x[5,5]{1  <1.0>}
x[5,6]{0  <1.0>}
x[5,7]{6  <1.0>}
x[6,0]{3  <1.0>}
x[6,1]{5  <1.0>}
x[6,2]{1  <1.0>}
x[6,3]{2  <1.0>}
x[6,4]{7  <1.0>}
x[6,5]{0  <0.8107196442738781>, 4  <0.18928035572612184>}
x[6,6]{6  <1.0>}
x[6,7]{0  <0.1347194302249273>, 4  <0.8652805697750727>}
x[7,0]{4  <1.0>}
x[7,1]{7  <1.0>}
x[7,2]{6  <0.5150893500494577>, 5  <0.48491064995054245>}
x[7,3]{0  <1.0>}
x[7,4]{6  <0.6097774303439581>, 5  <0.390222569656042>}
x[7,5]{2  <1.0>}
x[7,6]{1  <1.0>}
x[7,7]{3  <1.0>}
problem entropy = 0.8108005889898149
smallest variable entropy = 0.3887519288560579
##### after BP iteration 7 #####
x[0,0]{1  <1.0>}
x[0,1]{0  <1.0>}
x[0,2]{2  <1.0>}
x[0,3]{6  <1.0>}
x[0,4]{4  <1.0>}
x[0,5]{7  <1.0>}
x[0,6]{3  <1.0>}
x[0,7]{5  <1.0>}
x[1,0]{0  <1.0>}
x[1,1]{6  <1.0>}
x[1,2]{7  <1.0>}
x[1,3]{4  <1.0>}
x[1,4]{1  <1.0>}
x[1,5]{3  <1.0>}
x[1,6]{5  <1.0>}
x[1,7]{2  <1.0>}
x[2,0]{5  <1.0>}
x[2,1]{4  <1.0>}
x[2,2]{0  <1.0>}
x[2,3]{1  <1.0>}
x[2,4]{3  <1.0>}
x[2,5]{6  <1.0>}
x[2,6]{2  <1.0>}
x[2,7]{7  <1.0>}
x[3,0]{6  <1.0>}
x[3,1]{2  <1.0>}
x[3,2]{3  <1.0>}
x[3,3]{7  <1.0>}
x[3,4]{0  <1.0>}
x[3,5]{5  <1.0>}
x[3,6]{4  <1.0>}
x[3,7]{1  <1.0>}
x[4,0]{2  <1.0>}
x[4,1]{1  <1.0>}
x[4,2]{5  <0.4760321032557271>, 6  <0.5239678967442729>}
x[4,3]{3  <1.0>}
x[4,4]{6  <0.41862366166084997>, 5  <0.58137633833915>}
x[4,5]{0  <0.21444501285257977>, 4  <0.7855549871474202>}
x[4,6]{7  <1.0>}
x[4,7]{0  <0.8532241004373753>, 4  <0.14677589956262466>}
x[5,0]{7  <1.0>}
x[5,1]{3  <1.0>}
x[5,2]{4  <1.0>}
x[5,3]{5  <1.0>}
x[5,4]{2  <1.0>}
x[5,5]{1  <1.0>}
x[5,6]{0  <1.0>}
x[5,7]{6  <1.0>}
x[6,0]{3  <1.0>}
x[6,1]{5  <1.0>}
x[6,2]{1  <1.0>}
x[6,3]{2  <1.0>}
x[6,4]{7  <1.0>}
x[6,5]{0  <0.879712945574503>, 4  <0.12028705442549698>}
x[6,6]{6  <1.0>}
x[6,7]{0  <0.20798702577697148>, 4  <0.7920129742230285>}
x[7,0]{4  <1.0>}
x[7,1]{7  <1.0>}
x[7,2]{6  <0.4710348210973003>, 5  <0.5289651789026997>}
x[7,3]{0  <1.0>}
x[7,4]{6  <0.6448824540341025>, 5  <0.35511754596589745>}
x[7,5]{2  <1.0>}
x[7,6]{1  <1.0>}
x[7,7]{3  <1.0>}
problem entropy = 0.8168365024226102
smallest variable entropy = 0.36749653728465825
##### after BP iteration 8 #####
x[0,0]{1  <1.0>}
x[0,1]{0  <1.0>}
x[0,2]{2  <1.0>}
x[0,3]{6  <1.0>}
x[0,4]{4  <1.0>}
x[0,5]{7  <1.0>}
x[0,6]{3  <1.0>}
x[0,7]{5  <1.0>}
x[1,0]{0  <1.0>}
x[1,1]{6  <1.0>}
x[1,2]{7  <1.0>}
x[1,3]{4  <1.0>}
x[1,4]{1  <1.0>}
x[1,5]{3  <1.0>}
x[1,6]{5  <1.0>}
x[1,7]{2  <1.0>}
x[2,0]{5  <1.0>}
x[2,1]{4  <1.0>}
x[2,2]{0  <1.0>}
x[2,3]{1  <1.0>}
x[2,4]{3  <1.0>}
x[2,5]{6  <1.0>}
x[2,6]{2  <1.0>}
x[2,7]{7  <1.0>}
x[3,0]{6  <1.0>}
x[3,1]{2  <1.0>}
x[3,2]{3  <1.0>}
x[3,3]{7  <1.0>}
x[3,4]{0  <1.0>}
x[3,5]{5  <1.0>}
x[3,6]{4  <1.0>}
x[3,7]{1  <1.0>}
x[4,0]{2  <1.0>}
x[4,1]{1  <1.0>}
x[4,2]{5  <0.390222569656042>, 6  <0.6097774303439579>}
x[4,3]{3  <1.0>}
x[4,4]{6  <0.5150893500494577>, 5  <0.48491064995054234>}
x[4,5]{0  <0.1347194302249273>, 4  <0.8652805697750727>}
x[4,6]{7  <1.0>}
x[4,7]{0  <0.8107196442738781>, 4  <0.18928035572612184>}
x[5,0]{7  <1.0>}
x[5,1]{3  <1.0>}
x[5,2]{4  <1.0>}
x[5,3]{5  <1.0>}
x[5,4]{2  <1.0>}
x[5,5]{1  <1.0>}
x[5,6]{0  <1.0>}
x[5,7]{6  <1.0>}
x[6,0]{3  <1.0>}
x[6,1]{5  <1.0>}
x[6,2]{1  <1.0>}
x[6,3]{2  <1.0>}
x[6,4]{7  <1.0>}
x[6,5]{0  <0.7650819371845481>, 4  <0.23491806281545186>}
x[6,6]{6  <1.0>}
x[6,7]{0  <0.131247837511288>, 4  <0.868752162488712>}
x[7,0]{4  <1.0>}
x[7,1]{7  <1.0>}
x[7,2]{6  <0.320181013571652>, 5  <0.679818986428348>}
x[7,3]{0  <1.0>}
x[7,4]{6  <0.49950994635639323>, 5  <0.5004900536436068>}
x[7,5]{2  <1.0>}
x[7,6]{1  <1.0>}
x[7,7]{3  <1.0>}
problem entropy = 0.8108005889898149
smallest variable entropy = 0.3887519288560579
##### after BP iteration 9 #####
x[0,0]{1  <1.0>}
x[0,1]{0  <1.0>}
x[0,2]{2  <1.0>}
x[0,3]{6  <1.0>}
x[0,4]{4  <1.0>}
x[0,5]{7  <1.0>}
x[0,6]{3  <1.0>}
x[0,7]{5  <1.0>}
x[1,0]{0  <1.0>}
x[1,1]{6  <1.0>}
x[1,2]{7  <1.0>}
x[1,3]{4  <1.0>}
x[1,4]{1  <1.0>}
x[1,5]{3  <1.0>}
x[1,6]{5  <1.0>}
x[1,7]{2  <1.0>}
x[2,0]{5  <1.0>}
x[2,1]{4  <1.0>}
x[2,2]{0  <1.0>}
x[2,3]{1  <1.0>}
x[2,4]{3  <1.0>}
x[2,5]{6  <1.0>}
x[2,6]{2  <1.0>}
x[2,7]{7  <1.0>}
x[3,0]{6  <1.0>}
x[3,1]{2  <1.0>}
x[3,2]{3  <1.0>}
x[3,3]{7  <1.0>}
x[3,4]{0  <1.0>}
x[3,5]{5  <1.0>}
x[3,6]{4  <1.0>}
x[3,7]{1  <1.0>}
x[4,0]{2  <1.0>}
x[4,1]{1  <1.0>}
x[4,2]{5  <0.35511754596589734>, 6  <0.6448824540341025>}
x[4,3]{3  <1.0>}
x[4,4]{6  <0.47103482109730027>, 5  <0.5289651789026997>}
x[4,5]{0  <0.20798702577697148>, 4  <0.7920129742230285>}
x[4,6]{7  <1.0>}
x[4,7]{0  <0.879712945574503>, 4  <0.120287054425497>}
x[5,0]{7  <1.0>}
x[5,1]{3  <1.0>}
x[5,2]{4  <1.0>}
x[5,3]{5  <1.0>}
x[5,4]{2  <1.0>}
x[5,5]{1  <1.0>}
x[5,6]{0  <1.0>}
x[5,7]{6  <1.0>}
x[6,0]{3  <1.0>}
x[6,1]{5  <1.0>}
x[6,2]{1  <1.0>}
x[6,3]{2  <1.0>}
x[6,4]{7  <1.0>}
x[6,5]{0  <0.8532241004373753>, 4  <0.14677589956262474>}
x[6,6]{6  <1.0>}
x[6,7]{0  <0.21444501285257977>, 4  <0.7855549871474202>}
x[7,0]{4  <1.0>}
x[7,1]{7  <1.0>}
x[7,2]{6  <0.41862366166085>, 5  <0.58137633833915>}
x[7,3]{0  <1.0>}
x[7,4]{6  <0.5239678967442729>, 5  <0.47603210325572715>}
x[7,5]{2  <1.0>}
x[7,6]{1  <1.0>}
x[7,7]{3  <1.0>}
problem entropy = 0.8168365024226103
smallest variable entropy = 0.36749653728465825
##### after BP iteration 10 #####
x[0,0]{1  <1.0>}
x[0,1]{0  <1.0>}
x[0,2]{2  <1.0>}
x[0,3]{6  <1.0>}
x[0,4]{4  <1.0>}
x[0,5]{7  <1.0>}
x[0,6]{3  <1.0>}
x[0,7]{5  <1.0>}
x[1,0]{0  <1.0>}
x[1,1]{6  <1.0>}
x[1,2]{7  <1.0>}
x[1,3]{4  <1.0>}
x[1,4]{1  <1.0>}
x[1,5]{3  <1.0>}
x[1,6]{5  <1.0>}
x[1,7]{2  <1.0>}
x[2,0]{5  <1.0>}
x[2,1]{4  <1.0>}
x[2,2]{0  <1.0>}
x[2,3]{1  <1.0>}
x[2,4]{3  <1.0>}
x[2,5]{6  <1.0>}
x[2,6]{2  <1.0>}
x[2,7]{7  <1.0>}
x[3,0]{6  <1.0>}
x[3,1]{2  <1.0>}
x[3,2]{3  <1.0>}
x[3,3]{7  <1.0>}
x[3,4]{0  <1.0>}
x[3,5]{5  <1.0>}
x[3,6]{4  <1.0>}
x[3,7]{1  <1.0>}
x[4,0]{2  <1.0>}
x[4,1]{1  <1.0>}
x[4,2]{5  <0.5004900536436067>, 6  <0.49950994635639334>}
x[4,3]{3  <1.0>}
x[4,4]{6  <0.32018101357165196>, 5  <0.6798189864283479>}
x[4,5]{0  <0.13124783751128802>, 4  <0.868752162488712>}
x[4,6]{7  <1.0>}
x[4,7]{0  <0.7650819371845481>, 4  <0.23491806281545186>}
x[5,0]{7  <1.0>}
x[5,1]{3  <1.0>}
x[5,2]{4  <1.0>}
x[5,3]{5  <1.0>}
x[5,4]{2  <1.0>}
x[5,5]{1  <1.0>}
x[5,6]{0  <1.0>}
x[5,7]{6  <1.0>}
x[6,0]{3  <1.0>}
x[6,1]{5  <1.0>}
x[6,2]{1  <1.0>}
x[6,3]{2  <1.0>}
x[6,4]{7  <1.0>}
x[6,5]{0  <0.8107196442738781>, 4  <0.18928035572612184>}
x[6,6]{6  <1.0>}
x[6,7]{0  <0.13471943022492733>, 4  <0.8652805697750727>}
x[7,0]{4  <1.0>}
x[7,1]{7  <1.0>}
x[7,2]{6  <0.5150893500494577>, 5  <0.48491064995054234>}
x[7,3]{0  <1.0>}
x[7,4]{6  <0.6097774303439579>, 5  <0.39022256965604196>}
x[7,5]{2  <1.0>}
x[7,6]{1  <1.0>}
x[7,7]{3  <1.0>}
problem entropy = 0.8108005889898151
smallest variable entropy = 0.3887519288560579
### branching on x[4,5]=4; marginal=0.868752162488712; regret=0.737504324977424; nb of ties=2
##### after BP iteration 1 #####
x[0,0]{1  <1.0>}
x[0,1]{0  <1.0>}
x[0,2]{2  <1.0>}
x[0,3]{6  <1.0>}
x[0,4]{4  <1.0>}
x[0,5]{7  <1.0>}
x[0,6]{3  <1.0>}
x[0,7]{5  <1.0>}
x[1,0]{0  <1.0>}
x[1,1]{6  <1.0>}
x[1,2]{7  <1.0>}
x[1,3]{4  <1.0>}
x[1,4]{1  <1.0>}
x[1,5]{3  <1.0>}
x[1,6]{5  <1.0>}
x[1,7]{2  <1.0>}
x[2,0]{5  <1.0>}
x[2,1]{4  <1.0>}
x[2,2]{0  <1.0>}
x[2,3]{1  <1.0>}
x[2,4]{3  <1.0>}
x[2,5]{6  <1.0>}
x[2,6]{2  <1.0>}
x[2,7]{7  <1.0>}
x[3,0]{6  <1.0>}
x[3,1]{2  <1.0>}
x[3,2]{3  <1.0>}
x[3,3]{7  <1.0>}
x[3,4]{0  <1.0>}
x[3,5]{5  <1.0>}
x[3,6]{4  <1.0>}
x[3,7]{1  <1.0>}
x[4,0]{2  <1.0>}
x[4,1]{1  <1.0>}
x[4,2]{5  <0.4760321032557271>, 6  <0.5239678967442729>}
x[4,3]{3  <1.0>}
x[4,4]{6  <0.41862366166085>, 5  <0.58137633833915>}
x[4,5]{4  <1.0>}
x[4,6]{7  <1.0>}
x[4,7]{0  <1.0>}
x[5,0]{7  <1.0>}
x[5,1]{3  <1.0>}
x[5,2]{4  <1.0>}
x[5,3]{5  <1.0>}
x[5,4]{2  <1.0>}
x[5,5]{1  <1.0>}
x[5,6]{0  <1.0>}
x[5,7]{6  <1.0>}
x[6,0]{3  <1.0>}
x[6,1]{5  <1.0>}
x[6,2]{1  <1.0>}
x[6,3]{2  <1.0>}
x[6,4]{7  <1.0>}
x[6,5]{0  <1.0>}
x[6,6]{6  <1.0>}
x[6,7]{4  <1.0>}
x[7,0]{4  <1.0>}
x[7,1]{7  <1.0>}
x[7,2]{6  <0.4710348210973002>, 5  <0.5289651789026998>}
x[7,3]{0  <1.0>}
x[7,4]{6  <0.6448824540341026>, 5  <0.3551175459658975>}
x[7,5]{2  <1.0>}
x[7,6]{1  <1.0>}
x[7,7]{3  <1.0>}
problem entropy = 0.9788206635321182
smallest variable entropy = 0.6505571697347464
##### after BP iteration 2 #####
x[0,0]{1  <1.0>}
x[0,1]{0  <1.0>}
x[0,2]{2  <1.0>}
x[0,3]{6  <1.0>}
x[0,4]{4  <1.0>}
x[0,5]{7  <1.0>}
x[0,6]{3  <1.0>}
x[0,7]{5  <1.0>}
x[1,0]{0  <1.0>}
x[1,1]{6  <1.0>}
x[1,2]{7  <1.0>}
x[1,3]{4  <1.0>}
x[1,4]{1  <1.0>}
x[1,5]{3  <1.0>}
x[1,6]{5  <1.0>}
x[1,7]{2  <1.0>}
x[2,0]{5  <1.0>}
x[2,1]{4  <1.0>}
x[2,2]{0  <1.0>}
x[2,3]{1  <1.0>}
x[2,4]{3  <1.0>}
x[2,5]{6  <1.0>}
x[2,6]{2  <1.0>}
x[2,7]{7  <1.0>}
x[3,0]{6  <1.0>}
x[3,1]{2  <1.0>}
x[3,2]{3  <1.0>}
x[3,3]{7  <1.0>}
x[3,4]{0  <1.0>}
x[3,5]{5  <1.0>}
x[3,6]{4  <1.0>}
x[3,7]{1  <1.0>}
x[4,0]{2  <1.0>}
x[4,1]{1  <1.0>}
x[4,2]{5  <0.39022256965604196>, 6  <0.6097774303439579>}
x[4,3]{3  <1.0>}
x[4,4]{6  <0.5150893500494578>, 5  <0.4849106499505422>}
x[4,5]{4  <1.0>}
x[4,6]{7  <1.0>}
x[4,7]{0  <1.0>}
x[5,0]{7  <1.0>}
x[5,1]{3  <1.0>}
x[5,2]{4  <1.0>}
x[5,3]{5  <1.0>}
x[5,4]{2  <1.0>}
x[5,5]{1  <1.0>}
x[5,6]{0  <1.0>}
x[5,7]{6  <1.0>}
x[6,0]{3  <1.0>}
x[6,1]{5  <1.0>}
x[6,2]{1  <1.0>}
x[6,3]{2  <1.0>}
x[6,4]{7  <1.0>}
x[6,5]{0  <1.0>}
x[6,6]{6  <1.0>}
x[6,7]{4  <1.0>}
x[7,0]{4  <1.0>}
x[7,1]{7  <1.0>}
x[7,2]{6  <0.32018101357165196>, 5  <0.679818986428348>}
x[7,3]{0  <1.0>}
x[7,4]{6  <0.4995099463563933>, 5  <0.5004900536436068>}
x[7,5]{2  <1.0>}
x[7,6]{1  <1.0>}
x[7,7]{3  <1.0>}
problem entropy = 0.9672158655464763
smallest variable entropy = 0.6270058252167752
##### after BP iteration 3 #####
x[0,0]{1  <1.0>}
x[0,1]{0  <1.0>}
x[0,2]{2  <1.0>}
x[0,3]{6  <1.0>}
x[0,4]{4  <1.0>}
x[0,5]{7  <1.0>}
x[0,6]{3  <1.0>}
x[0,7]{5  <1.0>}
x[1,0]{0  <1.0>}
x[1,1]{6  <1.0>}
x[1,2]{7  <1.0>}
x[1,3]{4  <1.0>}
x[1,4]{1  <1.0>}
x[1,5]{3  <1.0>}
x[1,6]{5  <1.0>}
x[1,7]{2  <1.0>}
x[2,0]{5  <1.0>}
x[2,1]{4  <1.0>}
x[2,2]{0  <1.0>}
x[2,3]{1  <1.0>}
x[2,4]{3  <1.0>}
x[2,5]{6  <1.0>}
x[2,6]{2  <1.0>}
x[2,7]{7  <1.0>}
x[3,0]{6  <1.0>}
x[3,1]{2  <1.0>}
x[3,2]{3  <1.0>}
x[3,3]{7  <1.0>}
x[3,4]{0  <1.0>}
x[3,5]{5  <1.0>}
x[3,6]{4  <1.0>}
x[3,7]{1  <1.0>}
x[4,0]{2  <1.0>}
x[4,1]{1  <1.0>}
x[4,2]{5  <0.35511754596589745>, 6  <0.6448824540341024>}
x[4,3]{3  <1.0>}
x[4,4]{6  <0.4710348210973003>, 5  <0.5289651789026997>}
x[4,5]{4  <1.0>}
x[4,6]{7  <1.0>}
x[4,7]{0  <1.0>}
x[5,0]{7  <1.0>}
x[5,1]{3  <1.0>}
x[5,2]{4  <1.0>}
x[5,3]{5  <1.0>}
x[5,4]{2  <1.0>}
x[5,5]{1  <1.0>}
x[5,6]{0  <1.0>}
x[5,7]{6  <1.0>}
x[6,0]{3  <1.0>}
x[6,1]{5  <1.0>}
x[6,2]{1  <1.0>}
x[6,3]{2  <1.0>}
x[6,4]{7  <1.0>}
x[6,5]{0  <1.0>}
x[6,6]{6  <1.0>}
x[6,7]{4  <1.0>}
x[7,0]{4  <1.0>}
x[7,1]{7  <1.0>}
x[7,2]{6  <0.41862366166085>, 5  <0.58137633833915>}
x[7,3]{0  <1.0>}
x[7,4]{6  <0.5239678967442729>, 5  <0.47603210325572715>}
x[7,5]{2  <1.0>}
x[7,6]{1  <1.0>}
x[7,7]{3  <1.0>}
problem entropy = 0.9788206635321183
smallest variable entropy = 0.6505571697347465
### branching on x[4,2]=6; marginal=0.6448824540341024; regret=0.28976490806820493; nb of ties=1
##### after BP iteration 1 #####
x[0,0]{1  <1.0>}
x[0,1]{0  <1.0>}
x[0,2]{2  <1.0>}
x[0,3]{6  <1.0>}
x[0,4]{4  <1.0>}
x[0,5]{7  <1.0>}
x[0,6]{3  <1.0>}
x[0,7]{5  <1.0>}
x[1,0]{0  <1.0>}
x[1,1]{6  <1.0>}
x[1,2]{7  <1.0>}
x[1,3]{4  <1.0>}
x[1,4]{1  <1.0>}
x[1,5]{3  <1.0>}
x[1,6]{5  <1.0>}
x[1,7]{2  <1.0>}
x[2,0]{5  <1.0>}
x[2,1]{4  <1.0>}
x[2,2]{0  <1.0>}
x[2,3]{1  <1.0>}
x[2,4]{3  <1.0>}
x[2,5]{6  <1.0>}
x[2,6]{2  <1.0>}
x[2,7]{7  <1.0>}
x[3,0]{6  <1.0>}
x[3,1]{2  <1.0>}
x[3,2]{3  <1.0>}
x[3,3]{7  <1.0>}
x[3,4]{0  <1.0>}
x[3,5]{5  <1.0>}
x[3,6]{4  <1.0>}
x[3,7]{1  <1.0>}
x[4,0]{2  <1.0>}
x[4,1]{1  <1.0>}
x[4,2]{6  <1.0>}
x[4,3]{3  <1.0>}
x[4,4]{5  <1.0>}
x[4,5]{4  <1.0>}
x[4,6]{7  <1.0>}
x[4,7]{0  <1.0>}
x[5,0]{7  <1.0>}
x[5,1]{3  <1.0>}
x[5,2]{4  <1.0>}
x[5,3]{5  <1.0>}
x[5,4]{2  <1.0>}
x[5,5]{1  <1.0>}
x[5,6]{0  <1.0>}
x[5,7]{6  <1.0>}
x[6,0]{3  <1.0>}
x[6,1]{5  <1.0>}
x[6,2]{1  <1.0>}
x[6,3]{2  <1.0>}
x[6,4]{7  <1.0>}
x[6,5]{0  <1.0>}
x[6,6]{6  <1.0>}
x[6,7]{4  <1.0>}
x[7,0]{4  <1.0>}
x[7,1]{7  <1.0>}
x[7,2]{5  <1.0>}
x[7,3]{0  <1.0>}
x[7,4]{6  <1.0>}
x[7,5]{2  <1.0>}
x[7,6]{1  <1.0>}
x[7,7]{3  <1.0>}
problem entropy = 0.0
smallest variable entropy = 1.7976931348623157E308
### branching on x[4,2]!=6
##### after BP iteration 1 #####
x[0,0]{1  <1.0>}
x[0,1]{0  <1.0>}
x[0,2]{2  <1.0>}
x[0,3]{6  <1.0>}
x[0,4]{4  <1.0>}
x[0,5]{7  <1.0>}
x[0,6]{3  <1.0>}
x[0,7]{5  <1.0>}
x[1,0]{0  <1.0>}
x[1,1]{6  <1.0>}
x[1,2]{7  <1.0>}
x[1,3]{4  <1.0>}
x[1,4]{1  <1.0>}
x[1,5]{3  <1.0>}
x[1,6]{5  <1.0>}
x[1,7]{2  <1.0>}
x[2,0]{5  <1.0>}
x[2,1]{4  <1.0>}
x[2,2]{0  <1.0>}
x[2,3]{1  <1.0>}
x[2,4]{3  <1.0>}
x[2,5]{6  <1.0>}
x[2,6]{2  <1.0>}
x[2,7]{7  <1.0>}
x[3,0]{6  <1.0>}
x[3,1]{2  <1.0>}
x[3,2]{3  <1.0>}
x[3,3]{7  <1.0>}
x[3,4]{0  <1.0>}
x[3,5]{5  <1.0>}
x[3,6]{4  <1.0>}
x[3,7]{1  <1.0>}
x[4,0]{2  <1.0>}
x[4,1]{1  <1.0>}
x[4,2]{5  <1.0>}
x[4,3]{3  <1.0>}
x[4,4]{6  <1.0>}
x[4,5]{4  <1.0>}
x[4,6]{7  <1.0>}
x[4,7]{0  <1.0>}
x[5,0]{7  <1.0>}
x[5,1]{3  <1.0>}
x[5,2]{4  <1.0>}
x[5,3]{5  <1.0>}
x[5,4]{2  <1.0>}
x[5,5]{1  <1.0>}
x[5,6]{0  <1.0>}
x[5,7]{6  <1.0>}
x[6,0]{3  <1.0>}
x[6,1]{5  <1.0>}
x[6,2]{1  <1.0>}
x[6,3]{2  <1.0>}
x[6,4]{7  <1.0>}
x[6,5]{0  <1.0>}
x[6,6]{6  <1.0>}
x[6,7]{4  <1.0>}
x[7,0]{4  <1.0>}
x[7,1]{7  <1.0>}
x[7,2]{6  <1.0>}
x[7,3]{0  <1.0>}
x[7,4]{5  <1.0>}
x[7,5]{2  <1.0>}
x[7,6]{1  <1.0>}
x[7,7]{3  <1.0>}
problem entropy = 0.0
smallest variable entropy = 1.7976931348623157E308

	#choice: 8
	#fail: 0
	execution time (ms): 275
	#sols : 1
	completed : false

