{7  <1.0>}
model: sum-product-oracle
FINAL DAMPING FACTOR = 1.0
##### after BP iteration 1 #####
x[0,0]{7  <1.0>}
x[0,1]{2  <1.0>}
x[0,2]{6  <1.0>}
x[0,3]{4  <1.0>}
x[0,4]{0  <1.0>}
x[0,5]{1  <1.0>}
x[0,6]{3  <1.0>}
x[0,7]{5  <1.0>}
x[1,0]{0  <0.3735712219017187>, 1  <0.6264287780982813>}
x[1,1]{3  <1.0>}
x[1,2]{5  <1.0>}
x[1,3]{0  <0.1230228759334455>, 1  <0.4868656951982463>, 2  <0.2842284276289098>, 7  <0.1058830012393985>}
x[1,4]{7  <0.32964729821408634>, 1  <0.20099106334215447>, 2  <0.4693616384437591>}
x[1,5]{6  <1.0>}
x[1,6]{7  <0.4428644461086677>, 1  <0.190684102329692>, 2  <0.3664514515616402>}
x[1,7]{4  <1.0>}
x[2,0]{3  <0.30695256976294766>, 1  <0.26086275666713327>, 6  <0.4321846735699191>}
x[2,1]{7  <0.08063776161807874>, 1  <0.39221446751385236>, 6  <0.10373380528398458>, 5  <0.42341396558408434>}
x[2,2]{7  <0.6907876534331409>, 1  <0.05608839252948234>, 2  <0.21876271716608142>, 3  <0.0343612368712955>}
x[2,3]{7  <0.08667328204986292>, 1  <0.25489522615435867>, 2  <0.2736787215515647>, 5  <0.2721919610125539>, 6  <0.11256080923165973>}
x[2,4]{7  <0.14314943708237712>, 1  <0.18186107240545812>, 2  <0.2743031222211785>, 3  <0.12096634973437122>, 6  <0.15494310788902624>, 5  <0.12477691066758886>}
x[2,5]{0  <1.0>}
x[2,6]{4  <1.0>}
x[2,7]{3  <0.46988352231172015>, 6  <0.1741604269613962>, 2  <0.3559560507268837>}
x[3,0]{2  <1.0>}
x[3,1]{6  <0.47980507918658044>, 7  <0.5201949208134196>}
x[3,2]{3  <0.643854267799744>, 4  <0.356145732200256>}
x[3,3]{6  <0.6313591131080666>, 7  <0.3686408868919336>}
x[3,4]{3  <0.8880235717646402>, 4  <0.1119764282353598>}
x[3,5]{5  <1.0>}
x[3,6]{0  <1.0>}
x[3,7]{1  <1.0>}
x[4,0]{3  <0.2735207863163518>, 1  <0.3527166792899091>, 6  <0.37376253439373913>}
x[4,1]{0  <1.0>}
x[4,2]{7  <0.21135220634534144>, 1  <0.26099129535853854>, 2  <0.4635606835581487>, 3  <0.06409581473797142>}
x[4,3]{7  <0.10604195053669757>, 1  <0.24352188262086458>, 2  <0.1616429759250539>, 5  <0.3969374252300704>, 6  <0.09185576568731348>}
x[4,4]{7  <0.3568573543146619>, 1  <0.07703207183635605>, 2  <0.09378304192345953>, 3  <0.06919116447927218>, 6  <0.19547058624921726>, 5  <0.20766578119703324>}
x[4,5]{4  <1.0>}
x[4,6]{7  <0.23303223448819815>, 1  <0.27964599734577417>, 2  <0.16670747734209573>, 5  <0.1813454912404639>, 6  <0.13926879958346797>}
x[4,7]{3  <0.5696876248425873>, 6  <0.17041023288531615>, 2  <0.25990214227209674>}
x[5,0]{5  <1.0>}
x[5,1]{7  <0.24080883174208884>, 1  <0.33890603987865736>, 6  <0.4202851283792539>}
x[5,2]{7  <0.1260671531748327>, 1  <0.20066457517081543>, 2  <0.33477881722147623>, 4  <0.3384894544328756>}
x[5,3]{7  <0.13254847491303245>, 1  <0.26918476930890156>, 2  <0.3607660756389196>, 6  <0.23750068013914646>}
x[5,4]{7  <0.06381062490188548>, 1  <0.05622085566724292>, 2  <0.07210173402300642>, 6  <0.09607122299814284>, 4  <0.7117955624097222>}
x[5,5]{3  <1.0>}
x[5,6]{7  <0.2745165438495818>, 1  <0.21029258306014342>, 2  <0.2546898702892499>, 6  <0.26050100280102495>}
x[5,7]{0  <1.0>}
x[6,0]{0  <0.11067621232158702>, 1  <0.28144933600207034>, 6  <0.33186750614945043>, 3  <0.2760069455268922>}
x[6,1]{4  <1.0>}
x[6,2]{3  <0.2933406704665263>, 1  <0.7066593295334738>}
x[6,3]{0  <0.764347120125486>, 1  <0.11166181262585978>, 6  <0.05830905082012456>, 5  <0.06568201642852968>}
x[6,4]{5  <0.20583950505952425>, 1  <0.19179133955776956>, 6  <0.4090951620694662>, 3  <0.19327399331324005>}
x[6,5]{2  <1.0>}
x[6,6]{6  <0.5331830753860536>, 1  <0.051683939289620055>, 5  <0.41513298532432646>}
x[6,7]{7  <1.0>}
x[7,0]{4  <1.0>}
x[7,1]{6  <0.06905061934316682>, 1  <0.6137076407443623>, 5  <0.3172417399124709>}
x[7,2]{0  <1.0>}
x[7,3]{3  <1.0>}
x[7,4]{5  <0.1319459734223608>, 1  <0.3937482330773424>, 2  <0.3143519713713257>, 6  <0.15995382212897113>}
x[7,5]{7  <1.0>}
x[7,6]{5  <0.14209640657817973>, 1  <0.4130728276530267>, 2  <0.3052210551682199>, 6  <0.13960971060057362>}
x[7,7]{2  <0.3195066317479091>, 6  <0.6804933682520908>}
problem entropy = 0.0
smallest variable entropy = 1.7976931348623157E308
### branching on x[1,0]=1
##### after BP iteration 1 #####
x[0,0]{7  <1.0>}
x[0,1]{2  <1.0>}
x[0,2]{6  <1.0>}
x[0,3]{4  <1.0>}
x[0,4]{0  <1.0>}
x[0,5]{1  <1.0>}
x[0,6]{3  <1.0>}
x[0,7]{5  <1.0>}
x[1,0]{1  <1.0>}
x[1,1]{3  <1.0>}
x[1,2]{5  <1.0>}
x[1,3]{0  <1.0>}
x[1,4]{7  <0.4985599627937421>, 2  <0.501440037206258>}
x[1,5]{6  <1.0>}
x[1,6]{7  <0.6672120271954598>, 2  <0.3327879728045402>}
x[1,7]{4  <1.0>}
x[2,0]{3  <0.5079989480747338>, 6  <0.4920010519252662>}
x[2,1]{7  <0.057433205288245984>, 1  <0.3133542765669781>, 6  <0.03557212280290341>, 5  <0.5936403953418725>}
x[2,2]{7  <0.7806760328771011>, 1  <0.024570117820538865>, 2  <0.17552923987114358>, 3  <0.019224609431216393>}
x[2,3]{7  <0.08715034300775072>, 1  <0.274736778566059>, 2  <0.2931883635175409>, 5  <0.28744312404772454>, 6  <0.057481390860924755>}
x[2,4]{7  <0.14044869272271354>, 1  <0.2634536540736002>, 2  <0.21100590412485307>, 3  <0.01723218394363997>, 6  <0.13599677720028758>, 5  <0.23186278793490558>}
x[2,5]{0  <1.0>}
x[2,6]{4  <1.0>}
x[2,7]{3  <0.4004360199680337>, 6  <0.19559548158297982>, 2  <0.4039684984489865>}
x[3,0]{2  <1.0>}
x[3,1]{6  <0.30023420971822457>, 7  <0.6997657902817754>}
x[3,2]{3  <0.3690190542472932>, 4  <0.6309809457527068>}
x[3,3]{6  <0.3671685557735868>, 7  <0.6328314442264131>}
x[3,4]{3  <0.8229675509408549>, 4  <0.1770324490591451>}
x[3,5]{5  <1.0>}
x[3,6]{0  <1.0>}
x[3,7]{1  <1.0>}
x[4,0]{3  <0.47261851021516366>, 6  <0.5273814897848365>}
x[4,1]{0  <1.0>}
x[4,2]{7  <0.2021045323557642>, 1  <0.14291218184063417>, 2  <0.6196464187108875>, 3  <0.03533686709271405>}
x[4,3]{7  <0.1241267386688969>, 1  <0.24185628902779902>, 2  <0.14868017632087277>, 5  <0.45391154532685823>, 6  <0.03142525065557305>}
x[4,4]{7  <0.36110481643412246>, 1  <0.08290426791118245>, 2  <0.06017964633171809>, 3  <0.006040962597293413>, 6  <0.09035121212577883>, 5  <0.3994190945999049>}
x[4,5]{4  <1.0>}
x[4,6]{7  <0.1855223387953098>, 1  <0.32979695801124487>, 2  <0.10652716276397928>, 5  <0.31679566379372287>, 6  <0.06135787663574334>}
x[4,7]{3  <0.535476391145687>, 6  <0.1949922462883047>, 2  <0.2695313625660084>}
x[5,0]{5  <1.0>}
x[5,1]{7  <0.3766229867215287>, 1  <0.14958667172573484>, 6  <0.4737903415527365>}
x[5,2]{7  <0.06420034384621992>, 1  <0.10079146713080626>, 2  <0.1947739561435168>, 4  <0.6402342328794571>}
x[5,3]{7  <0.2025748531593513>, 1  <0.20390048167043176>, 2  <0.37133699943281195>, 6  <0.22218766573740503>}
x[5,4]{7  <0.01096278442221461>, 1  <0.012826637094448364>, 2  <0.010875315233266066>, 6  <0.019728519875774668>, 4  <0.9456067433742963>}
x[5,5]{3  <1.0>}
x[5,6]{7  <0.28827642213745275>, 1  <0.20770657640208462>, 2  <0.18924459706870594>, 6  <0.3147724043917568>}
x[5,7]{0  <1.0>}
x[6,0]{0  <1.0>}
x[6,1]{4  <1.0>}
x[6,2]{3  <0.43786817796358224>, 1  <0.5621318220364178>}
x[6,3]{5  <0.5991075982972238>, 1  <0.22838922444288706>, 6  <0.17250317725988917>}
x[6,4]{5  <0.34642421754920455>, 1  <0.2541035194988187>, 6  <0.30986654681052234>, 3  <0.08960571614145452>}
x[6,5]{2  <1.0>}
x[6,6]{6  <0.4081190985184238>, 1  <0.042644786398779264>, 5  <0.5492361150827969>}
x[6,7]{7  <1.0>}
x[7,0]{4  <1.0>}
x[7,1]{6  <0.03866380315487775>, 1  <0.2697682457674353>, 5  <0.691567951077687>}
x[7,2]{0  <1.0>}
x[7,3]{3  <1.0>}
x[7,4]{5  <0.2962802968934676>, 1  <0.3308256323456461>, 2  <0.2388162989245351>, 6  <0.13407777183635117>}
x[7,5]{7  <1.0>}
x[7,6]{5  <0.302650495699154>, 1  <0.3350824105432707>, 2  <0.24982536494705884>, 6  <0.1124417288105164>}
x[7,7]{2  <0.33830135029040714>, 6  <0.6616986497095928>}
problem entropy = 0.0
smallest variable entropy = 1.7976931348623157E308
### branching on x[1,4]=7
##### after BP iteration 1 #####
x[0,0]{7  <1.0>}
x[0,1]{2  <1.0>}
x[0,2]{6  <1.0>}
x[0,3]{4  <1.0>}
x[0,4]{0  <1.0>}
x[0,5]{1  <1.0>}
x[0,6]{3  <1.0>}
x[0,7]{5  <1.0>}
x[1,0]{1  <1.0>}
x[1,1]{3  <1.0>}
x[1,2]{5  <1.0>}
x[1,3]{0  <1.0>}
x[1,4]{7  <1.0>}
x[1,5]{6  <1.0>}
x[1,6]{2  <1.0>}
x[1,7]{4  <1.0>}
x[2,0]{3  <0.6177458071947952>, 6  <0.3822541928052047>}
x[2,1]{7  <0.037627022582883904>, 1  <0.528595089864522>, 6  <0.0654173063487143>, 5  <0.3683605812038798>}
x[2,2]{7  <0.8394733656248868>, 1  <0.05736820011943684>, 2  <0.0906212077922946>, 3  <0.012537226463381776>}
x[2,3]{7  <0.0827719058727773>, 1  <0.26709773905151263>, 2  <0.43364424922003875>, 5  <0.10679376638134443>, 6  <0.10969233947432684>}
x[2,4]{5  <0.12302963110073342>, 1  <0.4005126898013655>, 2  <0.249886385377025>, 3  <0.030314151549911135>, 6  <0.19625714217096496>}
x[2,5]{0  <1.0>}
x[2,6]{4  <1.0>}
x[2,7]{3  <0.4250762719062896>, 6  <0.24530482051174402>, 2  <0.3296189075819664>}
x[3,0]{2  <1.0>}
x[3,1]{6  <0.600650245271352>, 7  <0.39934975472864803>}
x[3,2]{3  <0.06535363998988451>, 4  <0.9346463600101156>}
x[3,3]{6  <0.5305227469447561>, 7  <0.4694772530552439>}
x[3,4]{3  <0.6328715067179665>, 4  <0.36712849328203334>}
x[3,5]{5  <1.0>}
x[3,6]{0  <1.0>}
x[3,7]{1  <1.0>}
x[4,0]{3  <0.48208867470025596>, 6  <0.517911325299744>}
x[4,1]{0  <1.0>}
x[4,2]{7  <0.24661528234004718>, 1  <0.44303256136522634>, 2  <0.2801985188185417>, 3  <0.030153637476184752>}
x[4,3]{7  <0.297966274754002>, 1  <0.3275155897314198>, 2  <0.19788148392483565>, 5  <0.12553843677805968>, 6  <0.05109821481168281>}
x[4,4]{5  <0.5261961386242237>, 1  <0.17506924793180612>, 2  <0.09764226311239181>, 3  <0.014690002637006642>, 6  <0.1864023476945719>}
x[4,5]{4  <1.0>}
x[4,6]{7  <0.5291847765044411>, 1  <0.33532047617491595>, 6  <0.03846916684770123>, 5  <0.0970255804729415>}
x[4,7]{3  <0.49654646598892205>, 6  <0.2296836314386977>, 2  <0.2737699025723803>}
x[5,0]{5  <1.0>}
x[5,1]{7  <0.34696623370915586>, 1  <0.15077805359460392>, 6  <0.5022557126962401>}
x[5,2]{7  <0.09882456799420089>, 1  <0.28081755063417296>, 2  <0.6054844495278366>, 4  <0.01487343184378947>}
x[5,3]{7  <0.15100128521765163>, 1  <0.19652975164769906>, 2  <0.5001075263480452>, 6  <0.152361436786604>}
x[5,4]{4  <0.3581062904594463>, 1  <0.17992416123024857>, 2  <0.2202819653206192>, 6  <0.24168758298968587>}
x[5,5]{3  <1.0>}
x[5,6]{7  <0.5955686088295414>, 1  <0.22547405381922764>, 6  <0.17895733735123098>}
x[5,7]{0  <1.0>}
x[6,0]{0  <1.0>}
x[6,1]{4  <1.0>}
x[6,2]{3  <0.9674820109228577>, 1  <0.0325179890771423>}
x[6,3]{5  <0.29666383922553186>, 1  <0.45746443856822366>, 6  <0.2458717222062444>}
x[6,4]{5  <0.07885578127624214>, 1  <0.2394564407497164>, 6  <0.32682147043701193>, 3  <0.3548663075370295>}
x[6,5]{2  <1.0>}
x[6,6]{6  <0.661716273333481>, 1  <0.08603081701673716>, 5  <0.25225290964978175>}
x[6,7]{7  <1.0>}
x[7,0]{4  <1.0>}
x[7,1]{6  <0.0902099396917627>, 1  <0.3590721131781476>, 5  <0.5507179471300897>}
x[7,2]{0  <1.0>}
x[7,3]{3  <1.0>}
x[7,4]{5  <0.04869458328946605>, 1  <0.11240716302851705>, 2  <0.6238086716512162>, 6  <0.21508958203080056>}
x[7,5]{7  <1.0>}
x[7,6]{5  <0.2784781570673574>, 1  <0.4793042041277803>, 6  <0.24221763880486225>}
x[7,7]{2  <0.6146577489584674>, 6  <0.38534225104153264>}
problem entropy = 0.0
smallest variable entropy = 1.7976931348623157E308
### branching on x[2,0]=3
##### after BP iteration 1 #####
x[0,0]{7  <1.0>}
x[0,1]{2  <1.0>}
x[0,2]{6  <1.0>}
x[0,3]{4  <1.0>}
x[0,4]{0  <1.0>}
x[0,5]{1  <1.0>}
x[0,6]{3  <1.0>}
x[0,7]{5  <1.0>}
x[1,0]{1  <1.0>}
x[1,1]{3  <1.0>}
x[1,2]{5  <1.0>}
x[1,3]{0  <1.0>}
x[1,4]{7  <1.0>}
x[1,5]{6  <1.0>}
x[1,6]{2  <1.0>}
x[1,7]{4  <1.0>}
x[2,0]{3  <1.0>}
x[2,1]{7  <0.048756379753281294>, 1  <0.3446428747566434>, 6  <0.04641239408296673>, 5  <0.5601883514071087>}
x[2,2]{7  <0.858465889752447>, 1  <0.08865960579897186>, 2  <0.05287450444858131>}
x[2,3]{7  <0.06756010839728045>, 1  <0.1834657616328038>, 2  <0.153932969871369>, 5  <0.49078150921493857>, 6  <0.10425965088360815>}
x[2,4]{5  <0.21335785181133382>, 1  <0.34919547568912823>, 2  <0.09244969057705772>, 6  <0.34499698192248013>}
x[2,5]{0  <1.0>}
x[2,6]{4  <1.0>}
x[2,7]{2  <0.304603833324393>, 6  <0.6953961666756071>}
x[3,0]{2  <1.0>}
x[3,1]{6  <0.5410777133515103>, 7  <0.4589222866484896>}
x[3,2]{3  <0.00249063909315525>, 4  <0.9975093609068448>}
x[3,3]{6  <0.581979797338043>, 7  <0.41802020266195705>}
x[3,4]{3  <0.5383481422183116>, 4  <0.46165185778168844>}
x[3,5]{5  <1.0>}
x[3,6]{0  <1.0>}
x[3,7]{1  <1.0>}
x[4,0]{6  <1.0>}
x[4,1]{0  <1.0>}
x[4,2]{7  <0.08285414156893935>, 1  <0.5560939187486486>, 2  <0.361051939682412>}
x[4,3]{7  <0.22687651550524934>, 1  <0.18469592900306964>, 2  <0.3053278737037209>, 5  <0.2830996817879602>}
x[4,4]{5  <0.8906773786663077>, 1  <0.056207054158652056>, 2  <0.05311556717504028>}
x[4,5]{4  <1.0>}
x[4,6]{7  <0.6919162177595963>, 1  <0.1812963148250784>, 5  <0.12678746741532523>}
x[4,7]{3  <1.0>}
x[5,0]{5  <1.0>}
x[5,1]{7  <0.34433352721321075>, 1  <0.1987677778631861>, 6  <0.4568986949236032>}
x[5,2]{7  <0.03817607726378419>, 1  <0.3925120603580027>, 2  <0.557327442628736>, 4  <0.011984419749477159>}
x[5,3]{7  <0.1256902744563762>, 1  <0.23626396505837066>, 2  <0.5214798893074322>, 6  <0.1165658711778209>}
x[5,4]{4  <0.7723714214200903>, 1  <0.07498333725212557>, 2  <0.05602142545892751>, 6  <0.09662381586885678>}
x[5,5]{3  <1.0>}
x[5,6]{7  <0.46763703820557645>, 1  <0.3042581945971717>, 6  <0.2281047671972518>}
x[5,7]{0  <1.0>}
x[6,0]{0  <1.0>}
x[6,1]{4  <1.0>}
x[6,2]{3  <0.9957096057049176>, 1  <0.004290394295082438>}
x[6,3]{5  <0.6600464239202>, 1  <0.2619361662786855>, 6  <0.07801740980111452>}
x[6,4]{5  <0.0828030666089587>, 1  <0.2346153346361041>, 6  <0.24141493303820016>, 3  <0.44116666571673707>}
x[6,5]{2  <1.0>}
x[6,6]{6  <0.33993255890630364>, 1  <0.07117168278441718>, 5  <0.5888957583092792>}
x[6,7]{7  <1.0>}
x[7,0]{4  <1.0>}
x[7,1]{6  <0.031221312720884416>, 1  <0.38250783126202303>, 5  <0.5862708560170925>}
x[7,2]{0  <1.0>}
x[7,3]{3  <1.0>}
x[7,4]{5  <0.04831344737523643>, 1  <0.09760937030435243>, 2  <0.5325635203916748>, 6  <0.3215136619287365>}
x[7,5]{7  <1.0>}
x[7,6]{5  <0.5485989909392192>, 1  <0.33029918104961115>, 6  <0.12110182801116981>}
x[7,7]{2  <0.46733771022537174>, 6  <0.5326622897746284>}
problem entropy = 0.0
smallest variable entropy = 1.7976931348623157E308
### branching on x[2,7]=2
##### after BP iteration 1 #####
x[0,0]{7  <1.0>}
x[0,1]{2  <1.0>}
x[0,2]{6  <1.0>}
x[0,3]{4  <1.0>}
x[0,4]{0  <1.0>}
x[0,5]{1  <1.0>}
x[0,6]{3  <1.0>}
x[0,7]{5  <1.0>}
x[1,0]{1  <1.0>}
x[1,1]{3  <1.0>}
x[1,2]{5  <1.0>}
x[1,3]{0  <1.0>}
x[1,4]{7  <1.0>}
x[1,5]{6  <1.0>}
x[1,6]{2  <1.0>}
x[1,7]{4  <1.0>}
x[2,0]{3  <1.0>}
x[2,1]{7  <0.07220070746003114>, 1  <0.43459211896611>, 6  <0.14742843210912068>, 5  <0.3457787414647383>}
x[2,2]{7  <0.926585958813458>, 1  <0.07341404118654198>}
x[2,3]{7  <0.0896912854071999>, 1  <0.2339187216792266>, 6  <0.2890382336472248>, 5  <0.3873517592663486>}
x[2,4]{5  <0.01758305549789595>, 1  <0.12177890439047626>, 6  <0.8606380401116278>}
x[2,5]{0  <1.0>}
x[2,6]{4  <1.0>}
x[2,7]{2  <1.0>}
x[3,0]{2  <1.0>}
x[3,1]{6  <0.27251856595917967>, 7  <0.7274814340408203>}
x[3,2]{3  <0.3585555624264892>, 4  <0.6414444375735109>}
x[3,3]{6  <0.4634293383605893>, 7  <0.5365706616394107>}
x[3,4]{3  <0.9997886640636808>, 4  <2.1133593631921508E-4>}
x[3,5]{5  <1.0>}
x[3,6]{0  <1.0>}
x[3,7]{1  <1.0>}
x[4,0]{6  <1.0>}
x[4,1]{0  <1.0>}
x[4,2]{7  <0.01807519940495209>, 1  <0.3427612294333989>, 2  <0.6391635711616489>}
x[4,3]{7  <0.15406222721550566>, 1  <0.1606478437499842>, 2  <0.6641137427558096>, 5  <0.021176186278700493>}
x[4,4]{5  <0.8018215307889348>, 1  <0.19817846921106524>}
x[4,5]{4  <1.0>}
x[4,6]{7  <0.8029976883017494>, 1  <0.16768743869253713>, 5  <0.029314873005713355>}
x[4,7]{3  <1.0>}
x[5,0]{5  <1.0>}
x[5,1]{7  <0.4265156165030681>, 1  <0.08823770918284297>, 6  <0.4852466743140889>}
x[5,2]{7  <0.017060416233907888>, 1  <0.3679511085770208>, 2  <0.458458040383543>, 4  <0.15653043480552833>}
x[5,3]{7  <0.1556483455951029>, 1  <0.18459296081755322>, 2  <0.40816851434580503>, 6  <0.25159017924153876>}
x[5,4]{4  <0.9987790362299532>, 1  <4.82181928926873E-4>, 6  <7.387818411197574E-4>}
x[5,5]{3  <1.0>}
x[5,6]{7  <0.15758581028575952>, 1  <0.19620407082238334>, 6  <0.6462101188918571>}
x[5,7]{0  <1.0>}
x[6,0]{0  <1.0>}
x[6,1]{4  <1.0>}
x[6,2]{3  <0.6086918727547587>, 1  <0.39130812724524144>}
x[6,3]{5  <0.27177150335258293>, 1  <0.5231098998071829>, 6  <0.20511859684023406>}
x[6,4]{5  <0.026644221993595188>, 1  <0.556938571235535>, 6  <0.415981053205642>, 3  <4.361535652277237E-4>}
x[6,5]{2  <1.0>}
x[6,6]{6  <0.5854064719946852>, 1  <0.15117472006958516>, 5  <0.26341880793572964>}
x[6,7]{7  <1.0>}
x[7,0]{4  <1.0>}
x[7,1]{5  <0.2820222522162854>, 1  <0.7179777477837145>}
x[7,2]{0  <1.0>}
x[7,3]{3  <1.0>}
x[7,4]{2  <1.0>}
x[7,5]{7  <1.0>}
x[7,6]{5  <0.48575114443944933>, 1  <0.5142488555605508>}
x[7,7]{6  <1.0>}
problem entropy = 0.0
smallest variable entropy = 1.7976931348623157E308
### branching on x[2,2]=7
### branching on x[3,1]=6
##### after BP iteration 1 #####
x[0,0]{7  <1.0>}
x[0,1]{2  <1.0>}
x[0,2]{6  <1.0>}
x[0,3]{4  <1.0>}
x[0,4]{0  <1.0>}
x[0,5]{1  <1.0>}
x[0,6]{3  <1.0>}
x[0,7]{5  <1.0>}
x[1,0]{1  <1.0>}
x[1,1]{3  <1.0>}
x[1,2]{5  <1.0>}
x[1,3]{0  <1.0>}
x[1,4]{7  <1.0>}
x[1,5]{6  <1.0>}
x[1,6]{2  <1.0>}
x[1,7]{4  <1.0>}
x[2,0]{3  <1.0>}
x[2,1]{5  <0.6838798684501292>, 1  <0.31612013154987095>}
x[2,2]{7  <1.0>}
x[2,3]{5  <0.6905022735627189>, 1  <0.17944550206334955>, 6  <0.13005222437393152>}
x[2,4]{5  <0.04674345218600102>, 1  <0.16389814026990632>, 6  <0.7893584075440927>}
x[2,5]{0  <1.0>}
x[2,6]{4  <1.0>}
x[2,7]{2  <1.0>}
x[3,0]{2  <1.0>}
x[3,1]{6  <1.0>}
x[3,2]{3  <0.13661169800787454>, 4  <0.8633883019921255>}
x[3,3]{7  <1.0>}
x[3,4]{3  <0.9999750004844039>, 4  <2.4999515596108708E-5>}
x[3,5]{5  <1.0>}
x[3,6]{0  <1.0>}
x[3,7]{1  <1.0>}
x[4,0]{6  <1.0>}
x[4,1]{0  <1.0>}
x[4,2]{2  <0.9117758989215045>, 1  <0.08822410107849553>}
x[4,3]{5  <0.11601898969015949>, 1  <0.24441314952072787>, 2  <0.6395678607891127>}
x[4,4]{5  <0.9591991030875092>, 1  <0.040800896912490774>}
x[4,5]{4  <1.0>}
x[4,6]{7  <1.0>}
x[4,7]{3  <1.0>}
x[5,0]{5  <1.0>}
x[5,1]{7  <1.0>}
x[5,2]{4  <0.33493412508261683>, 1  <0.4636872601497645>, 2  <0.2013786147676188>}
x[5,3]{6  <0.3547620327394793>, 1  <0.3856757068246504>, 2  <0.25956226043587033>}
x[5,4]{4  <0.9999940836513801>, 1  <4.760194399053948E-6>, 6  <1.1561542208746092E-6>}
x[5,5]{3  <1.0>}
x[5,6]{6  <0.8029182979370545>, 1  <0.19708170206294548>}
x[5,7]{0  <1.0>}
x[6,0]{0  <1.0>}
x[6,1]{4  <1.0>}
x[6,2]{3  <0.8515933986433658>, 1  <0.14840660135663414>}
x[6,3]{5  <0.5920813523921887>, 1  <0.22080694588568534>, 6  <0.1871117017221259>}
x[6,4]{5  <0.1310784965242367>, 1  <0.7405076162821449>, 6  <0.12839991429509987>, 3  <1.3972898518700084E-5>}
x[6,5]{2  <1.0>}
x[6,6]{6  <0.17666982505974202>, 1  <0.13096266650637892>, 5  <0.6923675084338791>}
x[6,7]{7  <1.0>}
x[7,0]{4  <1.0>}
x[7,1]{5  <0.46470553013198035>, 1  <0.5352944698680198>}
x[7,2]{0  <1.0>}
x[7,3]{3  <1.0>}
x[7,4]{2  <1.0>}
x[7,5]{7  <1.0>}
x[7,6]{5  <0.6376411674359158>, 1  <0.36235883256408413>}
x[7,7]{6  <1.0>}
problem entropy = 0.0
smallest variable entropy = 1.7976931348623157E308
### branching on x[2,1]=1
##### after BP iteration 1 #####
x[0,0]{7  <1.0>}
x[0,1]{2  <1.0>}
x[0,2]{6  <1.0>}
x[0,3]{4  <1.0>}
x[0,4]{0  <1.0>}
x[0,5]{1  <1.0>}
x[0,6]{3  <1.0>}
x[0,7]{5  <1.0>}
x[1,0]{1  <1.0>}
x[1,1]{3  <1.0>}
x[1,2]{5  <1.0>}
x[1,3]{0  <1.0>}
x[1,4]{7  <1.0>}
x[1,5]{6  <1.0>}
x[1,6]{2  <1.0>}
x[1,7]{4  <1.0>}
x[2,0]{3  <1.0>}
x[2,1]{1  <1.0>}
x[2,2]{7  <1.0>}
x[2,3]{5  <0.9671443984113597>, 6  <0.03285560158864038>}
x[2,4]{5  <0.017057874250874135>, 6  <0.9829421257491259>}
x[2,5]{0  <1.0>}
x[2,6]{4  <1.0>}
x[2,7]{2  <1.0>}
x[3,0]{2  <1.0>}
x[3,1]{6  <1.0>}
x[3,2]{3  <1.9872088587739657E-7>, 4  <0.9999998012791141>}
x[3,3]{7  <1.0>}
x[3,4]{3  <0.9182498997358319>, 4  <0.08175010026416815>}
x[3,5]{5  <1.0>}
x[3,6]{0  <1.0>}
x[3,7]{1  <1.0>}
x[4,0]{6  <1.0>}
x[4,1]{0  <1.0>}
x[4,2]{2  <0.36379553563859324>, 1  <0.6362044643614068>}
x[4,3]{5  <0.08938871479651223>, 1  <0.8635047260085936>, 2  <0.04710655919489415>}
x[4,4]{5  <0.922134212223275>, 1  <0.0778657877767251>}
x[4,5]{4  <1.0>}
x[4,6]{7  <1.0>}
x[4,7]{3  <1.0>}
x[5,0]{5  <1.0>}
x[5,1]{7  <1.0>}
x[5,2]{4  <2.0625981294792353E-8>, 1  <0.27506523726315013>, 2  <0.7249347421108686>}
x[5,3]{2  <0.6968464565772114>, 1  <0.3031535434227886>}
x[5,4]{4  <0.8428714600365326>, 1  <0.15712853996346757>}
x[5,5]{3  <1.0>}
x[5,6]{6  <1.0>}
x[5,7]{0  <1.0>}
x[6,0]{0  <1.0>}
x[6,1]{4  <1.0>}
x[6,2]{3  <0.9999999091192139>, 1  <9.088078617824704E-8>}
x[6,3]{6  <0.9695181984255293>, 1  <0.03048180157447077>}
x[6,4]{3  <0.07089669794056215>, 1  <0.898101160988338>, 6  <0.031002141071099804>}
x[6,5]{2  <1.0>}
x[6,6]{5  <1.0>}
x[6,7]{7  <1.0>}
x[7,0]{4  <1.0>}
x[7,1]{5  <1.0>}
x[7,2]{0  <1.0>}
x[7,3]{3  <1.0>}
x[7,4]{2  <1.0>}
x[7,5]{7  <1.0>}
x[7,6]{1  <1.0>}
x[7,7]{6  <1.0>}
problem entropy = 0.0
smallest variable entropy = 1.7976931348623157E308
### branching on x[2,3]=5
##### after BP iteration 1 #####
x[0,0]{7  <1.0>}
x[0,1]{2  <1.0>}
x[0,2]{6  <1.0>}
x[0,3]{4  <1.0>}
x[0,4]{0  <1.0>}
x[0,5]{1  <1.0>}
x[0,6]{3  <1.0>}
x[0,7]{5  <1.0>}
x[1,0]{1  <1.0>}
x[1,1]{3  <1.0>}
x[1,2]{5  <1.0>}
x[1,3]{0  <1.0>}
x[1,4]{7  <1.0>}
x[1,5]{6  <1.0>}
x[1,6]{2  <1.0>}
x[1,7]{4  <1.0>}
x[2,0]{3  <1.0>}
x[2,1]{1  <1.0>}
x[2,2]{7  <1.0>}
x[2,3]{5  <1.0>}
x[2,4]{6  <1.0>}
x[2,5]{0  <1.0>}
x[2,6]{4  <1.0>}
x[2,7]{2  <1.0>}
x[3,0]{2  <1.0>}
x[3,1]{6  <1.0>}
x[3,2]{3  <1.4743035583761947E-11>, 4  <0.999999999985257>}
x[3,3]{7  <1.0>}
x[3,4]{3  <0.9716895981027158>, 4  <0.028310401897284235>}
x[3,5]{5  <1.0>}
x[3,6]{0  <1.0>}
x[3,7]{1  <1.0>}
x[4,0]{6  <1.0>}
x[4,1]{0  <1.0>}
x[4,2]{2  <0.4022736937473721>, 1  <0.597726306252628>}
x[4,3]{2  <0.302679451439781>, 1  <0.697320548560219>}
x[4,4]{5  <1.0>}
x[4,5]{4  <1.0>}
x[4,6]{7  <1.0>}
x[4,7]{3  <1.0>}
x[5,0]{5  <1.0>}
x[5,1]{7  <1.0>}
x[5,2]{4  <1.2897811838847063E-10>, 1  <0.3632760469546226>, 2  <0.6367239529163993>}
x[5,3]{2  <0.9117809861249491>, 1  <0.08821901387505089>}
x[5,4]{4  <0.988093753797414>, 1  <0.011906246202585846>}
x[5,5]{3  <1.0>}
x[5,6]{6  <1.0>}
x[5,7]{0  <1.0>}
x[6,0]{0  <1.0>}
x[6,1]{4  <1.0>}
x[6,2]{3  <0.9999999999740466>, 1  <2.5953297304436595E-11>}
x[6,3]{6  <1.0>}
x[6,4]{3  <0.025771523728288386>, 1  <0.9742284762717116>}
x[6,5]{2  <1.0>}
x[6,6]{5  <1.0>}
x[6,7]{7  <1.0>}
x[7,0]{4  <1.0>}
x[7,1]{5  <1.0>}
x[7,2]{0  <1.0>}
x[7,3]{3  <1.0>}
x[7,4]{2  <1.0>}
x[7,5]{7  <1.0>}
x[7,6]{1  <1.0>}
x[7,7]{6  <1.0>}
problem entropy = 0.0
smallest variable entropy = 1.7976931348623157E308
### branching on x[3,2]=4
##### after BP iteration 1 #####
x[0,0]{7  <1.0>}
x[0,1]{2  <1.0>}
x[0,2]{6  <1.0>}
x[0,3]{4  <1.0>}
x[0,4]{0  <1.0>}
x[0,5]{1  <1.0>}
x[0,6]{3  <1.0>}
x[0,7]{5  <1.0>}
x[1,0]{1  <1.0>}
x[1,1]{3  <1.0>}
x[1,2]{5  <1.0>}
x[1,3]{0  <1.0>}
x[1,4]{7  <1.0>}
x[1,5]{6  <1.0>}
x[1,6]{2  <1.0>}
x[1,7]{4  <1.0>}
x[2,0]{3  <1.0>}
x[2,1]{1  <1.0>}
x[2,2]{7  <1.0>}
x[2,3]{5  <1.0>}
x[2,4]{6  <1.0>}
x[2,5]{0  <1.0>}
x[2,6]{4  <1.0>}
x[2,7]{2  <1.0>}
x[3,0]{2  <1.0>}
x[3,1]{6  <1.0>}
x[3,2]{4  <1.0>}
x[3,3]{7  <1.0>}
x[3,4]{3  <1.0>}
x[3,5]{5  <1.0>}
x[3,6]{0  <1.0>}
x[3,7]{1  <1.0>}
x[4,0]{6  <1.0>}
x[4,1]{0  <1.0>}
x[4,2]{2  <0.6968464565772113>, 1  <0.30315354342278866>}
x[4,3]{2  <0.7249221458786721>, 1  <0.27507785412132785>}
x[4,4]{5  <1.0>}
x[4,5]{4  <1.0>}
x[4,6]{7  <1.0>}
x[4,7]{3  <1.0>}
x[5,0]{5  <1.0>}
x[5,1]{7  <1.0>}
x[5,2]{2  <0.051730699981790355>, 1  <0.9482693000182096>}
x[5,3]{2  <0.36379553563859335>, 1  <0.6362044643614067>}
x[5,4]{4  <1.0>}
x[5,5]{3  <1.0>}
x[5,6]{6  <1.0>}
x[5,7]{0  <1.0>}
x[6,0]{0  <1.0>}
x[6,1]{4  <1.0>}
x[6,2]{3  <1.0>}
x[6,3]{6  <1.0>}
x[6,4]{1  <1.0>}
x[6,5]{2  <1.0>}
x[6,6]{5  <1.0>}
x[6,7]{7  <1.0>}
x[7,0]{4  <1.0>}
x[7,1]{5  <1.0>}
x[7,2]{0  <1.0>}
x[7,3]{3  <1.0>}
x[7,4]{2  <1.0>}
x[7,5]{7  <1.0>}
x[7,6]{1  <1.0>}
x[7,7]{6  <1.0>}
problem entropy = 0.0
smallest variable entropy = 1.7976931348623157E308
### branching on x[4,2]=1
##### after BP iteration 1 #####
x[0,0]{7  <1.0>}
x[0,1]{2  <1.0>}
x[0,2]{6  <1.0>}
x[0,3]{4  <1.0>}
x[0,4]{0  <1.0>}
x[0,5]{1  <1.0>}
x[0,6]{3  <1.0>}
x[0,7]{5  <1.0>}
x[1,0]{1  <1.0>}
x[1,1]{3  <1.0>}
x[1,2]{5  <1.0>}
x[1,3]{0  <1.0>}
x[1,4]{7  <1.0>}
x[1,5]{6  <1.0>}
x[1,6]{2  <1.0>}
x[1,7]{4  <1.0>}
x[2,0]{3  <1.0>}
x[2,1]{1  <1.0>}
x[2,2]{7  <1.0>}
x[2,3]{5  <1.0>}
x[2,4]{6  <1.0>}
x[2,5]{0  <1.0>}
x[2,6]{4  <1.0>}
x[2,7]{2  <1.0>}
x[3,0]{2  <1.0>}
x[3,1]{6  <1.0>}
x[3,2]{4  <1.0>}
x[3,3]{7  <1.0>}
x[3,4]{3  <1.0>}
x[3,5]{5  <1.0>}
x[3,6]{0  <1.0>}
x[3,7]{1  <1.0>}
x[4,0]{6  <1.0>}
x[4,1]{0  <1.0>}
x[4,2]{1  <1.0>}
x[4,3]{2  <1.0>}
x[4,4]{5  <1.0>}
x[4,5]{4  <1.0>}
x[4,6]{7  <1.0>}
x[4,7]{3  <1.0>}
x[5,0]{5  <1.0>}
x[5,1]{7  <1.0>}
x[5,2]{2  <1.0>}
x[5,3]{1  <1.0>}
x[5,4]{4  <1.0>}
x[5,5]{3  <1.0>}
x[5,6]{6  <1.0>}
x[5,7]{0  <1.0>}
x[6,0]{0  <1.0>}
x[6,1]{4  <1.0>}
x[6,2]{3  <1.0>}
x[6,3]{6  <1.0>}
x[6,4]{1  <1.0>}
x[6,5]{2  <1.0>}
x[6,6]{5  <1.0>}
x[6,7]{7  <1.0>}
x[7,0]{4  <1.0>}
x[7,1]{5  <1.0>}
x[7,2]{0  <1.0>}
x[7,3]{3  <1.0>}
x[7,4]{2  <1.0>}
x[7,5]{7  <1.0>}
x[7,6]{1  <1.0>}
x[7,7]{6  <1.0>}
problem entropy = 0.0
smallest variable entropy = 1.7976931348623157E308
### branching on x[4,2]!=1
##### after BP iteration 1 #####
x[0,0]{7  <1.0>}
x[0,1]{2  <1.0>}
x[0,2]{6  <1.0>}
x[0,3]{4  <1.0>}
x[0,4]{0  <1.0>}
x[0,5]{1  <1.0>}
x[0,6]{3  <1.0>}
x[0,7]{5  <1.0>}
x[1,0]{1  <1.0>}
x[1,1]{3  <1.0>}
x[1,2]{5  <1.0>}
x[1,3]{0  <1.0>}
x[1,4]{7  <1.0>}
x[1,5]{6  <1.0>}
x[1,6]{2  <1.0>}
x[1,7]{4  <1.0>}
x[2,0]{3  <1.0>}
x[2,1]{1  <1.0>}
x[2,2]{7  <1.0>}
x[2,3]{5  <1.0>}
x[2,4]{6  <1.0>}
x[2,5]{0  <1.0>}
x[2,6]{4  <1.0>}
x[2,7]{2  <1.0>}
x[3,0]{2  <1.0>}
x[3,1]{6  <1.0>}
x[3,2]{4  <1.0>}
x[3,3]{7  <1.0>}
x[3,4]{3  <1.0>}
x[3,5]{5  <1.0>}
x[3,6]{0  <1.0>}
x[3,7]{1  <1.0>}
x[4,0]{6  <1.0>}
x[4,1]{0  <1.0>}
x[4,2]{2  <1.0>}
x[4,3]{1  <1.0>}
x[4,4]{5  <1.0>}
x[4,5]{4  <1.0>}
x[4,6]{7  <1.0>}
x[4,7]{3  <1.0>}
x[5,0]{5  <1.0>}
x[5,1]{7  <1.0>}
x[5,2]{1  <1.0>}
x[5,3]{2  <1.0>}
x[5,4]{4  <1.0>}
x[5,5]{3  <1.0>}
x[5,6]{6  <1.0>}
x[5,7]{0  <1.0>}
x[6,0]{0  <1.0>}
x[6,1]{4  <1.0>}
x[6,2]{3  <1.0>}
x[6,3]{6  <1.0>}
x[6,4]{1  <1.0>}
x[6,5]{2  <1.0>}
x[6,6]{5  <1.0>}
x[6,7]{7  <1.0>}
x[7,0]{4  <1.0>}
x[7,1]{5  <1.0>}
x[7,2]{0  <1.0>}
x[7,3]{3  <1.0>}
x[7,4]{2  <1.0>}
x[7,5]{7  <1.0>}
x[7,6]{1  <1.0>}
x[7,7]{6  <1.0>}
problem entropy = 0.0
smallest variable entropy = 1.7976931348623157E308

	#choice: 11
	#fail: 0
	execution time (ms): 224
	#sols : 1
	completed : false

