{0  <1.0>, 1  <1.0>, 5  <1.0>}
model: sum-product-oracle
FINAL DAMPING FACTOR = 0.85
##### after BP iteration 1 #####
x[0,0]{0  <0.06669352385111432>, 1  <0.9333064761488857>}
x[0,1]{7  <0.7361397796564535>, 1  <0.055063756908474135>, 2  <0.2087964634350723>}
x[0,2]{4  <1.0>}
x[0,3]{5  <1.0>}
x[0,4]{0  <0.16509165194175418>, 1  <0.021403270614216978>, 2  <0.8135050774440288>}
x[0,5]{6  <1.0>}
x[0,6]{0  <0.7603339577772504>, 3  <0.23966604222274956>}
x[0,7]{7  <0.045464953306670795>, 3  <0.9480804468243894>, 2  <0.006454599868939885>}
x[1,0]{2  <1.0>}
x[1,1]{5  <1.0>}
x[1,2]{6  <1.9215780489212301E-4>, 1  <0.43098447559219116>, 7  <0.5688233666029168>}
x[1,3]{0  <1.0>}
x[1,4]{3  <1.0>}
x[1,5]{7  <0.16532838528388405>, 1  <0.834671614716116>}
x[1,6]{4  <1.0>}
x[1,7]{6  <0.9986575717752193>, 7  <0.0013424282247807195>}
x[2,0]{3  <1.0>}
x[2,1]{0  <1.0>}
x[2,2]{5  <1.0>}
x[2,3]{4  <1.0>}
x[2,4]{6  <1.0>}
x[2,5]{2  <1.0>}
x[2,6]{7  <1.0>}
x[2,7]{1  <1.0>}
x[3,0]{4  <1.0>}
x[3,1]{3  <1.0>}
x[3,2]{0  <0.4870977559711462>, 2  <0.5129022440288538>}
x[3,3]{6  <1.0>}
x[3,4]{7  <1.0>}
x[3,5]{0  <0.14440035015724967>, 5  <0.8555996498427503>}
x[3,6]{1  <1.0>}
x[3,7]{5  <0.9158221373318478>, 2  <0.08417786266815214>}
x[4,0]{7  <1.0>}
x[4,1]{6  <1.0>}
x[4,2]{3  <1.0>}
x[4,3]{1  <1.0>}
x[4,4]{5  <1.0>}
x[4,5]{4  <1.0>}
x[4,6]{2  <1.0>}
x[4,7]{0  <1.0>}
x[5,0]{0  <0.7581235796083656>, 1  <0.219111855435804>, 5  <0.02276456495583043>}
x[5,1]{7  <0.016065215948187116>, 1  <0.18344013205059473>, 2  <0.8004946520012182>}
x[5,2]{0  <0.2577185303566996>, 1  <0.5298759657695076>, 2  <0.07229159777575811>, 7  <0.1401139060980347>}
x[5,3]{3  <1.0>}
x[5,4]{4  <1.0>}
x[5,5]{0  <0.013258066107645794>, 1  <0.01938639968542416>, 5  <0.088786492510586>, 7  <0.878569041696344>}
x[5,6]{6  <1.0>}
x[5,7]{7  <0.8631214315261061>, 5  <0.0925911511852332>, 2  <0.04428741728866064>}
x[6,0]{0  <1.5899412348673286E-4>, 1  <1.3896543739730187E-4>, 6  <0.9997020404391159>}
x[6,1]{4  <1.0>}
x[6,2]{0  <0.29374968911364563>, 1  <0.367473535848001>, 2  <0.33865753714005903>, 6  <1.1923789829426305E-4>}
x[6,3]{7  <1.0>}
x[6,4]{0  <0.18820046768415685>, 1  <0.4083417683284662>, 2  <0.4034577639873768>}
x[6,5]{0  <0.8965212518709859>, 1  <0.04422579883038745>, 3  <0.059252949298626664>}
x[6,6]{5  <1.0>}
x[6,7]{3  <0.28622516590361463>, 6  <0.0012557440329870112>, 2  <0.7125190900633983>}
x[7,0]{0  <0.002820049853816739>, 1  <9.566219839261823E-4>, 6  <1.1486598926498583E-4>, 5  <0.9961084621729922>}
x[7,1]{7  <0.9090037019879275>, 1  <0.09099629801207253>}
x[7,2]{0  <2.5207630652193002E-5>, 1  <1.1012900349549597E-5>, 7  <4.233276720930309E-5>, 6  <0.9999214467017891>}
x[7,3]{2  <1.0>}
x[7,4]{0  <0.05644435009372055>, 1  <0.9435556499062795>}
x[7,5]{0  <0.006796367026096095>, 1  <1.7796299716467878E-4>, 7  <0.005297310711813479>, 3  <0.9870503897582396>, 5  <6.779695066861073E-4>}
x[7,6]{0  <0.8379066700611315>, 3  <0.16209332993886844>}
x[7,7]{4  <1.0>}
problem entropy = 0.46698935712896594
smallest variable entropy = 8.974747407652908E-4
### branching on x[7,0]=5; marginal=0.9961084621729922; regret=0.9932884123191754; nb of ties=4
##### after BP iteration 1 #####
x[0,0]{0  <0.08576737863854346>, 1  <0.9142326213614564>}
x[0,1]{7  <0.5253510099613006>, 1  <0.1272000189305147>, 2  <0.3474489711081847>}
x[0,2]{4  <1.0>}
x[0,3]{5  <1.0>}
x[0,4]{0  <0.425670104281294>, 1  <0.01182320709681709>, 2  <0.562506688621889>}
x[0,5]{6  <1.0>}
x[0,6]{0  <0.29369743763305>, 3  <0.7063025623669501>}
x[0,7]{7  <0.847982747876586>, 3  <0.13923154356493853>, 2  <0.012785708558475477>}
x[1,0]{2  <1.0>}
x[1,1]{5  <1.0>}
x[1,2]{7  <0.8900600107006853>, 1  <0.10993998929931471>}
x[1,3]{0  <1.0>}
x[1,4]{3  <1.0>}
x[1,5]{7  <0.5885316660158799>, 1  <0.41146833398412>}
x[1,6]{4  <1.0>}
x[1,7]{6  <1.0>}
x[2,0]{3  <1.0>}
x[2,1]{0  <1.0>}
x[2,2]{5  <1.0>}
x[2,3]{4  <1.0>}
x[2,4]{6  <1.0>}
x[2,5]{2  <1.0>}
x[2,6]{7  <1.0>}
x[2,7]{1  <1.0>}
x[3,0]{4  <1.0>}
x[3,1]{3  <1.0>}
x[3,2]{0  <0.4256207277822991>, 2  <0.5743792722177008>}
x[3,3]{6  <1.0>}
x[3,4]{7  <1.0>}
x[3,5]{0  <0.8827317203267901>, 5  <0.11726827967320991>}
x[3,6]{1  <1.0>}
x[3,7]{5  <0.3309863478192261>, 2  <0.6690136521807739>}
x[4,0]{7  <1.0>}
x[4,1]{6  <1.0>}
x[4,2]{3  <1.0>}
x[4,3]{1  <1.0>}
x[4,4]{5  <1.0>}
x[4,5]{4  <1.0>}
x[4,6]{2  <1.0>}
x[4,7]{0  <1.0>}
x[5,0]{0  <0.9069545400420396>, 1  <0.09304545995796042>}
x[5,1]{7  <0.0012872930018460527>, 1  <0.13373955276531654>, 2  <0.8649731542328373>}
x[5,2]{0  <0.20951354609504155>, 1  <0.5853770640400311>, 2  <0.17120936913628756>, 7  <0.03390002072863968>}
x[5,3]{3  <1.0>}
x[5,4]{4  <1.0>}
x[5,5]{0  <0.0037307561558637555>, 1  <0.009352253548089147>, 5  <0.8135754591977213>, 7  <0.17334153109832579>}
x[5,6]{6  <1.0>}
x[5,7]{7  <0.17891812007899527>, 5  <0.8084369383068607>, 2  <0.012644941614144041>}
x[6,0]{6  <1.0>}
x[6,1]{4  <1.0>}
x[6,2]{0  <0.12359561420307873>, 1  <0.5411020036382472>, 2  <0.3353023821586741>}
x[6,3]{7  <1.0>}
x[6,4]{0  <0.43172983487788624>, 1  <0.2299654485782561>, 2  <0.3383047165438577>}
x[6,5]{0  <0.3199649678674841>, 1  <0.29762040857132477>, 3  <0.3824146235611911>}
x[6,6]{5  <1.0>}
x[6,7]{3  <0.8027955620078991>, 2  <0.19720443799210083>}
x[7,0]{5  <1.0>}
x[7,1]{7  <0.7965336708083429>, 1  <0.20346632919165705>}
x[7,2]{6  <1.0>}
x[7,3]{2  <1.0>}
x[7,4]{0  <0.10975579470190135>, 1  <0.8902442052980987>}
x[7,5]{0  <0.030121412443314132>, 1  <0.011861994998471202>, 7  <0.25044813650672715>, 3  <0.7075684560514874>}
x[7,6]{0  <0.8582308775191487>, 3  <0.14176912248085127>}
x[7,7]{4  <1.0>}
problem entropy = 0.6755551797501566
smallest variable entropy = 0.29263412800561006
##### after BP iteration 2 #####
x[0,0]{0  <0.18874471958003658>, 1  <0.8112552804199633>}
x[0,1]{7  <0.014789190485234914>, 1  <0.33256777089896356>, 2  <0.6526430386158015>}
x[0,2]{4  <1.0>}
x[0,3]{5  <1.0>}
x[0,4]{0  <0.8341848863528607>, 1  <0.016584033720065706>, 2  <0.14923107992707355>}
x[0,5]{6  <1.0>}
x[0,6]{0  <0.004973672843074222>, 3  <0.9950263271569258>}
x[0,7]{7  <0.9983757235498666>, 3  <4.380659026358711E-4>, 2  <0.001186210547497584>}
x[1,0]{2  <1.0>}
x[1,1]{5  <1.0>}
x[1,2]{7  <0.9313743281343463>, 1  <0.0686256718656536>}
x[1,3]{0  <1.0>}
x[1,4]{3  <1.0>}
x[1,5]{7  <0.2239914475599099>, 1  <0.77600855244009>}
x[1,6]{4  <1.0>}
x[1,7]{6  <1.0>}
x[2,0]{3  <1.0>}
x[2,1]{0  <1.0>}
x[2,2]{5  <1.0>}
x[2,3]{4  <1.0>}
x[2,4]{6  <1.0>}
x[2,5]{2  <1.0>}
x[2,6]{7  <1.0>}
x[2,7]{1  <1.0>}
x[3,0]{4  <1.0>}
x[3,1]{3  <1.0>}
x[3,2]{0  <0.4681631588216479>, 2  <0.5318368411783521>}
x[3,3]{6  <1.0>}
x[3,4]{7  <1.0>}
x[3,5]{0  <0.9606102666201373>, 5  <0.039389733379862776>}
x[3,6]{1  <1.0>}
x[3,7]{5  <0.043204203644787054>, 2  <0.956795796355213>}
x[4,0]{7  <1.0>}
x[4,1]{6  <1.0>}
x[4,2]{3  <1.0>}
x[4,3]{1  <1.0>}
x[4,4]{5  <1.0>}
x[4,5]{4  <1.0>}
x[4,6]{2  <1.0>}
x[4,7]{0  <1.0>}
x[5,0]{0  <0.9254014447476876>, 1  <0.07459855525231233>}
x[5,1]{7  <9.669350527230975E-4>, 1  <0.46746686848416963>, 2  <0.5315661964631073>}
x[5,2]{0  <0.17774492546618142>, 1  <0.5168654785819845>, 2  <0.27149538017986113>, 7  <0.03389421577197308>}
x[5,3]{3  <1.0>}
x[5,4]{4  <1.0>}
x[5,5]{0  <0.001249700747784308>, 1  <0.0029740917493221272>, 5  <0.9666800713925777>, 7  <0.029096136110315845>}
x[5,6]{6  <1.0>}
x[5,7]{7  <0.027861433038205395>, 5  <0.9432650998505544>, 2  <0.028873467111240194>}
x[6,0]{6  <1.0>}
x[6,1]{4  <1.0>}
x[6,2]{0  <0.1751179777388598>, 1  <0.48020289853680975>, 2  <0.3446791237243305>}
x[6,3]{7  <1.0>}
x[6,4]{0  <0.5201051723972965>, 1  <0.07118534207767077>, 2  <0.4087094855250328>}
x[6,5]{0  <0.009151415732337883>, 1  <0.4920490957232355>, 3  <0.4987994885444266>}
x[6,6]{5  <1.0>}
x[6,7]{3  <0.9910522840896044>, 2  <0.008947715910395533>}
x[7,0]{5  <1.0>}
x[7,1]{7  <0.08083932022439629>, 1  <0.9191606797756038>}
x[7,2]{6  <1.0>}
x[7,3]{2  <1.0>}
x[7,4]{0  <0.840315098600317>, 1  <0.15968490139968305>}
x[7,5]{0  <7.886396589265099E-4>, 1  <0.026371701001267556>, 7  <0.9411686756701229>, 3  <0.03167098366968313>}
x[7,6]{0  <0.19535450272792282>, 3  <0.8046454972720772>}
x[7,7]{4  <1.0>}
problem entropy = 0.48217844335648935
smallest variable entropy = 0.013002072412972614
##### after BP iteration 3 #####
x[0,0]{0  <0.25816835878351174>, 1  <0.7418316412164883>}
x[0,1]{7  <0.014073749446183741>, 1  <0.17826265650696319>, 2  <0.8076635940468531>}
x[0,2]{4  <1.0>}
x[0,3]{5  <1.0>}
x[0,4]{0  <0.3518632097471889>, 1  <0.13931938709813516>, 2  <0.5088174031546759>}
x[0,5]{6  <1.0>}
x[0,6]{0  <0.004576608262244925>, 3  <0.9954233917377551>}
x[0,7]{7  <0.9964828931679721>, 3  <3.762415296702466E-4>, 2  <0.0031408653023576503>}
x[1,0]{2  <1.0>}
x[1,1]{5  <1.0>}
x[1,2]{7  <0.9375089169138159>, 1  <0.06249108308618417>}
x[1,3]{0  <1.0>}
x[1,4]{3  <1.0>}
x[1,5]{7  <0.01701546959021382>, 1  <0.9829845304097862>}
x[1,6]{4  <1.0>}
x[1,7]{6  <1.0>}
x[2,0]{3  <1.0>}
x[2,1]{0  <1.0>}
x[2,2]{5  <1.0>}
x[2,3]{4  <1.0>}
x[2,4]{6  <1.0>}
x[2,5]{2  <1.0>}
x[2,6]{7  <1.0>}
x[2,7]{1  <1.0>}
x[3,0]{4  <1.0>}
x[3,1]{3  <1.0>}
x[3,2]{0  <0.6872095424954359>, 2  <0.31279045750456413>}
x[3,3]{6  <1.0>}
x[3,4]{7  <1.0>}
x[3,5]{0  <0.7769392409772335>, 5  <0.2230607590227664>}
x[3,6]{1  <1.0>}
x[3,7]{5  <0.34753591609803747>, 2  <0.6524640839019625>}
x[4,0]{7  <1.0>}
x[4,1]{6  <1.0>}
x[4,2]{3  <1.0>}
x[4,3]{1  <1.0>}
x[4,4]{5  <1.0>}
x[4,5]{4  <1.0>}
x[4,6]{2  <1.0>}
x[4,7]{0  <1.0>}
x[5,0]{0  <0.8319527683309589>, 1  <0.16804723166904112>}
x[5,1]{7  <0.06617974243607361>, 1  <0.7173550790323767>, 2  <0.21646517853154973>}
x[5,2]{0  <0.06267324984184416>, 1  <0.2943266945500588>, 2  <0.2820651892453925>, 7  <0.3609348663627047>}
x[5,3]{3  <1.0>}
x[5,4]{4  <1.0>}
x[5,5]{0  <0.009583815109883978>, 1  <0.0034164359946815773>, 5  <0.8432568680927568>, 7  <0.14374288080267755>}
x[5,6]{6  <1.0>}
x[5,7]{7  <0.08590225894725947>, 5  <0.5190048343460926>, 2  <0.395092906706648>}
x[6,0]{6  <1.0>}
x[6,1]{4  <1.0>}
x[6,2]{0  <0.3224521883340574>, 1  <0.12022674606431422>, 2  <0.5573210656016285>}
x[6,3]{7  <1.0>}
x[6,4]{0  <0.1711393762531566>, 1  <0.11495480091308598>, 2  <0.7139058228337574>}
x[6,5]{0  <0.05186221217257668>, 1  <0.31669183252798827>, 3  <0.6314459552994351>}
x[6,6]{5  <1.0>}
x[6,7]{3  <0.98857386089708>, 2  <0.01142613910291998>}
x[7,0]{5  <1.0>}
x[7,1]{7  <0.48235568037598026>, 1  <0.5176443196240197>}
x[7,2]{6  <1.0>}
x[7,3]{2  <1.0>}
x[7,4]{0  <0.9442431347321386>, 1  <0.055756865267861395>}
x[7,5]{0  <0.0013500026006462375>, 1  <0.005877417213787131>, 7  <0.9808911929237869>, 3  <0.011881387261779787>}
x[7,6]{0  <0.12324251736470593>, 3  <0.8767574826352941>}
x[7,7]{4  <1.0>}
problem entropy = 0.5694304226058372
smallest variable entropy = 0.02457929783746278
### branching on x[0,6]=3; marginal=0.9954233917377551; regret=0.9908467834755101; nb of ties=2
##### after BP iteration 1 #####
x[0,0]{0  <0.42919983103025233>, 1  <0.5708001689697476>}
x[0,1]{2  <0.7088065328669291>, 1  <0.2911934671330709>}
x[0,2]{4  <1.0>}
x[0,3]{5  <1.0>}
x[0,4]{0  <0.7843838168958368>, 2  <0.21561618310416317>}
x[0,5]{6  <1.0>}
x[0,6]{3  <1.0>}
x[0,7]{7  <1.0>}
x[1,0]{2  <1.0>}
x[1,1]{5  <1.0>}
x[1,2]{7  <0.8589753467108522>, 1  <0.14102465328914768>}
x[1,3]{0  <1.0>}
x[1,4]{3  <1.0>}
x[1,5]{7  <0.022435223144775345>, 1  <0.9775647768552247>}
x[1,6]{4  <1.0>}
x[1,7]{6  <1.0>}
x[2,0]{3  <1.0>}
x[2,1]{0  <1.0>}
x[2,2]{5  <1.0>}
x[2,3]{4  <1.0>}
x[2,4]{6  <1.0>}
x[2,5]{2  <1.0>}
x[2,6]{7  <1.0>}
x[2,7]{1  <1.0>}
x[3,0]{4  <1.0>}
x[3,1]{3  <1.0>}
x[3,2]{0  <0.5714467807761127>, 2  <0.4285532192238872>}
x[3,3]{6  <1.0>}
x[3,4]{7  <1.0>}
x[3,5]{0  <0.006678022850992131>, 5  <0.9933219771490078>}
x[3,6]{1  <1.0>}
x[3,7]{5  <0.8971383425799557>, 2  <0.1028616574200443>}
x[4,0]{7  <1.0>}
x[4,1]{6  <1.0>}
x[4,2]{3  <1.0>}
x[4,3]{1  <1.0>}
x[4,4]{5  <1.0>}
x[4,5]{4  <1.0>}
x[4,6]{2  <1.0>}
x[4,7]{0  <1.0>}
x[5,0]{0  <0.9376713138972714>, 1  <0.06232868610272855>}
x[5,1]{2  <0.030571622924351616>, 1  <0.9694283770756484>}
x[5,2]{0  <0.005094485783580316>, 1  <0.04952703350540493>, 2  <0.032664437420448306>, 7  <0.9127140432905665>}
x[5,3]{3  <1.0>}
x[5,4]{4  <1.0>}
x[5,5]{0  <0.004597113011544741>, 1  <0.009093282313921432>, 5  <0.023718795872077033>, 7  <0.9625908088024568>}
x[5,6]{6  <1.0>}
x[5,7]{2  <0.9694269617362999>, 5  <0.03057303826370005>}
x[6,0]{6  <1.0>}
x[6,1]{4  <1.0>}
x[6,2]{0  <0.5822049795395894>, 1  <0.16286213074341716>, 2  <0.2549328897169934>}
x[6,3]{7  <1.0>}
x[6,4]{0  <0.2661432088785942>, 2  <0.7338567911214058>}
x[6,5]{0  <0.9755970958742584>, 1  <0.02440290412574166>}
x[6,6]{5  <1.0>}
x[6,7]{3  <1.0>}
x[7,0]{5  <1.0>}
x[7,1]{7  <1.0>}
x[7,2]{6  <1.0>}
x[7,3]{2  <1.0>}
x[7,4]{1  <1.0>}
x[7,5]{3  <1.0>}
x[7,6]{0  <1.0>}
x[7,7]{4  <1.0>}
problem entropy = 0.4926733503937311
smallest variable entropy = 0.04010544619539174
##### after BP iteration 2 #####
x[0,0]{0  <0.05667707596799557>, 1  <0.9433229240320045>}
x[0,1]{2  <0.9464315090234986>, 1  <0.05356849097650144>}
x[0,2]{4  <1.0>}
x[0,3]{5  <1.0>}
x[0,4]{0  <0.8673848300187454>, 2  <0.13261516998125453>}
x[0,5]{6  <1.0>}
x[0,6]{3  <1.0>}
x[0,7]{7  <1.0>}
x[1,0]{2  <1.0>}
x[1,1]{5  <1.0>}
x[1,2]{7  <0.31967394878330047>, 1  <0.6803260512166995>}
x[1,3]{0  <1.0>}
x[1,4]{3  <1.0>}
x[1,5]{7  <0.07624205454117552>, 1  <0.9237579454588245>}
x[1,6]{4  <1.0>}
x[1,7]{6  <1.0>}
x[2,0]{3  <1.0>}
x[2,1]{0  <1.0>}
x[2,2]{5  <1.0>}
x[2,3]{4  <1.0>}
x[2,4]{6  <1.0>}
x[2,5]{2  <1.0>}
x[2,6]{7  <1.0>}
x[2,7]{1  <1.0>}
x[3,0]{4  <1.0>}
x[3,1]{3  <1.0>}
x[3,2]{0  <0.7294421473526954>, 2  <0.2705578526473046>}
x[3,3]{6  <1.0>}
x[3,4]{7  <1.0>}
x[3,5]{0  <0.016223753329190585>, 5  <0.9837762466708095>}
x[3,6]{1  <1.0>}
x[3,7]{5  <0.4316185024325828>, 2  <0.5683814975674172>}
x[4,0]{7  <1.0>}
x[4,1]{6  <1.0>}
x[4,2]{3  <1.0>}
x[4,3]{1  <1.0>}
x[4,4]{5  <1.0>}
x[4,5]{4  <1.0>}
x[4,6]{2  <1.0>}
x[4,7]{0  <1.0>}
x[5,0]{0  <0.9246336741229422>, 1  <0.07536632587705788>}
x[5,1]{2  <0.31172718844356373>, 1  <0.6882728115564363>}
x[5,2]{0  <0.05939902694543894>, 1  <0.26467016451109937>, 2  <0.30552637174204733>, 7  <0.3704044368014144>}
x[5,3]{3  <1.0>}
x[5,4]{4  <1.0>}
x[5,5]{0  <0.004283915584479414>, 1  <0.00604242440951669>, 5  <0.047593014553312114>, 7  <0.9420806454526918>}
x[5,6]{6  <1.0>}
x[5,7]{2  <0.7910149045171635>, 5  <0.20898509548283659>}
x[6,0]{6  <1.0>}
x[6,1]{4  <1.0>}
x[6,2]{0  <0.24584449839954448>, 1  <0.671077124879558>, 2  <0.08307837672089755>}
x[6,3]{7  <1.0>}
x[6,4]{0  <0.05615401073659798>, 2  <0.943845989263402>}
x[6,5]{0  <0.9928976648469382>, 1  <0.007102335153061675>}
x[6,6]{5  <1.0>}
x[6,7]{3  <1.0>}
x[7,0]{5  <1.0>}
x[7,1]{7  <1.0>}
x[7,2]{6  <1.0>}
x[7,3]{2  <1.0>}
x[7,4]{1  <1.0>}
x[7,5]{3  <1.0>}
x[7,6]{0  <1.0>}
x[7,7]{4  <1.0>}
problem entropy = 0.5403693134388561
smallest variable entropy = 0.042214661168648734
##### after BP iteration 3 #####
x[0,0]{0  <0.008140555810001181>, 1  <0.9918594441899988>}
x[0,1]{2  <0.9447098179569926>, 1  <0.05529018204300736>}
x[0,2]{4  <1.0>}
x[0,3]{5  <1.0>}
x[0,4]{0  <0.993469638122192>, 2  <0.006530361877808017>}
x[0,5]{6  <1.0>}
x[0,6]{3  <1.0>}
x[0,7]{7  <1.0>}
x[1,0]{2  <1.0>}
x[1,1]{5  <1.0>}
x[1,2]{7  <0.9680249768405353>, 1  <0.03197502315946456>}
x[1,3]{0  <1.0>}
x[1,4]{3  <1.0>}
x[1,5]{7  <0.8698993648138769>, 1  <0.13010063518612316>}
x[1,6]{4  <1.0>}
x[1,7]{6  <1.0>}
x[2,0]{3  <1.0>}
x[2,1]{0  <1.0>}
x[2,2]{5  <1.0>}
x[2,3]{4  <1.0>}
x[2,4]{6  <1.0>}
x[2,5]{2  <1.0>}
x[2,6]{7  <1.0>}
x[2,7]{1  <1.0>}
x[3,0]{4  <1.0>}
x[3,1]{3  <1.0>}
x[3,2]{0  <0.9408553633764132>, 2  <0.059144636623586856>}
x[3,3]{6  <1.0>}
x[3,4]{7  <1.0>}
x[3,5]{0  <0.8904905157832305>, 5  <0.10950948421676951>}
x[3,6]{1  <1.0>}
x[3,7]{5  <0.06582218807400758>, 2  <0.9341778119259925>}
x[4,0]{7  <1.0>}
x[4,1]{6  <1.0>}
x[4,2]{3  <1.0>}
x[4,3]{1  <1.0>}
x[4,4]{5  <1.0>}
x[4,5]{4  <1.0>}
x[4,6]{2  <1.0>}
x[4,7]{0  <1.0>}
x[5,0]{0  <0.9132055369541792>, 1  <0.08679446304582077>}
x[5,1]{2  <0.49624667157545105>, 1  <0.503753328424549>}
x[5,2]{0  <0.1313897631380121>, 1  <0.05243395974926282>, 2  <0.802126564739982>, 7  <0.01404971237274301>}
x[5,3]{3  <1.0>}
x[5,4]{4  <1.0>}
x[5,5]{0  <0.017426217396520654>, 1  <0.011958797208510195>, 5  <0.40373353101029213>, 7  <0.5668814543846769>}
x[5,6]{6  <1.0>}
x[5,7]{2  <0.009469237729761673>, 5  <0.9905307622702383>}
x[6,0]{6  <1.0>}
x[6,1]{4  <1.0>}
x[6,2]{0  <0.003547706874758424>, 1  <0.9924509576973383>, 2  <0.0040013354279035155>}
x[6,3]{7  <1.0>}
x[6,4]{0  <0.008198764540441114>, 2  <0.9918012354595588>}
x[6,5]{0  <0.5061787710523195>, 1  <0.4938212289476805>}
x[6,6]{5  <1.0>}
x[6,7]{3  <1.0>}
x[7,0]{5  <1.0>}
x[7,1]{7  <1.0>}
x[7,2]{6  <1.0>}
x[7,3]{2  <1.0>}
x[7,4]{1  <1.0>}
x[7,5]{3  <1.0>}
x[7,6]{0  <1.0>}
x[7,7]{4  <1.0>}
problem entropy = 0.3777839127140081
smallest variable entropy = 0.03936515597485375
##### after BP iteration 4 #####
x[0,0]{0  <0.017110575315021328>, 1  <0.9828894246849786>}
x[0,1]{2  <0.9658931182665305>, 1  <0.03410688173346963>}
x[0,2]{4  <1.0>}
x[0,3]{5  <1.0>}
x[0,4]{0  <0.9980674734674653>, 2  <0.0019325265325348048>}
x[0,5]{6  <1.0>}
x[0,6]{3  <1.0>}
x[0,7]{7  <1.0>}
x[1,0]{2  <1.0>}
x[1,1]{5  <1.0>}
x[1,2]{7  <0.9870810280427236>, 1  <0.012918971957276464>}
x[1,3]{0  <1.0>}
x[1,4]{3  <1.0>}
x[1,5]{7  <0.878035620173374>, 1  <0.12196437982662596>}
x[1,6]{4  <1.0>}
x[1,7]{6  <1.0>}
x[2,0]{3  <1.0>}
x[2,1]{0  <1.0>}
x[2,2]{5  <1.0>}
x[2,3]{4  <1.0>}
x[2,4]{6  <1.0>}
x[2,5]{2  <1.0>}
x[2,6]{7  <1.0>}
x[2,7]{1  <1.0>}
x[3,0]{4  <1.0>}
x[3,1]{3  <1.0>}
x[3,2]{0  <0.6619660746172704>, 2  <0.3380339253827295>}
x[3,3]{6  <1.0>}
x[3,4]{7  <1.0>}
x[3,5]{0  <0.8072332026066732>, 5  <0.19276679739332675>}
x[3,6]{1  <1.0>}
x[3,7]{5  <0.03589960943742905>, 2  <0.9641003905625709>}
x[4,0]{7  <1.0>}
x[4,1]{6  <1.0>}
x[4,2]{3  <1.0>}
x[4,3]{1  <1.0>}
x[4,4]{5  <1.0>}
x[4,5]{4  <1.0>}
x[4,6]{2  <1.0>}
x[4,7]{0  <1.0>}
x[5,0]{0  <0.9851476397718761>, 1  <0.014852360228123933>}
x[5,1]{2  <0.043461068721824946>, 1  <0.956538931278175>}
x[5,2]{0  <0.041483877552065035>, 1  <0.007306648161381018>, 2  <0.9502936017563033>, 7  <9.158725302507333E-4>}
x[5,3]{3  <1.0>}
x[5,4]{4  <1.0>}
x[5,5]{0  <0.00827109590426424>, 1  <0.008303202012511512>, 5  <0.4729601545712646>, 7  <0.5104655475119597>}
x[5,6]{6  <1.0>}
x[5,7]{2  <0.0023496857994846324>, 5  <0.9976503142005154>}
x[6,0]{6  <1.0>}
x[6,1]{4  <1.0>}
x[6,2]{0  <0.023838969423483427>, 1  <0.9538351287743054>, 2  <0.022325901802211227>}
x[6,3]{7  <1.0>}
x[6,4]{0  <0.0075082503618786895>, 2  <0.9924917496381214>}
x[6,5]{0  <0.12412212824256615>, 1  <0.8758778717574338>}
x[6,6]{5  <1.0>}
x[6,7]{3  <1.0>}
x[7,0]{5  <1.0>}
x[7,1]{7  <1.0>}
x[7,2]{6  <1.0>}
x[7,3]{2  <1.0>}
x[7,4]{1  <1.0>}
x[7,5]{3  <1.0>}
x[7,6]{0  <1.0>}
x[7,7]{4  <1.0>}
problem entropy = 0.29788846683336057
smallest variable entropy = 0.014006875319129418
##### after BP iteration 5 #####
x[0,0]{0  <0.010204898409684979>, 1  <0.989795101590315>}
x[0,1]{2  <0.9957736379988273>, 1  <0.004226362001172609>}
x[0,2]{4  <1.0>}
x[0,3]{5  <1.0>}
x[0,4]{0  <0.9790946963690733>, 2  <0.02090530363092672>}
x[0,5]{6  <1.0>}
x[0,6]{3  <1.0>}
x[0,7]{7  <1.0>}
x[1,0]{2  <1.0>}
x[1,1]{5  <1.0>}
x[1,2]{7  <0.7912041818624601>, 1  <0.20879581813753992>}
x[1,3]{0  <1.0>}
x[1,4]{3  <1.0>}
x[1,5]{7  <0.0025532582542153385>, 1  <0.9974467417457846>}
x[1,6]{4  <1.0>}
x[1,7]{6  <1.0>}
x[2,0]{3  <1.0>}
x[2,1]{0  <1.0>}
x[2,2]{5  <1.0>}
x[2,3]{4  <1.0>}
x[2,4]{6  <1.0>}
x[2,5]{2  <1.0>}
x[2,6]{7  <1.0>}
x[2,7]{1  <1.0>}
x[3,0]{4  <1.0>}
x[3,1]{3  <1.0>}
x[3,2]{0  <0.7661761138211177>, 2  <0.2338238861788823>}
x[3,3]{6  <1.0>}
x[3,4]{7  <1.0>}
x[3,5]{0  <0.0029229764397706863>, 5  <0.9970770235602293>}
x[3,6]{1  <1.0>}
x[3,7]{5  <0.0799874124872707>, 2  <0.9200125875127294>}
x[4,0]{7  <1.0>}
x[4,1]{6  <1.0>}
x[4,2]{3  <1.0>}
x[4,3]{1  <1.0>}
x[4,4]{5  <1.0>}
x[4,5]{4  <1.0>}
x[4,6]{2  <1.0>}
x[4,7]{0  <1.0>}
x[5,0]{0  <0.996258787603948>, 1  <0.0037412123960519294>}
x[5,1]{2  <0.0027709831203782237>, 1  <0.9972290168796217>}
x[5,2]{0  <0.01753115382717836>, 1  <0.020452871516956298>, 2  <0.7643867093377827>, 7  <0.19762926531808256>}
x[5,3]{3  <1.0>}
x[5,4]{4  <1.0>}
x[5,5]{0  <1.7895168652858993E-5>, 1  <2.496137242457503E-4>, 5  <3.4490108934303606E-4>, 7  <0.9993875900177583>}
x[5,6]{6  <1.0>}
x[5,7]{2  <0.03687247526408224>, 5  <0.9631275247359178>}
x[6,0]{6  <1.0>}
x[6,1]{4  <1.0>}
x[6,2]{0  <0.5742234016209417>, 1  <0.3766184221577977>, 2  <0.049158176221260536>}
x[6,3]{7  <1.0>}
x[6,4]{0  <0.0395535115210133>, 2  <0.9604464884789867>}
x[6,5]{0  <0.9947952102217792>, 1  <0.005204789778220892>}
x[6,6]{5  <1.0>}
x[6,7]{3  <1.0>}
x[7,0]{5  <1.0>}
x[7,1]{7  <1.0>}
x[7,2]{6  <1.0>}
x[7,3]{2  <1.0>}
x[7,4]{1  <1.0>}
x[7,5]{3  <1.0>}
x[7,6]{0  <1.0>}
x[7,7]{4  <1.0>}
problem entropy = 0.25487042902866813
smallest variable entropy = 0.005628167447443317
##### after BP iteration 6 #####
x[0,0]{0  <0.0019107650513408517>, 1  <0.9980892349486592>}
x[0,1]{2  <0.9988961339345104>, 1  <0.0011038660654895834>}
x[0,2]{4  <1.0>}
x[0,3]{5  <1.0>}
x[0,4]{0  <0.9639516311481692>, 2  <0.03604836885183084>}
x[0,5]{6  <1.0>}
x[0,6]{3  <1.0>}
x[0,7]{7  <1.0>}
x[1,0]{2  <1.0>}
x[1,1]{5  <1.0>}
x[1,2]{7  <0.7663611587994914>, 1  <0.23363884120050857>}
x[1,3]{0  <1.0>}
x[1,4]{3  <1.0>}
x[1,5]{7  <7.439317967272736E-5>, 1  <0.9999256068203273>}
x[1,6]{4  <1.0>}
x[1,7]{6  <1.0>}
x[2,0]{3  <1.0>}
x[2,1]{0  <1.0>}
x[2,2]{5  <1.0>}
x[2,3]{4  <1.0>}
x[2,4]{6  <1.0>}
x[2,5]{2  <1.0>}
x[2,6]{7  <1.0>}
x[2,7]{1  <1.0>}
x[3,0]{4  <1.0>}
x[3,1]{3  <1.0>}
x[3,2]{0  <0.9475832092171833>, 2  <0.05241679078281672>}
x[3,3]{6  <1.0>}
x[3,4]{7  <1.0>}
x[3,5]{0  <6.006331830521996E-6>, 5  <0.9999939936681695>}
x[3,6]{1  <1.0>}
x[3,7]{5  <0.005874886684018515>, 2  <0.9941251133159815>}
x[4,0]{7  <1.0>}
x[4,1]{6  <1.0>}
x[4,2]{3  <1.0>}
x[4,3]{1  <1.0>}
x[4,4]{5  <1.0>}
x[4,5]{4  <1.0>}
x[4,6]{2  <1.0>}
x[4,7]{0  <1.0>}
x[5,0]{0  <0.997159627893276>, 1  <0.0028403721067240687>}
x[5,1]{2  <0.0027799692183317674>, 1  <0.9972200307816682>}
x[5,2]{0  <0.001955522475023664>, 1  <0.03843360589190142>, 2  <0.3834832219826083>, 7  <0.5761276496504667>}
x[5,3]{3  <1.0>}
x[5,4]{4  <1.0>}
x[5,5]{0  <2.4846523043459243E-6>, 1  <1.680909159132453E-4>, 5  <1.1653224188132023E-4>, 7  <0.9997128921899011>}
x[5,6]{6  <1.0>}
x[5,7]{2  <0.11335960027411564>, 5  <0.8866403997258844>}
x[6,0]{6  <1.0>}
x[6,1]{4  <1.0>}
x[6,2]{0  <0.41618525030941067>, 1  <0.5677336580061587>, 2  <0.01608109168443043>}
x[6,3]{7  <1.0>}
x[6,4]{0  <0.008437058734121948>, 2  <0.9915629412658781>}
x[6,5]{0  <0.9999112488120109>, 1  <8.875118798914727E-5>}
x[6,6]{5  <1.0>}
x[6,7]{3  <1.0>}
x[7,0]{5  <1.0>}
x[7,1]{7  <1.0>}
x[7,2]{6  <1.0>}
x[7,3]{2  <1.0>}
x[7,4]{1  <1.0>}
x[7,5]{3  <1.0>}
x[7,6]{0  <1.0>}
x[7,7]{4  <1.0>}
problem entropy = 0.2067669872937256
smallest variable entropy = 7.821861750860373E-5
### branching on x[3,5]=5; marginal=0.9999939936681695; regret=0.999987987336339; nb of ties=8
##### after BP iteration 1 #####
x[0,0]{0  <0.0024640683940329645>, 1  <0.997535931605967>}
x[0,1]{2  <0.99463914466687>, 1  <0.005360855333129983>}
x[0,2]{4  <1.0>}
x[0,3]{5  <1.0>}
x[0,4]{0  <0.999187090184143>, 2  <8.129098158570724E-4>}
x[0,5]{6  <1.0>}
x[0,6]{3  <1.0>}
x[0,7]{7  <1.0>}
x[1,0]{2  <1.0>}
x[1,1]{5  <1.0>}
x[1,2]{7  <0.999930791433775>, 1  <6.920856622503324E-5>}
x[1,3]{0  <1.0>}
x[1,4]{3  <1.0>}
x[1,5]{7  <0.002136043225041616>, 1  <0.9978639567749584>}
x[1,6]{4  <1.0>}
x[1,7]{6  <1.0>}
x[2,0]{3  <1.0>}
x[2,1]{0  <1.0>}
x[2,2]{5  <1.0>}
x[2,3]{4  <1.0>}
x[2,4]{6  <1.0>}
x[2,5]{2  <1.0>}
x[2,6]{7  <1.0>}
x[2,7]{1  <1.0>}
x[3,0]{4  <1.0>}
x[3,1]{3  <1.0>}
x[3,2]{0  <1.0>}
x[3,3]{6  <1.0>}
x[3,4]{7  <1.0>}
x[3,5]{5  <1.0>}
x[3,6]{1  <1.0>}
x[3,7]{2  <1.0>}
x[4,0]{7  <1.0>}
x[4,1]{6  <1.0>}
x[4,2]{3  <1.0>}
x[4,3]{1  <1.0>}
x[4,4]{5  <1.0>}
x[4,5]{4  <1.0>}
x[4,6]{2  <1.0>}
x[4,7]{0  <1.0>}
x[5,0]{0  <0.9999726506507065>, 1  <2.734934929348128E-5>}
x[5,1]{2  <0.008033338505722697>, 1  <0.9919666614942773>}
x[5,2]{7  <2.282629549828978E-6>, 1  <1.957484749314211E-4>, 2  <0.9998019688955186>}
x[5,3]{3  <1.0>}
x[5,4]{4  <1.0>}
x[5,5]{0  <1.0855455908017004E-5>, 1  <6.292415630750601E-4>, 7  <0.999359902981017>}
x[5,6]{6  <1.0>}
x[5,7]{5  <1.0>}
x[6,0]{6  <1.0>}
x[6,1]{4  <1.0>}
x[6,2]{2  <2.842626604294944E-4>, 1  <0.9997157373395705>}
x[6,3]{7  <1.0>}
x[6,4]{0  <0.0034808897084929336>, 2  <0.9965191102915071>}
x[6,5]{0  <0.9999971704373936>, 1  <2.8295626063662537E-6>}
x[6,6]{5  <1.0>}
x[6,7]{3  <1.0>}
x[7,0]{5  <1.0>}
x[7,1]{7  <1.0>}
x[7,2]{6  <1.0>}
x[7,3]{2  <1.0>}
x[7,4]{1  <1.0>}
x[7,5]{3  <1.0>}
x[7,6]{0  <1.0>}
x[7,7]{4  <1.0>}
problem entropy = 0.018121665428554964
smallest variable entropy = 3.8978319942159285E-5
### branching on x[5,0]=0; marginal=0.9999726506507065; regret=0.999945301301413; nb of ties=10
##### after BP iteration 1 #####
x[0,0]{1  <1.0>}
x[0,1]{2  <1.0>}
x[0,2]{4  <1.0>}
x[0,3]{5  <1.0>}
x[0,4]{0  <1.0>}
x[0,5]{6  <1.0>}
x[0,6]{3  <1.0>}
x[0,7]{7  <1.0>}
x[1,0]{2  <1.0>}
x[1,1]{5  <1.0>}
x[1,2]{7  <1.0>}
x[1,3]{0  <1.0>}
x[1,4]{3  <1.0>}
x[1,5]{1  <1.0>}
x[1,6]{4  <1.0>}
x[1,7]{6  <1.0>}
x[2,0]{3  <1.0>}
x[2,1]{0  <1.0>}
x[2,2]{5  <1.0>}
x[2,3]{4  <1.0>}
x[2,4]{6  <1.0>}
x[2,5]{2  <1.0>}
x[2,6]{7  <1.0>}
x[2,7]{1  <1.0>}
x[3,0]{4  <1.0>}
x[3,1]{3  <1.0>}
x[3,2]{0  <1.0>}
x[3,3]{6  <1.0>}
x[3,4]{7  <1.0>}
x[3,5]{5  <1.0>}
x[3,6]{1  <1.0>}
x[3,7]{2  <1.0>}
x[4,0]{7  <1.0>}
x[4,1]{6  <1.0>}
x[4,2]{3  <1.0>}
x[4,3]{1  <1.0>}
x[4,4]{5  <1.0>}
x[4,5]{4  <1.0>}
x[4,6]{2  <1.0>}
x[4,7]{0  <1.0>}
x[5,0]{0  <1.0>}
x[5,1]{1  <1.0>}
x[5,2]{2  <1.0>}
x[5,3]{3  <1.0>}
x[5,4]{4  <1.0>}
x[5,5]{7  <1.0>}
x[5,6]{6  <1.0>}
x[5,7]{5  <1.0>}
x[6,0]{6  <1.0>}
x[6,1]{4  <1.0>}
x[6,2]{1  <1.0>}
x[6,3]{7  <1.0>}
x[6,4]{2  <1.0>}
x[6,5]{0  <1.0>}
x[6,6]{5  <1.0>}
x[6,7]{3  <1.0>}
x[7,0]{5  <1.0>}
x[7,1]{7  <1.0>}
x[7,2]{6  <1.0>}
x[7,3]{2  <1.0>}
x[7,4]{1  <1.0>}
x[7,5]{3  <1.0>}
x[7,6]{0  <1.0>}
x[7,7]{4  <1.0>}
problem entropy = 0.0
smallest variable entropy = 1.7976931348623157E308
### branching on x[5,0]!=0
##### after BP iteration 1 #####
x[0,0]{0  <1.0>}
x[0,1]{1  <1.0>}
x[0,2]{4  <1.0>}
x[0,3]{5  <1.0>}
x[0,4]{2  <1.0>}
x[0,5]{6  <1.0>}
x[0,6]{3  <1.0>}
x[0,7]{7  <1.0>}
x[1,0]{2  <1.0>}
x[1,1]{5  <1.0>}
x[1,2]{1  <1.0>}
x[1,3]{0  <1.0>}
x[1,4]{3  <1.0>}
x[1,5]{7  <1.0>}
x[1,6]{4  <1.0>}
x[1,7]{6  <1.0>}
x[2,0]{3  <1.0>}
x[2,1]{0  <1.0>}
x[2,2]{5  <1.0>}
x[2,3]{4  <1.0>}
x[2,4]{6  <1.0>}
x[2,5]{2  <1.0>}
x[2,6]{7  <1.0>}
x[2,7]{1  <1.0>}
x[3,0]{4  <1.0>}
x[3,1]{3  <1.0>}
x[3,2]{0  <1.0>}
x[3,3]{6  <1.0>}
x[3,4]{7  <1.0>}
x[3,5]{5  <1.0>}
x[3,6]{1  <1.0>}
x[3,7]{2  <1.0>}
x[4,0]{7  <1.0>}
x[4,1]{6  <1.0>}
x[4,2]{3  <1.0>}
x[4,3]{1  <1.0>}
x[4,4]{5  <1.0>}
x[4,5]{4  <1.0>}
x[4,6]{2  <1.0>}
x[4,7]{0  <1.0>}
x[5,0]{1  <1.0>}
x[5,1]{2  <1.0>}
x[5,2]{7  <1.0>}
x[5,3]{3  <1.0>}
x[5,4]{4  <1.0>}
x[5,5]{0  <1.0>}
x[5,6]{6  <1.0>}
x[5,7]{5  <1.0>}
x[6,0]{6  <1.0>}
x[6,1]{4  <1.0>}
x[6,2]{2  <1.0>}
x[6,3]{7  <1.0>}
x[6,4]{0  <1.0>}
x[6,5]{1  <1.0>}
x[6,6]{5  <1.0>}
x[6,7]{3  <1.0>}
x[7,0]{5  <1.0>}
x[7,1]{7  <1.0>}
x[7,2]{6  <1.0>}
x[7,3]{2  <1.0>}
x[7,4]{1  <1.0>}
x[7,5]{3  <1.0>}
x[7,6]{0  <1.0>}
x[7,7]{4  <1.0>}
problem entropy = 0.0
smallest variable entropy = 1.7976931348623157E308

	#choice: 5
	#fail: 0
	execution time (ms): 152
	#sols : 1
	completed : false

