{6  <7.0>, 1  <2.0>, 2  <3.0>}
model: sum-product-init
FINAL DAMPING FACTOR = 1.0
##### after BP iteration 1 #####
x[0,0]{6  <0.6275658053610239>, 1  <0.06363197295339287>, 2  <0.3088022216855832>}
x[0,1]{3  <1.0>}
x[0,2]{0  <1.0>}
x[0,3]{6  <0.017429193899782137>, 1  <0.4101425594392346>, 4  <0.5724282466609832>}
x[0,4]{7  <1.0>}
x[0,5]{6  <0.2515377291480905>, 2  <0.7484622708519095>}
x[0,6]{4  <0.563979094485877>, 1  <0.3725996828938869>, 2  <0.06342122262023607>}
x[0,7]{5  <1.0>}
x[1,0]{3  <0.21037735849056605>, 5  <0.6311320754716983>, 2  <0.15849056603773592>}
x[1,1]{7  <1.0>}
x[1,2]{4  <1.0>}
x[1,3]{3  <0.21111111111111114>, 5  <0.36666666666666664>, 2  <0.4222222222222222>}
x[1,4]{1  <1.0>}
x[1,5]{3  <0.7248574686431015>, 2  <0.27514253135689853>}
x[1,6]{6  <1.0>}
x[1,7]{0  <1.0>}
x[2,0]{0  <1.0>}
x[2,1]{4  <0.05063877554656736>, 1  <0.29622436434260463>, 6  <0.653136860110828>}
x[2,2]{2  <1.0>}
x[2,3]{4  <0.05936249216376523>, 1  <0.3857838645898634>, 6  <0.5548536432463713>}
x[2,4]{5  <1.0>}
x[2,5]{7  <1.0>}
x[2,6]{3  <0.7033898305084746>, 1  <0.11864406779661017>, 4  <0.17796610169491522>}
x[2,7]{4  <0.7555555555555554>, 3  <0.24444444444444444>}
x[3,0]{7  <1.0>}
x[3,1]{4  <0.7590808005930318>, 6  <0.24091919940696813>}
x[3,2]{5  <1.0>}
x[3,3]{0  <0.07202426080363912>, 6  <0.5413191811978773>, 4  <0.3866565579984837>}
x[3,4]{3  <0.40314136125654454>, 4  <0.03141361256544502>, 2  <0.5654450261780105>}
x[3,5]{0  <0.6018348623853211>, 6  <0.22752293577981653>, 2  <0.11376146788990826>, 3  <0.05688073394495412>}
x[3,6]{4  <0.036217303822937606>, 3  <0.3661971830985915>, 2  <0.5975855130784709>}
x[3,7]{1  <1.0>}
x[4,0]{6  <0.3171180646857743>, 1  <0.20707336313436758>, 2  <0.3948198790428608>, 3  <0.08098869313699708>}
x[4,1]{6  <0.2418167097197054>, 1  <0.6394340131857964>, 4  <0.11874927709449823>}
x[4,2]{7  <1.0>}
x[4,3]{0  <0.5626477541371157>, 1  <0.12211879432624119>, 6  <0.1978058510638299>, 4  <0.11742760047281325>}
x[4,4]{4  <0.3167563288292341>, 3  <0.4361359506288346>, 2  <0.24710772054193134>}
x[4,5]{0  <0.018669907202828104>, 6  <0.6263809102960672>, 2  <0.21973044631020766>, 3  <0.13521873619089703>}
x[4,6]{5  <1.0>}
x[4,7]{4  <0.6109218540311758>, 3  <0.18499019304222156>, 2  <0.20408795292660264>}
x[5,0]{2  <0.34319880418535126>, 1  <0.6568011958146488>}
x[5,1]{0  <1.0>}
x[5,2]{3  <1.0>}
x[5,3]{7  <1.0>}
x[5,4]{2  <0.24148606811145515>, 4  <0.7585139318885449>}
x[5,5]{5  <1.0>}
x[5,6]{4  <0.3188976377952756>, 1  <0.1968503937007874>, 2  <0.48425196850393704>}
x[5,7]{6  <1.0>}
x[6,0]{4  <1.0>}
x[6,1]{5  <1.0>}
x[6,2]{6  <1.0>}
x[6,3]{2  <0.6>, 3  <0.4>}
x[6,4]{0  <1.0>}
x[6,5]{1  <1.0>}
x[6,6]{7  <1.0>}
x[6,7]{2  <0.55>, 3  <0.4499999999999999>}
x[7,0]{3  <0.74395329441201>, 5  <0.25604670558799003>}
x[7,1]{2  <1.0>}
x[7,2]{1  <1.0>}
x[7,3]{3  <0.5777777777777776>, 5  <0.42222222222222233>}
x[7,4]{6  <1.0>}
x[7,5]{4  <1.0>}
x[7,6]{0  <1.0>}
x[7,7]{7  <1.0>}
problem entropy = 0.0
smallest variable entropy = 1.7976931348623157E308
### branching on x[0,5]=2
##### after BP iteration 1 #####
x[0,0]{6  <0.9681087940062941>, 1  <0.03189120599370583>}
x[0,1]{3  <1.0>}
x[0,2]{0  <1.0>}
x[0,3]{6  <0.019167211174604393>, 1  <0.5683226152352963>, 4  <0.4125101735900993>}
x[0,4]{7  <1.0>}
x[0,5]{2  <1.0>}
x[0,6]{4  <0.4084444500213701>, 1  <0.5915555499786299>}
x[0,7]{5  <1.0>}
x[1,0]{2  <0.14379019246678337>, 5  <0.8562098075332166>}
x[1,1]{7  <1.0>}
x[1,2]{4  <1.0>}
x[1,3]{2  <0.7950835053480952>, 5  <0.20491649465190476>}
x[1,4]{1  <1.0>}
x[1,5]{3  <1.0>}
x[1,6]{6  <1.0>}
x[1,7]{0  <1.0>}
x[2,0]{0  <1.0>}
x[2,1]{4  <0.054544985473431076>, 1  <0.3560031676019935>, 6  <0.5894518469245753>}
x[2,2]{2  <1.0>}
x[2,3]{4  <0.06705865441814525>, 1  <0.600837309909269>, 6  <0.3321040356725857>}
x[2,4]{5  <1.0>}
x[2,5]{7  <1.0>}
x[2,6]{3  <0.8279746167827253>, 1  <0.09733682591348052>, 4  <0.07468855730379417>}
x[2,7]{4  <0.6644990191023984>, 3  <0.33550098089760155>}
x[3,0]{7  <1.0>}
x[3,1]{4  <0.894756737942732>, 6  <0.10524326205726808>}
x[3,2]{5  <1.0>}
x[3,3]{0  <0.3898896690395143>, 6  <0.460086497925503>, 4  <0.1500238330349827>}
x[3,4]{3  <0.5099031844161904>, 2  <0.4900968155838097>}
x[3,5]{0  <0.978162843361352>, 6  <0.021837156638647992>}
x[3,6]{2  <0.7715982451165196>, 3  <0.22840175488348038>}
x[3,7]{1  <1.0>}
x[4,0]{6  <0.005161073800930321>, 1  <0.11463538923220229>, 2  <0.7008469943314953>, 3  <0.17935654263537193>}
x[4,1]{6  <0.020232590205170355>, 1  <0.8977377951647698>, 4  <0.08202961463005984>}
x[4,2]{7  <1.0>}
x[4,3]{0  <0.972554419207642>, 1  <0.012151332778558281>, 6  <0.010517306231605702>, 4  <0.004776941782194109>}
x[4,4]{4  <0.11630444407919785>, 3  <0.7618695998685112>, 2  <0.12182595605229098>}
x[4,5]{0  <0.11306267488410782>, 6  <0.8869373251158922>}
x[4,6]{5  <1.0>}
x[4,7]{4  <0.3649609596200435>, 3  <0.28940421309325637>, 2  <0.3456348272867001>}
x[5,0]{2  <0.3571202723794418>, 1  <0.6428797276205582>}
x[5,1]{0  <1.0>}
x[5,2]{3  <1.0>}
x[5,3]{7  <1.0>}
x[5,4]{2  <0.16493144041895108>, 4  <0.8350685595810489>}
x[5,5]{5  <1.0>}
x[5,6]{4  <0.2774002697536088>, 1  <0.5485032987778806>, 2  <0.17409643146851062>}
x[5,7]{6  <1.0>}
x[6,0]{4  <1.0>}
x[6,1]{5  <1.0>}
x[6,2]{6  <1.0>}
x[6,3]{2  <0.3271202236719479>, 3  <0.6728797763280521>}
x[6,4]{0  <1.0>}
x[6,5]{1  <1.0>}
x[6,6]{7  <1.0>}
x[6,7]{2  <0.40972908417513204>, 3  <0.5902709158248679>}
x[7,0]{3  <0.8170486149981174>, 5  <0.18295138500188268>}
x[7,1]{2  <1.0>}
x[7,2]{1  <1.0>}
x[7,3]{3  <0.23010879687464522>, 5  <0.7698912031253548>}
x[7,4]{6  <1.0>}
x[7,5]{4  <1.0>}
x[7,6]{0  <1.0>}
x[7,7]{7  <1.0>}
problem entropy = 0.0
smallest variable entropy = 1.7976931348623157E308
### branching on x[0,0]=1
##### after BP iteration 1 #####
x[0,0]{1  <1.0>}
x[0,1]{3  <1.0>}
x[0,2]{0  <1.0>}
x[0,3]{6  <1.0>}
x[0,4]{7  <1.0>}
x[0,5]{2  <1.0>}
x[0,6]{4  <1.0>}
x[0,7]{5  <1.0>}
x[1,0]{5  <1.0>}
x[1,1]{7  <1.0>}
x[1,2]{4  <1.0>}
x[1,3]{2  <1.0>}
x[1,4]{1  <1.0>}
x[1,5]{3  <1.0>}
x[1,6]{6  <1.0>}
x[1,7]{0  <1.0>}
x[2,0]{0  <1.0>}
x[2,1]{6  <1.0>}
x[2,2]{2  <1.0>}
x[2,3]{1  <1.0>}
x[2,4]{5  <1.0>}
x[2,5]{7  <1.0>}
x[2,6]{3  <1.0>}
x[2,7]{4  <1.0>}
x[3,0]{7  <1.0>}
x[3,1]{4  <1.0>}
x[3,2]{5  <1.0>}
x[3,3]{0  <1.0>}
x[3,4]{3  <1.0>}
x[3,5]{6  <1.0>}
x[3,6]{2  <1.0>}
x[3,7]{1  <1.0>}
x[4,0]{6  <1.0>}
x[4,1]{1  <1.0>}
x[4,2]{7  <1.0>}
x[4,3]{4  <1.0>}
x[4,4]{2  <1.0>}
x[4,5]{0  <1.0>}
x[4,6]{5  <1.0>}
x[4,7]{3  <1.0>}
x[5,0]{2  <1.0>}
x[5,1]{0  <1.0>}
x[5,2]{3  <1.0>}
x[5,3]{7  <1.0>}
x[5,4]{4  <1.0>}
x[5,5]{5  <1.0>}
x[5,6]{1  <1.0>}
x[5,7]{6  <1.0>}
x[6,0]{4  <1.0>}
x[6,1]{5  <1.0>}
x[6,2]{6  <1.0>}
x[6,3]{3  <1.0>}
x[6,4]{0  <1.0>}
x[6,5]{1  <1.0>}
x[6,6]{7  <1.0>}
x[6,7]{2  <1.0>}
x[7,0]{3  <1.0>}
x[7,1]{2  <1.0>}
x[7,2]{1  <1.0>}
x[7,3]{5  <1.0>}
x[7,4]{6  <1.0>}
x[7,5]{4  <1.0>}
x[7,6]{0  <1.0>}
x[7,7]{7  <1.0>}
problem entropy = 0.0
smallest variable entropy = 1.7976931348623157E308
### branching on x[0,0]!=1

	#choice: 3
	#fail: 0
	execution time (ms): 14
	#sols : 1
	completed : false

