{6  <1.0>, 1  <1.0>}
model: sum-product-no-init
FINAL DAMPING FACTOR = 1.0
##### after BP iteration 1 #####
x[0,0]{6  <0.49999999999999983>, 1  <0.5000000000000001>}
x[0,1]{0  <1.0>}
x[0,2]{2  <1.0>}
x[0,3]{6  <0.625>, 1  <0.375>}
x[0,4]{4  <1.0>}
x[0,5]{7  <1.0>}
x[0,6]{3  <1.0>}
x[0,7]{5  <1.0>}
x[1,0]{0  <0.4245810055865923>, 1  <0.35754189944134074>, 3  <0.21787709497206703>}
x[1,1]{6  <1.0>}
x[1,2]{7  <1.0>}
x[1,3]{4  <1.0>}
x[1,4]{0  <0.37988826815642457>, 1  <0.6201117318435755>}
x[1,5]{0  <0.2442748091603054>, 3  <0.7557251908396946>}
x[1,6]{5  <1.0>}
x[1,7]{2  <1.0>}
x[2,0]{5  <1.0>}
x[2,1]{4  <0.6923076923076923>, 1  <0.30769230769230776>}
x[2,2]{0  <1.0>}
x[2,3]{6  <0.6666666666666666>, 1  <0.3333333333333333>}
x[2,4]{3  <1.0>}
x[2,5]{6  <0.42857142857142855>, 4  <0.5714285714285714>}
x[2,6]{2  <1.0>}
x[2,7]{7  <1.0>}
x[3,0]{0  <0.3882352941176469>, 6  <0.44705882352941173>, 3  <0.1647058823529412>}
x[3,1]{2  <1.0>}
x[3,2]{5  <0.14516129032258063>, 6  <0.0806451612903226>, 3  <0.7741935483870968>}
x[3,3]{7  <1.0>}
x[3,4]{0  <0.3671562082777036>, 6  <0.3604806408544726>, 5  <0.2723631508678237>}
x[3,5]{0  <0.2360876897133221>, 6  <0.16188870151770662>, 5  <0.4957841483979763>, 3  <0.10623946037099494>}
x[3,6]{4  <1.0>}
x[3,7]{1  <1.0>}
x[4,0]{2  <1.0>}
x[4,1]{5  <0.08928571428571427>, 1  <0.48214285714285715>, 4  <0.42857142857142855>}
x[4,2]{5  <0.36594911937377683>, 6  <0.6340508806262231>}
x[4,3]{3  <1.0>}
x[4,4]{0  <0.24416517055655296>, 1  <0.3967684021543985>, 6  <0.2154398563734291>, 5  <0.1436265709156194>}
x[4,5]{0  <0.10471204188481675>, 5  <0.2356020942408377>, 6  <0.2827225130890052>, 4  <0.37696335078534027>}
x[4,6]{7  <1.0>}
x[4,7]{0  <0.7428571428571429>, 4  <0.2571428571428571>}
x[5,0]{7  <1.0>}
x[5,1]{3  <1.0>}
x[5,2]{4  <1.0>}
x[5,3]{5  <1.0>}
x[5,4]{2  <1.0>}
x[5,5]{1  <1.0>}
x[5,6]{0  <1.0>}
x[5,7]{6  <1.0>}
x[6,0]{0  <0.3216216216216217>, 4  <0.35675675675675667>, 3  <0.32162162162162167>}
x[6,1]{4  <0.09433962264150943>, 5  <0.9056603773584906>}
x[6,2]{1  <1.0>}
x[6,3]{2  <1.0>}
x[6,4]{7  <1.0>}
x[6,5]{0  <0.38>, 5  <0.18999999999999997>, 4  <0.23999999999999996>, 3  <0.19>}
x[6,6]{6  <1.0>}
x[6,7]{0  <0.33093525179856104>, 3  <0.4964028776978418>, 4  <0.17266187050359708>}
x[7,0]{3  <0.1228070175438597>, 4  <0.7368421052631579>, 6  <0.14035087719298248>}
x[7,1]{7  <1.0>}
x[7,2]{3  <0.15254237288135594>, 5  <0.5084745762711864>, 6  <0.3389830508474576>}
x[7,3]{0  <1.0>}
x[7,4]{6  <0.4615384615384615>, 5  <0.5384615384615384>}
x[7,5]{2  <1.0>}
x[7,6]{1  <1.0>}
x[7,7]{4  <0.375>, 3  <0.625>}
problem entropy = 0.0
smallest variable entropy = 1.7976931348623157E308
### branching on x[0,0]=1
##### after BP iteration 1 #####
x[0,0]{1  <1.0>}
x[0,1]{0  <1.0>}
x[0,2]{2  <1.0>}
x[0,3]{6  <1.0>}
x[0,4]{4  <1.0>}
x[0,5]{7  <1.0>}
x[0,6]{3  <1.0>}
x[0,7]{5  <1.0>}
x[1,0]{0  <0.6115676021769287>, 3  <0.38843239782307115>}
x[1,1]{6  <1.0>}
x[1,2]{7  <1.0>}
x[1,3]{4  <1.0>}
x[1,4]{1  <1.0>}
x[1,5]{0  <0.3484665539724704>, 3  <0.6515334460275296>}
x[1,6]{5  <1.0>}
x[1,7]{2  <1.0>}
x[2,0]{5  <1.0>}
x[2,1]{4  <1.0>}
x[2,2]{0  <1.0>}
x[2,3]{1  <1.0>}
x[2,4]{3  <1.0>}
x[2,5]{6  <1.0>}
x[2,6]{2  <1.0>}
x[2,7]{7  <1.0>}
x[3,0]{0  <0.09108103460981061>, 6  <0.8605782221021345>, 3  <0.04834074328805482>}
x[3,1]{2  <1.0>}
x[3,2]{5  <0.0481311098332375>, 6  <0.028349626221966656>, 3  <0.9235192639447958>}
x[3,3]{7  <1.0>}
x[3,4]{0  <0.6339888464925154>, 6  <0.228059876724391>, 5  <0.13795127678309363>}
x[3,5]{0  <0.12503276539973784>, 3  <0.036173001310615994>, 5  <0.8387942332896462>}
x[3,6]{4  <1.0>}
x[3,7]{1  <1.0>}
x[4,0]{2  <1.0>}
x[4,1]{1  <1.0>}
x[4,2]{5  <0.4714532086774983>, 6  <0.5285467913225017>}
x[4,3]{3  <1.0>}
x[4,4]{0  <0.21745811387938072>, 5  <0.34271907421340986>, 6  <0.43982281190720934>}
x[4,5]{0  <0.1517639227867761>, 5  <0.1357887730197471>, 4  <0.7124473041934768>}
x[4,6]{7  <1.0>}
x[4,7]{0  <0.5390677775275838>, 4  <0.46093222247241616>}
x[5,0]{7  <1.0>}
x[5,1]{3  <1.0>}
x[5,2]{4  <1.0>}
x[5,3]{5  <1.0>}
x[5,4]{2  <1.0>}
x[5,5]{1  <1.0>}
x[5,6]{0  <1.0>}
x[5,7]{6  <1.0>}
x[6,0]{0  <0.24039517014270034>, 4  <0.4346871569703623>, 3  <0.3249176728869373>}
x[6,1]{5  <1.0>}
x[6,2]{1  <1.0>}
x[6,3]{2  <1.0>}
x[6,4]{7  <1.0>}
x[6,5]{0  <0.4402810304449648>, 3  <0.14988290398126455>, 4  <0.4098360655737706>}
x[6,6]{6  <1.0>}
x[6,7]{0  <0.2443894681039053>, 3  <0.47358190493019964>, 4  <0.2820286269658951>}
x[7,0]{3  <0.15571744503707557>, 4  <0.6434158319240276>, 6  <0.2008667230388968>}
x[7,1]{7  <1.0>}
x[7,2]{3  <0.09025270758122746>, 5  <0.5966763618293163>, 6  <0.3130709305894562>}
x[7,3]{0  <1.0>}
x[7,4]{6  <0.5250274022652539>, 5  <0.4749725977347461>}
x[7,5]{2  <1.0>}
x[7,6]{1  <1.0>}
x[7,7]{4  <0.33458428444306887>, 3  <0.6654157155569312>}
problem entropy = 0.0
smallest variable entropy = 1.7976931348623157E308
### branching on x[1,0]=0
##### after BP iteration 1 #####
x[0,0]{1  <1.0>}
x[0,1]{0  <1.0>}
x[0,2]{2  <1.0>}
x[0,3]{6  <1.0>}
x[0,4]{4  <1.0>}
x[0,5]{7  <1.0>}
x[0,6]{3  <1.0>}
x[0,7]{5  <1.0>}
x[1,0]{0  <1.0>}
x[1,1]{6  <1.0>}
x[1,2]{7  <1.0>}
x[1,3]{4  <1.0>}
x[1,4]{1  <1.0>}
x[1,5]{3  <1.0>}
x[1,6]{5  <1.0>}
x[1,7]{2  <1.0>}
x[2,0]{5  <1.0>}
x[2,1]{4  <1.0>}
x[2,2]{0  <1.0>}
x[2,3]{1  <1.0>}
x[2,4]{3  <1.0>}
x[2,5]{6  <1.0>}
x[2,6]{2  <1.0>}
x[2,7]{7  <1.0>}
x[3,0]{3  <0.02741409715171272>, 6  <0.9725859028482873>}
x[3,1]{2  <1.0>}
x[3,2]{5  <0.0017911779296149448>, 6  <0.013565335170190453>, 3  <0.9846434869001945>}
x[3,3]{7  <1.0>}
x[3,4]{0  <0.955240133218189>, 6  <8.503343264499956E-4>, 5  <0.04390953245536094>}
x[3,5]{0  <0.07275071290217994>, 5  <0.9272492870978201>}
x[3,6]{4  <1.0>}
x[3,7]{1  <1.0>}
x[4,0]{2  <1.0>}
x[4,1]{1  <1.0>}
x[4,2]{5  <0.4423154634386249>, 6  <0.5576845365613751>}
x[4,3]{3  <1.0>}
x[4,4]{0  <0.14296959682335902>, 5  <0.4429683123073433>, 6  <0.4140620908692977>}
x[4,5]{0  <0.28520872347952647>, 5  <0.1319734502797024>, 4  <0.5828178262407712>}
x[4,6]{7  <1.0>}
x[4,7]{0  <0.6749249257893735>, 4  <0.32507507421062665>}
x[5,0]{7  <1.0>}
x[5,1]{3  <1.0>}
x[5,2]{4  <1.0>}
x[5,3]{5  <1.0>}
x[5,4]{2  <1.0>}
x[5,5]{1  <1.0>}
x[5,6]{0  <1.0>}
x[5,7]{6  <1.0>}
x[6,0]{3  <0.7178929743305833>, 4  <0.2821070256694167>}
x[6,1]{5  <1.0>}
x[6,2]{1  <1.0>}
x[6,3]{2  <1.0>}
x[6,4]{7  <1.0>}
x[6,5]{0  <0.818586777394771>, 4  <0.18141322260522888>}
x[6,6]{6  <1.0>}
x[6,7]{0  <0.4701521822564718>, 3  <0.24078346478763918>, 4  <0.2890643529558891>}
x[7,0]{3  <0.4118871192419151>, 4  <0.5100284151024743>, 6  <0.07808446565561061>}
x[7,1]{7  <1.0>}
x[7,2]{3  <0.13407052797588498>, 5  <0.46473531259411505>, 6  <0.40119415943>}
x[7,3]{0  <1.0>}
x[7,4]{6  <0.5105359158908508>, 5  <0.4894640841091492>}
x[7,5]{2  <1.0>}
x[7,6]{1  <1.0>}
x[7,7]{4  <0.340621392196962>, 3  <0.6593786078030379>}
problem entropy = 0.0
smallest variable entropy = 1.7976931348623157E308
### branching on x[3,0]=6
##### after BP iteration 1 #####
x[0,0]{1  <1.0>}
x[0,1]{0  <1.0>}
x[0,2]{2  <1.0>}
x[0,3]{6  <1.0>}
x[0,4]{4  <1.0>}
x[0,5]{7  <1.0>}
x[0,6]{3  <1.0>}
x[0,7]{5  <1.0>}
x[1,0]{0  <1.0>}
x[1,1]{6  <1.0>}
x[1,2]{7  <1.0>}
x[1,3]{4  <1.0>}
x[1,4]{1  <1.0>}
x[1,5]{3  <1.0>}
x[1,6]{5  <1.0>}
x[1,7]{2  <1.0>}
x[2,0]{5  <1.0>}
x[2,1]{4  <1.0>}
x[2,2]{0  <1.0>}
x[2,3]{1  <1.0>}
x[2,4]{3  <1.0>}
x[2,5]{6  <1.0>}
x[2,6]{2  <1.0>}
x[2,7]{7  <1.0>}
x[3,0]{6  <1.0>}
x[3,1]{2  <1.0>}
x[3,2]{3  <1.0>}
x[3,3]{7  <1.0>}
x[3,4]{0  <0.9737994726372559>, 5  <0.026200527362744194>}
x[3,5]{0  <0.02453999091336597>, 5  <0.9754600090866341>}
x[3,6]{4  <1.0>}
x[3,7]{1  <1.0>}
x[4,0]{2  <1.0>}
x[4,1]{1  <1.0>}
x[4,2]{5  <0.42668605722284136>, 6  <0.5733139427771586>}
x[4,3]{3  <1.0>}
x[4,4]{0  <0.02322782400225609>, 5  <0.5314066267103578>, 6  <0.4453655492873862>}
x[4,5]{0  <0.14760706173804072>, 5  <0.038994214573530264>, 4  <0.813398723688429>}
x[4,6]{7  <1.0>}
x[4,7]{0  <0.6044230374044792>, 4  <0.39557696259552083>}
x[5,0]{7  <1.0>}
x[5,1]{3  <1.0>}
x[5,2]{4  <1.0>}
x[5,3]{5  <1.0>}
x[5,4]{2  <1.0>}
x[5,5]{1  <1.0>}
x[5,6]{0  <1.0>}
x[5,7]{6  <1.0>}
x[6,0]{3  <0.7894514134932433>, 4  <0.21054858650675676>}
x[6,1]{5  <1.0>}
x[6,2]{1  <1.0>}
x[6,3]{2  <1.0>}
x[6,4]{7  <1.0>}
x[6,5]{0  <0.5723455394011526>, 4  <0.4276544605988474>}
x[6,6]{6  <1.0>}
x[6,7]{0  <0.27049498312604064>, 3  <0.26963992106885387>, 4  <0.4598650958051055>}
x[7,0]{3  <0.25717292582674167>, 4  <0.7428270741732583>}
x[7,1]{7  <1.0>}
x[7,2]{6  <0.4756971873326491>, 5  <0.5243028126673509>}
x[7,3]{0  <1.0>}
x[7,4]{6  <0.5443108854424563>, 5  <0.4556891145575437>}
x[7,5]{2  <1.0>}
x[7,6]{1  <1.0>}
x[7,7]{4  <0.39135759033800177>, 3  <0.6086424096619982>}
problem entropy = 0.0
smallest variable entropy = 1.7976931348623157E308
### branching on x[3,4]=0
### branching on x[4,2]=5
##### after BP iteration 1 #####
x[0,0]{1  <1.0>}
x[0,1]{0  <1.0>}
x[0,2]{2  <1.0>}
x[0,3]{6  <1.0>}
x[0,4]{4  <1.0>}
x[0,5]{7  <1.0>}
x[0,6]{3  <1.0>}
x[0,7]{5  <1.0>}
x[1,0]{0  <1.0>}
x[1,1]{6  <1.0>}
x[1,2]{7  <1.0>}
x[1,3]{4  <1.0>}
x[1,4]{1  <1.0>}
x[1,5]{3  <1.0>}
x[1,6]{5  <1.0>}
x[1,7]{2  <1.0>}
x[2,0]{5  <1.0>}
x[2,1]{4  <1.0>}
x[2,2]{0  <1.0>}
x[2,3]{1  <1.0>}
x[2,4]{3  <1.0>}
x[2,5]{6  <1.0>}
x[2,6]{2  <1.0>}
x[2,7]{7  <1.0>}
x[3,0]{6  <1.0>}
x[3,1]{2  <1.0>}
x[3,2]{3  <1.0>}
x[3,3]{7  <1.0>}
x[3,4]{0  <1.0>}
x[3,5]{5  <1.0>}
x[3,6]{4  <1.0>}
x[3,7]{1  <1.0>}
x[4,0]{2  <1.0>}
x[4,1]{1  <1.0>}
x[4,2]{5  <1.0>}
x[4,3]{3  <1.0>}
x[4,4]{6  <1.0>}
x[4,5]{0  <0.3532011206871694>, 4  <0.6467988793128305>}
x[4,6]{7  <1.0>}
x[4,7]{0  <0.8893883971722333>, 4  <0.11061160282776666>}
x[5,0]{7  <1.0>}
x[5,1]{3  <1.0>}
x[5,2]{4  <1.0>}
x[5,3]{5  <1.0>}
x[5,4]{2  <1.0>}
x[5,5]{1  <1.0>}
x[5,6]{0  <1.0>}
x[5,7]{6  <1.0>}
x[6,0]{3  <0.7708887328815696>, 4  <0.22911126711843038>}
x[6,1]{5  <1.0>}
x[6,2]{1  <1.0>}
x[6,3]{2  <1.0>}
x[6,4]{7  <1.0>}
x[6,5]{0  <0.7692391808358643>, 4  <0.2307608191641356>}
x[6,6]{6  <1.0>}
x[6,7]{0  <0.331292347797363>, 3  <0.2987606328562836>, 4  <0.3699470193463535>}
x[7,0]{3  <0.17515647813577573>, 4  <0.8248435218642243>}
x[7,1]{7  <1.0>}
x[7,2]{6  <1.0>}
x[7,3]{0  <1.0>}
x[7,4]{5  <1.0>}
x[7,5]{2  <1.0>}
x[7,6]{1  <1.0>}
x[7,7]{4  <0.18654127424623115>, 3  <0.8134587257537689>}
problem entropy = 0.0
smallest variable entropy = 1.7976931348623157E308
### branching on x[4,5]=0
##### after BP iteration 1 #####
x[0,0]{1  <1.0>}
x[0,1]{0  <1.0>}
x[0,2]{2  <1.0>}
x[0,3]{6  <1.0>}
x[0,4]{4  <1.0>}
x[0,5]{7  <1.0>}
x[0,6]{3  <1.0>}
x[0,7]{5  <1.0>}
x[1,0]{0  <1.0>}
x[1,1]{6  <1.0>}
x[1,2]{7  <1.0>}
x[1,3]{4  <1.0>}
x[1,4]{1  <1.0>}
x[1,5]{3  <1.0>}
x[1,6]{5  <1.0>}
x[1,7]{2  <1.0>}
x[2,0]{5  <1.0>}
x[2,1]{4  <1.0>}
x[2,2]{0  <1.0>}
x[2,3]{1  <1.0>}
x[2,4]{3  <1.0>}
x[2,5]{6  <1.0>}
x[2,6]{2  <1.0>}
x[2,7]{7  <1.0>}
x[3,0]{6  <1.0>}
x[3,1]{2  <1.0>}
x[3,2]{3  <1.0>}
x[3,3]{7  <1.0>}
x[3,4]{0  <1.0>}
x[3,5]{5  <1.0>}
x[3,6]{4  <1.0>}
x[3,7]{1  <1.0>}
x[4,0]{2  <1.0>}
x[4,1]{1  <1.0>}
x[4,2]{5  <1.0>}
x[4,3]{3  <1.0>}
x[4,4]{6  <1.0>}
x[4,5]{0  <1.0>}
x[4,6]{7  <1.0>}
x[4,7]{4  <1.0>}
x[5,0]{7  <1.0>}
x[5,1]{3  <1.0>}
x[5,2]{4  <1.0>}
x[5,3]{5  <1.0>}
x[5,4]{2  <1.0>}
x[5,5]{1  <1.0>}
x[5,6]{0  <1.0>}
x[5,7]{6  <1.0>}
x[6,0]{3  <1.0>}
x[6,1]{5  <1.0>}
x[6,2]{1  <1.0>}
x[6,3]{2  <1.0>}
x[6,4]{7  <1.0>}
x[6,5]{4  <1.0>}
x[6,6]{6  <1.0>}
x[6,7]{0  <1.0>}
x[7,0]{4  <1.0>}
x[7,1]{7  <1.0>}
x[7,2]{6  <1.0>}
x[7,3]{0  <1.0>}
x[7,4]{5  <1.0>}
x[7,5]{2  <1.0>}
x[7,6]{1  <1.0>}
x[7,7]{3  <1.0>}
problem entropy = 0.0
smallest variable entropy = 1.7976931348623157E308
### branching on x[4,5]!=0
##### after BP iteration 1 #####
x[0,0]{1  <1.0>}
x[0,1]{0  <1.0>}
x[0,2]{2  <1.0>}
x[0,3]{6  <1.0>}
x[0,4]{4  <1.0>}
x[0,5]{7  <1.0>}
x[0,6]{3  <1.0>}
x[0,7]{5  <1.0>}
x[1,0]{0  <1.0>}
x[1,1]{6  <1.0>}
x[1,2]{7  <1.0>}
x[1,3]{4  <1.0>}
x[1,4]{1  <1.0>}
x[1,5]{3  <1.0>}
x[1,6]{5  <1.0>}
x[1,7]{2  <1.0>}
x[2,0]{5  <1.0>}
x[2,1]{4  <1.0>}
x[2,2]{0  <1.0>}
x[2,3]{1  <1.0>}
x[2,4]{3  <1.0>}
x[2,5]{6  <1.0>}
x[2,6]{2  <1.0>}
x[2,7]{7  <1.0>}
x[3,0]{6  <1.0>}
x[3,1]{2  <1.0>}
x[3,2]{3  <1.0>}
x[3,3]{7  <1.0>}
x[3,4]{0  <1.0>}
x[3,5]{5  <1.0>}
x[3,6]{4  <1.0>}
x[3,7]{1  <1.0>}
x[4,0]{2  <1.0>}
x[4,1]{1  <1.0>}
x[4,2]{5  <1.0>}
x[4,3]{3  <1.0>}
x[4,4]{6  <1.0>}
x[4,5]{4  <1.0>}
x[4,6]{7  <1.0>}
x[4,7]{0  <1.0>}
x[5,0]{7  <1.0>}
x[5,1]{3  <1.0>}
x[5,2]{4  <1.0>}
x[5,3]{5  <1.0>}
x[5,4]{2  <1.0>}
x[5,5]{1  <1.0>}
x[5,6]{0  <1.0>}
x[5,7]{6  <1.0>}
x[6,0]{3  <0.6086424096619982>, 4  <0.39135759033800177>}
x[6,1]{5  <1.0>}
x[6,2]{1  <1.0>}
x[6,3]{2  <1.0>}
x[6,4]{7  <1.0>}
x[6,5]{0  <1.0>}
x[6,6]{6  <1.0>}
x[6,7]{3  <0.2571729258267418>, 4  <0.7428270741732582>}
x[7,0]{4  <0.8355198742643924>, 3  <0.16448012573560766>}
x[7,1]{7  <1.0>}
x[7,2]{6  <1.0>}
x[7,3]{0  <1.0>}
x[7,4]{5  <1.0>}
x[7,5]{2  <1.0>}
x[7,6]{1  <1.0>}
x[7,7]{3  <0.7894514134932433>, 4  <0.21054858650675679>}
problem entropy = 0.0
smallest variable entropy = 1.7976931348623157E308

	#choice: 7
	#fail: 0
	execution time (ms): 40
	#sols : 1
	completed : false

