{6  <7.0>, 5  <6.0>, 2  <3.0>, 3  <4.0>, 4  <5.0>}
model: max-product-init
FINAL DAMPING FACTOR = 1.0
##### after BP iteration 1 #####
x[0,0]{6  <0.27999999999999997>, 5  <0.24>, 2  <0.12>, 3  <0.16>, 4  <0.19999999999999998>}
x[0,1]{7  <0.2>, 1  <0.2>, 2  <0.2>, 3  <0.2>, 5  <0.2>}
x[0,2]{7  <0.25>, 5  <0.25>, 4  <0.25>, 3  <0.25>}
x[0,3]{0  <1.0>}
x[0,4]{3  <0.3333333333333333>, 6  <0.3333333333333333>, 2  <0.3333333333333333>}
x[0,5]{7  <0.16666666666666669>, 6  <0.16666666666666669>, 2  <0.16666666666666669>, 3  <0.16666666666666669>, 4  <0.16666666666666669>, 5  <0.16666666666666669>}
x[0,6]{7  <0.14285714285714285>, 1  <0.14285714285714285>, 2  <0.14285714285714285>, 3  <0.14285714285714285>, 4  <0.14285714285714285>, 5  <0.14285714285714285>, 6  <0.14285714285714285>}
x[0,7]{7  <0.3333333333333333>, 6  <0.3333333333333333>, 5  <0.3333333333333333>}
x[1,0]{5  <0.5>, 2  <0.5>}
x[1,1]{4  <1.0>}
x[1,2]{6  <1.0>}
x[1,3]{7  <1.0>}
x[1,4]{0  <1.0>}
x[1,5]{1  <1.0>}
x[1,6]{5  <0.5>, 2  <0.5>}
x[1,7]{3  <1.0>}
x[2,0]{5  <0.2>, 6  <0.2>, 2  <0.2>, 3  <0.2>, 4  <0.2>}
x[2,1]{0  <0.19999999999999998>, 7  <0.19999999999999998>, 2  <0.19999999999999998>, 3  <0.19999999999999998>, 5  <0.19999999999999998>}
x[2,2]{5  <0.2608695652173913>, 7  <0.34782608695652173>, 4  <0.21739130434782608>, 3  <0.17391304347826086>}
x[2,3]{2  <0.5>, 5  <0.5>}
x[2,4]{1  <1.0>}
x[2,5]{6  <0.16666666666666663>, 7  <0.16666666666666663>, 2  <0.16666666666666663>, 3  <0.16666666666666663>, 4  <0.16666666666666663>, 5  <0.16666666666666663>}
x[2,6]{6  <0.16666666666666666>, 7  <0.16666666666666666>, 2  <0.16666666666666666>, 3  <0.16666666666666666>, 4  <0.16666666666666666>, 5  <0.16666666666666666>}
x[2,7]{0  <0.25>, 7  <0.25>, 5  <0.25>, 6  <0.25>}
x[3,0]{5  <0.19999999999999998>, 6  <0.19999999999999998>, 2  <0.19999999999999998>, 3  <0.19999999999999998>, 4  <0.19999999999999998>}
x[3,1]{0  <0.2>, 7  <0.2>, 2  <0.2>, 3  <0.2>, 5  <0.2>}
x[3,2]{1  <1.0>}
x[3,3]{2  <0.3333333333333333>, 5  <0.6666666666666666>}
x[3,4]{6  <0.33333333333333337>, 3  <0.33333333333333337>, 2  <0.33333333333333337>}
x[3,5]{6  <0.16666666666666663>, 7  <0.16666666666666663>, 2  <0.16666666666666663>, 3  <0.16666666666666663>, 4  <0.16666666666666663>, 5  <0.16666666666666663>}
x[3,6]{6  <0.16666666666666666>, 7  <0.16666666666666666>, 2  <0.16666666666666666>, 3  <0.16666666666666666>, 4  <0.16666666666666666>, 5  <0.16666666666666666>}
x[3,7]{0  <0.25>, 7  <0.25>, 5  <0.25>, 6  <0.25>}
x[4,0]{7  <1.0>}
x[4,1]{5  <0.3333333333333333>, 3  <0.3333333333333333>, 2  <0.3333333333333333>}
x[4,2]{0  <1.0>}
x[4,3]{1  <1.0>}
x[4,4]{6  <0.5>, 3  <0.2857142857142857>, 2  <0.21428571428571427>}
x[4,5]{6  <0.25>, 5  <0.25>, 2  <0.25>, 3  <0.25>}
x[4,6]{6  <0.25>, 5  <0.25>, 2  <0.25>, 3  <0.25>}
x[4,7]{4  <1.0>}
x[5,0]{5  <0.3333333333333333>, 3  <0.3333333333333333>, 2  <0.3333333333333333>}
x[5,1]{6  <1.0>}
x[5,2]{5  <0.5>, 3  <0.5>}
x[5,3]{4  <1.0>}
x[5,4]{7  <1.0>}
x[5,5]{5  <0.4615384615384615>, 3  <0.3076923076923077>, 2  <0.23076923076923075>}
x[5,6]{0  <1.0>}
x[5,7]{1  <1.0>}
x[6,0]{0  <1.0>}
x[6,1]{7  <0.5>, 1  <0.5>}
x[6,2]{2  <1.0>}
x[6,3]{3  <1.0>}
x[6,4]{5  <1.0>}
x[6,5]{7  <0.3333333333333333>, 4  <0.3333333333333333>, 6  <0.3333333333333333>}
x[6,6]{7  <0.36363636363636365>, 1  <0.09090909090909091>, 6  <0.3181818181818182>, 4  <0.22727272727272727>}
x[6,7]{7  <0.5>, 6  <0.5>}
x[7,0]{1  <1.0>}
x[7,1]{5  <0.3333333333333333>, 7  <0.3333333333333333>, 3  <0.3333333333333333>}
x[7,2]{5  <0.3333333333333333>, 7  <0.3333333333333333>, 3  <0.3333333333333333>}
x[7,3]{6  <1.0>}
x[7,4]{4  <1.0>}
x[7,5]{0  <1.0>}
x[7,6]{5  <0.33333333333333337>, 7  <0.33333333333333337>, 3  <0.33333333333333337>}
x[7,7]{2  <1.0>}
problem entropy = 0.9919574574573026
smallest variable entropy = 0.6365141682948128
##### after BP iteration 2 #####
x[0,0]{6  <0.27999999999999997>, 5  <0.24>, 2  <0.12>, 3  <0.16>, 4  <0.19999999999999998>}
x[0,1]{7  <0.2>, 1  <0.2>, 2  <0.2>, 3  <0.2>, 5  <0.2>}
x[0,2]{7  <0.25>, 5  <0.25>, 4  <0.25>, 3  <0.25>}
x[0,3]{0  <1.0>}
x[0,4]{3  <0.3333333333333333>, 6  <0.3333333333333333>, 2  <0.3333333333333333>}
x[0,5]{7  <0.16666666666666669>, 6  <0.16666666666666669>, 2  <0.16666666666666669>, 3  <0.16666666666666669>, 4  <0.16666666666666669>, 5  <0.16666666666666669>}
x[0,6]{7  <0.14285714285714285>, 1  <0.14285714285714285>, 2  <0.14285714285714285>, 3  <0.14285714285714285>, 4  <0.14285714285714285>, 5  <0.14285714285714285>, 6  <0.14285714285714285>}
x[0,7]{7  <0.3333333333333333>, 6  <0.3333333333333333>, 5  <0.3333333333333333>}
x[1,0]{5  <0.5>, 2  <0.5>}
x[1,1]{4  <1.0>}
x[1,2]{6  <1.0>}
x[1,3]{7  <1.0>}
x[1,4]{0  <1.0>}
x[1,5]{1  <1.0>}
x[1,6]{5  <0.5>, 2  <0.5>}
x[1,7]{3  <1.0>}
x[2,0]{5  <0.2>, 6  <0.2>, 2  <0.2>, 3  <0.2>, 4  <0.2>}
x[2,1]{0  <0.19999999999999998>, 7  <0.19999999999999998>, 2  <0.19999999999999998>, 3  <0.19999999999999998>, 5  <0.19999999999999998>}
x[2,2]{5  <0.2608695652173913>, 7  <0.34782608695652173>, 4  <0.21739130434782608>, 3  <0.17391304347826086>}
x[2,3]{2  <0.5>, 5  <0.5>}
x[2,4]{1  <1.0>}
x[2,5]{6  <0.16666666666666663>, 7  <0.16666666666666663>, 2  <0.16666666666666663>, 3  <0.16666666666666663>, 4  <0.16666666666666663>, 5  <0.16666666666666663>}
x[2,6]{6  <0.16666666666666666>, 7  <0.16666666666666666>, 2  <0.16666666666666666>, 3  <0.16666666666666666>, 4  <0.16666666666666666>, 5  <0.16666666666666666>}
x[2,7]{0  <0.25>, 7  <0.25>, 5  <0.25>, 6  <0.25>}
x[3,0]{5  <0.19999999999999998>, 6  <0.19999999999999998>, 2  <0.19999999999999998>, 3  <0.19999999999999998>, 4  <0.19999999999999998>}
x[3,1]{0  <0.2>, 7  <0.2>, 2  <0.2>, 3  <0.2>, 5  <0.2>}
x[3,2]{1  <1.0>}
x[3,3]{2  <0.3333333333333333>, 5  <0.6666666666666666>}
x[3,4]{6  <0.33333333333333337>, 3  <0.33333333333333337>, 2  <0.33333333333333337>}
x[3,5]{6  <0.16666666666666663>, 7  <0.16666666666666663>, 2  <0.16666666666666663>, 3  <0.16666666666666663>, 4  <0.16666666666666663>, 5  <0.16666666666666663>}
x[3,6]{6  <0.16666666666666666>, 7  <0.16666666666666666>, 2  <0.16666666666666666>, 3  <0.16666666666666666>, 4  <0.16666666666666666>, 5  <0.16666666666666666>}
x[3,7]{0  <0.25>, 7  <0.25>, 5  <0.25>, 6  <0.25>}
x[4,0]{7  <1.0>}
x[4,1]{5  <0.3333333333333333>, 3  <0.3333333333333333>, 2  <0.3333333333333333>}
x[4,2]{0  <1.0>}
x[4,3]{1  <1.0>}
x[4,4]{6  <0.5>, 3  <0.2857142857142857>, 2  <0.21428571428571427>}
x[4,5]{6  <0.25>, 5  <0.25>, 2  <0.25>, 3  <0.25>}
x[4,6]{6  <0.25>, 5  <0.25>, 2  <0.25>, 3  <0.25>}
x[4,7]{4  <1.0>}
x[5,0]{5  <0.3333333333333333>, 3  <0.3333333333333333>, 2  <0.3333333333333333>}
x[5,1]{6  <1.0>}
x[5,2]{5  <0.5>, 3  <0.5>}
x[5,3]{4  <1.0>}
x[5,4]{7  <1.0>}
x[5,5]{5  <0.4615384615384615>, 3  <0.30769230769230765>, 2  <0.23076923076923075>}
x[5,6]{0  <1.0>}
x[5,7]{1  <1.0>}
x[6,0]{0  <1.0>}
x[6,1]{7  <0.5>, 1  <0.5>}
x[6,2]{2  <1.0>}
x[6,3]{3  <1.0>}
x[6,4]{5  <1.0>}
x[6,5]{7  <0.3333333333333333>, 4  <0.3333333333333333>, 6  <0.3333333333333333>}
x[6,6]{7  <0.36363636363636365>, 1  <0.09090909090909091>, 6  <0.3181818181818182>, 4  <0.22727272727272727>}
x[6,7]{7  <0.5>, 6  <0.5>}
x[7,0]{1  <1.0>}
x[7,1]{5  <0.3333333333333333>, 7  <0.3333333333333333>, 3  <0.3333333333333333>}
x[7,2]{5  <0.3333333333333333>, 7  <0.3333333333333333>, 3  <0.3333333333333333>}
x[7,3]{6  <1.0>}
x[7,4]{4  <1.0>}
x[7,5]{0  <1.0>}
x[7,6]{5  <0.33333333333333337>, 7  <0.33333333333333337>, 3  <0.33333333333333337>}
x[7,7]{2  <1.0>}
problem entropy = 0.9919574574573026
smallest variable entropy = 0.6365141682948128
### branching on x[3,3]=5 marginal=0.6666666666666666
##### after BP iteration 1 #####
x[0,0]{6  <0.28>, 5  <0.24000000000000002>, 2  <0.12000000000000001>, 3  <0.16>, 4  <0.2>}
x[0,1]{7  <0.19999999999999998>, 1  <0.19999999999999998>, 2  <0.19999999999999998>, 3  <0.19999999999999998>, 5  <0.19999999999999998>}
x[0,2]{7  <0.25>, 5  <0.25>, 4  <0.25>, 3  <0.25>}
x[0,3]{0  <1.0>}
x[0,4]{3  <0.3333333333333333>, 6  <0.3333333333333333>, 2  <0.3333333333333333>}
x[0,5]{7  <0.16666666666666669>, 6  <0.16666666666666669>, 2  <0.16666666666666669>, 3  <0.16666666666666669>, 4  <0.16666666666666669>, 5  <0.16666666666666669>}
x[0,6]{7  <0.14285714285714285>, 1  <0.14285714285714285>, 2  <0.14285714285714285>, 3  <0.14285714285714285>, 4  <0.14285714285714285>, 5  <0.14285714285714285>, 6  <0.14285714285714285>}
x[0,7]{7  <0.3333333333333333>, 6  <0.3333333333333333>, 5  <0.3333333333333333>}
x[1,0]{5  <0.5>, 2  <0.5>}
x[1,1]{4  <1.0>}
x[1,2]{6  <1.0>}
x[1,3]{7  <1.0>}
x[1,4]{0  <1.0>}
x[1,5]{1  <1.0>}
x[1,6]{5  <0.5>, 2  <0.5>}
x[1,7]{3  <1.0>}
x[2,0]{5  <0.25>, 6  <0.25>, 4  <0.25>, 3  <0.25>}
x[2,1]{0  <0.25>, 7  <0.25>, 5  <0.25>, 3  <0.25>}
x[2,2]{5  <0.2608695652173913>, 7  <0.34782608695652173>, 4  <0.21739130434782608>, 3  <0.17391304347826086>}
x[2,3]{2  <1.0>}
x[2,4]{1  <1.0>}
x[2,5]{6  <0.2>, 7  <0.2>, 5  <0.2>, 3  <0.2>, 4  <0.2>}
x[2,6]{6  <0.2>, 7  <0.2>, 5  <0.2>, 3  <0.2>, 4  <0.2>}
x[2,7]{0  <0.25>, 7  <0.25>, 5  <0.25>, 6  <0.25>}
x[3,0]{4  <0.25>, 6  <0.25>, 2  <0.25>, 3  <0.25>}
x[3,1]{0  <0.25>, 7  <0.25>, 2  <0.25>, 3  <0.25>}
x[3,2]{1  <1.0>}
x[3,3]{5  <1.0>}
x[3,4]{6  <0.3333333333333333>, 3  <0.3333333333333333>, 2  <0.3333333333333333>}
x[3,5]{6  <0.19999999999999998>, 7  <0.19999999999999998>, 2  <0.19999999999999998>, 3  <0.19999999999999998>, 4  <0.19999999999999998>}
x[3,6]{6  <0.19999999999999998>, 7  <0.19999999999999998>, 2  <0.19999999999999998>, 3  <0.19999999999999998>, 4  <0.19999999999999998>}
x[3,7]{0  <0.3333333333333333>, 7  <0.3333333333333333>, 6  <0.3333333333333333>}
x[4,0]{7  <1.0>}
x[4,1]{5  <0.3333333333333333>, 3  <0.3333333333333333>, 2  <0.3333333333333333>}
x[4,2]{0  <1.0>}
x[4,3]{1  <1.0>}
x[4,4]{6  <0.5>, 3  <0.2857142857142857>, 2  <0.21428571428571427>}
x[4,5]{6  <0.25>, 5  <0.25>, 2  <0.25>, 3  <0.25>}
x[4,6]{6  <0.25>, 5  <0.25>, 2  <0.25>, 3  <0.25>}
x[4,7]{4  <1.0>}
x[5,0]{5  <0.33333333333333337>, 3  <0.33333333333333337>, 2  <0.33333333333333337>}
x[5,1]{6  <1.0>}
x[5,2]{5  <0.5>, 3  <0.5>}
x[5,3]{4  <1.0>}
x[5,4]{7  <1.0>}
x[5,5]{5  <0.4615384615384615>, 3  <0.3076923076923077>, 2  <0.23076923076923075>}
x[5,6]{0  <1.0>}
x[5,7]{1  <1.0>}
x[6,0]{0  <1.0>}
x[6,1]{7  <0.5>, 1  <0.5>}
x[6,2]{2  <1.0>}
x[6,3]{3  <1.0>}
x[6,4]{5  <1.0>}
x[6,5]{7  <0.3333333333333333>, 4  <0.3333333333333333>, 6  <0.3333333333333333>}
x[6,6]{7  <0.36363636363636365>, 1  <0.09090909090909091>, 6  <0.3181818181818182>, 4  <0.22727272727272727>}
x[6,7]{7  <0.5>, 6  <0.5>}
x[7,0]{1  <1.0>}
x[7,1]{5  <0.3333333333333333>, 7  <0.3333333333333333>, 3  <0.3333333333333333>}
x[7,2]{5  <0.3333333333333333>, 7  <0.3333333333333333>, 3  <0.3333333333333333>}
x[7,3]{6  <1.0>}
x[7,4]{4  <1.0>}
x[7,5]{0  <1.0>}
x[7,6]{5  <0.33333333333333337>, 7  <0.33333333333333337>, 3  <0.33333333333333337>}
x[7,7]{2  <1.0>}
problem entropy = 0.9938322883390202
smallest variable entropy = 0.6931471805599453
##### after BP iteration 2 #####
x[0,0]{6  <0.28>, 5  <0.24000000000000002>, 2  <0.12000000000000001>, 3  <0.16>, 4  <0.2>}
x[0,1]{7  <0.19999999999999998>, 1  <0.19999999999999998>, 2  <0.19999999999999998>, 3  <0.19999999999999998>, 5  <0.19999999999999998>}
x[0,2]{7  <0.25>, 5  <0.25>, 4  <0.25>, 3  <0.25>}
x[0,3]{0  <1.0>}
x[0,4]{3  <0.33333333333333337>, 6  <0.33333333333333337>, 2  <0.33333333333333337>}
x[0,5]{7  <0.16666666666666663>, 6  <0.16666666666666663>, 2  <0.16666666666666663>, 3  <0.16666666666666663>, 4  <0.16666666666666663>, 5  <0.16666666666666663>}
x[0,6]{7  <0.14285714285714288>, 1  <0.14285714285714288>, 2  <0.14285714285714288>, 3  <0.14285714285714288>, 4  <0.14285714285714288>, 5  <0.14285714285714288>, 6  <0.14285714285714288>}
x[0,7]{7  <0.33333333333333337>, 6  <0.33333333333333337>, 5  <0.33333333333333337>}
x[1,0]{5  <0.5>, 2  <0.5>}
x[1,1]{4  <1.0>}
x[1,2]{6  <1.0>}
x[1,3]{7  <1.0>}
x[1,4]{0  <1.0>}
x[1,5]{1  <1.0>}
x[1,6]{5  <0.5>, 2  <0.5>}
x[1,7]{3  <1.0>}
x[2,0]{5  <0.25>, 6  <0.25>, 4  <0.25>, 3  <0.25>}
x[2,1]{0  <0.25>, 7  <0.25>, 5  <0.25>, 3  <0.25>}
x[2,2]{5  <0.2608695652173913>, 7  <0.34782608695652173>, 4  <0.21739130434782608>, 3  <0.17391304347826086>}
x[2,3]{2  <1.0>}
x[2,4]{1  <1.0>}
x[2,5]{6  <0.2>, 7  <0.2>, 5  <0.2>, 3  <0.2>, 4  <0.2>}
x[2,6]{6  <0.2>, 7  <0.2>, 5  <0.2>, 3  <0.2>, 4  <0.2>}
x[2,7]{0  <0.25>, 7  <0.25>, 5  <0.25>, 6  <0.25>}
x[3,0]{4  <0.25>, 6  <0.25>, 2  <0.25>, 3  <0.25>}
x[3,1]{0  <0.25>, 7  <0.25>, 2  <0.25>, 3  <0.25>}
x[3,2]{1  <1.0>}
x[3,3]{5  <1.0>}
x[3,4]{6  <0.3333333333333333>, 3  <0.3333333333333333>, 2  <0.3333333333333333>}
x[3,5]{6  <0.19999999999999998>, 7  <0.19999999999999998>, 2  <0.19999999999999998>, 3  <0.19999999999999998>, 4  <0.19999999999999998>}
x[3,6]{6  <0.19999999999999998>, 7  <0.19999999999999998>, 2  <0.19999999999999998>, 3  <0.19999999999999998>, 4  <0.19999999999999998>}
x[3,7]{0  <0.3333333333333333>, 7  <0.3333333333333333>, 6  <0.3333333333333333>}
x[4,0]{7  <1.0>}
x[4,1]{5  <0.3333333333333333>, 3  <0.3333333333333333>, 2  <0.3333333333333333>}
x[4,2]{0  <1.0>}
x[4,3]{1  <1.0>}
x[4,4]{6  <0.5>, 3  <0.2857142857142857>, 2  <0.21428571428571427>}
x[4,5]{6  <0.25>, 5  <0.25>, 2  <0.25>, 3  <0.25>}
x[4,6]{6  <0.25>, 5  <0.25>, 2  <0.25>, 3  <0.25>}
x[4,7]{4  <1.0>}
x[5,0]{5  <0.33333333333333337>, 3  <0.33333333333333337>, 2  <0.33333333333333337>}
x[5,1]{6  <1.0>}
x[5,2]{5  <0.5>, 3  <0.5>}
x[5,3]{4  <1.0>}
x[5,4]{7  <1.0>}
x[5,5]{5  <0.4615384615384615>, 3  <0.3076923076923077>, 2  <0.23076923076923075>}
x[5,6]{0  <1.0>}
x[5,7]{1  <1.0>}
x[6,0]{0  <1.0>}
x[6,1]{7  <0.5>, 1  <0.5>}
x[6,2]{2  <1.0>}
x[6,3]{3  <1.0>}
x[6,4]{5  <1.0>}
x[6,5]{7  <0.3333333333333333>, 4  <0.3333333333333333>, 6  <0.3333333333333333>}
x[6,6]{7  <0.36363636363636365>, 1  <0.09090909090909091>, 6  <0.3181818181818182>, 4  <0.22727272727272727>}
x[6,7]{7  <0.5>, 6  <0.5>}
x[7,0]{1  <1.0>}
x[7,1]{5  <0.3333333333333333>, 7  <0.3333333333333333>, 3  <0.3333333333333333>}
x[7,2]{5  <0.3333333333333333>, 7  <0.3333333333333333>, 3  <0.3333333333333333>}
x[7,3]{6  <1.0>}
x[7,4]{4  <1.0>}
x[7,5]{0  <1.0>}
x[7,6]{5  <0.33333333333333337>, 7  <0.33333333333333337>, 3  <0.33333333333333337>}
x[7,7]{2  <1.0>}
problem entropy = 0.9938322883390202
smallest variable entropy = 0.6931471805599453
### branching on x[1,0]=5 marginal=0.5
##### after BP iteration 1 #####
x[0,0]{6  <0.3684210526315789>, 4  <0.2631578947368421>, 2  <0.15789473684210525>, 3  <0.21052631578947367>}
x[0,1]{7  <0.2>, 1  <0.2>, 2  <0.2>, 3  <0.2>, 5  <0.2>}
x[0,2]{7  <0.25>, 5  <0.25>, 4  <0.25>, 3  <0.25>}
x[0,3]{0  <1.0>}
x[0,4]{3  <0.3333333333333333>, 6  <0.3333333333333333>, 2  <0.3333333333333333>}
x[0,5]{7  <0.16666666666666663>, 6  <0.16666666666666663>, 2  <0.16666666666666663>, 3  <0.16666666666666663>, 4  <0.16666666666666663>, 5  <0.16666666666666663>}
x[0,6]{7  <0.16666666666666666>, 1  <0.16666666666666666>, 6  <0.16666666666666666>, 3  <0.16666666666666666>, 4  <0.16666666666666666>, 5  <0.16666666666666666>}
x[0,7]{7  <0.3333333333333333>, 6  <0.3333333333333333>, 5  <0.3333333333333333>}
x[1,0]{5  <1.0>}
x[1,1]{4  <1.0>}
x[1,2]{6  <1.0>}
x[1,3]{7  <1.0>}
x[1,4]{0  <1.0>}
x[1,5]{1  <1.0>}
x[1,6]{2  <1.0>}
x[1,7]{3  <1.0>}
x[2,0]{3  <0.3333333333333333>, 6  <0.3333333333333333>, 4  <0.3333333333333333>}
x[2,1]{0  <0.25>, 7  <0.25>, 5  <0.25>, 3  <0.25>}
x[2,2]{5  <0.2608695652173913>, 7  <0.34782608695652173>, 4  <0.21739130434782608>, 3  <0.17391304347826086>}
x[2,3]{2  <1.0>}
x[2,4]{1  <1.0>}
x[2,5]{6  <0.19999999999999998>, 7  <0.19999999999999998>, 5  <0.19999999999999998>, 3  <0.19999999999999998>, 4  <0.19999999999999998>}
x[2,6]{6  <0.2>, 7  <0.2>, 5  <0.2>, 3  <0.2>, 4  <0.2>}
x[2,7]{0  <0.25>, 7  <0.25>, 5  <0.25>, 6  <0.25>}
x[3,0]{4  <0.25>, 6  <0.25>, 2  <0.25>, 3  <0.25>}
x[3,1]{0  <0.25>, 7  <0.25>, 2  <0.25>, 3  <0.25>}
x[3,2]{1  <1.0>}
x[3,3]{5  <1.0>}
x[3,4]{6  <0.3333333333333333>, 3  <0.3333333333333333>, 2  <0.3333333333333333>}
x[3,5]{6  <0.19999999999999998>, 7  <0.19999999999999998>, 2  <0.19999999999999998>, 3  <0.19999999999999998>, 4  <0.19999999999999998>}
x[3,6]{6  <0.25>, 7  <0.25>, 4  <0.25>, 3  <0.25>}
x[3,7]{0  <0.3333333333333333>, 7  <0.3333333333333333>, 6  <0.3333333333333333>}
x[4,0]{7  <1.0>}
x[4,1]{5  <0.3333333333333333>, 3  <0.3333333333333333>, 2  <0.3333333333333333>}
x[4,2]{0  <1.0>}
x[4,3]{1  <1.0>}
x[4,4]{6  <0.49999999999999994>, 3  <0.2857142857142857>, 2  <0.21428571428571427>}
x[4,5]{6  <0.25>, 5  <0.25>, 2  <0.25>, 3  <0.25>}
x[4,6]{6  <0.3333333333333333>, 5  <0.3333333333333333>, 3  <0.3333333333333333>}
x[4,7]{4  <1.0>}
x[5,0]{2  <0.5>, 3  <0.5>}
x[5,1]{6  <1.0>}
x[5,2]{5  <0.5>, 3  <0.5>}
x[5,3]{4  <1.0>}
x[5,4]{7  <1.0>}
x[5,5]{5  <0.4615384615384615>, 3  <0.30769230769230765>, 2  <0.23076923076923075>}
x[5,6]{0  <1.0>}
x[5,7]{1  <1.0>}
x[6,0]{0  <1.0>}
x[6,1]{7  <0.5>, 1  <0.5>}
x[6,2]{2  <1.0>}
x[6,3]{3  <1.0>}
x[6,4]{5  <1.0>}
x[6,5]{7  <0.3333333333333333>, 4  <0.3333333333333333>, 6  <0.3333333333333333>}
x[6,6]{7  <0.36363636363636365>, 1  <0.09090909090909091>, 6  <0.3181818181818182>, 4  <0.22727272727272727>}
x[6,7]{7  <0.5>, 6  <0.5>}
x[7,0]{1  <1.0>}
x[7,1]{5  <0.3333333333333333>, 7  <0.3333333333333333>, 3  <0.3333333333333333>}
x[7,2]{5  <0.3333333333333333>, 7  <0.3333333333333333>, 3  <0.3333333333333333>}
x[7,3]{6  <1.0>}
x[7,4]{4  <1.0>}
x[7,5]{0  <1.0>}
x[7,6]{5  <0.3333333333333333>, 7  <0.3333333333333333>, 3  <0.3333333333333333>}
x[7,7]{2  <1.0>}
problem entropy = 0.9931888539985577
smallest variable entropy = 0.6931471805599453
##### after BP iteration 2 #####
x[0,0]{6  <0.3684210526315789>, 4  <0.2631578947368421>, 2  <0.15789473684210525>, 3  <0.21052631578947367>}
x[0,1]{7  <0.2>, 1  <0.2>, 2  <0.2>, 3  <0.2>, 5  <0.2>}
x[0,2]{7  <0.25>, 5  <0.25>, 4  <0.25>, 3  <0.25>}
x[0,3]{0  <1.0>}
x[0,4]{3  <0.3333333333333333>, 6  <0.3333333333333333>, 2  <0.3333333333333333>}
x[0,5]{7  <0.16666666666666663>, 6  <0.16666666666666663>, 2  <0.16666666666666663>, 3  <0.16666666666666663>, 4  <0.16666666666666663>, 5  <0.16666666666666663>}
x[0,6]{7  <0.16666666666666666>, 1  <0.16666666666666666>, 6  <0.16666666666666666>, 3  <0.16666666666666666>, 4  <0.16666666666666666>, 5  <0.16666666666666666>}
x[0,7]{7  <0.3333333333333333>, 6  <0.3333333333333333>, 5  <0.3333333333333333>}
x[1,0]{5  <1.0>}
x[1,1]{4  <1.0>}
x[1,2]{6  <1.0>}
x[1,3]{7  <1.0>}
x[1,4]{0  <1.0>}
x[1,5]{1  <1.0>}
x[1,6]{2  <1.0>}
x[1,7]{3  <1.0>}
x[2,0]{3  <0.3333333333333333>, 6  <0.3333333333333333>, 4  <0.3333333333333333>}
x[2,1]{0  <0.25>, 7  <0.25>, 5  <0.25>, 3  <0.25>}
x[2,2]{5  <0.2608695652173913>, 7  <0.34782608695652173>, 4  <0.21739130434782608>, 3  <0.17391304347826086>}
x[2,3]{2  <1.0>}
x[2,4]{1  <1.0>}
x[2,5]{6  <0.19999999999999998>, 7  <0.19999999999999998>, 5  <0.19999999999999998>, 3  <0.19999999999999998>, 4  <0.19999999999999998>}
x[2,6]{6  <0.2>, 7  <0.2>, 5  <0.2>, 3  <0.2>, 4  <0.2>}
x[2,7]{0  <0.25>, 7  <0.25>, 5  <0.25>, 6  <0.25>}
x[3,0]{4  <0.25>, 6  <0.25>, 2  <0.25>, 3  <0.25>}
x[3,1]{0  <0.25>, 7  <0.25>, 2  <0.25>, 3  <0.25>}
x[3,2]{1  <1.0>}
x[3,3]{5  <1.0>}
x[3,4]{6  <0.3333333333333333>, 3  <0.3333333333333333>, 2  <0.3333333333333333>}
x[3,5]{6  <0.19999999999999998>, 7  <0.19999999999999998>, 2  <0.19999999999999998>, 3  <0.19999999999999998>, 4  <0.19999999999999998>}
x[3,6]{6  <0.25>, 7  <0.25>, 4  <0.25>, 3  <0.25>}
x[3,7]{0  <0.3333333333333333>, 7  <0.3333333333333333>, 6  <0.3333333333333333>}
x[4,0]{7  <1.0>}
x[4,1]{5  <0.3333333333333333>, 3  <0.3333333333333333>, 2  <0.3333333333333333>}
x[4,2]{0  <1.0>}
x[4,3]{1  <1.0>}
x[4,4]{6  <0.49999999999999994>, 3  <0.2857142857142857>, 2  <0.21428571428571427>}
x[4,5]{6  <0.25>, 5  <0.25>, 2  <0.25>, 3  <0.25>}
x[4,6]{6  <0.3333333333333333>, 5  <0.3333333333333333>, 3  <0.3333333333333333>}
x[4,7]{4  <1.0>}
x[5,0]{2  <0.5>, 3  <0.5>}
x[5,1]{6  <1.0>}
x[5,2]{5  <0.5>, 3  <0.5>}
x[5,3]{4  <1.0>}
x[5,4]{7  <1.0>}
x[5,5]{5  <0.4615384615384615>, 3  <0.30769230769230765>, 2  <0.23076923076923075>}
x[5,6]{0  <1.0>}
x[5,7]{1  <1.0>}
x[6,0]{0  <1.0>}
x[6,1]{7  <0.5>, 1  <0.5>}
x[6,2]{2  <1.0>}
x[6,3]{3  <1.0>}
x[6,4]{5  <1.0>}
x[6,5]{7  <0.3333333333333333>, 4  <0.3333333333333333>, 6  <0.3333333333333333>}
x[6,6]{7  <0.36363636363636365>, 1  <0.09090909090909091>, 6  <0.3181818181818182>, 4  <0.22727272727272727>}
x[6,7]{7  <0.5>, 6  <0.5>}
x[7,0]{1  <1.0>}
x[7,1]{5  <0.3333333333333333>, 7  <0.3333333333333333>, 3  <0.3333333333333333>}
x[7,2]{5  <0.3333333333333333>, 7  <0.3333333333333333>, 3  <0.3333333333333333>}
x[7,3]{6  <1.0>}
x[7,4]{4  <1.0>}
x[7,5]{0  <1.0>}
x[7,6]{5  <0.3333333333333333>, 7  <0.3333333333333333>, 3  <0.3333333333333333>}
x[7,7]{2  <1.0>}
problem entropy = 0.9931888539985577
smallest variable entropy = 0.6931471805599453
### branching on x[5,0]=2 marginal=0.5
### branching on x[5,5]=5 marginal=0.6
##### after BP iteration 1 #####
x[0,0]{6  <0.4375>, 4  <0.3125>, 3  <0.25000000000000006>}
x[0,1]{7  <0.2>, 1  <0.2>, 2  <0.2>, 3  <0.2>, 5  <0.2>}
x[0,2]{7  <0.3333333333333333>, 5  <0.3333333333333333>, 4  <0.3333333333333333>}
x[0,3]{0  <1.0>}
x[0,4]{3  <0.3333333333333333>, 6  <0.3333333333333333>, 2  <0.3333333333333333>}
x[0,5]{7  <0.2>, 6  <0.2>, 2  <0.2>, 3  <0.2>, 4  <0.2>}
x[0,6]{7  <0.16666666666666666>, 1  <0.16666666666666666>, 6  <0.16666666666666666>, 3  <0.16666666666666666>, 4  <0.16666666666666666>, 5  <0.16666666666666666>}
x[0,7]{7  <0.3333333333333333>, 6  <0.3333333333333333>, 5  <0.3333333333333333>}
x[1,0]{5  <1.0>}
x[1,1]{4  <1.0>}
x[1,2]{6  <1.0>}
x[1,3]{7  <1.0>}
x[1,4]{0  <1.0>}
x[1,5]{1  <1.0>}
x[1,6]{2  <1.0>}
x[1,7]{3  <1.0>}
x[2,0]{3  <0.3333333333333333>, 6  <0.3333333333333333>, 4  <0.3333333333333333>}
x[2,1]{0  <0.25>, 7  <0.25>, 5  <0.25>, 3  <0.25>}
x[2,2]{5  <0.3157894736842105>, 7  <0.4210526315789473>, 4  <0.26315789473684204>}
x[2,3]{2  <1.0>}
x[2,4]{1  <1.0>}
x[2,5]{6  <0.25>, 7  <0.25>, 4  <0.25>, 3  <0.25>}
x[2,6]{6  <0.2>, 7  <0.2>, 5  <0.2>, 3  <0.2>, 4  <0.2>}
x[2,7]{0  <0.25>, 7  <0.25>, 5  <0.25>, 6  <0.25>}
x[3,0]{4  <0.3333333333333333>, 6  <0.3333333333333333>, 3  <0.3333333333333333>}
x[3,1]{0  <0.25>, 7  <0.25>, 2  <0.25>, 3  <0.25>}
x[3,2]{1  <1.0>}
x[3,3]{5  <1.0>}
x[3,4]{6  <0.3333333333333333>, 3  <0.3333333333333333>, 2  <0.3333333333333333>}
x[3,5]{6  <0.19999999999999998>, 7  <0.19999999999999998>, 2  <0.19999999999999998>, 3  <0.19999999999999998>, 4  <0.19999999999999998>}
x[3,6]{6  <0.25>, 7  <0.25>, 4  <0.25>, 3  <0.25>}
x[3,7]{0  <0.3333333333333333>, 7  <0.3333333333333333>, 6  <0.3333333333333333>}
x[4,0]{7  <1.0>}
x[4,1]{5  <0.3333333333333333>, 3  <0.3333333333333333>, 2  <0.3333333333333333>}
x[4,2]{0  <1.0>}
x[4,3]{1  <1.0>}
x[4,4]{6  <0.49999999999999994>, 3  <0.2857142857142857>, 2  <0.21428571428571427>}
x[4,5]{6  <0.3333333333333333>, 3  <0.3333333333333333>, 2  <0.3333333333333333>}
x[4,6]{6  <0.3333333333333333>, 5  <0.3333333333333333>, 3  <0.3333333333333333>}
x[4,7]{4  <1.0>}
x[5,0]{2  <1.0>}
x[5,1]{6  <1.0>}
x[5,2]{3  <1.0>}
x[5,3]{4  <1.0>}
x[5,4]{7  <1.0>}
x[5,5]{5  <1.0>}
x[5,6]{0  <1.0>}
x[5,7]{1  <1.0>}
x[6,0]{0  <1.0>}
x[6,1]{7  <0.5>, 1  <0.5>}
x[6,2]{2  <1.0>}
x[6,3]{3  <1.0>}
x[6,4]{5  <1.0>}
x[6,5]{7  <0.3333333333333333>, 4  <0.3333333333333333>, 6  <0.3333333333333333>}
x[6,6]{7  <0.36363636363636365>, 1  <0.09090909090909091>, 6  <0.3181818181818182>, 4  <0.22727272727272727>}
x[6,7]{7  <0.5>, 6  <0.5>}
x[7,0]{1  <1.0>}
x[7,1]{5  <0.3333333333333333>, 7  <0.3333333333333333>, 3  <0.3333333333333333>}
x[7,2]{5  <0.5>, 7  <0.5>}
x[7,3]{6  <1.0>}
x[7,4]{4  <1.0>}
x[7,5]{0  <1.0>}
x[7,6]{5  <0.3333333333333333>, 7  <0.3333333333333333>, 3  <0.3333333333333333>}
x[7,7]{2  <1.0>}
problem entropy = 0.994274072282135
smallest variable entropy = 0.6931471805599453
##### after BP iteration 2 #####
x[0,0]{6  <0.4375>, 4  <0.3125>, 3  <0.25000000000000006>}
x[0,1]{7  <0.2>, 1  <0.2>, 2  <0.2>, 3  <0.2>, 5  <0.2>}
x[0,2]{7  <0.3333333333333333>, 5  <0.3333333333333333>, 4  <0.3333333333333333>}
x[0,3]{0  <1.0>}
x[0,4]{3  <0.3333333333333333>, 6  <0.3333333333333333>, 2  <0.3333333333333333>}
x[0,5]{7  <0.2>, 6  <0.2>, 2  <0.2>, 3  <0.2>, 4  <0.2>}
x[0,6]{7  <0.16666666666666666>, 1  <0.16666666666666666>, 6  <0.16666666666666666>, 3  <0.16666666666666666>, 4  <0.16666666666666666>, 5  <0.16666666666666666>}
x[0,7]{7  <0.3333333333333333>, 6  <0.3333333333333333>, 5  <0.3333333333333333>}
x[1,0]{5  <1.0>}
x[1,1]{4  <1.0>}
x[1,2]{6  <1.0>}
x[1,3]{7  <1.0>}
x[1,4]{0  <1.0>}
x[1,5]{1  <1.0>}
x[1,6]{2  <1.0>}
x[1,7]{3  <1.0>}
x[2,0]{3  <0.3333333333333333>, 6  <0.3333333333333333>, 4  <0.3333333333333333>}
x[2,1]{0  <0.25>, 7  <0.25>, 5  <0.25>, 3  <0.25>}
x[2,2]{5  <0.3157894736842105>, 7  <0.4210526315789473>, 4  <0.26315789473684204>}
x[2,3]{2  <1.0>}
x[2,4]{1  <1.0>}
x[2,5]{6  <0.25>, 7  <0.25>, 4  <0.25>, 3  <0.25>}
x[2,6]{6  <0.2>, 7  <0.2>, 5  <0.2>, 3  <0.2>, 4  <0.2>}
x[2,7]{0  <0.25>, 7  <0.25>, 5  <0.25>, 6  <0.25>}
x[3,0]{4  <0.3333333333333333>, 6  <0.3333333333333333>, 3  <0.3333333333333333>}
x[3,1]{0  <0.25>, 7  <0.25>, 2  <0.25>, 3  <0.25>}
x[3,2]{1  <1.0>}
x[3,3]{5  <1.0>}
x[3,4]{6  <0.3333333333333333>, 3  <0.3333333333333333>, 2  <0.3333333333333333>}
x[3,5]{6  <0.19999999999999998>, 7  <0.19999999999999998>, 2  <0.19999999999999998>, 3  <0.19999999999999998>, 4  <0.19999999999999998>}
x[3,6]{6  <0.25>, 7  <0.25>, 4  <0.25>, 3  <0.25>}
x[3,7]{0  <0.3333333333333333>, 7  <0.3333333333333333>, 6  <0.3333333333333333>}
x[4,0]{7  <1.0>}
x[4,1]{5  <0.3333333333333333>, 3  <0.3333333333333333>, 2  <0.3333333333333333>}
x[4,2]{0  <1.0>}
x[4,3]{1  <1.0>}
x[4,4]{6  <0.49999999999999994>, 3  <0.2857142857142857>, 2  <0.21428571428571427>}
x[4,5]{6  <0.3333333333333333>, 3  <0.3333333333333333>, 2  <0.3333333333333333>}
x[4,6]{6  <0.3333333333333333>, 5  <0.3333333333333333>, 3  <0.3333333333333333>}
x[4,7]{4  <1.0>}
x[5,0]{2  <1.0>}
x[5,1]{6  <1.0>}
x[5,2]{3  <1.0>}
x[5,3]{4  <1.0>}
x[5,4]{7  <1.0>}
x[5,5]{5  <1.0>}
x[5,6]{0  <1.0>}
x[5,7]{1  <1.0>}
x[6,0]{0  <1.0>}
x[6,1]{7  <0.5>, 1  <0.5>}
x[6,2]{2  <1.0>}
x[6,3]{3  <1.0>}
x[6,4]{5  <1.0>}
x[6,5]{7  <0.3333333333333333>, 4  <0.3333333333333333>, 6  <0.3333333333333333>}
x[6,6]{7  <0.36363636363636365>, 1  <0.09090909090909091>, 6  <0.3181818181818182>, 4  <0.22727272727272727>}
x[6,7]{7  <0.5>, 6  <0.5>}
x[7,0]{1  <1.0>}
x[7,1]{5  <0.3333333333333333>, 7  <0.3333333333333333>, 3  <0.3333333333333333>}
x[7,2]{5  <0.5>, 7  <0.5>}
x[7,3]{6  <1.0>}
x[7,4]{4  <1.0>}
x[7,5]{0  <1.0>}
x[7,6]{5  <0.3333333333333333>, 7  <0.3333333333333333>, 3  <0.3333333333333333>}
x[7,7]{2  <1.0>}
problem entropy = 0.994274072282135
smallest variable entropy = 0.6931471805599453
### branching on x[6,1]=7 marginal=0.5
##### after BP iteration 1 #####
x[0,0]{6  <0.4375>, 4  <0.3125>, 3  <0.25>}
x[0,1]{1  <1.0>}
x[0,2]{7  <0.33333333333333337>, 5  <0.33333333333333337>, 4  <0.33333333333333337>}
x[0,3]{0  <1.0>}
x[0,4]{3  <0.33333333333333337>, 6  <0.33333333333333337>, 2  <0.33333333333333337>}
x[0,5]{7  <0.25>, 6  <0.25>, 2  <0.25>, 3  <0.25>}
x[0,6]{7  <0.19999999999999998>, 5  <0.19999999999999998>, 6  <0.19999999999999998>, 3  <0.19999999999999998>, 4  <0.19999999999999998>}
x[0,7]{7  <0.5>, 5  <0.5>}
x[1,0]{5  <1.0>}
x[1,1]{4  <1.0>}
x[1,2]{6  <1.0>}
x[1,3]{7  <1.0>}
x[1,4]{0  <1.0>}
x[1,5]{1  <1.0>}
x[1,6]{2  <1.0>}
x[1,7]{3  <1.0>}
x[2,0]{3  <0.3333333333333333>, 6  <0.3333333333333333>, 4  <0.3333333333333333>}
x[2,1]{0  <0.3333333333333333>, 3  <0.3333333333333333>, 5  <0.3333333333333333>}
x[2,2]{5  <0.3157894736842105>, 7  <0.4210526315789473>, 4  <0.26315789473684204>}
x[2,3]{2  <1.0>}
x[2,4]{1  <1.0>}
x[2,5]{6  <0.3333333333333333>, 7  <0.3333333333333333>, 3  <0.3333333333333333>}
x[2,6]{6  <0.2>, 7  <0.2>, 5  <0.2>, 3  <0.2>, 4  <0.2>}
x[2,7]{0  <0.3333333333333333>, 7  <0.3333333333333333>, 5  <0.3333333333333333>}
x[3,0]{4  <0.3333333333333333>, 6  <0.3333333333333333>, 3  <0.3333333333333333>}
x[3,1]{0  <0.33333333333333337>, 3  <0.33333333333333337>, 2  <0.33333333333333337>}
x[3,2]{1  <1.0>}
x[3,3]{5  <1.0>}
x[3,4]{6  <0.33333333333333337>, 3  <0.33333333333333337>, 2  <0.33333333333333337>}
x[3,5]{6  <0.25>, 7  <0.25>, 2  <0.25>, 3  <0.25>}
x[3,6]{6  <0.25>, 7  <0.25>, 4  <0.25>, 3  <0.25>}
x[3,7]{0  <0.5>, 7  <0.5>}
x[4,0]{7  <1.0>}
x[4,1]{5  <0.3333333333333333>, 3  <0.3333333333333333>, 2  <0.3333333333333333>}
x[4,2]{0  <1.0>}
x[4,3]{1  <1.0>}
x[4,4]{6  <0.49999999999999994>, 3  <0.2857142857142857>, 2  <0.21428571428571427>}
x[4,5]{6  <0.3333333333333333>, 3  <0.3333333333333333>, 2  <0.3333333333333333>}
x[4,6]{6  <0.3333333333333333>, 5  <0.3333333333333333>, 3  <0.3333333333333333>}
x[4,7]{4  <1.0>}
x[5,0]{2  <1.0>}
x[5,1]{6  <1.0>}
x[5,2]{3  <1.0>}
x[5,3]{4  <1.0>}
x[5,4]{7  <1.0>}
x[5,5]{5  <1.0>}
x[5,6]{0  <1.0>}
x[5,7]{1  <1.0>}
x[6,0]{0  <1.0>}
x[6,1]{7  <1.0>}
x[6,2]{2  <1.0>}
x[6,3]{3  <1.0>}
x[6,4]{5  <1.0>}
x[6,5]{4  <1.0>}
x[6,6]{1  <1.0>}
x[6,7]{6  <1.0>}
x[7,0]{1  <1.0>}
x[7,1]{5  <0.5>, 3  <0.5>}
x[7,2]{5  <0.5>, 7  <0.5>}
x[7,3]{6  <1.0>}
x[7,4]{4  <1.0>}
x[7,5]{0  <1.0>}
x[7,6]{5  <0.3333333333333333>, 7  <0.3333333333333333>, 3  <0.3333333333333333>}
x[7,7]{2  <1.0>}
problem entropy = 0.9959958224829434
smallest variable entropy = 0.6931471805599453
##### after BP iteration 2 #####
x[0,0]{6  <0.4375>, 4  <0.3125>, 3  <0.25>}
x[0,1]{1  <1.0>}
x[0,2]{7  <0.33333333333333337>, 5  <0.33333333333333337>, 4  <0.33333333333333337>}
x[0,3]{0  <1.0>}
x[0,4]{3  <0.33333333333333337>, 6  <0.33333333333333337>, 2  <0.33333333333333337>}
x[0,5]{7  <0.25>, 6  <0.25>, 2  <0.25>, 3  <0.25>}
x[0,6]{7  <0.19999999999999998>, 5  <0.19999999999999998>, 6  <0.19999999999999998>, 3  <0.19999999999999998>, 4  <0.19999999999999998>}
x[0,7]{7  <0.5>, 5  <0.5>}
x[1,0]{5  <1.0>}
x[1,1]{4  <1.0>}
x[1,2]{6  <1.0>}
x[1,3]{7  <1.0>}
x[1,4]{0  <1.0>}
x[1,5]{1  <1.0>}
x[1,6]{2  <1.0>}
x[1,7]{3  <1.0>}
x[2,0]{3  <0.3333333333333333>, 6  <0.3333333333333333>, 4  <0.3333333333333333>}
x[2,1]{0  <0.3333333333333333>, 3  <0.3333333333333333>, 5  <0.3333333333333333>}
x[2,2]{5  <0.3157894736842105>, 7  <0.4210526315789473>, 4  <0.26315789473684204>}
x[2,3]{2  <1.0>}
x[2,4]{1  <1.0>}
x[2,5]{6  <0.3333333333333333>, 7  <0.3333333333333333>, 3  <0.3333333333333333>}
x[2,6]{6  <0.2>, 7  <0.2>, 5  <0.2>, 3  <0.2>, 4  <0.2>}
x[2,7]{0  <0.3333333333333333>, 7  <0.3333333333333333>, 5  <0.3333333333333333>}
x[3,0]{4  <0.3333333333333333>, 6  <0.3333333333333333>, 3  <0.3333333333333333>}
x[3,1]{0  <0.33333333333333337>, 3  <0.33333333333333337>, 2  <0.33333333333333337>}
x[3,2]{1  <1.0>}
x[3,3]{5  <1.0>}
x[3,4]{6  <0.33333333333333337>, 3  <0.33333333333333337>, 2  <0.33333333333333337>}
x[3,5]{6  <0.25>, 7  <0.25>, 2  <0.25>, 3  <0.25>}
x[3,6]{6  <0.25>, 7  <0.25>, 4  <0.25>, 3  <0.25>}
x[3,7]{0  <0.5>, 7  <0.5>}
x[4,0]{7  <1.0>}
x[4,1]{5  <0.3333333333333333>, 3  <0.3333333333333333>, 2  <0.3333333333333333>}
x[4,2]{0  <1.0>}
x[4,3]{1  <1.0>}
x[4,4]{6  <0.49999999999999994>, 3  <0.2857142857142857>, 2  <0.21428571428571427>}
x[4,5]{6  <0.3333333333333333>, 3  <0.3333333333333333>, 2  <0.3333333333333333>}
x[4,6]{6  <0.3333333333333333>, 5  <0.3333333333333333>, 3  <0.3333333333333333>}
x[4,7]{4  <1.0>}
x[5,0]{2  <1.0>}
x[5,1]{6  <1.0>}
x[5,2]{3  <1.0>}
x[5,3]{4  <1.0>}
x[5,4]{7  <1.0>}
x[5,5]{5  <1.0>}
x[5,6]{0  <1.0>}
x[5,7]{1  <1.0>}
x[6,0]{0  <1.0>}
x[6,1]{7  <1.0>}
x[6,2]{2  <1.0>}
x[6,3]{3  <1.0>}
x[6,4]{5  <1.0>}
x[6,5]{4  <1.0>}
x[6,6]{1  <1.0>}
x[6,7]{6  <1.0>}
x[7,0]{1  <1.0>}
x[7,1]{5  <0.5>, 3  <0.5>}
x[7,2]{5  <0.5>, 7  <0.5>}
x[7,3]{6  <1.0>}
x[7,4]{4  <1.0>}
x[7,5]{0  <1.0>}
x[7,6]{5  <0.3333333333333333>, 7  <0.3333333333333333>, 3  <0.3333333333333333>}
x[7,7]{2  <1.0>}
problem entropy = 0.9959958224829434
smallest variable entropy = 0.6931471805599453
### branching on x[0,7]=7 marginal=0.5
##### after BP iteration 1 #####
x[0,0]{6  <0.4375>, 4  <0.3125>, 3  <0.25>}
x[0,1]{1  <1.0>}
x[0,2]{4  <0.5>, 5  <0.5>}
x[0,3]{0  <1.0>}
x[0,4]{3  <0.33333333333333337>, 6  <0.33333333333333337>, 2  <0.33333333333333337>}
x[0,5]{3  <0.3333333333333333>, 6  <0.3333333333333333>, 2  <0.3333333333333333>}
x[0,6]{4  <0.25>, 5  <0.25>, 6  <0.25>, 3  <0.25>}
x[0,7]{7  <1.0>}
x[1,0]{5  <1.0>}
x[1,1]{4  <1.0>}
x[1,2]{6  <1.0>}
x[1,3]{7  <1.0>}
x[1,4]{0  <1.0>}
x[1,5]{1  <1.0>}
x[1,6]{2  <1.0>}
x[1,7]{3  <1.0>}
x[2,0]{3  <0.3333333333333333>, 6  <0.3333333333333333>, 4  <0.3333333333333333>}
x[2,1]{0  <1.0>}
x[2,2]{4  <0.38461538461538464>, 7  <0.6153846153846154>}
x[2,3]{2  <1.0>}
x[2,4]{1  <1.0>}
x[2,5]{6  <0.3333333333333333>, 7  <0.3333333333333333>, 3  <0.3333333333333333>}
x[2,6]{6  <0.25>, 7  <0.25>, 4  <0.25>, 3  <0.25>}
x[2,7]{5  <1.0>}
x[3,0]{4  <0.3333333333333333>, 6  <0.3333333333333333>, 3  <0.3333333333333333>}
x[3,1]{2  <0.5>, 3  <0.5>}
x[3,2]{1  <1.0>}
x[3,3]{5  <1.0>}
x[3,4]{6  <0.33333333333333337>, 3  <0.33333333333333337>, 2  <0.33333333333333337>}
x[3,5]{6  <0.25>, 7  <0.25>, 2  <0.25>, 3  <0.25>}
x[3,6]{6  <0.25>, 7  <0.25>, 4  <0.25>, 3  <0.25>}
x[3,7]{0  <1.0>}
x[4,0]{7  <1.0>}
x[4,1]{5  <0.3333333333333333>, 3  <0.3333333333333333>, 2  <0.3333333333333333>}
x[4,2]{0  <1.0>}
x[4,3]{1  <1.0>}
x[4,4]{6  <0.49999999999999994>, 3  <0.2857142857142857>, 2  <0.21428571428571427>}
x[4,5]{6  <0.3333333333333333>, 3  <0.3333333333333333>, 2  <0.3333333333333333>}
x[4,6]{6  <0.3333333333333333>, 5  <0.3333333333333333>, 3  <0.3333333333333333>}
x[4,7]{4  <1.0>}
x[5,0]{2  <1.0>}
x[5,1]{6  <1.0>}
x[5,2]{3  <1.0>}
x[5,3]{4  <1.0>}
x[5,4]{7  <1.0>}
x[5,5]{5  <1.0>}
x[5,6]{0  <1.0>}
x[5,7]{1  <1.0>}
x[6,0]{0  <1.0>}
x[6,1]{7  <1.0>}
x[6,2]{2  <1.0>}
x[6,3]{3  <1.0>}
x[6,4]{5  <1.0>}
x[6,5]{4  <1.0>}
x[6,6]{1  <1.0>}
x[6,7]{6  <1.0>}
x[7,0]{1  <1.0>}
x[7,1]{5  <0.5>, 3  <0.5>}
x[7,2]{5  <0.5>, 7  <0.5>}
x[7,3]{6  <1.0>}
x[7,4]{4  <1.0>}
x[7,5]{0  <1.0>}
x[7,6]{5  <0.33333333333333337>, 7  <0.33333333333333337>, 3  <0.33333333333333337>}
x[7,7]{2  <1.0>}
problem entropy = 0.9942143810881826
smallest variable entropy = 0.666278442414676
##### after BP iteration 2 #####
x[0,0]{6  <0.4375>, 4  <0.3125>, 3  <0.25>}
x[0,1]{1  <1.0>}
x[0,2]{4  <0.5>, 5  <0.5>}
x[0,3]{0  <1.0>}
x[0,4]{3  <0.33333333333333337>, 6  <0.33333333333333337>, 2  <0.33333333333333337>}
x[0,5]{3  <0.3333333333333333>, 6  <0.3333333333333333>, 2  <0.3333333333333333>}
x[0,6]{4  <0.25>, 5  <0.25>, 6  <0.25>, 3  <0.25>}
x[0,7]{7  <1.0>}
x[1,0]{5  <1.0>}
x[1,1]{4  <1.0>}
x[1,2]{6  <1.0>}
x[1,3]{7  <1.0>}
x[1,4]{0  <1.0>}
x[1,5]{1  <1.0>}
x[1,6]{2  <1.0>}
x[1,7]{3  <1.0>}
x[2,0]{3  <0.3333333333333333>, 6  <0.3333333333333333>, 4  <0.3333333333333333>}
x[2,1]{0  <1.0>}
x[2,2]{4  <0.38461538461538464>, 7  <0.6153846153846154>}
x[2,3]{2  <1.0>}
x[2,4]{1  <1.0>}
x[2,5]{6  <0.3333333333333333>, 7  <0.3333333333333333>, 3  <0.3333333333333333>}
x[2,6]{6  <0.25>, 7  <0.25>, 4  <0.25>, 3  <0.25>}
x[2,7]{5  <1.0>}
x[3,0]{4  <0.3333333333333333>, 6  <0.3333333333333333>, 3  <0.3333333333333333>}
x[3,1]{2  <0.5>, 3  <0.5>}
x[3,2]{1  <1.0>}
x[3,3]{5  <1.0>}
x[3,4]{6  <0.33333333333333337>, 3  <0.33333333333333337>, 2  <0.33333333333333337>}
x[3,5]{6  <0.25>, 7  <0.25>, 2  <0.25>, 3  <0.25>}
x[3,6]{6  <0.25>, 7  <0.25>, 4  <0.25>, 3  <0.25>}
x[3,7]{0  <1.0>}
x[4,0]{7  <1.0>}
x[4,1]{5  <0.3333333333333333>, 3  <0.3333333333333333>, 2  <0.3333333333333333>}
x[4,2]{0  <1.0>}
x[4,3]{1  <1.0>}
x[4,4]{6  <0.49999999999999994>, 3  <0.2857142857142857>, 2  <0.21428571428571427>}
x[4,5]{6  <0.3333333333333333>, 3  <0.3333333333333333>, 2  <0.3333333333333333>}
x[4,6]{6  <0.3333333333333333>, 5  <0.3333333333333333>, 3  <0.3333333333333333>}
x[4,7]{4  <1.0>}
x[5,0]{2  <1.0>}
x[5,1]{6  <1.0>}
x[5,2]{3  <1.0>}
x[5,3]{4  <1.0>}
x[5,4]{7  <1.0>}
x[5,5]{5  <1.0>}
x[5,6]{0  <1.0>}
x[5,7]{1  <1.0>}
x[6,0]{0  <1.0>}
x[6,1]{7  <1.0>}
x[6,2]{2  <1.0>}
x[6,3]{3  <1.0>}
x[6,4]{5  <1.0>}
x[6,5]{4  <1.0>}
x[6,6]{1  <1.0>}
x[6,7]{6  <1.0>}
x[7,0]{1  <1.0>}
x[7,1]{5  <0.5>, 3  <0.5>}
x[7,2]{5  <0.5>, 7  <0.5>}
x[7,3]{6  <1.0>}
x[7,4]{4  <1.0>}
x[7,5]{0  <1.0>}
x[7,6]{5  <0.33333333333333337>, 7  <0.33333333333333337>, 3  <0.33333333333333337>}
x[7,7]{2  <1.0>}
problem entropy = 0.9942143810881826
smallest variable entropy = 0.666278442414676
### branching on x[2,2]=7 marginal=0.6153846153846154
##### after BP iteration 1 #####
x[0,0]{6  <0.6363636363636364>, 3  <0.36363636363636365>}
x[0,1]{1  <1.0>}
x[0,2]{4  <1.0>}
x[0,3]{0  <1.0>}
x[0,4]{3  <0.33333333333333337>, 6  <0.33333333333333337>, 2  <0.33333333333333337>}
x[0,5]{3  <0.33333333333333337>, 6  <0.33333333333333337>, 2  <0.33333333333333337>}
x[0,6]{5  <1.0>}
x[0,7]{7  <1.0>}
x[1,0]{5  <1.0>}
x[1,1]{4  <1.0>}
x[1,2]{6  <1.0>}
x[1,3]{7  <1.0>}
x[1,4]{0  <1.0>}
x[1,5]{1  <1.0>}
x[1,6]{2  <1.0>}
x[1,7]{3  <1.0>}
x[2,0]{3  <0.33333333333333337>, 6  <0.33333333333333337>, 4  <0.33333333333333337>}
x[2,1]{0  <1.0>}
x[2,2]{7  <1.0>}
x[2,3]{2  <1.0>}
x[2,4]{1  <1.0>}
x[2,5]{6  <0.5>, 3  <0.5>}
x[2,6]{6  <0.33333333333333337>, 3  <0.33333333333333337>, 4  <0.33333333333333337>}
x[2,7]{5  <1.0>}
x[3,0]{4  <0.33333333333333337>, 6  <0.33333333333333337>, 3  <0.33333333333333337>}
x[3,1]{2  <1.0>}
x[3,2]{1  <1.0>}
x[3,3]{5  <1.0>}
x[3,4]{6  <0.5>, 3  <0.5>}
x[3,5]{7  <1.0>}
x[3,6]{6  <0.33333333333333337>, 3  <0.33333333333333337>, 4  <0.33333333333333337>}
x[3,7]{0  <1.0>}
x[4,0]{7  <1.0>}
x[4,1]{5  <1.0>}
x[4,2]{0  <1.0>}
x[4,3]{1  <1.0>}
x[4,4]{6  <0.5>, 3  <0.2857142857142857>, 2  <0.21428571428571427>}
x[4,5]{6  <0.33333333333333337>, 3  <0.33333333333333337>, 2  <0.33333333333333337>}
x[4,6]{6  <0.5>, 3  <0.5>}
x[4,7]{4  <1.0>}
x[5,0]{2  <1.0>}
x[5,1]{6  <1.0>}
x[5,2]{3  <1.0>}
x[5,3]{4  <1.0>}
x[5,4]{7  <1.0>}
x[5,5]{5  <1.0>}
x[5,6]{0  <1.0>}
x[5,7]{1  <1.0>}
x[6,0]{0  <1.0>}
x[6,1]{7  <1.0>}
x[6,2]{2  <1.0>}
x[6,3]{3  <1.0>}
x[6,4]{5  <1.0>}
x[6,5]{4  <1.0>}
x[6,6]{1  <1.0>}
x[6,7]{6  <1.0>}
x[7,0]{1  <1.0>}
x[7,1]{3  <1.0>}
x[7,2]{5  <1.0>}
x[7,3]{6  <1.0>}
x[7,4]{4  <1.0>}
x[7,5]{0  <1.0>}
x[7,6]{7  <1.0>}
x[7,7]{2  <1.0>}
problem entropy = 0.9906162442259979
smallest variable entropy = 0.6554817739013927
##### after BP iteration 2 #####
x[0,0]{6  <0.6363636363636364>, 3  <0.36363636363636365>}
x[0,1]{1  <1.0>}
x[0,2]{4  <1.0>}
x[0,3]{0  <1.0>}
x[0,4]{3  <0.33333333333333337>, 6  <0.33333333333333337>, 2  <0.33333333333333337>}
x[0,5]{3  <0.33333333333333337>, 6  <0.33333333333333337>, 2  <0.33333333333333337>}
x[0,6]{5  <1.0>}
x[0,7]{7  <1.0>}
x[1,0]{5  <1.0>}
x[1,1]{4  <1.0>}
x[1,2]{6  <1.0>}
x[1,3]{7  <1.0>}
x[1,4]{0  <1.0>}
x[1,5]{1  <1.0>}
x[1,6]{2  <1.0>}
x[1,7]{3  <1.0>}
x[2,0]{3  <0.33333333333333337>, 6  <0.33333333333333337>, 4  <0.33333333333333337>}
x[2,1]{0  <1.0>}
x[2,2]{7  <1.0>}
x[2,3]{2  <1.0>}
x[2,4]{1  <1.0>}
x[2,5]{6  <0.5>, 3  <0.5>}
x[2,6]{6  <0.33333333333333337>, 3  <0.33333333333333337>, 4  <0.33333333333333337>}
x[2,7]{5  <1.0>}
x[3,0]{4  <0.33333333333333337>, 6  <0.33333333333333337>, 3  <0.33333333333333337>}
x[3,1]{2  <1.0>}
x[3,2]{1  <1.0>}
x[3,3]{5  <1.0>}
x[3,4]{6  <0.5>, 3  <0.5>}
x[3,5]{7  <1.0>}
x[3,6]{6  <0.33333333333333337>, 3  <0.33333333333333337>, 4  <0.33333333333333337>}
x[3,7]{0  <1.0>}
x[4,0]{7  <1.0>}
x[4,1]{5  <1.0>}
x[4,2]{0  <1.0>}
x[4,3]{1  <1.0>}
x[4,4]{6  <0.5>, 3  <0.2857142857142857>, 2  <0.21428571428571427>}
x[4,5]{6  <0.33333333333333337>, 3  <0.33333333333333337>, 2  <0.33333333333333337>}
x[4,6]{6  <0.5>, 3  <0.5>}
x[4,7]{4  <1.0>}
x[5,0]{2  <1.0>}
x[5,1]{6  <1.0>}
x[5,2]{3  <1.0>}
x[5,3]{4  <1.0>}
x[5,4]{7  <1.0>}
x[5,5]{5  <1.0>}
x[5,6]{0  <1.0>}
x[5,7]{1  <1.0>}
x[6,0]{0  <1.0>}
x[6,1]{7  <1.0>}
x[6,2]{2  <1.0>}
x[6,3]{3  <1.0>}
x[6,4]{5  <1.0>}
x[6,5]{4  <1.0>}
x[6,6]{1  <1.0>}
x[6,7]{6  <1.0>}
x[7,0]{1  <1.0>}
x[7,1]{3  <1.0>}
x[7,2]{5  <1.0>}
x[7,3]{6  <1.0>}
x[7,4]{4  <1.0>}
x[7,5]{0  <1.0>}
x[7,6]{7  <1.0>}
x[7,7]{2  <1.0>}
problem entropy = 0.9906162442259979
smallest variable entropy = 0.6554817739013927
### branching on x[0,0]=6 marginal=0.6363636363636364
##### after BP iteration 1 #####
x[0,0]{6  <1.0>}
x[0,1]{1  <1.0>}
x[0,2]{4  <1.0>}
x[0,3]{0  <1.0>}
x[0,4]{3  <0.5>, 2  <0.5>}
x[0,5]{3  <0.5>, 2  <0.5>}
x[0,6]{5  <1.0>}
x[0,7]{7  <1.0>}
x[1,0]{5  <1.0>}
x[1,1]{4  <1.0>}
x[1,2]{6  <1.0>}
x[1,3]{7  <1.0>}
x[1,4]{0  <1.0>}
x[1,5]{1  <1.0>}
x[1,6]{2  <1.0>}
x[1,7]{3  <1.0>}
x[2,0]{3  <0.5>, 4  <0.5>}
x[2,1]{0  <1.0>}
x[2,2]{7  <1.0>}
x[2,3]{2  <1.0>}
x[2,4]{1  <1.0>}
x[2,5]{6  <0.5>, 3  <0.5>}
x[2,6]{6  <0.3333333333333333>, 3  <0.3333333333333333>, 4  <0.3333333333333333>}
x[2,7]{5  <1.0>}
x[3,0]{4  <0.5>, 3  <0.5>}
x[3,1]{2  <1.0>}
x[3,2]{1  <1.0>}
x[3,3]{5  <1.0>}
x[3,4]{6  <0.5>, 3  <0.5>}
x[3,5]{7  <1.0>}
x[3,6]{6  <0.3333333333333333>, 3  <0.3333333333333333>, 4  <0.3333333333333333>}
x[3,7]{0  <1.0>}
x[4,0]{7  <1.0>}
x[4,1]{5  <1.0>}
x[4,2]{0  <1.0>}
x[4,3]{1  <1.0>}
x[4,4]{6  <0.5>, 3  <0.28571428571428575>, 2  <0.21428571428571427>}
x[4,5]{6  <0.33333333333333337>, 3  <0.33333333333333337>, 2  <0.33333333333333337>}
x[4,6]{6  <0.5>, 3  <0.5>}
x[4,7]{4  <1.0>}
x[5,0]{2  <1.0>}
x[5,1]{6  <1.0>}
x[5,2]{3  <1.0>}
x[5,3]{4  <1.0>}
x[5,4]{7  <1.0>}
x[5,5]{5  <1.0>}
x[5,6]{0  <1.0>}
x[5,7]{1  <1.0>}
x[6,0]{0  <1.0>}
x[6,1]{7  <1.0>}
x[6,2]{2  <1.0>}
x[6,3]{3  <1.0>}
x[6,4]{5  <1.0>}
x[6,5]{4  <1.0>}
x[6,6]{1  <1.0>}
x[6,7]{6  <1.0>}
x[7,0]{1  <1.0>}
x[7,1]{3  <1.0>}
x[7,2]{5  <1.0>}
x[7,3]{6  <1.0>}
x[7,4]{4  <1.0>}
x[7,5]{0  <1.0>}
x[7,6]{7  <1.0>}
x[7,7]{2  <1.0>}
problem entropy = 0.9947031478283033
smallest variable entropy = 0.6931471805599453
##### after BP iteration 2 #####
x[0,0]{6  <1.0>}
x[0,1]{1  <1.0>}
x[0,2]{4  <1.0>}
x[0,3]{0  <1.0>}
x[0,4]{3  <0.5>, 2  <0.5>}
x[0,5]{3  <0.5>, 2  <0.5>}
x[0,6]{5  <1.0>}
x[0,7]{7  <1.0>}
x[1,0]{5  <1.0>}
x[1,1]{4  <1.0>}
x[1,2]{6  <1.0>}
x[1,3]{7  <1.0>}
x[1,4]{0  <1.0>}
x[1,5]{1  <1.0>}
x[1,6]{2  <1.0>}
x[1,7]{3  <1.0>}
x[2,0]{3  <0.5>, 4  <0.5>}
x[2,1]{0  <1.0>}
x[2,2]{7  <1.0>}
x[2,3]{2  <1.0>}
x[2,4]{1  <1.0>}
x[2,5]{6  <0.5>, 3  <0.5>}
x[2,6]{6  <0.3333333333333333>, 3  <0.3333333333333333>, 4  <0.3333333333333333>}
x[2,7]{5  <1.0>}
x[3,0]{4  <0.5>, 3  <0.5>}
x[3,1]{2  <1.0>}
x[3,2]{1  <1.0>}
x[3,3]{5  <1.0>}
x[3,4]{6  <0.5>, 3  <0.5>}
x[3,5]{7  <1.0>}
x[3,6]{6  <0.3333333333333333>, 3  <0.3333333333333333>, 4  <0.3333333333333333>}
x[3,7]{0  <1.0>}
x[4,0]{7  <1.0>}
x[4,1]{5  <1.0>}
x[4,2]{0  <1.0>}
x[4,3]{1  <1.0>}
x[4,4]{6  <0.5>, 3  <0.28571428571428575>, 2  <0.21428571428571427>}
x[4,5]{6  <0.33333333333333337>, 3  <0.33333333333333337>, 2  <0.33333333333333337>}
x[4,6]{6  <0.5>, 3  <0.5>}
x[4,7]{4  <1.0>}
x[5,0]{2  <1.0>}
x[5,1]{6  <1.0>}
x[5,2]{3  <1.0>}
x[5,3]{4  <1.0>}
x[5,4]{7  <1.0>}
x[5,5]{5  <1.0>}
x[5,6]{0  <1.0>}
x[5,7]{1  <1.0>}
x[6,0]{0  <1.0>}
x[6,1]{7  <1.0>}
x[6,2]{2  <1.0>}
x[6,3]{3  <1.0>}
x[6,4]{5  <1.0>}
x[6,5]{4  <1.0>}
x[6,6]{1  <1.0>}
x[6,7]{6  <1.0>}
x[7,0]{1  <1.0>}
x[7,1]{3  <1.0>}
x[7,2]{5  <1.0>}
x[7,3]{6  <1.0>}
x[7,4]{4  <1.0>}
x[7,5]{0  <1.0>}
x[7,6]{7  <1.0>}
x[7,7]{2  <1.0>}
problem entropy = 0.9947031478283033
smallest variable entropy = 0.6931471805599453
### branching on x[0,4]=3 marginal=0.5
##### after BP iteration 1 #####
x[0,0]{6  <1.0>}
x[0,1]{1  <1.0>}
x[0,2]{4  <1.0>}
x[0,3]{0  <1.0>}
x[0,4]{3  <1.0>}
x[0,5]{2  <1.0>}
x[0,6]{5  <1.0>}
x[0,7]{7  <1.0>}
x[1,0]{5  <1.0>}
x[1,1]{4  <1.0>}
x[1,2]{6  <1.0>}
x[1,3]{7  <1.0>}
x[1,4]{0  <1.0>}
x[1,5]{1  <1.0>}
x[1,6]{2  <1.0>}
x[1,7]{3  <1.0>}
x[2,0]{3  <0.5>, 4  <0.5>}
x[2,1]{0  <1.0>}
x[2,2]{7  <1.0>}
x[2,3]{2  <1.0>}
x[2,4]{1  <1.0>}
x[2,5]{6  <0.5>, 3  <0.5>}
x[2,6]{6  <0.3333333333333333>, 3  <0.3333333333333333>, 4  <0.3333333333333333>}
x[2,7]{5  <1.0>}
x[3,0]{4  <0.5>, 3  <0.5>}
x[3,1]{2  <1.0>}
x[3,2]{1  <1.0>}
x[3,3]{5  <1.0>}
x[3,4]{6  <1.0>}
x[3,5]{7  <1.0>}
x[3,6]{4  <0.5>, 3  <0.5>}
x[3,7]{0  <1.0>}
x[4,0]{7  <1.0>}
x[4,1]{5  <1.0>}
x[4,2]{0  <1.0>}
x[4,3]{1  <1.0>}
x[4,4]{2  <1.0>}
x[4,5]{6  <0.5>, 3  <0.5>}
x[4,6]{6  <0.5>, 3  <0.5>}
x[4,7]{4  <1.0>}
x[5,0]{2  <1.0>}
x[5,1]{6  <1.0>}
x[5,2]{3  <1.0>}
x[5,3]{4  <1.0>}
x[5,4]{7  <1.0>}
x[5,5]{5  <1.0>}
x[5,6]{0  <1.0>}
x[5,7]{1  <1.0>}
x[6,0]{0  <1.0>}
x[6,1]{7  <1.0>}
x[6,2]{2  <1.0>}
x[6,3]{3  <1.0>}
x[6,4]{5  <1.0>}
x[6,5]{4  <1.0>}
x[6,6]{1  <1.0>}
x[6,7]{6  <1.0>}
x[7,0]{1  <1.0>}
x[7,1]{3  <1.0>}
x[7,2]{5  <1.0>}
x[7,3]{6  <1.0>}
x[7,4]{4  <1.0>}
x[7,5]{0  <1.0>}
x[7,6]{7  <1.0>}
x[7,7]{2  <1.0>}
problem entropy = 1.0
smallest variable entropy = 0.6931471805599453
##### after BP iteration 2 #####
x[0,0]{6  <1.0>}
x[0,1]{1  <1.0>}
x[0,2]{4  <1.0>}
x[0,3]{0  <1.0>}
x[0,4]{3  <1.0>}
x[0,5]{2  <1.0>}
x[0,6]{5  <1.0>}
x[0,7]{7  <1.0>}
x[1,0]{5  <1.0>}
x[1,1]{4  <1.0>}
x[1,2]{6  <1.0>}
x[1,3]{7  <1.0>}
x[1,4]{0  <1.0>}
x[1,5]{1  <1.0>}
x[1,6]{2  <1.0>}
x[1,7]{3  <1.0>}
x[2,0]{3  <0.5>, 4  <0.5>}
x[2,1]{0  <1.0>}
x[2,2]{7  <1.0>}
x[2,3]{2  <1.0>}
x[2,4]{1  <1.0>}
x[2,5]{6  <0.5>, 3  <0.5>}
x[2,6]{6  <0.3333333333333333>, 3  <0.3333333333333333>, 4  <0.3333333333333333>}
x[2,7]{5  <1.0>}
x[3,0]{4  <0.5>, 3  <0.5>}
x[3,1]{2  <1.0>}
x[3,2]{1  <1.0>}
x[3,3]{5  <1.0>}
x[3,4]{6  <1.0>}
x[3,5]{7  <1.0>}
x[3,6]{4  <0.5>, 3  <0.5>}
x[3,7]{0  <1.0>}
x[4,0]{7  <1.0>}
x[4,1]{5  <1.0>}
x[4,2]{0  <1.0>}
x[4,3]{1  <1.0>}
x[4,4]{2  <1.0>}
x[4,5]{6  <0.5>, 3  <0.5>}
x[4,6]{6  <0.5>, 3  <0.5>}
x[4,7]{4  <1.0>}
x[5,0]{2  <1.0>}
x[5,1]{6  <1.0>}
x[5,2]{3  <1.0>}
x[5,3]{4  <1.0>}
x[5,4]{7  <1.0>}
x[5,5]{5  <1.0>}
x[5,6]{0  <1.0>}
x[5,7]{1  <1.0>}
x[6,0]{0  <1.0>}
x[6,1]{7  <1.0>}
x[6,2]{2  <1.0>}
x[6,3]{3  <1.0>}
x[6,4]{5  <1.0>}
x[6,5]{4  <1.0>}
x[6,6]{1  <1.0>}
x[6,7]{6  <1.0>}
x[7,0]{1  <1.0>}
x[7,1]{3  <1.0>}
x[7,2]{5  <1.0>}
x[7,3]{6  <1.0>}
x[7,4]{4  <1.0>}
x[7,5]{0  <1.0>}
x[7,6]{7  <1.0>}
x[7,7]{2  <1.0>}
problem entropy = 1.0
smallest variable entropy = 0.6931471805599453
### branching on x[2,0]=3 marginal=0.5
##### after BP iteration 1 #####
x[0,0]{6  <1.0>}
x[0,1]{1  <1.0>}
x[0,2]{4  <1.0>}
x[0,3]{0  <1.0>}
x[0,4]{3  <1.0>}
x[0,5]{2  <1.0>}
x[0,6]{5  <1.0>}
x[0,7]{7  <1.0>}
x[1,0]{5  <1.0>}
x[1,1]{4  <1.0>}
x[1,2]{6  <1.0>}
x[1,3]{7  <1.0>}
x[1,4]{0  <1.0>}
x[1,5]{1  <1.0>}
x[1,6]{2  <1.0>}
x[1,7]{3  <1.0>}
x[2,0]{3  <1.0>}
x[2,1]{0  <1.0>}
x[2,2]{7  <1.0>}
x[2,3]{2  <1.0>}
x[2,4]{1  <1.0>}
x[2,5]{6  <1.0>}
x[2,6]{4  <1.0>}
x[2,7]{5  <1.0>}
x[3,0]{4  <1.0>}
x[3,1]{2  <1.0>}
x[3,2]{1  <1.0>}
x[3,3]{5  <1.0>}
x[3,4]{6  <1.0>}
x[3,5]{7  <1.0>}
x[3,6]{3  <1.0>}
x[3,7]{0  <1.0>}
x[4,0]{7  <1.0>}
x[4,1]{5  <1.0>}
x[4,2]{0  <1.0>}
x[4,3]{1  <1.0>}
x[4,4]{2  <1.0>}
x[4,5]{3  <1.0>}
x[4,6]{6  <1.0>}
x[4,7]{4  <1.0>}
x[5,0]{2  <1.0>}
x[5,1]{6  <1.0>}
x[5,2]{3  <1.0>}
x[5,3]{4  <1.0>}
x[5,4]{7  <1.0>}
x[5,5]{5  <1.0>}
x[5,6]{0  <1.0>}
x[5,7]{1  <1.0>}
x[6,0]{0  <1.0>}
x[6,1]{7  <1.0>}
x[6,2]{2  <1.0>}
x[6,3]{3  <1.0>}
x[6,4]{5  <1.0>}
x[6,5]{4  <1.0>}
x[6,6]{1  <1.0>}
x[6,7]{6  <1.0>}
x[7,0]{1  <1.0>}
x[7,1]{3  <1.0>}
x[7,2]{5  <1.0>}
x[7,3]{6  <1.0>}
x[7,4]{4  <1.0>}
x[7,5]{0  <1.0>}
x[7,6]{7  <1.0>}
x[7,7]{2  <1.0>}
problem entropy = 0.0
smallest variable entropy = 1.7976931348623157E308
### branching on x[2,0]!=3
##### after BP iteration 1 #####
x[0,0]{6  <1.0>}
x[0,1]{1  <1.0>}
x[0,2]{4  <1.0>}
x[0,3]{0  <1.0>}
x[0,4]{3  <1.0>}
x[0,5]{2  <1.0>}
x[0,6]{5  <1.0>}
x[0,7]{7  <1.0>}
x[1,0]{5  <1.0>}
x[1,1]{4  <1.0>}
x[1,2]{6  <1.0>}
x[1,3]{7  <1.0>}
x[1,4]{0  <1.0>}
x[1,5]{1  <1.0>}
x[1,6]{2  <1.0>}
x[1,7]{3  <1.0>}
x[2,0]{4  <1.0>}
x[2,1]{0  <1.0>}
x[2,2]{7  <1.0>}
x[2,3]{2  <1.0>}
x[2,4]{1  <1.0>}
x[2,5]{6  <0.5>, 3  <0.5>}
x[2,6]{3  <0.5>, 6  <0.5>}
x[2,7]{5  <1.0>}
x[3,0]{3  <1.0>}
x[3,1]{2  <1.0>}
x[3,2]{1  <1.0>}
x[3,3]{5  <1.0>}
x[3,4]{6  <1.0>}
x[3,5]{7  <1.0>}
x[3,6]{4  <1.0>}
x[3,7]{0  <1.0>}
x[4,0]{7  <1.0>}
x[4,1]{5  <1.0>}
x[4,2]{0  <1.0>}
x[4,3]{1  <1.0>}
x[4,4]{2  <1.0>}
x[4,5]{3  <0.5>, 6  <0.5>}
x[4,6]{6  <0.5>, 3  <0.5>}
x[4,7]{4  <1.0>}
x[5,0]{2  <1.0>}
x[5,1]{6  <1.0>}
x[5,2]{3  <1.0>}
x[5,3]{4  <1.0>}
x[5,4]{7  <1.0>}
x[5,5]{5  <1.0>}
x[5,6]{0  <1.0>}
x[5,7]{1  <1.0>}
x[6,0]{0  <1.0>}
x[6,1]{7  <1.0>}
x[6,2]{2  <1.0>}
x[6,3]{3  <1.0>}
x[6,4]{5  <1.0>}
x[6,5]{4  <1.0>}
x[6,6]{1  <1.0>}
x[6,7]{6  <1.0>}
x[7,0]{1  <1.0>}
x[7,1]{3  <1.0>}
x[7,2]{5  <1.0>}
x[7,3]{6  <1.0>}
x[7,4]{4  <1.0>}
x[7,5]{0  <1.0>}
x[7,6]{7  <1.0>}
x[7,7]{2  <1.0>}
problem entropy = 1.0
smallest variable entropy = 0.6931471805599453
##### after BP iteration 2 #####
x[0,0]{6  <1.0>}
x[0,1]{1  <1.0>}
x[0,2]{4  <1.0>}
x[0,3]{0  <1.0>}
x[0,4]{3  <1.0>}
x[0,5]{2  <1.0>}
x[0,6]{5  <1.0>}
x[0,7]{7  <1.0>}
x[1,0]{5  <1.0>}
x[1,1]{4  <1.0>}
x[1,2]{6  <1.0>}
x[1,3]{7  <1.0>}
x[1,4]{0  <1.0>}
x[1,5]{1  <1.0>}
x[1,6]{2  <1.0>}
x[1,7]{3  <1.0>}
x[2,0]{4  <1.0>}
x[2,1]{0  <1.0>}
x[2,2]{7  <1.0>}
x[2,3]{2  <1.0>}
x[2,4]{1  <1.0>}
x[2,5]{6  <0.5>, 3  <0.5>}
x[2,6]{3  <0.5>, 6  <0.5>}
x[2,7]{5  <1.0>}
x[3,0]{3  <1.0>}
x[3,1]{2  <1.0>}
x[3,2]{1  <1.0>}
x[3,3]{5  <1.0>}
x[3,4]{6  <1.0>}
x[3,5]{7  <1.0>}
x[3,6]{4  <1.0>}
x[3,7]{0  <1.0>}
x[4,0]{7  <1.0>}
x[4,1]{5  <1.0>}
x[4,2]{0  <1.0>}
x[4,3]{1  <1.0>}
x[4,4]{2  <1.0>}
x[4,5]{3  <0.5>, 6  <0.5>}
x[4,6]{6  <0.5>, 3  <0.5>}
x[4,7]{4  <1.0>}
x[5,0]{2  <1.0>}
x[5,1]{6  <1.0>}
x[5,2]{3  <1.0>}
x[5,3]{4  <1.0>}
x[5,4]{7  <1.0>}
x[5,5]{5  <1.0>}
x[5,6]{0  <1.0>}
x[5,7]{1  <1.0>}
x[6,0]{0  <1.0>}
x[6,1]{7  <1.0>}
x[6,2]{2  <1.0>}
x[6,3]{3  <1.0>}
x[6,4]{5  <1.0>}
x[6,5]{4  <1.0>}
x[6,6]{1  <1.0>}
x[6,7]{6  <1.0>}
x[7,0]{1  <1.0>}
x[7,1]{3  <1.0>}
x[7,2]{5  <1.0>}
x[7,3]{6  <1.0>}
x[7,4]{4  <1.0>}
x[7,5]{0  <1.0>}
x[7,6]{7  <1.0>}
x[7,7]{2  <1.0>}
problem entropy = 1.0
smallest variable entropy = 0.6931471805599453

	#choice: 11
	#fail: 0
	execution time (ms): 177
	#sols : 1
	completed : false

