{5  <6.0>, 6  <7.0>}
model: sum-product-init
FINAL DAMPING FACTOR = 1.0
##### after BP iteration 1 #####
x[0,0]{5  <0.04091489034487099>, 6  <0.9590851096551289>}
x[0,1]{5  <7.659978016911661E-4>, 3  <0.9992340021983088>}
x[0,2]{5  <0.0355498026711036>, 6  <0.006902363601585443>, 2  <0.6385576857221699>, 4  <0.31899014800514125>}
x[0,3]{7  <1.0>}
x[0,4]{1  <1.0>}
x[0,5]{0  <1.0>}
x[0,6]{5  <0.8217610138599097>, 6  <5.734255536533571E-5>, 4  <0.1774153543315446>, 3  <7.662892531803185E-4>}
x[0,7]{3  <1.3959447643221396E-4>, 4  <0.1789022966105173>, 2  <0.8209581089130504>}
x[1,0]{2  <1.0>}
x[1,1]{0  <0.023975528832646125>, 1  <0.9760244711673538>}
x[1,2]{0  <0.7998842901658273>, 1  <0.029819008415058232>, 4  <0.17029670141911435>}
x[1,3]{0  <0.05063375021103363>, 4  <0.9493662497889663>}
x[1,4]{5  <1.0>}
x[1,5]{3  <1.0>}
x[1,6]{7  <1.0>}
x[1,7]{6  <1.0>}
x[2,0]{0  <5.180714011344975E-6>, 6  <9.173719058931041E-7>, 7  <0.9999895338890344>, 5  <4.368025048392892E-6>}
x[2,1]{2  <1.0>}
x[2,2]{0  <0.0015381088637259131>, 6  <0.004074632427601489>, 4  <0.045161625995774154>, 5  <0.9492256327128985>}
x[2,3]{0  <0.9091153895126037>, 4  <0.09088461048739634>}
x[2,4]{0  <0.013549164116990996>, 6  <0.98552225064188>, 7  <7.272300267555302E-4>, 3  <2.0135521437351084E-4>}
x[2,5]{1  <1.0>}
x[2,6]{0  <0.03641553168656962>, 6  <1.695627935235609E-5>, 5  <0.11730592525248107>, 3  <9.645071675741616E-4>, 4  <0.8452970796140228>}
x[2,7]{3  <0.998948177860896>, 4  <0.0010518221391039681>}
x[3,0]{3  <1.0>}
x[3,1]{6  <1.0>}
x[3,2]{7  <1.0>}
x[3,3]{5  <1.0>}
x[3,4]{4  <1.0>}
x[3,5]{2  <1.0>}
x[3,6]{1  <1.0>}
x[3,7]{0  <1.0>}
x[4,0]{1  <1.0>}
x[4,1]{3  <5.583625498225478E-4>, 5  <0.9994416374501774>}
x[4,2]{0  <0.05949120727918501>, 4  <0.2765264004726876>, 2  <0.6637928819124258>, 5  <1.8951033570151958E-4>}
x[4,3]{6  <1.0>}
x[4,4]{0  <0.004209573609989312>, 3  <0.9956674918471009>, 2  <1.229345429097186E-4>}
x[4,5]{7  <1.0>}
x[4,6]{0  <0.9561507011490964>, 4  <0.03750702918981237>, 5  <6.991717089580806E-4>, 3  <0.005643097952133105>}
x[4,7]{3  <6.358308497819866E-4>, 4  <0.7204239113463005>, 2  <0.2789402578039177>}
x[5,0]{0  <0.9999770188979522>, 7  <2.2981102047785348E-5>}
x[5,1]{4  <1.0>}
x[5,2]{3  <1.0>}
x[5,3]{1  <1.0>}
x[5,4]{0  <1.6299095672506097E-4>, 7  <0.9998370090432749>}
x[5,5]{6  <1.0>}
x[5,6]{2  <1.0>}
x[5,7]{5  <1.0>}
x[6,0]{4  <1.0>}
x[6,1]{0  <0.9901349048809596>, 1  <0.009865095119040419>}
x[6,2]{0  <0.003839587066969405>, 1  <0.9960963348181713>, 2  <5.882802286554811E-5>, 6  <5.25009199381484E-6>}
x[6,3]{3  <1.0>}
x[6,4]{0  <8.781817509158041E-6>, 6  <5.685952229240108E-9>, 2  <0.9999912124965387>}
x[6,5]{5  <1.0>}
x[6,6]{0  <8.049939018036439E-6>, 6  <0.9999919500609818>}
x[6,7]{7  <1.0>}
x[7,0]{0  <8.255513788091482E-7>, 6  <0.010917254993474138>, 5  <0.989081919455147>}
x[7,1]{7  <1.0>}
x[7,2]{0  <0.0024208142810824354>, 6  <0.9946287460957547>, 5  <0.0029504396231629522>}
x[7,3]{2  <1.0>}
x[7,4]{0  <0.9880435819848025>, 6  <0.0033082624742914015>, 3  <0.008648155540906186>}
x[7,5]{4  <1.0>}
x[7,6]{0  <0.00776392873326452>, 5  <8.24582253054154E-5>, 6  <1.316025048745423E-6>, 3  <0.9921522970163813>}
x[7,7]{1  <1.0>}
problem entropy = 0.17820159283012008
smallest variable entropy = 1.024744519460527E-4
### branching on x[6,6]=6 marginal=0.9999919500609818
### branching on x[6,4]=2 marginal=0.9999912181824409
##### after BP iteration 1 #####
x[0,0]{5  <0.004608110530700774>, 6  <0.9953918894692994>}
x[0,1]{5  <3.807742385643841E-4>, 3  <0.9996192257614357>}
x[0,2]{5  <0.15317367400035392>, 6  <0.015070264129922621>, 2  <0.12179357473975332>, 4  <0.7099624871299702>}
x[0,3]{7  <1.0>}
x[0,4]{1  <1.0>}
x[0,5]{0  <1.0>}
x[0,6]{5  <0.9562345784727506>, 3  <1.5125690800423823E-4>, 4  <0.04361416461924525>}
x[0,7]{3  <1.8062616642124682E-4>, 4  <0.6570486095517873>, 2  <0.34277076428179143>}
x[1,0]{2  <1.0>}
x[1,1]{0  <0.004814077593556126>, 1  <0.9951859224064439>}
x[1,2]{0  <0.9717322208565587>, 1  <0.005360372124923609>, 4  <0.0229074070185176>}
x[1,3]{0  <0.1017703634253805>, 4  <0.8982296365746196>}
x[1,4]{5  <1.0>}
x[1,5]{3  <1.0>}
x[1,6]{7  <1.0>}
x[1,7]{6  <1.0>}
x[2,0]{0  <4.165446189565179E-5>, 6  <2.5567478061561645E-6>, 7  <0.9999506105903779>, 5  <5.178199920252039E-6>}
x[2,1]{2  <1.0>}
x[2,2]{0  <0.004074316563579992>, 6  <0.007790515168967289>, 4  <0.11159552580163132>, 5  <0.8765396424658215>}
x[2,3]{0  <0.9645800998609148>, 4  <0.03541990013908527>}
x[2,4]{0  <0.002423719056607114>, 6  <0.9975673965561278>, 7  <2.3731059037056164E-7>, 3  <8.647076674801569E-6>}
x[2,5]{1  <1.0>}
x[2,6]{0  <0.0633836127359882>, 4  <0.8890920067974333>, 5  <0.04678005873663476>, 3  <7.443217299437873E-4>}
x[2,7]{3  <0.9995500819149472>, 4  <4.499180850528529E-4>}
x[3,0]{3  <1.0>}
x[3,1]{6  <1.0>}
x[3,2]{7  <1.0>}
x[3,3]{5  <1.0>}
x[3,4]{4  <1.0>}
x[3,5]{2  <1.0>}
x[3,6]{1  <1.0>}
x[3,7]{0  <1.0>}
x[4,0]{1  <1.0>}
x[4,1]{3  <1.3453949115152804E-4>, 5  <0.9998654605088485>}
x[4,2]{0  <0.022158676239790395>, 4  <0.2191556928570739>, 2  <0.7586477005598015>, 5  <3.793034333429465E-5>}
x[4,3]{6  <1.0>}
x[4,4]{0  <0.003166714387977066>, 3  <0.9968332856120229>}
x[4,5]{7  <1.0>}
x[4,6]{0  <0.9503551132355071>, 4  <0.04628295777402476>, 5  <1.5329951646958804E-4>, 3  <0.00320862947399843>}
x[4,7]{3  <1.0161896567580474E-4>, 4  <0.5881466130015585>, 2  <0.41175176803276564>}
x[5,0]{0  <0.9999810007001423>, 7  <1.8999299857721073E-5>}
x[5,1]{4  <1.0>}
x[5,2]{3  <1.0>}
x[5,3]{1  <1.0>}
x[5,4]{0  <9.761521332429921E-7>, 7  <0.9999990238478668>}
x[5,5]{6  <1.0>}
x[5,6]{2  <1.0>}
x[5,7]{5  <1.0>}
x[6,0]{4  <1.0>}
x[6,1]{0  <0.9914905612125791>, 1  <0.008509438787420984>}
x[6,2]{0  <0.03135342823732297>, 1  <0.9686465717626771>}
x[6,3]{3  <1.0>}
x[6,4]{2  <1.0>}
x[6,5]{5  <1.0>}
x[6,6]{6  <1.0>}
x[6,7]{7  <1.0>}
x[7,0]{0  <1.384424191823758E-6>, 6  <0.002116274153018471>, 5  <0.9978823414227898>}
x[7,1]{7  <1.0>}
x[7,2]{0  <0.0017677919259026552>, 6  <0.9932523888763798>, 5  <0.004979819197717498>}
x[7,3]{2  <1.0>}
x[7,4]{0  <0.9964981868339672>, 6  <0.001054070410439896>, 3  <0.0024477427555928827>}
x[7,5]{4  <1.0>}
x[7,6]{0  <0.004848890734420289>, 5  <8.192219426363746E-6>, 3  <0.9951429170461533>}
x[7,7]{1  <1.0>}
problem entropy = 0.16826817394587887
smallest variable entropy = 1.4485752978371863E-5
### branching on x[5,4]=7 marginal=0.9999990238478668
##### after BP iteration 1 #####
x[0,0]{5  <3.761652231747468E-4>, 6  <0.9996238347768253>}
x[0,1]{5  <3.2469919583407926E-5>, 3  <0.9999675300804166>}
x[0,2]{5  <0.06959561598822238>, 6  <9.314719990621642E-4>, 2  <0.2721755292325414>, 4  <0.657297382780174>}
x[0,3]{7  <1.0>}
x[0,4]{1  <1.0>}
x[0,5]{0  <1.0>}
x[0,6]{5  <0.9659260454279953>, 3  <2.5377239634968777E-5>, 4  <0.03404857733236984>}
x[0,7]{3  <2.5458123824688576E-5>, 4  <0.3295607954158027>, 2  <0.6704137464603727>}
x[1,0]{2  <1.0>}
x[1,1]{0  <0.0018888899557045152>, 1  <0.9981111100442955>}
x[1,2]{0  <0.9837002540231523>, 1  <0.004900492108057404>, 4  <0.011399253868790411>}
x[1,3]{0  <0.015933991711611736>, 4  <0.9840660082883883>}
x[1,4]{5  <1.0>}
x[1,5]{3  <1.0>}
x[1,6]{7  <1.0>}
x[1,7]{6  <1.0>}
x[2,0]{7  <1.0>}
x[2,1]{2  <1.0>}
x[2,2]{0  <0.0014007372331658733>, 6  <4.8814551596089835E-4>, 4  <0.1328340845480007>, 5  <0.8652770327028726>}
x[2,3]{0  <0.9270750551486426>, 4  <0.07292494485135731>}
x[2,4]{0  <2.2778939356801845E-4>, 6  <0.9997715385797369>, 3  <6.720266951272705E-7>}
x[2,5]{1  <1.0>}
x[2,6]{0  <0.03718914825285423>, 4  <0.9185214117300036>, 5  <0.04398631182669747>, 3  <3.0312819044465283E-4>}
x[2,7]{3  <0.9998282332455583>, 4  <1.717667544418454E-4>}
x[3,0]{3  <1.0>}
x[3,1]{6  <1.0>}
x[3,2]{7  <1.0>}
x[3,3]{5  <1.0>}
x[3,4]{4  <1.0>}
x[3,5]{2  <1.0>}
x[3,6]{1  <1.0>}
x[3,7]{0  <1.0>}
x[4,0]{1  <1.0>}
x[4,1]{3  <1.0657651068787528E-4>, 5  <0.9998934234893121>}
x[4,2]{0  <0.00958158273854414>, 4  <0.1517261509211945>, 2  <0.8386821390945302>, 5  <1.0127245731175262E-5>}
x[4,3]{6  <1.0>}
x[4,4]{0  <0.0020434750121156946>, 3  <0.9979565249878842>}
x[4,5]{7  <1.0>}
x[4,6]{0  <0.9502875269889204>, 4  <0.04757421722133686>, 5  <5.5698521760300466E-5>, 3  <0.002082557267982355>}
x[4,7]{3  <5.6637578093485794E-5>, 4  <0.39024987523512505>, 2  <0.6096934871867815>}
x[5,0]{0  <1.0>}
x[5,1]{4  <1.0>}
x[5,2]{3  <1.0>}
x[5,3]{1  <1.0>}
x[5,4]{7  <1.0>}
x[5,5]{6  <1.0>}
x[5,6]{2  <1.0>}
x[5,7]{5  <1.0>}
x[6,0]{4  <1.0>}
x[6,1]{0  <0.9845278856745907>, 1  <0.015472114325409216>}
x[6,2]{0  <0.011957990717554786>, 1  <0.9880420092824452>}
x[6,3]{3  <1.0>}
x[6,4]{2  <1.0>}
x[6,5]{5  <1.0>}
x[6,6]{6  <1.0>}
x[6,7]{7  <1.0>}
x[7,0]{5  <0.9979034226846861>, 6  <0.0020965773153138684>}
x[7,1]{7  <1.0>}
x[7,2]{0  <0.0025618608973347386>, 6  <0.9875105685852604>, 5  <0.009927570517404805>}
x[7,3]{2  <1.0>}
x[7,4]{0  <0.9969491721806543>, 6  <0.0012850528506449382>, 3  <0.0017657749687008315>}
x[7,5]{4  <1.0>}
x[7,6]{0  <0.0012926410458402055>, 5  <3.476910335144296E-6>, 3  <0.9987038820438247>}
x[7,7]{1  <1.0>}
problem entropy = 0.1627768537513753
smallest variable entropy = 3.6805238999121316E-4
### branching on x[0,1]=3 marginal=0.9999675300804166
##### after BP iteration 1 #####
x[0,0]{5  <1.6447261136383524E-4>, 6  <0.9998355273886362>}
x[0,1]{3  <1.0>}
x[0,2]{5  <0.022162733585508146>, 6  <5.544559774238717E-5>, 2  <0.41408777011641457>, 4  <0.563694050700335>}
x[0,3]{7  <1.0>}
x[0,4]{1  <1.0>}
x[0,5]{0  <1.0>}
x[0,6]{5  <0.9350852175308397>, 4  <0.0649147824691602>}
x[0,7]{2  <0.7557499680511119>, 4  <0.24425003194888797>}
x[1,0]{2  <1.0>}
x[1,1]{0  <0.015767919661515268>, 1  <0.9842320803384847>}
x[1,2]{0  <0.981446391745161>, 1  <0.0042116174981417925>, 4  <0.014341990756697098>}
x[1,3]{0  <0.007949231560323355>, 4  <0.9920507684396767>}
x[1,4]{5  <1.0>}
x[1,5]{3  <1.0>}
x[1,6]{7  <1.0>}
x[1,7]{6  <1.0>}
x[2,0]{7  <1.0>}
x[2,1]{2  <1.0>}
x[2,2]{0  <4.970295117307364E-4>, 6  <1.5937071863751328E-4>, 4  <0.022050173669379825>, 5  <0.9772934261002519>}
x[2,3]{0  <0.9831783102584667>, 4  <0.01682168974153328>}
x[2,4]{0  <2.7692165629865053E-4>, 6  <0.9997229080900504>, 3  <1.7025365088643415E-7>}
x[2,5]{1  <1.0>}
x[2,6]{0  <0.04868439601320665>, 4  <0.8499086723867537>, 5  <0.10137077118001922>, 3  <3.616042002042665E-5>}
x[2,7]{3  <0.9999298037336166>, 4  <7.019626638336585E-5>}
x[3,0]{3  <1.0>}
x[3,1]{6  <1.0>}
x[3,2]{7  <1.0>}
x[3,3]{5  <1.0>}
x[3,4]{4  <1.0>}
x[3,5]{2  <1.0>}
x[3,6]{1  <1.0>}
x[3,7]{0  <1.0>}
x[4,0]{1  <1.0>}
x[4,1]{5  <1.0>}
x[4,2]{0  <0.05882966555244039>, 4  <0.5987109464677001>, 2  <0.3424593879798595>}
x[4,3]{6  <1.0>}
x[4,4]{0  <0.0012525776041478031>, 3  <0.9987474223958522>}
x[4,5]{7  <1.0>}
x[4,6]{0  <0.9800966011919657>, 4  <0.01930234075185892>, 3  <6.010580561753966E-4>}
x[4,7]{3  <1.0910240512196992E-4>, 4  <0.87482944394327>, 2  <0.12506145365160787>}
x[5,0]{0  <1.0>}
x[5,1]{4  <1.0>}
x[5,2]{3  <1.0>}
x[5,3]{1  <1.0>}
x[5,4]{7  <1.0>}
x[5,5]{6  <1.0>}
x[5,6]{2  <1.0>}
x[5,7]{5  <1.0>}
x[6,0]{4  <1.0>}
x[6,1]{0  <0.9973384122992663>, 1  <0.0026615877007336764>}
x[6,2]{0  <0.0023735845786165308>, 1  <0.9976264154213835>}
x[6,3]{3  <1.0>}
x[6,4]{2  <1.0>}
x[6,5]{5  <1.0>}
x[6,6]{6  <1.0>}
x[6,7]{7  <1.0>}
x[7,0]{5  <0.9982217455093593>, 6  <0.001778254490640753>}
x[7,1]{7  <1.0>}
x[7,2]{0  <1.5543959398090976E-4>, 6  <0.9994039219649602>, 5  <4.4063844105890975E-4>}
x[7,3]{2  <1.0>}
x[7,4]{0  <0.9983617878295913>, 6  <5.576981599447821E-4>, 3  <0.0010805140104638382>}
x[7,5]{4  <1.0>}
x[7,6]{0  <8.329198113238566E-4>, 5  <3.5558513201396E-7>, 3  <0.999166724603544>}
x[7,7]{1  <1.0>}
problem entropy = 0.17606856530831327
smallest variable entropy = 7.415660169045749E-4
### branching on x[2,7]=3 marginal=0.9999298037336166
### branching on x[0,0]=6 marginal=0.9998355273886362
##### after BP iteration 1 #####
x[0,0]{6  <1.0>}
x[0,1]{3  <1.0>}
x[0,2]{5  <0.013134908083625323>, 4  <0.3658371145266758>, 2  <0.6210279773896988>}
x[0,3]{7  <1.0>}
x[0,4]{1  <1.0>}
x[0,5]{0  <1.0>}
x[0,6]{5  <0.9195127136768876>, 4  <0.08048728632311244>}
x[0,7]{2  <0.8371039523631543>, 4  <0.16289604763684584>}
x[1,0]{2  <1.0>}
x[1,1]{0  <0.005946910706673186>, 1  <0.9940530892933268>}
x[1,2]{0  <0.9457058447365998>, 1  <0.007431007877418621>, 4  <0.0468631473859817>}
x[1,3]{0  <0.014953014344128482>, 4  <0.9850469856558716>}
x[1,4]{5  <1.0>}
x[1,5]{3  <1.0>}
x[1,6]{7  <1.0>}
x[1,7]{6  <1.0>}
x[2,0]{7  <1.0>}
x[2,1]{2  <1.0>}
x[2,2]{0  <2.4199438810876924E-5>, 6  <2.179762356556348E-7>, 4  <0.007487301267754529>, 5  <0.9924882813171989>}
x[2,3]{0  <0.9942986036938564>, 4  <0.005701396306143679>}
x[2,4]{0  <1.2687860849982236E-4>, 6  <0.9998731213915002>}
x[2,5]{1  <1.0>}
x[2,6]{0  <0.009006463837656254>, 4  <0.9553640785415018>, 5  <0.035629457620841944>}
x[2,7]{3  <1.0>}
x[3,0]{3  <1.0>}
x[3,1]{6  <1.0>}
x[3,2]{7  <1.0>}
x[3,3]{5  <1.0>}
x[3,4]{4  <1.0>}
x[3,5]{2  <1.0>}
x[3,6]{1  <1.0>}
x[3,7]{0  <1.0>}
x[4,0]{1  <1.0>}
x[4,1]{5  <1.0>}
x[4,2]{0  <0.010888300590314105>, 4  <0.32285666312144984>, 2  <0.6662550362882361>}
x[4,3]{6  <1.0>}
x[4,4]{0  <3.208936143121005E-4>, 3  <0.9996791063856879>}
x[4,5]{7  <1.0>}
x[4,6]{0  <0.974840512271815>, 4  <0.024728498092911864>, 3  <4.3098963527304034E-4>}
x[4,7]{2  <0.2730241259700355>, 4  <0.7269758740299644>}
x[5,0]{0  <1.0>}
x[5,1]{4  <1.0>}
x[5,2]{3  <1.0>}
x[5,3]{1  <1.0>}
x[5,4]{7  <1.0>}
x[5,5]{6  <1.0>}
x[5,6]{2  <1.0>}
x[5,7]{5  <1.0>}
x[6,0]{4  <1.0>}
x[6,1]{0  <0.9975804203338098>, 1  <0.002419579666190221>}
x[6,2]{0  <8.894418226686426E-4>, 1  <0.9991105581773314>}
x[6,3]{3  <1.0>}
x[6,4]{2  <1.0>}
x[6,5]{5  <1.0>}
x[6,6]{6  <1.0>}
x[6,7]{7  <1.0>}
x[7,0]{5  <1.0>}
x[7,1]{7  <1.0>}
x[7,2]{0  <1.1644964926107517E-7>, 6  <0.9999998835503507>}
x[7,3]{2  <1.0>}
x[7,4]{0  <0.99937572778926>, 6  <3.3459609207516626E-5>, 3  <5.908126015324864E-4>}
x[7,5]{4  <1.0>}
x[7,6]{0  <4.858196770129176E-4>, 3  <0.9995141803229871>}
x[7,7]{1  <1.0>}
problem entropy = 0.20928133642088276
smallest variable entropy = 1.9756622506257257E-6
### branching on x[7,2]=6 marginal=0.9999998835503507
### branching on x[4,4]=3 marginal=0.9996791063856879
##### after BP iteration 1 #####
x[0,0]{6  <1.0>}
x[0,1]{3  <1.0>}
x[0,2]{5  <0.07524282036227194>, 4  <0.8064182962839987>, 2  <0.11833888335372933>}
x[0,3]{7  <1.0>}
x[0,4]{1  <1.0>}
x[0,5]{0  <1.0>}
x[0,6]{5  <0.9896225939642593>, 4  <0.010377406035740753>}
x[0,7]{2  <0.3465467655033414>, 4  <0.6534532344966586>}
x[1,0]{2  <1.0>}
x[1,1]{0  <0.0011142301144961798>, 1  <0.9988857698855038>}
x[1,2]{0  <0.9909259946253531>, 1  <0.0013222374708058082>, 4  <0.007751767903841217>}
x[1,3]{0  <0.0341552278879754>, 4  <0.9658447721120247>}
x[1,4]{5  <1.0>}
x[1,5]{3  <1.0>}
x[1,6]{7  <1.0>}
x[1,7]{6  <1.0>}
x[2,0]{7  <1.0>}
x[2,1]{2  <1.0>}
x[2,2]{0  <6.764543049688314E-5>, 5  <0.9575620477794713>, 4  <0.042370306790031814>}
x[2,3]{0  <0.991737656802948>, 4  <0.008262343197052005>}
x[2,4]{6  <1.0>}
x[2,5]{1  <1.0>}
x[2,6]{0  <0.002803472402556049>, 4  <0.99132322960212>, 5  <0.005873297995323845>}
x[2,7]{3  <1.0>}
x[3,0]{3  <1.0>}
x[3,1]{6  <1.0>}
x[3,2]{7  <1.0>}
x[3,3]{5  <1.0>}
x[3,4]{4  <1.0>}
x[3,5]{2  <1.0>}
x[3,6]{1  <1.0>}
x[3,7]{0  <1.0>}
x[4,0]{1  <1.0>}
x[4,1]{5  <1.0>}
x[4,2]{0  <0.016309112012066748>, 4  <0.22777197432527943>, 2  <0.7559189136626538>}
x[4,3]{6  <1.0>}
x[4,4]{3  <1.0>}
x[4,5]{7  <1.0>}
x[4,6]{0  <0.9945867305111573>, 4  <0.005413269488842644>}
x[4,7]{2  <0.41850155586366117>, 4  <0.5814984441363388>}
x[5,0]{0  <1.0>}
x[5,1]{4  <1.0>}
x[5,2]{3  <1.0>}
x[5,3]{1  <1.0>}
x[5,4]{7  <1.0>}
x[5,5]{6  <1.0>}
x[5,6]{2  <1.0>}
x[5,7]{5  <1.0>}
x[6,0]{4  <1.0>}
x[6,1]{0  <0.9980083099255017>, 1  <0.0019916900744983623>}
x[6,2]{0  <0.007900898011783468>, 1  <0.9920991019882166>}
x[6,3]{3  <1.0>}
x[6,4]{2  <1.0>}
x[6,5]{5  <1.0>}
x[6,6]{6  <1.0>}
x[6,7]{7  <1.0>}
x[7,0]{5  <1.0>}
x[7,1]{7  <1.0>}
x[7,2]{6  <1.0>}
x[7,3]{2  <1.0>}
x[7,4]{0  <1.0>}
x[7,5]{4  <1.0>}
x[7,6]{3  <1.0>}
x[7,7]{1  <1.0>}
problem entropy = 0.2724059862563891
smallest variable entropy = 0.008689918848449723
##### after BP iteration 2 #####
x[0,0]{6  <1.0>}
x[0,1]{3  <1.0>}
x[0,2]{5  <0.021367870388917545>, 4  <0.6932459372509874>, 2  <0.28538619236009527>}
x[0,3]{7  <1.0>}
x[0,4]{1  <1.0>}
x[0,5]{0  <1.0>}
x[0,6]{5  <0.9953542337785432>, 4  <0.004645766221456921>}
x[0,7]{2  <0.6568360103739403>, 4  <0.3431639896260596>}
x[1,0]{2  <1.0>}
x[1,1]{0  <4.4307045720101885E-4>, 1  <0.999556929542799>}
x[1,2]{0  <0.9921751055104406>, 1  <0.0012032346774558268>, 4  <0.006621659812103597>}
x[1,3]{0  <0.00427253172151211>, 4  <0.9957274682784879>}
x[1,4]{5  <1.0>}
x[1,5]{3  <1.0>}
x[1,6]{7  <1.0>}
x[1,7]{6  <1.0>}
x[2,0]{7  <1.0>}
x[2,1]{2  <1.0>}
x[2,2]{0  <1.7648502035484768E-4>, 5  <0.9415289618122096>, 4  <0.05829455316743558>}
x[2,3]{0  <0.9831651704747213>, 4  <0.0168348295252786>}
x[2,4]{6  <1.0>}
x[2,5]{1  <1.0>}
x[2,6]{0  <0.004918982253551226>, 4  <0.9826991142006585>, 5  <0.012381903545790274>}
x[2,7]{3  <1.0>}
x[3,0]{3  <1.0>}
x[3,1]{6  <1.0>}
x[3,2]{7  <1.0>}
x[3,3]{5  <1.0>}
x[3,4]{4  <1.0>}
x[3,5]{2  <1.0>}
x[3,6]{1  <1.0>}
x[3,7]{0  <1.0>}
x[4,0]{1  <1.0>}
x[4,1]{5  <1.0>}
x[4,2]{0  <0.002518232176720971>, 4  <0.15299724007171492>, 2  <0.8444845277515641>}
x[4,3]{6  <1.0>}
x[4,4]{3  <1.0>}
x[4,5]{7  <1.0>}
x[4,6]{0  <0.9978500303806818>, 4  <0.0021499696193182493>}
x[4,7]{2  <0.6049615192098106>, 4  <0.39503848079018955>}
x[5,0]{0  <1.0>}
x[5,1]{4  <1.0>}
x[5,2]{3  <1.0>}
x[5,3]{1  <1.0>}
x[5,4]{7  <1.0>}
x[5,5]{6  <1.0>}
x[5,6]{2  <1.0>}
x[5,7]{5  <1.0>}
x[6,0]{4  <1.0>}
x[6,1]{0  <0.9963507743549666>, 1  <0.0036492256450334354>}
x[6,2]{0  <0.002945585187348216>, 1  <0.9970544148126518>}
x[6,3]{3  <1.0>}
x[6,4]{2  <1.0>}
x[6,5]{5  <1.0>}
x[6,6]{6  <1.0>}
x[6,7]{7  <1.0>}
x[7,0]{5  <1.0>}
x[7,1]{7  <1.0>}
x[7,2]{6  <1.0>}
x[7,3]{2  <1.0>}
x[7,4]{0  <1.0>}
x[7,5]{4  <1.0>}
x[7,6]{3  <1.0>}
x[7,7]{1  <1.0>}
problem entropy = 0.2548089998660226
smallest variable entropy = 0.00386426565956503
##### after BP iteration 3 #####
x[0,0]{6  <1.0>}
x[0,1]{3  <1.0>}
x[0,2]{5  <0.002835565243962278>, 4  <0.5777232403848386>, 2  <0.41944119437119914>}
x[0,3]{7  <1.0>}
x[0,4]{1  <1.0>}
x[0,5]{0  <1.0>}
x[0,6]{5  <0.9780009093295055>, 4  <0.02199909067049449>}
x[0,7]{2  <0.7503720366147748>, 4  <0.24962796338522514>}
x[1,0]{2  <1.0>}
x[1,1]{0  <0.00393917957604671>, 1  <0.9960608204239533>}
x[1,2]{0  <0.9961790055722803>, 1  <9.940196980774965E-4>, 4  <0.0028269747296420975>}
x[1,3]{0  <0.003218126094278884>, 4  <0.9967818739057211>}
x[1,4]{5  <1.0>}
x[1,5]{3  <1.0>}
x[1,6]{7  <1.0>}
x[1,7]{6  <1.0>}
x[2,0]{7  <1.0>}
x[2,1]{2  <1.0>}
x[2,2]{0  <4.096498091969568E-5>, 5  <0.9941595197718835>, 4  <0.005799515247196625>}
x[2,3]{0  <0.9974463926294665>, 4  <0.0025536073705334397>}
x[2,4]{6  <1.0>}
x[2,5]{1  <1.0>}
x[2,6]{0  <0.01252035881012004>, 4  <0.9406411940165009>, 5  <0.04683844717337911>}
x[2,7]{3  <1.0>}
x[3,0]{3  <1.0>}
x[3,1]{6  <1.0>}
x[3,2]{7  <1.0>}
x[3,3]{5  <1.0>}
x[3,4]{4  <1.0>}
x[3,5]{2  <1.0>}
x[3,6]{1  <1.0>}
x[3,7]{0  <1.0>}
x[4,0]{1  <1.0>}
x[4,1]{5  <1.0>}
x[4,2]{0  <0.0036833617605492373>, 4  <0.6442865144267521>, 2  <0.35203012381269855>}
x[4,3]{6  <1.0>}
x[4,4]{3  <1.0>}
x[4,5]{7  <1.0>}
x[4,6]{0  <0.9938176556675764>, 4  <0.006182344332423531>}
x[4,7]{2  <0.1173298782004418>, 4  <0.8826701217995582>}
x[5,0]{0  <1.0>}
x[5,1]{4  <1.0>}
x[5,2]{3  <1.0>}
x[5,3]{1  <1.0>}
x[5,4]{7  <1.0>}
x[5,5]{6  <1.0>}
x[5,6]{2  <1.0>}
x[5,7]{5  <1.0>}
x[6,0]{4  <1.0>}
x[6,1]{0  <0.9993442391318148>, 1  <6.557608681853012E-4>}
x[6,2]{0  <5.55892979382394E-4>, 1  <0.9994441070206176>}
x[6,3]{3  <1.0>}
x[6,4]{2  <1.0>}
x[6,5]{5  <1.0>}
x[6,6]{6  <1.0>}
x[6,7]{7  <1.0>}
x[7,0]{5  <1.0>}
x[7,1]{7  <1.0>}
x[7,2]{6  <1.0>}
x[7,3]{2  <1.0>}
x[7,4]{0  <1.0>}
x[7,5]{4  <1.0>}
x[7,6]{3  <1.0>}
x[7,7]{1  <1.0>}
problem entropy = 0.22749412860955628
smallest variable entropy = 0.004722120059238189
##### after BP iteration 4 #####
x[0,0]{6  <1.0>}
x[0,1]{3  <1.0>}
x[0,2]{5  <0.004045347214802364>, 4  <0.39204437825940286>, 2  <0.6039102745257948>}
x[0,3]{7  <1.0>}
x[0,4]{1  <1.0>}
x[0,5]{0  <1.0>}
x[0,6]{5  <0.9643673094205141>, 4  <0.035632690579485954>}
x[0,7]{2  <0.8487118251759022>, 4  <0.15128817482409784>}
x[1,0]{2  <1.0>}
x[1,1]{0  <0.001473000275923048>, 1  <0.9985269997240769>}
x[1,2]{0  <0.9961154190149315>, 1  <0.0018241818173101887>, 4  <0.0020603991677584006>}
x[1,3]{0  <0.0016832189324066168>, 4  <0.9983167810675934>}
x[1,4]{5  <1.0>}
x[1,5]{3  <1.0>}
x[1,6]{7  <1.0>}
x[1,7]{6  <1.0>}
x[2,0]{7  <1.0>}
x[2,1]{2  <1.0>}
x[2,2]{0  <8.413426473323667E-7>, 5  <0.9990183466192081>, 4  <9.80812038144655E-4>}
x[2,3]{0  <0.9975155032630624>, 4  <0.002484496736937596>}
x[2,4]{6  <1.0>}
x[2,5]{1  <1.0>}
x[2,6]{0  <0.0032690207855384976>, 4  <0.9861950994687173>, 5  <0.010535879745744261>}
x[2,7]{3  <1.0>}
x[3,0]{3  <1.0>}
x[3,1]{6  <1.0>}
x[3,2]{7  <1.0>}
x[3,3]{5  <1.0>}
x[3,4]{4  <1.0>}
x[3,5]{2  <1.0>}
x[3,6]{1  <1.0>}
x[3,7]{0  <1.0>}
x[4,0]{1  <1.0>}
x[4,1]{5  <1.0>}
x[4,2]{0  <0.002752044542175744>, 4  <0.3419059811076123>, 2  <0.655341974350212>}
x[4,3]{6  <1.0>}
x[4,4]{3  <1.0>}
x[4,5]{7  <1.0>}
x[4,6]{0  <0.9916712599335387>, 4  <0.008328740066461348>}
x[4,7]{2  <0.2860665993196959>, 4  <0.713933400680304>}
x[5,0]{0  <1.0>}
x[5,1]{4  <1.0>}
x[5,2]{3  <1.0>}
x[5,3]{1  <1.0>}
x[5,4]{7  <1.0>}
x[5,5]{6  <1.0>}
x[5,6]{2  <1.0>}
x[5,7]{5  <1.0>}
x[6,0]{4  <1.0>}
x[6,1]{0  <0.9993997897640263>, 1  <6.002102359736293E-4>}
x[6,2]{0  <2.206150468048706E-4>, 1  <0.9997793849531952>}
x[6,3]{3  <1.0>}
x[6,4]{2  <1.0>}
x[6,5]{5  <1.0>}
x[6,6]{6  <1.0>}
x[6,7]{7  <1.0>}
x[7,0]{5  <1.0>}
x[7,1]{7  <1.0>}
x[7,2]{6  <1.0>}
x[7,3]{2  <1.0>}
x[7,4]{0  <1.0>}
x[7,5]{4  <1.0>}
x[7,6]{3  <1.0>}
x[7,7]{1  <1.0>}
problem entropy = 0.22683633875224313
smallest variable entropy = 0.0020779689185695645
##### after BP iteration 5 #####
x[0,0]{6  <1.0>}
x[0,1]{3  <1.0>}
x[0,2]{5  <0.034346407531630284>, 4  <0.8519750444084113>, 2  <0.11367854805995845>}
x[0,3]{7  <1.0>}
x[0,4]{1  <1.0>}
x[0,5]{0  <1.0>}
x[0,6]{5  <0.9972133635338923>, 4  <0.0027866364661076944>}
x[0,7]{2  <0.3534984411129506>, 4  <0.6465015588870494>}
x[1,0]{2  <1.0>}
x[1,1]{0  <2.772969064810974E-4>, 1  <0.999722703093519>}
x[1,2]{0  <0.9986568133230156>, 1  <3.27654892718848E-4>, 4  <0.0010155317842655616>}
x[1,3]{0  <0.0015921637097601406>, 4  <0.9984078362902399>}
x[1,4]{5  <1.0>}
x[1,5]{3  <1.0>}
x[1,6]{7  <1.0>}
x[1,7]{6  <1.0>}
x[2,0]{7  <1.0>}
x[2,1]{2  <1.0>}
x[2,2]{0  <9.310129794054596E-6>, 5  <0.9855585605994652>, 4  <0.014432129270740697>}
x[2,3]{0  <0.997822743715466>, 4  <0.0021772562845340645>}
x[2,4]{6  <1.0>}
x[2,5]{1  <1.0>}
x[2,6]{0  <0.0016310873579794556>, 4  <0.9976195051401396>, 5  <7.494075018808604E-4>}
x[2,7]{3  <1.0>}
x[3,0]{3  <1.0>}
x[3,1]{6  <1.0>}
x[3,2]{7  <1.0>}
x[3,3]{5  <1.0>}
x[3,4]{4  <1.0>}
x[3,5]{2  <1.0>}
x[3,6]{1  <1.0>}
x[3,7]{0  <1.0>}
x[4,0]{1  <1.0>}
x[4,1]{5  <1.0>}
x[4,2]{0  <0.004032525691371352>, 4  <0.24337867469828808>, 2  <0.7525887996103406>}
x[4,3]{6  <1.0>}
x[4,4]{3  <1.0>}
x[4,5]{7  <1.0>}
x[4,6]{0  <0.9983537211080559>, 4  <0.0016462788919440325>}
x[4,7]{2  <0.4200472586981669>, 4  <0.5799527413018332>}
x[5,0]{0  <1.0>}
x[5,1]{4  <1.0>}
x[5,2]{3  <1.0>}
x[5,3]{1  <1.0>}
x[5,4]{7  <1.0>}
x[5,5]{6  <1.0>}
x[5,6]{2  <1.0>}
x[5,7]{5  <1.0>}
x[6,0]{4  <1.0>}
x[6,1]{0  <0.9995041752555655>, 1  <4.958247444345703E-4>}
x[6,2]{0  <0.001971897954956695>, 1  <0.9980281020450433>}
x[6,3]{3  <1.0>}
x[6,4]{2  <1.0>}
x[6,5]{5  <1.0>}
x[6,6]{6  <1.0>}
x[6,7]{7  <1.0>}
x[7,0]{5  <1.0>}
x[7,1]{7  <1.0>}
x[7,2]{6  <1.0>}
x[7,3]{2  <1.0>}
x[7,4]{0  <1.0>}
x[7,5]{4  <1.0>}
x[7,6]{3  <1.0>}
x[7,7]{1  <1.0>}
problem entropy = 0.22227260265057622
smallest variable entropy = 0.002548437073312756
##### after BP iteration 6 #####
x[0,0]{6  <1.0>}
x[0,1]{3  <1.0>}
x[0,2]{5  <0.006244215206168538>, 4  <0.7052371754428086>, 2  <0.2885186093510228>}
x[0,3]{7  <1.0>}
x[0,4]{1  <1.0>}
x[0,5]{0  <1.0>}
x[0,6]{5  <0.9993854158340775>, 4  <6.145841659225276E-4>}
x[0,7]{2  <0.6515267954794709>, 4  <0.3484732045205292>}
x[1,0]{2  <1.0>}
x[1,1]{0  <1.1025146720343025E-4>, 1  <0.9998897485327966>}
x[1,2]{0  <0.9979448617302045>, 1  <2.996682244095652E-4>, 4  <0.0017554700453859475>}
x[1,3]{0  <0.0013140992451251602>, 4  <0.9986859007548748>}
x[1,4]{5  <1.0>}
x[1,5]{3  <1.0>}
x[1,6]{7  <1.0>}
x[1,7]{6  <1.0>}
x[2,0]{7  <1.0>}
x[2,1]{2  <1.0>}
x[2,2]{0  <8.665412506622692E-6>, 5  <0.9742763079372686>, 4  <0.025715026650224796>}
x[2,3]{0  <0.9989649781923651>, 4  <0.0010350218076349122>}
x[2,4]{6  <1.0>}
x[2,5]{1  <1.0>}
x[2,6]{0  <0.0010941414906683548>, 4  <0.9950693151466318>, 5  <0.003836543362699795>}
x[2,7]{3  <1.0>}
x[3,0]{3  <1.0>}
x[3,1]{6  <1.0>}
x[3,2]{7  <1.0>}
x[3,3]{5  <1.0>}
x[3,4]{4  <1.0>}
x[3,5]{2  <1.0>}
x[3,6]{1  <1.0>}
x[3,7]{0  <1.0>}
x[4,0]{1  <1.0>}
x[4,1]{5  <1.0>}
x[4,2]{0  <3.7381792975790264E-4>, 4  <0.1479411686014687>, 2  <0.8516850134687733>}
x[4,3]{6  <1.0>}
x[4,4]{3  <1.0>}
x[4,5]{7  <1.0>}
x[4,6]{0  <0.9991558577528382>, 4  <8.441422471616964E-4>}
x[4,7]{2  <0.5966081287068812>, 4  <0.40339187129311876>}
x[5,0]{0  <1.0>}
x[5,1]{4  <1.0>}
x[5,2]{3  <1.0>}
x[5,3]{1  <1.0>}
x[5,4]{7  <1.0>}
x[5,5]{6  <1.0>}
x[5,6]{2  <1.0>}
x[5,7]{5  <1.0>}
x[6,0]{4  <1.0>}
x[6,1]{0  <0.9990883106738581>, 1  <9.116893261419481E-4>}
x[6,2]{0  <7.349203355690887E-4>, 1  <0.9992650796644309>}
x[6,3]{3  <1.0>}
x[6,4]{2  <1.0>}
x[6,5]{5  <1.0>}
x[6,6]{6  <1.0>}
x[6,7]{7  <1.0>}
x[7,0]{5  <1.0>}
x[7,1]{7  <1.0>}
x[7,2]{6  <1.0>}
x[7,3]{2  <1.0>}
x[7,4]{0  <1.0>}
x[7,5]{4  <1.0>}
x[7,6]{3  <1.0>}
x[7,7]{1  <1.0>}
problem entropy = 0.22054894460362331
smallest variable entropy = 0.001114939087157684
##### after BP iteration 7 #####
x[0,0]{6  <1.0>}
x[0,1]{3  <1.0>}
x[0,2]{5  <3.6154800586969996E-4>, 4  <0.5793686770390574>, 2  <0.42026977495507284>}
x[0,3]{7  <1.0>}
x[0,4]{1  <1.0>}
x[0,5]{0  <1.0>}
x[0,6]{5  <0.9927564807972014>, 4  <0.00724351920279866>}
x[0,7]{2  <0.7515040996479432>, 4  <0.24849590035205682>}
x[1,0]{2  <1.0>}
x[1,1]{0  <9.832477438191925E-4>, 1  <0.9990167522561808>}
x[1,2]{0  <0.9987579587825989>, 1  <2.477272841500409E-4>, 4  <9.943139332510183E-4>}
x[1,3]{0  <0.0011413255077824943>, 4  <0.9988586744922174>}
x[1,4]{5  <1.0>}
x[1,5]{3  <1.0>}
x[1,6]{7  <1.0>}
x[1,7]{6  <1.0>}
x[2,0]{7  <1.0>}
x[2,1]{2  <1.0>}
x[2,2]{0  <5.137213475084379E-7>, 5  <0.9983882580150597>, 4  <0.0016112282635927862>}
x[2,3]{0  <0.9993400627261058>, 4  <6.599372738943142E-4>}
x[2,4]{6  <1.0>}
x[2,5]{1  <1.0>}
x[2,6]{0  <5.292574069912799E-4>, 4  <0.9782515905918238>, 5  <0.021219152001184887>}
x[2,7]{3  <1.0>}
x[3,0]{3  <1.0>}
x[3,1]{6  <1.0>}
x[3,2]{7  <1.0>}
x[3,3]{5  <1.0>}
x[3,4]{4  <1.0>}
x[3,5]{2  <1.0>}
x[3,6]{1  <1.0>}
x[3,7]{0  <1.0>}
x[4,0]{1  <1.0>}
x[4,1]{5  <1.0>}
x[4,2]{0  <0.0016009834880475228>, 4  <0.6431026388480395>, 2  <0.355296377663913>}
x[4,3]{6  <1.0>}
x[4,4]{3  <1.0>}
x[4,5]{7  <1.0>}
x[4,6]{0  <0.9993037232096659>, 4  <6.962767903341649E-4>}
x[4,7]{2  <0.11410299133735861>, 4  <0.8858970086626414>}
x[5,0]{0  <1.0>}
x[5,1]{4  <1.0>}
x[5,2]{3  <1.0>}
x[5,3]{1  <1.0>}
x[5,4]{7  <1.0>}
x[5,5]{6  <1.0>}
x[5,6]{2  <1.0>}
x[5,7]{5  <1.0>}
x[6,0]{4  <1.0>}
x[6,1]{0  <0.9998365528915955>, 1  <1.6344710840455697E-4>}
x[6,2]{0  <1.3860279751243037E-4>, 1  <0.9998613972024877>}
x[6,3]{3  <1.0>}
x[6,4]{2  <1.0>}
x[6,5]{5  <1.0>}
x[6,6]{6  <1.0>}
x[6,7]{7  <1.0>}
x[7,0]{5  <1.0>}
x[7,1]{7  <1.0>}
x[7,2]{6  <1.0>}
x[7,3]{2  <1.0>}
x[7,4]{0  <1.0>}
x[7,5]{4  <1.0>}
x[7,6]{3  <1.0>}
x[7,7]{1  <1.0>}
problem entropy = 0.19784414858950558
smallest variable entropy = 0.00136992634714196
##### after BP iteration 8 #####
x[0,0]{6  <1.0>}
x[0,1]{3  <1.0>}
x[0,2]{5  <0.0012885601650532278>, 4  <0.40160343783353797>, 2  <0.5971080020014089>}
x[0,3]{7  <1.0>}
x[0,4]{1  <1.0>}
x[0,5]{0  <1.0>}
x[0,6]{5  <0.9840467851992108>, 4  <0.01595321480078914>}
x[0,7]{2  <0.8530873924741488>, 4  <0.14691260752585114>}
x[1,0]{2  <1.0>}
x[1,1]{0  <3.674835043839191E-4>, 1  <0.999632516495616>}
x[1,2]{0  <0.9983319174530848>, 1  <4.554995506227662E-4>, 4  <0.0012125829962923898>}
x[1,3]{0  <4.988602708222834E-4>, 4  <0.9995011397291776>}
x[1,4]{5  <1.0>}
x[1,5]{3  <1.0>}
x[1,6]{7  <1.0>}
x[1,7]{6  <1.0>}
x[2,0]{7  <1.0>}
x[2,1]{2  <1.0>}
x[2,2]{0  <3.3469590077769E-8>, 5  <0.9998727722002685>, 4  <1.2719433014145797E-4>}
x[2,3]{0  <0.9994051439405626>, 4  <5.948560594374782E-4>}
x[2,4]{6  <1.0>}
x[2,5]{1  <1.0>}
x[2,6]{0  <4.246321859323188E-4>, 4  <0.9965252794342359>, 5  <0.0030500883798318546>}
x[2,7]{3  <1.0>}
x[3,0]{3  <1.0>}
x[3,1]{6  <1.0>}
x[3,2]{7  <1.0>}
x[3,3]{5  <1.0>}
x[3,4]{4  <1.0>}
x[3,5]{2  <1.0>}
x[3,6]{1  <1.0>}
x[3,7]{0  <1.0>}
x[4,0]{1  <1.0>}
x[4,1]{5  <1.0>}
x[4,2]{0  <7.490605445003608E-4>, 4  <0.3481805065856233>, 2  <0.6510704328698763>}
x[4,3]{6  <1.0>}
x[4,4]{3  <1.0>}
x[4,5]{7  <1.0>}
x[4,6]{0  <0.9996166460270158>, 4  <3.8335397298420933E-4>}
x[4,7]{2  <0.28830319107918373>, 4  <0.7116968089208163>}
x[5,0]{0  <1.0>}
x[5,1]{4  <1.0>}
x[5,2]{3  <1.0>}
x[5,3]{1  <1.0>}
x[5,4]{7  <1.0>}
x[5,5]{6  <1.0>}
x[5,6]{2  <1.0>}
x[5,7]{5  <1.0>}
x[6,0]{4  <1.0>}
x[6,1]{0  <0.9998505092013941>, 1  <1.49490798605963E-4>}
x[6,2]{0  <5.4910499269739105E-5>, 1  <0.9999450895007302>}
x[6,3]{3  <1.0>}
x[6,4]{2  <1.0>}
x[6,5]{5  <1.0>}
x[6,6]{6  <1.0>}
x[6,7]{7  <1.0>}
x[7,0]{5  <1.0>}
x[7,1]{7  <1.0>}
x[7,2]{6  <1.0>}
x[7,3]{2  <1.0>}
x[7,4]{0  <1.0>}
x[7,5]{4  <1.0>}
x[7,6]{3  <1.0>}
x[7,7]{1  <1.0>}
problem entropy = 0.20452467547029812
smallest variable entropy = 5.935703359926425E-4
### branching on x[6,2]=1 marginal=0.9999450895007302
### branching on x[2,2]=5 marginal=0.9998727722002685
##### after BP iteration 1 #####
x[0,0]{6  <1.0>}
x[0,1]{3  <1.0>}
x[0,2]{2  <0.11416943812999697>, 4  <0.8858305618700031>}
x[0,3]{7  <1.0>}
x[0,4]{1  <1.0>}
x[0,5]{0  <1.0>}
x[0,6]{5  <1.0>}
x[0,7]{2  <0.3544251736730669>, 4  <0.6455748263269331>}
x[1,0]{2  <1.0>}
x[1,1]{1  <1.0>}
x[1,2]{0  <0.9997754297042634>, 4  <2.2457029573662125E-4>}
x[1,3]{0  <6.323050579715321E-4>, 4  <0.9993676949420285>}
x[1,4]{5  <1.0>}
x[1,5]{3  <1.0>}
x[1,6]{7  <1.0>}
x[1,7]{6  <1.0>}
x[2,0]{7  <1.0>}
x[2,1]{2  <1.0>}
x[2,2]{5  <1.0>}
x[2,3]{0  <0.9996780480876593>, 4  <3.2195191234075986E-4>}
x[2,4]{6  <1.0>}
x[2,5]{1  <1.0>}
x[2,6]{0  <4.2748737520545817E-4>, 4  <0.9995725126247945>}
x[2,7]{3  <1.0>}
x[3,0]{3  <1.0>}
x[3,1]{6  <1.0>}
x[3,2]{7  <1.0>}
x[3,3]{5  <1.0>}
x[3,4]{4  <1.0>}
x[3,5]{2  <1.0>}
x[3,6]{1  <1.0>}
x[3,7]{0  <1.0>}
x[4,0]{1  <1.0>}
x[4,1]{5  <1.0>}
x[4,2]{0  <2.5454914536984026E-4>, 4  <0.24843264593299422>, 2  <0.751312804921636>}
x[4,3]{6  <1.0>}
x[4,4]{3  <1.0>}
x[4,5]{7  <1.0>}
x[4,6]{0  <0.9994708973453027>, 4  <5.291026546973427E-4>}
x[4,7]{2  <0.4177360388654328>, 4  <0.5822639611345671>}
x[5,0]{0  <1.0>}
x[5,1]{4  <1.0>}
x[5,2]{3  <1.0>}
x[5,3]{1  <1.0>}
x[5,4]{7  <1.0>}
x[5,5]{6  <1.0>}
x[5,6]{2  <1.0>}
x[5,7]{5  <1.0>}
x[6,0]{4  <1.0>}
x[6,1]{0  <1.0>}
x[6,2]{1  <1.0>}
x[6,3]{3  <1.0>}
x[6,4]{2  <1.0>}
x[6,5]{5  <1.0>}
x[6,6]{6  <1.0>}
x[6,7]{7  <1.0>}
x[7,0]{5  <1.0>}
x[7,1]{7  <1.0>}
x[7,2]{6  <1.0>}
x[7,3]{2  <1.0>}
x[7,4]{0  <1.0>}
x[7,5]{4  <1.0>}
x[7,6]{3  <1.0>}
x[7,7]{1  <1.0>}
problem entropy = 0.3299863340347118
smallest variable entropy = 0.00211123239431017
##### after BP iteration 2 #####
x[0,0]{6  <1.0>}
x[0,1]{3  <1.0>}
x[0,2]{2  <0.2886483504130148>, 4  <0.7113516495869852>}
x[0,3]{7  <1.0>}
x[0,4]{1  <1.0>}
x[0,5]{0  <1.0>}
x[0,6]{5  <1.0>}
x[0,7]{2  <0.6506487538413993>, 4  <0.34935124615860064>}
x[1,0]{2  <1.0>}
x[1,1]{1  <1.0>}
x[1,2]{0  <0.9999255354205931>, 4  <7.446457940682952E-5>}
x[1,3]{0  <1.449179356638046E-4>, 4  <0.9998550820643362>}
x[1,4]{5  <1.0>}
x[1,5]{3  <1.0>}
x[1,6]{7  <1.0>}
x[1,7]{6  <1.0>}
x[2,0]{7  <1.0>}
x[2,1]{2  <1.0>}
x[2,2]{5  <1.0>}
x[2,3]{0  <0.9995455954846889>, 4  <4.544045153110196E-4>}
x[2,4]{6  <1.0>}
x[2,5]{1  <1.0>}
x[2,6]{0  <3.9994688863606066E-4>, 4  <0.999600053111364>}
x[2,7]{3  <1.0>}
x[3,0]{3  <1.0>}
x[3,1]{6  <1.0>}
x[3,2]{7  <1.0>}
x[3,3]{5  <1.0>}
x[3,4]{4  <1.0>}
x[3,5]{2  <1.0>}
x[3,6]{1  <1.0>}
x[3,7]{0  <1.0>}
x[4,0]{1  <1.0>}
x[4,1]{5  <1.0>}
x[4,2]{0  <9.700771952159773E-5>, 4  <0.14689835586882613>, 2  <0.8530046364116523>}
x[4,3]{6  <1.0>}
x[4,4]{3  <1.0>}
x[4,5]{7  <1.0>}
x[4,6]{0  <0.9997031080219716>, 4  <2.9689197802843203E-4>}
x[4,7]{2  <0.5979750388390769>, 4  <0.40202496116092307>}
x[5,0]{0  <1.0>}
x[5,1]{4  <1.0>}
x[5,2]{3  <1.0>}
x[5,3]{1  <1.0>}
x[5,4]{7  <1.0>}
x[5,5]{6  <1.0>}
x[5,6]{2  <1.0>}
x[5,7]{5  <1.0>}
x[6,0]{4  <1.0>}
x[6,1]{0  <1.0>}
x[6,2]{1  <1.0>}
x[6,3]{3  <1.0>}
x[6,4]{2  <1.0>}
x[6,5]{5  <1.0>}
x[6,6]{6  <1.0>}
x[6,7]{7  <1.0>}
x[7,0]{5  <1.0>}
x[7,1]{7  <1.0>}
x[7,2]{6  <1.0>}
x[7,3]{2  <1.0>}
x[7,4]{0  <1.0>}
x[7,5]{4  <1.0>}
x[7,6]{3  <1.0>}
x[7,7]{1  <1.0>}
problem entropy = 0.35235435079784766
smallest variable entropy = 7.822615582330784E-4
### branching on x[1,2]=0 marginal=0.9999255354205931
##### after BP iteration 1 #####
x[0,0]{6  <1.0>}
x[0,1]{3  <1.0>}
x[0,2]{2  <0.41773603886543287>, 4  <0.5822639611345671>}
x[0,3]{7  <1.0>}
x[0,4]{1  <1.0>}
x[0,5]{0  <1.0>}
x[0,6]{5  <1.0>}
x[0,7]{2  <0.7511148020672166>, 4  <0.24888519793278333>}
x[1,0]{2  <1.0>}
x[1,1]{1  <1.0>}
x[1,2]{0  <1.0>}
x[1,3]{4  <1.0>}
x[1,4]{5  <1.0>}
x[1,5]{3  <1.0>}
x[1,6]{7  <1.0>}
x[1,7]{6  <1.0>}
x[2,0]{7  <1.0>}
x[2,1]{2  <1.0>}
x[2,2]{5  <1.0>}
x[2,3]{0  <1.0>}
x[2,4]{6  <1.0>}
x[2,5]{1  <1.0>}
x[2,6]{4  <1.0>}
x[2,7]{3  <1.0>}
x[3,0]{3  <1.0>}
x[3,1]{6  <1.0>}
x[3,2]{7  <1.0>}
x[3,3]{5  <1.0>}
x[3,4]{4  <1.0>}
x[3,5]{2  <1.0>}
x[3,6]{1  <1.0>}
x[3,7]{0  <1.0>}
x[4,0]{1  <1.0>}
x[4,1]{5  <1.0>}
x[4,2]{2  <0.354425173673067>, 4  <0.6455748263269331>}
x[4,3]{6  <1.0>}
x[4,4]{3  <1.0>}
x[4,5]{7  <1.0>}
x[4,6]{0  <1.0>}
x[4,7]{2  <0.11416943812999697>, 4  <0.8858305618700031>}
x[5,0]{0  <1.0>}
x[5,1]{4  <1.0>}
x[5,2]{3  <1.0>}
x[5,3]{1  <1.0>}
x[5,4]{7  <1.0>}
x[5,5]{6  <1.0>}
x[5,6]{2  <1.0>}
x[5,7]{5  <1.0>}
x[6,0]{4  <1.0>}
x[6,1]{0  <1.0>}
x[6,2]{1  <1.0>}
x[6,3]{3  <1.0>}
x[6,4]{2  <1.0>}
x[6,5]{5  <1.0>}
x[6,6]{6  <1.0>}
x[6,7]{7  <1.0>}
x[7,0]{5  <1.0>}
x[7,1]{7  <1.0>}
x[7,2]{6  <1.0>}
x[7,3]{2  <1.0>}
x[7,4]{0  <1.0>}
x[7,5]{4  <1.0>}
x[7,6]{3  <1.0>}
x[7,7]{1  <1.0>}
problem entropy = 0.8100536418917855
smallest variable entropy = 0.35514473159138676
##### after BP iteration 2 #####
x[0,0]{6  <1.0>}
x[0,1]{3  <1.0>}
x[0,2]{2  <0.5979750388390769>, 4  <0.40202496116092307>}
x[0,3]{7  <1.0>}
x[0,4]{1  <1.0>}
x[0,5]{0  <1.0>}
x[0,6]{5  <1.0>}
x[0,7]{2  <0.8530873924741488>, 4  <0.1469126075258512>}
x[1,0]{2  <1.0>}
x[1,1]{1  <1.0>}
x[1,2]{0  <1.0>}
x[1,3]{4  <1.0>}
x[1,4]{5  <1.0>}
x[1,5]{3  <1.0>}
x[1,6]{7  <1.0>}
x[1,7]{6  <1.0>}
x[2,0]{7  <1.0>}
x[2,1]{2  <1.0>}
x[2,2]{5  <1.0>}
x[2,3]{0  <1.0>}
x[2,4]{6  <1.0>}
x[2,5]{1  <1.0>}
x[2,6]{4  <1.0>}
x[2,7]{3  <1.0>}
x[3,0]{3  <1.0>}
x[3,1]{6  <1.0>}
x[3,2]{7  <1.0>}
x[3,3]{5  <1.0>}
x[3,4]{4  <1.0>}
x[3,5]{2  <1.0>}
x[3,6]{1  <1.0>}
x[3,7]{0  <1.0>}
x[4,0]{1  <1.0>}
x[4,1]{5  <1.0>}
x[4,2]{2  <0.6506487538413993>, 4  <0.3493512461586007>}
x[4,3]{6  <1.0>}
x[4,4]{3  <1.0>}
x[4,5]{7  <1.0>}
x[4,6]{0  <1.0>}
x[4,7]{2  <0.2886483504130148>, 4  <0.7113516495869852>}
x[5,0]{0  <1.0>}
x[5,1]{4  <1.0>}
x[5,2]{3  <1.0>}
x[5,3]{1  <1.0>}
x[5,4]{7  <1.0>}
x[5,5]{6  <1.0>}
x[5,6]{2  <1.0>}
x[5,7]{5  <1.0>}
x[6,0]{4  <1.0>}
x[6,1]{0  <1.0>}
x[6,2]{1  <1.0>}
x[6,3]{3  <1.0>}
x[6,4]{2  <1.0>}
x[6,5]{5  <1.0>}
x[6,6]{6  <1.0>}
x[6,7]{7  <1.0>}
x[7,0]{5  <1.0>}
x[7,1]{7  <1.0>}
x[7,2]{6  <1.0>}
x[7,3]{2  <1.0>}
x[7,4]{0  <1.0>}
x[7,5]{4  <1.0>}
x[7,6]{3  <1.0>}
x[7,7]{1  <1.0>}
problem entropy = 0.8436597059612736
smallest variable entropy = 0.4173160997122882
##### after BP iteration 3 #####
x[0,0]{6  <1.0>}
x[0,1]{3  <1.0>}
x[0,2]{2  <0.11416943812999697>, 4  <0.8858305618700031>}
x[0,3]{7  <1.0>}
x[0,4]{1  <1.0>}
x[0,5]{0  <1.0>}
x[0,6]{5  <1.0>}
x[0,7]{2  <0.354425173673067>, 4  <0.6455748263269331>}
x[1,0]{2  <1.0>}
x[1,1]{1  <1.0>}
x[1,2]{0  <1.0>}
x[1,3]{4  <1.0>}
x[1,4]{5  <1.0>}
x[1,5]{3  <1.0>}
x[1,6]{7  <1.0>}
x[1,7]{6  <1.0>}
x[2,0]{7  <1.0>}
x[2,1]{2  <1.0>}
x[2,2]{5  <1.0>}
x[2,3]{0  <1.0>}
x[2,4]{6  <1.0>}
x[2,5]{1  <1.0>}
x[2,6]{4  <1.0>}
x[2,7]{3  <1.0>}
x[3,0]{3  <1.0>}
x[3,1]{6  <1.0>}
x[3,2]{7  <1.0>}
x[3,3]{5  <1.0>}
x[3,4]{4  <1.0>}
x[3,5]{2  <1.0>}
x[3,6]{1  <1.0>}
x[3,7]{0  <1.0>}
x[4,0]{1  <1.0>}
x[4,1]{5  <1.0>}
x[4,2]{2  <0.7511148020672166>, 4  <0.24888519793278333>}
x[4,3]{6  <1.0>}
x[4,4]{3  <1.0>}
x[4,5]{7  <1.0>}
x[4,6]{0  <1.0>}
x[4,7]{2  <0.4177360388654329>, 4  <0.582263961134567>}
x[5,0]{0  <1.0>}
x[5,1]{4  <1.0>}
x[5,2]{3  <1.0>}
x[5,3]{1  <1.0>}
x[5,4]{7  <1.0>}
x[5,5]{6  <1.0>}
x[5,6]{2  <1.0>}
x[5,7]{5  <1.0>}
x[6,0]{4  <1.0>}
x[6,1]{0  <1.0>}
x[6,2]{1  <1.0>}
x[6,3]{3  <1.0>}
x[6,4]{2  <1.0>}
x[6,5]{5  <1.0>}
x[6,6]{6  <1.0>}
x[6,7]{7  <1.0>}
x[7,0]{5  <1.0>}
x[7,1]{7  <1.0>}
x[7,2]{6  <1.0>}
x[7,3]{2  <1.0>}
x[7,4]{0  <1.0>}
x[7,5]{4  <1.0>}
x[7,6]{3  <1.0>}
x[7,7]{1  <1.0>}
problem entropy = 0.8100536418917855
smallest variable entropy = 0.35514473159138676
##### after BP iteration 4 #####
x[0,0]{6  <1.0>}
x[0,1]{3  <1.0>}
x[0,2]{2  <0.2886483504130148>, 4  <0.7113516495869852>}
x[0,3]{7  <1.0>}
x[0,4]{1  <1.0>}
x[0,5]{0  <1.0>}
x[0,6]{5  <1.0>}
x[0,7]{2  <0.6506487538413992>, 4  <0.3493512461586007>}
x[1,0]{2  <1.0>}
x[1,1]{1  <1.0>}
x[1,2]{0  <1.0>}
x[1,3]{4  <1.0>}
x[1,4]{5  <1.0>}
x[1,5]{3  <1.0>}
x[1,6]{7  <1.0>}
x[1,7]{6  <1.0>}
x[2,0]{7  <1.0>}
x[2,1]{2  <1.0>}
x[2,2]{5  <1.0>}
x[2,3]{0  <1.0>}
x[2,4]{6  <1.0>}
x[2,5]{1  <1.0>}
x[2,6]{4  <1.0>}
x[2,7]{3  <1.0>}
x[3,0]{3  <1.0>}
x[3,1]{6  <1.0>}
x[3,2]{7  <1.0>}
x[3,3]{5  <1.0>}
x[3,4]{4  <1.0>}
x[3,5]{2  <1.0>}
x[3,6]{1  <1.0>}
x[3,7]{0  <1.0>}
x[4,0]{1  <1.0>}
x[4,1]{5  <1.0>}
x[4,2]{2  <0.8530873924741488>, 4  <0.14691260752585122>}
x[4,3]{6  <1.0>}
x[4,4]{3  <1.0>}
x[4,5]{7  <1.0>}
x[4,6]{0  <1.0>}
x[4,7]{2  <0.597975038839077>, 4  <0.402024961160923>}
x[5,0]{0  <1.0>}
x[5,1]{4  <1.0>}
x[5,2]{3  <1.0>}
x[5,3]{1  <1.0>}
x[5,4]{7  <1.0>}
x[5,5]{6  <1.0>}
x[5,6]{2  <1.0>}
x[5,7]{5  <1.0>}
x[6,0]{4  <1.0>}
x[6,1]{0  <1.0>}
x[6,2]{1  <1.0>}
x[6,3]{3  <1.0>}
x[6,4]{2  <1.0>}
x[6,5]{5  <1.0>}
x[6,6]{6  <1.0>}
x[6,7]{7  <1.0>}
x[7,0]{5  <1.0>}
x[7,1]{7  <1.0>}
x[7,2]{6  <1.0>}
x[7,3]{2  <1.0>}
x[7,4]{0  <1.0>}
x[7,5]{4  <1.0>}
x[7,6]{3  <1.0>}
x[7,7]{1  <1.0>}
problem entropy = 0.8436597059612735
smallest variable entropy = 0.4173160997122882
### branching on x[4,2]=2 marginal=0.8530873924741488
##### after BP iteration 1 #####
x[0,0]{6  <1.0>}
x[0,1]{3  <1.0>}
x[0,2]{4  <1.0>}
x[0,3]{7  <1.0>}
x[0,4]{1  <1.0>}
x[0,5]{0  <1.0>}
x[0,6]{5  <1.0>}
x[0,7]{2  <1.0>}
x[1,0]{2  <1.0>}
x[1,1]{1  <1.0>}
x[1,2]{0  <1.0>}
x[1,3]{4  <1.0>}
x[1,4]{5  <1.0>}
x[1,5]{3  <1.0>}
x[1,6]{7  <1.0>}
x[1,7]{6  <1.0>}
x[2,0]{7  <1.0>}
x[2,1]{2  <1.0>}
x[2,2]{5  <1.0>}
x[2,3]{0  <1.0>}
x[2,4]{6  <1.0>}
x[2,5]{1  <1.0>}
x[2,6]{4  <1.0>}
x[2,7]{3  <1.0>}
x[3,0]{3  <1.0>}
x[3,1]{6  <1.0>}
x[3,2]{7  <1.0>}
x[3,3]{5  <1.0>}
x[3,4]{4  <1.0>}
x[3,5]{2  <1.0>}
x[3,6]{1  <1.0>}
x[3,7]{0  <1.0>}
x[4,0]{1  <1.0>}
x[4,1]{5  <1.0>}
x[4,2]{2  <1.0>}
x[4,3]{6  <1.0>}
x[4,4]{3  <1.0>}
x[4,5]{7  <1.0>}
x[4,6]{0  <1.0>}
x[4,7]{4  <1.0>}
x[5,0]{0  <1.0>}
x[5,1]{4  <1.0>}
x[5,2]{3  <1.0>}
x[5,3]{1  <1.0>}
x[5,4]{7  <1.0>}
x[5,5]{6  <1.0>}
x[5,6]{2  <1.0>}
x[5,7]{5  <1.0>}
x[6,0]{4  <1.0>}
x[6,1]{0  <1.0>}
x[6,2]{1  <1.0>}
x[6,3]{3  <1.0>}
x[6,4]{2  <1.0>}
x[6,5]{5  <1.0>}
x[6,6]{6  <1.0>}
x[6,7]{7  <1.0>}
x[7,0]{5  <1.0>}
x[7,1]{7  <1.0>}
x[7,2]{6  <1.0>}
x[7,3]{2  <1.0>}
x[7,4]{0  <1.0>}
x[7,5]{4  <1.0>}
x[7,6]{3  <1.0>}
x[7,7]{1  <1.0>}
problem entropy = 0.0
smallest variable entropy = 1.7976931348623157E308
### branching on x[4,2]!=2
##### after BP iteration 1 #####
x[0,0]{6  <1.0>}
x[0,1]{3  <1.0>}
x[0,2]{2  <1.0>}
x[0,3]{7  <1.0>}
x[0,4]{1  <1.0>}
x[0,5]{0  <1.0>}
x[0,6]{5  <1.0>}
x[0,7]{4  <1.0>}
x[1,0]{2  <1.0>}
x[1,1]{1  <1.0>}
x[1,2]{0  <1.0>}
x[1,3]{4  <1.0>}
x[1,4]{5  <1.0>}
x[1,5]{3  <1.0>}
x[1,6]{7  <1.0>}
x[1,7]{6  <1.0>}
x[2,0]{7  <1.0>}
x[2,1]{2  <1.0>}
x[2,2]{5  <1.0>}
x[2,3]{0  <1.0>}
x[2,4]{6  <1.0>}
x[2,5]{1  <1.0>}
x[2,6]{4  <1.0>}
x[2,7]{3  <1.0>}
x[3,0]{3  <1.0>}
x[3,1]{6  <1.0>}
x[3,2]{7  <1.0>}
x[3,3]{5  <1.0>}
x[3,4]{4  <1.0>}
x[3,5]{2  <1.0>}
x[3,6]{1  <1.0>}
x[3,7]{0  <1.0>}
x[4,0]{1  <1.0>}
x[4,1]{5  <1.0>}
x[4,2]{4  <1.0>}
x[4,3]{6  <1.0>}
x[4,4]{3  <1.0>}
x[4,5]{7  <1.0>}
x[4,6]{0  <1.0>}
x[4,7]{2  <1.0>}
x[5,0]{0  <1.0>}
x[5,1]{4  <1.0>}
x[5,2]{3  <1.0>}
x[5,3]{1  <1.0>}
x[5,4]{7  <1.0>}
x[5,5]{6  <1.0>}
x[5,6]{2  <1.0>}
x[5,7]{5  <1.0>}
x[6,0]{4  <1.0>}
x[6,1]{0  <1.0>}
x[6,2]{1  <1.0>}
x[6,3]{3  <1.0>}
x[6,4]{2  <1.0>}
x[6,5]{5  <1.0>}
x[6,6]{6  <1.0>}
x[6,7]{7  <1.0>}
x[7,0]{5  <1.0>}
x[7,1]{7  <1.0>}
x[7,2]{6  <1.0>}
x[7,3]{2  <1.0>}
x[7,4]{0  <1.0>}
x[7,5]{4  <1.0>}
x[7,6]{3  <1.0>}
x[7,7]{1  <1.0>}
problem entropy = 0.0
smallest variable entropy = 1.7976931348623157E308

	#choice: 13
	#fail: 0
	execution time (ms): 169
	#sols : 1
	completed : false

