{4  <1.0>}
model: sum-product-oracle
FINAL DAMPING FACTOR = 1.0
##### after BP iteration 1 #####
x[0,0]{4  <1.0>}
x[0,1]{1  <1.0>}
x[0,2]{0  <6.285483714160723E-4>, 6  <0.3352713215088382>, 2  <0.14350097776267262>, 5  <0.5205991523570731>}
x[0,3]{3  <1.0>}
x[0,4]{0  <2.300106667618738E-6>, 5  <7.275897676547745E-4>, 7  <0.9992701101256776>}
x[0,5]{0  <1.7706461461613427E-4>, 6  <0.8561279076541799>, 7  <7.775100607615044E-4>, 5  <0.14291751767044258>}
x[0,6]{0  <0.9961482195199092>, 2  <0.0038517804800908616>}
x[0,7]{0  <3.600913361042317E-5>, 7  <2.672970295862796E-4>, 2  <0.8660630970940372>, 5  <0.13363359674276618>}
x[1,0]{5  <1.0>}
x[1,1]{4  <1.0>}
x[1,2]{7  <1.0>}
x[1,3]{2  <0.9999924643016648>, 1  <7.53569833516612E-6>}
x[1,4]{0  <5.749565548540466E-6>, 1  <0.9999942504344514>}
x[1,5]{3  <1.0>}
x[1,6]{6  <1.0>}
x[1,7]{0  <0.999979352758622>, 2  <2.0647241377998014E-5>}
x[2,0]{0  <1.0>}
x[2,1]{5  <1.0>}
x[2,2]{1  <1.0>}
x[2,3]{7  <1.0>}
x[2,4]{4  <1.0>}
x[2,5]{2  <1.0>}
x[2,6]{3  <1.0>}
x[2,7]{6  <1.0>}
x[3,0]{1  <1.0>}
x[3,1]{0  <0.8712678396626792>, 7  <0.12873216033732082>}
x[3,2]{3  <1.0>}
x[3,3]{6  <1.0>}
x[3,4]{2  <1.0>}
x[3,5]{0  <0.03998356441979966>, 7  <0.9600164355802003>}
x[3,6]{5  <1.0>}
x[3,7]{4  <1.0>}
x[4,0]{2  <1.0>}
x[4,1]{3  <1.0>}
x[4,2]{0  <0.46328499441518106>, 5  <0.004096550778975591>, 4  <0.5326184548058435>}
x[4,3]{5  <0.9853145458515056>, 1  <4.800326273884071E-6>, 4  <0.014680653822220429>}
x[4,4]{6  <1.0>}
x[4,5]{0  <0.1960229177426369>, 4  <0.8026045576654439>, 7  <6.071659986884938E-4>, 5  <7.653585932307793E-4>}
x[4,6]{0  <8.590263525728966E-6>, 1  <0.9999914097364743>}
x[4,7]{0  <4.395078415535046E-6>, 5  <2.3559650735063486E-4>, 7  <0.9997600084142337>}
x[5,0]{7  <1.0>}
x[5,1]{2  <0.763918280578651>, 6  <0.23608171942134903>}
x[5,2]{5  <0.26594174417139477>, 6  <0.5705125556962475>, 2  <0.16354570013235772>}
x[5,3]{0  <1.0>}
x[5,4]{3  <1.0>}
x[5,5]{6  <0.38683628655423885>, 5  <0.6131637134457611>}
x[5,6]{4  <1.0>}
x[5,7]{1  <1.0>}
x[6,0]{6  <1.0>}
x[6,1]{0  <0.05230517733888279>, 7  <0.947648194879584>, 2  <4.662778153325199E-5>}
x[6,2]{0  <0.2312280424366482>, 4  <0.7602573906298656>, 2  <0.003904188722386902>, 5  <0.004610378211099127>}
x[6,3]{4  <1.188322287178662E-6>, 1  <0.9999774538920769>, 2  <1.0060221146149545E-5>, 5  <1.1297564489714926E-5>}
x[6,4]{0  <0.006321611899133305>, 1  <3.279906497888307E-5>, 5  <0.990550958326555>, 7  <0.003094630709332734>}
x[6,5]{0  <0.31082612475635163>, 4  <0.6000724659688512>, 5  <0.0011000780422818527>, 7  <0.08800133123251531>}
x[6,6]{0  <0.004385947990899568>, 1  <2.8131631711827612E-5>, 2  <0.9955859203773886>}
x[6,7]{3  <1.0>}
x[7,0]{3  <1.0>}
x[7,1]{0  <2.1221471910782765E-5>, 6  <0.9185437865118898>, 2  <0.08143499201619947>}
x[7,2]{0  <0.0013507010742726123>, 6  <0.15250129668514667>, 2  <0.7605228686606149>, 5  <0.08115904852263219>, 4  <0.004466085057333497>}
x[7,3]{4  <0.997653984675871>, 5  <0.0023454370388786157>, 2  <5.78285250311731E-7>}
x[7,4]{0  <0.995054312353193>, 5  <0.004945687646807086>}
x[7,5]{1  <1.0>}
x[7,6]{7  <1.0>}
x[7,7]{0  <1.0140566502056612E-5>, 5  <0.8936025758109364>, 2  <0.10638728362256152>}
problem entropy = 0.285090314168205
smallest variable entropy = 7.512602777165951E-5
### branching on x[1,4]=1 marginal=0.9999942504344514
##### after BP iteration 1 #####
x[0,0]{4  <1.0>}
x[0,1]{1  <1.0>}
x[0,2]{0  <0.0016124032287280396>, 6  <0.15712271591415944>, 2  <0.08682004956268734>, 5  <0.7544448312944251>}
x[0,3]{3  <1.0>}
x[0,4]{0  <3.9604876768513433E-7>, 5  <4.420609157487935E-4>, 7  <0.9995575430354835>}
x[0,5]{0  <9.978299146919927E-4>, 6  <0.5842639457237051>, 7  <7.563301338428551E-4>, 5  <0.41398189422775994>}
x[0,6]{0  <0.9993775598569504>, 2  <6.224401430495487E-4>}
x[0,7]{5  <0.1374381276353708>, 7  <9.925702122862185E-5>, 2  <0.8624626153434005>}
x[1,0]{5  <1.0>}
x[1,1]{4  <1.0>}
x[1,2]{7  <1.0>}
x[1,3]{2  <1.0>}
x[1,4]{1  <1.0>}
x[1,5]{3  <1.0>}
x[1,6]{6  <1.0>}
x[1,7]{0  <1.0>}
x[2,0]{0  <1.0>}
x[2,1]{5  <1.0>}
x[2,2]{1  <1.0>}
x[2,3]{7  <1.0>}
x[2,4]{4  <1.0>}
x[2,5]{2  <1.0>}
x[2,6]{3  <1.0>}
x[2,7]{6  <1.0>}
x[3,0]{1  <1.0>}
x[3,1]{0  <0.9796187562977418>, 7  <0.020381243702258273>}
x[3,2]{3  <1.0>}
x[3,3]{6  <1.0>}
x[3,4]{2  <1.0>}
x[3,5]{0  <0.09796924546292081>, 7  <0.9020307545370793>}
x[3,6]{5  <1.0>}
x[3,7]{4  <1.0>}
x[4,0]{2  <1.0>}
x[4,1]{3  <1.0>}
x[4,2]{0  <0.7648702723690288>, 5  <0.002045505262927774>, 4  <0.2330842223680434>}
x[4,3]{5  <0.9992444795332077>, 1  <2.146826856569166E-6>, 4  <7.533736399357325E-4>}
x[4,4]{6  <1.0>}
x[4,5]{0  <0.5516498221344093>, 4  <0.4469766263804676>, 7  <3.022041613349096E-4>, 5  <0.0010713473237882307>}
x[4,6]{0  <2.8531277869714853E-7>, 1  <0.9999997146872214>}
x[4,7]{7  <0.9995905093630967>, 5  <4.094906369032391E-4>}
x[5,0]{7  <1.0>}
x[5,1]{2  <0.8591977124154876>, 6  <0.14080228758451238>}
x[5,2]{5  <0.3246944404673955>, 6  <0.5369697115618337>, 2  <0.13833584797077075>}
x[5,3]{0  <1.0>}
x[5,4]{3  <1.0>}
x[5,5]{6  <0.24160547924502473>, 5  <0.7583945207549754>}
x[5,6]{4  <1.0>}
x[5,7]{1  <1.0>}
x[6,0]{6  <1.0>}
x[6,1]{0  <0.12284832994949703>, 7  <0.8771150843761468>, 2  <3.658567435612368E-5>}
x[6,2]{0  <0.5606229442110797>, 4  <0.4341224371192231>, 2  <0.0021169429590408638>, 5  <0.0031376757106564217>}
x[6,3]{4  <2.3101335505341168E-9>, 1  <0.9999999802965636>, 5  <1.739330282063608E-8>}
x[6,4]{0  <0.0016281621840895117>, 7  <3.782363226368298E-4>, 5  <0.9979936014932738>}
x[6,5]{0  <0.7335247660613863>, 4  <0.1840753644283442>, 5  <0.001267893481354202>, 7  <0.08113197602891536>}
x[6,6]{0  <0.002049775973018417>, 1  <7.295353941180765E-9>, 2  <0.9979502167316276>}
x[6,7]{3  <1.0>}
x[7,0]{3  <1.0>}
x[7,1]{0  <2.8594930460169404E-5>, 6  <0.7797919714700735>, 2  <0.22017943359946618>}
x[7,2]{0  <0.002573214030531153>, 6  <0.08649374712459977>, 2  <0.8305527017126814>, 5  <0.07892073592012969>, 4  <0.0014596012120580136>}
x[7,3]{4  <0.9984898682229512>, 5  <0.0015101317770488268>}
x[7,4]{0  <0.9993809781755177>, 5  <6.190218244822861E-4>}
x[7,5]{1  <1.0>}
x[7,6]{7  <1.0>}
x[7,7]{2  <0.10446125468572526>, 5  <0.8955387453142747>}
problem entropy = 0.3106322361100439
smallest variable entropy = 3.7641194350948765E-7
### branching on x[6,3]=1 marginal=0.9999999802965636
### branching on x[4,7]=7 marginal=0.9995905093630968
##### after BP iteration 1 #####
x[0,0]{4  <1.0>}
x[0,1]{1  <1.0>}
x[0,2]{0  <4.533285857965657E-4>, 6  <0.4034436030100954>, 2  <0.055943449431290176>, 5  <0.5401596189728178>}
x[0,3]{3  <1.0>}
x[0,4]{0  <2.2911003380245786E-8>, 5  <3.035917428290426E-4>, 7  <0.9996963853461676>}
x[0,5]{0  <2.7304754975315343E-4>, 6  <0.7379277084518384>, 7  <3.9991471373745647E-4>, 5  <0.26139932928467097>}
x[0,6]{0  <0.9989531163159984>, 2  <0.0010468836840015338>}
x[0,7]{5  <0.05475428548623435>, 2  <0.9452457145137656>}
x[1,0]{5  <1.0>}
x[1,1]{4  <1.0>}
x[1,2]{7  <1.0>}
x[1,3]{2  <1.0>}
x[1,4]{1  <1.0>}
x[1,5]{3  <1.0>}
x[1,6]{6  <1.0>}
x[1,7]{0  <1.0>}
x[2,0]{0  <1.0>}
x[2,1]{5  <1.0>}
x[2,2]{1  <1.0>}
x[2,3]{7  <1.0>}
x[2,4]{4  <1.0>}
x[2,5]{2  <1.0>}
x[2,6]{3  <1.0>}
x[2,7]{6  <1.0>}
x[3,0]{1  <1.0>}
x[3,1]{0  <0.9066302549232363>, 7  <0.09336974507676371>}
x[3,2]{3  <1.0>}
x[3,3]{6  <1.0>}
x[3,4]{2  <1.0>}
x[3,5]{0  <0.03562338521877778>, 7  <0.9643766147812222>}
x[3,6]{5  <1.0>}
x[3,7]{4  <1.0>}
x[4,0]{2  <1.0>}
x[4,1]{3  <1.0>}
x[4,2]{0  <0.42145810620848195>, 5  <3.094790352730354E-4>, 4  <0.5782324147562451>}
x[4,3]{5  <0.9994769484973748>, 4  <5.230515026252567E-4>}
x[4,4]{6  <1.0>}
x[4,5]{0  <0.2130892230377422>, 4  <0.7868368912123179>, 5  <7.388574993986555E-5>}
x[4,6]{1  <1.0>}
x[4,7]{7  <1.0>}
x[5,0]{7  <1.0>}
x[5,1]{2  <0.8566214944804998>, 6  <0.14337850551950015>}
x[5,2]{5  <0.16638416934130645>, 6  <0.7509705184216361>, 2  <0.08264531223705744>}
x[5,3]{0  <1.0>}
x[5,4]{3  <1.0>}
x[5,5]{6  <0.36669232638796706>, 5  <0.6333076736120329>}
x[5,6]{4  <1.0>}
x[5,7]{1  <1.0>}
x[6,0]{6  <1.0>}
x[6,1]{0  <0.025745511395634676>, 7  <0.974250453139043>, 2  <4.035465322260354E-6>}
x[6,2]{0  <0.18089945420922132>, 4  <0.8185149175378931>, 2  <3.3708797915520827E-4>, 5  <2.485402737303961E-4>}
x[6,3]{1  <1.0>}
x[6,4]{0  <2.0093038425434656E-4>, 7  <1.1886813881301859E-4>, 5  <0.9996802014769327>}
x[6,5]{0  <0.43141536133458175>, 4  <0.5046591436955774>, 5  <1.7279780539952263E-4>, 7  <0.06375269716444136>}
x[6,6]{0  <1.85522137624259E-4>, 2  <0.9998144778623757>}
x[6,7]{3  <1.0>}
x[7,0]{3  <1.0>}
x[7,1]{0  <6.761334250547034E-6>, 6  <0.853440330164862>, 2  <0.1465529085008875>}
x[7,2]{0  <6.529612273701701E-4>, 6  <0.24006579052459498>, 2  <0.6898618430939791>, 5  <0.0677784597979451>, 4  <0.001640945356110601>}
x[7,3]{4  <0.9994929679830008>, 5  <5.070320169992904E-4>}
x[7,4]{0  <0.9990761816859152>, 5  <9.238183140848565E-4>}
x[7,5]{1  <1.0>}
x[7,6]{7  <1.0>}
x[7,7]{2  <0.09488129982096574>, 5  <0.9051187001790343>}
problem entropy = 0.33780857682266024
smallest variable entropy = 0.001779573532820863
##### after BP iteration 2 #####
x[0,0]{4  <1.0>}
x[0,1]{1  <1.0>}
x[0,2]{0  <1.3731386839142584E-4>, 6  <0.24567435323134265>, 2  <0.07293508882983701>, 5  <0.6812532440704289>}
x[0,3]{3  <1.0>}
x[0,4]{0  <1.4567499708294123E-8>, 5  <1.3995217553542245E-4>, 7  <0.9998600332569649>}
x[0,5]{0  <7.376252848951672E-5>, 6  <0.6410026895095988>, 7  <3.619436094990967E-5>, 5  <0.35888735360096163>}
x[0,6]{0  <0.9997946276124167>, 2  <2.0537238758331218E-4>}
x[0,7]{5  <0.04233219271176753>, 2  <0.9576678072882324>}
x[1,0]{5  <1.0>}
x[1,1]{4  <1.0>}
x[1,2]{7  <1.0>}
x[1,3]{2  <1.0>}
x[1,4]{1  <1.0>}
x[1,5]{3  <1.0>}
x[1,6]{6  <1.0>}
x[1,7]{0  <1.0>}
x[2,0]{0  <1.0>}
x[2,1]{5  <1.0>}
x[2,2]{1  <1.0>}
x[2,3]{7  <1.0>}
x[2,4]{4  <1.0>}
x[2,5]{2  <1.0>}
x[2,6]{3  <1.0>}
x[2,7]{6  <1.0>}
x[3,0]{1  <1.0>}
x[3,1]{0  <0.9551817128221883>, 7  <0.04481828717781171>}
x[3,2]{3  <1.0>}
x[3,3]{6  <1.0>}
x[3,4]{2  <1.0>}
x[3,5]{0  <0.07530485645180529>, 7  <0.9246951435481947>}
x[3,6]{5  <1.0>}
x[3,7]{4  <1.0>}
x[4,0]{2  <1.0>}
x[4,1]{3  <1.0>}
x[4,2]{0  <0.8358220750216939>, 5  <7.960000555725662E-5>, 4  <0.16409832497274882>}
x[4,3]{5  <0.9998396569091108>, 4  <1.6034309088919278E-4>}
x[4,4]{6  <1.0>}
x[4,5]{0  <0.5523173309830778>, 4  <0.447656197693576>, 5  <2.647132334626056E-5>}
x[4,6]{1  <1.0>}
x[4,7]{7  <1.0>}
x[5,0]{7  <1.0>}
x[5,1]{2  <0.922445146351715>, 6  <0.07755485364828509>}
x[5,2]{5  <0.40042670473828235>, 6  <0.43764788345544914>, 2  <0.1619254118062687>}
x[5,3]{0  <1.0>}
x[5,4]{3  <1.0>}
x[5,5]{6  <0.17699229395039567>, 5  <0.8230077060496043>}
x[5,6]{4  <1.0>}
x[5,7]{1  <1.0>}
x[6,0]{6  <1.0>}
x[6,1]{0  <0.06783561603516026>, 7  <0.9321633946641107>, 2  <9.89300729123745E-7>}
x[6,2]{0  <0.5385474735399776>, 4  <0.46122669045333525>, 2  <1.2161032459749649E-4>, 5  <1.042256820896172E-4>}
x[6,3]{1  <1.0>}
x[6,4]{0  <3.2213170894172214E-4>, 7  <3.9858761538458E-5>, 5  <0.9996380095295198>}
x[6,5]{0  <0.754072440834165>, 4  <0.230208543515952>, 5  <2.9661532743984608E-5>, 7  <0.01568935411713905>}
x[6,6]{0  <3.0523367387612176E-4>, 2  <0.9996947663261238>}
x[6,7]{3  <1.0>}
x[7,0]{3  <1.0>}
x[7,1]{0  <2.8478490788528237E-6>, 6  <0.8431234621124906>, 2  <0.15687369003843046>}
x[7,2]{0  <2.500111869193307E-4>, 6  <0.1224130529748453>, 2  <0.7860785936063138>, 5  <0.09113511641369842>, 4  <1.2322581822307127E-4>}
x[7,3]{4  <0.9993502560699056>, 5  <6.497439300944937E-4>}
x[7,4]{0  <0.9997543176362585>, 5  <2.4568236374150203E-4>}
x[7,5]{1  <1.0>}
x[7,6]{7  <1.0>}
x[7,7]{2  <0.03763872931413412>, 5  <0.9623612706858659>}
problem entropy = 0.31380036964958763
smallest variable entropy = 0.0013821847773387802
##### after BP iteration 3 #####
x[0,0]{4  <1.0>}
x[0,1]{1  <1.0>}
x[0,2]{0  <8.542623208840477E-6>, 6  <0.3658742000666899>, 2  <0.06060892125266325>, 5  <0.573508336057438>}
x[0,3]{3  <1.0>}
x[0,4]{0  <6.314229573136756E-11>, 5  <3.491565690533258E-6>, 7  <0.9999965083711672>}
x[0,5]{0  <3.1696460867161962E-6>, 6  <0.8328583288020465>, 7  <6.033620175509621E-6>, 5  <0.16713246793169131>}
x[0,6]{0  <0.9999540911080701>, 2  <4.590889192986602E-5>}
x[0,7]{5  <0.049472087465284725>, 2  <0.9505279125347152>}
x[1,0]{5  <1.0>}
x[1,1]{4  <1.0>}
x[1,2]{7  <1.0>}
x[1,3]{2  <1.0>}
x[1,4]{1  <1.0>}
x[1,5]{3  <1.0>}
x[1,6]{6  <1.0>}
x[1,7]{0  <1.0>}
x[2,0]{0  <1.0>}
x[2,1]{5  <1.0>}
x[2,2]{1  <1.0>}
x[2,3]{7  <1.0>}
x[2,4]{4  <1.0>}
x[2,5]{2  <1.0>}
x[2,6]{3  <1.0>}
x[2,7]{6  <1.0>}
x[3,0]{1  <1.0>}
x[3,1]{0  <0.9455848929405076>, 7  <0.054415107059492304>}
x[3,2]{3  <1.0>}
x[3,3]{6  <1.0>}
x[3,4]{2  <1.0>}
x[3,5]{0  <0.01678939132901989>, 7  <0.9832106086709802>}
x[3,6]{5  <1.0>}
x[3,7]{4  <1.0>}
x[4,0]{2  <1.0>}
x[4,1]{3  <1.0>}
x[4,2]{0  <0.48782276515004613>, 5  <7.413796709755025E-5>, 4  <0.5121030968828563>}
x[4,3]{5  <0.9997507441549235>, 4  <2.4925584507653846E-4>}
x[4,4]{6  <1.0>}
x[4,5]{0  <0.1734446188114133>, 4  <0.8265382231214197>, 5  <1.7158067167029328E-5>}
x[4,6]{1  <1.0>}
x[4,7]{7  <1.0>}
x[5,0]{7  <1.0>}
x[5,1]{2  <0.7961932448290466>, 6  <0.20380675517095345>}
x[5,2]{5  <0.26637614228270023>, 6  <0.5960146115118699>, 2  <0.1376092462054298>}
x[5,3]{0  <1.0>}
x[5,4]{3  <1.0>}
x[5,5]{6  <0.4064653297890771>, 5  <0.5935346702109229>}
x[5,6]{4  <1.0>}
x[5,7]{1  <1.0>}
x[6,0]{6  <1.0>}
x[6,1]{0  <0.020543004189591405>, 7  <0.9794565681677129>, 2  <4.2764269572580577E-7>}
x[6,2]{0  <0.20673695608601297>, 4  <0.793113601387003>, 2  <8.789838202272024E-5>, 5  <6.154414496151498E-5>}
x[6,3]{1  <1.0>}
x[6,4]{0  <1.0295635793804559E-4>, 7  <4.311765178221497E-5>, 5  <0.9998539259902798>}
x[6,5]{0  <0.40377867585218596>, 4  <0.5546084429704043>, 5  <2.8399191685507765E-5>, 7  <0.04158448198572417>}
x[6,6]{0  <1.0622084215713288E-4>, 2  <0.9998937791578429>}
x[6,7]{3  <1.0>}
x[7,0]{3  <1.0>}
x[7,1]{0  <8.78250577718774E-8>, 6  <0.9324922103153042>, 2  <0.06750770185963793>}
x[7,2]{0  <1.1484693699451684E-5>, 6  <0.1231783208271884>, 2  <0.8397379208709992>, 5  <0.03703938876738261>, 4  <3.288484073035488E-5>}
x[7,3]{4  <0.9999806908626486>, 5  <1.9309137351383167E-5>}
x[7,4]{0  <0.9999565195751555>, 5  <4.3480424844466414E-5>}
x[7,5]{1  <1.0>}
x[7,6]{7  <1.0>}
x[7,7]{2  <0.0419276325610643>, 5  <0.9580723674389356>}
problem entropy = 0.3099211208793912
smallest variable entropy = 4.736518827471223E-5
### branching on x[0,4]=7 marginal=0.9999965083711672
### branching on x[7,3]=4 marginal=0.9999806908626486
##### after BP iteration 1 #####
x[0,0]{4  <1.0>}
x[0,1]{1  <1.0>}
x[0,2]{0  <9.234991365758426E-6>, 6  <0.1865031371964926>, 2  <0.03527121205393028>, 5  <0.7782164157582113>}
x[0,3]{3  <1.0>}
x[0,4]{7  <1.0>}
x[0,5]{0  <6.5715351425802585E-6>, 6  <0.5820173799247922>, 5  <0.4179760485400652>}
x[0,6]{0  <0.9999936618006496>, 2  <6.338199350296208E-6>}
x[0,7]{5  <0.07158181253053224>, 2  <0.9284181874694678>}
x[1,0]{5  <1.0>}
x[1,1]{4  <1.0>}
x[1,2]{7  <1.0>}
x[1,3]{2  <1.0>}
x[1,4]{1  <1.0>}
x[1,5]{3  <1.0>}
x[1,6]{6  <1.0>}
x[1,7]{0  <1.0>}
x[2,0]{0  <1.0>}
x[2,1]{5  <1.0>}
x[2,2]{1  <1.0>}
x[2,3]{7  <1.0>}
x[2,4]{4  <1.0>}
x[2,5]{2  <1.0>}
x[2,6]{3  <1.0>}
x[2,7]{6  <1.0>}
x[3,0]{1  <1.0>}
x[3,1]{0  <0.9924247368182746>, 7  <0.0075752631817254164>}
x[3,2]{3  <1.0>}
x[3,3]{6  <1.0>}
x[3,4]{2  <1.0>}
x[3,5]{0  <0.04472734449250311>, 7  <0.955272655507497>}
x[3,6]{5  <1.0>}
x[3,7]{4  <1.0>}
x[4,0]{2  <1.0>}
x[4,1]{3  <1.0>}
x[4,2]{0  <0.7821621199401751>, 4  <0.2178378800598249>}
x[4,3]{5  <1.0>}
x[4,4]{6  <1.0>}
x[4,5]{0  <0.526880490906684>, 4  <0.473119509093316>}
x[4,6]{1  <1.0>}
x[4,7]{7  <1.0>}
x[5,0]{7  <1.0>}
x[5,1]{2  <0.8925695724090585>, 6  <0.10743042759094136>}
x[5,2]{5  <0.36018159639322506>, 6  <0.5193948805492361>, 2  <0.12042352305753878>}
x[5,3]{0  <1.0>}
x[5,4]{3  <1.0>}
x[5,5]{6  <0.23938983565355657>, 5  <0.7606101643464435>}
x[5,6]{4  <1.0>}
x[5,7]{1  <1.0>}
x[6,0]{6  <1.0>}
x[6,1]{0  <0.051924284980672884>, 7  <0.9480755583795965>, 2  <1.566397306396906E-7>}
x[6,2]{0  <0.5291493625443479>, 4  <0.4708279852497445>, 2  <1.1523912572407769E-5>, 5  <1.1128293335264972E-5>}
x[6,3]{1  <1.0>}
x[6,4]{0  <1.4883284756777218E-5>, 5  <0.9999851167152431>}
x[6,5]{0  <0.8042317648276431>, 4  <0.15802781088159285>, 5  <4.43132522073256E-6>, 7  <0.03773599296554321>}
x[6,6]{0  <1.982975349337792E-5>, 2  <0.9999801702465065>}
x[6,7]{3  <1.0>}
x[7,0]{3  <1.0>}
x[7,1]{0  <8.059905453575566E-8>, 6  <0.8375846975933908>, 2  <0.16241522180755466>}
x[7,2]{0  <1.5782165664478425E-5>, 6  <0.06748183940382844>, 2  <0.8979344998400853>, 5  <0.03456787859042171>}
x[7,3]{4  <1.0>}
x[7,4]{0  <0.9999952958330501>, 5  <4.70416694990483E-6>}
x[7,5]{1  <1.0>}
x[7,6]{7  <1.0>}
x[7,7]{2  <0.05096402138686982>, 5  <0.9490359786131303>}
problem entropy = 0.38888970490489855
smallest variable entropy = 6.241046284514027E-5
### branching on x[7,4]=0 marginal=0.9999952958330501
##### after BP iteration 1 #####
x[0,0]{4  <1.0>}
x[0,1]{1  <1.0>}
x[0,2]{0  <3.225438394368522E-7>, 6  <0.4215138011514342>, 2  <0.028338628628783478>, 5  <0.5501472476759429>}
x[0,3]{3  <1.0>}
x[0,4]{7  <1.0>}
x[0,5]{5  <0.26268560666425966>, 6  <0.7373143933357403>}
x[0,6]{0  <0.999996061698952>, 2  <3.93830104788815E-6>}
x[0,7]{5  <0.029788617588702375>, 2  <0.9702113824112977>}
x[1,0]{5  <1.0>}
x[1,1]{4  <1.0>}
x[1,2]{7  <1.0>}
x[1,3]{2  <1.0>}
x[1,4]{1  <1.0>}
x[1,5]{3  <1.0>}
x[1,6]{6  <1.0>}
x[1,7]{0  <1.0>}
x[2,0]{0  <1.0>}
x[2,1]{5  <1.0>}
x[2,2]{1  <1.0>}
x[2,3]{7  <1.0>}
x[2,4]{4  <1.0>}
x[2,5]{2  <1.0>}
x[2,6]{3  <1.0>}
x[2,7]{6  <1.0>}
x[3,0]{1  <1.0>}
x[3,1]{0  <0.9573400250466155>, 7  <0.04265997495338444>}
x[3,2]{3  <1.0>}
x[3,3]{6  <1.0>}
x[3,4]{2  <1.0>}
x[3,5]{0  <0.014613461262896723>, 7  <0.9853865387371032>}
x[3,6]{5  <1.0>}
x[3,7]{4  <1.0>}
x[4,0]{2  <1.0>}
x[4,1]{3  <1.0>}
x[4,2]{0  <0.4561549877126104>, 4  <0.5438450122873897>}
x[4,3]{5  <1.0>}
x[4,4]{6  <1.0>}
x[4,5]{0  <0.19610120932707117>, 4  <0.8038987906729289>}
x[4,6]{1  <1.0>}
x[4,7]{7  <1.0>}
x[5,0]{7  <1.0>}
x[5,1]{2  <0.8915412822055359>, 6  <0.10845871779446409>}
x[5,2]{5  <0.1860634976912538>, 6  <0.7487591360784698>, 2  <0.0651773662302765>}
x[5,3]{0  <1.0>}
x[5,4]{3  <1.0>}
x[5,5]{6  <0.38909139581345464>, 5  <0.6109086041865454>}
x[5,6]{4  <1.0>}
x[5,7]{1  <1.0>}
x[6,0]{6  <1.0>}
x[6,1]{0  <0.011271533584567584>, 7  <0.9887284664154324>}
x[6,2]{0  <0.16801956056539705>, 4  <0.8319803610474172>, 2  <7.838718569230694E-8>}
x[6,3]{1  <1.0>}
x[6,4]{5  <1.0>}
x[6,5]{0  <0.47453520228430524>, 4  <0.4981569546774041>, 7  <0.02730784303829071>}
x[6,6]{0  <4.209245843600388E-7>, 2  <0.9999995790754156>}
x[6,7]{3  <1.0>}
x[7,0]{3  <1.0>}
x[7,1]{2  <0.1058436040293436>, 6  <0.8941563959706564>}
x[7,2]{5  <0.03673616674567046>, 6  <0.1826915571897247>, 2  <0.7805722760646049>}
x[7,3]{4  <1.0>}
x[7,4]{0  <1.0>}
x[7,5]{1  <1.0>}
x[7,6]{7  <1.0>}
x[7,7]{2  <0.055126907656104174>, 5  <0.9448730923438958>}
problem entropy = 0.4647830216586176
smallest variable entropy = 6.600439249747209E-6
### branching on x[6,6]=2 marginal=0.9999995790754156
### branching on x[6,1]=7 marginal=0.9887284664154324
##### after BP iteration 1 #####
x[0,0]{4  <1.0>}
x[0,1]{1  <1.0>}
x[0,2]{5  <0.7098239131214018>, 6  <0.24788256787617655>, 2  <0.04229351900242162>}
x[0,3]{3  <1.0>}
x[0,4]{7  <1.0>}
x[0,5]{5  <0.3942973882562317>, 6  <0.6057026117437682>}
x[0,6]{0  <1.0>}
x[0,7]{5  <0.024526307012612016>, 2  <0.9754736929873881>}
x[1,0]{5  <1.0>}
x[1,1]{4  <1.0>}
x[1,2]{7  <1.0>}
x[1,3]{2  <1.0>}
x[1,4]{1  <1.0>}
x[1,5]{3  <1.0>}
x[1,6]{6  <1.0>}
x[1,7]{0  <1.0>}
x[2,0]{0  <1.0>}
x[2,1]{5  <1.0>}
x[2,2]{1  <1.0>}
x[2,3]{7  <1.0>}
x[2,4]{4  <1.0>}
x[2,5]{2  <1.0>}
x[2,6]{3  <1.0>}
x[2,7]{6  <1.0>}
x[3,0]{1  <1.0>}
x[3,1]{0  <1.0>}
x[3,2]{3  <1.0>}
x[3,3]{6  <1.0>}
x[3,4]{2  <1.0>}
x[3,5]{7  <1.0>}
x[3,6]{5  <1.0>}
x[3,7]{4  <1.0>}
x[4,0]{2  <1.0>}
x[4,1]{3  <1.0>}
x[4,2]{0  <0.8497012699778084>, 4  <0.15029873002219168>}
x[4,3]{5  <1.0>}
x[4,4]{6  <1.0>}
x[4,5]{0  <0.5291631934319242>, 4  <0.47083680656807575>}
x[4,6]{1  <1.0>}
x[4,7]{7  <1.0>}
x[5,0]{7  <1.0>}
x[5,1]{2  <0.9426539208335537>, 6  <0.05734607916644632>}
x[5,2]{5  <0.4162225986647869>, 6  <0.4672736516232265>, 2  <0.11650374971198671>}
x[5,3]{0  <1.0>}
x[5,4]{3  <1.0>}
x[5,5]{6  <0.2024976284354799>, 5  <0.7975023715645201>}
x[5,6]{4  <1.0>}
x[5,7]{1  <1.0>}
x[6,0]{6  <1.0>}
x[6,1]{7  <1.0>}
x[6,2]{0  <0.5268804909066839>, 4  <0.47311950909331607>}
x[6,3]{1  <1.0>}
x[6,4]{5  <1.0>}
x[6,5]{0  <0.7821621199401751>, 4  <0.2178378800598249>}
x[6,6]{2  <1.0>}
x[6,7]{3  <1.0>}
x[7,0]{3  <1.0>}
x[7,1]{2  <0.12192320861307253>, 6  <0.8780767913869274>}
x[7,2]{5  <0.05702166084255599>, 6  <0.08944532845461863>, 2  <0.8535330107028254>}
x[7,3]{4  <1.0>}
x[7,4]{0  <1.0>}
x[7,5]{1  <1.0>}
x[7,6]{7  <1.0>}
x[7,7]{2  <0.022295990793301385>, 5  <0.9777040092066986>}
problem entropy = 0.6337309285419004
smallest variable entropy = 0.10684498800190972
##### after BP iteration 2 #####
x[0,0]{4  <1.0>}
x[0,1]{1  <1.0>}
x[0,2]{5  <0.5641045670663177>, 6  <0.39843516189348044>, 2  <0.0374602710402018>}
x[0,3]{3  <1.0>}
x[0,4]{7  <1.0>}
x[0,5]{5  <0.1911742247263359>, 6  <0.8088257752736641>}
x[0,6]{0  <1.0>}
x[0,7]{5  <0.02999360887789982>, 2  <0.9700063911221002>}
x[1,0]{5  <1.0>}
x[1,1]{4  <1.0>}
x[1,2]{7  <1.0>}
x[1,3]{2  <1.0>}
x[1,4]{1  <1.0>}
x[1,5]{3  <1.0>}
x[1,6]{6  <1.0>}
x[1,7]{0  <1.0>}
x[2,0]{0  <1.0>}
x[2,1]{5  <1.0>}
x[2,2]{1  <1.0>}
x[2,3]{7  <1.0>}
x[2,4]{4  <1.0>}
x[2,5]{2  <1.0>}
x[2,6]{3  <1.0>}
x[2,7]{6  <1.0>}
x[3,0]{1  <1.0>}
x[3,1]{0  <1.0>}
x[3,2]{3  <1.0>}
x[3,3]{6  <1.0>}
x[3,4]{2  <1.0>}
x[3,5]{7  <1.0>}
x[3,6]{5  <1.0>}
x[3,7]{4  <1.0>}
x[4,0]{2  <1.0>}
x[4,1]{3  <1.0>}
x[4,2]{0  <0.487857539395155>, 4  <0.512142460604845>}
x[4,3]{5  <1.0>}
x[4,4]{6  <1.0>}
x[4,5]{0  <0.1680195737359786>, 4  <0.8319804262640214>}
x[4,6]{1  <1.0>}
x[4,7]{7  <1.0>}
x[5,0]{7  <1.0>}
x[5,1]{2  <0.8502099817242698>, 6  <0.14979001827573019>}
x[5,2]{5  <0.2745097503581835>, 6  <0.6268828611771118>, 2  <0.09860738846470483>}
x[5,3]{0  <1.0>}
x[5,4]{3  <1.0>}
x[5,5]{6  <0.43181176758838635>, 5  <0.5681882324116138>}
x[5,6]{4  <1.0>}
x[5,7]{1  <1.0>}
x[6,0]{6  <1.0>}
x[6,1]{7  <1.0>}
x[6,2]{0  <0.19610120932707115>, 4  <0.8038987906729289>}
x[6,3]{1  <1.0>}
x[6,4]{5  <1.0>}
x[6,5]{0  <0.4561549877126104>, 4  <0.5438450122873897>}
x[6,6]{2  <1.0>}
x[6,7]{3  <1.0>}
x[7,0]{3  <1.0>}
x[7,1]{2  <0.04963155891355254>, 6  <0.9503684410864475>}
x[7,2]{5  <0.02286483536821978>, 6  <0.09120433820011034>, 2  <0.8859308264316698>}
x[7,3]{4  <1.0>}
x[7,4]{0  <1.0>}
x[7,5]{1  <1.0>}
x[7,6]{7  <1.0>}
x[7,7]{2  <0.02583712466503791>, 5  <0.974162875334962>}
problem entropy = 0.6327303552192765
smallest variable entropy = 0.11995948579243021
##### after BP iteration 3 #####
x[0,0]{4  <1.0>}
x[0,1]{1  <1.0>}
x[0,2]{5  <0.7609302516363556>, 6  <0.21576297311622739>, 2  <0.023306775247416988>}
x[0,3]{3  <1.0>}
x[0,4]{7  <1.0>}
x[0,5]{5  <0.43859956643113635>, 6  <0.5614004335688636>}
x[0,6]{0  <1.0>}
x[0,7]{5  <0.04740412598917043>, 2  <0.9525958740108296>}
x[1,0]{5  <1.0>}
x[1,1]{4  <1.0>}
x[1,2]{7  <1.0>}
x[1,3]{2  <1.0>}
x[1,4]{1  <1.0>}
x[1,5]{3  <1.0>}
x[1,6]{6  <1.0>}
x[1,7]{0  <1.0>}
x[2,0]{0  <1.0>}
x[2,1]{5  <1.0>}
x[2,2]{1  <1.0>}
x[2,3]{7  <1.0>}
x[2,4]{4  <1.0>}
x[2,5]{2  <1.0>}
x[2,6]{3  <1.0>}
x[2,7]{6  <1.0>}
x[3,0]{1  <1.0>}
x[3,1]{0  <1.0>}
x[3,2]{3  <1.0>}
x[3,3]{6  <1.0>}
x[3,4]{2  <1.0>}
x[3,5]{7  <1.0>}
x[3,6]{5  <1.0>}
x[3,7]{4  <1.0>}
x[4,0]{2  <1.0>}
x[4,1]{3  <1.0>}
x[4,2]{0  <0.7821621199401751>, 4  <0.21783788005982482>}
x[4,3]{5  <1.0>}
x[4,4]{6  <1.0>}
x[4,5]{0  <0.5268804909066838>, 4  <0.4731195090933163>}
x[4,6]{1  <1.0>}
x[4,7]{7  <1.0>}
x[5,0]{7  <1.0>}
x[5,1]{2  <0.9242669344030257>, 6  <0.07573306559697435>}
x[5,2]{5  <0.4018189324434757>, 6  <0.5099079217791859>, 2  <0.08827314577733847>}
x[5,3]{0  <1.0>}
x[5,4]{3  <1.0>}
x[5,5]{6  <0.24950110456446703>, 5  <0.7504988954355329>}
x[5,6]{4  <1.0>}
x[5,7]{1  <1.0>}
x[6,0]{6  <1.0>}
x[6,1]{7  <1.0>}
x[6,2]{0  <0.5291631934319242>, 4  <0.4708368065680757>}
x[6,3]{1  <1.0>}
x[6,4]{5  <1.0>}
x[6,5]{0  <0.8497012699778084>, 4  <0.1502987300221917>}
x[6,6]{2  <1.0>}
x[6,7]{3  <1.0>}
x[7,0]{3  <1.0>}
x[7,1]{2  <0.11315335392971966>, 6  <0.8868466460702803>}
x[7,2]{5  <0.022147498934423037>, 6  <0.047679362401019436>, 2  <0.9301731386645574>}
x[7,3]{4  <1.0>}
x[7,4]{0  <1.0>}
x[7,5]{1  <1.0>}
x[7,6]{7  <1.0>}
x[7,7]{2  <0.031818201366964574>, 5  <0.9681817986330354>}
problem entropy = 0.6321768684962884
smallest variable entropy = 0.14100669339394029
##### after BP iteration 4 #####
x[0,0]{4  <1.0>}
x[0,1]{1  <1.0>}
x[0,2]{5  <0.5297296001402277>, 6  <0.45108784665190427>, 2  <0.019182553207867863>}
x[0,3]{3  <1.0>}
x[0,4]{7  <1.0>}
x[0,5]{5  <0.2774396698485393>, 6  <0.7225603301514608>}
x[0,6]{0  <1.0>}
x[0,7]{5  <0.02026895767573927>, 2  <0.9797310423242608>}
x[1,0]{5  <1.0>}
x[1,1]{4  <1.0>}
x[1,2]{7  <1.0>}
x[1,3]{2  <1.0>}
x[1,4]{1  <1.0>}
x[1,5]{3  <1.0>}
x[1,6]{6  <1.0>}
x[1,7]{0  <1.0>}
x[2,0]{0  <1.0>}
x[2,1]{5  <1.0>}
x[2,2]{1  <1.0>}
x[2,3]{7  <1.0>}
x[2,4]{4  <1.0>}
x[2,5]{2  <1.0>}
x[2,6]{3  <1.0>}
x[2,7]{6  <1.0>}
x[3,0]{1  <1.0>}
x[3,1]{0  <1.0>}
x[3,2]{3  <1.0>}
x[3,3]{6  <1.0>}
x[3,4]{2  <1.0>}
x[3,5]{7  <1.0>}
x[3,6]{5  <1.0>}
x[3,7]{4  <1.0>}
x[4,0]{2  <1.0>}
x[4,1]{3  <1.0>}
x[4,2]{0  <0.4561549877126104>, 4  <0.5438450122873896>}
x[4,3]{5  <1.0>}
x[4,4]{6  <1.0>}
x[4,5]{0  <0.19610120932707123>, 4  <0.8038987906729289>}
x[4,6]{1  <1.0>}
x[4,7]{7  <1.0>}
x[5,0]{7  <1.0>}
x[5,1]{2  <0.9226625140272171>, 6  <0.07733748597278288>}
x[5,2]{5  <0.21184024408517763>, 6  <0.7413204987431259>, 2  <0.04683925717169662>}
x[5,3]{0  <1.0>}
x[5,4]{3  <1.0>}
x[5,5]{6  <0.4233616890862287>, 5  <0.5766383109137714>}
x[5,6]{4  <1.0>}
x[5,7]{1  <1.0>}
x[6,0]{6  <1.0>}
x[6,1]{7  <1.0>}
x[6,2]{0  <0.16801957373597867>, 4  <0.8319804262640214>}
x[6,3]{1  <1.0>}
x[6,4]{5  <1.0>}
x[6,5]{0  <0.487857539395155>, 4  <0.512142460604845>}
x[6,6]{2  <1.0>}
x[6,7]{3  <1.0>}
x[7,0]{3  <1.0>}
x[7,1]{2  <0.07209810910396354>, 6  <0.9279018908960364>}
x[7,2]{5  <0.025951157216159246>, 6  <0.1281145602254661>, 2  <0.8459342825583747>}
x[7,3]{4  <1.0>}
x[7,4]{0  <1.0>}
x[7,5]{1  <1.0>}
x[7,6]{7  <1.0>}
x[7,7]{2  <0.038916860901581786>, 5  <0.9610831390984182>}
problem entropy = 0.6255055241667762
smallest variable entropy = 0.09908401090764728
##### after BP iteration 5 #####
x[0,0]{4  <1.0>}
x[0,1]{1  <1.0>}
x[0,2]{5  <0.7078219662804953>, 6  <0.26381802942340427>, 2  <0.028360004296100416>}
x[0,3]{3  <1.0>}
x[0,4]{7  <1.0>}
x[0,5]{5  <0.4371197586347629>, 6  <0.5628802413652373>}
x[0,6]{0  <1.0>}
x[0,7]{5  <0.018170890233342684>, 2  <0.9818291097666573>}
x[1,0]{5  <1.0>}
x[1,1]{4  <1.0>}
x[1,2]{7  <1.0>}
x[1,3]{2  <1.0>}
x[1,4]{1  <1.0>}
x[1,5]{3  <1.0>}
x[1,6]{6  <1.0>}
x[1,7]{0  <1.0>}
x[2,0]{0  <1.0>}
x[2,1]{5  <1.0>}
x[2,2]{1  <1.0>}
x[2,3]{7  <1.0>}
x[2,4]{4  <1.0>}
x[2,5]{2  <1.0>}
x[2,6]{3  <1.0>}
x[2,7]{6  <1.0>}
x[3,0]{1  <1.0>}
x[3,1]{0  <1.0>}
x[3,2]{3  <1.0>}
x[3,3]{6  <1.0>}
x[3,4]{2  <1.0>}
x[3,5]{7  <1.0>}
x[3,6]{5  <1.0>}
x[3,7]{4  <1.0>}
x[4,0]{2  <1.0>}
x[4,1]{3  <1.0>}
x[4,2]{0  <0.8497012699778083>, 4  <0.15029873002219177>}
x[4,3]{5  <1.0>}
x[4,4]{6  <1.0>}
x[4,5]{0  <0.5291631934319242>, 4  <0.4708368065680758>}
x[4,6]{1  <1.0>}
x[4,7]{7  <1.0>}
x[5,0]{7  <1.0>}
x[5,1]{2  <0.9607599069014737>, 6  <0.039240093098526295>}
x[5,2]{5  <0.44812411040351924>, 6  <0.47317245501855293>, 2  <0.07870343457792787>}
x[5,3]{0  <1.0>}
x[5,4]{3  <1.0>}
x[5,5]{6  <0.23462884347443833>, 5  <0.7653711565255618>}
x[5,6]{4  <1.0>}
x[5,7]{1  <1.0>}
x[6,0]{6  <1.0>}
x[6,1]{7  <1.0>}
x[6,2]{0  <0.5268804909066835>, 4  <0.47311950909331635>}
x[6,3]{1  <1.0>}
x[6,4]{5  <1.0>}
x[6,5]{0  <0.782162119940175>, 4  <0.21783788005982488>}
x[6,6]{2  <1.0>}
x[6,7]{3  <1.0>}
x[7,0]{3  <1.0>}
x[7,1]{2  <0.08738305901281798>, 6  <0.9126169409871819>}
x[7,2]{5  <0.03977781851242379>, 6  <0.062103536078092575>, 2  <0.8981186454094836>}
x[7,3]{4  <1.0>}
x[7,4]{0  <1.0>}
x[7,5]{1  <1.0>}
x[7,6]{7  <1.0>}
x[7,7]{2  <0.016981045333029028>, 5  <0.983018954666971>}
problem entropy = 0.6066574992940392
smallest variable entropy = 0.0860449696890955
##### after BP iteration 6 #####
x[0,0]{4  <1.0>}
x[0,1]{1  <1.0>}
x[0,2]{5  <0.5334879312490131>, 6  <0.4400531119496166>, 2  <0.026458956801370292>}
x[0,3]{3  <1.0>}
x[0,4]{7  <1.0>}
x[0,5]{5  <0.22268160500338333>, 6  <0.7773183949966167>}
x[0,6]{0  <1.0>}
x[0,7]{5  <0.021764136037233886>, 2  <0.9782358639627662>}
x[1,0]{5  <1.0>}
x[1,1]{4  <1.0>}
x[1,2]{7  <1.0>}
x[1,3]{2  <1.0>}
x[1,4]{1  <1.0>}
x[1,5]{3  <1.0>}
x[1,6]{6  <1.0>}
x[1,7]{0  <1.0>}
x[2,0]{0  <1.0>}
x[2,1]{5  <1.0>}
x[2,2]{1  <1.0>}
x[2,3]{7  <1.0>}
x[2,4]{4  <1.0>}
x[2,5]{2  <1.0>}
x[2,6]{3  <1.0>}
x[2,7]{6  <1.0>}
x[3,0]{1  <1.0>}
x[3,1]{0  <1.0>}
x[3,2]{3  <1.0>}
x[3,3]{6  <1.0>}
x[3,4]{2  <1.0>}
x[3,5]{7  <1.0>}
x[3,6]{5  <1.0>}
x[3,7]{4  <1.0>}
x[4,0]{2  <1.0>}
x[4,1]{3  <1.0>}
x[4,2]{0  <0.48785753939515514>, 4  <0.5121424606048449>}
x[4,3]{5  <1.0>}
x[4,4]{6  <1.0>}
x[4,5]{0  <0.16801957373597873>, 4  <0.8319804262640212>}
x[4,6]{1  <1.0>}
x[4,7]{7  <1.0>}
x[5,0]{7  <1.0>}
x[5,1]{2  <0.8978117760890513>, 6  <0.10218822391094877>}
x[5,2]{5  <0.29549754020792013>, 6  <0.6377908145125699>, 2  <0.06671164527951003>}
x[5,3]{0  <1.0>}
x[5,4]{3  <1.0>}
x[5,5]{6  <0.4699043103389721>, 5  <0.5300956896610278>}
x[5,6]{4  <1.0>}
x[5,7]{1  <1.0>}
x[6,0]{6  <1.0>}
x[6,1]{7  <1.0>}
x[6,2]{0  <0.19610120932707117>, 4  <0.8038987906729288>}
x[6,3]{1  <1.0>}
x[6,4]{5  <1.0>}
x[6,5]{0  <0.4561549877126106>, 4  <0.5438450122873895>}
x[6,6]{2  <1.0>}
x[6,7]{3  <1.0>}
x[7,0]{3  <1.0>}
x[7,1]{2  <0.03434752819096239>, 6  <0.9656524718090376>}
x[7,2]{5  <0.016171514742195272>, 6  <0.06402122525560337>, 2  <0.9198072600022014>}
x[7,3]{4  <1.0>}
x[7,4]{0  <1.0>}
x[7,5]{1  <1.0>}
x[7,6]{7  <1.0>}
x[7,7]{2  <0.018768203152074982>, 5  <0.981231796847925>}
problem entropy = 0.6051273656179792
smallest variable entropy = 0.09320567072592104
##### after BP iteration 7 #####
x[0,0]{4  <1.0>}
x[0,1]{1  <1.0>}
x[0,2]{5  <0.729350246507143>, 6  <0.2526604280504106>, 2  <0.01798932544244636>}
x[0,3]{3  <1.0>}
x[0,4]{7  <1.0>}
x[0,5]{5  <0.4744871007239745>, 6  <0.5255128992760256>}
x[0,6]{0  <1.0>}
x[0,7]{5  <0.03331531217986468>, 2  <0.9666846878201353>}
x[1,0]{5  <1.0>}
x[1,1]{4  <1.0>}
x[1,2]{7  <1.0>}
x[1,3]{2  <1.0>}
x[1,4]{1  <1.0>}
x[1,5]{3  <1.0>}
x[1,6]{6  <1.0>}
x[1,7]{0  <1.0>}
x[2,0]{0  <1.0>}
x[2,1]{5  <1.0>}
x[2,2]{1  <1.0>}
x[2,3]{7  <1.0>}
x[2,4]{4  <1.0>}
x[2,5]{2  <1.0>}
x[2,6]{3  <1.0>}
x[2,7]{6  <1.0>}
x[3,0]{1  <1.0>}
x[3,1]{0  <1.0>}
x[3,2]{3  <1.0>}
x[3,3]{6  <1.0>}
x[3,4]{2  <1.0>}
x[3,5]{7  <1.0>}
x[3,6]{5  <1.0>}
x[3,7]{4  <1.0>}
x[4,0]{2  <1.0>}
x[4,1]{3  <1.0>}
x[4,2]{0  <0.782162119940175>, 4  <0.2178378800598249>}
x[4,3]{5  <1.0>}
x[4,4]{6  <1.0>}
x[4,5]{0  <0.5268804909066835>, 4  <0.47311950909331646>}
x[4,6]{1  <1.0>}
x[4,7]{7  <1.0>}
x[5,0]{7  <1.0>}
x[5,1]{2  <0.9489526391799087>, 6  <0.05104736082009134>}
x[5,2]{5  <0.45230157825291006>, 6  <0.4877551562258214>, 2  <0.05994326552126852>}
x[5,3]{0  <1.0>}
x[5,4]{3  <1.0>}
x[5,5]{6  <0.27302967034317877>, 5  <0.7269703296568212>}
x[5,6]{4  <1.0>}
x[5,7]{1  <1.0>}
x[6,0]{6  <1.0>}
x[6,1]{7  <1.0>}
x[6,2]{0  <0.5291631934319243>, 4  <0.4708368065680758>}
x[6,3]{1  <1.0>}
x[6,4]{5  <1.0>}
x[6,5]{0  <0.8497012699778084>, 4  <0.15029873002219168>}
x[6,6]{2  <1.0>}
x[6,7]{3  <1.0>}
x[7,0]{3  <1.0>}
x[7,1]{2  <0.07528454458035908>, 6  <0.9247154554196408>}
x[7,2]{5  <0.01614306851415228>, 6  <0.03177437936725323>, 2  <0.9520825521185946>}
x[7,3]{4  <1.0>}
x[7,4]{0  <1.0>}
x[7,5]{1  <1.0>}
x[7,6]{7  <1.0>}
x[7,7]{2  <0.021241461113843084>, 5  <0.9787585388861569>}
problem entropy = 0.6026942279226606
smallest variable entropy = 0.10283211290733023
##### after BP iteration 8 #####
x[0,0]{4  <1.0>}
x[0,1]{1  <1.0>}
x[0,2]{5  <0.49216300478236585>, 6  <0.49424693060285396>, 2  <0.013590064614780115>}
x[0,3]{3  <1.0>}
x[0,4]{7  <1.0>}
x[0,5]{5  <0.30610296860868724>, 6  <0.6938970313913128>}
x[0,6]{0  <1.0>}
x[0,7]{5  <0.014207843888944876>, 2  <0.9857921561110551>}
x[1,0]{5  <1.0>}
x[1,1]{4  <1.0>}
x[1,2]{7  <1.0>}
x[1,3]{2  <1.0>}
x[1,4]{1  <1.0>}
x[1,5]{3  <1.0>}
x[1,6]{6  <1.0>}
x[1,7]{0  <1.0>}
x[2,0]{0  <1.0>}
x[2,1]{5  <1.0>}
x[2,2]{1  <1.0>}
x[2,3]{7  <1.0>}
x[2,4]{4  <1.0>}
x[2,5]{2  <1.0>}
x[2,6]{3  <1.0>}
x[2,7]{6  <1.0>}
x[3,0]{1  <1.0>}
x[3,1]{0  <1.0>}
x[3,2]{3  <1.0>}
x[3,3]{6  <1.0>}
x[3,4]{2  <1.0>}
x[3,5]{7  <1.0>}
x[3,6]{5  <1.0>}
x[3,7]{4  <1.0>}
x[4,0]{2  <1.0>}
x[4,1]{3  <1.0>}
x[4,2]{0  <0.45615498771261054>, 4  <0.5438450122873895>}
x[4,3]{5  <1.0>}
x[4,4]{6  <1.0>}
x[4,5]{0  <0.19610120932707115>, 4  <0.8038987906729288>}
x[4,6]{1  <1.0>}
x[4,7]{7  <1.0>}
x[5,0]{7  <1.0>}
x[5,1]{2  <0.9472649395517747>, 6  <0.052735060448225304>}
x[5,2]{5  <0.24654373709009314>, 6  <0.7213850924410918>, 2  <0.03207117046881495>}
x[5,3]{0  <1.0>}
x[5,4]{3  <1.0>}
x[5,5]{6  <0.46809927955463143>, 5  <0.5319007204453685>}
x[5,6]{4  <1.0>}
x[5,7]{1  <1.0>}
x[6,0]{6  <1.0>}
x[6,1]{7  <1.0>}
x[6,2]{0  <0.16801957373597873>, 4  <0.8319804262640214>}
x[6,3]{1  <1.0>}
x[6,4]{5  <1.0>}
x[6,5]{0  <0.48785753939515514>, 4  <0.5121424606048449>}
x[6,6]{2  <1.0>}
x[6,7]{3  <1.0>}
x[7,0]{3  <1.0>}
x[7,1]{2  <0.04699156171324745>, 6  <0.9530084382867525>}
x[7,2]{5  <0.019095980142019554>, 6  <0.08476001499082944>, 2  <0.8961440048671511>}
x[7,3]{4  <1.0>}
x[7,4]{0  <1.0>}
x[7,5]{1  <1.0>}
x[7,6]{7  <1.0>}
x[7,7]{2  <0.02792019429941304>, 5  <0.972079805700587>}
problem entropy = 0.5980965596054583
smallest variable entropy = 0.07454604598319377
##### after BP iteration 9 #####
x[0,0]{4  <1.0>}
x[0,1]{1  <1.0>}
x[0,2]{5  <0.6876660762199187>, 6  <0.29303387427079164>, 2  <0.01930004950928964>}
x[0,3]{3  <1.0>}
x[0,4]{7  <1.0>}
x[0,5]{5  <0.4890857428904495>, 6  <0.5109142571095505>}
x[0,6]{0  <1.0>}
x[0,7]{5  <0.013502038296086741>, 2  <0.9864979617039132>}
x[1,0]{5  <1.0>}
x[1,1]{4  <1.0>}
x[1,2]{7  <1.0>}
x[1,3]{2  <1.0>}
x[1,4]{1  <1.0>}
x[1,5]{3  <1.0>}
x[1,6]{6  <1.0>}
x[1,7]{0  <1.0>}
x[2,0]{0  <1.0>}
x[2,1]{5  <1.0>}
x[2,2]{1  <1.0>}
x[2,3]{7  <1.0>}
x[2,4]{4  <1.0>}
x[2,5]{2  <1.0>}
x[2,6]{3  <1.0>}
x[2,7]{6  <1.0>}
x[3,0]{1  <1.0>}
x[3,1]{0  <1.0>}
x[3,2]{3  <1.0>}
x[3,3]{6  <1.0>}
x[3,4]{2  <1.0>}
x[3,5]{7  <1.0>}
x[3,6]{5  <1.0>}
x[3,7]{4  <1.0>}
x[4,0]{2  <1.0>}
x[4,1]{3  <1.0>}
x[4,2]{0  <0.8497012699778083>, 4  <0.1502987300221917>}
x[4,3]{5  <1.0>}
x[4,4]{6  <1.0>}
x[4,5]{0  <0.5291631934319242>, 4  <0.4708368065680757>}
x[4,6]{1  <1.0>}
x[4,7]{7  <1.0>}
x[5,0]{7  <1.0>}
x[5,1]{2  <0.9745022652574045>, 6  <0.02549773474259559>}
x[5,2]{5  <0.49257455707785874>, 6  <0.45722594066223265>, 2  <0.050199502259908636>}
x[5,3]{0  <1.0>}
x[5,4]{3  <1.0>}
x[5,5]{6  <0.2759376362311958>, 5  <0.7240623637688043>}
x[5,6]{4  <1.0>}
x[5,7]{1  <1.0>}
x[6,0]{6  <1.0>}
x[6,1]{7  <1.0>}
x[6,2]{0  <0.5268804909066834>, 4  <0.4731195090933166>}
x[6,3]{1  <1.0>}
x[6,4]{5  <1.0>}
x[6,5]{0  <0.782162119940175>, 4  <0.21783788005982488>}
x[6,6]{2  <1.0>}
x[6,7]{3  <1.0>}
x[7,0]{3  <1.0>}
x[7,1]{2  <0.059213477756573485>, 6  <0.9407865222434265>}
x[7,2]{5  <0.027955207282625193>, 6  <0.04095661558610588>, 2  <0.9310881771312689>}
x[7,3]{4  <1.0>}
x[7,4]{0  <1.0>}
x[7,5]{1  <1.0>}
x[7,6]{7  <1.0>}
x[7,7]{2  <0.012993137365467531>, 5  <0.9870068626345324>}
problem entropy = 0.5840220203949769
smallest variable entropy = 0.06934189328807086
##### after BP iteration 10 #####
x[0,0]{4  <1.0>}
x[0,1]{1  <1.0>}
x[0,2]{5  <0.4909011150270512>, 6  <0.49081576069862065>, 2  <0.018283124274328096>}
x[0,3]{3  <1.0>}
x[0,4]{7  <1.0>}
x[0,5]{5  <0.26354693754859493>, 6  <0.7364530624514051>}
x[0,6]{0  <1.0>}
x[0,7]{5  <0.015652295015723232>, 2  <0.9843477049842767>}
x[1,0]{5  <1.0>}
x[1,1]{4  <1.0>}
x[1,2]{7  <1.0>}
x[1,3]{2  <1.0>}
x[1,4]{1  <1.0>}
x[1,5]{3  <1.0>}
x[1,6]{6  <1.0>}
x[1,7]{0  <1.0>}
x[2,0]{0  <1.0>}
x[2,1]{5  <1.0>}
x[2,2]{1  <1.0>}
x[2,3]{7  <1.0>}
x[2,4]{4  <1.0>}
x[2,5]{2  <1.0>}
x[2,6]{3  <1.0>}
x[2,7]{6  <1.0>}
x[3,0]{1  <1.0>}
x[3,1]{0  <1.0>}
x[3,2]{3  <1.0>}
x[3,3]{6  <1.0>}
x[3,4]{2  <1.0>}
x[3,5]{7  <1.0>}
x[3,6]{5  <1.0>}
x[3,7]{4  <1.0>}
x[4,0]{2  <1.0>}
x[4,1]{3  <1.0>}
x[4,2]{0  <0.4878575393951552>, 4  <0.5121424606048448>}
x[4,3]{5  <1.0>}
x[4,4]{6  <1.0>}
x[4,5]{0  <0.16801957373597873>, 4  <0.8319804262640212>}
x[4,6]{1  <1.0>}
x[4,7]{7  <1.0>}
x[5,0]{7  <1.0>}
x[5,1]{2  <0.9346648675179609>, 6  <0.06533513248203919>}
x[5,2]{5  <0.3295293662567113>, 6  <0.6275677665651062>, 2  <0.042902867178182535>}
x[5,3]{0  <1.0>}
x[5,4]{3  <1.0>}
x[5,5]{6  <0.519500811223346>, 5  <0.48049918877665393>}
x[5,6]{4  <1.0>}
x[5,7]{1  <1.0>}
x[6,0]{6  <1.0>}
x[6,1]{7  <1.0>}
x[6,2]{0  <0.19610120932707106>, 4  <0.8038987906729289>}
x[6,3]{1  <1.0>}
x[6,4]{5  <1.0>}
x[6,5]{0  <0.4561549877126105>, 4  <0.5438450122873896>}
x[6,6]{2  <1.0>}
x[6,7]{3  <1.0>}
x[7,0]{3  <1.0>}
x[7,1]{2  <0.022470781539475126>, 6  <0.9775292184605249>}
x[7,2]{5  <0.011394967809846869>, 6  <0.04248354495109216>, 2  <0.9461214872390609>}
x[7,3]{4  <1.0>}
x[7,4]{0  <1.0>}
x[7,5]{1  <1.0>}
x[7,6]{7  <1.0>}
x[7,7]{2  <0.013596949797167024>, 5  <0.9864030502028329>}
problem entropy = 0.5812646668684704
smallest variable entropy = 0.07194255310406221
### branching on x[7,7]=5 marginal=0.9864030502028329
### branching on x[7,1]=6 marginal=0.9775292184605249
##### after BP iteration 1 #####
x[0,0]{4  <1.0>}
x[0,1]{1  <1.0>}
x[0,2]{5  <0.6922271116163757>, 6  <0.30777288838362427>}
x[0,3]{3  <1.0>}
x[0,4]{7  <1.0>}
x[0,5]{5  <0.5303458849568222>, 6  <0.4696541150431778>}
x[0,6]{0  <1.0>}
x[0,7]{2  <1.0>}
x[1,0]{5  <1.0>}
x[1,1]{4  <1.0>}
x[1,2]{7  <1.0>}
x[1,3]{2  <1.0>}
x[1,4]{1  <1.0>}
x[1,5]{3  <1.0>}
x[1,6]{6  <1.0>}
x[1,7]{0  <1.0>}
x[2,0]{0  <1.0>}
x[2,1]{5  <1.0>}
x[2,2]{1  <1.0>}
x[2,3]{7  <1.0>}
x[2,4]{4  <1.0>}
x[2,5]{2  <1.0>}
x[2,6]{3  <1.0>}
x[2,7]{6  <1.0>}
x[3,0]{1  <1.0>}
x[3,1]{0  <1.0>}
x[3,2]{3  <1.0>}
x[3,3]{6  <1.0>}
x[3,4]{2  <1.0>}
x[3,5]{7  <1.0>}
x[3,6]{5  <1.0>}
x[3,7]{4  <1.0>}
x[4,0]{2  <1.0>}
x[4,1]{3  <1.0>}
x[4,2]{0  <0.782162119940175>, 4  <0.2178378800598249>}
x[4,3]{5  <1.0>}
x[4,4]{6  <1.0>}
x[4,5]{0  <0.5268804909066833>, 4  <0.47311950909331674>}
x[4,6]{1  <1.0>}
x[4,7]{7  <1.0>}
x[5,0]{7  <1.0>}
x[5,1]{2  <1.0>}
x[5,2]{5  <0.5275936142443641>, 6  <0.4724063857556358>}
x[5,3]{0  <1.0>}
x[5,4]{3  <1.0>}
x[5,5]{6  <0.33024048930965816>, 5  <0.6697595106903418>}
x[5,6]{4  <1.0>}
x[5,7]{1  <1.0>}
x[6,0]{6  <1.0>}
x[6,1]{7  <1.0>}
x[6,2]{0  <0.5291631934319242>, 4  <0.4708368065680757>}
x[6,3]{1  <1.0>}
x[6,4]{5  <1.0>}
x[6,5]{0  <0.8497012699778083>, 4  <0.15029873002219168>}
x[6,6]{2  <1.0>}
x[6,7]{3  <1.0>}
x[7,0]{3  <1.0>}
x[7,1]{6  <1.0>}
x[7,2]{2  <1.0>}
x[7,3]{4  <1.0>}
x[7,4]{0  <1.0>}
x[7,5]{1  <1.0>}
x[7,6]{7  <1.0>}
x[7,7]{5  <1.0>}
problem entropy = 0.895393367277852
smallest variable entropy = 0.42322691544956614
##### after BP iteration 2 #####
x[0,0]{4  <1.0>}
x[0,1]{1  <1.0>}
x[0,2]{5  <0.4422110244540251>, 6  <0.5577889755459748>}
x[0,3]{3  <1.0>}
x[0,4]{7  <1.0>}
x[0,5]{5  <0.379885203336898>, 6  <0.620114796663102>}
x[0,6]{0  <1.0>}
x[0,7]{2  <1.0>}
x[1,0]{5  <1.0>}
x[1,1]{4  <1.0>}
x[1,2]{7  <1.0>}
x[1,3]{2  <1.0>}
x[1,4]{1  <1.0>}
x[1,5]{3  <1.0>}
x[1,6]{6  <1.0>}
x[1,7]{0  <1.0>}
x[2,0]{0  <1.0>}
x[2,1]{5  <1.0>}
x[2,2]{1  <1.0>}
x[2,3]{7  <1.0>}
x[2,4]{4  <1.0>}
x[2,5]{2  <1.0>}
x[2,6]{3  <1.0>}
x[2,7]{6  <1.0>}
x[3,0]{1  <1.0>}
x[3,1]{0  <1.0>}
x[3,2]{3  <1.0>}
x[3,3]{6  <1.0>}
x[3,4]{2  <1.0>}
x[3,5]{7  <1.0>}
x[3,6]{5  <1.0>}
x[3,7]{4  <1.0>}
x[4,0]{2  <1.0>}
x[4,1]{3  <1.0>}
x[4,2]{0  <0.4561549877126106>, 4  <0.5438450122873895>}
x[4,3]{5  <1.0>}
x[4,4]{6  <1.0>}
x[4,5]{0  <0.19610120932707106>, 4  <0.8038987906729289>}
x[4,6]{1  <1.0>}
x[4,7]{7  <1.0>}
x[5,0]{7  <1.0>}
x[5,1]{2  <1.0>}
x[5,2]{5  <0.29453416430566204>, 6  <0.7054658356943381>}
x[5,3]{0  <1.0>}
x[5,4]{3  <1.0>}
x[5,5]{6  <0.5384183234354926>, 5  <0.4615816765645073>}
x[5,6]{4  <1.0>}
x[5,7]{1  <1.0>}
x[6,0]{6  <1.0>}
x[6,1]{7  <1.0>}
x[6,2]{0  <0.16801957373597876>, 4  <0.8319804262640212>}
x[6,3]{1  <1.0>}
x[6,4]{5  <1.0>}
x[6,5]{0  <0.48785753939515525>, 4  <0.5121424606048448>}
x[6,6]{2  <1.0>}
x[6,7]{3  <1.0>}
x[7,0]{3  <1.0>}
x[7,1]{6  <1.0>}
x[7,2]{2  <1.0>}
x[7,3]{4  <1.0>}
x[7,4]{0  <1.0>}
x[7,5]{1  <1.0>}
x[7,6]{7  <1.0>}
x[7,7]{5  <1.0>}
problem entropy = 0.8974729344096369
smallest variable entropy = 0.4527320537115327
##### after BP iteration 3 #####
x[0,0]{4  <1.0>}
x[0,1]{1  <1.0>}
x[0,2]{5  <0.6348190200559495>, 6  <0.3651809799440506>}
x[0,3]{3  <1.0>}
x[0,4]{7  <1.0>}
x[0,5]{5  <0.5657759226388467>, 6  <0.4342240773611534>}
x[0,6]{0  <1.0>}
x[0,7]{2  <1.0>}
x[1,0]{5  <1.0>}
x[1,1]{4  <1.0>}
x[1,2]{7  <1.0>}
x[1,3]{2  <1.0>}
x[1,4]{1  <1.0>}
x[1,5]{3  <1.0>}
x[1,6]{6  <1.0>}
x[1,7]{0  <1.0>}
x[2,0]{0  <1.0>}
x[2,1]{5  <1.0>}
x[2,2]{1  <1.0>}
x[2,3]{7  <1.0>}
x[2,4]{4  <1.0>}
x[2,5]{2  <1.0>}
x[2,6]{3  <1.0>}
x[2,7]{6  <1.0>}
x[3,0]{1  <1.0>}
x[3,1]{0  <1.0>}
x[3,2]{3  <1.0>}
x[3,3]{6  <1.0>}
x[3,4]{2  <1.0>}
x[3,5]{7  <1.0>}
x[3,6]{5  <1.0>}
x[3,7]{4  <1.0>}
x[4,0]{2  <1.0>}
x[4,1]{3  <1.0>}
x[4,2]{0  <0.8497012699778083>, 4  <0.15029873002219168>}
x[4,3]{5  <1.0>}
x[4,4]{6  <1.0>}
x[4,5]{0  <0.5291631934319243>, 4  <0.4708368065680757>}
x[4,6]{1  <1.0>}
x[4,7]{7  <1.0>}
x[5,0]{7  <1.0>}
x[5,1]{2  <1.0>}
x[5,2]{5  <0.5684876819847501>, 6  <0.4315123180152499>}
x[5,3]{0  <1.0>}
x[5,4]{3  <1.0>}
x[5,5]{6  <0.3415484762701152>, 5  <0.6584515237298849>}
x[5,6]{4  <1.0>}
x[5,7]{1  <1.0>}
x[6,0]{6  <1.0>}
x[6,1]{7  <1.0>}
x[6,2]{0  <0.5268804909066833>, 4  <0.4731195090933167>}
x[6,3]{1  <1.0>}
x[6,4]{5  <1.0>}
x[6,5]{0  <0.782162119940175>, 4  <0.2178378800598249>}
x[6,6]{2  <1.0>}
x[6,7]{3  <1.0>}
x[7,0]{3  <1.0>}
x[7,1]{6  <1.0>}
x[7,2]{2  <1.0>}
x[7,3]{4  <1.0>}
x[7,4]{0  <1.0>}
x[7,5]{1  <1.0>}
x[7,6]{7  <1.0>}
x[7,7]{5  <1.0>}
problem entropy = 0.9011677614482307
smallest variable entropy = 0.42322691544956614
##### after BP iteration 4 #####
x[0,0]{4  <1.0>}
x[0,1]{1  <1.0>}
x[0,2]{5  <0.42357186744390896>, 6  <0.576428132556091>}
x[0,3]{3  <1.0>}
x[0,4]{7  <1.0>}
x[0,5]{5  <0.3275443577431215>, 6  <0.6724556422568785>}
x[0,6]{0  <1.0>}
x[0,7]{2  <1.0>}
x[1,0]{5  <1.0>}
x[1,1]{4  <1.0>}
x[1,2]{7  <1.0>}
x[1,3]{2  <1.0>}
x[1,4]{1  <1.0>}
x[1,5]{3  <1.0>}
x[1,6]{6  <1.0>}
x[1,7]{0  <1.0>}
x[2,0]{0  <1.0>}
x[2,1]{5  <1.0>}
x[2,2]{1  <1.0>}
x[2,3]{7  <1.0>}
x[2,4]{4  <1.0>}
x[2,5]{2  <1.0>}
x[2,6]{3  <1.0>}
x[2,7]{6  <1.0>}
x[3,0]{1  <1.0>}
x[3,1]{0  <1.0>}
x[3,2]{3  <1.0>}
x[3,3]{6  <1.0>}
x[3,4]{2  <1.0>}
x[3,5]{7  <1.0>}
x[3,6]{5  <1.0>}
x[3,7]{4  <1.0>}
x[4,0]{2  <1.0>}
x[4,1]{3  <1.0>}
x[4,2]{0  <0.4878575393951552>, 4  <0.5121424606048448>}
x[4,3]{5  <1.0>}
x[4,4]{6  <1.0>}
x[4,5]{0  <0.16801957373597878>, 4  <0.8319804262640212>}
x[4,6]{1  <1.0>}
x[4,7]{7  <1.0>}
x[5,0]{7  <1.0>}
x[5,1]{2  <1.0>}
x[5,2]{5  <0.4168094469736597>, 6  <0.5831905530263404>}
x[5,3]{0  <1.0>}
x[5,4]{3  <1.0>}
x[5,5]{6  <0.5954023289529149>, 5  <0.40459767104708505>}
x[5,6]{4  <1.0>}
x[5,7]{1  <1.0>}
x[6,0]{6  <1.0>}
x[6,1]{7  <1.0>}
x[6,2]{0  <0.1961012093270711>, 4  <0.8038987906729289>}
x[6,3]{1  <1.0>}
x[6,4]{5  <1.0>}
x[6,5]{0  <0.4561549877126104>, 4  <0.5438450122873896>}
x[6,6]{2  <1.0>}
x[6,7]{3  <1.0>}
x[7,0]{3  <1.0>}
x[7,1]{6  <1.0>}
x[7,2]{2  <1.0>}
x[7,3]{4  <1.0>}
x[7,4]{0  <1.0>}
x[7,5]{1  <1.0>}
x[7,6]{7  <1.0>}
x[7,7]{5  <1.0>}
problem entropy = 0.9012785388947863
smallest variable entropy = 0.4527320537115327
##### after BP iteration 5 #####
x[0,0]{4  <1.0>}
x[0,1]{1  <1.0>}
x[0,2]{5  <0.6229880851912974>, 6  <0.37701191480870255>}
x[0,3]{3  <1.0>}
x[0,4]{7  <1.0>}
x[0,5]{5  <0.6058340924970451>, 6  <0.39416590750295494>}
x[0,6]{0  <1.0>}
x[0,7]{2  <1.0>}
x[1,0]{5  <1.0>}
x[1,1]{4  <1.0>}
x[1,2]{7  <1.0>}
x[1,3]{2  <1.0>}
x[1,4]{1  <1.0>}
x[1,5]{3  <1.0>}
x[1,6]{6  <1.0>}
x[1,7]{0  <1.0>}
x[2,0]{0  <1.0>}
x[2,1]{5  <1.0>}
x[2,2]{1  <1.0>}
x[2,3]{7  <1.0>}
x[2,4]{4  <1.0>}
x[2,5]{2  <1.0>}
x[2,6]{3  <1.0>}
x[2,7]{6  <1.0>}
x[3,0]{1  <1.0>}
x[3,1]{0  <1.0>}
x[3,2]{3  <1.0>}
x[3,3]{6  <1.0>}
x[3,4]{2  <1.0>}
x[3,5]{7  <1.0>}
x[3,6]{5  <1.0>}
x[3,7]{4  <1.0>}
x[4,0]{2  <1.0>}
x[4,1]{3  <1.0>}
x[4,2]{0  <0.7821621199401751>, 4  <0.2178378800598249>}
x[4,3]{5  <1.0>}
x[4,4]{6  <1.0>}
x[4,5]{0  <0.5268804909066832>, 4  <0.47311950909331674>}
x[4,6]{1  <1.0>}
x[4,7]{7  <1.0>}
x[5,0]{7  <1.0>}
x[5,1]{2  <1.0>}
x[5,2]{5  <0.6031932105413966>, 6  <0.3968067894586034>}
x[5,3]{0  <1.0>}
x[5,4]{3  <1.0>}
x[5,5]{6  <0.40160159902174897>, 5  <0.598398400978251>}
x[5,6]{4  <1.0>}
x[5,7]{1  <1.0>}
x[6,0]{6  <1.0>}
x[6,1]{7  <1.0>}
x[6,2]{0  <0.5291631934319243>, 4  <0.4708368065680756>}
x[6,3]{1  <1.0>}
x[6,4]{5  <1.0>}
x[6,5]{0  <0.8497012699778083>, 4  <0.1502987300221917>}
x[6,6]{2  <1.0>}
x[6,7]{3  <1.0>}
x[7,0]{3  <1.0>}
x[7,1]{6  <1.0>}
x[7,2]{2  <1.0>}
x[7,3]{4  <1.0>}
x[7,4]{0  <1.0>}
x[7,5]{1  <1.0>}
x[7,6]{7  <1.0>}
x[7,7]{5  <1.0>}
problem entropy = 0.9033146726214257
smallest variable entropy = 0.4232269154495662
##### after BP iteration 6 #####
x[0,0]{4  <1.0>}
x[0,1]{1  <1.0>}
x[0,2]{5  <0.3680724700638413>, 6  <0.6319275299361586>}
x[0,3]{3  <1.0>}
x[0,4]{7  <1.0>}
x[0,5]{5  <0.4546910973321277>, 6  <0.5453089026678722>}
x[0,6]{0  <1.0>}
x[0,7]{2  <1.0>}
x[1,0]{5  <1.0>}
x[1,1]{4  <1.0>}
x[1,2]{7  <1.0>}
x[1,3]{2  <1.0>}
x[1,4]{1  <1.0>}
x[1,5]{3  <1.0>}
x[1,6]{6  <1.0>}
x[1,7]{0  <1.0>}
x[2,0]{0  <1.0>}
x[2,1]{5  <1.0>}
x[2,2]{1  <1.0>}
x[2,3]{7  <1.0>}
x[2,4]{4  <1.0>}
x[2,5]{2  <1.0>}
x[2,6]{3  <1.0>}
x[2,7]{6  <1.0>}
x[3,0]{1  <1.0>}
x[3,1]{0  <1.0>}
x[3,2]{3  <1.0>}
x[3,3]{6  <1.0>}
x[3,4]{2  <1.0>}
x[3,5]{7  <1.0>}
x[3,6]{5  <1.0>}
x[3,7]{4  <1.0>}
x[4,0]{2  <1.0>}
x[4,1]{3  <1.0>}
x[4,2]{0  <0.4561549877126105>, 4  <0.5438450122873896>}
x[4,3]{5  <1.0>}
x[4,4]{6  <1.0>}
x[4,5]{0  <0.19610120932707106>, 4  <0.8038987906729289>}
x[4,6]{1  <1.0>}
x[4,7]{7  <1.0>}
x[5,0]{7  <1.0>}
x[5,1]{2  <1.0>}
x[5,2]{5  <0.36235392034764635>, 6  <0.6376460796523535>}
x[5,3]{0  <1.0>}
x[5,4]{3  <1.0>}
x[5,5]{6  <0.6135544776833646>, 5  <0.38644552231663537>}
x[5,6]{4  <1.0>}
x[5,7]{1  <1.0>}
x[6,0]{6  <1.0>}
x[6,1]{7  <1.0>}
x[6,2]{0  <0.16801957373597878>, 4  <0.8319804262640212>}
x[6,3]{1  <1.0>}
x[6,4]{5  <1.0>}
x[6,5]{0  <0.48785753939515525>, 4  <0.5121424606048447>}
x[6,6]{2  <1.0>}
x[6,7]{3  <1.0>}
x[7,0]{3  <1.0>}
x[7,1]{6  <1.0>}
x[7,2]{2  <1.0>}
x[7,3]{4  <1.0>}
x[7,4]{0  <1.0>}
x[7,5]{1  <1.0>}
x[7,6]{7  <1.0>}
x[7,7]{5  <1.0>}
problem entropy = 0.9014465879683492
smallest variable entropy = 0.4527320537115327
##### after BP iteration 7 #####
x[0,0]{4  <1.0>}
x[0,1]{1  <1.0>}
x[0,2]{5  <0.5608581462517391>, 6  <0.43914185374826087>}
x[0,3]{3  <1.0>}
x[0,4]{7  <1.0>}
x[0,5]{5  <0.639441000613033>, 6  <0.36055899938696706>}
x[0,6]{0  <1.0>}
x[0,7]{2  <1.0>}
x[1,0]{5  <1.0>}
x[1,1]{4  <1.0>}
x[1,2]{7  <1.0>}
x[1,3]{2  <1.0>}
x[1,4]{1  <1.0>}
x[1,5]{3  <1.0>}
x[1,6]{6  <1.0>}
x[1,7]{0  <1.0>}
x[2,0]{0  <1.0>}
x[2,1]{5  <1.0>}
x[2,2]{1  <1.0>}
x[2,3]{7  <1.0>}
x[2,4]{4  <1.0>}
x[2,5]{2  <1.0>}
x[2,6]{3  <1.0>}
x[2,7]{6  <1.0>}
x[3,0]{1  <1.0>}
x[3,1]{0  <1.0>}
x[3,2]{3  <1.0>}
x[3,3]{6  <1.0>}
x[3,4]{2  <1.0>}
x[3,5]{7  <1.0>}
x[3,6]{5  <1.0>}
x[3,7]{4  <1.0>}
x[4,0]{2  <1.0>}
x[4,1]{3  <1.0>}
x[4,2]{0  <0.8497012699778083>, 4  <0.1502987300221917>}
x[4,3]{5  <1.0>}
x[4,4]{6  <1.0>}
x[4,5]{0  <0.5291631934319243>, 4  <0.4708368065680756>}
x[4,6]{1  <1.0>}
x[4,7]{7  <1.0>}
x[5,0]{7  <1.0>}
x[5,1]{2  <1.0>}
x[5,2]{5  <0.6419838264324699>, 6  <0.3580161735675301>}
x[5,3]{0  <1.0>}
x[5,4]{3  <1.0>}
x[5,5]{6  <0.41384326059238435>, 5  <0.5861567394076156>}
x[5,6]{4  <1.0>}
x[5,7]{1  <1.0>}
x[6,0]{6  <1.0>}
x[6,1]{7  <1.0>}
x[6,2]{0  <0.5268804909066831>, 4  <0.4731195090933168>}
x[6,3]{1  <1.0>}
x[6,4]{5  <1.0>}
x[6,5]{0  <0.782162119940175>, 4  <0.2178378800598249>}
x[6,6]{2  <1.0>}
x[6,7]{3  <1.0>}
x[7,0]{3  <1.0>}
x[7,1]{6  <1.0>}
x[7,2]{2  <1.0>}
x[7,3]{4  <1.0>}
x[7,4]{0  <1.0>}
x[7,5]{1  <1.0>}
x[7,6]{7  <1.0>}
x[7,7]{5  <1.0>}
problem entropy = 0.9017722022481541
smallest variable entropy = 0.4232269154495662
##### after BP iteration 8 #####
x[0,0]{4  <1.0>}
x[0,1]{1  <1.0>}
x[0,2]{5  <0.3505940930438984>, 6  <0.6494059069561016>}
x[0,3]{3  <1.0>}
x[0,4]{7  <1.0>}
x[0,5]{5  <0.3986696550032426>, 6  <0.6013303449967573>}
x[0,6]{0  <1.0>}
x[0,7]{2  <1.0>}
x[1,0]{5  <1.0>}
x[1,1]{4  <1.0>}
x[1,2]{7  <1.0>}
x[1,3]{2  <1.0>}
x[1,4]{1  <1.0>}
x[1,5]{3  <1.0>}
x[1,6]{6  <1.0>}
x[1,7]{0  <1.0>}
x[2,0]{0  <1.0>}
x[2,1]{5  <1.0>}
x[2,2]{1  <1.0>}
x[2,3]{7  <1.0>}
x[2,4]{4  <1.0>}
x[2,5]{2  <1.0>}
x[2,6]{3  <1.0>}
x[2,7]{6  <1.0>}
x[3,0]{1  <1.0>}
x[3,1]{0  <1.0>}
x[3,2]{3  <1.0>}
x[3,3]{6  <1.0>}
x[3,4]{2  <1.0>}
x[3,5]{7  <1.0>}
x[3,6]{5  <1.0>}
x[3,7]{4  <1.0>}
x[4,0]{2  <1.0>}
x[4,1]{3  <1.0>}
x[4,2]{0  <0.48785753939515525>, 4  <0.5121424606048448>}
x[4,3]{5  <1.0>}
x[4,4]{6  <1.0>}
x[4,5]{0  <0.16801957373597873>, 4  <0.8319804262640212>}
x[4,6]{1  <1.0>}
x[4,7]{7  <1.0>}
x[5,0]{7  <1.0>}
x[5,1]{2  <1.0>}
x[5,2]{5  <0.49310457051003326>, 6  <0.5068954294899667>}
x[5,3]{0  <1.0>}
x[5,4]{3  <1.0>}
x[5,5]{6  <0.6669995547426757>, 5  <0.33300044525732436>}
x[5,6]{4  <1.0>}
x[5,7]{1  <1.0>}
x[6,0]{6  <1.0>}
x[6,1]{7  <1.0>}
x[6,2]{0  <0.19610120932707106>, 4  <0.8038987906729289>}
x[6,3]{1  <1.0>}
x[6,4]{5  <1.0>}
x[6,5]{0  <0.45615498771261054>, 4  <0.5438450122873896>}
x[6,6]{2  <1.0>}
x[6,7]{3  <1.0>}
x[7,0]{3  <1.0>}
x[7,1]{6  <1.0>}
x[7,2]{2  <1.0>}
x[7,3]{4  <1.0>}
x[7,4]{0  <1.0>}
x[7,5]{1  <1.0>}
x[7,6]{7  <1.0>}
x[7,7]{5  <1.0>}
problem entropy = 0.8979783105262227
smallest variable entropy = 0.4527320537115327
##### after BP iteration 9 #####
x[0,0]{4  <1.0>}
x[0,1]{1  <1.0>}
x[0,2]{5  <0.5483358874786205>, 6  <0.4516641125213795>}
x[0,3]{3  <1.0>}
x[0,4]{7  <1.0>}
x[0,5]{5  <0.6765880349095998>, 6  <0.32341196509040016>}
x[0,6]{0  <1.0>}
x[0,7]{2  <1.0>}
x[1,0]{5  <1.0>}
x[1,1]{4  <1.0>}
x[1,2]{7  <1.0>}
x[1,3]{2  <1.0>}
x[1,4]{1  <1.0>}
x[1,5]{3  <1.0>}
x[1,6]{6  <1.0>}
x[1,7]{0  <1.0>}
x[2,0]{0  <1.0>}
x[2,1]{5  <1.0>}
x[2,2]{1  <1.0>}
x[2,3]{7  <1.0>}
x[2,4]{4  <1.0>}
x[2,5]{2  <1.0>}
x[2,6]{3  <1.0>}
x[2,7]{6  <1.0>}
x[3,0]{1  <1.0>}
x[3,1]{0  <1.0>}
x[3,2]{3  <1.0>}
x[3,3]{6  <1.0>}
x[3,4]{2  <1.0>}
x[3,5]{7  <1.0>}
x[3,6]{5  <1.0>}
x[3,7]{4  <1.0>}
x[4,0]{2  <1.0>}
x[4,1]{3  <1.0>}
x[4,2]{0  <0.7821621199401751>, 4  <0.21783788005982496>}
x[4,3]{5  <1.0>}
x[4,4]{6  <1.0>}
x[4,5]{0  <0.5268804909066832>, 4  <0.47311950909331685>}
x[4,6]{1  <1.0>}
x[4,7]{7  <1.0>}
x[5,0]{7  <1.0>}
x[5,1]{2  <1.0>}
x[5,2]{5  <0.6741662443988801>, 6  <0.3258337556011199>}
x[5,3]{0  <1.0>}
x[5,4]{3  <1.0>}
x[5,5]{6  <0.4773917155511083>, 5  <0.5226082844488916>}
x[5,6]{4  <1.0>}
x[5,7]{1  <1.0>}
x[6,0]{6  <1.0>}
x[6,1]{7  <1.0>}
x[6,2]{0  <0.5291631934319245>, 4  <0.4708368065680756>}
x[6,3]{1  <1.0>}
x[6,4]{5  <1.0>}
x[6,5]{0  <0.8497012699778083>, 4  <0.15029873002219168>}
x[6,6]{2  <1.0>}
x[6,7]{3  <1.0>}
x[7,0]{3  <1.0>}
x[7,1]{6  <1.0>}
x[7,2]{2  <1.0>}
x[7,3]{4  <1.0>}
x[7,4]{0  <1.0>}
x[7,5]{1  <1.0>}
x[7,6]{7  <1.0>}
x[7,7]{5  <1.0>}
problem entropy = 0.8965856355406988
smallest variable entropy = 0.42322691544956614
##### after BP iteration 10 #####
x[0,0]{4  <1.0>}
x[0,1]{1  <1.0>}
x[0,2]{5  <0.2996854364753384>, 6  <0.7003145635246615>}
x[0,3]{3  <1.0>}
x[0,4]{7  <1.0>}
x[0,5]{5  <0.5315996309757722>, 6  <0.4684003690242277>}
x[0,6]{0  <1.0>}
x[0,7]{2  <1.0>}
x[1,0]{5  <1.0>}
x[1,1]{4  <1.0>}
x[1,2]{7  <1.0>}
x[1,3]{2  <1.0>}
x[1,4]{1  <1.0>}
x[1,5]{3  <1.0>}
x[1,6]{6  <1.0>}
x[1,7]{0  <1.0>}
x[2,0]{0  <1.0>}
x[2,1]{5  <1.0>}
x[2,2]{1  <1.0>}
x[2,3]{7  <1.0>}
x[2,4]{4  <1.0>}
x[2,5]{2  <1.0>}
x[2,6]{3  <1.0>}
x[2,7]{6  <1.0>}
x[3,0]{1  <1.0>}
x[3,1]{0  <1.0>}
x[3,2]{3  <1.0>}
x[3,3]{6  <1.0>}
x[3,4]{2  <1.0>}
x[3,5]{7  <1.0>}
x[3,6]{5  <1.0>}
x[3,7]{4  <1.0>}
x[4,0]{2  <1.0>}
x[4,1]{3  <1.0>}
x[4,2]{0  <0.4561549877126105>, 4  <0.5438450122873896>}
x[4,3]{5  <1.0>}
x[4,4]{6  <1.0>}
x[4,5]{0  <0.19610120932707112>, 4  <0.8038987906729289>}
x[4,6]{1  <1.0>}
x[4,7]{7  <1.0>}
x[5,0]{7  <1.0>}
x[5,1]{2  <1.0>}
x[5,2]{5  <0.4361355930979507>, 6  <0.5638644069020493>}
x[5,3]{0  <1.0>}
x[5,4]{3  <1.0>}
x[5,5]{6  <0.6836462403261018>, 5  <0.31635375967389834>}
x[5,6]{4  <1.0>}
x[5,7]{1  <1.0>}
x[6,0]{6  <1.0>}
x[6,1]{7  <1.0>}
x[6,2]{0  <0.1680195737359788>, 4  <0.8319804262640212>}
x[6,3]{1  <1.0>}
x[6,4]{5  <1.0>}
x[6,5]{0  <0.4878575393951552>, 4  <0.5121424606048448>}
x[6,6]{2  <1.0>}
x[6,7]{3  <1.0>}
x[7,0]{3  <1.0>}
x[7,1]{6  <1.0>}
x[7,2]{2  <1.0>}
x[7,3]{4  <1.0>}
x[7,4]{0  <1.0>}
x[7,5]{1  <1.0>}
x[7,6]{7  <1.0>}
x[7,7]{5  <1.0>}
problem entropy = 0.8909788577912817
smallest variable entropy = 0.4527320537115327
### branching on x[6,2]=4 marginal=0.8319804262640212
##### after BP iteration 1 #####
x[0,0]{4  <1.0>}
x[0,1]{1  <1.0>}
x[0,2]{5  <0.4840914127773361>, 6  <0.5159085872226639>}
x[0,3]{3  <1.0>}
x[0,4]{7  <1.0>}
x[0,5]{5  <0.7070791373757876>, 6  <0.2929208626242124>}
x[0,6]{0  <1.0>}
x[0,7]{2  <1.0>}
x[1,0]{5  <1.0>}
x[1,1]{4  <1.0>}
x[1,2]{7  <1.0>}
x[1,3]{2  <1.0>}
x[1,4]{1  <1.0>}
x[1,5]{3  <1.0>}
x[1,6]{6  <1.0>}
x[1,7]{0  <1.0>}
x[2,0]{0  <1.0>}
x[2,1]{5  <1.0>}
x[2,2]{1  <1.0>}
x[2,3]{7  <1.0>}
x[2,4]{4  <1.0>}
x[2,5]{2  <1.0>}
x[2,6]{3  <1.0>}
x[2,7]{6  <1.0>}
x[3,0]{1  <1.0>}
x[3,1]{0  <1.0>}
x[3,2]{3  <1.0>}
x[3,3]{6  <1.0>}
x[3,4]{2  <1.0>}
x[3,5]{7  <1.0>}
x[3,6]{5  <1.0>}
x[3,7]{4  <1.0>}
x[4,0]{2  <1.0>}
x[4,1]{3  <1.0>}
x[4,2]{0  <1.0>}
x[4,3]{5  <1.0>}
x[4,4]{6  <1.0>}
x[4,5]{4  <1.0>}
x[4,6]{1  <1.0>}
x[4,7]{7  <1.0>}
x[5,0]{7  <1.0>}
x[5,1]{2  <1.0>}
x[5,2]{5  <0.7093617607681744>, 6  <0.2906382392318257>}
x[5,3]{0  <1.0>}
x[5,4]{3  <1.0>}
x[5,5]{6  <0.49005167232955194>, 5  <0.5099483276704481>}
x[5,6]{4  <1.0>}
x[5,7]{1  <1.0>}
x[6,0]{6  <1.0>}
x[6,1]{7  <1.0>}
x[6,2]{4  <1.0>}
x[6,3]{1  <1.0>}
x[6,4]{5  <1.0>}
x[6,5]{0  <1.0>}
x[6,6]{2  <1.0>}
x[6,7]{3  <1.0>}
x[7,0]{3  <1.0>}
x[7,1]{6  <1.0>}
x[7,2]{2  <1.0>}
x[7,3]{4  <1.0>}
x[7,4]{0  <1.0>}
x[7,5]{1  <1.0>}
x[7,6]{7  <1.0>}
x[7,7]{5  <1.0>}
problem entropy = 0.9352482032315687
smallest variable entropy = 0.6027221630556066
##### after BP iteration 2 #####
x[0,0]{4  <1.0>}
x[0,1]{1  <1.0>}
x[0,2]{5  <0.2839950664340934>, 6  <0.7160049335659066>}
x[0,3]{3  <1.0>}
x[0,4]{7  <1.0>}
x[0,5]{5  <0.47434506428975914>, 6  <0.5256549357102409>}
x[0,6]{0  <1.0>}
x[0,7]{2  <1.0>}
x[1,0]{5  <1.0>}
x[1,1]{4  <1.0>}
x[1,2]{7  <1.0>}
x[1,3]{2  <1.0>}
x[1,4]{1  <1.0>}
x[1,5]{3  <1.0>}
x[1,6]{6  <1.0>}
x[1,7]{0  <1.0>}
x[2,0]{0  <1.0>}
x[2,1]{5  <1.0>}
x[2,2]{1  <1.0>}
x[2,3]{7  <1.0>}
x[2,4]{4  <1.0>}
x[2,5]{2  <1.0>}
x[2,6]{3  <1.0>}
x[2,7]{6  <1.0>}
x[3,0]{1  <1.0>}
x[3,1]{0  <1.0>}
x[3,2]{3  <1.0>}
x[3,3]{6  <1.0>}
x[3,4]{2  <1.0>}
x[3,5]{7  <1.0>}
x[3,6]{5  <1.0>}
x[3,7]{4  <1.0>}
x[4,0]{2  <1.0>}
x[4,1]{3  <1.0>}
x[4,2]{0  <1.0>}
x[4,3]{5  <1.0>}
x[4,4]{6  <1.0>}
x[4,5]{4  <1.0>}
x[4,6]{1  <1.0>}
x[4,7]{7  <1.0>}
x[5,0]{7  <1.0>}
x[5,1]{2  <1.0>}
x[5,2]{5  <0.5697222161601609>, 6  <0.43027778383983917>}
x[5,3]{0  <1.0>}
x[5,4]{3  <1.0>}
x[5,5]{6  <0.7316375818173313>, 5  <0.2683624181826688>}
x[5,6]{4  <1.0>}
x[5,7]{1  <1.0>}
x[6,0]{6  <1.0>}
x[6,1]{7  <1.0>}
x[6,2]{4  <1.0>}
x[6,3]{1  <1.0>}
x[6,4]{5  <1.0>}
x[6,5]{0  <1.0>}
x[6,6]{2  <1.0>}
x[6,7]{3  <1.0>}
x[7,0]{3  <1.0>}
x[7,1]{6  <1.0>}
x[7,2]{2  <1.0>}
x[7,3]{4  <1.0>}
x[7,4]{0  <1.0>}
x[7,5]{1  <1.0>}
x[7,6]{7  <1.0>}
x[7,7]{5  <1.0>}
problem entropy = 0.9209925607390013
smallest variable entropy = 0.5816232527593598
##### after BP iteration 3 #####
x[0,0]{4  <1.0>}
x[0,1]{1  <1.0>}
x[0,2]{5  <0.47144308250544903>, 6  <0.5285569174945509>}
x[0,3]{3  <1.0>}
x[0,4]{7  <1.0>}
x[0,5]{5  <0.7400901162331576>, 6  <0.25990988376684254>}
x[0,6]{0  <1.0>}
x[0,7]{2  <1.0>}
x[1,0]{5  <1.0>}
x[1,1]{4  <1.0>}
x[1,2]{7  <1.0>}
x[1,3]{2  <1.0>}
x[1,4]{1  <1.0>}
x[1,5]{3  <1.0>}
x[1,6]{6  <1.0>}
x[1,7]{0  <1.0>}
x[2,0]{0  <1.0>}
x[2,1]{5  <1.0>}
x[2,2]{1  <1.0>}
x[2,3]{7  <1.0>}
x[2,4]{4  <1.0>}
x[2,5]{2  <1.0>}
x[2,6]{3  <1.0>}
x[2,7]{6  <1.0>}
x[3,0]{1  <1.0>}
x[3,1]{0  <1.0>}
x[3,2]{3  <1.0>}
x[3,3]{6  <1.0>}
x[3,4]{2  <1.0>}
x[3,5]{7  <1.0>}
x[3,6]{5  <1.0>}
x[3,7]{4  <1.0>}
x[4,0]{2  <1.0>}
x[4,1]{3  <1.0>}
x[4,2]{0  <1.0>}
x[4,3]{5  <1.0>}
x[4,4]{6  <1.0>}
x[4,5]{4  <1.0>}
x[4,6]{1  <1.0>}
x[4,7]{7  <1.0>}
x[5,0]{7  <1.0>}
x[5,1]{2  <1.0>}
x[5,2]{5  <0.7379596781628367>, 6  <0.26204032183716325>}
x[5,3]{0  <1.0>}
x[5,4]{3  <1.0>}
x[5,5]{6  <0.5542373810523257>, 5  <0.4457626189476745>}
x[5,6]{4  <1.0>}
x[5,7]{1  <1.0>}
x[6,0]{6  <1.0>}
x[6,1]{7  <1.0>}
x[6,2]{4  <1.0>}
x[6,3]{1  <1.0>}
x[6,4]{5  <1.0>}
x[6,5]{0  <1.0>}
x[6,6]{2  <1.0>}
x[6,7]{3  <1.0>}
x[7,0]{3  <1.0>}
x[7,1]{6  <1.0>}
x[7,2]{2  <1.0>}
x[7,3]{4  <1.0>}
x[7,4]{0  <1.0>}
x[7,5]{1  <1.0>}
x[7,6]{7  <1.0>}
x[7,7]{5  <1.0>}
problem entropy = 0.9113902631674808
smallest variable entropy = 0.572962637279342
##### after BP iteration 4 #####
x[0,0]{4  <1.0>}
x[0,1]{1  <1.0>}
x[0,2]{5  <0.23919506799433432>, 6  <0.7608049320056657>}
x[0,3]{3  <1.0>}
x[0,4]{7  <1.0>}
x[0,5]{5  <0.6070356374142172>, 6  <0.3929643625857828>}
x[0,6]{0  <1.0>}
x[0,7]{2  <1.0>}
x[1,0]{5  <1.0>}
x[1,1]{4  <1.0>}
x[1,2]{7  <1.0>}
x[1,3]{2  <1.0>}
x[1,4]{1  <1.0>}
x[1,5]{3  <1.0>}
x[1,6]{6  <1.0>}
x[1,7]{0  <1.0>}
x[2,0]{0  <1.0>}
x[2,1]{5  <1.0>}
x[2,2]{1  <1.0>}
x[2,3]{7  <1.0>}
x[2,4]{4  <1.0>}
x[2,5]{2  <1.0>}
x[2,6]{3  <1.0>}
x[2,7]{6  <1.0>}
x[3,0]{1  <1.0>}
x[3,1]{0  <1.0>}
x[3,2]{3  <1.0>}
x[3,3]{6  <1.0>}
x[3,4]{2  <1.0>}
x[3,5]{7  <1.0>}
x[3,6]{5  <1.0>}
x[3,7]{4  <1.0>}
x[4,0]{2  <1.0>}
x[4,1]{3  <1.0>}
x[4,2]{0  <1.0>}
x[4,3]{5  <1.0>}
x[4,4]{6  <1.0>}
x[4,5]{4  <1.0>}
x[4,6]{1  <1.0>}
x[4,7]{7  <1.0>}
x[5,0]{7  <1.0>}
x[5,1]{2  <1.0>}
x[5,2]{5  <0.5128573495939495>, 6  <0.48714265040605065>}
x[5,3]{0  <1.0>}
x[5,4]{3  <1.0>}
x[5,5]{6  <0.7462821401324037>, 5  <0.25371785986759643>}
x[5,6]{4  <1.0>}
x[5,7]{1  <1.0>}
x[6,0]{6  <1.0>}
x[6,1]{7  <1.0>}
x[6,2]{4  <1.0>}
x[6,3]{1  <1.0>}
x[6,4]{5  <1.0>}
x[6,5]{0  <1.0>}
x[6,6]{2  <1.0>}
x[6,7]{3  <1.0>}
x[7,0]{3  <1.0>}
x[7,1]{6  <1.0>}
x[7,2]{2  <1.0>}
x[7,3]{4  <1.0>}
x[7,4]{0  <1.0>}
x[7,5]{1  <1.0>}
x[7,6]{7  <1.0>}
x[7,7]{5  <1.0>}
problem entropy = 0.8942564563381195
smallest variable entropy = 0.5501503220117211
##### after BP iteration 5 #####
x[0,0]{4  <1.0>}
x[0,1]{1  <1.0>}
x[0,2]{5  <0.4080681791321732>, 6  <0.5919318208678268>}
x[0,3]{3  <1.0>}
x[0,4]{7  <1.0>}
x[0,5]{5  <0.7666590472307984>, 6  <0.23334095276920164>}
x[0,6]{0  <1.0>}
x[0,7]{2  <1.0>}
x[1,0]{5  <1.0>}
x[1,1]{4  <1.0>}
x[1,2]{7  <1.0>}
x[1,3]{2  <1.0>}
x[1,4]{1  <1.0>}
x[1,5]{3  <1.0>}
x[1,6]{6  <1.0>}
x[1,7]{0  <1.0>}
x[2,0]{0  <1.0>}
x[2,1]{5  <1.0>}
x[2,2]{1  <1.0>}
x[2,3]{7  <1.0>}
x[2,4]{4  <1.0>}
x[2,5]{2  <1.0>}
x[2,6]{3  <1.0>}
x[2,7]{6  <1.0>}
x[3,0]{1  <1.0>}
x[3,1]{0  <1.0>}
x[3,2]{3  <1.0>}
x[3,3]{6  <1.0>}
x[3,4]{2  <1.0>}
x[3,5]{7  <1.0>}
x[3,6]{5  <1.0>}
x[3,7]{4  <1.0>}
x[4,0]{2  <1.0>}
x[4,1]{3  <1.0>}
x[4,2]{0  <1.0>}
x[4,3]{5  <1.0>}
x[4,4]{6  <1.0>}
x[4,5]{4  <1.0>}
x[4,6]{1  <1.0>}
x[4,7]{7  <1.0>}
x[5,0]{7  <1.0>}
x[5,1]{2  <1.0>}
x[5,2]{5  <0.7686293097409516>, 6  <0.23137069025904836>}
x[5,3]{0  <1.0>}
x[5,4]{3  <1.0>}
x[5,5]{6  <0.5667253068663999>, 5  <0.4332746931336002>}
x[5,6]{4  <1.0>}
x[5,7]{1  <1.0>}
x[6,0]{6  <1.0>}
x[6,1]{7  <1.0>}
x[6,2]{4  <1.0>}
x[6,3]{1  <1.0>}
x[6,4]{5  <1.0>}
x[6,5]{0  <1.0>}
x[6,6]{2  <1.0>}
x[6,7]{3  <1.0>}
x[7,0]{3  <1.0>}
x[7,1]{6  <1.0>}
x[7,2]{2  <1.0>}
x[7,3]{4  <1.0>}
x[7,4]{0  <1.0>}
x[7,5]{1  <1.0>}
x[7,6]{7  <1.0>}
x[7,7]{5  <1.0>}
problem entropy = 0.8816932821129165
smallest variable entropy = 0.5409272649371797
##### after BP iteration 6 #####
x[0,0]{4  <1.0>}
x[0,1]{1  <1.0>}
x[0,2]{5  <0.2256512739290357>, 6  <0.7743487260709643>}
x[0,3]{3  <1.0>}
x[0,4]{7  <1.0>}
x[0,5]{5  <0.5512175769336431>, 6  <0.4487824230663568>}
x[0,6]{0  <1.0>}
x[0,7]{2  <1.0>}
x[1,0]{5  <1.0>}
x[1,1]{4  <1.0>}
x[1,2]{7  <1.0>}
x[1,3]{2  <1.0>}
x[1,4]{1  <1.0>}
x[1,5]{3  <1.0>}
x[1,6]{6  <1.0>}
x[1,7]{0  <1.0>}
x[2,0]{0  <1.0>}
x[2,1]{5  <1.0>}
x[2,2]{1  <1.0>}
x[2,3]{7  <1.0>}
x[2,4]{4  <1.0>}
x[2,5]{2  <1.0>}
x[2,6]{3  <1.0>}
x[2,7]{6  <1.0>}
x[3,0]{1  <1.0>}
x[3,1]{0  <1.0>}
x[3,2]{3  <1.0>}
x[3,3]{6  <1.0>}
x[3,4]{2  <1.0>}
x[3,5]{7  <1.0>}
x[3,6]{5  <1.0>}
x[3,7]{4  <1.0>}
x[4,0]{2  <1.0>}
x[4,1]{3  <1.0>}
x[4,2]{0  <1.0>}
x[4,3]{5  <1.0>}
x[4,4]{6  <1.0>}
x[4,5]{4  <1.0>}
x[4,6]{1  <1.0>}
x[4,7]{7  <1.0>}
x[5,0]{7  <1.0>}
x[5,1]{2  <1.0>}
x[5,2]{5  <0.6431400850688527>, 6  <0.3568599149311474>}
x[5,3]{0  <1.0>}
x[5,4]{3  <1.0>}
x[5,5]{6  <0.7877219617486809>, 5  <0.21227803825131916>}
x[5,6]{4  <1.0>}
x[5,7]{1  <1.0>}
x[6,0]{6  <1.0>}
x[6,1]{7  <1.0>}
x[6,2]{4  <1.0>}
x[6,3]{1  <1.0>}
x[6,4]{5  <1.0>}
x[6,5]{0  <1.0>}
x[6,6]{2  <1.0>}
x[6,7]{3  <1.0>}
x[7,0]{3  <1.0>}
x[7,1]{6  <1.0>}
x[7,2]{2  <1.0>}
x[7,3]{4  <1.0>}
x[7,4]{0  <1.0>}
x[7,5]{1  <1.0>}
x[7,6]{7  <1.0>}
x[7,7]{5  <1.0>}
problem entropy = 0.8621577889269039
smallest variable entropy = 0.5169593023474609
##### after BP iteration 7 #####
x[0,0]{4  <1.0>}
x[0,1]{1  <1.0>}
x[0,2]{5  <0.3958819711985389>, 6  <0.604118028801461>}
x[0,3]{3  <1.0>}
x[0,4]{7  <1.0>}
x[0,5]{5  <0.7949032103802092>, 6  <0.20509678961979086>}
x[0,6]{0  <1.0>}
x[0,7]{2  <1.0>}
x[1,0]{5  <1.0>}
x[1,1]{4  <1.0>}
x[1,2]{7  <1.0>}
x[1,3]{2  <1.0>}
x[1,4]{1  <1.0>}
x[1,5]{3  <1.0>}
x[1,6]{6  <1.0>}
x[1,7]{0  <1.0>}
x[2,0]{0  <1.0>}
x[2,1]{5  <1.0>}
x[2,2]{1  <1.0>}
x[2,3]{7  <1.0>}
x[2,4]{4  <1.0>}
x[2,5]{2  <1.0>}
x[2,6]{3  <1.0>}
x[2,7]{6  <1.0>}
x[3,0]{1  <1.0>}
x[3,1]{0  <1.0>}
x[3,2]{3  <1.0>}
x[3,3]{6  <1.0>}
x[3,4]{2  <1.0>}
x[3,5]{7  <1.0>}
x[3,6]{5  <1.0>}
x[3,7]{4  <1.0>}
x[4,0]{2  <1.0>}
x[4,1]{3  <1.0>}
x[4,2]{0  <1.0>}
x[4,3]{5  <1.0>}
x[4,4]{6  <1.0>}
x[4,5]{4  <1.0>}
x[4,6]{1  <1.0>}
x[4,7]{7  <1.0>}
x[5,0]{7  <1.0>}
x[5,1]{2  <1.0>}
x[5,2]{5  <0.7930964591472704>, 6  <0.20690354085272952>}
x[5,3]{0  <1.0>}
x[5,4]{3  <1.0>}
x[5,5]{6  <0.6285748789084553>, 5  <0.3714251210915446>}
x[5,6]{4  <1.0>}
x[5,7]{1  <1.0>}
x[6,0]{6  <1.0>}
x[6,1]{7  <1.0>}
x[6,2]{4  <1.0>}
x[6,3]{1  <1.0>}
x[6,4]{5  <1.0>}
x[6,5]{0  <1.0>}
x[6,6]{2  <1.0>}
x[6,7]{3  <1.0>}
x[7,0]{3  <1.0>}
x[7,1]{6  <1.0>}
x[7,2]{2  <1.0>}
x[7,3]{4  <1.0>}
x[7,4]{0  <1.0>}
x[7,5]{1  <1.0>}
x[7,6]{7  <1.0>}
x[7,7]{5  <1.0>}
problem entropy = 0.8469445385650199
smallest variable entropy = 0.507387405452701
##### after BP iteration 8 #####
x[0,0]{4  <1.0>}
x[0,1]{1  <1.0>}
x[0,2]{5  <0.18764295837182274>, 6  <0.8123570416281773>}
x[0,3]{3  <1.0>}
x[0,4]{7  <1.0>}
x[0,5]{5  <0.6776886438990859>, 6  <0.3223113561009141>}
x[0,6]{0  <1.0>}
x[0,7]{2  <1.0>}
x[1,0]{5  <1.0>}
x[1,1]{4  <1.0>}
x[1,2]{7  <1.0>}
x[1,3]{2  <1.0>}
x[1,4]{1  <1.0>}
x[1,5]{3  <1.0>}
x[1,6]{6  <1.0>}
x[1,7]{0  <1.0>}
x[2,0]{0  <1.0>}
x[2,1]{5  <1.0>}
x[2,2]{1  <1.0>}
x[2,3]{7  <1.0>}
x[2,4]{4  <1.0>}
x[2,5]{2  <1.0>}
x[2,6]{3  <1.0>}
x[2,7]{6  <1.0>}
x[3,0]{1  <1.0>}
x[3,1]{0  <1.0>}
x[3,2]{3  <1.0>}
x[3,3]{6  <1.0>}
x[3,4]{2  <1.0>}
x[3,5]{7  <1.0>}
x[3,6]{5  <1.0>}
x[3,7]{4  <1.0>}
x[4,0]{2  <1.0>}
x[4,1]{3  <1.0>}
x[4,2]{0  <1.0>}
x[4,3]{5  <1.0>}
x[4,4]{6  <1.0>}
x[4,5]{4  <1.0>}
x[4,6]{1  <1.0>}
x[4,7]{7  <1.0>}
x[5,0]{7  <1.0>}
x[5,1]{2  <1.0>}
x[5,2]{5  <0.5889780019093059>, 6  <0.411021998090694>}
x[5,3]{0  <1.0>}
x[5,4]{3  <1.0>}
x[5,5]{6  <0.8001420212744992>, 5  <0.19985797872550073>}
x[5,6]{4  <1.0>}
x[5,7]{1  <1.0>}
x[6,0]{6  <1.0>}
x[6,1]{7  <1.0>}
x[6,2]{4  <1.0>}
x[6,3]{1  <1.0>}
x[6,4]{5  <1.0>}
x[6,5]{0  <1.0>}
x[6,6]{2  <1.0>}
x[6,7]{3  <1.0>}
x[7,0]{3  <1.0>}
x[7,1]{6  <1.0>}
x[7,2]{2  <1.0>}
x[7,3]{4  <1.0>}
x[7,4]{0  <1.0>}
x[7,5]{1  <1.0>}
x[7,6]{7  <1.0>}
x[7,7]{5  <1.0>}
problem entropy = 0.8255174577264852
smallest variable entropy = 0.4827871232744205
##### after BP iteration 9 #####
x[0,0]{4  <1.0>}
x[0,1]{1  <1.0>}
x[0,2]{5  <0.33620359839945707>, 6  <0.663796401600543>}
x[0,3]{3  <1.0>}
x[0,4]{7  <1.0>}
x[0,5]{5  <0.8172525220888427>, 6  <0.18274747791115736>}
x[0,6]{0  <1.0>}
x[0,7]{2  <1.0>}
x[1,0]{5  <1.0>}
x[1,1]{4  <1.0>}
x[1,2]{7  <1.0>}
x[1,3]{2  <1.0>}
x[1,4]{1  <1.0>}
x[1,5]{3  <1.0>}
x[1,6]{6  <1.0>}
x[1,7]{0  <1.0>}
x[2,0]{0  <1.0>}
x[2,1]{5  <1.0>}
x[2,2]{1  <1.0>}
x[2,3]{7  <1.0>}
x[2,4]{4  <1.0>}
x[2,5]{2  <1.0>}
x[2,6]{3  <1.0>}
x[2,7]{6  <1.0>}
x[3,0]{1  <1.0>}
x[3,1]{0  <1.0>}
x[3,2]{3  <1.0>}
x[3,3]{6  <1.0>}
x[3,4]{2  <1.0>}
x[3,5]{7  <1.0>}
x[3,6]{5  <1.0>}
x[3,7]{4  <1.0>}
x[4,0]{2  <1.0>}
x[4,1]{3  <1.0>}
x[4,2]{0  <1.0>}
x[4,3]{5  <1.0>}
x[4,4]{6  <1.0>}
x[4,5]{4  <1.0>}
x[4,6]{1  <1.0>}
x[4,7]{7  <1.0>}
x[5,0]{7  <1.0>}
x[5,1]{2  <1.0>}
x[5,2]{5  <0.8188965023315044>, 6  <0.18110349766849557>}
x[5,3]{0  <1.0>}
x[5,4]{3  <1.0>}
x[5,5]{6  <0.6403317116937853>, 5  <0.35966828830621467>}
x[5,6]{4  <1.0>}
x[5,7]{1  <1.0>}
x[6,0]{6  <1.0>}
x[6,1]{7  <1.0>}
x[6,2]{4  <1.0>}
x[6,3]{1  <1.0>}
x[6,4]{5  <1.0>}
x[6,5]{0  <1.0>}
x[6,6]{2  <1.0>}
x[6,7]{3  <1.0>}
x[7,0]{3  <1.0>}
x[7,1]{6  <1.0>}
x[7,2]{2  <1.0>}
x[7,3]{4  <1.0>}
x[7,4]{0  <1.0>}
x[7,5]{1  <1.0>}
x[7,6]{7  <1.0>}
x[7,7]{5  <1.0>}
problem entropy = 0.8080206989174994
smallest variable entropy = 0.47306265426299743
##### after BP iteration 10 #####
x[0,0]{4  <1.0>}
x[0,1]{1  <1.0>}
x[0,2]{5  <0.17634159236695726>, 6  <0.8236584076330428>}
x[0,3]{3  <1.0>}
x[0,4]{7  <1.0>}
x[0,5]{5  <0.625718588250022>, 6  <0.37428141174997814>}
x[0,6]{0  <1.0>}
x[0,7]{2  <1.0>}
x[1,0]{5  <1.0>}
x[1,1]{4  <1.0>}
x[1,2]{7  <1.0>}
x[1,3]{2  <1.0>}
x[1,4]{1  <1.0>}
x[1,5]{3  <1.0>}
x[1,6]{6  <1.0>}
x[1,7]{0  <1.0>}
x[2,0]{0  <1.0>}
x[2,1]{5  <1.0>}
x[2,2]{1  <1.0>}
x[2,3]{7  <1.0>}
x[2,4]{4  <1.0>}
x[2,5]{2  <1.0>}
x[2,6]{3  <1.0>}
x[2,7]{6  <1.0>}
x[3,0]{1  <1.0>}
x[3,1]{0  <1.0>}
x[3,2]{3  <1.0>}
x[3,3]{6  <1.0>}
x[3,4]{2  <1.0>}
x[3,5]{7  <1.0>}
x[3,6]{5  <1.0>}
x[3,7]{4  <1.0>}
x[4,0]{2  <1.0>}
x[4,1]{3  <1.0>}
x[4,2]{0  <1.0>}
x[4,3]{5  <1.0>}
x[4,4]{6  <1.0>}
x[4,5]{4  <1.0>}
x[4,6]{1  <1.0>}
x[4,7]{7  <1.0>}
x[5,0]{7  <1.0>}
x[5,1]{2  <1.0>}
x[5,2]{5  <0.7103985765535328>, 6  <0.28960142344646733>}
x[5,3]{0  <1.0>}
x[5,4]{3  <1.0>}
x[5,5]{6  <0.8347330089495937>, 5  <0.16526699105040635>}
x[5,6]{4  <1.0>}
x[5,7]{1  <1.0>}
x[6,0]{6  <1.0>}
x[6,1]{7  <1.0>}
x[6,2]{4  <1.0>}
x[6,3]{1  <1.0>}
x[6,4]{5  <1.0>}
x[6,5]{0  <1.0>}
x[6,6]{2  <1.0>}
x[6,7]{3  <1.0>}
x[7,0]{3  <1.0>}
x[7,1]{6  <1.0>}
x[7,2]{2  <1.0>}
x[7,3]{4  <1.0>}
x[7,4]{0  <1.0>}
x[7,5]{1  <1.0>}
x[7,6]{7  <1.0>}
x[7,7]{5  <1.0>}
problem entropy = 0.7852197482741284
smallest variable entropy = 0.4483014492693521
### branching on x[5,5]=6 marginal=0.8347330089495937
##### after BP iteration 1 #####
x[0,0]{4  <1.0>}
x[0,1]{1  <1.0>}
x[0,2]{6  <1.0>}
x[0,3]{3  <1.0>}
x[0,4]{7  <1.0>}
x[0,5]{5  <1.0>}
x[0,6]{0  <1.0>}
x[0,7]{2  <1.0>}
x[1,0]{5  <1.0>}
x[1,1]{4  <1.0>}
x[1,2]{7  <1.0>}
x[1,3]{2  <1.0>}
x[1,4]{1  <1.0>}
x[1,5]{3  <1.0>}
x[1,6]{6  <1.0>}
x[1,7]{0  <1.0>}
x[2,0]{0  <1.0>}
x[2,1]{5  <1.0>}
x[2,2]{1  <1.0>}
x[2,3]{7  <1.0>}
x[2,4]{4  <1.0>}
x[2,5]{2  <1.0>}
x[2,6]{3  <1.0>}
x[2,7]{6  <1.0>}
x[3,0]{1  <1.0>}
x[3,1]{0  <1.0>}
x[3,2]{3  <1.0>}
x[3,3]{6  <1.0>}
x[3,4]{2  <1.0>}
x[3,5]{7  <1.0>}
x[3,6]{5  <1.0>}
x[3,7]{4  <1.0>}
x[4,0]{2  <1.0>}
x[4,1]{3  <1.0>}
x[4,2]{0  <1.0>}
x[4,3]{5  <1.0>}
x[4,4]{6  <1.0>}
x[4,5]{4  <1.0>}
x[4,6]{1  <1.0>}
x[4,7]{7  <1.0>}
x[5,0]{7  <1.0>}
x[5,1]{2  <1.0>}
x[5,2]{5  <1.0>}
x[5,3]{0  <1.0>}
x[5,4]{3  <1.0>}
x[5,5]{6  <1.0>}
x[5,6]{4  <1.0>}
x[5,7]{1  <1.0>}
x[6,0]{6  <1.0>}
x[6,1]{7  <1.0>}
x[6,2]{4  <1.0>}
x[6,3]{1  <1.0>}
x[6,4]{5  <1.0>}
x[6,5]{0  <1.0>}
x[6,6]{2  <1.0>}
x[6,7]{3  <1.0>}
x[7,0]{3  <1.0>}
x[7,1]{6  <1.0>}
x[7,2]{2  <1.0>}
x[7,3]{4  <1.0>}
x[7,4]{0  <1.0>}
x[7,5]{1  <1.0>}
x[7,6]{7  <1.0>}
x[7,7]{5  <1.0>}
problem entropy = 0.0
smallest variable entropy = 1.7976931348623157E308
### branching on x[5,5]!=6
##### after BP iteration 1 #####
x[0,0]{4  <1.0>}
x[0,1]{1  <1.0>}
x[0,2]{5  <1.0>}
x[0,3]{3  <1.0>}
x[0,4]{7  <1.0>}
x[0,5]{6  <1.0>}
x[0,6]{0  <1.0>}
x[0,7]{2  <1.0>}
x[1,0]{5  <1.0>}
x[1,1]{4  <1.0>}
x[1,2]{7  <1.0>}
x[1,3]{2  <1.0>}
x[1,4]{1  <1.0>}
x[1,5]{3  <1.0>}
x[1,6]{6  <1.0>}
x[1,7]{0  <1.0>}
x[2,0]{0  <1.0>}
x[2,1]{5  <1.0>}
x[2,2]{1  <1.0>}
x[2,3]{7  <1.0>}
x[2,4]{4  <1.0>}
x[2,5]{2  <1.0>}
x[2,6]{3  <1.0>}
x[2,7]{6  <1.0>}
x[3,0]{1  <1.0>}
x[3,1]{0  <1.0>}
x[3,2]{3  <1.0>}
x[3,3]{6  <1.0>}
x[3,4]{2  <1.0>}
x[3,5]{7  <1.0>}
x[3,6]{5  <1.0>}
x[3,7]{4  <1.0>}
x[4,0]{2  <1.0>}
x[4,1]{3  <1.0>}
x[4,2]{0  <1.0>}
x[4,3]{5  <1.0>}
x[4,4]{6  <1.0>}
x[4,5]{4  <1.0>}
x[4,6]{1  <1.0>}
x[4,7]{7  <1.0>}
x[5,0]{7  <1.0>}
x[5,1]{2  <1.0>}
x[5,2]{6  <1.0>}
x[5,3]{0  <1.0>}
x[5,4]{3  <1.0>}
x[5,5]{5  <1.0>}
x[5,6]{4  <1.0>}
x[5,7]{1  <1.0>}
x[6,0]{6  <1.0>}
x[6,1]{7  <1.0>}
x[6,2]{4  <1.0>}
x[6,3]{1  <1.0>}
x[6,4]{5  <1.0>}
x[6,5]{0  <1.0>}
x[6,6]{2  <1.0>}
x[6,7]{3  <1.0>}
x[7,0]{3  <1.0>}
x[7,1]{6  <1.0>}
x[7,2]{2  <1.0>}
x[7,3]{4  <1.0>}
x[7,4]{0  <1.0>}
x[7,5]{1  <1.0>}
x[7,6]{7  <1.0>}
x[7,7]{5  <1.0>}
problem entropy = 0.0
smallest variable entropy = 1.7976931348623157E308

	#choice: 13
	#fail: 0
	execution time (ms): 570
	#sols : 1
	completed : false

