{5  <1.0>, 4  <1.0>}
model: sum-product-no-init
FINAL DAMPING FACTOR = 1.0
##### after BP iteration 1 #####
x[0,0]{5  <0.999999999999999>, 4  <1.039048412868117E-15>}
x[0,1]{3  <1.0>}
x[0,2]{5  <2.724022609991529E-16>, 7  <0.9999999984667743>, 2  <1.5332253876896689E-9>}
x[0,3]{7  <6.863379988021449E-9>, 4  <0.3903603531151672>, 2  <0.6096396400214528>}
x[0,4]{6  <1.0>}
x[0,5]{0  <1.0>}
x[0,6]{1  <1.0>}
x[0,7]{5  <6.376589563157921E-23>, 4  <0.3248762833177574>, 2  <0.6751237063714882>, 7  <1.0310754416345722E-8>}
x[1,0]{6  <1.0>}
x[1,1]{2  <1.0>}
x[1,2]{0  <1.0>}
x[1,3]{3  <0.9999999944064096>, 1  <4.467671114131896E-12>, 7  <5.589122628730798E-9>}
x[1,4]{3  <1.669952098468071E-8>, 1  <0.03684513840100172>, 7  <0.9631548448994772>}
x[1,5]{5  <1.0>}
x[1,6]{4  <1.0>}
x[1,7]{7  <0.015587674111044763>, 1  <0.9844123258889552>}
x[2,0]{4  <0.12852483841043563>, 1  <0.8714751615895644>}
x[2,1]{6  <1.0>}
x[2,2]{3  <1.0>}
x[2,3]{5  <1.0>}
x[2,4]{4  <0.9279930290176405>, 1  <0.07161120700679563>, 7  <3.9576397556369963E-4>}
x[2,5]{2  <1.0>}
x[2,6]{0  <1.0>}
x[2,7]{4  <4.430561948686205E-8>, 1  <4.610335690668321E-4>, 7  <0.9995389221253136>}
x[3,0]{5  <2.0032845470645733E-15>, 1  <0.4590095215501874>, 4  <0.5409904784498105>}
x[3,1]{7  <0.9999999999717695>, 4  <2.823053681777423E-11>}
x[3,2]{7  <8.926130349626792E-13>, 5  <2.7651343445217074E-15>, 2  <0.9999999999991046>}
x[3,3]{6  <1.0>}
x[3,4]{7  <8.075792593548133E-9>, 1  <0.3996905641227889>, 2  <1.1949997622131088E-13>, 3  <0.09011920790478248>, 4  <0.5101902198965166>}
x[3,5]{7  <1.4242007574944663E-14>, 1  <0.021793580617993004>, 3  <0.9782064193819928>}
x[3,6]{7  <3.2350242522358164E-20>, 5  <0.9999999999990646>, 3  <9.353912893948556E-13>}
x[3,7]{0  <1.0>}
x[4,0]{3  <1.0>}
x[4,1]{0  <1.0>}
x[4,2]{1  <1.0>}
x[4,3]{2  <1.6691872539802363E-10>, 7  <0.9999999998330812>}
x[4,4]{7  <4.783811928849831E-13>, 2  <0.9999999999995216>}
x[4,5]{4  <1.0>}
x[4,6]{5  <1.2617845975281205E-24>, 6  <1.0>}
x[4,7]{5  <1.0>, 6  <1.0211162909360845E-23>}
x[5,0]{0  <1.0>}
x[5,1]{7  <6.01481739214094E-14>, 4  <0.9999999999999398>}
x[5,2]{6  <1.0>}
x[5,3]{7  <9.467877359347393E-15>, 1  <0.99999999999988>, 4  <1.1058973523746133E-13>}
x[5,4]{5  <1.0>}
x[5,5]{7  <0.9999999999999747>, 1  <2.528108130638932E-14>}
x[5,6]{2  <1.0>}
x[5,7]{3  <1.0>}
x[6,0]{2  <1.0>}
x[6,1]{5  <1.0>}
x[6,2]{4  <1.0>}
x[6,3]{0  <1.0>}
x[6,4]{3  <0.7490449857716659>, 1  <0.25095501422832184>, 7  <1.2246012819052736E-14>}
x[6,5]{3  <0.19144672262990753>, 1  <0.8085532773700925>, 7  <3.9984572670459777E-19>}
x[6,6]{6  <2.685103261100861E-24>, 3  <1.2878787388836867E-16>, 7  <0.9999999999999999>}
x[6,7]{6  <1.0>, 1  <3.929289509991827E-27>, 7  <4.4261848584625845E-24>}
x[7,0]{7  <1.0>}
x[7,1]{1  <1.0>}
x[7,2]{5  <0.99999999999913>, 2  <8.69929972688022E-13>}
x[7,3]{3  <7.673335675173748E-11>, 4  <0.5529882537633232>, 2  <0.44701174615994343>}
x[7,4]{0  <1.0>}
x[7,5]{6  <1.0>}
x[7,6]{5  <2.0670661415625924E-12>, 3  <0.9999999999979329>}
x[7,7]{5  <8.785505529042901E-24>, 4  <0.41020653573998805>, 2  <0.5897934642600119>}
problem entropy = 0.18117765034210814
smallest variable entropy = 6.94353946455492E-23
### branching on x[4,6]=6 marginal=1.0
##### after BP iteration 1 #####
x[0,0]{5  <1.0>, 4  <5.272304681248656E-20>}
x[0,1]{3  <1.0>}
x[0,2]{5  <4.575266486932944E-23>, 7  <0.9999999999997785>, 2  <2.2154074728487863E-13>}
x[0,3]{7  <1.7165708814275572E-13>, 4  <0.6082488376161311>, 2  <0.39175116238369717>}
x[0,4]{6  <1.0>}
x[0,5]{0  <1.0>}
x[0,6]{1  <1.0>}
x[0,7]{7  <8.772277572632746E-11>, 4  <0.8451396327964847>, 2  <0.15486036711579237>}
x[1,0]{6  <1.0>}
x[1,1]{2  <1.0>}
x[1,2]{0  <1.0>}
x[1,3]{3  <0.999999999999871>, 1  <6.885129942631865E-16>, 7  <1.2826318105079182E-13>}
x[1,4]{3  <2.4427869242167243E-9>, 1  <0.0011897263335465223>, 7  <0.9988102712236665>}
x[1,5]{5  <1.0>}
x[1,6]{4  <1.0>}
x[1,7]{7  <5.223155499835891E-4>, 1  <0.9994776844500164>}
x[2,0]{4  <0.27523901299665976>, 1  <0.7247609870033402>}
x[2,1]{6  <1.0>}
x[2,2]{3  <1.0>}
x[2,3]{5  <1.0>}
x[2,4]{4  <0.8348151755970444>, 1  <0.15978915192242998>, 7  <0.005395672480525639>}
x[2,5]{2  <1.0>}
x[2,6]{0  <1.0>}
x[2,7]{4  <5.667765397848177E-9>, 1  <8.463373576935324E-4>, 7  <0.9991536569745411>}
x[3,0]{5  <3.439714157034692E-17>, 1  <0.3794852009556315>, 4  <0.6205147990443685>}
x[3,1]{7  <0.9999999999999739>, 4  <2.6087038232679442E-14>}
x[3,2]{7  <5.02899514030362E-16>, 5  <1.6247967165881176E-17>, 2  <0.9999999999999994>}
x[3,3]{6  <1.0>}
x[3,4]{7  <2.891903039792993E-10>, 1  <0.6843237836133182>, 2  <6.394653396307345E-16>, 3  <0.19234244661963631>, 4  <0.12333376947785453>}
x[3,5]{7  <2.539941408705449E-18>, 1  <0.09182483722875098>, 3  <0.9081751627712491>}
x[3,6]{7  <3.0079651699241E-27>, 5  <0.9999999999999999>, 3  <5.878916983637936E-17>}
x[3,7]{0  <1.0>}
x[4,0]{3  <1.0>}
x[4,1]{0  <1.0>}
x[4,2]{1  <1.0>}
x[4,3]{2  <1.7805997910532842E-14>, 7  <0.9999999999999822>}
x[4,4]{7  <4.405650583583355E-14>, 2  <0.9999999999999559>}
x[4,5]{4  <1.0>}
x[4,6]{6  <1.0>}
x[4,7]{5  <1.0>}
x[5,0]{0  <1.0>}
x[5,1]{7  <4.639557543304114E-16>, 4  <0.9999999999999996>}
x[5,2]{6  <1.0>}
x[5,3]{7  <3.19073244186178E-20>, 1  <1.0>, 4  <2.3241518592829298E-17>}
x[5,4]{5  <1.0>}
x[5,5]{7  <1.0>, 1  <1.5485488484486724E-17>}
x[5,6]{2  <1.0>}
x[5,7]{3  <1.0>}
x[6,0]{2  <1.0>}
x[6,1]{5  <1.0>}
x[6,2]{4  <1.0>}
x[6,3]{0  <1.0>}
x[6,4]{3  <0.8168489246678954>, 1  <0.18315107533210348>, 7  <1.1916074057582402E-15>}
x[6,5]{3  <0.025869596429631374>, 1  <0.9741304035703686>, 7  <1.0500759293181814E-22>}
x[6,6]{7  <1.0>, 3  <1.3303677138851026E-22>}
x[6,7]{6  <1.0>}
x[7,0]{7  <1.0>}
x[7,1]{1  <1.0>}
x[7,2]{5  <1.0>, 2  <5.283746441596154E-19>}
x[7,3]{3  <9.067949949446822E-18>, 4  <0.291508553982087>, 2  <0.7084914460179129>}
x[7,4]{0  <1.0>}
x[7,5]{6  <1.0>}
x[7,6]{5  <4.907296535233587E-17>, 3  <1.0>}
x[7,7]{2  <0.4803245706778489>, 4  <0.519675429322151>}
problem entropy = 0.20693929462882868
smallest variable entropy = 6.7012506434092776E-21
### branching on x[0,0]=5 marginal=1.0
### branching on x[5,3]=1 marginal=1.0
##### after BP iteration 1 #####
x[0,0]{5  <1.0>}
x[0,1]{3  <1.0>}
x[0,2]{7  <1.0>}
x[0,3]{2  <0.5897934642600119>, 4  <0.41020653573998805>}
x[0,4]{6  <1.0>}
x[0,5]{0  <1.0>}
x[0,6]{1  <1.0>}
x[0,7]{2  <0.4470117461942848>, 4  <0.5529882538057153>}
x[1,0]{6  <1.0>}
x[1,1]{2  <1.0>}
x[1,2]{0  <1.0>}
x[1,3]{3  <1.0>, 7  <7.721380618682692E-21>}
x[1,4]{3  <1.8300199299124554E-14>, 1  <5.868158177931477E-5>, 7  <0.9999413184182024>}
x[1,5]{5  <1.0>}
x[1,6]{4  <1.0>}
x[1,7]{7  <6.371524493782006E-5>, 1  <0.9999362847550622>}
x[2,0]{4  <0.4627566248348321>, 1  <0.537243375165168>}
x[2,1]{6  <1.0>}
x[2,2]{3  <1.0>}
x[2,3]{5  <1.0>}
x[2,4]{4  <0.5844785669356367>, 1  <0.40904441048857154>, 7  <0.006477022575791682>}
x[2,5]{2  <1.0>}
x[2,6]{0  <1.0>}
x[2,7]{7  <0.982009715939084>, 1  <0.017990284060915965>}
x[3,0]{4  <0.9421342143859666>, 1  <0.05786578561403343>}
x[3,1]{7  <1.0>}
x[3,2]{2  <1.0>, 5  <1.1777136842663729E-21>}
x[3,3]{6  <1.0>}
x[3,4]{4  <0.10713759507166806>, 1  <0.7219268237453454>, 2  <1.4862379376729373E-20>, 3  <0.17093558118298652>}
x[3,5]{3  <0.7744555212938593>, 1  <0.22554447870614075>}
x[3,6]{3  <4.956437593295591E-22>, 5  <1.0>}
x[3,7]{0  <1.0>}
x[4,0]{3  <1.0>}
x[4,1]{0  <1.0>}
x[4,2]{1  <1.0>}
x[4,3]{2  <3.925261847918365E-21>, 7  <1.0>}
x[4,4]{7  <4.649303717611068E-18>, 2  <1.0>}
x[4,5]{4  <1.0>}
x[4,6]{6  <1.0>}
x[4,7]{5  <1.0>}
x[5,0]{0  <1.0>}
x[5,1]{4  <1.0>}
x[5,2]{6  <1.0>}
x[5,3]{1  <1.0>}
x[5,4]{5  <1.0>}
x[5,5]{7  <1.0>}
x[5,6]{2  <1.0>}
x[5,7]{3  <1.0>}
x[6,0]{2  <1.0>}
x[6,1]{5  <1.0>}
x[6,2]{4  <1.0>}
x[6,3]{0  <1.0>}
x[6,4]{3  <0.9814356914005696>, 1  <0.01856430859943041>}
x[6,5]{3  <0.0873794354468809>, 1  <0.9126205645531191>}
x[6,6]{7  <1.0>}
x[6,7]{6  <1.0>}
x[7,0]{7  <1.0>}
x[7,1]{1  <1.0>}
x[7,2]{5  <1.0>, 2  <8.105573188284459E-25>}
x[7,3]{3  <8.224165793402425E-27>, 4  <0.32487628909018945>, 2  <0.6751237109098105>}
x[7,4]{0  <1.0>}
x[7,5]{6  <1.0>}
x[7,6]{5  <1.3289590948806287E-26>, 3  <1.0>}
x[7,7]{2  <0.6096396442680956>, 4  <0.3903603557319044>}
problem entropy = 0.35682792321030293
smallest variable entropy = 7.918312577658447E-25
### branching on x[1,3]=3 marginal=1.0
##### after BP iteration 1 #####
x[0,0]{5  <1.0>}
x[0,1]{3  <1.0>}
x[0,2]{7  <1.0>}
x[0,3]{2  <0.480324570677849>, 4  <0.519675429322151>}
x[0,4]{6  <1.0>}
x[0,5]{0  <1.0>}
x[0,6]{1  <1.0>}
x[0,7]{2  <0.708491446017913>, 4  <0.2915085539820871>}
x[1,0]{6  <1.0>}
x[1,1]{2  <1.0>}
x[1,2]{0  <1.0>}
x[1,3]{3  <1.0>}
x[1,4]{7  <0.9996540078222196>, 1  <3.459921777804207E-4>}
x[1,5]{5  <1.0>}
x[1,6]{4  <1.0>}
x[1,7]{7  <0.002053038720743925>, 1  <0.9979469612792561>}
x[2,0]{4  <0.1023270167100693>, 1  <0.8976729832899307>}
x[2,1]{6  <1.0>}
x[2,2]{3  <1.0>}
x[2,3]{5  <1.0>}
x[2,4]{4  <0.6261532230792299>, 1  <0.37365151093587307>, 7  <1.9526598489696425E-4>}
x[2,5]{2  <1.0>}
x[2,6]{0  <1.0>}
x[2,7]{7  <0.9995514577735739>, 1  <4.485422264261665E-4>}
x[3,0]{4  <0.8570459506383798>, 1  <0.14295404936162012>}
x[3,1]{7  <1.0>}
x[3,2]{2  <1.0>}
x[3,3]{6  <1.0>}
x[3,4]{4  <0.27027085573354653>, 1  <0.71085134580134>, 3  <0.018877798465113397>}
x[3,5]{3  <0.8280297423042462>, 1  <0.17197025769575378>}
x[3,6]{5  <1.0>}
x[3,7]{0  <1.0>}
x[4,0]{3  <1.0>}
x[4,1]{0  <1.0>}
x[4,2]{1  <1.0>}
x[4,3]{7  <1.0>}
x[4,4]{2  <1.0>}
x[4,5]{4  <1.0>}
x[4,6]{6  <1.0>}
x[4,7]{5  <1.0>}
x[5,0]{0  <1.0>}
x[5,1]{4  <1.0>}
x[5,2]{6  <1.0>}
x[5,3]{1  <1.0>}
x[5,4]{5  <1.0>}
x[5,5]{7  <1.0>}
x[5,6]{2  <1.0>}
x[5,7]{3  <1.0>}
x[6,0]{2  <1.0>}
x[6,1]{5  <1.0>}
x[6,2]{4  <1.0>}
x[6,3]{0  <1.0>}
x[6,4]{3  <0.9441391493314173>, 1  <0.05586085066858274>}
x[6,5]{3  <0.17179743229444552>, 1  <0.8282025677055546>}
x[6,6]{7  <1.0>}
x[6,7]{6  <1.0>}
x[7,0]{7  <1.0>}
x[7,1]{1  <1.0>}
x[7,2]{5  <1.0>}
x[7,3]{2  <0.15486036712937726>, 4  <0.8451396328706228>}
x[7,4]{0  <1.0>}
x[7,5]{6  <1.0>}
x[7,6]{3  <1.0>}
x[7,7]{2  <0.3917511623837645>, 4  <0.6082488376162354>}
problem entropy = 0.5289888098996266
smallest variable entropy = 0.0031031766387700226
##### after BP iteration 2 #####
x[0,0]{5  <1.0>}
x[0,1]{3  <1.0>}
x[0,2]{7  <1.0>}
x[0,3]{2  <0.6096396442680957>, 4  <0.39036035573190436>}
x[0,4]{6  <1.0>}
x[0,5]{0  <1.0>}
x[0,6]{1  <1.0>}
x[0,7]{2  <0.6751237109098105>, 4  <0.3248762890901895>}
x[1,0]{6  <1.0>}
x[1,1]{2  <1.0>}
x[1,2]{0  <1.0>}
x[1,3]{3  <1.0>}
x[1,4]{7  <0.9958332293118018>, 1  <0.0041667706881981514>}
x[1,5]{5  <1.0>}
x[1,6]{4  <1.0>}
x[1,7]{7  <0.002431567974623426>, 1  <0.9975684320253766>}
x[2,0]{4  <0.1035950862843419>, 1  <0.896404913715658>}
x[2,1]{6  <1.0>}
x[2,2]{3  <1.0>}
x[2,3]{5  <1.0>}
x[2,4]{4  <0.9474792476459349>, 1  <0.05251740598146452>, 7  <3.346372600557844E-6>}
x[2,5]{2  <1.0>}
x[2,6]{0  <1.0>}
x[2,7]{7  <0.9999941014831453>, 1  <5.898516854755544E-6>}
x[3,0]{4  <0.5919181022867642>, 1  <0.4080818977132359>}
x[3,1]{7  <1.0>}
x[3,2]{2  <1.0>}
x[3,3]{6  <1.0>}
x[3,4]{4  <0.44021123732049894>, 1  <0.5108747366270582>, 3  <0.04891402605244279>}
x[3,5]{3  <0.9906237158785681>, 1  <0.00937628412143191>}
x[3,6]{5  <1.0>}
x[3,7]{0  <1.0>}
x[4,0]{3  <1.0>}
x[4,1]{0  <1.0>}
x[4,2]{1  <1.0>}
x[4,3]{7  <1.0>}
x[4,4]{2  <1.0>}
x[4,5]{4  <1.0>}
x[4,6]{6  <1.0>}
x[4,7]{5  <1.0>}
x[5,0]{0  <1.0>}
x[5,1]{4  <1.0>}
x[5,2]{6  <1.0>}
x[5,3]{1  <1.0>}
x[5,4]{5  <1.0>}
x[5,5]{7  <1.0>}
x[5,6]{2  <1.0>}
x[5,7]{3  <1.0>}
x[6,0]{2  <1.0>}
x[6,1]{5  <1.0>}
x[6,2]{4  <1.0>}
x[6,3]{0  <1.0>}
x[6,4]{3  <0.8201567779981588>, 1  <0.17984322200184125>}
x[6,5]{3  <0.11374183018586916>, 1  <0.8862581698141309>}
x[6,6]{7  <1.0>}
x[6,7]{6  <1.0>}
x[7,0]{7  <1.0>}
x[7,1]{1  <1.0>}
x[7,2]{5  <1.0>}
x[7,3]{2  <0.44701174619428474>, 4  <0.5529882538057154>}
x[7,4]{0  <1.0>}
x[7,5]{6  <1.0>}
x[7,6]{3  <1.0>}
x[7,7]{2  <0.5897934642600119>, 4  <0.41020653573998805>}
problem entropy = 0.5423511253267601
smallest variable entropy = 7.692141794222197E-5
### branching on x[2,7]=7 marginal=0.9999941014831453
### branching on x[3,5]=3 marginal=0.9906237158785681
##### after BP iteration 1 #####
x[0,0]{5  <1.0>}
x[0,1]{3  <1.0>}
x[0,2]{7  <1.0>}
x[0,3]{2  <0.39175116238376456>, 4  <0.6082488376162354>}
x[0,4]{6  <1.0>}
x[0,5]{0  <1.0>}
x[0,6]{1  <1.0>}
x[0,7]{2  <0.15486036712937726>, 4  <0.8451396328706228>}
x[1,0]{6  <1.0>}
x[1,1]{2  <1.0>}
x[1,2]{0  <1.0>}
x[1,3]{3  <1.0>}
x[1,4]{7  <1.0>}
x[1,5]{5  <1.0>}
x[1,6]{4  <1.0>}
x[1,7]{1  <1.0>}
x[2,0]{4  <0.2510671923447226>, 1  <0.7489328076552775>}
x[2,1]{6  <1.0>}
x[2,2]{3  <1.0>}
x[2,3]{5  <1.0>}
x[2,4]{4  <0.85704595063838>, 1  <0.1429540493616201>}
x[2,5]{2  <1.0>}
x[2,6]{0  <1.0>}
x[2,7]{7  <1.0>}
x[3,0]{4  <0.6261660237814319>, 1  <0.3738339762185681>}
x[3,1]{7  <1.0>}
x[3,2]{2  <1.0>}
x[3,3]{6  <1.0>}
x[3,4]{4  <0.10232701671006932>, 1  <0.8976729832899307>}
x[3,5]{3  <1.0>}
x[3,6]{5  <1.0>}
x[3,7]{0  <1.0>}
x[4,0]{3  <1.0>}
x[4,1]{0  <1.0>}
x[4,2]{1  <1.0>}
x[4,3]{7  <1.0>}
x[4,4]{2  <1.0>}
x[4,5]{4  <1.0>}
x[4,6]{6  <1.0>}
x[4,7]{5  <1.0>}
x[5,0]{0  <1.0>}
x[5,1]{4  <1.0>}
x[5,2]{6  <1.0>}
x[5,3]{1  <1.0>}
x[5,4]{5  <1.0>}
x[5,5]{7  <1.0>}
x[5,6]{2  <1.0>}
x[5,7]{3  <1.0>}
x[6,0]{2  <1.0>}
x[6,1]{5  <1.0>}
x[6,2]{4  <1.0>}
x[6,3]{0  <1.0>}
x[6,4]{3  <1.0>}
x[6,5]{1  <1.0>}
x[6,6]{7  <1.0>}
x[6,7]{6  <1.0>}
x[7,0]{7  <1.0>}
x[7,1]{1  <1.0>}
x[7,2]{5  <1.0>}
x[7,3]{2  <0.7084914460179128>, 4  <0.2915085539820871>}
x[7,4]{0  <1.0>}
x[7,5]{6  <1.0>}
x[7,6]{3  <1.0>}
x[7,7]{2  <0.4803245706778489>, 4  <0.5196754293221512>}
problem entropy = 0.786515476432737
smallest variable entropy = 0.33016607333522124
##### after BP iteration 2 #####
x[0,0]{5  <1.0>}
x[0,1]{3  <1.0>}
x[0,2]{7  <1.0>}
x[0,3]{2  <0.5897934642600119>, 4  <0.4102065357399881>}
x[0,4]{6  <1.0>}
x[0,5]{0  <1.0>}
x[0,6]{1  <1.0>}
x[0,7]{2  <0.44701174619428474>, 4  <0.5529882538057153>}
x[1,0]{6  <1.0>}
x[1,1]{2  <1.0>}
x[1,2]{0  <1.0>}
x[1,3]{3  <1.0>}
x[1,4]{7  <1.0>}
x[1,5]{5  <1.0>}
x[1,6]{4  <1.0>}
x[1,7]{1  <1.0>}
x[2,0]{4  <0.4628511505572597>, 1  <0.5371488494427402>}
x[2,1]{6  <1.0>}
x[2,2]{3  <1.0>}
x[2,3]{5  <1.0>}
x[2,4]{4  <0.5919181022867642>, 1  <0.4080818977132359>}
x[2,5]{2  <1.0>}
x[2,6]{0  <1.0>}
x[2,7]{7  <1.0>}
x[3,0]{4  <0.947482418275139>, 1  <0.052517581724861054>}
x[3,1]{7  <1.0>}
x[3,2]{2  <1.0>}
x[3,3]{6  <1.0>}
x[3,4]{4  <0.10359508628434189>, 1  <0.896404913715658>}
x[3,5]{3  <1.0>}
x[3,6]{5  <1.0>}
x[3,7]{0  <1.0>}
x[4,0]{3  <1.0>}
x[4,1]{0  <1.0>}
x[4,2]{1  <1.0>}
x[4,3]{7  <1.0>}
x[4,4]{2  <1.0>}
x[4,5]{4  <1.0>}
x[4,6]{6  <1.0>}
x[4,7]{5  <1.0>}
x[5,0]{0  <1.0>}
x[5,1]{4  <1.0>}
x[5,2]{6  <1.0>}
x[5,3]{1  <1.0>}
x[5,4]{5  <1.0>}
x[5,5]{7  <1.0>}
x[5,6]{2  <1.0>}
x[5,7]{3  <1.0>}
x[6,0]{2  <1.0>}
x[6,1]{5  <1.0>}
x[6,2]{4  <1.0>}
x[6,3]{0  <1.0>}
x[6,4]{3  <1.0>}
x[6,5]{1  <1.0>}
x[6,6]{7  <1.0>}
x[6,7]{6  <1.0>}
x[7,0]{7  <1.0>}
x[7,1]{1  <1.0>}
x[7,2]{5  <1.0>}
x[7,3]{2  <0.6751237109098106>, 4  <0.3248762890901895>}
x[7,4]{0  <1.0>}
x[7,5]{6  <1.0>}
x[7,6]{3  <1.0>}
x[7,7]{2  <0.6096396442680957>, 4  <0.39036035573190425>}
problem entropy = 0.823989007405273
smallest variable entropy = 0.20586242587721343
##### after BP iteration 3 #####
x[0,0]{5  <1.0>}
x[0,1]{3  <1.0>}
x[0,2]{7  <1.0>}
x[0,3]{2  <0.4803245706778489>, 4  <0.5196754293221512>}
x[0,4]{6  <1.0>}
x[0,5]{0  <1.0>}
x[0,6]{1  <1.0>}
x[0,7]{2  <0.7084914460179129>, 4  <0.2915085539820872>}
x[1,0]{6  <1.0>}
x[1,1]{2  <1.0>}
x[1,2]{0  <1.0>}
x[1,3]{3  <1.0>}
x[1,4]{7  <1.0>}
x[1,5]{5  <1.0>}
x[1,6]{4  <1.0>}
x[1,7]{1  <1.0>}
x[2,0]{4  <0.10232701671006932>, 1  <0.8976729832899307>}
x[2,1]{6  <1.0>}
x[2,2]{3  <1.0>}
x[2,3]{5  <1.0>}
x[2,4]{4  <0.6261660237814319>, 1  <0.373833976218568>}
x[2,5]{2  <1.0>}
x[2,6]{0  <1.0>}
x[2,7]{7  <1.0>}
x[3,0]{4  <0.85704595063838>, 1  <0.14295404936162007>}
x[3,1]{7  <1.0>}
x[3,2]{2  <1.0>}
x[3,3]{6  <1.0>}
x[3,4]{4  <0.2510671923447225>, 1  <0.7489328076552775>}
x[3,5]{3  <1.0>}
x[3,6]{5  <1.0>}
x[3,7]{0  <1.0>}
x[4,0]{3  <1.0>}
x[4,1]{0  <1.0>}
x[4,2]{1  <1.0>}
x[4,3]{7  <1.0>}
x[4,4]{2  <1.0>}
x[4,5]{4  <1.0>}
x[4,6]{6  <1.0>}
x[4,7]{5  <1.0>}
x[5,0]{0  <1.0>}
x[5,1]{4  <1.0>}
x[5,2]{6  <1.0>}
x[5,3]{1  <1.0>}
x[5,4]{5  <1.0>}
x[5,5]{7  <1.0>}
x[5,6]{2  <1.0>}
x[5,7]{3  <1.0>}
x[6,0]{2  <1.0>}
x[6,1]{5  <1.0>}
x[6,2]{4  <1.0>}
x[6,3]{0  <1.0>}
x[6,4]{3  <1.0>}
x[6,5]{1  <1.0>}
x[6,6]{7  <1.0>}
x[6,7]{6  <1.0>}
x[7,0]{7  <1.0>}
x[7,1]{1  <1.0>}
x[7,2]{5  <1.0>}
x[7,3]{2  <0.15486036712937717>, 4  <0.8451396328706228>}
x[7,4]{0  <1.0>}
x[7,5]{6  <1.0>}
x[7,6]{3  <1.0>}
x[7,7]{2  <0.3917511623837646>, 4  <0.6082488376162353>}
problem entropy = 0.7865154764327369
smallest variable entropy = 0.33016607333522124
##### after BP iteration 4 #####
x[0,0]{5  <1.0>}
x[0,1]{3  <1.0>}
x[0,2]{7  <1.0>}
x[0,3]{2  <0.6096396442680958>, 4  <0.3903603557319041>}
x[0,4]{6  <1.0>}
x[0,5]{0  <1.0>}
x[0,6]{1  <1.0>}
x[0,7]{2  <0.6751237109098104>, 4  <0.3248762890901895>}
x[1,0]{6  <1.0>}
x[1,1]{2  <1.0>}
x[1,2]{0  <1.0>}
x[1,3]{3  <1.0>}
x[1,4]{7  <1.0>}
x[1,5]{5  <1.0>}
x[1,6]{4  <1.0>}
x[1,7]{1  <1.0>}
x[2,0]{4  <0.10359508628434187>, 1  <0.8964049137156582>}
x[2,1]{6  <1.0>}
x[2,2]{3  <1.0>}
x[2,3]{5  <1.0>}
x[2,4]{4  <0.947482418275139>, 1  <0.05251758172486104>}
x[2,5]{2  <1.0>}
x[2,6]{0  <1.0>}
x[2,7]{7  <1.0>}
x[3,0]{4  <0.5919181022867642>, 1  <0.4080818977132359>}
x[3,1]{7  <1.0>}
x[3,2]{2  <1.0>}
x[3,3]{6  <1.0>}
x[3,4]{4  <0.4628511505572597>, 1  <0.5371488494427403>}
x[3,5]{3  <1.0>}
x[3,6]{5  <1.0>}
x[3,7]{0  <1.0>}
x[4,0]{3  <1.0>}
x[4,1]{0  <1.0>}
x[4,2]{1  <1.0>}
x[4,3]{7  <1.0>}
x[4,4]{2  <1.0>}
x[4,5]{4  <1.0>}
x[4,6]{6  <1.0>}
x[4,7]{5  <1.0>}
x[5,0]{0  <1.0>}
x[5,1]{4  <1.0>}
x[5,2]{6  <1.0>}
x[5,3]{1  <1.0>}
x[5,4]{5  <1.0>}
x[5,5]{7  <1.0>}
x[5,6]{2  <1.0>}
x[5,7]{3  <1.0>}
x[6,0]{2  <1.0>}
x[6,1]{5  <1.0>}
x[6,2]{4  <1.0>}
x[6,3]{0  <1.0>}
x[6,4]{3  <1.0>}
x[6,5]{1  <1.0>}
x[6,6]{7  <1.0>}
x[6,7]{6  <1.0>}
x[7,0]{7  <1.0>}
x[7,1]{1  <1.0>}
x[7,2]{5  <1.0>}
x[7,3]{2  <0.44701174619428463>, 4  <0.5529882538057154>}
x[7,4]{0  <1.0>}
x[7,5]{6  <1.0>}
x[7,6]{3  <1.0>}
x[7,7]{2  <0.5897934642600119>, 4  <0.41020653573998805>}
problem entropy = 0.8239890074052728
smallest variable entropy = 0.20586242587721337
### branching on x[2,4]=4 marginal=0.947482418275139
##### after BP iteration 1 #####
x[0,0]{5  <1.0>}
x[0,1]{3  <1.0>}
x[0,2]{7  <1.0>}
x[0,3]{2  <0.3917511623837646>, 4  <0.6082488376162353>}
x[0,4]{6  <1.0>}
x[0,5]{0  <1.0>}
x[0,6]{1  <1.0>}
x[0,7]{2  <0.15486036712937717>, 4  <0.8451396328706228>}
x[1,0]{6  <1.0>}
x[1,1]{2  <1.0>}
x[1,2]{0  <1.0>}
x[1,3]{3  <1.0>}
x[1,4]{7  <1.0>}
x[1,5]{5  <1.0>}
x[1,6]{4  <1.0>}
x[1,7]{1  <1.0>}
x[2,0]{1  <1.0>}
x[2,1]{6  <1.0>}
x[2,2]{3  <1.0>}
x[2,3]{5  <1.0>}
x[2,4]{4  <1.0>}
x[2,5]{2  <1.0>}
x[2,6]{0  <1.0>}
x[2,7]{7  <1.0>}
x[3,0]{4  <1.0>}
x[3,1]{7  <1.0>}
x[3,2]{2  <1.0>}
x[3,3]{6  <1.0>}
x[3,4]{1  <1.0>}
x[3,5]{3  <1.0>}
x[3,6]{5  <1.0>}
x[3,7]{0  <1.0>}
x[4,0]{3  <1.0>}
x[4,1]{0  <1.0>}
x[4,2]{1  <1.0>}
x[4,3]{7  <1.0>}
x[4,4]{2  <1.0>}
x[4,5]{4  <1.0>}
x[4,6]{6  <1.0>}
x[4,7]{5  <1.0>}
x[5,0]{0  <1.0>}
x[5,1]{4  <1.0>}
x[5,2]{6  <1.0>}
x[5,3]{1  <1.0>}
x[5,4]{5  <1.0>}
x[5,5]{7  <1.0>}
x[5,6]{2  <1.0>}
x[5,7]{3  <1.0>}
x[6,0]{2  <1.0>}
x[6,1]{5  <1.0>}
x[6,2]{4  <1.0>}
x[6,3]{0  <1.0>}
x[6,4]{3  <1.0>}
x[6,5]{1  <1.0>}
x[6,6]{7  <1.0>}
x[6,7]{6  <1.0>}
x[7,0]{7  <1.0>}
x[7,1]{1  <1.0>}
x[7,2]{5  <1.0>}
x[7,3]{2  <0.7084914460179127>, 4  <0.2915085539820872>}
x[7,4]{0  <1.0>}
x[7,5]{6  <1.0>}
x[7,6]{3  <1.0>}
x[7,7]{2  <0.4803245706778489>, 4  <0.519675429322151>}
problem entropy = 0.8643339819284712
smallest variable entropy = 0.43104805630053056
##### after BP iteration 2 #####
x[0,0]{5  <1.0>}
x[0,1]{3  <1.0>}
x[0,2]{7  <1.0>}
x[0,3]{2  <0.5897934642600119>, 4  <0.4102065357399881>}
x[0,4]{6  <1.0>}
x[0,5]{0  <1.0>}
x[0,6]{1  <1.0>}
x[0,7]{2  <0.4470117461942847>, 4  <0.5529882538057154>}
x[1,0]{6  <1.0>}
x[1,1]{2  <1.0>}
x[1,2]{0  <1.0>}
x[1,3]{3  <1.0>}
x[1,4]{7  <1.0>}
x[1,5]{5  <1.0>}
x[1,6]{4  <1.0>}
x[1,7]{1  <1.0>}
x[2,0]{1  <1.0>}
x[2,1]{6  <1.0>}
x[2,2]{3  <1.0>}
x[2,3]{5  <1.0>}
x[2,4]{4  <1.0>}
x[2,5]{2  <1.0>}
x[2,6]{0  <1.0>}
x[2,7]{7  <1.0>}
x[3,0]{4  <1.0>}
x[3,1]{7  <1.0>}
x[3,2]{2  <1.0>}
x[3,3]{6  <1.0>}
x[3,4]{1  <1.0>}
x[3,5]{3  <1.0>}
x[3,6]{5  <1.0>}
x[3,7]{0  <1.0>}
x[4,0]{3  <1.0>}
x[4,1]{0  <1.0>}
x[4,2]{1  <1.0>}
x[4,3]{7  <1.0>}
x[4,4]{2  <1.0>}
x[4,5]{4  <1.0>}
x[4,6]{6  <1.0>}
x[4,7]{5  <1.0>}
x[5,0]{0  <1.0>}
x[5,1]{4  <1.0>}
x[5,2]{6  <1.0>}
x[5,3]{1  <1.0>}
x[5,4]{5  <1.0>}
x[5,5]{7  <1.0>}
x[5,6]{2  <1.0>}
x[5,7]{3  <1.0>}
x[6,0]{2  <1.0>}
x[6,1]{5  <1.0>}
x[6,2]{4  <1.0>}
x[6,3]{0  <1.0>}
x[6,4]{3  <1.0>}
x[6,5]{1  <1.0>}
x[6,6]{7  <1.0>}
x[6,7]{6  <1.0>}
x[7,0]{7  <1.0>}
x[7,1]{1  <1.0>}
x[7,2]{5  <1.0>}
x[7,3]{2  <0.6751237109098105>, 4  <0.3248762890901895>}
x[7,4]{0  <1.0>}
x[7,5]{6  <1.0>}
x[7,6]{3  <1.0>}
x[7,7]{2  <0.6096396442680959>, 4  <0.3903603557319041>}
problem entropy = 0.9607823551098311
smallest variable entropy = 0.6304905747432694
##### after BP iteration 3 #####
x[0,0]{5  <1.0>}
x[0,1]{3  <1.0>}
x[0,2]{7  <1.0>}
x[0,3]{2  <0.4803245706778488>, 4  <0.5196754293221512>}
x[0,4]{6  <1.0>}
x[0,5]{0  <1.0>}
x[0,6]{1  <1.0>}
x[0,7]{2  <0.7084914460179128>, 4  <0.29150855398208725>}
x[1,0]{6  <1.0>}
x[1,1]{2  <1.0>}
x[1,2]{0  <1.0>}
x[1,3]{3  <1.0>}
x[1,4]{7  <1.0>}
x[1,5]{5  <1.0>}
x[1,6]{4  <1.0>}
x[1,7]{1  <1.0>}
x[2,0]{1  <1.0>}
x[2,1]{6  <1.0>}
x[2,2]{3  <1.0>}
x[2,3]{5  <1.0>}
x[2,4]{4  <1.0>}
x[2,5]{2  <1.0>}
x[2,6]{0  <1.0>}
x[2,7]{7  <1.0>}
x[3,0]{4  <1.0>}
x[3,1]{7  <1.0>}
x[3,2]{2  <1.0>}
x[3,3]{6  <1.0>}
x[3,4]{1  <1.0>}
x[3,5]{3  <1.0>}
x[3,6]{5  <1.0>}
x[3,7]{0  <1.0>}
x[4,0]{3  <1.0>}
x[4,1]{0  <1.0>}
x[4,2]{1  <1.0>}
x[4,3]{7  <1.0>}
x[4,4]{2  <1.0>}
x[4,5]{4  <1.0>}
x[4,6]{6  <1.0>}
x[4,7]{5  <1.0>}
x[5,0]{0  <1.0>}
x[5,1]{4  <1.0>}
x[5,2]{6  <1.0>}
x[5,3]{1  <1.0>}
x[5,4]{5  <1.0>}
x[5,5]{7  <1.0>}
x[5,6]{2  <1.0>}
x[5,7]{3  <1.0>}
x[6,0]{2  <1.0>}
x[6,1]{5  <1.0>}
x[6,2]{4  <1.0>}
x[6,3]{0  <1.0>}
x[6,4]{3  <1.0>}
x[6,5]{1  <1.0>}
x[6,6]{7  <1.0>}
x[6,7]{6  <1.0>}
x[7,0]{7  <1.0>}
x[7,1]{1  <1.0>}
x[7,2]{5  <1.0>}
x[7,3]{2  <0.15486036712937717>, 4  <0.8451396328706228>}
x[7,4]{0  <1.0>}
x[7,5]{6  <1.0>}
x[7,6]{3  <1.0>}
x[7,7]{2  <0.3917511623837646>, 4  <0.6082488376162353>}
problem entropy = 0.8643339819284712
smallest variable entropy = 0.43104805630053056
##### after BP iteration 4 #####
x[0,0]{5  <1.0>}
x[0,1]{3  <1.0>}
x[0,2]{7  <1.0>}
x[0,3]{2  <0.6096396442680959>, 4  <0.39036035573190403>}
x[0,4]{6  <1.0>}
x[0,5]{0  <1.0>}
x[0,6]{1  <1.0>}
x[0,7]{2  <0.6751237109098105>, 4  <0.32487628909018945>}
x[1,0]{6  <1.0>}
x[1,1]{2  <1.0>}
x[1,2]{0  <1.0>}
x[1,3]{3  <1.0>}
x[1,4]{7  <1.0>}
x[1,5]{5  <1.0>}
x[1,6]{4  <1.0>}
x[1,7]{1  <1.0>}
x[2,0]{1  <1.0>}
x[2,1]{6  <1.0>}
x[2,2]{3  <1.0>}
x[2,3]{5  <1.0>}
x[2,4]{4  <1.0>}
x[2,5]{2  <1.0>}
x[2,6]{0  <1.0>}
x[2,7]{7  <1.0>}
x[3,0]{4  <1.0>}
x[3,1]{7  <1.0>}
x[3,2]{2  <1.0>}
x[3,3]{6  <1.0>}
x[3,4]{1  <1.0>}
x[3,5]{3  <1.0>}
x[3,6]{5  <1.0>}
x[3,7]{0  <1.0>}
x[4,0]{3  <1.0>}
x[4,1]{0  <1.0>}
x[4,2]{1  <1.0>}
x[4,3]{7  <1.0>}
x[4,4]{2  <1.0>}
x[4,5]{4  <1.0>}
x[4,6]{6  <1.0>}
x[4,7]{5  <1.0>}
x[5,0]{0  <1.0>}
x[5,1]{4  <1.0>}
x[5,2]{6  <1.0>}
x[5,3]{1  <1.0>}
x[5,4]{5  <1.0>}
x[5,5]{7  <1.0>}
x[5,6]{2  <1.0>}
x[5,7]{3  <1.0>}
x[6,0]{2  <1.0>}
x[6,1]{5  <1.0>}
x[6,2]{4  <1.0>}
x[6,3]{0  <1.0>}
x[6,4]{3  <1.0>}
x[6,5]{1  <1.0>}
x[6,6]{7  <1.0>}
x[6,7]{6  <1.0>}
x[7,0]{7  <1.0>}
x[7,1]{1  <1.0>}
x[7,2]{5  <1.0>}
x[7,3]{2  <0.44701174619428474>, 4  <0.5529882538057153>}
x[7,4]{0  <1.0>}
x[7,5]{6  <1.0>}
x[7,6]{3  <1.0>}
x[7,7]{2  <0.5897934642600119>, 4  <0.41020653573998805>}
problem entropy = 0.9607823551098312
smallest variable entropy = 0.6304905747432694
### branching on x[0,7]=2 marginal=0.6751237109098105
##### after BP iteration 1 #####
x[0,0]{5  <1.0>}
x[0,1]{3  <1.0>}
x[0,2]{7  <1.0>}
x[0,3]{4  <1.0>}
x[0,4]{6  <1.0>}
x[0,5]{0  <1.0>}
x[0,6]{1  <1.0>}
x[0,7]{2  <1.0>}
x[1,0]{6  <1.0>}
x[1,1]{2  <1.0>}
x[1,2]{0  <1.0>}
x[1,3]{3  <1.0>}
x[1,4]{7  <1.0>}
x[1,5]{5  <1.0>}
x[1,6]{4  <1.0>}
x[1,7]{1  <1.0>}
x[2,0]{1  <1.0>}
x[2,1]{6  <1.0>}
x[2,2]{3  <1.0>}
x[2,3]{5  <1.0>}
x[2,4]{4  <1.0>}
x[2,5]{2  <1.0>}
x[2,6]{0  <1.0>}
x[2,7]{7  <1.0>}
x[3,0]{4  <1.0>}
x[3,1]{7  <1.0>}
x[3,2]{2  <1.0>}
x[3,3]{6  <1.0>}
x[3,4]{1  <1.0>}
x[3,5]{3  <1.0>}
x[3,6]{5  <1.0>}
x[3,7]{0  <1.0>}
x[4,0]{3  <1.0>}
x[4,1]{0  <1.0>}
x[4,2]{1  <1.0>}
x[4,3]{7  <1.0>}
x[4,4]{2  <1.0>}
x[4,5]{4  <1.0>}
x[4,6]{6  <1.0>}
x[4,7]{5  <1.0>}
x[5,0]{0  <1.0>}
x[5,1]{4  <1.0>}
x[5,2]{6  <1.0>}
x[5,3]{1  <1.0>}
x[5,4]{5  <1.0>}
x[5,5]{7  <1.0>}
x[5,6]{2  <1.0>}
x[5,7]{3  <1.0>}
x[6,0]{2  <1.0>}
x[6,1]{5  <1.0>}
x[6,2]{4  <1.0>}
x[6,3]{0  <1.0>}
x[6,4]{3  <1.0>}
x[6,5]{1  <1.0>}
x[6,6]{7  <1.0>}
x[6,7]{6  <1.0>}
x[7,0]{7  <1.0>}
x[7,1]{1  <1.0>}
x[7,2]{5  <1.0>}
x[7,3]{2  <1.0>}
x[7,4]{0  <1.0>}
x[7,5]{6  <1.0>}
x[7,6]{3  <1.0>}
x[7,7]{4  <1.0>}
problem entropy = 0.0
smallest variable entropy = 1.7976931348623157E308
### branching on x[0,7]!=2
##### after BP iteration 1 #####
x[0,0]{5  <1.0>}
x[0,1]{3  <1.0>}
x[0,2]{7  <1.0>}
x[0,3]{2  <1.0>}
x[0,4]{6  <1.0>}
x[0,5]{0  <1.0>}
x[0,6]{1  <1.0>}
x[0,7]{4  <1.0>}
x[1,0]{6  <1.0>}
x[1,1]{2  <1.0>}
x[1,2]{0  <1.0>}
x[1,3]{3  <1.0>}
x[1,4]{7  <1.0>}
x[1,5]{5  <1.0>}
x[1,6]{4  <1.0>}
x[1,7]{1  <1.0>}
x[2,0]{1  <1.0>}
x[2,1]{6  <1.0>}
x[2,2]{3  <1.0>}
x[2,3]{5  <1.0>}
x[2,4]{4  <1.0>}
x[2,5]{2  <1.0>}
x[2,6]{0  <1.0>}
x[2,7]{7  <1.0>}
x[3,0]{4  <1.0>}
x[3,1]{7  <1.0>}
x[3,2]{2  <1.0>}
x[3,3]{6  <1.0>}
x[3,4]{1  <1.0>}
x[3,5]{3  <1.0>}
x[3,6]{5  <1.0>}
x[3,7]{0  <1.0>}
x[4,0]{3  <1.0>}
x[4,1]{0  <1.0>}
x[4,2]{1  <1.0>}
x[4,3]{7  <1.0>}
x[4,4]{2  <1.0>}
x[4,5]{4  <1.0>}
x[4,6]{6  <1.0>}
x[4,7]{5  <1.0>}
x[5,0]{0  <1.0>}
x[5,1]{4  <1.0>}
x[5,2]{6  <1.0>}
x[5,3]{1  <1.0>}
x[5,4]{5  <1.0>}
x[5,5]{7  <1.0>}
x[5,6]{2  <1.0>}
x[5,7]{3  <1.0>}
x[6,0]{2  <1.0>}
x[6,1]{5  <1.0>}
x[6,2]{4  <1.0>}
x[6,3]{0  <1.0>}
x[6,4]{3  <1.0>}
x[6,5]{1  <1.0>}
x[6,6]{7  <1.0>}
x[6,7]{6  <1.0>}
x[7,0]{7  <1.0>}
x[7,1]{1  <1.0>}
x[7,2]{5  <1.0>}
x[7,3]{4  <1.0>}
x[7,4]{0  <1.0>}
x[7,5]{6  <1.0>}
x[7,6]{3  <1.0>}
x[7,7]{2  <1.0>}
problem entropy = 0.0
smallest variable entropy = 1.7976931348623157E308

	#choice: 9
	#fail: 0
	execution time (ms): 97
	#sols : 1
	completed : false

