{7  <8.0>, 5  <6.0>, 2  <3.0>}
model: max-product-init
FINAL DAMPING FACTOR = 1.0
##### after BP iteration 1 #####
x[0,0]{7  <0.4705882352941176>, 5  <0.3529411764705882>, 2  <0.1764705882352941>}
x[0,1]{7  <0.25>, 5  <0.25>, 2  <0.25>, 6  <0.25>}
x[0,2]{0  <1.0>}
x[0,3]{3  <1.0>}
x[0,4]{4  <1.0>}
x[0,5]{7  <0.25>, 5  <0.25>, 2  <0.25>, 6  <0.25>}
x[0,6]{6  <0.5>, 5  <0.5>}
x[0,7]{1  <1.0>}
x[1,0]{0  <1.0>}
x[1,1]{7  <0.3333333333333333>, 5  <0.25>, 2  <0.125>, 6  <0.2916666666666667>}
x[1,2]{7  <0.19999999999999998>, 5  <0.19999999999999998>, 2  <0.19999999999999998>, 6  <0.19999999999999998>, 4  <0.19999999999999998>}
x[1,3]{7  <0.33333333333333337>, 5  <0.33333333333333337>, 2  <0.33333333333333337>}
x[1,4]{3  <1.0>}
x[1,5]{1  <1.0>}
x[1,6]{6  <0.33333333333333337>, 5  <0.33333333333333337>, 4  <0.33333333333333337>}
x[1,7]{4  <0.25>, 5  <0.25>, 2  <0.25>, 6  <0.25>}
x[2,0]{2  <0.5>, 5  <0.5>}
x[2,1]{3  <1.0>}
x[2,2]{6  <0.3333333333333333>, 4  <0.23809523809523808>, 2  <0.14285714285714285>, 5  <0.2857142857142857>}
x[2,3]{1  <1.0>}
x[2,4]{7  <1.0>}
x[2,5]{5  <0.33333333333333337>, 6  <0.33333333333333337>, 2  <0.33333333333333337>}
x[2,6]{6  <0.33333333333333337>, 4  <0.33333333333333337>, 5  <0.33333333333333337>}
x[2,7]{0  <1.0>}
x[3,0]{3  <1.0>}
x[3,1]{0  <1.0>}
x[3,2]{6  <0.5>, 2  <0.5>}
x[3,3]{4  <1.0>}
x[3,4]{5  <1.0>}
x[3,5]{2  <0.5>, 6  <0.5>}
x[3,6]{1  <1.0>}
x[3,7]{7  <1.0>}
x[4,0]{1  <1.0>}
x[4,1]{4  <1.0>}
x[4,2]{5  <0.3333333333333333>, 7  <0.3333333333333333>, 2  <0.3333333333333333>}
x[4,3]{5  <0.33333333333333337>, 7  <0.33333333333333337>, 2  <0.33333333333333337>}
x[4,4]{6  <1.0>}
x[4,5]{3  <1.0>}
x[4,6]{0  <1.0>}
x[4,7]{2  <0.5>, 5  <0.5>}
x[5,0]{7  <0.5>, 5  <0.5>}
x[5,1]{7  <0.5>, 5  <0.5>}
x[5,2]{1  <1.0>}
x[5,3]{6  <1.0>}
x[5,4]{0  <1.0>}
x[5,5]{4  <1.0>}
x[5,6]{2  <1.0>}
x[5,7]{3  <1.0>}
x[6,0]{4  <1.0>}
x[6,1]{5  <0.3333333333333333>, 6  <0.3333333333333333>, 2  <0.3333333333333333>}
x[6,2]{3  <1.0>}
x[6,3]{5  <0.5>, 2  <0.5>}
x[6,4]{1  <1.0>}
x[6,5]{0  <1.0>}
x[6,6]{7  <1.0>}
x[6,7]{5  <0.3333333333333333>, 6  <0.3333333333333333>, 2  <0.3333333333333333>}
x[7,0]{6  <1.0>}
x[7,1]{1  <1.0>}
x[7,2]{4  <0.3333333333333333>, 7  <0.3333333333333333>, 5  <0.3333333333333333>}
x[7,3]{0  <1.0>}
x[7,4]{2  <1.0>}
x[7,5]{5  <0.5>, 7  <0.5>}
x[7,6]{3  <1.0>}
x[7,7]{5  <0.5454545454545454>, 4  <0.45454545454545453>}
problem entropy = 0.0
smallest variable entropy = 1.7976931348623157E308
### branching on x[0,6]=6
### branching on x[1,6]=4
##### after BP iteration 1 #####
x[0,0]{7  <0.5714285714285714>, 5  <0.42857142857142855>}
x[0,1]{2  <1.0>}
x[0,2]{0  <1.0>}
x[0,3]{3  <1.0>}
x[0,4]{4  <1.0>}
x[0,5]{7  <0.5>, 5  <0.5>}
x[0,6]{6  <1.0>}
x[0,7]{1  <1.0>}
x[1,0]{0  <1.0>}
x[1,1]{7  <0.380952380952381>, 5  <0.28571428571428575>, 6  <0.3333333333333333>}
x[1,2]{7  <0.3333333333333333>, 5  <0.3333333333333333>, 2  <0.3333333333333333>}
x[1,3]{7  <0.3333333333333333>, 5  <0.3333333333333333>, 2  <0.3333333333333333>}
x[1,4]{3  <1.0>}
x[1,5]{1  <1.0>}
x[1,6]{4  <1.0>}
x[1,7]{6  <0.3333333333333333>, 5  <0.3333333333333333>, 2  <0.3333333333333333>}
x[2,0]{2  <1.0>}
x[2,1]{3  <1.0>}
x[2,2]{4  <1.0>}
x[2,3]{1  <1.0>}
x[2,4]{7  <1.0>}
x[2,5]{6  <1.0>}
x[2,6]{5  <1.0>}
x[2,7]{0  <1.0>}
x[3,0]{3  <1.0>}
x[3,1]{0  <1.0>}
x[3,2]{6  <1.0>}
x[3,3]{4  <1.0>}
x[3,4]{5  <1.0>}
x[3,5]{2  <1.0>}
x[3,6]{1  <1.0>}
x[3,7]{7  <1.0>}
x[4,0]{1  <1.0>}
x[4,1]{4  <1.0>}
x[4,2]{5  <0.33333333333333337>, 7  <0.33333333333333337>, 2  <0.33333333333333337>}
x[4,3]{5  <0.33333333333333337>, 7  <0.33333333333333337>, 2  <0.33333333333333337>}
x[4,4]{6  <1.0>}
x[4,5]{3  <1.0>}
x[4,6]{0  <1.0>}
x[4,7]{2  <0.5>, 5  <0.5>}
x[5,0]{7  <0.5>, 5  <0.5>}
x[5,1]{7  <0.5>, 5  <0.5>}
x[5,2]{1  <1.0>}
x[5,3]{6  <1.0>}
x[5,4]{0  <1.0>}
x[5,5]{4  <1.0>}
x[5,6]{2  <1.0>}
x[5,7]{3  <1.0>}
x[6,0]{4  <1.0>}
x[6,1]{5  <0.5>, 6  <0.5>}
x[6,2]{3  <1.0>}
x[6,3]{5  <0.5>, 2  <0.5>}
x[6,4]{1  <1.0>}
x[6,5]{0  <1.0>}
x[6,6]{7  <1.0>}
x[6,7]{5  <0.33333333333333337>, 6  <0.33333333333333337>, 2  <0.33333333333333337>}
x[7,0]{6  <1.0>}
x[7,1]{1  <1.0>}
x[7,2]{5  <0.5>, 7  <0.5>}
x[7,3]{0  <1.0>}
x[7,4]{2  <1.0>}
x[7,5]{5  <0.5>, 7  <0.5>}
x[7,6]{3  <1.0>}
x[7,7]{4  <1.0>}
problem entropy = 0.0
smallest variable entropy = 1.7976931348623157E308
### branching on x[0,0]=7
##### after BP iteration 1 #####
x[0,0]{7  <1.0>}
x[0,1]{2  <1.0>}
x[0,2]{0  <1.0>}
x[0,3]{3  <1.0>}
x[0,4]{4  <1.0>}
x[0,5]{5  <1.0>}
x[0,6]{6  <1.0>}
x[0,7]{1  <1.0>}
x[1,0]{0  <1.0>}
x[1,1]{6  <0.5384615384615384>, 5  <0.46153846153846156>}
x[1,2]{7  <0.5>, 2  <0.5>}
x[1,3]{7  <0.3333333333333333>, 5  <0.3333333333333333>, 2  <0.3333333333333333>}
x[1,4]{3  <1.0>}
x[1,5]{1  <1.0>}
x[1,6]{4  <1.0>}
x[1,7]{6  <0.3333333333333333>, 5  <0.3333333333333333>, 2  <0.3333333333333333>}
x[2,0]{2  <1.0>}
x[2,1]{3  <1.0>}
x[2,2]{4  <1.0>}
x[2,3]{1  <1.0>}
x[2,4]{7  <1.0>}
x[2,5]{6  <1.0>}
x[2,6]{5  <1.0>}
x[2,7]{0  <1.0>}
x[3,0]{3  <1.0>}
x[3,1]{0  <1.0>}
x[3,2]{6  <1.0>}
x[3,3]{4  <1.0>}
x[3,4]{5  <1.0>}
x[3,5]{2  <1.0>}
x[3,6]{1  <1.0>}
x[3,7]{7  <1.0>}
x[4,0]{1  <1.0>}
x[4,1]{4  <1.0>}
x[4,2]{2  <0.5>, 7  <0.5>}
x[4,3]{5  <0.33333333333333337>, 7  <0.33333333333333337>, 2  <0.33333333333333337>}
x[4,4]{6  <1.0>}
x[4,5]{3  <1.0>}
x[4,6]{0  <1.0>}
x[4,7]{2  <0.5>, 5  <0.5>}
x[5,0]{5  <1.0>}
x[5,1]{7  <1.0>}
x[5,2]{1  <1.0>}
x[5,3]{6  <1.0>}
x[5,4]{0  <1.0>}
x[5,5]{4  <1.0>}
x[5,6]{2  <1.0>}
x[5,7]{3  <1.0>}
x[6,0]{4  <1.0>}
x[6,1]{5  <0.5>, 6  <0.5>}
x[6,2]{3  <1.0>}
x[6,3]{5  <0.5>, 2  <0.5>}
x[6,4]{1  <1.0>}
x[6,5]{0  <1.0>}
x[6,6]{7  <1.0>}
x[6,7]{5  <0.33333333333333337>, 6  <0.33333333333333337>, 2  <0.33333333333333337>}
x[7,0]{6  <1.0>}
x[7,1]{1  <1.0>}
x[7,2]{5  <1.0>}
x[7,3]{0  <1.0>}
x[7,4]{2  <1.0>}
x[7,5]{7  <1.0>}
x[7,6]{3  <1.0>}
x[7,7]{4  <1.0>}
problem entropy = 0.0
smallest variable entropy = 1.7976931348623157E308
### branching on x[1,1]=6
##### after BP iteration 1 #####
x[0,0]{7  <1.0>}
x[0,1]{2  <1.0>}
x[0,2]{0  <1.0>}
x[0,3]{3  <1.0>}
x[0,4]{4  <1.0>}
x[0,5]{5  <1.0>}
x[0,6]{6  <1.0>}
x[0,7]{1  <1.0>}
x[1,0]{0  <1.0>}
x[1,1]{6  <1.0>}
x[1,2]{7  <0.5>, 2  <0.5>}
x[1,3]{7  <0.5>, 5  <0.5>}
x[1,4]{3  <1.0>}
x[1,5]{1  <1.0>}
x[1,6]{4  <1.0>}
x[1,7]{2  <0.5>, 5  <0.5>}
x[2,0]{2  <1.0>}
x[2,1]{3  <1.0>}
x[2,2]{4  <1.0>}
x[2,3]{1  <1.0>}
x[2,4]{7  <1.0>}
x[2,5]{6  <1.0>}
x[2,6]{5  <1.0>}
x[2,7]{0  <1.0>}
x[3,0]{3  <1.0>}
x[3,1]{0  <1.0>}
x[3,2]{6  <1.0>}
x[3,3]{4  <1.0>}
x[3,4]{5  <1.0>}
x[3,5]{2  <1.0>}
x[3,6]{1  <1.0>}
x[3,7]{7  <1.0>}
x[4,0]{1  <1.0>}
x[4,1]{4  <1.0>}
x[4,2]{2  <0.5>, 7  <0.5>}
x[4,3]{5  <0.5>, 7  <0.5>}
x[4,4]{6  <1.0>}
x[4,5]{3  <1.0>}
x[4,6]{0  <1.0>}
x[4,7]{2  <0.5>, 5  <0.5>}
x[5,0]{5  <1.0>}
x[5,1]{7  <1.0>}
x[5,2]{1  <1.0>}
x[5,3]{6  <1.0>}
x[5,4]{0  <1.0>}
x[5,5]{4  <1.0>}
x[5,6]{2  <1.0>}
x[5,7]{3  <1.0>}
x[6,0]{4  <1.0>}
x[6,1]{5  <1.0>}
x[6,2]{3  <1.0>}
x[6,3]{2  <1.0>}
x[6,4]{1  <1.0>}
x[6,5]{0  <1.0>}
x[6,6]{7  <1.0>}
x[6,7]{6  <1.0>}
x[7,0]{6  <1.0>}
x[7,1]{1  <1.0>}
x[7,2]{5  <1.0>}
x[7,3]{0  <1.0>}
x[7,4]{2  <1.0>}
x[7,5]{7  <1.0>}
x[7,6]{3  <1.0>}
x[7,7]{4  <1.0>}
problem entropy = 0.0
smallest variable entropy = 1.7976931348623157E308
### branching on x[1,2]=7
##### after BP iteration 1 #####
x[0,0]{7  <1.0>}
x[0,1]{2  <1.0>}
x[0,2]{0  <1.0>}
x[0,3]{3  <1.0>}
x[0,4]{4  <1.0>}
x[0,5]{5  <1.0>}
x[0,6]{6  <1.0>}
x[0,7]{1  <1.0>}
x[1,0]{0  <1.0>}
x[1,1]{6  <1.0>}
x[1,2]{7  <1.0>}
x[1,3]{5  <1.0>}
x[1,4]{3  <1.0>}
x[1,5]{1  <1.0>}
x[1,6]{4  <1.0>}
x[1,7]{2  <1.0>}
x[2,0]{2  <1.0>}
x[2,1]{3  <1.0>}
x[2,2]{4  <1.0>}
x[2,3]{1  <1.0>}
x[2,4]{7  <1.0>}
x[2,5]{6  <1.0>}
x[2,6]{5  <1.0>}
x[2,7]{0  <1.0>}
x[3,0]{3  <1.0>}
x[3,1]{0  <1.0>}
x[3,2]{6  <1.0>}
x[3,3]{4  <1.0>}
x[3,4]{5  <1.0>}
x[3,5]{2  <1.0>}
x[3,6]{1  <1.0>}
x[3,7]{7  <1.0>}
x[4,0]{1  <1.0>}
x[4,1]{4  <1.0>}
x[4,2]{2  <1.0>}
x[4,3]{7  <1.0>}
x[4,4]{6  <1.0>}
x[4,5]{3  <1.0>}
x[4,6]{0  <1.0>}
x[4,7]{5  <1.0>}
x[5,0]{5  <1.0>}
x[5,1]{7  <1.0>}
x[5,2]{1  <1.0>}
x[5,3]{6  <1.0>}
x[5,4]{0  <1.0>}
x[5,5]{4  <1.0>}
x[5,6]{2  <1.0>}
x[5,7]{3  <1.0>}
x[6,0]{4  <1.0>}
x[6,1]{5  <1.0>}
x[6,2]{3  <1.0>}
x[6,3]{2  <1.0>}
x[6,4]{1  <1.0>}
x[6,5]{0  <1.0>}
x[6,6]{7  <1.0>}
x[6,7]{6  <1.0>}
x[7,0]{6  <1.0>}
x[7,1]{1  <1.0>}
x[7,2]{5  <1.0>}
x[7,3]{0  <1.0>}
x[7,4]{2  <1.0>}
x[7,5]{7  <1.0>}
x[7,6]{3  <1.0>}
x[7,7]{4  <1.0>}
problem entropy = 0.0
smallest variable entropy = 1.7976931348623157E308
### branching on x[1,2]!=7
##### after BP iteration 1 #####
x[0,0]{7  <1.0>}
x[0,1]{2  <1.0>}
x[0,2]{0  <1.0>}
x[0,3]{3  <1.0>}
x[0,4]{4  <1.0>}
x[0,5]{5  <1.0>}
x[0,6]{6  <1.0>}
x[0,7]{1  <1.0>}
x[1,0]{0  <1.0>}
x[1,1]{6  <1.0>}
x[1,2]{2  <1.0>}
x[1,3]{7  <1.0>}
x[1,4]{3  <1.0>}
x[1,5]{1  <1.0>}
x[1,6]{4  <1.0>}
x[1,7]{5  <1.0>}
x[2,0]{2  <1.0>}
x[2,1]{3  <1.0>}
x[2,2]{4  <1.0>}
x[2,3]{1  <1.0>}
x[2,4]{7  <1.0>}
x[2,5]{6  <1.0>}
x[2,6]{5  <1.0>}
x[2,7]{0  <1.0>}
x[3,0]{3  <1.0>}
x[3,1]{0  <1.0>}
x[3,2]{6  <1.0>}
x[3,3]{4  <1.0>}
x[3,4]{5  <1.0>}
x[3,5]{2  <1.0>}
x[3,6]{1  <1.0>}
x[3,7]{7  <1.0>}
x[4,0]{1  <1.0>}
x[4,1]{4  <1.0>}
x[4,2]{7  <1.0>}
x[4,3]{5  <1.0>}
x[4,4]{6  <1.0>}
x[4,5]{3  <1.0>}
x[4,6]{0  <1.0>}
x[4,7]{2  <1.0>}
x[5,0]{5  <1.0>}
x[5,1]{7  <1.0>}
x[5,2]{1  <1.0>}
x[5,3]{6  <1.0>}
x[5,4]{0  <1.0>}
x[5,5]{4  <1.0>}
x[5,6]{2  <1.0>}
x[5,7]{3  <1.0>}
x[6,0]{4  <1.0>}
x[6,1]{5  <1.0>}
x[6,2]{3  <1.0>}
x[6,3]{2  <1.0>}
x[6,4]{1  <1.0>}
x[6,5]{0  <1.0>}
x[6,6]{7  <1.0>}
x[6,7]{6  <1.0>}
x[7,0]{6  <1.0>}
x[7,1]{1  <1.0>}
x[7,2]{5  <1.0>}
x[7,3]{0  <1.0>}
x[7,4]{2  <1.0>}
x[7,5]{7  <1.0>}
x[7,6]{3  <1.0>}
x[7,7]{4  <1.0>}
problem entropy = 0.0
smallest variable entropy = 1.7976931348623157E308

	#choice: 6
	#fail: 0
	execution time (ms): 30
	#sols : 1
	completed : false

