{3  <4.0>, 1  <2.0>}
model: max-product-init
FINAL DAMPING FACTOR = 1.0
##### after BP iteration 1 #####
x[0,0]{3  <1.0>}
x[0,1]{5  <1.0>}
x[0,2]{4  <1.0>}
x[0,3]{1  <1.0>}
x[0,4]{2  <1.0>}
x[0,5]{6  <1.0>}
x[0,6]{7  <1.0>}
x[0,7]{0  <1.0>}
x[1,0]{1  <1.0>}
x[1,1]{6  <1.0>}
x[1,2]{7  <0.5>, 3  <0.5>}
x[1,3]{0  <1.0>}
x[1,4]{7  <0.5>, 3  <0.5>}
x[1,5]{4  <1.0>}
x[1,6]{5  <1.0>}
x[1,7]{2  <1.0>}
x[2,0]{6  <1.0>}
x[2,1]{0  <0.25>, 4  <0.25>, 2  <0.25>, 7  <0.25>}
x[2,2]{0  <0.04545454545454545>, 5  <0.2727272727272727>, 2  <0.13636363636363635>, 3  <0.1818181818181818>, 7  <0.3636363636363636>}
x[2,3]{7  <0.3333333333333333>, 4  <0.3333333333333333>, 2  <0.3333333333333333>}
x[2,4]{0  <0.2>, 5  <0.2>, 7  <0.2>, 3  <0.2>, 4  <0.2>}
x[2,5]{5  <0.5>, 2  <0.5>}
x[2,6]{1  <1.0>}
x[2,7]{3  <0.3333333333333333>, 4  <0.3333333333333333>, 7  <0.3333333333333333>}
x[3,0]{0  <1.0>}
x[3,1]{4  <0.3333333333333333>, 1  <0.3333333333333333>, 2  <0.3333333333333333>}
x[3,2]{5  <0.25>, 1  <0.25>, 2  <0.25>, 3  <0.25>}
x[3,3]{4  <0.625>, 2  <0.375>}
x[3,4]{5  <0.25>, 1  <0.25>, 4  <0.25>, 3  <0.25>}
x[3,5]{7  <1.0>}
x[3,6]{6  <1.0>}
x[3,7]{4  <0.5>, 3  <0.5>}
x[4,0]{2  <0.5>, 7  <0.5>}
x[4,1]{0  <0.25>, 4  <0.25>, 2  <0.25>, 7  <0.25>}
x[4,2]{6  <1.0>}
x[4,3]{3  <1.0>}
x[4,4]{0  <0.05>, 5  <0.3>, 4  <0.25>, 7  <0.4>}
x[4,5]{2  <0.5>, 5  <0.5>}
x[4,6]{4  <0.5>, 2  <0.5>}
x[4,7]{1  <1.0>}
x[5,0]{5  <1.0>}
x[5,1]{7  <0.25>, 1  <0.25>, 2  <0.25>, 4  <0.25>}
x[5,2]{7  <0.33333333333333337>, 1  <0.33333333333333337>, 2  <0.33333333333333337>}
x[5,3]{6  <1.0>}
x[5,4]{7  <0.3333333333333333>, 1  <0.3333333333333333>, 4  <0.3333333333333333>}
x[5,5]{0  <1.0>}
x[5,6]{3  <1.0>}
x[5,7]{7  <0.5>, 4  <0.5>}
x[6,0]{7  <0.5>, 2  <0.5>}
x[6,1]{3  <1.0>}
x[6,2]{0  <0.33333333333333337>, 7  <0.33333333333333337>, 2  <0.33333333333333337>}
x[6,3]{5  <1.0>}
x[6,4]{0  <0.3333333333333333>, 7  <0.3333333333333333>, 4  <0.3333333333333333>}
x[6,5]{1  <1.0>}
x[6,6]{2  <0.375>, 4  <0.625>}
x[6,7]{6  <1.0>}
x[7,0]{4  <1.0>}
x[7,1]{7  <0.3333333333333333>, 1  <0.3333333333333333>, 2  <0.3333333333333333>}
x[7,2]{7  <0.33333333333333337>, 1  <0.33333333333333337>, 2  <0.33333333333333337>}
x[7,3]{7  <0.5>, 2  <0.5>}
x[7,4]{6  <1.0>}
x[7,5]{3  <1.0>}
x[7,6]{0  <1.0>}
x[7,7]{5  <1.0>}
problem entropy = 0.9892853608659886
smallest variable entropy = 0.6615632381579821
##### after BP iteration 2 #####
x[0,0]{3  <1.0>}
x[0,1]{5  <1.0>}
x[0,2]{4  <1.0>}
x[0,3]{1  <1.0>}
x[0,4]{2  <1.0>}
x[0,5]{6  <1.0>}
x[0,6]{7  <1.0>}
x[0,7]{0  <1.0>}
x[1,0]{1  <1.0>}
x[1,1]{6  <1.0>}
x[1,2]{7  <0.5>, 3  <0.5>}
x[1,3]{0  <1.0>}
x[1,4]{7  <0.5>, 3  <0.5>}
x[1,5]{4  <1.0>}
x[1,6]{5  <1.0>}
x[1,7]{2  <1.0>}
x[2,0]{6  <1.0>}
x[2,1]{0  <0.25>, 4  <0.25>, 2  <0.25>, 7  <0.25>}
x[2,2]{0  <0.045454545454545456>, 5  <0.2727272727272727>, 2  <0.13636363636363635>, 3  <0.18181818181818182>, 7  <0.36363636363636365>}
x[2,3]{7  <0.3333333333333333>, 4  <0.3333333333333333>, 2  <0.3333333333333333>}
x[2,4]{0  <0.19999999999999998>, 5  <0.19999999999999998>, 7  <0.19999999999999998>, 3  <0.19999999999999998>, 4  <0.19999999999999998>}
x[2,5]{5  <0.5>, 2  <0.5>}
x[2,6]{1  <1.0>}
x[2,7]{3  <0.3333333333333333>, 4  <0.3333333333333333>, 7  <0.3333333333333333>}
x[3,0]{0  <1.0>}
x[3,1]{4  <0.3333333333333333>, 1  <0.3333333333333333>, 2  <0.3333333333333333>}
x[3,2]{5  <0.25>, 1  <0.25>, 2  <0.25>, 3  <0.25>}
x[3,3]{4  <0.625>, 2  <0.375>}
x[3,4]{5  <0.25>, 1  <0.25>, 4  <0.25>, 3  <0.25>}
x[3,5]{7  <1.0>}
x[3,6]{6  <1.0>}
x[3,7]{4  <0.5>, 3  <0.5>}
x[4,0]{2  <0.5>, 7  <0.5>}
x[4,1]{0  <0.25>, 4  <0.25>, 2  <0.25>, 7  <0.25>}
x[4,2]{6  <1.0>}
x[4,3]{3  <1.0>}
x[4,4]{0  <0.05>, 5  <0.3>, 4  <0.25>, 7  <0.4>}
x[4,5]{2  <0.5>, 5  <0.5>}
x[4,6]{4  <0.5>, 2  <0.5>}
x[4,7]{1  <1.0>}
x[5,0]{5  <1.0>}
x[5,1]{7  <0.25>, 1  <0.25>, 2  <0.25>, 4  <0.25>}
x[5,2]{7  <0.33333333333333337>, 1  <0.33333333333333337>, 2  <0.33333333333333337>}
x[5,3]{6  <1.0>}
x[5,4]{7  <0.3333333333333333>, 1  <0.3333333333333333>, 4  <0.3333333333333333>}
x[5,5]{0  <1.0>}
x[5,6]{3  <1.0>}
x[5,7]{7  <0.5>, 4  <0.5>}
x[6,0]{7  <0.5>, 2  <0.5>}
x[6,1]{3  <1.0>}
x[6,2]{0  <0.33333333333333337>, 7  <0.33333333333333337>, 2  <0.33333333333333337>}
x[6,3]{5  <1.0>}
x[6,4]{0  <0.3333333333333333>, 7  <0.3333333333333333>, 4  <0.3333333333333333>}
x[6,5]{1  <1.0>}
x[6,6]{2  <0.375>, 4  <0.625>}
x[6,7]{6  <1.0>}
x[7,0]{4  <1.0>}
x[7,1]{7  <0.3333333333333333>, 1  <0.3333333333333333>, 2  <0.3333333333333333>}
x[7,2]{7  <0.33333333333333337>, 1  <0.33333333333333337>, 2  <0.33333333333333337>}
x[7,3]{7  <0.5>, 2  <0.5>}
x[7,4]{6  <1.0>}
x[7,5]{3  <1.0>}
x[7,6]{0  <1.0>}
x[7,7]{5  <1.0>}
problem entropy = 0.9892853608659886
smallest variable entropy = 0.6615632381579821
### branching on x[3,3]=4 marginal=0.625
##### after BP iteration 1 #####
x[0,0]{3  <1.0>}
x[0,1]{5  <1.0>}
x[0,2]{4  <1.0>}
x[0,3]{1  <1.0>}
x[0,4]{2  <1.0>}
x[0,5]{6  <1.0>}
x[0,6]{7  <1.0>}
x[0,7]{0  <1.0>}
x[1,0]{1  <1.0>}
x[1,1]{6  <1.0>}
x[1,2]{7  <0.5>, 3  <0.5>}
x[1,3]{0  <1.0>}
x[1,4]{7  <0.5>, 3  <0.5>}
x[1,5]{4  <1.0>}
x[1,6]{5  <1.0>}
x[1,7]{2  <1.0>}
x[2,0]{6  <1.0>}
x[2,1]{0  <0.25>, 4  <0.25>, 2  <0.25>, 7  <0.25>}
x[2,2]{0  <0.04545454545454545>, 5  <0.2727272727272727>, 2  <0.13636363636363635>, 3  <0.1818181818181818>, 7  <0.3636363636363636>}
x[2,3]{7  <0.5>, 2  <0.5>}
x[2,4]{0  <0.2>, 5  <0.2>, 7  <0.2>, 3  <0.2>, 4  <0.2>}
x[2,5]{5  <0.5>, 2  <0.5>}
x[2,6]{1  <1.0>}
x[2,7]{7  <0.5>, 4  <0.5>}
x[3,0]{0  <1.0>}
x[3,1]{2  <0.5>, 1  <0.5>}
x[3,2]{5  <0.3333333333333333>, 1  <0.3333333333333333>, 2  <0.3333333333333333>}
x[3,3]{4  <1.0>}
x[3,4]{5  <0.5>, 1  <0.5>}
x[3,5]{7  <1.0>}
x[3,6]{6  <1.0>}
x[3,7]{3  <1.0>}
x[4,0]{2  <0.5>, 7  <0.5>}
x[4,1]{0  <0.25>, 4  <0.25>, 2  <0.25>, 7  <0.25>}
x[4,2]{6  <1.0>}
x[4,3]{3  <1.0>}
x[4,4]{0  <0.05>, 5  <0.3>, 4  <0.25>, 7  <0.4>}
x[4,5]{2  <0.5>, 5  <0.5>}
x[4,6]{4  <0.5>, 2  <0.5>}
x[4,7]{1  <1.0>}
x[5,0]{5  <1.0>}
x[5,1]{7  <0.25>, 1  <0.25>, 2  <0.25>, 4  <0.25>}
x[5,2]{7  <0.33333333333333337>, 1  <0.33333333333333337>, 2  <0.33333333333333337>}
x[5,3]{6  <1.0>}
x[5,4]{7  <0.3333333333333333>, 1  <0.3333333333333333>, 4  <0.3333333333333333>}
x[5,5]{0  <1.0>}
x[5,6]{3  <1.0>}
x[5,7]{7  <0.5>, 4  <0.5>}
x[6,0]{7  <0.5>, 2  <0.5>}
x[6,1]{3  <1.0>}
x[6,2]{0  <0.33333333333333337>, 7  <0.33333333333333337>, 2  <0.33333333333333337>}
x[6,3]{5  <1.0>}
x[6,4]{0  <0.3333333333333333>, 7  <0.3333333333333333>, 4  <0.3333333333333333>}
x[6,5]{1  <1.0>}
x[6,6]{2  <0.375>, 4  <0.625>}
x[6,7]{6  <1.0>}
x[7,0]{4  <1.0>}
x[7,1]{7  <0.33333333333333337>, 1  <0.33333333333333337>, 2  <0.33333333333333337>}
x[7,2]{7  <0.33333333333333337>, 1  <0.33333333333333337>, 2  <0.33333333333333337>}
x[7,3]{7  <0.5>, 2  <0.5>}
x[7,4]{6  <1.0>}
x[7,5]{3  <1.0>}
x[7,6]{0  <1.0>}
x[7,7]{5  <1.0>}
problem entropy = 0.9901793134143966
smallest variable entropy = 0.6615632381579821
##### after BP iteration 2 #####
x[0,0]{3  <1.0>}
x[0,1]{5  <1.0>}
x[0,2]{4  <1.0>}
x[0,3]{1  <1.0>}
x[0,4]{2  <1.0>}
x[0,5]{6  <1.0>}
x[0,6]{7  <1.0>}
x[0,7]{0  <1.0>}
x[1,0]{1  <1.0>}
x[1,1]{6  <1.0>}
x[1,2]{7  <0.5>, 3  <0.5>}
x[1,3]{0  <1.0>}
x[1,4]{7  <0.5>, 3  <0.5>}
x[1,5]{4  <1.0>}
x[1,6]{5  <1.0>}
x[1,7]{2  <1.0>}
x[2,0]{6  <1.0>}
x[2,1]{0  <0.25>, 4  <0.25>, 2  <0.25>, 7  <0.25>}
x[2,2]{0  <0.04545454545454545>, 5  <0.2727272727272727>, 2  <0.13636363636363635>, 3  <0.1818181818181818>, 7  <0.3636363636363636>}
x[2,3]{7  <0.5>, 2  <0.5>}
x[2,4]{0  <0.2>, 5  <0.2>, 7  <0.2>, 3  <0.2>, 4  <0.2>}
x[2,5]{5  <0.5>, 2  <0.5>}
x[2,6]{1  <1.0>}
x[2,7]{7  <0.5>, 4  <0.5>}
x[3,0]{0  <1.0>}
x[3,1]{2  <0.5>, 1  <0.5>}
x[3,2]{5  <0.3333333333333333>, 1  <0.3333333333333333>, 2  <0.3333333333333333>}
x[3,3]{4  <1.0>}
x[3,4]{5  <0.5>, 1  <0.5>}
x[3,5]{7  <1.0>}
x[3,6]{6  <1.0>}
x[3,7]{3  <1.0>}
x[4,0]{2  <0.5>, 7  <0.5>}
x[4,1]{0  <0.25>, 4  <0.25>, 2  <0.25>, 7  <0.25>}
x[4,2]{6  <1.0>}
x[4,3]{3  <1.0>}
x[4,4]{0  <0.05>, 5  <0.3>, 4  <0.25>, 7  <0.4>}
x[4,5]{2  <0.5>, 5  <0.5>}
x[4,6]{4  <0.5>, 2  <0.5>}
x[4,7]{1  <1.0>}
x[5,0]{5  <1.0>}
x[5,1]{7  <0.25>, 1  <0.25>, 2  <0.25>, 4  <0.25>}
x[5,2]{7  <0.33333333333333337>, 1  <0.33333333333333337>, 2  <0.33333333333333337>}
x[5,3]{6  <1.0>}
x[5,4]{7  <0.3333333333333333>, 1  <0.3333333333333333>, 4  <0.3333333333333333>}
x[5,5]{0  <1.0>}
x[5,6]{3  <1.0>}
x[5,7]{7  <0.5>, 4  <0.5>}
x[6,0]{7  <0.5>, 2  <0.5>}
x[6,1]{3  <1.0>}
x[6,2]{0  <0.33333333333333337>, 7  <0.33333333333333337>, 2  <0.33333333333333337>}
x[6,3]{5  <1.0>}
x[6,4]{0  <0.3333333333333333>, 7  <0.3333333333333333>, 4  <0.3333333333333333>}
x[6,5]{1  <1.0>}
x[6,6]{2  <0.375>, 4  <0.625>}
x[6,7]{6  <1.0>}
x[7,0]{4  <1.0>}
x[7,1]{7  <0.33333333333333337>, 1  <0.33333333333333337>, 2  <0.33333333333333337>}
x[7,2]{7  <0.33333333333333337>, 1  <0.33333333333333337>, 2  <0.33333333333333337>}
x[7,3]{7  <0.5>, 2  <0.5>}
x[7,4]{6  <1.0>}
x[7,5]{3  <1.0>}
x[7,6]{0  <1.0>}
x[7,7]{5  <1.0>}
problem entropy = 0.9901793134143966
smallest variable entropy = 0.6615632381579821
### branching on x[6,6]=4 marginal=0.625
##### after BP iteration 1 #####
x[0,0]{3  <1.0>}
x[0,1]{5  <1.0>}
x[0,2]{4  <1.0>}
x[0,3]{1  <1.0>}
x[0,4]{2  <1.0>}
x[0,5]{6  <1.0>}
x[0,6]{7  <1.0>}
x[0,7]{0  <1.0>}
x[1,0]{1  <1.0>}
x[1,1]{6  <1.0>}
x[1,2]{7  <1.0>}
x[1,3]{0  <1.0>}
x[1,4]{3  <1.0>}
x[1,5]{4  <1.0>}
x[1,6]{5  <1.0>}
x[1,7]{2  <1.0>}
x[2,0]{6  <1.0>}
x[2,1]{0  <1.0>}
x[2,2]{3  <1.0>}
x[2,3]{7  <1.0>}
x[2,4]{5  <1.0>}
x[2,5]{2  <1.0>}
x[2,6]{1  <1.0>}
x[2,7]{4  <1.0>}
x[3,0]{0  <1.0>}
x[3,1]{2  <1.0>}
x[3,2]{5  <1.0>}
x[3,3]{4  <1.0>}
x[3,4]{1  <1.0>}
x[3,5]{7  <1.0>}
x[3,6]{6  <1.0>}
x[3,7]{3  <1.0>}
x[4,0]{7  <1.0>}
x[4,1]{4  <1.0>}
x[4,2]{6  <1.0>}
x[4,3]{3  <1.0>}
x[4,4]{0  <1.0>}
x[4,5]{5  <1.0>}
x[4,6]{2  <1.0>}
x[4,7]{1  <1.0>}
x[5,0]{5  <1.0>}
x[5,1]{1  <1.0>}
x[5,2]{2  <1.0>}
x[5,3]{6  <1.0>}
x[5,4]{4  <1.0>}
x[5,5]{0  <1.0>}
x[5,6]{3  <1.0>}
x[5,7]{7  <1.0>}
x[6,0]{2  <1.0>}
x[6,1]{3  <1.0>}
x[6,2]{0  <1.0>}
x[6,3]{5  <1.0>}
x[6,4]{7  <1.0>}
x[6,5]{1  <1.0>}
x[6,6]{4  <1.0>}
x[6,7]{6  <1.0>}
x[7,0]{4  <1.0>}
x[7,1]{7  <1.0>}
x[7,2]{1  <1.0>}
x[7,3]{2  <1.0>}
x[7,4]{6  <1.0>}
x[7,5]{3  <1.0>}
x[7,6]{0  <1.0>}
x[7,7]{5  <1.0>}
problem entropy = 0.0
smallest variable entropy = 1.7976931348623157E308
### branching on x[6,6]!=4
##### after BP iteration 1 #####
x[0,0]{3  <1.0>}
x[0,1]{5  <1.0>}
x[0,2]{4  <1.0>}
x[0,3]{1  <1.0>}
x[0,4]{2  <1.0>}
x[0,5]{6  <1.0>}
x[0,6]{7  <1.0>}
x[0,7]{0  <1.0>}
x[1,0]{1  <1.0>}
x[1,1]{6  <1.0>}
x[1,2]{3  <1.0>}
x[1,3]{0  <1.0>}
x[1,4]{7  <1.0>}
x[1,5]{4  <1.0>}
x[1,6]{5  <1.0>}
x[1,7]{2  <1.0>}
x[2,0]{6  <1.0>}
x[2,1]{0  <1.0>}
x[2,2]{5  <1.0>}
x[2,3]{7  <1.0>}
x[2,4]{3  <1.0>}
x[2,5]{2  <1.0>}
x[2,6]{1  <1.0>}
x[2,7]{4  <1.0>}
x[3,0]{0  <1.0>}
x[3,1]{2  <1.0>}
x[3,2]{1  <1.0>}
x[3,3]{4  <1.0>}
x[3,4]{5  <1.0>}
x[3,5]{7  <1.0>}
x[3,6]{6  <1.0>}
x[3,7]{3  <1.0>}
x[4,0]{2  <1.0>}
x[4,1]{7  <1.0>}
x[4,2]{6  <1.0>}
x[4,3]{3  <1.0>}
x[4,4]{0  <1.0>}
x[4,5]{5  <1.0>}
x[4,6]{4  <1.0>}
x[4,7]{1  <1.0>}
x[5,0]{5  <1.0>}
x[5,1]{4  <1.0>}
x[5,2]{2  <1.0>}
x[5,3]{6  <1.0>}
x[5,4]{1  <1.0>}
x[5,5]{0  <1.0>}
x[5,6]{3  <1.0>}
x[5,7]{7  <1.0>}
x[6,0]{7  <1.0>}
x[6,1]{3  <1.0>}
x[6,2]{0  <1.0>}
x[6,3]{5  <1.0>}
x[6,4]{4  <1.0>}
x[6,5]{1  <1.0>}
x[6,6]{2  <1.0>}
x[6,7]{6  <1.0>}
x[7,0]{4  <1.0>}
x[7,1]{1  <1.0>}
x[7,2]{7  <1.0>}
x[7,3]{2  <1.0>}
x[7,4]{6  <1.0>}
x[7,5]{3  <1.0>}
x[7,6]{0  <1.0>}
x[7,7]{5  <1.0>}
problem entropy = 0.0
smallest variable entropy = 1.7976931348623157E308

	#choice: 3
	#fail: 0
	execution time (ms): 26
	#sols : 1
	completed : false

