{3  <1.0>, 1  <1.0>, 5  <1.0>}
model: sum-product-oracle
FINAL DAMPING FACTOR = 1.0
##### after BP iteration 1 #####
x[0,0]{3  <0.40191387559808617>, 1  <0.16746411483253587>, 5  <0.4306220095693779>}
x[0,1]{0  <0.11013767209011262>, 1  <0.20275344180225274>, 5  <0.10137672090112637>, 3  <0.5857321652065082>}
x[0,2]{7  <1.0>}
x[0,3]{2  <1.0>}
x[0,4]{4  <1.0>}
x[0,5]{5  <0.5116279069767442>, 1  <0.4883720930232558>}
x[0,6]{6  <1.0>}
x[0,7]{0  <0.8596491228070176>, 3  <0.14035087719298245>}
x[1,0]{7  <1.0>}
x[1,1]{6  <1.0>}
x[1,2]{4  <0.7777777777777778>, 2  <0.22222222222222227>}
x[1,3]{0  <1.0>}
x[1,4]{3  <1.0>}
x[1,5]{4  <0.25>, 1  <0.75>}
x[1,6]{4  <0.17374517374517373>, 1  <0.34749034749034746>, 2  <0.4787644787644787>}
x[1,7]{5  <1.0>}
x[2,0]{0  <1.0>}
x[2,1]{4  <1.0>}
x[2,2]{5  <1.0>}
x[2,3]{7  <0.5068965517241378>, 1  <0.12327586206896551>, 3  <0.36982758620689654>}
x[2,4]{2  <0.04320337197049525>, 1  <0.9567966280295047>}
x[2,5]{6  <1.0>}
x[2,6]{7  <0.2893518518518518>, 1  <0.07870370370370369>, 2  <0.11805555555555555>, 3  <0.5138888888888888>}
x[2,7]{3  <0.27800698191050466>, 2  <0.7219930180894955>}
x[3,0]{2  <1.0>}
x[3,1]{5  <0.17765273311897095>, 1  <0.822347266881029>}
x[3,2]{0  <1.0>}
x[3,3]{5  <0.36648044692737436>, 1  <0.18100558659217872>, 4  <0.45251396648044695>}
x[3,4]{6  <1.0>}
x[3,5]{3  <1.0>}
x[3,6]{4  <0.6905158069883528>, 1  <0.30948419301164715>}
x[3,7]{7  <1.0>}
x[4,0]{6  <1.0>}
x[4,1]{3  <0.3036647134770087>, 7  <0.4637004667792234>, 5  <0.23263481974376804>}
x[4,2]{1  <1.0>}
x[4,3]{4  <0.04869251577998198>, 7  <0.08295761947700635>, 5  <0.7222723174030656>, 3  <0.14607754733994593>}
x[4,4]{0  <1.0>}
x[4,5]{2  <1.0>}
x[4,6]{4  <0.035896151598630945>, 7  <0.274897737707655>, 3  <0.6892061106937141>}
x[4,7]{4  <0.8676607642124883>, 3  <0.13233923578751167>}
x[5,0]{4  <0.21229235880398678>, 1  <0.50265780730897>, 3  <0.28504983388704325>}
x[5,1]{7  <0.4623287671232877>, 1  <0.3150684931506849>, 3  <0.22260273972602734>}
x[5,2]{4  <0.47297297297297297>, 2  <0.5270270270270271>}
x[5,3]{7  <0.15116692335031393>, 1  <0.37827271650278393>, 4  <0.17770406349958534>, 3  <0.29285629664731666>}
x[5,4]{5  <1.0>}
x[5,5]{0  <1.0>}
x[5,6]{7  <0.11320754716981128>, 1  <0.1915094339622641>, 2  <0.34669811320754723>, 3  <0.23301886792452828>, 4  <0.11556603773584903>}
x[5,7]{6  <1.0>}
x[6,0]{4  <0.46153846153846156>, 5  <0.5384615384615384>}
x[6,1]{2  <1.0>}
x[6,2]{3  <1.0>}
x[6,3]{6  <1.0>}
x[6,4]{7  <1.0>}
x[6,5]{4  <0.7999999999999999>, 5  <0.19999999999999998>}
x[6,6]{0  <1.0>}
x[6,7]{1  <1.0>}
x[7,0]{3  <0.3236245954692556>, 1  <0.453074433656958>, 4  <0.2233009708737864>}
x[7,1]{0  <0.915057915057915>, 1  <0.03474903474903475>, 3  <0.0501930501930502>}
x[7,2]{6  <1.0>}
x[7,3]{3  <0.37086684539767634>, 1  <0.41537086684539765>, 4  <0.21376228775692582>}
x[7,4]{2  <0.8285714285714285>, 1  <0.17142857142857143>}
x[7,5]{7  <1.0>}
x[7,6]{5  <1.0>}
x[7,7]{0  <0.02649006622516556>, 4  <0.2980132450331126>, 2  <0.3576158940397351>, 3  <0.31788079470198677>}
problem entropy = 0.0
smallest variable entropy = 1.7976931348623157E308
### branching on x[0,5]=1
##### after BP iteration 1 #####
x[0,0]{5  <1.0>}
x[0,1]{0  <0.01940316870489917>, 3  <0.9805968312951008>}
x[0,2]{7  <1.0>}
x[0,3]{2  <1.0>}
x[0,4]{4  <1.0>}
x[0,5]{1  <1.0>}
x[0,6]{6  <1.0>}
x[0,7]{0  <0.9590975663431404>, 3  <0.040902433656859694>}
x[1,0]{7  <1.0>}
x[1,1]{6  <1.0>}
x[1,2]{2  <1.0>}
x[1,3]{0  <1.0>}
x[1,4]{3  <1.0>}
x[1,5]{4  <1.0>}
x[1,6]{1  <1.0>}
x[1,7]{5  <1.0>}
x[2,0]{0  <1.0>}
x[2,1]{4  <1.0>}
x[2,2]{5  <1.0>}
x[2,3]{7  <0.6173694591863093>, 1  <0.019561360558426503>, 3  <0.36306918025526425>}
x[2,4]{2  <0.041639592663192226>, 1  <0.9583604073368078>}
x[2,5]{6  <1.0>}
x[2,6]{7  <0.6164757986643052>, 3  <0.3835242013356948>}
x[2,7]{3  <0.04768893592185375>, 2  <0.9523110640781461>}
x[3,0]{2  <1.0>}
x[3,1]{5  <0.22557873996597044>, 1  <0.7744212600340296>}
x[3,2]{0  <1.0>}
x[3,3]{5  <0.7572840888680283>, 1  <0.24271591113197172>}
x[3,4]{6  <1.0>}
x[3,5]{3  <1.0>}
x[3,6]{4  <1.0>}
x[3,7]{7  <1.0>}
x[4,0]{6  <1.0>}
x[4,1]{3  <0.003863141112008708>, 7  <0.24250781322951961>, 5  <0.7536290456584717>}
x[4,2]{1  <1.0>}
x[4,3]{4  <0.19185647367059522>, 7  <0.20019895325276754>, 5  <0.45738362417871586>, 3  <0.15056094889792132>}
x[4,4]{0  <1.0>}
x[4,5]{2  <1.0>}
x[4,6]{3  <0.4350035221345517>, 7  <0.5649964778654483>}
x[4,7]{4  <0.9307658479199374>, 3  <0.06923415208006264>}
x[5,0]{3  <0.5420087497726074>, 1  <0.45799125022739257>}
x[5,1]{7  <0.920118438145281>, 1  <0.07715468122915624>, 3  <0.002726880625562693>}
x[5,2]{4  <1.0>}
x[5,3]{7  <0.3503309079191586>, 1  <0.24074897296732814>, 3  <0.4089201191135131>}
x[5,4]{5  <1.0>}
x[5,5]{0  <1.0>}
x[5,6]{2  <1.0>}
x[5,7]{6  <1.0>}
x[6,0]{4  <1.0>}
x[6,1]{2  <1.0>}
x[6,2]{3  <1.0>}
x[6,3]{6  <1.0>}
x[6,4]{7  <1.0>}
x[6,5]{5  <1.0>}
x[6,6]{0  <1.0>}
x[6,7]{1  <1.0>}
x[7,0]{3  <0.5463847720252591>, 1  <0.45361522797474074>}
x[7,1]{0  <0.9869407966293705>, 1  <0.0034813668507020206>, 3  <0.009577836519927451>}
x[7,2]{6  <1.0>}
x[7,3]{3  <0.04015839182069769>, 1  <0.03520851382755519>, 4  <0.9246330943517471>}
x[7,4]{2  <0.9591971323308152>, 1  <0.040802867669184825>}
x[7,5]{7  <1.0>}
x[7,6]{5  <1.0>}
x[7,7]{0  <0.09312658070571972>, 4  <0.37905210299890724>, 2  <0.16361340165419208>, 3  <0.36420791464118096>}
problem entropy = 0.0
smallest variable entropy = 1.7976931348623157E308
### branching on x[0,1]=3
##### after BP iteration 1 #####
x[0,0]{5  <1.0>}
x[0,1]{3  <1.0>}
x[0,2]{7  <1.0>}
x[0,3]{2  <1.0>}
x[0,4]{4  <1.0>}
x[0,5]{1  <1.0>}
x[0,6]{6  <1.0>}
x[0,7]{0  <1.0>}
x[1,0]{7  <1.0>}
x[1,1]{6  <1.0>}
x[1,2]{2  <1.0>}
x[1,3]{0  <1.0>}
x[1,4]{3  <1.0>}
x[1,5]{4  <1.0>}
x[1,6]{1  <1.0>}
x[1,7]{5  <1.0>}
x[2,0]{0  <1.0>}
x[2,1]{4  <1.0>}
x[2,2]{5  <1.0>}
x[2,3]{7  <0.3242965166749704>, 1  <0.10200530922674314>, 3  <0.5736981740982865>}
x[2,4]{2  <0.03893254975421252>, 1  <0.9610674502457875>}
x[2,5]{6  <1.0>}
x[2,6]{7  <0.4683949456680055>, 3  <0.5316050543319943>}
x[2,7]{3  <0.02955263008366985>, 2  <0.9704473699163302>}
x[3,0]{2  <1.0>}
x[3,1]{5  <0.10615943968307022>, 1  <0.8938405603169298>}
x[3,2]{0  <1.0>}
x[3,3]{5  <0.46142984998749864>, 1  <0.5385701500125013>}
x[3,4]{6  <1.0>}
x[3,5]{3  <1.0>}
x[3,6]{4  <1.0>}
x[3,7]{7  <1.0>}
x[4,0]{6  <1.0>}
x[4,1]{5  <0.988476204210896>, 7  <0.011523795789104088>}
x[4,2]{1  <1.0>}
x[4,3]{4  <0.3483660750953599>, 7  <0.2209885835823632>, 5  <0.047749865040993406>, 3  <0.3828954762812836>}
x[4,4]{0  <1.0>}
x[4,5]{2  <1.0>}
x[4,6]{3  <0.3025547942076812>, 7  <0.6974452057923187>}
x[4,7]{4  <0.17864930848231908>, 3  <0.8213506915176809>}
x[5,0]{3  <0.5361327419537788>, 1  <0.46386725804622125>}
x[5,1]{7  <0.888122470688786>, 1  <0.11187752931121406>}
x[5,2]{4  <1.0>}
x[5,3]{7  <0.07914642361256952>, 1  <0.6187605981542065>, 3  <0.3020929782332239>}
x[5,4]{5  <1.0>}
x[5,5]{0  <1.0>}
x[5,6]{2  <1.0>}
x[5,7]{6  <1.0>}
x[6,0]{4  <1.0>}
x[6,1]{2  <1.0>}
x[6,2]{3  <1.0>}
x[6,3]{6  <1.0>}
x[6,4]{7  <1.0>}
x[6,5]{5  <1.0>}
x[6,6]{0  <1.0>}
x[6,7]{1  <1.0>}
x[7,0]{3  <0.1446763010607183>, 1  <0.8553236989392816>}
x[7,1]{0  <1.0>}
x[7,2]{6  <1.0>}
x[7,3]{3  <0.03192557306117758>, 1  <0.0912131296551138>, 4  <0.8768612972837085>}
x[7,4]{2  <0.8708071231170078>, 1  <0.12919287688299216>}
x[7,5]{7  <1.0>}
x[7,6]{5  <1.0>}
x[7,7]{3  <0.9539371820380615>, 4  <0.02827408501939568>, 2  <0.017788732942542712>}
problem entropy = 0.0
smallest variable entropy = 1.7976931348623157E308
### branching on x[2,4]=1
##### after BP iteration 1 #####
x[0,0]{5  <1.0>}
x[0,1]{3  <1.0>}
x[0,2]{7  <1.0>}
x[0,3]{2  <1.0>}
x[0,4]{4  <1.0>}
x[0,5]{1  <1.0>}
x[0,6]{6  <1.0>}
x[0,7]{0  <1.0>}
x[1,0]{7  <1.0>}
x[1,1]{6  <1.0>}
x[1,2]{2  <1.0>}
x[1,3]{0  <1.0>}
x[1,4]{3  <1.0>}
x[1,5]{4  <1.0>}
x[1,6]{1  <1.0>}
x[1,7]{5  <1.0>}
x[2,0]{0  <1.0>}
x[2,1]{4  <1.0>}
x[2,2]{5  <1.0>}
x[2,3]{7  <0.6297450231497358>, 3  <0.3702549768502643>}
x[2,4]{1  <1.0>}
x[2,5]{6  <1.0>}
x[2,6]{7  <0.32315007293837333>, 3  <0.6768499270616266>}
x[2,7]{2  <1.0>}
x[3,0]{2  <1.0>}
x[3,1]{5  <0.08083718815306708>, 1  <0.9191628118469329>}
x[3,2]{0  <1.0>}
x[3,3]{5  <0.989071374912572>, 1  <0.010928625087428027>}
x[3,4]{6  <1.0>}
x[3,5]{3  <1.0>}
x[3,6]{4  <1.0>}
x[3,7]{7  <1.0>}
x[4,0]{6  <1.0>}
x[4,1]{5  <0.9833565228666208>, 7  <0.016643477133379325>}
x[4,2]{1  <1.0>}
x[4,3]{4  <0.5300831035285777>, 7  <0.2856880565248169>, 5  <0.006495530792823906>, 3  <0.17773330915378144>}
x[4,4]{0  <1.0>}
x[4,5]{2  <1.0>}
x[4,6]{3  <0.10246567552555329>, 7  <0.8975343244744467>}
x[4,7]{4  <0.8325569975249838>, 3  <0.16744300247501628>}
x[5,0]{3  <0.9185435212016941>, 1  <0.0814564787983059>}
x[5,1]{7  <0.9792327170708236>, 1  <0.020767282929176425>}
x[5,2]{4  <1.0>}
x[5,3]{7  <0.048532347616815026>, 1  <0.8423957045575542>, 3  <0.10907194782563079>}
x[5,4]{5  <1.0>}
x[5,5]{0  <1.0>}
x[5,6]{2  <1.0>}
x[5,7]{6  <1.0>}
x[6,0]{4  <1.0>}
x[6,1]{2  <1.0>}
x[6,2]{3  <1.0>}
x[6,3]{6  <1.0>}
x[6,4]{7  <1.0>}
x[6,5]{5  <1.0>}
x[6,6]{0  <1.0>}
x[6,7]{1  <1.0>}
x[7,0]{3  <0.0352026895299147>, 1  <0.9647973104700853>}
x[7,1]{0  <1.0>}
x[7,2]{6  <1.0>}
x[7,3]{3  <0.03638694789561344>, 1  <0.047898762021757996>, 4  <0.9157142900826286>}
x[7,4]{2  <1.0>}
x[7,5]{7  <1.0>}
x[7,6]{5  <1.0>}
x[7,7]{3  <0.6225575791984888>, 4  <0.3774424208015113>}
problem entropy = 0.0
smallest variable entropy = 1.7976931348623157E308
### branching on x[2,3]=3
##### after BP iteration 1 #####
x[0,0]{5  <1.0>}
x[0,1]{3  <1.0>}
x[0,2]{7  <1.0>}
x[0,3]{2  <1.0>}
x[0,4]{4  <1.0>}
x[0,5]{1  <1.0>}
x[0,6]{6  <1.0>}
x[0,7]{0  <1.0>}
x[1,0]{7  <1.0>}
x[1,1]{6  <1.0>}
x[1,2]{2  <1.0>}
x[1,3]{0  <1.0>}
x[1,4]{3  <1.0>}
x[1,5]{4  <1.0>}
x[1,6]{1  <1.0>}
x[1,7]{5  <1.0>}
x[2,0]{0  <1.0>}
x[2,1]{4  <1.0>}
x[2,2]{5  <1.0>}
x[2,3]{3  <1.0>}
x[2,4]{1  <1.0>}
x[2,5]{6  <1.0>}
x[2,6]{7  <1.0>}
x[2,7]{2  <1.0>}
x[3,0]{2  <1.0>}
x[3,1]{5  <8.564237950722312E-4>, 1  <0.9991435762049278>}
x[3,2]{0  <1.0>}
x[3,3]{5  <0.9995107109001006>, 1  <4.892890998994961E-4>}
x[3,4]{6  <1.0>}
x[3,5]{3  <1.0>}
x[3,6]{4  <1.0>}
x[3,7]{7  <1.0>}
x[4,0]{6  <1.0>}
x[4,1]{5  <0.9146047234679635>, 7  <0.08539527653203645>}
x[4,2]{1  <1.0>}
x[4,3]{5  <0.004962343574847433>, 7  <0.9950376564251526>}
x[4,4]{0  <1.0>}
x[4,5]{2  <1.0>}
x[4,6]{3  <1.0>}
x[4,7]{4  <1.0>}
x[5,0]{3  <1.0>}
x[5,1]{7  <0.9828261241824054>, 1  <0.017173875817594525>}
x[5,2]{4  <1.0>}
x[5,3]{7  <4.6132420588994896E-4>, 1  <0.99953867579411>}
x[5,4]{5  <1.0>}
x[5,5]{0  <1.0>}
x[5,6]{2  <1.0>}
x[5,7]{6  <1.0>}
x[6,0]{4  <1.0>}
x[6,1]{2  <1.0>}
x[6,2]{3  <1.0>}
x[6,3]{6  <1.0>}
x[6,4]{7  <1.0>}
x[6,5]{5  <1.0>}
x[6,6]{0  <1.0>}
x[6,7]{1  <1.0>}
x[7,0]{1  <1.0>}
x[7,1]{0  <1.0>}
x[7,2]{6  <1.0>}
x[7,3]{4  <1.0>}
x[7,4]{2  <1.0>}
x[7,5]{7  <1.0>}
x[7,6]{5  <1.0>}
x[7,7]{3  <1.0>}
problem entropy = 0.0
smallest variable entropy = 1.7976931348623157E308
### branching on x[3,1]=5
##### after BP iteration 1 #####
x[0,0]{5  <1.0>}
x[0,1]{3  <1.0>}
x[0,2]{7  <1.0>}
x[0,3]{2  <1.0>}
x[0,4]{4  <1.0>}
x[0,5]{1  <1.0>}
x[0,6]{6  <1.0>}
x[0,7]{0  <1.0>}
x[1,0]{7  <1.0>}
x[1,1]{6  <1.0>}
x[1,2]{2  <1.0>}
x[1,3]{0  <1.0>}
x[1,4]{3  <1.0>}
x[1,5]{4  <1.0>}
x[1,6]{1  <1.0>}
x[1,7]{5  <1.0>}
x[2,0]{0  <1.0>}
x[2,1]{4  <1.0>}
x[2,2]{5  <1.0>}
x[2,3]{3  <1.0>}
x[2,4]{1  <1.0>}
x[2,5]{6  <1.0>}
x[2,6]{7  <1.0>}
x[2,7]{2  <1.0>}
x[3,0]{2  <1.0>}
x[3,1]{5  <1.0>}
x[3,2]{0  <1.0>}
x[3,3]{1  <1.0>}
x[3,4]{6  <1.0>}
x[3,5]{3  <1.0>}
x[3,6]{4  <1.0>}
x[3,7]{7  <1.0>}
x[4,0]{6  <1.0>}
x[4,1]{7  <1.0>}
x[4,2]{1  <1.0>}
x[4,3]{5  <1.0>}
x[4,4]{0  <1.0>}
x[4,5]{2  <1.0>}
x[4,6]{3  <1.0>}
x[4,7]{4  <1.0>}
x[5,0]{3  <1.0>}
x[5,1]{1  <1.0>}
x[5,2]{4  <1.0>}
x[5,3]{7  <1.0>}
x[5,4]{5  <1.0>}
x[5,5]{0  <1.0>}
x[5,6]{2  <1.0>}
x[5,7]{6  <1.0>}
x[6,0]{4  <1.0>}
x[6,1]{2  <1.0>}
x[6,2]{3  <1.0>}
x[6,3]{6  <1.0>}
x[6,4]{7  <1.0>}
x[6,5]{5  <1.0>}
x[6,6]{0  <1.0>}
x[6,7]{1  <1.0>}
x[7,0]{1  <1.0>}
x[7,1]{0  <1.0>}
x[7,2]{6  <1.0>}
x[7,3]{4  <1.0>}
x[7,4]{2  <1.0>}
x[7,5]{7  <1.0>}
x[7,6]{5  <1.0>}
x[7,7]{3  <1.0>}
problem entropy = 0.0
smallest variable entropy = 1.7976931348623157E308
### branching on x[3,1]!=5
##### after BP iteration 1 #####
x[0,0]{5  <1.0>}
x[0,1]{3  <1.0>}
x[0,2]{7  <1.0>}
x[0,3]{2  <1.0>}
x[0,4]{4  <1.0>}
x[0,5]{1  <1.0>}
x[0,6]{6  <1.0>}
x[0,7]{0  <1.0>}
x[1,0]{7  <1.0>}
x[1,1]{6  <1.0>}
x[1,2]{2  <1.0>}
x[1,3]{0  <1.0>}
x[1,4]{3  <1.0>}
x[1,5]{4  <1.0>}
x[1,6]{1  <1.0>}
x[1,7]{5  <1.0>}
x[2,0]{0  <1.0>}
x[2,1]{4  <1.0>}
x[2,2]{5  <1.0>}
x[2,3]{3  <1.0>}
x[2,4]{1  <1.0>}
x[2,5]{6  <1.0>}
x[2,6]{7  <1.0>}
x[2,7]{2  <1.0>}
x[3,0]{2  <1.0>}
x[3,1]{1  <1.0>}
x[3,2]{0  <1.0>}
x[3,3]{5  <1.0>}
x[3,4]{6  <1.0>}
x[3,5]{3  <1.0>}
x[3,6]{4  <1.0>}
x[3,7]{7  <1.0>}
x[4,0]{6  <1.0>}
x[4,1]{5  <1.0>}
x[4,2]{1  <1.0>}
x[4,3]{7  <1.0>}
x[4,4]{0  <1.0>}
x[4,5]{2  <1.0>}
x[4,6]{3  <1.0>}
x[4,7]{4  <1.0>}
x[5,0]{3  <1.0>}
x[5,1]{7  <1.0>}
x[5,2]{4  <1.0>}
x[5,3]{1  <1.0>}
x[5,4]{5  <1.0>}
x[5,5]{0  <1.0>}
x[5,6]{2  <1.0>}
x[5,7]{6  <1.0>}
x[6,0]{4  <1.0>}
x[6,1]{2  <1.0>}
x[6,2]{3  <1.0>}
x[6,3]{6  <1.0>}
x[6,4]{7  <1.0>}
x[6,5]{5  <1.0>}
x[6,6]{0  <1.0>}
x[6,7]{1  <1.0>}
x[7,0]{1  <1.0>}
x[7,1]{0  <1.0>}
x[7,2]{6  <1.0>}
x[7,3]{4  <1.0>}
x[7,4]{2  <1.0>}
x[7,5]{7  <1.0>}
x[7,6]{5  <1.0>}
x[7,7]{3  <1.0>}
problem entropy = 0.0
smallest variable entropy = 1.7976931348623157E308

	#choice: 6
	#fail: 0
	execution time (ms): 48
	#sols : 1
	completed : false

