{7  <1.0>}
model: sum-product-oracle
FINAL DAMPING FACTOR = 1.0
##### after BP iteration 1 #####
x[0,0]{7  <1.0>}
x[0,1]{4  <0.26470588235294124>, 1  <0.7352941176470588>}
x[0,2]{3  <0.6809701492537313>, 4  <0.3190298507462686>}
x[0,3]{5  <0.15247524752475253>, 4  <0.41188118811881186>, 3  <0.4356435643564357>}
x[0,4]{2  <1.0>}
x[0,5]{0  <1.0>}
x[0,6]{5  <0.29064039408866993>, 1  <0.7093596059113301>}
x[0,7]{6  <1.0>}
x[1,0]{0  <1.0>}
x[1,1]{5  <1.0>}
x[1,2]{6  <1.0>}
x[1,3]{1  <1.0>}
x[1,4]{7  <1.0>}
x[1,5]{3  <0.5261121856866539>, 4  <0.47388781431334615>}
x[1,6]{2  <1.0>}
x[1,7]{3  <0.6156980484666523>, 4  <0.38430195153334773>}
x[2,0]{6  <1.0>}
x[2,1]{4  <0.3319919517102615>, 1  <0.07645875251509053>, 2  <0.591549295774648>}
x[2,2]{5  <1.0>}
x[2,3]{4  <0.31416603198781423>, 7  <0.22772277227722776>, 2  <0.3441546077684691>, 3  <0.11395658796648896>}
x[2,4]{0  <0.07581493079117986>, 1  <0.25271643597059956>, 3  <0.6714686332382207>}
x[2,5]{7  <0.27690056812783836>, 1  <0.2014098690835851>, 4  <0.32833608846833495>, 3  <0.19335347432024166>}
x[2,6]{0  <0.9610199629241963>, 1  <0.03898003707580362>}
x[2,7]{7  <0.18735411803934646>, 1  <0.29709903301100365>, 4  <0.3326108702900968>, 3  <0.1829359786595532>}
x[3,0]{1  <1.0>}
x[3,1]{3  <1.0>}
x[3,2]{7  <1.0>}
x[3,3]{6  <1.0>}
x[3,4]{5  <1.0>}
x[3,5]{2  <1.0>}
x[3,6]{4  <1.0>}
x[3,7]{0  <1.0>}
x[4,0]{4  <1.0>}
x[4,1]{7  <1.0>}
x[4,2]{1  <1.0>}
x[4,3]{0  <1.0>}
x[4,4]{6  <1.0>}
x[4,5]{5  <1.0>}
x[4,6]{3  <1.0>}
x[4,7]{2  <1.0>}
x[5,0]{3  <1.0>}
x[5,1]{4  <0.5245367542252086>, 1  <0.2345754428833231>, 2  <0.2408878028914681>}
x[5,2]{0  <0.7066450567260941>, 4  <0.2420313344138303>, 2  <0.05132360886007563>}
x[5,3]{5  <0.20980926430517716>, 4  <0.5019360390076006>, 2  <0.28825469668722215>}
x[5,4]{0  <0.3053637812002124>, 1  <0.6946362187997875>}
x[5,5]{6  <1.0>}
x[5,6]{7  <1.0>}
x[5,7]{4  <0.1388211339003542>, 1  <0.18618363840753382>, 5  <0.674995227692112>}
x[6,0]{2  <1.0>}
x[6,1]{6  <1.0>}
x[6,2]{0  <0.542212899842685>, 3  <0.12270582066072365>, 4  <0.33508127949659144>}
x[6,3]{4  <0.3571570906675523>, 5  <0.06775157754898703>, 7  <0.41727000996346725>, 3  <0.15782132181999337>}
x[6,4]{0  <0.19386760626733635>, 1  <0.2807556788364945>, 3  <0.5253767148961692>}
x[6,5]{4  <0.3236765183501137>, 1  <0.23150373497888924>, 7  <0.3183501136732705>, 3  <0.12646963299772657>}
x[6,6]{0  <0.059858294649401386>, 1  <0.356706572196433>, 5  <0.5834351331541657>}
x[6,7]{5  <0.1280437505728514>, 1  <0.4235250985304452>, 7  <0.1430325990651065>, 3  <0.0916195655494791>, 4  <0.21377898628211786>}
x[7,0]{5  <1.0>}
x[7,1]{0  <1.0>}
x[7,2]{3  <0.18619022031166035>, 2  <0.8138097796883396>}
x[7,3]{7  <0.1644166834575862>, 3  <0.6050775740479548>, 2  <0.230505742494459>}
x[7,4]{4  <1.0>}
x[7,5]{7  <0.055231068757044775>, 1  <0.8955835638897428>, 3  <0.04918536735321243>}
x[7,6]{6  <1.0>}
x[7,7]{7  <0.5143302450428607>, 1  <0.2840938609403411>, 3  <0.20157589401679807>}
problem entropy = 0.0
smallest variable entropy = 1.7976931348623157E308
### branching on x[0,1]=1
##### after BP iteration 1 #####
x[0,0]{7  <1.0>}
x[0,1]{1  <1.0>}
x[0,2]{3  <0.5466731449626161>, 4  <0.4533268550373839>}
x[0,3]{3  <0.4187829531215814>, 4  <0.5812170468784186>}
x[0,4]{2  <1.0>}
x[0,5]{0  <1.0>}
x[0,6]{5  <1.0>}
x[0,7]{6  <1.0>}
x[1,0]{0  <1.0>}
x[1,1]{5  <1.0>}
x[1,2]{6  <1.0>}
x[1,3]{1  <1.0>}
x[1,4]{7  <1.0>}
x[1,5]{3  <0.6133304616570094>, 4  <0.38666953834299056>}
x[1,6]{2  <1.0>}
x[1,7]{3  <0.5743366685695678>, 4  <0.4256633314304322>}
x[2,0]{6  <1.0>}
x[2,1]{4  <0.3581521778421928>, 2  <0.6418478221578072>}
x[2,2]{5  <1.0>}
x[2,3]{4  <0.12501567279127332>, 7  <0.45019948951212274>, 2  <0.3841262428732362>, 3  <0.04065859482336775>}
x[2,4]{0  <0.08116604702242765>, 1  <0.2732499990041945>, 3  <0.6455839539733779>}
x[2,5]{7  <0.6205083653494438>, 1  <0.07393434158373642>, 4  <0.20658091520748512>, 3  <0.09897637785933466>}
x[2,6]{0  <0.931337680080658>, 1  <0.06866231991934203>}
x[2,7]{7  <0.2500971606535748>, 1  <0.44268330648732623>, 4  <0.19725550684530385>, 3  <0.1099640260137951>}
x[3,0]{1  <1.0>}
x[3,1]{3  <1.0>}
x[3,2]{7  <1.0>}
x[3,3]{6  <1.0>}
x[3,4]{5  <1.0>}
x[3,5]{2  <1.0>}
x[3,6]{4  <1.0>}
x[3,7]{0  <1.0>}
x[4,0]{4  <1.0>}
x[4,1]{7  <1.0>}
x[4,2]{1  <1.0>}
x[4,3]{0  <1.0>}
x[4,4]{6  <1.0>}
x[4,5]{5  <1.0>}
x[4,6]{3  <1.0>}
x[4,7]{2  <1.0>}
x[5,0]{3  <1.0>}
x[5,1]{4  <0.4782148303000841>, 2  <0.521785169699916>}
x[5,2]{0  <0.6404876477932764>, 4  <0.1523579084470109>, 2  <0.20715444375971262>}
x[5,3]{5  <0.6935129357986165>, 4  <0.046387144606895546>, 2  <0.26009991959448786>}
x[5,4]{0  <0.20818030727633483>, 1  <0.7918196927236651>}
x[5,5]{6  <1.0>}
x[5,6]{7  <1.0>}
x[5,7]{4  <0.035838550611148476>, 1  <0.053966332200223587>, 5  <0.910195117188628>}
x[6,0]{2  <1.0>}
x[6,1]{6  <1.0>}
x[6,2]{0  <0.4097769198595586>, 3  <0.16897662115647477>, 4  <0.4212464589839665>}
x[6,3]{4  <0.05558064554033876>, 5  <0.6882316027028921>, 7  <0.231213188562432>, 3  <0.02497456319433724>}
x[6,4]{0  <0.594837677151894>, 1  <0.07060286649681308>, 3  <0.334559456351293>}
x[6,5]{4  <0.2751575608683462>, 1  <0.019557601127255055>, 7  <0.5971006428171746>, 3  <0.10818419518722423>}
x[6,6]{0  <0.15038752081819723>, 1  <0.8496124791818028>}
x[6,7]{5  <0.6941597888411613>, 1  <0.03807360718544043>, 7  <0.1170323453673494>, 3  <0.03474552401766549>, 4  <0.11598873458838331>}
x[7,0]{5  <1.0>}
x[7,1]{0  <1.0>}
x[7,2]{3  <0.13481815261047897>, 2  <0.8651818473895211>}
x[7,3]{7  <0.3726867473549003>, 3  <0.3807743520838018>, 2  <0.24653890056129796>}
x[7,4]{4  <1.0>}
x[7,5]{7  <0.17600646684822155>, 1  <0.7453340719037617>, 3  <0.07865946124801686>}
x[7,6]{6  <1.0>}
x[7,7]{7  <0.7367618982617304>, 1  <0.13455059437566905>, 3  <0.12868750736260043>}
problem entropy = 0.0
smallest variable entropy = 1.7976931348623157E308
### branching on x[0,2]=3
##### after BP iteration 1 #####
x[0,0]{7  <1.0>}
x[0,1]{1  <1.0>}
x[0,2]{3  <1.0>}
x[0,3]{4  <1.0>}
x[0,4]{2  <1.0>}
x[0,5]{0  <1.0>}
x[0,6]{5  <1.0>}
x[0,7]{6  <1.0>}
x[1,0]{0  <1.0>}
x[1,1]{5  <1.0>}
x[1,2]{6  <1.0>}
x[1,3]{1  <1.0>}
x[1,4]{7  <1.0>}
x[1,5]{3  <0.5572798765057871>, 4  <0.44272012349421286>}
x[1,6]{2  <1.0>}
x[1,7]{3  <0.46440940409727055>, 4  <0.5355905959027294>}
x[2,0]{6  <1.0>}
x[2,1]{4  <0.6969129567843073>, 2  <0.3030870432156928>}
x[2,2]{5  <1.0>}
x[2,3]{3  <0.12732465287146225>, 7  <0.5957939105636367>, 2  <0.2768814365649009>}
x[2,4]{0  <0.1591415483334601>, 1  <0.10406532517299999>, 3  <0.7367931264935399>}
x[2,5]{7  <0.3975382832455961>, 1  <0.148575720315731>, 4  <0.2756972279357842>, 3  <0.17818876850288864>}
x[2,6]{0  <0.7589605666365534>, 1  <0.2410394333634465>}
x[2,7]{7  <0.09022508476085944>, 1  <0.5972538862192553>, 4  <0.12513594352323876>, 3  <0.1873850854966464>}
x[3,0]{1  <1.0>}
x[3,1]{3  <1.0>}
x[3,2]{7  <1.0>}
x[3,3]{6  <1.0>}
x[3,4]{5  <1.0>}
x[3,5]{2  <1.0>}
x[3,6]{4  <1.0>}
x[3,7]{0  <1.0>}
x[4,0]{4  <1.0>}
x[4,1]{7  <1.0>}
x[4,2]{1  <1.0>}
x[4,3]{0  <1.0>}
x[4,4]{6  <1.0>}
x[4,5]{5  <1.0>}
x[4,6]{3  <1.0>}
x[4,7]{2  <1.0>}
x[5,0]{3  <1.0>}
x[5,1]{4  <0.4391138785401815>, 2  <0.5608861214598184>}
x[5,2]{0  <0.5686445159635198>, 4  <0.43135548403648016>}
x[5,3]{5  <0.10997217988829595>, 2  <0.890027820111704>}
x[5,4]{0  <0.3838047257791841>, 1  <0.616195274220816>}
x[5,5]{6  <1.0>}
x[5,6]{7  <1.0>}
x[5,7]{4  <0.3319810708707329>, 1  <0.6257205800438788>, 5  <0.042298349085388286>}
x[6,0]{2  <1.0>}
x[6,1]{6  <1.0>}
x[6,2]{0  <0.12746768162927116>, 4  <0.8725323183707288>}
x[6,3]{3  <0.055124434250491176>, 5  <0.8217318968628933>, 7  <0.12314366888661556>}
x[6,4]{0  <0.6663080928540708>, 1  <0.02102918973410642>, 3  <0.31266271741182283>}
x[6,5]{4  <0.21251656543711275>, 1  <0.016070160036791147>, 7  <0.37286636179824617>, 3  <0.3985469127278499>}
x[6,6]{0  <0.08172450341588483>, 1  <0.9182754965841152>}
x[6,7]{5  <0.17287671700257687>, 1  <0.05228173695361782>, 7  <0.1821762665861296>, 3  <0.3736191693689469>, 4  <0.21904611008872885>}
x[7,0]{5  <1.0>}
x[7,1]{0  <1.0>}
x[7,2]{2  <1.0>}
x[7,3]{7  <0.06604356830521006>, 3  <0.93395643169479>}
x[7,4]{4  <1.0>}
x[7,5]{7  <0.05347257407731008>, 1  <0.8158571135259706>, 3  <0.1306703123967195>}
x[7,6]{6  <1.0>}
x[7,7]{7  <0.45042385611351166>, 1  <0.210775392178057>, 3  <0.3388007517084313>}
problem entropy = 0.0
smallest variable entropy = 1.7976931348623157E308
### branching on x[1,5]=4
##### after BP iteration 1 #####
x[0,0]{7  <1.0>}
x[0,1]{1  <1.0>}
x[0,2]{3  <1.0>}
x[0,3]{4  <1.0>}
x[0,4]{2  <1.0>}
x[0,5]{0  <1.0>}
x[0,6]{5  <1.0>}
x[0,7]{6  <1.0>}
x[1,0]{0  <1.0>}
x[1,1]{5  <1.0>}
x[1,2]{6  <1.0>}
x[1,3]{1  <1.0>}
x[1,4]{7  <1.0>}
x[1,5]{4  <1.0>}
x[1,6]{2  <1.0>}
x[1,7]{3  <1.0>}
x[2,0]{6  <1.0>}
x[2,1]{4  <0.6150500995256609>, 2  <0.3849499004743391>}
x[2,2]{5  <1.0>}
x[2,3]{3  <0.07662019592522112>, 7  <0.5314502968948852>, 2  <0.39192950717989355>}
x[2,4]{0  <0.27640362745321045>, 1  <0.2771321552893302>, 3  <0.44646421725745933>}
x[2,5]{7  <0.42045489876743775>, 1  <0.2810836239886103>, 3  <0.29846147724395194>}
x[2,6]{0  <0.801448948744481>, 1  <0.19855105125551892>}
x[2,7]{7  <0.1110786284568719>, 1  <0.21899120571192518>, 4  <0.669930165831203>}
x[3,0]{1  <1.0>}
x[3,1]{3  <1.0>}
x[3,2]{7  <1.0>}
x[3,3]{6  <1.0>}
x[3,4]{5  <1.0>}
x[3,5]{2  <1.0>}
x[3,6]{4  <1.0>}
x[3,7]{0  <1.0>}
x[4,0]{4  <1.0>}
x[4,1]{7  <1.0>}
x[4,2]{1  <1.0>}
x[4,3]{0  <1.0>}
x[4,4]{6  <1.0>}
x[4,5]{5  <1.0>}
x[4,6]{3  <1.0>}
x[4,7]{2  <1.0>}
x[5,0]{3  <1.0>}
x[5,1]{4  <0.22645033082434615>, 2  <0.7735496691756538>}
x[5,2]{0  <0.7545443589792808>, 4  <0.24545564102071907>}
x[5,3]{5  <0.7027958628621997>, 2  <0.2972041371378002>}
x[5,4]{0  <0.3153413933742502>, 1  <0.6846586066257498>}
x[5,5]{6  <1.0>}
x[5,6]{7  <1.0>}
x[5,7]{4  <0.1617840352220937>, 1  <0.0642127880967088>, 5  <0.7740031766811974>}
x[6,0]{2  <1.0>}
x[6,1]{6  <1.0>}
x[6,2]{0  <0.19776601290369755>, 4  <0.8022339870963026>}
x[6,3]{3  <0.05115079972649446>, 5  <0.6964099721720586>, 7  <0.25243922810144714>}
x[6,4]{0  <0.7096712838946219>, 1  <0.04809696288540313>, 3  <0.24223175321997506>}
x[6,5]{3  <0.8080838272115796>, 1  <0.01629494019271981>, 7  <0.17562123259570067>}
x[6,6]{0  <0.1847419592093911>, 1  <0.815258040790609>}
x[6,7]{5  <0.8993232567427583>, 1  <0.00504088951670226>, 7  <0.06714328774612559>, 4  <0.02849256599441383>}
x[7,0]{5  <1.0>}
x[7,1]{0  <1.0>}
x[7,2]{2  <1.0>}
x[7,3]{7  <0.05068980801526606>, 3  <0.949310191984734>}
x[7,4]{4  <1.0>}
x[7,5]{7  <0.10942435601365987>, 1  <0.8537834442968094>, 3  <0.03679219968953071>}
x[7,6]{6  <1.0>}
x[7,7]{7  <0.955834706671979>, 1  <0.04416529332802095>}
problem entropy = 0.0
smallest variable entropy = 1.7976931348623157E308
### branching on x[2,1]=4
##### after BP iteration 1 #####
x[0,0]{7  <1.0>}
x[0,1]{1  <1.0>}
x[0,2]{3  <1.0>}
x[0,3]{4  <1.0>}
x[0,4]{2  <1.0>}
x[0,5]{0  <1.0>}
x[0,6]{5  <1.0>}
x[0,7]{6  <1.0>}
x[1,0]{0  <1.0>}
x[1,1]{5  <1.0>}
x[1,2]{6  <1.0>}
x[1,3]{1  <1.0>}
x[1,4]{7  <1.0>}
x[1,5]{4  <1.0>}
x[1,6]{2  <1.0>}
x[1,7]{3  <1.0>}
x[2,0]{6  <1.0>}
x[2,1]{4  <1.0>}
x[2,2]{5  <1.0>}
x[2,3]{2  <1.0>}
x[2,4]{0  <0.0626962946299079>, 3  <0.9373037053700921>}
x[2,5]{7  <0.8403101057880462>, 1  <0.10642295487717122>, 3  <0.05326693933478253>}
x[2,6]{0  <0.8435378221090393>, 1  <0.15646217789096073>}
x[2,7]{7  <0.11766339067044727>, 1  <0.8823366093295527>}
x[3,0]{1  <1.0>}
x[3,1]{3  <1.0>}
x[3,2]{7  <1.0>}
x[3,3]{6  <1.0>}
x[3,4]{5  <1.0>}
x[3,5]{2  <1.0>}
x[3,6]{4  <1.0>}
x[3,7]{0  <1.0>}
x[4,0]{4  <1.0>}
x[4,1]{7  <1.0>}
x[4,2]{1  <1.0>}
x[4,3]{0  <1.0>}
x[4,4]{6  <1.0>}
x[4,5]{5  <1.0>}
x[4,6]{3  <1.0>}
x[4,7]{2  <1.0>}
x[5,0]{3  <1.0>}
x[5,1]{2  <1.0>}
x[5,2]{0  <1.0>}
x[5,3]{5  <1.0>}
x[5,4]{1  <1.0>}
x[5,5]{6  <1.0>}
x[5,6]{7  <1.0>}
x[5,7]{4  <1.0>}
x[6,0]{2  <1.0>}
x[6,1]{6  <1.0>}
x[6,2]{4  <1.0>}
x[6,3]{3  <0.05130152663908788>, 7  <0.9486984733609121>}
x[6,4]{0  <0.944189766521629>, 3  <0.055810233478370885>}
x[6,5]{3  <0.8465609716618763>, 1  <0.03293500143830239>, 7  <0.12050402689982136>}
x[6,6]{0  <0.08991316491899436>, 1  <0.9100868350810056>}
x[6,7]{5  <1.0>}
x[7,0]{5  <1.0>}
x[7,1]{0  <1.0>}
x[7,2]{2  <1.0>}
x[7,3]{7  <0.04389549186401857>, 3  <0.9561045081359814>}
x[7,4]{4  <1.0>}
x[7,5]{7  <0.0780845550964446>, 1  <0.9049994871850526>, 3  <0.01691595771850282>}
x[7,6]{6  <1.0>}
x[7,7]{7  <0.803094306299775>, 1  <0.19690569370022507>}
problem entropy = 0.0
smallest variable entropy = 1.7976931348623157E308
### branching on x[2,4]=3
##### after BP iteration 1 #####
x[0,0]{7  <1.0>}
x[0,1]{1  <1.0>}
x[0,2]{3  <1.0>}
x[0,3]{4  <1.0>}
x[0,4]{2  <1.0>}
x[0,5]{0  <1.0>}
x[0,6]{5  <1.0>}
x[0,7]{6  <1.0>}
x[1,0]{0  <1.0>}
x[1,1]{5  <1.0>}
x[1,2]{6  <1.0>}
x[1,3]{1  <1.0>}
x[1,4]{7  <1.0>}
x[1,5]{4  <1.0>}
x[1,6]{2  <1.0>}
x[1,7]{3  <1.0>}
x[2,0]{6  <1.0>}
x[2,1]{4  <1.0>}
x[2,2]{5  <1.0>}
x[2,3]{2  <1.0>}
x[2,4]{3  <1.0>}
x[2,5]{7  <0.9867676886388443>, 1  <0.013232311361155685>}
x[2,6]{0  <1.0>}
x[2,7]{7  <0.05768710621027746>, 1  <0.9423128937897226>}
x[3,0]{1  <1.0>}
x[3,1]{3  <1.0>}
x[3,2]{7  <1.0>}
x[3,3]{6  <1.0>}
x[3,4]{5  <1.0>}
x[3,5]{2  <1.0>}
x[3,6]{4  <1.0>}
x[3,7]{0  <1.0>}
x[4,0]{4  <1.0>}
x[4,1]{7  <1.0>}
x[4,2]{1  <1.0>}
x[4,3]{0  <1.0>}
x[4,4]{6  <1.0>}
x[4,5]{5  <1.0>}
x[4,6]{3  <1.0>}
x[4,7]{2  <1.0>}
x[5,0]{3  <1.0>}
x[5,1]{2  <1.0>}
x[5,2]{0  <1.0>}
x[5,3]{5  <1.0>}
x[5,4]{1  <1.0>}
x[5,5]{6  <1.0>}
x[5,6]{7  <1.0>}
x[5,7]{4  <1.0>}
x[6,0]{2  <1.0>}
x[6,1]{6  <1.0>}
x[6,2]{4  <1.0>}
x[6,3]{3  <0.031244701327259455>, 7  <0.9687552986727406>}
x[6,4]{0  <1.0>}
x[6,5]{3  <0.997673180475803>, 7  <0.0023268195241969926>}
x[6,6]{1  <1.0>}
x[6,7]{5  <1.0>}
x[7,0]{5  <1.0>}
x[7,1]{0  <1.0>}
x[7,2]{2  <1.0>}
x[7,3]{7  <0.040674713923436065>, 3  <0.9593252860765639>}
x[7,4]{4  <1.0>}
x[7,5]{7  <0.11002776527472669>, 1  <0.8676777275353703>, 3  <0.022294507189903022>}
x[7,6]{6  <1.0>}
x[7,7]{7  <0.7593219530392539>, 1  <0.2406780469607462>}
problem entropy = 0.0
smallest variable entropy = 1.7976931348623157E308
### branching on x[2,5]=7
##### after BP iteration 1 #####
x[0,0]{7  <1.0>}
x[0,1]{1  <1.0>}
x[0,2]{3  <1.0>}
x[0,3]{4  <1.0>}
x[0,4]{2  <1.0>}
x[0,5]{0  <1.0>}
x[0,6]{5  <1.0>}
x[0,7]{6  <1.0>}
x[1,0]{0  <1.0>}
x[1,1]{5  <1.0>}
x[1,2]{6  <1.0>}
x[1,3]{1  <1.0>}
x[1,4]{7  <1.0>}
x[1,5]{4  <1.0>}
x[1,6]{2  <1.0>}
x[1,7]{3  <1.0>}
x[2,0]{6  <1.0>}
x[2,1]{4  <1.0>}
x[2,2]{5  <1.0>}
x[2,3]{2  <1.0>}
x[2,4]{3  <1.0>}
x[2,5]{7  <1.0>}
x[2,6]{0  <1.0>}
x[2,7]{1  <1.0>}
x[3,0]{1  <1.0>}
x[3,1]{3  <1.0>}
x[3,2]{7  <1.0>}
x[3,3]{6  <1.0>}
x[3,4]{5  <1.0>}
x[3,5]{2  <1.0>}
x[3,6]{4  <1.0>}
x[3,7]{0  <1.0>}
x[4,0]{4  <1.0>}
x[4,1]{7  <1.0>}
x[4,2]{1  <1.0>}
x[4,3]{0  <1.0>}
x[4,4]{6  <1.0>}
x[4,5]{5  <1.0>}
x[4,6]{3  <1.0>}
x[4,7]{2  <1.0>}
x[5,0]{3  <1.0>}
x[5,1]{2  <1.0>}
x[5,2]{0  <1.0>}
x[5,3]{5  <1.0>}
x[5,4]{1  <1.0>}
x[5,5]{6  <1.0>}
x[5,6]{7  <1.0>}
x[5,7]{4  <1.0>}
x[6,0]{2  <1.0>}
x[6,1]{6  <1.0>}
x[6,2]{4  <1.0>}
x[6,3]{7  <1.0>}
x[6,4]{0  <1.0>}
x[6,5]{3  <1.0>}
x[6,6]{1  <1.0>}
x[6,7]{5  <1.0>}
x[7,0]{5  <1.0>}
x[7,1]{0  <1.0>}
x[7,2]{2  <1.0>}
x[7,3]{3  <1.0>}
x[7,4]{4  <1.0>}
x[7,5]{1  <1.0>}
x[7,6]{6  <1.0>}
x[7,7]{7  <1.0>}
problem entropy = 0.0
smallest variable entropy = 1.7976931348623157E308
### branching on x[2,5]!=7
##### after BP iteration 1 #####
x[0,0]{7  <1.0>}
x[0,1]{1  <1.0>}
x[0,2]{3  <1.0>}
x[0,3]{4  <1.0>}
x[0,4]{2  <1.0>}
x[0,5]{0  <1.0>}
x[0,6]{5  <1.0>}
x[0,7]{6  <1.0>}
x[1,0]{0  <1.0>}
x[1,1]{5  <1.0>}
x[1,2]{6  <1.0>}
x[1,3]{1  <1.0>}
x[1,4]{7  <1.0>}
x[1,5]{4  <1.0>}
x[1,6]{2  <1.0>}
x[1,7]{3  <1.0>}
x[2,0]{6  <1.0>}
x[2,1]{4  <1.0>}
x[2,2]{5  <1.0>}
x[2,3]{2  <1.0>}
x[2,4]{3  <1.0>}
x[2,5]{1  <1.0>}
x[2,6]{0  <1.0>}
x[2,7]{7  <1.0>}
x[3,0]{1  <1.0>}
x[3,1]{3  <1.0>}
x[3,2]{7  <1.0>}
x[3,3]{6  <1.0>}
x[3,4]{5  <1.0>}
x[3,5]{2  <1.0>}
x[3,6]{4  <1.0>}
x[3,7]{0  <1.0>}
x[4,0]{4  <1.0>}
x[4,1]{7  <1.0>}
x[4,2]{1  <1.0>}
x[4,3]{0  <1.0>}
x[4,4]{6  <1.0>}
x[4,5]{5  <1.0>}
x[4,6]{3  <1.0>}
x[4,7]{2  <1.0>}
x[5,0]{3  <1.0>}
x[5,1]{2  <1.0>}
x[5,2]{0  <1.0>}
x[5,3]{5  <1.0>}
x[5,4]{1  <1.0>}
x[5,5]{6  <1.0>}
x[5,6]{7  <1.0>}
x[5,7]{4  <1.0>}
x[6,0]{2  <1.0>}
x[6,1]{6  <1.0>}
x[6,2]{4  <1.0>}
x[6,3]{7  <0.9981746864340391>, 3  <0.0018253135659609691>}
x[6,4]{0  <1.0>}
x[6,5]{3  <0.9561045081359814>, 7  <0.043895491864018546>}
x[6,6]{1  <1.0>}
x[6,7]{5  <1.0>}
x[7,0]{5  <1.0>}
x[7,1]{0  <1.0>}
x[7,2]{2  <1.0>}
x[7,3]{3  <0.8753920087284254>, 7  <0.1246079912715746>}
x[7,4]{4  <1.0>}
x[7,5]{3  <0.051301526639087866>, 7  <0.9486984733609121>}
x[7,6]{6  <1.0>}
x[7,7]{1  <1.0>}
problem entropy = 0.0
smallest variable entropy = 1.7976931348623157E308

	#choice: 7
	#fail: 0
	execution time (ms): 51
	#sols : 1
	completed : false

