{6  <1.0>, 1  <1.0>, 2  <1.0>}
model: sum-product-oracle
FINAL DAMPING FACTOR = 1.0
##### after BP iteration 1 #####
x[0,0]{6  <0.9543508555705242>, 1  <0.006969013396505437>, 2  <0.03868013103297028>}
x[0,1]{3  <1.0>}
x[0,2]{0  <1.0>}
x[0,3]{6  <1.9597653646813667E-4>, 1  <0.08666299359938945>, 4  <0.9131410298641424>}
x[0,4]{7  <1.0>}
x[0,5]{6  <0.11543922746172863>, 2  <0.8845607725382714>}
x[0,6]{4  <0.026545541885189167>, 1  <0.9724738719707537>, 2  <9.805861440569726E-4>}
x[0,7]{5  <1.0>}
x[1,0]{3  <2.0457149190654135E-5>, 5  <0.999890316147765>, 2  <8.922670304431286E-5>}
x[1,1]{7  <1.0>}
x[1,2]{4  <1.0>}
x[1,3]{3  <0.005181426010157617>, 5  <1.5693641659108768E-4>, 2  <0.9946616375732513>}
x[1,4]{1  <1.0>}
x[1,5]{3  <0.9980981904793649>, 2  <0.0019018095206351647>}
x[1,6]{6  <1.0>}
x[1,7]{0  <1.0>}
x[2,0]{0  <1.0>}
x[2,1]{4  <0.002056052852979028>, 1  <0.0014619539913702786>, 6  <0.9964819931556507>}
x[2,2]{2  <1.0>}
x[2,3]{4  <0.08079846443284076>, 1  <0.9147641075753347>, 6  <0.004437427991824644>}
x[2,4]{5  <1.0>}
x[2,5]{7  <1.0>}
x[2,6]{3  <0.38353488866326785>, 1  <0.05798349127576543>, 4  <0.5584816200609668>}
x[2,7]{4  <0.7127998557783854>, 3  <0.28720014422161455>}
x[3,0]{7  <1.0>}
x[3,1]{4  <0.994647790521317>, 6  <0.005352209478683081>}
x[3,2]{5  <1.0>}
x[3,3]{0  <9.057598307370077E-4>, 6  <0.998040298301978>, 4  <0.0010539418672849403>}
x[3,4]{3  <0.8866407763544603>, 4  <2.283160801562664E-7>, 2  <0.11335899532945959>}
x[3,5]{0  <0.9996893812922226>, 6  <3.1031120674938705E-4>, 2  <2.1301633415920744E-7>, 3  <9.44846938987765E-8>}
x[3,6]{4  <6.931191753974573E-7>, 3  <0.675742125996062>, 2  <0.3242571808847626>}
x[3,7]{1  <1.0>}
x[4,0]{6  <0.09369005798760265>, 1  <0.04884724385807712>, 2  <0.8570716275808438>, 3  <3.9107057347639076E-4>}
x[4,1]{6  <0.0019351671616044555>, 1  <0.9965272504275702>, 4  <0.0015375824108254576>}
x[4,2]{7  <1.0>}
x[4,3]{0  <0.9997721605187336>, 1  <1.1654797116481678E-5>, 6  <2.080348441558965E-4>, 4  <8.149839993894438E-6>}
x[4,4]{4  <0.9220925879215295>, 3  <0.07035238339546407>, 2  <0.0075550286830066>}
x[4,5]{0  <2.3057059894746718E-4>, 6  <0.9640474776225839>, 2  <0.03382066277363457>, 3  <0.0019012890048339384>}
x[4,6]{5  <1.0>}
x[4,7]{4  <0.2765744722253492>, 3  <0.7190099649176946>, 2  <0.004415562856956098>}
x[5,0]{2  <0.08587446234839358>, 1  <0.9141255376516064>}
x[5,1]{0  <1.0>}
x[5,2]{3  <1.0>}
x[5,3]{7  <1.0>}
x[5,4]{2  <0.8925632188155691>, 4  <0.10743678118443095>}
x[5,5]{5  <1.0>}
x[5,6]{4  <0.30194724051708355>, 1  <0.010751612327597608>, 2  <0.6873011471553189>}
x[5,7]{6  <1.0>}
x[6,0]{4  <1.0>}
x[6,1]{5  <1.0>}
x[6,2]{6  <1.0>}
x[6,3]{2  <0.004418280390353958>, 3  <0.995581719609646>}
x[6,4]{0  <1.0>}
x[6,5]{1  <1.0>}
x[6,6]{7  <1.0>}
x[6,7]{2  <0.9883322681209734>, 3  <0.011667731879026498>}
x[7,0]{3  <0.9997566151092974>, 5  <2.433848907026339E-4>}
x[7,1]{2  <1.0>}
x[7,2]{1  <1.0>}
x[7,3]{3  <7.002833259669483E-5>, 5  <0.9999299716674033>}
x[7,4]{6  <1.0>}
x[7,5]{4  <1.0>}
x[7,6]{0  <1.0>}
x[7,7]{7  <1.0>}
problem entropy = 0.24319791624222942
smallest variable entropy = 7.399596727266194E-4
### branching on x[4,3]=0; marginal=0.9997721605187336; regret=0.9995641256745778; nb of ties=10
##### after BP iteration 1 #####
x[0,0]{6  <0.8812252780073254>, 1  <0.0115738187010978>, 2  <0.10720090329157671>}
x[0,1]{3  <1.0>}
x[0,2]{0  <1.0>}
x[0,3]{6  <7.991376772505149E-5>, 1  <0.06568287766896512>, 4  <0.9342372085633097>}
x[0,4]{7  <1.0>}
x[0,5]{6  <0.045882979479649304>, 2  <0.9541170205203507>}
x[0,6]{4  <0.09500047392993094>, 1  <0.8959781074932216>, 2  <0.009021418576847486>}
x[0,7]{5  <1.0>}
x[1,0]{3  <1.5456457490357544E-6>, 5  <0.9999830690810109>, 2  <1.5385273239997742E-5>}
x[1,1]{7  <1.0>}
x[1,2]{4  <1.0>}
x[1,3]{3  <9.453006392314158E-4>, 5  <6.15866141663799E-6>, 2  <0.999048540699352>}
x[1,4]{1  <1.0>}
x[1,5]{3  <0.9988698856815066>, 2  <0.0011301143184933695>}
x[1,6]{6  <1.0>}
x[1,7]{0  <1.0>}
x[2,0]{0  <1.0>}
x[2,1]{4  <6.398409521008466E-4>, 1  <0.0011514342927007495>, 6  <0.9982087247551984>}
x[2,2]{2  <1.0>}
x[2,3]{4  <0.03796423025494384>, 1  <0.9617811628845659>, 6  <2.5460686049009486E-4>}
x[2,4]{5  <1.0>}
x[2,5]{7  <1.0>}
x[2,6]{3  <0.21683766354668166>, 1  <0.026763933337142613>, 4  <0.7563984031161758>}
x[2,7]{4  <0.4592481741618261>, 3  <0.5407518258381739>}
x[3,0]{7  <1.0>}
x[3,1]{4  <0.9991792480480113>, 6  <8.207519519886598E-4>}
x[3,2]{5  <1.0>}
x[3,3]{4  <0.0010539684731744135>, 6  <0.9989460315268256>}
x[3,4]{3  <0.9007971371004779>, 2  <0.09920286289952203>}
x[3,5]{0  <1.0>}
x[3,6]{2  <0.6165578047584656>, 3  <0.3834421952415345>}
x[3,7]{1  <1.0>}
x[4,0]{6  <0.017632960635972316>, 1  <0.00947966456648711>, 2  <0.9728379720060196>, 3  <4.9402791520838536E-5>}
x[4,1]{6  <0.0014336784137064004>, 1  <0.9960587790646884>, 4  <0.0025075425216051768>}
x[4,2]{7  <1.0>}
x[4,3]{0  <1.0>}
x[4,4]{4  <0.8665736128904046>, 3  <0.12707414432199737>, 2  <0.0063522427875979115>}
x[4,5]{3  <0.00147308917456989>, 6  <0.9492900930348392>, 2  <0.049236817790590935>}
x[4,6]{5  <1.0>}
x[4,7]{4  <0.1813103648802419>, 3  <0.8168727783338087>, 2  <0.0018168567859494613>}
x[5,0]{2  <0.003002336458173257>, 1  <0.9969976635418267>}
x[5,1]{0  <1.0>}
x[5,2]{3  <1.0>}
x[5,3]{7  <1.0>}
x[5,4]{2  <0.9070511237486769>, 4  <0.09294887625132305>}
x[5,5]{5  <1.0>}
x[5,6]{4  <0.6932624320872703>, 1  <0.001761397996831538>, 2  <0.30497616991589804>}
x[5,7]{6  <1.0>}
x[6,0]{4  <1.0>}
x[6,1]{5  <1.0>}
x[6,2]{6  <1.0>}
x[6,3]{2  <0.004161497610206983>, 3  <0.9958385023897931>}
x[6,4]{0  <1.0>}
x[6,5]{1  <1.0>}
x[6,6]{7  <1.0>}
x[6,7]{2  <0.9974731646884415>, 3  <0.002526835311558511>}
x[7,0]{3  <0.9999869904244214>, 5  <1.300957557853361E-5>}
x[7,1]{2  <1.0>}
x[7,2]{1  <1.0>}
x[7,3]{3  <2.3408611457449967E-5>, 5  <0.9999765913885426>}
x[7,4]{6  <1.0>}
x[7,5]{4  <1.0>}
x[7,6]{0  <1.0>}
x[7,7]{7  <1.0>}
problem entropy = 0.24623091439642883
smallest variable entropy = 1.5936493808828384E-4
### branching on x[5,0]=1; marginal=0.9969976635418267; regret=0.9939953270836535; nb of ties=12
##### after BP iteration 1 #####
x[0,0]{6  <0.983692827179607>, 2  <0.01630717282039304>}
x[0,1]{3  <1.0>}
x[0,2]{0  <1.0>}
x[0,3]{4  <0.9576843053527505>, 1  <0.04231569464724955>}
x[0,4]{7  <1.0>}
x[0,5]{6  <0.04758936383033191>, 2  <0.952410636169668>}
x[0,6]{4  <0.0022649387607243895>, 1  <0.9977350612392756>}
x[0,7]{5  <1.0>}
x[1,0]{3  <3.5126334578230966E-8>, 5  <0.9999989668803968>, 2  <9.979932685120898E-7>}
x[1,1]{7  <1.0>}
x[1,2]{4  <1.0>}
x[1,3]{3  <8.970662170322519E-4>, 5  <4.317173699763648E-6>, 2  <0.999098616609268>}
x[1,4]{1  <1.0>}
x[1,5]{3  <0.9993134320662733>, 2  <6.865679337266755E-4>}
x[1,6]{6  <1.0>}
x[1,7]{0  <1.0>}
x[2,0]{0  <1.0>}
x[2,1]{4  <2.1866165207607218E-5>, 6  <0.9999781338347924>}
x[2,2]{2  <1.0>}
x[2,3]{4  <0.021863172034788946>, 1  <0.9780527951492638>, 6  <8.403281594737414E-5>}
x[2,4]{5  <1.0>}
x[2,5]{7  <1.0>}
x[2,6]{3  <0.9659026728262482>, 1  <0.0029866412009013524>, 4  <0.031110685972850317>}
x[2,7]{4  <0.3345261507980447>, 3  <0.6654738492019553>}
x[3,0]{7  <1.0>}
x[3,1]{4  <0.9998743339669319>, 6  <1.2566603306805288E-4>}
x[3,2]{5  <1.0>}
x[3,3]{4  <1.4973122234310224E-4>, 6  <0.999850268777657>}
x[3,4]{3  <0.5039364011675407>, 2  <0.49606359883245926>}
x[3,5]{0  <1.0>}
x[3,6]{2  <0.9856301231130933>, 3  <0.014369876886906744>}
x[3,7]{1  <1.0>}
x[4,0]{6  <0.054454880024424425>, 3  <7.38866567762082E-6>, 2  <0.9455377313098979>}
x[4,1]{1  <1.0>}
x[4,2]{7  <1.0>}
x[4,3]{0  <1.0>}
x[4,4]{4  <0.6911034509663536>, 3  <0.30835919786071386>, 2  <5.373511729325392E-4>}
x[4,5]{3  <7.3210102878596E-4>, 6  <0.9772478563248895>, 2  <0.022020042646324574>}
x[4,6]{5  <1.0>}
x[4,7]{4  <0.31095147556538266>, 3  <0.6888933767084542>, 2  <1.5514772616320922E-4>}
x[5,0]{1  <1.0>}
x[5,1]{0  <1.0>}
x[5,2]{3  <1.0>}
x[5,3]{7  <1.0>}
x[5,4]{2  <0.5218980837441654>, 4  <0.4781019162558346>}
x[5,5]{5  <1.0>}
x[5,6]{4  <0.9831385775069557>, 2  <0.016861422493044436>}
x[5,7]{6  <1.0>}
x[6,0]{4  <1.0>}
x[6,1]{5  <1.0>}
x[6,2]{6  <1.0>}
x[6,3]{2  <5.437826673060165E-4>, 3  <0.999456217332694>}
x[6,4]{0  <1.0>}
x[6,5]{1  <1.0>}
x[6,6]{7  <1.0>}
x[6,7]{2  <0.999481545614862>, 3  <5.184543851379988E-4>}
x[7,0]{3  <0.9999976118192544>, 5  <2.388180745528889E-6>}
x[7,1]{2  <1.0>}
x[7,2]{1  <1.0>}
x[7,3]{3  <2.0454929022665363E-6>, 5  <0.9999979545070977>}
x[7,4]{6  <1.0>}
x[7,5]{4  <1.0>}
x[7,6]{0  <1.0>}
x[7,7]{7  <1.0>}
problem entropy = 0.2208733211032808
smallest variable entropy = 1.5425829785573534E-5
### branching on x[2,1]=6; marginal=0.9999781338347924; regret=0.9999562676695848; nb of ties=11
### branching on x[6,7]=2; marginal=0.999481545614862; regret=0.998963091229724; nb of ties=8
##### after BP iteration 1 #####
x[0,0]{6  <0.9768911527376865>, 2  <0.02310884726231347>}
x[0,1]{3  <1.0>}
x[0,2]{0  <1.0>}
x[0,3]{4  <0.9992787534547815>, 1  <7.212465452185261E-4>}
x[0,4]{7  <1.0>}
x[0,5]{6  <0.007707655070047457>, 2  <0.9922923449299526>}
x[0,6]{4  <4.0416061079264246E-4>, 1  <0.9995958393892074>}
x[0,7]{5  <1.0>}
x[1,0]{5  <1.0>}
x[1,1]{7  <1.0>}
x[1,2]{4  <1.0>}
x[1,3]{2  <1.0>}
x[1,4]{1  <1.0>}
x[1,5]{3  <1.0>}
x[1,6]{6  <1.0>}
x[1,7]{0  <1.0>}
x[2,0]{0  <1.0>}
x[2,1]{6  <1.0>}
x[2,2]{2  <1.0>}
x[2,3]{4  <0.0014764082050955259>, 1  <0.9985235917949046>}
x[2,4]{5  <1.0>}
x[2,5]{7  <1.0>}
x[2,6]{3  <0.9952248319014698>, 1  <3.136718487637703E-4>, 4  <0.004461496249766467>}
x[2,7]{4  <0.9869402114490856>, 3  <0.013059788550914412>}
x[3,0]{7  <1.0>}
x[3,1]{4  <1.0>}
x[3,2]{5  <1.0>}
x[3,3]{6  <1.0>}
x[3,4]{3  <0.8659157501717772>, 2  <0.1340842498282228>}
x[3,5]{0  <1.0>}
x[3,6]{2  <0.9670603355376232>, 3  <0.03293966446237687>}
x[3,7]{1  <1.0>}
x[4,0]{6  <0.02019358658786779>, 2  <0.9798064134121323>}
x[4,1]{1  <1.0>}
x[4,2]{7  <1.0>}
x[4,3]{0  <1.0>}
x[4,4]{4  <0.11109549336247948>, 3  <0.8889045066375205>}
x[4,5]{2  <0.04955220454969735>, 6  <0.9504477954503027>}
x[4,6]{5  <1.0>}
x[4,7]{4  <0.8002508355966389>, 3  <0.19974916440336116>}
x[5,0]{1  <1.0>}
x[5,1]{0  <1.0>}
x[5,2]{3  <1.0>}
x[5,3]{7  <1.0>}
x[5,4]{2  <0.820407019451099>, 4  <0.17959298054890116>}
x[5,5]{5  <1.0>}
x[5,6]{4  <0.9633039300916799>, 2  <0.03669606990831999>}
x[5,7]{6  <1.0>}
x[6,0]{4  <1.0>}
x[6,1]{5  <1.0>}
x[6,2]{6  <1.0>}
x[6,3]{3  <1.0>}
x[6,4]{0  <1.0>}
x[6,5]{1  <1.0>}
x[6,6]{7  <1.0>}
x[6,7]{2  <1.0>}
x[7,0]{3  <1.0>}
x[7,1]{2  <1.0>}
x[7,2]{1  <1.0>}
x[7,3]{5  <1.0>}
x[7,4]{6  <1.0>}
x[7,5]{4  <1.0>}
x[7,6]{0  <1.0>}
x[7,7]{7  <1.0>}
problem entropy = 0.2478510214463649
smallest variable entropy = 0.0035620679669960244
##### after BP iteration 2 #####
x[0,0]{6  <0.9904354875495706>, 2  <0.009564512450429474>}
x[0,1]{3  <1.0>}
x[0,2]{0  <1.0>}
x[0,3]{4  <0.9999864701592482>, 1  <1.3529840751709675E-5>}
x[0,4]{7  <1.0>}
x[0,5]{6  <0.024087516747694153>, 2  <0.9759124832523058>}
x[0,6]{4  <9.946096443756557E-4>, 1  <0.9990053903556244>}
x[0,7]{5  <1.0>}
x[1,0]{5  <1.0>}
x[1,1]{7  <1.0>}
x[1,2]{4  <1.0>}
x[1,3]{2  <1.0>}
x[1,4]{1  <1.0>}
x[1,5]{3  <1.0>}
x[1,6]{6  <1.0>}
x[1,7]{0  <1.0>}
x[2,0]{0  <1.0>}
x[2,1]{6  <1.0>}
x[2,2]{2  <1.0>}
x[2,3]{4  <8.850094550392547E-6>, 1  <0.9999911499054496>}
x[2,4]{5  <1.0>}
x[2,5]{7  <1.0>}
x[2,6]{3  <0.95923648155319>, 1  <0.0017249365993427367>, 4  <0.03903858184746728>}
x[2,7]{4  <0.9901317235901989>, 3  <0.009868276409801134>}
x[3,0]{7  <1.0>}
x[3,1]{4  <1.0>}
x[3,2]{5  <1.0>}
x[3,3]{6  <1.0>}
x[3,4]{3  <0.9826310406077244>, 2  <0.017368959392275493>}
x[3,5]{0  <1.0>}
x[3,6]{2  <0.8567368081590587>, 3  <0.14326319184094136>}
x[3,7]{1  <1.0>}
x[4,0]{6  <0.020965577936621713>, 2  <0.9790344220633783>}
x[4,1]{1  <1.0>}
x[4,2]{7  <1.0>}
x[4,3]{0  <1.0>}
x[4,4]{4  <0.9184704027691076>, 3  <0.08152959723089248>}
x[4,5]{2  <0.007054525128993763>, 6  <0.9929454748710063>}
x[4,6]{5  <1.0>}
x[4,7]{4  <0.18999814759772746>, 3  <0.8100018524022725>}
x[5,0]{1  <1.0>}
x[5,1]{0  <1.0>}
x[5,2]{3  <1.0>}
x[5,3]{7  <1.0>}
x[5,4]{2  <0.9851964536726046>, 4  <0.01480354632739547>}
x[5,5]{5  <1.0>}
x[5,6]{4  <0.8476832555414233>, 2  <0.15231674445857663>}
x[5,7]{6  <1.0>}
x[6,0]{4  <1.0>}
x[6,1]{5  <1.0>}
x[6,2]{6  <1.0>}
x[6,3]{3  <1.0>}
x[6,4]{0  <1.0>}
x[6,5]{1  <1.0>}
x[6,6]{7  <1.0>}
x[6,7]{2  <1.0>}
x[7,0]{3  <1.0>}
x[7,1]{2  <1.0>}
x[7,2]{1  <1.0>}
x[7,3]{5  <1.0>}
x[7,4]{6  <1.0>}
x[7,5]{4  <1.0>}
x[7,6]{0  <1.0>}
x[7,7]{7  <1.0>}
problem entropy = 0.2171505305259148
smallest variable entropy = 1.118216348656059E-4
### branching on x[0,3]=4; marginal=0.9999864701592482; regret=0.9999729403184965; nb of ties=3
### branching on x[2,7]=4; marginal=0.9901317235901989; regret=0.9802634471803977; nb of ties=3
##### after BP iteration 1 #####
x[0,0]{6  <0.9781444902268044>, 2  <0.02185550977319561>}
x[0,1]{3  <1.0>}
x[0,2]{0  <1.0>}
x[0,3]{4  <1.0>}
x[0,4]{7  <1.0>}
x[0,5]{6  <0.008755424782491222>, 2  <0.9912445752175087>}
x[0,6]{1  <1.0>}
x[0,7]{5  <1.0>}
x[1,0]{5  <1.0>}
x[1,1]{7  <1.0>}
x[1,2]{4  <1.0>}
x[1,3]{2  <1.0>}
x[1,4]{1  <1.0>}
x[1,5]{3  <1.0>}
x[1,6]{6  <1.0>}
x[1,7]{0  <1.0>}
x[2,0]{0  <1.0>}
x[2,1]{6  <1.0>}
x[2,2]{2  <1.0>}
x[2,3]{1  <1.0>}
x[2,4]{5  <1.0>}
x[2,5]{7  <1.0>}
x[2,6]{3  <1.0>}
x[2,7]{4  <1.0>}
x[3,0]{7  <1.0>}
x[3,1]{4  <1.0>}
x[3,2]{5  <1.0>}
x[3,3]{6  <1.0>}
x[3,4]{3  <1.0>}
x[3,5]{0  <1.0>}
x[3,6]{2  <1.0>}
x[3,7]{1  <1.0>}
x[4,0]{6  <0.003317893991417383>, 2  <0.9966821060085826>}
x[4,1]{1  <1.0>}
x[4,2]{7  <1.0>}
x[4,3]{0  <1.0>}
x[4,4]{4  <1.0>}
x[4,5]{2  <0.010036321871971373>, 6  <0.9899636781280287>}
x[4,6]{5  <1.0>}
x[4,7]{3  <1.0>}
x[5,0]{1  <1.0>}
x[5,1]{0  <1.0>}
x[5,2]{3  <1.0>}
x[5,3]{7  <1.0>}
x[5,4]{2  <1.0>}
x[5,5]{5  <1.0>}
x[5,6]{4  <1.0>}
x[5,7]{6  <1.0>}
x[6,0]{4  <1.0>}
x[6,1]{5  <1.0>}
x[6,2]{6  <1.0>}
x[6,3]{3  <1.0>}
x[6,4]{0  <1.0>}
x[6,5]{1  <1.0>}
x[6,6]{7  <1.0>}
x[6,7]{2  <1.0>}
x[7,0]{3  <1.0>}
x[7,1]{2  <1.0>}
x[7,2]{1  <1.0>}
x[7,3]{5  <1.0>}
x[7,4]{6  <1.0>}
x[7,5]{4  <1.0>}
x[7,6]{0  <1.0>}
x[7,7]{7  <1.0>}
problem entropy = 0.08432435097712918
smallest variable entropy = 0.022252332815171832
##### after BP iteration 2 #####
x[0,0]{6  <0.996964395086922>, 2  <0.0030356049130779014>}
x[0,1]{3  <1.0>}
x[0,2]{0  <1.0>}
x[0,3]{4  <1.0>}
x[0,4]{7  <1.0>}
x[0,5]{6  <0.009094199196856655>, 2  <0.9909058008031434>}
x[0,6]{1  <1.0>}
x[0,7]{5  <1.0>}
x[1,0]{5  <1.0>}
x[1,1]{7  <1.0>}
x[1,2]{4  <1.0>}
x[1,3]{2  <1.0>}
x[1,4]{1  <1.0>}
x[1,5]{3  <1.0>}
x[1,6]{6  <1.0>}
x[1,7]{0  <1.0>}
x[2,0]{0  <1.0>}
x[2,1]{6  <1.0>}
x[2,2]{2  <1.0>}
x[2,3]{1  <1.0>}
x[2,4]{5  <1.0>}
x[2,5]{7  <1.0>}
x[2,6]{3  <1.0>}
x[2,7]{4  <1.0>}
x[3,0]{7  <1.0>}
x[3,1]{4  <1.0>}
x[3,2]{5  <1.0>}
x[3,3]{6  <1.0>}
x[3,4]{3  <1.0>}
x[3,5]{0  <1.0>}
x[3,6]{2  <1.0>}
x[3,7]{1  <1.0>}
x[4,0]{6  <0.010467296422080318>, 2  <0.9895327035779197>}
x[4,1]{1  <1.0>}
x[4,2]{7  <1.0>}
x[4,3]{0  <1.0>}
x[4,4]{4  <1.0>}
x[4,5]{2  <0.004121603121252029>, 6  <0.995878396878748>}
x[4,6]{5  <1.0>}
x[4,7]{3  <1.0>}
x[5,0]{1  <1.0>}
x[5,1]{0  <1.0>}
x[5,2]{3  <1.0>}
x[5,3]{7  <1.0>}
x[5,4]{2  <1.0>}
x[5,5]{5  <1.0>}
x[5,6]{4  <1.0>}
x[5,7]{6  <1.0>}
x[6,0]{4  <1.0>}
x[6,1]{5  <1.0>}
x[6,2]{6  <1.0>}
x[6,3]{3  <1.0>}
x[6,4]{0  <1.0>}
x[6,5]{1  <1.0>}
x[6,6]{7  <1.0>}
x[6,7]{2  <1.0>}
x[7,0]{3  <1.0>}
x[7,1]{2  <1.0>}
x[7,2]{1  <1.0>}
x[7,3]{5  <1.0>}
x[7,4]{6  <1.0>}
x[7,5]{4  <1.0>}
x[7,6]{0  <1.0>}
x[7,7]{7  <1.0>}
problem entropy = 0.05673790143729896
smallest variable entropy = 0.02062944043032206
##### after BP iteration 3 #####
x[0,0]{6  <0.9956739088875253>, 2  <0.004326091112474745>}
x[0,1]{3  <1.0>}
x[0,2]{0  <1.0>}
x[0,3]{4  <1.0>}
x[0,4]{7  <1.0>}
x[0,5]{6  <0.0014246556285215704>, 2  <0.9985753443714783>}
x[0,6]{1  <1.0>}
x[0,7]{5  <1.0>}
x[1,0]{5  <1.0>}
x[1,1]{7  <1.0>}
x[1,2]{4  <1.0>}
x[1,3]{2  <1.0>}
x[1,4]{1  <1.0>}
x[1,5]{3  <1.0>}
x[1,6]{6  <1.0>}
x[1,7]{0  <1.0>}
x[2,0]{0  <1.0>}
x[2,1]{6  <1.0>}
x[2,2]{2  <1.0>}
x[2,3]{1  <1.0>}
x[2,4]{5  <1.0>}
x[2,5]{7  <1.0>}
x[2,6]{3  <1.0>}
x[2,7]{4  <1.0>}
x[3,0]{7  <1.0>}
x[3,1]{4  <1.0>}
x[3,2]{5  <1.0>}
x[3,3]{6  <1.0>}
x[3,4]{3  <1.0>}
x[3,5]{0  <1.0>}
x[3,6]{2  <1.0>}
x[3,7]{1  <1.0>}
x[4,0]{6  <0.003771192559809211>, 2  <0.9962288074401908>}
x[4,1]{1  <1.0>}
x[4,2]{7  <1.0>}
x[4,3]{0  <1.0>}
x[4,4]{4  <1.0>}
x[4,5]{2  <0.009485105222738321>, 6  <0.9905148947772617>}
x[4,6]{5  <1.0>}
x[4,7]{3  <1.0>}
x[5,0]{1  <1.0>}
x[5,1]{0  <1.0>}
x[5,2]{3  <1.0>}
x[5,3]{7  <1.0>}
x[5,4]{2  <1.0>}
x[5,5]{5  <1.0>}
x[5,6]{4  <1.0>}
x[5,7]{6  <1.0>}
x[6,0]{4  <1.0>}
x[6,1]{5  <1.0>}
x[6,2]{6  <1.0>}
x[6,3]{3  <1.0>}
x[6,4]{0  <1.0>}
x[6,5]{1  <1.0>}
x[6,6]{7  <1.0>}
x[6,7]{2  <1.0>}
x[7,0]{3  <1.0>}
x[7,1]{2  <1.0>}
x[7,2]{1  <1.0>}
x[7,3]{5  <1.0>}
x[7,4]{6  <1.0>}
x[7,5]{4  <1.0>}
x[7,6]{0  <1.0>}
x[7,7]{7  <1.0>}
problem entropy = 0.04221874603988053
smallest variable entropy = 0.010760584225058954
##### after BP iteration 4 #####
x[0,0]{6  <0.9982294286094234>, 2  <0.0017705713905764688>}
x[0,1]{3  <1.0>}
x[0,2]{0  <1.0>}
x[0,3]{4  <1.0>}
x[0,4]{7  <1.0>}
x[0,5]{6  <0.004512977709710873>, 2  <0.9954870222902891>}
x[0,6]{1  <1.0>}
x[0,7]{5  <1.0>}
x[1,0]{5  <1.0>}
x[1,1]{7  <1.0>}
x[1,2]{4  <1.0>}
x[1,3]{2  <1.0>}
x[1,4]{1  <1.0>}
x[1,5]{3  <1.0>}
x[1,6]{6  <1.0>}
x[1,7]{0  <1.0>}
x[2,0]{0  <1.0>}
x[2,1]{6  <1.0>}
x[2,2]{2  <1.0>}
x[2,3]{1  <1.0>}
x[2,4]{5  <1.0>}
x[2,5]{7  <1.0>}
x[2,6]{3  <1.0>}
x[2,7]{4  <1.0>}
x[3,0]{7  <1.0>}
x[3,1]{4  <1.0>}
x[3,2]{5  <1.0>}
x[3,3]{6  <1.0>}
x[3,4]{3  <1.0>}
x[3,5]{0  <1.0>}
x[3,6]{2  <1.0>}
x[3,7]{1  <1.0>}
x[4,0]{6  <0.003917873899033411>, 2  <0.9960821261009666>}
x[4,1]{1  <1.0>}
x[4,2]{7  <1.0>}
x[4,3]{0  <1.0>}
x[4,4]{4  <1.0>}
x[4,5]{2  <0.0013032341650530007>, 6  <0.9986967658349469>}
x[4,6]{5  <1.0>}
x[4,7]{3  <1.0>}
x[5,0]{1  <1.0>}
x[5,1]{0  <1.0>}
x[5,2]{3  <1.0>}
x[5,3]{7  <1.0>}
x[5,4]{2  <1.0>}
x[5,5]{5  <1.0>}
x[5,6]{4  <1.0>}
x[5,7]{6  <1.0>}
x[6,0]{4  <1.0>}
x[6,1]{5  <1.0>}
x[6,2]{6  <1.0>}
x[6,3]{3  <1.0>}
x[6,4]{0  <1.0>}
x[6,5]{1  <1.0>}
x[6,6]{7  <1.0>}
x[6,7]{2  <1.0>}
x[7,0]{3  <1.0>}
x[7,1]{2  <1.0>}
x[7,2]{1  <1.0>}
x[7,3]{5  <1.0>}
x[7,4]{6  <1.0>}
x[7,5]{4  <1.0>}
x[7,6]{0  <1.0>}
x[7,7]{7  <1.0>}
problem entropy = 0.027933499771408316
smallest variable entropy = 0.009959647011783337
##### after BP iteration 5 #####
x[0,0]{6  <0.9959128020458773>, 2  <0.00408719795412272>}
x[0,1]{3  <1.0>}
x[0,2]{0  <1.0>}
x[0,3]{4  <1.0>}
x[0,4]{7  <1.0>}
x[0,5]{6  <0.001619715817197558>, 2  <0.9983802841828024>}
x[0,6]{1  <1.0>}
x[0,7]{5  <1.0>}
x[1,0]{5  <1.0>}
x[1,1]{7  <1.0>}
x[1,2]{4  <1.0>}
x[1,3]{2  <1.0>}
x[1,4]{1  <1.0>}
x[1,5]{3  <1.0>}
x[1,6]{6  <1.0>}
x[1,7]{0  <1.0>}
x[2,0]{0  <1.0>}
x[2,1]{6  <1.0>}
x[2,2]{2  <1.0>}
x[2,3]{1  <1.0>}
x[2,4]{5  <1.0>}
x[2,5]{7  <1.0>}
x[2,6]{3  <1.0>}
x[2,7]{4  <1.0>}
x[3,0]{7  <1.0>}
x[3,1]{4  <1.0>}
x[3,2]{5  <1.0>}
x[3,3]{6  <1.0>}
x[3,4]{3  <1.0>}
x[3,5]{0  <1.0>}
x[3,6]{2  <1.0>}
x[3,7]{1  <1.0>}
x[4,0]{6  <6.110641585051313E-4>, 2  <0.9993889358414948>}
x[4,1]{1  <1.0>}
x[4,2]{7  <1.0>}
x[4,3]{0  <1.0>}
x[4,4]{4  <1.0>}
x[4,5]{2  <0.0018586336874472406>, 6  <0.9981413663125527>}
x[4,6]{5  <1.0>}
x[4,7]{3  <1.0>}
x[5,0]{1  <1.0>}
x[5,1]{0  <1.0>}
x[5,2]{3  <1.0>}
x[5,3]{7  <1.0>}
x[5,4]{2  <1.0>}
x[5,5]{5  <1.0>}
x[5,6]{4  <1.0>}
x[5,7]{6  <1.0>}
x[6,0]{4  <1.0>}
x[6,1]{5  <1.0>}
x[6,2]{6  <1.0>}
x[6,3]{3  <1.0>}
x[6,4]{0  <1.0>}
x[6,5]{1  <1.0>}
x[6,6]{7  <1.0>}
x[6,7]{2  <1.0>}
x[7,0]{3  <1.0>}
x[7,1]{2  <1.0>}
x[7,2]{1  <1.0>}
x[7,3]{5  <1.0>}
x[7,4]{6  <1.0>}
x[7,5]{4  <1.0>}
x[7,6]{0  <1.0>}
x[7,7]{7  <1.0>}
problem entropy = 0.02065241941291142
smallest variable entropy = 0.005132940767224835
##### after BP iteration 6 #####
x[0,0]{6  <0.9994410548227194>, 2  <5.58945177280671E-4>}
x[0,1]{3  <1.0>}
x[0,2]{0  <1.0>}
x[0,3]{4  <1.0>}
x[0,4]{7  <1.0>}
x[0,5]{6  <0.0016828563676077326>, 2  <0.9983171436323922>}
x[0,6]{1  <1.0>}
x[0,7]{5  <1.0>}
x[1,0]{5  <1.0>}
x[1,1]{7  <1.0>}
x[1,2]{4  <1.0>}
x[1,3]{2  <1.0>}
x[1,4]{1  <1.0>}
x[1,5]{3  <1.0>}
x[1,6]{6  <1.0>}
x[1,7]{0  <1.0>}
x[2,0]{0  <1.0>}
x[2,1]{6  <1.0>}
x[2,2]{2  <1.0>}
x[2,3]{1  <1.0>}
x[2,4]{5  <1.0>}
x[2,5]{7  <1.0>}
x[2,6]{3  <1.0>}
x[2,7]{4  <1.0>}
x[3,0]{7  <1.0>}
x[3,1]{4  <1.0>}
x[3,2]{5  <1.0>}
x[3,3]{6  <1.0>}
x[3,4]{3  <1.0>}
x[3,5]{0  <1.0>}
x[3,6]{2  <1.0>}
x[3,7]{1  <1.0>}
x[4,0]{6  <0.0019391340291043696>, 2  <0.9980608659708956>}
x[4,1]{1  <1.0>}
x[4,2]{7  <1.0>}
x[4,3]{0  <1.0>}
x[4,4]{4  <1.0>}
x[4,5]{2  <7.595848240517335E-4>, 6  <0.9992404151759483>}
x[4,6]{5  <1.0>}
x[4,7]{3  <1.0>}
x[5,0]{1  <1.0>}
x[5,1]{0  <1.0>}
x[5,2]{3  <1.0>}
x[5,3]{7  <1.0>}
x[5,4]{2  <1.0>}
x[5,5]{5  <1.0>}
x[5,6]{4  <1.0>}
x[5,7]{6  <1.0>}
x[6,0]{4  <1.0>}
x[6,1]{5  <1.0>}
x[6,2]{6  <1.0>}
x[6,3]{3  <1.0>}
x[6,4]{0  <1.0>}
x[6,5]{1  <1.0>}
x[6,6]{7  <1.0>}
x[6,7]{2  <1.0>}
x[7,0]{3  <1.0>}
x[7,1]{2  <1.0>}
x[7,2]{1  <1.0>}
x[7,3]{5  <1.0>}
x[7,4]{6  <1.0>}
x[7,5]{4  <1.0>}
x[7,6]{0  <1.0>}
x[7,7]{7  <1.0>}
problem entropy = 0.013503123444945942
smallest variable entropy = 0.004744986017611178
##### after BP iteration 7 #####
x[0,0]{6  <0.9992025958012046>, 2  <7.974041987953276E-4>}
x[0,1]{3  <1.0>}
x[0,2]{0  <1.0>}
x[0,3]{4  <1.0>}
x[0,4]{7  <1.0>}
x[0,5]{6  <2.619761160535732E-4>, 2  <0.9997380238839464>}
x[0,6]{1  <1.0>}
x[0,7]{5  <1.0>}
x[1,0]{5  <1.0>}
x[1,1]{7  <1.0>}
x[1,2]{4  <1.0>}
x[1,3]{2  <1.0>}
x[1,4]{1  <1.0>}
x[1,5]{3  <1.0>}
x[1,6]{6  <1.0>}
x[1,7]{0  <1.0>}
x[2,0]{0  <1.0>}
x[2,1]{6  <1.0>}
x[2,2]{2  <1.0>}
x[2,3]{1  <1.0>}
x[2,4]{5  <1.0>}
x[2,5]{7  <1.0>}
x[2,6]{3  <1.0>}
x[2,7]{4  <1.0>}
x[3,0]{7  <1.0>}
x[3,1]{4  <1.0>}
x[3,2]{5  <1.0>}
x[3,3]{6  <1.0>}
x[3,4]{3  <1.0>}
x[3,5]{0  <1.0>}
x[3,6]{2  <1.0>}
x[3,7]{1  <1.0>}
x[4,0]{6  <6.948070015934569E-4>, 2  <0.9993051929984065>}
x[4,1]{1  <1.0>}
x[4,2]{7  <1.0>}
x[4,3]{0  <1.0>}
x[4,4]{4  <1.0>}
x[4,5]{2  <0.0017557569095088702>, 6  <0.9982442430904911>}
x[4,6]{5  <1.0>}
x[4,7]{3  <1.0>}
x[5,0]{1  <1.0>}
x[5,1]{0  <1.0>}
x[5,2]{3  <1.0>}
x[5,3]{7  <1.0>}
x[5,4]{2  <1.0>}
x[5,5]{5  <1.0>}
x[5,6]{4  <1.0>}
x[5,7]{6  <1.0>}
x[6,0]{4  <1.0>}
x[6,1]{5  <1.0>}
x[6,2]{6  <1.0>}
x[6,3]{3  <1.0>}
x[6,4]{0  <1.0>}
x[6,5]{1  <1.0>}
x[6,6]{7  <1.0>}
x[6,7]{2  <1.0>}
x[7,0]{3  <1.0>}
x[7,1]{2  <1.0>}
x[7,2]{1  <1.0>}
x[7,3]{5  <1.0>}
x[7,4]{6  <1.0>}
x[7,5]{4  <1.0>}
x[7,6]{0  <1.0>}
x[7,7]{7  <1.0>}
problem entropy = 0.0099364780430482
smallest variable entropy = 0.0024225262115006724
##### after BP iteration 8 #####
x[0,0]{6  <0.9996743222869217>, 2  <3.256777130783923E-4>}
x[0,1]{3  <1.0>}
x[0,2]{0  <1.0>}
x[0,3]{4  <1.0>}
x[0,4]{7  <1.0>}
x[0,5]{6  <8.319793378707737E-4>, 2  <0.9991680206621292>}
x[0,6]{1  <1.0>}
x[0,7]{5  <1.0>}
x[1,0]{5  <1.0>}
x[1,1]{7  <1.0>}
x[1,2]{4  <1.0>}
x[1,3]{2  <1.0>}
x[1,4]{1  <1.0>}
x[1,5]{3  <1.0>}
x[1,6]{6  <1.0>}
x[1,7]{0  <1.0>}
x[2,0]{0  <1.0>}
x[2,1]{6  <1.0>}
x[2,2]{2  <1.0>}
x[2,3]{1  <1.0>}
x[2,4]{5  <1.0>}
x[2,5]{7  <1.0>}
x[2,6]{3  <1.0>}
x[2,7]{4  <1.0>}
x[3,0]{7  <1.0>}
x[3,1]{4  <1.0>}
x[3,2]{5  <1.0>}
x[3,3]{6  <1.0>}
x[3,4]{3  <1.0>}
x[3,5]{0  <1.0>}
x[3,6]{2  <1.0>}
x[3,7]{1  <1.0>}
x[4,0]{6  <7.21918377511021E-4>, 2  <0.999278081622489>}
x[4,1]{1  <1.0>}
x[4,2]{7  <1.0>}
x[4,3]{0  <1.0>}
x[4,4]{4  <1.0>}
x[4,5]{2  <2.396244685151646E-4>, 6  <0.9997603755314849>}
x[4,6]{5  <1.0>}
x[4,7]{3  <1.0>}
x[5,0]{1  <1.0>}
x[5,1]{0  <1.0>}
x[5,2]{3  <1.0>}
x[5,3]{7  <1.0>}
x[5,4]{2  <1.0>}
x[5,5]{5  <1.0>}
x[5,6]{4  <1.0>}
x[5,7]{6  <1.0>}
x[6,0]{4  <1.0>}
x[6,1]{5  <1.0>}
x[6,2]{6  <1.0>}
x[6,3]{3  <1.0>}
x[6,4]{0  <1.0>}
x[6,5]{1  <1.0>}
x[6,6]{7  <1.0>}
x[6,7]{2  <1.0>}
x[7,0]{3  <1.0>}
x[7,1]{2  <1.0>}
x[7,2]{1  <1.0>}
x[7,3]{5  <1.0>}
x[7,4]{6  <1.0>}
x[7,5]{4  <1.0>}
x[7,6]{0  <1.0>}
x[7,7]{7  <1.0>}
problem entropy = 0.00643925516139785
smallest variable entropy = 0.002237210179398857
##### after BP iteration 9 #####
x[0,0]{6  <0.9992467770522706>, 2  <7.532229477294454E-4>}
x[0,1]{3  <1.0>}
x[0,2]{0  <1.0>}
x[0,3]{4  <1.0>}
x[0,4]{7  <1.0>}
x[0,5]{6  <2.978927023602379E-4>, 2  <0.9997021072976398>}
x[0,6]{1  <1.0>}
x[0,7]{5  <1.0>}
x[1,0]{5  <1.0>}
x[1,1]{7  <1.0>}
x[1,2]{4  <1.0>}
x[1,3]{2  <1.0>}
x[1,4]{1  <1.0>}
x[1,5]{3  <1.0>}
x[1,6]{6  <1.0>}
x[1,7]{0  <1.0>}
x[2,0]{0  <1.0>}
x[2,1]{6  <1.0>}
x[2,2]{2  <1.0>}
x[2,3]{1  <1.0>}
x[2,4]{5  <1.0>}
x[2,5]{7  <1.0>}
x[2,6]{3  <1.0>}
x[2,7]{4  <1.0>}
x[3,0]{7  <1.0>}
x[3,1]{4  <1.0>}
x[3,2]{5  <1.0>}
x[3,3]{6  <1.0>}
x[3,4]{3  <1.0>}
x[3,5]{0  <1.0>}
x[3,6]{2  <1.0>}
x[3,7]{1  <1.0>}
x[4,0]{6  <1.1229228853588186E-4>, 2  <0.9998877077114641>}
x[4,1]{1  <1.0>}
x[4,2]{7  <1.0>}
x[4,3]{0  <1.0>}
x[4,4]{4  <1.0>}
x[4,5]{2  <3.419004468276378E-4>, 6  <0.9996580995531723>}
x[4,6]{5  <1.0>}
x[4,7]{3  <1.0>}
x[5,0]{1  <1.0>}
x[5,1]{0  <1.0>}
x[5,2]{3  <1.0>}
x[5,3]{7  <1.0>}
x[5,4]{2  <1.0>}
x[5,5]{5  <1.0>}
x[5,6]{4  <1.0>}
x[5,7]{6  <1.0>}
x[6,0]{4  <1.0>}
x[6,1]{5  <1.0>}
x[6,2]{6  <1.0>}
x[6,3]{3  <1.0>}
x[6,4]{0  <1.0>}
x[6,5]{1  <1.0>}
x[6,6]{7  <1.0>}
x[6,7]{2  <1.0>}
x[7,0]{3  <1.0>}
x[7,1]{2  <1.0>}
x[7,2]{1  <1.0>}
x[7,3]{5  <1.0>}
x[7,4]{6  <1.0>}
x[7,5]{4  <1.0>}
x[7,6]{0  <1.0>}
x[7,7]{7  <1.0>}
problem entropy = 0.004721188727207275
smallest variable entropy = 0.001133517575054619
##### after BP iteration 10 #####
x[0,0]{6  <0.9998972897352693>, 2  <1.027102647308404E-4>}
x[0,1]{3  <1.0>}
x[0,2]{0  <1.0>}
x[0,3]{4  <1.0>}
x[0,4]{7  <1.0>}
x[0,5]{6  <3.0952127556018464E-4>, 2  <0.9996904787244398>}
x[0,6]{1  <1.0>}
x[0,7]{5  <1.0>}
x[1,0]{5  <1.0>}
x[1,1]{7  <1.0>}
x[1,2]{4  <1.0>}
x[1,3]{2  <1.0>}
x[1,4]{1  <1.0>}
x[1,5]{3  <1.0>}
x[1,6]{6  <1.0>}
x[1,7]{0  <1.0>}
x[2,0]{0  <1.0>}
x[2,1]{6  <1.0>}
x[2,2]{2  <1.0>}
x[2,3]{1  <1.0>}
x[2,4]{5  <1.0>}
x[2,5]{7  <1.0>}
x[2,6]{3  <1.0>}
x[2,7]{4  <1.0>}
x[3,0]{7  <1.0>}
x[3,1]{4  <1.0>}
x[3,2]{5  <1.0>}
x[3,3]{6  <1.0>}
x[3,4]{3  <1.0>}
x[3,5]{0  <1.0>}
x[3,6]{2  <1.0>}
x[3,7]{1  <1.0>}
x[4,0]{6  <3.567321698271602E-4>, 2  <0.9996432678301729>}
x[4,1]{1  <1.0>}
x[4,2]{7  <1.0>}
x[4,3]{0  <1.0>}
x[4,4]{4  <1.0>}
x[4,5]{2  <1.3960214292310996E-4>, 6  <0.9998603978570768>}
x[4,6]{5  <1.0>}
x[4,7]{3  <1.0>}
x[5,0]{1  <1.0>}
x[5,1]{0  <1.0>}
x[5,2]{3  <1.0>}
x[5,3]{7  <1.0>}
x[5,4]{2  <1.0>}
x[5,5]{5  <1.0>}
x[5,6]{4  <1.0>}
x[5,7]{6  <1.0>}
x[6,0]{4  <1.0>}
x[6,1]{5  <1.0>}
x[6,2]{6  <1.0>}
x[6,3]{3  <1.0>}
x[6,4]{0  <1.0>}
x[6,5]{1  <1.0>}
x[6,6]{7  <1.0>}
x[6,7]{2  <1.0>}
x[7,0]{3  <1.0>}
x[7,1]{2  <1.0>}
x[7,2]{1  <1.0>}
x[7,3]{5  <1.0>}
x[7,4]{6  <1.0>}
x[7,5]{4  <1.0>}
x[7,6]{0  <1.0>}
x[7,7]{7  <1.0>}
problem entropy = 0.003038281997523023
smallest variable entropy = 0.0010459548226934812
### branching on x[0,5]=2; marginal=0.9996904787244398; regret=0.9993809574488797; nb of ties=4
##### after BP iteration 1 #####
x[0,0]{6  <1.0>}
x[0,1]{3  <1.0>}
x[0,2]{0  <1.0>}
x[0,3]{4  <1.0>}
x[0,4]{7  <1.0>}
x[0,5]{2  <1.0>}
x[0,6]{1  <1.0>}
x[0,7]{5  <1.0>}
x[1,0]{5  <1.0>}
x[1,1]{7  <1.0>}
x[1,2]{4  <1.0>}
x[1,3]{2  <1.0>}
x[1,4]{1  <1.0>}
x[1,5]{3  <1.0>}
x[1,6]{6  <1.0>}
x[1,7]{0  <1.0>}
x[2,0]{0  <1.0>}
x[2,1]{6  <1.0>}
x[2,2]{2  <1.0>}
x[2,3]{1  <1.0>}
x[2,4]{5  <1.0>}
x[2,5]{7  <1.0>}
x[2,6]{3  <1.0>}
x[2,7]{4  <1.0>}
x[3,0]{7  <1.0>}
x[3,1]{4  <1.0>}
x[3,2]{5  <1.0>}
x[3,3]{6  <1.0>}
x[3,4]{3  <1.0>}
x[3,5]{0  <1.0>}
x[3,6]{2  <1.0>}
x[3,7]{1  <1.0>}
x[4,0]{2  <1.0>}
x[4,1]{1  <1.0>}
x[4,2]{7  <1.0>}
x[4,3]{0  <1.0>}
x[4,4]{4  <1.0>}
x[4,5]{6  <1.0>}
x[4,6]{5  <1.0>}
x[4,7]{3  <1.0>}
x[5,0]{1  <1.0>}
x[5,1]{0  <1.0>}
x[5,2]{3  <1.0>}
x[5,3]{7  <1.0>}
x[5,4]{2  <1.0>}
x[5,5]{5  <1.0>}
x[5,6]{4  <1.0>}
x[5,7]{6  <1.0>}
x[6,0]{4  <1.0>}
x[6,1]{5  <1.0>}
x[6,2]{6  <1.0>}
x[6,3]{3  <1.0>}
x[6,4]{0  <1.0>}
x[6,5]{1  <1.0>}
x[6,6]{7  <1.0>}
x[6,7]{2  <1.0>}
x[7,0]{3  <1.0>}
x[7,1]{2  <1.0>}
x[7,2]{1  <1.0>}
x[7,3]{5  <1.0>}
x[7,4]{6  <1.0>}
x[7,5]{4  <1.0>}
x[7,6]{0  <1.0>}
x[7,7]{7  <1.0>}
problem entropy = 0.0
smallest variable entropy = 1.7976931348623157E308
### branching on x[0,5]!=2
##### after BP iteration 1 #####
x[0,0]{2  <1.0>}
x[0,1]{3  <1.0>}
x[0,2]{0  <1.0>}
x[0,3]{4  <1.0>}
x[0,4]{7  <1.0>}
x[0,5]{6  <1.0>}
x[0,6]{1  <1.0>}
x[0,7]{5  <1.0>}
x[1,0]{5  <1.0>}
x[1,1]{7  <1.0>}
x[1,2]{4  <1.0>}
x[1,3]{2  <1.0>}
x[1,4]{1  <1.0>}
x[1,5]{3  <1.0>}
x[1,6]{6  <1.0>}
x[1,7]{0  <1.0>}
x[2,0]{0  <1.0>}
x[2,1]{6  <1.0>}
x[2,2]{2  <1.0>}
x[2,3]{1  <1.0>}
x[2,4]{5  <1.0>}
x[2,5]{7  <1.0>}
x[2,6]{3  <1.0>}
x[2,7]{4  <1.0>}
x[3,0]{7  <1.0>}
x[3,1]{4  <1.0>}
x[3,2]{5  <1.0>}
x[3,3]{6  <1.0>}
x[3,4]{3  <1.0>}
x[3,5]{0  <1.0>}
x[3,6]{2  <1.0>}
x[3,7]{1  <1.0>}
x[4,0]{6  <1.0>}
x[4,1]{1  <1.0>}
x[4,2]{7  <1.0>}
x[4,3]{0  <1.0>}
x[4,4]{4  <1.0>}
x[4,5]{2  <1.0>}
x[4,6]{5  <1.0>}
x[4,7]{3  <1.0>}
x[5,0]{1  <1.0>}
x[5,1]{0  <1.0>}
x[5,2]{3  <1.0>}
x[5,3]{7  <1.0>}
x[5,4]{2  <1.0>}
x[5,5]{5  <1.0>}
x[5,6]{4  <1.0>}
x[5,7]{6  <1.0>}
x[6,0]{4  <1.0>}
x[6,1]{5  <1.0>}
x[6,2]{6  <1.0>}
x[6,3]{3  <1.0>}
x[6,4]{0  <1.0>}
x[6,5]{1  <1.0>}
x[6,6]{7  <1.0>}
x[6,7]{2  <1.0>}
x[7,0]{3  <1.0>}
x[7,1]{2  <1.0>}
x[7,2]{1  <1.0>}
x[7,3]{5  <1.0>}
x[7,4]{6  <1.0>}
x[7,5]{4  <1.0>}
x[7,6]{0  <1.0>}
x[7,7]{7  <1.0>}
problem entropy = 0.0
smallest variable entropy = 1.7976931348623157E308

	#choice: 8
	#fail: 0
	execution time (ms): 111
	#sols : 1
	completed : false

