{5  <1.0>}
model: sum-product-no-init
FINAL DAMPING FACTOR = 1.0
##### after BP iteration 1 #####
x[0,0]{5  <1.0>}
x[0,1]{7  <1.0>}
x[0,2]{3  <1.0>}
x[0,3]{1  <1.0>}
x[0,4]{0  <1.0>}
x[0,5]{6  <1.0>}
x[0,6]{4  <1.0>}
x[0,7]{2  <1.0>}
x[1,0]{4  <1.0>}
x[1,1]{6  <0.43621793441159834>, 3  <0.020368446640905567>, 2  <0.5434136189474962>}
x[1,2]{0  <1.0>}
x[1,3]{2  <0.07899162568307926>, 3  <0.9210083743169207>}
x[1,4]{6  <0.8124440370721056>, 2  <0.1875559629278945>}
x[1,5]{1  <1.0>}
x[1,6]{7  <1.0>}
x[1,7]{5  <1.0>}
x[2,0]{0  <1.0>}
x[2,1]{5  <1.0>}
x[2,2]{6  <0.6799541097633086>, 1  <5.91081265445281E-28>, 2  <0.3200458902366915>}
x[2,3]{7  <1.0>}
x[2,4]{6  <2.1873582530932288E-14>, 1  <0.9999999999999336>, 2  <4.448378780581909E-14>}
x[2,5]{4  <1.0>}
x[2,6]{6  <0.3400299622375616>, 1  <9.00224474136143E-16>, 2  <0.6599700377624376>}
x[2,7]{3  <1.0>}
x[3,0]{2  <1.0>}
x[3,1]{0  <8.736417764313929E-31>, 4  <1.0>}
x[3,2]{4  <1.6051456813495753E-31>, 1  <1.0>}
x[3,3]{6  <1.0>}
x[3,4]{3  <1.0>}
x[3,5]{0  <0.4012524452727785>, 7  <0.5987475547272215>}
x[3,6]{5  <1.0>}
x[3,7]{0  <0.41788533607779466>, 1  <1.8100602726248653E-32>, 7  <0.5821146639222053>}
x[4,0]{3  <1.0>}
x[4,1]{6  <0.48282817081286283>, 2  <0.5171718291871372>}
x[4,2]{7  <1.0>}
x[4,3]{4  <1.0>}
x[4,4]{6  <0.20578261665556566>, 1  <1.728575370862539E-14>, 2  <0.794217383344417>}
x[4,5]{5  <1.0>}
x[4,6]{0  <1.0>}
x[4,7]{6  <1.7670453772899826E-18>, 1  <1.0>}
x[5,0]{7  <1.0>}
x[5,1]{1  <1.0>}
x[5,2]{6  <0.41417268496759074>, 2  <0.5858273150324094>}
x[5,3]{0  <1.0>}
x[5,4]{5  <1.0>}
x[5,5]{3  <1.0>}
x[5,6]{6  <0.5665241680310753>, 2  <0.4334758319689247>}
x[5,7]{4  <1.0>}
x[6,0]{6  <1.0>}
x[6,1]{0  <1.0463858972452328E-16>, 3  <0.9919940572304319>, 2  <0.008005942769568031>}
x[6,2]{5  <1.0>}
x[6,3]{2  <0.9185672521023377>, 3  <0.08143274789766239>}
x[6,4]{4  <1.0>}
x[6,5]{0  <0.5529394835792566>, 7  <0.44706051642074335>}
x[6,6]{2  <2.926205386411631E-18>, 1  <1.0>}
x[6,7]{0  <0.31513171303215776>, 1  <1.8084227751826977E-19>, 7  <0.6848682869678422>}
x[7,0]{1  <1.0>}
x[7,1]{0  <0.999999999999999>, 4  <5.770520355625764E-32>, 6  <9.564939949079156E-16>}
x[7,2]{4  <1.0>, 6  <5.674249580539422E-33>}
x[7,3]{5  <1.0>}
x[7,4]{7  <1.0>}
x[7,5]{2  <1.0>}
x[7,6]{3  <1.0>}
x[7,7]{0  <1.2468596342570672E-18>, 6  <1.0>}
problem entropy = 0.433872442569547
smallest variable entropy = 4.213094551404358E-31
### branching on x[4,7]=1; marginal=1.0; regret=1.0; nb of ties=8
##### after BP iteration 1 #####
x[0,0]{5  <1.0>}
x[0,1]{7  <1.0>}
x[0,2]{3  <1.0>}
x[0,3]{1  <1.0>}
x[0,4]{0  <1.0>}
x[0,5]{6  <1.0>}
x[0,6]{4  <1.0>}
x[0,7]{2  <1.0>}
x[1,0]{4  <1.0>}
x[1,1]{6  <0.5257504265247365>, 3  <0.009298338338362683>, 2  <0.4649512351369009>}
x[1,2]{0  <1.0>}
x[1,3]{2  <0.02264238573996661>, 3  <0.9773576142600334>}
x[1,4]{6  <0.5656698851373475>, 2  <0.4343301148626525>}
x[1,5]{1  <1.0>}
x[1,6]{7  <1.0>}
x[1,7]{5  <1.0>}
x[2,0]{0  <1.0>}
x[2,1]{5  <1.0>}
x[2,2]{6  <0.7190624092663556>, 2  <0.28093759073364455>}
x[2,3]{7  <1.0>}
x[2,4]{1  <1.0>}
x[2,5]{4  <1.0>}
x[2,6]{6  <0.29407114302918214>, 2  <0.7059288569708179>}
x[2,7]{3  <1.0>}
x[3,0]{2  <1.0>}
x[3,1]{4  <1.0>}
x[3,2]{1  <1.0>}
x[3,3]{6  <1.0>}
x[3,4]{3  <1.0>}
x[3,5]{0  <0.34363388464133>, 7  <0.6563661153586702>}
x[3,6]{5  <1.0>}
x[3,7]{0  <0.7846828872390773>, 7  <0.21531711276092272>}
x[4,0]{3  <1.0>}
x[4,1]{6  <0.7975950885975104>, 2  <0.20240491140248956>}
x[4,2]{7  <1.0>}
x[4,3]{4  <1.0>}
x[4,4]{6  <0.17943950290414595>, 2  <0.820560497095854>}
x[4,5]{5  <1.0>}
x[4,6]{0  <1.0>}
x[4,7]{1  <1.0>}
x[5,0]{7  <1.0>}
x[5,1]{1  <1.0>}
x[5,2]{6  <0.46367613680082853>, 2  <0.5363238631991715>}
x[5,3]{0  <1.0>}
x[5,4]{5  <1.0>}
x[5,5]{3  <1.0>}
x[5,6]{6  <0.5175146194365088>, 2  <0.48248538056349116>}
x[5,7]{4  <1.0>}
x[6,0]{6  <1.0>}
x[6,1]{2  <0.03584583169199099>, 3  <0.964154168308009>}
x[6,2]{5  <1.0>}
x[6,3]{2  <0.966546192098413>, 3  <0.0334538079015871>}
x[6,4]{4  <1.0>}
x[6,5]{0  <0.4708623911043425>, 7  <0.5291376088956574>}
x[6,6]{1  <1.0>}
x[6,7]{0  <0.6826653138434432>, 7  <0.31733468615655686>}
x[7,0]{1  <1.0>}
x[7,1]{0  <1.0>}
x[7,2]{4  <1.0>}
x[7,3]{5  <1.0>}
x[7,4]{7  <1.0>}
x[7,5]{2  <1.0>}
x[7,6]{3  <1.0>}
x[7,7]{6  <1.0>}
problem entropy = 0.7306378618497831
smallest variable entropy = 0.10815189967750619
##### after BP iteration 2 #####
x[0,0]{5  <1.0>}
x[0,1]{7  <1.0>}
x[0,2]{3  <1.0>}
x[0,3]{1  <1.0>}
x[0,4]{0  <1.0>}
x[0,5]{6  <1.0>}
x[0,6]{4  <1.0>}
x[0,7]{2  <1.0>}
x[1,0]{4  <1.0>}
x[1,1]{6  <0.1922467366240984>, 3  <0.06577756786000391>, 2  <0.7419756955158977>}
x[1,2]{0  <1.0>}
x[1,3]{2  <0.0036705970881293825>, 3  <0.9963294029118706>}
x[1,4]{6  <0.48670172723279975>, 2  <0.5132982727672002>}
x[1,5]{1  <1.0>}
x[1,6]{7  <1.0>}
x[1,7]{5  <1.0>}
x[2,0]{0  <1.0>}
x[2,1]{5  <1.0>}
x[2,2]{6  <0.5665241680310752>, 2  <0.4334758319689248>}
x[2,3]{7  <1.0>}
x[2,4]{1  <1.0>}
x[2,5]{4  <1.0>}
x[2,6]{6  <0.41417268496759063>, 2  <0.5858273150324093>}
x[2,7]{3  <1.0>}
x[3,0]{2  <1.0>}
x[3,1]{4  <1.0>}
x[3,2]{1  <1.0>}
x[3,3]{6  <1.0>}
x[3,4]{3  <1.0>}
x[3,5]{0  <0.3151317130321578>, 7  <0.6848682869678422>}
x[3,6]{5  <1.0>}
x[3,7]{0  <0.5529394835792566>, 7  <0.44706051642074335>}
x[4,0]{3  <1.0>}
x[4,1]{6  <0.8282702692731317>, 2  <0.17172973072686834>}
x[4,2]{7  <1.0>}
x[4,3]{4  <1.0>}
x[4,4]{6  <0.42922843900267843>, 2  <0.5707715609973216>}
x[4,5]{5  <1.0>}
x[4,6]{0  <1.0>}
x[4,7]{1  <1.0>}
x[5,0]{7  <1.0>}
x[5,1]{1  <1.0>}
x[5,2]{6  <0.3400299622375618>, 2  <0.6599700377624382>}
x[5,3]{0  <1.0>}
x[5,4]{5  <1.0>}
x[5,5]{3  <1.0>}
x[5,6]{6  <0.6799541097633085>, 2  <0.3200458902366915>}
x[5,7]{4  <1.0>}
x[6,0]{6  <1.0>}
x[6,1]{2  <0.06439700457510916>, 3  <0.9356029954248908>}
x[6,2]{5  <1.0>}
x[6,3]{2  <0.9903778165080728>, 3  <0.009622183491927321>}
x[6,4]{4  <1.0>}
x[6,5]{0  <0.4178853360777947>, 7  <0.5821146639222053>}
x[6,6]{1  <1.0>}
x[6,7]{0  <0.4012524452727784>, 7  <0.5987475547272215>}
x[7,0]{1  <1.0>}
x[7,1]{0  <1.0>}
x[7,2]{4  <1.0>}
x[7,3]{5  <1.0>}
x[7,4]{7  <1.0>}
x[7,5]{2  <1.0>}
x[7,6]{3  <1.0>}
x[7,7]{6  <1.0>}
problem entropy = 0.7597173946948637
smallest variable entropy = 0.02424636173603074
##### after BP iteration 3 #####
x[0,0]{5  <1.0>}
x[0,1]{7  <1.0>}
x[0,2]{3  <1.0>}
x[0,3]{1  <1.0>}
x[0,4]{0  <1.0>}
x[0,5]{6  <1.0>}
x[0,6]{4  <1.0>}
x[0,7]{2  <1.0>}
x[1,0]{4  <1.0>}
x[1,1]{6  <0.17448398420042543>, 3  <0.027616654212242506>, 2  <0.7978993615873321>}
x[1,2]{0  <1.0>}
x[1,3]{2  <0.029268118931046815>, 3  <0.9707318810689531>}
x[1,4]{6  <0.8047248264850793>, 2  <0.19527517351492066>}
x[1,5]{1  <1.0>}
x[1,6]{7  <1.0>}
x[1,7]{5  <1.0>}
x[2,0]{0  <1.0>}
x[2,1]{5  <1.0>}
x[2,2]{6  <0.5175146194365089>, 2  <0.4824853805634911>}
x[2,3]{7  <1.0>}
x[2,4]{1  <1.0>}
x[2,5]{4  <1.0>}
x[2,6]{6  <0.46367613680082864>, 2  <0.5363238631991714>}
x[2,7]{3  <1.0>}
x[3,0]{2  <1.0>}
x[3,1]{4  <1.0>}
x[3,2]{1  <1.0>}
x[3,3]{6  <1.0>}
x[3,4]{3  <1.0>}
x[3,5]{0  <0.6826653138434433>, 7  <0.31733468615655674>}
x[3,6]{5  <1.0>}
x[3,7]{0  <0.47086239110434264>, 7  <0.5291376088956574>}
x[4,0]{3  <1.0>}
x[4,1]{6  <0.5815366188823626>, 2  <0.4184633811176374>}
x[4,2]{7  <1.0>}
x[4,3]{4  <1.0>}
x[4,4]{6  <0.49998438836496134>, 2  <0.5000156116350386>}
x[4,5]{5  <1.0>}
x[4,6]{0  <1.0>}
x[4,7]{1  <1.0>}
x[5,0]{7  <1.0>}
x[5,1]{1  <1.0>}
x[5,2]{6  <0.29407114302918214>, 2  <0.7059288569708179>}
x[5,3]{0  <1.0>}
x[5,4]{5  <1.0>}
x[5,5]{3  <1.0>}
x[5,6]{6  <0.7190624092663556>, 2  <0.28093759073364455>}
x[5,7]{4  <1.0>}
x[6,0]{6  <1.0>}
x[6,1]{2  <0.018295801678265916>, 3  <0.9817041983217342>}
x[6,2]{5  <1.0>}
x[6,3]{2  <0.9927269811562144>, 3  <0.0072730188437855545>}
x[6,4]{4  <1.0>}
x[6,5]{0  <0.7846828872390772>, 7  <0.21531711276092272>}
x[6,6]{1  <1.0>}
x[6,7]{0  <0.34363388464132993>, 7  <0.6563661153586701>}
x[7,0]{1  <1.0>}
x[7,1]{0  <1.0>}
x[7,2]{4  <1.0>}
x[7,3]{5  <1.0>}
x[7,4]{7  <1.0>}
x[7,5]{2  <1.0>}
x[7,6]{3  <1.0>}
x[7,7]{6  <1.0>}
problem entropy = 0.7275950739616575
smallest variable entropy = 0.04305582404005868
##### after BP iteration 4 #####
x[0,0]{5  <1.0>}
x[0,1]{7  <1.0>}
x[0,2]{3  <1.0>}
x[0,3]{1  <1.0>}
x[0,4]{0  <1.0>}
x[0,5]{6  <1.0>}
x[0,6]{4  <1.0>}
x[0,7]{2  <1.0>}
x[1,0]{4  <1.0>}
x[1,1]{6  <0.42686131041836334>, 3  <0.00551484563747728>, 2  <0.5676238439441593>}
x[1,2]{0  <1.0>}
x[1,3]{2  <0.0526660187480405>, 3  <0.9473339812519596>}
x[1,4]{6  <0.8321777133309483>, 2  <0.16782228666905175>}
x[1,5]{1  <1.0>}
x[1,6]{7  <1.0>}
x[1,7]{5  <1.0>}
x[2,0]{0  <1.0>}
x[2,1]{5  <1.0>}
x[2,2]{6  <0.6799541097633085>, 2  <0.3200458902366915>}
x[2,3]{7  <1.0>}
x[2,4]{1  <1.0>}
x[2,5]{4  <1.0>}
x[2,6]{6  <0.34002996223756177>, 2  <0.6599700377624382>}
x[2,7]{3  <1.0>}
x[3,0]{2  <1.0>}
x[3,1]{4  <1.0>}
x[3,2]{1  <1.0>}
x[3,3]{6  <1.0>}
x[3,4]{3  <1.0>}
x[3,5]{0  <0.4012524452727785>, 7  <0.5987475547272215>}
x[3,6]{5  <1.0>}
x[3,7]{0  <0.4178853360777947>, 7  <0.5821146639222052>}
x[4,0]{3  <1.0>}
x[4,1]{6  <0.4896729559523477>, 2  <0.5103270440476524>}
x[4,2]{7  <1.0>}
x[4,3]{4  <1.0>}
x[4,4]{6  <0.18844049304701765>, 2  <0.8115595069529824>}
x[4,5]{5  <1.0>}
x[4,6]{0  <1.0>}
x[4,7]{1  <1.0>}
x[5,0]{7  <1.0>}
x[5,1]{1  <1.0>}
x[5,2]{6  <0.41417268496759074>, 2  <0.5858273150324094>}
x[5,3]{0  <1.0>}
x[5,4]{5  <1.0>}
x[5,5]{3  <1.0>}
x[5,6]{6  <0.5665241680310751>, 2  <0.4334758319689249>}
x[5,7]{4  <1.0>}
x[6,0]{6  <1.0>}
x[6,1]{2  <0.0021742473864192527>, 3  <0.9978257526135808>}
x[6,2]{5  <1.0>}
x[6,3]{2  <0.9453266738715304>, 3  <0.05467332612846967>}
x[6,4]{4  <1.0>}
x[6,5]{0  <0.5529394835792566>, 7  <0.44706051642074335>}
x[6,6]{1  <1.0>}
x[6,7]{0  <0.3151317130321578>, 7  <0.6848682869678422>}
x[7,0]{1  <1.0>}
x[7,1]{0  <1.0>}
x[7,2]{4  <1.0>}
x[7,3]{5  <1.0>}
x[7,4]{7  <1.0>}
x[7,5]{2  <1.0>}
x[7,6]{3  <1.0>}
x[7,7]{6  <1.0>}
problem entropy = 0.750940761506058
smallest variable entropy = 0.015502350797286745
### branching on x[6,1]=3; marginal=0.9978257526135808; regret=0.9956515052271615; nb of ties=1
### branching on x[1,4]=6; marginal=0.8321777133309483; regret=0.6643554266618965; nb of ties=1
##### after BP iteration 1 #####
x[0,0]{5  <1.0>}
x[0,1]{7  <1.0>}
x[0,2]{3  <1.0>}
x[0,3]{1  <1.0>}
x[0,4]{0  <1.0>}
x[0,5]{6  <1.0>}
x[0,6]{4  <1.0>}
x[0,7]{2  <1.0>}
x[1,0]{4  <1.0>}
x[1,1]{2  <1.0>}
x[1,2]{0  <1.0>}
x[1,3]{3  <1.0>}
x[1,4]{6  <1.0>}
x[1,5]{1  <1.0>}
x[1,6]{7  <1.0>}
x[1,7]{5  <1.0>}
x[2,0]{0  <1.0>}
x[2,1]{5  <1.0>}
x[2,2]{6  <0.7190624092663553>, 2  <0.28093759073364455>}
x[2,3]{7  <1.0>}
x[2,4]{1  <1.0>}
x[2,5]{4  <1.0>}
x[2,6]{6  <0.29407114302918214>, 2  <0.7059288569708178>}
x[2,7]{3  <1.0>}
x[3,0]{2  <1.0>}
x[3,1]{4  <1.0>}
x[3,2]{1  <1.0>}
x[3,3]{6  <1.0>}
x[3,4]{3  <1.0>}
x[3,5]{0  <0.34363388464132977>, 7  <0.6563661153586702>}
x[3,6]{5  <1.0>}
x[3,7]{0  <0.7846828872390772>, 7  <0.21531711276092272>}
x[4,0]{3  <1.0>}
x[4,1]{6  <1.0>}
x[4,2]{7  <1.0>}
x[4,3]{4  <1.0>}
x[4,4]{2  <1.0>}
x[4,5]{5  <1.0>}
x[4,6]{0  <1.0>}
x[4,7]{1  <1.0>}
x[5,0]{7  <1.0>}
x[5,1]{1  <1.0>}
x[5,2]{6  <0.46367613680082875>, 2  <0.5363238631991712>}
x[5,3]{0  <1.0>}
x[5,4]{5  <1.0>}
x[5,5]{3  <1.0>}
x[5,6]{6  <0.517514619436509>, 2  <0.48248538056349105>}
x[5,7]{4  <1.0>}
x[6,0]{6  <1.0>}
x[6,1]{3  <1.0>}
x[6,2]{5  <1.0>}
x[6,3]{2  <1.0>}
x[6,4]{4  <1.0>}
x[6,5]{0  <0.47086239110434264>, 7  <0.5291376088956574>}
x[6,6]{1  <1.0>}
x[6,7]{0  <0.6826653138434433>, 7  <0.3173346861565567>}
x[7,0]{1  <1.0>}
x[7,1]{0  <1.0>}
x[7,2]{4  <1.0>}
x[7,3]{5  <1.0>}
x[7,4]{7  <1.0>}
x[7,5]{2  <1.0>}
x[7,6]{3  <1.0>}
x[7,7]{6  <1.0>}
problem entropy = 0.9130922355839514
smallest variable entropy = 0.5209167621830216
##### after BP iteration 2 #####
x[0,0]{5  <1.0>}
x[0,1]{7  <1.0>}
x[0,2]{3  <1.0>}
x[0,3]{1  <1.0>}
x[0,4]{0  <1.0>}
x[0,5]{6  <1.0>}
x[0,6]{4  <1.0>}
x[0,7]{2  <1.0>}
x[1,0]{4  <1.0>}
x[1,1]{2  <1.0>}
x[1,2]{0  <1.0>}
x[1,3]{3  <1.0>}
x[1,4]{6  <1.0>}
x[1,5]{1  <1.0>}
x[1,6]{7  <1.0>}
x[1,7]{5  <1.0>}
x[2,0]{0  <1.0>}
x[2,1]{5  <1.0>}
x[2,2]{6  <0.566524168031075>, 2  <0.4334758319689249>}
x[2,3]{7  <1.0>}
x[2,4]{1  <1.0>}
x[2,5]{4  <1.0>}
x[2,6]{6  <0.4141726849675907>, 2  <0.5858273150324093>}
x[2,7]{3  <1.0>}
x[3,0]{2  <1.0>}
x[3,1]{4  <1.0>}
x[3,2]{1  <1.0>}
x[3,3]{6  <1.0>}
x[3,4]{3  <1.0>}
x[3,5]{0  <0.31513171303215776>, 7  <0.6848682869678422>}
x[3,6]{5  <1.0>}
x[3,7]{0  <0.5529394835792567>, 7  <0.44706051642074324>}
x[4,0]{3  <1.0>}
x[4,1]{6  <1.0>}
x[4,2]{7  <1.0>}
x[4,3]{4  <1.0>}
x[4,4]{2  <1.0>}
x[4,5]{5  <1.0>}
x[4,6]{0  <1.0>}
x[4,7]{1  <1.0>}
x[5,0]{7  <1.0>}
x[5,1]{1  <1.0>}
x[5,2]{6  <0.34002996223756177>, 2  <0.6599700377624382>}
x[5,3]{0  <1.0>}
x[5,4]{5  <1.0>}
x[5,5]{3  <1.0>}
x[5,6]{6  <0.6799541097633085>, 2  <0.32004589023669155>}
x[5,7]{4  <1.0>}
x[6,0]{6  <1.0>}
x[6,1]{3  <1.0>}
x[6,2]{5  <1.0>}
x[6,3]{2  <1.0>}
x[6,4]{4  <1.0>}
x[6,5]{0  <0.4178853360777947>, 7  <0.5821146639222053>}
x[6,6]{1  <1.0>}
x[6,7]{0  <0.4012524452727785>, 7  <0.5987475547272215>}
x[7,0]{1  <1.0>}
x[7,1]{0  <1.0>}
x[7,2]{4  <1.0>}
x[7,3]{5  <1.0>}
x[7,4]{7  <1.0>}
x[7,5]{2  <1.0>}
x[7,6]{3  <1.0>}
x[7,7]{6  <1.0>}
problem entropy = 0.95476906644889
smallest variable entropy = 0.6231452741138822
##### after BP iteration 3 #####
x[0,0]{5  <1.0>}
x[0,1]{7  <1.0>}
x[0,2]{3  <1.0>}
x[0,3]{1  <1.0>}
x[0,4]{0  <1.0>}
x[0,5]{6  <1.0>}
x[0,6]{4  <1.0>}
x[0,7]{2  <1.0>}
x[1,0]{4  <1.0>}
x[1,1]{2  <1.0>}
x[1,2]{0  <1.0>}
x[1,3]{3  <1.0>}
x[1,4]{6  <1.0>}
x[1,5]{1  <1.0>}
x[1,6]{7  <1.0>}
x[1,7]{5  <1.0>}
x[2,0]{0  <1.0>}
x[2,1]{5  <1.0>}
x[2,2]{6  <0.5175146194365089>, 2  <0.48248538056349105>}
x[2,3]{7  <1.0>}
x[2,4]{1  <1.0>}
x[2,5]{4  <1.0>}
x[2,6]{6  <0.4636761368008288>, 2  <0.5363238631991711>}
x[2,7]{3  <1.0>}
x[3,0]{2  <1.0>}
x[3,1]{4  <1.0>}
x[3,2]{1  <1.0>}
x[3,3]{6  <1.0>}
x[3,4]{3  <1.0>}
x[3,5]{0  <0.6826653138434434>, 7  <0.3173346861565567>}
x[3,6]{5  <1.0>}
x[3,7]{0  <0.47086239110434264>, 7  <0.5291376088956574>}
x[4,0]{3  <1.0>}
x[4,1]{6  <1.0>}
x[4,2]{7  <1.0>}
x[4,3]{4  <1.0>}
x[4,4]{2  <1.0>}
x[4,5]{5  <1.0>}
x[4,6]{0  <1.0>}
x[4,7]{1  <1.0>}
x[5,0]{7  <1.0>}
x[5,1]{1  <1.0>}
x[5,2]{6  <0.29407114302918214>, 2  <0.7059288569708178>}
x[5,3]{0  <1.0>}
x[5,4]{5  <1.0>}
x[5,5]{3  <1.0>}
x[5,6]{6  <0.7190624092663553>, 2  <0.2809375907336446>}
x[5,7]{4  <1.0>}
x[6,0]{6  <1.0>}
x[6,1]{3  <1.0>}
x[6,2]{5  <1.0>}
x[6,3]{2  <1.0>}
x[6,4]{4  <1.0>}
x[6,5]{0  <0.7846828872390772>, 7  <0.2153171127609227>}
x[6,6]{1  <1.0>}
x[6,7]{0  <0.3436338846413297>, 7  <0.6563661153586704>}
x[7,0]{1  <1.0>}
x[7,1]{0  <1.0>}
x[7,2]{4  <1.0>}
x[7,3]{5  <1.0>}
x[7,4]{7  <1.0>}
x[7,5]{2  <1.0>}
x[7,6]{3  <1.0>}
x[7,7]{6  <1.0>}
problem entropy = 0.9130922355839513
smallest variable entropy = 0.5209167621830215
##### after BP iteration 4 #####
x[0,0]{5  <1.0>}
x[0,1]{7  <1.0>}
x[0,2]{3  <1.0>}
x[0,3]{1  <1.0>}
x[0,4]{0  <1.0>}
x[0,5]{6  <1.0>}
x[0,6]{4  <1.0>}
x[0,7]{2  <1.0>}
x[1,0]{4  <1.0>}
x[1,1]{2  <1.0>}
x[1,2]{0  <1.0>}
x[1,3]{3  <1.0>}
x[1,4]{6  <1.0>}
x[1,5]{1  <1.0>}
x[1,6]{7  <1.0>}
x[1,7]{5  <1.0>}
x[2,0]{0  <1.0>}
x[2,1]{5  <1.0>}
x[2,2]{6  <0.6799541097633085>, 2  <0.32004589023669155>}
x[2,3]{7  <1.0>}
x[2,4]{1  <1.0>}
x[2,5]{4  <1.0>}
x[2,6]{6  <0.3400299622375618>, 2  <0.6599700377624382>}
x[2,7]{3  <1.0>}
x[3,0]{2  <1.0>}
x[3,1]{4  <1.0>}
x[3,2]{1  <1.0>}
x[3,3]{6  <1.0>}
x[3,4]{3  <1.0>}
x[3,5]{0  <0.4012524452727785>, 7  <0.5987475547272215>}
x[3,6]{5  <1.0>}
x[3,7]{0  <0.4178853360777946>, 7  <0.5821146639222053>}
x[4,0]{3  <1.0>}
x[4,1]{6  <1.0>}
x[4,2]{7  <1.0>}
x[4,3]{4  <1.0>}
x[4,4]{2  <1.0>}
x[4,5]{5  <1.0>}
x[4,6]{0  <1.0>}
x[4,7]{1  <1.0>}
x[5,0]{7  <1.0>}
x[5,1]{1  <1.0>}
x[5,2]{6  <0.41417268496759074>, 2  <0.5858273150324094>}
x[5,3]{0  <1.0>}
x[5,4]{5  <1.0>}
x[5,5]{3  <1.0>}
x[5,6]{6  <0.566524168031075>, 2  <0.4334758319689249>}
x[5,7]{4  <1.0>}
x[6,0]{6  <1.0>}
x[6,1]{3  <1.0>}
x[6,2]{5  <1.0>}
x[6,3]{2  <1.0>}
x[6,4]{4  <1.0>}
x[6,5]{0  <0.5529394835792568>, 7  <0.4470605164207432>}
x[6,6]{1  <1.0>}
x[6,7]{0  <0.3151317130321577>, 7  <0.6848682869678423>}
x[7,0]{1  <1.0>}
x[7,1]{0  <1.0>}
x[7,2]{4  <1.0>}
x[7,3]{5  <1.0>}
x[7,4]{7  <1.0>}
x[7,5]{2  <1.0>}
x[7,6]{3  <1.0>}
x[7,7]{6  <1.0>}
problem entropy = 0.9547690664488901
smallest variable entropy = 0.6231452741138821
### branching on x[6,7]=7; marginal=0.6848682869678423; regret=0.3697365739356846; nb of ties=1
##### after BP iteration 1 #####
x[0,0]{5  <1.0>}
x[0,1]{7  <1.0>}
x[0,2]{3  <1.0>}
x[0,3]{1  <1.0>}
x[0,4]{0  <1.0>}
x[0,5]{6  <1.0>}
x[0,6]{4  <1.0>}
x[0,7]{2  <1.0>}
x[1,0]{4  <1.0>}
x[1,1]{2  <1.0>}
x[1,2]{0  <1.0>}
x[1,3]{3  <1.0>}
x[1,4]{6  <1.0>}
x[1,5]{1  <1.0>}
x[1,6]{7  <1.0>}
x[1,7]{5  <1.0>}
x[2,0]{0  <1.0>}
x[2,1]{5  <1.0>}
x[2,2]{6  <0.7190624092663555>, 2  <0.2809375907336446>}
x[2,3]{7  <1.0>}
x[2,4]{1  <1.0>}
x[2,5]{4  <1.0>}
x[2,6]{6  <0.29407114302918214>, 2  <0.7059288569708179>}
x[2,7]{3  <1.0>}
x[3,0]{2  <1.0>}
x[3,1]{4  <1.0>}
x[3,2]{1  <1.0>}
x[3,3]{6  <1.0>}
x[3,4]{3  <1.0>}
x[3,5]{7  <1.0>}
x[3,6]{5  <1.0>}
x[3,7]{0  <1.0>}
x[4,0]{3  <1.0>}
x[4,1]{6  <1.0>}
x[4,2]{7  <1.0>}
x[4,3]{4  <1.0>}
x[4,4]{2  <1.0>}
x[4,5]{5  <1.0>}
x[4,6]{0  <1.0>}
x[4,7]{1  <1.0>}
x[5,0]{7  <1.0>}
x[5,1]{1  <1.0>}
x[5,2]{6  <0.4636761368008288>, 2  <0.5363238631991711>}
x[5,3]{0  <1.0>}
x[5,4]{5  <1.0>}
x[5,5]{3  <1.0>}
x[5,6]{6  <0.517514619436509>, 2  <0.48248538056349094>}
x[5,7]{4  <1.0>}
x[6,0]{6  <1.0>}
x[6,1]{3  <1.0>}
x[6,2]{5  <1.0>}
x[6,3]{2  <1.0>}
x[6,4]{4  <1.0>}
x[6,5]{0  <1.0>}
x[6,6]{1  <1.0>}
x[6,7]{7  <1.0>}
x[7,0]{1  <1.0>}
x[7,1]{0  <1.0>}
x[7,2]{4  <1.0>}
x[7,3]{5  <1.0>}
x[7,4]{7  <1.0>}
x[7,5]{2  <1.0>}
x[7,6]{3  <1.0>}
x[7,7]{6  <1.0>}
problem entropy = 0.9314879474909774
smallest variable entropy = 0.5938366571353073
##### after BP iteration 2 #####
x[0,0]{5  <1.0>}
x[0,1]{7  <1.0>}
x[0,2]{3  <1.0>}
x[0,3]{1  <1.0>}
x[0,4]{0  <1.0>}
x[0,5]{6  <1.0>}
x[0,6]{4  <1.0>}
x[0,7]{2  <1.0>}
x[1,0]{4  <1.0>}
x[1,1]{2  <1.0>}
x[1,2]{0  <1.0>}
x[1,3]{3  <1.0>}
x[1,4]{6  <1.0>}
x[1,5]{1  <1.0>}
x[1,6]{7  <1.0>}
x[1,7]{5  <1.0>}
x[2,0]{0  <1.0>}
x[2,1]{5  <1.0>}
x[2,2]{6  <0.566524168031075>, 2  <0.4334758319689249>}
x[2,3]{7  <1.0>}
x[2,4]{1  <1.0>}
x[2,5]{4  <1.0>}
x[2,6]{6  <0.41417268496759074>, 2  <0.5858273150324093>}
x[2,7]{3  <1.0>}
x[3,0]{2  <1.0>}
x[3,1]{4  <1.0>}
x[3,2]{1  <1.0>}
x[3,3]{6  <1.0>}
x[3,4]{3  <1.0>}
x[3,5]{7  <1.0>}
x[3,6]{5  <1.0>}
x[3,7]{0  <1.0>}
x[4,0]{3  <1.0>}
x[4,1]{6  <1.0>}
x[4,2]{7  <1.0>}
x[4,3]{4  <1.0>}
x[4,4]{2  <1.0>}
x[4,5]{5  <1.0>}
x[4,6]{0  <1.0>}
x[4,7]{1  <1.0>}
x[5,0]{7  <1.0>}
x[5,1]{1  <1.0>}
x[5,2]{6  <0.34002996223756177>, 2  <0.6599700377624383>}
x[5,3]{0  <1.0>}
x[5,4]{5  <1.0>}
x[5,5]{3  <1.0>}
x[5,6]{6  <0.6799541097633085>, 2  <0.32004589023669155>}
x[5,7]{4  <1.0>}
x[6,0]{6  <1.0>}
x[6,1]{3  <1.0>}
x[6,2]{5  <1.0>}
x[6,3]{2  <1.0>}
x[6,4]{4  <1.0>}
x[6,5]{0  <1.0>}
x[6,6]{1  <1.0>}
x[6,7]{7  <1.0>}
x[7,0]{1  <1.0>}
x[7,1]{0  <1.0>}
x[7,2]{4  <1.0>}
x[7,3]{5  <1.0>}
x[7,4]{7  <1.0>}
x[7,5]{2  <1.0>}
x[7,6]{3  <1.0>}
x[7,7]{6  <1.0>}
problem entropy = 0.9487778085574774
smallest variable entropy = 0.6269040435000148
##### after BP iteration 3 #####
x[0,0]{5  <1.0>}
x[0,1]{7  <1.0>}
x[0,2]{3  <1.0>}
x[0,3]{1  <1.0>}
x[0,4]{0  <1.0>}
x[0,5]{6  <1.0>}
x[0,6]{4  <1.0>}
x[0,7]{2  <1.0>}
x[1,0]{4  <1.0>}
x[1,1]{2  <1.0>}
x[1,2]{0  <1.0>}
x[1,3]{3  <1.0>}
x[1,4]{6  <1.0>}
x[1,5]{1  <1.0>}
x[1,6]{7  <1.0>}
x[1,7]{5  <1.0>}
x[2,0]{0  <1.0>}
x[2,1]{5  <1.0>}
x[2,2]{6  <0.5175146194365091>, 2  <0.48248538056349094>}
x[2,3]{7  <1.0>}
x[2,4]{1  <1.0>}
x[2,5]{4  <1.0>}
x[2,6]{6  <0.4636761368008288>, 2  <0.5363238631991711>}
x[2,7]{3  <1.0>}
x[3,0]{2  <1.0>}
x[3,1]{4  <1.0>}
x[3,2]{1  <1.0>}
x[3,3]{6  <1.0>}
x[3,4]{3  <1.0>}
x[3,5]{7  <1.0>}
x[3,6]{5  <1.0>}
x[3,7]{0  <1.0>}
x[4,0]{3  <1.0>}
x[4,1]{6  <1.0>}
x[4,2]{7  <1.0>}
x[4,3]{4  <1.0>}
x[4,4]{2  <1.0>}
x[4,5]{5  <1.0>}
x[4,6]{0  <1.0>}
x[4,7]{1  <1.0>}
x[5,0]{7  <1.0>}
x[5,1]{1  <1.0>}
x[5,2]{6  <0.29407114302918214>, 2  <0.7059288569708179>}
x[5,3]{0  <1.0>}
x[5,4]{5  <1.0>}
x[5,5]{3  <1.0>}
x[5,6]{6  <0.7190624092663555>, 2  <0.2809375907336446>}
x[5,7]{4  <1.0>}
x[6,0]{6  <1.0>}
x[6,1]{3  <1.0>}
x[6,2]{5  <1.0>}
x[6,3]{2  <1.0>}
x[6,4]{4  <1.0>}
x[6,5]{0  <1.0>}
x[6,6]{1  <1.0>}
x[6,7]{7  <1.0>}
x[7,0]{1  <1.0>}
x[7,1]{0  <1.0>}
x[7,2]{4  <1.0>}
x[7,3]{5  <1.0>}
x[7,4]{7  <1.0>}
x[7,5]{2  <1.0>}
x[7,6]{3  <1.0>}
x[7,7]{6  <1.0>}
problem entropy = 0.9314879474909774
smallest variable entropy = 0.5938366571353073
##### after BP iteration 4 #####
x[0,0]{5  <1.0>}
x[0,1]{7  <1.0>}
x[0,2]{3  <1.0>}
x[0,3]{1  <1.0>}
x[0,4]{0  <1.0>}
x[0,5]{6  <1.0>}
x[0,6]{4  <1.0>}
x[0,7]{2  <1.0>}
x[1,0]{4  <1.0>}
x[1,1]{2  <1.0>}
x[1,2]{0  <1.0>}
x[1,3]{3  <1.0>}
x[1,4]{6  <1.0>}
x[1,5]{1  <1.0>}
x[1,6]{7  <1.0>}
x[1,7]{5  <1.0>}
x[2,0]{0  <1.0>}
x[2,1]{5  <1.0>}
x[2,2]{6  <0.6799541097633085>, 2  <0.32004589023669155>}
x[2,3]{7  <1.0>}
x[2,4]{1  <1.0>}
x[2,5]{4  <1.0>}
x[2,6]{6  <0.34002996223756166>, 2  <0.6599700377624383>}
x[2,7]{3  <1.0>}
x[3,0]{2  <1.0>}
x[3,1]{4  <1.0>}
x[3,2]{1  <1.0>}
x[3,3]{6  <1.0>}
x[3,4]{3  <1.0>}
x[3,5]{7  <1.0>}
x[3,6]{5  <1.0>}
x[3,7]{0  <1.0>}
x[4,0]{3  <1.0>}
x[4,1]{6  <1.0>}
x[4,2]{7  <1.0>}
x[4,3]{4  <1.0>}
x[4,4]{2  <1.0>}
x[4,5]{5  <1.0>}
x[4,6]{0  <1.0>}
x[4,7]{1  <1.0>}
x[5,0]{7  <1.0>}
x[5,1]{1  <1.0>}
x[5,2]{6  <0.41417268496759074>, 2  <0.5858273150324094>}
x[5,3]{0  <1.0>}
x[5,4]{5  <1.0>}
x[5,5]{3  <1.0>}
x[5,6]{6  <0.566524168031075>, 2  <0.4334758319689249>}
x[5,7]{4  <1.0>}
x[6,0]{6  <1.0>}
x[6,1]{3  <1.0>}
x[6,2]{5  <1.0>}
x[6,3]{2  <1.0>}
x[6,4]{4  <1.0>}
x[6,5]{0  <1.0>}
x[6,6]{1  <1.0>}
x[6,7]{7  <1.0>}
x[7,0]{1  <1.0>}
x[7,1]{0  <1.0>}
x[7,2]{4  <1.0>}
x[7,3]{5  <1.0>}
x[7,4]{7  <1.0>}
x[7,5]{2  <1.0>}
x[7,6]{3  <1.0>}
x[7,7]{6  <1.0>}
problem entropy = 0.9487778085574774
smallest variable entropy = 0.6269040435000148
### branching on x[2,2]=6; marginal=0.6799541097633085; regret=0.35990821952661695; nb of ties=1
##### after BP iteration 1 #####
x[0,0]{5  <1.0>}
x[0,1]{7  <1.0>}
x[0,2]{3  <1.0>}
x[0,3]{1  <1.0>}
x[0,4]{0  <1.0>}
x[0,5]{6  <1.0>}
x[0,6]{4  <1.0>}
x[0,7]{2  <1.0>}
x[1,0]{4  <1.0>}
x[1,1]{2  <1.0>}
x[1,2]{0  <1.0>}
x[1,3]{3  <1.0>}
x[1,4]{6  <1.0>}
x[1,5]{1  <1.0>}
x[1,6]{7  <1.0>}
x[1,7]{5  <1.0>}
x[2,0]{0  <1.0>}
x[2,1]{5  <1.0>}
x[2,2]{6  <1.0>}
x[2,3]{7  <1.0>}
x[2,4]{1  <1.0>}
x[2,5]{4  <1.0>}
x[2,6]{2  <1.0>}
x[2,7]{3  <1.0>}
x[3,0]{2  <1.0>}
x[3,1]{4  <1.0>}
x[3,2]{1  <1.0>}
x[3,3]{6  <1.0>}
x[3,4]{3  <1.0>}
x[3,5]{7  <1.0>}
x[3,6]{5  <1.0>}
x[3,7]{0  <1.0>}
x[4,0]{3  <1.0>}
x[4,1]{6  <1.0>}
x[4,2]{7  <1.0>}
x[4,3]{4  <1.0>}
x[4,4]{2  <1.0>}
x[4,5]{5  <1.0>}
x[4,6]{0  <1.0>}
x[4,7]{1  <1.0>}
x[5,0]{7  <1.0>}
x[5,1]{1  <1.0>}
x[5,2]{2  <1.0>}
x[5,3]{0  <1.0>}
x[5,4]{5  <1.0>}
x[5,5]{3  <1.0>}
x[5,6]{6  <1.0>}
x[5,7]{4  <1.0>}
x[6,0]{6  <1.0>}
x[6,1]{3  <1.0>}
x[6,2]{5  <1.0>}
x[6,3]{2  <1.0>}
x[6,4]{4  <1.0>}
x[6,5]{0  <1.0>}
x[6,6]{1  <1.0>}
x[6,7]{7  <1.0>}
x[7,0]{1  <1.0>}
x[7,1]{0  <1.0>}
x[7,2]{4  <1.0>}
x[7,3]{5  <1.0>}
x[7,4]{7  <1.0>}
x[7,5]{2  <1.0>}
x[7,6]{3  <1.0>}
x[7,7]{6  <1.0>}
problem entropy = 0.0
smallest variable entropy = 1.7976931348623157E308
### branching on x[2,2]!=6
##### after BP iteration 1 #####
x[0,0]{5  <1.0>}
x[0,1]{7  <1.0>}
x[0,2]{3  <1.0>}
x[0,3]{1  <1.0>}
x[0,4]{0  <1.0>}
x[0,5]{6  <1.0>}
x[0,6]{4  <1.0>}
x[0,7]{2  <1.0>}
x[1,0]{4  <1.0>}
x[1,1]{2  <1.0>}
x[1,2]{0  <1.0>}
x[1,3]{3  <1.0>}
x[1,4]{6  <1.0>}
x[1,5]{1  <1.0>}
x[1,6]{7  <1.0>}
x[1,7]{5  <1.0>}
x[2,0]{0  <1.0>}
x[2,1]{5  <1.0>}
x[2,2]{2  <1.0>}
x[2,3]{7  <1.0>}
x[2,4]{1  <1.0>}
x[2,5]{4  <1.0>}
x[2,6]{6  <1.0>}
x[2,7]{3  <1.0>}
x[3,0]{2  <1.0>}
x[3,1]{4  <1.0>}
x[3,2]{1  <1.0>}
x[3,3]{6  <1.0>}
x[3,4]{3  <1.0>}
x[3,5]{7  <1.0>}
x[3,6]{5  <1.0>}
x[3,7]{0  <1.0>}
x[4,0]{3  <1.0>}
x[4,1]{6  <1.0>}
x[4,2]{7  <1.0>}
x[4,3]{4  <1.0>}
x[4,4]{2  <1.0>}
x[4,5]{5  <1.0>}
x[4,6]{0  <1.0>}
x[4,7]{1  <1.0>}
x[5,0]{7  <1.0>}
x[5,1]{1  <1.0>}
x[5,2]{6  <1.0>}
x[5,3]{0  <1.0>}
x[5,4]{5  <1.0>}
x[5,5]{3  <1.0>}
x[5,6]{2  <1.0>}
x[5,7]{4  <1.0>}
x[6,0]{6  <1.0>}
x[6,1]{3  <1.0>}
x[6,2]{5  <1.0>}
x[6,3]{2  <1.0>}
x[6,4]{4  <1.0>}
x[6,5]{0  <1.0>}
x[6,6]{1  <1.0>}
x[6,7]{7  <1.0>}
x[7,0]{1  <1.0>}
x[7,1]{0  <1.0>}
x[7,2]{4  <1.0>}
x[7,3]{5  <1.0>}
x[7,4]{7  <1.0>}
x[7,5]{2  <1.0>}
x[7,6]{3  <1.0>}
x[7,7]{6  <1.0>}
problem entropy = 0.0
smallest variable entropy = 1.7976931348623157E308

	#choice: 6
	#fail: 0
	execution time (ms): 91
	#sols : 1
	completed : false

