{3  <1.0>}
model: sum-product-oracle
FINAL DAMPING FACTOR = 1.0
##### after BP iteration 1 #####
x[0,0]{3  <1.0>}
x[0,1]{0  <0.09804711634029065>, 5  <0.058022403094528184>, 2  <0.7787895882021113>, 7  <0.0651408923630698>}
x[0,2]{0  <0.5503237198351972>, 7  <0.4496762801648028>}
x[0,3]{4  <1.0>}
x[0,4]{0  <0.236406274237848>, 1  <0.5167851374656678>, 6  <0.24680858829648422>}
x[0,5]{0  <0.2409858697417574>, 1  <0.09641464999187917>, 2  <0.13870391424394998>, 7  <0.1373436738671431>, 5  <0.3865518921552704>}
x[0,6]{6  <0.6964461994077>, 1  <0.06860809476801578>, 7  <0.23494570582428434>}
x[0,7]{0  <0.12446639563780883>, 6  <0.12504530910589162>, 5  <0.5637887017995864>, 7  <0.18669959345671325>}
x[1,0]{0  <0.09593625498007965>, 5  <0.208605577689243>, 6  <0.5995219123505976>, 7  <0.09593625498007965>}
x[1,1]{0  <0.05511811023622047>, 7  <0.4409448818897638>, 5  <0.5039370078740157>}
x[1,2]{0  <0.603960396039604>, 7  <0.39603960396039606>}
x[1,3]{3  <1.0>}
x[1,4]{0  <0.18798378179137484>, 1  <0.3881312200516034>, 6  <0.42388499815702174>}
x[1,5]{0  <0.10272348082113358>, 1  <0.6692565633434203>, 5  <0.13805512390610944>, 7  <0.08996483192933671>}
x[1,6]{2  <1.0>}
x[1,7]{4  <1.0>}
x[2,0]{0  <0.2421052631578948>, 6  <0.08947368421052632>, 7  <0.2631578947368421>, 5  <0.4052631578947369>}
x[2,1]{0  <0.4657730628628772>, 5  <0.10644398251021434>, 7  <0.24284997491219262>, 3  <0.1849329797147158>}
x[2,2]{2  <1.0>}
x[2,3]{1  <1.0>}
x[2,4]{0  <0.7406240771729502>, 6  <0.08770548282311252>, 3  <0.17167044000393736>}
x[2,5]{4  <1.0>}
x[2,6]{3  <0.10122699386503067>, 6  <0.23619631901840493>, 7  <0.6625766871165644>}
x[2,7]{0  <0.20515210011315985>, 6  <0.17306796245756512>, 7  <0.33448711974971707>, 5  <0.28729281767955805>}
x[3,0]{0  <0.2827896587341566>, 7  <0.23311606702182336>, 6  <0.2727938819434904>, 5  <0.21130039230052963>}
x[3,1]{0  <0.3664370767034841>, 7  <0.15239153550661458>, 2  <0.11833143338857542>, 3  <0.3085238866164059>, 5  <0.05431606778491986>}
x[3,2]{1  <1.0>}
x[3,3]{0  <0.05224867724867725>, 7  <0.492063492063492>, 2  <0.07760141093474429>, 5  <0.37808641975308654>}
x[3,4]{0  <0.24934258308497584>, 6  <0.04380274988103884>, 3  <0.7068546670339854>}
x[3,5]{0  <0.4306591886149133>, 7  <0.17524213075060527>, 2  <0.228313238128181>, 5  <0.1657854425063003>}
x[3,6]{4  <1.0>}
x[3,7]{0  <0.1535449730775516>, 7  <0.18986090436457279>, 5  <0.11530051989699237>, 6  <0.5412936026608832>}
x[4,0]{1  <1.0>}
x[4,1]{0  <0.5000815503462183>, 7  <0.31647465266966174>, 5  <0.0660557804368133>, 3  <0.11738801654730661>}
x[4,2]{6  <1.0>}
x[4,3]{0  <0.2850553505535056>, 7  <0.20756457564575642>, 5  <0.5073800738007379>}
x[4,4]{4  <1.0>}
x[4,5]{0  <0.6958253020171494>, 7  <0.1586036218261428>, 5  <0.1455710761567078>}
x[4,6]{3  <0.6052631578947368>, 7  <0.3947368421052631>}
x[4,7]{2  <1.0>}
x[5,0]{4  <1.0>}
x[5,1]{6  <1.0>}
x[5,2]{3  <1.0>}
x[5,3]{0  <0.12662545299509695>, 7  <0.12662545299509695>, 2  <0.746749094009806>}
x[5,4]{5  <1.0>}
x[5,5]{0  <0.08314988364048057>, 1  <0.039247751430907585>, 2  <0.08057110510094972>, 7  <0.7970312598276622>}
x[5,6]{7  <0.17467248908296945>, 1  <0.8253275109170306>}
x[5,7]{0  <0.8196991551617557>, 7  <0.18030084483824435>}
x[6,0]{2  <1.0>}
x[6,1]{4  <1.0>}
x[6,2]{5  <1.0>}
x[6,3]{6  <1.0>}
x[6,4]{7  <1.0>}
x[6,5]{3  <1.0>}
x[6,6]{0  <1.0>}
x[6,7]{1  <1.0>}
x[7,0]{0  <0.5184936112979153>, 7  <0.48150638870208473>}
x[7,1]{1  <1.0>}
x[7,2]{4  <1.0>}
x[7,3]{0  <0.6148148148148148>, 7  <0.3851851851851852>}
x[7,4]{2  <1.0>}
x[7,5]{6  <1.0>}
x[7,6]{5  <1.0>}
x[7,7]{3  <1.0>}
problem entropy = 0.0
smallest variable entropy = 1.7976931348623157E308
### branching on x[0,2]=7
##### after BP iteration 1 #####
x[0,0]{3  <1.0>}
x[0,1]{0  <0.05985389150875359>, 5  <0.023011736269366978>, 2  <0.9171343722218793>}
x[0,2]{7  <1.0>}
x[0,3]{4  <1.0>}
x[0,4]{0  <0.12002452836191956>, 1  <0.7779872297543207>, 6  <0.1019882418837597>}
x[0,5]{0  <0.17671297727438415>, 1  <0.3356936002042587>, 2  <0.1656393637000507>, 5  <0.32195405882130645>}
x[0,6]{6  <0.8817559529890846>, 1  <0.11824404701091533>}
x[0,7]{0  <0.09474005907732347>, 6  <0.061740722092765585>, 5  <0.8435192188299109>}
x[1,0]{7  <0.17092179233844362>, 5  <0.5817901795568241>, 6  <0.24728802810473222>}
x[1,1]{5  <0.45159752268426306>, 7  <0.548402477315737>}
x[1,2]{0  <1.0>}
x[1,3]{3  <1.0>}
x[1,4]{6  <0.8267435402163607>, 1  <0.17325645978363935>}
x[1,5]{7  <0.039010149942565>, 1  <0.7852821316137918>, 5  <0.17570771844364316>}
x[1,6]{2  <1.0>}
x[1,7]{4  <1.0>}
x[2,0]{0  <0.0799933753865437>, 6  <0.12656220731788087>, 7  <0.11405178483949178>, 5  <0.6793926324560837>}
x[2,1]{0  <0.1182428057549775>, 5  <0.08236537984562883>, 7  <0.09273733425823034>, 3  <0.7066544801411634>}
x[2,2]{2  <1.0>}
x[2,3]{1  <1.0>}
x[2,4]{0  <0.5191616951208946>, 6  <0.12072994849946034>, 3  <0.3601083563796451>}
x[2,5]{4  <1.0>}
x[2,6]{3  <0.4557087930169291>, 6  <0.09461587447188978>, 7  <0.4496753325111811>}
x[2,7]{0  <0.04975988531144058>, 6  <0.45822817258009024>, 7  <0.3496156421847431>, 5  <0.14239629992372604>}
x[3,0]{0  <0.17628622860586807>, 7  <0.26377686393889255>, 6  <0.19507505821412377>, 5  <0.36486184924111575>}
x[3,1]{0  <0.16728380840032572>, 7  <0.08958520292950395>, 2  <0.2519856942734974>, 3  <0.44005248335805397>, 5  <0.05109281103861895>}
x[3,2]{1  <1.0>}
x[3,3]{0  <0.02200589823581338>, 7  <0.3008674671893995>, 2  <0.2570145724507255>, 5  <0.4201120621240615>}
x[3,4]{0  <0.20214368883489078>, 6  <0.04005862940014568>, 3  <0.7577976817649635>}
x[3,5]{0  <0.04205094551698251>, 7  <0.034144270261709055>, 2  <0.8629651379024711>, 5  <0.0608396463188374>}
x[3,6]{4  <1.0>}
x[3,7]{0  <0.026560964594655425>, 7  <0.15514153607205197>, 5  <0.055595314516066835>, 6  <0.7627021848172257>}
x[4,0]{1  <1.0>}
x[4,1]{0  <0.16327495135957149>, 7  <0.30080998212666504>, 5  <0.10800043095050921>, 3  <0.42791463556325415>}
x[4,2]{6  <1.0>}
x[4,3]{0  <0.13066317675331385>, 7  <0.1493329994460224>, 5  <0.7200038238006637>}
x[4,4]{4  <1.0>}
x[4,5]{0  <0.5180007724400031>, 7  <0.15623074124256944>, 5  <0.3257684863174275>}
x[4,6]{3  <0.8173715792108464>, 7  <0.1826284207891536>}
x[4,7]{2  <1.0>}
x[5,0]{4  <1.0>}
x[5,1]{6  <1.0>}
x[5,2]{3  <1.0>}
x[5,3]{0  <0.018046585547041787>, 7  <0.01893344632249642>, 2  <0.9630199681304618>}
x[5,4]{5  <1.0>}
x[5,5]{0  <0.04823120413796454>, 1  <0.10456057018485358>, 2  <0.1977402766124849>, 7  <0.6494679490646968>}
x[5,6]{7  <0.027792578325090952>, 1  <0.972207421674909>}
x[5,7]{0  <0.841375153435842>, 7  <0.15862484656415796>}
x[6,0]{2  <1.0>}
x[6,1]{4  <1.0>}
x[6,2]{5  <1.0>}
x[6,3]{6  <1.0>}
x[6,4]{7  <1.0>}
x[6,5]{3  <1.0>}
x[6,6]{0  <1.0>}
x[6,7]{1  <1.0>}
x[7,0]{0  <0.4079134507212318>, 7  <0.5920865492787682>}
x[7,1]{1  <1.0>}
x[7,2]{4  <1.0>}
x[7,3]{0  <0.644712249936926>, 7  <0.3552877500630741>}
x[7,4]{2  <1.0>}
x[7,5]{6  <1.0>}
x[7,6]{5  <1.0>}
x[7,7]{3  <1.0>}
problem entropy = 0.0
smallest variable entropy = 1.7976931348623157E308
### branching on x[0,6]=1
##### after BP iteration 1 #####
x[0,0]{3  <1.0>}
x[0,1]{0  <0.4736964350776877>, 5  <0.08621234880012758>, 2  <0.4400912161221848>}
x[0,2]{7  <1.0>}
x[0,3]{4  <1.0>}
x[0,4]{0  <0.34242840816595654>, 6  <0.6575715918340436>}
x[0,5]{0  <0.77603688471712>, 5  <0.1386494884612618>, 2  <0.0853136268216183>}
x[0,6]{1  <1.0>}
x[0,7]{5  <0.5735751050387118>, 6  <0.42642489496128827>}
x[1,0]{6  <1.0>}
x[1,1]{5  <0.2862109059637204>, 7  <0.7137890940362797>}
x[1,2]{0  <1.0>}
x[1,3]{3  <1.0>}
x[1,4]{1  <1.0>}
x[1,5]{7  <0.6299908709710748>, 5  <0.3700091290289253>}
x[1,6]{2  <1.0>}
x[1,7]{4  <1.0>}
x[2,0]{0  <0.07810870154439317>, 5  <0.8341589004398166>, 7  <0.08773239801579034>}
x[2,1]{0  <0.17141464575305862>, 5  <0.03345504849474211>, 7  <0.00498887931712357>, 3  <0.7901414264350758>}
x[2,2]{2  <1.0>}
x[2,3]{1  <1.0>}
x[2,4]{0  <0.5525676122979263>, 3  <0.4474323877020737>}
x[2,5]{4  <1.0>}
x[2,6]{6  <1.0>}
x[2,7]{7  <0.9855156016096556>, 5  <0.014484398390344424>}
x[3,0]{0  <0.4152942200280307>, 7  <0.3875735223538248>, 5  <0.19713225761814443>}
x[3,1]{0  <0.5175320656316229>, 7  <0.07309732621747911>, 2  <0.1036714708856066>, 3  <0.22121228364003293>, 5  <0.0844868536252584>}
x[3,2]{1  <1.0>}
x[3,3]{0  <0.0430598706787204>, 7  <0.583801686304122>, 5  <0.3731384430171576>}
x[3,4]{0  <0.38323001469123535>, 6  <0.40985465314632175>, 3  <0.20691533216244282>}
x[3,5]{0  <0.0636345862346282>, 7  <0.025578301947977212>, 2  <0.9005891907733813>, 5  <0.010197921044013243>}
x[3,6]{4  <1.0>}
x[3,7]{6  <0.9887277027839847>, 7  <0.007920521729670936>, 5  <0.003351775486344396>}
x[4,0]{1  <1.0>}
x[4,1]{0  <0.34077897720053046>, 7  <0.4047300199629694>, 5  <0.2544910028365002>}
x[4,2]{6  <1.0>}
x[4,3]{0  <0.2325330546534194>, 7  <0.3268795147490185>, 5  <0.44058743059756217>}
x[4,4]{4  <1.0>}
x[4,5]{0  <0.25698564519381034>, 7  <0.5624445830271817>, 5  <0.18056977177900793>}
x[4,6]{3  <1.0>}
x[4,7]{2  <1.0>}
x[5,0]{4  <1.0>}
x[5,1]{6  <1.0>}
x[5,2]{3  <1.0>}
x[5,3]{2  <1.0>}
x[5,4]{5  <1.0>}
x[5,5]{1  <1.0>}
x[5,6]{7  <1.0>}
x[5,7]{0  <1.0>}
x[6,0]{2  <1.0>}
x[6,1]{4  <1.0>}
x[6,2]{5  <1.0>}
x[6,3]{6  <1.0>}
x[6,4]{7  <1.0>}
x[6,5]{3  <1.0>}
x[6,6]{0  <1.0>}
x[6,7]{1  <1.0>}
x[7,0]{0  <0.4309445561538037>, 7  <0.5690554438461963>}
x[7,1]{1  <1.0>}
x[7,2]{4  <1.0>}
x[7,3]{0  <0.7434511043534225>, 7  <0.25654889564657746>}
x[7,4]{2  <1.0>}
x[7,5]{6  <1.0>}
x[7,6]{5  <1.0>}
x[7,7]{3  <1.0>}
problem entropy = 0.0
smallest variable entropy = 1.7976931348623157E308
### branching on x[0,4]=0
##### after BP iteration 1 #####
x[0,0]{3  <1.0>}
x[0,1]{2  <1.0>}
x[0,2]{7  <1.0>}
x[0,3]{4  <1.0>}
x[0,4]{0  <1.0>}
x[0,5]{5  <1.0>}
x[0,6]{1  <1.0>}
x[0,7]{6  <1.0>}
x[1,0]{6  <1.0>}
x[1,1]{5  <1.0>}
x[1,2]{0  <1.0>}
x[1,3]{3  <1.0>}
x[1,4]{1  <1.0>}
x[1,5]{7  <1.0>}
x[1,6]{2  <1.0>}
x[1,7]{4  <1.0>}
x[2,0]{7  <0.008231133371132569>, 5  <0.9917688666288675>}
x[2,1]{0  <1.0>}
x[2,2]{2  <1.0>}
x[2,3]{1  <1.0>}
x[2,4]{3  <1.0>}
x[2,5]{4  <1.0>}
x[2,6]{6  <1.0>}
x[2,7]{7  <0.6210354297069673>, 5  <0.37896457029303265>}
x[3,0]{0  <0.9116257581210848>, 7  <0.06279729145329399>, 5  <0.025576950425621192>}
x[3,1]{3  <1.0>}
x[3,2]{1  <1.0>}
x[3,3]{0  <0.15673686768706768>, 7  <0.8432631323129324>}
x[3,4]{6  <1.0>}
x[3,5]{2  <1.0>}
x[3,6]{4  <1.0>}
x[3,7]{5  <0.9705896600447179>, 7  <0.029410339955282045>}
x[4,0]{1  <1.0>}
x[4,1]{7  <1.0>}
x[4,2]{6  <1.0>}
x[4,3]{5  <1.0>}
x[4,4]{4  <1.0>}
x[4,5]{0  <1.0>}
x[4,6]{3  <1.0>}
x[4,7]{2  <1.0>}
x[5,0]{4  <1.0>}
x[5,1]{6  <1.0>}
x[5,2]{3  <1.0>}
x[5,3]{2  <1.0>}
x[5,4]{5  <1.0>}
x[5,5]{1  <1.0>}
x[5,6]{7  <1.0>}
x[5,7]{0  <1.0>}
x[6,0]{2  <1.0>}
x[6,1]{4  <1.0>}
x[6,2]{5  <1.0>}
x[6,3]{6  <1.0>}
x[6,4]{7  <1.0>}
x[6,5]{3  <1.0>}
x[6,6]{0  <1.0>}
x[6,7]{1  <1.0>}
x[7,0]{0  <0.3552754169585673>, 7  <0.6447245830414328>}
x[7,1]{1  <1.0>}
x[7,2]{4  <1.0>}
x[7,3]{0  <0.9079696232003416>, 7  <0.0920303767996584>}
x[7,4]{2  <1.0>}
x[7,5]{6  <1.0>}
x[7,6]{5  <1.0>}
x[7,7]{3  <1.0>}
problem entropy = 0.0
smallest variable entropy = 1.7976931348623157E308
### branching on x[2,0]=7
##### after BP iteration 1 #####
x[0,0]{3  <1.0>}
x[0,1]{2  <1.0>}
x[0,2]{7  <1.0>}
x[0,3]{4  <1.0>}
x[0,4]{0  <1.0>}
x[0,5]{5  <1.0>}
x[0,6]{1  <1.0>}
x[0,7]{6  <1.0>}
x[1,0]{6  <1.0>}
x[1,1]{5  <1.0>}
x[1,2]{0  <1.0>}
x[1,3]{3  <1.0>}
x[1,4]{1  <1.0>}
x[1,5]{7  <1.0>}
x[1,6]{2  <1.0>}
x[1,7]{4  <1.0>}
x[2,0]{7  <1.0>}
x[2,1]{0  <1.0>}
x[2,2]{2  <1.0>}
x[2,3]{1  <1.0>}
x[2,4]{3  <1.0>}
x[2,5]{4  <1.0>}
x[2,6]{6  <1.0>}
x[2,7]{5  <1.0>}
x[3,0]{5  <1.0>}
x[3,1]{3  <1.0>}
x[3,2]{1  <1.0>}
x[3,3]{0  <1.0>}
x[3,4]{6  <1.0>}
x[3,5]{2  <1.0>}
x[3,6]{4  <1.0>}
x[3,7]{7  <1.0>}
x[4,0]{1  <1.0>}
x[4,1]{7  <1.0>}
x[4,2]{6  <1.0>}
x[4,3]{5  <1.0>}
x[4,4]{4  <1.0>}
x[4,5]{0  <1.0>}
x[4,6]{3  <1.0>}
x[4,7]{2  <1.0>}
x[5,0]{4  <1.0>}
x[5,1]{6  <1.0>}
x[5,2]{3  <1.0>}
x[5,3]{2  <1.0>}
x[5,4]{5  <1.0>}
x[5,5]{1  <1.0>}
x[5,6]{7  <1.0>}
x[5,7]{0  <1.0>}
x[6,0]{2  <1.0>}
x[6,1]{4  <1.0>}
x[6,2]{5  <1.0>}
x[6,3]{6  <1.0>}
x[6,4]{7  <1.0>}
x[6,5]{3  <1.0>}
x[6,6]{0  <1.0>}
x[6,7]{1  <1.0>}
x[7,0]{0  <1.0>}
x[7,1]{1  <1.0>}
x[7,2]{4  <1.0>}
x[7,3]{7  <1.0>}
x[7,4]{2  <1.0>}
x[7,5]{6  <1.0>}
x[7,6]{5  <1.0>}
x[7,7]{3  <1.0>}
problem entropy = 0.0
smallest variable entropy = 1.7976931348623157E308
### branching on x[2,0]!=7
##### after BP iteration 1 #####
x[0,0]{3  <1.0>}
x[0,1]{2  <1.0>}
x[0,2]{7  <1.0>}
x[0,3]{4  <1.0>}
x[0,4]{0  <1.0>}
x[0,5]{5  <1.0>}
x[0,6]{1  <1.0>}
x[0,7]{6  <1.0>}
x[1,0]{6  <1.0>}
x[1,1]{5  <1.0>}
x[1,2]{0  <1.0>}
x[1,3]{3  <1.0>}
x[1,4]{1  <1.0>}
x[1,5]{7  <1.0>}
x[1,6]{2  <1.0>}
x[1,7]{4  <1.0>}
x[2,0]{5  <1.0>}
x[2,1]{0  <1.0>}
x[2,2]{2  <1.0>}
x[2,3]{1  <1.0>}
x[2,4]{3  <1.0>}
x[2,5]{4  <1.0>}
x[2,6]{6  <1.0>}
x[2,7]{7  <1.0>}
x[3,0]{0  <0.958648875997068>, 7  <0.04135112400293194>}
x[3,1]{3  <1.0>}
x[3,2]{1  <1.0>}
x[3,3]{0  <0.0864762179680721>, 7  <0.9135237820319279>}
x[3,4]{6  <1.0>}
x[3,5]{2  <1.0>}
x[3,6]{4  <1.0>}
x[3,7]{5  <1.0>}
x[4,0]{1  <1.0>}
x[4,1]{7  <1.0>}
x[4,2]{6  <1.0>}
x[4,3]{5  <1.0>}
x[4,4]{4  <1.0>}
x[4,5]{0  <1.0>}
x[4,6]{3  <1.0>}
x[4,7]{2  <1.0>}
x[5,0]{4  <1.0>}
x[5,1]{6  <1.0>}
x[5,2]{3  <1.0>}
x[5,3]{2  <1.0>}
x[5,4]{5  <1.0>}
x[5,5]{1  <1.0>}
x[5,6]{7  <1.0>}
x[5,7]{0  <1.0>}
x[6,0]{2  <1.0>}
x[6,1]{4  <1.0>}
x[6,2]{5  <1.0>}
x[6,3]{6  <1.0>}
x[6,4]{7  <1.0>}
x[6,5]{3  <1.0>}
x[6,6]{0  <1.0>}
x[6,7]{1  <1.0>}
x[7,0]{0  <0.009135486164827825>, 7  <0.9908645138351722>}
x[7,1]{1  <1.0>}
x[7,2]{4  <1.0>}
x[7,3]{7  <0.2288781150723687>, 0  <0.7711218849276313>}
x[7,4]{2  <1.0>}
x[7,5]{6  <1.0>}
x[7,6]{5  <1.0>}
x[7,7]{3  <1.0>}
problem entropy = 0.0
smallest variable entropy = 1.7976931348623157E308

	#choice: 5
	#fail: 0
	execution time (ms): 41
	#sols : 1
	completed : false

