{0  <1.0>, 1  <1.0>, 7  <1.0>, 3  <1.0>, 4  <1.0>, 5  <1.0>}
model: sum-product-no-init
FINAL DAMPING FACTOR = 1.0
##### after BP iteration 1 #####
x[0,0]{5  <0.43043478260869567>, 4  <0.43043478260869567>, 3  <0.13913043478260867>}
x[0,1]{4  <0.32>, 5  <0.32>, 3  <0.36>}
x[0,2]{6  <1.0>}
x[0,3]{2  <1.0>}
x[0,4]{5  <0.4075342465753425>, 4  <0.4075342465753425>, 3  <0.184931506849315>}
x[0,5]{7  <0.5>, 1  <0.5000000000000001>}
x[0,6]{7  <0.6666666666666666>, 1  <0.3333333333333333>}
x[0,7]{0  <1.0>}
x[1,0]{5  <0.2882096069868996>, 4  <0.7117903930131004>}
x[1,1]{5  <0.7233273056057868>, 4  <0.27667269439421327>}
x[1,2]{1  <1.0>}
x[1,3]{6  <1.0>}
x[1,4]{0  <1.0>}
x[1,5]{2  <1.0>}
x[1,6]{3  <1.0>}
x[1,7]{7  <1.0>}
x[2,0]{0  <1.0>}
x[2,1]{7  <0.8493150684931506>, 4  <0.15068493150684933>}
x[2,2]{3  <1.0>}
x[2,3]{1  <1.0>}
x[2,4]{7  <0.26415094339622636>, 4  <0.7358490566037735>}
x[2,5]{6  <1.0>}
x[2,6]{5  <1.0>}
x[2,7]{2  <1.0>}
x[3,0]{6  <0.05619596541786745>, 1  <0.5230547550432276>, 2  <0.3170028818443804>, 3  <0.10374639769452453>}
x[3,1]{3  <0.8175182481751825>, 6  <0.11678832116788321>, 2  <0.06569343065693431>}
x[3,2]{7  <1.0>}
x[3,3]{0  <1.0>}
x[3,4]{6  <0.6239316239316239>, 3  <0.37606837606837606>}
x[3,5]{4  <1.0>}
x[3,6]{2  <0.44103773584905653>, 1  <0.5589622641509434>}
x[3,7]{5  <1.0>}
x[4,0]{6  <0.1471389645776567>, 1  <0.2697547683923705>, 2  <0.449591280653951>, 7  <0.11444141689373295>, 5  <0.01907356948228883>}
x[4,1]{6  <0.16386554621848737>, 5  <0.0546218487394958>, 2  <0.672268907563025>, 7  <0.1092436974789916>}
x[4,2]{4  <1.0>}
x[4,3]{5  <0.599103139013453>, 7  <0.40089686098654703>}
x[4,4]{6  <0.29192546583850937>, 7  <0.47204968944099374>, 5  <0.23602484472049687>}
x[4,5]{3  <1.0>}
x[4,6]{0  <1.0>}
x[4,7]{6  <0.11450381679389318>, 1  <0.8854961832061069>}
x[5,0]{3  <0.4351145038167939>, 7  <0.3473282442748092>, 5  <0.21755725190839695>}
x[5,1]{1  <1.0>}
x[5,2]{2  <1.0>}
x[5,3]{3  <0.11475409836065575>, 7  <0.40573770491803274>, 5  <0.4795081967213114>}
x[5,4]{3  <0.25000000000000006>, 7  <0.34374999999999994>, 5  <0.4062499999999999>}
x[5,5]{0  <1.0>}
x[5,6]{6  <1.0>}
x[5,7]{4  <1.0>}
x[6,0]{7  <0.3879310344827587>, 1  <0.27586206896551724>, 6  <0.20689655172413798>, 3  <0.1293103448275862>}
x[6,1]{0  <1.0>}
x[6,2]{5  <1.0>}
x[6,3]{7  <0.08695652173913045>, 3  <0.9130434782608695>}
x[6,4]{2  <1.0>}
x[6,5]{7  <0.6521739130434783>, 1  <0.34782608695652173>}
x[6,6]{4  <1.0>}
x[6,7]{6  <0.9189189189189189>, 1  <0.08108108108108109>}
x[7,0]{7  <0.26785714285714285>, 6  <0.5089285714285714>, 2  <0.2232142857142857>}
x[7,1]{7  <0.18285714285714288>, 6  <0.6799999999999999>, 2  <0.13714285714285715>}
x[7,2]{0  <1.0>}
x[7,3]{4  <1.0>}
x[7,4]{1  <1.0>}
x[7,5]{5  <1.0>}
x[7,6]{7  <0.48717948717948706>, 2  <0.5128205128205129>}
x[7,7]{3  <1.0>}
problem entropy = 0.0
smallest variable entropy = 1.7976931348623157E308
### branching on x[0,5]=7
##### after BP iteration 1 #####
x[0,0]{5  <0.4193548387096774>, 4  <0.27956989247311825>, 3  <0.30107526881720426>}
x[0,1]{4  <0.6180113265831475>, 5  <0.3476313712030203>, 3  <0.03435730221383218>}
x[0,2]{6  <1.0>}
x[0,3]{2  <1.0>}
x[0,4]{5  <0.33724002016843224>, 4  <0.1733026270005278>, 3  <0.4894573528310399>}
x[0,5]{7  <1.0>}
x[0,6]{1  <1.0>}
x[0,7]{0  <1.0>}
x[1,0]{5  <0.337748344370861>, 4  <0.662251655629139>}
x[1,1]{5  <0.6221374045801527>, 4  <0.3778625954198474>}
x[1,2]{1  <1.0>}
x[1,3]{6  <1.0>}
x[1,4]{0  <1.0>}
x[1,5]{2  <1.0>}
x[1,6]{3  <1.0>}
x[1,7]{7  <1.0>}
x[2,0]{0  <1.0>}
x[2,1]{7  <0.9798940849115878>, 4  <0.020105915088412175>}
x[2,2]{3  <1.0>}
x[2,3]{1  <1.0>}
x[2,4]{7  <0.14349956664908228>, 4  <0.8565004333509177>}
x[2,5]{6  <1.0>}
x[2,6]{5  <1.0>}
x[2,7]{2  <1.0>}
x[3,0]{1  <1.0>}
x[3,1]{3  <0.9614243323442137>, 6  <0.03857566765578636>}
x[3,2]{7  <1.0>}
x[3,3]{0  <1.0>}
x[3,4]{6  <0.8648594154925809>, 3  <0.13514058450741906>}
x[3,5]{4  <1.0>}
x[3,6]{2  <1.0>}
x[3,7]{5  <1.0>}
x[4,0]{6  <0.35714285714285704>, 2  <0.6428571428571429>}
x[4,1]{6  <0.4257613248365381>, 5  <0.03695000069117096>, 2  <0.4934960810605327>, 7  <0.04379259341175821>}
x[4,2]{4  <1.0>}
x[4,3]{5  <0.49568965517241376>, 7  <0.5043103448275862>}
x[4,4]{6  <0.3922850784405308>, 7  <0.39027780246917576>, 5  <0.21743711909029342>}
x[4,5]{3  <1.0>}
x[4,6]{0  <1.0>}
x[4,7]{1  <1.0>}
x[5,0]{3  <0.6774193548387097>, 7  <0.2016129032258065>, 5  <0.12096774193548383>}
x[5,1]{1  <1.0>}
x[5,2]{2  <1.0>}
x[5,3]{3  <0.07779837767908016>, 7  <0.4494433305109022>, 5  <0.47275829181001777>}
x[5,4]{3  <0.4514461280048761>, 7  <0.2506644621904593>, 5  <0.2978894098046647>}
x[5,5]{0  <1.0>}
x[5,6]{6  <1.0>}
x[5,7]{4  <1.0>}
x[6,0]{7  <0.7222222222222222>, 3  <0.2777777777777778>}
x[6,1]{0  <1.0>}
x[6,2]{5  <1.0>}
x[6,3]{7  <0.21589177709035504>, 3  <0.784108222909645>}
x[6,4]{2  <1.0>}
x[6,5]{1  <1.0>}
x[6,6]{4  <1.0>}
x[6,7]{6  <1.0>}
x[7,0]{2  <0.5833333333333334>, 6  <0.41666666666666663>}
x[7,1]{2  <0.423059587127017>, 6  <0.5769404128729829>}
x[7,2]{0  <1.0>}
x[7,3]{4  <1.0>}
x[7,4]{1  <1.0>}
x[7,5]{5  <1.0>}
x[7,6]{7  <1.0>}
x[7,7]{3  <1.0>}
problem entropy = 0.0
smallest variable entropy = 1.7976931348623157E308
### branching on x[1,0]=4
##### after BP iteration 1 #####
x[0,0]{5  <0.7261402171468024>, 3  <0.2738597828531975>}
x[0,1]{4  <0.9599935051411195>, 3  <0.04000649485888064>}
x[0,2]{6  <1.0>}
x[0,3]{2  <1.0>}
x[0,4]{5  <0.33105874318856326>, 4  <0.005993860184748975>, 3  <0.6629473966266877>}
x[0,5]{7  <1.0>}
x[0,6]{1  <1.0>}
x[0,7]{0  <1.0>}
x[1,0]{4  <1.0>}
x[1,1]{5  <1.0>}
x[1,2]{1  <1.0>}
x[1,3]{6  <1.0>}
x[1,4]{0  <1.0>}
x[1,5]{2  <1.0>}
x[1,6]{3  <1.0>}
x[1,7]{7  <1.0>}
x[2,0]{0  <1.0>}
x[2,1]{7  <0.8502892900894797>, 4  <0.14971070991052018>}
x[2,2]{3  <1.0>}
x[2,3]{1  <1.0>}
x[2,4]{7  <0.011691175626588477>, 4  <0.9883088243734115>}
x[2,5]{6  <1.0>}
x[2,6]{5  <1.0>}
x[2,7]{2  <1.0>}
x[3,0]{1  <1.0>}
x[3,1]{3  <0.858574869421039>, 6  <0.14142513057896108>}
x[3,2]{7  <1.0>}
x[3,3]{0  <1.0>}
x[3,4]{6  <0.9794287598281475>, 3  <0.020571240171852603>}
x[3,5]{4  <1.0>}
x[3,6]{2  <1.0>}
x[3,7]{5  <1.0>}
x[4,0]{6  <0.8167582302648427>, 2  <0.18324176973515724>}
x[4,1]{6  <0.575772357621313>, 7  <0.1716959065798655>, 2  <0.25253173579882154>}
x[4,2]{4  <1.0>}
x[4,3]{5  <0.6648102366055058>, 7  <0.3351897633944943>}
x[4,4]{6  <0.007192538374760045>, 7  <0.5932105332027586>, 5  <0.39959692842248135>}
x[4,5]{3  <1.0>}
x[4,6]{0  <1.0>}
x[4,7]{1  <1.0>}
x[5,0]{3  <0.4173514840906802>, 7  <0.17353141485670623>, 5  <0.4091171010526135>}
x[5,1]{1  <1.0>}
x[5,2]{2  <1.0>}
x[5,3]{3  <0.14286842411272915>, 7  <0.39966364502574725>, 5  <0.4574679308615235>}
x[5,4]{3  <0.2706466723178307>, 7  <0.31903035934234075>, 5  <0.41032296833982873>}
x[5,5]{0  <1.0>}
x[5,6]{6  <1.0>}
x[5,7]{4  <1.0>}
x[6,0]{7  <0.869712587528416>, 3  <0.13028741247158407>}
x[6,1]{0  <1.0>}
x[6,2]{5  <1.0>}
x[6,3]{7  <0.2428959954984526>, 3  <0.7571040045015475>}
x[6,4]{2  <1.0>}
x[6,5]{1  <1.0>}
x[6,6]{4  <1.0>}
x[6,7]{6  <1.0>}
x[7,0]{2  <0.6333498268184066>, 6  <0.3666501731815935>}
x[7,1]{2  <0.7954699875350002>, 6  <0.20453001246499988>}
x[7,2]{0  <1.0>}
x[7,3]{4  <1.0>}
x[7,4]{1  <1.0>}
x[7,5]{5  <1.0>}
x[7,6]{7  <1.0>}
x[7,7]{3  <1.0>}
problem entropy = 0.0
smallest variable entropy = 1.7976931348623157E308
### branching on x[0,0]=3
##### after BP iteration 1 #####
x[0,0]{3  <1.0>}
x[0,1]{4  <1.0>}
x[0,2]{6  <1.0>}
x[0,3]{2  <1.0>}
x[0,4]{5  <1.0>}
x[0,5]{7  <1.0>}
x[0,6]{1  <1.0>}
x[0,7]{0  <1.0>}
x[1,0]{4  <1.0>}
x[1,1]{5  <1.0>}
x[1,2]{1  <1.0>}
x[1,3]{6  <1.0>}
x[1,4]{0  <1.0>}
x[1,5]{2  <1.0>}
x[1,6]{3  <1.0>}
x[1,7]{7  <1.0>}
x[2,0]{0  <1.0>}
x[2,1]{7  <1.0>}
x[2,2]{3  <1.0>}
x[2,3]{1  <1.0>}
x[2,4]{4  <1.0>}
x[2,5]{6  <1.0>}
x[2,6]{5  <1.0>}
x[2,7]{2  <1.0>}
x[3,0]{1  <1.0>}
x[3,1]{3  <1.0>}
x[3,2]{7  <1.0>}
x[3,3]{0  <1.0>}
x[3,4]{6  <1.0>}
x[3,5]{4  <1.0>}
x[3,6]{2  <1.0>}
x[3,7]{5  <1.0>}
x[4,0]{6  <0.576940412872983>, 2  <0.4230595871270169>}
x[4,1]{6  <0.4166666666666667>, 2  <0.5833333333333333>}
x[4,2]{4  <1.0>}
x[4,3]{5  <1.0>}
x[4,4]{7  <1.0>}
x[4,5]{3  <1.0>}
x[4,6]{0  <1.0>}
x[4,7]{1  <1.0>}
x[5,0]{5  <1.0>}
x[5,1]{1  <1.0>}
x[5,2]{2  <1.0>}
x[5,3]{7  <1.0>}
x[5,4]{3  <1.0>}
x[5,5]{0  <1.0>}
x[5,6]{6  <1.0>}
x[5,7]{4  <1.0>}
x[6,0]{7  <1.0>}
x[6,1]{0  <1.0>}
x[6,2]{5  <1.0>}
x[6,3]{3  <1.0>}
x[6,4]{2  <1.0>}
x[6,5]{1  <1.0>}
x[6,6]{4  <1.0>}
x[6,7]{6  <1.0>}
x[7,0]{2  <0.45012790258931706>, 6  <0.549872097410683>}
x[7,1]{2  <0.642857142857143>, 6  <0.35714285714285693>}
x[7,2]{0  <1.0>}
x[7,3]{4  <1.0>}
x[7,4]{1  <1.0>}
x[7,5]{5  <1.0>}
x[7,6]{7  <1.0>}
x[7,7]{3  <1.0>}
problem entropy = 0.0
smallest variable entropy = 1.7976931348623157E308
### branching on x[4,0]=2
##### after BP iteration 1 #####
x[0,0]{3  <1.0>}
x[0,1]{4  <1.0>}
x[0,2]{6  <1.0>}
x[0,3]{2  <1.0>}
x[0,4]{5  <1.0>}
x[0,5]{7  <1.0>}
x[0,6]{1  <1.0>}
x[0,7]{0  <1.0>}
x[1,0]{4  <1.0>}
x[1,1]{5  <1.0>}
x[1,2]{1  <1.0>}
x[1,3]{6  <1.0>}
x[1,4]{0  <1.0>}
x[1,5]{2  <1.0>}
x[1,6]{3  <1.0>}
x[1,7]{7  <1.0>}
x[2,0]{0  <1.0>}
x[2,1]{7  <1.0>}
x[2,2]{3  <1.0>}
x[2,3]{1  <1.0>}
x[2,4]{4  <1.0>}
x[2,5]{6  <1.0>}
x[2,6]{5  <1.0>}
x[2,7]{2  <1.0>}
x[3,0]{1  <1.0>}
x[3,1]{3  <1.0>}
x[3,2]{7  <1.0>}
x[3,3]{0  <1.0>}
x[3,4]{6  <1.0>}
x[3,5]{4  <1.0>}
x[3,6]{2  <1.0>}
x[3,7]{5  <1.0>}
x[4,0]{2  <1.0>}
x[4,1]{6  <1.0>}
x[4,2]{4  <1.0>}
x[4,3]{5  <1.0>}
x[4,4]{7  <1.0>}
x[4,5]{3  <1.0>}
x[4,6]{0  <1.0>}
x[4,7]{1  <1.0>}
x[5,0]{5  <1.0>}
x[5,1]{1  <1.0>}
x[5,2]{2  <1.0>}
x[5,3]{7  <1.0>}
x[5,4]{3  <1.0>}
x[5,5]{0  <1.0>}
x[5,6]{6  <1.0>}
x[5,7]{4  <1.0>}
x[6,0]{7  <1.0>}
x[6,1]{0  <1.0>}
x[6,2]{5  <1.0>}
x[6,3]{3  <1.0>}
x[6,4]{2  <1.0>}
x[6,5]{1  <1.0>}
x[6,6]{4  <1.0>}
x[6,7]{6  <1.0>}
x[7,0]{6  <1.0>}
x[7,1]{2  <1.0>}
x[7,2]{0  <1.0>}
x[7,3]{4  <1.0>}
x[7,4]{1  <1.0>}
x[7,5]{5  <1.0>}
x[7,6]{7  <1.0>}
x[7,7]{3  <1.0>}
problem entropy = 0.0
smallest variable entropy = 1.7976931348623157E308
### branching on x[4,0]!=2
##### after BP iteration 1 #####
x[0,0]{3  <1.0>}
x[0,1]{4  <1.0>}
x[0,2]{6  <1.0>}
x[0,3]{2  <1.0>}
x[0,4]{5  <1.0>}
x[0,5]{7  <1.0>}
x[0,6]{1  <1.0>}
x[0,7]{0  <1.0>}
x[1,0]{4  <1.0>}
x[1,1]{5  <1.0>}
x[1,2]{1  <1.0>}
x[1,3]{6  <1.0>}
x[1,4]{0  <1.0>}
x[1,5]{2  <1.0>}
x[1,6]{3  <1.0>}
x[1,7]{7  <1.0>}
x[2,0]{0  <1.0>}
x[2,1]{7  <1.0>}
x[2,2]{3  <1.0>}
x[2,3]{1  <1.0>}
x[2,4]{4  <1.0>}
x[2,5]{6  <1.0>}
x[2,6]{5  <1.0>}
x[2,7]{2  <1.0>}
x[3,0]{1  <1.0>}
x[3,1]{3  <1.0>}
x[3,2]{7  <1.0>}
x[3,3]{0  <1.0>}
x[3,4]{6  <1.0>}
x[3,5]{4  <1.0>}
x[3,6]{2  <1.0>}
x[3,7]{5  <1.0>}
x[4,0]{6  <1.0>}
x[4,1]{2  <1.0>}
x[4,2]{4  <1.0>}
x[4,3]{5  <1.0>}
x[4,4]{7  <1.0>}
x[4,5]{3  <1.0>}
x[4,6]{0  <1.0>}
x[4,7]{1  <1.0>}
x[5,0]{5  <1.0>}
x[5,1]{1  <1.0>}
x[5,2]{2  <1.0>}
x[5,3]{7  <1.0>}
x[5,4]{3  <1.0>}
x[5,5]{0  <1.0>}
x[5,6]{6  <1.0>}
x[5,7]{4  <1.0>}
x[6,0]{7  <1.0>}
x[6,1]{0  <1.0>}
x[6,2]{5  <1.0>}
x[6,3]{3  <1.0>}
x[6,4]{2  <1.0>}
x[6,5]{1  <1.0>}
x[6,6]{4  <1.0>}
x[6,7]{6  <1.0>}
x[7,0]{2  <1.0>}
x[7,1]{6  <1.0>}
x[7,2]{0  <1.0>}
x[7,3]{4  <1.0>}
x[7,4]{1  <1.0>}
x[7,5]{5  <1.0>}
x[7,6]{7  <1.0>}
x[7,7]{3  <1.0>}
problem entropy = 0.0
smallest variable entropy = 1.7976931348623157E308

	#choice: 5
	#fail: 0
	execution time (ms): 31
	#sols : 1
	completed : false

