{0  <1.0>, 6  <1.0>, 5  <1.0>}
model: sum-product-no-init
FINAL DAMPING FACTOR = 1.0
##### after BP iteration 1 #####
x[0,0]{0  <0.31303846955157655>, 6  <0.34670392293834335>, 5  <0.34025760751008>}
x[0,1]{4  <1.0>}
x[0,2]{1  <1.0>}
x[0,3]{0  <0.4423760719514746>, 6  <0.37356201631457847>, 5  <0.18406191173394687>}
x[0,4]{3  <1.0>}
x[0,5]{7  <1.0>}
x[0,6]{0  <0.3254346426271732>, 6  <0.3685769478428847>, 5  <0.3059884095299421>}
x[0,7]{2  <1.0>}
x[1,0]{0  <0.16670483169223727>, 1  <0.17085359447190832>, 6  <0.1703821441560366>, 5  <0.16845593286547503>, 7  <0.32360349681434286>}
x[1,1]{0  <0.09158186864014797>, 1  <0.49768732654949127>, 6  <0.1290471785383904>, 5  <0.28168362627197036>}
x[1,2]{4  <1.0>}
x[1,3]{2  <1.0>}
x[1,4]{5  <0.35493808144907896>, 7  <0.14047193641796554>, 6  <0.5045899821329555>}
x[1,5]{0  <0.15094148013371136>, 1  <0.29157533956755377>, 6  <0.27584027983469445>, 5  <0.2816429004640404>}
x[1,6]{3  <1.0>}
x[1,7]{0  <0.697375882868485>, 7  <0.3026241171315152>}
x[2,0]{5  <0.1975805014364436>, 1  <0.2492211838006231>, 6  <0.18392181184370926>, 7  <0.36927650291922404>}
x[2,1]{3  <1.0>}
x[2,2]{0  <1.0>}
x[2,3]{5  <0.2666666666666667>, 1  <0.39785330948121644>, 6  <0.21574239713774587>, 7  <0.11973762671437087>}
x[2,4]{5  <0.36874989777392503>, 6  <0.45780925432211855>, 7  <0.17344084790395647>}
x[2,5]{5  <0.13678531136194919>, 1  <0.1433216723943966>, 2  <0.6246640815270215>, 6  <0.09522893471663284>}
x[2,6]{5  <0.19839460905757608>, 1  <0.29504839295742086>, 2  <0.17044891487464076>, 7  <0.1345643532740946>, 6  <0.20154372983626775>}
x[2,7]{4  <1.0>}
x[3,0]{2  <1.0>}
x[3,1]{0  <0.39428571428571424>, 6  <0.6057142857142858>}
x[3,2]{5  <1.0>}
x[3,3]{0  <0.4411930219471019>, 6  <0.2954417557681486>, 7  <0.2633652222847495>}
x[3,4]{1  <1.0>}
x[3,5]{4  <1.0>}
x[3,6]{0  <0.16794401866044648>, 6  <0.14395201599466842>, 7  <0.6881039653448852>}
x[3,7]{3  <1.0>}
x[4,0]{3  <1.0>}
x[4,1]{0  <0.42345276872964166>, 5  <0.26601520086862107>, 6  <0.3105320304017372>}
x[4,2]{2  <1.0>}
x[4,3]{0  <0.2823387764316352>, 5  <0.12642034765595608>, 6  <0.21175408232372636>, 7  <0.3794867935886824>}
x[4,4]{7  <0.5151116951379762>, 5  <0.22076215505913277>, 6  <0.26412614980289095>}
x[4,5]{0  <0.4259987043835024>, 5  <0.26689699848844745>, 6  <0.30710429712805004>}
x[4,6]{4  <1.0>}
x[4,7]{1  <1.0>}
x[5,0]{0  <0.1784053386746522>, 1  <0.17395313785957225>, 5  <0.30626976965562375>, 7  <0.3413717538101517>}
x[5,1]{0  <0.07043166988558797>, 1  <0.3725611744344791>, 2  <0.2205002884487904>, 5  <0.3365068672311425>}
x[5,2]{6  <1.0>}
x[5,3]{3  <1.0>}
x[5,4]{4  <1.0>}
x[5,5]{0  <0.12856009170267174>, 1  <0.25684620907705297>, 2  <0.17937130764482848>, 5  <0.43522239157544684>}
x[5,6]{0  <0.18265885368980042>, 1  <0.22546236952939017>, 2  <0.08102911554660314>, 7  <0.1583043398644937>, 5  <0.35254532136971256>}
x[5,7]{0  <0.5873993368072006>, 7  <0.4126006631927995>}
x[6,0]{4  <1.0>}
x[6,1]{5  <0.38696025920782934>, 1  <0.15578919526548965>, 2  <0.457250545526681>}
x[6,2]{7  <1.0>}
x[6,3]{5  <0.45412130637636094>, 1  <0.5458786936236392>}
x[6,4]{0  <1.0>}
x[6,5]{3  <1.0>}
x[6,6]{5  <0.5864838665004846>, 1  <0.1977565434150394>, 2  <0.2157595900844759>}
x[6,7]{6  <1.0>}
x[7,0]{0  <0.3715642827822503>, 1  <0.24957485486424666>, 6  <0.378860862353503>}
x[7,1]{7  <1.0>}
x[7,2]{3  <1.0>}
x[7,3]{4  <1.0>}
x[7,4]{2  <1.0>}
x[7,5]{0  <0.339872963694882>, 1  <0.24054992262933814>, 6  <0.41957711367577977>}
x[7,6]{0  <0.36968882997279>, 1  <0.24419172538896255>, 6  <0.3861194446382473>}
x[7,7]{5  <1.0>}
problem entropy = 0.0
smallest variable entropy = 1.7976931348623157E308
### branching on x[1,7]=7
##### after BP iteration 1 #####
x[0,0]{0  <0.2835479234878143>, 6  <0.27770766236908634>, 5  <0.4387444141430995>}
x[0,1]{4  <1.0>}
x[0,2]{1  <1.0>}
x[0,3]{0  <0.3848945828810303>, 6  <0.3920419219916696>, 5  <0.2230634951273001>}
x[0,4]{3  <1.0>}
x[0,5]{7  <1.0>}
x[0,6]{0  <0.3894486820287646>, 6  <0.3733731934704126>, 5  <0.23717812450082287>}
x[0,7]{2  <1.0>}
x[1,0]{0  <0.4538210653938365>, 1  <0.2575876040634083>, 6  <0.12424880807689992>, 5  <0.16434252246585532>}
x[1,1]{0  <0.1956844434595287>, 1  <0.5476379196660075>, 6  <0.06949288038697646>, 5  <0.18718475648748725>}
x[1,2]{4  <1.0>}
x[1,3]{2  <1.0>}
x[1,4]{5  <0.4609938032429557>, 6  <0.5390061967570443>}
x[1,5]{0  <0.36751493590418216>, 1  <0.2874789967744743>, 6  <0.15568004732040028>, 5  <0.18932602000094326>}
x[1,6]{3  <1.0>}
x[1,7]{7  <1.0>}
x[2,0]{5  <0.12849355260674825>, 1  <0.20052067963227407>, 6  <0.0988134472142325>, 7  <0.5721723205467452>}
x[2,1]{3  <1.0>}
x[2,2]{0  <1.0>}
x[2,3]{5  <0.21092520440576573>, 1  <0.509034598500258>, 6  <0.12946960632166962>, 7  <0.1505705907723065>}
x[2,4]{5  <0.3649610066096594>, 6  <0.32143706636726316>, 7  <0.3136019270230774>}
x[2,5]{5  <0.053173709367035055>, 1  <0.07471030579844776>, 2  <0.8380918358300595>, 6  <0.03402414900445767>}
x[2,6]{5  <0.09167870548782832>, 1  <0.2449717106070236>, 2  <0.4156857313378264>, 7  <0.13724314927754358>, 6  <0.11042070328977824>}
x[2,7]{4  <1.0>}
x[3,0]{2  <1.0>}
x[3,1]{0  <0.4066324637280678>, 6  <0.5933675362719322>}
x[3,2]{5  <1.0>}
x[3,3]{0  <0.46629410776108643>, 6  <0.2822723613042769>, 7  <0.2514335309346366>}
x[3,4]{1  <1.0>}
x[3,5]{4  <1.0>}
x[3,6]{0  <0.14743595501600976>, 6  <0.09402799009754897>, 7  <0.7585360548864412>}
x[3,7]{3  <1.0>}
x[4,0]{3  <1.0>}
x[4,1]{0  <0.4504514088254742>, 5  <0.2232237806409643>, 6  <0.3263248105335615>}
x[4,2]{2  <1.0>}
x[4,3]{0  <0.16472398179681247>, 5  <0.11962287458146273>, 6  <0.13781276565616937>, 7  <0.5778403779655554>}
x[4,4]{7  <0.7906734892434029>, 5  <0.1271144227305544>, 6  <0.0822120880260428>}
x[4,5]{0  <0.42481976195859844>, 5  <0.2727303817805915>, 6  <0.30244985626081017>}
x[4,6]{4  <1.0>}
x[4,7]{1  <1.0>}
x[5,0]{7  <0.8330272725797551>, 1  <0.09175662921957714>, 5  <0.07521609820066771>}
x[5,1]{5  <0.15560017781462016>, 1  <0.21732270090122385>, 2  <0.627077121284156>}
x[5,2]{6  <1.0>}
x[5,3]{3  <1.0>}
x[5,4]{4  <1.0>}
x[5,5]{5  <0.29688377243767167>, 1  <0.28238831746346593>, 2  <0.42072791009886257>}
x[5,6]{5  <0.14715312300602904>, 1  <0.24105822387105183>, 2  <0.3755741984258737>, 7  <0.2362144546970454>}
x[5,7]{0  <1.0>}
x[6,0]{4  <1.0>}
x[6,1]{5  <0.11306026517370188>, 1  <0.07746830065209981>, 2  <0.8094714341741983>}
x[6,2]{7  <1.0>}
x[6,3]{5  <0.4012587510359622>, 1  <0.5987412489640378>}
x[6,4]{0  <1.0>}
x[6,5]{3  <1.0>}
x[6,6]{5  <0.2510366099909148>, 1  <0.1755515875714007>, 2  <0.5734118024376844>}
x[6,7]{6  <1.0>}
x[7,0]{0  <0.35640385844951933>, 1  <0.39003919549474886>, 6  <0.2535569460557319>}
x[7,1]{7  <1.0>}
x[7,2]{3  <1.0>}
x[7,3]{4  <1.0>}
x[7,4]{2  <1.0>}
x[7,5]{0  <0.3206187066847918>, 1  <0.34356627852737626>, 6  <0.3358150147878319>}
x[7,6]{0  <0.3763711417475804>, 1  <0.3483915389707576>, 6  <0.27523731928166206>}
x[7,7]{5  <1.0>}
problem entropy = 0.0
smallest variable entropy = 1.7976931348623157E308
### branching on x[1,4]=5
### branching on x[2,4]=6
##### after BP iteration 1 #####
x[0,0]{0  <0.14268741190008447>, 6  <0.3039774124890467>, 5  <0.5533351756108688>}
x[0,1]{4  <1.0>}
x[0,2]{1  <1.0>}
x[0,3]{0  <0.29560923175856646>, 6  <0.3824371312982923>, 5  <0.3219536369431412>}
x[0,4]{3  <1.0>}
x[0,5]{7  <1.0>}
x[0,6]{0  <0.36375793948662605>, 6  <0.4394598755757195>, 5  <0.1967821849376543>}
x[0,7]{2  <1.0>}
x[1,0]{0  <0.443660396996389>, 1  <0.10759794622326382>, 6  <0.4487416567803471>}
x[1,1]{0  <0.28543303740113674>, 1  <0.4585917155725921>, 6  <0.25597524702627106>}
x[1,2]{4  <1.0>}
x[1,3]{2  <1.0>}
x[1,4]{5  <1.0>}
x[1,5]{0  <0.36177301628243763>, 1  <0.13900876366038095>, 6  <0.49921822005718147>}
x[1,6]{3  <1.0>}
x[1,7]{7  <1.0>}
x[2,0]{5  <0.4419268041893791>, 1  <0.22384700164564267>, 7  <0.3342261941649782>}
x[2,1]{3  <1.0>}
x[2,2]{0  <1.0>}
x[2,3]{5  <0.26322617059830333>, 1  <0.21164257715228177>, 7  <0.5251312522494149>}
x[2,4]{6  <1.0>}
x[2,5]{5  <0.3628834294046748>, 1  <0.14028169935600068>, 2  <0.49683487123932457>}
x[2,6]{5  <0.3208242449645173>, 1  <0.2773340886958607>, 2  <0.23044341527385923>, 7  <0.17139825106576279>}
x[2,7]{4  <1.0>}
x[3,0]{2  <1.0>}
x[3,1]{0  <0.3357385214658163>, 6  <0.6642614785341837>}
x[3,2]{5  <1.0>}
x[3,3]{0  <0.2955728828919158>, 6  <0.2454371434763133>, 7  <0.45898997363177085>}
x[3,4]{1  <1.0>}
x[3,5]{4  <1.0>}
x[3,6]{0  <0.2518503729636848>, 6  <0.20812553624174496>, 7  <0.5400240907945703>}
x[3,7]{3  <1.0>}
x[4,0]{3  <1.0>}
x[4,1]{0  <0.23750160592763103>, 5  <0.5297682877113647>, 6  <0.23273010636100416>}
x[4,2]{2  <1.0>}
x[4,3]{0  <0.27838190736787577>, 5  <0.35832443589823004>, 6  <0.3632936567338943>}
x[4,4]{7  <1.0>}
x[4,5]{0  <0.1777939333905306>, 5  <0.45449592001606304>, 6  <0.36771014659340634>}
x[4,6]{4  <1.0>}
x[4,7]{1  <1.0>}
x[5,0]{7  <0.659928151901702>, 1  <0.1404282587311429>, 5  <0.19964358936715515>}
x[5,1]{5  <0.3999835304032829>, 1  <0.33984310248646166>, 2  <0.2601733671102554>}
x[5,2]{6  <1.0>}
x[5,3]{3  <1.0>}
x[5,4]{4  <1.0>}
x[5,5]{5  <0.6343864947805792>, 1  <0.2589523880383569>, 2  <0.10666111718106393>}
x[5,6]{5  <0.29770393380345256>, 1  <0.3240200025493926>, 2  <0.19860055167728677>, 7  <0.17967551196986803>}
x[5,7]{0  <1.0>}
x[6,0]{4  <1.0>}
x[6,1]{5  <0.4145904459558832>, 1  <0.24903629638912683>, 2  <0.33637325765499015>}
x[6,2]{7  <1.0>}
x[6,3]{5  <0.303003559863369>, 1  <0.696996440136631>}
x[6,4]{0  <1.0>}
x[6,5]{3  <1.0>}
x[6,6]{5  <0.4938914037347444>, 1  <0.27560739352380115>, 2  <0.23050120274145436>}
x[6,7]{6  <1.0>}
x[7,0]{0  <0.22193273322538065>, 1  <0.3041940133161775>, 6  <0.4738732534584419>}
x[7,1]{7  <1.0>}
x[7,2]{3  <1.0>}
x[7,3]{4  <1.0>}
x[7,4]{2  <1.0>}
x[7,5]{0  <0.20324128034956349>, 1  <0.3332456137987448>, 6  <0.4635131058516918>}
x[7,6]{0  <0.3915557436261655>, 1  <0.20004387955301497>, 6  <0.4084003768208195>}
x[7,7]{5  <1.0>}
problem entropy = 0.0
smallest variable entropy = 1.7976931348623157E308
### branching on x[3,1]=6
### branching on x[1,1]=1
##### after BP iteration 1 #####
x[0,0]{0  <0.23659361151000977>, 6  <0.20993036604284127>, 5  <0.553476022447149>}
x[0,1]{4  <1.0>}
x[0,2]{1  <1.0>}
x[0,3]{0  <0.5029510473568514>, 6  <0.2536464621509178>, 5  <0.243402490492231>}
x[0,4]{3  <1.0>}
x[0,5]{7  <1.0>}
x[0,6]{0  <0.4786880679621588>, 6  <0.43561012487888634>, 5  <0.08570180715895492>}
x[0,7]{2  <1.0>}
x[1,0]{0  <0.5420617787629294>, 6  <0.4579382212370705>}
x[1,1]{1  <1.0>}
x[1,2]{4  <1.0>}
x[1,3]{2  <1.0>}
x[1,4]{5  <1.0>}
x[1,5]{0  <0.7051701342074405>, 6  <0.29482986579255954>}
x[1,6]{3  <1.0>}
x[1,7]{7  <1.0>}
x[2,0]{5  <0.2861491706171249>, 1  <0.5656727659907398>, 7  <0.14817806339213535>}
x[2,1]{3  <1.0>}
x[2,2]{0  <1.0>}
x[2,3]{5  <0.08300189662306626>, 1  <0.12692690399366569>, 7  <0.790071199383268>}
x[2,4]{6  <1.0>}
x[2,5]{5  <0.046768478132329205>, 1  <0.18678458381389607>, 2  <0.7664469380537747>}
x[2,6]{5  <0.1619679873777743>, 1  <0.27102245423347454>, 2  <0.4996510257450673>, 7  <0.06735853264368398>}
x[2,7]{4  <1.0>}
x[3,0]{2  <1.0>}
x[3,1]{6  <1.0>}
x[3,2]{5  <1.0>}
x[3,3]{0  <0.5360795582492841>, 7  <0.46392044175071584>}
x[3,4]{1  <1.0>}
x[3,5]{4  <1.0>}
x[3,6]{0  <0.547848016965149>, 7  <0.452151983034851>}
x[3,7]{3  <1.0>}
x[4,0]{3  <1.0>}
x[4,1]{0  <1.0>}
x[4,2]{2  <1.0>}
x[4,3]{6  <0.7276318571627638>, 5  <0.2723681428372362>}
x[4,4]{7  <1.0>}
x[4,5]{6  <0.29913487117642984>, 5  <0.7008651288235701>}
x[4,6]{4  <1.0>}
x[4,7]{1  <1.0>}
x[5,0]{7  <0.6053879302918281>, 1  <0.3231318916401743>, 5  <0.07148017806799754>}
x[5,1]{5  <0.22367970386959474>, 2  <0.7763202961304053>}
x[5,2]{6  <1.0>}
x[5,3]{3  <1.0>}
x[5,4]{4  <1.0>}
x[5,5]{5  <0.10263143885803985>, 1  <0.5651894281503582>, 2  <0.3321791329916019>}
x[5,6]{5  <0.10752951584066492>, 1  <0.4081577788356395>, 2  <0.2767292553131769>, 7  <0.20758345001051884>}
x[5,7]{0  <1.0>}
x[6,0]{4  <1.0>}
x[6,1]{5  <0.37846317464305707>, 2  <0.6215368253569429>}
x[6,2]{7  <1.0>}
x[6,3]{5  <0.08676721140969483>, 1  <0.9132327885903052>}
x[6,4]{0  <1.0>}
x[6,5]{3  <1.0>}
x[6,6]{5  <0.32239290958202277>, 1  <0.13718358286304105>, 2  <0.5404235075549362>}
x[6,7]{6  <1.0>}
x[7,0]{0  <0.2887745731034922>, 1  <0.46440008768162006>, 6  <0.2468253392148878>}
x[7,1]{7  <1.0>}
x[7,2]{3  <1.0>}
x[7,3]{4  <1.0>}
x[7,4]{2  <1.0>}
x[7,5]{0  <0.36835251595020646>, 1  <0.40012824032275773>, 6  <0.23151924372703586>}
x[7,6]{0  <0.5378518334610667>, 1  <0.11985933066249148>, 6  <0.34228883587644177>}
x[7,7]{5  <1.0>}
problem entropy = 0.0
smallest variable entropy = 1.7976931348623157E308
### branching on x[1,0]=6
### branching on x[0,0]=0
##### after BP iteration 1 #####
x[0,0]{0  <1.0>}
x[0,1]{4  <1.0>}
x[0,2]{1  <1.0>}
x[0,3]{5  <1.0>}
x[0,4]{3  <1.0>}
x[0,5]{7  <1.0>}
x[0,6]{6  <1.0>}
x[0,7]{2  <1.0>}
x[1,0]{6  <1.0>}
x[1,1]{1  <1.0>}
x[1,2]{4  <1.0>}
x[1,3]{2  <1.0>}
x[1,4]{5  <1.0>}
x[1,5]{0  <1.0>}
x[1,6]{3  <1.0>}
x[1,7]{7  <1.0>}
x[2,0]{5  <1.0>}
x[2,1]{3  <1.0>}
x[2,2]{0  <1.0>}
x[2,3]{7  <1.0>}
x[2,4]{6  <1.0>}
x[2,5]{2  <0.47916057691195646>, 1  <0.5208394230880435>}
x[2,6]{2  <0.37358402422171383>, 1  <0.6264159757782862>}
x[2,7]{4  <1.0>}
x[3,0]{2  <1.0>}
x[3,1]{6  <1.0>}
x[3,2]{5  <1.0>}
x[3,3]{0  <1.0>}
x[3,4]{1  <1.0>}
x[3,5]{4  <1.0>}
x[3,6]{7  <1.0>}
x[3,7]{3  <1.0>}
x[4,0]{3  <1.0>}
x[4,1]{0  <1.0>}
x[4,2]{2  <1.0>}
x[4,3]{6  <1.0>}
x[4,4]{7  <1.0>}
x[4,5]{5  <1.0>}
x[4,6]{4  <1.0>}
x[4,7]{1  <1.0>}
x[5,0]{7  <1.0>}
x[5,1]{5  <0.814818511091368>, 2  <0.1851814889086319>}
x[5,2]{6  <1.0>}
x[5,3]{3  <1.0>}
x[5,4]{4  <1.0>}
x[5,5]{2  <0.17386544698919415>, 1  <0.8261345530108058>}
x[5,6]{5  <0.3816651349062903>, 1  <0.3086751852480692>, 2  <0.3096596798456406>}
x[5,7]{0  <1.0>}
x[6,0]{4  <1.0>}
x[6,1]{5  <0.825182559497274>, 2  <0.17481744050272605>}
x[6,2]{7  <1.0>}
x[6,3]{1  <1.0>}
x[6,4]{0  <1.0>}
x[6,5]{3  <1.0>}
x[6,6]{5  <0.8412964175872095>, 2  <0.1587035824127904>}
x[6,7]{6  <1.0>}
x[7,0]{1  <1.0>}
x[7,1]{7  <1.0>}
x[7,2]{3  <1.0>}
x[7,3]{4  <1.0>}
x[7,4]{2  <1.0>}
x[7,5]{6  <1.0>}
x[7,6]{0  <1.0>}
x[7,7]{5  <1.0>}
problem entropy = 0.0
smallest variable entropy = 1.7976931348623157E308
### branching on x[2,5]=2
##### after BP iteration 1 #####
x[0,0]{0  <1.0>}
x[0,1]{4  <1.0>}
x[0,2]{1  <1.0>}
x[0,3]{5  <1.0>}
x[0,4]{3  <1.0>}
x[0,5]{7  <1.0>}
x[0,6]{6  <1.0>}
x[0,7]{2  <1.0>}
x[1,0]{6  <1.0>}
x[1,1]{1  <1.0>}
x[1,2]{4  <1.0>}
x[1,3]{2  <1.0>}
x[1,4]{5  <1.0>}
x[1,5]{0  <1.0>}
x[1,6]{3  <1.0>}
x[1,7]{7  <1.0>}
x[2,0]{5  <1.0>}
x[2,1]{3  <1.0>}
x[2,2]{0  <1.0>}
x[2,3]{7  <1.0>}
x[2,4]{6  <1.0>}
x[2,5]{2  <1.0>}
x[2,6]{1  <1.0>}
x[2,7]{4  <1.0>}
x[3,0]{2  <1.0>}
x[3,1]{6  <1.0>}
x[3,2]{5  <1.0>}
x[3,3]{0  <1.0>}
x[3,4]{1  <1.0>}
x[3,5]{4  <1.0>}
x[3,6]{7  <1.0>}
x[3,7]{3  <1.0>}
x[4,0]{3  <1.0>}
x[4,1]{0  <1.0>}
x[4,2]{2  <1.0>}
x[4,3]{6  <1.0>}
x[4,4]{7  <1.0>}
x[4,5]{5  <1.0>}
x[4,6]{4  <1.0>}
x[4,7]{1  <1.0>}
x[5,0]{7  <1.0>}
x[5,1]{5  <0.3736518026068664>, 2  <0.6263481973931336>}
x[5,2]{6  <1.0>}
x[5,3]{3  <1.0>}
x[5,4]{4  <1.0>}
x[5,5]{1  <1.0>}
x[5,6]{5  <0.37846317464305695>, 2  <0.621536825356943>}
x[5,7]{0  <1.0>}
x[6,0]{4  <1.0>}
x[6,1]{5  <0.06577616599955>, 2  <0.93422383400045>}
x[6,2]{7  <1.0>}
x[6,3]{1  <1.0>}
x[6,4]{0  <1.0>}
x[6,5]{3  <1.0>}
x[6,6]{5  <0.22367970386959474>, 2  <0.7763202961304053>}
x[6,7]{6  <1.0>}
x[7,0]{1  <1.0>}
x[7,1]{7  <1.0>}
x[7,2]{3  <1.0>}
x[7,3]{4  <1.0>}
x[7,4]{2  <1.0>}
x[7,5]{6  <1.0>}
x[7,6]{0  <1.0>}
x[7,7]{5  <1.0>}
problem entropy = 0.0
smallest variable entropy = 1.7976931348623157E308
### branching on x[5,1]=5
##### after BP iteration 1 #####
x[0,0]{0  <1.0>}
x[0,1]{4  <1.0>}
x[0,2]{1  <1.0>}
x[0,3]{5  <1.0>}
x[0,4]{3  <1.0>}
x[0,5]{7  <1.0>}
x[0,6]{6  <1.0>}
x[0,7]{2  <1.0>}
x[1,0]{6  <1.0>}
x[1,1]{1  <1.0>}
x[1,2]{4  <1.0>}
x[1,3]{2  <1.0>}
x[1,4]{5  <1.0>}
x[1,5]{0  <1.0>}
x[1,6]{3  <1.0>}
x[1,7]{7  <1.0>}
x[2,0]{5  <1.0>}
x[2,1]{3  <1.0>}
x[2,2]{0  <1.0>}
x[2,3]{7  <1.0>}
x[2,4]{6  <1.0>}
x[2,5]{2  <1.0>}
x[2,6]{1  <1.0>}
x[2,7]{4  <1.0>}
x[3,0]{2  <1.0>}
x[3,1]{6  <1.0>}
x[3,2]{5  <1.0>}
x[3,3]{0  <1.0>}
x[3,4]{1  <1.0>}
x[3,5]{4  <1.0>}
x[3,6]{7  <1.0>}
x[3,7]{3  <1.0>}
x[4,0]{3  <1.0>}
x[4,1]{0  <1.0>}
x[4,2]{2  <1.0>}
x[4,3]{6  <1.0>}
x[4,4]{7  <1.0>}
x[4,5]{5  <1.0>}
x[4,6]{4  <1.0>}
x[4,7]{1  <1.0>}
x[5,0]{7  <1.0>}
x[5,1]{5  <1.0>}
x[5,2]{6  <1.0>}
x[5,3]{3  <1.0>}
x[5,4]{4  <1.0>}
x[5,5]{1  <1.0>}
x[5,6]{2  <1.0>}
x[5,7]{0  <1.0>}
x[6,0]{4  <1.0>}
x[6,1]{2  <1.0>}
x[6,2]{7  <1.0>}
x[6,3]{1  <1.0>}
x[6,4]{0  <1.0>}
x[6,5]{3  <1.0>}
x[6,6]{5  <1.0>}
x[6,7]{6  <1.0>}
x[7,0]{1  <1.0>}
x[7,1]{7  <1.0>}
x[7,2]{3  <1.0>}
x[7,3]{4  <1.0>}
x[7,4]{2  <1.0>}
x[7,5]{6  <1.0>}
x[7,6]{0  <1.0>}
x[7,7]{5  <1.0>}
problem entropy = 0.0
smallest variable entropy = 1.7976931348623157E308
### branching on x[5,1]!=5
##### after BP iteration 1 #####
x[0,0]{0  <1.0>}
x[0,1]{4  <1.0>}
x[0,2]{1  <1.0>}
x[0,3]{5  <1.0>}
x[0,4]{3  <1.0>}
x[0,5]{7  <1.0>}
x[0,6]{6  <1.0>}
x[0,7]{2  <1.0>}
x[1,0]{6  <1.0>}
x[1,1]{1  <1.0>}
x[1,2]{4  <1.0>}
x[1,3]{2  <1.0>}
x[1,4]{5  <1.0>}
x[1,5]{0  <1.0>}
x[1,6]{3  <1.0>}
x[1,7]{7  <1.0>}
x[2,0]{5  <1.0>}
x[2,1]{3  <1.0>}
x[2,2]{0  <1.0>}
x[2,3]{7  <1.0>}
x[2,4]{6  <1.0>}
x[2,5]{2  <1.0>}
x[2,6]{1  <1.0>}
x[2,7]{4  <1.0>}
x[3,0]{2  <1.0>}
x[3,1]{6  <1.0>}
x[3,2]{5  <1.0>}
x[3,3]{0  <1.0>}
x[3,4]{1  <1.0>}
x[3,5]{4  <1.0>}
x[3,6]{7  <1.0>}
x[3,7]{3  <1.0>}
x[4,0]{3  <1.0>}
x[4,1]{0  <1.0>}
x[4,2]{2  <1.0>}
x[4,3]{6  <1.0>}
x[4,4]{7  <1.0>}
x[4,5]{5  <1.0>}
x[4,6]{4  <1.0>}
x[4,7]{1  <1.0>}
x[5,0]{7  <1.0>}
x[5,1]{2  <1.0>}
x[5,2]{6  <1.0>}
x[5,3]{3  <1.0>}
x[5,4]{4  <1.0>}
x[5,5]{1  <1.0>}
x[5,6]{5  <1.0>}
x[5,7]{0  <1.0>}
x[6,0]{4  <1.0>}
x[6,1]{5  <1.0>}
x[6,2]{7  <1.0>}
x[6,3]{1  <1.0>}
x[6,4]{0  <1.0>}
x[6,5]{3  <1.0>}
x[6,6]{2  <1.0>}
x[6,7]{6  <1.0>}
x[7,0]{1  <1.0>}
x[7,1]{7  <1.0>}
x[7,2]{3  <1.0>}
x[7,3]{4  <1.0>}
x[7,4]{2  <1.0>}
x[7,5]{6  <1.0>}
x[7,6]{0  <1.0>}
x[7,7]{5  <1.0>}
problem entropy = 0.0
smallest variable entropy = 1.7976931348623157E308

	#choice: 10
	#fail: 0
	execution time (ms): 92
	#sols : 1
	completed : false

