{1  <1.0>}
model: max-product-oracle
FINAL DAMPING FACTOR = 1.0
##### after BP iteration 1 #####
x[0,0]{1  <1.0>}
x[0,1]{2  <0.0>, 4  <0.0>}
x[0,2]{5  <1.0>}
x[0,3]{0  <0.0>, 7  <0.0>, 3  <0.0>}
x[0,4]{0  <0.0>, 7  <0.0>, 2  <0.0>, 3  <0.0>, 4  <0.0>}
x[0,5]{4  <0.0>, 7  <0.0>, 3  <0.0>}
x[0,6]{6  <1.0>}
x[0,7]{0  <0.0>, 7  <0.0>, 4  <0.0>, 3  <0.0>}
x[1,0]{5  <1.0>}
x[1,1]{7  <1.0>}
x[1,2]{2  <1.0>}
x[1,3]{1  <1.0>}
x[1,4]{6  <0.0>, 4  <0.0>}
x[1,5]{0  <1.0>}
x[1,6]{3  <1.0>}
x[1,7]{6  <0.0>, 4  <0.0>}
x[2,0]{0  <0.0>, 6  <0.0>, 2  <0.0>, 3  <0.0>}
x[2,1]{4  <0.0>, 2  <0.0>}
x[2,2]{7  <1.0>}
x[2,3]{5  <1.0>}
x[2,4]{0  <0.0>, 6  <0.0>, 2  <0.0>, 3  <0.0>, 4  <0.0>}
x[2,5]{6  <0.0>, 4  <0.0>, 3  <0.0>}
x[2,6]{1  <1.0>}
x[2,7]{0  <0.0>, 4  <0.0>, 6  <0.0>, 3  <0.0>}
x[3,0]{0  <0.0>, 3  <0.0>}
x[3,1]{0  <0.0>, 3  <0.0>}
x[3,2]{6  <1.0>}
x[3,3]{4  <1.0>}
x[3,4]{1  <1.0>}
x[3,5]{5  <1.0>}
x[3,6]{7  <1.0>}
x[3,7]{2  <1.0>}
x[4,0]{4  <1.0>}
x[4,1]{6  <0.0>, 3  <0.0>}
x[4,2]{0  <1.0>}
x[4,3]{3  <0.0>, 7  <0.0>}
x[4,4]{6  <0.0>, 7  <0.0>, 3  <0.0>}
x[4,5]{1  <1.0>}
x[4,6]{2  <1.0>}
x[4,7]{5  <1.0>}
x[5,0]{7  <1.0>}
x[5,1]{0  <0.0>, 6  <0.0>, 3  <0.0>}
x[5,2]{4  <1.0>}
x[5,3]{2  <1.0>}
x[5,4]{0  <0.0>, 6  <0.0>, 3  <0.0>}
x[5,5]{3  <0.0>, 6  <0.0>}
x[5,6]{5  <1.0>}
x[5,7]{1  <1.0>}
x[6,0]{0  <0.0>, 6  <0.0>}
x[6,1]{1  <1.0>}
x[6,2]{3  <1.0>}
x[6,3]{0  <0.0>, 7  <0.0>}
x[6,4]{5  <1.0>}
x[6,5]{2  <1.0>}
x[6,6]{4  <1.0>}
x[6,7]{0  <0.0>, 7  <0.0>, 6  <0.0>}
x[7,0]{3  <0.0>, 2  <0.0>}
x[7,1]{5  <1.0>}
x[7,2]{1  <1.0>}
x[7,3]{6  <1.0>}
x[7,4]{4  <0.0>, 7  <0.0>, 2  <0.0>, 3  <0.0>}
x[7,5]{4  <0.0>, 7  <0.0>, 3  <0.0>}
x[7,6]{0  <1.0>}
x[7,7]{4  <0.0>, 7  <0.0>, 3  <0.0>}
problem entropy = 0.0
smallest variable entropy = -0.0
### branching on x[0,1]=2 marginal=0.0
##### after BP iteration 1 #####
x[0,0]{1  <1.0>}
x[0,1]{2  <1.0>}
x[0,2]{5  <1.0>}
x[0,3]{0  <0.0>, 7  <0.0>, 3  <0.0>}
x[0,4]{0  <0.0>, 7  <0.0>, 4  <0.0>, 3  <0.0>}
x[0,5]{4  <0.0>, 7  <0.0>}
x[0,6]{6  <1.0>}
x[0,7]{0  <0.0>, 7  <0.0>, 4  <0.0>, 3  <0.0>}
x[1,0]{5  <1.0>}
x[1,1]{7  <1.0>}
x[1,2]{2  <1.0>}
x[1,3]{1  <1.0>}
x[1,4]{6  <0.0>, 4  <0.0>}
x[1,5]{0  <1.0>}
x[1,6]{3  <1.0>}
x[1,7]{6  <0.0>, 4  <0.0>}
x[2,0]{0  <0.0>, 6  <0.0>, 2  <0.0>, 3  <0.0>}
x[2,1]{4  <1.0>}
x[2,2]{7  <1.0>}
x[2,3]{5  <1.0>}
x[2,4]{0  <0.0>, 6  <0.0>, 2  <0.0>, 3  <0.0>}
x[2,5]{6  <0.0>, 3  <0.0>}
x[2,6]{1  <1.0>}
x[2,7]{0  <0.0>, 3  <0.0>, 6  <0.0>}
x[3,0]{0  <0.0>, 3  <0.0>}
x[3,1]{0  <0.5>, 3  <0.5>}
x[3,2]{6  <1.0>}
x[3,3]{4  <1.0>}
x[3,4]{1  <1.0>}
x[3,5]{5  <1.0>}
x[3,6]{7  <1.0>}
x[3,7]{2  <1.0>}
x[4,0]{4  <1.0>}
x[4,1]{6  <0.5>, 3  <0.5>}
x[4,2]{0  <1.0>}
x[4,3]{3  <0.0>, 7  <0.0>}
x[4,4]{6  <0.0>, 7  <0.0>, 3  <0.0>}
x[4,5]{1  <1.0>}
x[4,6]{2  <1.0>}
x[4,7]{5  <1.0>}
x[5,0]{7  <1.0>}
x[5,1]{0  <0.33333333333333337>, 6  <0.33333333333333337>, 3  <0.33333333333333337>}
x[5,2]{4  <1.0>}
x[5,3]{2  <1.0>}
x[5,4]{0  <0.0>, 6  <0.0>, 3  <0.0>}
x[5,5]{3  <0.0>, 6  <0.0>}
x[5,6]{5  <1.0>}
x[5,7]{1  <1.0>}
x[6,0]{0  <0.0>, 6  <0.0>}
x[6,1]{1  <1.0>}
x[6,2]{3  <1.0>}
x[6,3]{0  <0.0>, 7  <0.0>}
x[6,4]{5  <1.0>}
x[6,5]{2  <1.0>}
x[6,6]{4  <1.0>}
x[6,7]{0  <0.0>, 7  <0.0>, 6  <0.0>}
x[7,0]{3  <0.0>, 2  <0.0>}
x[7,1]{5  <1.0>}
x[7,2]{1  <1.0>}
x[7,3]{6  <1.0>}
x[7,4]{4  <0.0>, 7  <0.0>, 2  <0.0>, 3  <0.0>}
x[7,5]{4  <0.0>, 7  <0.0>}
x[7,6]{0  <1.0>}
x[7,7]{4  <0.0>, 7  <0.0>, 3  <0.0>}
problem entropy = 0.12
smallest variable entropy = -0.0
### branching on x[3,1]=0 marginal=0.5
##### after BP iteration 1 #####
x[0,0]{1  <1.0>}
x[0,1]{2  <1.0>}
x[0,2]{5  <1.0>}
x[0,3]{0  <0.0>, 7  <0.0>, 3  <0.0>}
x[0,4]{3  <0.0>, 7  <0.0>, 4  <0.0>}
x[0,5]{4  <0.0>, 7  <0.0>}
x[0,6]{6  <1.0>}
x[0,7]{0  <0.0>, 7  <0.0>, 4  <0.0>, 3  <0.0>}
x[1,0]{5  <1.0>}
x[1,1]{7  <1.0>}
x[1,2]{2  <1.0>}
x[1,3]{1  <1.0>}
x[1,4]{6  <0.0>, 4  <0.0>}
x[1,5]{0  <1.0>}
x[1,6]{3  <1.0>}
x[1,7]{6  <0.0>, 4  <0.0>}
x[2,0]{0  <0.0>, 6  <0.0>}
x[2,1]{4  <1.0>}
x[2,2]{7  <1.0>}
x[2,3]{5  <1.0>}
x[2,4]{2  <1.0>}
x[2,5]{6  <0.0>, 3  <0.0>}
x[2,6]{1  <1.0>}
x[2,7]{0  <0.0>, 3  <0.0>, 6  <0.0>}
x[3,0]{3  <1.0>}
x[3,1]{0  <1.0>}
x[3,2]{6  <1.0>}
x[3,3]{4  <1.0>}
x[3,4]{1  <1.0>}
x[3,5]{5  <1.0>}
x[3,6]{7  <1.0>}
x[3,7]{2  <1.0>}
x[4,0]{4  <1.0>}
x[4,1]{6  <0.0>, 3  <0.0>}
x[4,2]{0  <1.0>}
x[4,3]{3  <0.0>, 7  <0.0>}
x[4,4]{6  <0.0>, 7  <0.0>, 3  <0.0>}
x[4,5]{1  <1.0>}
x[4,6]{2  <1.0>}
x[4,7]{5  <1.0>}
x[5,0]{7  <1.0>}
x[5,1]{3  <0.0>, 6  <0.0>}
x[5,2]{4  <1.0>}
x[5,3]{2  <1.0>}
x[5,4]{0  <1.0>}
x[5,5]{3  <0.0>, 6  <0.0>}
x[5,6]{5  <1.0>}
x[5,7]{1  <1.0>}
x[6,0]{0  <0.0>, 6  <0.0>}
x[6,1]{1  <1.0>}
x[6,2]{3  <1.0>}
x[6,3]{0  <0.0>, 7  <0.0>}
x[6,4]{5  <1.0>}
x[6,5]{2  <1.0>}
x[6,6]{4  <1.0>}
x[6,7]{0  <0.0>, 7  <0.0>, 6  <0.0>}
x[7,0]{2  <1.0>}
x[7,1]{5  <1.0>}
x[7,2]{1  <1.0>}
x[7,3]{6  <1.0>}
x[7,4]{4  <0.0>, 7  <0.0>, 3  <0.0>}
x[7,5]{4  <0.0>, 7  <0.0>}
x[7,6]{0  <1.0>}
x[7,7]{4  <0.0>, 7  <0.0>, 3  <0.0>}
problem entropy = 0.0
smallest variable entropy = -0.0
### branching on x[0,3]=0 marginal=0.0
##### after BP iteration 1 #####
x[0,0]{1  <1.0>}
x[0,1]{2  <1.0>}
x[0,2]{5  <1.0>}
x[0,3]{0  <1.0>}
x[0,4]{3  <0.0>, 4  <0.0>}
x[0,5]{4  <0.0>, 7  <0.0>}
x[0,6]{6  <1.0>}
x[0,7]{3  <0.0>, 7  <0.0>}
x[1,0]{5  <1.0>}
x[1,1]{7  <1.0>}
x[1,2]{2  <1.0>}
x[1,3]{1  <1.0>}
x[1,4]{6  <1.0>}
x[1,5]{0  <1.0>}
x[1,6]{3  <1.0>}
x[1,7]{4  <1.0>}
x[2,0]{0  <0.0>, 6  <0.0>}
x[2,1]{4  <1.0>}
x[2,2]{7  <1.0>}
x[2,3]{5  <1.0>}
x[2,4]{2  <1.0>}
x[2,5]{3  <1.0>}
x[2,6]{1  <1.0>}
x[2,7]{0  <0.0>, 6  <0.0>}
x[3,0]{3  <1.0>}
x[3,1]{0  <1.0>}
x[3,2]{6  <1.0>}
x[3,3]{4  <1.0>}
x[3,4]{1  <1.0>}
x[3,5]{5  <1.0>}
x[3,6]{7  <1.0>}
x[3,7]{2  <1.0>}
x[4,0]{4  <1.0>}
x[4,1]{6  <1.0>}
x[4,2]{0  <1.0>}
x[4,3]{3  <1.0>}
x[4,4]{7  <1.0>}
x[4,5]{1  <1.0>}
x[4,6]{2  <1.0>}
x[4,7]{5  <1.0>}
x[5,0]{7  <1.0>}
x[5,1]{3  <1.0>}
x[5,2]{4  <1.0>}
x[5,3]{2  <1.0>}
x[5,4]{0  <1.0>}
x[5,5]{6  <1.0>}
x[5,6]{5  <1.0>}
x[5,7]{1  <1.0>}
x[6,0]{0  <0.0>, 6  <0.0>}
x[6,1]{1  <1.0>}
x[6,2]{3  <1.0>}
x[6,3]{7  <1.0>}
x[6,4]{5  <1.0>}
x[6,5]{2  <1.0>}
x[6,6]{4  <1.0>}
x[6,7]{0  <0.0>, 6  <0.0>}
x[7,0]{2  <1.0>}
x[7,1]{5  <1.0>}
x[7,2]{1  <1.0>}
x[7,3]{6  <1.0>}
x[7,4]{4  <0.0>, 3  <0.0>}
x[7,5]{4  <0.0>, 7  <0.0>}
x[7,6]{0  <1.0>}
x[7,7]{3  <0.0>, 7  <0.0>}
problem entropy = 0.0
smallest variable entropy = -0.0
### branching on x[0,4]=3 marginal=0.0
##### after BP iteration 1 #####
x[0,0]{1  <1.0>}
x[0,1]{2  <1.0>}
x[0,2]{5  <1.0>}
x[0,3]{0  <1.0>}
x[0,4]{3  <1.0>}
x[0,5]{4  <1.0>}
x[0,6]{6  <1.0>}
x[0,7]{7  <1.0>}
x[1,0]{5  <1.0>}
x[1,1]{7  <1.0>}
x[1,2]{2  <1.0>}
x[1,3]{1  <1.0>}
x[1,4]{6  <1.0>}
x[1,5]{0  <1.0>}
x[1,6]{3  <1.0>}
x[1,7]{4  <1.0>}
x[2,0]{0  <0.0>, 6  <0.0>}
x[2,1]{4  <1.0>}
x[2,2]{7  <1.0>}
x[2,3]{5  <1.0>}
x[2,4]{2  <1.0>}
x[2,5]{3  <1.0>}
x[2,6]{1  <1.0>}
x[2,7]{0  <0.0>, 6  <0.0>}
x[3,0]{3  <1.0>}
x[3,1]{0  <1.0>}
x[3,2]{6  <1.0>}
x[3,3]{4  <1.0>}
x[3,4]{1  <1.0>}
x[3,5]{5  <1.0>}
x[3,6]{7  <1.0>}
x[3,7]{2  <1.0>}
x[4,0]{4  <1.0>}
x[4,1]{6  <1.0>}
x[4,2]{0  <1.0>}
x[4,3]{3  <1.0>}
x[4,4]{7  <1.0>}
x[4,5]{1  <1.0>}
x[4,6]{2  <1.0>}
x[4,7]{5  <1.0>}
x[5,0]{7  <1.0>}
x[5,1]{3  <1.0>}
x[5,2]{4  <1.0>}
x[5,3]{2  <1.0>}
x[5,4]{0  <1.0>}
x[5,5]{6  <1.0>}
x[5,6]{5  <1.0>}
x[5,7]{1  <1.0>}
x[6,0]{0  <0.0>, 6  <0.0>}
x[6,1]{1  <1.0>}
x[6,2]{3  <1.0>}
x[6,3]{7  <1.0>}
x[6,4]{5  <1.0>}
x[6,5]{2  <1.0>}
x[6,6]{4  <1.0>}
x[6,7]{0  <0.0>, 6  <0.0>}
x[7,0]{2  <1.0>}
x[7,1]{5  <1.0>}
x[7,2]{1  <1.0>}
x[7,3]{6  <1.0>}
x[7,4]{4  <1.0>}
x[7,5]{7  <1.0>}
x[7,6]{0  <1.0>}
x[7,7]{3  <1.0>}
problem entropy = 0.0
smallest variable entropy = -0.0
### branching on x[2,0]=0 marginal=0.0
##### after BP iteration 1 #####
x[0,0]{1  <1.0>}
x[0,1]{2  <1.0>}
x[0,2]{5  <1.0>}
x[0,3]{0  <1.0>}
x[0,4]{3  <1.0>}
x[0,5]{4  <1.0>}
x[0,6]{6  <1.0>}
x[0,7]{7  <1.0>}
x[1,0]{5  <1.0>}
x[1,1]{7  <1.0>}
x[1,2]{2  <1.0>}
x[1,3]{1  <1.0>}
x[1,4]{6  <1.0>}
x[1,5]{0  <1.0>}
x[1,6]{3  <1.0>}
x[1,7]{4  <1.0>}
x[2,0]{0  <1.0>}
x[2,1]{4  <1.0>}
x[2,2]{7  <1.0>}
x[2,3]{5  <1.0>}
x[2,4]{2  <1.0>}
x[2,5]{3  <1.0>}
x[2,6]{1  <1.0>}
x[2,7]{6  <1.0>}
x[3,0]{3  <1.0>}
x[3,1]{0  <1.0>}
x[3,2]{6  <1.0>}
x[3,3]{4  <1.0>}
x[3,4]{1  <1.0>}
x[3,5]{5  <1.0>}
x[3,6]{7  <1.0>}
x[3,7]{2  <1.0>}
x[4,0]{4  <1.0>}
x[4,1]{6  <1.0>}
x[4,2]{0  <1.0>}
x[4,3]{3  <1.0>}
x[4,4]{7  <1.0>}
x[4,5]{1  <1.0>}
x[4,6]{2  <1.0>}
x[4,7]{5  <1.0>}
x[5,0]{7  <1.0>}
x[5,1]{3  <1.0>}
x[5,2]{4  <1.0>}
x[5,3]{2  <1.0>}
x[5,4]{0  <1.0>}
x[5,5]{6  <1.0>}
x[5,6]{5  <1.0>}
x[5,7]{1  <1.0>}
x[6,0]{6  <1.0>}
x[6,1]{1  <1.0>}
x[6,2]{3  <1.0>}
x[6,3]{7  <1.0>}
x[6,4]{5  <1.0>}
x[6,5]{2  <1.0>}
x[6,6]{4  <1.0>}
x[6,7]{0  <1.0>}
x[7,0]{2  <1.0>}
x[7,1]{5  <1.0>}
x[7,2]{1  <1.0>}
x[7,3]{6  <1.0>}
x[7,4]{4  <1.0>}
x[7,5]{7  <1.0>}
x[7,6]{0  <1.0>}
x[7,7]{3  <1.0>}
problem entropy = 0.0
smallest variable entropy = 1.7976931348623157E308
### branching on x[2,0]!=0
##### after BP iteration 1 #####
x[0,0]{1  <1.0>}
x[0,1]{2  <1.0>}
x[0,2]{5  <1.0>}
x[0,3]{0  <1.0>}
x[0,4]{3  <1.0>}
x[0,5]{4  <1.0>}
x[0,6]{6  <1.0>}
x[0,7]{7  <1.0>}
x[1,0]{5  <1.0>}
x[1,1]{7  <1.0>}
x[1,2]{2  <1.0>}
x[1,3]{1  <1.0>}
x[1,4]{6  <1.0>}
x[1,5]{0  <1.0>}
x[1,6]{3  <1.0>}
x[1,7]{4  <1.0>}
x[2,0]{6  <1.0>}
x[2,1]{4  <1.0>}
x[2,2]{7  <1.0>}
x[2,3]{5  <1.0>}
x[2,4]{2  <1.0>}
x[2,5]{3  <1.0>}
x[2,6]{1  <1.0>}
x[2,7]{0  <1.0>}
x[3,0]{3  <1.0>}
x[3,1]{0  <1.0>}
x[3,2]{6  <1.0>}
x[3,3]{4  <1.0>}
x[3,4]{1  <1.0>}
x[3,5]{5  <1.0>}
x[3,6]{7  <1.0>}
x[3,7]{2  <1.0>}
x[4,0]{4  <1.0>}
x[4,1]{6  <1.0>}
x[4,2]{0  <1.0>}
x[4,3]{3  <1.0>}
x[4,4]{7  <1.0>}
x[4,5]{1  <1.0>}
x[4,6]{2  <1.0>}
x[4,7]{5  <1.0>}
x[5,0]{7  <1.0>}
x[5,1]{3  <1.0>}
x[5,2]{4  <1.0>}
x[5,3]{2  <1.0>}
x[5,4]{0  <1.0>}
x[5,5]{6  <1.0>}
x[5,6]{5  <1.0>}
x[5,7]{1  <1.0>}
x[6,0]{0  <1.0>}
x[6,1]{1  <1.0>}
x[6,2]{3  <1.0>}
x[6,3]{7  <1.0>}
x[6,4]{5  <1.0>}
x[6,5]{2  <1.0>}
x[6,6]{4  <1.0>}
x[6,7]{6  <1.0>}
x[7,0]{2  <1.0>}
x[7,1]{5  <1.0>}
x[7,2]{1  <1.0>}
x[7,3]{6  <1.0>}
x[7,4]{4  <1.0>}
x[7,5]{7  <1.0>}
x[7,6]{0  <1.0>}
x[7,7]{3  <1.0>}
problem entropy = 0.0
smallest variable entropy = 1.7976931348623157E308

	#choice: 6
	#fail: 0
	execution time (ms): 46
	#sols : 1
	completed : false

