{4  <5.0>, 1  <2.0>, 7  <8.0>, 3  <4.0>}
model: max-product-init
FINAL DAMPING FACTOR = 1.0
##### after BP iteration 1 #####
x[0,0]{4  <0.0>, 1  <0.0>, 7  <0.0>, 3  <0.0>}
x[0,1]{4  <0.0>, 1  <0.0>, 7  <0.0>, 3  <0.0>}
x[0,2]{0  <0.0>, 4  <0.0>, 7  <0.0>}
x[0,3]{5  <1.0>}
x[0,4]{0  <0.0>, 1  <0.0>, 7  <0.0>, 3  <0.0>, 4  <0.0>}
x[0,5]{6  <1.0>}
x[0,6]{2  <1.0>}
x[0,7]{4  <0.0>, 1  <0.0>}
x[1,0]{0  <1.0>}
x[1,1]{6  <1.0>}
x[1,2]{1  <1.0>}
x[1,3]{7  <1.0>}
x[1,4]{2  <1.0>}
x[1,5]{5  <1.0>}
x[1,6]{4  <1.0>}
x[1,7]{3  <1.0>}
x[2,0]{5  <0.0>, 6  <0.0>, 2  <0.0>, 3  <0.0>}
x[2,1]{2  <0.0>, 3  <0.0>}
x[2,2]{0  <0.0>, 4  <0.0>}
x[2,3]{1  <1.0>}
x[2,4]{3  <0.0>, 6  <0.0>, 5  <0.0>}
x[2,5]{0  <0.0>, 4  <0.0>}
x[2,6]{3  <0.0>, 5  <0.0>}
x[2,7]{7  <1.0>}
x[3,0]{7  <0.0>, 1  <0.0>, 4  <0.0>, 5  <0.0>}
x[3,1]{0  <1.0>}
x[3,2]{3  <1.0>}
x[3,3]{6  <1.0>}
x[3,4]{7  <0.0>, 1  <0.0>, 4  <0.0>, 5  <0.0>}
x[3,5]{7  <0.0>, 1  <0.0>, 4  <0.0>}
x[3,6]{7  <0.0>, 1  <0.0>, 5  <0.0>}
x[3,7]{2  <1.0>}
x[4,0]{7  <0.0>, 1  <0.0>, 2  <0.0>, 3  <0.0>, 4  <0.0>, 5  <0.0>}
x[4,1]{7  <0.0>, 1  <0.0>, 2  <0.0>, 3  <0.0>, 4  <0.0>}
x[4,2]{0  <0.0>, 7  <0.0>, 4  <0.0>}
x[4,3]{0  <0.0>, 3  <0.0>, 4  <0.0>}
x[4,4]{0  <0.0>, 1  <0.0>, 7  <0.0>, 3  <0.0>, 4  <0.0>, 5  <0.0>}
x[4,5]{0  <0.0>, 1  <0.0>, 7  <0.0>, 4  <0.0>}
x[4,6]{5  <0.0>, 1  <0.0>, 7  <0.0>, 3  <0.0>}
x[4,7]{6  <1.0>}
x[5,0]{7  <0.0>, 1  <0.0>, 6  <0.0>, 3  <0.0>, 4  <0.0>}
x[5,1]{7  <0.0>, 1  <0.0>, 4  <0.0>, 3  <0.0>}
x[5,2]{5  <1.0>}
x[5,3]{3  <0.0>, 4  <0.0>}
x[5,4]{7  <0.0>, 1  <0.0>, 6  <0.0>, 3  <0.0>, 4  <0.0>}
x[5,5]{2  <1.0>}
x[5,6]{0  <1.0>}
x[5,7]{4  <0.0>, 1  <0.0>}
x[6,0]{4  <0.0>, 1  <0.0>, 7  <0.0>, 3  <0.0>}
x[6,1]{5  <1.0>}
x[6,2]{6  <1.0>}
x[6,3]{2  <1.0>}
x[6,4]{4  <0.0>, 1  <0.0>, 7  <0.0>, 3  <0.0>}
x[6,5]{4  <0.0>, 1  <0.0>, 7  <0.0>}
x[6,6]{3  <0.0>, 1  <0.0>, 7  <0.0>}
x[6,7]{0  <1.0>}
x[7,0]{4  <0.0>, 1  <0.0>, 7  <0.0>}
x[7,1]{4  <0.0>, 1  <0.0>, 7  <0.0>}
x[7,2]{2  <1.0>}
x[7,3]{0  <0.0>, 4  <0.0>}
x[7,4]{0  <0.0>, 1  <0.0>, 7  <0.0>, 4  <0.0>}
x[7,5]{3  <1.0>}
x[7,6]{6  <1.0>}
x[7,7]{5  <1.0>}
problem entropy = 0.0
smallest variable entropy = -0.0
### branching on x[0,2]=0; marginal=0.0; regret=0.0; nb of ties=35
##### after BP iteration 1 #####
x[0,0]{4  <0.0>, 1  <0.0>, 7  <0.0>, 3  <0.0>}
x[0,1]{4  <0.0>, 1  <0.0>, 7  <0.0>, 3  <0.0>}
x[0,2]{0  <1.0>}
x[0,3]{5  <1.0>}
x[0,4]{4  <0.0>, 1  <0.0>, 7  <0.0>, 3  <0.0>}
x[0,5]{6  <1.0>}
x[0,6]{2  <1.0>}
x[0,7]{4  <0.0>, 1  <0.0>}
x[1,0]{0  <1.0>}
x[1,1]{6  <1.0>}
x[1,2]{1  <1.0>}
x[1,3]{7  <1.0>}
x[1,4]{2  <1.0>}
x[1,5]{5  <1.0>}
x[1,6]{4  <1.0>}
x[1,7]{3  <1.0>}
x[2,0]{5  <0.25>, 6  <0.25>, 2  <0.25>, 3  <0.25>}
x[2,1]{2  <0.5>, 3  <0.5>}
x[2,2]{4  <1.0>}
x[2,3]{1  <1.0>}
x[2,4]{3  <0.3333333333333333>, 6  <0.3333333333333333>, 5  <0.3333333333333333>}
x[2,5]{0  <1.0>}
x[2,6]{3  <0.5>, 5  <0.5>}
x[2,7]{7  <1.0>}
x[3,0]{7  <0.0>, 1  <0.0>, 4  <0.0>, 5  <0.0>}
x[3,1]{0  <1.0>}
x[3,2]{3  <1.0>}
x[3,3]{6  <1.0>}
x[3,4]{7  <0.0>, 1  <0.0>, 4  <0.0>, 5  <0.0>}
x[3,5]{7  <0.0>, 1  <0.0>, 4  <0.0>}
x[3,6]{7  <0.0>, 1  <0.0>, 5  <0.0>}
x[3,7]{2  <1.0>}
x[4,0]{5  <0.0>, 1  <0.0>, 2  <0.0>, 3  <0.0>, 4  <0.0>}
x[4,1]{4  <0.0>, 1  <0.0>, 2  <0.0>, 3  <0.0>}
x[4,2]{7  <1.0>}
x[4,3]{0  <0.0>, 3  <0.0>, 4  <0.0>}
x[4,4]{0  <0.0>, 1  <0.0>, 5  <0.0>, 3  <0.0>, 4  <0.0>}
x[4,5]{4  <0.0>, 1  <0.0>}
x[4,6]{5  <0.0>, 1  <0.0>, 3  <0.0>}
x[4,7]{6  <1.0>}
x[5,0]{7  <0.0>, 1  <0.0>, 6  <0.0>, 3  <0.0>, 4  <0.0>}
x[5,1]{7  <0.0>, 1  <0.0>, 4  <0.0>, 3  <0.0>}
x[5,2]{5  <1.0>}
x[5,3]{3  <0.0>, 4  <0.0>}
x[5,4]{7  <0.0>, 1  <0.0>, 6  <0.0>, 3  <0.0>, 4  <0.0>}
x[5,5]{2  <1.0>}
x[5,6]{0  <1.0>}
x[5,7]{4  <0.0>, 1  <0.0>}
x[6,0]{4  <0.0>, 1  <0.0>, 7  <0.0>, 3  <0.0>}
x[6,1]{5  <1.0>}
x[6,2]{6  <1.0>}
x[6,3]{2  <1.0>}
x[6,4]{4  <0.0>, 1  <0.0>, 7  <0.0>, 3  <0.0>}
x[6,5]{4  <0.0>, 1  <0.0>, 7  <0.0>}
x[6,6]{3  <0.0>, 1  <0.0>, 7  <0.0>}
x[6,7]{0  <1.0>}
x[7,0]{4  <0.0>, 1  <0.0>, 7  <0.0>}
x[7,1]{4  <0.0>, 1  <0.0>, 7  <0.0>}
x[7,2]{2  <1.0>}
x[7,3]{0  <0.0>, 4  <0.0>}
x[7,4]{0  <0.0>, 1  <0.0>, 7  <0.0>, 4  <0.0>}
x[7,5]{3  <1.0>}
x[7,6]{6  <1.0>}
x[7,7]{5  <1.0>}
problem entropy = 0.12903225806451613
smallest variable entropy = -0.0
### branching on x[5,1]=7; marginal=0.0; regret=0.0; nb of ties=31
##### after BP iteration 1 #####
x[0,0]{4  <0.0>, 1  <0.0>, 7  <0.0>, 3  <0.0>}
x[0,1]{4  <0.0>, 1  <0.0>, 3  <0.0>}
x[0,2]{0  <1.0>}
x[0,3]{5  <1.0>}
x[0,4]{4  <0.0>, 1  <0.0>, 7  <0.0>, 3  <0.0>}
x[0,5]{6  <1.0>}
x[0,6]{2  <1.0>}
x[0,7]{4  <0.0>, 1  <0.0>}
x[1,0]{0  <1.0>}
x[1,1]{6  <1.0>}
x[1,2]{1  <1.0>}
x[1,3]{7  <1.0>}
x[1,4]{2  <1.0>}
x[1,5]{5  <1.0>}
x[1,6]{4  <1.0>}
x[1,7]{3  <1.0>}
x[2,0]{5  <0.0>, 6  <0.0>, 2  <0.0>, 3  <0.0>}
x[2,1]{2  <0.0>, 3  <0.0>}
x[2,2]{4  <1.0>}
x[2,3]{1  <1.0>}
x[2,4]{3  <0.0>, 6  <0.0>, 5  <0.0>}
x[2,5]{0  <1.0>}
x[2,6]{3  <0.0>, 5  <0.0>}
x[2,7]{7  <1.0>}
x[3,0]{7  <0.0>, 1  <0.0>, 4  <0.0>, 5  <0.0>}
x[3,1]{0  <1.0>}
x[3,2]{3  <1.0>}
x[3,3]{6  <1.0>}
x[3,4]{7  <0.0>, 1  <0.0>, 4  <0.0>, 5  <0.0>}
x[3,5]{7  <0.0>, 1  <0.0>, 4  <0.0>}
x[3,6]{7  <0.0>, 1  <0.0>, 5  <0.0>}
x[3,7]{2  <1.0>}
x[4,0]{5  <0.0>, 1  <0.0>, 2  <0.0>, 3  <0.0>, 4  <0.0>}
x[4,1]{4  <0.0>, 1  <0.0>, 2  <0.0>, 3  <0.0>}
x[4,2]{7  <1.0>}
x[4,3]{0  <0.0>, 3  <0.0>, 4  <0.0>}
x[4,4]{0  <0.0>, 1  <0.0>, 5  <0.0>, 3  <0.0>, 4  <0.0>}
x[4,5]{4  <0.0>, 1  <0.0>}
x[4,6]{5  <0.0>, 1  <0.0>, 3  <0.0>}
x[4,7]{6  <1.0>}
x[5,0]{4  <0.0>, 1  <0.0>, 6  <0.0>, 3  <0.0>}
x[5,1]{7  <1.0>}
x[5,2]{5  <1.0>}
x[5,3]{3  <0.0>, 4  <0.0>}
x[5,4]{4  <0.0>, 1  <0.0>, 6  <0.0>, 3  <0.0>}
x[5,5]{2  <1.0>}
x[5,6]{0  <1.0>}
x[5,7]{4  <0.0>, 1  <0.0>}
x[6,0]{4  <0.0>, 1  <0.0>, 7  <0.0>, 3  <0.0>}
x[6,1]{5  <1.0>}
x[6,2]{6  <1.0>}
x[6,3]{2  <1.0>}
x[6,4]{4  <0.0>, 1  <0.0>, 7  <0.0>, 3  <0.0>}
x[6,5]{4  <0.0>, 1  <0.0>, 7  <0.0>}
x[6,6]{3  <0.0>, 1  <0.0>, 7  <0.0>}
x[6,7]{0  <1.0>}
x[7,0]{4  <0.0>, 1  <0.0>, 7  <0.0>}
x[7,1]{4  <0.0>, 1  <0.0>}
x[7,2]{2  <1.0>}
x[7,3]{0  <0.0>, 4  <0.0>}
x[7,4]{0  <0.0>, 1  <0.0>, 7  <0.0>, 4  <0.0>}
x[7,5]{3  <1.0>}
x[7,6]{6  <1.0>}
x[7,7]{5  <1.0>}
problem entropy = 0.0
smallest variable entropy = -0.0
### branching on x[0,7]=4; marginal=0.0; regret=0.0; nb of ties=30
##### after BP iteration 1 #####
x[0,0]{3  <0.0>, 1  <0.0>, 7  <0.0>}
x[0,1]{3  <0.0>, 1  <0.0>}
x[0,2]{0  <1.0>}
x[0,3]{5  <1.0>}
x[0,4]{3  <0.0>, 1  <0.0>, 7  <0.0>}
x[0,5]{6  <1.0>}
x[0,6]{2  <1.0>}
x[0,7]{4  <1.0>}
x[1,0]{0  <1.0>}
x[1,1]{6  <1.0>}
x[1,2]{1  <1.0>}
x[1,3]{7  <1.0>}
x[1,4]{2  <1.0>}
x[1,5]{5  <1.0>}
x[1,6]{4  <1.0>}
x[1,7]{3  <1.0>}
x[2,0]{5  <0.0>, 6  <0.0>, 2  <0.0>, 3  <0.0>}
x[2,1]{2  <0.0>, 3  <0.0>}
x[2,2]{4  <1.0>}
x[2,3]{1  <1.0>}
x[2,4]{3  <0.0>, 6  <0.0>, 5  <0.0>}
x[2,5]{0  <1.0>}
x[2,6]{3  <0.0>, 5  <0.0>}
x[2,7]{7  <1.0>}
x[3,0]{7  <0.0>, 1  <0.0>, 4  <0.0>, 5  <0.0>}
x[3,1]{0  <1.0>}
x[3,2]{3  <1.0>}
x[3,3]{6  <1.0>}
x[3,4]{7  <0.0>, 1  <0.0>, 4  <0.0>, 5  <0.0>}
x[3,5]{7  <0.0>, 1  <0.0>, 4  <0.0>}
x[3,6]{7  <0.0>, 1  <0.0>, 5  <0.0>}
x[3,7]{2  <1.0>}
x[4,0]{5  <0.0>, 1  <0.0>, 2  <0.0>, 3  <0.0>, 4  <0.0>}
x[4,1]{4  <0.0>, 1  <0.0>, 2  <0.0>, 3  <0.0>}
x[4,2]{7  <1.0>}
x[4,3]{0  <0.0>, 3  <0.0>, 4  <0.0>}
x[4,4]{0  <0.0>, 1  <0.0>, 5  <0.0>, 3  <0.0>, 4  <0.0>}
x[4,5]{4  <0.0>, 1  <0.0>}
x[4,6]{5  <0.0>, 1  <0.0>, 3  <0.0>}
x[4,7]{6  <1.0>}
x[5,0]{4  <0.0>, 3  <0.0>, 6  <0.0>}
x[5,1]{7  <1.0>}
x[5,2]{5  <1.0>}
x[5,3]{3  <0.0>, 4  <0.0>}
x[5,4]{4  <0.0>, 3  <0.0>, 6  <0.0>}
x[5,5]{2  <1.0>}
x[5,6]{0  <1.0>}
x[5,7]{1  <1.0>}
x[6,0]{4  <0.0>, 1  <0.0>, 7  <0.0>, 3  <0.0>}
x[6,1]{5  <1.0>}
x[6,2]{6  <1.0>}
x[6,3]{2  <1.0>}
x[6,4]{4  <0.0>, 1  <0.0>, 7  <0.0>, 3  <0.0>}
x[6,5]{4  <0.0>, 1  <0.0>, 7  <0.0>}
x[6,6]{3  <0.0>, 1  <0.0>, 7  <0.0>}
x[6,7]{0  <1.0>}
x[7,0]{4  <0.0>, 1  <0.0>, 7  <0.0>}
x[7,1]{4  <0.0>, 1  <0.0>}
x[7,2]{2  <1.0>}
x[7,3]{0  <0.0>, 4  <0.0>}
x[7,4]{0  <0.0>, 1  <0.0>, 7  <0.0>, 4  <0.0>}
x[7,5]{3  <1.0>}
x[7,6]{6  <1.0>}
x[7,7]{5  <1.0>}
problem entropy = 0.0
smallest variable entropy = -0.0
### branching on x[4,4]=0; marginal=0.0; regret=0.0; nb of ties=28
##### after BP iteration 1 #####
x[0,0]{3  <0.0>, 1  <0.0>, 7  <0.0>}
x[0,1]{3  <0.0>, 1  <0.0>}
x[0,2]{0  <1.0>}
x[0,3]{5  <1.0>}
x[0,4]{3  <0.0>, 1  <0.0>, 7  <0.0>}
x[0,5]{6  <1.0>}
x[0,6]{2  <1.0>}
x[0,7]{4  <1.0>}
x[1,0]{0  <1.0>}
x[1,1]{6  <1.0>}
x[1,2]{1  <1.0>}
x[1,3]{7  <1.0>}
x[1,4]{2  <1.0>}
x[1,5]{5  <1.0>}
x[1,6]{4  <1.0>}
x[1,7]{3  <1.0>}
x[2,0]{5  <0.0>, 6  <0.0>, 2  <0.0>, 3  <0.0>}
x[2,1]{2  <0.0>, 3  <0.0>}
x[2,2]{4  <1.0>}
x[2,3]{1  <1.0>}
x[2,4]{3  <0.0>, 6  <0.0>, 5  <0.0>}
x[2,5]{0  <1.0>}
x[2,6]{3  <0.0>, 5  <0.0>}
x[2,7]{7  <1.0>}
x[3,0]{7  <0.0>, 1  <0.0>, 4  <0.0>, 5  <0.0>}
x[3,1]{0  <1.0>}
x[3,2]{3  <1.0>}
x[3,3]{6  <1.0>}
x[3,4]{7  <0.0>, 1  <0.0>, 4  <0.0>, 5  <0.0>}
x[3,5]{7  <0.0>, 1  <0.0>, 4  <0.0>}
x[3,6]{7  <0.0>, 1  <0.0>, 5  <0.0>}
x[3,7]{2  <1.0>}
x[4,0]{5  <0.0>, 1  <0.0>, 2  <0.0>, 3  <0.0>, 4  <0.0>}
x[4,1]{4  <0.0>, 1  <0.0>, 2  <0.0>, 3  <0.0>}
x[4,2]{7  <1.0>}
x[4,3]{4  <0.0>, 3  <0.0>}
x[4,4]{0  <1.0>}
x[4,5]{4  <0.0>, 1  <0.0>}
x[4,6]{5  <0.0>, 1  <0.0>, 3  <0.0>}
x[4,7]{6  <1.0>}
x[5,0]{4  <0.0>, 3  <0.0>, 6  <0.0>}
x[5,1]{7  <1.0>}
x[5,2]{5  <1.0>}
x[5,3]{3  <0.0>, 4  <0.0>}
x[5,4]{4  <0.0>, 3  <0.0>, 6  <0.0>}
x[5,5]{2  <1.0>}
x[5,6]{0  <1.0>}
x[5,7]{1  <1.0>}
x[6,0]{4  <0.0>, 1  <0.0>, 7  <0.0>, 3  <0.0>}
x[6,1]{5  <1.0>}
x[6,2]{6  <1.0>}
x[6,3]{2  <1.0>}
x[6,4]{4  <0.0>, 1  <0.0>, 7  <0.0>, 3  <0.0>}
x[6,5]{4  <0.0>, 1  <0.0>, 7  <0.0>}
x[6,6]{3  <0.0>, 1  <0.0>, 7  <0.0>}
x[6,7]{0  <1.0>}
x[7,0]{4  <0.0>, 1  <0.0>, 7  <0.0>}
x[7,1]{4  <0.0>, 1  <0.0>}
x[7,2]{2  <1.0>}
x[7,3]{0  <1.0>}
x[7,4]{4  <0.0>, 1  <0.0>, 7  <0.0>}
x[7,5]{3  <1.0>}
x[7,6]{6  <1.0>}
x[7,7]{5  <1.0>}
problem entropy = 0.0
smallest variable entropy = -0.0
### branching on x[5,4]=4; marginal=0.0; regret=0.0; nb of ties=26
##### after BP iteration 1 #####
x[0,0]{3  <0.0>, 7  <0.0>}
x[0,1]{1  <1.0>}
x[0,2]{0  <1.0>}
x[0,3]{5  <1.0>}
x[0,4]{3  <0.0>, 7  <0.0>}
x[0,5]{6  <1.0>}
x[0,6]{2  <1.0>}
x[0,7]{4  <1.0>}
x[1,0]{0  <1.0>}
x[1,1]{6  <1.0>}
x[1,2]{1  <1.0>}
x[1,3]{7  <1.0>}
x[1,4]{2  <1.0>}
x[1,5]{5  <1.0>}
x[1,6]{4  <1.0>}
x[1,7]{3  <1.0>}
x[2,0]{5  <0.0>, 2  <0.0>}
x[2,1]{2  <0.0>, 3  <0.0>}
x[2,2]{4  <1.0>}
x[2,3]{1  <1.0>}
x[2,4]{6  <1.0>}
x[2,5]{0  <1.0>}
x[2,6]{3  <0.0>, 5  <0.0>}
x[2,7]{7  <1.0>}
x[3,0]{7  <0.0>, 1  <0.0>, 4  <0.0>}
x[3,1]{0  <1.0>}
x[3,2]{3  <1.0>}
x[3,3]{6  <1.0>}
x[3,4]{5  <1.0>}
x[3,5]{7  <0.0>, 4  <0.0>}
x[3,6]{7  <0.0>, 1  <0.0>}
x[3,7]{2  <1.0>}
x[4,0]{5  <0.0>, 2  <0.0>}
x[4,1]{2  <0.0>, 3  <0.0>}
x[4,2]{7  <1.0>}
x[4,3]{4  <1.0>}
x[4,4]{0  <1.0>}
x[4,5]{1  <1.0>}
x[4,6]{5  <0.0>, 3  <0.0>}
x[4,7]{6  <1.0>}
x[5,0]{6  <1.0>}
x[5,1]{7  <1.0>}
x[5,2]{5  <1.0>}
x[5,3]{3  <1.0>}
x[5,4]{4  <1.0>}
x[5,5]{2  <1.0>}
x[5,6]{0  <1.0>}
x[5,7]{1  <1.0>}
x[6,0]{4  <0.0>, 1  <0.0>, 7  <0.0>, 3  <0.0>}
x[6,1]{5  <1.0>}
x[6,2]{6  <1.0>}
x[6,3]{2  <1.0>}
x[6,4]{3  <0.0>, 1  <0.0>, 7  <0.0>}
x[6,5]{4  <0.0>, 7  <0.0>}
x[6,6]{7  <0.0>, 1  <0.0>}
x[6,7]{0  <1.0>}
x[7,0]{7  <0.0>, 1  <0.0>}
x[7,1]{4  <1.0>}
x[7,2]{2  <1.0>}
x[7,3]{0  <1.0>}
x[7,4]{7  <0.0>, 1  <0.0>}
x[7,5]{3  <1.0>}
x[7,6]{6  <1.0>}
x[7,7]{5  <1.0>}
problem entropy = 0.0
smallest variable entropy = -0.0
### branching on x[6,6]=7; marginal=0.0; regret=0.0; nb of ties=17
##### after BP iteration 1 #####
x[0,0]{3  <0.0>, 7  <0.0>}
x[0,1]{1  <1.0>}
x[0,2]{0  <1.0>}
x[0,3]{5  <1.0>}
x[0,4]{3  <0.0>, 7  <0.0>}
x[0,5]{6  <1.0>}
x[0,6]{2  <1.0>}
x[0,7]{4  <1.0>}
x[1,0]{0  <1.0>}
x[1,1]{6  <1.0>}
x[1,2]{1  <1.0>}
x[1,3]{7  <1.0>}
x[1,4]{2  <1.0>}
x[1,5]{5  <1.0>}
x[1,6]{4  <1.0>}
x[1,7]{3  <1.0>}
x[2,0]{5  <0.0>, 2  <0.0>}
x[2,1]{2  <0.0>, 3  <0.0>}
x[2,2]{4  <1.0>}
x[2,3]{1  <1.0>}
x[2,4]{6  <1.0>}
x[2,5]{0  <1.0>}
x[2,6]{3  <0.5>, 5  <0.5>}
x[2,7]{7  <1.0>}
x[3,0]{4  <1.0>}
x[3,1]{0  <1.0>}
x[3,2]{3  <1.0>}
x[3,3]{6  <1.0>}
x[3,4]{5  <1.0>}
x[3,5]{7  <1.0>}
x[3,6]{1  <1.0>}
x[3,7]{2  <1.0>}
x[4,0]{5  <0.0>, 2  <0.0>}
x[4,1]{2  <0.0>, 3  <0.0>}
x[4,2]{7  <1.0>}
x[4,3]{4  <1.0>}
x[4,4]{0  <1.0>}
x[4,5]{1  <1.0>}
x[4,6]{5  <0.5>, 3  <0.5>}
x[4,7]{6  <1.0>}
x[5,0]{6  <1.0>}
x[5,1]{7  <1.0>}
x[5,2]{5  <1.0>}
x[5,3]{3  <1.0>}
x[5,4]{4  <1.0>}
x[5,5]{2  <1.0>}
x[5,6]{0  <1.0>}
x[5,7]{1  <1.0>}
x[6,0]{3  <0.0>, 1  <0.0>}
x[6,1]{5  <1.0>}
x[6,2]{6  <1.0>}
x[6,3]{2  <1.0>}
x[6,4]{3  <0.0>, 1  <0.0>}
x[6,5]{4  <1.0>}
x[6,6]{7  <1.0>}
x[6,7]{0  <1.0>}
x[7,0]{7  <0.0>, 1  <0.0>}
x[7,1]{4  <1.0>}
x[7,2]{2  <1.0>}
x[7,3]{0  <1.0>}
x[7,4]{7  <0.0>, 1  <0.0>}
x[7,5]{3  <1.0>}
x[7,6]{6  <1.0>}
x[7,7]{5  <1.0>}
problem entropy = 0.16666666666666666
smallest variable entropy = -0.0
### branching on x[0,0]=3; marginal=0.0; regret=0.0; nb of ties=12
##### after BP iteration 1 #####
x[0,0]{3  <1.0>}
x[0,1]{1  <1.0>}
x[0,2]{0  <1.0>}
x[0,3]{5  <1.0>}
x[0,4]{7  <1.0>}
x[0,5]{6  <1.0>}
x[0,6]{2  <1.0>}
x[0,7]{4  <1.0>}
x[1,0]{0  <1.0>}
x[1,1]{6  <1.0>}
x[1,2]{1  <1.0>}
x[1,3]{7  <1.0>}
x[1,4]{2  <1.0>}
x[1,5]{5  <1.0>}
x[1,6]{4  <1.0>}
x[1,7]{3  <1.0>}
x[2,0]{5  <0.0>, 2  <0.0>}
x[2,1]{2  <0.0>, 3  <0.0>}
x[2,2]{4  <1.0>}
x[2,3]{1  <1.0>}
x[2,4]{6  <1.0>}
x[2,5]{0  <1.0>}
x[2,6]{3  <0.0>, 5  <0.0>}
x[2,7]{7  <1.0>}
x[3,0]{4  <1.0>}
x[3,1]{0  <1.0>}
x[3,2]{3  <1.0>}
x[3,3]{6  <1.0>}
x[3,4]{5  <1.0>}
x[3,5]{7  <1.0>}
x[3,6]{1  <1.0>}
x[3,7]{2  <1.0>}
x[4,0]{5  <0.0>, 2  <0.0>}
x[4,1]{2  <0.0>, 3  <0.0>}
x[4,2]{7  <1.0>}
x[4,3]{4  <1.0>}
x[4,4]{0  <1.0>}
x[4,5]{1  <1.0>}
x[4,6]{5  <0.0>, 3  <0.0>}
x[4,7]{6  <1.0>}
x[5,0]{6  <1.0>}
x[5,1]{7  <1.0>}
x[5,2]{5  <1.0>}
x[5,3]{3  <1.0>}
x[5,4]{4  <1.0>}
x[5,5]{2  <1.0>}
x[5,6]{0  <1.0>}
x[5,7]{1  <1.0>}
x[6,0]{1  <1.0>}
x[6,1]{5  <1.0>}
x[6,2]{6  <1.0>}
x[6,3]{2  <1.0>}
x[6,4]{3  <1.0>}
x[6,5]{4  <1.0>}
x[6,6]{7  <1.0>}
x[6,7]{0  <1.0>}
x[7,0]{7  <1.0>}
x[7,1]{4  <1.0>}
x[7,2]{2  <1.0>}
x[7,3]{0  <1.0>}
x[7,4]{1  <1.0>}
x[7,5]{3  <1.0>}
x[7,6]{6  <1.0>}
x[7,7]{5  <1.0>}
problem entropy = 0.0
smallest variable entropy = -0.0
### branching on x[2,0]=5; marginal=0.0; regret=0.0; nb of ties=6
##### after BP iteration 1 #####
x[0,0]{3  <1.0>}
x[0,1]{1  <1.0>}
x[0,2]{0  <1.0>}
x[0,3]{5  <1.0>}
x[0,4]{7  <1.0>}
x[0,5]{6  <1.0>}
x[0,6]{2  <1.0>}
x[0,7]{4  <1.0>}
x[1,0]{0  <1.0>}
x[1,1]{6  <1.0>}
x[1,2]{1  <1.0>}
x[1,3]{7  <1.0>}
x[1,4]{2  <1.0>}
x[1,5]{5  <1.0>}
x[1,6]{4  <1.0>}
x[1,7]{3  <1.0>}
x[2,0]{5  <1.0>}
x[2,1]{2  <1.0>}
x[2,2]{4  <1.0>}
x[2,3]{1  <1.0>}
x[2,4]{6  <1.0>}
x[2,5]{0  <1.0>}
x[2,6]{3  <1.0>}
x[2,7]{7  <1.0>}
x[3,0]{4  <1.0>}
x[3,1]{0  <1.0>}
x[3,2]{3  <1.0>}
x[3,3]{6  <1.0>}
x[3,4]{5  <1.0>}
x[3,5]{7  <1.0>}
x[3,6]{1  <1.0>}
x[3,7]{2  <1.0>}
x[4,0]{2  <1.0>}
x[4,1]{3  <1.0>}
x[4,2]{7  <1.0>}
x[4,3]{4  <1.0>}
x[4,4]{0  <1.0>}
x[4,5]{1  <1.0>}
x[4,6]{5  <1.0>}
x[4,7]{6  <1.0>}
x[5,0]{6  <1.0>}
x[5,1]{7  <1.0>}
x[5,2]{5  <1.0>}
x[5,3]{3  <1.0>}
x[5,4]{4  <1.0>}
x[5,5]{2  <1.0>}
x[5,6]{0  <1.0>}
x[5,7]{1  <1.0>}
x[6,0]{1  <1.0>}
x[6,1]{5  <1.0>}
x[6,2]{6  <1.0>}
x[6,3]{2  <1.0>}
x[6,4]{3  <1.0>}
x[6,5]{4  <1.0>}
x[6,6]{7  <1.0>}
x[6,7]{0  <1.0>}
x[7,0]{7  <1.0>}
x[7,1]{4  <1.0>}
x[7,2]{2  <1.0>}
x[7,3]{0  <1.0>}
x[7,4]{1  <1.0>}
x[7,5]{3  <1.0>}
x[7,6]{6  <1.0>}
x[7,7]{5  <1.0>}
problem entropy = 0.0
smallest variable entropy = 1.7976931348623157E308
### branching on x[2,0]!=5
##### after BP iteration 1 #####
x[0,0]{3  <1.0>}
x[0,1]{1  <1.0>}
x[0,2]{0  <1.0>}
x[0,3]{5  <1.0>}
x[0,4]{7  <1.0>}
x[0,5]{6  <1.0>}
x[0,6]{2  <1.0>}
x[0,7]{4  <1.0>}
x[1,0]{0  <1.0>}
x[1,1]{6  <1.0>}
x[1,2]{1  <1.0>}
x[1,3]{7  <1.0>}
x[1,4]{2  <1.0>}
x[1,5]{5  <1.0>}
x[1,6]{4  <1.0>}
x[1,7]{3  <1.0>}
x[2,0]{2  <1.0>}
x[2,1]{3  <1.0>}
x[2,2]{4  <1.0>}
x[2,3]{1  <1.0>}
x[2,4]{6  <1.0>}
x[2,5]{0  <1.0>}
x[2,6]{5  <1.0>}
x[2,7]{7  <1.0>}
x[3,0]{4  <1.0>}
x[3,1]{0  <1.0>}
x[3,2]{3  <1.0>}
x[3,3]{6  <1.0>}
x[3,4]{5  <1.0>}
x[3,5]{7  <1.0>}
x[3,6]{1  <1.0>}
x[3,7]{2  <1.0>}
x[4,0]{5  <1.0>}
x[4,1]{2  <1.0>}
x[4,2]{7  <1.0>}
x[4,3]{4  <1.0>}
x[4,4]{0  <1.0>}
x[4,5]{1  <1.0>}
x[4,6]{3  <1.0>}
x[4,7]{6  <1.0>}
x[5,0]{6  <1.0>}
x[5,1]{7  <1.0>}
x[5,2]{5  <1.0>}
x[5,3]{3  <1.0>}
x[5,4]{4  <1.0>}
x[5,5]{2  <1.0>}
x[5,6]{0  <1.0>}
x[5,7]{1  <1.0>}
x[6,0]{1  <1.0>}
x[6,1]{5  <1.0>}
x[6,2]{6  <1.0>}
x[6,3]{2  <1.0>}
x[6,4]{3  <1.0>}
x[6,5]{4  <1.0>}
x[6,6]{7  <1.0>}
x[6,7]{0  <1.0>}
x[7,0]{7  <1.0>}
x[7,1]{4  <1.0>}
x[7,2]{2  <1.0>}
x[7,3]{0  <1.0>}
x[7,4]{1  <1.0>}
x[7,5]{3  <1.0>}
x[7,6]{6  <1.0>}
x[7,7]{5  <1.0>}
problem entropy = 0.0
smallest variable entropy = 1.7976931348623157E308

	#choice: 9
	#fail: 0
	execution time (ms): 68
	#sols : 1
	completed : false

