{0  <1.0>, 7  <8.0>, 3  <4.0>}
model: sum-product-init
FINAL DAMPING FACTOR = 1.0
##### after BP iteration 1 #####
x[0,0]{0  <0.3123966942148761>, 7  <0.6876033057851239>}
x[0,1]{1  <1.0>}
x[0,2]{6  <1.0>}
x[0,3]{2  <1.0>}
x[0,4]{0  <0.3834633038451154>, 7  <0.03238409859758907>, 4  <0.5841525975572955>}
x[0,5]{5  <1.0>}
x[0,6]{3  <1.0>}
x[0,7]{0  <0.3318623124448367>, 7  <0.10812003530450132>, 4  <0.560017652250662>}
x[1,0]{0  <0.3483488641731437>, 5  <0.5734529995276335>, 7  <0.07819813629922272>}
x[1,1]{7  <0.5238026751042716>, 5  <0.4761973248957284>}
x[1,2]{0  <0.18204921151447342>, 4  <0.566861935164865>, 2  <0.08461028442630715>, 7  <0.1664785688943543>}
x[1,3]{3  <1.0>}
x[1,4]{0  <0.08322458760752034>, 6  <0.733716664297948>, 4  <0.13571357087531422>, 7  <0.047345177219217605>}
x[1,5]{0  <0.2556756100522035>, 4  <0.21670511108413257>, 2  <0.2862692727934928>, 6  <0.24135000607017112>}
x[1,6]{0  <0.2614011160048533>, 6  <0.16911691603516155>, 2  <0.19431669557545866>, 4  <0.3751652723845266>}
x[1,7]{1  <1.0>}
x[2,0]{4  <1.0>}
x[2,1]{0  <1.0>}
x[2,2]{3  <1.0>}
x[2,3]{1  <1.0>}
x[2,4]{2  <1.0>}
x[2,5]{7  <1.0>}
x[2,6]{5  <1.0>}
x[2,7]{6  <1.0>}
x[3,0]{0  <0.218848944292667>, 7  <0.14539270141665606>, 5  <0.635758354290677>}
x[3,1]{3  <1.0>}
x[3,2]{1  <1.0>}
x[3,3]{4  <0.07484226557400828>, 6  <0.8208717093335268>, 5  <0.10428602509246501>}
x[3,4]{0  <0.009793509656781343>, 6  <0.024605488851646318>, 4  <0.014498809158574355>, 7  <0.951102192332998>}
x[3,5]{0  <0.5745953257781201>, 6  <0.15160154556104255>, 4  <0.27380312866083734>}
x[3,6]{0  <0.33034131400536804>, 6  <0.10764875238389074>, 4  <0.5620099336107411>}
x[3,7]{2  <1.0>}
x[4,0]{3  <1.0>}
x[4,1]{4  <0.10714285714285715>, 6  <0.8928571428571429>}
x[4,2]{0  <0.2958013818237036>, 4  <0.4433983752182826>, 2  <0.2608002429580138>}
x[4,3]{7  <1.0>}
x[4,4]{5  <1.0>}
x[4,5]{0  <0.2557603686635945>, 6  <0.12788018433179724>, 2  <0.488479262672811>, 4  <0.12788018433179724>}
x[4,6]{1  <1.0>}
x[4,7]{0  <0.5163797890061077>, 4  <0.48362021099389224>}
x[5,0]{6  <1.0>}
x[5,1]{7  <0.7049920775128853>, 5  <0.2950079224871147>}
x[5,2]{0  <0.6392821342092637>, 4  <0.07676426518717602>, 2  <0.15015949529100778>, 7  <0.13379410531255245>}
x[5,3]{4  <0.9436250238877018>, 5  <0.05637497611229826>}
x[5,4]{3  <1.0>}
x[5,5]{1  <1.0>}
x[5,6]{0  <0.3867881777862469>, 4  <0.03689999682149963>, 2  <0.5763118253922535>}
x[5,7]{0  <0.038574775687349946>, 5  <0.3533536748568063>, 4  <0.028016948524416004>, 7  <0.5800546009314277>}
x[6,0]{1  <1.0>}
x[6,1]{2  <1.0>}
x[6,2]{0  <0.20572357124234714>, 7  <0.7098050938120881>, 4  <0.08447133494556473>}
x[6,3]{5  <0.2640804816706044>, 4  <0.18718085511775023>, 6  <0.5487386632116454>}
x[6,4]{0  <0.4663497713516453>, 7  <0.29018391122823095>, 6  <0.11467585940376465>, 4  <0.12879045801635913>}
x[6,5]{3  <1.0>}
x[6,6]{0  <0.10241894599257967>, 4  <0.392813001343738>, 6  <0.5047680526636824>}
x[6,7]{0  <0.01847318050300468>, 7  <0.31773870465168047>, 4  <0.02049855330514133>, 5  <0.6432895615401736>}
x[7,0]{2  <1.0>}
x[7,1]{6  <0.2>, 4  <0.8>}
x[7,2]{5  <1.0>}
x[7,3]{0  <1.0>}
x[7,4]{1  <1.0>}
x[7,5]{6  <0.48136574074074073>, 4  <0.5186342592592593>}
x[7,6]{7  <1.0>}
x[7,7]{3  <1.0>}
problem entropy = 0.0
smallest variable entropy = 1.7976931348623157E308
### branching on x[0,0]=7
##### after BP iteration 1 #####
x[0,0]{7  <1.0>}
x[0,1]{1  <1.0>}
x[0,2]{6  <1.0>}
x[0,3]{2  <1.0>}
x[0,4]{0  <0.36861928002708777>, 4  <0.6313807199729122>}
x[0,5]{5  <1.0>}
x[0,6]{3  <1.0>}
x[0,7]{0  <0.5492831541218638>, 4  <0.4507168458781362>}
x[1,0]{0  <0.7336368217076867>, 5  <0.2663631782923133>}
x[1,1]{7  <0.5779413111183869>, 5  <0.4220586888816132>}
x[1,2]{0  <0.080929734430473>, 4  <0.3492040695741969>, 2  <0.20641134840810704>, 7  <0.3634548475872231>}
x[1,3]{3  <1.0>}
x[1,4]{0  <0.02729394009202988>, 6  <0.9268077674964879>, 4  <0.04589829241148239>}
x[1,5]{0  <0.13864681469472193>, 4  <0.14453086891578243>, 2  <0.6374044015368866>, 6  <0.07941791485260913>}
x[1,6]{0  <0.2071861854204042>, 6  <0.11669737820602794>, 2  <0.45348591020633316>, 4  <0.2226305261672347>}
x[1,7]{1  <1.0>}
x[2,0]{4  <1.0>}
x[2,1]{0  <1.0>}
x[2,2]{3  <1.0>}
x[2,3]{1  <1.0>}
x[2,4]{2  <1.0>}
x[2,5]{7  <1.0>}
x[2,6]{5  <1.0>}
x[2,7]{6  <1.0>}
x[3,0]{0  <0.12714736887434638>, 5  <0.8728526311256537>}
x[3,1]{3  <1.0>}
x[3,2]{1  <1.0>}
x[3,3]{5  <0.24968543704833357>, 6  <0.7503145629516664>}
x[3,4]{7  <1.0>}
x[3,5]{0  <0.6650082669558542>, 6  <0.06936462674644159>, 4  <0.2656271062977041>}
x[3,6]{0  <0.3123887697621277>, 6  <0.05381662078458611>, 4  <0.6337946094532863>}
x[3,7]{2  <1.0>}
x[4,0]{3  <1.0>}
x[4,1]{4  <0.08483913621339273>, 6  <0.9151608637866073>}
x[4,2]{0  <0.17695458842705974>, 4  <0.3111077559436371>, 2  <0.511937655629303>}
x[4,3]{7  <1.0>}
x[4,4]{5  <1.0>}
x[4,5]{0  <0.10258052211413209>, 6  <0.05785824442826516>, 2  <0.7817029890293375>, 4  <0.05785824442826516>}
x[4,6]{1  <1.0>}
x[4,7]{0  <0.5955466029442277>, 4  <0.4044533970557724>}
x[5,0]{6  <1.0>}
x[5,1]{7  <0.26964969418335627>, 5  <0.7303503058166438>}
x[5,2]{0  <0.5207813185474218>, 2  <0.4792186814525782>}
x[5,3]{4  <1.0>}
x[5,4]{3  <1.0>}
x[5,5]{1  <1.0>}
x[5,6]{0  <0.1382261851007727>, 2  <0.8617738148992272>}
x[5,7]{7  <0.6011939429237042>, 5  <0.39880605707629574>}
x[6,0]{1  <1.0>}
x[6,1]{2  <1.0>}
x[6,2]{0  <0.034897456829991916>, 7  <0.8961872235060485>, 4  <0.06891531966395949>}
x[6,3]{5  <0.5794005567239155>, 6  <0.4205994432760845>}
x[6,4]{0  <0.8049068592407551>, 4  <0.15698986051819433>, 6  <0.03810328024105055>}
x[6,5]{3  <1.0>}
x[6,6]{0  <0.1679061176561342>, 4  <0.6675451856357647>, 6  <0.16454869670810118>}
x[6,7]{5  <0.8294203192192479>, 7  <0.1705796807807522>}
x[7,0]{2  <1.0>}
x[7,1]{6  <0.11448840893219099>, 4  <0.885511591067809>}
x[7,2]{5  <1.0>}
x[7,3]{0  <1.0>}
x[7,4]{1  <1.0>}
x[7,5]{6  <0.8280017580496157>, 4  <0.17199824195038438>}
x[7,6]{7  <1.0>}
x[7,7]{3  <1.0>}
problem entropy = 0.0
smallest variable entropy = 1.7976931348623157E308
### branching on x[0,4]=4
##### after BP iteration 1 #####
x[0,0]{7  <1.0>}
x[0,1]{1  <1.0>}
x[0,2]{6  <1.0>}
x[0,3]{2  <1.0>}
x[0,4]{4  <1.0>}
x[0,5]{5  <1.0>}
x[0,6]{3  <1.0>}
x[0,7]{0  <1.0>}
x[1,0]{0  <0.8924846721153122>, 5  <0.10751532788468782>}
x[1,1]{7  <0.4705720667080934>, 5  <0.5294279332919066>}
x[1,2]{7  <0.5597358660490039>, 4  <0.4402641339509961>}
x[1,3]{3  <1.0>}
x[1,4]{0  <0.005174663148575084>, 6  <0.9948253368514249>}
x[1,5]{0  <0.13454751472329282>, 4  <0.682423737042984>, 2  <0.18302874823372317>}
x[1,6]{0  <0.23753421503195515>, 6  <0.07333181192709858>, 2  <0.29443788487546335>, 4  <0.39469608816548285>}
x[1,7]{1  <1.0>}
x[2,0]{4  <1.0>}
x[2,1]{0  <1.0>}
x[2,2]{3  <1.0>}
x[2,3]{1  <1.0>}
x[2,4]{2  <1.0>}
x[2,5]{7  <1.0>}
x[2,6]{5  <1.0>}
x[2,7]{6  <1.0>}
x[3,0]{0  <0.1461702079686168>, 5  <0.8538297920313832>}
x[3,1]{3  <1.0>}
x[3,2]{1  <1.0>}
x[3,3]{5  <0.28875129291266477>, 6  <0.7112487070873352>}
x[3,4]{7  <1.0>}
x[3,5]{0  <0.30151790567361086>, 4  <0.6984820943263891>}
x[3,6]{0  <0.2650324670578076>, 6  <0.45545919623996195>, 4  <0.2795083367022305>}
x[3,7]{2  <1.0>}
x[4,0]{3  <1.0>}
x[4,1]{6  <1.0>}
x[4,2]{0  <0.6381086304336419>, 2  <0.36189136956635803>}
x[4,3]{7  <1.0>}
x[4,4]{5  <1.0>}
x[4,5]{0  <0.6865694906079065>, 2  <0.31343050939209344>}
x[4,6]{1  <1.0>}
x[4,7]{4  <1.0>}
x[5,0]{6  <1.0>}
x[5,1]{7  <0.16854776683935488>, 5  <0.8314522331606452>}
x[5,2]{0  <0.8090367495516578>, 2  <0.19096325044834211>}
x[5,3]{4  <1.0>}
x[5,4]{3  <1.0>}
x[5,5]{1  <1.0>}
x[5,6]{0  <0.4383972073239482>, 2  <0.5616027926760517>}
x[5,7]{7  <0.8891681676094194>, 5  <0.11083183239058056>}
x[6,0]{1  <1.0>}
x[6,1]{2  <1.0>}
x[6,2]{4  <0.7829494649237141>, 7  <0.21705053507628586>}
x[6,3]{5  <0.39106484433290456>, 6  <0.6089351556670954>}
x[6,4]{0  <0.9912853499420804>, 6  <0.00871465005791955>}
x[6,5]{3  <1.0>}
x[6,6]{0  <0.02956010019294294>, 4  <0.359420763538148>, 6  <0.6110191362689091>}
x[6,7]{5  <0.5194243665508872>, 7  <0.4805756334491128>}
x[7,0]{2  <1.0>}
x[7,1]{4  <1.0>}
x[7,2]{5  <1.0>}
x[7,3]{0  <1.0>}
x[7,4]{1  <1.0>}
x[7,5]{6  <1.0>}
x[7,6]{7  <1.0>}
x[7,7]{3  <1.0>}
problem entropy = 0.0
smallest variable entropy = 1.7976931348623157E308
### branching on x[1,0]=5
##### after BP iteration 1 #####
x[0,0]{7  <1.0>}
x[0,1]{1  <1.0>}
x[0,2]{6  <1.0>}
x[0,3]{2  <1.0>}
x[0,4]{4  <1.0>}
x[0,5]{5  <1.0>}
x[0,6]{3  <1.0>}
x[0,7]{0  <1.0>}
x[1,0]{5  <1.0>}
x[1,1]{7  <1.0>}
x[1,2]{4  <1.0>}
x[1,3]{3  <1.0>}
x[1,4]{6  <1.0>}
x[1,5]{0  <0.19020975038529578>, 2  <0.8097902496147041>}
x[1,6]{0  <0.20093045239700286>, 2  <0.7990695476029971>}
x[1,7]{1  <1.0>}
x[2,0]{4  <1.0>}
x[2,1]{0  <1.0>}
x[2,2]{3  <1.0>}
x[2,3]{1  <1.0>}
x[2,4]{2  <1.0>}
x[2,5]{7  <1.0>}
x[2,6]{5  <1.0>}
x[2,7]{6  <1.0>}
x[3,0]{0  <1.0>}
x[3,1]{3  <1.0>}
x[3,2]{1  <1.0>}
x[3,3]{5  <1.0>}
x[3,4]{7  <1.0>}
x[3,5]{4  <1.0>}
x[3,6]{6  <1.0>}
x[3,7]{2  <1.0>}
x[4,0]{3  <1.0>}
x[4,1]{6  <1.0>}
x[4,2]{0  <0.237654234175236>, 2  <0.762345765824764>}
x[4,3]{7  <1.0>}
x[4,4]{5  <1.0>}
x[4,5]{0  <0.8546302177060854>, 2  <0.14536978229391462>}
x[4,6]{1  <1.0>}
x[4,7]{4  <1.0>}
x[5,0]{6  <1.0>}
x[5,1]{5  <1.0>}
x[5,2]{0  <0.400671449586779>, 2  <0.599328550413221>}
x[5,3]{4  <1.0>}
x[5,4]{3  <1.0>}
x[5,5]{1  <1.0>}
x[5,6]{0  <0.6459066759976755>, 2  <0.35409332400232446>}
x[5,7]{7  <1.0>}
x[6,0]{1  <1.0>}
x[6,1]{2  <1.0>}
x[6,2]{7  <1.0>}
x[6,3]{6  <1.0>}
x[6,4]{0  <1.0>}
x[6,5]{3  <1.0>}
x[6,6]{4  <1.0>}
x[6,7]{5  <1.0>}
x[7,0]{2  <1.0>}
x[7,1]{4  <1.0>}
x[7,2]{5  <1.0>}
x[7,3]{0  <1.0>}
x[7,4]{1  <1.0>}
x[7,5]{6  <1.0>}
x[7,6]{7  <1.0>}
x[7,7]{3  <1.0>}
problem entropy = 0.0
smallest variable entropy = 1.7976931348623157E308
### branching on x[1,5]=2
##### after BP iteration 1 #####
x[0,0]{7  <1.0>}
x[0,1]{1  <1.0>}
x[0,2]{6  <1.0>}
x[0,3]{2  <1.0>}
x[0,4]{4  <1.0>}
x[0,5]{5  <1.0>}
x[0,6]{3  <1.0>}
x[0,7]{0  <1.0>}
x[1,0]{5  <1.0>}
x[1,1]{7  <1.0>}
x[1,2]{4  <1.0>}
x[1,3]{3  <1.0>}
x[1,4]{6  <1.0>}
x[1,5]{2  <1.0>}
x[1,6]{0  <1.0>}
x[1,7]{1  <1.0>}
x[2,0]{4  <1.0>}
x[2,1]{0  <1.0>}
x[2,2]{3  <1.0>}
x[2,3]{1  <1.0>}
x[2,4]{2  <1.0>}
x[2,5]{7  <1.0>}
x[2,6]{5  <1.0>}
x[2,7]{6  <1.0>}
x[3,0]{0  <1.0>}
x[3,1]{3  <1.0>}
x[3,2]{1  <1.0>}
x[3,3]{5  <1.0>}
x[3,4]{7  <1.0>}
x[3,5]{4  <1.0>}
x[3,6]{6  <1.0>}
x[3,7]{2  <1.0>}
x[4,0]{3  <1.0>}
x[4,1]{6  <1.0>}
x[4,2]{2  <1.0>}
x[4,3]{7  <1.0>}
x[4,4]{5  <1.0>}
x[4,5]{0  <1.0>}
x[4,6]{1  <1.0>}
x[4,7]{4  <1.0>}
x[5,0]{6  <1.0>}
x[5,1]{5  <1.0>}
x[5,2]{0  <1.0>}
x[5,3]{4  <1.0>}
x[5,4]{3  <1.0>}
x[5,5]{1  <1.0>}
x[5,6]{2  <1.0>}
x[5,7]{7  <1.0>}
x[6,0]{1  <1.0>}
x[6,1]{2  <1.0>}
x[6,2]{7  <1.0>}
x[6,3]{6  <1.0>}
x[6,4]{0  <1.0>}
x[6,5]{3  <1.0>}
x[6,6]{4  <1.0>}
x[6,7]{5  <1.0>}
x[7,0]{2  <1.0>}
x[7,1]{4  <1.0>}
x[7,2]{5  <1.0>}
x[7,3]{0  <1.0>}
x[7,4]{1  <1.0>}
x[7,5]{6  <1.0>}
x[7,6]{7  <1.0>}
x[7,7]{3  <1.0>}
problem entropy = 0.0
smallest variable entropy = 1.7976931348623157E308
### branching on x[1,5]!=2
##### after BP iteration 1 #####
x[0,0]{7  <1.0>}
x[0,1]{1  <1.0>}
x[0,2]{6  <1.0>}
x[0,3]{2  <1.0>}
x[0,4]{4  <1.0>}
x[0,5]{5  <1.0>}
x[0,6]{3  <1.0>}
x[0,7]{0  <1.0>}
x[1,0]{5  <1.0>}
x[1,1]{7  <1.0>}
x[1,2]{4  <1.0>}
x[1,3]{3  <1.0>}
x[1,4]{6  <1.0>}
x[1,5]{0  <1.0>}
x[1,6]{2  <1.0>}
x[1,7]{1  <1.0>}
x[2,0]{4  <1.0>}
x[2,1]{0  <1.0>}
x[2,2]{3  <1.0>}
x[2,3]{1  <1.0>}
x[2,4]{2  <1.0>}
x[2,5]{7  <1.0>}
x[2,6]{5  <1.0>}
x[2,7]{6  <1.0>}
x[3,0]{0  <1.0>}
x[3,1]{3  <1.0>}
x[3,2]{1  <1.0>}
x[3,3]{5  <1.0>}
x[3,4]{7  <1.0>}
x[3,5]{4  <1.0>}
x[3,6]{6  <1.0>}
x[3,7]{2  <1.0>}
x[4,0]{3  <1.0>}
x[4,1]{6  <1.0>}
x[4,2]{0  <1.0>}
x[4,3]{7  <1.0>}
x[4,4]{5  <1.0>}
x[4,5]{2  <1.0>}
x[4,6]{1  <1.0>}
x[4,7]{4  <1.0>}
x[5,0]{6  <1.0>}
x[5,1]{5  <1.0>}
x[5,2]{2  <1.0>}
x[5,3]{4  <1.0>}
x[5,4]{3  <1.0>}
x[5,5]{1  <1.0>}
x[5,6]{0  <1.0>}
x[5,7]{7  <1.0>}
x[6,0]{1  <1.0>}
x[6,1]{2  <1.0>}
x[6,2]{7  <1.0>}
x[6,3]{6  <1.0>}
x[6,4]{0  <1.0>}
x[6,5]{3  <1.0>}
x[6,6]{4  <1.0>}
x[6,7]{5  <1.0>}
x[7,0]{2  <1.0>}
x[7,1]{4  <1.0>}
x[7,2]{5  <1.0>}
x[7,3]{0  <1.0>}
x[7,4]{1  <1.0>}
x[7,5]{6  <1.0>}
x[7,6]{7  <1.0>}
x[7,7]{3  <1.0>}
problem entropy = 0.0
smallest variable entropy = 1.7976931348623157E308

	#choice: 5
	#fail: 0
	execution time (ms): 44
	#sols : 1
	completed : false

