{3  <1.0>, 1  <1.0>, 7  <1.0>}
model: sum-product-oracle
FINAL DAMPING FACTOR = 0.7
##### after BP iteration 1 #####
x[0,0]{3  <0.22771378726011826>, 7  <0.7722862127398817>}
x[0,1]{4  <1.0>}
x[0,2]{6  <0.5162839133689654>, 3  <0.39531365213401165>, 7  <0.0884024344970231>}
x[0,3]{5  <1.0>}
x[0,4]{1  <1.0>}
x[0,5]{0  <1.0>}
x[0,6]{2  <1.0>}
x[0,7]{6  <0.4912314941217789>, 3  <0.3512116739129796>, 7  <0.1575568319652416>}
x[1,0]{4  <1.0>}
x[1,1]{0  <0.1292323269356147>, 1  <0.8707676730643853>}
x[1,2]{0  <0.8104121954808982>, 5  <0.07575152665010168>, 6  <0.04297115497012866>, 3  <0.019763798832733825>, 7  <0.05110132406613785>}
x[1,3]{7  <0.8639236717123129>, 1  <0.12856943065786156>, 3  <0.007506897629825559>}
x[1,4]{2  <1.0>}
x[1,5]{5  <0.1344736978094149>, 1  <0.01868542446002673>, 6  <0.8296411986522119>, 7  <0.01719967907834662>}
x[1,6]{7  <0.03164595266053704>, 3  <0.9683540473394628>}
x[1,7]{0  <0.0470089694740303>, 5  <0.8068556102203496>, 6  <0.11118441203134369>, 3  <0.00854354255287035>, 7  <0.02640746572140611>}
x[2,0]{7  <0.03091861233830797>, 1  <0.8640348328524324>, 3  <0.10504655480925962>}
x[2,1]{5  <1.0>}
x[2,2]{7  <0.526892537853615>, 3  <0.31374836233383957>, 2  <0.1593590998125454>}
x[2,3]{0  <1.0>}
x[2,4]{6  <1.0>}
x[2,5]{7  <0.020201096111419934>, 1  <0.10758149537338983>, 2  <0.8543855583608204>, 4  <0.017831850154369857>}
x[2,6]{7  <0.13015405965803112>, 3  <0.03571017673858749>, 4  <0.8341357636033814>}
x[2,7]{7  <0.29591044430664415>, 3  <0.5548069927039996>, 4  <0.14928256298935624>}
x[3,0]{6  <1.0>}
x[3,1]{3  <1.0>}
x[3,2]{0  <0.07283786620870206>, 5  <0.7804543419971698>, 7  <0.1467077917941281>}
x[3,3]{4  <0.9450389519683094>, 7  <0.05496104803169068>}
x[3,4]{0  <0.9287785165726813>, 5  <0.06587814092309259>, 4  <0.0053433425042261>}
x[3,5]{7  <0.7860331326074433>, 5  <0.15157362096610424>, 4  <0.062393246426452366>}
x[3,6]{1  <1.0>}
x[3,7]{2  <1.0>}
x[4,0]{2  <1.0>}
x[4,1]{7  <1.0>}
x[4,2]{1  <1.0>}
x[4,3]{4  <0.007782155893627451>, 3  <0.9922178441063725>}
x[4,4]{0  <0.07207619167918322>, 5  <0.6670928702306212>, 4  <0.2608309380901957>}
x[4,5]{4  <0.7215484099849487>, 5  <0.2784515900150512>}
x[4,6]{6  <1.0>}
x[4,7]{0  <0.9277846767235496>, 5  <0.04065973284780755>, 4  <0.02423924943979106>, 3  <0.007316340988851673>}
x[5,0]{0  <1.0>}
x[5,1]{6  <1.0>}
x[5,2]{4  <1.0>}
x[5,3]{2  <1.0>}
x[5,4]{7  <1.0>}
x[5,5]{3  <1.0>}
x[5,6]{5  <1.0>}
x[5,7]{1  <1.0>}
x[6,0]{7  <0.015737527000066052>, 1  <0.08199204477454489>, 5  <0.9022704282253889>}
x[6,1]{0  <0.882232346852173>, 1  <0.11776765314782701>}
x[6,2]{0  <0.10303301106011281>, 5  <0.024120951831385986>, 2  <0.8622722129047755>, 7  <0.01057382420372568>}
x[6,3]{6  <1.0>}
x[6,4]{3  <1.0>}
x[6,5]{5  <0.050568889543825435>, 1  <0.7904298766122083>, 2  <0.12409758109724428>, 7  <0.008600011962254614>, 4  <0.026303640784467158>}
x[6,6]{7  <0.8234058352275806>, 4  <0.17659416477241952>}
x[6,7]{0  <0.025600953000169006>, 4  <0.7802310088273327>, 5  <0.025140391325586188>, 7  <0.16902764684691202>}
x[7,0]{5  <0.10320034178153446>, 1  <0.08828897232848001>, 7  <0.1570722486273417>, 3  <0.6514384372626438>}
x[7,1]{2  <1.0>}
x[7,2]{6  <0.43642388566985346>, 5  <0.1190251380269337>, 7  <0.19133950339379674>, 3  <0.25321147290941604>}
x[7,3]{4  <0.04635779426802013>, 1  <0.8417218717982257>, 7  <0.10936165364516658>, 3  <0.0025586802885877434>}
x[7,4]{5  <0.2600143247501426>, 4  <0.7399856752498575>}
x[7,5]{6  <0.18341534413181595>, 1  <0.09389952270959775>, 7  <0.18341643909917468>, 5  <0.3865605764908422>, 4  <0.15270811756856945>}
x[7,6]{0  <1.0>}
x[7,7]{6  <0.3872740181757506>, 5  <0.12810410609331893>, 7  <0.3309116926034464>, 3  <0.10225139854989149>, 4  <0.05145878457759273>}
problem entropy = 0.5648435812608918
smallest variable entropy = 0.045541337076351544
##### after BP iteration 2 #####
x[0,0]{3  <0.23102998629986252>, 7  <0.7689700137001374>}
x[0,1]{4  <1.0>}
x[0,2]{6  <0.515848401875859>, 3  <0.3973523746143947>, 7  <0.08679922350974634>}
x[0,3]{5  <1.0>}
x[0,4]{1  <1.0>}
x[0,5]{0  <1.0>}
x[0,6]{2  <1.0>}
x[0,7]{6  <0.5007274778983126>, 3  <0.33735509621324083>, 7  <0.1619174258884466>}
x[1,0]{4  <1.0>}
x[1,1]{0  <0.08084952570118119>, 1  <0.9191504742988188>}
x[1,2]{0  <0.884760178550157>, 5  <0.05040627910062695>, 6  <0.026099367629127648>, 3  <0.009362877776438757>, 7  <0.029371296943649584>}
x[1,3]{7  <0.9090149440314805>, 1  <0.08663461049086167>, 3  <0.004350445477657847>}
x[1,4]{2  <1.0>}
x[1,5]{5  <0.13766131155794487>, 1  <0.011673361371957685>, 6  <0.8390234930010201>, 7  <0.01164183406907727>}
x[1,6]{7  <0.018448078975654886>, 3  <0.9815519210243451>}
x[1,7]{0  <0.04044327815320771>, 5  <0.8224563971710603>, 6  <0.11305505873724268>, 3  <0.004595711789362666>, 7  <0.019449554149126625>}
x[2,0]{7  <0.018711431147347697>, 1  <0.9224281455236375>, 3  <0.058860423329014755>}
x[2,1]{5  <1.0>}
x[2,2]{7  <0.5827573345201859>, 3  <0.34159810345039937>, 2  <0.07564456202941483>}
x[2,3]{0  <1.0>}
x[2,4]{6  <1.0>}
x[2,5]{7  <0.008633439121294738>, 1  <0.05832528710689445>, 2  <0.9256084355833147>, 4  <0.007432838188496096>}
x[2,6]{7  <0.09552236028273392>, 3  <0.023016306226009503>, 4  <0.8814613334912565>}
x[2,7]{7  <0.30138592434022776>, 3  <0.5873759673238856>, 4  <0.11123810833588649>}
x[3,0]{6  <1.0>}
x[3,1]{3  <1.0>}
x[3,2]{0  <0.05711036645893742>, 5  <0.8215380788546124>, 7  <0.12135155468645029>}
x[3,3]{4  <0.9636051290287888>, 7  <0.036394870971211135>}
x[3,4]{0  <0.943734476155552>, 5  <0.05328938896693476>, 4  <0.0029761348775132947>}
x[3,5]{7  <0.8204575541061102>, 5  <0.13580770840567094>, 4  <0.04373473748821886>}
x[3,6]{1  <1.0>}
x[3,7]{2  <1.0>}
x[4,0]{2  <1.0>}
x[4,1]{7  <1.0>}
x[4,2]{1  <1.0>}
x[4,3]{4  <0.004363234722803825>, 3  <0.9956367652771961>}
x[4,4]{0  <0.055536102829154534>, 5  <0.7047244426443865>, 4  <0.23973945452645898>}
x[4,5]{4  <0.7593398225831649>, 5  <0.24066017741683518>}
x[4,6]{6  <1.0>}
x[4,7]{0  <0.9434542297985876>, 5  <0.035392704289308734>, 4  <0.016935750981225867>, 3  <0.004217314930877768>}
x[5,0]{0  <1.0>}
x[5,1]{6  <1.0>}
x[5,2]{4  <1.0>}
x[5,3]{2  <1.0>}
x[5,4]{7  <1.0>}
x[5,5]{3  <1.0>}
x[5,6]{5  <1.0>}
x[5,7]{1  <1.0>}
x[6,0]{7  <0.01204753790753108>, 1  <0.058169731890118447>, 5  <0.9297827302023505>}
x[6,1]{0  <0.9329912009612376>, 1  <0.06700879903876247>}
x[6,2]{0  <0.048176626255082546>, 5  <0.014748974979784743>, 2  <0.932684386495196>, 7  <0.004390012269936743>}
x[6,3]{6  <1.0>}
x[6,4]{3  <1.0>}
x[6,5]{5  <0.04159320786400795>, 1  <0.8730165284704438>, 2  <0.06532562616516935>, 7  <0.003924747489468419>, 4  <0.016139890010910412>}
x[6,6]{7  <0.8689171055403018>, 4  <0.13108289445969828>}
x[6,7]{0  <0.0148486929950954>, 4  <0.8353880343497028>, 5  <0.018388661874905277>, 7  <0.13137461078029652>}
x[7,0]{5  <0.07772572610917056>, 1  <0.0552787934538655>, 7  <0.1796359909654043>, 3  <0.6873594894715597>}
x[7,1]{2  <1.0>}
x[7,2]{6  <0.45444930649274645>, 5  <0.10760217931936192>, 7  <0.19973467134465983>, 3  <0.23821384284323172>}
x[7,3]{4  <0.030102345460801677>, 1  <0.8899883422355316>, 7  <0.07860613763755782>, 3  <0.001303174666108924>}
x[7,4]{5  <0.24653721368783318>, 4  <0.7534627863121667>}
x[7,5]{6  <0.16498272951061768>, 1  <0.05941325095190451>, 7  <0.16479136640949904>, 5  <0.44746828498442015>, 4  <0.16334436814355863>}
x[7,6]{0  <1.0>}
x[7,7]{6  <0.3850351322690326>, 5  <0.1155205831248944>, 7  <0.3653546229598309>, 3  <0.09117975479514231>, 4  <0.042909906851099695>}
problem entropy = 0.49069396673576016
smallest variable entropy = 0.028065882497895968
##### after BP iteration 3 #####
x[0,0]{3  <0.23943268201775728>, 7  <0.7605673179822428>}
x[0,1]{4  <1.0>}
x[0,2]{6  <0.5077515082036952>, 3  <0.40436316753732726>, 7  <0.08788532425897749>}
x[0,3]{5  <1.0>}
x[0,4]{1  <1.0>}
x[0,5]{0  <1.0>}
x[0,6]{2  <1.0>}
x[0,7]{6  <0.5126207753262734>, 3  <0.3187655590652701>, 7  <0.16861366560845645>}
x[1,0]{4  <1.0>}
x[1,1]{0  <0.03841330286273276>, 1  <0.9615866971372673>}
x[1,2]{0  <0.9410833082074637>, 5  <0.030840901315956532>, 6  <0.01257527432037013>, 3  <0.0032813459345661026>, 7  <0.012219170221643623>}
x[1,3]{7  <0.9544009698718339>, 1  <0.043269639942650574>, 3  <0.0023293901855156564>}
x[1,4]{2  <1.0>}
x[1,5]{5  <0.13080857098078738>, 1  <0.0056001409113977324>, 6  <0.8576582899845936>, 7  <0.005932998123221188>}
x[1,6]{7  <0.008937079409445752>, 3  <0.9910629205905542>}
x[1,7]{0  <0.03093556778708485>, 5  <0.8468772905752068>, 6  <0.1089102840874647>, 3  <0.0019039957452847798>, 7  <0.011372861804958835>}
x[2,0]{7  <0.00876721085549997>, 1  <0.9655736059900055>, 3  <0.025659183154494593>}
x[2,1]{5  <1.0>}
x[2,2]{7  <0.6174874911027922>, 3  <0.35540259648478867>, 2  <0.027109912412419068>}
x[2,3]{0  <1.0>}
x[2,4]{6  <1.0>}
x[2,5]{7  <0.003051565726222862>, 1  <0.02595033083177853>, 2  <0.9684968056199134>, 4  <0.0025012978220852427>}
x[2,6]{7  <0.06955229897608124>, 3  <0.01373485476567796>, 4  <0.9167128462582408>}
x[2,7]{7  <0.3030385277642189>, 3  <0.618122650102072>, 4  <0.07883882213370905>}
x[3,0]{6  <1.0>}
x[3,1]{3  <1.0>}
x[3,2]{0  <0.04213808705459334>, 5  <0.8622518002442898>, 7  <0.09561011270111687>}
x[3,3]{4  <0.97849100927823>, 7  <0.02150899072177011>}
x[3,4]{0  <0.9557043062882901>, 5  <0.04270174195159673>, 4  <0.0015939517601131787>}
x[3,5]{7  <0.856316467537625>, 5  <0.11368454313178226>, 4  <0.029998989330592595>}
x[3,6]{1  <1.0>}
x[3,7]{2  <1.0>}
x[4,0]{2  <1.0>}
x[4,1]{7  <1.0>}
x[4,2]{1  <1.0>}
x[4,3]{4  <0.0020448088482726656>, 3  <0.9979551911517273>}
x[4,4]{0  <0.042826644361142745>, 5  <0.7455232190631613>, 4  <0.2116501365756959>}
x[4,5]{4  <0.7876200997669137>, 5  <0.21237990023308623>}
x[4,6]{6  <1.0>}
x[4,7]{0  <0.9574672823511859>, 5  <0.03021514868210393>, 4  <0.010311363463366374>, 3  <0.00200620550334384>}
x[5,0]{0  <1.0>}
x[5,1]{6  <1.0>}
x[5,2]{4  <1.0>}
x[5,3]{2  <1.0>}
x[5,4]{7  <1.0>}
x[5,5]{3  <1.0>}
x[5,6]{5  <1.0>}
x[5,7]{1  <1.0>}
x[6,0]{7  <0.008657205454431102>, 1  <0.031222960208682544>, 5  <0.9601198343368864>}
x[6,1]{0  <0.9676852633196172>, 1  <0.032314736680382886>}
x[6,2]{0  <0.01755847493041889>, 5  <0.006360027339125307>, 2  <0.9746772519848241>, 7  <0.0014042457456316319>}
x[6,3]{6  <1.0>}
x[6,4]{3  <1.0>}
x[6,5]{5  <0.02867662620067268>, 1  <0.93151751770513>, 2  <0.029036898921354984>, 7  <0.0016353591549128482>, 4  <0.00913359801792958>}
x[6,6]{7  <0.9070430431692384>, 4  <0.09295695683076147>}
x[6,7]{0  <0.00788369702404445>, 4  <0.8845568208816956>, 5  <0.011944195919089526>, 7  <0.09561528617517036>}
x[7,0]{5  <0.04825804836524477>, 1  <0.02988762027365205>, 7  <0.19896990630501288>, 3  <0.7228844250560903>}
x[7,1]{2  <1.0>}
x[7,2]{6  <0.4804016757182297>, 5  <0.09467240752664709>, 7  <0.2072877318793999>, 3  <0.21763818487572337>}
x[7,3]{4  <0.016599549656895706>, 1  <0.9354822535321099>, 7  <0.04739898217638152>, 3  <5.192146346128627E-4>}
x[7,4]{5  <0.22663391449495796>, 4  <0.773366085505042>}
x[7,5]{6  <0.14568992150594476>, 1  <0.03621910218437936>, 7  <0.14215707206467496>, 5  <0.5045161586403875>, 4  <0.17141774560461337>}
x[7,6]{0  <1.0>}
x[7,7]{6  <0.3740347598321807>, 5  <0.10540460576799568>, 7  <0.4057644387709883>, 3  <0.07967789019829195>, 4  <0.035118305430543346>}
problem entropy = 0.4169295934302857
smallest variable entropy = 0.014705095329191814
##### after BP iteration 4 #####
x[0,0]{3  <0.24874252567731567>, 7  <0.7512574743226843>}
x[0,1]{4  <1.0>}
x[0,2]{6  <0.4846206236057135>, 3  <0.4245082922144501>, 7  <0.09087108417983643>}
x[0,3]{5  <1.0>}
x[0,4]{1  <1.0>}
x[0,5]{0  <1.0>}
x[0,6]{2  <1.0>}
x[0,7]{6  <0.52798368325516>, 3  <0.29806878301946566>, 7  <0.17394753372537447>}
x[1,0]{4  <1.0>}
x[1,1]{0  <0.013340857994708303>, 1  <0.9866591420052917>}
x[1,2]{0  <0.9700344121062479>, 5  <0.019166921718456513>, 6  <0.005643286524484022>, 3  <9.78808915884814E-4>, 7  <0.004176570734927081>}
x[1,3]{7  <0.9829943769378182>, 1  <0.015865267507144603>, 3  <0.0011403555550372401>}
x[1,4]{2  <1.0>}
x[1,5]{5  <0.11658157534343457>, 1  <0.002054699781927011>, 6  <0.8791756205513207>, 7  <0.002188104323317716>}
x[1,6]{7  <0.0035484433465238297>, 3  <0.9964515566534761>}
x[1,7]{0  <0.021198040292899723>, 5  <0.8725519558174561>, 6  <0.10037319761360335>, 3  <6.237651030852198E-4>, 7  <0.0052530411729554746>}
x[2,0]{7  <0.003241757150912412>, 1  <0.988103908915647>, 3  <0.008654333933440606>}
x[2,1]{5  <1.0>}
x[2,2]{7  <0.637117000453327>, 3  <0.3549079675364228>, 2  <0.007975032010250252>}
x[2,3]{0  <1.0>}
x[2,4]{6  <1.0>}
x[2,5]{7  <8.163617570708673E-4>, 1  <0.008838297043560418>, 2  <0.9896940459821354>, 4  <6.512952172333519E-4>}
x[2,6]{7  <0.050061781610456504>, 3  <0.006870255130647089>, 4  <0.9430679632588964>}
x[2,7]{7  <0.30367150495169876>, 3  <0.642592067043303>, 4  <0.053736428004998206>}
x[3,0]{6  <1.0>}
x[3,1]{3  <1.0>}
x[3,2]{0  <0.02897635996746992>, 5  <0.8940283506284319>, 7  <0.0769952894040982>}
x[3,3]{4  <0.9897159247806009>, 7  <0.010284075219399192>}
x[3,4]{0  <0.9670387427067154>, 5  <0.032219853329481574>, 4  <7.414039638030528E-4>}
x[3,5]{7  <0.8922685341342081>, 5  <0.08914565621341007>, 4  <0.018585809652381838>}
x[3,6]{1  <1.0>}
x[3,7]{2  <1.0>}
x[4,0]{2  <1.0>}
x[4,1]{7  <1.0>}
x[4,2]{1  <1.0>}
x[4,3]{4  <8.648214196420913E-4>, 3  <0.9991351785803578>}
x[4,4]{0  <0.032943198915583255>, 5  <0.7785475845311555>, 4  <0.1885092165532614>}
x[4,5]{4  <0.8055004542825079>, 5  <0.19449954571749206>}
x[4,6]{6  <1.0>}
x[4,7]{0  <0.9694838754825874>, 5  <0.02388013693999882>, 4  <0.005799555939154499>, 3  <8.364316382593479E-4>}
x[5,0]{0  <1.0>}
x[5,1]{6  <1.0>}
x[5,2]{4  <1.0>}
x[5,3]{2  <1.0>}
x[5,4]{7  <1.0>}
x[5,5]{3  <1.0>}
x[5,6]{5  <1.0>}
x[5,7]{1  <1.0>}
x[6,0]{7  <0.005817119000221166>, 1  <0.012973400354255338>, 5  <0.9812094806455236>}
x[6,1]{0  <0.9884932766990207>, 1  <0.011506723300979365>}
x[6,2]{0  <0.0050795352354920525>, 5  <0.002004242917123194>, 2  <0.9925695695959572>, 7  <3.4665225142760587E-4>}
x[6,3]{6  <1.0>}
x[6,4]{3  <1.0>}
x[6,5]{5  <0.016187876116096775>, 1  <0.9692695598159031>, 2  <0.009473083784872688>, 7  <5.669932718938127E-4>, 4  <0.004502487011233602>}
x[6,6]{7  <0.9373335017368208>, 4  <0.06266649826317913>}
x[6,7]{0  <0.003780066853940091>, 4  <0.9229527707808958>, 5  <0.00689243263030282>, 7  <0.0663747297348613>}
x[7,0]{5  <0.025200871121742532>, 1  <0.012899157354129375>, 7  <0.21382477719618453>, 3  <0.7480751943279436>}
x[7,1]{2  <1.0>}
x[7,2]{6  <0.5146430964147386>, 5  <0.08176147991494652>, 7  <0.2090057256163787>, 3  <0.19458969805393614>}
x[7,3]{4  <0.007183910483008655>, 1  <0.9708523860315709>, 7  <0.021817807464132172>, 3  <1.4589602128828476E-4>}
x[7,4]{5  <0.20278867508766324>, 4  <0.7972113249123368>}
x[7,5]{6  <0.12384688547114928>, 1  <0.019565097181035614>, 7  <0.11463563082712484>, 5  <0.5684004197943854>, 4  <0.1735519667263049>}
x[7,6]{0  <1.0>}
x[7,7]{6  <0.3629816750645279>, 5  <0.09601803984648466>, 7  <0.4443087723588936>, 3  <0.06973748707140927>, 4  <0.026954025658684523>}
problem entropy = 0.3556566949166264
smallest variable entropy = 0.00696402203665053
##### after BP iteration 5 #####
x[0,0]{3  <0.2526884477133709>, 7  <0.747311552286629>}
x[0,1]{4  <1.0>}
x[0,2]{6  <0.44861782177863596>, 3  <0.4572299972022415>, 7  <0.09415218101912261>}
x[0,3]{5  <1.0>}
x[0,4]{1  <1.0>}
x[0,5]{0  <1.0>}
x[0,6]{2  <1.0>}
x[0,7]{6  <0.5517646313013871>, 3  <0.2755982291477384>, 7  <0.17263713955087462>}
x[1,0]{4  <1.0>}
x[1,1]{0  <0.003641681453897789>, 1  <0.9963583185461022>}
x[1,2]{0  <0.9832734095924441>, 5  <0.012538753544714473>, 6  <0.002651575568674556>, 3  <2.63324743914733E-4>, 7  <0.001272936550251787>}
x[1,3]{7  <0.9948456247937849>, 1  <0.004642102770163505>, 3  <5.122724360514938E-4>}
x[1,4]{2  <1.0>}
x[1,5]{5  <0.09983645906775296>, 1  <6.061856544229765E-4>, 6  <0.8989352909070714>, 7  <6.220643707527177E-4>}
x[1,6]{7  <0.0012501489631043699>, 3  <0.9987498510368956>}
x[1,7]{0  <0.014358887560866073>, 5  <0.8931808145650476>, 6  <0.09022885017957462>, 3  <1.7418124643639023E-4>, 7  <0.0020572664480753215>}
x[2,0]{7  <9.589514764904528E-4>, 1  <0.9967459512790379>, 3  <0.0022950972444716763>}
x[2,1]{5  <1.0>}
x[2,2]{7  <0.6531782648009394>, 3  <0.3449319093598916>, 2  <0.00188982583916895>}
x[2,3]{0  <1.0>}
x[2,4]{6  <1.0>}
x[2,5]{7  <1.5437047505844262E-4>, 1  <0.0022290747625235588>, 2  <0.9974933147494252>, 4  <1.2324001299287776E-4>}
x[2,6]{7  <0.03497099809006198>, 3  <0.0028274711042374136>, 4  <0.9622015308057006>}
x[2,7]{7  <0.3024084915796029>, 3  <0.662584421639971>, 4  <0.035007086780426126>}
x[3,0]{6  <1.0>}
x[3,1]{3  <1.0>}
x[3,2]{0  <0.019045233885069884>, 5  <0.9176762713272597>, 7  <0.06327849478767045>}
x[3,3]{4  <0.996121969013278>, 7  <0.0038780309867220363>}
x[3,4]{0  <0.9770753841624134>, 5  <0.022648212208831096>, 4  <2.764036287556019E-4>}
x[3,5]{7  <0.9216416778111801>, 5  <0.06868596763491043>, 4  <0.00967235455390944>}
x[3,6]{1  <1.0>}
x[3,7]{2  <1.0>}
x[4,0]{2  <1.0>}
x[4,1]{7  <1.0>}
x[4,2]{1  <1.0>}
x[4,3]{4  <3.4846734840217114E-4>, 3  <0.9996515326515979>}
x[4,4]{0  <0.02372938431800133>, 5  <0.8020545826604478>, 4  <0.17421603302155086>}
x[4,5]{4  <0.8190145410031655>, 5  <0.18098545899683452>}
x[4,6]{6  <1.0>}
x[4,7]{0  <0.9793479877290224>, 5  <0.01723144262001388>, 4  <0.003096359265324674>, 3  <3.2421038563907624E-4>}
x[5,0]{0  <1.0>}
x[5,1]{6  <1.0>}
x[5,2]{4  <1.0>}
x[5,3]{2  <1.0>}
x[5,4]{7  <1.0>}
x[5,5]{3  <1.0>}
x[5,6]{5  <1.0>}
x[5,7]{1  <1.0>}
x[6,0]{7  <0.0036835902020949315>, 1  <0.0044511044923768095>, 5  <0.9918653053055283>}
x[6,1]{0  <0.9970077096123375>, 1  <0.0029922903876624255>}
x[6,2]{0  <0.0010749609184921424>, 5  <4.6230716761622273E-4>, 2  <0.9984001284130467>, 7  <6.260350084500304E-5>}
x[6,3]{6  <1.0>}
x[6,4]{3  <1.0>}
x[6,5]{5  <0.007238211210378207>, 1  <0.9887121577256792>, 2  <0.0021253504472843066>, 7  <1.4857809956376938E-4>, 4  <0.0017757025170945>}
x[6,6]{7  <0.9587306107528186>, 4  <0.04126938924718141>}
x[6,7]{0  <0.0015837389819625277>, 4  <0.9503337306364111>, 5  <0.0037231838189246192>, 7  <0.044359346562701726>}
x[7,0]{5  <0.011873647187630834>, 1  <0.004253493265442042>, 7  <0.2255857264523814>, 3  <0.7582871330945458>}
x[7,1]{2  <1.0>}
x[7,2]{6  <0.5521879155088448>, 5  <0.06793240916896645>, 7  <0.20342566317190955>, 3  <0.1764540121502793>}
x[7,3]{4  <0.0024090850402684193>, 1  <0.9898986268466965>, 7  <0.007663268987790926>, 3  <2.9019125244220137E-5>}
x[7,4]{5  <0.18132214252896642>, 4  <0.8186778574710336>}
x[7,5]{6  <0.10100786047264353>, 1  <0.00844427105338016>, 7  <0.08624618400919287>, 5  <0.6366023803650349>, 4  <0.1676993040997484>}
x[7,6]{0  <1.0>}
x[7,7]{6  <0.35398247937572486>, 5  <0.08502720814668581>, 7  <0.47801974583641094>, 3  <0.06412097057795785>, 4  <0.018849596063220522>}
problem entropy = 0.3118376697621861
smallest variable entropy = 0.003122891815042679
##### after BP iteration 6 #####
x[0,0]{3  <0.24944599070483076>, 7  <0.7505540092951692>}
x[0,1]{4  <1.0>}
x[0,2]{6  <0.40762819905024994>, 3  <0.4964012643888615>, 7  <0.0959705365608885>}
x[0,3]{5  <1.0>}
x[0,4]{1  <1.0>}
x[0,5]{0  <1.0>}
x[0,6]{2  <1.0>}
x[0,7]{6  <0.5856122542326367>, 3  <0.2513714776624978>, 7  <0.16301626810486544>}
x[1,0]{4  <1.0>}
x[1,1]{0  <8.442597305842048E-4>, 1  <0.9991557402694158>}
x[1,2]{0  <0.9894947225960619>, 5  <0.008724969612686373>, 6  <0.001367181182317266>, 3  <6.229924924158063E-5>, 7  <3.508273596927735E-4>}
x[1,3]{7  <0.9986286433127737>, 1  <0.0011613046522183105>, 3  <2.1005203500793344E-4>}
x[1,4]{2  <1.0>}
x[1,5]{5  <0.08304424890383602>, 1  <1.4847687851045832E-4>, 6  <0.9166603000201984>, 7  <1.4697419745508762E-4>}
x[1,6]{7  <4.22856264929831E-4>, 3  <0.9995771437350702>}
x[1,7]{0  <0.010125963124276797>, 5  <0.9112934415478634>, 6  <0.0778360721963544>, 3  <4.207313494982833E-5>, 7  <7.02449996555656E-4>}
x[2,0]{7  <2.170505439213622E-4>, 1  <0.999316373796684>, 3  <4.665756593946411E-4>}
x[2,1]{5  <1.0>}
x[2,2]{7  <0.67321753918418>, 3  <0.3264482564076983>, 2  <3.3420440812172945E-4>}
x[2,3]{0  <1.0>}
x[2,4]{6  <1.0>}
x[2,5]{7  <2.0116756540242398E-5>, 1  <4.113788608433034E-4>, 2  <0.9995523963125876>, 4  <1.6108070028799968E-5>}
x[2,6]{7  <0.023414641481006828>, 3  <0.0010131337865949448>, 4  <0.9755722247323982>}
x[2,7]{7  <0.2961008854491519>, 3  <0.6821610592332586>, 4  <0.02173805531758936>}
x[3,0]{6  <1.0>}
x[3,1]{3  <1.0>}
x[3,2]{0  <0.01232029638789786>, 5  <0.9366556810799147>, 7  <0.0510240225321873>}
x[3,3]{4  <0.9987873692953517>, 7  <0.001212630704648236>}
x[3,4]{0  <0.9850832578314912>, 5  <0.014835741837280508>, 4  <8.10003312282892E-5>}
x[3,5]{7  <0.9424809174671349>, 5  <0.053304016756020235>, 4  <0.004215065776844874>}
x[3,6]{1  <1.0>}
x[3,7]{2  <1.0>}
x[4,0]{2  <1.0>}
x[4,1]{7  <1.0>}
x[4,2]{1  <1.0>}
x[4,3]{4  <1.3122562793966815E-4>, 3  <0.9998687743720603>}
x[4,4]{0  <0.01538206819075487>, 5  <0.8200972739432875>, 4  <0.16452065786595776>}
x[4,5]{4  <0.833131598624041>, 5  <0.16686840137595904>}
x[4,6]{6  <1.0>}
x[4,7]{0  <0.9866183494959974>, 5  <0.01175261504083094>, 4  <0.001509940618923958>, 3  <1.1909484424765629E-4>}
x[5,0]{0  <1.0>}
x[5,1]{6  <1.0>}
x[5,2]{4  <1.0>}
x[5,3]{2  <1.0>}
x[5,4]{7  <1.0>}
x[5,5]{3  <1.0>}
x[5,6]{5  <1.0>}
x[5,7]{1  <1.0>}
x[6,0]{7  <0.0022154908043505637>, 1  <0.0012880543894444824>, 5  <0.996496454806205>}
x[6,1]{0  <0.9993655702629547>, 1  <6.344297370453035E-4>}
x[6,2]{0  <1.5764041676780995E-4>, 5  <7.766594578259079E-5>, 2  <0.9997565144903653>, 7  <8.179147084315922E-6>}
x[6,3]{6  <1.0>}
x[6,4]{3  <1.0>}
x[6,5]{5  <0.0025284664042258833>, 1  <0.9965608479683794>, 2  <3.3682175915183163E-4>, 7  <2.9551733113090883E-5>, 4  <5.443121351297404E-4>}
x[6,6]{7  <0.9729575201142626>, 4  <0.02704247988573732>}
x[6,7]{0  <5.685959875416045E-4>, 4  <0.9687439833429349>, 5  <0.0019823394324809673>, 7  <0.02870508123704262>}
x[7,0]{5  <0.005446494161099299>, 1  <0.0010904325499570718>, 7  <0.2335744866048537>, 3  <0.75988858668409>}
x[7,1]{2  <1.0>}
x[7,2]{6  <0.5880871409270276>, 5  <0.05332912191646927>, 7  <0.19158341978680518>, 3  <0.1670003173696979>}
x[7,3]{4  <6.567785443676071E-4>, 1  <0.9971587463813256>, 7  <0.0021801107033219765>, 3  <4.364370984820775E-6>}
x[7,4]{5  <0.1655804020185266>, 4  <0.8344195979814734>}
x[7,5]{6  <0.08054542095296277>, 1  <0.0028402232484904307>, 7  <0.06274192275201972>, 5  <0.6968634614554889>, 4  <0.1570089715910381>}
x[7,6]{0  <1.0>}
x[7,7]{6  <0.3418152990252698>, 5  <0.07165859536572391>, 7  <0.510345916374823>, 3  <0.06389097538930401>, 4  <0.012289213844879295>}
problem entropy = 0.281267754397717
smallest variable entropy = 0.0013041894135559858
##### after BP iteration 7 #####
x[0,0]{3  <0.24071669206349028>, 7  <0.7592833079365098>}
x[0,1]{4  <1.0>}
x[0,2]{6  <0.3681528660626996>, 3  <0.536103005649056>, 7  <0.09574412828824444>}
x[0,3]{5  <1.0>}
x[0,4]{1  <1.0>}
x[0,5]{0  <1.0>}
x[0,6]{2  <1.0>}
x[0,7]{6  <0.6264019745422778>, 3  <0.22553552972010238>, 7  <0.14806249573761976>}
x[1,0]{4  <1.0>}
x[1,1]{0  <1.752329999253426E-4>, 1  <0.9998247670000747>}
x[1,2]{0  <0.9926987624354832>, 5  <0.006428048643288383>, 6  <7.730649188508997E-4>, 3  <1.2597673573446839E-5>, 7  <8.752632880410492E-5>}
x[1,3]{7  <0.9996640386715117>, 1  <2.58523048386459E-4>, 3  <7.74382801018444E-5>}
x[1,4]{2  <1.0>}
x[1,5]{5  <0.06674518855217634>, 1  <3.082219487101555E-5>, 6  <0.9331935816677815>, 7  <3.040758517103777E-5>}
x[1,6]{7  <1.4162734034018606E-4>, 3  <0.9998583726596598>}
x[1,7]{0  <0.007344454134374717>, 5  <0.9298556313486233>, 6  <0.06258352932235575>, 3  <8.616483675922454E-6>, 7  <2.0776871097030915E-4>}
x[2,0]{7  <3.588469292114021E-5>, 1  <0.999893536945147>, 3  <7.057836193175907E-5>}
x[2,1]{5  <1.0>}
x[2,2]{7  <0.6998216515133246>, 3  <0.30013521490258144>, 2  <4.313358409391907E-5>}
x[2,3]{0  <1.0>}
x[2,4]{6  <1.0>}
x[2,5]{7  <1.8625748491610264E-6>, 1  <5.5583609254268244E-5>, 2  <0.9999410875696031>, 4  <1.4662462935119212E-6>}
x[2,6]{7  <0.014910137022648455>, 3  <3.359819520867215E-4>, 4  <0.9847538810252648>}
x[2,7]{7  <0.2821285509974819>, 3  <0.7048737296314023>, 4  <0.012997719371115877>}
x[3,0]{6  <1.0>}
x[3,1]{3  <1.0>}
x[3,2]{0  <0.00801998328176774>, 5  <0.9528173248415995>, 7  <0.03916269187663273>}
x[3,3]{4  <0.9996641967797886>, 7  <3.3580322021134875E-4>}
x[3,4]{0  <0.9908862303893428>, 5  <0.009094551020378367>, 4  <1.9218590278840528E-5>}
x[3,5]{7  <0.9570376185097286>, 5  <0.041354983479758946>, 4  <0.001607398010512584>}
x[3,6]{1  <1.0>}
x[3,7]{2  <1.0>}
x[4,0]{2  <1.0>}
x[4,1]{7  <1.0>}
x[4,2]{1  <1.0>}
x[4,3]{4  <4.450827515434769E-5>, 3  <0.9999554917248457>}
x[4,4]{0  <0.009236416574914101>, 5  <0.8366016612194551>, 4  <0.15416192220563088>}
x[4,5]{4  <0.847538078696584>, 5  <0.152461921303416>}
x[4,6]{6  <1.0>}
x[4,7]{0  <0.9914763581352487>, 5  <0.007839173394033346>, 4  <6.429776215571421E-4>, 3  <4.149084916097491E-5>}
x[5,0]{0  <1.0>}
x[5,1]{6  <1.0>}
x[5,2]{4  <1.0>}
x[5,3]{2  <1.0>}
x[5,4]{7  <1.0>}
x[5,5]{3  <1.0>}
x[5,6]{5  <1.0>}
x[5,7]{1  <1.0>}
x[6,0]{7  <0.0012565963338243332>, 1  <3.0593584841095473E-4>, 5  <0.9984374678177647>}
x[6,1]{0  <0.9998761407935922>, 1  <1.2385920640775442E-4>}
x[6,2]{0  <1.6608058099087506E-5>, 5  <9.522697199864596E-6>, 2  <0.9999730708118914>, 7  <7.984328097216759E-7>}
x[6,3]{6  <1.0>}
x[6,4]{3  <1.0>}
x[6,5]{5  <7.006066126458901E-4>, 1  <0.9991204875496487>, 2  <3.971244626611309E-5>, 7  <4.799701962888774E-6>, 4  <1.3439368947642727E-4>}
x[6,6]{7  <0.9826065814169325>, 4  <0.01739341858306752>}
x[6,7]{0  <1.7237332160990182E-4>, 4  <0.9806353663794403>, 5  <0.0010437547377891915>, 7  <0.018148505561160537>}
x[7,0]{5  <0.0025597521491371907>, 1  <2.2503558125884442E-4>, 7  <0.23488182678950334>, 3  <0.7623333854801005>}
x[7,1]{2  <1.0>}
x[7,2]{6  <0.6237403530945294>, 5  <0.03991432988659276>, 7  <0.17480743295812357>, 3  <0.16153788406075434>}
x[7,3]{4  <1.529239136293803E-4>, 1  <0.999322024014202>, 7  <5.24533941962903E-4>, 3  <5.181302056612325E-7>}
x[7,4]{5  <0.15424762168841633>, 4  <0.8457523783115836>}
x[7,5]{6  <0.06367078778184766>, 1  <7.752882236652615E-4>, 7  <0.04584319664582702>, 5  <0.7429673632708389>, 4  <0.14674336407782115>}
x[7,6]{0  <1.0>}
x[7,7]{6  <0.32112863150774856>, 5  <0.05712403080181195>, 7  <0.5465623613648792>, 3  <0.06728924758984477>, 4  <0.007895728735715486>}
problem entropy = 0.257668358716534
smallest variable entropy = 3.3102116129276726E-4
### branching on x[6,2]=2 marginal=0.9999730708118914
##### after BP iteration 1 #####
x[0,0]{3  <0.22800845986457943>, 7  <0.7719915401354207>}
x[0,1]{4  <1.0>}
x[0,2]{6  <0.33008172931548885>, 3  <0.5757098789548509>, 7  <0.09420839172966028>}
x[0,3]{5  <1.0>}
x[0,4]{1  <1.0>}
x[0,5]{0  <1.0>}
x[0,6]{2  <1.0>}
x[0,7]{6  <0.6698063887594518>, 3  <0.19834715999131805>, 7  <0.13184645124923025>}
x[1,0]{4  <1.0>}
x[1,1]{0  <3.372493485227482E-5>, 1  <0.9999662750651478>}
x[1,2]{0  <0.9947099325673274>, 5  <0.0048173396830083785>, 6  <4.5159419680028916E-4>, 3  <2.1166438712635033E-6>, 7  <1.901690899266442E-5>}
x[1,3]{7  <0.9999222738054298>, 1  <5.222942484754698E-5>, 3  <2.5496769722620865E-5>}
x[1,4]{2  <1.0>}
x[1,5]{5  <0.05119590613609837>, 1  <5.477760810463774E-6>, 6  <0.9487930058761641>, 7  <5.6102269269511635E-6>}
x[1,6]{7  <4.622016248870302E-5>, 3  <0.9999537798375112>}
x[1,7]{0  <0.00531932465102189>, 5  <0.9478213718867914>, 6  <0.04680434464655171>, 3  <1.4822147917036048E-6>, 7  <5.347660084336253E-5>}
x[2,0]{1  <1.0>}
x[2,1]{5  <1.0>}
x[2,2]{7  <0.7309059144727248>, 3  <0.26909408552727504>}
x[2,3]{0  <1.0>}
x[2,4]{6  <1.0>}
x[2,5]{2  <1.0>}
x[2,6]{7  <0.008986766072638416>, 3  <1.0691195451923749E-4>, 4  <0.9909063219728425>}
x[2,7]{7  <0.260111143862173>, 3  <0.7323408747457728>, 4  <0.007547981392054257>}
x[3,0]{6  <1.0>}
x[3,1]{3  <1.0>}
x[3,2]{0  <0.005294212373490738>, 5  <0.9660625044360133>, 7  <0.028643283190495975>}
x[3,3]{4  <0.9999133446804036>, 7  <8.665531959634773E-5>}
x[3,4]{0  <0.9945905196667113>, 5  <0.0054055005532645875>, 4  <3.979780024068843E-6>}
x[3,5]{7  <0.9679892953943442>, 5  <0.031451077532453596>, 4  <5.596270732021497E-4>}
x[3,6]{1  <1.0>}
x[3,7]{2  <1.0>}
x[4,0]{2  <1.0>}
x[4,1]{7  <1.0>}
x[4,2]{1  <1.0>}
x[4,3]{4  <1.368971734876169E-5>, 3  <0.9999863102826512>}
x[4,4]{0  <0.0054237285077103>, 5  <0.8522418007044837>, 4  <0.14233447078780592>}
x[4,5]{4  <0.8597266270426187>, 5  <0.14027337295738132>}
x[4,6]{6  <1.0>}
x[4,7]{0  <0.9945507062002676>, 5  <0.005194785638925323>, 4  <2.4065702901256345E-4>, 3  <1.3851131794427893E-5>}
x[5,0]{0  <1.0>}
x[5,1]{6  <1.0>}
x[5,2]{4  <1.0>}
x[5,3]{2  <1.0>}
x[5,4]{7  <1.0>}
x[5,5]{3  <1.0>}
x[5,6]{5  <1.0>}
x[5,7]{1  <1.0>}
x[6,0]{7  <6.622272024535994E-4>, 5  <0.9993377727975464>}
x[6,1]{0  <0.9999800408075005>, 1  <1.9959192499604252E-5>}
x[6,2]{2  <1.0>}
x[6,3]{6  <1.0>}
x[6,4]{3  <1.0>}
x[6,5]{5  <4.2039411903193503E-7>, 1  <0.9999774404633351>, 4  <2.1621908627552994E-5>, 7  <5.172339183496508E-7>}
x[6,6]{7  <0.9892588397252072>, 4  <0.0107411602747927>}
x[6,7]{0  <4.3537937987103455E-5>, 4  <0.9881721228366533>, 5  <5.151977338294793E-4>, 7  <0.01126914149153012>}
x[7,0]{5  <0.0011367206881762613>, 3  <0.7712235555820961>, 7  <0.22763972372972768>}
x[7,1]{2  <1.0>}
x[7,2]{6  <0.663473268560692>, 5  <0.029075964795477444>, 7  <0.1542268977832902>, 3  <0.15322386886054024>}
x[7,3]{4  <2.922282518496651E-5>, 1  <0.9999062511063568>, 7  <6.451052532460652E-5>, 3  <1.5543133492386276E-8>}
x[7,4]{5  <0.14424528294597602>, 4  <0.8557547170540241>}
x[7,5]{6  <0.04934681333743632>, 1  <1.7802853157766264E-4>, 7  <0.033849508908015025>, 5  <0.7777757545876711>, 4  <0.13884989463529995>}
x[7,6]{0  <1.0>}
x[7,7]{6  <0.29105983387775286>, 5  <0.04331862697087875>, 7  <0.5892147003847357>, 3  <0.0712306423793066>, 4  <0.005176196387325998>}
problem entropy = 0.2732450461412627
smallest variable entropy = 1.6699892786166775E-4
### branching on x[4,3]=3 marginal=0.9999863102826512
### branching on x[6,1]=0 marginal=0.9999800408075005
##### after BP iteration 1 #####
x[0,0]{3  <0.21176135475659372>, 7  <0.7882386452434063>}
x[0,1]{4  <1.0>}
x[0,2]{6  <0.28911592558519933>, 3  <0.6187809129248958>, 7  <0.09210316148990479>}
x[0,3]{5  <1.0>}
x[0,4]{1  <1.0>}
x[0,5]{0  <1.0>}
x[0,6]{2  <1.0>}
x[0,7]{6  <0.7143014452343542>, 3  <0.16982381815911107>, 7  <0.11587473660653456>}
x[1,0]{4  <1.0>}
x[1,1]{1  <1.0>}
x[1,2]{0  <0.9962876637223329>, 5  <0.003457455169338461>, 6  <2.548811083286199E-4>}
x[1,3]{7  <1.0>}
x[1,4]{2  <1.0>}
x[1,5]{5  <0.03677717242186612>, 6  <0.9632228275781339>}
x[1,6]{3  <1.0>}
x[1,7]{0  <0.0037307979802502053>, 5  <0.96305093590263>, 6  <0.03321826611711977>}
x[2,0]{1  <1.0>}
x[2,1]{5  <1.0>}
x[2,2]{7  <0.7633698076266612>, 3  <0.2366301923733388>}
x[2,3]{0  <1.0>}
x[2,4]{6  <1.0>}
x[2,5]{2  <1.0>}
x[2,6]{7  <0.005147020247856811>, 4  <0.9948529797521432>}
x[2,7]{7  <0.23260683686889033>, 3  <0.7632428594315721>, 4  <0.004150303699537566>}
x[3,0]{6  <1.0>}
x[3,1]{3  <1.0>}
x[3,2]{0  <0.003487040929458668>, 5  <0.9761936723546716>, 7  <0.0203192867158697>}
x[3,3]{4  <1.0>}
x[3,4]{0  <0.996722064152112>, 5  <0.0032779358478879934>}
x[3,5]{7  <0.9768870186463045>, 5  <0.023112981353695484>}
x[3,6]{1  <1.0>}
x[3,7]{2  <1.0>}
x[4,0]{2  <1.0>}
x[4,1]{7  <1.0>}
x[4,2]{1  <1.0>}
x[4,3]{3  <1.0>}
x[4,4]{0  <0.0032466519922384573>, 5  <0.8653970632314006>, 4  <0.13135628477636085>}
x[4,5]{4  <0.8695780207388536>, 5  <0.13042197926114638>}
x[4,6]{6  <1.0>}
x[4,7]{0  <0.9965404893783243>, 5  <0.0034265815536014795>, 4  <3.292906807423145E-5>}
x[5,0]{0  <1.0>}
x[5,1]{6  <1.0>}
x[5,2]{4  <1.0>}
x[5,3]{2  <1.0>}
x[5,4]{7  <1.0>}
x[5,5]{3  <1.0>}
x[5,6]{5  <1.0>}
x[5,7]{1  <1.0>}
x[6,0]{7  <3.2185857489225447E-4>, 5  <0.9996781414251078>}
x[6,1]{0  <1.0>}
x[6,2]{2  <1.0>}
x[6,3]{6  <1.0>}
x[6,4]{3  <1.0>}
x[6,5]{1  <1.0>}
x[6,6]{7  <0.9937740369321039>, 4  <0.006225963067896101>}
x[6,7]{7  <0.006844048651645098>, 4  <0.9929110029317183>, 5  <2.4494841663654735E-4>}
x[7,0]{5  <6.084519967839124E-4>, 3  <0.7870007606113032>, 7  <0.21239078739191294>}
x[7,1]{2  <1.0>}
x[7,2]{6  <0.7088716843639418>, 5  <0.020745155818439977>, 7  <0.1312559915379822>, 3  <0.139127168279636>}
x[7,3]{1  <1.0>}
x[7,4]{5  <0.13416010369476872>, 4  <0.8658398963052314>}
x[7,5]{6  <0.03650687695099261>, 4  <0.13203524086604512>, 7  <0.023968964593420135>, 5  <0.8074889175895421>}
x[7,6]{0  <1.0>}
x[7,7]{6  <0.2549269711844583>, 5  <0.03129048090891895>, 7  <0.6371639383071207>, 3  <0.07320068353113822>, 4  <0.0034179260683639546>}
problem entropy = 0.352344946229225
smallest variable entropy = 0.0029099997754132786
##### after BP iteration 2 #####
x[0,0]{3  <0.19149485292033824>, 7  <0.8085051470796618>}
x[0,1]{4  <1.0>}
x[0,2]{6  <0.24285561424552227>, 3  <0.6678925293455129>, 7  <0.08925185640896494>}
x[0,3]{5  <1.0>}
x[0,4]{1  <1.0>}
x[0,5]{0  <1.0>}
x[0,6]{2  <1.0>}
x[0,7]{6  <0.7607192491407267>, 3  <0.14002163555286254>, 7  <0.0992591153064107>}
x[1,0]{4  <1.0>}
x[1,1]{1  <1.0>}
x[1,2]{0  <0.99746927138937>, 5  <0.0023904544161476513>, 6  <1.4027419448228728E-4>}
x[1,3]{7  <1.0>}
x[1,4]{2  <1.0>}
x[1,5]{5  <0.025529458561186717>, 6  <0.9744705414388132>}
x[1,6]{3  <1.0>}
x[1,7]{0  <0.0025207783633705233>, 5  <0.9746677727308368>, 6  <0.022811448905792623>}
x[2,0]{1  <1.0>}
x[2,1]{5  <1.0>}
x[2,2]{7  <0.795655611543867>, 3  <0.20434438845613298>}
x[2,3]{0  <1.0>}
x[2,4]{6  <1.0>}
x[2,5]{2  <1.0>}
x[2,6]{7  <0.0028160967817167496>, 4  <0.9971839032182833>}
x[2,7]{7  <0.20248366345279326>, 3  <0.7952475153459508>, 4  <0.0022688212012560573>}
x[3,0]{6  <1.0>}
x[3,1]{3  <1.0>}
x[3,2]{0  <0.002301703184523791>, 5  <0.9835547552319561>, 7  <0.01414354158351995>}
x[3,3]{4  <1.0>}
x[3,4]{0  <0.9979227259086726>, 5  <0.002077274091327305>}
x[3,5]{7  <0.9836233609383123>, 5  <0.016376639061687823>}
x[3,6]{1  <1.0>}
x[3,7]{2  <1.0>}
x[4,0]{2  <1.0>}
x[4,1]{7  <1.0>}
x[4,2]{1  <1.0>}
x[4,3]{3  <1.0>}
x[4,4]{0  <0.002045016042668548>, 5  <0.8756307758580992>, 4  <0.12232420809923225>}
x[4,5]{4  <0.876336574866311>, 5  <0.12366342513368898>}
x[4,6]{6  <1.0>}
x[4,7]{0  <0.997731474532061>, 5  <0.0022543958171489316>, 4  <1.4129650790176062E-5>}
x[5,0]{0  <1.0>}
x[5,1]{6  <1.0>}
x[5,2]{4  <1.0>}
x[5,3]{2  <1.0>}
x[5,4]{7  <1.0>}
x[5,5]{3  <1.0>}
x[5,6]{5  <1.0>}
x[5,7]{1  <1.0>}
x[6,0]{7  <1.4343096655451075E-4>, 5  <0.9998565690334454>}
x[6,1]{0  <1.0>}
x[6,2]{2  <1.0>}
x[6,3]{6  <1.0>}
x[6,4]{3  <1.0>}
x[6,5]{1  <1.0>}
x[6,6]{7  <0.9964457393239741>, 4  <0.003554260676025975>}
x[6,7]{7  <0.003958245124743914>, 4  <0.995936721951492>, 5  <1.0503292376406232E-4>}
x[7,0]{5  <2.9889708791772313E-4>, 3  <0.8084204016233905>, 7  <0.1912807012886919>}
x[7,1]{2  <1.0>}
x[7,2]{6  <0.7582273208309935>, 5  <0.014320666683718414>, 7  <0.10753433459855274>, 3  <0.11991767788673519>}
x[7,3]{1  <1.0>}
x[7,4]{5  <0.12474595858555072>, 4  <0.8752540414144493>}
x[7,5]{6  <0.025074870133644837>, 4  <0.12453295755609424>, 7  <0.017089136395426106>, 5  <0.8333030359148349>}
x[7,6]{0  <1.0>}
x[7,7]{6  <0.2158184772764586>, 5  <0.0215918468579961>, 7  <0.6883179216734687>, 3  <0.0720790135261961>, 4  <0.0021927406658805593>}
problem entropy = 0.31872351457368575
smallest variable entropy = 0.0014127354951201866
##### after BP iteration 3 #####
x[0,0]{3  <0.16728358926781448>, 7  <0.8327164107321855>}
x[0,1]{4  <1.0>}
x[0,2]{6  <0.19317403243964454>, 3  <0.7219877447328785>, 7  <0.08483822282747712>}
x[0,3]{5  <1.0>}
x[0,4]{1  <1.0>}
x[0,5]{0  <1.0>}
x[0,6]{2  <1.0>}
x[0,7]{6  <0.8089207333644571>, 3  <0.11000623433583782>, 7  <0.0810730322997051>}
x[1,0]{4  <1.0>}
x[1,1]{1  <1.0>}
x[1,2]{0  <0.9983665947863462>, 5  <0.0015623221102367185>, 6  <7.10831034171174E-5>}
x[1,3]{7  <1.0>}
x[1,4]{2  <1.0>}
x[1,5]{5  <0.016724355169974444>, 6  <0.9832756448300255>}
x[1,6]{3  <1.0>}
x[1,7]{0  <0.0016233346116219804>, 5  <0.9835132125083116>, 6  <0.014863452880066375>}
x[2,0]{1  <1.0>}
x[2,1]{5  <1.0>}
x[2,2]{7  <0.8271393104137671>, 3  <0.17286068958623285>}
x[2,3]{0  <1.0>}
x[2,4]{6  <1.0>}
x[2,5]{2  <1.0>}
x[2,6]{7  <0.0014853222696677838>, 4  <0.9985146777303322>}
x[2,7]{7  <0.17135448359854066>, 3  <0.8274842757752893>, 4  <0.001161240626170072>}
x[3,0]{6  <1.0>}
x[3,1]{3  <1.0>}
x[3,2]{0  <0.0015143578721270752>, 5  <0.9890541693997367>, 7  <0.009431472728136308>}
x[3,3]{4  <1.0>}
x[3,4]{0  <0.9986209086014244>, 5  <0.0013790913985756597>}
x[3,5]{7  <0.9888928788779505>, 5  <0.011107121122049502>}
x[3,6]{1  <1.0>}
x[3,7]{2  <1.0>}
x[4,0]{2  <1.0>}
x[4,1]{7  <1.0>}
x[4,2]{1  <1.0>}
x[4,3]{3  <1.0>}
x[4,4]{0  <0.0013686965774892118>, 5  <0.8826679437693157>, 4  <0.11596335965319511>}
x[4,5]{4  <0.8830286421094127>, 5  <0.1169713578905874>}
x[4,6]{6  <1.0>}
x[4,7]{0  <0.9985083401102337>, 5  <0.0014857011476654143>, 4  <5.958742100916597E-6>}
x[5,0]{0  <1.0>}
x[5,1]{6  <1.0>}
x[5,2]{4  <1.0>}
x[5,3]{2  <1.0>}
x[5,4]{7  <1.0>}
x[5,5]{3  <1.0>}
x[5,6]{5  <1.0>}
x[5,7]{1  <1.0>}
x[6,0]{7  <5.8634011228664965E-5>, 5  <0.9999413659887714>}
x[6,1]{0  <1.0>}
x[6,2]{2  <1.0>}
x[6,3]{6  <1.0>}
x[6,4]{3  <1.0>}
x[6,5]{1  <1.0>}
x[6,6]{7  <0.9980667012674447>, 4  <0.0019332987325552439>}
x[6,7]{7  <0.002227477648943329>, 4  <0.9977306843498152>, 5  <4.183800124164686E-5>}
x[7,0]{5  <1.326101838763234E-4>, 3  <0.8337783254580728>, 7  <0.16608906435805096>}
x[7,1]{2  <1.0>}
x[7,2]{6  <0.8083036364458019>, 5  <0.009413205492633015>, 7  <0.08441474509883211>, 3  <0.09786841296273291>}
x[7,3]{1  <1.0>}
x[7,4]{5  <0.11633683420113332>, 4  <0.8836631657988666>}
x[7,5]{6  <0.01627047555325142>, 4  <0.11664027363140922>, 7  <0.011601065060584977>, 5  <0.8554881857547545>}
x[7,6]{0  <1.0>}
x[7,7]{6  <0.17544183252184514>, 5  <0.01414802245966739>, 7  <0.7407518186534379>, 3  <0.0683147013002438>, 4  <0.0013436250648058434>}
problem entropy = 0.2843418160877
smallest variable entropy = 6.299735684016986E-4
### branching on x[6,0]=5 marginal=0.9999413659887714
### branching on x[3,4]=0 marginal=0.9986209086014244
##### after BP iteration 1 #####
x[0,0]{3  <0.1397385253281679>, 7  <0.8602614746718321>}
x[0,1]{4  <1.0>}
x[0,2]{6  <0.14459606941040426>, 3  <0.7771729121734758>, 7  <0.07823101841611985>}
x[0,3]{5  <1.0>}
x[0,4]{1  <1.0>}
x[0,5]{0  <1.0>}
x[0,6]{2  <1.0>}
x[0,7]{6  <0.8563953907357369>, 3  <0.08157674575117023>, 7  <0.06202786351309289>}
x[1,0]{4  <1.0>}
x[1,1]{1  <1.0>}
x[1,2]{0  <1.0>}
x[1,3]{7  <1.0>}
x[1,4]{2  <1.0>}
x[1,5]{5  <0.010245756614556416>, 6  <0.9897542433854436>}
x[1,6]{3  <1.0>}
x[1,7]{6  <0.009022858506412993>, 5  <0.9909771414935871>}
x[2,0]{1  <1.0>}
x[2,1]{5  <1.0>}
x[2,2]{7  <0.85790742383249>, 3  <0.14209257616751003>}
x[2,3]{0  <1.0>}
x[2,4]{6  <1.0>}
x[2,5]{2  <1.0>}
x[2,6]{7  <7.431352325999612E-4>, 4  <0.9992568647674>}
x[2,7]{7  <0.1401887705066364>, 3  <0.8592674688061619>, 4  <5.437606872016611E-4>}
x[3,0]{6  <1.0>}
x[3,1]{3  <1.0>}
x[3,2]{7  <0.005881283636166769>, 5  <0.9941187163638332>}
x[3,3]{4  <1.0>}
x[3,4]{0  <1.0>}
x[3,5]{7  <0.9928701216954262>, 5  <0.007129878304573816>}
x[3,6]{1  <1.0>}
x[3,7]{2  <1.0>}
x[4,0]{2  <1.0>}
x[4,1]{7  <1.0>}
x[4,2]{1  <1.0>}
x[4,3]{3  <1.0>}
x[4,4]{4  <0.11020556353383086>, 5  <0.8897944364661691>}
x[4,5]{4  <0.8897120571059499>, 5  <0.11028794289405007>}
x[4,6]{6  <1.0>}
x[4,7]{0  <1.0>}
x[5,0]{0  <1.0>}
x[5,1]{6  <1.0>}
x[5,2]{4  <1.0>}
x[5,3]{2  <1.0>}
x[5,4]{7  <1.0>}
x[5,5]{3  <1.0>}
x[5,6]{5  <1.0>}
x[5,7]{1  <1.0>}
x[6,0]{5  <1.0>}
x[6,1]{0  <1.0>}
x[6,2]{2  <1.0>}
x[6,3]{6  <1.0>}
x[6,4]{3  <1.0>}
x[6,5]{1  <1.0>}
x[6,6]{7  <0.999007242065917>, 4  <9.927579340831705E-4>}
x[6,7]{7  <0.0011936219388660077>, 4  <0.9988063780611339>}
x[7,0]{7  <0.13847521786124023>, 3  <0.8615247821387597>}
x[7,1]{2  <1.0>}
x[7,2]{6  <0.856063612332091>, 5  <0.005742445097146392>, 7  <0.06301028855242759>, 3  <0.07518365401833481>}
x[7,3]{1  <1.0>}
x[7,4]{5  <0.10977923857425137>, 4  <0.8902207614257487>}
x[7,5]{6  <0.009791216363601049>, 4  <0.10920006062740038>, 7  <0.007437160564134816>, 5  <0.8735715624448638>}
x[7,6]{0  <1.0>}
x[7,7]{6  <0.13475314331326>, 5  <0.008596864094632591>, 7  <0.7932215868496257>, 3  <0.06264946582746929>, 4  <7.789399150123683E-4>}
problem entropy = 0.32258877016900583
smallest variable entropy = 0.006096875303423195
##### after BP iteration 2 #####
x[0,0]{3  <0.11204380229201753>, 7  <0.8879561977079824>}
x[0,1]{4  <1.0>}
x[0,2]{6  <0.10114168817745531>, 3  <0.8297447462725023>, 7  <0.06911356555004233>}
x[0,3]{5  <1.0>}
x[0,4]{1  <1.0>}
x[0,5]{0  <1.0>}
x[0,6]{2  <1.0>}
x[0,7]{6  <0.8995099085224592>, 3  <0.0566742354656117>, 7  <0.04381585601192908>}
x[1,0]{4  <1.0>}
x[1,1]{1  <1.0>}
x[1,2]{0  <1.0>}
x[1,3]{7  <1.0>}
x[1,4]{2  <1.0>}
x[1,5]{5  <0.005834958484652646>, 6  <0.9941650415153475>}
x[1,6]{3  <1.0>}
x[1,7]{6  <0.0050173365805726315>, 5  <0.9949826634194273>}
x[2,0]{1  <1.0>}
x[2,1]{5  <1.0>}
x[2,2]{7  <0.8874769078236585>, 3  <0.11252309217634156>}
x[2,3]{0  <1.0>}
x[2,4]{6  <1.0>}
x[2,5]{2  <1.0>}
x[2,6]{7  <3.412251426590313E-4>, 4  <0.999658774857341>}
x[2,7]{7  <0.11013487817061746>, 3  <0.8896210000537099>, 4  <2.4412177567254112E-4>}
x[3,0]{6  <1.0>}
x[3,1]{3  <1.0>}
x[3,2]{7  <0.0033612488968499305>, 5  <0.9966387511031501>}
x[3,3]{4  <1.0>}
x[3,4]{0  <1.0>}
x[3,5]{7  <0.9957068796040508>, 5  <0.004293120395949142>}
x[3,6]{1  <1.0>}
x[3,7]{2  <1.0>}
x[4,0]{2  <1.0>}
x[4,1]{7  <1.0>}
x[4,2]{1  <1.0>}
x[4,3]{3  <1.0>}
x[4,4]{4  <0.10406207798697976>, 5  <0.8959379220130202>}
x[4,5]{4  <0.8964074305958148>, 5  <0.10359256940418521>}
x[4,6]{6  <1.0>}
x[4,7]{0  <1.0>}
x[5,0]{0  <1.0>}
x[5,1]{6  <1.0>}
x[5,2]{4  <1.0>}
x[5,3]{2  <1.0>}
x[5,4]{7  <1.0>}
x[5,5]{3  <1.0>}
x[5,6]{5  <1.0>}
x[5,7]{1  <1.0>}
x[6,0]{5  <1.0>}
x[6,1]{0  <1.0>}
x[6,2]{2  <1.0>}
x[6,3]{6  <1.0>}
x[6,4]{3  <1.0>}
x[6,5]{1  <1.0>}
x[6,6]{7  <0.9995028169964835>, 4  <4.971830035166447E-4>}
x[6,7]{7  <6.078563546390502E-4>, 4  <0.999392143645361>}
x[7,0]{7  <0.1100614358582998>, 3  <0.8899385641417003>}
x[7,1]{2  <1.0>}
x[7,2]{6  <0.8988301284169614>, 5  <0.003243090262374208>, 7  <0.04404250246577698>, 3  <0.05388427885488737>}
x[7,3]{1  <1.0>}
x[7,4]{5  <0.10384277600024344>, 4  <0.8961572239997566>}
x[7,5]{6  <0.0054684538491665035>, 4  <0.10317885168127307>, 7  <0.004476038637949659>, 5  <0.8868766558316108>}
x[7,6]{0  <1.0>}
x[7,7]{6  <0.09611837516636416>, 5  <0.004767568693295555>, 7  <0.843110591351829>, 3  <0.055567107935133836>, 4  <4.36356853377349E-4>}
problem entropy = 0.27724852381893217
smallest variable entropy = 0.003065156332537035
##### after BP iteration 3 #####
x[0,0]{3  <0.0853539019683999>, 7  <0.9146460980316001>}
x[0,1]{4  <1.0>}
x[0,2]{6  <0.06554157968429428>, 3  <0.8761672921095414>, 7  <0.058291128206164465>}
x[0,3]{5  <1.0>}
x[0,4]{1  <1.0>}
x[0,5]{0  <1.0>}
x[0,6]{2  <1.0>}
x[0,7]{6  <0.9351004931790248>, 3  <0.036474665220440516>, 7  <0.028424841600534573>}
x[1,0]{4  <1.0>}
x[1,1]{1  <1.0>}
x[1,2]{0  <1.0>}
x[1,3]{7  <1.0>}
x[1,4]{2  <1.0>}
x[1,5]{5  <0.0030357107752610585>, 6  <0.996964289224739>}
x[1,6]{3  <1.0>}
x[1,7]{6  <0.0024972647217345652>, 5  <0.9975027352782654>}
x[2,0]{1  <1.0>}
x[2,1]{5  <1.0>}
x[2,2]{7  <0.9148847405721009>, 3  <0.08511525942789912>}
x[2,3]{0  <1.0>}
x[2,4]{6  <1.0>}
x[2,5]{2  <1.0>}
x[2,6]{7  <1.4917108191241278E-4>, 4  <0.9998508289180876>}
x[2,7]{7  <0.08280504817424855>, 3  <0.917094506849247>, 4  <1.0044497650452423E-4>}
x[3,0]{6  <1.0>}
x[3,1]{3  <1.0>}
x[3,2]{7  <0.0017282820665073652>, 5  <0.9982717179334926>}
x[3,3]{4  <1.0>}
x[3,4]{0  <1.0>}
x[3,5]{7  <0.9976325475610704>, 5  <0.0023674524389294734>}
x[3,6]{1  <1.0>}
x[3,7]{2  <1.0>}
x[4,0]{2  <1.0>}
x[4,1]{7  <1.0>}
x[4,2]{1  <1.0>}
x[4,3]{3  <1.0>}
x[4,4]{4  <0.09783320972878995>, 5  <0.90216679027121>}
x[4,5]{4  <0.9023650016926712>, 5  <0.09763499830732887>}
x[4,6]{6  <1.0>}
x[4,7]{0  <1.0>}
x[5,0]{0  <1.0>}
x[5,1]{6  <1.0>}
x[5,2]{4  <1.0>}
x[5,3]{2  <1.0>}
x[5,4]{7  <1.0>}
x[5,5]{3  <1.0>}
x[5,6]{5  <1.0>}
x[5,7]{1  <1.0>}
x[6,0]{5  <1.0>}
x[6,1]{0  <1.0>}
x[6,2]{2  <1.0>}
x[6,3]{6  <1.0>}
x[6,4]{3  <1.0>}
x[6,5]{1  <1.0>}
x[6,6]{7  <0.9997680983679125>, 4  <2.3190163208763848E-4>}
x[6,7]{7  <2.9306002955671736E-4>, 4  <0.9997069399704432>}
x[7,0]{7  <0.08310890146274914>, 3  <0.9168910985372508>}
x[7,1]{2  <1.0>}
x[7,2]{6  <0.9346109861271201>, 5  <0.001649647904415759>, 7  <0.028326628636558937>, 3  <0.03541273733190525>}
x[7,3]{1  <1.0>}
x[7,4]{5  <0.09816324043446399>, 4  <0.9018367595655361>}
x[7,5]{6  <0.002795081873950692>, 4  <0.09779720833997127>, 7  <0.002481183629845788>, 5  <0.8969265261562321>}
x[7,6]{0  <1.0>}
x[7,7]{6  <0.06276920795584841>, 5  <0.0023744580210091192>, 7  <0.8872779627865248>, 3  <0.0473481477576416>, 4  <2.3022347897601927E-4>}
problem entropy = 0.2330457056903217
smallest variable entropy = 0.0014634193480746159
##### after BP iteration 4 #####
x[0,0]{3  <0.06172951579754137>, 7  <0.9382704842024585>}
x[0,1]{4  <1.0>}
x[0,2]{6  <0.03867833201343054>, 3  <0.9148369335547424>, 7  <0.04648473443182722>}
x[0,3]{5  <1.0>}
x[0,4]{1  <1.0>}
x[0,5]{0  <1.0>}
x[0,6]{2  <1.0>}
x[0,7]{6  <0.9618066305892458>, 3  <0.021498717640270094>, 7  <0.016694651770484244>}
x[1,0]{4  <1.0>}
x[1,1]{1  <1.0>}
x[1,2]{0  <1.0>}
x[1,3]{7  <1.0>}
x[1,4]{2  <1.0>}
x[1,5]{5  <0.0014135378202559529>, 6  <0.9985864621797441>}
x[1,6]{3  <1.0>}
x[1,7]{6  <0.001103849932046825>, 5  <0.9988961500679532>}
x[2,0]{1  <1.0>}
x[2,1]{5  <1.0>}
x[2,2]{7  <0.9385469470016423>, 3  <0.06145305299835773>}
x[2,3]{0  <1.0>}
x[2,4]{6  <1.0>}
x[2,5]{2  <1.0>}
x[2,6]{7  <6.042963237918033E-5>, 4  <0.9999395703676208>}
x[2,7]{7  <0.0594771249901018>, 3  <0.9404847732830326>, 4  <3.8101726865525634E-5>}
x[3,0]{6  <1.0>}
x[3,1]{3  <1.0>}
x[3,2]{7  <7.883090110748243E-4>, 5  <0.9992116909889251>}
x[3,3]{4  <1.0>}
x[3,4]{0  <1.0>}
x[3,5]{7  <0.9988293068978634>, 5  <0.0011706931021365416>}
x[3,6]{1  <1.0>}
x[3,7]{2  <1.0>}
x[4,0]{2  <1.0>}
x[4,1]{7  <1.0>}
x[4,2]{1  <1.0>}
x[4,3]{3  <1.0>}
x[4,4]{4  <0.09215546456182153>, 5  <0.9078445354381786>}
x[4,5]{4  <0.9077275727308153>, 5  <0.09227242726918472>}
x[4,6]{6  <1.0>}
x[4,7]{0  <1.0>}
x[5,0]{0  <1.0>}
x[5,1]{6  <1.0>}
x[5,2]{4  <1.0>}
x[5,3]{2  <1.0>}
x[5,4]{7  <1.0>}
x[5,5]{3  <1.0>}
x[5,6]{5  <1.0>}
x[5,7]{1  <1.0>}
x[6,0]{5  <1.0>}
x[6,1]{0  <1.0>}
x[6,2]{2  <1.0>}
x[6,3]{6  <1.0>}
x[6,4]{3  <1.0>}
x[6,5]{1  <1.0>}
x[6,6]{7  <0.9998990049812629>, 4  <1.0099501873713743E-4>}
x[6,7]{7  <1.3226055736095726E-4>, 4  <0.9998677394426391>}
x[7,0]{7  <0.05971856838045292>, 3  <0.9402814316195471>}
x[7,1]{2  <1.0>}
x[7,2]{6  <0.9616201711598868>, 5  <7.470607440101437E-4>, 7  <0.016529872210576096>, 3  <0.02110289588552695>}
x[7,3]{1  <1.0>}
x[7,4]{5  <0.09250078417115833>, 4  <0.9074992158288416>}
x[7,5]{6  <0.0012807883940890096>, 4  <0.09256218044008373>, 7  <0.0012345999267856487>, 5  <0.9049224312390417>}
x[7,6]{0  <1.0>}
x[7,7]{6  <0.03718074767003729>, 5  <0.0010554003138633955>, 7  <0.923094366679837>, 3  <0.03855587121236556>, 4  <1.1361412389662214E-4>}
problem entropy = 0.19243453690098197
smallest variable entropy = 6.474431269711852E-4
### branching on x[2,6]=4 marginal=0.9999395703676208
##### after BP iteration 1 #####
x[0,0]{3  <0.042489927047610294>, 7  <0.9575100729523898>}
x[0,1]{4  <1.0>}
x[0,2]{6  <0.020506140853154966>, 3  <0.9445476029718406>, 7  <0.0349462561750044>}
x[0,3]{5  <1.0>}
x[0,4]{1  <1.0>}
x[0,5]{0  <1.0>}
x[0,6]{2  <1.0>}
x[0,7]{6  <0.9798268408836177>, 3  <0.011415044866262955>, 7  <0.00875811425011933>}
x[1,0]{4  <1.0>}
x[1,1]{1  <1.0>}
x[1,2]{0  <1.0>}
x[1,3]{7  <1.0>}
x[1,4]{2  <1.0>}
x[1,5]{5  <5.802774649838433E-4>, 6  <0.9994197225350162>}
x[1,6]{3  <1.0>}
x[1,7]{6  <4.283229429086013E-4>, 5  <0.9995716770570915>}
x[2,0]{1  <1.0>}
x[2,1]{5  <1.0>}
x[2,2]{7  <0.9576548789116867>, 3  <0.04234512108831341>}
x[2,3]{0  <1.0>}
x[2,4]{6  <1.0>}
x[2,5]{2  <1.0>}
x[2,6]{4  <1.0>}
x[2,7]{7  <0.040992090998174316>, 3  <0.9590079090018258>}
x[3,0]{6  <1.0>}
x[3,1]{3  <1.0>}
x[3,2]{7  <3.139120327091723E-4>, 5  <0.9996860879672909>}
x[3,3]{4  <1.0>}
x[3,4]{0  <1.0>}
x[3,5]{7  <0.9994906606404506>, 5  <5.093393595493354E-4>}
x[3,6]{1  <1.0>}
x[3,7]{2  <1.0>}
x[4,0]{2  <1.0>}
x[4,1]{7  <1.0>}
x[4,2]{1  <1.0>}
x[4,3]{3  <1.0>}
x[4,4]{4  <0.08705408110635533>, 5  <0.9129459188936446>}
x[4,5]{4  <0.9127567300306096>, 5  <0.08724326996939036>}
x[4,6]{6  <1.0>}
x[4,7]{0  <1.0>}
x[5,0]{0  <1.0>}
x[5,1]{6  <1.0>}
x[5,2]{4  <1.0>}
x[5,3]{2  <1.0>}
x[5,4]{7  <1.0>}
x[5,5]{3  <1.0>}
x[5,6]{5  <1.0>}
x[5,7]{1  <1.0>}
x[6,0]{5  <1.0>}
x[6,1]{0  <1.0>}
x[6,2]{2  <1.0>}
x[6,3]{6  <1.0>}
x[6,4]{3  <1.0>}
x[6,5]{1  <1.0>}
x[6,6]{7  <1.0>}
x[6,7]{4  <1.0>}
x[7,0]{7  <0.041094253043672944>, 3  <0.9589057469563271>}
x[7,1]{2  <1.0>}
x[7,2]{6  <0.9797632568997848>, 5  <2.965611714849761E-4>, 7  <0.008650436046356982>, 3  <0.011289745882373171>}
x[7,3]{1  <1.0>}
x[7,4]{5  <0.08703953309336611>, 4  <0.9129604669066338>}
x[7,5]{6  <5.068973306706903E-4>, 4  <0.08729138644138591>, 7  <4.983741603639009E-4>, 5  <0.9117033420675794>}
x[7,6]{0  <1.0>}
x[7,7]{6  <0.019788435078276823>, 5  <4.138117292250489E-4>, 7  <0.9499067181991369>, 3  <0.029891034993361293>}
problem entropy = 0.19412094280168757
smallest variable entropy = 0.0028460020752535805
##### after BP iteration 2 #####
x[0,0]{3  <0.028072194813807887>, 7  <0.9719278051861922>}
x[0,1]{4  <1.0>}
x[0,2]{6  <0.009676366620023646>, 3  <0.9654953768944312>, 7  <0.02482825648554516>}
x[0,3]{5  <1.0>}
x[0,4]{1  <1.0>}
x[0,5]{0  <1.0>}
x[0,6]{2  <1.0>}
x[0,7]{6  <0.9904960059222986>, 3  <0.00542727306413871>, 7  <0.00407672101356271>}
x[1,0]{4  <1.0>}
x[1,1]{1  <1.0>}
x[1,2]{0  <1.0>}
x[1,3]{7  <1.0>}
x[1,4]{2  <1.0>}
x[1,5]{5  <2.0554403132656682E-4>, 6  <0.9997944559686734>}
x[1,6]{3  <1.0>}
x[1,7]{6  <1.444393340170922E-4>, 5  <0.9998555606659828>}
x[2,0]{1  <1.0>}
x[2,1]{5  <1.0>}
x[2,2]{7  <0.9719322076984512>, 3  <0.028067792301548808>}
x[2,3]{0  <1.0>}
x[2,4]{6  <1.0>}
x[2,5]{2  <1.0>}
x[2,6]{4  <1.0>}
x[2,7]{7  <0.02731742747758466>, 3  <0.9726825725224153>}
x[3,0]{6  <1.0>}
x[3,1]{3  <1.0>}
x[3,2]{7  <1.0732026639210084E-4>, 5  <0.999892679733608>}
x[3,3]{4  <1.0>}
x[3,4]{0  <1.0>}
x[3,5]{7  <0.9998162919944158>, 5  <1.837080055842201E-4>}
x[3,6]{1  <1.0>}
x[3,7]{2  <1.0>}
x[4,0]{2  <1.0>}
x[4,1]{7  <1.0>}
x[4,2]{1  <1.0>}
x[4,3]{3  <1.0>}
x[4,4]{4  <0.08223560408891982>, 5  <0.9177643959110802>}
x[4,5]{4  <0.9176631465775826>, 5  <0.08233685342241726>}
x[4,6]{6  <1.0>}
x[4,7]{0  <1.0>}
x[5,0]{0  <1.0>}
x[5,1]{6  <1.0>}
x[5,2]{4  <1.0>}
x[5,3]{2  <1.0>}
x[5,4]{7  <1.0>}
x[5,5]{3  <1.0>}
x[5,6]{5  <1.0>}
x[5,7]{1  <1.0>}
x[6,0]{5  <1.0>}
x[6,1]{0  <1.0>}
x[6,2]{2  <1.0>}
x[6,3]{6  <1.0>}
x[6,4]{3  <1.0>}
x[6,5]{1  <1.0>}
x[6,6]{7  <1.0>}
x[6,7]{4  <1.0>}
x[7,0]{7  <0.02730688991537916>, 3  <0.9726931100846208>}
x[7,1]{2  <1.0>}
x[7,2]{6  <0.990475254231385>, 5  <1.0145960839154957E-4>, 7  <0.004033421274752323>, 3  <0.005389864885471112>}
x[7,3]{1  <1.0>}
x[7,4]{5  <0.08211586284103418>, 4  <0.9178841371589659>}
x[7,5]{6  <1.803394568255616E-4>, 4  <0.08220629828116692>, 7  <1.8908218541341195E-4>, 5  <0.9174242800765942>}
x[7,6]{0  <1.0>}
x[7,7]{6  <0.009382308589303091>, 5  <1.412786857590456E-4>, 7  <0.9683269586498486>, 3  <0.022149454075089198>}
problem entropy = 0.15917916918942804
smallest variable entropy = 0.0010881888002543941
##### after BP iteration 3 #####
x[0,0]{3  <0.018016753164794265>, 7  <0.9819832468352058>}
x[0,1]{4  <1.0>}
x[0,2]{6  <0.004065888738329804>, 3  <0.9791028604287122>, 7  <0.016831250832957827>}
x[0,3]{5  <1.0>}
x[0,4]{1  <1.0>}
x[0,5]{0  <1.0>}
x[0,6]{2  <1.0>}
x[0,7]{6  <0.9960411675079347>, 3  <0.002283306559054945>, 7  <0.001675525933010346>}
x[1,0]{4  <1.0>}
x[1,1]{1  <1.0>}
x[1,2]{0  <1.0>}
x[1,3]{7  <1.0>}
x[1,4]{2  <1.0>}
x[1,5]{5  <6.388948132354794E-5>, 6  <0.9999361105186765>}
x[1,6]{3  <1.0>}
x[1,7]{6  <4.140233866444454E-5>, 5  <0.9999585976613355>}
x[2,0]{1  <1.0>}
x[2,1]{5  <1.0>}
x[2,2]{7  <0.9819345581547468>, 3  <0.018065441845253112>}
x[2,3]{0  <1.0>}
x[2,4]{6  <1.0>}
x[2,5]{2  <1.0>}
x[2,6]{4  <1.0>}
x[2,7]{7  <0.01774745218519169>, 3  <0.9822525478148083>}
x[3,0]{6  <1.0>}
x[3,1]{3  <1.0>}
x[3,2]{7  <3.032413738148197E-5>, 5  <0.9999696758626185>}
x[3,3]{4  <1.0>}
x[3,4]{0  <1.0>}
x[3,5]{7  <0.999941621910013>, 5  <5.837808998708152E-5>}
x[3,6]{1  <1.0>}
x[3,7]{2  <1.0>}
x[4,0]{2  <1.0>}
x[4,1]{7  <1.0>}
x[4,2]{1  <1.0>}
x[4,3]{3  <1.0>}
x[4,4]{4  <0.07761481461776258>, 5  <0.9223851853822375>}
x[4,5]{4  <0.9224468736535755>, 5  <0.07755312634642458>}
x[4,6]{6  <1.0>}
x[4,7]{0  <1.0>}
x[5,0]{0  <1.0>}
x[5,1]{6  <1.0>}
x[5,2]{4  <1.0>}
x[5,3]{2  <1.0>}
x[5,4]{7  <1.0>}
x[5,5]{3  <1.0>}
x[5,6]{5  <1.0>}
x[5,7]{1  <1.0>}
x[6,0]{5  <1.0>}
x[6,1]{0  <1.0>}
x[6,2]{2  <1.0>}
x[6,3]{6  <1.0>}
x[6,4]{3  <1.0>}
x[6,5]{1  <1.0>}
x[6,6]{7  <1.0>}
x[6,7]{4  <1.0>}
x[7,0]{7  <0.01771457201756021>, 3  <0.9822854279824397>}
x[7,1]{2  <1.0>}
x[7,2]{6  <0.9960279719963578>, 5  <2.956523888188021E-5>, 7  <0.001665943765685794>, 3  <0.002276518999074388>}
x[7,3]{1  <1.0>}
x[7,4]{5  <0.07752990560345853>, 4  <0.9224700943965415>}
x[7,5]{6  <5.589089780871069E-5>, 4  <0.07748967340787344>, 7  <6.187131064499191E-5>, 5  <0.9223925643836728>}
x[7,6]{0  <1.0>}
x[7,7]{6  <0.003926947588892007>, 5  <4.1401457752256854E-5>, 7  <0.9803403494640951>, 3  <0.015691301489260658>}
problem entropy = 0.1327751880082705
smallest variable entropy = 3.458028588993357E-4
### branching on x[3,2]=5 marginal=0.9999696758626185
### branching on x[1,7]=5 marginal=0.9999585976613355
##### after BP iteration 1 #####
x[0,0]{3  <0.01138633423940568>, 7  <0.9886136657605943>}
x[0,1]{4  <1.0>}
x[0,2]{6  <0.0015040912088222771>, 3  <0.9874802035331209>, 7  <0.011015705258056849>}
x[0,3]{5  <1.0>}
x[0,4]{1  <1.0>}
x[0,5]{0  <1.0>}
x[0,6]{2  <1.0>}
x[0,7]{6  <0.998554581665047>, 3  <8.412127774539486E-4>, 7  <6.04205557499163E-4>}
x[1,0]{4  <1.0>}
x[1,1]{1  <1.0>}
x[1,2]{0  <1.0>}
x[1,3]{7  <1.0>}
x[1,4]{2  <1.0>}
x[1,5]{6  <1.0>}
x[1,6]{3  <1.0>}
x[1,7]{5  <1.0>}
x[2,0]{1  <1.0>}
x[2,1]{5  <1.0>}
x[2,2]{7  <0.9885886432843608>, 3  <0.011411356715639307>}
x[2,3]{0  <1.0>}
x[2,4]{6  <1.0>}
x[2,5]{2  <1.0>}
x[2,6]{4  <1.0>}
x[2,7]{7  <0.01133625082842283>, 3  <0.9886637491715772>}
x[3,0]{6  <1.0>}
x[3,1]{3  <1.0>}
x[3,2]{5  <1.0>}
x[3,3]{4  <1.0>}
x[3,4]{0  <1.0>}
x[3,5]{7  <1.0>}
x[3,6]{1  <1.0>}
x[3,7]{2  <1.0>}
x[4,0]{2  <1.0>}
x[4,1]{7  <1.0>}
x[4,2]{1  <1.0>}
x[4,3]{3  <1.0>}
x[4,4]{4  <0.07313927246060509>, 5  <0.926860727539395>}
x[4,5]{4  <0.9269343724966436>, 5  <0.07306562750335646>}
x[4,6]{6  <1.0>}
x[4,7]{0  <1.0>}
x[5,0]{0  <1.0>}
x[5,1]{6  <1.0>}
x[5,2]{4  <1.0>}
x[5,3]{2  <1.0>}
x[5,4]{7  <1.0>}
x[5,5]{3  <1.0>}
x[5,6]{5  <1.0>}
x[5,7]{1  <1.0>}
x[6,0]{5  <1.0>}
x[6,1]{0  <1.0>}
x[6,2]{2  <1.0>}
x[6,3]{6  <1.0>}
x[6,4]{3  <1.0>}
x[6,5]{1  <1.0>}
x[6,6]{7  <1.0>}
x[6,7]{4  <1.0>}
x[7,0]{7  <0.011320908293255962>, 3  <0.9886790917067441>}
x[7,1]{2  <1.0>}
x[7,2]{6  <0.9985443359129483>, 3  <8.472925904409853E-4>, 7  <6.083714966107866E-4>}
x[7,3]{1  <1.0>}
x[7,4]{5  <0.07315714363810459>, 4  <0.9268428563618953>}
x[7,5]{5  <0.9269014860424225>, 4  <0.0730985139575775>}
x[7,6]{0  <1.0>}
x[7,7]{6  <0.0014465222509629212>, 3  <0.010684128912762781>, 7  <0.9878693488362742>}
problem entropy = 0.168286063860411
smallest variable entropy = 0.011878847411027765
##### after BP iteration 2 #####
x[0,0]{3  <0.007152405005311817>, 7  <0.9928475949946882>}
x[0,1]{4  <1.0>}
x[0,2]{6  <4.986554370850084E-4>, 3  <0.9924494768663568>, 7  <0.0070518676965582415>}
x[0,3]{5  <1.0>}
x[0,4]{1  <1.0>}
x[0,5]{0  <1.0>}
x[0,6]{2  <1.0>}
x[0,7]{6  <0.9995284544427542>, 3  <2.762529921397221E-4>, 7  <1.9529256510598491E-4>}
x[1,0]{4  <1.0>}
x[1,1]{1  <1.0>}
x[1,2]{0  <1.0>}
x[1,3]{7  <1.0>}
x[1,4]{2  <1.0>}
x[1,5]{6  <1.0>}
x[1,6]{3  <1.0>}
x[1,7]{5  <1.0>}
x[2,0]{1  <1.0>}
x[2,1]{5  <1.0>}
x[2,2]{7  <0.9928373474604303>, 3  <0.007162652539569583>}
x[2,3]{0  <1.0>}
x[2,4]{6  <1.0>}
x[2,5]{2  <1.0>}
x[2,6]{4  <1.0>}
x[2,7]{7  <0.007195530465553866>, 3  <0.9928044695344461>}
x[3,0]{6  <1.0>}
x[3,1]{3  <1.0>}
x[3,2]{5  <1.0>}
x[3,3]{4  <1.0>}
x[3,4]{0  <1.0>}
x[3,5]{7  <1.0>}
x[3,6]{1  <1.0>}
x[3,7]{2  <1.0>}
x[4,0]{2  <1.0>}
x[4,1]{7  <1.0>}
x[4,2]{1  <1.0>}
x[4,3]{3  <1.0>}
x[4,4]{4  <0.06889310345898049>, 5  <0.9311068965410195>}
x[4,5]{4  <0.9311096652898164>, 5  <0.06889033471018363>}
x[4,6]{6  <1.0>}
x[4,7]{0  <1.0>}
x[5,0]{0  <1.0>}
x[5,1]{6  <1.0>}
x[5,2]{4  <1.0>}
x[5,3]{2  <1.0>}
x[5,4]{7  <1.0>}
x[5,5]{3  <1.0>}
x[5,6]{5  <1.0>}
x[5,7]{1  <1.0>}
x[6,0]{5  <1.0>}
x[6,1]{0  <1.0>}
x[6,2]{2  <1.0>}
x[6,3]{6  <1.0>}
x[6,4]{3  <1.0>}
x[6,5]{1  <1.0>}
x[6,6]{7  <1.0>}
x[6,7]{4  <1.0>}
x[7,0]{7  <0.007186856730972223>, 3  <0.9928131432690278>}
x[7,1]{2  <1.0>}
x[7,2]{6  <0.9995234722551246>, 3  <2.7897992667961764E-4>, 7  <1.9754781819565113E-4>}
x[7,3]{1  <1.0>}
x[7,4]{5  <0.06895781788097638>, 4  <0.9310421821190236>}
x[7,5]{5  <0.931051395685108>, 4  <0.06894860431489194>}
x[7,6]{0  <1.0>}
x[7,7]{6  <4.7163934108554353E-4>, 3  <0.0070438723958055624>, 7  <0.992484488263109>}
problem entropy = 0.1487709442264629
smallest variable entropy = 0.00440310092855143
##### after BP iteration 3 #####
x[0,0]{3  <0.004498501552312853>, 7  <0.9955014984476871>}
x[0,1]{4  <1.0>}
x[0,2]{6  <1.4757792436642387E-4>, 3  <0.9953877266150681>, 7  <0.004464695460565509>}
x[0,3]{5  <1.0>}
x[0,4]{1  <1.0>}
x[0,5]{0  <1.0>}
x[0,6]{2  <1.0>}
x[0,7]{6  <0.9998625263881167>, 3  <8.081569894530401E-5>, 7  <5.6657912938085457E-5>}
x[1,0]{4  <1.0>}
x[1,1]{1  <1.0>}
x[1,2]{0  <1.0>}
x[1,3]{7  <1.0>}
x[1,4]{2  <1.0>}
x[1,5]{6  <1.0>}
x[1,6]{3  <1.0>}
x[1,7]{5  <1.0>}
x[2,0]{1  <1.0>}
x[2,1]{5  <1.0>}
x[2,2]{7  <0.9955006303369391>, 3  <0.004499369663060786>}
x[2,3]{0  <1.0>}
x[2,4]{6  <1.0>}
x[2,5]{2  <1.0>}
x[2,6]{4  <1.0>}
x[2,7]{7  <0.004546668552425871>, 3  <0.9954533314475742>}
x[3,0]{6  <1.0>}
x[3,1]{3  <1.0>}
x[3,2]{5  <1.0>}
x[3,3]{4  <1.0>}
x[3,4]{0  <1.0>}
x[3,5]{7  <1.0>}
x[3,6]{1  <1.0>}
x[3,7]{2  <1.0>}
x[4,0]{2  <1.0>}
x[4,1]{7  <1.0>}
x[4,2]{1  <1.0>}
x[4,3]{3  <1.0>}
x[4,4]{4  <0.06492692084087358>, 5  <0.9350730791591265>}
x[4,5]{4  <0.9350426245912217>, 5  <0.06495737540877844>}
x[4,6]{6  <1.0>}
x[4,7]{0  <1.0>}
x[5,0]{0  <1.0>}
x[5,1]{6  <1.0>}
x[5,2]{4  <1.0>}
x[5,3]{2  <1.0>}
x[5,4]{7  <1.0>}
x[5,5]{3  <1.0>}
x[5,6]{5  <1.0>}
x[5,7]{1  <1.0>}
x[6,0]{5  <1.0>}
x[6,1]{0  <1.0>}
x[6,2]{2  <1.0>}
x[6,3]{6  <1.0>}
x[6,4]{3  <1.0>}
x[6,5]{1  <1.0>}
x[6,6]{7  <1.0>}
x[6,7]{4  <1.0>}
x[7,0]{7  <0.0045442856969694955>, 3  <0.9954557143030305>}
x[7,1]{2  <1.0>}
x[7,2]{6  <0.9998617460212504>, 3  <8.122190113067385E-5>, 7  <5.703207761888234E-5>}
x[7,3]{1  <1.0>}
x[7,4]{5  <0.06494916621115791>, 4  <0.9350508337888421>}
x[7,5]{5  <0.935018836172763>, 4  <0.06498116382723693>}
x[7,6]{0  <1.0>}
x[7,7]{6  <1.365294557671379E-4>, 3  <0.004534457603363559>, 7  <0.9953290129408693>}
problem entropy = 0.1343146727944923
smallest variable entropy = 0.001453046121421225
##### after BP iteration 4 #####
x[0,0]{3  <0.002835325421399706>, 7  <0.9971646745786003>}
x[0,1]{4  <1.0>}
x[0,2]{6  <3.90933220156341E-5>, 3  <0.9971381453251509>, 7  <0.002822761352833513>}
x[0,3]{5  <1.0>}
x[0,4]{1  <1.0>}
x[0,5]{0  <1.0>}
x[0,6]{2  <1.0>}
x[0,7]{6  <0.9999640800751354>, 3  <2.1129099525079717E-5>, 7  <1.4790825339632972E-5>}
x[1,0]{4  <1.0>}
x[1,1]{1  <1.0>}
x[1,2]{0  <1.0>}
x[1,3]{7  <1.0>}
x[1,4]{2  <1.0>}
x[1,5]{6  <1.0>}
x[1,6]{3  <1.0>}
x[1,7]{5  <1.0>}
x[2,0]{1  <1.0>}
x[2,1]{5  <1.0>}
x[2,2]{7  <0.9971663203130393>, 3  <0.002833679686960756>}
x[2,3]{0  <1.0>}
x[2,4]{6  <1.0>}
x[2,5]{2  <1.0>}
x[2,6]{4  <1.0>}
x[2,7]{7  <0.002865193531721343>, 3  <0.9971348064682787>}
x[3,0]{6  <1.0>}
x[3,1]{3  <1.0>}
x[3,2]{5  <1.0>}
x[3,3]{4  <1.0>}
x[3,4]{0  <1.0>}
x[3,5]{7  <1.0>}
x[3,6]{1  <1.0>}
x[3,7]{2  <1.0>}
x[4,0]{2  <1.0>}
x[4,1]{7  <1.0>}
x[4,2]{1  <1.0>}
x[4,3]{3  <1.0>}
x[4,4]{4  <0.061196399562819186>, 5  <0.9388036004371808>}
x[4,5]{4  <0.9387812791344761>, 5  <0.06121872086552387>}
x[4,6]{6  <1.0>}
x[4,7]{0  <1.0>}
x[5,0]{0  <1.0>}
x[5,1]{6  <1.0>}
x[5,2]{4  <1.0>}
x[5,3]{2  <1.0>}
x[5,4]{7  <1.0>}
x[5,5]{3  <1.0>}
x[5,6]{5  <1.0>}
x[5,7]{1  <1.0>}
x[6,0]{5  <1.0>}
x[6,1]{0  <1.0>}
x[6,2]{2  <1.0>}
x[6,3]{6  <1.0>}
x[6,4]{3  <1.0>}
x[6,5]{1  <1.0>}
x[6,6]{7  <1.0>}
x[6,7]{4  <1.0>}
x[7,0]{7  <0.0028662549902931226>, 3  <0.9971337450097069>}
x[7,1]{2  <1.0>}
x[7,2]{6  <0.9999640700763732>, 3  <2.1123273450140902E-5>, 7  <1.4806650176508742E-5>}
x[7,3]{1  <1.0>}
x[7,4]{5  <0.06117920634391611>, 4  <0.9388207936560838>}
x[7,5]{5  <0.9387997933176354>, 4  <0.06120020668236466>}
x[7,6]{0  <1.0>}
x[7,7]{6  <3.548878421837896E-5>, 3  <0.0028761759981459595>, 7  <0.9970883352176356>}
problem entropy = 0.12322258046190888
smallest variable entropy = 4.2786727964269145E-4
### branching on x[0,7]=6 marginal=0.9999640800751354
##### after BP iteration 1 #####
x[0,0]{3  <0.0017841218917413239>, 7  <0.9982158781082587>}
x[0,1]{4  <1.0>}
x[0,2]{7  <0.0017875656189618118>, 3  <0.9982124343810382>}
x[0,3]{5  <1.0>}
x[0,4]{1  <1.0>}
x[0,5]{0  <1.0>}
x[0,6]{2  <1.0>}
x[0,7]{6  <1.0>}
x[1,0]{4  <1.0>}
x[1,1]{1  <1.0>}
x[1,2]{0  <1.0>}
x[1,3]{7  <1.0>}
x[1,4]{2  <1.0>}
x[1,5]{6  <1.0>}
x[1,6]{3  <1.0>}
x[1,7]{5  <1.0>}
x[2,0]{1  <1.0>}
x[2,1]{5  <1.0>}
x[2,2]{7  <0.9982174404189036>, 3  <0.0017825595810965315>}
x[2,3]{0  <1.0>}
x[2,4]{6  <1.0>}
x[2,5]{2  <1.0>}
x[2,6]{4  <1.0>}
x[2,7]{7  <0.0017933905766938916>, 3  <0.9982066094233061>}
x[3,0]{6  <1.0>}
x[3,1]{3  <1.0>}
x[3,2]{5  <1.0>}
x[3,3]{4  <1.0>}
x[3,4]{0  <1.0>}
x[3,5]{7  <1.0>}
x[3,6]{1  <1.0>}
x[3,7]{2  <1.0>}
x[4,0]{2  <1.0>}
x[4,1]{7  <1.0>}
x[4,2]{1  <1.0>}
x[4,3]{3  <1.0>}
x[4,4]{4  <0.057659869784833846>, 5  <0.942340130215166>}
x[4,5]{4  <0.9423430928057528>, 5  <0.0576569071942473>}
x[4,6]{6  <1.0>}
x[4,7]{0  <1.0>}
x[5,0]{0  <1.0>}
x[5,1]{6  <1.0>}
x[5,2]{4  <1.0>}
x[5,3]{2  <1.0>}
x[5,4]{7  <1.0>}
x[5,5]{3  <1.0>}
x[5,6]{5  <1.0>}
x[5,7]{1  <1.0>}
x[6,0]{5  <1.0>}
x[6,1]{0  <1.0>}
x[6,2]{2  <1.0>}
x[6,3]{6  <1.0>}
x[6,4]{3  <1.0>}
x[6,5]{1  <1.0>}
x[6,6]{7  <1.0>}
x[6,7]{4  <1.0>}
x[7,0]{7  <0.0017949406159081362>, 3  <0.9982050593840919>}
x[7,1]{2  <1.0>}
x[7,2]{6  <1.0>}
x[7,3]{1  <1.0>}
x[7,4]{5  <0.05763830152988369>, 4  <0.9423616984701163>}
x[7,5]{5  <0.9423648691048087>, 4  <0.057635130895191324>}
x[7,6]{0  <1.0>}
x[7,7]{7  <0.9981898117655311>, 3  <0.0018101882344689125>}
problem entropy = 0.13857479481195362
smallest variable entropy = 0.013064046135684492
##### after BP iteration 2 #####
x[0,0]{3  <0.001128050785788227>, 7  <0.9988719492142117>}
x[0,1]{4  <1.0>}
x[0,2]{7  <0.0011333221602698258>, 3  <0.9988666778397302>}
x[0,3]{5  <1.0>}
x[0,4]{1  <1.0>}
x[0,5]{0  <1.0>}
x[0,6]{2  <1.0>}
x[0,7]{6  <1.0>}
x[1,0]{4  <1.0>}
x[1,1]{1  <1.0>}
x[1,2]{0  <1.0>}
x[1,3]{7  <1.0>}
x[1,4]{2  <1.0>}
x[1,5]{6  <1.0>}
x[1,6]{3  <1.0>}
x[1,7]{5  <1.0>}
x[2,0]{1  <1.0>}
x[2,1]{5  <1.0>}
x[2,2]{7  <0.998872834571038>, 3  <0.0011271654289620073>}
x[2,3]{0  <1.0>}
x[2,4]{6  <1.0>}
x[2,5]{2  <1.0>}
x[2,6]{4  <1.0>}
x[2,7]{7  <0.0011297211610340591>, 3  <0.998870278838966>}
x[3,0]{6  <1.0>}
x[3,1]{3  <1.0>}
x[3,2]{5  <1.0>}
x[3,3]{4  <1.0>}
x[3,4]{0  <1.0>}
x[3,5]{7  <1.0>}
x[3,6]{1  <1.0>}
x[3,7]{2  <1.0>}
x[4,0]{2  <1.0>}
x[4,1]{7  <1.0>}
x[4,2]{1  <1.0>}
x[4,3]{3  <1.0>}
x[4,4]{4  <0.05429836266043825>, 5  <0.9457016373395618>}
x[4,5]{4  <0.9457138048346535>, 5  <0.05428619516534645>}
x[4,6]{6  <1.0>}
x[4,7]{0  <1.0>}
x[5,0]{0  <1.0>}
x[5,1]{6  <1.0>}
x[5,2]{4  <1.0>}
x[5,3]{2  <1.0>}
x[5,4]{7  <1.0>}
x[5,5]{3  <1.0>}
x[5,6]{5  <1.0>}
x[5,7]{1  <1.0>}
x[6,0]{5  <1.0>}
x[6,1]{0  <1.0>}
x[6,2]{2  <1.0>}
x[6,3]{6  <1.0>}
x[6,4]{3  <1.0>}
x[6,5]{1  <1.0>}
x[6,6]{7  <1.0>}
x[6,7]{4  <1.0>}
x[7,0]{7  <0.0011307527567121598>, 3  <0.9988692472432878>}
x[7,1]{2  <1.0>}
x[7,2]{6  <1.0>}
x[7,3]{1  <1.0>}
x[7,4]{5  <0.05429576331599369>, 4  <0.9457042366840064>}
x[7,5]{5  <0.9457169769788969>, 4  <0.05428302302110318>}
x[7,6]{0  <1.0>}
x[7,7]{7  <0.9988640218168288>, 3  <0.0011359781831711403>}
problem entropy = 0.12936044428713667
smallest variable entropy = 0.00877778440382313
##### after BP iteration 3 #####
x[0,0]{3  <7.149284511872402E-4>, 7  <0.9992850715488127>}
x[0,1]{4  <1.0>}
x[0,2]{7  <7.151702140232988E-4>, 3  <0.9992848297859768>}
x[0,3]{5  <1.0>}
x[0,4]{1  <1.0>}
x[0,5]{0  <1.0>}
x[0,6]{2  <1.0>}
x[0,7]{6  <1.0>}
x[1,0]{4  <1.0>}
x[1,1]{1  <1.0>}
x[1,2]{0  <1.0>}
x[1,3]{7  <1.0>}
x[1,4]{2  <1.0>}
x[1,5]{6  <1.0>}
x[1,6]{3  <1.0>}
x[1,7]{5  <1.0>}
x[2,0]{1  <1.0>}
x[2,1]{5  <1.0>}
x[2,2]{7  <0.9992854175030207>, 3  <7.145824969792852E-4>}
x[2,3]{0  <1.0>}
x[2,4]{6  <1.0>}
x[2,5]{2  <1.0>}
x[2,6]{4  <1.0>}
x[2,7]{7  <7.129887406150499E-4>, 3  <0.9992870112593849>}
x[3,0]{6  <1.0>}
x[3,1]{3  <1.0>}
x[3,2]{5  <1.0>}
x[3,3]{4  <1.0>}
x[3,4]{0  <1.0>}
x[3,5]{7  <1.0>}
x[3,6]{1  <1.0>}
x[3,7]{2  <1.0>}
x[4,0]{2  <1.0>}
x[4,1]{7  <1.0>}
x[4,2]{1  <1.0>}
x[4,3]{3  <1.0>}
x[4,4]{4  <0.05111674132368616>, 5  <0.9488832586763138>}
x[4,5]{4  <0.9488882559503543>, 5  <0.051111744049645594>}
x[4,6]{6  <1.0>}
x[4,7]{0  <1.0>}
x[5,0]{0  <1.0>}
x[5,1]{6  <1.0>}
x[5,2]{4  <1.0>}
x[5,3]{2  <1.0>}
x[5,4]{7  <1.0>}
x[5,5]{3  <1.0>}
x[5,6]{5  <1.0>}
x[5,7]{1  <1.0>}
x[6,0]{5  <1.0>}
x[6,1]{0  <1.0>}
x[6,2]{2  <1.0>}
x[6,3]{6  <1.0>}
x[6,4]{3  <1.0>}
x[6,5]{1  <1.0>}
x[6,6]{7  <1.0>}
x[6,7]{4  <1.0>}
x[7,0]{7  <7.133458392554443E-4>, 3  <0.9992866541607445>}
x[7,1]{2  <1.0>}
x[7,2]{6  <1.0>}
x[7,3]{1  <1.0>}
x[7,4]{5  <0.05112682854527181>, 4  <0.9488731714547282>}
x[7,5]{5  <0.948878567453788>, 4  <0.05112143254621209>}
x[7,6]{0  <1.0>}
x[7,7]{7  <0.9992888290123378>, 3  <7.111709876621961E-4>}
problem entropy = 0.12154639624739583
smallest variable entropy = 0.0058659104083933124
##### after BP iteration 4 #####
x[0,0]{3  <4.517703107714409E-4>, 7  <0.9995482296892285>}
x[0,1]{4  <1.0>}
x[0,2]{7  <4.522635327467151E-4>, 3  <0.9995477364672533>}
x[0,3]{5  <1.0>}
x[0,4]{1  <1.0>}
x[0,5]{0  <1.0>}
x[0,6]{2  <1.0>}
x[0,7]{6  <1.0>}
x[1,0]{4  <1.0>}
x[1,1]{1  <1.0>}
x[1,2]{0  <1.0>}
x[1,3]{7  <1.0>}
x[1,4]{2  <1.0>}
x[1,5]{6  <1.0>}
x[1,6]{3  <1.0>}
x[1,7]{5  <1.0>}
x[2,0]{1  <1.0>}
x[2,1]{5  <1.0>}
x[2,2]{7  <0.9995482495467406>, 3  <4.517504532593407E-4>}
x[2,3]{0  <1.0>}
x[2,4]{6  <1.0>}
x[2,5]{2  <1.0>}
x[2,6]{4  <1.0>}
x[2,7]{7  <4.497831259338648E-4>, 3  <0.9995502168740661>}
x[3,0]{6  <1.0>}
x[3,1]{3  <1.0>}
x[3,2]{5  <1.0>}
x[3,3]{4  <1.0>}
x[3,4]{0  <1.0>}
x[3,5]{7  <1.0>}
x[3,6]{1  <1.0>}
x[3,7]{2  <1.0>}
x[4,0]{2  <1.0>}
x[4,1]{7  <1.0>}
x[4,2]{1  <1.0>}
x[4,3]{3  <1.0>}
x[4,4]{4  <0.04811780655366346>, 5  <0.9518821934463365>}
x[4,5]{4  <0.9518782035082214>, 5  <0.04812179649177872>}
x[4,6]{6  <1.0>}
x[4,7]{0  <1.0>}
x[5,0]{0  <1.0>}
x[5,1]{6  <1.0>}
x[5,2]{4  <1.0>}
x[5,3]{2  <1.0>}
x[5,4]{7  <1.0>}
x[5,5]{3  <1.0>}
x[5,6]{5  <1.0>}
x[5,7]{1  <1.0>}
x[6,0]{5  <1.0>}
x[6,1]{0  <1.0>}
x[6,2]{2  <1.0>}
x[6,3]{6  <1.0>}
x[6,4]{3  <1.0>}
x[6,5]{1  <1.0>}
x[6,6]{7  <1.0>}
x[6,7]{4  <1.0>}
x[7,0]{7  <4.497834843227829E-4>, 3  <0.9995502165156772>}
x[7,1]{2  <1.0>}
x[7,2]{6  <1.0>}
x[7,3]{1  <1.0>}
x[7,4]{5  <0.048125599547684354>, 4  <0.9518744004523156>}
x[7,5]{5  <0.951870828297934>, 4  <0.04812917170206603>}
x[7,6]{0  <1.0>}
x[7,7]{7  <0.9995521948941869>, 3  <4.4780510581311295E-4>}
problem entropy = 0.11474354983829471
smallest variable entropy = 0.0039007982657877764
##### after BP iteration 5 #####
x[0,0]{3  <2.8499273203988316E-4>, 7  <0.99971500726796>}
x[0,1]{4  <1.0>}
x[0,2]{7  <2.8580812265415926E-4>, 3  <0.9997141918773458>}
x[0,3]{5  <1.0>}
x[0,4]{1  <1.0>}
x[0,5]{0  <1.0>}
x[0,6]{2  <1.0>}
x[0,7]{6  <1.0>}
x[1,0]{4  <1.0>}
x[1,1]{1  <1.0>}
x[1,2]{0  <1.0>}
x[1,3]{7  <1.0>}
x[1,4]{2  <1.0>}
x[1,5]{6  <1.0>}
x[1,6]{3  <1.0>}
x[1,7]{5  <1.0>}
x[2,0]{1  <1.0>}
x[2,1]{5  <1.0>}
x[2,2]{7  <0.9997149098360493>, 3  <2.8509016395080253E-4>}
x[2,3]{0  <1.0>}
x[2,4]{6  <1.0>}
x[2,5]{2  <1.0>}
x[2,6]{4  <1.0>}
x[2,7]{7  <2.838810169906899E-4>, 3  <0.9997161189830093>}
x[3,0]{6  <1.0>}
x[3,1]{3  <1.0>}
x[3,2]{5  <1.0>}
x[3,3]{4  <1.0>}
x[3,4]{0  <1.0>}
x[3,5]{7  <1.0>}
x[3,6]{1  <1.0>}
x[3,7]{2  <1.0>}
x[4,0]{2  <1.0>}
x[4,1]{7  <1.0>}
x[4,2]{1  <1.0>}
x[4,3]{3  <1.0>}
x[4,4]{4  <0.04529281301073864>, 5  <0.9547071869892614>}
x[4,5]{4  <0.954701793431213>, 5  <0.045298206568787115>}
x[4,6]{6  <1.0>}
x[4,7]{0  <1.0>}
x[5,0]{0  <1.0>}
x[5,1]{6  <1.0>}
x[5,2]{4  <1.0>}
x[5,3]{2  <1.0>}
x[5,4]{7  <1.0>}
x[5,5]{3  <1.0>}
x[5,6]{5  <1.0>}
x[5,7]{1  <1.0>}
x[6,0]{5  <1.0>}
x[6,1]{0  <1.0>}
x[6,2]{2  <1.0>}
x[6,3]{6  <1.0>}
x[6,4]{3  <1.0>}
x[6,5]{1  <1.0>}
x[6,6]{7  <1.0>}
x[6,7]{4  <1.0>}
x[7,0]{7  <2.837811733435033E-4>, 3  <0.9997162188266565>}
x[7,1]{2  <1.0>}
x[7,2]{6  <1.0>}
x[7,3]{1  <1.0>}
x[7,4]{5  <0.04529266869197141>, 4  <0.9547073313080287>}
x[7,5]{5  <0.9547023036328873>, 4  <0.04529769636711263>}
x[7,6]{0  <1.0>}
x[7,7]{7  <0.9997168573599278>, 3  <2.8314264007227194E-4>}
problem entropy = 0.10868272201507238
smallest variable entropy = 0.0025962532697393977
##### after BP iteration 6 #####
x[0,0]{3  <1.7975957835263552E-4>, 7  <0.9998202404216473>}
x[0,1]{4  <1.0>}
x[0,2]{7  <1.8017097351837792E-4>, 3  <0.9998198290264816>}
x[0,3]{5  <1.0>}
x[0,4]{1  <1.0>}
x[0,5]{0  <1.0>}
x[0,6]{2  <1.0>}
x[0,7]{6  <1.0>}
x[1,0]{4  <1.0>}
x[1,1]{1  <1.0>}
x[1,2]{0  <1.0>}
x[1,3]{7  <1.0>}
x[1,4]{2  <1.0>}
x[1,5]{6  <1.0>}
x[1,6]{3  <1.0>}
x[1,7]{5  <1.0>}
x[2,0]{1  <1.0>}
x[2,1]{5  <1.0>}
x[2,2]{7  <0.999820150655687>, 3  <1.7984934431303812E-4>}
x[2,3]{0  <1.0>}
x[2,4]{6  <1.0>}
x[2,5]{2  <1.0>}
x[2,6]{4  <1.0>}
x[2,7]{7  <1.7942396474877103E-4>, 3  <0.9998205760352512>}
x[3,0]{6  <1.0>}
x[3,1]{3  <1.0>}
x[3,2]{5  <1.0>}
x[3,3]{4  <1.0>}
x[3,4]{0  <1.0>}
x[3,5]{7  <1.0>}
x[3,6]{1  <1.0>}
x[3,7]{2  <1.0>}
x[4,0]{2  <1.0>}
x[4,1]{7  <1.0>}
x[4,2]{1  <1.0>}
x[4,3]{3  <1.0>}
x[4,4]{4  <0.042627121779235534>, 5  <0.9573728782207644>}
x[4,5]{4  <0.9573712990297231>, 5  <0.0426287009702769>}
x[4,6]{6  <1.0>}
x[4,7]{0  <1.0>}
x[5,0]{0  <1.0>}
x[5,1]{6  <1.0>}
x[5,2]{4  <1.0>}
x[5,3]{2  <1.0>}
x[5,4]{7  <1.0>}
x[5,5]{3  <1.0>}
x[5,6]{5  <1.0>}
x[5,7]{1  <1.0>}
x[6,0]{5  <1.0>}
x[6,1]{0  <1.0>}
x[6,2]{2  <1.0>}
x[6,3]{6  <1.0>}
x[6,4]{3  <1.0>}
x[6,5]{1  <1.0>}
x[6,6]{7  <1.0>}
x[6,7]{4  <1.0>}
x[7,0]{7  <1.7933682570159119E-4>, 3  <0.9998206631742984>}
x[7,1]{2  <1.0>}
x[7,2]{6  <1.0>}
x[7,3]{1  <1.0>}
x[7,4]{5  <0.042623553902603>, 4  <0.957376446097397>}
x[7,5]{5  <0.9573752110923023>, 4  <0.042624788907697664>}
x[7,6]{0  <1.0>}
x[7,7]{7  <0.999820803558414>, 3  <1.7919644158607048E-4>}
problem entropy = 0.10317870175647792
smallest variable entropy = 0.001725113088747812
##### after BP iteration 7 #####
x[0,0]{3  <1.134143514225335E-4>, 7  <0.9998865856485776>}
x[0,1]{4  <1.0>}
x[0,2]{7  <1.1346730192212383E-4>, 3  <0.9998865326980779>}
x[0,3]{5  <1.0>}
x[0,4]{1  <1.0>}
x[0,5]{0  <1.0>}
x[0,6]{2  <1.0>}
x[0,7]{6  <1.0>}
x[1,0]{4  <1.0>}
x[1,1]{1  <1.0>}
x[1,2]{0  <1.0>}
x[1,3]{7  <1.0>}
x[1,4]{2  <1.0>}
x[1,5]{6  <1.0>}
x[1,6]{3  <1.0>}
x[1,7]{5  <1.0>}
x[2,0]{1  <1.0>}
x[2,1]{5  <1.0>}
x[2,2]{7  <0.9998865388188556>, 3  <1.1346118114439274E-4>}
x[2,3]{0  <1.0>}
x[2,4]{6  <1.0>}
x[2,5]{2  <1.0>}
x[2,6]{4  <1.0>}
x[2,7]{7  <1.1347153592829038E-4>, 3  <0.9998865284640718>}
x[3,0]{6  <1.0>}
x[3,1]{3  <1.0>}
x[3,2]{5  <1.0>}
x[3,3]{4  <1.0>}
x[3,4]{0  <1.0>}
x[3,5]{7  <1.0>}
x[3,6]{1  <1.0>}
x[3,7]{2  <1.0>}
x[4,0]{2  <1.0>}
x[4,1]{7  <1.0>}
x[4,2]{1  <1.0>}
x[4,3]{3  <1.0>}
x[4,4]{4  <0.04010912423574696>, 5  <0.959890875764253>}
x[4,5]{4  <0.9598922630216581>, 5  <0.04010773697834188>}
x[4,6]{6  <1.0>}
x[4,7]{0  <1.0>}
x[5,0]{0  <1.0>}
x[5,1]{6  <1.0>}
x[5,2]{4  <1.0>}
x[5,3]{2  <1.0>}
x[5,4]{7  <1.0>}
x[5,5]{3  <1.0>}
x[5,6]{5  <1.0>}
x[5,7]{1  <1.0>}
x[6,0]{5  <1.0>}
x[6,1]{0  <1.0>}
x[6,2]{2  <1.0>}
x[6,3]{6  <1.0>}
x[6,4]{3  <1.0>}
x[6,5]{1  <1.0>}
x[6,6]{7  <1.0>}
x[6,7]{4  <1.0>}
x[7,0]{7  <1.1342530154492765E-4>, 3  <0.9998865746984551>}
x[7,1]{2  <1.0>}
x[7,2]{6  <1.0>}
x[7,3]{1  <1.0>}
x[7,4]{5  <0.040107599002979555>, 4  <0.9598924009970204>}
x[7,5]{5  <0.959894104665181>, 4  <0.040105895334819015>}
x[7,6]{0  <1.0>}
x[7,7]{7  <0.999886575000743>, 3  <1.1342499925707432E-4>}
problem entropy = 0.09810435949338152
smallest variable entropy = 0.0011437163557192188
##### after BP iteration 8 #####
x[0,0]{3  <7.15816211613906E-5>, 7  <0.9999284183788387>}
x[0,1]{4  <1.0>}
x[0,2]{7  <7.152213803030455E-5>, 3  <0.9999284778619697>}
x[0,3]{5  <1.0>}
x[0,4]{1  <1.0>}
x[0,5]{0  <1.0>}
x[0,6]{2  <1.0>}
x[0,7]{6  <1.0>}
x[1,0]{4  <1.0>}
x[1,1]{1  <1.0>}
x[1,2]{0  <1.0>}
x[1,3]{7  <1.0>}
x[1,4]{2  <1.0>}
x[1,5]{6  <1.0>}
x[1,6]{3  <1.0>}
x[1,7]{5  <1.0>}
x[2,0]{1  <1.0>}
x[2,1]{5  <1.0>}
x[2,2]{7  <0.9999284051678035>, 3  <7.159483219648476E-5>}
x[2,3]{0  <1.0>}
x[2,4]{6  <1.0>}
x[2,5]{2  <1.0>}
x[2,6]{4  <1.0>}
x[2,7]{7  <7.173870509455055E-5>, 3  <0.9999282612949055>}
x[3,0]{6  <1.0>}
x[3,1]{3  <1.0>}
x[3,2]{5  <1.0>}
x[3,3]{4  <1.0>}
x[3,4]{0  <1.0>}
x[3,5]{7  <1.0>}
x[3,6]{1  <1.0>}
x[3,7]{2  <1.0>}
x[4,0]{2  <1.0>}
x[4,1]{7  <1.0>}
x[4,2]{1  <1.0>}
x[4,3]{3  <1.0>}
x[4,4]{4  <0.03773218913106578>, 5  <0.9622678108689343>}
x[4,5]{4  <0.9622689904514627>, 5  <0.0377310095485373>}
x[4,6]{6  <1.0>}
x[4,7]{0  <1.0>}
x[5,0]{0  <1.0>}
x[5,1]{6  <1.0>}
x[5,2]{4  <1.0>}
x[5,3]{2  <1.0>}
x[5,4]{7  <1.0>}
x[5,5]{3  <1.0>}
x[5,6]{5  <1.0>}
x[5,7]{1  <1.0>}
x[6,0]{5  <1.0>}
x[6,1]{0  <1.0>}
x[6,2]{2  <1.0>}
x[6,3]{6  <1.0>}
x[6,4]{3  <1.0>}
x[6,5]{1  <1.0>}
x[6,6]{7  <1.0>}
x[6,7]{4  <1.0>}
x[7,0]{7  <7.172523218682755E-5>, 3  <0.9999282747678132>}
x[7,1]{2  <1.0>}
x[7,2]{6  <1.0>}
x[7,3]{1  <1.0>}
x[7,4]{5  <0.037733562674488075>, 4  <0.9622664373255119>}
x[7,5]{5  <0.9622679110267364>, 4  <0.03773208897326358>}
x[7,6]{0  <1.0>}
x[7,7]{7  <0.9999282225354966>, 3  <7.17774645033726E-5>}
problem entropy = 0.09337241296936524
smallest variable entropy = 7.542344015448063E-4
### branching on x[0,2]=3 marginal=0.9999284778619697
##### after BP iteration 1 #####
x[0,0]{7  <1.0>}
x[0,1]{4  <1.0>}
x[0,2]{3  <1.0>}
x[0,3]{5  <1.0>}
x[0,4]{1  <1.0>}
x[0,5]{0  <1.0>}
x[0,6]{2  <1.0>}
x[0,7]{6  <1.0>}
x[1,0]{4  <1.0>}
x[1,1]{1  <1.0>}
x[1,2]{0  <1.0>}
x[1,3]{7  <1.0>}
x[1,4]{2  <1.0>}
x[1,5]{6  <1.0>}
x[1,6]{3  <1.0>}
x[1,7]{5  <1.0>}
x[2,0]{1  <1.0>}
x[2,1]{5  <1.0>}
x[2,2]{7  <1.0>}
x[2,3]{0  <1.0>}
x[2,4]{6  <1.0>}
x[2,5]{2  <1.0>}
x[2,6]{4  <1.0>}
x[2,7]{3  <1.0>}
x[3,0]{6  <1.0>}
x[3,1]{3  <1.0>}
x[3,2]{5  <1.0>}
x[3,3]{4  <1.0>}
x[3,4]{0  <1.0>}
x[3,5]{7  <1.0>}
x[3,6]{1  <1.0>}
x[3,7]{2  <1.0>}
x[4,0]{2  <1.0>}
x[4,1]{7  <1.0>}
x[4,2]{1  <1.0>}
x[4,3]{3  <1.0>}
x[4,4]{4  <0.03549132173142818>, 5  <0.9645086782685718>}
x[4,5]{4  <0.9645082549637499>, 5  <0.03549174503625006>}
x[4,6]{6  <1.0>}
x[4,7]{0  <1.0>}
x[5,0]{0  <1.0>}
x[5,1]{6  <1.0>}
x[5,2]{4  <1.0>}
x[5,3]{2  <1.0>}
x[5,4]{7  <1.0>}
x[5,5]{3  <1.0>}
x[5,6]{5  <1.0>}
x[5,7]{1  <1.0>}
x[6,0]{5  <1.0>}
x[6,1]{0  <1.0>}
x[6,2]{2  <1.0>}
x[6,3]{6  <1.0>}
x[6,4]{3  <1.0>}
x[6,5]{1  <1.0>}
x[6,6]{7  <1.0>}
x[6,7]{4  <1.0>}
x[7,0]{3  <1.0>}
x[7,1]{2  <1.0>}
x[7,2]{6  <1.0>}
x[7,3]{1  <1.0>}
x[7,4]{5  <0.03549329010370294>, 4  <0.9645067098962969>}
x[7,5]{5  <0.9645065579287907>, 4  <0.0354934420712093>}
x[7,6]{0  <1.0>}
x[7,7]{7  <1.0>}
problem entropy = 0.22122899271583954
smallest variable entropy = 0.15334052754744437
##### after BP iteration 2 #####
x[0,0]{7  <1.0>}
x[0,1]{4  <1.0>}
x[0,2]{3  <1.0>}
x[0,3]{5  <1.0>}
x[0,4]{1  <1.0>}
x[0,5]{0  <1.0>}
x[0,6]{2  <1.0>}
x[0,7]{6  <1.0>}
x[1,0]{4  <1.0>}
x[1,1]{1  <1.0>}
x[1,2]{0  <1.0>}
x[1,3]{7  <1.0>}
x[1,4]{2  <1.0>}
x[1,5]{6  <1.0>}
x[1,6]{3  <1.0>}
x[1,7]{5  <1.0>}
x[2,0]{1  <1.0>}
x[2,1]{5  <1.0>}
x[2,2]{7  <1.0>}
x[2,3]{0  <1.0>}
x[2,4]{6  <1.0>}
x[2,5]{2  <1.0>}
x[2,6]{4  <1.0>}
x[2,7]{3  <1.0>}
x[3,0]{6  <1.0>}
x[3,1]{3  <1.0>}
x[3,2]{5  <1.0>}
x[3,3]{4  <1.0>}
x[3,4]{0  <1.0>}
x[3,5]{7  <1.0>}
x[3,6]{1  <1.0>}
x[3,7]{2  <1.0>}
x[4,0]{2  <1.0>}
x[4,1]{7  <1.0>}
x[4,2]{1  <1.0>}
x[4,3]{3  <1.0>}
x[4,4]{4  <0.033380204979207656>, 5  <0.9666197950207924>}
x[4,5]{4  <0.9666185826862207>, 5  <0.033381417313779325>}
x[4,6]{6  <1.0>}
x[4,7]{0  <1.0>}
x[5,0]{0  <1.0>}
x[5,1]{6  <1.0>}
x[5,2]{4  <1.0>}
x[5,3]{2  <1.0>}
x[5,4]{7  <1.0>}
x[5,5]{3  <1.0>}
x[5,6]{5  <1.0>}
x[5,7]{1  <1.0>}
x[6,0]{5  <1.0>}
x[6,1]{0  <1.0>}
x[6,2]{2  <1.0>}
x[6,3]{6  <1.0>}
x[6,4]{3  <1.0>}
x[6,5]{1  <1.0>}
x[6,6]{7  <1.0>}
x[6,7]{4  <1.0>}
x[7,0]{3  <1.0>}
x[7,1]{2  <1.0>}
x[7,2]{6  <1.0>}
x[7,3]{1  <1.0>}
x[7,4]{5  <0.0333810054360247>, 4  <0.9666189945639754>}
x[7,5]{5  <0.9666180323597491>, 4  <0.03338196764025094>}
x[7,6]{0  <1.0>}
x[7,7]{7  <1.0>}
problem entropy = 0.21107453598370526
smallest variable entropy = 0.14630254263105608
##### after BP iteration 3 #####
x[0,0]{7  <1.0>}
x[0,1]{4  <1.0>}
x[0,2]{3  <1.0>}
x[0,3]{5  <1.0>}
x[0,4]{1  <1.0>}
x[0,5]{0  <1.0>}
x[0,6]{2  <1.0>}
x[0,7]{6  <1.0>}
x[1,0]{4  <1.0>}
x[1,1]{1  <1.0>}
x[1,2]{0  <1.0>}
x[1,3]{7  <1.0>}
x[1,4]{2  <1.0>}
x[1,5]{6  <1.0>}
x[1,6]{3  <1.0>}
x[1,7]{5  <1.0>}
x[2,0]{1  <1.0>}
x[2,1]{5  <1.0>}
x[2,2]{7  <1.0>}
x[2,3]{0  <1.0>}
x[2,4]{6  <1.0>}
x[2,5]{2  <1.0>}
x[2,6]{4  <1.0>}
x[2,7]{3  <1.0>}
x[3,0]{6  <1.0>}
x[3,1]{3  <1.0>}
x[3,2]{5  <1.0>}
x[3,3]{4  <1.0>}
x[3,4]{0  <1.0>}
x[3,5]{7  <1.0>}
x[3,6]{1  <1.0>}
x[3,7]{2  <1.0>}
x[4,0]{2  <1.0>}
x[4,1]{7  <1.0>}
x[4,2]{1  <1.0>}
x[4,3]{3  <1.0>}
x[4,4]{4  <0.03139121644385336>, 5  <0.9686087835561467>}
x[4,5]{4  <0.9686079627439894>, 5  <0.03139203725601066>}
x[4,6]{6  <1.0>}
x[4,7]{0  <1.0>}
x[5,0]{0  <1.0>}
x[5,1]{6  <1.0>}
x[5,2]{4  <1.0>}
x[5,3]{2  <1.0>}
x[5,4]{7  <1.0>}
x[5,5]{3  <1.0>}
x[5,6]{5  <1.0>}
x[5,7]{1  <1.0>}
x[6,0]{5  <1.0>}
x[6,1]{0  <1.0>}
x[6,2]{2  <1.0>}
x[6,3]{6  <1.0>}
x[6,4]{3  <1.0>}
x[6,5]{1  <1.0>}
x[6,6]{7  <1.0>}
x[6,7]{4  <1.0>}
x[7,0]{3  <1.0>}
x[7,1]{2  <1.0>}
x[7,2]{6  <1.0>}
x[7,3]{1  <1.0>}
x[7,4]{5  <0.03139101052691318>, 4  <0.9686089894730868>}
x[7,5]{5  <0.9686083990401949>, 4  <0.031391600959805116>}
x[7,6]{0  <1.0>}
x[7,7]{7  <1.0>}
problem entropy = 0.20132269995106425
smallest variable entropy = 0.1395446988706148
##### after BP iteration 4 #####
x[0,0]{7  <1.0>}
x[0,1]{4  <1.0>}
x[0,2]{3  <1.0>}
x[0,3]{5  <1.0>}
x[0,4]{1  <1.0>}
x[0,5]{0  <1.0>}
x[0,6]{2  <1.0>}
x[0,7]{6  <1.0>}
x[1,0]{4  <1.0>}
x[1,1]{1  <1.0>}
x[1,2]{0  <1.0>}
x[1,3]{7  <1.0>}
x[1,4]{2  <1.0>}
x[1,5]{6  <1.0>}
x[1,6]{3  <1.0>}
x[1,7]{5  <1.0>}
x[2,0]{1  <1.0>}
x[2,1]{5  <1.0>}
x[2,2]{7  <1.0>}
x[2,3]{0  <1.0>}
x[2,4]{6  <1.0>}
x[2,5]{2  <1.0>}
x[2,6]{4  <1.0>}
x[2,7]{3  <1.0>}
x[3,0]{6  <1.0>}
x[3,1]{3  <1.0>}
x[3,2]{5  <1.0>}
x[3,3]{4  <1.0>}
x[3,4]{0  <1.0>}
x[3,5]{7  <1.0>}
x[3,6]{1  <1.0>}
x[3,7]{2  <1.0>}
x[4,0]{2  <1.0>}
x[4,1]{7  <1.0>}
x[4,2]{1  <1.0>}
x[4,3]{3  <1.0>}
x[4,4]{4  <0.029516940336354654>, 5  <0.9704830596636455>}
x[4,5]{4  <0.9704828937327187>, 5  <0.029517106267281417>}
x[4,6]{6  <1.0>}
x[4,7]{0  <1.0>}
x[5,0]{0  <1.0>}
x[5,1]{6  <1.0>}
x[5,2]{4  <1.0>}
x[5,3]{2  <1.0>}
x[5,4]{7  <1.0>}
x[5,5]{3  <1.0>}
x[5,6]{5  <1.0>}
x[5,7]{1  <1.0>}
x[6,0]{5  <1.0>}
x[6,1]{0  <1.0>}
x[6,2]{2  <1.0>}
x[6,3]{6  <1.0>}
x[6,4]{3  <1.0>}
x[6,5]{1  <1.0>}
x[6,6]{7  <1.0>}
x[6,7]{4  <1.0>}
x[7,0]{3  <1.0>}
x[7,1]{2  <1.0>}
x[7,2]{6  <1.0>}
x[7,3]{1  <1.0>}
x[7,4]{5  <0.029516723276731372>, 4  <0.9704832767232686>}
x[7,5]{5  <0.9704833231939336>, 4  <0.029516676806066306>}
x[7,6]{0  <1.0>}
x[7,7]{7  <1.0>}
problem entropy = 0.19196312654535064
smallest variable entropy = 0.1330580542319609
##### after BP iteration 5 #####
x[0,0]{7  <1.0>}
x[0,1]{4  <1.0>}
x[0,2]{3  <1.0>}
x[0,3]{5  <1.0>}
x[0,4]{1  <1.0>}
x[0,5]{0  <1.0>}
x[0,6]{2  <1.0>}
x[0,7]{6  <1.0>}
x[1,0]{4  <1.0>}
x[1,1]{1  <1.0>}
x[1,2]{0  <1.0>}
x[1,3]{7  <1.0>}
x[1,4]{2  <1.0>}
x[1,5]{6  <1.0>}
x[1,6]{3  <1.0>}
x[1,7]{5  <1.0>}
x[2,0]{1  <1.0>}
x[2,1]{5  <1.0>}
x[2,2]{7  <1.0>}
x[2,3]{0  <1.0>}
x[2,4]{6  <1.0>}
x[2,5]{2  <1.0>}
x[2,6]{4  <1.0>}
x[2,7]{3  <1.0>}
x[3,0]{6  <1.0>}
x[3,1]{3  <1.0>}
x[3,2]{5  <1.0>}
x[3,3]{4  <1.0>}
x[3,4]{0  <1.0>}
x[3,5]{7  <1.0>}
x[3,6]{1  <1.0>}
x[3,7]{2  <1.0>}
x[4,0]{2  <1.0>}
x[4,1]{7  <1.0>}
x[4,2]{1  <1.0>}
x[4,3]{3  <1.0>}
x[4,4]{4  <0.02775102637454202>, 5  <0.9722489736254579>}
x[4,5]{4  <0.9722490104084779>, 5  <0.027750989591522095>}
x[4,6]{6  <1.0>}
x[4,7]{0  <1.0>}
x[5,0]{0  <1.0>}
x[5,1]{6  <1.0>}
x[5,2]{4  <1.0>}
x[5,3]{2  <1.0>}
x[5,4]{7  <1.0>}
x[5,5]{3  <1.0>}
x[5,6]{5  <1.0>}
x[5,7]{1  <1.0>}
x[6,0]{5  <1.0>}
x[6,1]{0  <1.0>}
x[6,2]{2  <1.0>}
x[6,3]{6  <1.0>}
x[6,4]{3  <1.0>}
x[6,5]{1  <1.0>}
x[6,6]{7  <1.0>}
x[6,7]{4  <1.0>}
x[7,0]{3  <1.0>}
x[7,1]{2  <1.0>}
x[7,2]{6  <1.0>}
x[7,3]{1  <1.0>}
x[7,4]{5  <0.027751291811184717>, 4  <0.9722487081888153>}
x[7,5]{5  <0.9722489408068407>, 4  <0.027751059193159323>}
x[7,6]{0  <1.0>}
x[7,7]{7  <1.0>}
problem entropy = 0.18298516904635087
smallest variable entropy = 0.12683529072519684
##### after BP iteration 6 #####
x[0,0]{7  <1.0>}
x[0,1]{4  <1.0>}
x[0,2]{3  <1.0>}
x[0,3]{5  <1.0>}
x[0,4]{1  <1.0>}
x[0,5]{0  <1.0>}
x[0,6]{2  <1.0>}
x[0,7]{6  <1.0>}
x[1,0]{4  <1.0>}
x[1,1]{1  <1.0>}
x[1,2]{0  <1.0>}
x[1,3]{7  <1.0>}
x[1,4]{2  <1.0>}
x[1,5]{6  <1.0>}
x[1,6]{3  <1.0>}
x[1,7]{5  <1.0>}
x[2,0]{1  <1.0>}
x[2,1]{5  <1.0>}
x[2,2]{7  <1.0>}
x[2,3]{0  <1.0>}
x[2,4]{6  <1.0>}
x[2,5]{2  <1.0>}
x[2,6]{4  <1.0>}
x[2,7]{3  <1.0>}
x[3,0]{6  <1.0>}
x[3,1]{3  <1.0>}
x[3,2]{5  <1.0>}
x[3,3]{4  <1.0>}
x[3,4]{0  <1.0>}
x[3,5]{7  <1.0>}
x[3,6]{1  <1.0>}
x[3,7]{2  <1.0>}
x[4,0]{2  <1.0>}
x[4,1]{7  <1.0>}
x[4,2]{1  <1.0>}
x[4,3]{3  <1.0>}
x[4,4]{4  <0.026087906285136533>, 5  <0.9739120937148635>}
x[4,5]{4  <0.9739119362378645>, 5  <0.02608806376213548>}
x[4,6]{6  <1.0>}
x[4,7]{0  <1.0>}
x[5,0]{0  <1.0>}
x[5,1]{6  <1.0>}
x[5,2]{4  <1.0>}
x[5,3]{2  <1.0>}
x[5,4]{7  <1.0>}
x[5,5]{3  <1.0>}
x[5,6]{5  <1.0>}
x[5,7]{1  <1.0>}
x[6,0]{5  <1.0>}
x[6,1]{0  <1.0>}
x[6,2]{2  <1.0>}
x[6,3]{6  <1.0>}
x[6,4]{3  <1.0>}
x[6,5]{1  <1.0>}
x[6,6]{7  <1.0>}
x[6,7]{4  <1.0>}
x[7,0]{3  <1.0>}
x[7,1]{2  <1.0>}
x[7,2]{6  <1.0>}
x[7,3]{1  <1.0>}
x[7,4]{5  <0.02608843344248216>, 4  <0.9739115665575179>}
x[7,5]{5  <0.9739115894980325>, 4  <0.02608841050196755>}
x[7,6]{0  <1.0>}
x[7,7]{7  <1.0>}
problem entropy = 0.174377965075053
smallest variable entropy = 0.12086851898079917
##### after BP iteration 7 #####
x[0,0]{7  <1.0>}
x[0,1]{4  <1.0>}
x[0,2]{3  <1.0>}
x[0,3]{5  <1.0>}
x[0,4]{1  <1.0>}
x[0,5]{0  <1.0>}
x[0,6]{2  <1.0>}
x[0,7]{6  <1.0>}
x[1,0]{4  <1.0>}
x[1,1]{1  <1.0>}
x[1,2]{0  <1.0>}
x[1,3]{7  <1.0>}
x[1,4]{2  <1.0>}
x[1,5]{6  <1.0>}
x[1,6]{3  <1.0>}
x[1,7]{5  <1.0>}
x[2,0]{1  <1.0>}
x[2,1]{5  <1.0>}
x[2,2]{7  <1.0>}
x[2,3]{0  <1.0>}
x[2,4]{6  <1.0>}
x[2,5]{2  <1.0>}
x[2,6]{4  <1.0>}
x[2,7]{3  <1.0>}
x[3,0]{6  <1.0>}
x[3,1]{3  <1.0>}
x[3,2]{5  <1.0>}
x[3,3]{4  <1.0>}
x[3,4]{0  <1.0>}
x[3,5]{7  <1.0>}
x[3,6]{1  <1.0>}
x[3,7]{2  <1.0>}
x[4,0]{2  <1.0>}
x[4,1]{7  <1.0>}
x[4,2]{1  <1.0>}
x[4,3]{3  <1.0>}
x[4,4]{4  <0.024522186146133648>, 5  <0.9754778138538663>}
x[4,5]{4  <0.9754774618102049>, 5  <0.024522538189795107>}
x[4,6]{6  <1.0>}
x[4,7]{0  <1.0>}
x[5,0]{0  <1.0>}
x[5,1]{6  <1.0>}
x[5,2]{4  <1.0>}
x[5,3]{2  <1.0>}
x[5,4]{7  <1.0>}
x[5,5]{3  <1.0>}
x[5,6]{5  <1.0>}
x[5,7]{1  <1.0>}
x[6,0]{5  <1.0>}
x[6,1]{0  <1.0>}
x[6,2]{2  <1.0>}
x[6,3]{6  <1.0>}
x[6,4]{3  <1.0>}
x[6,5]{1  <1.0>}
x[6,6]{7  <1.0>}
x[6,7]{4  <1.0>}
x[7,0]{3  <1.0>}
x[7,1]{2  <1.0>}
x[7,2]{6  <1.0>}
x[7,3]{1  <1.0>}
x[7,4]{5  <0.02452259773461647>, 4  <0.9754774022653836>}
x[7,5]{5  <0.9754772162612353>, 4  <0.024522783738764747>}
x[7,6]{0  <1.0>}
x[7,7]{7  <1.0>}
problem entropy = 0.16613050268028481
smallest variable entropy = 0.11515163607471446
##### after BP iteration 8 #####
x[0,0]{7  <1.0>}
x[0,1]{4  <1.0>}
x[0,2]{3  <1.0>}
x[0,3]{5  <1.0>}
x[0,4]{1  <1.0>}
x[0,5]{0  <1.0>}
x[0,6]{2  <1.0>}
x[0,7]{6  <1.0>}
x[1,0]{4  <1.0>}
x[1,1]{1  <1.0>}
x[1,2]{0  <1.0>}
x[1,3]{7  <1.0>}
x[1,4]{2  <1.0>}
x[1,5]{6  <1.0>}
x[1,6]{3  <1.0>}
x[1,7]{5  <1.0>}
x[2,0]{1  <1.0>}
x[2,1]{5  <1.0>}
x[2,2]{7  <1.0>}
x[2,3]{0  <1.0>}
x[2,4]{6  <1.0>}
x[2,5]{2  <1.0>}
x[2,6]{4  <1.0>}
x[2,7]{3  <1.0>}
x[3,0]{6  <1.0>}
x[3,1]{3  <1.0>}
x[3,2]{5  <1.0>}
x[3,3]{4  <1.0>}
x[3,4]{0  <1.0>}
x[3,5]{7  <1.0>}
x[3,6]{1  <1.0>}
x[3,7]{2  <1.0>}
x[4,0]{2  <1.0>}
x[4,1]{7  <1.0>}
x[4,2]{1  <1.0>}
x[4,3]{3  <1.0>}
x[4,4]{4  <0.02304843340768352>, 5  <0.9769515665923165>}
x[4,5]{4  <0.9769512204324949>, 5  <0.02304877956750508>}
x[4,6]{6  <1.0>}
x[4,7]{0  <1.0>}
x[5,0]{0  <1.0>}
x[5,1]{6  <1.0>}
x[5,2]{4  <1.0>}
x[5,3]{2  <1.0>}
x[5,4]{7  <1.0>}
x[5,5]{3  <1.0>}
x[5,6]{5  <1.0>}
x[5,7]{1  <1.0>}
x[6,0]{5  <1.0>}
x[6,1]{0  <1.0>}
x[6,2]{2  <1.0>}
x[6,3]{6  <1.0>}
x[6,4]{3  <1.0>}
x[6,5]{1  <1.0>}
x[6,6]{7  <1.0>}
x[6,7]{4  <1.0>}
x[7,0]{3  <1.0>}
x[7,1]{2  <1.0>}
x[7,2]{6  <1.0>}
x[7,3]{1  <1.0>}
x[7,4]{5  <0.02304862568464671>, 4  <0.9769513743153534>}
x[7,5]{5  <0.9769511808756511>, 4  <0.02304881912434883>}
x[7,6]{0  <1.0>}
x[7,7]{7  <1.0>}
problem entropy = 0.15823168012027058
smallest variable entropy = 0.10967697728871431
##### after BP iteration 9 #####
x[0,0]{7  <1.0>}
x[0,1]{4  <1.0>}
x[0,2]{3  <1.0>}
x[0,3]{5  <1.0>}
x[0,4]{1  <1.0>}
x[0,5]{0  <1.0>}
x[0,6]{2  <1.0>}
x[0,7]{6  <1.0>}
x[1,0]{4  <1.0>}
x[1,1]{1  <1.0>}
x[1,2]{0  <1.0>}
x[1,3]{7  <1.0>}
x[1,4]{2  <1.0>}
x[1,5]{6  <1.0>}
x[1,6]{3  <1.0>}
x[1,7]{5  <1.0>}
x[2,0]{1  <1.0>}
x[2,1]{5  <1.0>}
x[2,2]{7  <1.0>}
x[2,3]{0  <1.0>}
x[2,4]{6  <1.0>}
x[2,5]{2  <1.0>}
x[2,6]{4  <1.0>}
x[2,7]{3  <1.0>}
x[3,0]{6  <1.0>}
x[3,1]{3  <1.0>}
x[3,2]{5  <1.0>}
x[3,3]{4  <1.0>}
x[3,4]{0  <1.0>}
x[3,5]{7  <1.0>}
x[3,6]{1  <1.0>}
x[3,7]{2  <1.0>}
x[4,0]{2  <1.0>}
x[4,1]{7  <1.0>}
x[4,2]{1  <1.0>}
x[4,3]{3  <1.0>}
x[4,4]{4  <0.02166135588050719>, 5  <0.9783386441194929>}
x[4,5]{4  <0.9783384182414112>, 5  <0.021661581758588778>}
x[4,6]{6  <1.0>}
x[4,7]{0  <1.0>}
x[5,0]{0  <1.0>}
x[5,1]{6  <1.0>}
x[5,2]{4  <1.0>}
x[5,3]{2  <1.0>}
x[5,4]{7  <1.0>}
x[5,5]{3  <1.0>}
x[5,6]{5  <1.0>}
x[5,7]{1  <1.0>}
x[6,0]{5  <1.0>}
x[6,1]{0  <1.0>}
x[6,2]{2  <1.0>}
x[6,3]{6  <1.0>}
x[6,4]{3  <1.0>}
x[6,5]{1  <1.0>}
x[6,6]{7  <1.0>}
x[6,7]{4  <1.0>}
x[7,0]{3  <1.0>}
x[7,1]{2  <1.0>}
x[7,2]{6  <1.0>}
x[7,3]{1  <1.0>}
x[7,4]{5  <0.021661462476307403>, 4  <0.9783385375236926>}
x[7,5]{5  <0.9783384520894209>, 4  <0.021661547910579164>}
x[7,6]{0  <1.0>}
x[7,7]{7  <1.0>}
problem entropy = 0.15067035949339816
smallest variable entropy = 0.10443623524462027
##### after BP iteration 10 #####
x[0,0]{7  <1.0>}
x[0,1]{4  <1.0>}
x[0,2]{3  <1.0>}
x[0,3]{5  <1.0>}
x[0,4]{1  <1.0>}
x[0,5]{0  <1.0>}
x[0,6]{2  <1.0>}
x[0,7]{6  <1.0>}
x[1,0]{4  <1.0>}
x[1,1]{1  <1.0>}
x[1,2]{0  <1.0>}
x[1,3]{7  <1.0>}
x[1,4]{2  <1.0>}
x[1,5]{6  <1.0>}
x[1,6]{3  <1.0>}
x[1,7]{5  <1.0>}
x[2,0]{1  <1.0>}
x[2,1]{5  <1.0>}
x[2,2]{7  <1.0>}
x[2,3]{0  <1.0>}
x[2,4]{6  <1.0>}
x[2,5]{2  <1.0>}
x[2,6]{4  <1.0>}
x[2,7]{3  <1.0>}
x[3,0]{6  <1.0>}
x[3,1]{3  <1.0>}
x[3,2]{5  <1.0>}
x[3,3]{4  <1.0>}
x[3,4]{0  <1.0>}
x[3,5]{7  <1.0>}
x[3,6]{1  <1.0>}
x[3,7]{2  <1.0>}
x[4,0]{2  <1.0>}
x[4,1]{7  <1.0>}
x[4,2]{1  <1.0>}
x[4,3]{3  <1.0>}
x[4,4]{4  <0.020356005088140866>, 5  <0.979643994911859>}
x[4,5]{4  <0.9796438520001115>, 5  <0.020356147999888607>}
x[4,6]{6  <1.0>}
x[4,7]{0  <1.0>}
x[5,0]{0  <1.0>}
x[5,1]{6  <1.0>}
x[5,2]{4  <1.0>}
x[5,3]{2  <1.0>}
x[5,4]{7  <1.0>}
x[5,5]{3  <1.0>}
x[5,6]{5  <1.0>}
x[5,7]{1  <1.0>}
x[6,0]{5  <1.0>}
x[6,1]{0  <1.0>}
x[6,2]{2  <1.0>}
x[6,3]{6  <1.0>}
x[6,4]{3  <1.0>}
x[6,5]{1  <1.0>}
x[6,6]{7  <1.0>}
x[6,7]{4  <1.0>}
x[7,0]{3  <1.0>}
x[7,1]{2  <1.0>}
x[7,2]{6  <1.0>}
x[7,3]{1  <1.0>}
x[7,4]{5  <0.02035615727876371>, 4  <0.9796438427212363>}
x[7,5]{5  <0.9796438289420033>, 4  <0.02035617105799662>}
x[7,6]{0  <1.0>}
x[7,7]{7  <1.0>}
problem entropy = 0.14343541443406693
smallest variable entropy = 0.09942140658093876
### branching on x[4,4]=5 marginal=0.979643994911859
##### after BP iteration 1 #####
x[0,0]{7  <1.0>}
x[0,1]{4  <1.0>}
x[0,2]{3  <1.0>}
x[0,3]{5  <1.0>}
x[0,4]{1  <1.0>}
x[0,5]{0  <1.0>}
x[0,6]{2  <1.0>}
x[0,7]{6  <1.0>}
x[1,0]{4  <1.0>}
x[1,1]{1  <1.0>}
x[1,2]{0  <1.0>}
x[1,3]{7  <1.0>}
x[1,4]{2  <1.0>}
x[1,5]{6  <1.0>}
x[1,6]{3  <1.0>}
x[1,7]{5  <1.0>}
x[2,0]{1  <1.0>}
x[2,1]{5  <1.0>}
x[2,2]{7  <1.0>}
x[2,3]{0  <1.0>}
x[2,4]{6  <1.0>}
x[2,5]{2  <1.0>}
x[2,6]{4  <1.0>}
x[2,7]{3  <1.0>}
x[3,0]{6  <1.0>}
x[3,1]{3  <1.0>}
x[3,2]{5  <1.0>}
x[3,3]{4  <1.0>}
x[3,4]{0  <1.0>}
x[3,5]{7  <1.0>}
x[3,6]{1  <1.0>}
x[3,7]{2  <1.0>}
x[4,0]{2  <1.0>}
x[4,1]{7  <1.0>}
x[4,2]{1  <1.0>}
x[4,3]{3  <1.0>}
x[4,4]{5  <1.0>}
x[4,5]{4  <1.0>}
x[4,6]{6  <1.0>}
x[4,7]{0  <1.0>}
x[5,0]{0  <1.0>}
x[5,1]{6  <1.0>}
x[5,2]{4  <1.0>}
x[5,3]{2  <1.0>}
x[5,4]{7  <1.0>}
x[5,5]{3  <1.0>}
x[5,6]{5  <1.0>}
x[5,7]{1  <1.0>}
x[6,0]{5  <1.0>}
x[6,1]{0  <1.0>}
x[6,2]{2  <1.0>}
x[6,3]{6  <1.0>}
x[6,4]{3  <1.0>}
x[6,5]{1  <1.0>}
x[6,6]{7  <1.0>}
x[6,7]{4  <1.0>}
x[7,0]{3  <1.0>}
x[7,1]{2  <1.0>}
x[7,2]{6  <1.0>}
x[7,3]{1  <1.0>}
x[7,4]{4  <1.0>}
x[7,5]{5  <1.0>}
x[7,6]{0  <1.0>}
x[7,7]{7  <1.0>}
problem entropy = 0.0
smallest variable entropy = 1.7976931348623157E308
### branching on x[4,4]!=5
##### after BP iteration 1 #####
x[0,0]{7  <1.0>}
x[0,1]{4  <1.0>}
x[0,2]{3  <1.0>}
x[0,3]{5  <1.0>}
x[0,4]{1  <1.0>}
x[0,5]{0  <1.0>}
x[0,6]{2  <1.0>}
x[0,7]{6  <1.0>}
x[1,0]{4  <1.0>}
x[1,1]{1  <1.0>}
x[1,2]{0  <1.0>}
x[1,3]{7  <1.0>}
x[1,4]{2  <1.0>}
x[1,5]{6  <1.0>}
x[1,6]{3  <1.0>}
x[1,7]{5  <1.0>}
x[2,0]{1  <1.0>}
x[2,1]{5  <1.0>}
x[2,2]{7  <1.0>}
x[2,3]{0  <1.0>}
x[2,4]{6  <1.0>}
x[2,5]{2  <1.0>}
x[2,6]{4  <1.0>}
x[2,7]{3  <1.0>}
x[3,0]{6  <1.0>}
x[3,1]{3  <1.0>}
x[3,2]{5  <1.0>}
x[3,3]{4  <1.0>}
x[3,4]{0  <1.0>}
x[3,5]{7  <1.0>}
x[3,6]{1  <1.0>}
x[3,7]{2  <1.0>}
x[4,0]{2  <1.0>}
x[4,1]{7  <1.0>}
x[4,2]{1  <1.0>}
x[4,3]{3  <1.0>}
x[4,4]{4  <1.0>}
x[4,5]{5  <1.0>}
x[4,6]{6  <1.0>}
x[4,7]{0  <1.0>}
x[5,0]{0  <1.0>}
x[5,1]{6  <1.0>}
x[5,2]{4  <1.0>}
x[5,3]{2  <1.0>}
x[5,4]{7  <1.0>}
x[5,5]{3  <1.0>}
x[5,6]{5  <1.0>}
x[5,7]{1  <1.0>}
x[6,0]{5  <1.0>}
x[6,1]{0  <1.0>}
x[6,2]{2  <1.0>}
x[6,3]{6  <1.0>}
x[6,4]{3  <1.0>}
x[6,5]{1  <1.0>}
x[6,6]{7  <1.0>}
x[6,7]{4  <1.0>}
x[7,0]{3  <1.0>}
x[7,1]{2  <1.0>}
x[7,2]{6  <1.0>}
x[7,3]{1  <1.0>}
x[7,4]{5  <1.0>}
x[7,5]{4  <1.0>}
x[7,6]{0  <1.0>}
x[7,7]{7  <1.0>}
problem entropy = 0.0
smallest variable entropy = 1.7976931348623157E308

	#choice: 12
	#fail: 0
	execution time (ms): 415
	#sols : 1
	completed : false

