{0  <1.0>, 1  <1.0>, 6  <1.0>, 5  <1.0>}
model: sum-product-oracle
FINAL DAMPING FACTOR = 0.7
##### after BP iteration 1 #####
x[0,0]{0  <0.006283883814163683>, 6  <0.9937161161858363>}
x[0,1]{0  <0.993232396238413>, 6  <0.006767603761586993>}
x[0,2]{3  <1.0>}
x[0,3]{1  <1.0>}
x[0,4]{4  <1.0>}
x[0,5]{2  <1.0>}
x[0,6]{7  <1.0>}
x[0,7]{5  <1.0>}
x[1,0]{3  <1.0>}
x[1,1]{7  <1.0>}
x[1,2]{4  <1.0>}
x[1,3]{0  <1.0>}
x[1,4]{1  <1.0>}
x[1,5]{5  <1.0>}
x[1,6]{2  <1.0>}
x[1,7]{6  <1.0>}
x[2,0]{6  <0.006137657839491762>, 5  <0.4837055437919463>, 2  <0.5101567983685619>}
x[2,1]{3  <1.0>}
x[2,2]{7  <1.0>}
x[2,3]{2  <0.4588630887003782>, 5  <0.5411369112996219>}
x[2,4]{6  <0.985982946367704>, 5  <0.005412699735401439>, 2  <0.008604353896894686>}
x[2,5]{1  <1.0>}
x[2,6]{4  <1.0>}
x[2,7]{0  <1.0>}
x[3,0]{7  <2.2380144906082144E-4>, 5  <0.1496438352936144>, 2  <0.12073311588998802>, 4  <0.7293992473673367>}
x[3,1]{4  <0.2763617623614284>, 5  <0.42725692751834277>, 2  <0.29638131012022884>}
x[3,2]{2  <0.6355365279975248>, 5  <0.36446347200247525>}
x[3,3]{6  <1.0>}
x[3,4]{7  <0.9992352900699776>, 5  <2.8415361858962943E-4>, 2  <4.805563114327299E-4>}
x[3,5]{0  <1.0>}
x[3,6]{1  <1.0>}
x[3,7]{3  <1.0>}
x[4,0]{0  <0.9934004755764639>, 7  <4.814362700941944E-5>, 2  <0.002017438766741647>, 6  <2.760100239328162E-4>, 4  <0.001926551256565694>, 5  <0.002331380749286591>}
x[4,1]{0  <0.003961080354908559>, 6  <0.014550238950771318>, 2  <0.19184729458195046>, 5  <0.22870399026594265>, 4  <0.560937395846427>}
x[4,2]{1  <1.0>}
x[4,3]{3  <0.8361207762408593>, 4  <0.16387922375914066>}
x[4,4]{0  <0.002515788258684769>, 7  <0.0016997629844593012>, 2  <0.38113660692992346>, 3  <0.15485451692145594>, 6  <0.007020086932186772>, 5  <0.45277323797328983>}
x[4,5]{6  <0.31216626912180245>, 7  <0.6878337308781975>}
x[4,6]{5  <0.3320403525515279>, 6  <0.667959647448472>}
x[4,7]{4  <0.27550861320590014>, 7  <0.31596809364666006>, 2  <0.40852329314743985>}
x[5,0]{4  <0.24364194199723926>, 6  <0.0017889236609876027>, 2  <0.3802847363195795>, 5  <0.37428439802219376>}
x[5,1]{1  <1.0>}
x[5,2]{5  <0.016755534860936935>, 6  <0.9749316473846443>, 2  <0.008312817754418627>}
x[5,3]{7  <1.0>}
x[5,4]{5  <0.5361040577305718>, 6  <0.01694557192709581>, 2  <0.44695037034233237>}
x[5,5]{3  <1.0>}
x[5,6]{0  <1.0>}
x[5,7]{4  <0.7159795533673258>, 2  <0.2840204466326742>}
x[6,0]{1  <1.0>}
x[6,1]{6  <0.027635975140771128>, 4  <0.19272944946985168>, 2  <0.403640520579848>, 5  <0.37599405480952913>}
x[6,2]{0  <1.0>}
x[6,3]{3  <0.2788333327723541>, 4  <0.721166667227646>}
x[6,4]{7  <3.1235162490851663E-4>, 5  <0.08233660939420666>, 2  <0.1874711759021893>, 3  <0.7286852409953841>, 6  <0.0011946220833113819>}
x[6,5]{7  <0.43227311453463085>, 6  <0.5677268854653692>}
x[6,6]{6  <0.41501283370391673>, 5  <0.5849871662960833>}
x[6,7]{7  <0.5557523283815738>, 4  <0.12151561671211482>, 2  <0.32273205490631146>}
x[7,0]{0  <1.0472576485257107E-4>, 5  <5.148121583711673E-6>, 2  <4.203250467149997E-6>, 6  <7.380341804022159E-7>, 7  <0.9998851848289162>}
x[7,1]{0  <0.0031652702858404468>, 5  <0.018851240818445605>, 2  <0.01640539197102093>, 6  <0.961578096924693>}
x[7,2]{6  <0.030328644120968102>, 5  <0.5871142503415662>, 2  <0.3825571055374658>}
x[7,3]{2  <0.5599755726796621>, 5  <0.4400244273203378>}
x[7,4]{0  <0.9972791995283943>, 5  <8.162268919547557E-4>, 2  <0.0013961508717180882>, 6  <4.5625677526459215E-4>, 7  <5.216593266827283E-5>}
x[7,5]{4  <1.0>}
x[7,6]{3  <1.0>}
x[7,7]{1  <1.0>}
problem entropy = 0.5928364005711739
smallest variable entropy = 0.0011996761486875976
##### after BP iteration 2 #####
x[0,0]{0  <0.0025111229834987453>, 6  <0.9974888770165014>}
x[0,1]{0  <0.9972197841370937>, 6  <0.0027802158629063292>}
x[0,2]{3  <1.0>}
x[0,3]{1  <1.0>}
x[0,4]{4  <1.0>}
x[0,5]{2  <1.0>}
x[0,6]{7  <1.0>}
x[0,7]{5  <1.0>}
x[1,0]{3  <1.0>}
x[1,1]{7  <1.0>}
x[1,2]{4  <1.0>}
x[1,3]{0  <1.0>}
x[1,4]{1  <1.0>}
x[1,5]{5  <1.0>}
x[1,6]{2  <1.0>}
x[1,7]{6  <1.0>}
x[2,0]{6  <0.0025896940372106933>, 5  <0.48956783964931666>, 2  <0.5078424663134726>}
x[2,1]{3  <1.0>}
x[2,2]{7  <1.0>}
x[2,3]{2  <0.4689587159565416>, 5  <0.5310412840434584>}
x[2,4]{6  <0.9938673042539885>, 5  <0.00215031506218074>, 2  <0.003982380683830749>}
x[2,5]{1  <1.0>}
x[2,6]{4  <1.0>}
x[2,7]{0  <1.0>}
x[3,0]{7  <7.612271595884846E-5>, 5  <0.14834450239297975>, 2  <0.12099495012567978>, 4  <0.7305844247653815>}
x[3,1]{4  <0.2880363539959133>, 5  <0.39165366408488494>, 2  <0.32030998191920174>}
x[3,2]{2  <0.5951664514996384>, 5  <0.4048335485003615>}
x[3,3]{6  <1.0>}
x[3,4]{7  <0.9996966664620919>, 5  <1.2204029306958427E-4>, 2  <1.8129324483859508E-4>}
x[3,5]{0  <1.0>}
x[3,6]{1  <1.0>}
x[3,7]{3  <1.0>}
x[4,0]{0  <0.9974473333516256>, 7  <1.9250810000449618E-5>, 2  <8.140617801187557E-4>, 6  <1.2583918755902206E-4>, 4  <7.666924153141747E-4>, 5  <8.268224553820274E-4>}
x[4,1]{0  <0.0014354964561439042>, 6  <0.011508423126081345>, 2  <0.21677232418732423>, 5  <0.2129705356116135>, 4  <0.5573132206188371>}
x[4,2]{1  <1.0>}
x[4,3]{3  <0.801963500659653>, 4  <0.19803649934034684>}
x[4,4]{0  <0.0011214630810146382>, 7  <9.31553044425225E-4>, 2  <0.3773647366406734>, 3  <0.18748326844706673>, 6  <0.0038385485750676495>, 5  <0.4292604302117525>}
x[4,5]{6  <0.38885147742001147>, 7  <0.6111485225799885>}
x[4,6]{5  <0.39796998782218096>, 6  <0.6020300121778189>}
x[4,7]{4  <0.21109597979805347>, 7  <0.39759817033641953>, 2  <0.3913058498655269>}
x[5,0]{4  <0.22187392073432008>, 6  <7.60135569494388E-4>, 2  <0.3410352843469598>, 5  <0.4363306593492259>}
x[5,1]{1  <1.0>}
x[5,2]{5  <0.010183954090993319>, 6  <0.9852041852705732>, 2  <0.004611860638433521>}
x[5,3]{7  <1.0>}
x[5,4]{5  <0.4672244427692877>, 6  <0.008260727506132758>, 2  <0.5245148297245795>}
x[5,5]{3  <1.0>}
x[5,6]{0  <1.0>}
x[5,7]{4  <0.7611603469268783>, 2  <0.2388396530731217>}
x[6,0]{1  <1.0>}
x[6,1]{6  <0.01765542755468059>, 4  <0.15882389071004846>, 2  <0.5731627000737763>, 5  <0.2503579816614946>}
x[6,2]{0  <1.0>}
x[6,3]{3  <0.17344185158154765>, 4  <0.8265581484184524>}
x[6,4]{7  <1.1333098627080758E-4>, 5  <0.03958908347638184>, 2  <0.12181208721622>, 3  <0.8381090945410965>, 6  <3.76403780030896E-4>}
x[6,5]{7  <0.26097009097768953>, 6  <0.7390299090223105>}
x[6,6]{6  <0.25537878435977474>, 5  <0.7446212156402252>}
x[6,7]{7  <0.7300645040137012>, 4  <0.04938040093715424>, 2  <0.22055509504914467>}
x[7,0]{0  <2.9891623939744284E-5>, 5  <1.310251909871637E-6>, 2  <1.07964354002348E-6>, 6  <1.2323798448106474E-7>, 7  <0.9999675952426259>}
x[7,1]{0  <0.0013631104368921202>, 5  <0.012868102004838006>, 2  <0.012039684390361448>, 6  <0.9737291031679085>}
x[7,2]{6  <0.02023483974122634>, 5  <0.6123330883978285>, 2  <0.367432071860945>}
x[7,3]{2  <0.586134698190744>, 5  <0.41386530180925607>}
x[7,4]{0  <0.9988395828761801>, 5  <3.97629078746055E-4>, 2  <5.966631750750745E-4>, 6  <1.544347984757868E-4>, 7  <1.1690071523089839E-5>}
x[7,5]{4  <1.0>}
x[7,6]{3  <1.0>}
x[7,7]{1  <1.0>}
problem entropy = 0.5566608229979739
smallest variable entropy = 3.783545930814524E-4
### branching on x[7,0]=7 marginal=0.9999675952426259
##### after BP iteration 1 #####
x[0,0]{0  <9.431329013554996E-4>, 6  <0.9990568670986445>}
x[0,1]{0  <0.9989839767078541>, 6  <0.0010160232921458182>}
x[0,2]{3  <1.0>}
x[0,3]{1  <1.0>}
x[0,4]{4  <1.0>}
x[0,5]{2  <1.0>}
x[0,6]{7  <1.0>}
x[0,7]{5  <1.0>}
x[1,0]{3  <1.0>}
x[1,1]{7  <1.0>}
x[1,2]{4  <1.0>}
x[1,3]{0  <1.0>}
x[1,4]{1  <1.0>}
x[1,5]{5  <1.0>}
x[1,6]{2  <1.0>}
x[1,7]{6  <1.0>}
x[2,0]{6  <9.961959438064604E-4>, 5  <0.4492161704616075>, 2  <0.5497876335945859>}
x[2,1]{3  <1.0>}
x[2,2]{7  <1.0>}
x[2,3]{2  <0.4535290834413539>, 5  <0.546470916558646>}
x[2,4]{6  <0.9973234586022085>, 5  <9.606012496602209E-4>, 2  <0.0017159401481311716>}
x[2,5]{1  <1.0>}
x[2,6]{4  <1.0>}
x[2,7]{0  <1.0>}
x[3,0]{4  <0.7492576515359665>, 5  <0.13778806839362978>, 2  <0.11295428007040374>}
x[3,1]{4  <0.27626817042817853>, 5  <0.45647255471227477>, 2  <0.2672592748595467>}
x[3,2]{2  <0.5627408396434664>, 5  <0.43725916035653345>}
x[3,3]{6  <1.0>}
x[3,4]{7  <1.0>}
x[3,5]{0  <1.0>}
x[3,6]{1  <1.0>}
x[3,7]{3  <1.0>}
x[4,0]{0  <0.9990908733618965>, 5  <2.4934952306139205E-4>, 2  <3.221103382266334E-4>, 6  <5.174001228450069E-5>, 4  <2.8592676453090754E-4>}
x[4,1]{0  <4.5368481202408186E-4>, 6  <0.008589224568979623>, 2  <0.1987815268781619>, 5  <0.21935514058034897>, 4  <0.5728204231604854>}
x[4,2]{1  <1.0>}
x[4,3]{3  <0.7949901768162555>, 4  <0.2050098231837446>}
x[4,4]{0  <4.5441051433448384E-4>, 5  <0.40766179776078343>, 2  <0.3902041767851336>, 3  <0.19960610276728838>, 6  <0.002073512172460016>}
x[4,5]{6  <0.3494612910936797>, 7  <0.6505387089063204>}
x[4,6]{5  <0.3598660286468893>, 6  <0.6401339713531107>}
x[4,7]{4  <0.1850087606695228>, 7  <0.3540248867156837>, 2  <0.46096635261479346>}
x[5,0]{4  <0.21234822699102815>, 6  <3.0859225697065824E-4>, 2  <0.2970372758192806>, 5  <0.4903059049327206>}
x[5,1]{1  <1.0>}
x[5,2]{5  <0.005520422279951075>, 6  <0.9918506905212332>, 2  <0.0026288871988157255>}
x[5,3]{7  <1.0>}
x[5,4]{5  <0.4852247064972936>, 6  <0.0038722513502543656>, 2  <0.5109030421524521>}
x[5,5]{3  <1.0>}
x[5,6]{0  <1.0>}
x[5,7]{4  <0.7976532159478633>, 2  <0.20234678405213669>}
x[6,0]{1  <1.0>}
x[6,1]{6  <0.010381765970396384>, 4  <0.10077679950368879>, 2  <0.731801117075028>, 5  <0.15704031745088687>}
x[6,2]{0  <1.0>}
x[6,3]{3  <0.11167936279514497>, 4  <0.888320637204855>}
x[6,4]{6  <1.1422117980371714E-4>, 5  <0.018333675869627298>, 2  <0.08972874057831465>, 3  <0.8918233623722543>}
x[6,5]{7  <0.1876735834292683>, 6  <0.8123264165707317>}
x[6,6]{6  <0.18092900996629735>, 5  <0.8190709900337025>}
x[6,7]{7  <0.8043359706485829>, 4  <0.01849391845580088>, 2  <0.17717011089561627>}
x[7,0]{7  <1.0>}
x[7,1]{0  <4.974818636539668E-4>, 5  <0.009041103404461737>, 2  <0.007621131447372089>, 6  <0.9828402832845121>}
x[7,2]{6  <0.012714147842405677>, 5  <0.5923642907129457>, 2  <0.3949215614446487>}
x[7,3]{2  <0.5951222954729342>, 5  <0.4048777045270658>}
x[7,4]{0  <0.9995622492590961>, 5  <1.6240962516631097E-4>, 2  <2.305671231005387E-4>, 6  <4.4773992637076485E-5>}
x[7,5]{4  <1.0>}
x[7,6]{3  <1.0>}
x[7,7]{1  <1.0>}
problem entropy = 0.561790790884952
smallest variable entropy = 0.004234095977770821
##### after BP iteration 2 #####
x[0,0]{0  <3.2209525067987383E-4>, 6  <0.9996779047493202>}
x[0,1]{0  <0.9996734334131868>, 6  <3.2656658681322E-4>}
x[0,2]{3  <1.0>}
x[0,3]{1  <1.0>}
x[0,4]{4  <1.0>}
x[0,5]{2  <1.0>}
x[0,6]{7  <1.0>}
x[0,7]{5  <1.0>}
x[1,0]{3  <1.0>}
x[1,1]{7  <1.0>}
x[1,2]{4  <1.0>}
x[1,3]{0  <1.0>}
x[1,4]{1  <1.0>}
x[1,5]{5  <1.0>}
x[1,6]{2  <1.0>}
x[1,7]{6  <1.0>}
x[2,0]{6  <3.625308768306794E-4>, 5  <0.3873182802357118>, 2  <0.6123191888874575>}
x[2,1]{3  <1.0>}
x[2,2]{7  <1.0>}
x[2,3]{2  <0.40863305187566246>, 5  <0.5913669481243375>}
x[2,4]{6  <0.9988415750663197>, 5  <4.1784222026538674E-4>, 2  <7.405827134149117E-4>}
x[2,5]{1  <1.0>}
x[2,6]{4  <1.0>}
x[2,7]{0  <1.0>}
x[3,0]{4  <0.77165537995274>, 5  <0.12632107187947902>, 2  <0.10202354816778099>}
x[3,1]{4  <0.256011037381979>, 5  <0.5536495880925927>, 2  <0.1903393745254282>}
x[3,2]{2  <0.5927632672715683>, 5  <0.40723673272843186>}
x[3,3]{6  <1.0>}
x[3,4]{7  <1.0>}
x[3,5]{0  <1.0>}
x[3,6]{1  <1.0>}
x[3,7]{3  <1.0>}
x[4,0]{0  <0.999695056183334>, 5  <9.104255352090192E-5>, 2  <9.45864856493082E-5>, 6  <1.9891760621780305E-5>, 4  <9.942301687398592E-5>}
x[4,1]{0  <1.2138821221417548E-4>, 6  <0.005448006352668852>, 2  <0.11662784446327924>, 5  <0.260700068661305>, 4  <0.6171026923105327>}
x[4,2]{1  <1.0>}
x[4,3]{3  <0.8620132349204563>, 4  <0.1379867650795437>}
x[4,4]{0  <1.7331331027556026E-4>, 5  <0.5330779085398217>, 2  <0.3260350188997095>, 3  <0.1395246454625226>, 6  <0.0011891137876707206>}
x[4,5]{6  <0.17488944771266388>, 7  <0.8251105522873361>}
x[4,6]{5  <0.17997259461946105>, 6  <0.820027405380539>}
x[4,7]{4  <0.20151035205462864>, 7  <0.175770102832193>, 2  <0.6227195451131784>}
x[5,0]{4  <0.2113763325273433>, 6  <1.1589190993424172E-4>, 2  <0.2861194948184397>, 5  <0.5023882807442828>}
x[5,1]{1  <1.0>}
x[5,2]{5  <0.002730915452382045>, 6  <0.9958250782651302>, 2  <0.0014440062824876414>}
x[5,3]{7  <1.0>}
x[5,4]{5  <0.5198452071620073>, 6  <0.001777581949542977>, 2  <0.47837721088844964>}
x[5,5]{3  <1.0>}
x[5,6]{0  <1.0>}
x[5,7]{4  <0.8029475540719527>, 2  <0.19705244592804724>}
x[6,0]{1  <1.0>}
x[6,1]{6  <0.008132531007208421>, 4  <0.07929290035936304>, 2  <0.7459063230576579>, 5  <0.1666682455757706>}
x[6,2]{0  <1.0>}
x[6,3]{3  <0.1035269320501604>, 4  <0.8964730679498396>}
x[6,4]{6  <5.9363819506093886E-5>, 5  <0.017963636211423932>, 2  <0.08833742426097417>, 3  <0.8936395757080958>}
x[6,5]{7  <0.20901559570089553>, 6  <0.7909844042991044>}
x[6,6]{6  <0.20067950199556855>, 5  <0.7993204980044314>}
x[6,7]{7  <0.7848695925172174>, 4  <0.01367582858951681>, 2  <0.20145457889326568>}
x[7,0]{7  <1.0>}
x[7,1]{0  <1.6211606637706388E-4>, 5  <0.005826258959377631>, 2  <0.004198884464370342>, 6  <0.9898127405098749>}
x[7,2]{6  <0.007338588303035221>, 5  <0.555925390104471>, 2  <0.4367360215924939>}
x[7,3]{2  <0.5769615215125882>, 5  <0.4230384784874119>}
x[7,4]{0  <0.9998502041100673>, 5  <5.593662274084828E-5>, 2  <8.218755595109566E-5>, 6  <1.167171124078092E-5>}
x[7,5]{4  <1.0>}
x[7,6]{3  <1.0>}
x[7,7]{1  <1.0>}
problem entropy = 0.5234773543168079
smallest variable entropy = 0.001603145520153654
##### after BP iteration 3 #####
x[0,0]{0  <9.764571726211912E-5>, 6  <0.9999023542827379>}
x[0,1]{0  <0.9999063414819044>, 6  <9.36585180956298E-5>}
x[0,2]{3  <1.0>}
x[0,3]{1  <1.0>}
x[0,4]{4  <1.0>}
x[0,5]{2  <1.0>}
x[0,6]{7  <1.0>}
x[0,7]{5  <1.0>}
x[1,0]{3  <1.0>}
x[1,1]{7  <1.0>}
x[1,2]{4  <1.0>}
x[1,3]{0  <1.0>}
x[1,4]{1  <1.0>}
x[1,5]{5  <1.0>}
x[1,6]{2  <1.0>}
x[1,7]{6  <1.0>}
x[2,0]{6  <1.2241884130333074E-4>, 5  <0.3483555983829147>, 2  <0.651521982775782>}
x[2,1]{3  <1.0>}
x[2,2]{7  <1.0>}
x[2,3]{2  <0.37097494417804733>, 5  <0.6290250558219527>}
x[2,4]{6  <0.9994935205480799>, 5  <1.5492222723869053E-4>, 2  <3.515572246813187E-4>}
x[2,5]{1  <1.0>}
x[2,6]{4  <1.0>}
x[2,7]{0  <1.0>}
x[3,0]{4  <0.784154011451808>, 5  <0.1221373296919077>, 2  <0.09370865885628425>}
x[3,1]{4  <0.23988988987638413>, 5  <0.591214099152545>, 2  <0.1688960109710709>}
x[3,2]{2  <0.6581767323636419>, 5  <0.3418232676363581>}
x[3,3]{6  <1.0>}
x[3,4]{7  <1.0>}
x[3,5]{0  <1.0>}
x[3,6]{1  <1.0>}
x[3,7]{3  <1.0>}
x[4,0]{0  <0.9999090512483428>, 5  <3.127346838088633E-5>, 2  <2.194592088314074E-5>, 6  <5.846291146486322E-6>, 4  <3.1883071246693576E-5>}
x[4,1]{0  <2.7799220021084217E-5>, 6  <0.0024336490122132217>, 2  <0.07473119201443822>, 5  <0.23831039472027254>, 4  <0.6844969650330549>}
x[4,2]{1  <1.0>}
x[4,3]{3  <0.912275064173373>, 4  <0.08772493582662695>}
x[4,4]{0  <5.685706075612681E-5>, 5  <0.6804932781910477>, 2  <0.22833384621218056>, 3  <0.09055858999786164>, 6  <5.574285381540486E-4>}
x[4,5]{6  <0.07647245460564611>, 7  <0.9235275453943538>}
x[4,6]{5  <0.07526435591112583>, 6  <0.9247356440888741>}
x[4,7]{4  <0.21003697881316963>, 7  <0.07827944263489006>, 2  <0.7116835785519403>}
x[5,0]{4  <0.2144379210262244>, 6  <3.977129602452458E-5>, 2  <0.2872699330775365>, 5  <0.49825237460021454>}
x[5,1]{1  <1.0>}
x[5,2]{5  <0.0013520146013952458>, 6  <0.9979650568273545>, 2  <6.829285712503075E-4>}
x[5,3]{7  <1.0>}
x[5,4]{5  <0.45501349832949856>, 6  <8.360634447762465E-4>, 2  <0.5441504382257252>}
x[5,5]{3  <1.0>}
x[5,6]{0  <1.0>}
x[5,7]{4  <0.786432615464469>, 2  <0.21356738453553095>}
x[6,0]{1  <1.0>}
x[6,1]{6  <0.006901408861400157>, 4  <0.08453818117271189>, 2  <0.7020768560708917>, 5  <0.2064835538949964>}
x[6,2]{0  <1.0>}
x[6,3]{3  <0.1048805630401616>, 4  <0.8951194369598383>}
x[6,4]{6  <3.457398196357711E-5>, 5  <0.02212477457210063>, 2  <0.08604214269564414>, 3  <0.8917985087502917>}
x[6,5]{7  <0.20011693559688531>, 6  <0.7998830644031147>}
x[6,6]{6  <0.19086909455573653>, 5  <0.8091309054442635>}
x[6,7]{7  <0.7978401739062357>, 4  <0.013672808175149105>, 2  <0.18848701791861522>}
x[7,0]{7  <1.0>}
x[7,1]{0  <4.7282510644072334E-5>, 5  <0.0034489365346098617>, 2  <0.00257329275376032>, 6  <0.9939304882009857>}
x[7,2]{6  <0.0038359863960613703>, 5  <0.561497489045097>, 2  <0.43466652455884164>}
x[7,3]{2  <0.5663051999813594>, 5  <0.4336948000186405>}
x[7,4]{0  <0.9999564335471262>, 5  <1.60954706496516E-5>, 2  <2.4843740242449337E-5>, 6  <2.627241981746161E-6>}
x[7,5]{4  <1.0>}
x[7,6]{3  <1.0>}
x[7,7]{1  <1.0>}
problem entropy = 0.481536406998242
smallest variable entropy = 5.183855297181983E-4
### branching on x[7,4]=0 marginal=0.9999564335471262
### branching on x[4,0]=0 marginal=0.9999090512483428
##### after BP iteration 1 #####
x[0,0]{6  <1.0>}
x[0,1]{0  <1.0>}
x[0,2]{3  <1.0>}
x[0,3]{1  <1.0>}
x[0,4]{4  <1.0>}
x[0,5]{2  <1.0>}
x[0,6]{7  <1.0>}
x[0,7]{5  <1.0>}
x[1,0]{3  <1.0>}
x[1,1]{7  <1.0>}
x[1,2]{4  <1.0>}
x[1,3]{0  <1.0>}
x[1,4]{1  <1.0>}
x[1,5]{5  <1.0>}
x[1,6]{2  <1.0>}
x[1,7]{6  <1.0>}
x[2,0]{2  <0.6547320012496641>, 5  <0.34526799875033587>}
x[2,1]{3  <1.0>}
x[2,2]{7  <1.0>}
x[2,3]{2  <0.36216125094747875>, 5  <0.6378387490525212>}
x[2,4]{6  <1.0>}
x[2,5]{1  <1.0>}
x[2,6]{4  <1.0>}
x[2,7]{0  <1.0>}
x[3,0]{4  <0.7832639733676142>, 5  <0.12588317691330192>, 2  <0.0908528497190839>}
x[3,1]{4  <0.20905260068652293>, 5  <0.5948125514623496>, 2  <0.19613484785112753>}
x[3,2]{2  <0.6945321004768261>, 5  <0.305467899523174>}
x[3,3]{6  <1.0>}
x[3,4]{7  <1.0>}
x[3,5]{0  <1.0>}
x[3,6]{1  <1.0>}
x[3,7]{3  <1.0>}
x[4,0]{0  <1.0>}
x[4,1]{4  <0.7374788408457132>, 5  <0.18988218539391477>, 2  <0.07263897376037204>}
x[4,2]{1  <1.0>}
x[4,3]{3  <0.933179686841129>, 4  <0.06682031315887114>}
x[4,4]{3  <0.06725766655409288>, 5  <0.7459659120583516>, 2  <0.18677642138755549>}
x[4,5]{6  <0.05709156276354654>, 7  <0.9429084372364535>}
x[4,6]{5  <0.054355616439758676>, 6  <0.9456443835602414>}
x[4,7]{4  <0.20879809858575377>, 7  <0.056516086319433334>, 2  <0.7346858150948129>}
x[5,0]{4  <0.19718570407834837>, 5  <0.5533014078924374>, 2  <0.24951288802921417>}
x[5,1]{1  <1.0>}
x[5,2]{6  <1.0>}
x[5,3]{7  <1.0>}
x[5,4]{5  <0.3359609017438422>, 2  <0.6640390982561578>}
x[5,5]{3  <1.0>}
x[5,6]{0  <1.0>}
x[5,7]{4  <0.7961912411045545>, 2  <0.20380875889544553>}
x[6,0]{1  <1.0>}
x[6,1]{5  <0.13348615314026263>, 4  <0.07878251895143443>, 2  <0.7877313279083029>}
x[6,2]{0  <1.0>}
x[6,3]{3  <0.08394207463319207>, 4  <0.9160579253668079>}
x[6,4]{3  <0.9155841926581767>, 5  <0.011779135294684589>, 2  <0.0726366720471388>}
x[6,5]{7  <0.08379767644947946>, 6  <0.9162023235505204>}
x[6,6]{6  <0.0791344416850614>, 5  <0.9208655583149387>}
x[6,7]{7  <0.9146565669348763>, 4  <0.0061045363260361155>, 2  <0.07923889673908749>}
x[7,0]{7  <1.0>}
x[7,1]{6  <1.0>}
x[7,2]{2  <0.374813600637096>, 5  <0.625186399362904>}
x[7,3]{2  <0.5988820208171294>, 5  <0.4011179791828708>}
x[7,4]{0  <1.0>}
x[7,5]{4  <1.0>}
x[7,6]{3  <1.0>}
x[7,7]{1  <1.0>}
problem entropy = 0.6396348281269261
smallest variable entropy = 0.21114565670496904
##### after BP iteration 2 #####
x[0,0]{6  <1.0>}
x[0,1]{0  <1.0>}
x[0,2]{3  <1.0>}
x[0,3]{1  <1.0>}
x[0,4]{4  <1.0>}
x[0,5]{2  <1.0>}
x[0,6]{7  <1.0>}
x[0,7]{5  <1.0>}
x[1,0]{3  <1.0>}
x[1,1]{7  <1.0>}
x[1,2]{4  <1.0>}
x[1,3]{0  <1.0>}
x[1,4]{1  <1.0>}
x[1,5]{5  <1.0>}
x[1,6]{2  <1.0>}
x[1,7]{6  <1.0>}
x[2,0]{2  <0.6649573060986671>, 5  <0.33504269390133296>}
x[2,1]{3  <1.0>}
x[2,2]{7  <1.0>}
x[2,3]{2  <0.36019157435069304>, 5  <0.639808425649307>}
x[2,4]{6  <1.0>}
x[2,5]{1  <1.0>}
x[2,6]{4  <1.0>}
x[2,7]{0  <1.0>}
x[3,0]{4  <0.8052082241620616>, 5  <0.11320428398906399>, 2  <0.08158749184887432>}
x[3,1]{4  <0.18339683561871>, 5  <0.6467277902753217>, 2  <0.1698753741059682>}
x[3,2]{2  <0.7036458196582014>, 5  <0.29635418034179856>}
x[3,3]{6  <1.0>}
x[3,4]{7  <1.0>}
x[3,5]{0  <1.0>}
x[3,6]{1  <1.0>}
x[3,7]{3  <1.0>}
x[4,0]{0  <1.0>}
x[4,1]{4  <0.759176075543906>, 5  <0.1777976257269372>, 2  <0.06302629872915676>}
x[4,2]{1  <1.0>}
x[4,3]{3  <0.9466414841096615>, 4  <0.05335851589033846>}
x[4,4]{3  <0.0520130618752019>, 5  <0.7681375144474087>, 2  <0.1798494236773894>}
x[4,5]{6  <0.04578490120762897>, 7  <0.9542150987923711>}
x[4,6]{5  <0.047023523685383865>, 6  <0.952976476314616>}
x[4,7]{4  <0.19324393489698552>, 7  <0.045104808444962105>, 2  <0.7616512566580523>}
x[5,0]{4  <0.16206259839477993>, 5  <0.6449468694275318>, 2  <0.19299053217768833>}
x[5,1]{1  <1.0>}
x[5,2]{6  <1.0>}
x[5,3]{7  <1.0>}
x[5,4]{5  <0.2573169148415338>, 2  <0.7426830851584663>}
x[5,5]{3  <1.0>}
x[5,6]{0  <1.0>}
x[5,7]{4  <0.8365698075695236>, 2  <0.1634301924304764>}
x[6,0]{1  <1.0>}
x[6,1]{5  <0.038472359155982384>, 4  <0.059286318324844524>, 2  <0.9022413225191731>}
x[6,2]{0  <1.0>}
x[6,3]{3  <0.053042992472913206>, 4  <0.9469570075270868>}
x[6,4]{3  <0.9480696695797115>, 5  <0.002218015416972247>, 2  <0.04971231500331629>}
x[6,5]{7  <0.020296448404153466>, 6  <0.9797035515958465>}
x[6,6]{6  <0.020835298808476517>, 5  <0.9791647011915234>}
x[6,7]{7  <0.9798776350840327>, 4  <0.0011132975399930345>, 2  <0.01900906737597428>}
x[7,0]{7  <1.0>}
x[7,1]{6  <1.0>}
x[7,2]{2  <0.3060272876107836>, 5  <0.6939727123892164>}
x[7,3]{2  <0.6623800520754138>, 5  <0.3376199479245861>}
x[7,4]{0  <1.0>}
x[7,5]{4  <1.0>}
x[7,6]{3  <1.0>}
x[7,7]{1  <1.0>}
problem entropy = 0.5510142448807208
smallest variable entropy = 0.09919060608826488
##### after BP iteration 3 #####
x[0,0]{6  <1.0>}
x[0,1]{0  <1.0>}
x[0,2]{3  <1.0>}
x[0,3]{1  <1.0>}
x[0,4]{4  <1.0>}
x[0,5]{2  <1.0>}
x[0,6]{7  <1.0>}
x[0,7]{5  <1.0>}
x[1,0]{3  <1.0>}
x[1,1]{7  <1.0>}
x[1,2]{4  <1.0>}
x[1,3]{0  <1.0>}
x[1,4]{1  <1.0>}
x[1,5]{5  <1.0>}
x[1,6]{2  <1.0>}
x[1,7]{6  <1.0>}
x[2,0]{2  <0.712427314641202>, 5  <0.28757268535879815>}
x[2,1]{3  <1.0>}
x[2,2]{7  <1.0>}
x[2,3]{2  <0.3210500277080546>, 5  <0.6789499722919454>}
x[2,4]{6  <1.0>}
x[2,5]{1  <1.0>}
x[2,6]{4  <1.0>}
x[2,7]{0  <1.0>}
x[3,0]{4  <0.8481911684039262>, 5  <0.08744687746612961>, 2  <0.06436195412994423>}
x[3,1]{4  <0.16472211965603906>, 5  <0.7384320540622414>, 2  <0.09684582628171957>}
x[3,2]{2  <0.7510631419017395>, 5  <0.2489368580982604>}
x[3,3]{6  <1.0>}
x[3,4]{7  <1.0>}
x[3,5]{0  <1.0>}
x[3,6]{1  <1.0>}
x[3,7]{3  <1.0>}
x[4,0]{0  <1.0>}
x[4,1]{4  <0.7796421525530545>, 5  <0.1780284252814818>, 2  <0.04232942216546366>}
x[4,2]{1  <1.0>}
x[4,3]{3  <0.9601421746411157>, 4  <0.03985782535888417>}
x[4,4]{3  <0.03811241711568414>, 5  <0.8080578164720661>, 2  <0.15382976641224985>}
x[4,5]{6  <0.017028247196118534>, 7  <0.9829717528038815>}
x[4,6]{5  <0.01890579047097445>, 6  <0.9810942095290256>}
x[4,7]{4  <0.16002722921867094>, 7  <0.01592794617103798>, 2  <0.8240448246102909>}
x[5,0]{4  <0.12522402417484024>, 5  <0.7199925045334484>, 2  <0.15478347129171122>}
x[5,1]{1  <1.0>}
x[5,2]{6  <1.0>}
x[5,3]{7  <1.0>}
x[5,4]{5  <0.21937193574113442>, 2  <0.7806280642588656>}
x[5,5]{3  <1.0>}
x[5,6]{0  <1.0>}
x[5,7]{4  <0.873463029602672>, 2  <0.12653697039732803>}
x[6,0]{1  <1.0>}
x[6,1]{5  <0.010109223272382038>, 4  <0.039532353454885275>, 2  <0.9503584232727327>}
x[6,2]{0  <1.0>}
x[6,3]{3  <0.03252169228275276>, 4  <0.9674783077172472>}
x[6,4]{3  <0.96887435321245>, 5  <3.585160834575646E-4>, 2  <0.030767130704092427>}
x[6,5]{7  <0.006590415847849215>, 6  <0.9934095841521507>}
x[6,6]{6  <0.00744459763827152>, 5  <0.9925554023617286>}
x[6,7]{7  <0.9933977565298174>, 4  <2.092090659593508E-4>, 2  <0.0063930344042232475>}
x[7,0]{7  <1.0>}
x[7,1]{6  <1.0>}
x[7,2]{2  <0.265804965751081>, 5  <0.734195034248919>}
x[7,3]{2  <0.7147449229566788>, 5  <0.28525507704332115>}
x[7,4]{0  <1.0>}
x[7,5]{4  <1.0>}
x[7,6]{3  <1.0>}
x[7,7]{1  <1.0>}
problem entropy = 0.46549991313818784
smallest variable entropy = 0.039666634524618466
##### after BP iteration 4 #####
x[0,0]{6  <1.0>}
x[0,1]{0  <1.0>}
x[0,2]{3  <1.0>}
x[0,3]{1  <1.0>}
x[0,4]{4  <1.0>}
x[0,5]{2  <1.0>}
x[0,6]{7  <1.0>}
x[0,7]{5  <1.0>}
x[1,0]{3  <1.0>}
x[1,1]{7  <1.0>}
x[1,2]{4  <1.0>}
x[1,3]{0  <1.0>}
x[1,4]{1  <1.0>}
x[1,5]{5  <1.0>}
x[1,6]{2  <1.0>}
x[1,7]{6  <1.0>}
x[2,0]{2  <0.7814192928893857>, 5  <0.21858070711061434>}
x[2,1]{3  <1.0>}
x[2,2]{7  <1.0>}
x[2,3]{2  <0.24872853253234098>, 5  <0.751271467467659>}
x[2,4]{6  <1.0>}
x[2,5]{1  <1.0>}
x[2,6]{4  <1.0>}
x[2,7]{0  <1.0>}
x[3,0]{4  <0.8860398064031297>, 5  <0.06639964612453479>, 2  <0.0475605474723355>}
x[3,1]{4  <0.13782123267171487>, 5  <0.8143096769393399>, 2  <0.047869090388945185>}
x[3,2]{2  <0.8329871507275941>, 5  <0.1670128492724059>}
x[3,3]{6  <1.0>}
x[3,4]{7  <1.0>}
x[3,5]{0  <1.0>}
x[3,6]{1  <1.0>}
x[3,7]{3  <1.0>}
x[4,0]{0  <1.0>}
x[4,1]{4  <0.827307151047518>, 5  <0.14846748787879888>, 2  <0.024225361073683123>}
x[4,2]{1  <1.0>}
x[4,3]{3  <0.9729010564391337>, 4  <0.02709894356086624>}
x[4,4]{3  <0.02612131975263257>, 5  <0.8570203187135514>, 2  <0.11685836153381596>}
x[4,5]{6  <0.002850259712232874>, 7  <0.9971497402877672>}
x[4,6]{5  <0.0030661545002411846>, 6  <0.9969338454997588>}
x[4,7]{4  <0.12160421304409265>, 7  <0.00280930956363483>, 2  <0.8755864773922725>}
x[5,0]{4  <0.09586729223958396>, 5  <0.7711367483570472>, 2  <0.13299595940336895>}
x[5,1]{1  <1.0>}
x[5,2]{6  <1.0>}
x[5,3]{7  <1.0>}
x[5,4]{5  <0.18429476020388927>, 2  <0.8157052397961108>}
x[5,5]{3  <1.0>}
x[5,6]{0  <1.0>}
x[5,7]{4  <0.9007723847705082>, 2  <0.09922761522949168>}
x[6,0]{1  <1.0>}
x[6,1]{5  <0.004729087196513333>, 4  <0.02584379047106453>, 2  <0.9694271223324221>}
x[6,2]{0  <1.0>}
x[6,3]{3  <0.0217235498734406>, 4  <0.9782764501265594>}
x[6,4]{3  <0.9789813255566986>, 5  <1.1111287101309137E-4>, 2  <0.020907561572288295>}
x[6,5]{7  <0.003105209069130343>, 6  <0.9968947909308696>}
x[6,6]{6  <0.003271227585361687>, 5  <0.9967287724146383>}
x[6,7]{7  <0.996790956460201>, 4  <5.371040032445321E-5>, 2  <0.00315533313947458>}
x[7,0]{7  <1.0>}
x[7,1]{6  <1.0>}
x[7,2]{2  <0.22662808712653373>, 5  <0.7733719128734663>}
x[7,3]{2  <0.7508258080432416>, 5  <0.24917419195675827>}
x[7,4]{0  <1.0>}
x[7,5]{4  <1.0>}
x[7,6]{3  <1.0>}
x[7,7]{1  <1.0>}
problem entropy = 0.38574451409397453
smallest variable entropy = 0.01954969957159425
##### after BP iteration 5 #####
x[0,0]{6  <1.0>}
x[0,1]{0  <1.0>}
x[0,2]{3  <1.0>}
x[0,3]{1  <1.0>}
x[0,4]{4  <1.0>}
x[0,5]{2  <1.0>}
x[0,6]{7  <1.0>}
x[0,7]{5  <1.0>}
x[1,0]{3  <1.0>}
x[1,1]{7  <1.0>}
x[1,2]{4  <1.0>}
x[1,3]{0  <1.0>}
x[1,4]{1  <1.0>}
x[1,5]{5  <1.0>}
x[1,6]{2  <1.0>}
x[1,7]{6  <1.0>}
x[2,0]{2  <0.8422784519303986>, 5  <0.15772154806960137>}
x[2,1]{3  <1.0>}
x[2,2]{7  <1.0>}
x[2,3]{2  <0.18182801502062615>, 5  <0.8181719849793738>}
x[2,4]{6  <1.0>}
x[2,5]{1  <1.0>}
x[2,6]{4  <1.0>}
x[2,7]{0  <1.0>}
x[3,0]{4  <0.9143226044525987>, 5  <0.052457921382408595>, 2  <0.033219474164992636>}
x[3,1]{4  <0.09895889872556651>, 5  <0.8777823707868695>, 2  <0.02325873048756398>}
x[3,2]{2  <0.8971187452220782>, 5  <0.10288125477792177>}
x[3,3]{6  <1.0>}
x[3,4]{7  <1.0>}
x[3,5]{0  <1.0>}
x[3,6]{1  <1.0>}
x[3,7]{3  <1.0>}
x[4,0]{0  <1.0>}
x[4,1]{4  <0.8849780401058598>, 5  <0.1018875861114738>, 2  <0.013134373782666436>}
x[4,2]{1  <1.0>}
x[4,3]{3  <0.9835127635685398>, 4  <0.016487236431460165>}
x[4,4]{3  <0.01622450101353532>, 5  <0.8938212698964303>, 2  <0.0899542290900345>}
x[4,5]{6  <4.1994078444524026E-4>, 7  <0.9995800592155547>}
x[4,6]{5  <4.108339762731674E-4>, 6  <0.9995891660237269>}
x[4,7]{4  <0.08870912080008903>, 7  <4.557096908792416E-4>, 2  <0.9108351695090318>}
x[5,0]{4  <0.0709737345295102>, 5  <0.8195335306507222>, 2  <0.10949273481976753>}
x[5,1]{1  <1.0>}
x[5,2]{6  <1.0>}
x[5,3]{7  <1.0>}
x[5,4]{5  <0.14205175134663753>, 2  <0.8579482486533625>}
x[5,5]{3  <1.0>}
x[5,6]{0  <1.0>}
x[5,7]{4  <0.9261853140509116>, 2  <0.07381468594908837>}
x[6,0]{1  <1.0>}
x[6,1]{5  <0.0021473639595480736>, 4  <0.016872310203149384>, 2  <0.9809803258373025>}
x[6,2]{0  <1.0>}
x[6,3]{3  <0.015576149664124617>, 4  <0.9844238503358754>}
x[6,4]{3  <0.9846043883319711>, 5  <3.639099105668411E-5>, 2  <0.015359220676972266>}
x[6,5]{7  <9.806345578017577E-4>, 6  <0.9990193654421982>}
x[6,6]{6  <9.137940396852244E-4>, 5  <0.9990862059603147>}
x[6,7]{7  <0.9989494951368256>, 4  <1.0176677797653441E-5>, 2  <0.001040328185376802>}
x[7,0]{7  <1.0>}
x[7,1]{6  <1.0>}
x[7,2]{2  <0.1670229847716954>, 5  <0.8329770152283046>}
x[7,3]{2  <0.8006421280579266>, 5  <0.19935787194207358>}
x[7,4]{0  <1.0>}
x[7,5]{4  <1.0>}
x[7,6]{3  <1.0>}
x[7,7]{1  <1.0>}
problem entropy = 0.3096029481730947
smallest variable entropy = 0.0036141541175153994
##### after BP iteration 6 #####
x[0,0]{6  <1.0>}
x[0,1]{0  <1.0>}
x[0,2]{3  <1.0>}
x[0,3]{1  <1.0>}
x[0,4]{4  <1.0>}
x[0,5]{2  <1.0>}
x[0,6]{7  <1.0>}
x[0,7]{5  <1.0>}
x[1,0]{3  <1.0>}
x[1,1]{7  <1.0>}
x[1,2]{4  <1.0>}
x[1,3]{0  <1.0>}
x[1,4]{1  <1.0>}
x[1,5]{5  <1.0>}
x[1,6]{2  <1.0>}
x[1,7]{6  <1.0>}
x[2,0]{2  <0.8863206710666208>, 5  <0.11367932893337919>}
x[2,1]{3  <1.0>}
x[2,2]{7  <1.0>}
x[2,3]{2  <0.12979147379006414>, 5  <0.8702085262099359>}
x[2,4]{6  <1.0>}
x[2,5]{1  <1.0>}
x[2,6]{4  <1.0>}
x[2,7]{0  <1.0>}
x[3,0]{4  <0.9402957517524083>, 5  <0.03911928862039038>, 2  <0.020584959627201357>}
x[3,1]{4  <0.06297483476885253>, 5  <0.9257895834737511>, 2  <0.011235581757396357>}
x[3,2]{2  <0.9399186948148792>, 5  <0.06008130518512084>}
x[3,3]{6  <1.0>}
x[3,4]{7  <1.0>}
x[3,5]{0  <1.0>}
x[3,6]{1  <1.0>}
x[3,7]{3  <1.0>}
x[4,0]{0  <1.0>}
x[4,1]{4  <0.928629682897818>, 5  <0.06394894600057444>, 2  <0.007421371101607538>}
x[4,2]{1  <1.0>}
x[4,3]{3  <0.9906258716242686>, 4  <0.00937412837573134>}
x[4,4]{3  <0.009208936444284532>, 5  <0.9257406299363327>, 2  <0.06505043361938291>}
x[4,5]{6  <7.101445570325148E-5>, 7  <0.9999289855442968>}
x[4,6]{5  <6.644393736820785E-5>, 6  <0.9999335560626318>}
x[4,7]{4  <0.0600284812196042>, 7  <7.824985231857565E-5>, 2  <0.9398932689280772>}
x[5,0]{4  <0.04843688983072654>, 5  <0.8704760156196101>, 2  <0.08108709454966341>}
x[5,1]{1  <1.0>}
x[5,2]{6  <1.0>}
x[5,3]{7  <1.0>}
x[5,4]{5  <0.10258794311117754>, 2  <0.8974120568888225>}
x[5,5]{3  <1.0>}
x[5,6]{0  <1.0>}
x[5,7]{4  <0.950494812039579>, 2  <0.049505187960421006>}
x[6,0]{1  <1.0>}
x[6,1]{5  <4.403064918114127E-4>, 4  <0.010533932772247524>, 2  <0.9890257607359411>}
x[6,2]{0  <1.0>}
x[6,3]{3  <0.010248101458987273>, 4  <0.9897518985410128>}
x[6,4]{3  <0.9898987344878526>, 5  <5.1723215183555395E-6>, 2  <0.010096093190629178>}
x[6,5]{7  <1.424828016047204E-4>, 6  <0.9998575171983952>}
x[6,6]{6  <1.3340392688854976E-4>, 5  <0.9998665960731115>}
x[6,7]{7  <0.9998481962681882>, 4  <8.903558733186575E-7>, 2  <1.5091337593856088E-4>}
x[7,0]{7  <1.0>}
x[7,1]{6  <1.0>}
x[7,2]{2  <0.10473870171013797>, 5  <0.895261298289862>}
x[7,3]{2  <0.8667479920336223>, 5  <0.13325200796637773>}
x[7,4]{0  <1.0>}
x[7,5]{4  <1.0>}
x[7,6]{3  <1.0>}
x[7,7]{1  <1.0>}
problem entropy = 0.23409206284604042
smallest variable entropy = 7.055760638053731E-4
### branching on x[4,6]=6 marginal=0.9999335560626318
##### after BP iteration 1 #####
x[0,0]{6  <1.0>}
x[0,1]{0  <1.0>}
x[0,2]{3  <1.0>}
x[0,3]{1  <1.0>}
x[0,4]{4  <1.0>}
x[0,5]{2  <1.0>}
x[0,6]{7  <1.0>}
x[0,7]{5  <1.0>}
x[1,0]{3  <1.0>}
x[1,1]{7  <1.0>}
x[1,2]{4  <1.0>}
x[1,3]{0  <1.0>}
x[1,4]{1  <1.0>}
x[1,5]{5  <1.0>}
x[1,6]{2  <1.0>}
x[1,7]{6  <1.0>}
x[2,0]{2  <0.9209897976123651>, 5  <0.07901020238763484>}
x[2,1]{3  <1.0>}
x[2,2]{7  <1.0>}
x[2,3]{2  <0.08573595708394788>, 5  <0.9142640429160521>}
x[2,4]{6  <1.0>}
x[2,5]{1  <1.0>}
x[2,6]{4  <1.0>}
x[2,7]{0  <1.0>}
x[3,0]{4  <0.9635305274997398>, 5  <0.025468361532601385>, 2  <0.011001110967658854>}
x[3,1]{4  <0.03781236842483455>, 5  <0.9583491069295843>, 2  <0.0038385246455810954>}
x[3,2]{2  <0.9686238047085648>, 5  <0.031376195291435226>}
x[3,3]{6  <1.0>}
x[3,4]{7  <1.0>}
x[3,5]{0  <1.0>}
x[3,6]{1  <1.0>}
x[3,7]{3  <1.0>}
x[4,0]{0  <1.0>}
x[4,1]{4  <0.9574535732394249>, 5  <0.03831951870179245>, 2  <0.004226908058782671>}
x[4,2]{1  <1.0>}
x[4,3]{3  <0.9950074136384136>, 4  <0.004992586361586426>}
x[4,4]{3  <0.004683815015305616>, 5  <0.953868606211652>, 2  <0.041447578773042226>}
x[4,5]{7  <1.0>}
x[4,6]{6  <1.0>}
x[4,7]{4  <0.03632831821179302>, 2  <0.9636716817882071>}
x[5,0]{4  <0.02978652291897474>, 5  <0.9133971713151775>, 2  <0.05681630576584779>}
x[5,1]{1  <1.0>}
x[5,2]{6  <1.0>}
x[5,3]{7  <1.0>}
x[5,4]{5  <0.0672276434554684>, 2  <0.9327723565445316>}
x[5,5]{3  <1.0>}
x[5,6]{0  <1.0>}
x[5,7]{4  <0.9699918418874078>, 2  <0.030008158112592113>}
x[6,0]{1  <1.0>}
x[6,1]{2  <0.9941921045321225>, 4  <0.005807895467877493>}
x[6,2]{0  <1.0>}
x[6,3]{3  <0.005326420755232307>, 4  <0.9946735792447677>}
x[6,4]{3  <0.9949427061496324>, 2  <0.005057293850367615>}
x[6,5]{6  <1.0>}
x[6,6]{5  <1.0>}
x[6,7]{7  <1.0>}
x[7,0]{7  <1.0>}
x[7,1]{6  <1.0>}
x[7,2]{2  <0.05687971179082395>, 5  <0.9431202882091761>}
x[7,3]{2  <0.9224924080902293>, 5  <0.07750759190977077>}
x[7,4]{0  <1.0>}
x[7,5]{4  <1.0>}
x[7,6]{3  <1.0>}
x[7,7]{1  <1.0>}
problem entropy = 0.21786197418321407
smallest variable entropy = 0.0314398177726424
##### after BP iteration 2 #####
x[0,0]{6  <1.0>}
x[0,1]{0  <1.0>}
x[0,2]{3  <1.0>}
x[0,3]{1  <1.0>}
x[0,4]{4  <1.0>}
x[0,5]{2  <1.0>}
x[0,6]{7  <1.0>}
x[0,7]{5  <1.0>}
x[1,0]{3  <1.0>}
x[1,1]{7  <1.0>}
x[1,2]{4  <1.0>}
x[1,3]{0  <1.0>}
x[1,4]{1  <1.0>}
x[1,5]{5  <1.0>}
x[1,6]{2  <1.0>}
x[1,7]{6  <1.0>}
x[2,0]{2  <0.9497856414205943>, 5  <0.05021435857940574>}
x[2,1]{3  <1.0>}
x[2,2]{7  <1.0>}
x[2,3]{2  <0.0506736724023824>, 5  <0.9493263275976176>}
x[2,4]{6  <1.0>}
x[2,5]{1  <1.0>}
x[2,6]{4  <1.0>}
x[2,7]{0  <1.0>}
x[3,0]{4  <0.980075962377185>, 5  <0.014827750689747296>, 2  <0.005096286933067756>}
x[3,1]{4  <0.021325948257557674>, 5  <0.9767766544413276>, 2  <0.0018973973011148057>}
x[3,2]{2  <0.9863908736057355>, 5  <0.013609126394264452>}
x[3,3]{6  <1.0>}
x[3,4]{7  <1.0>}
x[3,5]{0  <1.0>}
x[3,6]{1  <1.0>}
x[3,7]{3  <1.0>}
x[4,0]{0  <1.0>}
x[4,1]{4  <0.9761767020009212>, 5  <0.02145230710554967>, 2  <0.002370990893529132>}
x[4,2]{1  <1.0>}
x[4,3]{3  <0.9977354415040652>, 4  <0.0022645584959347423>}
x[4,4]{3  <0.00200627124058649>, 5  <0.9744605336956923>, 2  <0.02353319506372119>}
x[4,5]{7  <1.0>}
x[4,6]{6  <1.0>}
x[4,7]{4  <0.01983670860976746>, 2  <0.9801632913902325>}
x[5,0]{4  <0.015760931360675766>, 5  <0.9464148790962666>, 2  <0.037824189543057704>}
x[5,1]{1  <1.0>}
x[5,2]{6  <1.0>}
x[5,3]{7  <1.0>}
x[5,4]{5  <0.039125216964883455>, 2  <0.9608747830351165>}
x[5,5]{3  <1.0>}
x[5,6]{0  <1.0>}
x[5,7]{4  <0.9840395148469915>, 2  <0.0159604851530085>}
x[6,0]{1  <1.0>}
x[6,1]{2  <0.9973306280978711>, 4  <0.0026693719021288784>}
x[6,2]{0  <1.0>}
x[6,3]{3  <0.0023295566404297895>, 4  <0.9976704433595702>}
x[6,4]{3  <0.9979346506421178>, 2  <0.002065349357882198>}
x[6,5]{6  <1.0>}
x[6,6]{5  <1.0>}
x[6,7]{7  <1.0>}
x[7,0]{7  <1.0>}
x[7,1]{6  <1.0>}
x[7,2]{2  <0.0276944127154486>, 5  <0.9723055872845514>}
x[7,3]{2  <0.9586277146231786>, 5  <0.04137228537682134>}
x[7,4]{0  <1.0>}
x[7,5]{4  <1.0>}
x[7,6]{3  <1.0>}
x[7,7]{1  <1.0>}
problem entropy = 0.1384145951844966
smallest variable entropy = 0.014832146348947053
##### after BP iteration 3 #####
x[0,0]{6  <1.0>}
x[0,1]{0  <1.0>}
x[0,2]{3  <1.0>}
x[0,3]{1  <1.0>}
x[0,4]{4  <1.0>}
x[0,5]{2  <1.0>}
x[0,6]{7  <1.0>}
x[0,7]{5  <1.0>}
x[1,0]{3  <1.0>}
x[1,1]{7  <1.0>}
x[1,2]{4  <1.0>}
x[1,3]{0  <1.0>}
x[1,4]{1  <1.0>}
x[1,5]{5  <1.0>}
x[1,6]{2  <1.0>}
x[1,7]{6  <1.0>}
x[2,0]{2  <0.9715043422162274>, 5  <0.02849565778377251>}
x[2,1]{3  <1.0>}
x[2,2]{7  <1.0>}
x[2,3]{2  <0.027027507382282094>, 5  <0.972972492617718>}
x[2,4]{6  <1.0>}
x[2,5]{1  <1.0>}
x[2,6]{4  <1.0>}
x[2,7]{0  <1.0>}
x[3,0]{4  <0.9902160827773007>, 5  <0.007823885774819092>, 2  <0.0019600314478802937>}
x[3,1]{4  <0.011031308670349543>, 5  <0.9881898289889759>, 2  <7.788623406746654E-4>}
x[3,2]{2  <0.9944453569417888>, 5  <0.0055546430582112>}
x[3,3]{6  <1.0>}
x[3,4]{7  <1.0>}
x[3,5]{0  <1.0>}
x[3,6]{1  <1.0>}
x[3,7]{3  <1.0>}
x[4,0]{0  <1.0>}
x[4,1]{4  <0.9883199948629845>, 5  <0.010542175407843106>, 2  <0.0011378297291723502>}
x[4,2]{1  <1.0>}
x[4,3]{3  <0.9991686112438167>, 4  <8.313887561832039E-4>}
x[4,4]{3  <6.957501160880925E-4>, 5  <0.9875187492535344>, 2  <0.011785500630377444>}
x[4,5]{7  <1.0>}
x[4,6]{6  <1.0>}
x[4,7]{4  <0.009615992997053496>, 2  <0.9903840070029465>}
x[5,0]{4  <0.007022577231541706>, 5  <0.9702330472020352>, 2  <0.02274437556642327>}
x[5,1]{1  <1.0>}
x[5,2]{6  <1.0>}
x[5,3]{7  <1.0>}
x[5,4]{5  <0.020662464183104502>, 2  <0.9793375358168955>}
x[5,5]{3  <1.0>}
x[5,6]{0  <1.0>}
x[5,7]{4  <0.9928085676077772>, 2  <0.007191432392222828>}
x[6,0]{1  <1.0>}
x[6,1]{2  <0.9990021840660307>, 4  <9.97815933969381E-4>}
x[6,2]{0  <1.0>}
x[6,3]{3  <8.231798027124922E-4>, 4  <0.9991768201972875>}
x[6,4]{3  <0.999312030821876>, 2  <6.879691781240088E-4>}
x[6,5]{6  <1.0>}
x[6,6]{5  <1.0>}
x[6,7]{7  <1.0>}
x[7,0]{7  <1.0>}
x[7,1]{6  <1.0>}
x[7,2]{2  <0.01217492371401354>, 5  <0.9878250762859864>}
x[7,3]{2  <0.9795184940696983>, 5  <0.020481505930301767>}
x[7,4]{0  <1.0>}
x[7,5]{4  <1.0>}
x[7,6]{3  <1.0>}
x[7,7]{1  <1.0>}
problem entropy = 0.07974107855518836
smallest variable entropy = 0.005697363401283791
##### after BP iteration 4 #####
x[0,0]{6  <1.0>}
x[0,1]{0  <1.0>}
x[0,2]{3  <1.0>}
x[0,3]{1  <1.0>}
x[0,4]{4  <1.0>}
x[0,5]{2  <1.0>}
x[0,6]{7  <1.0>}
x[0,7]{5  <1.0>}
x[1,0]{3  <1.0>}
x[1,1]{7  <1.0>}
x[1,2]{4  <1.0>}
x[1,3]{0  <1.0>}
x[1,4]{1  <1.0>}
x[1,5]{5  <1.0>}
x[1,6]{2  <1.0>}
x[1,7]{6  <1.0>}
x[2,0]{2  <0.9855616401220433>, 5  <0.014438359877956794>}
x[2,1]{3  <1.0>}
x[2,2]{7  <1.0>}
x[2,3]{2  <0.013163179566190997>, 5  <0.9868368204338089>}
x[2,4]{6  <1.0>}
x[2,5]{1  <1.0>}
x[2,6]{4  <1.0>}
x[2,7]{0  <1.0>}
x[3,0]{4  <0.9957232818429212>, 5  <0.0036733603693501174>, 2  <6.033577877285552E-4>}
x[3,1]{4  <0.00503291381865989>, 5  <0.9947156450074659>, 2  <2.5144117387412607E-4>}
x[3,2]{2  <0.9979259888199105>, 5  <0.0020740111800895285>}
x[3,3]{6  <1.0>}
x[3,4]{7  <1.0>}
x[3,5]{0  <1.0>}
x[3,6]{1  <1.0>}
x[3,7]{3  <1.0>}
x[4,0]{0  <1.0>}
x[4,1]{4  <0.9950662793662443>, 5  <0.00447975829354049>, 2  <4.539623402152217E-4>}
x[4,2]{1  <1.0>}
x[4,3]{3  <0.9997628788293251>, 4  <2.3712117067481602E-4>}
x[4,4]{3  <1.9099434224715067E-4>, 5  <0.9945944611062336>, 2  <0.0052145445515192086>}
x[4,5]{7  <1.0>}
x[4,6]{6  <1.0>}
x[4,7]{4  <0.003978791505976959>, 2  <0.996021208494023>}
x[5,0]{4  <0.00269765668554446>, 5  <0.9852077814435737>, 2  <0.012094561870881808>}
x[5,1]{1  <1.0>}
x[5,2]{6  <1.0>}
x[5,3]{7  <1.0>}
x[5,4]{5  <0.00986866450777136>, 2  <0.9901313354922286>}
x[5,5]{3  <1.0>}
x[5,6]{0  <1.0>}
x[5,7]{4  <0.9972598370899055>, 2  <0.002740162910094406>}
x[6,0]{1  <1.0>}
x[6,1]{2  <0.9996982941162021>, 4  <3.017058837978515E-4>}
x[6,2]{0  <1.0>}
x[6,3]{3  <2.3443814683497436E-4>, 4  <0.999765561853165>}
x[6,4]{3  <0.9998124372614936>, 2  <1.8756273850634321E-4>}
x[6,5]{6  <1.0>}
x[6,6]{5  <1.0>}
x[6,7]{7  <1.0>}
x[7,0]{7  <1.0>}
x[7,1]{6  <1.0>}
x[7,2]{2  <0.005061575055935297>, 5  <0.9949384249440648>}
x[7,3]{2  <0.9907164718713253>, 5  <0.00928352812867478>}
x[7,4]{0  <1.0>}
x[7,5]{4  <1.0>}
x[7,6]{3  <1.0>}
x[7,7]{1  <1.0>}
problem entropy = 0.04153967188926529
smallest variable entropy = 0.0017970954996479496
##### after BP iteration 5 #####
x[0,0]{6  <1.0>}
x[0,1]{0  <1.0>}
x[0,2]{3  <1.0>}
x[0,3]{1  <1.0>}
x[0,4]{4  <1.0>}
x[0,5]{2  <1.0>}
x[0,6]{7  <1.0>}
x[0,7]{5  <1.0>}
x[1,0]{3  <1.0>}
x[1,1]{7  <1.0>}
x[1,2]{4  <1.0>}
x[1,3]{0  <1.0>}
x[1,4]{1  <1.0>}
x[1,5]{5  <1.0>}
x[1,6]{2  <1.0>}
x[1,7]{6  <1.0>}
x[2,0]{2  <0.9933779754876703>, 5  <0.006622024512329736>}
x[2,1]{3  <1.0>}
x[2,2]{7  <1.0>}
x[2,3]{2  <0.00583341459968209>, 5  <0.994166585400318>}
x[2,4]{6  <1.0>}
x[2,5]{1  <1.0>}
x[2,6]{4  <1.0>}
x[2,7]{0  <1.0>}
x[3,0]{4  <0.9983533053029946>, 5  <0.0014990144785206186>, 2  <1.476802184847462E-4>}
x[3,1]{4  <0.0019918145867350674>, 5  <0.9979435893831875>, 2  <6.459603007758198E-5>}
x[3,2]{2  <0.9993216696787561>, 5  <6.783303212438299E-4>}
x[3,3]{6  <1.0>}
x[3,4]{7  <1.0>}
x[3,5]{0  <1.0>}
x[3,6]{1  <1.0>}
x[3,7]{3  <1.0>}
x[4,0]{0  <1.0>}
x[4,1]{4  <0.9982163261050498>, 5  <0.0016342665132293513>, 2  <1.4940738172090616E-4>}
x[4,2]{1  <1.0>}
x[4,3]{3  <0.9999475411531923>, 4  <5.245884680765823E-5>}
x[4,4]{3  <4.079563702852933E-5>, 5  <0.9979598952624759>, 2  <0.001999309100495564>}
x[4,5]{7  <1.0>}
x[4,6]{6  <1.0>}
x[4,7]{4  <0.0013870267508111754>, 2  <0.9986129732491889>}
x[5,0]{4  <9.096845805613964E-4>, 5  <0.9934028625150693>, 2  <0.005687452904369328>}
x[5,1]{1  <1.0>}
x[5,2]{6  <1.0>}
x[5,3]{7  <1.0>}
x[5,4]{5  <0.004229847503445347>, 2  <0.9957701524965547>}
x[5,5]{3  <1.0>}
x[5,6]{0  <1.0>}
x[5,7]{4  <0.9991137375741758>, 2  <8.862624258242052E-4>}
x[6,0]{1  <1.0>}
x[6,1]{2  <0.9999267940477056>, 4  <7.320595229438244E-5>}
x[6,2]{0  <1.0>}
x[6,3]{3  <5.2471978562813706E-5>, 4  <0.9999475280214372>}
x[6,4]{3  <0.9999597058512549>, 2  <4.029414874501445E-5>}
x[6,5]{6  <1.0>}
x[6,6]{5  <1.0>}
x[6,7]{7  <1.0>}
x[7,0]{7  <1.0>}
x[7,1]{6  <1.0>}
x[7,2]{2  <0.0019705022569323663>, 5  <0.9980294977430676>}
x[7,3]{2  <0.9960964696392164>, 5  <0.003903530360783535>}
x[7,4]{0  <1.0>}
x[7,5]{4  <1.0>}
x[7,6]{3  <1.0>}
x[7,7]{1  <1.0>}
problem entropy = 0.01956794469285534
smallest variable entropy = 4.4804208926223845E-4
### branching on x[6,4]=3 marginal=0.9999597058512549
##### after BP iteration 1 #####
x[0,0]{6  <1.0>}
x[0,1]{0  <1.0>}
x[0,2]{3  <1.0>}
x[0,3]{1  <1.0>}
x[0,4]{4  <1.0>}
x[0,5]{2  <1.0>}
x[0,6]{7  <1.0>}
x[0,7]{5  <1.0>}
x[1,0]{3  <1.0>}
x[1,1]{7  <1.0>}
x[1,2]{4  <1.0>}
x[1,3]{0  <1.0>}
x[1,4]{1  <1.0>}
x[1,5]{5  <1.0>}
x[1,6]{2  <1.0>}
x[1,7]{6  <1.0>}
x[2,0]{2  <0.9972395987454092>, 5  <0.002760401254590794>}
x[2,1]{3  <1.0>}
x[2,2]{7  <1.0>}
x[2,3]{2  <0.002371838424240335>, 5  <0.9976281615757597>}
x[2,4]{6  <1.0>}
x[2,5]{1  <1.0>}
x[2,6]{4  <1.0>}
x[2,7]{0  <1.0>}
x[3,0]{4  <0.999445490907294>, 5  <5.255564461051344E-4>, 2  <2.8952646600847992E-5>}
x[3,1]{4  <6.751894900219891E-4>, 5  <0.999324810509978>}
x[3,2]{2  <0.9999044360962368>, 5  <9.556390376322208E-5>}
x[3,3]{6  <1.0>}
x[3,4]{7  <1.0>}
x[3,5]{0  <1.0>}
x[3,6]{1  <1.0>}
x[3,7]{3  <1.0>}
x[4,0]{0  <1.0>}
x[4,1]{4  <0.9995332710629573>, 5  <4.667289370427318E-4>}
x[4,2]{1  <1.0>}
x[4,3]{3  <1.0>}
x[4,4]{2  <6.551111521870461E-4>, 5  <0.9993448888478129>}
x[4,5]{7  <1.0>}
x[4,6]{6  <1.0>}
x[4,7]{4  <3.572902880143362E-4>, 2  <0.9996427097119857>}
x[5,0]{4  <2.6737400669020884E-4>, 5  <0.9973484911135374>, 2  <0.0023841348797723322>}
x[5,1]{1  <1.0>}
x[5,2]{6  <1.0>}
x[5,3]{7  <1.0>}
x[5,4]{5  <0.0015895764069266344>, 2  <0.9984104235930734>}
x[5,5]{3  <1.0>}
x[5,6]{0  <1.0>}
x[5,7]{4  <0.9997544563986946>, 2  <2.4554360130533146E-4>}
x[6,0]{1  <1.0>}
x[6,1]{2  <1.0>}
x[6,2]{0  <1.0>}
x[6,3]{4  <1.0>}
x[6,4]{3  <1.0>}
x[6,5]{6  <1.0>}
x[6,6]{5  <1.0>}
x[6,7]{7  <1.0>}
x[7,0]{7  <1.0>}
x[7,1]{6  <1.0>}
x[7,2]{2  <6.995302310488566E-4>, 5  <0.9993004697689511>}
x[7,3]{2  <0.998479720202628>, 5  <0.0015202797973719354>}
x[7,4]{0  <1.0>}
x[7,5]{4  <1.0>}
x[7,6]{3  <1.0>}
x[7,7]{1  <1.0>}
problem entropy = 0.011261710968410103
smallest variable entropy = 9.800716316907259E-4
### branching on x[3,2]=2 marginal=0.9999044360962368
##### after BP iteration 1 #####
x[0,0]{6  <1.0>}
x[0,1]{0  <1.0>}
x[0,2]{3  <1.0>}
x[0,3]{1  <1.0>}
x[0,4]{4  <1.0>}
x[0,5]{2  <1.0>}
x[0,6]{7  <1.0>}
x[0,7]{5  <1.0>}
x[1,0]{3  <1.0>}
x[1,1]{7  <1.0>}
x[1,2]{4  <1.0>}
x[1,3]{0  <1.0>}
x[1,4]{1  <1.0>}
x[1,5]{5  <1.0>}
x[1,6]{2  <1.0>}
x[1,7]{6  <1.0>}
x[2,0]{2  <1.0>}
x[2,1]{3  <1.0>}
x[2,2]{7  <1.0>}
x[2,3]{5  <1.0>}
x[2,4]{6  <1.0>}
x[2,5]{1  <1.0>}
x[2,6]{4  <1.0>}
x[2,7]{0  <1.0>}
x[3,0]{4  <0.9998437248275284>, 5  <1.562751724716142E-4>}
x[3,1]{4  <1.870657759387655E-4>, 5  <0.9998129342240613>}
x[3,2]{2  <1.0>}
x[3,3]{6  <1.0>}
x[3,4]{7  <1.0>}
x[3,5]{0  <1.0>}
x[3,6]{1  <1.0>}
x[3,7]{3  <1.0>}
x[4,0]{0  <1.0>}
x[4,1]{4  <0.9998675238214831>, 5  <1.3247617851689885E-4>}
x[4,2]{1  <1.0>}
x[4,3]{3  <1.0>}
x[4,4]{2  <1.769197848332262E-4>, 5  <0.9998230802151669>}
x[4,5]{7  <1.0>}
x[4,6]{6  <1.0>}
x[4,7]{4  <8.738063018096041E-5>, 2  <0.9999126193698191>}
x[5,0]{4  <6.397279214366925E-5>, 5  <0.9999360272078563>}
x[5,1]{1  <1.0>}
x[5,2]{6  <1.0>}
x[5,3]{7  <1.0>}
x[5,4]{5  <3.781013593185996E-5>, 2  <0.9999621898640682>}
x[5,5]{3  <1.0>}
x[5,6]{0  <1.0>}
x[5,7]{4  <0.9999467528885401>, 2  <5.3247111459890613E-5>}
x[6,0]{1  <1.0>}
x[6,1]{2  <1.0>}
x[6,2]{0  <1.0>}
x[6,3]{4  <1.0>}
x[6,4]{3  <1.0>}
x[6,5]{6  <1.0>}
x[6,6]{5  <1.0>}
x[6,7]{7  <1.0>}
x[7,0]{7  <1.0>}
x[7,1]{6  <1.0>}
x[7,2]{5  <1.0>}
x[7,3]{2  <1.0>}
x[7,4]{0  <1.0>}
x[7,5]{4  <1.0>}
x[7,6]{3  <1.0>}
x[7,7]{1  <1.0>}
problem entropy = 0.0016095563438438475
smallest variable entropy = 4.228275150768262E-4
### branching on x[5,4]=2 marginal=0.9999621898640682
##### after BP iteration 1 #####
x[0,0]{6  <1.0>}
x[0,1]{0  <1.0>}
x[0,2]{3  <1.0>}
x[0,3]{1  <1.0>}
x[0,4]{4  <1.0>}
x[0,5]{2  <1.0>}
x[0,6]{7  <1.0>}
x[0,7]{5  <1.0>}
x[1,0]{3  <1.0>}
x[1,1]{7  <1.0>}
x[1,2]{4  <1.0>}
x[1,3]{0  <1.0>}
x[1,4]{1  <1.0>}
x[1,5]{5  <1.0>}
x[1,6]{2  <1.0>}
x[1,7]{6  <1.0>}
x[2,0]{2  <1.0>}
x[2,1]{3  <1.0>}
x[2,2]{7  <1.0>}
x[2,3]{5  <1.0>}
x[2,4]{6  <1.0>}
x[2,5]{1  <1.0>}
x[2,6]{4  <1.0>}
x[2,7]{0  <1.0>}
x[3,0]{4  <1.0>}
x[3,1]{5  <1.0>}
x[3,2]{2  <1.0>}
x[3,3]{6  <1.0>}
x[3,4]{7  <1.0>}
x[3,5]{0  <1.0>}
x[3,6]{1  <1.0>}
x[3,7]{3  <1.0>}
x[4,0]{0  <1.0>}
x[4,1]{4  <1.0>}
x[4,2]{1  <1.0>}
x[4,3]{3  <1.0>}
x[4,4]{5  <1.0>}
x[4,5]{7  <1.0>}
x[4,6]{6  <1.0>}
x[4,7]{2  <1.0>}
x[5,0]{5  <1.0>}
x[5,1]{1  <1.0>}
x[5,2]{6  <1.0>}
x[5,3]{7  <1.0>}
x[5,4]{2  <1.0>}
x[5,5]{3  <1.0>}
x[5,6]{0  <1.0>}
x[5,7]{4  <1.0>}
x[6,0]{1  <1.0>}
x[6,1]{2  <1.0>}
x[6,2]{0  <1.0>}
x[6,3]{4  <1.0>}
x[6,4]{3  <1.0>}
x[6,5]{6  <1.0>}
x[6,6]{5  <1.0>}
x[6,7]{7  <1.0>}
x[7,0]{7  <1.0>}
x[7,1]{6  <1.0>}
x[7,2]{5  <1.0>}
x[7,3]{2  <1.0>}
x[7,4]{0  <1.0>}
x[7,5]{4  <1.0>}
x[7,6]{3  <1.0>}
x[7,7]{1  <1.0>}
problem entropy = 0.0
smallest variable entropy = 1.7976931348623157E308
### branching on x[5,4]!=2
##### after BP iteration 1 #####
x[0,0]{6  <1.0>}
x[0,1]{0  <1.0>}
x[0,2]{3  <1.0>}
x[0,3]{1  <1.0>}
x[0,4]{4  <1.0>}
x[0,5]{2  <1.0>}
x[0,6]{7  <1.0>}
x[0,7]{5  <1.0>}
x[1,0]{3  <1.0>}
x[1,1]{7  <1.0>}
x[1,2]{4  <1.0>}
x[1,3]{0  <1.0>}
x[1,4]{1  <1.0>}
x[1,5]{5  <1.0>}
x[1,6]{2  <1.0>}
x[1,7]{6  <1.0>}
x[2,0]{2  <1.0>}
x[2,1]{3  <1.0>}
x[2,2]{7  <1.0>}
x[2,3]{5  <1.0>}
x[2,4]{6  <1.0>}
x[2,5]{1  <1.0>}
x[2,6]{4  <1.0>}
x[2,7]{0  <1.0>}
x[3,0]{5  <1.0>}
x[3,1]{4  <1.0>}
x[3,2]{2  <1.0>}
x[3,3]{6  <1.0>}
x[3,4]{7  <1.0>}
x[3,5]{0  <1.0>}
x[3,6]{1  <1.0>}
x[3,7]{3  <1.0>}
x[4,0]{0  <1.0>}
x[4,1]{5  <1.0>}
x[4,2]{1  <1.0>}
x[4,3]{3  <1.0>}
x[4,4]{2  <1.0>}
x[4,5]{7  <1.0>}
x[4,6]{6  <1.0>}
x[4,7]{4  <1.0>}
x[5,0]{4  <1.0>}
x[5,1]{1  <1.0>}
x[5,2]{6  <1.0>}
x[5,3]{7  <1.0>}
x[5,4]{5  <1.0>}
x[5,5]{3  <1.0>}
x[5,6]{0  <1.0>}
x[5,7]{2  <1.0>}
x[6,0]{1  <1.0>}
x[6,1]{2  <1.0>}
x[6,2]{0  <1.0>}
x[6,3]{4  <1.0>}
x[6,4]{3  <1.0>}
x[6,5]{6  <1.0>}
x[6,6]{5  <1.0>}
x[6,7]{7  <1.0>}
x[7,0]{7  <1.0>}
x[7,1]{6  <1.0>}
x[7,2]{5  <1.0>}
x[7,3]{2  <1.0>}
x[7,4]{0  <1.0>}
x[7,5]{4  <1.0>}
x[7,6]{3  <1.0>}
x[7,7]{1  <1.0>}
problem entropy = 0.0
smallest variable entropy = 1.7976931348623157E308

	#choice: 8
	#fail: 0
	execution time (ms): 207
	#sols : 1
	completed : false

