{6  <1.0>}
model: sum-product-oracle
FINAL DAMPING FACTOR = 1.0
##### after BP iteration 1 #####
x[0,0]{6  <1.0>}
x[0,1]{1  <1.0>}
x[0,2]{2  <1.0>}
x[0,3]{5  <1.0>}
x[0,4]{4  <1.0>}
x[0,5]{3  <1.0>}
x[0,6]{0  <1.0>}
x[0,7]{7  <1.0>}
x[1,0]{0  <0.3333333333333333>, 4  <0.3333333333333333>, 3  <0.3333333333333333>}
x[1,1]{2  <1.0>}
x[1,2]{6  <1.0>}
x[1,3]{0  <0.6666666666666666>, 3  <0.3333333333333333>}
x[1,4]{5  <0.8571428571428571>, 7  <0.14285714285714285>}
x[1,5]{1  <1.0>}
x[1,6]{5  <0.24705882352941178>, 7  <0.7529411764705883>}
x[1,7]{4  <0.6666666666666666>, 3  <0.3333333333333333>}
x[2,0]{5  <0.24999999999999997>, 2  <0.75>}
x[2,1]{3  <1.0>}
x[2,2]{1  <1.0>}
x[2,3]{4  <1.0>}
x[2,4]{5  <0.25>, 6  <0.375>, 7  <0.375>}
x[2,5]{5  <0.25806451612903225>, 6  <0.25806451612903225>, 2  <0.25806451612903225>, 7  <0.2258064516129032>}
x[2,6]{5  <0.2641509433962264>, 7  <0.3962264150943396>, 6  <0.33962264150943394>}
x[2,7]{0  <1.0>}
x[3,0]{5  <0.9>, 2  <0.09999999999999998>}
x[3,1]{6  <1.0>}
x[3,2]{4  <1.0>}
x[3,3]{7  <1.0>}
x[3,4]{0  <1.0>}
x[3,5]{2  <0.7419354838709677>, 5  <0.2580645161290323>}
x[3,6]{3  <1.0>}
x[3,7]{1  <1.0>}
x[4,0]{7  <1.0>}
x[4,1]{5  <1.0>}
x[4,2]{0  <1.0>}
x[4,3]{1  <1.0>}
x[4,4]{3  <1.0>}
x[4,5]{4  <1.0>}
x[4,6]{2  <1.0>}
x[4,7]{6  <1.0>}
x[5,0]{0  <0.6666666666666666>, 3  <0.3333333333333333>}
x[5,1]{4  <1.0>}
x[5,2]{5  <1.0>}
x[5,3]{0  <0.19999999999999998>, 3  <0.7999999999999999>}
x[5,4]{7  <0.14893617021276592>, 6  <0.8510638297872339>}
x[5,5]{7  <0.8727272727272727>, 6  <0.12727272727272726>}
x[5,6]{1  <1.0>}
x[5,7]{2  <1.0>}
x[6,0]{4  <0.6666666666666666>, 3  <0.3333333333333333>}
x[6,1]{0  <1.0>}
x[6,2]{7  <1.0>}
x[6,3]{2  <1.0>}
x[6,4]{1  <1.0>}
x[6,5]{6  <0.3137254901960785>, 5  <0.6862745098039215>}
x[6,6]{6  <0.660377358490566>, 5  <0.339622641509434>}
x[6,7]{4  <0.19999999999999998>, 3  <0.7999999999999999>}
x[7,0]{1  <1.0>}
x[7,1]{7  <1.0>}
x[7,2]{3  <1.0>}
x[7,3]{6  <1.0>}
x[7,4]{2  <1.0>}
x[7,5]{0  <1.0>}
x[7,6]{4  <1.0>}
x[7,7]{5  <1.0>}
problem entropy = 0.0
smallest variable entropy = 1.7976931348623157E308
### branching on x[1,3]=3
##### after BP iteration 1 #####
x[0,0]{6  <1.0>}
x[0,1]{1  <1.0>}
x[0,2]{2  <1.0>}
x[0,3]{5  <1.0>}
x[0,4]{4  <1.0>}
x[0,5]{3  <1.0>}
x[0,6]{0  <1.0>}
x[0,7]{7  <1.0>}
x[1,0]{0  <1.0>}
x[1,1]{2  <1.0>}
x[1,2]{6  <1.0>}
x[1,3]{3  <1.0>}
x[1,4]{5  <0.7469879518072289>, 7  <0.25301204819277107>}
x[1,5]{1  <1.0>}
x[1,6]{5  <0.17948717948717946>, 7  <0.8205128205128206>}
x[1,7]{4  <1.0>}
x[2,0]{5  <0.10146341463414636>, 2  <0.8985365853658536>}
x[2,1]{3  <1.0>}
x[2,2]{1  <1.0>}
x[2,3]{4  <1.0>}
x[2,4]{5  <0.19761384641236768>, 6  <0.1893799361451857>, 7  <0.6130062174424465>}
x[2,5]{5  <0.18071242397914863>, 6  <0.4540978858963221>, 2  <0.18071242397914863>, 7  <0.18447726614538082>}
x[2,6]{5  <0.3211009174311926>, 7  <0.25688073394495414>, 6  <0.4220183486238533>}
x[2,7]{0  <1.0>}
x[3,0]{5  <0.8961038961038962>, 2  <0.10389610389610392>}
x[3,1]{6  <1.0>}
x[3,2]{4  <1.0>}
x[3,3]{7  <1.0>}
x[3,4]{0  <1.0>}
x[3,5]{2  <0.9288888888888888>, 5  <0.0711111111111111>}
x[3,6]{3  <1.0>}
x[3,7]{1  <1.0>}
x[4,0]{7  <1.0>}
x[4,1]{5  <1.0>}
x[4,2]{0  <1.0>}
x[4,3]{1  <1.0>}
x[4,4]{3  <1.0>}
x[4,5]{4  <1.0>}
x[4,6]{2  <1.0>}
x[4,7]{6  <1.0>}
x[5,0]{3  <1.0>}
x[5,1]{4  <1.0>}
x[5,2]{5  <1.0>}
x[5,3]{0  <1.0>}
x[5,4]{7  <0.1794871794871795>, 6  <0.8205128205128206>}
x[5,5]{7  <0.7796101949025488>, 6  <0.22038980509745126>}
x[5,6]{1  <1.0>}
x[5,7]{2  <1.0>}
x[6,0]{4  <1.0>}
x[6,1]{0  <1.0>}
x[6,2]{7  <1.0>}
x[6,3]{2  <1.0>}
x[6,4]{1  <1.0>}
x[6,5]{6  <0.4170890658942796>, 5  <0.5829109341057205>}
x[6,6]{6  <0.5606407322654462>, 5  <0.4393592677345538>}
x[6,7]{3  <1.0>}
x[7,0]{1  <1.0>}
x[7,1]{7  <1.0>}
x[7,2]{3  <1.0>}
x[7,3]{6  <1.0>}
x[7,4]{2  <1.0>}
x[7,5]{0  <1.0>}
x[7,6]{4  <1.0>}
x[7,7]{5  <1.0>}
problem entropy = 0.0
smallest variable entropy = 1.7976931348623157E308
### branching on x[1,4]=5
### branching on x[2,0]=2
##### after BP iteration 1 #####
x[0,0]{6  <1.0>}
x[0,1]{1  <1.0>}
x[0,2]{2  <1.0>}
x[0,3]{5  <1.0>}
x[0,4]{4  <1.0>}
x[0,5]{3  <1.0>}
x[0,6]{0  <1.0>}
x[0,7]{7  <1.0>}
x[1,0]{0  <1.0>}
x[1,1]{2  <1.0>}
x[1,2]{6  <1.0>}
x[1,3]{3  <1.0>}
x[1,4]{5  <1.0>}
x[1,5]{1  <1.0>}
x[1,6]{7  <1.0>}
x[1,7]{4  <1.0>}
x[2,0]{2  <1.0>}
x[2,1]{3  <1.0>}
x[2,2]{1  <1.0>}
x[2,3]{4  <1.0>}
x[2,4]{7  <0.9146432507376729>, 6  <0.08535674926232713>}
x[2,5]{5  <0.2765574360821031>, 6  <0.6273756651862521>, 7  <0.09606689873164487>}
x[2,6]{5  <0.7421178182428697>, 6  <0.2578821817571303>}
x[2,7]{0  <1.0>}
x[3,0]{5  <1.0>}
x[3,1]{6  <1.0>}
x[3,2]{4  <1.0>}
x[3,3]{7  <1.0>}
x[3,4]{0  <1.0>}
x[3,5]{2  <1.0>}
x[3,6]{3  <1.0>}
x[3,7]{1  <1.0>}
x[4,0]{7  <1.0>}
x[4,1]{5  <1.0>}
x[4,2]{0  <1.0>}
x[4,3]{1  <1.0>}
x[4,4]{3  <1.0>}
x[4,5]{4  <1.0>}
x[4,6]{2  <1.0>}
x[4,7]{6  <1.0>}
x[5,0]{3  <1.0>}
x[5,1]{4  <1.0>}
x[5,2]{5  <1.0>}
x[5,3]{0  <1.0>}
x[5,4]{7  <0.3329113389880576>, 6  <0.6670886610119424>}
x[5,5]{7  <0.7080035449072517>, 6  <0.29199645509274813>}
x[5,6]{1  <1.0>}
x[5,7]{2  <1.0>}
x[6,0]{4  <1.0>}
x[6,1]{0  <1.0>}
x[6,2]{7  <1.0>}
x[6,3]{2  <1.0>}
x[6,4]{1  <1.0>}
x[6,5]{6  <0.3144263231267951>, 5  <0.6855736768732049>}
x[6,6]{6  <0.3535353535353535>, 5  <0.6464646464646464>}
x[6,7]{3  <1.0>}
x[7,0]{1  <1.0>}
x[7,1]{7  <1.0>}
x[7,2]{3  <1.0>}
x[7,3]{6  <1.0>}
x[7,4]{2  <1.0>}
x[7,5]{0  <1.0>}
x[7,6]{4  <1.0>}
x[7,7]{5  <1.0>}
problem entropy = 0.0
smallest variable entropy = 1.7976931348623157E308
### branching on x[2,4]=6
##### after BP iteration 1 #####
x[0,0]{6  <1.0>}
x[0,1]{1  <1.0>}
x[0,2]{2  <1.0>}
x[0,3]{5  <1.0>}
x[0,4]{4  <1.0>}
x[0,5]{3  <1.0>}
x[0,6]{0  <1.0>}
x[0,7]{7  <1.0>}
x[1,0]{0  <1.0>}
x[1,1]{2  <1.0>}
x[1,2]{6  <1.0>}
x[1,3]{3  <1.0>}
x[1,4]{5  <1.0>}
x[1,5]{1  <1.0>}
x[1,6]{7  <1.0>}
x[1,7]{4  <1.0>}
x[2,0]{2  <1.0>}
x[2,1]{3  <1.0>}
x[2,2]{1  <1.0>}
x[2,3]{4  <1.0>}
x[2,4]{6  <1.0>}
x[2,5]{7  <1.0>}
x[2,6]{5  <1.0>}
x[2,7]{0  <1.0>}
x[3,0]{5  <1.0>}
x[3,1]{6  <1.0>}
x[3,2]{4  <1.0>}
x[3,3]{7  <1.0>}
x[3,4]{0  <1.0>}
x[3,5]{2  <1.0>}
x[3,6]{3  <1.0>}
x[3,7]{1  <1.0>}
x[4,0]{7  <1.0>}
x[4,1]{5  <1.0>}
x[4,2]{0  <1.0>}
x[4,3]{1  <1.0>}
x[4,4]{3  <1.0>}
x[4,5]{4  <1.0>}
x[4,6]{2  <1.0>}
x[4,7]{6  <1.0>}
x[5,0]{3  <1.0>}
x[5,1]{4  <1.0>}
x[5,2]{5  <1.0>}
x[5,3]{0  <1.0>}
x[5,4]{7  <1.0>}
x[5,5]{6  <1.0>}
x[5,6]{1  <1.0>}
x[5,7]{2  <1.0>}
x[6,0]{4  <1.0>}
x[6,1]{0  <1.0>}
x[6,2]{7  <1.0>}
x[6,3]{2  <1.0>}
x[6,4]{1  <1.0>}
x[6,5]{5  <1.0>}
x[6,6]{6  <1.0>}
x[6,7]{3  <1.0>}
x[7,0]{1  <1.0>}
x[7,1]{7  <1.0>}
x[7,2]{3  <1.0>}
x[7,3]{6  <1.0>}
x[7,4]{2  <1.0>}
x[7,5]{0  <1.0>}
x[7,6]{4  <1.0>}
x[7,7]{5  <1.0>}
problem entropy = 0.0
smallest variable entropy = 1.7976931348623157E308
### branching on x[2,4]!=6
##### after BP iteration 1 #####
x[0,0]{6  <1.0>}
x[0,1]{1  <1.0>}
x[0,2]{2  <1.0>}
x[0,3]{5  <1.0>}
x[0,4]{4  <1.0>}
x[0,5]{3  <1.0>}
x[0,6]{0  <1.0>}
x[0,7]{7  <1.0>}
x[1,0]{0  <1.0>}
x[1,1]{2  <1.0>}
x[1,2]{6  <1.0>}
x[1,3]{3  <1.0>}
x[1,4]{5  <1.0>}
x[1,5]{1  <1.0>}
x[1,6]{7  <1.0>}
x[1,7]{4  <1.0>}
x[2,0]{2  <1.0>}
x[2,1]{3  <1.0>}
x[2,2]{1  <1.0>}
x[2,3]{4  <1.0>}
x[2,4]{7  <1.0>}
x[2,5]{5  <0.4018137425880711>, 6  <0.5981862574119289>}
x[2,6]{5  <0.6198438015619843>, 6  <0.3801561984380158>}
x[2,7]{0  <1.0>}
x[3,0]{5  <1.0>}
x[3,1]{6  <1.0>}
x[3,2]{4  <1.0>}
x[3,3]{7  <1.0>}
x[3,4]{0  <1.0>}
x[3,5]{2  <1.0>}
x[3,6]{3  <1.0>}
x[3,7]{1  <1.0>}
x[4,0]{7  <1.0>}
x[4,1]{5  <1.0>}
x[4,2]{0  <1.0>}
x[4,3]{1  <1.0>}
x[4,4]{3  <1.0>}
x[4,5]{4  <1.0>}
x[4,6]{2  <1.0>}
x[4,7]{6  <1.0>}
x[5,0]{3  <1.0>}
x[5,1]{4  <1.0>}
x[5,2]{5  <1.0>}
x[5,3]{0  <1.0>}
x[5,4]{6  <1.0>}
x[5,5]{7  <1.0>}
x[5,6]{1  <1.0>}
x[5,7]{2  <1.0>}
x[6,0]{4  <1.0>}
x[6,1]{0  <1.0>}
x[6,2]{7  <1.0>}
x[6,3]{2  <1.0>}
x[6,4]{1  <1.0>}
x[6,5]{5  <0.4702495201535508>, 6  <0.5297504798464492>}
x[6,6]{6  <0.83100245293387>, 5  <0.16899754706613013>}
x[6,7]{3  <1.0>}
x[7,0]{1  <1.0>}
x[7,1]{7  <1.0>}
x[7,2]{3  <1.0>}
x[7,3]{6  <1.0>}
x[7,4]{2  <1.0>}
x[7,5]{0  <1.0>}
x[7,6]{4  <1.0>}
x[7,7]{5  <1.0>}
problem entropy = 0.0
smallest variable entropy = 1.7976931348623157E308

	#choice: 5
	#fail: 0
	execution time (ms): 29
	#sols : 1
	completed : false

