INFO
n : 30
nbHoles : 400
nbFile : 9
objective : diagonal
search: lds
bp : sum_product
branchingScheme : max_marginal_regret
oracle : false
truncateRate : 0
START SEARCH
NEW SOLUTION FOUND
solution score : 402

	#choice: 7964
	#fail: 138
	execution time (ms): 22899
	#sols : 1
	completed : false

NEW SOLUTION FOUND
solution score : 429

	#choice: 29888
	#fail: 1361
	execution time (ms): 98868
	#sols : 2
	completed : false

NEW SOLUTION FOUND
solution score : 435

	#choice: 50209
	#fail: 2050
	execution time (ms): 160383
	#sols : 3
	completed : false

NEW SOLUTION FOUND
solution score : 446

	#choice: 111333
	#fail: 3685
	execution time (ms): 325858
	#sols : 4
	completed : false

NEW SOLUTION FOUND
solution score : 451

	#choice: 176015
	#fail: 5071
	execution time (ms): 485903
	#sols : 5
	completed : false

NEW SOLUTION FOUND
solution score : 477

	#choice: 315461
	#fail: 7876
	execution time (ms): 806524
	#sols : 6
	completed : false

NEW SOLUTION FOUND
solution score : 483

	#choice: 315466
	#fail: 7879
	execution time (ms): 806525
	#sols : 7
	completed : false

NEW SOLUTION FOUND
solution score : 492

	#choice: 319014
	#fail: 8821
	execution time (ms): 819476
	#sols : 8
	completed : false

NEW SOLUTION FOUND
solution score : 502

	#choice: 322523
	#fail: 9702
	execution time (ms): 831196
	#sols : 9
	completed : false

NEW SOLUTION FOUND
solution score : 503

	#choice: 326638
	#fail: 10846
	execution time (ms): 843240
	#sols : 10
	completed : false

NEW SOLUTION FOUND
solution score : 512

	#choice: 328784
	#fail: 11420
	execution time (ms): 849319
	#sols : 11
	completed : false

NEW SOLUTION FOUND
solution score : 513

	#choice: 329815
	#fail: 11747
	execution time (ms): 852749
	#sols : 12
	completed : false

NEW SOLUTION FOUND
solution score : 517

	#choice: 339770
	#fail: 13415
	execution time (ms): 892679
	#sols : 13
	completed : false

NEW SOLUTION FOUND
solution score : 518

	#choice: 340767
	#fail: 13700
	execution time (ms): 895389
	#sols : 14
	completed : false

NEW SOLUTION FOUND
solution score : 520

	#choice: 415044
	#fail: 21602
	execution time (ms): 1116594
	#sols : 15
	completed : false

NEW SOLUTION FOUND
solution score : 527

	#choice: 490285
	#fail: 27199
	execution time (ms): 1343371
	#sols : 16
	completed : false

NEW SOLUTION FOUND
solution score : 530

	#choice: 551506
	#fail: 31713
	execution time (ms): 1523429
	#sols : 17
	completed : false

NEW SOLUTION FOUND
solution score : 535

	#choice: 569425
	#fail: 32900
	execution time (ms): 1573986
	#sols : 18
	completed : false

END OF SEARCH

	#choice: 569545
	#fail: 33021
	execution time (ms): 1573988
	#sols : 18
	completed : true


