INFO
n : 30
nbHoles : 400
nbFile : 9
objective : diagonal
search: lds
bp : sum_product
branchingScheme : dom_wdeg_max_marginal
oracle : false
truncateRate : 0
START SEARCH
NEW SOLUTION FOUND
solution score : 418

	#choice: 4481
	#fail: 88
	execution time (ms): 14183
	#sols : 1
	completed : false

NEW SOLUTION FOUND
solution score : 443

	#choice: 12342
	#fail: 181
	execution time (ms): 29050
	#sols : 2
	completed : false

NEW SOLUTION FOUND
solution score : 447

	#choice: 13232
	#fail: 344
	execution time (ms): 32227
	#sols : 3
	completed : false

NEW SOLUTION FOUND
solution score : 457

	#choice: 13249
	#fail: 355
	execution time (ms): 32235
	#sols : 4
	completed : false

NEW SOLUTION FOUND
solution score : 480

	#choice: 13265
	#fail: 359
	execution time (ms): 32297
	#sols : 5
	completed : false

NEW SOLUTION FOUND
solution score : 492

	#choice: 13288
	#fail: 365
	execution time (ms): 32414
	#sols : 6
	completed : false

NEW SOLUTION FOUND
solution score : 499

	#choice: 19813
	#fail: 895
	execution time (ms): 51427
	#sols : 7
	completed : false

NEW SOLUTION FOUND
solution score : 502

	#choice: 23055
	#fail: 1097
	execution time (ms): 60589
	#sols : 8
	completed : false

NEW SOLUTION FOUND
solution score : 505

	#choice: 24334
	#fail: 1152
	execution time (ms): 64018
	#sols : 9
	completed : false

NEW SOLUTION FOUND
solution score : 512

	#choice: 24419
	#fail: 1156
	execution time (ms): 64207
	#sols : 10
	completed : false

NEW SOLUTION FOUND
solution score : 518

	#choice: 25081
	#fail: 1197
	execution time (ms): 66072
	#sols : 11
	completed : false

NEW SOLUTION FOUND
solution score : 519

	#choice: 26227
	#fail: 1278
	execution time (ms): 69441
	#sols : 12
	completed : false

NEW SOLUTION FOUND
solution score : 520

	#choice: 28885
	#fail: 1417
	execution time (ms): 76431
	#sols : 13
	completed : false

NEW SOLUTION FOUND
solution score : 523

	#choice: 41446
	#fail: 1827
	execution time (ms): 107355
	#sols : 14
	completed : false

NEW SOLUTION FOUND
solution score : 530

	#choice: 42428
	#fail: 1868
	execution time (ms): 109730
	#sols : 15
	completed : false

NEW SOLUTION FOUND
solution score : 535

	#choice: 43897
	#fail: 2005
	execution time (ms): 113067
	#sols : 16
	completed : false

END OF SEARCH

	#choice: 44000
	#fail: 2109
	execution time (ms): 113070
	#sols : 16
	completed : true

