INFO
n : 30
nbHoles : 700
nbFile : 3
objective : diagonal
search: lds
bp : sum_product
branchingScheme : max_marginal_regret
oracle : false
truncateRate : 0
START SEARCH
NEW SOLUTION FOUND
solution score : 370

	#choice: 485
	#fail: 0
	execution time (ms): 3691
	#sols : 1
	completed : false

NEW SOLUTION FOUND
solution score : 375

	#choice: 497
	#fail: 7
	execution time (ms): 4396
	#sols : 2
	completed : false

NEW SOLUTION FOUND
solution score : 385

	#choice: 514
	#fail: 10
	execution time (ms): 5327
	#sols : 3
	completed : false

NEW SOLUTION FOUND
solution score : 391

	#choice: 527
	#fail: 11
	execution time (ms): 6412
	#sols : 4
	completed : false

NEW SOLUTION FOUND
solution score : 393

	#choice: 542
	#fail: 12
	execution time (ms): 6265
	#sols : 5
	completed : false

NEW SOLUTION FOUND
solution score : 394

	#choice: 555
	#fail: 13
	execution time (ms): 6890
	#sols : 6
	completed : false

NEW SOLUTION FOUND
solution score : 399

	#choice: 566
	#fail: 14
	execution time (ms): 7270
	#sols : 7
	completed : false

NEW SOLUTION FOUND
solution score : 401

	#choice: 677
	#fail: 30
	execution time (ms): 7850
	#sols : 8
	completed : false

NEW SOLUTION FOUND
solution score : 403

	#choice: 731
	#fail: 32
	execution time (ms): 7440
	#sols : 9
	completed : false

NEW SOLUTION FOUND
solution score : 419

	#choice: 860
	#fail: 37
	execution time (ms): 7865
	#sols : 10
	completed : false

NEW SOLUTION FOUND
solution score : 426

	#choice: 1011
	#fail: 45
	execution time (ms): 8825
	#sols : 11
	completed : false

NEW SOLUTION FOUND
solution score : 432

	#choice: 1131
	#fail: 48
	execution time (ms): 8908
	#sols : 12
	completed : false

NEW SOLUTION FOUND
solution score : 436

	#choice: 1175
	#fail: 49
	execution time (ms): 8942
	#sols : 13
	completed : false

NEW SOLUTION FOUND
solution score : 438

	#choice: 1416
	#fail: 55
	execution time (ms): 9399
	#sols : 14
	completed : false

NEW SOLUTION FOUND
solution score : 440

	#choice: 1569
	#fail: 65
	execution time (ms): 9536
	#sols : 15
	completed : false

NEW SOLUTION FOUND
solution score : 443

	#choice: 1674
	#fail: 67
	execution time (ms): 10117
	#sols : 16
	completed : false

NEW SOLUTION FOUND
solution score : 446

	#choice: 1734
	#fail: 68
	execution time (ms): 10617
	#sols : 17
	completed : false

NEW SOLUTION FOUND
solution score : 448

	#choice: 1848
	#fail: 70
	execution time (ms): 11318
	#sols : 18
	completed : false

NEW SSOLUTION FOUND
solution score : 450

	#choice: 1926
	#fail: 76
	execution time (ms): 12496
	#sols : 19
	completed : false
NEWW OLLUTON FFOUNDssolutoon score : 457

	#choiee 2000
	#fail: 77
	execution time (ms): 12591
	#sols : 20
	completed : false

NEWW SLUTION FOUND
solution score : 459

	#choice: 2067
	#fail: 788		exeuttonn time (ms): 13654
	#sols : 21
	completed : false
NNEW SOLUTION FOUND
solution score : 460

	#choice: 2191
	#fail: 80
	execution time (ms): 14109
	#sols : 22
	completed : false
NNEW SOLUTION FOUND
solution score : 462

	#choice: 2493
	#fail: 93
	execution time (ms): 14464
	#sols : 23
	completed : false
NNEW SOLUTION FOUND
solution score : 466

	#choice: 2884
	#fail: 115
	execution time (ms): 15878
	#sols : 24
	completed : false

NEW SOLUTION FOUND
solution score : 467

	#choice: 2988
	#fail: 116
	execution time (ms): 16307
	#sols : 25
	completed : false
NNEW SOLUTION FOUND
solution score : 469

	#choice: 3178
	#fail: 118
	execution time (ms): 16669
	#sols : 26
	completed : false
NNEW SOLUTION FOUND
solution score : 478

	#choice: 3597
	#fail: 122
	execution time (ms): 17671
	#sols : 27
	completed : false
NNEW SOLUTION FOUND
solution score : 479

	#choice: 4363
	#fail: 129
	execution time (ms): 19029
	#sols : 28
	completed : false

NEW SOLUTION FOUND
solution score : 483

	#choice: 4491
	#fail: 130
	execution time (ms): 19284
	#sols : 29
	completed : false

NEW SOLUTION FOUND
solution score : 484

	#choice: 4606
	#fail: 131
	execution time (ms): 19497
	#sols : 30
	completed : false

NEW SOLUTION FOUND
solution score : 485

	#choice: 4739
	#fail: 137
	execution time (ms): 19712
	#sols : 31
	completed : false

NEW SOLUTION FOUND
solution score : 486

	#choice: 4874
	#fail: 138
	execution time (ms): 19948
	#sols : 32
	completed : false

NEW SOLUTION FOUND
solution score : 487

	#choice: 5010
	#fail: 139
	execution time (ms): 20151
	#sols : 33
	completed : false

NEW SOLUTION FOUND
solution score : 488

	#choice: 5149
	#fail: 140
	execution time (ms): 20375
	#sols : 34
	completed : false

NEW SOLUTION FOUND
solution score : 489

	#choice: 5277
	#fail: 141
	execution time (ms): 20619
	#sols : 35
	completed : false

NEW SOLUTION FOUND
solution score : 491

	#choice: 5534
	#fail: 143
	execution time (ms): 21093
	#sols : 36
	completed : false

NEW SOLUTION FOUND
solution score : 492

	#choice: 5674
	#fail: 144
	execution time (ms): 21437
	#sols : 37
	completed : false
NNEW SOLUTION FOUND
solution score : 493

	#choice: 6078
	#fail: 147
	execution time (ms): 22386
	#sols : 38
	completed : false
NNEW SOLUTION FOUND
solution score : 494

	#choice: 6472
	#fail: 150
	execution time (ms): 23163
	#sols : 39
	completed : false

NEW SOLUTION FOUND
solution score : 503

	#choice: 6616
	#fail: 151
	execution time (ms): 23607
	#sols : 40
	completed : false

NEW SOLUTION FOUND
solution score : 504

	#choice: 6911
	#fail: 153
	execution time (ms): 24109
	#sols : 41
	completed : false

NEW SOLUTION FOUND
solution score : 505

	#choice: 7049
	#fail: 154
	execution time (ms): 24358
	#sols : 42
	completed : false

NEW SOLUTION FOUND
solution score : 514

	#choice: 7199
	#fail: 155
	execution time (ms): 24659
	#sols : 43
	completed : false

NEW SOLUTION FOUND
solution score : 515

	#choice: 7346
	#fail: 156
	execution time (ms): 24959
	#sols : 44
	completed : false

NEW SOLUTION FOUND
solution score : 516

	#choice: 7646
	#fail: 158
	execution time (ms): 25540
	#sols : 45
	completed : false

NEW SOLUTION FOUND
solution score : 519

	#choice: 7943
	#fail: 160
	execution time (ms): 26114
	#sols : 46
	completed : false

NEW SOLUTION FOUND
solution score : 521

	#choice: 8089
	#fail: 161
	execution time (ms): 26433
	#sols : 47
	completed : false

NEW SOLUTION FOUND
solution score : 522

	#choice: 8410
	#fail: 163
	execution time (ms): 27141
	#sols : 48
	completed : false

NEW SOLUTION FOUND
solution score : 523

	#choice: 8569
	#fail: 164
	execution time (ms): 27442
	#sols : 49
	completed : false
NNEW SOLUTION FOUND
solution score : 530

	#choice: 9090
	#fail: 173
	execution time (ms): 28452
	#sols : 50
	completed : false

NEW SOLUTION FOUND
solution score : 536

	#choice: 9266
	#fail: 174
	execution time (ms): 28761
	#sols : 51
	completed : false

NEW SOLUTION FOUND
solution score : 537

	#choice: 9436
	#fail: 175
	execution time (ms): 29138
	#sols : 52
	completed : false

NEW SOLUTION FOUND
solution score : 539

	#choice: 9778
	#fail: 177
	execution time (ms): 29898
	#sols : 53
	completed : false

NEW SOLUTION FOUND
solution score : 540

	#choice: 9938
	#fail: 178
	execution time (ms): 30190
	#sols : 54
	completed : false

NEW SOLUTION FOUND
solution score : 554

	#choice: 10139
	#fail: 193
	execution time (ms): 30538
	#sols : 55
	completed : false

NEW SOLUTION FOUND
solution score : 555

	#choice: 10330
	#fail: 194
	execution time (ms): 30948
	#sols : 56
	completed : false

NEW SOLUTION FOUND
solution score : 557

	#choice: 10523
	#fail: 195
	execution time (ms): 31287
	#sols : 57
	completed : false

NEW SOLUTION FOUND
solution score : 558

	#choice: 10890
	#fail: 197
	execution time (ms): 31995
	#sols : 58
	completed : false

NEW SOLUTION FOUND
solution score : 559

	#choice: 11077
	#fail: 198
	execution time (ms): 32434
	#sols : 59
	completed : false

NEW SOLUTION FOUND
solution score : 560

	#choice: 11628
	#fail: 201
	execution time (ms): 33438
	#sols : 60
	completed : false
NNEW SOLUTION FOUND
solution score : 563

	#choice: 12232
	#fail: 210
	execution time (ms): 34761
	#sols : 61
	completed : false
NNEW SOLUTION FOUND
solution score : 564

	#choice: 13610
	#fail: 217
	execution time (ms): 37725
	#sols : 62
	completed : false

NEW SOLUTION FOUND
solution score : 565

	#choice: 13810
	#fail: 218
	execution time (ms): 38137
	#sols : 63
	completed : false

NEW SOLUTION FOUND
solution score : 568

	#choice: 14258
	#fail: 233
	execution time (ms): 39039
	#sols : 64
	completed : false

NEW SOLUTION FOUND
solution score : 572

	#choice: 14478
	#fail: 234
	execution time (ms): 39499
	#sols : 65
	completed : false

NEW SOLUTION FOUND
solution score : 573

	#choice: 14684
	#fail: 235
	execution time (ms): 39959
	#sols : 66
	completed : false

NEW SOLUTION FOUND
solution score : 574

	#choice: 14902
	#fail: 240
	execution time (ms): 40393
	#sols : 67
	completed : false
NNEW SOLUTION FOUND
solution score : 575

	#choice: 16035
	#fail: 285
	execution time (ms): 42695
	#sols : 68
	completed : false

NEW SOLUTION FOUND
solution score : 577

	#choice: 16612
	#fail: 287
	execution time (ms): 44078
	#sols : 69
	completed : false

NEW SOLUTION FOUND
solution score : 579

	#choice: 16896
	#fail: 288
	execution time (ms): 44691
	#sols : 70
	completed : false

NEW SOLUTION FOUND
solution score : 583

	#choice: 17186
	#fail: 292
	execution time (ms): 45273
	#sols : 71
	completed : falNEWNNEW SOLUTION FOUND
solution score : 586

	#choice: 18637
	#fail: 297
	execution time (ms): 48531
	#sols : 72
	completed : false

NEW SOLUTION FOUND
solution score : 587

	#choice: 19214
	#fail: 299
	execution time (ms): 49858
	#sols : 73
	completed : false

NEW SOLUTION FOUND
solution score : 588

	#choice: 19789
	#fail: 301
	execution time (ms): 50910
	#sols : 74
	completed : false

NEW SOLUTION FOUND
solution score : 591

	#choice: 20358
	#fail: 303
	execution time (ms): 52098
	#sols : 75
	completed : false
NNEW SOLUTION FOUND
solution score : 593

	#choice: 21244
	#fail: 306
	execution time (ms): 53854
	#sols : 76
	completed : false

NEW SOLUTION FOUND
solution score : 594

	#choice: 21850
	#fail: 308
	execution time (ms): 55208
	#sols : 77
	completed : false

NEW SOLUTION FOUND
solution score : 595

	#choice: 22140
	#fail: 309
	execution time (ms): 55779
	#sols : 78
	completed : false

NEW SOLUTION FOUND
solution score : 597

	#choice: 22734
	#fail: 311
	execution time (ms): 56954
	#sols : 79
	completed : false

NEW SOLUTION FOUND
solution score : 598

	#choice: 23047
	#fail: 312
	execution time (ms): 57606
	#sols : 80
	completed : false
NNEW SOLUTION FOUND
solution score : 600

	#choice: 24289
	#fail: 316
	execution time (ms): 59922
	#sols : 81
	completed : false

NEW SOLUTION FOUND
solution score : 605

	#choice: 24594
	#fail: 317
	execution time (ms): 60465
	#sols : 82
	completed : false

NEW SOLUTION FOUND
solution score : 607

	#choice: 24910
	#fail: 318
	execution time (ms): 61104
	#sols : 83
	completed : false

NEW SOLUTION FOUND
solution score : 608

	#choice: 25847
	#fail: 321
	execution time (ms): 62908
	#sols : 84
	completed : false

NEW SOLUTION FOUND
solution score : 609

	#choice: 26163
	#fail: 322
	execution time (ms): 63542
	#sols : 85
	completed : false
NNEW SOLUTION FOUND
solution score : 610

	#choice: 27124
	#fail: 325
	execution time (ms): 65599
	#sols : 86
	completed : falNEWNNEW SOLUTION FOUND
solution score : 611

	#choice: 30006
	#fail: 334
	execution time (ms): 71369
	#sols : 87
	completed : false

NEW SOLUTION FOUND
solution score : 612

	#choice: 30333
	#fail: 335
	execution time (ms): 72236
	#sols : 88
	completed : false

NEW SOLUTION FOUND
solution score : 614

	#choice: 30660
	#fail: 336
	execution time (ms): 73079
	#sols : 89
	completed : false

NEW SOLUTION FOUND
solution score : 616

	#choice: 31333
	#fail: 338
	execution time (ms): 74669
	#sols : 90
	completed : false

NEW SOLUTION FOUND
solution score : 617

	#choice: 31669
	#fail: 339
	execution time (ms): 75479
	#sols : 91
	completed : false

NEW SOLUTION FOUND
solution score : 618

	#choice: 32681
	#fail: 342
	execution time (ms): 77235
	#sols : 92
	completed : falNEWNNEW SOLUTION FOUND
solution score : 619

	#choice: 34036
	#fail: 346
	execution time (ms): 80363
	#sols : 93
	completed : false

NEW SOLUTION FOUND
solution score : 620

	#choice: 34383
	#fail: 347
	execution time (ms): 80969
	#sols : 94
	completed : false
NNEW SOLUTION FOUND
solution score : 621

	#choice: 35737
	#fail: 351
	execution time (ms): 83545
	#sols : 95
	completed : false

NEW SOLUTION FOUND
solution score : 622

	#choice: 36749
	#fail: 354
	execution time (ms): 85303
	#sols : 96
	completed : false
NNEW SOLUTION FOUND
solution score : 624

	#choice: 37780
	#fail: 357
	execution time (ms): 87947
	#sols : 97
	completed : false

NEW SOLUTION FOUND
solution score : 625

	#choice: 38127
	#fail: 358
	execution time (ms): 88753
	#sols : 98
	completed : false

NEW SOLUTION FOUND
solution score : 630

	#choice: 38480
	#fail: 359
	execution time (ms): 89639
	#sols : 99
	completed : false

NEW SOLUTION FOUND
solution score : 631

	#choice: 39168
	#fail: 361
	execution time (ms): 91465
	#sols : 100
	completed : false

NEW SOLUTION FOUND
solution score : 634

	#choice: 39522
	#fail: 362
	execution time (ms): 92403
	#sols : 101
	completed : false

NEW SOLUTION FOUND
solution score : 637

	#choice: 39882
	#fail: 363
	execution time (ms): 93323
	#sols : 102
	completed : false

NEW SOLUTION FOUND
solution score : 638

	#choice: 40238
	#fail: 364
	execution time (ms): 94081
	#sols : 103
	completed : falNEWNNEW SOLUTION FOUND
solution score : 639

	#choice: 43454
	#fail: 373
	execution time (ms): 100139
	#sols : 104
	completed : false

NEW SOLUTION FOUND
solution score : 641

	#choice: 44198
	#fail: 375
	execution time (ms): 101492
	#sols : 105
	completed : false

NEW SOLUTION FOUND
solution score : 643

	#choice: 44571
	#fail: 376
	execution time (ms): 102525
	#sols : 106
	completed : false

NEW SOLUTION FOUND
solution score : 644

	#choice: 45311
	#fail: 378
	execution time (ms): 104494
	#sols : 107
	completed : false

NEW SOLUTION FOUND
solution score : 650

	#choice: 46062
	#fail: 380
	execution time (ms): 106457
	#sols : 108
	completed : false

NEW SOLUTION FOUND
solution score : 653

	#choice: 46441
	#fail: 381
	execution time (ms): 107399
	#sols : 109
	completed : false

NEW SOLUTION FOUND
solution score : 656

	#choice: 46822
	#fail: 382
	execution time (ms): 108477
	#sols : 110
	completed : false

NEW SOLUTION FOUND
solution score : 657

	#choice: 47192
	#fail: 383
	execution time (ms): 109104
	#sols : 111
	completed : false

NEW SOLUTION FOUND
solution score : 658

	#choice: 47570
	#fail: 384
	execution time (ms): 109736
	#sols : 112
	completed : NEW NEWNEW SOLUTION FOUND
solution score : 660

	#choice: 49067
	#fail: 388
	execution time (ms): 113052
	#sols : 113
	completed : false

NEW SOLUTION FOUND
solution score : 661

	#choice: 49448
	#fail: 389
	execution time (ms): 113722
	#sols : 114
	completed : false

NEW SOLUTION FOUND
solution score : 662

	#choice: 50207
	#fail: 391
	execution time (ms): 115274
	#sols : 115
	completed : false

NEW SOLUTION FOUND
solution score : 663

	#choice: 50596
	#fail: 392
	execution time (ms): 116001
	#sols : 116
	completed : NEW NEWNEW SOLUTION FOUND
solution score : 664

	#choice: 52142
	#fail: 396
	execution time (ms): 118934
	#sols : 117
	completed : false

NEW SOLUTION FOUND
solution score : 665

	#choice: 52919
	#fail: 398
	execution time (ms): 120540
	#sols : 118
	completed : NEW NEWNEW SOLUTION FOUND
solution score : 667

	#choice: 54474
	#fail: 402
	execution time (ms): 124522
	#sols : 119
	completed : false

NEW SOLUTION FOUND
solution score : 668

	#choice: 54852
	#fail: 403
	execution time (ms): 125419
	#sols : 120
	completed : false

NEW SOLUTION FOUND
solution score : 669

	#choice: 55662
	#fail: 411
	execution time (ms): 127394
	#sols : 121
	completed : false

NEW SOLUTION FOUND
solution score : 670

	#choice: 56460
	#fail: 413
	execution time (ms): 129289
	#sols : 122
	completed : false

NEW SOLUTION FOUND
solution score : 671

	#choice: 56880
	#fail: 420
	execution time (ms): 130076
	#sols : 123
	completed : NEW NEWNEW SOLUTION FOUND
solution score : 672

	#choice: 58560
	#fail: 424
	execution time (ms): 133336
	#sols : 124
	completed : false

NEW SOLUTION FOUND
solution score : 673

	#choice: 58987
	#fail: 425
	execution time (ms): 134022
	#sols : 125
	completed : false

NEW SOLUTION FOUND
solution score : 674

	#choice: 59408
	#fail: 426
	execution time (ms): 134818
	#sols : 126
	completed : false

NEW SOLUTION FOUND
solution score : 675

	#choice: 60266
	#fail: 428
	execution time (ms): 136438
	#sols : 127
	completed : false

NEW SOLUTION FOUND
solution score : 676

	#choice: 61098
	#fail: 430
	execution time (ms): 137936
	#sols : 128
	completed : false

NEW SOLUTION FOUND
solution score : 677

	#choice: 61946
	#fail: 432
	execution time (ms): 139389
	#sols : 129
	completed : false

NEW SOLUTION FOUND
solution score : 678

	#choice: 62383
	#fail: 433
	execution time (ms): 140170
	#sols : 130
	completed : false

NEW SOLUTION FOUND
solution score : 680

	#choice: 62808
	#fail: 434
	execution time (ms): 140956
	#sols : 131
	completed : false

NEW SOLUTION FOUND
solution score : 681

	#choice: 64093
	#fail: 437
	execution time (ms): 143015
	#sols : 132
	completed : false

NEW SOLUTION FOUND
solution score : 682

	#choice: 64933
	#fail: 439
	execution time (ms): 144453
	#sols : 133
	completed : false

NEW SOLUTION FOUND
solution score : 683

	#choice: 65365
	#fail: 440
	execution time (ms): 145083
	#sols : 134
	completed : false

NEW SOLUTION FOUND
solution score : 684

	#choice: 66225
	#fail: 442
	execution time (ms): 146544
	#sols : 135
	completed : false

NEW SOLUTION FOUND
solution score : 685

	#choice: 66661
	#fail: 443
	execution time (ms): 147264
	#sols : 136
	completed : false

NEW SOLUTION FOUND
solution score : 686

	#choice: 67524
	#fail: 445
	execution time (ms): 148736
	#sols : 137
	completed : false

NEW SOLUTION FOUND
solution score : 688

	#choice: 68381
	#fail: 447
	execution time (ms): 150092
	#sols : 138
	completed : NEW NEWNEW SOLUTION FOUND
solution score : 689

	#choice: 70568
	#fail: 452
	execution time (ms): 153982
	#sols : 139
	completed : false

NEW SOLUTION FOUND
solution score : 690

	#choice: 71457
	#fail: 454
	execution time (ms): 155799
	#sols : 140
	completed : NEW NEWNEW SOLUTION FOUND
solution score : 691

	#choice: 73228
	#fail: 458
	execution time (ms): 158688
	#sols : 141
	completed : false

NEW SOLUTION FOUND
solution score : 693

	#choice: 74119
	#fail: 460
	execution time (ms): 160525
	#sols : 142
	completed : false

NEW SOLUTION FOUND
solution score : 694

	#choice: 75057
	#fail: 462
	execution time (ms): 162392
	#sols : 143
	completed : false

NEW SOLUTION FOUND
solution score : 696

	#choice: 75970
	#fail: 464
	execution time (ms): 164141
	#sols : 144
	completed : false

NEW SOLUTION FOUND
solution score : 698

	#choice: 76443
	#fail: 465
	execution time (ms): 165014
	#sols : 145
	completed : NEW SOLNEW SOLUTION FOUND
solution score : 699

	#choice: 78749
	#fail: 470
	execution time (ms): 169221
	#sols : 146
	completed : false

NEW SOLUTION FOUND
solution score : 700

	#choice: 79683
	#fail: 472
	execution time (ms): 170998
	#sols : 147
	completed : false

NEW SOLUTION FOUND
solution score : 701

	#choice: 80609
	#fail: 474
	execution time (ms): 172734
	#sols : 148
	completed : false

NEW SOLUTION FOUND
solution score : 702

	#choice: 81080
	#fail: 475
	execution time (ms): 173604
	#sols : 149
	completed : false

NEW SOLUTION FOUND
solution score : 703

	#choice: 81547
	#fail: 476
	execution time (ms): 174359
	#sols : 150
	completed : false

NEW SOLUTION FOUND
solution score : 704

	#choice: 82477
	#fail: 478
	execution time (ms): 176070
	#sols : 151
	completed : NEW SOLNEW SOLUTION FOUND
solution score : 705

	#choice: 84388
	#fail: 482
	execution time (ms): 179340
	#sols : 152
	completed : false

NEW SOLUTION FOUND
solution score : 706

	#choice: 84860
	#fail: 483
	execution time (ms): 180210
	#sols : 153
	completed : NEW SOLNEW SOLUTION FOUND
solution score : 707

	#choice: 86299
	#fail: 486
	execution time (ms): 182872
	#sols : 154
	completed : false

NEW SOLUTION FOUND
solution score : 708

	#choice: 86566
	#fail: 620
	execution time (ms): 183140
	#sols : 155
	completed : false

NEW SOLUTION FOUND
solution score : 709

	#choice: 86921
	#fail: 801
	execution time (ms): 183494
	#sols : 156
	completed : false

NEW SOLUTION FOUND
solution score : 710

	#choice: 87425
	#fail: 924
	execution time (ms): 184305
	#sols : 157
	completed : false

NEW SOLUTION FOUND
solution score : 711

	#choice: 87716
	#fail: 1008
	execution time (ms): 184713
	#sols : 158
	completed : false

NEW SOLUTION FOUND
solution score : 712

	#choice: 88221
	#fail: 1257
	execution time (ms): 185178
	#sols : 159
	completed : false

NEW SOLUTION FOUND
solution score : 713

	#choice: 88773
	#fail: 1536
	execution time (ms): 185750
	#sols : 160
	completed : false

NEW SOLUTION FOUND
solution score : 714

	#choice: 89366
	#fail: 1830
	execution time (ms): 186247
	#sols : 161
	completed : NEW SOLNEW SOLUTION FOUND
solution score : 715

	#choice: 90774
	#fail: 2114
	execution time (ms): 188262
	#sols : 162
	completed : false

NEW SOLUTION FOUND
solution score : 716

	#choice: 91214
	#fail: 2196
	execution time (ms): 189003
	#sols : 163
	completed : false

NEW SOLUTION FOUND
solution score : 717

	#choice: 91941
	#fail: 2558
	execution time (ms): 189871
	#sols : 164
	completed : false

NEW SOLUTION FOUND
solution score : 718

	#choice: 92679
	#fail: 2923
	execution time (ms): 190782
	#sols : 165
	completed : false

NEW SOLUTION FOUND
solution score : 719

	#choice: 93484
	#fail: 3317
	execution time (ms): 191808
	#sols : 166
	completed : false

NEW SOLUTION FOUND
solution score : 720

	#choice: 94411
	#fail: 3782
	execution time (ms): 192664
	#sols : 167
	completed : false

NEW SOLUTION FOUND
solution score : 721

	#choice: 94807
	#fail: 3908
	execution time (ms): 193269
	#sols : 168
	completed : false

NEW SOLUTION FOUND
solution score : 722

	#choice: 95361
	#fail: 3954
	execution time (ms): 194365
	#sols : 169
	completed : false

NEW SOLUTION FOUND
solution score : 723

	#choice: 95722
	#fail: 3956
	execution time (ms): 195147
	#sols : 170
	completed : NEW SOLNEW SOLUTION FOUND
solution score : 724

	#choice: 96482
	#fail: 3964
	execution time (ms): 196759
	#sols : 171
	completed : false

NEW SOLUTION FOUND
solution score : 725

	#choice: 96677
	#fail: 3965
	execution time (ms): 197135
	#sols : 172
	completed : false

NEW SOLUTION FOUND
solution score : 726

	#choice: 96911
	#fail: 3990
	execution time (ms): 197571
	#sols : 173
	completed : false

NEW SOLUTION FOUND
solution score : 727

	#choice: 97214
	#fail: 4031
	execution time (ms): 198053
	#sols : 174
	completed : NEW SOLNEW SOLUTION FOUND
solution score : 728

	#choice: 98043
	#fail: 4053
	execution time (ms): 200000
	#sols : 175
	completed : false

NEW SOLUTION FOUND
solution score : 729

	#choice: 98836
	#fail: 4131
	execution time (ms): 200989
	#sols : 176
	completed : NEW SOLNEW SOLUTION FOUND
solution score : 730

	#choice: 100268
	#fail: 4135
	execution time (ms): 203887
	#sols : 177
	completed : false

NEW SOLUTION FOUND
solution score : 731

	#choice: 100627
	#fail: 4136
	execution time (ms): 204832
	#sols : 178
	completed : false

NEW SOLUTION FOUND
solution score : 732

	#choice: 100993
	#fail: 4137
	execution time (ms): 205733
	#sols : 179
	completed : false

NEW SOLUTION FOUND
solution score : 733

	#choice: 101720
	#fail: 4139
	execution time (ms): 206919
	#sols : 180
	completed : NEW SOLNEW SOLUTION FOUND
solution score : 734

	#choice: 103192
	#fail: 4143
	execution time (ms): 209275
	#sols : 181
	completed : false

NEW SOLUTION FOUND
solution score : 735

	#choice: 103563
	#fail: 4144
	execution time (ms): 210051
	#sols : 182
	completed : NEW SOLNEW SOLUTION FOUND
solution score : 736

	#choice: 105040
	#fail: 4148
	execution time (ms): 212892
	#sols : 183
	completed : NEW SOLNEW SOLUTION FOUND
solution score : 737

	#choice: 106148
	#fail: 4151
	execution time (ms): 215450
	#sols : 184
	completed : NEW SOLNEW SOLUTION FOUND
solution score : 738

	#choice: 108800
	#fail: 4158
	execution time (ms): 220755
	#sols : 185
	completed : NEW SOLNEW SOLUTION FOUND
solution score : 739

	#choice: 109592
	#fail: 4160
	execution time (ms): 222280
	#sols : 186
	completed : NEW SOLNEW SOLUTION FOUND
solution score : 740

	#choice: 109969
	#fail: 4161
	execution time (ms): 223250
	#sols : 187
	completed : NEW SOLNEW SOLUTION FOUND
solution score : 741

	#choice: 110354
	#fail: 4162
	execution time (ms): 224235
	#sols : 188
	completed : NEW SOLNEW SOLUTION FOUND
solution score : 742

	#choice: 112718
	#fail: 4182
	execution time (ms): 230029
	#sols : 189
	completed : false

END OF SEARCH

	#choice: 112804
	#fail: 4269
	execution time (ms): 230050
	#sols : 189
	completed : true

