objective : diagonal
search: dfs
bp : no_bp
branchingScheme : dom_wdeg
oracle : false
truncateRate : 0
START SEARCH
NEW SOLUTION FOUND
solution score : 263

	#choice: 278
	#fail: 1
	execution time (ms): 520
	#sols : 1
	completed : false

NEW SOLUTION FOUND
solution score : 275

	#choice: 284
	#fail: 5
	execution time (ms): 529
	#sols : 2
	completed : false

NEW SOLUTION FOUND
solution score : 279

	#choice: 370
	#fail: 51
	execution time (ms): 749
	#sols : 3
	completed : false

NEW SOLUTION FOUND
solution score : 284

	#choice: 381
	#fail: 57
	execution time (ms): 775
	#sols : 4
	completed : false

NEW SOLUTION FOUND
solution score : 285

	#choice: 409
	#fail: 70
	execution time (ms): 818
	#sols : 5
	completed : false

NEW SOLUTION FOUND
solution score : 286

	#choice: 528
	#fail: 127
	execution time (ms): 983
	#sols : 6
	completed : false

NEW SOLUTION FOUND
solution score : 290

	#choice: 559
	#fail: 144
	execution time (ms): 1030
	#sols : 7
	completed : false

NEW SOLUTION FOUND
solution score : 295

	#choice: 567
	#fail: 149
	execution time (ms): 1034
	#sols : 8
	completed : false

NEW SOLUTION FOUND
solution score : 296

	#choice: 594
	#fail: 165
	execution time (ms): 1051
	#sols : 9
	completed : false

NEW SOLUTION FOUND
solution score : 299

	#choice: 622
	#fail: 176
	execution time (ms): 1100
	#sols : 10
	completed : false

NEW SOLUTION FOUND
solution score : 300

	#choice: 641
	#fail: 188
	execution time (ms): 1107
	#sols : 11
	completed : false

NEW SOLUTION FOUND
solution score : 301

	#choice: 656
	#fail: 196
	execution time (ms): 1114
	#sols : 12
	completed : false

NEW SOLUTION FOUND
solution score : 302

	#choice: 789
	#fail: 265
	execution time (ms): 1314
	#sols : 13
	completed : false

NEW SOLUTION FOUND
solution score : 305

	#choice: 802
	#fail: 269
	execution time (ms): 1323
	#sols : 14
	completed : false

NEW SOLUTION FOUND
solution score : 306

	#choice: 809
	#fail: 274
	execution time (ms): 1327
	#sols : 15
	completed : false

NEW SOLUTION FOUND
solution score : 310

	#choice: 886
	#fail: 313
	execution time (ms): 1425
	#sols : 16
	completed : false

NEW SOLUTION FOUND
solution score : 311

	#choice: 908
	#fail: 324
	execution time (ms): 1451
	#sols : 17
	completed : false

NEW SOLUTION FOUND
solution score : 312

	#choice: 955
	#fail: 349
	execution time (ms): 1499
	#sols : 18
	completed : false

NEW SOLUTION FOUND
solution score : 313

	#choice: 1122
	#fail: 430
	execution time (ms): 1623
	#sols : 19
	completed : false

NEW SOLUTION FOUND
solution score : 323

	#choice: 1128
	#fail: 433
	execution time (ms): 1624
	#sols : 20
	completed : false

NEW SOLUTION FOUND
solution score : 324

	#choice: 1220
	#fail: 478
	execution time (ms): 1705
	#sols : 21
	completed : false

NEW SOLUTION FOUND
solution score : 327

	#choice: 1225
	#fail: 481
	execution time (ms): 1706
	#sols : 22
	completed : false

NEW SOLUTION FOUND
solution score : 328

	#choice: 1263
	#fail: 499
	execution time (ms): 1737
	#sols : 23
	completed : false

NEW SOLUTION FOUND
solution score : 329

	#choice: 1298
	#fail: 524
	execution time (ms): 1754
	#sols : 24
	completed : false

NEW SOLUTION FOUND
solution score : 330

	#choice: 1334
	#fail: 538
	execution time (ms): 1769
	#sols : 25
	completed : false

NEW SOLUTION FOUND
solution score : 331

	#choice: 1376
	#fail: 560
	execution time (ms): 1782
	#sols : 26
	completed : false

NEW SOLUTION FOUND
solution score : 332

	#choice: 1419
	#fail: 579
	execution time (ms): 1797
	#sols : 27
	completed : false

NEW SOLUTION FOUND
solution score : 333

	#choice: 1472
	#fail: 606
	execution time (ms): 1823
	#sols : 28
	completed : false

NEW SOLUTION FOUND
solution score : 334

	#choice: 1669
	#fail: 712
	execution time (ms): 1933
	#sols : 29
	completed : false

NEW SOLUTION FOUND
solution score : 335

	#choice: 1718
	#fail: 725
	execution time (ms): 1956
	#sols : 30
	completed : false

NEW SOLUTION FOUND
solution score : 336

	#choice: 1790
	#fail: 758
	execution time (ms): 1972
	#sols : 31
	completed : false

NEW SOLUTION FOUND
solution score : 337

	#choice: 1866
	#fail: 799
	execution time (ms): 1991
	#sols : 32
	completed : false

NEW SOLUTION FOUND
solution score : 338

	#choice: 2020
	#fail: 883
	execution time (ms): 2075
	#sols : 33
	completed : false

NEW SOLUTION FOUND
solution score : 339

	#choice: 2060
	#fail: 906
	execution time (ms): 2092
	#sols : 34
	completed : false

NEW SOLUTION FOUND
solution score : 340

	#choice: 2196
	#fail: 970
	execution time (ms): 2186
	#sols : 35
	completed : false

NEW SOLUTION FOUND
solution score : 341

	#choice: 2253
	#fail: 1001
	execution time (ms): 2211
	#sols : 36
	completed : false

NEW SOLUTION FOUND
solution score : 342

	#choice: 2304
	#fail: 1022
	execution time (ms): 2228
	#sols : 37
	completed : false

NEW SOLUTION FOUND
solution score : 343

	#choice: 2355
	#fail: 1052
	execution time (ms): 2243
	#sols : 38
	completed : false

NEW SOLUTION FOUND
solution score : 344

	#choice: 2387
	#fail: 1071
	execution time (ms): 2256
	#sols : 39
	completed : false

NEW SOLUTION FOUND
solution score : 345

	#choice: 2421
	#fail: 1088
	execution time (ms): 2273
	#sols : 40
	completed : false

NEW SOLUTION FOUND
solution score : 346

	#choice: 2455
	#fail: 1102
	execution time (ms): 2610
	#sols : 41
	completed : false

NEW SOLUTION FOUND
solution score : 347

	#choice: 2524
	#fail: 1135
	execution time (ms): 2637
	#sols : 42
	completed : false

NEW SOLUTION FOUND
solution score : 348

	#choice: 2792
	#fail: 1268
	execution time (ms): 2811
	#sols : 43
	completed : false

NEW SOLUTION FOUND
solution score : 349

	#choice: 2861
	#fail: 1306
	execution time (ms): 2832
	#sols : 44
	completed : false

NEW SOLUTION FOUND
solution score : 350

	#choice: 2932
	#fail: 1337
	execution time (ms): 2857
	#sols : 45
	completed : false

NEW SOLUTION FOUND
solution score : 351

	#choice: 3018
	#fail: 1375
	execution time (ms): 2876
	#sols : 46
	completed : false

NEW SOLUTION FOUND
solution score : 352

	#choice: 3138
	#fail: 1445
	execution time (ms): 2924
	#sols : 47
	completed : false

NEW SOLUTION FOUND
solution score : 353

	#choice: 3211
	#fail: 1476
	execution time (ms): 2948
	#sols : 48
	completed : false

NEW SOLUTION FOUND
solution score : 354

	#choice: 3540
	#fail: 1642
	execution time (ms): 3159
	#sols : 49
	completed : false

NEW SOLUTION FOUND
solution score : 355

	#choice: 3624
	#fail: 1684
	execution time (ms): 3183
	#sols : 50
	completed : false

NEW SOLUTION FOUND
solution score : 356

	#choice: 3703
	#fail: 1726
	execution time (ms): 3202
	#sols : 51
	completed : false

NEW SOLUTION FOUND
solution score : 357

	#choice: 3846
	#fail: 1800
	execution time (ms): 3257
	#sols : 52
	completed : false

NEW SOLUTION FOUND
solution score : 358

	#choice: 3987
	#fail: 1865
	execution time (ms): 3304
	#sols : 53
	completed : false

NEW SOLUTION FOUND
solution score : 359

	#choice: 4135
	#fail: 1942
	execution time (ms): 3362
	#sols : 54
	completed : false

NEW SOLUTION FOUND
solution score : 360

	#choice: 4312
	#fail: 2024
	execution time (ms): 3416
	#sols : 55
	completed : false

NEW SOLUTION FOUND
solution score : 361

	#choice: 4725
	#fail: 2237
	execution time (ms): 3615
	#sols : 56
	completed : false

NEW SOLUTION FOUND
solution score : 362

	#choice: 4837
	#fail: 2283
	execution time (ms): 3637
	#sols : 57
	completed : false

NEW SOLUTION FOUND
solution score : 363

	#choice: 5001
	#fail: 2367
	execution time (ms): 3681
	#sols : 58
	completed : false

NEW SOLUTION FOUND
solution score : 365

	#choice: 5252
	#fail: 2495
	execution time (ms): 3773
	#sols : 59
	completed : false

NEW SOLUTION FOUND
solution score : 367

	#choice: 6546
	#fail: 3140
	execution time (ms): 4570
	#sols : 60
	completed : false

NEW SOLUTION FOUND
solution score : 369

	#choice: 7452
	#fail: 3598
	execution time (ms): 5133
	#sols : 61
	completed : false

NEW SOLUTION FOUND
solution score : 370

	#choice: 7652
	#fail: 3704
	execution time (ms): 5186
	#sols : 62
	completed : false

NEW SOLUTION FOUND
solution score : 372

	#choice: 7874
	#fail: 3814
	execution time (ms): 5270
	#sols : 63
	completed : false

NEW SOLUTION FOUND
solution score : 374

	#choice: 9930
	#fail: 4845
	execution time (ms): 7030
	#sols : 64
	completed : false

NEW SOLUTION FOUND
solution score : 376

	#choice: 12181
	#fail: 5956
	execution time (ms): 8537
	#sols : 65
	completed : false

NEW SOLUTION FOUND
solution score : 378

	#choice: 12387
	#fail: 6065
	execution time (ms): 8582
	#sols : 66
	completed : false

NEW SOLUTION FOUND
solution score : 379

	#choice: 12629
	#fail: 6181
	execution time (ms): 8652
	#sols : 67
	completed : false

NEW SOLUTION FOUND
solution score : 381

	#choice: 12811
	#fail: 6280
	execution time (ms): 8686
	#sols : 68
	completed : false

NEW SOLUTION FOUND
solution score : 382

	#choice: 13012
	#fail: 6373
	execution time (ms): 8744
	#sols : 69
	completed : false

NEW SOLUTION FOUND
solution score : 384

	#choice: 13212
	#fail: 6476
	execution time (ms): 8784
	#sols : 70
	completed : false

NEW SOLUTION FOUND
solution score : 385

	#choice: 13383
	#fail: 6567
	execution time (ms): 8816
	#sols : 71
	completed : false

NEW SOLUTION FOUND
solution score : 387

	#choice: 13918
	#fail: 6829
	execution time (ms): 9111
	#sols : 72
	completed : false

NEW SOLUTION FOUND
solution score : 388

	#choice: 14391
	#fail: 7060
	execution time (ms): 9276
	#sols : 73
	completed : false

NEW SOLUTION FOUND
solution score : 390

	#choice: 15047
	#fail: 7396
	execution time (ms): 9529
	#sols : 74
	completed : false

NEW SOLUTION FOUND
solution score : 392

	#choice: 15298
	#fail: 7523
	execution time (ms): 9583
	#sols : 75
	completed : false

NEW SOLUTION FOUND
solution score : 394

	#choice: 15529
	#fail: 7637
	execution time (ms): 9626
	#sols : 76
	completed : false

NEW SOLUTION FOUND
solution score : 395

	#choice: 15759
	#fail: 7757
	execution time (ms): 9669
	#sols : 77
	completed : false

NEW SOLUTION FOUND
solution score : 397

	#choice: 15998
	#fail: 7872
	execution time (ms): 9718
	#sols : 78
	completed : false

NEW SOLUTION FOUND
solution score : 398

	#choice: 16261
	#fail: 8009
	execution time (ms): 9787
	#sols : 79
	completed : false

NEW SOLUTION FOUND
solution score : 400

	#choice: 16500
	#fail: 8118
	execution time (ms): 9833
	#sols : 80
	completed : false

NEW SOLUTION FOUND
solution score : 401

	#choice: 16778
	#fail: 8261
	execution time (ms): 9892
	#sols : 81
	completed : false

NEW SOLUTION FOUND
solution score : 403

	#choice: 17004
	#fail: 8380
	execution time (ms): 9932
	#sols : 82
	completed : false

NEW SOLUTION FOUND
solution score : 404

	#choice: 17698
	#fail: 8724
	execution time (ms): 10252
	#sols : 83
	completed : false

NEW SOLUTION FOUND
solution score : 406

	#choice: 18190
	#fail: 8961
	execution time (ms): 10444
	#sols : 84
	completed : false

NEW SOLUTION FOUND
solution score : 407

	#choice: 19152
	#fail: 9447
	execution time (ms): 10916
	#sols : 85
	completed : false

NEW SOLUTION FOUND
solution score : 409

	#choice: 19410
	#fail: 9577
	execution time (ms): 10987
	#sols : 86
	completed : false

NEW SOLUTION FOUND
solution score : 410

	#choice: 19833
	#fail: 9787
	execution time (ms): 11117
	#sols : 87
	completed : false

NEW SOLUTION FOUND
solution score : 412

	#choice: 20170
	#fail: 9956
	execution time (ms): 11241
	#sols : 88
	completed : false

NEW SOLUTION FOUND
solution score : 414

	#choice: 20376
	#fail: 10065
	execution time (ms): 11293
	#sols : 89
	completed : false

NEW SOLUTION FOUND
solution score : 416

	#choice: 20567
	#fail: 10151
	execution time (ms): 11329
	#sols : 90
	completed : false

NEW SOLUTION FOUND
solution score : 418

	#choice: 21427
	#fail: 10587
	execution time (ms): 11812
	#sols : 91
	completed : false

NEW SOLUTION FOUND
solution score : 419

	#choice: 21613
	#fail: 10681
	execution time (ms): 11846
	#sols : 92
	completed : false

NEW SOLUTION FOUND
solution score : 421

	#choice: 22070
	#fail: 10912
	execution time (ms): 12038
	#sols : 93
	completed : false

NEW SOLUTION FOUND
solution score : 422

	#choice: 22256
	#fail: 11007
	execution time (ms): 12088
	#sols : 94
	completed : false

NEW SOLUTION FOUND
solution score : 424

	#choice: 22473
	#fail: 11105
	execution time (ms): 12143
	#sols : 95
	completed : false

NEW SOLUTION FOUND
solution score : 426

	#choice: 22734
	#fail: 11246
	execution time (ms): 12225
	#sols : 96
	completed : false

NEW SOLUTION FOUND
solution score : 428

	#choice: 22960
	#fail: 11354
	execution time (ms): 12293
	#sols : 97
	completed : false

NEW SOLUTION FOUND
solution score : 430

	#choice: 23150
	#fail: 11448
	execution time (ms): 12340
	#sols : 98
	completed : false

NEW SOLUTION FOUND
solution score : 431

	#choice: 23344
	#fail: 11544
	execution time (ms): 12374
	#sols : 99
	completed : false

NEW SOLUTION FOUND
solution score : 433

	#choice: 23549
	#fail: 11643
	execution time (ms): 12411
	#sols : 100
	completed : false

NEW SOLUTION FOUND
solution score : 434

	#choice: 23927
	#fail: 11839
	execution time (ms): 12516
	#sols : 101
	completed : false

NEW SOLUTION FOUND
solution score : 435

	#choice: 24881
	#fail: 12317
	execution time (ms): 13002
	#sols : 102
	completed : false

NEW SOLUTION FOUND
solution score : 436

	#choice: 25182
	#fail: 12467
	execution time (ms): 13103
	#sols : 103
	completed : false

NEW SOLUTION FOUND
solution score : 437

	#choice: 28914
	#fail: 14335
	execution time (ms): 14144
	#sols : 104
	completed : false

NEW SOLUTION FOUND
solution score : 438

	#choice: 29613
	#fail: 14679
	execution time (ms): 14506
	#sols : 105
	completed : false

NEW SOLUTION FOUND
solution score : 439

	#choice: 29867
	#fail: 14806
	execution time (ms): 14553
	#sols : 106
	completed : false

NEW SOLUTION FOUND
solution score : 440

	#choice: 30205
	#fail: 14980
	execution time (ms): 14670
	#sols : 107
	completed : false

NEW SOLUTION FOUND
solution score : 441

	#choice: 30468
	#fail: 15107
	execution time (ms): 14732
	#sols : 108
	completed : false

NEW SOLUTION FOUND
solution score : 442

	#choice: 30743
	#fail: 15244
	execution time (ms): 14794
	#sols : 109
	completed : false

NEW SOLUTION FOUND
solution score : 443

	#choice: 30984
	#fail: 15370
	execution time (ms): 14844
	#sols : 110
	completed : false

NEW SOLUTION FOUND
solution score : 444

	#choice: 31400
	#fail: 15573
	execution time (ms): 14986
	#sols : 111
	completed : false

NEW SOLUTION FOUND
solution score : 445

	#choice: 31680
	#fail: 15715
	execution time (ms): 15052
	#sols : 112
	completed : false

NEW SOLUTION FOUND
solution score : 446

	#choice: 33213
	#fail: 16481
	execution time (ms): 15958
	#sols : 113
	completed : false

NEW SOLUTION FOUND
solution score : 447

	#choice: 33454
	#fail: 16601
	execution time (ms): 16003
	#sols : 114
	completed : false

NEW SOLUTION FOUND
solution score : 448

	#choice: 33759
	#fail: 16745
	execution time (ms): 16079
	#sols : 115
	completed : false

NEW SOLUTION FOUND
solution score : 449

	#choice: 34020
	#fail: 16885
	execution time (ms): 16127
	#sols : 116
	completed : false

NEW SOLUTION FOUND
solution score : 450

	#choice: 34285
	#fail: 17016
	execution time (ms): 16186
	#sols : 117
	completed : false

NEW SOLUTION FOUND
solution score : 451

	#choice: 35069
	#fail: 17407
	execution time (ms): 16552
	#sols : 118
	completed : false

NEW SOLUTION FOUND
solution score : 452

	#choice: 35341
	#fail: 17547
	execution time (ms): 16620
	#sols : 119
	completed : false

NEW SOLUTION FOUND
solution score : 453

	#choice: 36060
	#fail: 17907
	execution time (ms): 16988
	#sols : 120
	completed : false

NEW SOLUTION FOUND
solution score : 454

	#choice: 45609
	#fail: 22684
	execution time (ms): 23997
	#sols : 121
	completed : false

NEW SOLUTION FOUND
solution score : 455

	#choice: 45856
	#fail: 22806
	execution time (ms): 24052
	#sols : 122
	completed : false

NEW SOLUTION FOUND
solution score : 456

	#choice: 46175
	#fail: 22967
	execution time (ms): 24149
	#sols : 123
	completed : false

NEW SOLUTION FOUND
solution score : 458

	#choice: 46485
	#fail: 23113
	execution time (ms): 24224
	#sols : 124
	completed : false

NEW SOLUTION FOUND
solution score : 460

	#choice: 46814
	#fail: 23284
	execution time (ms): 24298
	#sols : 125
	completed : false

NEW SOLUTION FOUND
solution score : 462

	#choice: 47166
	#fail: 23458
	execution time (ms): 24376
	#sols : 126
	completed : false

NEW SOLUTION FOUND
solution score : 463

	#choice: 48716
	#fail: 24234
	execution time (ms): 25180
	#sols : 127
	completed : false

NEW SOLUTION FOUND
solution score : 465

	#choice: 49044
	#fail: 24406
	execution time (ms): 25238
	#sols : 128
	completed : false

NEW SOLUTION FOUND
solution score : 466

	#choice: 49554
	#fail: 24659
	execution time (ms): 25419
	#sols : 129
	completed : false

NEW SOLUTION FOUND
solution score : 467

	#choice: 49933
	#fail: 24841
	execution time (ms): 25509
	#sols : 130
	completed : false

NEW SOLUTION FOUND
solution score : 468

	#choice: 50279
	#fail: 25018
	execution time (ms): 25572
	#sols : 131
	completed : false

NEW SOLUTION FOUND
solution score : 469

	#choice: 50622
	#fail: 25189
	execution time (ms): 25634
	#sols : 132
	completed : false

NEW SOLUTION FOUND
solution score : 470

	#choice: 54833
	#fail: 27304
	execution time (ms): 26960
	#sols : 133
	completed : false

NEW SOLUTION FOUND
solution score : 471

	#choice: 55704
	#fail: 27735
	execution time (ms): 27423
	#sols : 134
	completed : false

NEW SOLUTION FOUND
solution score : 472

	#choice: 57461
	#fail: 28612
	execution time (ms): 28458
	#sols : 135
	completed : false

NEW SOLUTION FOUND
solution score : 473

	#choice: 58699
	#fail: 29229
	execution time (ms): 29101
	#sols : 136
	completed : false

NEW SOLUTION FOUND
solution score : 474

	#choice: 59611
	#fail: 29691
	execution time (ms): 29661
	#sols : 137
	completed : false

NEW SOLUTION FOUND
solution score : 475

	#choice: 60021
	#fail: 29894
	execution time (ms): 29791
	#sols : 138
	completed : false

NEW SOLUTION FOUND
solution score : 476

	#choice: 60847
	#fail: 30304
	execution time (ms): 30231
	#sols : 139
	completed : false

NEW SOLUTION FOUND
solution score : 477

	#choice: 61430
	#fail: 30598
	execution time (ms): 30459
	#sols : 140
	completed : false

NEW SOLUTION FOUND
solution score : 478

	#choice: 62112
	#fail: 30942
	execution time (ms): 30838
	#sols : 141
	completed : false

NEW SOLUTION FOUND
solution score : 479

	#choice: 62877
	#fail: 31316
	execution time (ms): 31243
	#sols : 142
	completed : false

NEW SOLUTION FOUND
solution score : 480

	#choice: 63231
	#fail: 31484
	execution time (ms): 31304
	#sols : 143
	completed : false

NEW SOLUTION FOUND
solution score : 481

	#choice: 63743
	#fail: 31745
	execution time (ms): 31443
	#sols : 144
	completed : false

NEW SOLUTION FOUND
solution score : 482

	#choice: 64246
	#fail: 32009
	execution time (ms): 31613
	#sols : 145
	completed : false

NEW SOLUTION FOUND
solution score : 483

	#choice: 64588
	#fail: 32175
	execution time (ms): 31690
	#sols : 146
	completed : false

NEW SOLUTION FOUND
solution score : 484

	#choice: 64934
	#fail: 32338
	execution time (ms): 31751
	#sols : 147
	completed : false

NEW SOLUTION FOUND
solution score : 485

	#choice: 65286
	#fail: 32521
	execution time (ms): 31808
	#sols : 148
	completed : false

NEW SOLUTION FOUND
solution score : 486

	#choice: 68491
	#fail: 34125
	execution time (ms): 33701
	#sols : 149
	completed : false

NEW SOLUTION FOUND
solution score : 487

	#choice: 69096
	#fail: 34428
	execution time (ms): 33951
	#sols : 150
	completed : false

NEW SOLUTION FOUND
solution score : 488

	#choice: 69449
	#fail: 34607
	execution time (ms): 34027
	#sols : 151
	completed : false

NEW SOLUTION FOUND
solution score : 489

	#choice: 70881
	#fail: 35320
	execution time (ms): 34790
	#sols : 152
	completed : false

NEW SOLUTION FOUND
solution score : 490

	#choice: 71604
	#fail: 35685
	execution time (ms): 35088
	#sols : 153
	completed : false

NEW SOLUTION FOUND
solution score : 491

	#choice: 72073
	#fail: 35910
	execution time (ms): 35203
	#sols : 154
	completed : false

NEW SOLUTION FOUND
solution score : 492

	#choice: 72457
	#fail: 36108
	execution time (ms): 35274
	#sols : 155
	completed : false

NEW SOLUTION FOUND
solution score : 493

	#choice: 79667
	#fail: 39715
	execution time (ms): 40234
	#sols : 156
	completed : false

NEW SOLUTION FOUND
solution score : 494

	#choice: 80034
	#fail: 39895
	execution time (ms): 40305
	#sols : 157
	completed : false

NEW SOLUTION FOUND
solution score : 495

	#choice: 80408
	#fail: 40091
	execution time (ms): 40386
	#sols : 158
	completed : false

NEW SOLUTION FOUND
solution score : 496

	#choice: 81165
	#fail: 40460
	execution time (ms): 40736
	#sols : 159
	completed : false

NEW SOLUTION FOUND
solution score : 497

	#choice: 81569
	#fail: 40661
	execution time (ms): 40821
	#sols : 160
	completed : false

NEW SOLUTION FOUND
solution score : 498

	#choice: 81933
	#fail: 40849
	execution time (ms): 40892
	#sols : 161
	completed : false

NEW SOLUTION FOUND
solution score : 499

	#choice: 82776
	#fail: 41264
	execution time (ms): 41297
	#sols : 162
	completed : false

NEW SOLUTION FOUND
solution score : 500

	#choice: 83557
	#fail: 41659
	execution time (ms): 41607
	#sols : 163
	completed : false

NEW SOLUTION FOUND
solution score : 501

	#choice: 83963
	#fail: 41857
	execution time (ms): 41701
	#sols : 164
	completed : false

NEW SOLUTION FOUND
solution score : 502

	#choice: 84440
	#fail: 42096
	execution time (ms): 41816
	#sols : 165
	completed : false

NEW SOLUTION FOUND
solution score : 503

	#choice: 84838
	#fail: 42296
	execution time (ms): 41895
	#sols : 166
	completed : false

NEW SOLUTION FOUND
solution score : 504

	#choice: 85249
	#fail: 42497
	execution time (ms): 41982
	#sols : 167
	completed : false

NEW SOLUTION FOUND
solution score : 505

	#choice: 85734
	#fail: 42749
	execution time (ms): 42126
	#sols : 168
	completed : false

NEW SOLUTION FOUND
solution score : 506

	#choice: 86136
	#fail: 42941
	execution time (ms): 42215
	#sols : 169
	completed : false

NEW SOLUTION FOUND
solution score : 507

	#choice: 86641
	#fail: 43190
	execution time (ms): 42343
	#sols : 170
	completed : false

NEW SOLUTION FOUND
solution score : 508

	#choice: 87635
	#fail: 43692
	execution time (ms): 42745
	#sols : 171
	completed : false

NEW SOLUTION FOUND
solution score : 509

	#choice: 88053
	#fail: 43895
	execution time (ms): 42824
	#sols : 172
	completed : false

NEW SOLUTION FOUND
solution score : 510

	#choice: 88443
	#fail: 44101
	execution time (ms): 42892
	#sols : 173
	completed : false

NEW SOLUTION FOUND
solution score : 511

	#choice: 88809
	#fail: 44284
	execution time (ms): 42963
	#sols : 174
	completed : false

NEW SOLUTION FOUND
solution score : 512

	#choice: 89179
	#fail: 44464
	execution time (ms): 43029
	#sols : 175
	completed : false

NEW SOLUTION FOUND
solution score : 513

	#choice: 89820
	#fail: 44784
	execution time (ms): 43240
	#sols : 176
	completed : false

NEW SOLUTION FOUND
solution score : 514

	#choice: 90258
	#fail: 45004
	execution time (ms): 43346
	#sols : 177
	completed : false

NEW SOLUTION FOUND
solution score : 515

	#choice: 103122
	#fail: 51442
	execution time (ms): 47108
	#sols : 178
	completed : false

NEW SOLUTION FOUND
solution score : 516

	#choice: 103896
	#fail: 51835
	execution time (ms): 47489
	#sols : 179
	completed : false

NEW SOLUTION FOUND
solution score : 517

	#choice: 104218
	#fail: 51989
	execution time (ms): 47549
	#sols : 180
	completed : false

NEW SOLUTION FOUND
solution score : 518

	#choice: 107747
	#fail: 53754
	execution time (ms): 49582
	#sols : 181
	completed : false

NEW SOLUTION FOUND
solution score : 519

	#choice: 108151
	#fail: 53953
	execution time (ms): 49670
	#sols : 182
	completed : false

NEW SOLUTION FOUND
solution score : 520

	#choice: 112862
	#fail: 56317
	execution time (ms): 52826
	#sols : 183
	completed : false

NEW SOLUTION FOUND
solution score : 521

	#choice: 115282
	#fail: 57524
	execution time (ms): 54289
	#sols : 184
	completed : false

NEW SOLUTION FOUND
solution score : 522

	#choice: 116129
	#fail: 57949
	execution time (ms): 54666
	#sols : 185
	completed : false

NEW SOLUTION FOUND
solution score : 523

	#choice: 116515
	#fail: 58138
	execution time (ms): 54762
	#sols : 186
	completed : false

NEW SOLUTION FOUND
solution score : 524

	#choice: 117676
	#fail: 58716
	execution time (ms): 55384
	#sols : 187
	completed : false

NEW SOLUTION FOUND
solution score : 525

	#choice: 118514
	#fail: 59140
	execution time (ms): 55792
	#sols : 188
	completed : false

NEW SOLUTION FOUND
solution score : 526

	#choice: 118895
	#fail: 59327
	execution time (ms): 55874
	#sols : 189
	completed : false

NEW SOLUTION FOUND
solution score : 527

	#choice: 120022
	#fail: 59894
	execution time (ms): 56494
	#sols : 190
	completed : false

NEW SOLUTION FOUND
solution score : 528

	#choice: 120421
	#fail: 60095
	execution time (ms): 56596
	#sols : 191
	completed : false

NEW SOLUTION FOUND
solution score : 529

	#choice: 125048
	#fail: 62402
	execution time (ms): 59584
	#sols : 192
	completed : false

NEW SOLUTION FOUND
solution score : 530

	#choice: 125838
	#fail: 62798
	execution time (ms): 59962
	#sols : 193
	completed : false

NEW SOLUTION FOUND
solution score : 531

	#choice: 126266
	#fail: 63010
	execution time (ms): 60067
	#sols : 194
	completed : false

NEW SOLUTION FOUND
solution score : 532

	#choice: 126776
	#fail: 63269
	execution time (ms): 60213
	#sols : 195
	completed : false

NEW SOLUTION FOUND
solution score : 533

	#choice: 127220
	#fail: 63492
	execution time (ms): 60329
	#sols : 196
	completed : false

NEW SOLUTION FOUND
solution score : 534

	#choice: 127594
	#fail: 63679
	execution time (ms): 60408
	#sols : 197
	completed : false

NEW SOLUTION FOUND
solution score : 535

	#choice: 127966
	#fail: 63863
	execution time (ms): 60478
	#sols : 198
	completed : false

NEW SOLUTION FOUND
solution score : 536

	#choice: 130156
	#fail: 64962
	execution time (ms): 61867
	#sols : 199
	completed : false

NEW SOLUTION FOUND
solution score : 537

	#choice: 130829
	#fail: 65298
	execution time (ms): 62161
	#sols : 200
	completed : false

NEW SOLUTION FOUND
solution score : 538

	#choice: 133497
	#fail: 66629
	execution time (ms): 63457
	#sols : 201
	completed : false

NEW SOLUTION FOUND
solution score : 539

	#choice: 134306
	#fail: 67033
	execution time (ms): 63802
	#sols : 202
	completed : false

NEW SOLUTION FOUND
solution score : 540

	#choice: 135849
	#fail: 67800
	execution time (ms): 64662
	#sols : 203
	completed : false

NEW SOLUTION FOUND
solution score : 541

	#choice: 136242
	#fail: 68003
	execution time (ms): 64738
	#sols : 204
	completed : false

NEW SOLUTION FOUND
solution score : 542

	#choice: 137229
	#fail: 68495
	execution time (ms): 65250
	#sols : 205
	completed : false

NEW SOLUTION FOUND
solution score : 543

	#choice: 138334
	#fail: 69052
	execution time (ms): 65766
	#sols : 206
	completed : false

NEW SOLUTION FOUND
solution score : 544

	#choice: 138765
	#fail: 69267
	execution time (ms): 65857
	#sols : 207
	completed : false

NEW SOLUTION FOUND
solution score : 545

	#choice: 139229
	#fail: 69491
	execution time (ms): 65947
	#sols : 208
	completed : false

NEW SOLUTION FOUND
solution score : 546

	#choice: 139585
	#fail: 69672
	execution time (ms): 66009
	#sols : 209
	completed : false

NEW SOLUTION FOUND
solution score : 548

	#choice: 143882
	#fail: 71822
	execution time (ms): 68453
	#sols : 210
	completed : false

NEW SOLUTION FOUND
solution score : 549

	#choice: 144482
	#fail: 72115
	execution time (ms): 68695
	#sols : 211
	completed : false

NEW SOLUTION FOUND
solution score : 550

	#choice: 145476
	#fail: 72621
	execution time (ms): 69271
	#sols : 212
	completed : false

NEW SOLUTION FOUND
solution score : 551

	#choice: 145890
	#fail: 72831
	execution time (ms): 69391
	#sols : 213
	completed : false

NEW SOLUTION FOUND
solution score : 552

	#choice: 153345
	#fail: 76556
	execution time (ms): 74610
	#sols : 214
	completed : false

NEW SOLUTION FOUND
solution score : 553

	#choice: 153927
	#fail: 76845
	execution time (ms): 74850
	#sols : 215
	completed : false

NEW SOLUTION FOUND
solution score : 555

	#choice: 154474
	#fail: 77120
	execution time (ms): 75044
	#sols : 216
	completed : false

NEW SOLUTION FOUND
solution score : 556

	#choice: 156074
	#fail: 77926
	execution time (ms): 76080
	#sols : 217
	completed : false

NEW SOLUTION FOUND
solution score : 557

	#choice: 156416
	#fail: 78089
	execution time (ms): 76152
	#sols : 218
	completed : false

NEW SOLUTION FOUND
solution score : 558

	#choice: 156957
	#fail: 78365
	execution time (ms): 76356
	#sols : 219
	completed : false

NEW SOLUTION FOUND
solution score : 560

	#choice: 157349
	#fail: 78558
	execution time (ms): 76472
	#sols : 220
	completed : false

NEW SOLUTION FOUND
solution score : 561

	#choice: 158141
	#fail: 78957
	execution time (ms): 76851
	#sols : 221
	completed : false

NEW SOLUTION FOUND
solution score : 562

	#choice: 158612
	#fail: 79189
	execution time (ms): 77037
	#sols : 222
	completed : false

NEW SOLUTION FOUND
solution score : 563

	#choice: 160294
	#fail: 80033
	execution time (ms): 77940
	#sols : 223
	completed : false

NEW SOLUTION FOUND
solution score : 564

	#choice: 161574
	#fail: 80669
	execution time (ms): 78641
	#sols : 224
	completed : false

NEW SOLUTION FOUND
solution score : 565

	#choice: 162008
	#fail: 80883
	execution time (ms): 78757
	#sols : 225
	completed : false

NEW SOLUTION FOUND
solution score : 566

	#choice: 162384
	#fail: 81075
	execution time (ms): 78843
	#sols : 226
	completed : false

NEW SOLUTION FOUND
solution score : 567

	#choice: 164000
	#fail: 81878
	execution time (ms): 79729
	#sols : 227
	completed : false

NEW SOLUTION FOUND
solution score : 568

	#choice: 165452
	#fail: 82606
	execution time (ms): 80453
	#sols : 228
	completed : false

NEW SOLUTION FOUND
solution score : 569

	#choice: 167917
	#fail: 83839
	execution time (ms): 81954
	#sols : 229
	completed : false

NEW SOLUTION FOUND
solution score : 570

	#choice: 168331
	#fail: 84047
	execution time (ms): 82073
	#sols : 230
	completed : false

NEW SOLUTION FOUND
solution score : 571

	#choice: 169491
	#fail: 84629
	execution time (ms): 82659
	#sols : 231
	completed : false

NEW SOLUTION FOUND
solution score : 572

	#choice: 169880
	#fail: 84814
	execution time (ms): 82748
	#sols : 232
	completed : false

NEW SOLUTION FOUND
solution score : 573

	#choice: 170312
	#fail: 85043
	execution time (ms): 82870
	#sols : 233
	completed : false

NEW SOLUTION FOUND
solution score : 574

	#choice: 170722
	#fail: 85245
	execution time (ms): 82981
	#sols : 234
	completed : false

NEW SOLUTION FOUND
solution score : 575

	#choice: 171101
	#fail: 85433
	execution time (ms): 83065
	#sols : 235
	completed : false

NEW SOLUTION FOUND
solution score : 576

	#choice: 171469
	#fail: 85607
	execution time (ms): 83135
	#sols : 236
	completed : false

NEW SOLUTION FOUND
solution score : 577

	#choice: 172011
	#fail: 85887
	execution time (ms): 83321
	#sols : 237
	completed : false

NEW SOLUTION FOUND
solution score : 578

	#choice: 172785
	#fail: 86281
	execution time (ms): 83662
	#sols : 238
	completed : false

NEW SOLUTION FOUND
solution score : 579

	#choice: 173259
	#fail: 86512
	execution time (ms): 83805
	#sols : 239
	completed : false

NEW SOLUTION FOUND
solution score : 580

	#choice: 184605
	#fail: 92186
	execution time (ms): 91149
	#sols : 240
	completed : false

NEW SOLUTION FOUND
solution score : 581

	#choice: 185057
	#fail: 92406
	execution time (ms): 91283
	#sols : 241
	completed : false

NEW SOLUTION FOUND
solution score : 582

	#choice: 185456
	#fail: 92608
	execution time (ms): 91376
	#sols : 242
	completed : false

NEW SOLUTION FOUND
solution score : 583

	#choice: 185920
	#fail: 92840
	execution time (ms): 91510
	#sols : 243
	completed : false

NEW SOLUTION FOUND
solution score : 584

	#choice: 186342
	#fail: 93053
	execution time (ms): 91615
	#sols : 244
	completed : false

NEW SOLUTION FOUND
solution score : 585

	#choice: 187576
	#fail: 93666
	execution time (ms): 92200
	#sols : 245
	completed : false

NEW SOLUTION FOUND
solution score : 586

	#choice: 187925
	#fail: 93848
	execution time (ms): 92266
	#sols : 246
	completed : false

NEW SOLUTION FOUND
solution score : 587

	#choice: 188947
	#fail: 94359
	execution time (ms): 92762
	#sols : 247
	completed : false

NEW SOLUTION FOUND
solution score : 588

	#choice: 189338
	#fail: 94549
	execution time (ms): 92849
	#sols : 248
	completed : false

NEW SOLUTION FOUND
solution score : 589

	#choice: 189876
	#fail: 94817
	execution time (ms): 93010
	#sols : 249
	completed : false

NEW SOLUTION FOUND
solution score : 590

	#choice: 190406
	#fail: 95081
	execution time (ms): 93140
	#sols : 250
	completed : false

NEW SOLUTION FOUND
solution score : 591

	#choice: 191192
	#fail: 95470
	execution time (ms): 93405
	#sols : 251
	completed : false

NEW SOLUTION FOUND
solution score : 592

	#choice: 191917
	#fail: 95839
	execution time (ms): 93681
	#sols : 252
	completed : false

NEW SOLUTION FOUND
solution score : 593

	#choice: 192953
	#fail: 96358
	execution time (ms): 94046
	#sols : 253
	completed : false

NEW SOLUTION FOUND
solution score : 594

	#choice: 193394
	#fail: 96573
	execution time (ms): 94162
	#sols : 254
	completed : false

NEW SOLUTION FOUND
solution score : 595

	#choice: 193781
	#fail: 96770
	execution time (ms): 94233
	#sols : 255
	completed : false

NEW SOLUTION FOUND
solution score : 596

	#choice: 194164
	#fail: 96963
	execution time (ms): 94304
	#sols : 256
	completed : false

NEW SOLUTION FOUND
solution score : 597

	#choice: 194584
	#fail: 97173
	execution time (ms): 94402
	#sols : 257
	completed : false

NEW SOLUTION FOUND
solution score : 598

	#choice: 194962
	#fail: 97365
	execution time (ms): 94478
	#sols : 258
	completed : false

NEW SOLUTION FOUND
solution score : 599

	#choice: 196912
	#fail: 98338
	execution time (ms): 95535
	#sols : 259
	completed : false

NEW SOLUTION FOUND
solution score : 600

	#choice: 197444
	#fail: 98600
	execution time (ms): 95685
	#sols : 260
	completed : false

NEW SOLUTION FOUND
solution score : 601

	#choice: 197926
	#fail: 98839
	execution time (ms): 95823
	#sols : 261
	completed : false

NEW SOLUTION FOUND
solution score : 602

	#choice: 198331
	#fail: 99042
	execution time (ms): 95903
	#sols : 262
	completed : false

NEW SOLUTION FOUND
solution score : 603

	#choice: 198902
	#fail: 99331
	execution time (ms): 96086
	#sols : 263
	completed : false

NEW SOLUTION FOUND
solution score : 604

	#choice: 199559
	#fail: 99661
	execution time (ms): 96340
	#sols : 264
	completed : false

NEW SOLUTION FOUND
solution score : 605

	#choice: 199953
	#fail: 99858
	execution time (ms): 96435
	#sols : 265
	completed : false

NEW SOLUTION FOUND
solution score : 606

	#choice: 203728
	#fail: 101743
	execution time (ms): 98401
	#sols : 266
	completed : false

NEW SOLUTION FOUND
solution score : 607

	#choice: 204296
	#fail: 102034
	execution time (ms): 98602
	#sols : 267
	completed : false

NEW SOLUTION FOUND
solution score : 608

	#choice: 204722
	#fail: 102237
	execution time (ms): 98698
	#sols : 268
	completed : false

NEW SOLUTION FOUND
solution score : 609

	#choice: 205190
	#fail: 102471
	execution time (ms): 98800
	#sols : 269
	completed : false

NEW SOLUTION FOUND
solution score : 610

	#choice: 205611
	#fail: 102682
	execution time (ms): 98889
	#sols : 270
	completed : false

NEW SOLUTION FOUND
solution score : 611

	#choice: 206017
	#fail: 102888
	execution time (ms): 98973
	#sols : 271
	completed : false

NEW SOLUTION FOUND
solution score : 612

	#choice: 206488
	#fail: 103128
	execution time (ms): 99117
	#sols : 272
	completed : false

NEW SOLUTION FOUND
solution score : 613

	#choice: 208076
	#fail: 103912
	execution time (ms): 99894
	#sols : 273
	completed : false

NEW SOLUTION FOUND
solution score : 614

	#choice: 208850
	#fail: 104300
	execution time (ms): 100146
	#sols : 274
	completed : false

NEW SOLUTION FOUND
solution score : 615

	#choice: 209409
	#fail: 104579
	execution time (ms): 100298
	#sols : 275
	completed : false

NEW SOLUTION FOUND
solution score : 616

	#choice: 209879
	#fail: 104818
	execution time (ms): 100395
	#sols : 276
	completed : false

NEW SOLUTION FOUND
solution score : 617

	#choice: 210328
	#fail: 105045
	execution time (ms): 100482
	#sols : 277
	completed : false

NEW SOLUTION FOUND
solution score : 618

	#choice: 211511
	#fail: 105639
	execution time (ms): 101049
	#sols : 278
	completed : false

NEW SOLUTION FOUND
solution score : 619

	#choice: 212042
	#fail: 105904
	execution time (ms): 101202
	#sols : 279
	completed : false

NEW SOLUTION FOUND
solution score : 620

	#choice: 212478
	#fail: 106114
	execution time (ms): 101281
	#sols : 280
	completed : false

NEW SOLUTION FOUND
solution score : 621

	#choice: 212922
	#fail: 106343
	execution time (ms): 101362
	#sols : 281
	completed : false

NEW SOLUTION FOUND
solution score : 622

	#choice: 213366
	#fail: 106563
	execution time (ms): 101454
	#sols : 282
	completed : false

NEW SOLUTION FOUND
solution score : 623

	#choice: 213817
	#fail: 106795
	execution time (ms): 101553
	#sols : 283
	completed : false

NEW SOLUTION FOUND
solution score : 624

	#choice: 214265
	#fail: 107016
	execution time (ms): 101652
	#sols : 284
	completed : false

NEW SOLUTION FOUND
solution score : 625

	#choice: 215586
	#fail: 107676
	execution time (ms): 102206
	#sols : 285
	completed : false

NEW SOLUTION FOUND
solution score : 626

	#choice: 216022
	#fail: 107889
	execution time (ms): 102290
	#sols : 286
	completed : false

NEW SOLUTION FOUND
solution score : 627

	#choice: 216762
	#fail: 108262
	execution time (ms): 102574
	#sols : 287
	completed : false

NEW SOLUTION FOUND
solution score : 628

	#choice: 217195
	#fail: 108477
	execution time (ms): 102652
	#sols : 288
	completed : false

NEW SOLUTION FOUND
solution score : 629

	#choice: 218989
	#fail: 109381
	execution time (ms): 103754
	#sols : 289
	completed : false

NEW SOLUTION FOUND
solution score : 630

	#choice: 219669
	#fail: 109713
	execution time (ms): 104019
	#sols : 290
	completed : false

NEW SOLUTION FOUND
solution score : 631

	#choice: 220201
	#fail: 109975
	execution time (ms): 104142
	#sols : 291
	completed : false

NEW SOLUTION FOUND
solution score : 632

	#choice: 220651
	#fail: 110212
	execution time (ms): 104300
	#sols : 292
	completed : false

NEW SOLUTION FOUND
solution score : 633

	#choice: 221037
	#fail: 110401
	execution time (ms): 104421
	#sols : 293
	completed : false

NEW SOLUTION FOUND
solution score : 634

	#choice: 222455
	#fail: 111110
	execution time (ms): 105273
	#sols : 294
	completed : false

NEW SOLUTION FOUND
solution score : 635

	#choice: 222778
	#fail: 111265
	execution time (ms): 105343
	#sols : 295
	completed : false

NEW SOLUTION FOUND
solution score : 636

	#choice: 223102
	#fail: 111434
	execution time (ms): 105412
	#sols : 296
	completed : false

NEW SOLUTION FOUND
solution score : 637

	#choice: 223691
	#fail: 111729
	execution time (ms): 105670
	#sols : 297
	completed : false

NEW SOLUTION FOUND
solution score : 638

	#choice: 224130
	#fail: 111940
	execution time (ms): 105816
	#sols : 298
	completed : false

NEW SOLUTION FOUND
solution score : 639

	#choice: 225465
	#fail: 112612
	execution time (ms): 106497
	#sols : 299
	completed : false

NEW SOLUTION FOUND
solution score : 640

	#choice: 228956
	#fail: 114365
	execution time (ms): 108853
	#sols : 300
	completed : false

NEW SOLUTION FOUND
solution score : 641

	#choice: 229346
	#fail: 114553
	execution time (ms): 108975
	#sols : 301
	completed : false

NEW SOLUTION FOUND
solution score : 642

	#choice: 229818
	#fail: 114795
	execution time (ms): 109158
	#sols : 302
	completed : false

NEW SOLUTION FOUND
solution score : 643

	#choice: 231974
	#fail: 115874
	execution time (ms): 110469
	#sols : 303
	completed : false

NEW SOLUTION FOUND
solution score : 644

	#choice: 232298
	#fail: 116029
	execution time (ms): 110549
	#sols : 304
	completed : false

NEW SOLUTION FOUND
solution score : 645

	#choice: 235226
	#fail: 117493
	execution time (ms): 112364
	#sols : 305
	completed : false

NEW SOLUTION FOUND
solution score : 646

	#choice: 236156
	#fail: 117951
	execution time (ms): 112772
	#sols : 306
	completed : false

NEW SOLUTION FOUND
solution score : 647

	#choice: 236537
	#fail: 118150
	execution time (ms): 112862
	#sols : 307
	completed : false

NEW SOLUTION FOUND
solution score : 648

	#choice: 236873
	#fail: 118322
	execution time (ms): 112951
	#sols : 308
	completed : false

NEW SOLUTION FOUND
solution score : 649

	#choice: 238337
	#fail: 119051
	execution time (ms): 113741
	#sols : 309
	completed : false

NEW SOLUTION FOUND
solution score : 650

	#choice: 238663
	#fail: 119214
	execution time (ms): 113815
	#sols : 310
	completed : false

NEW SOLUTION FOUND
solution score : 651

	#choice: 239101
	#fail: 119432
	execution time (ms): 113954
	#sols : 311
	completed : false

NEW SOLUTION FOUND
solution score : 652

	#choice: 239880
	#fail: 119822
	execution time (ms): 114334
	#sols : 312
	completed : false

NEW SOLUTION FOUND
solution score : 653

	#choice: 240291
	#fail: 120029
	execution time (ms): 114416
	#sols : 313
	completed : false

NEW SOLUTION FOUND
solution score : 654

	#choice: 243104
	#fail: 121432
	execution time (ms): 116167
	#sols : 314
	completed : false

NEW SOLUTION FOUND
solution score : 655

	#choice: 243676
	#fail: 121716
	execution time (ms): 116334
	#sols : 315
	completed : false

NEW SOLUTION FOUND
solution score : 656

	#choice: 244098
	#fail: 121929
	execution time (ms): 116408
	#sols : 316
	completed : false

NEW SOLUTION FOUND
solution score : 657

	#choice: 244601
	#fail: 122185
	execution time (ms): 116539
	#sols : 317
	completed : false

NEW SOLUTION FOUND
solution score : 658

	#choice: 259475
	#fail: 129624
	execution time (ms): 126923
	#sols : 318
	completed : false

NEW SOLUTION FOUND
solution score : 659

	#choice: 259941
	#fail: 129851
	execution time (ms): 127013
	#sols : 319
	completed : false

NEW SOLUTION FOUND
solution score : 660

	#choice: 260476
	#fail: 130124
	execution time (ms): 127154
	#sols : 320
	completed : false

NEW SOLUTION FOUND
solution score : 661

	#choice: 261458
	#fail: 130610
	execution time (ms): 127535
	#sols : 321
	completed : false

NEW SOLUTION FOUND
solution score : 662

	#choice: 262324
	#fail: 131046
	execution time (ms): 127880
	#sols : 322
	completed : false

NEW SOLUTION FOUND
solution score : 663

	#choice: 262828
	#fail: 131292
	execution time (ms): 127981
	#sols : 323
	completed : false

NEW SOLUTION FOUND
solution score : 664

	#choice: 263300
	#fail: 131535
	execution time (ms): 128071
	#sols : 324
	completed : false

NEW SOLUTION FOUND
solution score : 665

	#choice: 263790
	#fail: 131770
	execution time (ms): 128163
	#sols : 325
	completed : false

NEW SOLUTION FOUND
solution score : 666

	#choice: 264400
	#fail: 132092
	execution time (ms): 128371
	#sols : 326
	completed : false

NEW SOLUTION FOUND
solution score : 667

	#choice: 264864
	#fail: 132308
	execution time (ms): 128466
	#sols : 327
	completed : false

NEW SOLUTION FOUND
solution score : 668

	#choice: 265333
	#fail: 132553
	execution time (ms): 128552
	#sols : 328
	completed : false

NEW SOLUTION FOUND
solution score : 669

	#choice: 265806
	#fail: 132779
	execution time (ms): 128643
	#sols : 329
	completed : false

NEW SOLUTION FOUND
solution score : 670

	#choice: 266295
	#fail: 133028
	execution time (ms): 128736
	#sols : 330
	completed : false

NEW SOLUTION FOUND
solution score : 671

	#choice: 267314
	#fail: 133539
	execution time (ms): 129202
	#sols : 331
	completed : false

NEW SOLUTION FOUND
solution score : 672

	#choice: 268500
	#fail: 134138
	execution time (ms): 129724
	#sols : 332
	completed : false

NEW SOLUTION FOUND
solution score : 673

	#choice: 324894
	#fail: 162330
	execution time (ms): 146858
	#sols : 333
	completed : false

NEW SOLUTION FOUND
solution score : 674

	#choice: 325802
	#fail: 162783
	execution time (ms): 147217
	#sols : 334
	completed : false

NEW SOLUTION FOUND
solution score : 675

	#choice: 326293
	#fail: 163033
	execution time (ms): 147320
	#sols : 335
	completed : false

NEW SOLUTION FOUND
solution score : 676

	#choice: 326858
	#fail: 163314
	execution time (ms): 147488
	#sols : 336
	completed : false

NEW SOLUTION FOUND
solution score : 677

	#choice: 327387
	#fail: 163578
	execution time (ms): 147631
	#sols : 337
	completed : false

NEW SOLUTION FOUND
solution score : 678

	#choice: 328034
	#fail: 163902
	execution time (ms): 147949
	#sols : 338
	completed : false

NEW SOLUTION FOUND
solution score : 679

	#choice: 328687
	#fail: 164221
	execution time (ms): 148242
	#sols : 339
	completed : false

NEW SOLUTION FOUND
solution score : 680

	#choice: 330232
	#fail: 164994
	execution time (ms): 149122
	#sols : 340
	completed : false

NEW SOLUTION FOUND
solution score : 681

	#choice: 330592
	#fail: 165181
	execution time (ms): 149190
	#sols : 341
	completed : false

NEW SOLUTION FOUND
solution score : 682

	#choice: 331266
	#fail: 165513
	execution time (ms): 149463
	#sols : 342
	completed : false

NEW SOLUTION FOUND
solution score : 683

	#choice: 332722
	#fail: 166248
	execution time (ms): 150344
	#sols : 343
	completed : false

NEW SOLUTION FOUND
solution score : 684

	#choice: 333093
	#fail: 166426
	execution time (ms): 150423
	#sols : 344
	completed : false

NEW SOLUTION FOUND
solution score : 685

	#choice: 336074
	#fail: 167923
	execution time (ms): 152149
	#sols : 345
	completed : false

NEW SOLUTION FOUND
solution score : 686

	#choice: 336432
	#fail: 168093
	execution time (ms): 152221
	#sols : 346
	completed : false

NEW SOLUTION FOUND
solution score : 687

	#choice: 336867
	#fail: 168314
	execution time (ms): 152335
	#sols : 347
	completed : false

NEW SOLUTION FOUND
solution score : 688

	#choice: 337236
	#fail: 168497
	execution time (ms): 152404
	#sols : 348
	completed : false

NEW SOLUTION FOUND
solution score : 689

	#choice: 339152
	#fail: 169462
	execution time (ms): 153354
	#sols : 349
	completed : false

NEW SOLUTION FOUND
solution score : 690

	#choice: 339526
	#fail: 169652
	execution time (ms): 153441
	#sols : 350
	completed : false

NEW SOLUTION FOUND
solution score : 691

	#choice: 339915
	#fail: 169835
	execution time (ms): 153534
	#sols : 351
	completed : false

NEW SOLUTION FOUND
solution score : 692

	#choice: 345181
	#fail: 172476
	execution time (ms): 156493
	#sols : 352
	completed : false

NEW SOLUTION FOUND
solution score : 693

	#choice: 345660
	#fail: 172714
	execution time (ms): 156615
	#sols : 353
	completed : false

NEW SOLUTION FOUND
solution score : 694

	#choice: 349597
	#fail: 174685
	execution time (ms): 158929
	#sols : 354
	completed : false

NEW SOLUTION FOUND
solution score : 695

	#choice: 350198
	#fail: 174984
	execution time (ms): 159140
	#sols : 355
	completed : false

NEW SOLUTION FOUND
solution score : 696

	#choice: 351076
	#fail: 175425
	execution time (ms): 159493
	#sols : 356
	completed : false

END OF SEARCH

	#choice: 351302
	#fail: 175652
	execution time (ms): 159494
	#sols : 356
	completed : true

