INFO
n : 30
nbHoles : 600
nbFile : 8
objective : diagonal
search: lds
bp : sum_product
branchingScheme : max_marginal_strength
oracle : true
truncateRate : 0
START SEARCH
NEW SOLUTION FOUND
solution score : 507

	#choice: 490
	#fail: 0
	execution time (ms): 3802
	#sols : 1
	completed : false

NEW SOLUTION FOUND
solution score : 508

	#choice: 493
	#fail: 3
	execution time (ms): 3831
	#sols : 2
	completed : false

NEW SOLUTION FOUND
solution score : 513

	#choice: 496
	#fail: 5
	execution time (ms): 3835
	#sols : 3
	completed : false

NEW SOLUTION FOUND
solution score : 517

	#choice: 516
	#fail: 19
	execution time (ms): 3872
	#sols : 4
	completed : false

NEW SOLUTION FOUND
solution score : 518

	#choice: 530
	#fail: 21
	execution time (ms): 3904
	#sols : 5
	completed : false

NEW SOLUTION FOUND
solution score : 526

	#choice: 553
	#fail: 23
	execution time (ms): 3956
	#sols : 6
	completed : false

NEW SOLUTION FOUND
solution score : 528

	#choice: 573
	#fail: 25
	execution time (ms): 4012
	#sols : 7
	completed : false

NEW SOLUTION FOUND
solution score : 532

	#choice: 583
	#fail: 26
	execution time (ms): 4058
	#sols : 8
	completed : false

NEW SOLUTION FOUND
solution score : 535

	#choice: 604
	#fail: 30
	execution time (ms): 4114
	#sols : 9
	completed : false

NEW SOLUTION FOUND
solution score : 536

	#choice: 629
	#fail: 32
	execution time (ms): 4180
	#sols : 10
	completed : false

NEW SOLUTION FOUND
solution score : 541

	#choice: 660
	#fail: 33
	execution time (ms): 4257
	#sols : 11
	completed : false

NEW SOLUTION FOUND
solution score : 545

	#choice: 687
	#fail: 38
	execution time (ms): 4332
	#sols : 12
	completed : false

NEW SOLUTION FOUND
solution score : 547

	#choice: 754
	#fail: 55
	execution time (ms): 4516
	#sols : 13
	completed : false

NEW SOLUTION FOUND
solution score : 550

	#choice: 821
	#fail: 67
	execution time (ms): 4722
	#sols : 14
	completed : false

NEW SOLUTION FOUND
solution score : 551

	#choice: 878
	#fail: 68
	execution time (ms): 4890
	#sols : 15
	completed : false

NEW SOLUTION FOUND
solution score : 552

	#choice: 1031
	#fail: 115
	execution time (ms): 5316
	#sols : 16
	completed : false

NEW SOLUTION FOUND
solution score : 556

	#choice: 1167
	#fail: 129
	execution time (ms): 5841
	#sols : 17
	completed : false

NEW SOLUTION FOUND
solution score : 559

	#choice: 1286
	#fail: 130
	execution time (ms): 6387
	#sols : 18
	completed : false

NEW SOLUTION FOUND
solution score : 561

	#choice: 1437
	#fail: 143
	execution time (ms): 6771
	#sols : 19
	completed : false

NEW SOLUTION FOUND
solution score : 563

	#choice: 1720
	#fail: 216
	execution time (ms): 7295
	#sols : 20
	completed : false

NEW SOLUTION FOUND
solution score : 579

	#choice: 1939
	#fail: 217
	execution time (ms): 7758
	#sols : 21
	completed : false

NEW SOLUTION FOUND
solution score : 582

	#choice: 2164
	#fail: 218
	execution time (ms): 8183
	#sols : 22
	completed : false

NEW SOLUTION FOUND
solution score : 583

	#choice: 2377
	#fail: 219
	execution time (ms): 8686
	#sols : 23
	completed : false

NEW SOLUTION FOUND
solution score : 590

	#choice: 2653
	#fail: 256
	execution time (ms): 9130
	#sols : 24
	completed : false

NEW SOLUTION FOUND
solution score : 603

	#choice: 2913
	#fail: 257
	execution time (ms): 9644
	#sols : 25
	completed : false

NEW SOLUTION FOUND
solution score : 609

	#choice: 3174
	#fail: 258
	execution time (ms): 10196
	#sols : 26
	completed : false

NEW SOLUTION FOUND
solution score : 615

	#choice: 3476
	#fail: 281
	execution time (ms): 10723
	#sols : 27
	completed : false

NEW SOLUTION FOUND
solution score : 617

	#choice: 3762
	#fail: 289
	execution time (ms): 11256
	#sols : 28
	completed : false

NEW SOLUTION FOUND
solution score : 629

	#choice: 4067
	#fail: 301
	execution time (ms): 11857
	#sols : 29
	completed : false

NEW SOLUTION FOUND
solution score : 635

	#choice: 4362
	#fail: 302
	execution time (ms): 12462
	#sols : 30
	completed : false

NEW SOLUTION FOUND
solution score : 637

	#choice: 4697
	#fail: 324
	execution time (ms): 13104
	#sols : 31
	completed : false

NEW SOLUTION FOUND
solution score : 638

	#choice: 5005
	#fail: 325
	execution time (ms): 13705
	#sols : 32
	completed : false

NEW SOLUTION FOUND
solution score : 639

	#choice: 5341
	#fail: 340
	execution time (ms): 14532
	#sols : 33
	completed : false

NEW SOLUTION FOUND
solution score : 643

	#choice: 5677
	#fail: 343
	execution time (ms): 15238
	#sols : 34
	completed : false

NEW SOLUTION FOUND
solution score : 644

	#choice: 6087
	#fail: 387
	execution time (ms): 15926
	#sols : 35
	completed : false

NEW SOLUTION FOUND
solution score : 646

	#choice: 6485
	#fail: 399
	execution time (ms): 16671
	#sols : 36
	completed : false

NEW SOLUTION FOUND
solution score : 649

	#choice: 6894
	#fail: 410
	execution time (ms): 17518
	#sols : 37
	completed : false

NEW SOLUTION FOUND
solution score : 657

	#choice: 7362
	#fail: 436
	execution time (ms): 18641
	#sols : 38
	completed : false

NEW SOLUTION FOUND
solution score : 658

	#choice: 7799
	#fail: 437
	execution time (ms): 19450
	#sols : 39
	completed : false

NEW SOLUTION FOUND
solution score : 668

	#choice: 8236
	#fail: 438
	execution time (ms): 20386
	#sols : 40
	completed : false

NEW SOLUTION FOUND
solution score : 670

	#choice: 8664
	#fail: 439
	execution time (ms): 21228
	#sols : 41
	completed : false

NEW SOLUTION FOUND
solution score : 674

	#choice: 9143
	#fail: 465
	execution time (ms): 22126
	#sols : 42
	completed : false

NEW SOLUTION FOUND
solution score : 683

	#choice: 9630
	#fail: 477
	execution time (ms): 23119
	#sols : 43
	completed : false

NEW SOLUTION FOUND
solution score : 686

	#choice: 10103
	#fail: 478
	execution time (ms): 24071
	#sols : 44
	completed : false

NEW SOLUTION FOUND
solution score : 689

	#choice: 10596
	#fail: 486
	execution time (ms): 24943
	#sols : 45
	completed : false

NEW SOLUTION FOUND
solution score : 690

	#choice: 11052
	#fail: 489
	execution time (ms): 25805
	#sols : 46
	completed : false

END OF SEARCH

	#choice: 11077
	#fail: 515
	execution time (ms): 25815
	#sols : 46
	completed : true

