INFO
n : 30
nbHoles : 600
nbFile : 5
objective : diagonal
search: dfs
bp : no_bp
branchingScheme : first_fail
oracle : false
truncateRate : 0
START SEARCH
NEW SOLUTION FOUND
solution score : 304

	#choice: 417
	#fail: 4
	execution time (ms): 772
	#sols : 1
	completed : false

NEW SOLUTION FOUND
solution score : 330

	#choice: 421
	#fail: 5
	execution time (ms): 796
	#sols : 2
	completed : false

NEW SOLUTION FOUND
solution score : 332

	#choice: 438
	#fail: 13
	execution time (ms): 815
	#sols : 3
	completed : false

NEW SOLUTION FOUND
solution score : 334

	#choice: 480
	#fail: 32
	execution time (ms): 943
	#sols : 4
	completed : false

NEW SOLUTION FOUND
solution score : 337

	#choice: 491
	#fail: 40
	execution time (ms): 987
	#sols : 5
	completed : false

NEW SOLUTION FOUND
solution score : 350

	#choice: 523
	#fail: 53
	execution time (ms): 1001
	#sols : 6
	completed : false

NEW SOLUTION FOUND
solution score : 353

	#choice: 580
	#fail: 87
	execution time (ms): 1081
	#sols : 7
	completed : false

NEW SOLUTION FOUND
solution score : 364

	#choice: 644
	#fail: 118
	execution time (ms): 1148
	#sols : 8
	completed : false

NEW SOLUTION FOUND
solution score : 372

	#choice: 654
	#fail: 124
	execution time (ms): 1202
	#sols : 9
	completed : false

NEW SOLUTION FOUND
solution score : 375

	#choice: 683
	#fail: 142
	execution time (ms): 1210
	#sols : 10
	completed : false

NEW SOLUTION FOUND
solution score : 376

	#choice: 771
	#fail: 179
	execution time (ms): 1325
	#sols : 11
	completed : false

NEW SOLUTION FOUND
solution score : 379

	#choice: 789
	#fail: 191
	execution time (ms): 1329
	#sols : 12
	completed : false

NEW SOLUTION FOUND
solution score : 385

	#choice: 818
	#fail: 209
	execution time (ms): 1416
	#sols : 13
	completed : false

NEW SOLUTION FOUND
solution score : 389

	#choice: 886
	#fail: 242
	execution time (ms): 1578
	#sols : 14
	completed : false

NEW SOLUTION FOUND
solution score : 392

	#choice: 925
	#fail: 261
	execution time (ms): 1634
	#sols : 15
	completed : false

NEW SOLUTION FOUND
solution score : 395

	#choice: 964
	#fail: 285
	execution time (ms): 1644
	#sols : 16
	completed : false

NEW SOLUTION FOUND
solution score : 396

	#choice: 1080
	#fail: 346
	execution time (ms): 1831
	#sols : 17
	completed : false

NEW SOLUTION FOUND
solution score : 397

	#choice: 1139
	#fail: 371
	execution time (ms): 1915
	#sols : 18
	completed : false

NEW SOLUTION FOUND
solution score : 398

	#choice: 1228
	#fail: 417
	execution time (ms): 1959
	#sols : 19
	completed : false

NEW SOLUTION FOUND
solution score : 399

	#choice: 1331
	#fail: 469
	execution time (ms): 2041
	#sols : 20
	completed : false

NEW SOLUTION FOUND
solution score : 400

	#choice: 1440
	#fail: 520
	execution time (ms): 2088
	#sols : 21
	completed : false

NEW SOLUTION FOUND
solution score : 401

	#choice: 1540
	#fail: 570
	execution time (ms): 2126
	#sols : 22
	completed : false

NEW SOLUTION FOUND
solution score : 402

	#choice: 1651
	#fail: 626
	execution time (ms): 2202
	#sols : 23
	completed : false

NEW SOLUTION FOUND
solution score : 404

	#choice: 1752
	#fail: 677
	execution time (ms): 2269
	#sols : 24
	completed : false

NEW SOLUTION FOUND
solution score : 405

	#choice: 1859
	#fail: 727
	execution time (ms): 2325
	#sols : 25
	completed : false

NEW SOLUTION FOUND
solution score : 406

	#choice: 1970
	#fail: 786
	execution time (ms): 2397
	#sols : 26
	completed : false

NEW SOLUTION FOUND
solution score : 407

	#choice: 2131
	#fail: 866
	execution time (ms): 2476
	#sols : 27
	completed : false

NEW SOLUTION FOUND
solution score : 408

	#choice: 2283
	#fail: 936
	execution time (ms): 2541
	#sols : 28
	completed : false

NEW SOLUTION FOUND
solution score : 409

	#choice: 2501
	#fail: 1051
	execution time (ms): 2700
	#sols : 29
	completed : false

NEW SOLUTION FOUND
solution score : 410

	#choice: 3145
	#fail: 1372
	execution time (ms): 3315
	#sols : 30
	completed : false

NEW SOLUTION FOUND
solution score : 411

	#choice: 3318
	#fail: 1455
	execution time (ms): 3404
	#sols : 31
	completed : false

NEW SOLUTION FOUND
solution score : 412

	#choice: 3537
	#fail: 1564
	execution time (ms): 3492
	#sols : 32
	completed : false

NEW SOLUTION FOUND
solution score : 413

	#choice: 3755
	#fail: 1680
	execution time (ms): 3629
	#sols : 33
	completed : false

NEW SOLUTION FOUND
solution score : 414

	#choice: 3893
	#fail: 1749
	execution time (ms): 3686
	#sols : 34
	completed : false

NEW SOLUTION FOUND
solution score : 415

	#choice: 4041
	#fail: 1819
	execution time (ms): 3732
	#sols : 35
	completed : false

NEW SOLUTION FOUND
solution score : 416

	#choice: 4222
	#fail: 1912
	execution time (ms): 3836
	#sols : 36
	completed : false

NEW SOLUTION FOUND
solution score : 417

	#choice: 4374
	#fail: 1986
	execution time (ms): 3862
	#sols : 37
	completed : false

NEW SOLUTION FOUND
solution score : 418

	#choice: 4531
	#fail: 2062
	execution time (ms): 3931
	#sols : 38
	completed : false

NEW SOLUTION FOUND
solution score : 419

	#choice: 4710
	#fail: 2152
	execution time (ms): 4027
	#sols : 39
	completed : false

NEW SOLUTION FOUND
solution score : 420

	#choice: 4867
	#fail: 2235
	execution time (ms): 4069
	#sols : 40
	completed : false

NEW SOLUTION FOUND
solution score : 421

	#choice: 5007
	#fail: 2308
	execution time (ms): 4130
	#sols : 41
	completed : false

NEW SOLUTION FOUND
solution score : 422

	#choice: 5170
	#fail: 2386
	execution time (ms): 4202
	#sols : 42
	completed : false

NEW SOLUTION FOUND
solution score : 423

	#choice: 5346
	#fail: 2472
	execution time (ms): 4273
	#sols : 43
	completed : false

NEW SOLUTION FOUND
solution score : 424

	#choice: 5522
	#fail: 2556
	execution time (ms): 4314
	#sols : 44
	completed : false

NEW SOLUTION FOUND
solution score : 425

	#choice: 5697
	#fail: 2649
	execution time (ms): 4378
	#sols : 45
	completed : false

NEW SOLUTION FOUND
solution score : 426

	#choice: 5873
	#fail: 2742
	execution time (ms): 4491
	#sols : 46
	completed : false

NEW SOLUTION FOUND
solution score : 427

	#choice: 6032
	#fail: 2814
	execution time (ms): 4517
	#sols : 47
	completed : false

NEW SOLUTION FOUND
solution score : 428

	#choice: 6236
	#fail: 2927
	execution time (ms): 4602
	#sols : 48
	completed : false

NEW SOLUTION FOUND
solution score : 429

	#choice: 6377
	#fail: 2993
	execution time (ms): 4662
	#sols : 49
	completed : false

NEW SOLUTION FOUND
solution score : 430

	#choice: 6597
	#fail: 3107
	execution time (ms): 4714
	#sols : 50
	completed : false

NEW SOLUTION FOUND
solution score : 431

	#choice: 6824
	#fail: 3212
	execution time (ms): 4753
	#sols : 51
	completed : false

NEW SOLUTION FOUND
solution score : 432

	#choice: 7062
	#fail: 3333
	execution time (ms): 4836
	#sols : 52
	completed : false

NEW SOLUTION FOUND
solution score : 433

	#choice: 7309
	#fail: 3461
	execution time (ms): 4919
	#sols : 53
	completed : false

NEW SOLUTION FOUND
solution score : 434

	#choice: 7527
	#fail: 3569
	execution time (ms): 4962
	#sols : 54
	completed : false

NEW SOLUTION FOUND
solution score : 435

	#choice: 7760
	#fail: 3682
	execution time (ms): 5104
	#sols : 55
	completed : false

NEW SOLUTION FOUND
solution score : 436

	#choice: 8002
	#fail: 3801
	execution time (ms): 5204
	#sols : 56
	completed : false

NEW SOLUTION FOUND
solution score : 437

	#choice: 8234
	#fail: 3922
	execution time (ms): 5324
	#sols : 57
	completed : false

NEW SOLUTION FOUND
solution score : 438

	#choice: 8460
	#fail: 4032
	execution time (ms): 5387
	#sols : 58
	completed : false

NEW SOLUTION FOUND
solution score : 439

	#choice: 8706
	#fail: 4158
	execution time (ms): 5573
	#sols : 59
	completed : false

NEW SOLUTION FOUND
solution score : 440

	#choice: 8977
	#fail: 4293
	execution time (ms): 5753
	#sols : 60
	completed : false

NEW SOLUTION FOUND
solution score : 441

	#choice: 9196
	#fail: 4406
	execution time (ms): 5845
	#sols : 61
	completed : false

NEW SOLUTION FOUND
solution score : 442

	#choice: 9457
	#fail: 4536
	execution time (ms): 5933
	#sols : 62
	completed : false

NEW SOLUTION FOUND
solution score : 443

	#choice: 9719
	#fail: 4664
	execution time (ms): 6067
	#sols : 63
	completed : false

NEW SOLUTION FOUND
solution score : 444

	#choice: 9984
	#fail: 4798
	execution time (ms): 6110
	#sols : 64
	completed : false

NEW SOLUTION FOUND
solution score : 445

	#choice: 10262
	#fail: 4931
	execution time (ms): 6180
	#sols : 65
	completed : false

NEW SOLUTION FOUND
solution score : 446

	#choice: 10660
	#fail: 5130
	execution time (ms): 6289
	#sols : 66
	completed : false

NEW SOLUTION FOUND
solution score : 447

	#choice: 11040
	#fail: 5329
	execution time (ms): 6406
	#sols : 67
	completed : false

NEW SOLUTION FOUND
solution score : 448

	#choice: 11414
	#fail: 5509
	execution time (ms): 6474
	#sols : 68
	completed : false

NEW SOLUTION FOUND
solution score : 449

	#choice: 11798
	#fail: 5702
	execution time (ms): 6539
	#sols : 69
	completed : false

NEW SOLUTION FOUND
solution score : 450

	#choice: 12178
	#fail: 5895
	execution time (ms): 6629
	#sols : 70
	completed : false

NEW SOLUTION FOUND
solution score : 451

	#choice: 12548
	#fail: 6077
	execution time (ms): 6715
	#sols : 71
	completed : false

NEW SOLUTION FOUND
solution score : 452

	#choice: 12925
	#fail: 6266
	execution time (ms): 6837
	#sols : 72
	completed : false

NEW SOLUTION FOUND
solution score : 453

	#choice: 13342
	#fail: 6474
	execution time (ms): 6924
	#sols : 73
	completed : false

NEW SOLUTION FOUND
solution score : 454

	#choice: 13724
	#fail: 6661
	execution time (ms): 6989
	#sols : 74
	completed : false

NEW SOLUTION FOUND
solution score : 455

	#choice: 14257
	#fail: 6933
	execution time (ms): 7155
	#sols : 75
	completed : false

NEW SOLUTION FOUND
solution score : 456

	#choice: 14648
	#fail: 7131
	execution time (ms): 7231
	#sols : 76
	completed : false

NEW SOLUTION FOUND
solution score : 457

	#choice: 15020
	#fail: 7315
	execution time (ms): 7321
	#sols : 77
	completed : false

NEW SOLUTION FOUND
solution score : 458

	#choice: 15403
	#fail: 7504
	execution time (ms): 7390
	#sols : 78
	completed : false

NEW SOLUTION FOUND
solution score : 459

	#choice: 15936
	#fail: 7772
	execution time (ms): 7517
	#sols : 79
	completed : false

NEW SOLUTION FOUND
solution score : 460

	#choice: 16326
	#fail: 7965
	execution time (ms): 7625
	#sols : 80
	completed : false

NEW SOLUTION FOUND
solution score : 461

	#choice: 16702
	#fail: 8158
	execution time (ms): 7722
	#sols : 81
	completed : false

NEW SOLUTION FOUND
solution score : 462

	#choice: 17071
	#fail: 8341
	execution time (ms): 7818
	#sols : 82
	completed : false

NEW SOLUTION FOUND
solution score : 463

	#choice: 17435
	#fail: 8524
	execution time (ms): 7919
	#sols : 83
	completed : false

NEW SOLUTION FOUND
solution score : 464

	#choice: 17795
	#fail: 8707
	execution time (ms): 8003
	#sols : 84
	completed : false

NEW SOLUTION FOUND
solution score : 465

	#choice: 18163
	#fail: 8885
	execution time (ms): 8101
	#sols : 85
	completed : false

NEW SOLUTION FOUND
solution score : 466

	#choice: 18577
	#fail: 9097
	execution time (ms): 8189
	#sols : 86
	completed : false

NEW SOLUTION FOUND
solution score : 467

	#choice: 18967
	#fail: 9279
	execution time (ms): 8258
	#sols : 87
	completed : false

NEW SOLUTION FOUND
solution score : 468

	#choice: 19365
	#fail: 9487
	execution time (ms): 8410
	#sols : 88
	completed : false

NEW SOLUTION FOUND
solution score : 469

	#choice: 19806
	#fail: 9702
	execution time (ms): 8600
	#sols : 89
	completed : false

NEW SOLUTION FOUND
solution score : 470

	#choice: 20214
	#fail: 9909
	execution time (ms): 8675
	#sols : 90
	completed : false

NEW SOLUTION FOUND
solution score : 471

	#choice: 20610
	#fail: 10108
	execution time (ms): 8743
	#sols : 91
	completed : false

NEW SOLUTION FOUND
solution score : 472

	#choice: 21004
	#fail: 10306
	execution time (ms): 8812
	#sols : 92
	completed : false

NEW SOLUTION FOUND
solution score : 473

	#choice: 21388
	#fail: 10500
	execution time (ms): 8878
	#sols : 93
	completed : false

NEW SOLUTION FOUND
solution score : 474

	#choice: 21777
	#fail: 10691
	execution time (ms): 9001
	#sols : 94
	completed : false

NEW SOLUTION FOUND
solution score : 475

	#choice: 22162
	#fail: 10891
	execution time (ms): 9068
	#sols : 95
	completed : false

NEW SOLUTION FOUND
solution score : 476

	#choice: 22602
	#fail: 11108
	execution time (ms): 9166
	#sols : 96
	completed : false

NEW SOLUTION FOUND
solution score : 477

	#choice: 23314
	#fail: 11464
	execution time (ms): 9465
	#sols : 97
	completed : false

NEW SOLUTION FOUND
solution score : 478

	#choice: 23714
	#fail: 11654
	execution time (ms): 9538
	#sols : 98
	completed : false

NEW SOLUTION FOUND
solution score : 479

	#choice: 24148
	#fail: 11880
	execution time (ms): 9622
	#sols : 99
	completed : false

NEW SOLUTION FOUND
solution score : 480

	#choice: 24533
	#fail: 12069
	execution time (ms): 9688
	#sols : 100
	completed : false

NEW SOLUTION FOUND
solution score : 481

	#choice: 24926
	#fail: 12268
	execution time (ms): 9756
	#sols : 101
	completed : false

NEW SOLUTION FOUND
solution score : 482

	#choice: 25314
	#fail: 12464
	execution time (ms): 9827
	#sols : 102
	completed : false

NEW SOLUTION FOUND
solution score : 483

	#choice: 25697
	#fail: 12654
	execution time (ms): 9894
	#sols : 103
	completed : false

NEW SOLUTION FOUND
solution score : 484

	#choice: 26084
	#fail: 12848
	execution time (ms): 9995
	#sols : 104
	completed : false

NEW SOLUTION FOUND
solution score : 485

	#choice: 26482
	#fail: 13042
	execution time (ms): 10102
	#sols : 105
	completed : false

NEW SOLUTION FOUND
solution score : 486

	#choice: 26915
	#fail: 13262
	execution time (ms): 10191
	#sols : 106
	completed : false

NEW SOLUTION FOUND
solution score : 487

	#choice: 27292
	#fail: 13456
	execution time (ms): 10301
	#sols : 107
	completed : false

NEW SOLUTION FOUND
solution score : 488

	#choice: 27686
	#fail: 13647
	execution time (ms): 10374
	#sols : 108
	completed : false

NEW SOLUTION FOUND
solution score : 489

	#choice: 28093
	#fail: 13849
	execution time (ms): 10450
	#sols : 109
	completed : false

NEW SOLUTION FOUND
solution score : 490

	#choice: 28485
	#fail: 14048
	execution time (ms): 10519
	#sols : 110
	completed : false

NEW SOLUTION FOUND
solution score : 491

	#choice: 28888
	#fail: 14248
	execution time (ms): 10593
	#sols : 111
	completed : false

NEW SOLUTION FOUND
solution score : 492

	#choice: 29266
	#fail: 14445
	execution time (ms): 10659
	#sols : 112
	completed : false

NEW SOLUTION FOUND
solution score : 493

	#choice: 29676
	#fail: 14636
	execution time (ms): 10738
	#sols : 113
	completed : false

NEW SOLUTION FOUND
solution score : 494

	#choice: 30091
	#fail: 14858
	execution time (ms): 10820
	#sols : 114
	completed : false

NEW SOLUTION FOUND
solution score : 495

	#choice: 30624
	#fail: 15115
	execution time (ms): 10958
	#sols : 115
	completed : false

NEW SOLUTION FOUND
solution score : 496

	#choice: 31020
	#fail: 15324
	execution time (ms): 11111
	#sols : 116
	completed : false

NEW SOLUTION FOUND
solution score : 497

	#choice: 31388
	#fail: 15509
	execution time (ms): 11227
	#sols : 117
	completed : false

NEW SOLUTION FOUND
solution score : 498

	#choice: 31879
	#fail: 15747
	execution time (ms): 11369
	#sols : 118
	completed : false

NEW SOLUTION FOUND
solution score : 499

	#choice: 32298
	#fail: 15963
	execution time (ms): 11468
	#sols : 119
	completed : false

NEW SOLUTION FOUND
solution score : 500

	#choice: 32765
	#fail: 16190
	execution time (ms): 11594
	#sols : 120
	completed : false

NEW SOLUTION FOUND
solution score : 501

	#choice: 33212
	#fail: 16408
	execution time (ms): 11674
	#sols : 121
	completed : false

NEW SOLUTION FOUND
solution score : 502

	#choice: 33709
	#fail: 16664
	execution time (ms): 11777
	#sols : 122
	completed : false

NEW SOLUTION FOUND
solution score : 503

	#choice: 34172
	#fail: 16892
	execution time (ms): 11923
	#sols : 123
	completed : false

NEW SOLUTION FOUND
solution score : 504

	#choice: 34630
	#fail: 17124
	execution time (ms): 12052
	#sols : 124
	completed : false

NEW SOLUTION FOUND
solution score : 505

	#choice: 35068
	#fail: 17338
	execution time (ms): 12187
	#sols : 125
	completed : false

NEW SOLUTION FOUND
solution score : 506

	#choice: 35554
	#fail: 17582
	execution time (ms): 12348
	#sols : 126
	completed : false

NEW SOLUTION FOUND
solution score : 507

	#choice: 36004
	#fail: 17808
	execution time (ms): 12450
	#sols : 127
	completed : false

NEW SOLUTION FOUND
solution score : 508

	#choice: 36467
	#fail: 18047
	execution time (ms): 12541
	#sols : 128
	completed : false

NEW SOLUTION FOUND
solution score : 509

	#choice: 36891
	#fail: 18257
	execution time (ms): 12749
	#sols : 129
	completed : false

NEW SOLUTION FOUND
solution score : 510

	#choice: 37346
	#fail: 18486
	execution time (ms): 12892
	#sols : 130
	completed : false

NEW SOLUTION FOUND
solution score : 511

	#choice: 37776
	#fail: 18696
	execution time (ms): 12974
	#sols : 131
	completed : false

NEW SOLUTION FOUND
solution score : 512

	#choice: 38206
	#fail: 18914
	execution time (ms): 13051
	#sols : 132
	completed : false

NEW SOLUTION FOUND
solution score : 513

	#choice: 38671
	#fail: 19149
	execution time (ms): 13144
	#sols : 133
	completed : false

NEW SOLUTION FOUND
solution score : 514

	#choice: 39131
	#fail: 19374
	execution time (ms): 13232
	#sols : 134
	completed : false

NEW SOLUTION FOUND
solution score : 515

	#choice: 39628
	#fail: 19615
	execution time (ms): 13324
	#sols : 135
	completed : false

NEW SOLUTION FOUND
solution score : 516

	#choice: 40111
	#fail: 19867
	execution time (ms): 13412
	#sols : 136
	completed : false

NEW SOLUTION FOUND
solution score : 517

	#choice: 40574
	#fail: 20099
	execution time (ms): 13500
	#sols : 137
	completed : false

NEW SOLUTION FOUND
solution score : 518

	#choice: 41074
	#fail: 20347
	execution time (ms): 13606
	#sols : 138
	completed : false

NEW SOLUTION FOUND
solution score : 519

	#choice: 41602
	#fail: 20611
	execution time (ms): 13771
	#sols : 139
	completed : false

NEW SOLUTION FOUND
solution score : 520

	#choice: 42087
	#fail: 20847
	execution time (ms): 13862
	#sols : 140
	completed : false

NEW SOLUTION FOUND
solution score : 521

	#choice: 42638
	#fail: 21130
	execution time (ms): 13973
	#sols : 141
	completed : false

NEW SOLUTION FOUND
solution score : 522

	#choice: 43110
	#fail: 21368
	execution time (ms): 14062
	#sols : 142
	completed : false

NEW SOLUTION FOUND
solution score : 523

	#choice: 43589
	#fail: 21606
	execution time (ms): 14162
	#sols : 143
	completed : false

NEW SOLUTION FOUND
solution score : 524

	#choice: 44052
	#fail: 21838
	execution time (ms): 14277
	#sols : 144
	completed : false

NEW SOLUTION FOUND
solution score : 525

	#choice: 44526
	#fail: 22072
	execution time (ms): 14370
	#sols : 145
	completed : false

NEW SOLUTION FOUND
solution score : 526

	#choice: 44987
	#fail: 22311
	execution time (ms): 14458
	#sols : 146
	completed : false

NEW SOLUTION FOUND
solution score : 527

	#choice: 45488
	#fail: 22556
	execution time (ms): 14564
	#sols : 147
	completed : false

NEW SOLUTION FOUND
solution score : 528

	#choice: 45972
	#fail: 22794
	execution time (ms): 14657
	#sols : 148
	completed : false

NEW SOLUTION FOUND
solution score : 529

	#choice: 46506
	#fail: 23060
	execution time (ms): 14769
	#sols : 149
	completed : false

NEW SOLUTION FOUND
solution score : 530

	#choice: 47001
	#fail: 23313
	execution time (ms): 14867
	#sols : 150
	completed : false

NEW SOLUTION FOUND
solution score : 531

	#choice: 47475
	#fail: 23543
	execution time (ms): 14957
	#sols : 151
	completed : false

NEW SOLUTION FOUND
solution score : 532

	#choice: 47971
	#fail: 23790
	execution time (ms): 15048
	#sols : 152
	completed : false

NEW SOLUTION FOUND
solution score : 533

	#choice: 48455
	#fail: 24037
	execution time (ms): 15136
	#sols : 153
	completed : false

NEW SOLUTION FOUND
solution score : 534

	#choice: 49012
	#fail: 24315
	execution time (ms): 15274
	#sols : 154
	completed : false

NEW SOLUTION FOUND
solution score : 535

	#choice: 49488
	#fail: 24554
	execution time (ms): 15361
	#sols : 155
	completed : false

NEW SOLUTION FOUND
solution score : 536

	#choice: 49968
	#fail: 24792
	execution time (ms): 15452
	#sols : 156
	completed : false

NEW SOLUTION FOUND
solution score : 537

	#choice: 50434
	#fail: 25031
	execution time (ms): 15538
	#sols : 157
	completed : false

NEW SOLUTION FOUND
solution score : 538

	#choice: 50906
	#fail: 25264
	execution time (ms): 15631
	#sols : 158
	completed : false

NEW SOLUTION FOUND
solution score : 539

	#choice: 51384
	#fail: 25499
	execution time (ms): 15720
	#sols : 159
	completed : false

NEW SOLUTION FOUND
solution score : 540

	#choice: 51883
	#fail: 25755
	execution time (ms): 15817
	#sols : 160
	completed : false

NEW SOLUTION FOUND
solution score : 541

	#choice: 52387
	#fail: 26003
	execution time (ms): 15917
	#sols : 161
	completed : false

NEW SOLUTION FOUND
solution score : 542

	#choice: 52910
	#fail: 26263
	execution time (ms): 16046
	#sols : 162
	completed : false

NEW SOLUTION FOUND
solution score : 543

	#choice: 53453
	#fail: 26535
	execution time (ms): 16163
	#sols : 163
	completed : false

NEW SOLUTION FOUND
solution score : 544

	#choice: 53965
	#fail: 26795
	execution time (ms): 16266
	#sols : 164
	completed : false

NEW SOLUTION FOUND
solution score : 545

	#choice: 54457
	#fail: 27041
	execution time (ms): 16362
	#sols : 165
	completed : false

NEW SOLUTION FOUND
solution score : 546

	#choice: 54938
	#fail: 27285
	execution time (ms): 16454
	#sols : 166
	completed : false

NEW SOLUTION FOUND
solution score : 547

	#choice: 55427
	#fail: 27524
	execution time (ms): 16552
	#sols : 167
	completed : false

NEW SOLUTION FOUND
solution score : 548

	#choice: 55935
	#fail: 27773
	execution time (ms): 16675
	#sols : 168
	completed : false

NEW SOLUTION FOUND
solution score : 549

	#choice: 56462
	#fail: 28038
	execution time (ms): 16805
	#sols : 169
	completed : false

NEW SOLUTION FOUND
solution score : 550

	#choice: 56969
	#fail: 28292
	execution time (ms): 16900
	#sols : 170
	completed : false

NEW SOLUTION FOUND
solution score : 551

	#choice: 57513
	#fail: 28571
	execution time (ms): 17031
	#sols : 171
	completed : false

NEW SOLUTION FOUND
solution score : 552

	#choice: 58057
	#fail: 28839
	execution time (ms): 17158
	#sols : 172
	completed : false

NEW SOLUTION FOUND
solution score : 553

	#choice: 58548
	#fail: 29086
	execution time (ms): 17251
	#sols : 173
	completed : false

NEW SOLUTION FOUND
solution score : 554

	#choice: 59044
	#fail: 29334
	execution time (ms): 17348
	#sols : 174
	completed : false

NEW SOLUTION FOUND
solution score : 555

	#choice: 59583
	#fail: 29601
	execution time (ms): 17464
	#sols : 175
	completed : false

NEW SOLUTION FOUND
solution score : 556

	#choice: 60091
	#fail: 29856
	execution time (ms): 17561
	#sols : 176
	completed : false

NEW SOLUTION FOUND
solution score : 557

	#choice: 60615
	#fail: 30122
	execution time (ms): 17671
	#sols : 177
	completed : false

NEW SOLUTION FOUND
solution score : 558

	#choice: 61115
	#fail: 30363
	execution time (ms): 17766
	#sols : 178
	completed : false

NEW SOLUTION FOUND
solution score : 559

	#choice: 61636
	#fail: 30633
	execution time (ms): 17872
	#sols : 179
	completed : false

NEW SOLUTION FOUND
solution score : 560

	#choice: 62181
	#fail: 30897
	execution time (ms): 17995
	#sols : 180
	completed : false

NEW SOLUTION FOUND
solution score : 561

	#choice: 62694
	#fail: 31155
	execution time (ms): 18092
	#sols : 181
	completed : false

NEW SOLUTION FOUND
solution score : 562

	#choice: 63195
	#fail: 31409
	execution time (ms): 18185
	#sols : 182
	completed : false

NEW SOLUTION FOUND
solution score : 563

	#choice: 63703
	#fail: 31656
	execution time (ms): 18281
	#sols : 183
	completed : false

NEW SOLUTION FOUND
solution score : 564

	#choice: 64446
	#fail: 32037
	execution time (ms): 18466
	#sols : 184
	completed : false

NEW SOLUTION FOUND
solution score : 565

	#choice: 64933
	#fail: 32284
	execution time (ms): 18562
	#sols : 185
	completed : false

NEW SOLUTION FOUND
solution score : 566

	#choice: 65429
	#fail: 32523
	execution time (ms): 18660
	#sols : 186
	completed : false

NEW SOLUTION FOUND
solution score : 567

	#choice: 65972
	#fail: 32791
	execution time (ms): 18768
	#sols : 187
	completed : false

NEW SOLUTION FOUND
solution score : 568

	#choice: 66623
	#fail: 33126
	execution time (ms): 18932
	#sols : 188
	completed : false

NEW SOLUTION FOUND
solution score : 569

	#choice: 67130
	#fail: 33373
	execution time (ms): 19030
	#sols : 189
	completed : false

NEW SOLUTION FOUND
solution score : 570

	#choice: 67676
	#fail: 33648
	execution time (ms): 19148
	#sols : 190
	completed : false

NEW SOLUTION FOUND
solution score : 571

	#choice: 68190
	#fail: 33905
	execution time (ms): 19245
	#sols : 191
	completed : false

NEW SOLUTION FOUND
solution score : 572

	#choice: 68703
	#fail: 34164
	execution time (ms): 19346
	#sols : 192
	completed : false

NEW SOLUTION FOUND
solution score : 573

	#choice: 69203
	#fail: 34415
	execution time (ms): 19442
	#sols : 193
	completed : false

NEW SOLUTION FOUND
solution score : 574

	#choice: 69709
	#fail: 34665
	execution time (ms): 19543
	#sols : 194
	completed : false

NEW SOLUTION FOUND
solution score : 575

	#choice: 70205
	#fail: 34922
	execution time (ms): 19639
	#sols : 195
	completed : false

NEW SOLUTION FOUND
solution score : 576

	#choice: 70702
	#fail: 35163
	execution time (ms): 19741
	#sols : 196
	completed : false

NEW SOLUTION FOUND
solution score : 577

	#choice: 71237
	#fail: 35427
	execution time (ms): 19852
	#sols : 197
	completed : false

NEW SOLUTION FOUND
solution score : 578

	#choice: 71749
	#fail: 35692
	execution time (ms): 19951
	#sols : 198
	completed : false

NEW SOLUTION FOUND
solution score : 579

	#choice: 72250
	#fail: 35935
	execution time (ms): 20048
	#sols : 199
	completed : false

NEW SOLUTION FOUND
solution score : 580

	#choice: 72766
	#fail: 36195
	execution time (ms): 20152
	#sols : 200
	completed : false

NEW SOLUTION FOUND
solution score : 581

	#choice: 73272
	#fail: 36448
	execution time (ms): 20249
	#sols : 201
	completed : false

NEW SOLUTION FOUND
solution score : 582

	#choice: 73782
	#fail: 36703
	execution time (ms): 20349
	#sols : 202
	completed : false

NEW SOLUTION FOUND
solution score : 583

	#choice: 74285
	#fail: 36957
	execution time (ms): 20445
	#sols : 203
	completed : false

NEW SOLUTION FOUND
solution score : 584

	#choice: 74798
	#fail: 37213
	execution time (ms): 20551
	#sols : 204
	completed : false

NEW SOLUTION FOUND
solution score : 585

	#choice: 75317
	#fail: 37465
	execution time (ms): 20650
	#sols : 205
	completed : false

NEW SOLUTION FOUND
solution score : 586

	#choice: 75834
	#fail: 37731
	execution time (ms): 20747
	#sols : 206
	completed : false

NEW SOLUTION FOUND
solution score : 587

	#choice: 76330
	#fail: 37982
	execution time (ms): 20847
	#sols : 207
	completed : false

NEW SOLUTION FOUND
solution score : 588

	#choice: 76825
	#fail: 38227
	execution time (ms): 20945
	#sols : 208
	completed : false

NEW SOLUTION FOUND
solution score : 589

	#choice: 77349
	#fail: 38484
	execution time (ms): 21061
	#sols : 209
	completed : false

NEW SOLUTION FOUND
solution score : 590

	#choice: 77851
	#fail: 38745
	execution time (ms): 21158
	#sols : 210
	completed : false

NEW SOLUTION FOUND
solution score : 591

	#choice: 78348
	#fail: 38986
	execution time (ms): 21264
	#sols : 211
	completed : false

NEW SOLUTION FOUND
solution score : 592

	#choice: 78864
	#fail: 39244
	execution time (ms): 21363
	#sols : 212
	completed : false

NEW SOLUTION FOUND
solution score : 593

	#choice: 79372
	#fail: 39500
	execution time (ms): 21462
	#sols : 213
	completed : false

NEW SOLUTION FOUND
solution score : 594

	#choice: 79884
	#fail: 39752
	execution time (ms): 21561
	#sols : 214
	completed : false

NEW SOLUTION FOUND
solution score : 595

	#choice: 80417
	#fail: 40020
	execution time (ms): 21665
	#sols : 215
	completed : false

NEW SOLUTION FOUND
solution score : 596

	#choice: 80956
	#fail: 40286
	execution time (ms): 21771
	#sols : 216
	completed : false

NEW SOLUTION FOUND
solution score : 597

	#choice: 81647
	#fail: 40643
	execution time (ms): 21951
	#sols : 217
	completed : false

NEW SOLUTION FOUND
solution score : 598

	#choice: 82584
	#fail: 41111
	execution time (ms): 22278
	#sols : 218
	completed : false

NEW SOLUTION FOUND
solution score : 599

	#choice: 83123
	#fail: 41370
	execution time (ms): 22387
	#sols : 219
	completed : false

NEW SOLUTION FOUND
solution score : 600

	#choice: 83682
	#fail: 41654
	execution time (ms): 22501
	#sols : 220
	completed : false

NEW SOLUTION FOUND
solution score : 601

	#choice: 84251
	#fail: 41938
	execution time (ms): 22622
	#sols : 221
	completed : false

NEW SOLUTION FOUND
solution score : 602

	#choice: 84796
	#fail: 42212
	execution time (ms): 22732
	#sols : 222
	completed : false

NEW SOLUTION FOUND
solution score : 603

	#choice: 85342
	#fail: 42485
	execution time (ms): 22840
	#sols : 223
	completed : false

NEW SOLUTION FOUND
solution score : 604

	#choice: 85887
	#fail: 42757
	execution time (ms): 22950
	#sols : 224
	completed : false

NEW SOLUTION FOUND
solution score : 605

	#choice: 86424
	#fail: 43034
	execution time (ms): 23062
	#sols : 225
	completed : false

NEW SOLUTION FOUND
solution score : 606

	#choice: 86985
	#fail: 43302
	execution time (ms): 23180
	#sols : 226
	completed : false

NEW SOLUTION FOUND
solution score : 607

	#choice: 87532
	#fail: 43583
	execution time (ms): 23286
	#sols : 227
	completed : false

NEW SOLUTION FOUND
solution score : 608

	#choice: 88132
	#fail: 43880
	execution time (ms): 23415
	#sols : 228
	completed : false

NEW SOLUTION FOUND
solution score : 609

	#choice: 88717
	#fail: 44176
	execution time (ms): 23535
	#sols : 229
	completed : false

NEW SOLUTION FOUND
solution score : 610

	#choice: 89346
	#fail: 44482
	execution time (ms): 23671
	#sols : 230
	completed : false

NEW SOLUTION FOUND
solution score : 611

	#choice: 90736
	#fail: 45178
	execution time (ms): 24118
	#sols : 231
	completed : false

NEW SOLUTION FOUND
solution score : 612

	#choice: 91373
	#fail: 45505
	execution time (ms): 24253
	#sols : 232
	completed : false

NEW SOLUTION FOUND
solution score : 613

	#choice: 93237
	#fail: 46428
	execution time (ms): 24972
	#sols : 233
	completed : false

NEW SOLUTION FOUND
solution score : 614

	#choice: 93874
	#fail: 46750
	execution time (ms): 25103
	#sols : 234
	completed : false

NEW SOLUTION FOUND
solution score : 615

	#choice: 94519
	#fail: 47072
	execution time (ms): 25247
	#sols : 235
	completed : false

NEW SOLUTION FOUND
solution score : 616

	#choice: 95157
	#fail: 47385
	execution time (ms): 25384
	#sols : 236
	completed : false

NEW SOLUTION FOUND
solution score : 617

	#choice: 95788
	#fail: 47708
	execution time (ms): 25513
	#sols : 237
	completed : false

NEW SOLUTION FOUND
solution score : 618

	#choice: 96486
	#fail: 48056
	execution time (ms): 25697
	#sols : 238
	completed : false

NEW SOLUTION FOUND
solution score : 619

	#choice: 97184
	#fail: 48398
	execution time (ms): 25853
	#sols : 239
	completed : false

NEW SOLUTION FOUND
solution score : 620

	#choice: 97838
	#fail: 48728
	execution time (ms): 25990
	#sols : 240
	completed : false

NEW SOLUTION FOUND
solution score : 621

	#choice: 98542
	#fail: 49082
	execution time (ms): 26162
	#sols : 241
	completed : false

NEW SOLUTION FOUND
solution score : 622

	#choice: 99194
	#fail: 49413
	execution time (ms): 26313
	#sols : 242
	completed : false

NEW SOLUTION FOUND
solution score : 623

	#choice: 99832
	#fail: 49726
	execution time (ms): 26448
	#sols : 243
	completed : false

NEW SOLUTION FOUND
solution score : 624

	#choice: 100484
	#fail: 50056
	execution time (ms): 26590
	#sols : 244
	completed : false

NEW SOLUTION FOUND
solution score : 625

	#choice: 101108
	#fail: 50368
	execution time (ms): 26726
	#sols : 245
	completed : false

NEW SOLUTION FOUND
solution score : 626

	#choice: 101745
	#fail: 50683
	execution time (ms): 26862
	#sols : 246
	completed : false

NEW SOLUTION FOUND
solution score : 627

	#choice: 102370
	#fail: 51003
	execution time (ms): 26995
	#sols : 247
	completed : false

NEW SOLUTION FOUND
solution score : 628

	#choice: 103022
	#fail: 51324
	execution time (ms): 27142
	#sols : 248
	completed : false

NEW SOLUTION FOUND
solution score : 629

	#choice: 103649
	#fail: 51638
	execution time (ms): 27276
	#sols : 249
	completed : false

NEW SOLUTION FOUND
solution score : 630

	#choice: 104279
	#fail: 51951
	execution time (ms): 27408
	#sols : 250
	completed : false

NEW SOLUTION FOUND
solution score : 631

	#choice: 104940
	#fail: 52277
	execution time (ms): 27549
	#sols : 251
	completed : false

NEW SOLUTION FOUND
solution score : 632

	#choice: 105595
	#fail: 52605
	execution time (ms): 27686
	#sols : 252
	completed : false

NEW SOLUTION FOUND
solution score : 633

	#choice: 106233
	#fail: 52929
	execution time (ms): 27823
	#sols : 253
	completed : false

NEW SOLUTION FOUND
solution score : 634

	#choice: 106865
	#fail: 53243
	execution time (ms): 27959
	#sols : 254
	completed : false

NEW SOLUTION FOUND
solution score : 635

	#choice: 107509
	#fail: 53566
	execution time (ms): 28093
	#sols : 255
	completed : false

NEW SOLUTION FOUND
solution score : 636

	#choice: 108147
	#fail: 53885
	execution time (ms): 28230
	#sols : 256
	completed : false

NEW SOLUTION FOUND
solution score : 637

	#choice: 108845
	#fail: 54233
	execution time (ms): 28406
	#sols : 257
	completed : false

NEW SOLUTION FOUND
solution score : 638

	#choice: 109491
	#fail: 54552
	execution time (ms): 28538
	#sols : 258
	completed : false

NEW SOLUTION FOUND
solution score : 639

	#choice: 110180
	#fail: 54904
	execution time (ms): 28690
	#sols : 259
	completed : false

NEW SOLUTION FOUND
solution score : 640

	#choice: 110848
	#fail: 55234
	execution time (ms): 28832
	#sols : 260
	completed : false

NEW SOLUTION FOUND
solution score : 641

	#choice: 111534
	#fail: 55574
	execution time (ms): 28981
	#sols : 261
	completed : false

NEW SOLUTION FOUND
solution score : 642

	#choice: 112221
	#fail: 55924
	execution time (ms): 29126
	#sols : 262
	completed : false

NEW SOLUTION FOUND
solution score : 643

	#choice: 112893
	#fail: 56255
	execution time (ms): 29274
	#sols : 263
	completed : false

NEW SOLUTION FOUND
solution score : 644

	#choice: 113583
	#fail: 56597
	execution time (ms): 29419
	#sols : 264
	completed : false

NEW SOLUTION FOUND
solution score : 645

	#choice: 114261
	#fail: 56944
	execution time (ms): 29563
	#sols : 265
	completed : false

NEW SOLUTION FOUND
solution score : 646

	#choice: 114945
	#fail: 57280
	execution time (ms): 29714
	#sols : 266
	completed : false

NEW SOLUTION FOUND
solution score : 647

	#choice: 115633
	#fail: 57624
	execution time (ms): 29860
	#sols : 267
	completed : false

NEW SOLUTION FOUND
solution score : 648

	#choice: 116332
	#fail: 57976
	execution time (ms): 30008
	#sols : 268
	completed : false

NEW SOLUTION FOUND
solution score : 649

	#choice: 117011
	#fail: 58314
	execution time (ms): 30150
	#sols : 269
	completed : false

NEW SOLUTION FOUND
solution score : 650

	#choice: 117696
	#fail: 58654
	execution time (ms): 30292
	#sols : 270
	completed : false

NEW SOLUTION FOUND
solution score : 651

	#choice: 118425
	#fail: 59026
	execution time (ms): 30461
	#sols : 271
	completed : false

NEW SOLUTION FOUND
solution score : 652

	#choice: 119111
	#fail: 59372
	execution time (ms): 30627
	#sols : 272
	completed : false

NEW SOLUTION FOUND
solution score : 653

	#choice: 119797
	#fail: 59709
	execution time (ms): 30781
	#sols : 273
	completed : false

NEW SOLUTION FOUND
solution score : 654

	#choice: 120471
	#fail: 60045
	execution time (ms): 30923
	#sols : 274
	completed : false

NEW SOLUTION FOUND
solution score : 655

	#choice: 121384
	#fail: 60508
	execution time (ms): 31200
	#sols : 275
	completed : false

NEW SOLUTION FOUND
solution score : 656

	#choice: 122037
	#fail: 60832
	execution time (ms): 31341
	#sols : 276
	completed : false

NEW SOLUTION FOUND
solution score : 657

	#choice: 122704
	#fail: 61162
	execution time (ms): 31483
	#sols : 277
	completed : false

NEW SOLUTION FOUND
solution score : 658

	#choice: 123372
	#fail: 61500
	execution time (ms): 31624
	#sols : 278
	completed : false

NEW SOLUTION FOUND
solution score : 659

	#choice: 124045
	#fail: 61834
	execution time (ms): 31770
	#sols : 279
	completed : false

NEW SOLUTION FOUND
solution score : 660

	#choice: 124723
	#fail: 62170
	execution time (ms): 31912
	#sols : 280
	completed : false

NEW SOLUTION FOUND
solution score : 661

	#choice: 125390
	#fail: 62510
	execution time (ms): 32054
	#sols : 281
	completed : false

NEW SOLUTION FOUND
solution score : 662

	#choice: 126064
	#fail: 62841
	execution time (ms): 32198
	#sols : 282
	completed : false

NEW SOLUTION FOUND
solution score : 663

	#choice: 126731
	#fail: 63182
	execution time (ms): 32345
	#sols : 283
	completed : false

NEW SOLUTION FOUND
solution score : 664

	#choice: 127404
	#fail: 63511
	execution time (ms): 32490
	#sols : 284
	completed : false

NEW SOLUTION FOUND
solution score : 665

	#choice: 128097
	#fail: 63857
	execution time (ms): 32643
	#sols : 285
	completed : false

NEW SOLUTION FOUND
solution score : 666

	#choice: 128782
	#fail: 64200
	execution time (ms): 32785
	#sols : 286
	completed : false

NEW SOLUTION FOUND
solution score : 667

	#choice: 129459
	#fail: 64543
	execution time (ms): 32928
	#sols : 287
	completed : false

NEW SOLUTION FOUND
solution score : 668

	#choice: 130292
	#fail: 64954
	execution time (ms): 33142
	#sols : 288
	completed : false

NEW SOLUTION FOUND
solution score : 669

	#choice: 130992
	#fail: 65316
	execution time (ms): 33293
	#sols : 289
	completed : false

NEW SOLUTION FOUND
solution score : 670

	#choice: 131696
	#fail: 65658
	execution time (ms): 33450
	#sols : 290
	completed : false

NEW SOLUTION FOUND
solution score : 671

	#choice: 132395
	#fail: 66013
	execution time (ms): 33600
	#sols : 291
	completed : false

NEW SOLUTION FOUND
solution score : 672

	#choice: 133134
	#fail: 66378
	execution time (ms): 33786
	#sols : 292
	completed : false

NEW SOLUTION FOUND
solution score : 673

	#choice: 133834
	#fail: 66737
	execution time (ms): 33943
	#sols : 293
	completed : false

NEW SOLUTION FOUND
solution score : 674

	#choice: 134523
	#fail: 67076
	execution time (ms): 34098
	#sols : 294
	completed : false

NEW SOLUTION FOUND
solution score : 675

	#choice: 135225
	#fail: 67425
	execution time (ms): 34253
	#sols : 295
	completed : false

NEW SOLUTION FOUND
solution score : 676

	#choice: 135918
	#fail: 67774
	execution time (ms): 34402
	#sols : 296
	completed : false

NEW SOLUTION FOUND
solution score : 677

	#choice: 136618
	#fail: 68120
	execution time (ms): 34556
	#sols : 297
	completed : false

NEW SOLUTION FOUND
solution score : 678

	#choice: 137323
	#fail: 68477
	execution time (ms): 34713
	#sols : 298
	completed : false

NEW SOLUTION FOUND
solution score : 679

	#choice: 138004
	#fail: 68820
	execution time (ms): 34877
	#sols : 299
	completed : false

NEW SOLUTION FOUND
solution score : 680

	#choice: 138715
	#fail: 69165
	execution time (ms): 35039
	#sols : 300
	completed : false

NEW SOLUTION FOUND
solution score : 681

	#choice: 139494
	#fail: 69564
	execution time (ms): 35223
	#sols : 301
	completed : false

NEW SOLUTION FOUND
solution score : 682

	#choice: 140234
	#fail: 69926
	execution time (ms): 35404
	#sols : 302
	completed : false

NEW SOLUTION FOUND
solution score : 683

	#choice: 140942
	#fail: 70282
	execution time (ms): 35555
	#sols : 303
	completed : false

NEW SOLUTION FOUND
solution score : 684

	#choice: 141649
	#fail: 70636
	execution time (ms): 35711
	#sols : 304
	completed : false

NEW SOLUTION FOUND
solution score : 685

	#choice: 142360
	#fail: 70996
	execution time (ms): 35869
	#sols : 305
	completed : false

NEW SOLUTION FOUND
solution score : 686

	#choice: 143059
	#fail: 71345
	execution time (ms): 36028
	#sols : 306
	completed : false

NEW SOLUTION FOUND
solution score : 687

	#choice: 143746
	#fail: 71689
	execution time (ms): 36178
	#sols : 307
	completed : false

NEW SOLUTION FOUND
solution score : 688

	#choice: 144454
	#fail: 72039
	execution time (ms): 36340
	#sols : 308
	completed : false

NEW SOLUTION FOUND
solution score : 689

	#choice: 145155
	#fail: 72390
	execution time (ms): 36492
	#sols : 309
	completed : false

NEW SOLUTION FOUND
solution score : 690

	#choice: 146113
	#fail: 72870
	execution time (ms): 36808
	#sols : 310
	completed : false

NEW SOLUTION FOUND
solution score : 691

	#choice: 146839
	#fail: 73232
	execution time (ms): 36971
	#sols : 311
	completed : false

NEW SOLUTION FOUND
solution score : 692

	#choice: 147551
	#fail: 73587
	execution time (ms): 37128
	#sols : 312
	completed : false

NEW SOLUTION FOUND
solution score : 693

	#choice: 148295
	#fail: 73959
	execution time (ms): 37295
	#sols : 313
	completed : false

NEW SOLUTION FOUND
solution score : 694

	#choice: 149069
	#fail: 74349
	execution time (ms): 37484
	#sols : 314
	completed : false

NEW SOLUTION FOUND
solution score : 695

	#choice: 149817
	#fail: 74715
	execution time (ms): 37649
	#sols : 315
	completed : false

NEW SOLUTION FOUND
solution score : 696

	#choice: 150588
	#fail: 75099
	execution time (ms): 37815
	#sols : 316
	completed : false

NEW SOLUTION FOUND
solution score : 697

	#choice: 151340
	#fail: 75484
	execution time (ms): 37978
	#sols : 317
	completed : false

NEW SOLUTION FOUND
solution score : 698

	#choice: 152069
	#fail: 75850
	execution time (ms): 38142
	#sols : 318
	completed : false

NEW SOLUTION FOUND
solution score : 699

	#choice: 152794
	#fail: 76212
	execution time (ms): 38301
	#sols : 319
	completed : false

NEW SOLUTION FOUND
solution score : 700

	#choice: 153521
	#fail: 76575
	execution time (ms): 38463
	#sols : 320
	completed : false

NEW SOLUTION FOUND
solution score : 701

	#choice: 154239
	#fail: 76941
	execution time (ms): 38623
	#sols : 321
	completed : false

NEW SOLUTION FOUND
solution score : 702

	#choice: 154961
	#fail: 77292
	execution time (ms): 38786
	#sols : 322
	completed : false

NEW SOLUTION FOUND
solution score : 703

	#choice: 155757
	#fail: 77695
	execution time (ms): 38986
	#sols : 323
	completed : false

NEW SOLUTION FOUND
solution score : 704

	#choice: 156555
	#fail: 78086
	execution time (ms): 39177
	#sols : 324
	completed : false

NEW SOLUTION FOUND
solution score : 705

	#choice: 157312
	#fail: 78467
	execution time (ms): 39345
	#sols : 325
	completed : false

NEW SOLUTION FOUND
solution score : 706

	#choice: 158045
	#fail: 78838
	execution time (ms): 39505
	#sols : 326
	completed : false

NEW SOLUTION FOUND
solution score : 707

	#choice: 158800
	#fail: 79212
	execution time (ms): 39687
	#sols : 327
	completed : false

NEW SOLUTION FOUND
solution score : 708

	#choice: 159547
	#fail: 79582
	execution time (ms): 39850
	#sols : 328
	completed : false

NEW SOLUTION FOUND
solution score : 709

	#choice: 160286
	#fail: 79959
	execution time (ms): 40011
	#sols : 329
	completed : false

NEW SOLUTION FOUND
solution score : 710

	#choice: 161021
	#fail: 80323
	execution time (ms): 40178
	#sols : 330
	completed : false

NEW SOLUTION FOUND
solution score : 711

	#choice: 161770
	#fail: 80700
	execution time (ms): 40346
	#sols : 331
	completed : false

END OF SEARCH

	#choice: 162140
	#fail: 81071
	execution time (ms): 40347
	#sols : 331
	completed : true

