INFO
n : 30
nbHoles : 700
nbFile : 1
objective : diagonal
search: lds
bp : sum_product
branchingScheme : max_marginal_regret
oracle : true
truncateRate : 0
START SEARCH
NEW SOLUTION FOUND
solution score : 490

	#choice: 488
	#fail: 1
	execution time (ms): 3612
	#sols : 1
	completed : false

NEW SOLUTION FOUND
solution score : 492

	#choice: 491
	#fail: 3
	execution time (ms): 3639
	#sols : 2
	completed : false

NEW SOLUTION FOUND
solution score : 504

	#choice: 575
	#fail: 14
	execution time (ms): 3776
	#sols : 3
	completed : false

NEW SOLUTION FOUND
solution score : 507

	#choice: 584
	#fail: 15
	execution time (ms): 3804
	#sols : 4
	completed : false

NEW SOLUTION FOUND
solution score : 509

	#choice: 607
	#fail: 22
	execution time (ms): 3841
	#sols : 5
	completed : false

NEW SOLUTION FOUND
solution score : 510

	#choice: 677
	#fail: 25
	execution time (ms): 3975
	#sols : 6
	completed : false

NEW SOLUTION FOUND
solution score : 512

	#choice: 743
	#fail: 28
	execution time (ms): 4110
	#sols : 7
	completed : false

NEW SOLUTION FOUND
solution score : 514

	#choice: 769
	#fail: 29
	execution time (ms): 4143
	#sols : 8
	completed : false

NEW SOLUTION FOUND
solution score : 516

	#choice: 806
	#fail: 35
	execution time (ms): 4176
	#sols : 9
	completed : false

NEW SOLUTION FOUND
solution score : 521

	#choice: 872
	#fail: 37
	execution time (ms): 4298
	#sols : 10
	completed : false

NEW SOLUTION FOUND
solution score : 522

	#choice: 912
	#fail: 38
	execution time (ms): 4349
	#sols : 11
	completed : false

NEW SOLUTION FOUND
solution score : 523

	#choice: 1010
	#fail: 41
	execution time (ms): 4485
	#sols : 12
	completed : false

NEW SOLUTION FOUND
solution score : 525

	#choice: 1127
	#fail: 44
	execution time (ms): 4653
	#sols : 13
	completed : false

NEW SOLUTION FOUND
solution score : 528

	#choice: 1215
	#fail: 46
	execution time (ms): 4767
	#sols : 14
	completed : false

NEW SOLUTION FOUND
solution score : 533

	#choice: 1326
	#fail: 51
	execution time (ms): 4982
	#sols : 15
	completed : false

NEW SOLUTION FOUND
solution score : 534

	#choice: 1468
	#fail: 54
	execution time (ms): 5191
	#sols : 16
	completed : false

NEW SOLUTION FOUND
solution score : 536

	#choice: 1559
	#fail: 56
	execution time (ms): 5339
	#sols : 17
	completed : false

NEW SOLUTION FOUND
solution score : 541

	#choice: 1717
	#fail: 59
	execution time (ms): 5558
	#sols : 18
	completed : false

NEW SOLUTION FOUND
solution score : 543

	#choice: 1925
	#fail: 63
	execution time (ms): 5871
	#sols : 19
	completed : false

NEW SOLUTION FOUND
solution score : 546

	#choice: 2034
	#fail: 65
	execution time (ms): 6052
	#sols : 20
	completed : false

NEW SOLUTION FOUND
solution score : 547

	#choice: 2090
	#fail: 66
	execution time (ms): 6168
	#sols : 21
	completed : false

NEW SOLUTION FOUND
solution score : 552

	#choice: 2156
	#fail: 68
	execution time (ms): 6285
	#sols : 22
	completed : false

NEW SOLUTION FOUND
solution score : 557

	#choice: 2295
	#fail: 72
	execution time (ms): 6482
	#sols : 23
	completed : false

NEW SOLUTION FOUND
solution score : 559

	#choice: 2441
	#fail: 75
	execution time (ms): 6685
	#sols : 24
	completed : false

NEW SOLUTION FOUND
solution score : 562

	#choice: 2511
	#fail: 76
	execution time (ms): 6790
	#sols : 25
	completed : false

NEW SOLUTION FOUND
solution score : 563

	#choice: 2665
	#fail: 86
	execution time (ms): 7035
	#sols : 26
	completed : false

NEW SOLUTION FOUND
solution score : 568

	#choice: 2821
	#fail: 88
	execution time (ms): 7287
	#sols : 27
	completed : false

NEW SOLUTION FOUND
solution score : 569

	#choice: 2912
	#fail: 95
	execution time (ms): 7430
	#sols : 28
	completed : false

NEW SOLUTION FOUND
solution score : 570

	#choice: 3001
	#fail: 96
	execution time (ms): 7569
	#sols : 29
	completed : false

NEW SOLUTION FOUND
solution score : 571

	#choice: 3087
	#fail: 97
	execution time (ms): 7781
	#sols : 30
	completed : false

NEW SOLUTION FOUND
solution score : 572

	#choice: 3184
	#fail: 104
	execution time (ms): 7955
	#sols : 31
	completed : false

NEW SOLUTION FOUND
solution score : 574

	#choice: 3285
	#fail: 105
	execution time (ms): 8145
	#sols : 32
	completed : false

NEW SOLUTION FOUND
solution score : 593

	#choice: 3888
	#fail: 125
	execution time (ms): 9415
	#sols : 33
	completed : false

NEW SOLUTION FOUND
solution score : 596

	#choice: 4227
	#fail: 128
	execution time (ms): 10284
	#sols : 34
	completed : false

NEW SOLUTION FOUND
solution score : 597

	#choice: 4345
	#fail: 129
	execution time (ms): 10592
	#sols : 35
	completed : false

NEW SOLUTION FOUND
solution score : 598

	#choice: 4584
	#fail: 131
	execution time (ms): 11129
	#sols : 36
	completed : false

NEW SOLUTION FOUND
solution score : 603

	#choice: 4724
	#fail: 144
	execution time (ms): 11455
	#sols : 37
	completed : false

NEW SOLUTION FOUND
solution score : 604

	#choice: 5413
	#fail: 149
	execution time (ms): 12928
	#sols : 38
	completed : false

NEW SOLUTION FOUND
solution score : 607

	#choice: 5559
	#fail: 150
	execution time (ms): 13235
	#sols : 39
	completed : false

NEW SOLUTION FOUND
solution score : 608

	#choice: 5980
	#fail: 153
	execution time (ms): 14145
	#sols : 40
	completed : false

NEW SOLUTION FOUND
solution score : 610

	#choice: 6129
	#fail: 154
	execution time (ms): 14528
	#sols : 41
	completed : false

NEW SOLUTION FOUND
solution score : 611

	#choice: 6295
	#fail: 165
	execution time (ms): 14882
	#sols : 42
	completed : false

NEW SOLUTION FOUND
solution score : 620

	#choice: 6460
	#fail: 167
	execution time (ms): 15417
	#sols : 43
	completed : false

NEW SOLUTION FOUND
solution score : 622

	#choice: 6930
	#fail: 170
	execution time (ms): 16462
	#sols : 44
	completed : false

NEW SOLUTION FOUND
solution score : 624

	#choice: 7100
	#fail: 171
	execution time (ms): 16816
	#sols : 45
	completed : false

NEW SOLUTION FOUND
solution score : 625

	#choice: 7264
	#fail: 172
	execution time (ms): 17241
	#sols : 46
	completed : false

NEW SOLUTION FOUND
solution score : 628

	#choice: 7468
	#fail: 185
	execution time (ms): 17821
	#sols : 47
	completed : false

NEW SOLUTION FOUND
solution score : 629

	#choice: 7821
	#fail: 187
	execution time (ms): 18564
	#sols : 48
	completed : false

NEW SOLUTION FOUND
solution score : 630

	#choice: 7994
	#fail: 188
	execution time (ms): 18936
	#sols : 49
	completed : false

NEW SOLUTION FOUND
solution score : 632

	#choice: 8544
	#fail: 191
	execution time (ms): 20076
	#sols : 50
	completed : false

NEW SOLUTION FOUND
solution score : 635

	#choice: 8725
	#fail: 192
	execution time (ms): 20489
	#sols : 51
	completed : false

NEW SOLUTION FOUND
solution score : 636

	#choice: 9275
	#fail: 195
	execution time (ms): 21581
	#sols : 52
	completed : false

NEW SOLUTION FOUND
solution score : 644

	#choice: 9473
	#fail: 196
	execution time (ms): 21988
	#sols : 53
	completed : false

NEW SOLUTION FOUND
solution score : 645

	#choice: 9847
	#fail: 198
	execution time (ms): 22749
	#sols : 54
	completed : false

NEW SOLUTION FOUND
solution score : 646

	#choice: 10294
	#fail: 225
	execution time (ms): 23671
	#sols : 55
	completed : false

NEW SOLUTION FOUND
solution score : 647

	#choice: 10496
	#fail: 226
	execution time (ms): 24110
	#sols : 56
	completed : false

NEW SOLUTION FOUND
solution score : 652

	#choice: 10725
	#fail: 229
	execution time (ms): 24559
	#sols : 57
	completed : false

NEW SOLUTION FOUND
solution score : 653

	#choice: 10939
	#fail: 230
	execution time (ms): 24949
	#sols : 58
	completed : false

NEW SOLUTION FOUND
solution score : 655

	#choice: 11582
	#fail: 233
	execution time (ms): 26466
	#sols : 59
	completed : false

NEW SOLUTION FOUND
solution score : 656

	#choice: 12252
	#fail: 236
	execution time (ms): 27904
	#sols : 60
	completed : false

NEW SOLUTION FOUND
solution score : 662

	#choice: 12474
	#fail: 237
	execution time (ms): 28393
	#sols : 61
	completed : false

NEW SOLUTION FOUND
solution score : 665

	#choice: 13367
	#fail: 241
	execution time (ms): 30339
	#sols : 62
	completed : false

NEW SOLUTION FOUND
solution score : 667

	#choice: 13591
	#fail: 242
	execution time (ms): 30801
	#sols : 63
	completed : false

NEW SOLUTION FOUND
solution score : 670

	#choice: 13847
	#fail: 250
	execution time (ms): 31314
	#sols : 64
	completed : false

NEW SOLUTION FOUND
solution score : 674

	#choice: 14853
	#fail: 254
	execution time (ms): 33279
	#sols : 65
	completed : false

NEW SOLUTION FOUND
solution score : 678

	#choice: 15093
	#fail: 255
	execution time (ms): 33808
	#sols : 66
	completed : false

NEW SOLUTION FOUND
solution score : 679

	#choice: 15338
	#fail: 256
	execution time (ms): 34372
	#sols : 67
	completed : false

NEW SOLUTION FOUND
solution score : 680

	#choice: 16516
	#fail: 261
	execution time (ms): 36998
	#sols : 68
	completed : false

NEW SOLUTION FOUND
solution score : 681

	#choice: 16774
	#fail: 265
	execution time (ms): 37567
	#sols : 69
	completed : false

NEW SOLUTION FOUND
solution score : 682

	#choice: 17012
	#fail: 266
	execution time (ms): 38107
	#sols : 70
	completed : false

NEW SOLUTION FOUND
solution score : 683

	#choice: 17301
	#fail: 289
	execution time (ms): 38682
	#sols : 71
	completed : false

NEW SOLUTION FOUND
solution score : 684

	#choice: 18132
	#fail: 292
	execution time (ms): 40493
	#sols : 72
	completed : false

NEW SOLUTION FOUND
solution score : 685

	#choice: 18400
	#fail: 293
	execution time (ms): 41099
	#sols : 73
	completed : false

NEW SOLUTION FOUND
solution score : 687

	#choice: 19255
	#fail: 298
	execution time (ms): 43085
	#sols : 74
	completed : false

NEW SOLUTION FOUND
solution score : 692

	#choice: 19560
	#fail: 299
	execution time (ms): 43701
	#sols : 75
	completed : false

NEW SOLUTION FOUND
solution score : 698

	#choice: 19850
	#fail: 300
	execution time (ms): 44362
	#sols : 76
	completed : false

NEW SOLUTION FOUND
solution score : 702

	#choice: 20142
	#fail: 301
	execution time (ms): 44939
	#sols : 77
	completed : false

NEW SOLUTION FOUND
solution score : 703

	#choice: 20689
	#fail: 303
	execution time (ms): 46351
	#sols : 78
	completed : false

NEW SOLUTION FOUND
solution score : 704

	#choice: 20976
	#fail: 304
	execution time (ms): 47018
	#sols : 79
	completed : false

NEW SOLUTION FOUND
solution score : 705

	#choice: 21546
	#fail: 306
	execution time (ms): 48300
	#sols : 80
	completed : false

NEW SOLUTION FOUND
solution score : 707

	#choice: 21841
	#fail: 307
	execution time (ms): 48974
	#sols : 81
	completed : false

NEW SOLUTION FOUND
solution score : 708

	#choice: 22696
	#fail: 310
	execution time (ms): 50979
	#sols : 82
	completed : false

NEW SOLUTION FOUND
solution score : 709

	#choice: 22986
	#fail: 311
	execution time (ms): 51738
	#sols : 83
	completed : false

NEW SOLUTION FOUND
solution score : 710

	#choice: 24752
	#fail: 317
	execution time (ms): 55814
	#sols : 84
	completed : false

NEW SOLUTION FOUND
solution score : 711

	#choice: 25045
	#fail: 318
	execution time (ms): 56457
	#sols : 85
	completed : false

NEW SOLUTION FOUND
solution score : 712

	#choice: 25345
	#fail: 319
	execution time (ms): 57149
	#sols : 86
	completed : false

NEW SOLUTION FOUND
solution score : 713

	#choice: 26480
	#fail: 325
	execution time (ms): 60092
	#sols : 87
	completed : false

NEW SOLUTION FOUND
solution score : 714

	#choice: 29254
	#fail: 334
	execution time (ms): 66673
	#sols : 88
	completed : false

NEW SOLUTION FOUND
solution score : 715

	#choice: 29571
	#fail: 335
	execution time (ms): 67385
	#sols : 89
	completed : false

NEW SOLUTION FOUND
solution score : 716

	#choice: 29877
	#fail: 336
	execution time (ms): 68103
	#sols : 90
	completed : false

NEW SOLUTION FOUND
solution score : 718

	#choice: 30797
	#fail: 339
	execution time (ms): 70227
	#sols : 91
	completed : false

NEW SOLUTION FOUND
solution score : 719

	#choice: 31439
	#fail: 341
	execution time (ms): 71809
	#sols : 92
	completed : false

NEW SOLUTION FOUND
solution score : 720

	#choice: 31747
	#fail: 342
	execution time (ms): 72520
	#sols : 93
	completed : false

NEW SOLUTION FOUND
solution score : 721

	#choice: 32615
	#fail: 345
	execution time (ms): 74749
	#sols : 94
	completed : false

NEW SOLUTION FOUND
solution score : 722

	#choice: 33274
	#fail: 347
	execution time (ms): 76330
	#sols : 95
	completed : false

NEW SOLUTION FOUND
solution score : 723

	#choice: 34282
	#fail: 350
	execution time (ms): 78543
	#sols : 96
	completed : false

NEW SOLUTION FOUND
solution score : 725

	#choice: 34942
	#fail: 357
	execution time (ms): 80158
	#sols : 97
	completed : false

NEW SOLUTION FOUND
solution score : 726

	#choice: 35284
	#fail: 359
	execution time (ms): 80745
	#sols : 98
	completed : false

NEW SOLUTION FOUND
solution score : 728

	#choice: 35636
	#fail: 360
	execution time (ms): 81452
	#sols : 99
	completed : false

NEW SOLUTION FOUND
solution score : 729

	#choice: 36990
	#fail: 364
	execution time (ms): 84016
	#sols : 100
	completed : false

NEW SOLUTION FOUND
solution score : 730

	#choice: 37689
	#fail: 366
	execution time (ms): 85319
	#sols : 101
	completed : false

NEW SOLUTION FOUND
solution score : 731

	#choice: 38030
	#fail: 367
	execution time (ms): 85964
	#sols : 102
	completed : false

NEW SOLUTION FOUND
solution score : 732

	#choice: 38727
	#fail: 369
	execution time (ms): 87565
	#sols : 103
	completed : false

NEW SOLUTION FOUND
solution score : 733

	#choice: 39425
	#fail: 371
	execution time (ms): 88781
	#sols : 104
	completed : false

NEW SOLUTION FOUND
solution score : 734

	#choice: 39778
	#fail: 372
	execution time (ms): 89620
	#sols : 105
	completed : false

NEW SOLUTION FOUND
solution score : 735

	#choice: 40488
	#fail: 374
	execution time (ms): 91390
	#sols : 106
	completed : false

NEW SOLUTION FOUND
solution score : 736

	#choice: 41587
	#fail: 381
	execution time (ms): 93743
	#sols : 107
	completed : false

NEW SOLUTION FOUND
solution score : 737

	#choice: 42306
	#fail: 383
	execution time (ms): 94977
	#sols : 108
	completed : false

NEW SOLUTION FOUND
solution score : 738

	#choice: 43781
	#fail: 387
	execution time (ms): 98083
	#sols : 109
	completed : false

NEW SOLUTION FOUND
solution score : 739

	#choice: 44881
	#fail: 390
	execution time (ms): 100509
	#sols : 110
	completed : false

NEW SOLUTION FOUND
solution score : 742

	#choice: 45632
	#fail: 392
	execution time (ms): 101821
	#sols : 111
	completed : false

NEW SOLUTION FOUND
solution score : 743

	#choice: 46387
	#fail: 394
	execution time (ms): 103551
	#sols : 112
	completed : false

NEW SOLUTION FOUND
solution score : 744

	#choice: 46760
	#fail: 395
	execution time (ms): 104418
	#sols : 113
	completed : false

NEW SOLUTION FOUND
solution score : 745

	#choice: 47140
	#fail: 396
	execution time (ms): 105321
	#sols : 114
	completed : false

NEW SOLUTION FOUND
solution score : 746

	#choice: 47518
	#fail: 399
	execution time (ms): 106238
	#sols : 115
	completed : false

NEW SOLUTION FOUND
solution score : 747

	#choice: 47948
	#fail: 423
	execution time (ms): 107073
	#sols : 116
	completed : false

NEW SOLUTION FOUND
solution score : 749

	#choice: 49591
	#fail: 427
	execution time (ms): 110869
	#sols : 117
	completed : false

NEW SOLUTION FOUND
solution score : 750

	#choice: 50414
	#fail: 429
	execution time (ms): 112936
	#sols : 118
	completed : false

NEW SOLUTION FOUND
solution score : 751

	#choice: 51629
	#fail: 432
	execution time (ms): 115501
	#sols : 119
	completed : false

NEW SOLUTION FOUND
solution score : 753

	#choice: 52047
	#fail: 433
	execution time (ms): 116575
	#sols : 120
	completed : false

NEW SOLUTION FOUND
solution score : 754

	#choice: 52456
	#fail: 434
	execution time (ms): 117695
	#sols : 121
	completed : false

NEW SOLUTION FOUND
solution score : 755

	#choice: 52871
	#fail: 435
	execution time (ms): 118759
	#sols : 122
	completed : false

NEW SOLUTION FOUND
solution score : 756

	#choice: 53722
	#fail: 445
	execution time (ms): 120834
	#sols : 123
	completed : false

NEW SOLUTION FOUND
solution score : 757

	#choice: 54157
	#fail: 446
	execution time (ms): 121810
	#sols : 124
	completed : false

NEW SOLUTION FOUND
solution score : 758

	#choice: 55455
	#fail: 449
	execution time (ms): 124977
	#sols : 125
	completed : false

NEW SOLUTION FOUND
solution score : 760

	#choice: 56726
	#fail: 452
	execution time (ms): 128314
	#sols : 126
	completed : false

NEW SOLUTION FOUND
solution score : 763

	#choice: 57582
	#fail: 454
	execution time (ms): 130723
	#sols : 127
	completed : false

NEW SOLUTION FOUND
solution score : 764

	#choice: 58007
	#fail: 455
	execution time (ms): 131873
	#sols : 128
	completed : false

NEW SOLUTION FOUND
solution score : 767

	#choice: 58467
	#fail: 464
	execution time (ms): 132755
	#sols : 129
	completed : false

NEW SOLUTION FOUND
solution score : 768

	#choice: 58915
	#fail: 465
	execution time (ms): 134062
	#sols : 130
	completed : false

NEW SOLUTION FOUND
solution score : 769

	#choice: 59808
	#fail: 467
	execution time (ms): 136438
	#sols : 131
	completed : false

NEW SOLUTION FOUND
solution score : 770

	#choice: 61605
	#fail: 471
	execution time (ms): 141377
	#sols : 132
	completed : false

NEW SOLUTION FOUND
solution score : 771

	#choice: 62050
	#fail: 472
	execution time (ms): 142703
	#sols : 133
	completed : false

NEW SOLUTION FOUND
solution score : 772

	#choice: 62488
	#fail: 473
	execution time (ms): 143916
	#sols : 134
	completed : false

NEW SOLUTION FOUND
solution score : 773

	#choice: 62989
	#fail: 487
	execution time (ms): 144978
	#sols : 135
	completed : false

NEW SOLUTION FOUND
solution score : 774

	#choice: 63468
	#fail: 489
	execution time (ms): 146069
	#sols : 136
	completed : false

NEW SOLUTION FOUND
solution score : 776

	#choice: 63540
	#fail: 525
	execution time (ms): 146086
	#sols : 137
	completed : false

NEW SOLUTION FOUND
solution score : 777

	#choice: 63683
	#fail: 555
	execution time (ms): 146247
	#sols : 138
	completed : false

NEW SOLUTION FOUND
solution score : 778

	#choice: 64086
	#fail: 613
	execution time (ms): 146938
	#sols : 139
	completed : false

NEW SOLUTION FOUND
solution score : 780

	#choice: 64282
	#fail: 649
	execution time (ms): 147248
	#sols : 140
	completed : false

NEW SOLUTION FOUND
solution score : 781

	#choice: 64449
	#fail: 655
	execution time (ms): 147542
	#sols : 141
	completed : false

NEW SOLUTION FOUND
solution score : 782

	#choice: 65380
	#fail: 861
	execution time (ms): 149358
	#sols : 142
	completed : false

NEW SOLUTION FOUND
solution score : 783

	#choice: 65730
	#fail: 862
	execution time (ms): 150220
	#sols : 143
	completed : false

NEW SOLUTION FOUND
solution score : 784

	#choice: 67347
	#fail: 903
	execution time (ms): 154284
	#sols : 144
	completed : false

NEW SOLUTION FOUND
solution score : 785

	#choice: 68559
	#fail: 906
	execution time (ms): 157353
	#sols : 145
	completed : false

NEW SOLUTION FOUND
solution score : 786

	#choice: 68991
	#fail: 921
	execution time (ms): 158441
	#sols : 146
	completed : false

END OF SEARCH

	#choice: 69060
	#fail: 991
	execution time (ms): 158458
	#sols : 146
	completed : true

