INFO
n : 30
nbHoles : 500
nbFile : 9
objective : diagonal
search: dfs
bp : no_bp
branchingScheme : first_fail
oracle : false
truncateRate : 50
START SEARCH
NEW SOLUTION FOUND
solution score : 442

	#choice: 1221
	#fail: 469
	execution time (ms): 2467
	#sols : 1
	completed : false

NEW SOLUTION FOUND
solution score : 463

	#choice: 1236
	#fail: 477
	execution time (ms): 2509
	#sols : 2
	completed : false

NEW SOLUTION FOUND
solution score : 477

	#choice: 1597
	#fail: 658
	execution time (ms): 2678
	#sols : 3
	completed : false

NEW SOLUTION FOUND
solution score : 485

	#choice: 1634
	#fail: 676
	execution time (ms): 2708
	#sols : 4
	completed : false

NEW SOLUTION FOUND
solution score : 498

	#choice: 1653
	#fail: 685
	execution time (ms): 2723
	#sols : 5
	completed : false

NEW SOLUTION FOUND
solution score : 499

	#choice: 1678
	#fail: 698
	execution time (ms): 2741
	#sols : 6
	completed : false

NEW SOLUTION FOUND
solution score : 503

	#choice: 1754
	#fail: 737
	execution time (ms): 2791
	#sols : 7
	completed : false

NEW SOLUTION FOUND
solution score : 504

	#choice: 1766
	#fail: 744
	execution time (ms): 2804
	#sols : 8
	completed : false

NEW SOLUTION FOUND
solution score : 508

	#choice: 1774
	#fail: 749
	execution time (ms): 2810
	#sols : 9
	completed : false

NEW SOLUTION FOUND
solution score : 510

	#choice: 1869
	#fail: 799
	execution time (ms): 2953
	#sols : 10
	completed : false

NEW SOLUTION FOUND
solution score : 511

	#choice: 1891
	#fail: 810
	execution time (ms): 2976
	#sols : 11
	completed : false

NEW SOLUTION FOUND
solution score : 521

	#choice: 2624
	#fail: 1172
	execution time (ms): 3492
	#sols : 12
	completed : false

NEW SOLUTION FOUND
solution score : 522

	#choice: 3359
	#fail: 1542
	execution time (ms): 3980
	#sols : 13
	completed : false

NEW SOLUTION FOUND
solution score : 523

	#choice: 3699
	#fail: 1710
	execution time (ms): 4224
	#sols : 14
	completed : false

NEW SOLUTION FOUND
solution score : 526

	#choice: 4084
	#fail: 1904
	execution time (ms): 4435
	#sols : 15
	completed : false

NEW SOLUTION FOUND
solution score : 528

	#choice: 4097
	#fail: 1910
	execution time (ms): 4444
	#sols : 16
	completed : false

NEW SOLUTION FOUND
solution score : 529

	#choice: 4128
	#fail: 1929
	execution time (ms): 4471
	#sols : 17
	completed : false

NEW SOLUTION FOUND
solution score : 531

	#choice: 4230
	#fail: 1976
	execution time (ms): 4536
	#sols : 18
	completed : false

NEW SOLUTION FOUND
solution score : 532

	#choice: 4235
	#fail: 1980
	execution time (ms): 4545
	#sols : 19
	completed : false

NEW SOLUTION FOUND
solution score : 534

	#choice: 4664
	#fail: 2194
	execution time (ms): 4824
	#sols : 20
	completed : false

NEW SOLUTION FOUND
solution score : 539

	#choice: 5110
	#fail: 2417
	execution time (ms): 5131
	#sols : 21
	completed : false

NEW SOLUTION FOUND
solution score : 540

	#choice: 6452
	#fail: 3090
	execution time (ms): 5956
	#sols : 22
	completed : false

NEW SOLUTION FOUND
solution score : 541

	#choice: 6485
	#fail: 3106
	execution time (ms): 5978
	#sols : 23
	completed : false

NEW SOLUTION FOUND
solution score : 542

	#choice: 6504
	#fail: 3119
	execution time (ms): 5987
	#sols : 24
	completed : false

NEW SOLUTION FOUND
solution score : 543

	#choice: 6524
	#fail: 3130
	execution time (ms): 5997
	#sols : 25
	completed : false

NEW SOLUTION FOUND
solution score : 544

	#choice: 6562
	#fail: 3145
	execution time (ms): 6018
	#sols : 26
	completed : false

NEW SOLUTION FOUND
solution score : 545

	#choice: 6758
	#fail: 3242
	execution time (ms): 6127
	#sols : 27
	completed : false

NEW SOLUTION FOUND
solution score : 546

	#choice: 6788
	#fail: 3258
	execution time (ms): 6149
	#sols : 28
	completed : false

NEW SOLUTION FOUND
solution score : 547

	#choice: 6846
	#fail: 3287
	execution time (ms): 6178
	#sols : 29
	completed : false

NEW SOLUTION FOUND
solution score : 548

	#choice: 6850
	#fail: 3290
	execution time (ms): 6183
	#sols : 30
	completed : false

NEW SOLUTION FOUND
solution score : 549

	#choice: 6992
	#fail: 3363
	execution time (ms): 6247
	#sols : 31
	completed : false

NEW SOLUTION FOUND
solution score : 550

	#choice: 7067
	#fail: 3399
	execution time (ms): 6271
	#sols : 32
	completed : false

NEW SOLUTION FOUND
solution score : 551

	#choice: 7191
	#fail: 3463
	execution time (ms): 6343
	#sols : 33
	completed : false

NEW SOLUTION FOUND
solution score : 552

	#choice: 7258
	#fail: 3497
	execution time (ms): 6384
	#sols : 34
	completed : false

NEW SOLUTION FOUND
solution score : 553

	#choice: 7344
	#fail: 3538
	execution time (ms): 6442
	#sols : 35
	completed : false

NEW SOLUTION FOUND
solution score : 554

	#choice: 7454
	#fail: 3590
	execution time (ms): 6535
	#sols : 36
	completed : false

NEW SOLUTION FOUND
solution score : 555

	#choice: 7608
	#fail: 3675
	execution time (ms): 6708
	#sols : 37
	completed : false

NEW SOLUTION FOUND
solution score : 556

	#choice: 7882
	#fail: 3809
	execution time (ms): 6941
	#sols : 38
	completed : false

NEW SOLUTION FOUND
solution score : 557

	#choice: 7976
	#fail: 3853
	execution time (ms): 6971
	#sols : 39
	completed : false

NEW SOLUTION FOUND
solution score : 558

	#choice: 8106
	#fail: 3924
	execution time (ms): 7020
	#sols : 40
	completed : false

NEW SOLUTION FOUND
solution score : 559

	#choice: 8209
	#fail: 3971
	execution time (ms): 7079
	#sols : 41
	completed : false

NEW SOLUTION FOUND
solution score : 560

	#choice: 8271
	#fail: 4004
	execution time (ms): 7095
	#sols : 42
	completed : false

NEW SOLUTION FOUND
solution score : 561

	#choice: 8588
	#fail: 4161
	execution time (ms): 7257
	#sols : 43
	completed : false

NEW SOLUTION FOUND
solution score : 562

	#choice: 8676
	#fail: 4207
	execution time (ms): 7286
	#sols : 44
	completed : false

NEW SOLUTION FOUND
solution score : 563

	#choice: 8761
	#fail: 4247
	execution time (ms): 7305
	#sols : 45
	completed : false

NEW SOLUTION FOUND
solution score : 564

	#choice: 8944
	#fail: 4337
	execution time (ms): 7356
	#sols : 46
	completed : false

NEW SOLUTION FOUND
solution score : 565

	#choice: 9115
	#fail: 4427
	execution time (ms): 7421
	#sols : 47
	completed : false

NEW SOLUTION FOUND
solution score : 566

	#choice: 9302
	#fail: 4518
	execution time (ms): 7498
	#sols : 48
	completed : false

NEW SOLUTION FOUND
solution score : 567

	#choice: 9438
	#fail: 4590
	execution time (ms): 7535
	#sols : 49
	completed : false

NEW SOLUTION FOUND
solution score : 568

	#choice: 9567
	#fail: 4652
	execution time (ms): 7572
	#sols : 50
	completed : false

NEW SOLUTION FOUND
solution score : 569

	#choice: 9700
	#fail: 4722
	execution time (ms): 7605
	#sols : 51
	completed : false

NEW SOLUTION FOUND
solution score : 570

	#choice: 9865
	#fail: 4802
	execution time (ms): 7641
	#sols : 52
	completed : false

NEW SOLUTION FOUND
solution score : 571

	#choice: 10037
	#fail: 4895
	execution time (ms): 7685
	#sols : 53
	completed : false

NEW SOLUTION FOUND
solution score : 572

	#choice: 10248
	#fail: 4996
	execution time (ms): 7759
	#sols : 54
	completed : false

NEW SOLUTION FOUND
solution score : 573

	#choice: 10512
	#fail: 5128
	execution time (ms): 7867
	#sols : 55
	completed : false

NEW SOLUTION FOUND
solution score : 574

	#choice: 10826
	#fail: 5283
	execution time (ms): 7964
	#sols : 56
	completed : false

NEW SOLUTION FOUND
solution score : 575

	#choice: 11089
	#fail: 5412
	execution time (ms): 8022
	#sols : 57
	completed : false

NEW SOLUTION FOUND
solution score : 576

	#choice: 11431
	#fail: 5587
	execution time (ms): 8142
	#sols : 58
	completed : false

NEW SOLUTION FOUND
solution score : 577

	#choice: 11960
	#fail: 5854
	execution time (ms): 8413
	#sols : 59
	completed : false

NEW SOLUTION FOUND
solution score : 578

	#choice: 12199
	#fail: 5967
	execution time (ms): 8462
	#sols : 60
	completed : false

NEW SOLUTION FOUND
solution score : 579

	#choice: 12434
	#fail: 6091
	execution time (ms): 8509
	#sols : 61
	completed : false

NEW SOLUTION FOUND
solution score : 580

	#choice: 12746
	#fail: 6249
	execution time (ms): 8618
	#sols : 62
	completed : false

NEW SOLUTION FOUND
solution score : 581

	#choice: 12983
	#fail: 6361
	execution time (ms): 8668
	#sols : 63
	completed : false

NEW SOLUTION FOUND
solution score : 582

	#choice: 13232
	#fail: 6484
	execution time (ms): 8714
	#sols : 64
	completed : false

NEW SOLUTION FOUND
solution score : 583

	#choice: 13575
	#fail: 6658
	execution time (ms): 8835
	#sols : 65
	completed : false

NEW SOLUTION FOUND
solution score : 584

	#choice: 14384
	#fail: 7064
	execution time (ms): 9268
	#sols : 66
	completed : false

NEW SOLUTION FOUND
solution score : 585

	#choice: 16381
	#fail: 8068
	execution time (ms): 10612
	#sols : 67
	completed : false

NEW SOLUTION FOUND
solution score : 586

	#choice: 16896
	#fail: 8315
	execution time (ms): 10835
	#sols : 68
	completed : false

NEW SOLUTION FOUND
solution score : 587

	#choice: 17168
	#fail: 8454
	execution time (ms): 10893
	#sols : 69
	completed : false

NEW SOLUTION FOUND
solution score : 588

	#choice: 17438
	#fail: 8589
	execution time (ms): 10952
	#sols : 70
	completed : false

NEW SOLUTION FOUND
solution score : 589

	#choice: 17816
	#fail: 8777
	execution time (ms): 11084
	#sols : 71
	completed : false

NEW SOLUTION FOUND
solution score : 590

	#choice: 18115
	#fail: 8929
	execution time (ms): 11139
	#sols : 72
	completed : false

NEW SOLUTION FOUND
solution score : 591

	#choice: 20912
	#fail: 10331
	execution time (ms): 12880
	#sols : 73
	completed : false

NEW SOLUTION FOUND
solution score : 592

	#choice: 21209
	#fail: 10482
	execution time (ms): 12936
	#sols : 74
	completed : false

NEW SOLUTION FOUND
solution score : 593

	#choice: 21502
	#fail: 10625
	execution time (ms): 12991
	#sols : 75
	completed : false

NEW SOLUTION FOUND
solution score : 594

	#choice: 22595
	#fail: 11168
	execution time (ms): 13465
	#sols : 76
	completed : false

NEW SOLUTION FOUND
solution score : 595

	#choice: 23686
	#fail: 11715
	execution time (ms): 13972
	#sols : 77
	completed : false

NEW SOLUTION FOUND
solution score : 596

	#choice: 24057
	#fail: 11900
	execution time (ms): 14055
	#sols : 78
	completed : false

NEW SOLUTION FOUND
solution score : 597

	#choice: 24640
	#fail: 12197
	execution time (ms): 14319
	#sols : 79
	completed : false

NEW SOLUTION FOUND
solution score : 598

	#choice: 24960
	#fail: 12355
	execution time (ms): 14383
	#sols : 80
	completed : false

NEW SOLUTION FOUND
solution score : 599

	#choice: 67506
	#fail: 33632
	execution time (ms): 44628
	#sols : 81
	completed : false

NEW SOLUTION FOUND
solution score : 600

	#choice: 67912
	#fail: 33827
	execution time (ms): 44757
	#sols : 82
	completed : false

NEW SOLUTION FOUND
solution score : 601

	#choice: 68311
	#fail: 34030
	execution time (ms): 44884
	#sols : 83
	completed : false

NEW SOLUTION FOUND
solution score : 602

	#choice: 68652
	#fail: 34202
	execution time (ms): 44957
	#sols : 84
	completed : false

NEW SOLUTION FOUND
solution score : 603

	#choice: 69034
	#fail: 34394
	execution time (ms): 45062
	#sols : 85
	completed : false

NEW SOLUTION FOUND
solution score : 604

	#choice: 69387
	#fail: 34569
	execution time (ms): 45147
	#sols : 86
	completed : false

NEW SOLUTION FOUND
solution score : 605

	#choice: 69753
	#fail: 34747
	execution time (ms): 45231
	#sols : 87
	completed : false

NEW SOLUTION FOUND
solution score : 606

	#choice: 70137
	#fail: 34947
	execution time (ms): 45326
	#sols : 88
	completed : false

NEW SOLUTION FOUND
solution score : 607

	#choice: 70548
	#fail: 35147
	execution time (ms): 45461
	#sols : 89
	completed : false

NEW SOLUTION FOUND
solution score : 608

	#choice: 70891
	#fail: 35323
	execution time (ms): 45536
	#sols : 90
	completed : false

NEW SOLUTION FOUND
solution score : 609

	#choice: 71317
	#fail: 35529
	execution time (ms): 45675
	#sols : 91
	completed : false

NEW SOLUTION FOUND
solution score : 610

	#choice: 71647
	#fail: 35698
	execution time (ms): 45736
	#sols : 92
	completed : false

NEW SOLUTION FOUND
solution score : 611

	#choice: 72304
	#fail: 36026
	execution time (ms): 46008
	#sols : 93
	completed : false

NEW SOLUTION FOUND
solution score : 612

	#choice: 72645
	#fail: 36199
	execution time (ms): 46084
	#sols : 94
	completed : false

NEW SOLUTION FOUND
solution score : 613

	#choice: 73102
	#fail: 36428
	execution time (ms): 46237
	#sols : 95
	completed : false

NEW SOLUTION FOUND
solution score : 614

	#choice: 73444
	#fail: 36599
	execution time (ms): 46320
	#sols : 96
	completed : false

NEW SOLUTION FOUND
solution score : 615

	#choice: 73912
	#fail: 36832
	execution time (ms): 46503
	#sols : 97
	completed : false

NEW SOLUTION FOUND
solution score : 616

	#choice: 74374
	#fail: 37064
	execution time (ms): 46694
	#sols : 98
	completed : false

NEW SOLUTION FOUND
solution score : 617

	#choice: 74689
	#fail: 37222
	execution time (ms): 46754
	#sols : 99
	completed : false

NEW SOLUTION FOUND
solution score : 618

	#choice: 77015
	#fail: 38383
	execution time (ms): 48212
	#sols : 100
	completed : false

NEW SOLUTION FOUND
solution score : 619

	#choice: 77380
	#fail: 38564
	execution time (ms): 48296
	#sols : 101
	completed : false

NEW SOLUTION FOUND
solution score : 620

	#choice: 78477
	#fail: 39115
	execution time (ms): 48876
	#sols : 102
	completed : false

NEW SOLUTION FOUND
solution score : 621

	#choice: 78810
	#fail: 39285
	execution time (ms): 48947
	#sols : 103
	completed : false

NEW SOLUTION FOUND
solution score : 622

	#choice: 79280
	#fail: 39509
	execution time (ms): 49118
	#sols : 104
	completed : false

NEW SOLUTION FOUND
solution score : 623

	#choice: 79696
	#fail: 39727
	execution time (ms): 49252
	#sols : 105
	completed : false

NEW SOLUTION FOUND
solution score : 624

	#choice: 80042
	#fail: 39886
	execution time (ms): 49314
	#sols : 106
	completed : false

NEW SOLUTION FOUND
solution score : 625

	#choice: 80837
	#fail: 40295
	execution time (ms): 49704
	#sols : 107
	completed : false

NEW SOLUTION FOUND
solution score : 626

	#choice: 81243
	#fail: 40495
	execution time (ms): 49820
	#sols : 108
	completed : false

NEW SOLUTION FOUND
solution score : 627

	#choice: 81671
	#fail: 40710
	execution time (ms): 49952
	#sols : 109
	completed : false

NEW SOLUTION FOUND
solution score : 628

	#choice: 82477
	#fail: 41115
	execution time (ms): 50383
	#sols : 110
	completed : false

NEW SOLUTION FOUND
solution score : 629

	#choice: 82865
	#fail: 41307
	execution time (ms): 50475
	#sols : 111
	completed : false

NEW SOLUTION FOUND
solution score : 630

	#choice: 83899
	#fail: 41828
	execution time (ms): 51070
	#sols : 112
	completed : false

NEW SOLUTION FOUND
solution score : 631

	#choice: 84233
	#fail: 41991
	execution time (ms): 51136
	#sols : 113
	completed : false

NEW SOLUTION FOUND
solution score : 632

	#choice: 84586
	#fail: 42171
	execution time (ms): 51215
	#sols : 114
	completed : false

NEW SOLUTION FOUND
solution score : 633

	#choice: 85711
	#fail: 42727
	execution time (ms): 51794
	#sols : 115
	completed : false

NEW SOLUTION FOUND
solution score : 634

	#choice: 86053
	#fail: 42904
	execution time (ms): 51858
	#sols : 116
	completed : false

NEW SOLUTION FOUND
solution score : 635

	#choice: 86558
	#fail: 43157
	execution time (ms): 52053
	#sols : 117
	completed : false

NEW SOLUTION FOUND
solution score : 636

	#choice: 86901
	#fail: 43321
	execution time (ms): 52119
	#sols : 118
	completed : false

NEW SOLUTION FOUND
solution score : 637

	#choice: 87262
	#fail: 43505
	execution time (ms): 52189
	#sols : 119
	completed : false

NEW SOLUTION FOUND
solution score : 638

	#choice: 87674
	#fail: 43714
	execution time (ms): 52309
	#sols : 120
	completed : false

NEW SOLUTION FOUND
solution score : 639

	#choice: 88039
	#fail: 43890
	execution time (ms): 52379
	#sols : 121
	completed : false

NEW SOLUTION FOUND
solution score : 640

	#choice: 89724
	#fail: 44736
	execution time (ms): 53221
	#sols : 122
	completed : false

NEW SOLUTION FOUND
solution score : 641

	#choice: 90527
	#fail: 45139
	execution time (ms): 53592
	#sols : 123
	completed : false

NEW SOLUTION FOUND
solution score : 642

	#choice: 90991
	#fail: 45373
	execution time (ms): 53700
	#sols : 124
	completed : false

NEW SOLUTION FOUND
solution score : 643

	#choice: 91529
	#fail: 45646
	execution time (ms): 53872
	#sols : 125
	completed : false

NEW SOLUTION FOUND
solution score : 644

	#choice: 92261
	#fail: 46009
	execution time (ms): 54170
	#sols : 126
	completed : false

NEW SOLUTION FOUND
solution score : 645

	#choice: 92689
	#fail: 46230
	execution time (ms): 54261
	#sols : 127
	completed : false

NEW SOLUTION FOUND
solution score : 646

	#choice: 93122
	#fail: 46436
	execution time (ms): 54359
	#sols : 128
	completed : false

NEW SOLUTION FOUND
solution score : 647

	#choice: 93578
	#fail: 46668
	execution time (ms): 54463
	#sols : 129
	completed : false

NEW SOLUTION FOUND
solution score : 648

	#choice: 94105
	#fail: 46927
	execution time (ms): 54629
	#sols : 130
	completed : false

NEW SOLUTION FOUND
solution score : 649

	#choice: 94604
	#fail: 47183
	execution time (ms): 54757
	#sols : 131
	completed : false

NEW SOLUTION FOUND
solution score : 650

	#choice: 97226
	#fail: 48487
	execution time (ms): 56027
	#sols : 132
	completed : false

NEW SOLUTION FOUND
solution score : 651

	#choice: 121099
	#fail: 60429
	execution time (ms): 70103
	#sols : 133
	completed : false

NEW SOLUTION FOUND
solution score : 652

	#choice: 122208
	#fail: 60975
	execution time (ms): 70623
	#sols : 134
	completed : false

NEW SOLUTION FOUND
solution score : 653

	#choice: 123043
	#fail: 61402
	execution time (ms): 70998
	#sols : 135
	completed : false

NEW SOLUTION FOUND
solution score : 654

	#choice: 124845
	#fail: 62296
	execution time (ms): 72001
	#sols : 136
	completed : false

NEW SOLUTION FOUND
solution score : 655

	#choice: 125274
	#fail: 62514
	execution time (ms): 72083
	#sols : 137
	completed : false

NEW SOLUTION FOUND
solution score : 656

	#choice: 129550
	#fail: 64653
	execution time (ms): 74620
	#sols : 138
	completed : false

NEW SOLUTION FOUND
solution score : 657

	#choice: 131049
	#fail: 65406
	execution time (ms): 75464
	#sols : 139
	completed : false

NEW SOLUTION FOUND
solution score : 658

	#choice: 131451
	#fail: 65610
	execution time (ms): 75545
	#sols : 140
	completed : false

NEW SOLUTION FOUND
solution score : 659

	#choice: 132233
	#fail: 65992
	execution time (ms): 75809
	#sols : 141
	completed : false

NEW SOLUTION FOUND
solution score : 660

	#choice: 132778
	#fail: 66267
	execution time (ms): 75967
	#sols : 142
	completed : false

NEW SOLUTION FOUND
solution score : 661

	#choice: 133216
	#fail: 66484
	execution time (ms): 76050
	#sols : 143
	completed : false

NEW SOLUTION FOUND
solution score : 662

	#choice: 133638
	#fail: 66704
	execution time (ms): 76138
	#sols : 144
	completed : false

NEW SOLUTION FOUND
solution score : 663

	#choice: 134060
	#fail: 66906
	execution time (ms): 76222
	#sols : 145
	completed : false

NEW SOLUTION FOUND
solution score : 664

	#choice: 134519
	#fail: 67127
	execution time (ms): 76315
	#sols : 146
	completed : false

NEW SOLUTION FOUND
solution score : 665

	#choice: 134965
	#fail: 67365
	execution time (ms): 76398
	#sols : 147
	completed : false

NEW SOLUTION FOUND
solution score : 666

	#choice: 135409
	#fail: 67574
	execution time (ms): 76484
	#sols : 148
	completed : false

NEW SOLUTION FOUND
solution score : 667

	#choice: 136982
	#fail: 68370
	execution time (ms): 77158
	#sols : 149
	completed : false

NEW SOLUTION FOUND
solution score : 668

	#choice: 137409
	#fail: 68585
	execution time (ms): 77242
	#sols : 150
	completed : false

NEW SOLUTION FOUND
solution score : 669

	#choice: 139314
	#fail: 69537
	execution time (ms): 78264
	#sols : 151
	completed : false

NEW SOLUTION FOUND
solution score : 670

	#choice: 139787
	#fail: 69771
	execution time (ms): 78373
	#sols : 152
	completed : false

NEW SOLUTION FOUND
solution score : 671

	#choice: 140237
	#fail: 70000
	execution time (ms): 78477
	#sols : 153
	completed : false

NEW SOLUTION FOUND
solution score : 672

	#choice: 140696
	#fail: 70228
	execution time (ms): 78589
	#sols : 154
	completed : false

NEW SOLUTION FOUND
solution score : 673

	#choice: 141200
	#fail: 70473
	execution time (ms): 78724
	#sols : 155
	completed : false

NEW SOLUTION FOUND
solution score : 674

	#choice: 141659
	#fail: 70701
	execution time (ms): 78808
	#sols : 156
	completed : false

NEW SOLUTION FOUND
solution score : 675

	#choice: 142113
	#fail: 70930
	execution time (ms): 78892
	#sols : 157
	completed : false

NEW SOLUTION FOUND
solution score : 676

	#choice: 142566
	#fail: 71157
	execution time (ms): 78976
	#sols : 158
	completed : false

NEW SOLUTION FOUND
solution score : 677

	#choice: 143310
	#fail: 71529
	execution time (ms): 79203
	#sols : 159
	completed : false

NEW SOLUTION FOUND
solution score : 678

	#choice: 144294
	#fail: 72028
	execution time (ms): 79631
	#sols : 160
	completed : false

NEW SOLUTION FOUND
solution score : 679

	#choice: 144862
	#fail: 72309
	execution time (ms): 79795
	#sols : 161
	completed : false

NEW SOLUTION FOUND
solution score : 680

	#choice: 145434
	#fail: 72596
	execution time (ms): 79947
	#sols : 162
	completed : false

NEW SOLUTION FOUND
solution score : 681

	#choice: 145916
	#fail: 72838
	execution time (ms): 80049
	#sols : 163
	completed : false

NEW SOLUTION FOUND
solution score : 682

	#choice: 146385
	#fail: 73069
	execution time (ms): 80140
	#sols : 164
	completed : false

NEW SOLUTION FOUND
solution score : 683

	#choice: 146857
	#fail: 73309
	execution time (ms): 80229
	#sols : 165
	completed : false

NEW SOLUTION FOUND
solution score : 684

	#choice: 147419
	#fail: 73582
	execution time (ms): 80390
	#sols : 166
	completed : false

NEW SOLUTION FOUND
solution score : 685

	#choice: 148136
	#fail: 73943
	execution time (ms): 80647
	#sols : 167
	completed : false

NEW SOLUTION FOUND
solution score : 686

	#choice: 149134
	#fail: 74448
	execution time (ms): 81074
	#sols : 168
	completed : false

NEW SOLUTION FOUND
solution score : 687

	#choice: 149591
	#fail: 74677
	execution time (ms): 81168
	#sols : 169
	completed : false

NEW SOLUTION FOUND
solution score : 688

	#choice: 150309
	#fail: 75038
	execution time (ms): 81437
	#sols : 170
	completed : false

NEW SOLUTION FOUND
solution score : 689

	#choice: 150763
	#fail: 75263
	execution time (ms): 81527
	#sols : 171
	completed : false

NEW SOLUTION FOUND
solution score : 690

	#choice: 151262
	#fail: 75506
	execution time (ms): 81638
	#sols : 172
	completed : false

NEW SOLUTION FOUND
solution score : 691

	#choice: 152370
	#fail: 76064
	execution time (ms): 82162
	#sols : 173
	completed : false

NEW SOLUTION FOUND
solution score : 692

	#choice: 153045
	#fail: 76402
	execution time (ms): 82357
	#sols : 174
	completed : false

NEW SOLUTION FOUND
solution score : 693

	#choice: 154776
	#fail: 77270
	execution time (ms): 83212
	#sols : 175
	completed : false

NEW SOLUTION FOUND
solution score : 694

	#choice: 155265
	#fail: 77511
	execution time (ms): 83320
	#sols : 176
	completed : false

NEW SOLUTION FOUND
solution score : 695

	#choice: 155739
	#fail: 77749
	execution time (ms): 83416
	#sols : 177
	completed : false

NEW SOLUTION FOUND
solution score : 696

	#choice: 157662
	#fail: 78716
	execution time (ms): 84666
	#sols : 178
	completed : false

NEW SOLUTION FOUND
solution score : 697

	#choice: 161526
	#fail: 80641
	execution time (ms): 86985
	#sols : 179
	completed : false

NEW SOLUTION FOUND
solution score : 698

	#choice: 161995
	#fail: 80880
	execution time (ms): 87075
	#sols : 180
	completed : false

NEW SOLUTION FOUND
solution score : 699

	#choice: 162708
	#fail: 81234
	execution time (ms): 87360
	#sols : 181
	completed : false

NEW SOLUTION FOUND
solution score : 700

	#choice: 163173
	#fail: 81469
	execution time (ms): 87453
	#sols : 182
	completed : false

END OF SEARCH

	#choice: 163408
	#fail: 81705
	execution time (ms): 87453
	#sols : 182
	completed : true

