INFO
n : 30
nbHoles : 500
nbFile : 3
objective : diagonal
search: dfs
bp : no_bp
branchingScheme : first_fail
oracle : false
truncateRate : 0
START SEARCH
NEW SOLUTION FOUND
solution score : 323

	#choice: 284
	#fail: 4
	execution time (ms): 538
	#sols : 1
	completed : false

NEW SOLUTION FOUND
solution score : 341

	#choice: 311
	#fail: 19
	execution time (ms): 638
	#sols : 2
	completed : false

NEW SOLUTION FOUND
solution score : 350

	#choice: 322
	#fail: 26
	execution time (ms): 685
	#sols : 3
	completed : false

NEW SOLUTION FOUND
solution score : 351

	#choice: 410
	#fail: 68
	execution time (ms): 871
	#sols : 4
	completed : false

NEW SOLUTION FOUND
solution score : 365

	#choice: 421
	#fail: 73
	execution time (ms): 891
	#sols : 5
	completed : false

NEW SOLUTION FOUND
solution score : 367

	#choice: 492
	#fail: 112
	execution time (ms): 989
	#sols : 6
	completed : false

NEW SOLUTION FOUND
solution score : 369

	#choice: 718
	#fail: 227
	execution time (ms): 1292
	#sols : 7
	completed : false

NEW SOLUTION FOUND
solution score : 377

	#choice: 739
	#fail: 237
	execution time (ms): 1337
	#sols : 8
	completed : false

NEW SOLUTION FOUND
solution score : 379

	#choice: 887
	#fail: 312
	execution time (ms): 1748
	#sols : 9
	completed : false

NEW SOLUTION FOUND
solution score : 386

	#choice: 1354
	#fail: 544
	execution time (ms): 2281
	#sols : 10
	completed : false

NEW SOLUTION FOUND
solution score : 387

	#choice: 1358
	#fail: 548
	execution time (ms): 2304
	#sols : 11
	completed : false

NEW SOLUTION FOUND
solution score : 391

	#choice: 1391
	#fail: 564
	execution time (ms): 2367
	#sols : 12
	completed : false

NEW SOLUTION FOUND
solution score : 393

	#choice: 1464
	#fail: 602
	execution time (ms): 2472
	#sols : 13
	completed : false

NEW SOLUTION FOUND
solution score : 394

	#choice: 1579
	#fail: 659
	execution time (ms): 2615
	#sols : 14
	completed : false

NEW SOLUTION FOUND
solution score : 397

	#choice: 1687
	#fail: 711
	execution time (ms): 2693
	#sols : 15
	completed : false

NEW SOLUTION FOUND
solution score : 403

	#choice: 1746
	#fail: 742
	execution time (ms): 2771
	#sols : 16
	completed : false

NEW SOLUTION FOUND
solution score : 406

	#choice: 1874
	#fail: 808
	execution time (ms): 2907
	#sols : 17
	completed : false

NEW SOLUTION FOUND
solution score : 407

	#choice: 1910
	#fail: 823
	execution time (ms): 2959
	#sols : 18
	completed : false

NEW SOLUTION FOUND
solution score : 411

	#choice: 1928
	#fail: 837
	execution time (ms): 2977
	#sols : 19
	completed : false

NEW SOLUTION FOUND
solution score : 412

	#choice: 2052
	#fail: 902
	execution time (ms): 3066
	#sols : 20
	completed : false

NEW SOLUTION FOUND
solution score : 413

	#choice: 2164
	#fail: 957
	execution time (ms): 3152
	#sols : 21
	completed : false

NEW SOLUTION FOUND
solution score : 414

	#choice: 5167
	#fail: 2458
	execution time (ms): 5187
	#sols : 22
	completed : false

NEW SOLUTION FOUND
solution score : 416

	#choice: 5334
	#fail: 2535
	execution time (ms): 5266
	#sols : 23
	completed : false

NEW SOLUTION FOUND
solution score : 417

	#choice: 8930
	#fail: 4335
	execution time (ms): 8029
	#sols : 24
	completed : false

NEW SOLUTION FOUND
solution score : 418

	#choice: 18526
	#fail: 9131
	execution time (ms): 14139
	#sols : 25
	completed : false

NEW SOLUTION FOUND
solution score : 419

	#choice: 56906
	#fail: 28322
	execution time (ms): 37794
	#sols : 26
	completed : false

NEW SOLUTION FOUND
solution score : 420

	#choice: 57143
	#fail: 28444
	execution time (ms): 37941
	#sols : 27
	completed : false

NEW SOLUTION FOUND
solution score : 421

	#choice: 58654
	#fail: 29198
	execution time (ms): 38926
	#sols : 28
	completed : false

NEW SOLUTION FOUND
solution score : 422

	#choice: 68042
	#fail: 33891
	execution time (ms): 44690
	#sols : 29
	completed : false

NEW SOLUTION FOUND
solution score : 423

	#choice: 68290
	#fail: 34016
	execution time (ms): 44829
	#sols : 30
	completed : false

NEW SOLUTION FOUND
solution score : 424

	#choice: 88352
	#fail: 44044
	execution time (ms): 57275
	#sols : 31
	completed : false

NEW SOLUTION FOUND
solution score : 425

	#choice: 90938
	#fail: 45340
	execution time (ms): 59145
	#sols : 32
	completed : false

NEW SOLUTION FOUND
solution score : 426

	#choice: 91134
	#fail: 45437
	execution time (ms): 59252
	#sols : 33
	completed : false

NEW SOLUTION FOUND
solution score : 427

	#choice: 91713
	#fail: 45729
	execution time (ms): 59657
	#sols : 34
	completed : false

NEW SOLUTION FOUND
solution score : 428

	#choice: 93175
	#fail: 46461
	execution time (ms): 60690
	#sols : 35
	completed : false

NEW SOLUTION FOUND
solution score : 429

	#choice: 93325
	#fail: 46535
	execution time (ms): 60767
	#sols : 36
	completed : false

NEW SOLUTION FOUND
solution score : 430

	#choice: 93398
	#fail: 46570
	execution time (ms): 60790
	#sols : 37
	completed : false

NEW SOLUTION FOUND
solution score : 431

	#choice: 93534
	#fail: 46640
	execution time (ms): 60862
	#sols : 38
	completed : false

NEW SOLUTION FOUND
solution score : 432

	#choice: 93605
	#fail: 46674
	execution time (ms): 60886
	#sols : 39
	completed : false

NEW SOLUTION FOUND
solution score : 433

	#choice: 93746
	#fail: 46744
	execution time (ms): 60956
	#sols : 40
	completed : false

NEW SOLUTION FOUND
solution score : 434

	#choice: 93925
	#fail: 46834
	execution time (ms): 61048
	#sols : 41
	completed : false

NEW SOLUTION FOUND
solution score : 435

	#choice: 94043
	#fail: 46891
	execution time (ms): 61086
	#sols : 42
	completed : false

NEW SOLUTION FOUND
solution score : 436

	#choice: 94300
	#fail: 47019
	execution time (ms): 61229
	#sols : 43
	completed : false

NEW SOLUTION FOUND
solution score : 437

	#choice: 103582
	#fail: 51662
	execution time (ms): 66962
	#sols : 44
	completed : false

NEW SOLUTION FOUND
solution score : 438

	#choice: 104290
	#fail: 52013
	execution time (ms): 67487
	#sols : 45
	completed : false

NEW SOLUTION FOUND
solution score : 439

	#choice: 104856
	#fail: 52303
	execution time (ms): 67838
	#sols : 46
	completed : false

NEW SOLUTION FOUND
solution score : 440

	#choice: 104934
	#fail: 52338
	execution time (ms): 67862
	#sols : 47
	completed : false

NEW SOLUTION FOUND
solution score : 441

	#choice: 128741
	#fail: 64245
	execution time (ms): 83141
	#sols : 48
	completed : false

NEW SOLUTION FOUND
solution score : 442

	#choice: 129585
	#fail: 64667
	execution time (ms): 83633
	#sols : 49
	completed : false

NEW SOLUTION FOUND
solution score : 443

	#choice: 129803
	#fail: 64774
	execution time (ms): 83724
	#sols : 50
	completed : false

NEW SOLUTION FOUND
solution score : 444

	#choice: 130053
	#fail: 64897
	execution time (ms): 83820
	#sols : 51
	completed : false

NEW SOLUTION FOUND
solution score : 445

	#choice: 134376
	#fail: 67066
	execution time (ms): 86838
	#sols : 52
	completed : false

NEW SOLUTION FOUND
solution score : 446

	#choice: 137268
	#fail: 68507
	execution time (ms): 88733
	#sols : 53
	completed : false

NEW SOLUTION FOUND
solution score : 447

	#choice: 137411
	#fail: 68578
	execution time (ms): 88770
	#sols : 54
	completed : false

NEW SOLUTION FOUND
solution score : 448

	#choice: 140819
	#fail: 70280
	execution time (ms): 91026
	#sols : 55
	completed : false

NEW SOLUTION FOUND
solution score : 449

	#choice: 141302
	#fail: 70525
	execution time (ms): 91288
	#sols : 56
	completed : false

NEW SOLUTION FOUND
solution score : 450

	#choice: 141512
	#fail: 70631
	execution time (ms): 91362
	#sols : 57
	completed : false

NEW SOLUTION FOUND
solution score : 451

	#choice: 142144
	#fail: 70946
	execution time (ms): 91707
	#sols : 58
	completed : false

NEW SOLUTION FOUND
solution score : 452

	#choice: 142357
	#fail: 71054
	execution time (ms): 91789
	#sols : 59
	completed : false

NEW SOLUTION FOUND
solution score : 453

	#choice: 145622
	#fail: 72686
	execution time (ms): 93917
	#sols : 60
	completed : false

NEW SOLUTION FOUND
solution score : 454

	#choice: 148119
	#fail: 73939
	execution time (ms): 95596
	#sols : 61
	completed : false

NEW SOLUTION FOUND
solution score : 455

	#choice: 148285
	#fail: 74014
	execution time (ms): 95642
	#sols : 62
	completed : false

NEW SOLUTION FOUND
solution score : 456

	#choice: 172989
	#fail: 86369
	execution time (ms): 111922
	#sols : 63
	completed : false

NEW SOLUTION FOUND
solution score : 457

	#choice: 173140
	#fail: 86447
	execution time (ms): 111956
	#sols : 64
	completed : false

NEW SOLUTION FOUND
solution score : 458

	#choice: 173386
	#fail: 86565
	execution time (ms): 112038
	#sols : 65
	completed : false

NEW SOLUTION FOUND
solution score : 459

	#choice: 175565
	#fail: 87661
	execution time (ms): 113285
	#sols : 66
	completed : false

NEW SOLUTION FOUND
solution score : 460

	#choice: 177308
	#fail: 88528
	execution time (ms): 114288
	#sols : 67
	completed : false

NEW SOLUTION FOUND
solution score : 461

	#choice: 178155
	#fail: 88949
	execution time (ms): 114800
	#sols : 68
	completed : false

NEW SOLUTION FOUND
solution score : 462

	#choice: 178480
	#fail: 89112
	execution time (ms): 114925
	#sols : 69
	completed : false

NEW SOLUTION FOUND
solution score : 463

	#choice: 179052
	#fail: 89403
	execution time (ms): 115229
	#sols : 70
	completed : false

NEW SOLUTION FOUND
solution score : 464

	#choice: 179478
	#fail: 89616
	execution time (ms): 115472
	#sols : 71
	completed : false

NEW SOLUTION FOUND
solution score : 465

	#choice: 179677
	#fail: 89716
	execution time (ms): 115532
	#sols : 72
	completed : false

NEW SOLUTION FOUND
solution score : 466

	#choice: 179854
	#fail: 89804
	execution time (ms): 115567
	#sols : 73
	completed : false

NEW SOLUTION FOUND
solution score : 467

	#choice: 180370
	#fail: 90055
	execution time (ms): 115783
	#sols : 74
	completed : false

NEW SOLUTION FOUND
solution score : 468

	#choice: 180608
	#fail: 90173
	execution time (ms): 115839
	#sols : 75
	completed : false

NEW SOLUTION FOUND
solution score : 469

	#choice: 181726
	#fail: 90742
	execution time (ms): 116420
	#sols : 76
	completed : false

NEW SOLUTION FOUND
solution score : 470

	#choice: 182405
	#fail: 91074
	execution time (ms): 116826
	#sols : 77
	completed : false

NEW SOLUTION FOUND
solution score : 471

	#choice: 182897
	#fail: 91320
	execution time (ms): 117084
	#sols : 78
	completed : false

NEW SOLUTION FOUND
solution score : 472

	#choice: 183568
	#fail: 91653
	execution time (ms): 117439
	#sols : 79
	completed : false

NEW SOLUTION FOUND
solution score : 473

	#choice: 183790
	#fail: 91771
	execution time (ms): 117493
	#sols : 80
	completed : false

NEW SOLUTION FOUND
solution score : 474

	#choice: 184210
	#fail: 91975
	execution time (ms): 117702
	#sols : 81
	completed : false

NEW SOLUTION FOUND
solution score : 475

	#choice: 192409
	#fail: 96079
	execution time (ms): 122854
	#sols : 82
	completed : false

NEW SOLUTION FOUND
solution score : 476

	#choice: 192726
	#fail: 96239
	execution time (ms): 122998
	#sols : 83
	completed : false

NEW SOLUTION FOUND
solution score : 477

	#choice: 196351
	#fail: 98041
	execution time (ms): 124990
	#sols : 84
	completed : false

NEW SOLUTION FOUND
solution score : 478

	#choice: 199042
	#fail: 99398
	execution time (ms): 126575
	#sols : 85
	completed : false

NEW SOLUTION FOUND
solution score : 479

	#choice: 199698
	#fail: 99720
	execution time (ms): 126969
	#sols : 86
	completed : false

NEW SOLUTION FOUND
solution score : 480

	#choice: 201117
	#fail: 100432
	execution time (ms): 127860
	#sols : 87
	completed : false

NEW SOLUTION FOUND
solution score : 481

	#choice: 203036
	#fail: 101391
	execution time (ms): 128987
	#sols : 88
	completed : false

NEW SOLUTION FOUND
solution score : 482

	#choice: 203487
	#fail: 101617
	execution time (ms): 129170
	#sols : 89
	completed : false

NEW SOLUTION FOUND
solution score : 483

	#choice: 206613
	#fail: 103180
	execution time (ms): 131369
	#sols : 90
	completed : false

NEW SOLUTION FOUND
solution score : 484

	#choice: 206822
	#fail: 103284
	execution time (ms): 131413
	#sols : 91
	completed : false

NEW SOLUTION FOUND
solution score : 485

	#choice: 207417
	#fail: 103584
	execution time (ms): 131715
	#sols : 92
	completed : false

NEW SOLUTION FOUND
solution score : 486

	#choice: 208238
	#fail: 103995
	execution time (ms): 132204
	#sols : 93
	completed : false

NEW SOLUTION FOUND
solution score : 487

	#choice: 211036
	#fail: 105396
	execution time (ms): 134104
	#sols : 94
	completed : false

NEW SOLUTION FOUND
solution score : 488

	#choice: 211848
	#fail: 105804
	execution time (ms): 134643
	#sols : 95
	completed : false

NEW SOLUTION FOUND
solution score : 489

	#choice: 212110
	#fail: 105923
	execution time (ms): 134717
	#sols : 96
	completed : false

NEW SOLUTION FOUND
solution score : 490

	#choice: 212397
	#fail: 106066
	execution time (ms): 134783
	#sols : 97
	completed : false

NEW SOLUTION FOUND
solution score : 491

	#choice: 212796
	#fail: 106269
	execution time (ms): 134959
	#sols : 98
	completed : false

NEW SOLUTION FOUND
solution score : 492

	#choice: 215352
	#fail: 107551
	execution time (ms): 136451
	#sols : 99
	completed : false

NEW SOLUTION FOUND
solution score : 493

	#choice: 215589
	#fail: 107664
	execution time (ms): 136502
	#sols : 100
	completed : false

NEW SOLUTION FOUND
solution score : 494

	#choice: 218942
	#fail: 109350
	execution time (ms): 138719
	#sols : 101
	completed : false

NEW SOLUTION FOUND
solution score : 495

	#choice: 241568
	#fail: 120658
	execution time (ms): 155579
	#sols : 102
	completed : false

NEW SOLUTION FOUND
solution score : 496

	#choice: 241967
	#fail: 120860
	execution time (ms): 155768
	#sols : 103
	completed : false

NEW SOLUTION FOUND
solution score : 497

	#choice: 246994
	#fail: 123371
	execution time (ms): 159055
	#sols : 104
	completed : false

NEW SOLUTION FOUND
solution score : 498

	#choice: 251878
	#fail: 125815
	execution time (ms): 162032
	#sols : 105
	completed : false

NEW SOLUTION FOUND
solution score : 499

	#choice: 252603
	#fail: 126170
	execution time (ms): 162403
	#sols : 106
	completed : false

NEW SOLUTION FOUND
solution score : 500

	#choice: 253028
	#fail: 126383
	execution time (ms): 162582
	#sols : 107
	completed : false

NEW SOLUTION FOUND
solution score : 501

	#choice: 253670
	#fail: 126706
	execution time (ms): 162912
	#sols : 108
	completed : false

NEW SOLUTION FOUND
solution score : 502

	#choice: 256558
	#fail: 128149
	execution time (ms): 164529
	#sols : 109
	completed : false

NEW SOLUTION FOUND
solution score : 503

	#choice: 256970
	#fail: 128359
	execution time (ms): 164702
	#sols : 110
	completed : false

NEW SOLUTION FOUND
solution score : 504

	#choice: 260550
	#fail: 130147
	execution time (ms): 167298
	#sols : 111
	completed : false

NEW SOLUTION FOUND
solution score : 505

	#choice: 305408
	#fail: 152579
	execution time (ms): 198088
	#sols : 112
	completed : false

NEW SOLUTION FOUND
solution score : 506

	#choice: 305707
	#fail: 152726
	execution time (ms): 198185
	#sols : 113
	completed : false

NEW SOLUTION FOUND
solution score : 507

	#choice: 307278
	#fail: 153510
	execution time (ms): 199026
	#sols : 114
	completed : false

NEW SOLUTION FOUND
solution score : 508

	#choice: 310299
	#fail: 155023
	execution time (ms): 201108
	#sols : 115
	completed : false

NEW SOLUTION FOUND
solution score : 509

	#choice: 311002
	#fail: 155373
	execution time (ms): 201419
	#sols : 116
	completed : false

NEW SOLUTION FOUND
solution score : 510

	#choice: 311413
	#fail: 155582
	execution time (ms): 201594
	#sols : 117
	completed : false

NEW SOLUTION FOUND
solution score : 511

	#choice: 311795
	#fail: 155769
	execution time (ms): 201748
	#sols : 118
	completed : false

NEW SOLUTION FOUND
solution score : 512

	#choice: 315924
	#fail: 157839
	execution time (ms): 204584
	#sols : 119
	completed : false

NEW SOLUTION FOUND
solution score : 513

	#choice: 316994
	#fail: 158376
	execution time (ms): 205268
	#sols : 120
	completed : false

NEW SOLUTION FOUND
solution score : 514

	#choice: 318415
	#fail: 159083
	execution time (ms): 205982
	#sols : 121
	completed : false

NEW SOLUTION FOUND
solution score : 515

	#choice: 318643
	#fail: 159200
	execution time (ms): 206030
	#sols : 122
	completed : false

NEW SOLUTION FOUND
solution score : 516

	#choice: 318889
	#fail: 159315
	execution time (ms): 206084
	#sols : 123
	completed : false

NEW SOLUTION FOUND
solution score : 517

	#choice: 319240
	#fail: 159494
	execution time (ms): 206222
	#sols : 124
	completed : false

NEW SOLUTION FOUND
solution score : 518

	#choice: 319466
	#fail: 159611
	execution time (ms): 206266
	#sols : 125
	completed : false

NEW SOLUTION FOUND
solution score : 519

	#choice: 323247
	#fail: 161493
	execution time (ms): 208542
	#sols : 126
	completed : false

NEW SOLUTION FOUND
solution score : 520

	#choice: 324294
	#fail: 162017
	execution time (ms): 209135
	#sols : 127
	completed : false

NEW SOLUTION FOUND
solution score : 521

	#choice: 324687
	#fail: 162214
	execution time (ms): 209267
	#sols : 128
	completed : false

NEW SOLUTION FOUND
solution score : 522

	#choice: 325024
	#fail: 162383
	execution time (ms): 209362
	#sols : 129
	completed : false

NEW SOLUTION FOUND
solution score : 523

	#choice: 328428
	#fail: 164090
	execution time (ms): 211613
	#sols : 130
	completed : false

NEW SOLUTION FOUND
solution score : 524

	#choice: 328723
	#fail: 164235
	execution time (ms): 211696
	#sols : 131
	completed : false

NEW SOLUTION FOUND
solution score : 525

	#choice: 329027
	#fail: 164398
	execution time (ms): 211795
	#sols : 132
	completed : false

NEW SOLUTION FOUND
solution score : 526

	#choice: 329706
	#fail: 164734
	execution time (ms): 212148
	#sols : 133
	completed : false

NEW SOLUTION FOUND
solution score : 527

	#choice: 330146
	#fail: 164949
	execution time (ms): 212289
	#sols : 134
	completed : false

NEW SOLUTION FOUND
solution score : 528

	#choice: 330829
	#fail: 165297
	execution time (ms): 212602
	#sols : 135
	completed : false

NEW SOLUTION FOUND
solution score : 529

	#choice: 331205
	#fail: 165479
	execution time (ms): 212685
	#sols : 136
	completed : false

NEW SOLUTION FOUND
solution score : 530

	#choice: 331814
	#fail: 165782
	execution time (ms): 212916
	#sols : 137
	completed : false

NEW SOLUTION FOUND
solution score : 531

	#choice: 332248
	#fail: 166000
	execution time (ms): 213034
	#sols : 138
	completed : false

NEW SOLUTION FOUND
solution score : 532

	#choice: 332814
	#fail: 166283
	execution time (ms): 213276
	#sols : 139
	completed : false

NEW SOLUTION FOUND
solution score : 533

	#choice: 333254
	#fail: 166505
	execution time (ms): 213390
	#sols : 140
	completed : false

NEW SOLUTION FOUND
solution score : 534

	#choice: 333656
	#fail: 166707
	execution time (ms): 213486
	#sols : 141
	completed : false

NEW SOLUTION FOUND
solution score : 535

	#choice: 334078
	#fail: 166918
	execution time (ms): 213614
	#sols : 142
	completed : false

NEW SOLUTION FOUND
solution score : 536

	#choice: 334602
	#fail: 167185
	execution time (ms): 213787
	#sols : 143
	completed : false

NEW SOLUTION FOUND
solution score : 537

	#choice: 335410
	#fail: 167580
	execution time (ms): 214133
	#sols : 144
	completed : false

NEW SOLUTION FOUND
solution score : 538

	#choice: 335823
	#fail: 167792
	execution time (ms): 214217
	#sols : 145
	completed : false

NEW SOLUTION FOUND
solution score : 539

	#choice: 336373
	#fail: 168070
	execution time (ms): 214408
	#sols : 146
	completed : false

NEW SOLUTION FOUND
solution score : 540

	#choice: 336768
	#fail: 168260
	execution time (ms): 214484
	#sols : 147
	completed : false

NEW SOLUTION FOUND
solution score : 541

	#choice: 337178
	#fail: 168465
	execution time (ms): 214558
	#sols : 148
	completed : false

NEW SOLUTION FOUND
solution score : 542

	#choice: 337873
	#fail: 168812
	execution time (ms): 214830
	#sols : 149
	completed : false

NEW SOLUTION FOUND
solution score : 543

	#choice: 338306
	#fail: 169031
	execution time (ms): 214922
	#sols : 150
	completed : false

NEW SOLUTION FOUND
solution score : 544

	#choice: 338930
	#fail: 169339
	execution time (ms): 215173
	#sols : 151
	completed : false

NEW SOLUTION FOUND
solution score : 545

	#choice: 339550
	#fail: 169653
	execution time (ms): 215378
	#sols : 152
	completed : false

NEW SOLUTION FOUND
solution score : 546

	#choice: 339968
	#fail: 169854
	execution time (ms): 215458
	#sols : 153
	completed : false

NEW SOLUTION FOUND
solution score : 547

	#choice: 340650
	#fail: 170194
	execution time (ms): 215682
	#sols : 154
	completed : false

NEW SOLUTION FOUND
solution score : 548

	#choice: 342412
	#fail: 171086
	execution time (ms): 216699
	#sols : 155
	completed : false

NEW SOLUTION FOUND
solution score : 549

	#choice: 344910
	#fail: 172331
	execution time (ms): 218164
	#sols : 156
	completed : false

NEW SOLUTION FOUND
solution score : 550

	#choice: 346261
	#fail: 173008
	execution time (ms): 218874
	#sols : 157
	completed : false

NEW SOLUTION FOUND
solution score : 551

	#choice: 346680
	#fail: 173211
	execution time (ms): 218952
	#sols : 158
	completed : false

NEW SOLUTION FOUND
solution score : 552

	#choice: 347731
	#fail: 173742
	execution time (ms): 219389
	#sols : 159
	completed : false

NEW SOLUTION FOUND
solution score : 553

	#choice: 348502
	#fail: 174130
	execution time (ms): 219732
	#sols : 160
	completed : false

NEW SOLUTION FOUND
solution score : 554

	#choice: 350872
	#fail: 175313
	execution time (ms): 221048
	#sols : 161
	completed : false

NEW SOLUTION FOUND
solution score : 555

	#choice: 351277
	#fail: 175518
	execution time (ms): 221127
	#sols : 162
	completed : false

NEW SOLUTION FOUND
solution score : 556

	#choice: 351689
	#fail: 175723
	execution time (ms): 221213
	#sols : 163
	completed : false

NEW SOLUTION FOUND
solution score : 557

	#choice: 352155
	#fail: 175960
	execution time (ms): 221322
	#sols : 164
	completed : false

NEW SOLUTION FOUND
solution score : 558

	#choice: 352914
	#fail: 176334
	execution time (ms): 221648
	#sols : 165
	completed : false

NEW SOLUTION FOUND
solution score : 559

	#choice: 353666
	#fail: 176709
	execution time (ms): 221979
	#sols : 166
	completed : false

NEW SOLUTION FOUND
solution score : 560

	#choice: 358400
	#fail: 179081
	execution time (ms): 224767
	#sols : 167
	completed : false

NEW SOLUTION FOUND
solution score : 561

	#choice: 361919
	#fail: 180842
	execution time (ms): 226994
	#sols : 168
	completed : false

NEW SOLUTION FOUND
solution score : 562

	#choice: 362352
	#fail: 181055
	execution time (ms): 227086
	#sols : 169
	completed : false

NEW SOLUTION FOUND
solution score : 563

	#choice: 363516
	#fail: 181639
	execution time (ms): 227699
	#sols : 170
	completed : false

NEW SOLUTION FOUND
solution score : 564

	#choice: 364114
	#fail: 181941
	execution time (ms): 227888
	#sols : 171
	completed : false

NEW SOLUTION FOUND
solution score : 565

	#choice: 364571
	#fail: 182161
	execution time (ms): 227989
	#sols : 172
	completed : false

NEW SOLUTION FOUND
solution score : 566

	#choice: 365606
	#fail: 182670
	execution time (ms): 228416
	#sols : 173
	completed : false

NEW SOLUTION FOUND
solution score : 567

	#choice: 366403
	#fail: 183079
	execution time (ms): 228703
	#sols : 174
	completed : false

NEW SOLUTION FOUND
solution score : 568

	#choice: 366856
	#fail: 183301
	execution time (ms): 228791
	#sols : 175
	completed : false

NEW SOLUTION FOUND
solution score : 569

	#choice: 369021
	#fail: 184386
	execution time (ms): 230086
	#sols : 176
	completed : false

NEW SOLUTION FOUND
solution score : 570

	#choice: 369458
	#fail: 184614
	execution time (ms): 230175
	#sols : 177
	completed : false

NEW SOLUTION FOUND
solution score : 571

	#choice: 370242
	#fail: 185001
	execution time (ms): 230462
	#sols : 178
	completed : false

NEW SOLUTION FOUND
solution score : 572

	#choice: 370699
	#fail: 185232
	execution time (ms): 230558
	#sols : 179
	completed : false

NEW SOLUTION FOUND
solution score : 573

	#choice: 371167
	#fail: 185457
	execution time (ms): 230652
	#sols : 180
	completed : false

NEW SOLUTION FOUND
solution score : 574

	#choice: 641493
	#fail: 320622
	execution time (ms): 378166
	#sols : 181
	completed : false

NEW SOLUTION FOUND
solution score : 575

	#choice: 642106
	#fail: 320930
	execution time (ms): 378355
	#sols : 182
	completed : false

NEW SOLUTION FOUND
solution score : 576

	#choice: 642583
	#fail: 321163
	execution time (ms): 378446
	#sols : 183
	completed : false

NEW SOLUTION FOUND
solution score : 577

	#choice: 643144
	#fail: 321455
	execution time (ms): 378587
	#sols : 184
	completed : false

NEW SOLUTION FOUND
solution score : 578

	#choice: 644000
	#fail: 321879
	execution time (ms): 378971
	#sols : 185
	completed : false

NEW SOLUTION FOUND
solution score : 579

	#choice: 644642
	#fail: 322209
	execution time (ms): 379220
	#sols : 186
	completed : false

NEW SOLUTION FOUND
solution score : 580

	#choice: 645234
	#fail: 322491
	execution time (ms): 379412
	#sols : 187
	completed : false

NEW SOLUTION FOUND
solution score : 581

	#choice: 646200
	#fail: 322984
	execution time (ms): 379779
	#sols : 188
	completed : false

NEW SOLUTION FOUND
solution score : 582

	#choice: 647129
	#fail: 323443
	execution time (ms): 380213
	#sols : 189
	completed : false

END OF SEARCH

	#choice: 647372
	#fail: 323687
	execution time (ms): 380213
	#sols : 189
	completed : true

