INFO
n : 30
nbHoles : 700
nbFile : 9
objective : diagonal
search: lds
bp : sum_product
branchingScheme : max_marginal_regret
oracle : true
truncateRate : 0
START SEARCH
NEW SOLUTION FOUND
solution score : 401

	#choice: 483
	#fail: 0
	execution time (ms): 3631
	#sols : 1
	completed : false

NEW SOLUTION FOUND
solution score : 404

	#choice: 497
	#fail: 6
	execution time (ms): 3708
	#sols : 2
	completed : false

NEW SOLUTION FOUND
solution score : 420

	#choice: 514
	#fail: 9
	execution time (ms): 3730
	#sols : 3
	completed : false

NEW SOLUTION FOUND
solution score : 424

	#choice: 526
	#fail: 10
	execution time (ms): 3766
	#sols : 4
	completed : false

NEW SOLUTION FOUND
solution score : 425

	#choice: 546
	#fail: 14
	execution time (ms): 3806
	#sols : 5
	completed : false

NEW SOLUTION FOUND
solution score : 431

	#choice: 558
	#fail: 15
	execution time (ms): 3834
	#sols : 6
	completed : false

NEW SOLUTION FOUND
solution score : 433

	#choice: 569
	#fail: 16
	execution time (ms): 3874
	#sols : 7
	completed : false

NEW SOLUTION FOUND
solution score : 434

	#choice: 609
	#fail: 19
	execution time (ms): 3927
	#sols : 8
	completed : false

NEW SOLUTION FOUND
solution score : 441

	#choice: 634
	#fail: 20
	execution time (ms): 3952
	#sols : 9
	completed : false

NEW SOLUTION FOUND
solution score : 444

	#choice: 669
	#fail: 23
	execution time (ms): 3980
	#sols : 10
	completed : false

NEW SOLUTION FOUND
solution score : 447

	#choice: 724
	#fail: 45
	execution time (ms): 4046
	#sols : 11
	completed : false

NEW SOLUTION FOUND
solution score : 451

	#choice: 760
	#fail: 46
	execution time (ms): 4087
	#sols : 12
	completed : false

NEW SOLUTION FOUND
solution score : 456

	#choice: 961
	#fail: 51
	execution time (ms): 4397
	#sols : 13
	completed : false

NEW SOLUTION FOUND
solution score : 457

	#choice: 1069
	#fail: 54
	execution time (ms): 4583
	#sols : 14
	completed : false

NEW SOLUTION FOUND
solution score : 459

	#choice: 1118
	#fail: 55
	execution time (ms): 4631
	#sols : 15
	completed : false

NEW SOLUTION FOUND
solution score : 460

	#choice: 1275
	#fail: 60
	execution time (ms): 4789
	#sols : 16
	completed : false

NEW SOLUTION FOUND
solution score : 463

	#choice: 1514
	#fail: 70
	execution time (ms): 5406
	#sols : 17
	completed : false

NEW SOLUTION FOUND
solution score : 466

	#choice: 1581
	#fail: 71
	execution time (ms): 5485
	#sols : 18
	completed : false

NEW SOLUTION FOUND
solution score : 468

	#choice: 1769
	#fail: 74
	execution time (ms): 5956
	#sols : 19
	completed : false

NEW SOLUTION FOUND
solution score : 469

	#choice: 1905
	#fail: 76
	execution time (ms): 6279
	#sols : 20
	completed : false

NEW SOLUTION FOUND
solution score : 472

	#choice: 2039
	#fail: 78
	execution time (ms): 6588
	#sols : 21
	completed : false

NEW SOLUTION FOUND
solution score : 478

	#choice: 2269
	#fail: 84
	execution time (ms): 7062
	#sols : 22
	completed : false

NEW SOLUTION FOUND
solution score : 485

	#choice: 2354
	#fail: 87
	execution time (ms): 7209
	#sols : 23
	completed : false

NEW SOLUTION FOUND
solution score : 487

	#choice: 2428
	#fail: 88
	execution time (ms): 7310
	#sols : 24
	completed : false

NEW SOLUTION FOUND
solution score : 491

	#choice: 2753
	#fail: 92
	execution time (ms): 8091
	#sols : 25
	completed : false

NEW SOLUTION FOUND
solution score : 497

	#choice: 2854
	#fail: 93
	execution time (ms): 8419
	#sols : 26
	completed : false

NEW SOLUTION FOUND
solution score : 498

	#choice: 2939
	#fail: 94
	execution time (ms): 8967
	#sols : 27
	completed : false

NEW SOLUTION FOUND
solution score : 500

	#choice: 3123
	#fail: 96
	execution time (ms): 9759
	#sols : 28
	completed : false

NEW SOLUTION FOUND
solution score : 506

	#choice: 3205
	#fail: 97
	execution time (ms): 9948
	#sols : 29
	completed : false

NEW SOLUTION FOUND
solution score : 507

	#choice: 3292
	#fail: 98
	execution time (ms): 10077
	#sols : 30
	completed : false

NEW SOLUTION FOUND
solution score : 510

	#choice: 3498
	#fail: 106
	execution time (ms): 10503
	#sols : 31
	completed : false

NEW SOLUTION FOUND
solution score : 515

	#choice: 3601
	#fail: 107
	execution time (ms): 10737
	#sols : 32
	completed : false

NEW SOLUTION FOUND
solution score : 516

	#choice: 3928
	#fail: 110
	execution time (ms): 11443
	#sols : 33
	completed : false

NEW SOLUTION FOUND
solution score : 517

	#choice: 4039
	#fail: 111
	execution time (ms): 11681
	#sols : 34
	completed : false

NEW SOLUTION FOUND
solution score : 518

	#choice: 4243
	#fail: 113
	execution time (ms): 12178
	#sols : 35
	completed : false

NEW SOLUTION FOUND
solution score : 519

	#choice: 4462
	#fail: 115
	execution time (ms): 12629
	#sols : 36
	completed : false

NEW SOLUTION FOUND
solution score : 520

	#choice: 4674
	#fail: 117
	execution time (ms): 13028
	#sols : 37
	completed : false

NEW SOLUTION FOUND
solution score : 521

	#choice: 4990
	#fail: 121
	execution time (ms): 13594
	#sols : 38
	completed : false

NEW SOLUTION FOUND
solution score : 524

	#choice: 5210
	#fail: 123
	execution time (ms): 14010
	#sols : 39
	completed : false

NEW SOLUTION FOUND
solution score : 529

	#choice: 5337
	#fail: 124
	execution time (ms): 14248
	#sols : 40
	completed : false

NEW SOLUTION FOUND
solution score : 533

	#choice: 5804
	#fail: 128
	execution time (ms): 15196
	#sols : 41
	completed : false

NEW SOLUTION FOUND
solution score : 538

	#choice: 5933
	#fail: 129
	execution time (ms): 15466
	#sols : 42
	completed : false

NEW SOLUTION FOUND
solution score : 541

	#choice: 6067
	#fail: 130
	execution time (ms): 15690
	#sols : 43
	completed : false

NEW SOLUTION FOUND
solution score : 546

	#choice: 6193
	#fail: 131
	execution time (ms): 15953
	#sols : 44
	completed : false

NEW SOLUTION FOUND
solution score : 548

	#choice: 6456
	#fail: 133
	execution time (ms): 16479
	#sols : 45
	completed : false

NEW SOLUTION FOUND
solution score : 549

	#choice: 6586
	#fail: 134
	execution time (ms): 16750
	#sols : 46
	completed : false

NEW SOLUTION FOUND
solution score : 550

	#choice: 6710
	#fail: 135
	execution time (ms): 16976
	#sols : 47
	completed : false

NEW SOLUTION FOUND
solution score : 551

	#choice: 6961
	#fail: 137
	execution time (ms): 17486
	#sols : 48
	completed : false

NEW SOLUTION FOUND
solution score : 552

	#choice: 7411
	#fail: 163
	execution time (ms): 18584
	#sols : 49
	completed : false

NEW SOLUTION FOUND
solution score : 554

	#choice: 7991
	#fail: 190
	execution time (ms): 19754
	#sols : 50
	completed : false

NEW SOLUTION FOUND
solution score : 555

	#choice: 8172
	#fail: 191
	execution time (ms): 20066
	#sols : 51
	completed : false

NEW SOLUTION FOUND
solution score : 556

	#choice: 8365
	#fail: 192
	execution time (ms): 20496
	#sols : 52
	completed : false

NEW SOLUTION FOUND
solution score : 557

	#choice: 9499
	#fail: 199
	execution time (ms): 22755
	#sols : 53
	completed : false

NEW SOLUTION FOUND
solution score : 558

	#choice: 10271
	#fail: 203
	execution time (ms): 24211
	#sols : 54
	completed : false

NEW SOLUTION FOUND
solution score : 560

	#choice: 10661
	#fail: 205
	execution time (ms): 24961
	#sols : 55
	completed : false

NEW SOLUTION FOUND
solution score : 569

	#choice: 11063
	#fail: 207
	execution time (ms): 25708
	#sols : 56
	completed : false

NEW SOLUTION FOUND
solution score : 570

	#choice: 11285
	#fail: 208
	execution time (ms): 26059
	#sols : 57
	completed : false

NEW SOLUTION FOUND
solution score : 572

	#choice: 11488
	#fail: 209
	execution time (ms): 26432
	#sols : 58
	completed : false

NEW SOLUTION FOUND
solution score : 573

	#choice: 11873
	#fail: 211
	execution time (ms): 27264
	#sols : 59
	completed : false

NEW SOLUTION FOUND
solution score : 574

	#choice: 12083
	#fail: 212
	execution time (ms): 27695
	#sols : 60
	completed : false

NEW SOLUTION FOUND
solution score : 575

	#choice: 12496
	#fail: 214
	execution time (ms): 28592
	#sols : 61
	completed : false

NEW SOLUTION FOUND
solution score : 576

	#choice: 12906
	#fail: 216
	execution time (ms): 29458
	#sols : 62
	completed : false

NEW SOLUTION FOUND
solution score : 577

	#choice: 13333
	#fail: 218
	execution time (ms): 30335
	#sols : 63
	completed : false

NEW SOLUTION FOUND
solution score : 578

	#choice: 13744
	#fail: 220
	execution time (ms): 31171
	#sols : 64
	completed : false

NEW SOLUTION FOUND
solution score : 579

	#choice: 13962
	#fail: 223
	execution time (ms): 31582
	#sols : 65
	completed : false

NEW SOLUTION FOUND
solution score : 580

	#choice: 14174
	#fail: 225
	execution time (ms): 32002
	#sols : 66
	completed : false

NEW SOLUTION FOUND
solution score : 581

	#choice: 14394
	#fail: 226
	execution time (ms): 32422
	#sols : 67
	completed : false

NEW SOLUTION FOUND
solution score : 585

	#choice: 14628
	#fail: 227
	execution time (ms): 32864
	#sols : 68
	completed : false

NEW SOLUTION FOUND
solution score : 586

	#choice: 15491
	#fail: 231
	execution time (ms): 34691
	#sols : 69
	completed : false

NEW SOLUTION FOUND
solution score : 587

	#choice: 16169
	#fail: 238
	execution time (ms): 36015
	#sols : 70
	completed : false

NEW SOLUTION FOUND
solution score : 589

	#choice: 16414
	#fail: 245
	execution time (ms): 36557
	#sols : 71
	completed : false

NEW SOLUTION FOUND
solution score : 590

	#choice: 16654
	#fail: 246
	execution time (ms): 37115
	#sols : 72
	completed : false

NEW SOLUTION FOUND
solution score : 591

	#choice: 16895
	#fail: 247
	execution time (ms): 37589
	#sols : 73
	completed : false

NEW SOLUTION FOUND
solution score : 592

	#choice: 17139
	#fail: 248
	execution time (ms): 38066
	#sols : 74
	completed : false

NEW SOLUTION FOUND
solution score : 593

	#choice: 18075
	#fail: 252
	execution time (ms): 40081
	#sols : 75
	completed : false

NEW SOLUTION FOUND
solution score : 595

	#choice: 18359
	#fail: 267
	execution time (ms): 40528
	#sols : 76
	completed : false

NEW SOLUTION FOUND
solution score : 601

	#choice: 18616
	#fail: 268
	execution time (ms): 40968
	#sols : 77
	completed : false

NEW SOLUTION FOUND
solution score : 607

	#choice: 19606
	#fail: 272
	execution time (ms): 42778
	#sols : 78
	completed : false

NEW SOLUTION FOUND
solution score : 608

	#choice: 20412
	#fail: 275
	execution time (ms): 44192
	#sols : 79
	completed : false

NEW SOLUTION FOUND
solution score : 611

	#choice: 20941
	#fail: 277
	execution time (ms): 45266
	#sols : 80
	completed : false

NEW SOLUTION FOUND
solution score : 615

	#choice: 21481
	#fail: 279
	execution time (ms): 46260
	#sols : 81
	completed : false

NEW SOLUTION FOUND
solution score : 617

	#choice: 22013
	#fail: 281
	execution time (ms): 47373
	#sols : 82
	completed : false

NEW SOLUTION FOUND
solution score : 618

	#choice: 22288
	#fail: 282
	execution time (ms): 47998
	#sols : 83
	completed : false

NEW SOLUTION FOUND
solution score : 621

	#choice: 22623
	#fail: 309
	execution time (ms): 48604
	#sols : 84
	completed : false

NEW SOLUTION FOUND
solution score : 622

	#choice: 22924
	#fail: 310
	execution time (ms): 49102
	#sols : 85
	completed : false

NEW SOLUTION FOUND
solution score : 624

	#choice: 23228
	#fail: 311
	execution time (ms): 49626
	#sols : 86
	completed : false

NEW SOLUTION FOUND
solution score : 626

	#choice: 24134
	#fail: 314
	execution time (ms): 51297
	#sols : 87
	completed : false

NEW SOLUTION FOUND
solution score : 631

	#choice: 24765
	#fail: 316
	execution time (ms): 52553
	#sols : 88
	completed : false

NEW SOLUTION FOUND
solution score : 632

	#choice: 25697
	#fail: 319
	execution time (ms): 54544
	#sols : 89
	completed : false

NEW SOLUTION FOUND
solution score : 633

	#choice: 26008
	#fail: 320
	execution time (ms): 55244
	#sols : 90
	completed : false

NEW SOLUTION FOUND
solution score : 634

	#choice: 26941
	#fail: 323
	execution time (ms): 57438
	#sols : 91
	completed : false

NEW SOLUTION FOUND
solution score : 635

	#choice: 28215
	#fail: 327
	execution time (ms): 60289
	#sols : 92
	completed : false

NEW SOLUTION FOUND
solution score : 636

	#choice: 28548
	#fail: 328
	execution time (ms): 61125
	#sols : 93
	completed : false

NEW SOLUTION FOUND
solution score : 639

	#choice: 28874
	#fail: 329
	execution time (ms): 61853
	#sols : 94
	completed : false

NEW SOLUTION FOUND
solution score : 640

	#choice: 29189
	#fail: 330
	execution time (ms): 62609
	#sols : 95
	completed : false

NEW SOLUTION FOUND
solution score : 641

	#choice: 30141
	#fail: 333
	execution time (ms): 64744
	#sols : 96
	completed : false

NEW SOLUTION FOUND
solution score : 642

	#choice: 30495
	#fail: 350
	execution time (ms): 65520
	#sols : 97
	completed : false

NEW SOLUTION FOUND
solution score : 645

	#choice: 30845
	#fail: 354
	execution time (ms): 66173
	#sols : 98
	completed : false

NEW SOLUTION FOUND
solution score : 646

	#choice: 31194
	#fail: 355
	execution time (ms): 66736
	#sols : 99
	completed : false

NEW SOLUTION FOUND
solution score : 647

	#choice: 31551
	#fail: 356
	execution time (ms): 67413
	#sols : 100
	completed : false

NEW SOLUTION FOUND
solution score : 650

	#choice: 32245
	#fail: 358
	execution time (ms): 68741
	#sols : 101
	completed : false

NEW SOLUTION FOUND
solution score : 651

	#choice: 32582
	#fail: 359
	execution time (ms): 69600
	#sols : 102
	completed : false

NEW SOLUTION FOUND
solution score : 652

	#choice: 32942
	#fail: 360
	execution time (ms): 70482
	#sols : 103
	completed : false

NEW SOLUTION FOUND
solution score : 653

	#choice: 33304
	#fail: 361
	execution time (ms): 71434
	#sols : 104
	completed : false

NEW SOLUTION FOUND
solution score : 655

	#choice: 34031
	#fail: 363
	execution time (ms): 73371
	#sols : 105
	completed : false

NEW SOLUTION FOUND
solution score : 657

	#choice: 34387
	#fail: 364
	execution time (ms): 74211
	#sols : 106
	completed : false

NEW SOLUTION FOUND
solution score : 658

	#choice: 34734
	#fail: 365
	execution time (ms): 75058
	#sols : 107
	completed : false

NEW SOLUTION FOUND
solution score : 659

	#choice: 35160
	#fail: 396
	execution time (ms): 75760
	#sols : 108
	completed : false

NEW SOLUTION FOUND
solution score : 662

	#choice: 36329
	#fail: 399
	execution time (ms): 77977
	#sols : 109
	completed : false

NEW SOLUTION FOUND
solution score : 663

	#choice: 37920
	#fail: 403
	execution time (ms): 81256
	#sols : 110
	completed : false

NEW SOLUTION FOUND
solution score : 664

	#choice: 38317
	#fail: 404
	execution time (ms): 82267
	#sols : 111
	completed : false

NEW SOLUTION FOUND
solution score : 665

	#choice: 38726
	#fail: 405
	execution time (ms): 83324
	#sols : 112
	completed : false

NEW SOLUTION FOUND
solution score : 666

	#choice: 39504
	#fail: 407
	execution time (ms): 85349
	#sols : 113
	completed : false

NEW SOLUTION FOUND
solution score : 667

	#choice: 41488
	#fail: 412
	execution time (ms): 90413
	#sols : 114
	completed : false

NEW SOLUTION FOUND
solution score : 668

	#choice: 42266
	#fail: 414
	execution time (ms): 92548
	#sols : 115
	completed : false

NEW SOLUTION FOUND
solution score : 669

	#choice: 42676
	#fail: 415
	execution time (ms): 93480
	#sols : 116
	completed : false

NEW SOLUTION FOUND
solution score : 670

	#choice: 43088
	#fail: 417
	execution time (ms): 94576
	#sols : 117
	completed : false

NEW SOLUTION FOUND
solution score : 671

	#choice: 45094
	#fail: 422
	execution time (ms): 99693
	#sols : 118
	completed : false

NEW SOLUTION FOUND
solution score : 672

	#choice: 46497
	#fail: 463
	execution time (ms): 102333
	#sols : 119
	completed : false

NEW SOLUTION FOUND
solution score : 673

	#choice: 46957
	#fail: 464
	execution time (ms): 103288
	#sols : 120
	completed : false

NEW SOLUTION FOUND
solution score : 674

	#choice: 47406
	#fail: 465
	execution time (ms): 104382
	#sols : 121
	completed : false

NEW SOLUTION FOUND
solution score : 677

	#choice: 47865
	#fail: 466
	execution time (ms): 105570
	#sols : 122
	completed : false

NEW SOLUTION FOUND
solution score : 678

	#choice: 48312
	#fail: 467
	execution time (ms): 106777
	#sols : 123
	completed : false

NEW SOLUTION FOUND
solution score : 680

	#choice: 50595
	#fail: 477
	execution time (ms): 113145
	#sols : 124
	completed : false

NEW SOLUTION FOUND
solution score : 681

	#choice: 51555
	#fail: 489
	execution time (ms): 115025
	#sols : 125
	completed : false

NEW SOLUTION FOUND
solution score : 682

	#choice: 51614
	#fail: 512
	execution time (ms): 115044
	#sols : 126
	completed : false

NEW SOLUTION FOUND
solution score : 683

	#choice: 51705
	#fail: 515
	execution time (ms): 115089
	#sols : 127
	completed : false

NEW SOLUTION FOUND
solution score : 684

	#choice: 52228
	#fail: 668
	execution time (ms): 115724
	#sols : 128
	completed : false

NEW SOLUTION FOUND
solution score : 686

	#choice: 52731
	#fail: 714
	execution time (ms): 116400
	#sols : 129
	completed : false

NEW SOLUTION FOUND
solution score : 687

	#choice: 52982
	#fail: 715
	execution time (ms): 116815
	#sols : 130
	completed : false

NEW SOLUTION FOUND
solution score : 688

	#choice: 53470
	#fail: 725
	execution time (ms): 117686
	#sols : 131
	completed : false

NEW SOLUTION FOUND
solution score : 689

	#choice: 53958
	#fail: 727
	execution time (ms): 118554
	#sols : 132
	completed : false

NEW SOLUTION FOUND
solution score : 690

	#choice: 54233
	#fail: 742
	execution time (ms): 118991
	#sols : 133
	completed : false

NEW SOLUTION FOUND
solution score : 691

	#choice: 54506
	#fail: 753
	execution time (ms): 119510
	#sols : 134
	completed : false

NEW SOLUTION FOUND
solution score : 692

	#choice: 54774
	#fail: 754
	execution time (ms): 120019
	#sols : 135
	completed : false

NEW SOLUTION FOUND
solution score : 693

	#choice: 55094
	#fail: 783
	execution time (ms): 120606
	#sols : 136
	completed : false

NEW SOLUTION FOUND
solution score : 694

	#choice: 56311
	#fail: 789
	execution time (ms): 123230
	#sols : 137
	completed : false

NEW SOLUTION FOUND
solution score : 695

	#choice: 56995
	#fail: 808
	execution time (ms): 124587
	#sols : 138
	completed : false

END OF SEARCH

	#choice: 57162
	#fail: 976
	execution time (ms): 124605
	#sols : 138
	completed : true

