INFO
n : 30
nbHoles : 500
nbFile : 5
objective : diagonal
search: dfs
bp : no_bp
branchingScheme : first_fail
oracle : false
truncateRate : 0
START SEARCH
NEW SOLUTION FOUND
solution score : 492

	#choice: 270
	#fail: 0
	execution time (ms): 616
	#sols : 1
	completed : false

NEW SOLUTION FOUND
solution score : 502

	#choice: 321
	#fail: 23
	execution time (ms): 975
	#sols : 2
	completed : false

NEW SOLUTION FOUND
solution score : 529

	#choice: 339
	#fail: 33
	execution time (ms): 1041
	#sols : 3
	completed : false

NEW SOLUTION FOUND
solution score : 534

	#choice: 516
	#fail: 124
	execution time (ms): 1485
	#sols : 4
	completed : false

NEW SOLUTION FOUND
solution score : 538

	#choice: 566
	#fail: 149
	execution time (ms): 1557
	#sols : 5
	completed : false

NEW SOLUTION FOUND
solution score : 540

	#choice: 614
	#fail: 175
	execution time (ms): 1606
	#sols : 6
	completed : false

NEW SOLUTION FOUND
solution score : 542

	#choice: 706
	#fail: 220
	execution time (ms): 1771
	#sols : 7
	completed : false

NEW SOLUTION FOUND
solution score : 543

	#choice: 753
	#fail: 243
	execution time (ms): 1812
	#sols : 8
	completed : false

NEW SOLUTION FOUND
solution score : 550

	#choice: 918
	#fail: 328
	execution time (ms): 2034
	#sols : 9
	completed : false

NEW SOLUTION FOUND
solution score : 555

	#choice: 950
	#fail: 346
	execution time (ms): 2089
	#sols : 10
	completed : false

NEW SOLUTION FOUND
solution score : 556

	#choice: 979
	#fail: 361
	execution time (ms): 2138
	#sols : 11
	completed : false

NEW SOLUTION FOUND
solution score : 558

	#choice: 991
	#fail: 367
	execution time (ms): 2145
	#sols : 12
	completed : false

NEW SOLUTION FOUND
solution score : 559

	#choice: 1217
	#fail: 480
	execution time (ms): 2312
	#sols : 13
	completed : false

NEW SOLUTION FOUND
solution score : 561

	#choice: 1328
	#fail: 536
	execution time (ms): 2430
	#sols : 14
	completed : false

NEW SOLUTION FOUND
solution score : 563

	#choice: 1356
	#fail: 551
	execution time (ms): 2482
	#sols : 15
	completed : false

NEW SOLUTION FOUND
solution score : 564

	#choice: 1948
	#fail: 845
	execution time (ms): 3052
	#sols : 16
	completed : false

NEW SOLUTION FOUND
solution score : 567

	#choice: 2139
	#fail: 939
	execution time (ms): 3244
	#sols : 17
	completed : false

NEW SOLUTION FOUND
solution score : 570

	#choice: 2266
	#fail: 1002
	execution time (ms): 3319
	#sols : 18
	completed : false

NEW SOLUTION FOUND
solution score : 574

	#choice: 2276
	#fail: 1006
	execution time (ms): 3323
	#sols : 19
	completed : false

NEW SOLUTION FOUND
solution score : 577

	#choice: 2293
	#fail: 1019
	execution time (ms): 3341
	#sols : 20
	completed : false

NEW SOLUTION FOUND
solution score : 578

	#choice: 2316
	#fail: 1032
	execution time (ms): 3362
	#sols : 21
	completed : false

NEW SOLUTION FOUND
solution score : 579

	#choice: 2344
	#fail: 1047
	execution time (ms): 3377
	#sols : 22
	completed : false

NEW SOLUTION FOUND
solution score : 580

	#choice: 2364
	#fail: 1058
	execution time (ms): 3388
	#sols : 23
	completed : false

NEW SOLUTION FOUND
solution score : 581

	#choice: 2423
	#fail: 1090
	execution time (ms): 3415
	#sols : 24
	completed : false

NEW SOLUTION FOUND
solution score : 582

	#choice: 2506
	#fail: 1129
	execution time (ms): 3453
	#sols : 25
	completed : false

NEW SOLUTION FOUND
solution score : 586

	#choice: 2804
	#fail: 1278
	execution time (ms): 3660
	#sols : 26
	completed : false

NEW SOLUTION FOUND
solution score : 587

	#choice: 2868
	#fail: 1312
	execution time (ms): 3687
	#sols : 27
	completed : false

NEW SOLUTION FOUND
solution score : 589

	#choice: 3163
	#fail: 1456
	execution time (ms): 3877
	#sols : 28
	completed : false

NEW SOLUTION FOUND
solution score : 591

	#choice: 3287
	#fail: 1520
	execution time (ms): 3956
	#sols : 29
	completed : false

NEW SOLUTION FOUND
solution score : 592

	#choice: 3344
	#fail: 1548
	execution time (ms): 3973
	#sols : 30
	completed : false

NEW SOLUTION FOUND
solution score : 593

	#choice: 3460
	#fail: 1606
	execution time (ms): 4036
	#sols : 31
	completed : false

NEW SOLUTION FOUND
solution score : 594

	#choice: 3699
	#fail: 1725
	execution time (ms): 4178
	#sols : 32
	completed : false

NEW SOLUTION FOUND
solution score : 596

	#choice: 3758
	#fail: 1755
	execution time (ms): 4193
	#sols : 33
	completed : false

NEW SOLUTION FOUND
solution score : 597

	#choice: 3808
	#fail: 1780
	execution time (ms): 4207
	#sols : 34
	completed : false

NEW SOLUTION FOUND
solution score : 598

	#choice: 3893
	#fail: 1826
	execution time (ms): 4247
	#sols : 35
	completed : false

NEW SOLUTION FOUND
solution score : 599

	#choice: 4405
	#fail: 2079
	execution time (ms): 4546
	#sols : 36
	completed : false

NEW SOLUTION FOUND
solution score : 600

	#choice: 4493
	#fail: 2114
	execution time (ms): 4570
	#sols : 37
	completed : false

NEW SOLUTION FOUND
solution score : 601

	#choice: 4574
	#fail: 2160
	execution time (ms): 4590
	#sols : 38
	completed : false

NEW SOLUTION FOUND
solution score : 602

	#choice: 4616
	#fail: 2180
	execution time (ms): 4601
	#sols : 39
	completed : false

NEW SOLUTION FOUND
solution score : 603

	#choice: 4654
	#fail: 2201
	execution time (ms): 4613
	#sols : 40
	completed : false

NEW SOLUTION FOUND
solution score : 604

	#choice: 4707
	#fail: 2232
	execution time (ms): 4628
	#sols : 41
	completed : false

NEW SOLUTION FOUND
solution score : 605

	#choice: 4729
	#fail: 2244
	execution time (ms): 4641
	#sols : 42
	completed : false

NEW SOLUTION FOUND
solution score : 606

	#choice: 4788
	#fail: 2265
	execution time (ms): 4660
	#sols : 43
	completed : false

NEW SOLUTION FOUND
solution score : 607

	#choice: 4830
	#fail: 2292
	execution time (ms): 4674
	#sols : 44
	completed : false

NEW SOLUTION FOUND
solution score : 608

	#choice: 4894
	#fail: 2320
	execution time (ms): 4713
	#sols : 45
	completed : false

NEW SOLUTION FOUND
solution score : 609

	#choice: 4961
	#fail: 2357
	execution time (ms): 4733
	#sols : 46
	completed : false

NEW SOLUTION FOUND
solution score : 610

	#choice: 4994
	#fail: 2373
	execution time (ms): 4745
	#sols : 47
	completed : false

NEW SOLUTION FOUND
solution score : 612

	#choice: 5097
	#fail: 2419
	execution time (ms): 4784
	#sols : 48
	completed : false

NEW SOLUTION FOUND
solution score : 613

	#choice: 5163
	#fail: 2454
	execution time (ms): 4798
	#sols : 49
	completed : false

NEW SOLUTION FOUND
solution score : 614

	#choice: 5289
	#fail: 2521
	execution time (ms): 4856
	#sols : 50
	completed : false

NEW SOLUTION FOUND
solution score : 615

	#choice: 5327
	#fail: 2539
	execution time (ms): 4869
	#sols : 51
	completed : false

NEW SOLUTION FOUND
solution score : 616

	#choice: 5386
	#fail: 2571
	execution time (ms): 4920
	#sols : 52
	completed : false

NEW SOLUTION FOUND
solution score : 617

	#choice: 5418
	#fail: 2584
	execution time (ms): 4933
	#sols : 53
	completed : false

NEW SOLUTION FOUND
solution score : 618

	#choice: 5473
	#fail: 2612
	execution time (ms): 4988
	#sols : 54
	completed : false

NEW SOLUTION FOUND
solution score : 619

	#choice: 5524
	#fail: 2641
	execution time (ms): 5015
	#sols : 55
	completed : false

NEW SOLUTION FOUND
solution score : 620

	#choice: 5550
	#fail: 2653
	execution time (ms): 5026
	#sols : 56
	completed : false

NEW SOLUTION FOUND
solution score : 621

	#choice: 5606
	#fail: 2676
	execution time (ms): 5043
	#sols : 57
	completed : false

NEW SOLUTION FOUND
solution score : 622

	#choice: 5671
	#fail: 2711
	execution time (ms): 5091
	#sols : 58
	completed : false

NEW SOLUTION FOUND
solution score : 623

	#choice: 5701
	#fail: 2727
	execution time (ms): 5132
	#sols : 59
	completed : false

NEW SOLUTION FOUND
solution score : 625

	#choice: 5992
	#fail: 2874
	execution time (ms): 5340
	#sols : 60
	completed : false

NEW SOLUTION FOUND
solution score : 626

	#choice: 6094
	#fail: 2925
	execution time (ms): 5377
	#sols : 61
	completed : false

NEW SOLUTION FOUND
solution score : 630

	#choice: 6366
	#fail: 3059
	execution time (ms): 5524
	#sols : 62
	completed : false

NEW SOLUTION FOUND
solution score : 631

	#choice: 6458
	#fail: 3106
	execution time (ms): 5580
	#sols : 63
	completed : false

NEW SOLUTION FOUND
solution score : 633

	#choice: 6814
	#fail: 3288
	execution time (ms): 5739
	#sols : 64
	completed : false

NEW SOLUTION FOUND
solution score : 634

	#choice: 7020
	#fail: 3384
	execution time (ms): 5831
	#sols : 65
	completed : false

NEW SOLUTION FOUND
solution score : 635

	#choice: 7109
	#fail: 3432
	execution time (ms): 5851
	#sols : 66
	completed : false

NEW SOLUTION FOUND
solution score : 636

	#choice: 7187
	#fail: 3474
	execution time (ms): 5880
	#sols : 67
	completed : false

NEW SOLUTION FOUND
solution score : 637

	#choice: 7367
	#fail: 3559
	execution time (ms): 5977
	#sols : 68
	completed : false

NEW SOLUTION FOUND
solution score : 638

	#choice: 7459
	#fail: 3608
	execution time (ms): 6008
	#sols : 69
	completed : false

NEW SOLUTION FOUND
solution score : 639

	#choice: 7520
	#fail: 3639
	execution time (ms): 6024
	#sols : 70
	completed : false

NEW SOLUTION FOUND
solution score : 640

	#choice: 7639
	#fail: 3701
	execution time (ms): 6072
	#sols : 71
	completed : false

NEW SOLUTION FOUND
solution score : 641

	#choice: 7921
	#fail: 3838
	execution time (ms): 6199
	#sols : 72
	completed : false

NEW SOLUTION FOUND
solution score : 642

	#choice: 8019
	#fail: 3892
	execution time (ms): 6233
	#sols : 73
	completed : false

NEW SOLUTION FOUND
solution score : 643

	#choice: 8272
	#fail: 4012
	execution time (ms): 6386
	#sols : 74
	completed : false

NEW SOLUTION FOUND
solution score : 644

	#choice: 8575
	#fail: 4164
	execution time (ms): 6552
	#sols : 75
	completed : false

NEW SOLUTION FOUND
solution score : 645

	#choice: 8765
	#fail: 4261
	execution time (ms): 6636
	#sols : 76
	completed : false

NEW SOLUTION FOUND
solution score : 646

	#choice: 8980
	#fail: 4365
	execution time (ms): 6710
	#sols : 77
	completed : false

NEW SOLUTION FOUND
solution score : 647

	#choice: 9147
	#fail: 4451
	execution time (ms): 6752
	#sols : 78
	completed : false

NEW SOLUTION FOUND
solution score : 648

	#choice: 10054
	#fail: 4903
	execution time (ms): 7585
	#sols : 79
	completed : false

NEW SOLUTION FOUND
solution score : 649

	#choice: 10831
	#fail: 5297
	execution time (ms): 8034
	#sols : 80
	completed : false

NEW SOLUTION FOUND
solution score : 650

	#choice: 11281
	#fail: 5515
	execution time (ms): 8234
	#sols : 81
	completed : false

NEW SOLUTION FOUND
solution score : 651

	#choice: 11446
	#fail: 5598
	execution time (ms): 8270
	#sols : 82
	completed : false

NEW SOLUTION FOUND
solution score : 652

	#choice: 12324
	#fail: 6037
	execution time (ms): 8742
	#sols : 83
	completed : false

NEW SOLUTION FOUND
solution score : 653

	#choice: 12482
	#fail: 6116
	execution time (ms): 8773
	#sols : 84
	completed : false

NEW SOLUTION FOUND
solution score : 654

	#choice: 14711
	#fail: 7229
	execution time (ms): 10025
	#sols : 85
	completed : false

NEW SOLUTION FOUND
solution score : 655

	#choice: 14922
	#fail: 7342
	execution time (ms): 10063
	#sols : 86
	completed : false

NEW SOLUTION FOUND
solution score : 656

	#choice: 15844
	#fail: 7804
	execution time (ms): 10608
	#sols : 87
	completed : false

NEW SOLUTION FOUND
solution score : 657

	#choice: 17358
	#fail: 8557
	execution time (ms): 11470
	#sols : 88
	completed : false

NEW SOLUTION FOUND
solution score : 658

	#choice: 17568
	#fail: 8662
	execution time (ms): 11519
	#sols : 89
	completed : false

NEW SOLUTION FOUND
solution score : 659

	#choice: 17806
	#fail: 8780
	execution time (ms): 11572
	#sols : 90
	completed : false

NEW SOLUTION FOUND
solution score : 660

	#choice: 18031
	#fail: 8891
	execution time (ms): 11623
	#sols : 91
	completed : false

NEW SOLUTION FOUND
solution score : 661

	#choice: 18280
	#fail: 9023
	execution time (ms): 11708
	#sols : 92
	completed : false

NEW SOLUTION FOUND
solution score : 662

	#choice: 18489
	#fail: 9121
	execution time (ms): 11761
	#sols : 93
	completed : false

NEW SOLUTION FOUND
solution score : 663

	#choice: 18748
	#fail: 9262
	execution time (ms): 11859
	#sols : 94
	completed : false

NEW SOLUTION FOUND
solution score : 664

	#choice: 19032
	#fail: 9395
	execution time (ms): 11973
	#sols : 95
	completed : false

NEW SOLUTION FOUND
solution score : 665

	#choice: 19616
	#fail: 9684
	execution time (ms): 12291
	#sols : 96
	completed : false

NEW SOLUTION FOUND
solution score : 666

	#choice: 19935
	#fail: 9845
	execution time (ms): 12409
	#sols : 97
	completed : false

NEW SOLUTION FOUND
solution score : 667

	#choice: 20138
	#fail: 9950
	execution time (ms): 12448
	#sols : 98
	completed : false

NEW SOLUTION FOUND
solution score : 668

	#choice: 20972
	#fail: 10363
	execution time (ms): 12871
	#sols : 99
	completed : false

NEW SOLUTION FOUND
solution score : 669

	#choice: 21219
	#fail: 10493
	execution time (ms): 12947
	#sols : 100
	completed : false

NEW SOLUTION FOUND
solution score : 670

	#choice: 21412
	#fail: 10590
	execution time (ms): 12992
	#sols : 101
	completed : false

NEW SOLUTION FOUND
solution score : 671

	#choice: 21613
	#fail: 10685
	execution time (ms): 13039
	#sols : 102
	completed : false

NEW SOLUTION FOUND
solution score : 672

	#choice: 21865
	#fail: 10816
	execution time (ms): 13119
	#sols : 103
	completed : false

NEW SOLUTION FOUND
solution score : 673

	#choice: 22065
	#fail: 10913
	execution time (ms): 13161
	#sols : 104
	completed : false

NEW SOLUTION FOUND
solution score : 674

	#choice: 151161
	#fail: 75459
	execution time (ms): 82485
	#sols : 105
	completed : false

NEW SOLUTION FOUND
solution score : 675

	#choice: 151651
	#fail: 75702
	execution time (ms): 82727
	#sols : 106
	completed : false

NEW SOLUTION FOUND
solution score : 676

	#choice: 152036
	#fail: 75902
	execution time (ms): 82878
	#sols : 107
	completed : false

NEW SOLUTION FOUND
solution score : 677

	#choice: 152365
	#fail: 76068
	execution time (ms): 83000
	#sols : 108
	completed : false

NEW SOLUTION FOUND
solution score : 678

	#choice: 152798
	#fail: 76274
	execution time (ms): 83187
	#sols : 109
	completed : false

NEW SOLUTION FOUND
solution score : 679

	#choice: 153090
	#fail: 76421
	execution time (ms): 83245
	#sols : 110
	completed : false

NEW SOLUTION FOUND
solution score : 680

	#choice: 153395
	#fail: 76575
	execution time (ms): 83308
	#sols : 111
	completed : false

NEW SOLUTION FOUND
solution score : 681

	#choice: 153689
	#fail: 76720
	execution time (ms): 83367
	#sols : 112
	completed : false

NEW SOLUTION FOUND
solution score : 682

	#choice: 153985
	#fail: 76869
	execution time (ms): 83425
	#sols : 113
	completed : false

NEW SOLUTION FOUND
solution score : 683

	#choice: 157406
	#fail: 78575
	execution time (ms): 85475
	#sols : 114
	completed : false

NEW SOLUTION FOUND
solution score : 684

	#choice: 158294
	#fail: 79017
	execution time (ms): 85831
	#sols : 115
	completed : false

NEW SOLUTION FOUND
solution score : 685

	#choice: 158604
	#fail: 79182
	execution time (ms): 85894
	#sols : 116
	completed : false

NEW SOLUTION FOUND
solution score : 686

	#choice: 158923
	#fail: 79341
	execution time (ms): 85972
	#sols : 117
	completed : false

NEW SOLUTION FOUND
solution score : 687

	#choice: 159375
	#fail: 79572
	execution time (ms): 86154
	#sols : 118
	completed : false

NEW SOLUTION FOUND
solution score : 688

	#choice: 160288
	#fail: 80025
	execution time (ms): 86604
	#sols : 119
	completed : false

NEW SOLUTION FOUND
solution score : 689

	#choice: 160969
	#fail: 80365
	execution time (ms): 86953
	#sols : 120
	completed : false

NEW SOLUTION FOUND
solution score : 690

	#choice: 162147
	#fail: 80949
	execution time (ms): 87620
	#sols : 121
	completed : false

NEW SOLUTION FOUND
solution score : 691

	#choice: 162428
	#fail: 81098
	execution time (ms): 87674
	#sols : 122
	completed : false

NEW SOLUTION FOUND
solution score : 692

	#choice: 163299
	#fail: 81524
	execution time (ms): 88190
	#sols : 123
	completed : false

NEW SOLUTION FOUND
solution score : 693

	#choice: 163614
	#fail: 81689
	execution time (ms): 88264
	#sols : 124
	completed : false

NEW SOLUTION FOUND
solution score : 694

	#choice: 164068
	#fail: 81909
	execution time (ms): 88417
	#sols : 125
	completed : false

NEW SOLUTION FOUND
solution score : 695

	#choice: 164345
	#fail: 82059
	execution time (ms): 88474
	#sols : 126
	completed : false

NEW SOLUTION FOUND
solution score : 696

	#choice: 164647
	#fail: 82199
	execution time (ms): 88547
	#sols : 127
	completed : false

NEW SOLUTION FOUND
solution score : 697

	#choice: 165077
	#fail: 82423
	execution time (ms): 88728
	#sols : 128
	completed : false

NEW SOLUTION FOUND
solution score : 698

	#choice: 165361
	#fail: 82559
	execution time (ms): 88790
	#sols : 129
	completed : false

NEW SOLUTION FOUND
solution score : 699

	#choice: 165652
	#fail: 82703
	execution time (ms): 88846
	#sols : 130
	completed : false

NEW SOLUTION FOUND
solution score : 700

	#choice: 166004
	#fail: 82883
	execution time (ms): 88940
	#sols : 131
	completed : false

NEW SOLUTION FOUND
solution score : 701

	#choice: 166335
	#fail: 83046
	execution time (ms): 89007
	#sols : 132
	completed : false

NEW SOLUTION FOUND
solution score : 702

	#choice: 166663
	#fail: 83213
	execution time (ms): 89070
	#sols : 133
	completed : false

NEW SOLUTION FOUND
solution score : 703

	#choice: 166998
	#fail: 83375
	execution time (ms): 89137
	#sols : 134
	completed : false

NEW SOLUTION FOUND
solution score : 704

	#choice: 167327
	#fail: 83545
	execution time (ms): 89197
	#sols : 135
	completed : false

NEW SOLUTION FOUND
solution score : 705

	#choice: 167678
	#fail: 83720
	execution time (ms): 89283
	#sols : 136
	completed : false

NEW SOLUTION FOUND
solution score : 706

	#choice: 169706
	#fail: 84733
	execution time (ms): 90487
	#sols : 137
	completed : false

NEW SOLUTION FOUND
solution score : 707

	#choice: 170325
	#fail: 85043
	execution time (ms): 90761
	#sols : 138
	completed : false

NEW SOLUTION FOUND
solution score : 708

	#choice: 170663
	#fail: 85208
	execution time (ms): 90830
	#sols : 139
	completed : false

NEW SOLUTION FOUND
solution score : 709

	#choice: 171013
	#fail: 85386
	execution time (ms): 90904
	#sols : 140
	completed : false

NEW SOLUTION FOUND
solution score : 710

	#choice: 171460
	#fail: 85610
	execution time (ms): 91031
	#sols : 141
	completed : false

NEW SOLUTION FOUND
solution score : 711

	#choice: 172534
	#fail: 86159
	execution time (ms): 91649
	#sols : 142
	completed : false

NEW SOLUTION FOUND
solution score : 712

	#choice: 172864
	#fail: 86314
	execution time (ms): 91729
	#sols : 143
	completed : false

NEW SOLUTION FOUND
solution score : 713

	#choice: 173312
	#fail: 86539
	execution time (ms): 91878
	#sols : 144
	completed : false

NEW SOLUTION FOUND
solution score : 714

	#choice: 173631
	#fail: 86696
	execution time (ms): 91943
	#sols : 145
	completed : false

NEW SOLUTION FOUND
solution score : 715

	#choice: 174030
	#fail: 86897
	execution time (ms): 92062
	#sols : 146
	completed : false

NEW SOLUTION FOUND
solution score : 716

	#choice: 174757
	#fail: 87260
	execution time (ms): 92342
	#sols : 147
	completed : false

NEW SOLUTION FOUND
solution score : 717

	#choice: 175071
	#fail: 87419
	execution time (ms): 92400
	#sols : 148
	completed : false

NEW SOLUTION FOUND
solution score : 718

	#choice: 176144
	#fail: 87948
	execution time (ms): 92995
	#sols : 149
	completed : false

NEW SOLUTION FOUND
solution score : 719

	#choice: 176488
	#fail: 88123
	execution time (ms): 93060
	#sols : 150
	completed : false

NEW SOLUTION FOUND
solution score : 720

	#choice: 177431
	#fail: 88599
	execution time (ms): 93439
	#sols : 151
	completed : false

NEW SOLUTION FOUND
solution score : 721

	#choice: 178003
	#fail: 88874
	execution time (ms): 93651
	#sols : 152
	completed : false

NEW SOLUTION FOUND
solution score : 722

	#choice: 180091
	#fail: 89927
	execution time (ms): 94896
	#sols : 153
	completed : false

NEW SOLUTION FOUND
solution score : 723

	#choice: 188583
	#fail: 94170
	execution time (ms): 100604
	#sols : 154
	completed : false

NEW SOLUTION FOUND
solution score : 724

	#choice: 188963
	#fail: 94369
	execution time (ms): 100710
	#sols : 155
	completed : false

NEW SOLUTION FOUND
solution score : 725

	#choice: 189290
	#fail: 94522
	execution time (ms): 100776
	#sols : 156
	completed : false

NEW SOLUTION FOUND
solution score : 726

	#choice: 190452
	#fail: 95108
	execution time (ms): 101404
	#sols : 157
	completed : false

NEW SOLUTION FOUND
solution score : 727

	#choice: 190838
	#fail: 95296
	execution time (ms): 101494
	#sols : 158
	completed : false

NEW SOLUTION FOUND
solution score : 728

	#choice: 191260
	#fail: 95505
	execution time (ms): 101609
	#sols : 159
	completed : false

NEW SOLUTION FOUND
solution score : 729

	#choice: 191738
	#fail: 95747
	execution time (ms): 101742
	#sols : 160
	completed : false

NEW SOLUTION FOUND
solution score : 730

	#choice: 192183
	#fail: 95967
	execution time (ms): 101858
	#sols : 161
	completed : false

NEW SOLUTION FOUND
solution score : 731

	#choice: 192533
	#fail: 96151
	execution time (ms): 101927
	#sols : 162
	completed : false

NEW SOLUTION FOUND
solution score : 732

	#choice: 193081
	#fail: 96422
	execution time (ms): 102141
	#sols : 163
	completed : false

NEW SOLUTION FOUND
solution score : 733

	#choice: 193479
	#fail: 96613
	execution time (ms): 102240
	#sols : 164
	completed : false

NEW SOLUTION FOUND
solution score : 734

	#choice: 193889
	#fail: 96824
	execution time (ms): 102330
	#sols : 165
	completed : false

NEW SOLUTION FOUND
solution score : 735

	#choice: 195299
	#fail: 97530
	execution time (ms): 103103
	#sols : 166
	completed : false

NEW SOLUTION FOUND
solution score : 736

	#choice: 195799
	#fail: 97781
	execution time (ms): 103265
	#sols : 167
	completed : false

NEW SOLUTION FOUND
solution score : 737

	#choice: 196158
	#fail: 97965
	execution time (ms): 103345
	#sols : 168
	completed : false

NEW SOLUTION FOUND
solution score : 738

	#choice: 196651
	#fail: 98206
	execution time (ms): 103487
	#sols : 169
	completed : false

NEW SOLUTION FOUND
solution score : 739

	#choice: 197076
	#fail: 98417
	execution time (ms): 103569
	#sols : 170
	completed : false

NEW SOLUTION FOUND
solution score : 740

	#choice: 197564
	#fail: 98663
	execution time (ms): 103685
	#sols : 171
	completed : false

NEW SOLUTION FOUND
solution score : 741

	#choice: 199124
	#fail: 99449
	execution time (ms): 104400
	#sols : 172
	completed : false

NEW SOLUTION FOUND
solution score : 742

	#choice: 200015
	#fail: 99892
	execution time (ms): 104773
	#sols : 173
	completed : false

NEW SOLUTION FOUND
solution score : 743

	#choice: 200418
	#fail: 100093
	execution time (ms): 104854
	#sols : 174
	completed : false

NEW SOLUTION FOUND
solution score : 744

	#choice: 200916
	#fail: 100341
	execution time (ms): 104989
	#sols : 175
	completed : false

NEW SOLUTION FOUND
solution score : 745

	#choice: 201383
	#fail: 100571
	execution time (ms): 105087
	#sols : 176
	completed : false

NEW SOLUTION FOUND
solution score : 746

	#choice: 207881
	#fail: 103826
	execution time (ms): 109216
	#sols : 177
	completed : false

NEW SOLUTION FOUND
solution score : 747

	#choice: 208652
	#fail: 104210
	execution time (ms): 109577
	#sols : 178
	completed : false

NEW SOLUTION FOUND
solution score : 748

	#choice: 209203
	#fail: 104484
	execution time (ms): 109739
	#sols : 179
	completed : false

NEW SOLUTION FOUND
solution score : 749

	#choice: 209661
	#fail: 104711
	execution time (ms): 109829
	#sols : 180
	completed : false

NEW SOLUTION FOUND
solution score : 750

	#choice: 210280
	#fail: 105023
	execution time (ms): 110036
	#sols : 181
	completed : false

NEW SOLUTION FOUND
solution score : 751

	#choice: 210730
	#fail: 105250
	execution time (ms): 110124
	#sols : 182
	completed : false

NEW SOLUTION FOUND
solution score : 752

	#choice: 211309
	#fail: 105534
	execution time (ms): 110288
	#sols : 183
	completed : false

NEW SOLUTION FOUND
solution score : 753

	#choice: 211893
	#fail: 105834
	execution time (ms): 110490
	#sols : 184
	completed : false

NEW SOLUTION FOUND
solution score : 754

	#choice: 212370
	#fail: 106068
	execution time (ms): 110598
	#sols : 185
	completed : false

END OF SEARCH

	#choice: 212604
	#fail: 106303
	execution time (ms): 110598
	#sols : 185
	completed : true

