INFO
n : 30
nbHoles : 500
nbFile : 2
objective : diagonal
search: dfs
bp : sum_product
branchingScheme : max_marginal_strength
oracle : false
truncateRate : 0
START SEARCH
NEW SOLUTION FOUND
solution score : 429

	#choice: 362
	#fail: 0
	execution time (ms): 2568
	#sols : 1
	completed : false

NEW SOLUTION FOUND
solution score : 441

	#choice: 440
	#fail: 37
	execution time (ms): 2757
	#sols : 2
	completed : false

NEW SOLUTION FOUND
solution score : 453

	#choice: 531
	#fail: 82
	execution time (ms): 2974
	#sols : 3
	completed : false

NEW SOLUTION FOUND
solution score : 458

	#choice: 729
	#fail: 173
	execution time (ms): 3329
	#sols : 4
	completed : false

NEW SOLUTION FOUND
solution score : 461

	#choice: 738
	#fail: 179
	execution time (ms): 3341
	#sols : 5
	completed : false

NEW SOLUTION FOUND
solution score : 462

	#choice: 849
	#fail: 245
	execution time (ms): 3534
	#sols : 6
	completed : false

NEW SOLUTION FOUND
solution score : 463

	#choice: 966
	#fail: 293
	execution time (ms): 3774
	#sols : 7
	completed : false

NEW SOLUTION FOUND
solution score : 464

	#choice: 1091
	#fail: 359
	execution time (ms): 3962
	#sols : 8
	completed : false

NEW SOLUTION FOUND
solution score : 471

	#choice: 1284
	#fail: 458
	execution time (ms): 4387
	#sols : 9
	completed : false

NEW SOLUTION FOUND
solution score : 472

	#choice: 1440
	#fail: 539
	execution time (ms): 4701
	#sols : 10
	completed : false

NEW SOLUTION FOUND
solution score : 480

	#choice: 1635
	#fail: 633
	execution time (ms): 5089
	#sols : 11
	completed : false

NEW SOLUTION FOUND
solution score : 481

	#choice: 1720
	#fail: 674
	execution time (ms): 5198
	#sols : 12
	completed : false

NEW SOLUTION FOUND
solution score : 482

	#choice: 1729
	#fail: 679
	execution time (ms): 5214
	#sols : 13
	completed : false

NEW SOLUTION FOUND
solution score : 485

	#choice: 1916
	#fail: 778
	execution time (ms): 5399
	#sols : 14
	completed : false

NEW SOLUTION FOUND
solution score : 489

	#choice: 2088
	#fail: 866
	execution time (ms): 5552
	#sols : 15
	completed : false

NEW SOLUTION FOUND
solution score : 490

	#choice: 2101
	#fail: 872
	execution time (ms): 5560
	#sols : 16
	completed : false

NEW SOLUTION FOUND
solution score : 492

	#choice: 2298
	#fail: 966
	execution time (ms): 5709
	#sols : 17
	completed : false

NEW SOLUTION FOUND
solution score : 500

	#choice: 2539
	#fail: 1083
	execution time (ms): 5908
	#sols : 18
	completed : false

NEW SOLUTION FOUND
solution score : 507

	#choice: 2611
	#fail: 1124
	execution time (ms): 5961
	#sols : 19
	completed : false

NEW SOLUTION FOUND
solution score : 512

	#choice: 2721
	#fail: 1178
	execution time (ms): 6058
	#sols : 20
	completed : false

NEW SOLUTION FOUND
solution score : 513

	#choice: 2877
	#fail: 1253
	execution time (ms): 6162
	#sols : 21
	completed : false

NEW SOLUTION FOUND
solution score : 532

	#choice: 3165
	#fail: 1394
	execution time (ms): 6437
	#sols : 22
	completed : false

NEW SOLUTION FOUND
solution score : 537

	#choice: 3274
	#fail: 1447
	execution time (ms): 6509
	#sols : 23
	completed : false

NEW SOLUTION FOUND
solution score : 539

	#choice: 3569
	#fail: 1604
	execution time (ms): 6769
	#sols : 24
	completed : false

NEW SOLUTION FOUND
solution score : 540

	#choice: 3850
	#fail: 1743
	execution time (ms): 7003
	#sols : 25
	completed : false

NEW SOLUTION FOUND
solution score : 545

	#choice: 3902
	#fail: 1766
	execution time (ms): 7038
	#sols : 26
	completed : false

NEW SOLUTION FOUND
solution score : 547

	#choice: 4009
	#fail: 1820
	execution time (ms): 7098
	#sols : 27
	completed : false

NEW SOLUTION FOUND
solution score : 551

	#choice: 4119
	#fail: 1878
	execution time (ms): 7160
	#sols : 28
	completed : false

NEW SOLUTION FOUND
solution score : 553

	#choice: 4226
	#fail: 1934
	execution time (ms): 7245
	#sols : 29
	completed : false

NEW SOLUTION FOUND
solution score : 561

	#choice: 4521
	#fail: 2077
	execution time (ms): 7513
	#sols : 30
	completed : false

NEW SOLUTION FOUND
solution score : 563

	#choice: 4917
	#fail: 2278
	execution time (ms): 7892
	#sols : 31
	completed : false

NEW SOLUTION FOUND
solution score : 564

	#choice: 5319
	#fail: 2479
	execution time (ms): 8206
	#sols : 32
	completed : false

NEW SOLUTION FOUND
solution score : 577

	#choice: 5764
	#fail: 2698
	execution time (ms): 8575
	#sols : 33
	completed : false

NEW SOLUTION FOUND
solution score : 579

	#choice: 6182
	#fail: 2901
	execution time (ms): 8919
	#sols : 34
	completed : false

NEW SOLUTION FOUND
solution score : 580

	#choice: 6619
	#fail: 3123
	execution time (ms): 9256
	#sols : 35
	completed : false

NEW SOLUTION FOUND
solution score : 584

	#choice: 7091
	#fail: 3365
	execution time (ms): 9608
	#sols : 36
	completed : false

NEW SOLUTION FOUND
solution score : 587

	#choice: 7386
	#fail: 3505
	execution time (ms): 9847
	#sols : 37
	completed : false

NEW SOLUTION FOUND
solution score : 588

	#choice: 7652
	#fail: 3646
	execution time (ms): 10095
	#sols : 38
	completed : false

NEW SOLUTION FOUND
solution score : 595

	#choice: 7980
	#fail: 3807
	execution time (ms): 10370
	#sols : 39
	completed : false

NEW SOLUTION FOUND
solution score : 596

	#choice: 8450
	#fail: 4044
	execution time (ms): 10722
	#sols : 40
	completed : false

NEW SOLUTION FOUND
solution score : 597

	#choice: 8875
	#fail: 4255
	execution time (ms): 11073
	#sols : 41
	completed : false

NEW SOLUTION FOUND
solution score : 600

	#choice: 9355
	#fail: 4495
	execution time (ms): 11708
	#sols : 42
	completed : false

NEW SOLUTION FOUND
solution score : 606

	#choice: 9862
	#fail: 4751
	execution time (ms): 12189
	#sols : 43
	completed : false

NEW SOLUTION FOUND
solution score : 607

	#choice: 10232
	#fail: 4934
	execution time (ms): 12491
	#sols : 44
	completed : false

NEW SOLUTION FOUND
solution score : 612

	#choice: 10744
	#fail: 5191
	execution time (ms): 12990
	#sols : 45
	completed : false

NEW SOLUTION FOUND
solution score : 613

	#choice: 10993
	#fail: 5317
	execution time (ms): 13244
	#sols : 46
	completed : false

NEW SOLUTION FOUND
solution score : 616

	#choice: 11471
	#fail: 5555
	execution time (ms): 13581
	#sols : 47
	completed : false

NEW SOLUTION FOUND
solution score : 619

	#choice: 12015
	#fail: 5825
	execution time (ms): 13975
	#sols : 48
	completed : false

NEW SOLUTION FOUND
solution score : 627

	#choice: 12577
	#fail: 6101
	execution time (ms): 14562
	#sols : 49
	completed : false

NEW SOLUTION FOUND
solution score : 629

	#choice: 12983
	#fail: 6308
	execution time (ms): 14844
	#sols : 50
	completed : false

NEW SOLUTION FOUND
solution score : 634

	#choice: 13556
	#fail: 6588
	execution time (ms): 15276
	#sols : 51
	completed : false

NEW SOLUTION FOUND
solution score : 637

	#choice: 14161
	#fail: 6893
	execution time (ms): 15692
	#sols : 52
	completed : false

NEW SOLUTION FOUND
solution score : 642

	#choice: 14444
	#fail: 7034
	execution time (ms): 15918
	#sols : 53
	completed : false

NEW SOLUTION FOUND
solution score : 643

	#choice: 14939
	#fail: 7286
	execution time (ms): 16323
	#sols : 54
	completed : false

NEW SOLUTION FOUND
solution score : 645

	#choice: 15272
	#fail: 7453
	execution time (ms): 16588
	#sols : 55
	completed : false

NEW SOLUTION FOUND
solution score : 649

	#choice: 15889
	#fail: 7766
	execution time (ms): 17086
	#sols : 56
	completed : false

NEW SOLUTION FOUND
solution score : 655

	#choice: 16506
	#fail: 8071
	execution time (ms): 17564
	#sols : 57
	completed : false

NEW SOLUTION FOUND
solution score : 657

	#choice: 16848
	#fail: 8246
	execution time (ms): 17827
	#sols : 58
	completed : false

NEW SOLUTION FOUND
solution score : 670

	#choice: 17479
	#fail: 8556
	execution time (ms): 18321
	#sols : 59
	completed : false

NEW SOLUTION FOUND
solution score : 677

	#choice: 18134
	#fail: 8885
	execution time (ms): 18810
	#sols : 60
	completed : false

NEW SOLUTION FOUND
solution score : 682

	#choice: 18787
	#fail: 9212
	execution time (ms): 19368
	#sols : 61
	completed : false

NEW SOLUTION FOUND
solution score : 684

	#choice: 19440
	#fail: 9540
	execution time (ms): 19846
	#sols : 62
	completed : false

NEW SOLUTION FOUND
solution score : 696

	#choice: 20087
	#fail: 9866
	execution time (ms): 20351
	#sols : 63
	completed : false

NEW SOLUTION FOUND
solution score : 698

	#choice: 20754
	#fail: 10199
	execution time (ms): 20879
	#sols : 64
	completed : false

NEW SOLUTION FOUND
solution score : 703

	#choice: 21436
	#fail: 10537
	execution time (ms): 21431
	#sols : 65
	completed : false

NEW SOLUTION FOUND
solution score : 704

	#choice: 21700
	#fail: 10667
	execution time (ms): 21667
	#sols : 66
	completed : false

NEW SOLUTION FOUND
solution score : 706

	#choice: 22364
	#fail: 10995
	execution time (ms): 22155
	#sols : 67
	completed : false

NEW SOLUTION FOUND
solution score : 708

	#choice: 23046
	#fail: 11337
	execution time (ms): 22674
	#sols : 68
	completed : false

NEW SOLUTION FOUND
solution score : 712

	#choice: 23757
	#fail: 11694
	execution time (ms): 23234
	#sols : 69
	completed : false

END OF SEARCH

	#choice: 24126
	#fail: 12064
	execution time (ms): 23239
	#sols : 69
	completed : true

