INFO
n : 30
nbHoles : 500
nbFile : 9
objective : diagonal
search: dfs
bp : sum_product
branchingScheme : max_marginal_regret
oracle : false
truncateRate : 0
START SEARCH
NEW SOLUTION FOUND
solution score : 441

	#choice: 505
	#fail: 121
	execution time (ms): 3225
	#sols : 1
	completed : false

NEW SOLUTION FOUND
solution score : 453

	#choice: 593
	#fail: 168
	execution time (ms): 3458
	#sols : 2
	completed : false

NEW SOLUTION FOUND
solution score : 458

	#choice: 1275
	#fail: 509
	execution time (ms): 4782
	#sols : 3
	completed : false

NEW SOLUTION FOUND
solution score : 466

	#choice: 1288
	#fail: 518
	execution time (ms): 4803
	#sols : 4
	completed : false

NEW SOLUTION FOUND
solution score : 467

	#choice: 1299
	#fail: 523
	execution time (ms): 4831
	#sols : 5
	completed : false

NEW SOLUTION FOUND
solution score : 475

	#choice: 1300
	#fail: 524
	execution time (ms): 4832
	#sols : 6
	completed : false

NEW SOLUTION FOUND
solution score : 481

	#choice: 1409
	#fail: 577
	execution time (ms): 5017
	#sols : 7
	completed : false

NEW SOLUTION FOUND
solution score : 491

	#choice: 2217
	#fail: 984
	execution time (ms): 5980
	#sols : 8
	completed : false

NEW SOLUTION FOUND
solution score : 492

	#choice: 3224
	#fail: 1486
	execution time (ms): 6951
	#sols : 9
	completed : false

NEW SOLUTION FOUND
solution score : 499

	#choice: 3338
	#fail: 1545
	execution time (ms): 7033
	#sols : 10
	completed : false

NEW SOLUTION FOUND
solution score : 501

	#choice: 3679
	#fail: 1714
	execution time (ms): 7329
	#sols : 11
	completed : false

NEW SOLUTION FOUND
solution score : 507

	#choice: 6353
	#fail: 3051
	execution time (ms): 9485
	#sols : 12
	completed : false

NEW SOLUTION FOUND
solution score : 509

	#choice: 7496
	#fail: 3626
	execution time (ms): 10686
	#sols : 13
	completed : false

NEW SOLUTION FOUND
solution score : 515

	#choice: 9077
	#fail: 4417
	execution time (ms): 11919
	#sols : 14
	completed : false

NEW SOLUTION FOUND
solution score : 516

	#choice: 9170
	#fail: 4466
	execution time (ms): 12010
	#sols : 15
	completed : false

NEW SOLUTION FOUND
solution score : 522

	#choice: 10303
	#fail: 5033
	execution time (ms): 13546
	#sols : 16
	completed : false

NEW SOLUTION FOUND
solution score : 523

	#choice: 13895
	#fail: 6826
	execution time (ms): 18029
	#sols : 17
	completed : false

NEW SOLUTION FOUND
solution score : 524

	#choice: 13927
	#fail: 6842
	execution time (ms): 18089
	#sols : 18
	completed : false

NEW SOLUTION FOUND
solution score : 525

	#choice: 13981
	#fail: 6870
	execution time (ms): 18224
	#sols : 19
	completed : false

NEW SOLUTION FOUND
solution score : 532

	#choice: 14041
	#fail: 6895
	execution time (ms): 18322
	#sols : 20
	completed : false

NEW SOLUTION FOUND
solution score : 534

	#choice: 14687
	#fail: 7220
	execution time (ms): 18904
	#sols : 21
	completed : false

NEW SOLUTION FOUND
solution score : 540

	#choice: 14998
	#fail: 7379
	execution time (ms): 19236
	#sols : 22
	completed : false

NEW SOLUTION FOUND
solution score : 542

	#choice: 15079
	#fail: 7416
	execution time (ms): 19336
	#sols : 23
	completed : false

NEW SOLUTION FOUND
solution score : 543

	#choice: 24693
	#fail: 12221
	execution time (ms): 26246
	#sols : 24
	completed : false

NEW SOLUTION FOUND
solution score : 544

	#choice: 26308
	#fail: 13033
	execution time (ms): 27325
	#sols : 25
	completed : false

NEW SOLUTION FOUND
solution score : 554

	#choice: 26700
	#fail: 13225
	execution time (ms): 27985
	#sols : 26
	completed : false

NEW SOLUTION FOUND
solution score : 555

	#choice: 26839
	#fail: 13291
	execution time (ms): 28101
	#sols : 27
	completed : false

NEW SOLUTION FOUND
solution score : 556

	#choice: 26990
	#fail: 13373
	execution time (ms): 28246
	#sols : 28
	completed : false

NEW SOLUTION FOUND
solution score : 557

	#choice: 27128
	#fail: 13439
	execution time (ms): 28474
	#sols : 29
	completed : false

NEW SOLUTION FOUND
solution score : 558

	#choice: 27445
	#fail: 13603
	execution time (ms): 28849
	#sols : 30
	completed : false

NEW SOLUTION FOUND
solution score : 568

	#choice: 30665
	#fail: 15205
	execution time (ms): 31301
	#sols : 31
	completed : false

NEW SOLUTION FOUND
solution score : 573

	#choice: 31877
	#fail: 15814
	execution time (ms): 32364
	#sols : 32
	completed : false

NEW SOLUTION FOUND
solution score : 574

	#choice: 32548
	#fail: 16149
	execution time (ms): 32980
	#sols : 33
	completed : false

NEW SOLUTION FOUND
solution score : 575

	#choice: 32659
	#fail: 16203
	execution time (ms): 33118
	#sols : 34
	completed : false

NEW SOLUTION FOUND
solution score : 576

	#choice: 37207
	#fail: 18481
	execution time (ms): 39418
	#sols : 35
	completed : false

NEW SOLUTION FOUND
solution score : 577

	#choice: 43600
	#fail: 21680
	execution time (ms): 48154
	#sols : 36
	completed : false

NEW SOLUTION FOUND
solution score : 578

	#choice: 71472
	#fail: 35611
	execution time (ms): 69077
	#sols : 37
	completed : false

NEW SOLUTION FOUND
solution score : 579

	#choice: 73772
	#fail: 36753
	execution time (ms): 71105
	#sols : 38
	completed : false

NEW SOLUTION FOUND
solution score : 581

	#choice: 74929
	#fail: 37331
	execution time (ms): 71886
	#sols : 39
	completed : false

NEW SOLUTION FOUND
solution score : 583

	#choice: 75391
	#fail: 37566
	execution time (ms): 72261
	#sols : 40
	completed : false

NEW SOLUTION FOUND
solution score : 584

	#choice: 75719
	#fail: 37730
	execution time (ms): 72512
	#sols : 41
	completed : false

NEW SOLUTION FOUND
solution score : 585

	#choice: 75749
	#fail: 37745
	execution time (ms): 72545
	#sols : 42
	completed : false

NEW SOLUTION FOUND
solution score : 587

	#choice: 81400
	#fail: 40567
	execution time (ms): 77080
	#sols : 43
	completed : false

NEW SOLUTION FOUND
solution score : 589

	#choice: 90535
	#fail: 45134
	execution time (ms): 83614
	#sols : 44
	completed : false

NEW SOLUTION FOUND
solution score : 590

	#choice: 99432
	#fail: 49585
	execution time (ms): 89946
	#sols : 45
	completed : false

NEW SOLUTION FOUND
solution score : 591

	#choice: 99846
	#fail: 49799
	execution time (ms): 90383
	#sols : 46
	completed : false

NEW SOLUTION FOUND
solution score : 592

	#choice: 109972
	#fail: 54861
	execution time (ms): 97284
	#sols : 47
	completed : false

NEW SOLUTION FOUND
solution score : 593

	#choice: 110211
	#fail: 54979
	execution time (ms): 97475
	#sols : 48
	completed : false

NEW SOLUTION FOUND
solution score : 594

	#choice: 110449
	#fail: 55096
	execution time (ms): 97741
	#sols : 49
	completed : false

NEW SOLUTION FOUND
solution score : 595

	#choice: 118268
	#fail: 59014
	execution time (ms): 104879
	#sols : 50
	completed : false

NEW SOLUTION FOUND
solution score : 596

	#choice: 118427
	#fail: 59092
	execution time (ms): 105140
	#sols : 51
	completed : false

NEW SOLUTION FOUND
solution score : 597

	#choice: 118647
	#fail: 59205
	execution time (ms): 105407
	#sols : 52
	completed : false

NEW SOLUTION FOUND
solution score : 598

	#choice: 119109
	#fail: 59431
	execution time (ms): 105991
	#sols : 53
	completed : false

NEW SOLUTION FOUND
solution score : 599

	#choice: 119193
	#fail: 59476
	execution time (ms): 106074
	#sols : 54
	completed : false

NEW SOLUTION FOUND
solution score : 603

	#choice: 119594
	#fail: 59664
	execution time (ms): 106510
	#sols : 55
	completed : false

NEW SOLUTION FOUND
solution score : 604

	#choice: 119827
	#fail: 59785
	execution time (ms): 106699
	#sols : 56
	completed : false

NEW SOLUTION FOUND
solution score : 606

	#choice: 122671
	#fail: 61208
	execution time (ms): 109077
	#sols : 57
	completed : false

NEW SOLUTION FOUND
solution score : 611

	#choice: 122674
	#fail: 61210
	execution time (ms): 109079
	#sols : 58
	completed : false

NEW SOLUTION FOUND
solution score : 612

	#choice: 125885
	#fail: 62821
	execution time (ms): 111932
	#sols : 59
	completed : false

NEW SOLUTION FOUND
solution score : 613

	#choice: 126562
	#fail: 63155
	execution time (ms): 112652
	#sols : 60
	completed : false

NEW SOLUTION FOUND
solution score : 615

	#choice: 129946
	#fail: 64851
	execution time (ms): 115474
	#sols : 61
	completed : false

NEW SOLUTION FOUND
solution score : 616

	#choice: 131212
	#fail: 65488
	execution time (ms): 116407
	#sols : 62
	completed : false

NEW SOLUTION FOUND
solution score : 617

	#choice: 131978
	#fail: 65873
	execution time (ms): 117050
	#sols : 63
	completed : false

NEW SOLUTION FOUND
solution score : 621

	#choice: 133456
	#fail: 66605
	execution time (ms): 118416
	#sols : 64
	completed : false

NEW SOLUTION FOUND
solution score : 622

	#choice: 134720
	#fail: 67240
	execution time (ms): 119697
	#sols : 65
	completed : false

NEW SOLUTION FOUND
solution score : 623

	#choice: 136718
	#fail: 68241
	execution time (ms): 121561
	#sols : 66
	completed : false

NEW SOLUTION FOUND
solution score : 624

	#choice: 137427
	#fail: 68597
	execution time (ms): 122236
	#sols : 67
	completed : false

NEW SOLUTION FOUND
solution score : 625

	#choice: 138194
	#fail: 68980
	execution time (ms): 123034
	#sols : 68
	completed : false

NEW SOLUTION FOUND
solution score : 627

	#choice: 138578
	#fail: 69170
	execution time (ms): 123456
	#sols : 69
	completed : false

NEW SOLUTION FOUND
solution score : 632

	#choice: 140209
	#fail: 69974
	execution time (ms): 124831
	#sols : 70
	completed : false

NEW SOLUTION FOUND
solution score : 633

	#choice: 142479
	#fail: 71114
	execution time (ms): 126841
	#sols : 71
	completed : false

NEW SOLUTION FOUND
solution score : 635

	#choice: 151227
	#fail: 75490
	execution time (ms): 133467
	#sols : 72
	completed : false

NEW SOLUTION FOUND
solution score : 636

	#choice: 154074
	#fail: 76918
	execution time (ms): 137993
	#sols : 73
	completed : false

NEW SOLUTION FOUND
solution score : 638

	#choice: 154476
	#fail: 77118
	execution time (ms): 138506
	#sols : 74
	completed : false

NEW SOLUTION FOUND
solution score : 639

	#choice: 158899
	#fail: 79331
	execution time (ms): 142229
	#sols : 75
	completed : false

NEW SOLUTION FOUND
solution score : 641

	#choice: 161312
	#fail: 80534
	execution time (ms): 144178
	#sols : 76
	completed : false

NEW SOLUTION FOUND
solution score : 643

	#choice: 161342
	#fail: 80552
	execution time (ms): 144213
	#sols : 77
	completed : false

NEW SOLUTION FOUND
solution score : 644

	#choice: 161531
	#fail: 80644
	execution time (ms): 144405
	#sols : 78
	completed : false

NEW SOLUTION FOUND
solution score : 645

	#choice: 162600
	#fail: 81179
	execution time (ms): 145380
	#sols : 79
	completed : false

NEW SOLUTION FOUND
solution score : 646

	#choice: 163251
	#fail: 81504
	execution time (ms): 146248
	#sols : 80
	completed : false

NEW SOLUTION FOUND
solution score : 647

	#choice: 163633
	#fail: 81688
	execution time (ms): 146707
	#sols : 81
	completed : false

NEW SOLUTION FOUND
solution score : 649

	#choice: 165202
	#fail: 82471
	execution time (ms): 147814
	#sols : 82
	completed : false

NEW SOLUTION FOUND
solution score : 650

	#choice: 167686
	#fail: 83721
	execution time (ms): 150967
	#sols : 83
	completed : false

NEW SOLUTION FOUND
solution score : 654

	#choice: 168482
	#fail: 84113
	execution time (ms): 151836
	#sols : 84
	completed : false

NEW SOLUTION FOUND
solution score : 662

	#choice: 168503
	#fail: 84121
	execution time (ms): 151851
	#sols : 85
	completed : false

NEW SOLUTION FOUND
solution score : 664

	#choice: 168729
	#fail: 84240
	execution time (ms): 152088
	#sols : 86
	completed : false

NEW SOLUTION FOUND
solution score : 665

	#choice: 168757
	#fail: 84253
	execution time (ms): 152121
	#sols : 87
	completed : false

NEW SOLUTION FOUND
solution score : 666

	#choice: 169167
	#fail: 84458
	execution time (ms): 152760
	#sols : 88
	completed : false

NEW SOLUTION FOUND
solution score : 668

	#choice: 172063
	#fail: 85904
	execution time (ms): 156135
	#sols : 89
	completed : false

NEW SOLUTION FOUND
solution score : 669

	#choice: 173802
	#fail: 86779
	execution time (ms): 159167
	#sols : 90
	completed : false

NEW SOLUTION FOUND
solution score : 670

	#choice: 199028
	#fail: 99390
	execution time (ms): 187541
	#sols : 91
	completed : false

NEW SOLUTION FOUND
solution score : 671

	#choice: 210582
	#fail: 105170
	execution time (ms): 201736
	#sols : 92
	completed : false

NEW SOLUTION FOUND
solution score : 672

	#choice: 211034
	#fail: 105397
	execution time (ms): 202163
	#sols : 93
	completed : false

NEW SOLUTION FOUND
solution score : 673

	#choice: 211555
	#fail: 105661
	execution time (ms): 202686
	#sols : 94
	completed : false

NEW SOLUTION FOUND
solution score : 674

	#choice: 211693
	#fail: 105724
	execution time (ms): 202792
	#sols : 95
	completed : false

NEW SOLUTION FOUND
solution score : 683

	#choice: 212155
	#fail: 105948
	execution time (ms): 203367
	#sols : 96
	completed : false

NEW SOLUTION FOUND
solution score : 684

	#choice: 212404
	#fail: 106077
	execution time (ms): 203624
	#sols : 97
	completed : false

NEW SOLUTION FOUND
solution score : 686

	#choice: 212638
	#fail: 106197
	execution time (ms): 203997
	#sols : 98
	completed : false

NEW SOLUTION FOUND
solution score : 687

	#choice: 212695
	#fail: 106226
	execution time (ms): 204154
	#sols : 99
	completed : false

NEW SOLUTION FOUND
solution score : 688

	#choice: 212737
	#fail: 106246
	execution time (ms): 204231
	#sols : 100
	completed : false

NEW SOLUTION FOUND
solution score : 689

	#choice: 214409
	#fail: 107079
	execution time (ms): 205592
	#sols : 101
	completed : false

NEW SOLUTION FOUND
solution score : 691

	#choice: 232854
	#fail: 116302
	execution time (ms): 219015
	#sols : 102
	completed : false

NEW SOLUTION FOUND
solution score : 692

	#choice: 233508
	#fail: 116630
	execution time (ms): 219543
	#sols : 103
	completed : false

NEW SOLUTION FOUND
solution score : 693

	#choice: 233530
	#fail: 116640
	execution time (ms): 219559
	#sols : 104
	completed : false

NEW SOLUTION FOUND
solution score : 694

	#choice: 233553
	#fail: 116652
	execution time (ms): 219576
	#sols : 105
	completed : false

NEW SOLUTION FOUND
solution score : 695

	#choice: 233743
	#fail: 116747
	execution time (ms): 219787
	#sols : 106
	completed : false

NEW SOLUTION FOUND
solution score : 696

	#choice: 235154
	#fail: 117451
	execution time (ms): 220889
	#sols : 107
	completed : false

NEW SOLUTION FOUND
solution score : 698

	#choice: 238480
	#fail: 119118
	execution time (ms): 223678
	#sols : 108
	completed : false

NEW SOLUTION FOUND
solution score : 700

	#choice: 240694
	#fail: 120223
	execution time (ms): 226069
	#sols : 109
	completed : false

END OF SEARCH

	#choice: 240942
	#fail: 120472
	execution time (ms): 226075
	#sols : 109
	completed : true

