INFO
n : 30
nbHoles : 600
nbFile : 6
objective : diagonal
search: lds
bp : sum_product
branchingScheme : max_marginal_regret
oracle : true
truncateRate : 0
START SEARCH
NEW SOLUTION FOUND
solution score : 491

	#choice: 387
	#fail: 1
	execution time (ms): 3658
	#sols : 1
	completed : false

NEW SOLUTION FOUND
solution score : 492

	#choice: 392
	#fail: 4
	execution time (ms): 3710
	#sols : 2
	completed : false

NEW SOLUTION FOUND
solution score : 495

	#choice: 396
	#fail: 5
	execution time (ms): 3737
	#sols : 3
	completed : false

NEW SOLUTION FOUND
solution score : 496

	#choice: 401
	#fail: 7
	execution time (ms): 3760
	#sols : 4
	completed : false

NEW SOLUTION FOUND
solution score : 501

	#choice: 427
	#fail: 11
	execution time (ms): 3842
	#sols : 5
	completed : false

NEW SOLUTION FOUND
solution score : 502

	#choice: 441
	#fail: 13
	execution time (ms): 3893
	#sols : 6
	completed : false

NEW SOLUTION FOUND
solution score : 505

	#choice: 452
	#fail: 14
	execution time (ms): 3942
	#sols : 7
	completed : false

NEW SOLUTION FOUND
solution score : 508

	#choice: 525
	#fail: 19
	execution time (ms): 4093
	#sols : 8
	completed : false

NEW SOLUTION FOUND
solution score : 510

	#choice: 606
	#fail: 23
	execution time (ms): 4234
	#sols : 9
	completed : false

NEW SOLUTION FOUND
solution score : 513

	#choice: 644
	#fail: 25
	execution time (ms): 4278
	#sols : 10
	completed : false

NEW SOLUTION FOUND
solution score : 526

	#choice: 664
	#fail: 26
	execution time (ms): 4342
	#sols : 11
	completed : false

NEW SOLUTION FOUND
solution score : 529

	#choice: 925
	#fail: 35
	execution time (ms): 4777
	#sols : 12
	completed : false

NEW SOLUTION FOUND
solution score : 540

	#choice: 960
	#fail: 36
	execution time (ms): 4825
	#sols : 13
	completed : false

NEW SOLUTION FOUND
solution score : 544

	#choice: 1049
	#fail: 39
	execution time (ms): 5047
	#sols : 14
	completed : false

NEW SOLUTION FOUND
solution score : 554

	#choice: 1193
	#fail: 43
	execution time (ms): 5352
	#sols : 15
	completed : false

NEW SOLUTION FOUND
solution score : 556

	#choice: 1235
	#fail: 44
	execution time (ms): 5413
	#sols : 16
	completed : false

NEW SOLUTION FOUND
solution score : 557

	#choice: 1337
	#fail: 47
	execution time (ms): 5632
	#sols : 17
	completed : false

NEW SOLUTION FOUND
solution score : 559

	#choice: 1703
	#fail: 56
	execution time (ms): 6296
	#sols : 18
	completed : false

NEW SOLUTION FOUND
solution score : 562

	#choice: 1754
	#fail: 57
	execution time (ms): 6360
	#sols : 19
	completed : false

NEW SOLUTION FOUND
solution score : 563

	#choice: 1803
	#fail: 58
	execution time (ms): 6420
	#sols : 20
	completed : false

NEW SOLUTION FOUND
solution score : 564

	#choice: 1917
	#fail: 64
	execution time (ms): 6663
	#sols : 21
	completed : false

NEW SOLUTION FOUND
solution score : 565

	#choice: 2087
	#fail: 68
	execution time (ms): 6959
	#sols : 22
	completed : false

NEW SOLUTION FOUND
solution score : 568

	#choice: 2200
	#fail: 70
	execution time (ms): 7339
	#sols : 23
	completed : false

NEW SOLUTION FOUND
solution score : 569

	#choice: 2322
	#fail: 72
	execution time (ms): 7612
	#sols : 24
	completed : false

NEW SOLUTION FOUND
solution score : 571

	#choice: 2510
	#fail: 75
	execution time (ms): 8179
	#sols : 25
	completed : false

NEW SOLUTION FOUND
solution score : 577

	#choice: 2697
	#fail: 78
	execution time (ms): 8894
	#sols : 26
	completed : false

NEW SOLUTION FOUND
solution score : 578

	#choice: 2844
	#fail: 80
	execution time (ms): 9371
	#sols : 27
	completed : false

NEW SOLUTION FOUND
solution score : 579

	#choice: 3120
	#fail: 84
	execution time (ms): 10120
	#sols : 28
	completed : false

NEW SOLUTION FOUND
solution score : 581

	#choice: 3357
	#fail: 87
	execution time (ms): 10780
	#sols : 29
	completed : false

NEW SOLUTION FOUND
solution score : 585

	#choice: 3680
	#fail: 91
	execution time (ms): 11571
	#sols : 30
	completed : false

NEW SOLUTION FOUND
solution score : 587

	#choice: 3768
	#fail: 93
	execution time (ms): 11790
	#sols : 31
	completed : false

NEW SOLUTION FOUND
solution score : 593

	#choice: 5140
	#fail: 110
	execution time (ms): 14922
	#sols : 32
	completed : false

NEW SOLUTION FOUND
solution score : 595

	#choice: 5574
	#fail: 114
	execution time (ms): 15902
	#sols : 33
	completed : false

NEW SOLUTION FOUND
solution score : 598

	#choice: 5781
	#fail: 116
	execution time (ms): 16421
	#sols : 34
	completed : false

NEW SOLUTION FOUND
solution score : 604

	#choice: 5894
	#fail: 117
	execution time (ms): 16658
	#sols : 35
	completed : false

NEW SOLUTION FOUND
solution score : 606

	#choice: 6431
	#fail: 122
	execution time (ms): 17901
	#sols : 36
	completed : false

NEW SOLUTION FOUND
solution score : 609

	#choice: 6769
	#fail: 126
	execution time (ms): 18658
	#sols : 37
	completed : false

NEW SOLUTION FOUND
solution score : 610

	#choice: 7505
	#fail: 132
	execution time (ms): 20702
	#sols : 38
	completed : false

NEW SOLUTION FOUND
solution score : 612

	#choice: 9456
	#fail: 147
	execution time (ms): 25110
	#sols : 39
	completed : false

NEW SOLUTION FOUND
solution score : 614

	#choice: 9738
	#fail: 149
	execution time (ms): 25720
	#sols : 40
	completed : false

NEW SOLUTION FOUND
solution score : 616

	#choice: 10298
	#fail: 153
	execution time (ms): 26935
	#sols : 41
	completed : false

NEW SOLUTION FOUND
solution score : 617

	#choice: 10854
	#fail: 157
	execution time (ms): 28218
	#sols : 42
	completed : false

NEW SOLUTION FOUND
solution score : 619

	#choice: 11316
	#fail: 160
	execution time (ms): 30194
	#sols : 43
	completed : false

NEW SOLUTION FOUND
solution score : 624

	#choice: 11473
	#fail: 161
	execution time (ms): 30586
	#sols : 44
	completed : false

NEW SOLUTION FOUND
solution score : 625

	#choice: 11773
	#fail: 163
	execution time (ms): 31236
	#sols : 45
	completed : false

NEW SOLUTION FOUND
solution score : 627

	#choice: 12233
	#fail: 167
	execution time (ms): 32239
	#sols : 46
	completed : false

NEW SOLUTION FOUND
solution score : 631

	#choice: 12543
	#fail: 169
	execution time (ms): 32880
	#sols : 47
	completed : false

NEW SOLUTION FOUND
solution score : 637

	#choice: 12727
	#fail: 181
	execution time (ms): 33261
	#sols : 48
	completed : false

NEW SOLUTION FOUND
solution score : 638

	#choice: 13560
	#fail: 186
	execution time (ms): 35038
	#sols : 49
	completed : false

NEW SOLUTION FOUND
solution score : 639

	#choice: 13730
	#fail: 187
	execution time (ms): 35434
	#sols : 50
	completed : false

NEW SOLUTION FOUND
solution score : 640

	#choice: 13904
	#fail: 188
	execution time (ms): 35809
	#sols : 51
	completed : false

NEW SOLUTION FOUND
solution score : 641

	#choice: 14086
	#fail: 189
	execution time (ms): 36254
	#sols : 52
	completed : false

NEW SOLUTION FOUND
solution score : 642

	#choice: 14251
	#fail: 190
	execution time (ms): 36583
	#sols : 53
	completed : false

NEW SOLUTION FOUND
solution score : 645

	#choice: 15939
	#fail: 219
	execution time (ms): 40200
	#sols : 54
	completed : false

NEW SOLUTION FOUND
solution score : 648

	#choice: 16580
	#fail: 222
	execution time (ms): 41644
	#sols : 55
	completed : false

NEW SOLUTION FOUND
solution score : 652

	#choice: 17921
	#fail: 228
	execution time (ms): 44425
	#sols : 56
	completed : false

NEW SOLUTION FOUND
solution score : 653

	#choice: 18797
	#fail: 232
	execution time (ms): 46456
	#sols : 57
	completed : false

NEW SOLUTION FOUND
solution score : 666

	#choice: 19952
	#fail: 237
	execution time (ms): 48959
	#sols : 58
	completed : false

NEW SOLUTION FOUND
solution score : 667

	#choice: 21573
	#fail: 244
	execution time (ms): 52558
	#sols : 59
	completed : false

NEW SOLUTION FOUND
solution score : 668

	#choice: 24205
	#fail: 255
	execution time (ms): 58295
	#sols : 60
	completed : false

NEW SOLUTION FOUND
solution score : 670

	#choice: 26649
	#fail: 265
	execution time (ms): 63763
	#sols : 61
	completed : false

NEW SOLUTION FOUND
solution score : 671

	#choice: 28728
	#fail: 273
	execution time (ms): 68481
	#sols : 62
	completed : false

NEW SOLUTION FOUND
solution score : 673

	#choice: 29534
	#fail: 276
	execution time (ms): 70325
	#sols : 63
	completed : false

NEW SOLUTION FOUND
solution score : 675

	#choice: 30647
	#fail: 280
	execution time (ms): 72798
	#sols : 64
	completed : false

NEW SOLUTION FOUND
solution score : 685

	#choice: 32587
	#fail: 287
	execution time (ms): 77256
	#sols : 65
	completed : false

NEW SOLUTION FOUND
solution score : 686

	#choice: 34848
	#fail: 295
	execution time (ms): 82894
	#sols : 66
	completed : false

NEW SOLUTION FOUND
solution score : 687

	#choice: 35408
	#fail: 297
	execution time (ms): 84198
	#sols : 67
	completed : false

NEW SOLUTION FOUND
solution score : 688

	#choice: 38336
	#fail: 307
	execution time (ms): 90962
	#sols : 68
	completed : false

NEW SOLUTION FOUND
solution score : 704

	#choice: 41433
	#fail: 317
	execution time (ms): 97901
	#sols : 69
	completed : false

NEW SOLUTION FOUND
solution score : 708

	#choice: 41756
	#fail: 318
	execution time (ms): 98683
	#sols : 70
	completed : false

NEW SOLUTION FOUND
solution score : 725

	#choice: 43934
	#fail: 325
	execution time (ms): 103728
	#sols : 71
	completed : false

NEW SOLUTION FOUND
solution score : 728

	#choice: 44266
	#fail: 326
	execution time (ms): 104363
	#sols : 72
	completed : false

NEW SOLUTION FOUND
solution score : 733

	#choice: 47190
	#fail: 335
	execution time (ms): 110984
	#sols : 73
	completed : false

NEW SOLUTION FOUND
solution score : 735

	#choice: 48839
	#fail: 340
	execution time (ms): 114765
	#sols : 74
	completed : false

NEW SOLUTION FOUND
solution score : 736

	#choice: 49498
	#fail: 342
	execution time (ms): 116300
	#sols : 75
	completed : false

NEW SOLUTION FOUND
solution score : 737

	#choice: 50808
	#fail: 346
	execution time (ms): 119467
	#sols : 76
	completed : false

NEW SOLUTION FOUND
solution score : 738

	#choice: 51470
	#fail: 348
	execution time (ms): 121019
	#sols : 77
	completed : false

NEW SOLUTION FOUND
solution score : 740

	#choice: 52777
	#fail: 352
	execution time (ms): 124028
	#sols : 78
	completed : false

END OF SEARCH

	#choice: 52829
	#fail: 405
	execution time (ms): 124038
	#sols : 78
	completed : true

