INFO
n : 30
nbHoles : 500
nbFile : 5
objective : diagonal
search: lds
bp : no_bp
branchingScheme : max_value
oracle : false
truncateRate : 0
START SEARCH
NEW SOLUTION FOUND
solution score : 744

	#choice: 13684
	#fail: 164
	execution time (ms): 7284
	#sols : 1
	completed : false

NEW SOLUTION FOUND
solution score : 754

	#choice: 44381
	#fail: 1673
	execution time (ms): 21224
	#sols : 2
	completed : false

END OF SEARCH

	#choice: 44535
	#fail: 1828
	execution time (ms): 21225
	#sols : 2
	completed : true

