objective : diagonal
search: dfs
bp : no_bp
branchingScheme : dom_wdeg
oracle : false
truncateRate : 50
START SEARCH
NEW SOLUTION FOUND
solution score : 435

	#choice: 560
	#fail: 24
	execution time (ms): 1126
	#sols : 1
	completed : false

NEW SOLUTION FOUND
solution score : 436

	#choice: 1565
	#fail: 530
	execution time (ms): 1738
	#sols : 2
	completed : false

NEW SOLUTION FOUND
solution score : 437

	#choice: 2540
	#fail: 1022
	execution time (ms): 2052
	#sols : 3
	completed : false

NEW SOLUTION FOUND
solution score : 438

	#choice: 3507
	#fail: 1506
	execution time (ms): 2354
	#sols : 4
	completed : false

NEW SOLUTION FOUND
solution score : 439

	#choice: 4481
	#fail: 1992
	execution time (ms): 2644
	#sols : 5
	completed : false

NEW SOLUTION FOUND
solution score : 440

	#choice: 5448
	#fail: 2477
	execution time (ms): 2934
	#sols : 6
	completed : false

NEW SOLUTION FOUND
solution score : 441

	#choice: 6402
	#fail: 2958
	execution time (ms): 3229
	#sols : 7
	completed : false

NEW SOLUTION FOUND
solution score : 442

	#choice: 7362
	#fail: 3432
	execution time (ms): 3613
	#sols : 8
	completed : false

NEW SOLUTION FOUND
solution score : 443

	#choice: 8320
	#fail: 3917
	execution time (ms): 4109
	#sols : 9
	completed : false

NEW SOLUTION FOUND
solution score : 444

	#choice: 9280
	#fail: 4393
	execution time (ms): 4406
	#sols : 10
	completed : false

NEW SOLUTION FOUND
solution score : 445

	#choice: 10244
	#fail: 4874
	execution time (ms): 4700
	#sols : 11
	completed : false

NEW SOLUTION FOUND
solution score : 446

	#choice: 11207
	#fail: 5361
	execution time (ms): 4989
	#sols : 12
	completed : false

NEW SOLUTION FOUND
solution score : 447

	#choice: 12164
	#fail: 5835
	execution time (ms): 5271
	#sols : 13
	completed : false

NEW SOLUTION FOUND
solution score : 448

	#choice: 13117
	#fail: 6320
	execution time (ms): 5556
	#sols : 14
	completed : false

NEW SOLUTION FOUND
solution score : 449

	#choice: 14064
	#fail: 6786
	execution time (ms): 5845
	#sols : 15
	completed : false

NEW SOLUTION FOUND
solution score : 450

	#choice: 14902
	#fail: 7204
	execution time (ms): 6086
	#sols : 16
	completed : false

NEW SOLUTION FOUND
solution score : 451

	#choice: 15731
	#fail: 7621
	execution time (ms): 6310
	#sols : 17
	completed : false

NEW SOLUTION FOUND
solution score : 452

	#choice: 16561
	#fail: 8038
	execution time (ms): 6538
	#sols : 18
	completed : false

NEW SOLUTION FOUND
solution score : 453

	#choice: 17383
	#fail: 8448
	execution time (ms): 6765
	#sols : 19
	completed : false

NEW SOLUTION FOUND
solution score : 454

	#choice: 18207
	#fail: 8859
	execution time (ms): 6991
	#sols : 20
	completed : false

NEW SOLUTION FOUND
solution score : 455

	#choice: 19060
	#fail: 9276
	execution time (ms): 7230
	#sols : 21
	completed : false

NEW SOLUTION FOUND
solution score : 456

	#choice: 19905
	#fail: 9709
	execution time (ms): 7553
	#sols : 22
	completed : false

NEW SOLUTION FOUND
solution score : 457

	#choice: 20744
	#fail: 10121
	execution time (ms): 7784
	#sols : 23
	completed : false

NEW SOLUTION FOUND
solution score : 458

	#choice: 21591
	#fail: 10546
	execution time (ms): 8008
	#sols : 24
	completed : false

NEW SOLUTION FOUND
solution score : 459

	#choice: 22433
	#fail: 10969
	execution time (ms): 8232
	#sols : 25
	completed : false

NEW SOLUTION FOUND
solution score : 460

	#choice: 23285
	#fail: 11390
	execution time (ms): 8465
	#sols : 26
	completed : false

NEW SOLUTION FOUND
solution score : 461

	#choice: 24129
	#fail: 11817
	execution time (ms): 8688
	#sols : 27
	completed : false

NEW SOLUTION FOUND
solution score : 462

	#choice: 24969
	#fail: 12239
	execution time (ms): 8911
	#sols : 28
	completed : false

NEW SOLUTION FOUND
solution score : 463

	#choice: 25806
	#fail: 12654
	execution time (ms): 9139
	#sols : 29
	completed : false

NEW SOLUTION FOUND
solution score : 464

	#choice: 26647
	#fail: 13079
	execution time (ms): 9360
	#sols : 30
	completed : false

NEW SOLUTION FOUND
solution score : 465

	#choice: 27475
	#fail: 13493
	execution time (ms): 9582
	#sols : 31
	completed : false

NEW SOLUTION FOUND
solution score : 466

	#choice: 28300
	#fail: 13907
	execution time (ms): 10035
	#sols : 32
	completed : false

NEW SOLUTION FOUND
solution score : 467

	#choice: 29133
	#fail: 14322
	execution time (ms): 10262
	#sols : 33
	completed : false

NEW SOLUTION FOUND
solution score : 468

	#choice: 29968
	#fail: 14737
	execution time (ms): 10487
	#sols : 34
	completed : false

NEW SOLUTION FOUND
solution score : 469

	#choice: 30807
	#fail: 15157
	execution time (ms): 10713
	#sols : 35
	completed : false

NEW SOLUTION FOUND
solution score : 470

	#choice: 31649
	#fail: 15575
	execution time (ms): 10941
	#sols : 36
	completed : false

NEW SOLUTION FOUND
solution score : 471

	#choice: 32486
	#fail: 15998
	execution time (ms): 11162
	#sols : 37
	completed : false

NEW SOLUTION FOUND
solution score : 472

	#choice: 33329
	#fail: 16413
	execution time (ms): 11395
	#sols : 38
	completed : false

NEW SOLUTION FOUND
solution score : 473

	#choice: 34191
	#fail: 16841
	execution time (ms): 11622
	#sols : 39
	completed : false

NEW SOLUTION FOUND
solution score : 474

	#choice: 35043
	#fail: 17276
	execution time (ms): 11849
	#sols : 40
	completed : false

NEW SOLUTION FOUND
solution score : 475

	#choice: 35883
	#fail: 17692
	execution time (ms): 12077
	#sols : 41
	completed : false

NEW SOLUTION FOUND
solution score : 476

	#choice: 36740
	#fail: 18115
	execution time (ms): 12301
	#sols : 42
	completed : false

NEW SOLUTION FOUND
solution score : 477

	#choice: 37610
	#fail: 18552
	execution time (ms): 12535
	#sols : 43
	completed : false

NEW SOLUTION FOUND
solution score : 478

	#choice: 38612
	#fail: 19059
	execution time (ms): 12836
	#sols : 44
	completed : false

NEW SOLUTION FOUND
solution score : 479

	#choice: 39490
	#fail: 19500
	execution time (ms): 13074
	#sols : 45
	completed : false

NEW SOLUTION FOUND
solution score : 480

	#choice: 40369
	#fail: 19938
	execution time (ms): 13315
	#sols : 46
	completed : false

NEW SOLUTION FOUND
solution score : 481

	#choice: 41252
	#fail: 20378
	execution time (ms): 13551
	#sols : 47
	completed : false

NEW SOLUTION FOUND
solution score : 482

	#choice: 42167
	#fail: 20839
	execution time (ms): 13804
	#sols : 48
	completed : false

NEW SOLUTION FOUND
solution score : 483

	#choice: 43045
	#fail: 21275
	execution time (ms): 14040
	#sols : 49
	completed : false

NEW SOLUTION FOUND
solution score : 484

	#choice: 43931
	#fail: 21717
	execution time (ms): 14280
	#sols : 50
	completed : false

NEW SOLUTION FOUND
solution score : 485

	#choice: 44809
	#fail: 22160
	execution time (ms): 14516
	#sols : 51
	completed : false

NEW SOLUTION FOUND
solution score : 486

	#choice: 45703
	#fail: 22595
	execution time (ms): 14756
	#sols : 52
	completed : false

NEW SOLUTION FOUND
solution score : 487

	#choice: 46617
	#fail: 23055
	execution time (ms): 14993
	#sols : 53
	completed : false

NEW SOLUTION FOUND
solution score : 488

	#choice: 47518
	#fail: 23509
	execution time (ms): 15229
	#sols : 54
	completed : false

NEW SOLUTION FOUND
solution score : 489

	#choice: 48408
	#fail: 23957
	execution time (ms): 15467
	#sols : 55
	completed : false

NEW SOLUTION FOUND
solution score : 490

	#choice: 49299
	#fail: 24398
	execution time (ms): 15707
	#sols : 56
	completed : false

NEW SOLUTION FOUND
solution score : 491

	#choice: 50186
	#fail: 24847
	execution time (ms): 15938
	#sols : 57
	completed : false

NEW SOLUTION FOUND
solution score : 492

	#choice: 51079
	#fail: 25287
	execution time (ms): 16176
	#sols : 58
	completed : false

NEW SOLUTION FOUND
solution score : 493

	#choice: 51973
	#fail: 25740
	execution time (ms): 16414
	#sols : 59
	completed : false

NEW SOLUTION FOUND
solution score : 494

	#choice: 52861
	#fail: 26180
	execution time (ms): 16651
	#sols : 60
	completed : false

NEW SOLUTION FOUND
solution score : 495

	#choice: 53781
	#fail: 26647
	execution time (ms): 16901
	#sols : 61
	completed : false

NEW SOLUTION FOUND
solution score : 496

	#choice: 54664
	#fail: 27081
	execution time (ms): 17142
	#sols : 62
	completed : false

NEW SOLUTION FOUND
solution score : 497

	#choice: 55556
	#fail: 27529
	execution time (ms): 17380
	#sols : 63
	completed : false

NEW SOLUTION FOUND
solution score : 498

	#choice: 56459
	#fail: 27975
	execution time (ms): 17618
	#sols : 64
	completed : false

NEW SOLUTION FOUND
solution score : 499

	#choice: 57395
	#fail: 28447
	execution time (ms): 17871
	#sols : 65
	completed : false

NEW SOLUTION FOUND
solution score : 500

	#choice: 58285
	#fail: 28896
	execution time (ms): 18108
	#sols : 66
	completed : false

NEW SOLUTION FOUND
solution score : 501

	#choice: 59173
	#fail: 29338
	execution time (ms): 18342
	#sols : 67
	completed : false

NEW SOLUTION FOUND
solution score : 502

	#choice: 60080
	#fail: 29783
	execution time (ms): 18576
	#sols : 68
	completed : false

NEW SOLUTION FOUND
solution score : 503

	#choice: 60996
	#fail: 30248
	execution time (ms): 18813
	#sols : 69
	completed : false

NEW SOLUTION FOUND
solution score : 504

	#choice: 61886
	#fail: 30695
	execution time (ms): 19047
	#sols : 70
	completed : false

NEW SOLUTION FOUND
solution score : 505

	#choice: 62768
	#fail: 31138
	execution time (ms): 19282
	#sols : 71
	completed : false

NEW SOLUTION FOUND
solution score : 506

	#choice: 63656
	#fail: 31577
	execution time (ms): 19515
	#sols : 72
	completed : false

NEW SOLUTION FOUND
solution score : 507

	#choice: 64641
	#fail: 32070
	execution time (ms): 19798
	#sols : 73
	completed : false

NEW SOLUTION FOUND
solution score : 508

	#choice: 65569
	#fail: 32529
	execution time (ms): 20043
	#sols : 74
	completed : false

NEW SOLUTION FOUND
solution score : 509

	#choice: 66483
	#fail: 32993
	execution time (ms): 20284
	#sols : 75
	completed : false

NEW SOLUTION FOUND
solution score : 510

	#choice: 67370
	#fail: 33440
	execution time (ms): 20527
	#sols : 76
	completed : false

NEW SOLUTION FOUND
solution score : 511

	#choice: 68260
	#fail: 33880
	execution time (ms): 21002
	#sols : 77
	completed : false

NEW SOLUTION FOUND
solution score : 512

	#choice: 69164
	#fail: 34329
	execution time (ms): 21249
	#sols : 78
	completed : false

NEW SOLUTION FOUND
solution score : 513

	#choice: 70080
	#fail: 34783
	execution time (ms): 21504
	#sols : 79
	completed : false

NEW SOLUTION FOUND
solution score : 514

	#choice: 71003
	#fail: 35245
	execution time (ms): 21752
	#sols : 80
	completed : false

NEW SOLUTION FOUND
solution score : 515

	#choice: 71939
	#fail: 35714
	execution time (ms): 22007
	#sols : 81
	completed : false

NEW SOLUTION FOUND
solution score : 516

	#choice: 72852
	#fail: 36174
	execution time (ms): 22253
	#sols : 82
	completed : false

NEW SOLUTION FOUND
solution score : 517

	#choice: 73749
	#fail: 36628
	execution time (ms): 22500
	#sols : 83
	completed : false

NEW SOLUTION FOUND
solution score : 518

	#choice: 74647
	#fail: 37070
	execution time (ms): 22746
	#sols : 84
	completed : false

NEW SOLUTION FOUND
solution score : 519

	#choice: 75546
	#fail: 37526
	execution time (ms): 22991
	#sols : 85
	completed : false

NEW SOLUTION FOUND
solution score : 520

	#choice: 76456
	#fail: 37968
	execution time (ms): 23240
	#sols : 86
	completed : false

NEW SOLUTION FOUND
solution score : 521

	#choice: 77375
	#fail: 38438
	execution time (ms): 23485
	#sols : 87
	completed : false

NEW SOLUTION FOUND
solution score : 522

	#choice: 78266
	#fail: 38886
	execution time (ms): 23730
	#sols : 88
	completed : false

NEW SOLUTION FOUND
solution score : 523

	#choice: 79168
	#fail: 39328
	execution time (ms): 23977
	#sols : 89
	completed : false

NEW SOLUTION FOUND
solution score : 524

	#choice: 80081
	#fail: 39789
	execution time (ms): 24221
	#sols : 90
	completed : false

NEW SOLUTION FOUND
solution score : 525

	#choice: 80983
	#fail: 40242
	execution time (ms): 24464
	#sols : 91
	completed : false

NEW SOLUTION FOUND
solution score : 526

	#choice: 81875
	#fail: 40690
	execution time (ms): 24710
	#sols : 92
	completed : false

NEW SOLUTION FOUND
solution score : 527

	#choice: 82762
	#fail: 41134
	execution time (ms): 24965
	#sols : 93
	completed : false

NEW SOLUTION FOUND
solution score : 528

	#choice: 83663
	#fail: 41578
	execution time (ms): 25213
	#sols : 94
	completed : false

NEW SOLUTION FOUND
solution score : 529

	#choice: 84567
	#fail: 42034
	execution time (ms): 25458
	#sols : 95
	completed : false

NEW SOLUTION FOUND
solution score : 530

	#choice: 85459
	#fail: 42483
	execution time (ms): 25705
	#sols : 96
	completed : false

NEW SOLUTION FOUND
solution score : 531

	#choice: 86362
	#fail: 42930
	execution time (ms): 25957
	#sols : 97
	completed : false

NEW SOLUTION FOUND
solution score : 532

	#choice: 87268
	#fail: 43383
	execution time (ms): 26202
	#sols : 98
	completed : false

NEW SOLUTION FOUND
solution score : 533

	#choice: 88211
	#fail: 43858
	execution time (ms): 26476
	#sols : 99
	completed : false

NEW SOLUTION FOUND
solution score : 534

	#choice: 89161
	#fail: 44328
	execution time (ms): 26743
	#sols : 100
	completed : false

NEW SOLUTION FOUND
solution score : 535

	#choice: 90156
	#fail: 44825
	execution time (ms): 27037
	#sols : 101
	completed : false

NEW SOLUTION FOUND
solution score : 536

	#choice: 91146
	#fail: 45321
	execution time (ms): 27319
	#sols : 102
	completed : false

NEW SOLUTION FOUND
solution score : 537

	#choice: 92130
	#fail: 45819
	execution time (ms): 27607
	#sols : 103
	completed : false

NEW SOLUTION FOUND
solution score : 538

	#choice: 93114
	#fail: 46306
	execution time (ms): 27895
	#sols : 104
	completed : false

NEW SOLUTION FOUND
solution score : 539

	#choice: 94106
	#fail: 46803
	execution time (ms): 28183
	#sols : 105
	completed : false

NEW SOLUTION FOUND
solution score : 540

	#choice: 95109
	#fail: 47311
	execution time (ms): 28484
	#sols : 106
	completed : false

NEW SOLUTION FOUND
solution score : 541

	#choice: 96082
	#fail: 47790
	execution time (ms): 28863
	#sols : 107
	completed : false

NEW SOLUTION FOUND
solution score : 542

	#choice: 97082
	#fail: 48291
	execution time (ms): 29153
	#sols : 108
	completed : false

NEW SOLUTION FOUND
solution score : 543

	#choice: 98075
	#fail: 48785
	execution time (ms): 29672
	#sols : 109
	completed : false

NEW SOLUTION FOUND
solution score : 544

	#choice: 99066
	#fail: 49281
	execution time (ms): 29956
	#sols : 110
	completed : false

NEW SOLUTION FOUND
solution score : 545

	#choice: 100061
	#fail: 49785
	execution time (ms): 30244
	#sols : 111
	completed : false

NEW SOLUTION FOUND
solution score : 546

	#choice: 101027
	#fail: 50268
	execution time (ms): 30532
	#sols : 112
	completed : false

NEW SOLUTION FOUND
solution score : 547

	#choice: 102010
	#fail: 50758
	execution time (ms): 30824
	#sols : 113
	completed : false

NEW SOLUTION FOUND
solution score : 548

	#choice: 102997
	#fail: 51247
	execution time (ms): 31114
	#sols : 114
	completed : false

NEW SOLUTION FOUND
solution score : 549

	#choice: 103988
	#fail: 51741
	execution time (ms): 31397
	#sols : 115
	completed : false

NEW SOLUTION FOUND
solution score : 550

	#choice: 104997
	#fail: 52240
	execution time (ms): 31683
	#sols : 116
	completed : false

NEW SOLUTION FOUND
solution score : 551

	#choice: 106009
	#fail: 52751
	execution time (ms): 31976
	#sols : 117
	completed : false

NEW SOLUTION FOUND
solution score : 552

	#choice: 107005
	#fail: 53248
	execution time (ms): 32260
	#sols : 118
	completed : false

NEW SOLUTION FOUND
solution score : 553

	#choice: 108002
	#fail: 53748
	execution time (ms): 32544
	#sols : 119
	completed : false

NEW SOLUTION FOUND
solution score : 554

	#choice: 108994
	#fail: 54246
	execution time (ms): 32836
	#sols : 120
	completed : false

NEW SOLUTION FOUND
solution score : 555

	#choice: 109985
	#fail: 54739
	execution time (ms): 33119
	#sols : 121
	completed : false

NEW SOLUTION FOUND
solution score : 556

	#choice: 110974
	#fail: 55237
	execution time (ms): 33402
	#sols : 122
	completed : false

NEW SOLUTION FOUND
solution score : 557

	#choice: 111965
	#fail: 55733
	execution time (ms): 33692
	#sols : 123
	completed : false

NEW SOLUTION FOUND
solution score : 558

	#choice: 112970
	#fail: 56224
	execution time (ms): 33978
	#sols : 124
	completed : false

NEW SOLUTION FOUND
solution score : 559

	#choice: 113976
	#fail: 56738
	execution time (ms): 34266
	#sols : 125
	completed : false

NEW SOLUTION FOUND
solution score : 560

	#choice: 114967
	#fail: 57229
	execution time (ms): 34550
	#sols : 126
	completed : false

NEW SOLUTION FOUND
solution score : 561

	#choice: 115969
	#fail: 57732
	execution time (ms): 34836
	#sols : 127
	completed : false

NEW SOLUTION FOUND
solution score : 562

	#choice: 116978
	#fail: 58239
	execution time (ms): 35131
	#sols : 128
	completed : false

NEW SOLUTION FOUND
solution score : 563

	#choice: 117952
	#fail: 58722
	execution time (ms): 35409
	#sols : 129
	completed : false

NEW SOLUTION FOUND
solution score : 564

	#choice: 118935
	#fail: 59212
	execution time (ms): 35680
	#sols : 130
	completed : false

NEW SOLUTION FOUND
solution score : 565

	#choice: 119926
	#fail: 59708
	execution time (ms): 35955
	#sols : 131
	completed : false

NEW SOLUTION FOUND
solution score : 566

	#choice: 120906
	#fail: 60201
	execution time (ms): 36233
	#sols : 132
	completed : false

NEW SOLUTION FOUND
solution score : 567

	#choice: 121876
	#fail: 60687
	execution time (ms): 36506
	#sols : 133
	completed : false

NEW SOLUTION FOUND
solution score : 568

	#choice: 122855
	#fail: 61171
	execution time (ms): 36772
	#sols : 134
	completed : false

NEW SOLUTION FOUND
solution score : 569

	#choice: 123846
	#fail: 61667
	execution time (ms): 37052
	#sols : 135
	completed : false

NEW SOLUTION FOUND
solution score : 570

	#choice: 124830
	#fail: 62162
	execution time (ms): 37322
	#sols : 136
	completed : false

NEW SOLUTION FOUND
solution score : 571

	#choice: 125803
	#fail: 62651
	execution time (ms): 37588
	#sols : 137
	completed : false

NEW SOLUTION FOUND
solution score : 572

	#choice: 126772
	#fail: 63137
	execution time (ms): 37858
	#sols : 138
	completed : false

NEW SOLUTION FOUND
solution score : 573

	#choice: 127750
	#fail: 63628
	execution time (ms): 38137
	#sols : 139
	completed : false

NEW SOLUTION FOUND
solution score : 574

	#choice: 128732
	#fail: 64114
	execution time (ms): 38411
	#sols : 140
	completed : false

NEW SOLUTION FOUND
solution score : 575

	#choice: 129717
	#fail: 64602
	execution time (ms): 38684
	#sols : 141
	completed : false

NEW SOLUTION FOUND
solution score : 576

	#choice: 130721
	#fail: 65098
	execution time (ms): 38954
	#sols : 142
	completed : false

NEW SOLUTION FOUND
solution score : 577

	#choice: 131723
	#fail: 65608
	execution time (ms): 39232
	#sols : 143
	completed : false

NEW SOLUTION FOUND
solution score : 578

	#choice: 132705
	#fail: 66098
	execution time (ms): 39501
	#sols : 144
	completed : false

NEW SOLUTION FOUND
solution score : 579

	#choice: 133693
	#fail: 66591
	execution time (ms): 39771
	#sols : 145
	completed : false

NEW SOLUTION FOUND
solution score : 580

	#choice: 134685
	#fail: 67089
	execution time (ms): 40046
	#sols : 146
	completed : false

NEW SOLUTION FOUND
solution score : 581

	#choice: 135657
	#fail: 67579
	execution time (ms): 40314
	#sols : 147
	completed : false

NEW SOLUTION FOUND
solution score : 582

	#choice: 136624
	#fail: 68061
	execution time (ms): 40579
	#sols : 148
	completed : false

NEW SOLUTION FOUND
solution score : 583

	#choice: 137599
	#fail: 68547
	execution time (ms): 40850
	#sols : 149
	completed : false

NEW SOLUTION FOUND
solution score : 584

	#choice: 138581
	#fail: 69036
	execution time (ms): 41120
	#sols : 150
	completed : false

NEW SOLUTION FOUND
solution score : 585

	#choice: 139550
	#fail: 69528
	execution time (ms): 41385
	#sols : 151
	completed : false

NEW SOLUTION FOUND
solution score : 586

	#choice: 140513
	#fail: 70006
	execution time (ms): 41653
	#sols : 152
	completed : false

NEW SOLUTION FOUND
solution score : 587

	#choice: 141493
	#fail: 70493
	execution time (ms): 41925
	#sols : 153
	completed : false

NEW SOLUTION FOUND
solution score : 588

	#choice: 142470
	#fail: 70985
	execution time (ms): 42196
	#sols : 154
	completed : false

NEW SOLUTION FOUND
solution score : 589

	#choice: 143445
	#fail: 71470
	execution time (ms): 42468
	#sols : 155
	completed : false

NEW SOLUTION FOUND
solution score : 590

	#choice: 144429
	#fail: 71959
	execution time (ms): 42737
	#sols : 156
	completed : false

NEW SOLUTION FOUND
solution score : 591

	#choice: 145450
	#fail: 72480
	execution time (ms): 43029
	#sols : 157
	completed : false

NEW SOLUTION FOUND
solution score : 592

	#choice: 146428
	#fail: 72966
	execution time (ms): 43312
	#sols : 158
	completed : false

NEW SOLUTION FOUND
solution score : 593

	#choice: 147418
	#fail: 73455
	execution time (ms): 43596
	#sols : 159
	completed : false

NEW SOLUTION FOUND
solution score : 594

	#choice: 148415
	#fail: 73957
	execution time (ms): 43883
	#sols : 160
	completed : false

NEW SOLUTION FOUND
solution score : 595

	#choice: 149412
	#fail: 74454
	execution time (ms): 44163
	#sols : 161
	completed : false

NEW SOLUTION FOUND
solution score : 596

	#choice: 150409
	#fail: 74953
	execution time (ms): 44444
	#sols : 162
	completed : false

NEW SOLUTION FOUND
solution score : 597

	#choice: 151410
	#fail: 75451
	execution time (ms): 44733
	#sols : 163
	completed : false

NEW SOLUTION FOUND
solution score : 598

	#choice: 152410
	#fail: 75953
	execution time (ms): 45022
	#sols : 164
	completed : false

NEW SOLUTION FOUND
solution score : 599

	#choice: 153406
	#fail: 76452
	execution time (ms): 45313
	#sols : 165
	completed : false

NEW SOLUTION FOUND
solution score : 600

	#choice: 154397
	#fail: 76948
	execution time (ms): 45599
	#sols : 166
	completed : false

NEW SOLUTION FOUND
solution score : 601

	#choice: 155393
	#fail: 77444
	execution time (ms): 45888
	#sols : 167
	completed : false

NEW SOLUTION FOUND
solution score : 602

	#choice: 156386
	#fail: 77943
	execution time (ms): 46178
	#sols : 168
	completed : false

NEW SOLUTION FOUND
solution score : 603

	#choice: 157373
	#fail: 78437
	execution time (ms): 46457
	#sols : 169
	completed : false

NEW SOLUTION FOUND
solution score : 604

	#choice: 158385
	#fail: 78939
	execution time (ms): 46750
	#sols : 170
	completed : false

NEW SOLUTION FOUND
solution score : 605

	#choice: 159387
	#fail: 79439
	execution time (ms): 47028
	#sols : 171
	completed : false

NEW SOLUTION FOUND
solution score : 606

	#choice: 160385
	#fail: 79943
	execution time (ms): 47308
	#sols : 172
	completed : false

NEW SOLUTION FOUND
solution score : 607

	#choice: 161368
	#fail: 80436
	execution time (ms): 47589
	#sols : 173
	completed : false

NEW SOLUTION FOUND
solution score : 608

	#choice: 162357
	#fail: 80925
	execution time (ms): 47870
	#sols : 174
	completed : false

NEW SOLUTION FOUND
solution score : 609

	#choice: 163354
	#fail: 81425
	execution time (ms): 48147
	#sols : 175
	completed : false

NEW SOLUTION FOUND
solution score : 610

	#choice: 164352
	#fail: 81923
	execution time (ms): 48429
	#sols : 176
	completed : false

NEW SOLUTION FOUND
solution score : 611

	#choice: 165353
	#fail: 82431
	execution time (ms): 48715
	#sols : 177
	completed : false

NEW SOLUTION FOUND
solution score : 612

	#choice: 166332
	#fail: 82915
	execution time (ms): 48992
	#sols : 178
	completed : false

NEW SOLUTION FOUND
solution score : 613

	#choice: 167315
	#fail: 83411
	execution time (ms): 49273
	#sols : 179
	completed : false

NEW SOLUTION FOUND
solution score : 614

	#choice: 168297
	#fail: 83899
	execution time (ms): 49556
	#sols : 180
	completed : false

NEW SOLUTION FOUND
solution score : 615

	#choice: 169291
	#fail: 84394
	execution time (ms): 49840
	#sols : 181
	completed : false

NEW SOLUTION FOUND
solution score : 616

	#choice: 170289
	#fail: 84895
	execution time (ms): 50128
	#sols : 182
	completed : false

NEW SOLUTION FOUND
solution score : 617

	#choice: 171292
	#fail: 85389
	execution time (ms): 50412
	#sols : 183
	completed : false

NEW SOLUTION FOUND
solution score : 618

	#choice: 172300
	#fail: 85898
	execution time (ms): 50696
	#sols : 184
	completed : false

NEW SOLUTION FOUND
solution score : 619

	#choice: 173302
	#fail: 86399
	execution time (ms): 50979
	#sols : 185
	completed : false

NEW SOLUTION FOUND
solution score : 620

	#choice: 174290
	#fail: 86897
	execution time (ms): 51262
	#sols : 186
	completed : false

NEW SOLUTION FOUND
solution score : 621

	#choice: 175271
	#fail: 87387
	execution time (ms): 51541
	#sols : 187
	completed : false

NEW SOLUTION FOUND
solution score : 622

	#choice: 176256
	#fail: 87878
	execution time (ms): 51825
	#sols : 188
	completed : false

NEW SOLUTION FOUND
solution score : 623

	#choice: 177244
	#fail: 88373
	execution time (ms): 52105
	#sols : 189
	completed : false

NEW SOLUTION FOUND
solution score : 624

	#choice: 178237
	#fail: 88866
	execution time (ms): 52386
	#sols : 190
	completed : false

NEW SOLUTION FOUND
solution score : 625

	#choice: 179238
	#fail: 89366
	execution time (ms): 52670
	#sols : 191
	completed : false

NEW SOLUTION FOUND
solution score : 626

	#choice: 180229
	#fail: 89867
	execution time (ms): 52947
	#sols : 192
	completed : false

NEW SOLUTION FOUND
solution score : 627

	#choice: 181218
	#fail: 90361
	execution time (ms): 53229
	#sols : 193
	completed : false

NEW SOLUTION FOUND
solution score : 628

	#choice: 182211
	#fail: 90852
	execution time (ms): 53513
	#sols : 194
	completed : false

NEW SOLUTION FOUND
solution score : 629

	#choice: 183213
	#fail: 91354
	execution time (ms): 53795
	#sols : 195
	completed : false

NEW SOLUTION FOUND
solution score : 630

	#choice: 184215
	#fail: 91854
	execution time (ms): 54079
	#sols : 196
	completed : false

NEW SOLUTION FOUND
solution score : 631

	#choice: 185210
	#fail: 92357
	execution time (ms): 54360
	#sols : 197
	completed : false

NEW SOLUTION FOUND
solution score : 632

	#choice: 186198
	#fail: 92848
	execution time (ms): 54645
	#sols : 198
	completed : false

NEW SOLUTION FOUND
solution score : 633

	#choice: 187205
	#fail: 93351
	execution time (ms): 54932
	#sols : 199
	completed : false

NEW SOLUTION FOUND
solution score : 634

	#choice: 188202
	#fail: 93849
	execution time (ms): 55215
	#sols : 200
	completed : false

NEW SOLUTION FOUND
solution score : 635

	#choice: 189203
	#fail: 94350
	execution time (ms): 55500
	#sols : 201
	completed : false

NEW SOLUTION FOUND
solution score : 636

	#choice: 190206
	#fail: 94851
	execution time (ms): 55786
	#sols : 202
	completed : false

NEW SOLUTION FOUND
solution score : 637

	#choice: 191199
	#fail: 95349
	execution time (ms): 56065
	#sols : 203
	completed : false

NEW SOLUTION FOUND
solution score : 638

	#choice: 192206
	#fail: 95847
	execution time (ms): 56354
	#sols : 204
	completed : false

NEW SOLUTION FOUND
solution score : 639

	#choice: 193205
	#fail: 96353
	execution time (ms): 56635
	#sols : 205
	completed : false

NEW SOLUTION FOUND
solution score : 640

	#choice: 194202
	#fail: 96848
	execution time (ms): 56915
	#sols : 206
	completed : false

NEW SOLUTION FOUND
solution score : 641

	#choice: 195204
	#fail: 97351
	execution time (ms): 57195
	#sols : 207
	completed : false

NEW SOLUTION FOUND
solution score : 642

	#choice: 196189
	#fail: 97849
	execution time (ms): 57481
	#sols : 208
	completed : false

NEW SOLUTION FOUND
solution score : 643

	#choice: 197181
	#fail: 98342
	execution time (ms): 57768
	#sols : 209
	completed : false

NEW SOLUTION FOUND
solution score : 644

	#choice: 198164
	#fail: 98835
	execution time (ms): 58052
	#sols : 210
	completed : false

NEW SOLUTION FOUND
solution score : 645

	#choice: 199153
	#fail: 99331
	execution time (ms): 58341
	#sols : 211
	completed : false

NEW SOLUTION FOUND
solution score : 646

	#choice: 200148
	#fail: 99819
	execution time (ms): 58632
	#sols : 212
	completed : false

NEW SOLUTION FOUND
solution score : 647

	#choice: 201150
	#fail: 100324
	execution time (ms): 58914
	#sols : 213
	completed : false

NEW SOLUTION FOUND
solution score : 648

	#choice: 202138
	#fail: 100821
	execution time (ms): 59198
	#sols : 214
	completed : false

NEW SOLUTION FOUND
solution score : 649

	#choice: 203132
	#fail: 101313
	execution time (ms): 59481
	#sols : 215
	completed : false

NEW SOLUTION FOUND
solution score : 650

	#choice: 204135
	#fail: 101814
	execution time (ms): 59762
	#sols : 216
	completed : false

NEW SOLUTION FOUND
solution score : 651

	#choice: 205145
	#fail: 102318
	execution time (ms): 60046
	#sols : 217
	completed : false

NEW SOLUTION FOUND
solution score : 652

	#choice: 206152
	#fail: 102823
	execution time (ms): 60331
	#sols : 218
	completed : false

NEW SOLUTION FOUND
solution score : 653

	#choice: 207154
	#fail: 103324
	execution time (ms): 60613
	#sols : 219
	completed : false

NEW SOLUTION FOUND
solution score : 654

	#choice: 208153
	#fail: 103826
	execution time (ms): 60896
	#sols : 220
	completed : false

NEW SOLUTION FOUND
solution score : 655

	#choice: 209167
	#fail: 104332
	execution time (ms): 61186
	#sols : 221
	completed : false

NEW SOLUTION FOUND
solution score : 656

	#choice: 210160
	#fail: 104833
	execution time (ms): 61467
	#sols : 222
	completed : false

NEW SOLUTION FOUND
solution score : 657

	#choice: 211149
	#fail: 105323
	execution time (ms): 61752
	#sols : 223
	completed : false

NEW SOLUTION FOUND
solution score : 658

	#choice: 212138
	#fail: 105822
	execution time (ms): 62034
	#sols : 224
	completed : false

NEW SOLUTION FOUND
solution score : 659

	#choice: 213127
	#fail: 106312
	execution time (ms): 62318
	#sols : 225
	completed : false

NEW SOLUTION FOUND
solution score : 660

	#choice: 214120
	#fail: 106811
	execution time (ms): 62599
	#sols : 226
	completed : false

NEW SOLUTION FOUND
solution score : 661

	#choice: 215115
	#fail: 107306
	execution time (ms): 62903
	#sols : 227
	completed : false

NEW SOLUTION FOUND
solution score : 662

	#choice: 216129
	#fail: 107818
	execution time (ms): 63219
	#sols : 228
	completed : false

NEW SOLUTION FOUND
solution score : 663

	#choice: 217106
	#fail: 108306
	execution time (ms): 63501
	#sols : 229
	completed : false

NEW SOLUTION FOUND
solution score : 664

	#choice: 218093
	#fail: 108795
	execution time (ms): 63784
	#sols : 230
	completed : false

NEW SOLUTION FOUND
solution score : 665

	#choice: 219091
	#fail: 109298
	execution time (ms): 64073
	#sols : 231
	completed : false

NEW SOLUTION FOUND
solution score : 666

	#choice: 220084
	#fail: 109788
	execution time (ms): 64356
	#sols : 232
	completed : false

NEW SOLUTION FOUND
solution score : 667

	#choice: 221087
	#fail: 110294
	execution time (ms): 64640
	#sols : 233
	completed : false

NEW SOLUTION FOUND
solution score : 668

	#choice: 222095
	#fail: 110789
	execution time (ms): 64925
	#sols : 234
	completed : false

NEW SOLUTION FOUND
solution score : 669

	#choice: 223105
	#fail: 111301
	execution time (ms): 65207
	#sols : 235
	completed : false

NEW SOLUTION FOUND
solution score : 670

	#choice: 224103
	#fail: 111801
	execution time (ms): 65496
	#sols : 236
	completed : false

NEW SOLUTION FOUND
solution score : 671

	#choice: 225099
	#fail: 112297
	execution time (ms): 65776
	#sols : 237
	completed : false

NEW SOLUTION FOUND
solution score : 672

	#choice: 226110
	#fail: 112798
	execution time (ms): 66059
	#sols : 238
	completed : false

NEW SOLUTION FOUND
solution score : 673

	#choice: 227121
	#fail: 113309
	execution time (ms): 66370
	#sols : 239
	completed : false

NEW SOLUTION FOUND
solution score : 674

	#choice: 228120
	#fail: 113807
	execution time (ms): 66649
	#sols : 240
	completed : false

NEW SOLUTION FOUND
solution score : 675

	#choice: 229110
	#fail: 114307
	execution time (ms): 66934
	#sols : 241
	completed : false

NEW SOLUTION FOUND
solution score : 676

	#choice: 230091
	#fail: 114796
	execution time (ms): 67214
	#sols : 242
	completed : false

NEW SOLUTION FOUND
solution score : 677

	#choice: 231071
	#fail: 115290
	execution time (ms): 67494
	#sols : 243
	completed : false

NEW SOLUTION FOUND
solution score : 678

	#choice: 232050
	#fail: 115776
	execution time (ms): 67778
	#sols : 244
	completed : false

NEW SOLUTION FOUND
solution score : 679

	#choice: 233055
	#fail: 116274
	execution time (ms): 68064
	#sols : 245
	completed : false

NEW SOLUTION FOUND
solution score : 680

	#choice: 234055
	#fail: 116776
	execution time (ms): 68347
	#sols : 246
	completed : false

NEW SOLUTION FOUND
solution score : 681

	#choice: 235056
	#fail: 117274
	execution time (ms): 68630
	#sols : 247
	completed : false

NEW SOLUTION FOUND
solution score : 682

	#choice: 236050
	#fail: 117777
	execution time (ms): 68909
	#sols : 248
	completed : false

NEW SOLUTION FOUND
solution score : 683

	#choice: 237039
	#fail: 118269
	execution time (ms): 69212
	#sols : 249
	completed : false

NEW SOLUTION FOUND
solution score : 684

	#choice: 238044
	#fail: 118768
	execution time (ms): 69503
	#sols : 250
	completed : false

NEW SOLUTION FOUND
solution score : 685

	#choice: 239049
	#fail: 119270
	execution time (ms): 69785
	#sols : 251
	completed : false

NEW SOLUTION FOUND
solution score : 686

	#choice: 240056
	#fail: 119773
	execution time (ms): 70065
	#sols : 252
	completed : false

NEW SOLUTION FOUND
solution score : 687

	#choice: 241055
	#fail: 120278
	execution time (ms): 70351
	#sols : 253
	completed : false

NEW SOLUTION FOUND
solution score : 688

	#choice: 242043
	#fail: 120772
	execution time (ms): 70630
	#sols : 254
	completed : false

NEW SOLUTION FOUND
solution score : 689

	#choice: 243028
	#fail: 121266
	execution time (ms): 70914
	#sols : 255
	completed : false

NEW SOLUTION FOUND
solution score : 690

	#choice: 244009
	#fail: 121756
	execution time (ms): 71198
	#sols : 256
	completed : false

NEW SOLUTION FOUND
solution score : 691

	#choice: 245009
	#fail: 122247
	execution time (ms): 71483
	#sols : 257
	completed : false

NEW SOLUTION FOUND
solution score : 692

	#choice: 246018
	#fail: 122759
	execution time (ms): 71764
	#sols : 258
	completed : false

NEW SOLUTION FOUND
solution score : 693

	#choice: 247017
	#fail: 123254
	execution time (ms): 72049
	#sols : 259
	completed : false

NEW SOLUTION FOUND
solution score : 694

	#choice: 248009
	#fail: 123757
	execution time (ms): 72333
	#sols : 260
	completed : false

NEW SOLUTION FOUND
solution score : 695

	#choice: 248988
	#fail: 124246
	execution time (ms): 72618
	#sols : 261
	completed : false

NEW SOLUTION FOUND
solution score : 696

	#choice: 249980
	#fail: 124743
	execution time (ms): 72903
	#sols : 262
	completed : false

NEW SOLUTION FOUND
solution score : 697

	#choice: 250961
	#fail: 125233
	execution time (ms): 73187
	#sols : 263
	completed : false

NEW SOLUTION FOUND
solution score : 698

	#choice: 251954
	#fail: 125724
	execution time (ms): 73470
	#sols : 264
	completed : false

NEW SOLUTION FOUND
solution score : 699

	#choice: 252944
	#fail: 126225
	execution time (ms): 73755
	#sols : 265
	completed : false

NEW SOLUTION FOUND
solution score : 700

	#choice: 253932
	#fail: 126714
	execution time (ms): 74036
	#sols : 266
	completed : false

NEW SOLUTION FOUND
solution score : 701

	#choice: 254943
	#fail: 127213
	execution time (ms): 74317
	#sols : 267
	completed : false

NEW SOLUTION FOUND
solution score : 702

	#choice: 255959
	#fail: 127728
	execution time (ms): 74599
	#sols : 268
	completed : false

NEW SOLUTION FOUND
solution score : 703

	#choice: 256957
	#fail: 128231
	execution time (ms): 74883
	#sols : 269
	completed : false

NEW SOLUTION FOUND
solution score : 704

	#choice: 257956
	#fail: 128724
	execution time (ms): 75167
	#sols : 270
	completed : false

NEW SOLUTION FOUND
solution score : 705

	#choice: 258959
	#fail: 129228
	execution time (ms): 75445
	#sols : 271
	completed : false

NEW SOLUTION FOUND
solution score : 706

	#choice: 259966
	#fail: 129728
	execution time (ms): 75729
	#sols : 272
	completed : false

NEW SOLUTION FOUND
solution score : 707

	#choice: 260967
	#fail: 130235
	execution time (ms): 76011
	#sols : 273
	completed : false

NEW SOLUTION FOUND
solution score : 708

	#choice: 261960
	#fail: 130730
	execution time (ms): 76289
	#sols : 274
	completed : false

NEW SOLUTION FOUND
solution score : 709

	#choice: 262954
	#fail: 131229
	execution time (ms): 76568
	#sols : 275
	completed : false

NEW SOLUTION FOUND
solution score : 710

	#choice: 263941
	#fail: 131727
	execution time (ms): 76847
	#sols : 276
	completed : false

NEW SOLUTION FOUND
solution score : 711

	#choice: 264926
	#fail: 132212
	execution time (ms): 77126
	#sols : 277
	completed : false

NEW SOLUTION FOUND
solution score : 712

	#choice: 265925
	#fail: 132712
	execution time (ms): 77402
	#sols : 278
	completed : false

NEW SOLUTION FOUND
solution score : 713

	#choice: 266918
	#fail: 133212
	execution time (ms): 77686
	#sols : 279
	completed : false

NEW SOLUTION FOUND
solution score : 714

	#choice: 267897
	#fail: 133703
	execution time (ms): 77965
	#sols : 280
	completed : false

NEW SOLUTION FOUND
solution score : 715

	#choice: 268887
	#fail: 134192
	execution time (ms): 78244
	#sols : 281
	completed : false

NEW SOLUTION FOUND
solution score : 716

	#choice: 269882
	#fail: 134693
	execution time (ms): 78527
	#sols : 282
	completed : false

NEW SOLUTION FOUND
solution score : 717

	#choice: 270876
	#fail: 135186
	execution time (ms): 78806
	#sols : 283
	completed : false

NEW SOLUTION FOUND
solution score : 718

	#choice: 271889
	#fail: 135692
	execution time (ms): 79094
	#sols : 284
	completed : false

NEW SOLUTION FOUND
solution score : 719

	#choice: 272904
	#fail: 136194
	execution time (ms): 79378
	#sols : 285
	completed : false

NEW SOLUTION FOUND
solution score : 720

	#choice: 273919
	#fail: 136711
	execution time (ms): 79663
	#sols : 286
	completed : false

NEW SOLUTION FOUND
solution score : 721

	#choice: 274914
	#fail: 137205
	execution time (ms): 79942
	#sols : 287
	completed : false

NEW SOLUTION FOUND
solution score : 722

	#choice: 275917
	#fail: 137713
	execution time (ms): 80232
	#sols : 288
	completed : false

NEW SOLUTION FOUND
solution score : 723

	#choice: 276916
	#fail: 138201
	execution time (ms): 80529
	#sols : 289
	completed : false

NEW SOLUTION FOUND
solution score : 724

	#choice: 277932
	#fail: 138714
	execution time (ms): 80813
	#sols : 290
	completed : false

NEW SOLUTION FOUND
solution score : 725

	#choice: 278928
	#fail: 139216
	execution time (ms): 81096
	#sols : 291
	completed : false

NEW SOLUTION FOUND
solution score : 726

	#choice: 279923
	#fail: 139711
	execution time (ms): 81379
	#sols : 292
	completed : false

NEW SOLUTION FOUND
solution score : 727

	#choice: 280935
	#fail: 140213
	execution time (ms): 81660
	#sols : 293
	completed : false

NEW SOLUTION FOUND
solution score : 728

	#choice: 281944
	#fail: 140720
	execution time (ms): 81944
	#sols : 294
	completed : false

NEW SOLUTION FOUND
solution score : 729

	#choice: 282962
	#fail: 141226
	execution time (ms): 82232
	#sols : 295
	completed : false

NEW SOLUTION FOUND
solution score : 730

	#choice: 283989
	#fail: 141734
	execution time (ms): 82513
	#sols : 296
	completed : false

NEW SOLUTION FOUND
solution score : 731

	#choice: 285015
	#fail: 142256
	execution time (ms): 82803
	#sols : 297
	completed : false

NEW SOLUTION FOUND
solution score : 732

	#choice: 286015
	#fail: 142753
	execution time (ms): 83082
	#sols : 298
	completed : false

NEW SOLUTION FOUND
solution score : 733

	#choice: 287014
	#fail: 143257
	execution time (ms): 83364
	#sols : 299
	completed : false

NEW SOLUTION FOUND
solution score : 734

	#choice: 288010
	#fail: 143760
	execution time (ms): 83649
	#sols : 300
	completed : false

NEW SOLUTION FOUND
solution score : 735

	#choice: 288986
	#fail: 144247
	execution time (ms): 83932
	#sols : 301
	completed : false

NEW SOLUTION FOUND
solution score : 736

	#choice: 289968
	#fail: 144734
	execution time (ms): 84213
	#sols : 302
	completed : false

NEW SOLUTION FOUND
solution score : 737

	#choice: 290964
	#fail: 145229
	execution time (ms): 84493
	#sols : 303
	completed : false

NEW SOLUTION FOUND
solution score : 738

	#choice: 291969
	#fail: 145733
	execution time (ms): 84778
	#sols : 304
	completed : false

NEW SOLUTION FOUND
solution score : 739

	#choice: 292963
	#fail: 146233
	execution time (ms): 85057
	#sols : 305
	completed : false

NEW SOLUTION FOUND
solution score : 740

	#choice: 293959
	#fail: 146726
	execution time (ms): 85338
	#sols : 306
	completed : false

NEW SOLUTION FOUND
solution score : 741

	#choice: 294962
	#fail: 147229
	execution time (ms): 85618
	#sols : 307
	completed : false

NEW SOLUTION FOUND
solution score : 742

	#choice: 295966
	#fail: 147730
	execution time (ms): 85905
	#sols : 308
	completed : false

NEW SOLUTION FOUND
solution score : 743

	#choice: 296953
	#fail: 148231
	execution time (ms): 86183
	#sols : 309
	completed : false

NEW SOLUTION FOUND
solution score : 744

	#choice: 297935
	#fail: 148717
	execution time (ms): 86457
	#sols : 310
	completed : false

NEW SOLUTION FOUND
solution score : 745

	#choice: 298926
	#fail: 149215
	execution time (ms): 86740
	#sols : 311
	completed : false

NEW SOLUTION FOUND
solution score : 746

	#choice: 299904
	#fail: 149706
	execution time (ms): 87015
	#sols : 312
	completed : false

NEW SOLUTION FOUND
solution score : 747

	#choice: 300889
	#fail: 150194
	execution time (ms): 87298
	#sols : 313
	completed : false

NEW SOLUTION FOUND
solution score : 748

	#choice: 301873
	#fail: 150689
	execution time (ms): 87570
	#sols : 314
	completed : false

NEW SOLUTION FOUND
solution score : 749

	#choice: 302862
	#fail: 151183
	execution time (ms): 87850
	#sols : 315
	completed : false

NEW SOLUTION FOUND
solution score : 750

	#choice: 303835
	#fail: 151674
	execution time (ms): 88120
	#sols : 316
	completed : false

NEW SOLUTION FOUND
solution score : 751

	#choice: 304827
	#fail: 152159
	execution time (ms): 88401
	#sols : 317
	completed : false

NEW SOLUTION FOUND
solution score : 752

	#choice: 305828
	#fail: 152662
	execution time (ms): 88675
	#sols : 318
	completed : false

NEW SOLUTION FOUND
solution score : 753

	#choice: 306827
	#fail: 153161
	execution time (ms): 88953
	#sols : 319
	completed : false

NEW SOLUTION FOUND
solution score : 754

	#choice: 307817
	#fail: 153662
	execution time (ms): 89229
	#sols : 320
	completed : false

NEW SOLUTION FOUND
solution score : 755

	#choice: 308800
	#fail: 154150
	execution time (ms): 89501
	#sols : 321
	completed : false

NEW SOLUTION FOUND
solution score : 756

	#choice: 309792
	#fail: 154646
	execution time (ms): 89781
	#sols : 322
	completed : false

NEW SOLUTION FOUND
solution score : 757

	#choice: 310779
	#fail: 155143
	execution time (ms): 90056
	#sols : 323
	completed : false

NEW SOLUTION FOUND
solution score : 758

	#choice: 311758
	#fail: 155633
	execution time (ms): 90332
	#sols : 324
	completed : false

NEW SOLUTION FOUND
solution score : 759

	#choice: 312736
	#fail: 156121
	execution time (ms): 90607
	#sols : 325
	completed : false

NEW SOLUTION FOUND
solution score : 760

	#choice: 313757
	#fail: 156620
	execution time (ms): 90894
	#sols : 326
	completed : false

NEW SOLUTION FOUND
solution score : 761

	#choice: 314781
	#fail: 157138
	execution time (ms): 91177
	#sols : 327
	completed : false

NEW SOLUTION FOUND
solution score : 762

	#choice: 315782
	#fail: 157643
	execution time (ms): 91458
	#sols : 328
	completed : false

NEW SOLUTION FOUND
solution score : 763

	#choice: 316779
	#fail: 158139
	execution time (ms): 91741
	#sols : 329
	completed : false

NEW SOLUTION FOUND
solution score : 764

	#choice: 317781
	#fail: 158641
	execution time (ms): 92030
	#sols : 330
	completed : false

NEW SOLUTION FOUND
solution score : 765

	#choice: 318798
	#fail: 159148
	execution time (ms): 92321
	#sols : 331
	completed : false

NEW SOLUTION FOUND
solution score : 766

	#choice: 319801
	#fail: 159653
	execution time (ms): 92604
	#sols : 332
	completed : false

NEW SOLUTION FOUND
solution score : 767

	#choice: 320806
	#fail: 160149
	execution time (ms): 92892
	#sols : 333
	completed : false

NEW SOLUTION FOUND
solution score : 768

	#choice: 321811
	#fail: 160657
	execution time (ms): 93174
	#sols : 334
	completed : false

NEW SOLUTION FOUND
solution score : 769

	#choice: 322812
	#fail: 161154
	execution time (ms): 93462
	#sols : 335
	completed : false

NEW SOLUTION FOUND
solution score : 770

	#choice: 323815
	#fail: 161660
	execution time (ms): 93742
	#sols : 336
	completed : false

NEW SOLUTION FOUND
solution score : 771

	#choice: 324813
	#fail: 162155
	execution time (ms): 94028
	#sols : 337
	completed : false

NEW SOLUTION FOUND
solution score : 772

	#choice: 325814
	#fail: 162657
	execution time (ms): 94309
	#sols : 338
	completed : false

NEW SOLUTION FOUND
solution score : 773

	#choice: 326828
	#fail: 163158
	execution time (ms): 94600
	#sols : 339
	completed : false

NEW SOLUTION FOUND
solution score : 774

	#choice: 327834
	#fail: 163668
	execution time (ms): 94881
	#sols : 340
	completed : false

NEW SOLUTION FOUND
solution score : 775

	#choice: 328834
	#fail: 164165
	execution time (ms): 95164
	#sols : 341
	completed : false

NEW SOLUTION FOUND
solution score : 776

	#choice: 329842
	#fail: 164668
	execution time (ms): 95448
	#sols : 342
	completed : false

NEW SOLUTION FOUND
solution score : 777

	#choice: 330857
	#fail: 165174
	execution time (ms): 95731
	#sols : 343
	completed : false

NEW SOLUTION FOUND
solution score : 778

	#choice: 331859
	#fail: 165683
	execution time (ms): 96018
	#sols : 344
	completed : false

NEW SOLUTION FOUND
solution score : 779

	#choice: 332859
	#fail: 166176
	execution time (ms): 96298
	#sols : 345
	completed : false

NEW SOLUTION FOUND
solution score : 780

	#choice: 333865
	#fail: 166684
	execution time (ms): 96582
	#sols : 346
	completed : false

NEW SOLUTION FOUND
solution score : 781

	#choice: 334872
	#fail: 167183
	execution time (ms): 96867
	#sols : 347
	completed : false

END OF SEARCH

	#choice: 335378
	#fail: 167690
	execution time (ms): 96867
	#sols : 347
	completed : true

