INFO
n : 30
nbHoles : 500
nbFile : 10
objective : diagonal
search: lds
bp : sum_product
branchingScheme : max_marginal_strength
oracle : false
truncateRate : 0
START SEARCH
NEW SOLUTION FOUND
solution score : 513

	#choice: 375
	#fail: 0
	execution time (ms): 2505
	#sols : 1
	completed : false

NEW SOLUTION FOUND
solution score : 531

	#choice: 389
	#fail: 10
	execution time (ms): 2563
	#sols : 2
	completed : false

NEW SOLUTION FOUND
solution score : 535

	#choice: 407
	#fail: 17
	execution time (ms): 2635
	#sols : 3
	completed : false

NEW SOLUTION FOUND
solution score : 536

	#choice: 417
	#fail: 18
	execution time (ms): 2647
	#sols : 4
	completed : false

NEW SOLUTION FOUND
solution score : 553

	#choice: 426
	#fail: 19
	execution time (ms): 2672
	#sols : 5
	completed : false

NEW SOLUTION FOUND
solution score : 554

	#choice: 432
	#fail: 21
	execution time (ms): 2695
	#sols : 6
	completed : false

NEW SOLUTION FOUND
solution score : 580

	#choice: 455
	#fail: 26
	execution time (ms): 2774
	#sols : 7
	completed : false

NEW SOLUTION FOUND
solution score : 581

	#choice: 464
	#fail: 27
	execution time (ms): 2787
	#sols : 8
	completed : false

NEW SOLUTION FOUND
solution score : 591

	#choice: 511
	#fail: 51
	execution time (ms): 2890
	#sols : 9
	completed : false

NEW SOLUTION FOUND
solution score : 602

	#choice: 596
	#fail: 77
	execution time (ms): 3146
	#sols : 10
	completed : false

NEW SOLUTION FOUND
solution score : 603

	#choice: 638
	#fail: 78
	execution time (ms): 3330
	#sols : 11
	completed : false

NEW SOLUTION FOUND
solution score : 606

	#choice: 699
	#fail: 81
	execution time (ms): 3569
	#sols : 12
	completed : false

NEW SOLUTION FOUND
solution score : 614

	#choice: 811
	#fail: 100
	execution time (ms): 3939
	#sols : 13
	completed : false

NEW SOLUTION FOUND
solution score : 615

	#choice: 887
	#fail: 101
	execution time (ms): 4148
	#sols : 14
	completed : false

NEW SOLUTION FOUND
solution score : 622

	#choice: 1078
	#fail: 151
	execution time (ms): 4593
	#sols : 15
	completed : false

NEW SOLUTION FOUND
solution score : 623

	#choice: 1216
	#fail: 153
	execution time (ms): 4841
	#sols : 16
	completed : false

NEW SOLUTION FOUND
solution score : 626

	#choice: 1404
	#fail: 177
	execution time (ms): 5130
	#sols : 17
	completed : false

NEW SOLUTION FOUND
solution score : 627

	#choice: 1567
	#fail: 178
	execution time (ms): 5394
	#sols : 18
	completed : false

NEW SOLUTION FOUND
solution score : 629

	#choice: 1838
	#fail: 228
	execution time (ms): 5815
	#sols : 19
	completed : false

NEW SOLUTION FOUND
solution score : 631

	#choice: 2051
	#fail: 229
	execution time (ms): 6165
	#sols : 20
	completed : false

NEW SOLUTION FOUND
solution score : 639

	#choice: 2505
	#fail: 245
	execution time (ms): 7117
	#sols : 21
	completed : false

NEW SOLUTION FOUND
solution score : 642

	#choice: 2735
	#fail: 246
	execution time (ms): 7476
	#sols : 22
	completed : false

NEW SOLUTION FOUND
solution score : 648

	#choice: 2979
	#fail: 247
	execution time (ms): 7849
	#sols : 23
	completed : false

NEW SOLUTION FOUND
solution score : 651

	#choice: 3209
	#fail: 248
	execution time (ms): 8242
	#sols : 24
	completed : false

NEW SOLUTION FOUND
solution score : 653

	#choice: 3445
	#fail: 249
	execution time (ms): 8601
	#sols : 25
	completed : false

NEW SOLUTION FOUND
solution score : 654

	#choice: 3685
	#fail: 259
	execution time (ms): 8985
	#sols : 26
	completed : false

NEW SOLUTION FOUND
solution score : 662

	#choice: 3943
	#fail: 264
	execution time (ms): 9414
	#sols : 27
	completed : false

NEW SOLUTION FOUND
solution score : 669

	#choice: 4190
	#fail: 265
	execution time (ms): 9786
	#sols : 28
	completed : false

NEW SOLUTION FOUND
solution score : 672

	#choice: 4438
	#fail: 266
	execution time (ms): 10267
	#sols : 29
	completed : false

NEW SOLUTION FOUND
solution score : 674

	#choice: 4766
	#fail: 307
	execution time (ms): 10752
	#sols : 30
	completed : false

NEW SOLUTION FOUND
solution score : 686

	#choice: 5100
	#fail: 321
	execution time (ms): 11290
	#sols : 31
	completed : false

NEW SOLUTION FOUND
solution score : 690

	#choice: 5411
	#fail: 322
	execution time (ms): 11769
	#sols : 32
	completed : false

NEW SOLUTION FOUND
solution score : 692

	#choice: 5721
	#fail: 323
	execution time (ms): 12311
	#sols : 33
	completed : false

NEW SOLUTION FOUND
solution score : 698

	#choice: 6355
	#fail: 328
	execution time (ms): 13372
	#sols : 34
	completed : false

NEW SOLUTION FOUND
solution score : 699

	#choice: 6664
	#fail: 329
	execution time (ms): 13831
	#sols : 35
	completed : false

NEW SOLUTION FOUND
solution score : 707

	#choice: 7013
	#fail: 340
	execution time (ms): 14315
	#sols : 36
	completed : false

NEW SOLUTION FOUND
solution score : 711

	#choice: 7352
	#fail: 341
	execution time (ms): 14888
	#sols : 37
	completed : false

END OF SEARCH

	#choice: 7410
	#fail: 400
	execution time (ms): 14893
	#sols : 37
	completed : true

