objective : diagonal
search: dfs
bp : max_product
branchingScheme : dom_wdeg_max_marginal
oracle : true
truncateRate : 50
START SEARCH
NEW SOLUTION FOUND
solution score : 626

	#choice: 306
	#fail: 28
	execution time (ms): 5637
	#sols : 1
	completed : false

NEW SOLUTION FOUND
solution score : 628

	#choice: 404
	#fail: 81
	execution time (ms): 5952
	#sols : 2
	completed : false

NEW SOLUTION FOUND
solution score : 629

	#choice: 627
	#fail: 191
	execution time (ms): 6676
	#sols : 3
	completed : false

NEW SOLUTION FOUND
solution score : 633

	#choice: 721
	#fail: 235
	execution time (ms): 6898
	#sols : 4
	completed : false

NEW SOLUTION FOUND
solution score : 644

	#choice: 750
	#fail: 251
	execution time (ms): 6938
	#sols : 5
	completed : false

NEW SOLUTION FOUND
solution score : 650

	#choice: 827
	#fail: 291
	execution time (ms): 7124
	#sols : 6
	completed : false

NEW SOLUTION FOUND
solution score : 652

	#choice: 856
	#fail: 304
	execution time (ms): 7222
	#sols : 7
	completed : false

NEW SOLUTION FOUND
solution score : 654

	#choice: 880
	#fail: 319
	execution time (ms): 7278
	#sols : 8
	completed : false

NEW SOLUTION FOUND
solution score : 660

	#choice: 895
	#fail: 325
	execution time (ms): 7327
	#sols : 9
	completed : false

NEW SOLUTION FOUND
solution score : 663

	#choice: 1075
	#fail: 410
	execution time (ms): 7657
	#sols : 10
	completed : false

NEW SOLUTION FOUND
solution score : 666

	#choice: 1132
	#fail: 445
	execution time (ms): 7708
	#sols : 11
	completed : false

NEW SOLUTION FOUND
solution score : 669

	#choice: 1188
	#fail: 475
	execution time (ms): 8121
	#sols : 12
	completed : false

NEW SOLUTION FOUND
solution score : 672

	#choice: 4832
	#fail: 2291
	execution time (ms): 14668
	#sols : 13
	completed : false

NEW SOLUTION FOUND
solution score : 673

	#choice: 5083
	#fail: 2412
	execution time (ms): 15810
	#sols : 14
	completed : false

NEW SOLUTION FOUND
solution score : 678

	#choice: 5322
	#fail: 2532
	execution time (ms): 16260
	#sols : 15
	completed : false

NEW SOLUTION FOUND
solution score : 680

	#choice: 5661
	#fail: 2709
	execution time (ms): 17475
	#sols : 16
	completed : false

NEW SOLUTION FOUND
solution score : 684

	#choice: 7953
	#fail: 3861
	execution time (ms): 23930
	#sols : 17
	completed : false

NEW SOLUTION FOUND
solution score : 688

	#choice: 9434
	#fail: 4592
	execution time (ms): 28066
	#sols : 18
	completed : false

NEW SOLUTION FOUND
solution score : 691

	#choice: 12410
	#fail: 6076
	execution time (ms): 35800
	#sols : 19
	completed : false

END OF SEARCH

	#choice: 12668
	#fail: 6335
	execution time (ms): 35809
	#sols : 19
	completed : true

