INFO
n : 30
nbHoles : 700
nbFile : 9
objective : diagonal
search: dfs
bp : no_bp
branchingScheme : first_fail
oracle : false
truncateRate : 0
START SEARCH
NEW SOLUTION FOUND
solution score : 380

	#choice: 545
	#fail: 4
	execution time (ms): 1894
	#sols : 1
	completed : false

NEW SOLUTION FOUND
solution score : 381

	#choice: 571
	#fail: 19
	execution time (ms): 1952
	#sols : 2
	completed : false

NEW SOLUTION FOUND
solution score : 398

	#choice: 650
	#fail: 56
	execution time (ms): 2149
	#sols : 3
	completed : false

NEW SOLUTION FOUND
solution score : 401

	#choice: 667
	#fail: 66
	execution time (ms): 2165
	#sols : 4
	completed : false

NEW SOLUTION FOUND
solution score : 407

	#choice: 679
	#fail: 72
	execution time (ms): 2246
	#sols : 5
	completed : false

NEW SOLUTION FOUND
solution score : 409

	#choice: 689
	#fail: 81
	execution time (ms): 2294
	#sols : 6
	completed : false

NEW SOLUTION FOUND
solution score : 410

	#choice: 704
	#fail: 90
	execution time (ms): 2340
	#sols : 7
	completed : false

NEW SOLUTION FOUND
solution score : 412

	#choice: 724
	#fail: 100
	execution time (ms): 2366
	#sols : 8
	completed : false

NEW SOLUTION FOUND
solution score : 413

	#choice: 748
	#fail: 116
	execution time (ms): 2418
	#sols : 9
	completed : false

NEW SOLUTION FOUND
solution score : 416

	#choice: 765
	#fail: 121
	execution time (ms): 2466
	#sols : 10
	completed : false

NEW SOLUTION FOUND
solution score : 418

	#choice: 804
	#fail: 142
	execution time (ms): 2542
	#sols : 11
	completed : false

NEW SOLUTION FOUND
solution score : 421

	#choice: 814
	#fail: 147
	execution time (ms): 2546
	#sols : 12
	completed : false

NEW SOLUTION FOUND
solution score : 422

	#choice: 859
	#fail: 165
	execution time (ms): 2557
	#sols : 13
	completed : false

NEW SOLUTION FOUND
solution score : 423

	#choice: 893
	#fail: 188
	execution time (ms): 2603
	#sols : 14
	completed : false

NEW SOLUTION FOUND
solution score : 425

	#choice: 945
	#fail: 213
	execution time (ms): 2679
	#sols : 15
	completed : false

NEW SOLUTION FOUND
solution score : 428

	#choice: 982
	#fail: 230
	execution time (ms): 2688
	#sols : 16
	completed : false

NEW SOLUTION FOUND
solution score : 429

	#choice: 1001
	#fail: 241
	execution time (ms): 2694
	#sols : 17
	completed : false

NEW SOLUTION FOUND
solution score : 431

	#choice: 1041
	#fail: 260
	execution time (ms): 2776
	#sols : 18
	completed : false

NEW SOLUTION FOUND
solution score : 432

	#choice: 1110
	#fail: 295
	execution time (ms): 2819
	#sols : 19
	completed : false

NEW SOLUTION FOUND
solution score : 433

	#choice: 1175
	#fail: 324
	execution time (ms): 2850
	#sols : 20
	completed : false

NEW SOLUTION FOUND
solution score : 435

	#choice: 1239
	#fail: 360
	execution time (ms): 2862
	#sols : 21
	completed : false

NEW SOLUTION FOUND
solution score : 436

	#choice: 1320
	#fail: 398
	execution time (ms): 2950
	#sols : 22
	completed : false

NEW SOLUTION FOUND
solution score : 437

	#choice: 1473
	#fail: 471
	execution time (ms): 3062
	#sols : 23
	completed : false

NEW SOLUTION FOUND
solution score : 438

	#choice: 1619
	#fail: 545
	execution time (ms): 3133
	#sols : 24
	completed : false

NEW SOLUTION FOUND
solution score : 439

	#choice: 1767
	#fail: 618
	execution time (ms): 3201
	#sols : 25
	completed : false

NEW SOLUTION FOUND
solution score : 440

	#choice: 1914
	#fail: 694
	execution time (ms): 3254
	#sols : 26
	completed : false

NEW SOLUTION FOUND
solution score : 441

	#choice: 2055
	#fail: 766
	execution time (ms): 3307
	#sols : 27
	completed : false

NEW SOLUTION FOUND
solution score : 443

	#choice: 2194
	#fail: 834
	execution time (ms): 3402
	#sols : 28
	completed : false

NEW SOLUTION FOUND
solution score : 444

	#choice: 2338
	#fail: 903
	execution time (ms): 3454
	#sols : 29
	completed : false

NEW SOLUTION FOUND
solution score : 445

	#choice: 2490
	#fail: 980
	execution time (ms): 3497
	#sols : 30
	completed : false

NEW SOLUTION FOUND
solution score : 446

	#choice: 2634
	#fail: 1054
	execution time (ms): 3577
	#sols : 31
	completed : false

NEW SOLUTION FOUND
solution score : 447

	#choice: 2775
	#fail: 1126
	execution time (ms): 3656
	#sols : 32
	completed : false

NEW SOLUTION FOUND
solution score : 448

	#choice: 2925
	#fail: 1196
	execution time (ms): 3700
	#sols : 33
	completed : false

NEW SOLUTION FOUND
solution score : 449

	#choice: 3072
	#fail: 1275
	execution time (ms): 3778
	#sols : 34
	completed : false

NEW SOLUTION FOUND
solution score : 450

	#choice: 3212
	#fail: 1345
	execution time (ms): 3893
	#sols : 35
	completed : false

NEW SOLUTION FOUND
solution score : 451

	#choice: 3352
	#fail: 1413
	execution time (ms): 3941
	#sols : 36
	completed : false

NEW SOLUTION FOUND
solution score : 452

	#choice: 3495
	#fail: 1484
	execution time (ms): 4010
	#sols : 37
	completed : false

NEW SOLUTION FOUND
solution score : 454

	#choice: 3648
	#fail: 1558
	execution time (ms): 4050
	#sols : 38
	completed : false

NEW SOLUTION FOUND
solution score : 455

	#choice: 3813
	#fail: 1647
	execution time (ms): 4135
	#sols : 39
	completed : false

NEW SOLUTION FOUND
solution score : 456

	#choice: 3950
	#fail: 1711
	execution time (ms): 4231
	#sols : 40
	completed : false

NEW SOLUTION FOUND
solution score : 457

	#choice: 4102
	#fail: 1785
	execution time (ms): 4308
	#sols : 41
	completed : false

NEW SOLUTION FOUND
solution score : 458

	#choice: 4251
	#fail: 1864
	execution time (ms): 4352
	#sols : 42
	completed : false

NEW SOLUTION FOUND
solution score : 459

	#choice: 4400
	#fail: 1935
	execution time (ms): 4383
	#sols : 43
	completed : false

NEW SOLUTION FOUND
solution score : 460

	#choice: 4554
	#fail: 2009
	execution time (ms): 4420
	#sols : 44
	completed : false

NEW SOLUTION FOUND
solution score : 461

	#choice: 4705
	#fail: 2089
	execution time (ms): 4470
	#sols : 45
	completed : false

NEW SOLUTION FOUND
solution score : 462

	#choice: 4849
	#fail: 2161
	execution time (ms): 4518
	#sols : 46
	completed : false

NEW SOLUTION FOUND
solution score : 464

	#choice: 5006
	#fail: 2238
	execution time (ms): 4604
	#sols : 47
	completed : false

NEW SOLUTION FOUND
solution score : 465

	#choice: 5147
	#fail: 2313
	execution time (ms): 4647
	#sols : 48
	completed : false

NEW SOLUTION FOUND
solution score : 466

	#choice: 5296
	#fail: 2382
	execution time (ms): 4756
	#sols : 49
	completed : false

NEW SOLUTION FOUND
solution score : 467

	#choice: 5444
	#fail: 2460
	execution time (ms): 4833
	#sols : 50
	completed : false

NEW SOLUTION FOUND
solution score : 468

	#choice: 5577
	#fail: 2529
	execution time (ms): 4920
	#sols : 51
	completed : false

NEW SOLUTION FOUND
solution score : 469

	#choice: 5716
	#fail: 2591
	execution time (ms): 4977
	#sols : 52
	completed : false

NEW SOLUTION FOUND
solution score : 470

	#choice: 5868
	#fail: 2669
	execution time (ms): 5044
	#sols : 53
	completed : false

NEW SOLUTION FOUND
solution score : 471

	#choice: 6014
	#fail: 2743
	execution time (ms): 5156
	#sols : 54
	completed : false

NEW SOLUTION FOUND
solution score : 472

	#choice: 6167
	#fail: 2819
	execution time (ms): 5225
	#sols : 55
	completed : false

NEW SOLUTION FOUND
solution score : 473

	#choice: 6317
	#fail: 2895
	execution time (ms): 5301
	#sols : 56
	completed : false

NEW SOLUTION FOUND
solution score : 474

	#choice: 6542
	#fail: 3010
	execution time (ms): 5359
	#sols : 57
	completed : false

NEW SOLUTION FOUND
solution score : 475

	#choice: 6765
	#fail: 3119
	execution time (ms): 5455
	#sols : 58
	completed : false

NEW SOLUTION FOUND
solution score : 476

	#choice: 7004
	#fail: 3238
	execution time (ms): 5598
	#sols : 59
	completed : false

NEW SOLUTION FOUND
solution score : 477

	#choice: 7238
	#fail: 3359
	execution time (ms): 5650
	#sols : 60
	completed : false

NEW SOLUTION FOUND
solution score : 479

	#choice: 7491
	#fail: 3484
	execution time (ms): 5797
	#sols : 61
	completed : false

NEW SOLUTION FOUND
solution score : 480

	#choice: 7740
	#fail: 3610
	execution time (ms): 5894
	#sols : 62
	completed : false

NEW SOLUTION FOUND
solution score : 481

	#choice: 8004
	#fail: 3739
	execution time (ms): 6010
	#sols : 63
	completed : false

NEW SOLUTION FOUND
solution score : 482

	#choice: 8271
	#fail: 3872
	execution time (ms): 6204
	#sols : 64
	completed : false

NEW SOLUTION FOUND
solution score : 483

	#choice: 8548
	#fail: 4010
	execution time (ms): 6324
	#sols : 65
	completed : false

NEW SOLUTION FOUND
solution score : 484

	#choice: 8806
	#fail: 4148
	execution time (ms): 6453
	#sols : 66
	completed : false

NEW SOLUTION FOUND
solution score : 485

	#choice: 9064
	#fail: 4266
	execution time (ms): 6551
	#sols : 67
	completed : false

NEW SOLUTION FOUND
solution score : 486

	#choice: 9340
	#fail: 4405
	execution time (ms): 6668
	#sols : 68
	completed : false

NEW SOLUTION FOUND
solution score : 487

	#choice: 9608
	#fail: 4543
	execution time (ms): 6751
	#sols : 69
	completed : false

NEW SOLUTION FOUND
solution score : 488

	#choice: 9880
	#fail: 4671
	execution time (ms): 6840
	#sols : 70
	completed : false

NEW SOLUTION FOUND
solution score : 489

	#choice: 10153
	#fail: 4816
	execution time (ms): 6938
	#sols : 71
	completed : false

NEW SOLUTION FOUND
solution score : 490

	#choice: 10415
	#fail: 4944
	execution time (ms): 7091
	#sols : 72
	completed : false

NEW SOLUTION FOUND
solution score : 491

	#choice: 10675
	#fail: 5079
	execution time (ms): 7157
	#sols : 73
	completed : false

NEW SOLUTION FOUND
solution score : 492

	#choice: 10940
	#fail: 5206
	execution time (ms): 7241
	#sols : 74
	completed : false

NEW SOLUTION FOUND
solution score : 493

	#choice: 11209
	#fail: 5343
	execution time (ms): 7338
	#sols : 75
	completed : false

NEW SOLUTION FOUND
solution score : 494

	#choice: 11469
	#fail: 5474
	execution time (ms): 7439
	#sols : 76
	completed : false

NEW SOLUTION FOUND
solution score : 495

	#choice: 11738
	#fail: 5604
	execution time (ms): 7517
	#sols : 77
	completed : false

NEW SOLUTION FOUND
solution score : 496

	#choice: 12007
	#fail: 5743
	execution time (ms): 7655
	#sols : 78
	completed : false

NEW SOLUTION FOUND
solution score : 497

	#choice: 12283
	#fail: 5884
	execution time (ms): 7728
	#sols : 79
	completed : false

NEW SOLUTION FOUND
solution score : 498

	#choice: 12552
	#fail: 6018
	execution time (ms): 7800
	#sols : 80
	completed : false

NEW SOLUTION FOUND
solution score : 499

	#choice: 12814
	#fail: 6143
	execution time (ms): 7877
	#sols : 81
	completed : false

NEW SOLUTION FOUND
solution score : 500

	#choice: 13086
	#fail: 6281
	execution time (ms): 7958
	#sols : 82
	completed : false

NEW SOLUTION FOUND
solution score : 501

	#choice: 13362
	#fail: 6418
	execution time (ms): 8044
	#sols : 83
	completed : false

NEW SOLUTION FOUND
solution score : 502

	#choice: 13629
	#fail: 6552
	execution time (ms): 8115
	#sols : 84
	completed : false

NEW SOLUTION FOUND
solution score : 503

	#choice: 13897
	#fail: 6687
	execution time (ms): 8158
	#sols : 85
	completed : false

NEW SOLUTION FOUND
solution score : 504

	#choice: 14152
	#fail: 6818
	execution time (ms): 8199
	#sols : 86
	completed : false

NEW SOLUTION FOUND
solution score : 505

	#choice: 14418
	#fail: 6945
	execution time (ms): 8242
	#sols : 87
	completed : false

NEW SOLUTION FOUND
solution score : 506

	#choice: 14702
	#fail: 7093
	execution time (ms): 8324
	#sols : 88
	completed : false

NEW SOLUTION FOUND
solution score : 507

	#choice: 14975
	#fail: 7228
	execution time (ms): 8369
	#sols : 89
	completed : false

NEW SOLUTION FOUND
solution score : 508

	#choice: 15309
	#fail: 7392
	execution time (ms): 8426
	#sols : 90
	completed : false

NEW SOLUTION FOUND
solution score : 509

	#choice: 15644
	#fail: 7563
	execution time (ms): 8515
	#sols : 91
	completed : false

NEW SOLUTION FOUND
solution score : 510

	#choice: 16035
	#fail: 7758
	execution time (ms): 8632
	#sols : 92
	completed : false

NEW SOLUTION FOUND
solution score : 511

	#choice: 16407
	#fail: 7940
	execution time (ms): 8724
	#sols : 93
	completed : false

NEW SOLUTION FOUND
solution score : 512

	#choice: 16780
	#fail: 8132
	execution time (ms): 8852
	#sols : 94
	completed : false

NEW SOLUTION FOUND
solution score : 513

	#choice: 17150
	#fail: 8315
	execution time (ms): 8947
	#sols : 95
	completed : false

NEW SOLUTION FOUND
solution score : 514

	#choice: 17529
	#fail: 8501
	execution time (ms): 9010
	#sols : 96
	completed : false

NEW SOLUTION FOUND
solution score : 515

	#choice: 17917
	#fail: 8696
	execution time (ms): 9077
	#sols : 97
	completed : false

NEW SOLUTION FOUND
solution score : 516

	#choice: 18298
	#fail: 8889
	execution time (ms): 9142
	#sols : 98
	completed : false

NEW SOLUTION FOUND
solution score : 517

	#choice: 18682
	#fail: 9076
	execution time (ms): 9237
	#sols : 99
	completed : false

NEW SOLUTION FOUND
solution score : 518

	#choice: 19065
	#fail: 9273
	execution time (ms): 9370
	#sols : 100
	completed : false

NEW SOLUTION FOUND
solution score : 519

	#choice: 19439
	#fail: 9459
	execution time (ms): 9434
	#sols : 101
	completed : false

NEW SOLUTION FOUND
solution score : 520

	#choice: 19823
	#fail: 9652
	execution time (ms): 9543
	#sols : 102
	completed : false

NEW SOLUTION FOUND
solution score : 521

	#choice: 20195
	#fail: 9838
	execution time (ms): 9648
	#sols : 103
	completed : false

NEW SOLUTION FOUND
solution score : 522

	#choice: 20562
	#fail: 10024
	execution time (ms): 9730
	#sols : 104
	completed : false

NEW SOLUTION FOUND
solution score : 523

	#choice: 20976
	#fail: 10229
	execution time (ms): 9827
	#sols : 105
	completed : false

NEW SOLUTION FOUND
solution score : 524

	#choice: 21402
	#fail: 10435
	execution time (ms): 9925
	#sols : 106
	completed : false

NEW SOLUTION FOUND
solution score : 525

	#choice: 21824
	#fail: 10652
	execution time (ms): 10012
	#sols : 107
	completed : false

NEW SOLUTION FOUND
solution score : 526

	#choice: 22243
	#fail: 10858
	execution time (ms): 10088
	#sols : 108
	completed : false

NEW SOLUTION FOUND
solution score : 527

	#choice: 22671
	#fail: 11071
	execution time (ms): 10164
	#sols : 109
	completed : false

NEW SOLUTION FOUND
solution score : 528

	#choice: 23105
	#fail: 11289
	execution time (ms): 10242
	#sols : 110
	completed : false

NEW SOLUTION FOUND
solution score : 529

	#choice: 23524
	#fail: 11503
	execution time (ms): 10316
	#sols : 111
	completed : false

NEW SOLUTION FOUND
solution score : 530

	#choice: 23942
	#fail: 11708
	execution time (ms): 10417
	#sols : 112
	completed : false

NEW SOLUTION FOUND
solution score : 531

	#choice: 24363
	#fail: 11920
	execution time (ms): 10490
	#sols : 113
	completed : false

NEW SOLUTION FOUND
solution score : 532

	#choice: 24782
	#fail: 12130
	execution time (ms): 10602
	#sols : 114
	completed : false

NEW SOLUTION FOUND
solution score : 533

	#choice: 25206
	#fail: 12339
	execution time (ms): 10707
	#sols : 115
	completed : false

NEW SOLUTION FOUND
solution score : 534

	#choice: 25626
	#fail: 12553
	execution time (ms): 10816
	#sols : 116
	completed : false

NEW SOLUTION FOUND
solution score : 535

	#choice: 26041
	#fail: 12759
	execution time (ms): 10890
	#sols : 117
	completed : false

NEW SOLUTION FOUND
solution score : 536

	#choice: 26447
	#fail: 12968
	execution time (ms): 10981
	#sols : 118
	completed : false

NEW SOLUTION FOUND
solution score : 537

	#choice: 26858
	#fail: 13165
	execution time (ms): 11078
	#sols : 119
	completed : false

NEW SOLUTION FOUND
solution score : 538

	#choice: 27267
	#fail: 13380
	execution time (ms): 11168
	#sols : 120
	completed : false

NEW SOLUTION FOUND
solution score : 539

	#choice: 27661
	#fail: 13575
	execution time (ms): 11240
	#sols : 121
	completed : false

NEW SOLUTION FOUND
solution score : 540

	#choice: 28067
	#fail: 13776
	execution time (ms): 11350
	#sols : 122
	completed : false

NEW SOLUTION FOUND
solution score : 541

	#choice: 28497
	#fail: 13991
	execution time (ms): 11491
	#sols : 123
	completed : false

NEW SOLUTION FOUND
solution score : 542

	#choice: 28914
	#fail: 14198
	execution time (ms): 11603
	#sols : 124
	completed : false

NEW SOLUTION FOUND
solution score : 543

	#choice: 29346
	#fail: 14413
	execution time (ms): 11771
	#sols : 125
	completed : false

NEW SOLUTION FOUND
solution score : 544

	#choice: 29773
	#fail: 14628
	execution time (ms): 11889
	#sols : 126
	completed : false

NEW SOLUTION FOUND
solution score : 545

	#choice: 30200
	#fail: 14839
	execution time (ms): 11984
	#sols : 127
	completed : false

NEW SOLUTION FOUND
solution score : 546

	#choice: 30626
	#fail: 15055
	execution time (ms): 12095
	#sols : 128
	completed : false

NEW SOLUTION FOUND
solution score : 547

	#choice: 31059
	#fail: 15270
	execution time (ms): 12213
	#sols : 129
	completed : false

NEW SOLUTION FOUND
solution score : 548

	#choice: 31494
	#fail: 15484
	execution time (ms): 12289
	#sols : 130
	completed : false

NEW SOLUTION FOUND
solution score : 549

	#choice: 31935
	#fail: 15706
	execution time (ms): 12368
	#sols : 131
	completed : false

NEW SOLUTION FOUND
solution score : 550

	#choice: 32375
	#fail: 15925
	execution time (ms): 12444
	#sols : 132
	completed : false

NEW SOLUTION FOUND
solution score : 551

	#choice: 32791
	#fail: 16146
	execution time (ms): 12521
	#sols : 133
	completed : false

NEW SOLUTION FOUND
solution score : 552

	#choice: 33204
	#fail: 16344
	execution time (ms): 12632
	#sols : 134
	completed : false

NEW SOLUTION FOUND
solution score : 553

	#choice: 33638
	#fail: 16560
	execution time (ms): 12713
	#sols : 135
	completed : false

NEW SOLUTION FOUND
solution score : 554

	#choice: 34060
	#fail: 16776
	execution time (ms): 12790
	#sols : 136
	completed : false

NEW SOLUTION FOUND
solution score : 555

	#choice: 34472
	#fail: 16981
	execution time (ms): 12866
	#sols : 137
	completed : false

NEW SOLUTION FOUND
solution score : 556

	#choice: 34909
	#fail: 17197
	execution time (ms): 12948
	#sols : 138
	completed : false

NEW SOLUTION FOUND
solution score : 557

	#choice: 35338
	#fail: 17416
	execution time (ms): 13026
	#sols : 139
	completed : false

NEW SOLUTION FOUND
solution score : 558

	#choice: 35835
	#fail: 17659
	execution time (ms): 13124
	#sols : 140
	completed : false

NEW SOLUTION FOUND
solution score : 559

	#choice: 36324
	#fail: 17911
	execution time (ms): 13216
	#sols : 141
	completed : false

NEW SOLUTION FOUND
solution score : 560

	#choice: 36813
	#fail: 18149
	execution time (ms): 13317
	#sols : 142
	completed : false

NEW SOLUTION FOUND
solution score : 561

	#choice: 37312
	#fail: 18400
	execution time (ms): 13416
	#sols : 143
	completed : false

NEW SOLUTION FOUND
solution score : 562

	#choice: 37807
	#fail: 18648
	execution time (ms): 13512
	#sols : 144
	completed : false

NEW SOLUTION FOUND
solution score : 563

	#choice: 38313
	#fail: 18895
	execution time (ms): 13639
	#sols : 145
	completed : false

NEW SOLUTION FOUND
solution score : 564

	#choice: 38818
	#fail: 19156
	execution time (ms): 13737
	#sols : 146
	completed : false

NEW SOLUTION FOUND
solution score : 565

	#choice: 39323
	#fail: 19401
	execution time (ms): 13835
	#sols : 147
	completed : false

NEW SOLUTION FOUND
solution score : 566

	#choice: 39834
	#fail: 19661
	execution time (ms): 13931
	#sols : 148
	completed : false

NEW SOLUTION FOUND
solution score : 567

	#choice: 40336
	#fail: 19910
	execution time (ms): 14060
	#sols : 149
	completed : false

NEW SOLUTION FOUND
solution score : 568

	#choice: 40847
	#fail: 20162
	execution time (ms): 14156
	#sols : 150
	completed : false

NEW SOLUTION FOUND
solution score : 569

	#choice: 41360
	#fail: 20423
	execution time (ms): 14258
	#sols : 151
	completed : false

NEW SOLUTION FOUND
solution score : 570

	#choice: 41865
	#fail: 20675
	execution time (ms): 14357
	#sols : 152
	completed : false

NEW SOLUTION FOUND
solution score : 571

	#choice: 42363
	#fail: 20926
	execution time (ms): 14471
	#sols : 153
	completed : false

NEW SOLUTION FOUND
solution score : 572

	#choice: 42871
	#fail: 21174
	execution time (ms): 14571
	#sols : 154
	completed : false

NEW SOLUTION FOUND
solution score : 573

	#choice: 43383
	#fail: 21434
	execution time (ms): 14669
	#sols : 155
	completed : false

NEW SOLUTION FOUND
solution score : 574

	#choice: 43885
	#fail: 21684
	execution time (ms): 14768
	#sols : 156
	completed : false

NEW SOLUTION FOUND
solution score : 575

	#choice: 44387
	#fail: 21938
	execution time (ms): 14863
	#sols : 157
	completed : false

NEW SOLUTION FOUND
solution score : 576

	#choice: 44875
	#fail: 22185
	execution time (ms): 14957
	#sols : 158
	completed : false

NEW SOLUTION FOUND
solution score : 577

	#choice: 45363
	#fail: 22427
	execution time (ms): 15054
	#sols : 159
	completed : false

NEW SOLUTION FOUND
solution score : 578

	#choice: 45856
	#fail: 22675
	execution time (ms): 15151
	#sols : 160
	completed : false

NEW SOLUTION FOUND
solution score : 579

	#choice: 46350
	#fail: 22918
	execution time (ms): 15250
	#sols : 161
	completed : false

NEW SOLUTION FOUND
solution score : 580

	#choice: 46853
	#fail: 23172
	execution time (ms): 15345
	#sols : 162
	completed : false

NEW SOLUTION FOUND
solution score : 581

	#choice: 47362
	#fail: 23429
	execution time (ms): 15449
	#sols : 163
	completed : false

NEW SOLUTION FOUND
solution score : 582

	#choice: 47865
	#fail: 23677
	execution time (ms): 15551
	#sols : 164
	completed : false

NEW SOLUTION FOUND
solution score : 583

	#choice: 48374
	#fail: 23930
	execution time (ms): 15651
	#sols : 165
	completed : false

NEW SOLUTION FOUND
solution score : 584

	#choice: 48929
	#fail: 24211
	execution time (ms): 15766
	#sols : 166
	completed : false

NEW SOLUTION FOUND
solution score : 585

	#choice: 49460
	#fail: 24481
	execution time (ms): 15876
	#sols : 167
	completed : false

NEW SOLUTION FOUND
solution score : 586

	#choice: 50001
	#fail: 24745
	execution time (ms): 15992
	#sols : 168
	completed : false

NEW SOLUTION FOUND
solution score : 587

	#choice: 50646
	#fail: 25073
	execution time (ms): 16138
	#sols : 169
	completed : false

NEW SOLUTION FOUND
solution score : 588

	#choice: 51362
	#fail: 25421
	execution time (ms): 16307
	#sols : 170
	completed : false

NEW SOLUTION FOUND
solution score : 589

	#choice: 52096
	#fail: 25788
	execution time (ms): 16475
	#sols : 171
	completed : false

NEW SOLUTION FOUND
solution score : 590

	#choice: 52839
	#fail: 26163
	execution time (ms): 16646
	#sols : 172
	completed : false

NEW SOLUTION FOUND
solution score : 591

	#choice: 53585
	#fail: 26534
	execution time (ms): 16821
	#sols : 173
	completed : false

NEW SOLUTION FOUND
solution score : 592

	#choice: 54316
	#fail: 26902
	execution time (ms): 16987
	#sols : 174
	completed : false

NEW SOLUTION FOUND
solution score : 593

	#choice: 55029
	#fail: 27260
	execution time (ms): 17150
	#sols : 175
	completed : false

NEW SOLUTION FOUND
solution score : 594

	#choice: 55764
	#fail: 27627
	execution time (ms): 17322
	#sols : 176
	completed : false

NEW SOLUTION FOUND
solution score : 595

	#choice: 56477
	#fail: 27984
	execution time (ms): 17484
	#sols : 177
	completed : false

NEW SOLUTION FOUND
solution score : 596

	#choice: 57199
	#fail: 28344
	execution time (ms): 17655
	#sols : 178
	completed : false

NEW SOLUTION FOUND
solution score : 597

	#choice: 57917
	#fail: 28704
	execution time (ms): 17819
	#sols : 179
	completed : false

NEW SOLUTION FOUND
solution score : 598

	#choice: 58633
	#fail: 29061
	execution time (ms): 17988
	#sols : 180
	completed : false

NEW SOLUTION FOUND
solution score : 599

	#choice: 59353
	#fail: 29419
	execution time (ms): 18156
	#sols : 181
	completed : false

NEW SOLUTION FOUND
solution score : 600

	#choice: 60068
	#fail: 29780
	execution time (ms): 18319
	#sols : 182
	completed : false

NEW SOLUTION FOUND
solution score : 601

	#choice: 60782
	#fail: 30135
	execution time (ms): 18486
	#sols : 183
	completed : false

NEW SOLUTION FOUND
solution score : 602

	#choice: 61498
	#fail: 30494
	execution time (ms): 18651
	#sols : 184
	completed : false

NEW SOLUTION FOUND
solution score : 603

	#choice: 62210
	#fail: 30851
	execution time (ms): 18815
	#sols : 185
	completed : false

NEW SOLUTION FOUND
solution score : 604

	#choice: 62925
	#fail: 31207
	execution time (ms): 18984
	#sols : 186
	completed : false

NEW SOLUTION FOUND
solution score : 605

	#choice: 63635
	#fail: 31565
	execution time (ms): 19149
	#sols : 187
	completed : false

NEW SOLUTION FOUND
solution score : 606

	#choice: 64352
	#fail: 31917
	execution time (ms): 19314
	#sols : 188
	completed : false

NEW SOLUTION FOUND
solution score : 607

	#choice: 65075
	#fail: 32285
	execution time (ms): 19483
	#sols : 189
	completed : false

NEW SOLUTION FOUND
solution score : 608

	#choice: 65784
	#fail: 32637
	execution time (ms): 19647
	#sols : 190
	completed : false

NEW SOLUTION FOUND
solution score : 609

	#choice: 66521
	#fail: 32995
	execution time (ms): 19818
	#sols : 191
	completed : false

NEW SOLUTION FOUND
solution score : 610

	#choice: 67267
	#fail: 33375
	execution time (ms): 19984
	#sols : 192
	completed : false

NEW SOLUTION FOUND
solution score : 611

	#choice: 67994
	#fail: 33740
	execution time (ms): 20150
	#sols : 193
	completed : false

NEW SOLUTION FOUND
solution score : 612

	#choice: 68719
	#fail: 34102
	execution time (ms): 20318
	#sols : 194
	completed : false

NEW SOLUTION FOUND
solution score : 613

	#choice: 69439
	#fail: 34465
	execution time (ms): 20482
	#sols : 195
	completed : false

NEW SOLUTION FOUND
solution score : 614

	#choice: 70170
	#fail: 34831
	execution time (ms): 20656
	#sols : 196
	completed : false

NEW SOLUTION FOUND
solution score : 615

	#choice: 70908
	#fail: 35195
	execution time (ms): 20829
	#sols : 197
	completed : false

NEW SOLUTION FOUND
solution score : 616

	#choice: 71647
	#fail: 35570
	execution time (ms): 20998
	#sols : 198
	completed : false

NEW SOLUTION FOUND
solution score : 617

	#choice: 72456
	#fail: 35973
	execution time (ms): 21203
	#sols : 199
	completed : false

NEW SOLUTION FOUND
solution score : 618

	#choice: 73267
	#fail: 36381
	execution time (ms): 21404
	#sols : 200
	completed : false

NEW SOLUTION FOUND
solution score : 619

	#choice: 74094
	#fail: 36796
	execution time (ms): 21620
	#sols : 201
	completed : false

NEW SOLUTION FOUND
solution score : 620

	#choice: 74931
	#fail: 37207
	execution time (ms): 21833
	#sols : 202
	completed : false

NEW SOLUTION FOUND
solution score : 621

	#choice: 75771
	#fail: 37637
	execution time (ms): 22052
	#sols : 203
	completed : false

NEW SOLUTION FOUND
solution score : 622

	#choice: 76598
	#fail: 38044
	execution time (ms): 22268
	#sols : 204
	completed : false

NEW SOLUTION FOUND
solution score : 623

	#choice: 77435
	#fail: 38464
	execution time (ms): 22484
	#sols : 205
	completed : false

NEW SOLUTION FOUND
solution score : 624

	#choice: 78266
	#fail: 38880
	execution time (ms): 22699
	#sols : 206
	completed : false

NEW SOLUTION FOUND
solution score : 625

	#choice: 79099
	#fail: 39295
	execution time (ms): 22909
	#sols : 207
	completed : false

NEW SOLUTION FOUND
solution score : 626

	#choice: 79971
	#fail: 39733
	execution time (ms): 23144
	#sols : 208
	completed : false

NEW SOLUTION FOUND
solution score : 627

	#choice: 80801
	#fail: 40146
	execution time (ms): 23356
	#sols : 209
	completed : false

NEW SOLUTION FOUND
solution score : 628

	#choice: 81634
	#fail: 40565
	execution time (ms): 23570
	#sols : 210
	completed : false

NEW SOLUTION FOUND
solution score : 629

	#choice: 82471
	#fail: 40978
	execution time (ms): 23790
	#sols : 211
	completed : false

NEW SOLUTION FOUND
solution score : 630

	#choice: 83306
	#fail: 41402
	execution time (ms): 23999
	#sols : 212
	completed : false

NEW SOLUTION FOUND
solution score : 631

	#choice: 84129
	#fail: 41815
	execution time (ms): 24212
	#sols : 213
	completed : false

NEW SOLUTION FOUND
solution score : 632

	#choice: 84960
	#fail: 42226
	execution time (ms): 24426
	#sols : 214
	completed : false

NEW SOLUTION FOUND
solution score : 633

	#choice: 85789
	#fail: 42645
	execution time (ms): 24639
	#sols : 215
	completed : false

NEW SOLUTION FOUND
solution score : 634

	#choice: 86614
	#fail: 43054
	execution time (ms): 24853
	#sols : 216
	completed : false

NEW SOLUTION FOUND
solution score : 635

	#choice: 87443
	#fail: 43470
	execution time (ms): 25063
	#sols : 217
	completed : false

NEW SOLUTION FOUND
solution score : 636

	#choice: 88288
	#fail: 43888
	execution time (ms): 25281
	#sols : 218
	completed : false

NEW SOLUTION FOUND
solution score : 637

	#choice: 89129
	#fail: 44316
	execution time (ms): 25497
	#sols : 219
	completed : false

NEW SOLUTION FOUND
solution score : 638

	#choice: 89957
	#fail: 44728
	execution time (ms): 25709
	#sols : 220
	completed : false

NEW SOLUTION FOUND
solution score : 639

	#choice: 90815
	#fail: 45157
	execution time (ms): 25939
	#sols : 221
	completed : false

NEW SOLUTION FOUND
solution score : 640

	#choice: 91676
	#fail: 45585
	execution time (ms): 26163
	#sols : 222
	completed : false

NEW SOLUTION FOUND
solution score : 641

	#choice: 92544
	#fail: 46019
	execution time (ms): 26390
	#sols : 223
	completed : false

NEW SOLUTION FOUND
solution score : 642

	#choice: 93411
	#fail: 46452
	execution time (ms): 26613
	#sols : 224
	completed : false

NEW SOLUTION FOUND
solution score : 643

	#choice: 94283
	#fail: 46890
	execution time (ms): 26842
	#sols : 225
	completed : false

NEW SOLUTION FOUND
solution score : 644

	#choice: 95158
	#fail: 47321
	execution time (ms): 27066
	#sols : 226
	completed : false

NEW SOLUTION FOUND
solution score : 645

	#choice: 96050
	#fail: 47766
	execution time (ms): 27293
	#sols : 227
	completed : false

NEW SOLUTION FOUND
solution score : 646

	#choice: 96928
	#fail: 48212
	execution time (ms): 27516
	#sols : 228
	completed : false

NEW SOLUTION FOUND
solution score : 647

	#choice: 97792
	#fail: 48645
	execution time (ms): 27746
	#sols : 229
	completed : false

NEW SOLUTION FOUND
solution score : 648

	#choice: 98655
	#fail: 49073
	execution time (ms): 27970
	#sols : 230
	completed : false

NEW SOLUTION FOUND
solution score : 649

	#choice: 99515
	#fail: 49509
	execution time (ms): 28196
	#sols : 231
	completed : false

NEW SOLUTION FOUND
solution score : 650

	#choice: 100376
	#fail: 49934
	execution time (ms): 28426
	#sols : 232
	completed : false

NEW SOLUTION FOUND
solution score : 651

	#choice: 101248
	#fail: 50372
	execution time (ms): 28654
	#sols : 233
	completed : false

NEW SOLUTION FOUND
solution score : 652

	#choice: 102118
	#fail: 50807
	execution time (ms): 28885
	#sols : 234
	completed : false

NEW SOLUTION FOUND
solution score : 653

	#choice: 102973
	#fail: 51240
	execution time (ms): 29109
	#sols : 235
	completed : false

NEW SOLUTION FOUND
solution score : 654

	#choice: 103856
	#fail: 51671
	execution time (ms): 29346
	#sols : 236
	completed : false

NEW SOLUTION FOUND
solution score : 655

	#choice: 104753
	#fail: 52123
	execution time (ms): 29581
	#sols : 237
	completed : false

NEW SOLUTION FOUND
solution score : 656

	#choice: 105639
	#fail: 52568
	execution time (ms): 29814
	#sols : 238
	completed : false

NEW SOLUTION FOUND
solution score : 657

	#choice: 106556
	#fail: 53028
	execution time (ms): 30064
	#sols : 239
	completed : false

NEW SOLUTION FOUND
solution score : 658

	#choice: 107472
	#fail: 53486
	execution time (ms): 30313
	#sols : 240
	completed : false

NEW SOLUTION FOUND
solution score : 659

	#choice: 108422
	#fail: 53955
	execution time (ms): 30578
	#sols : 241
	completed : false

NEW SOLUTION FOUND
solution score : 660

	#choice: 109410
	#fail: 54451
	execution time (ms): 30859
	#sols : 242
	completed : false

NEW SOLUTION FOUND
solution score : 661

	#choice: 110370
	#fail: 54932
	execution time (ms): 31123
	#sols : 243
	completed : false

NEW SOLUTION FOUND
solution score : 662

	#choice: 111310
	#fail: 55406
	execution time (ms): 31383
	#sols : 244
	completed : false

NEW SOLUTION FOUND
solution score : 663

	#choice: 112250
	#fail: 55874
	execution time (ms): 31651
	#sols : 245
	completed : false

NEW SOLUTION FOUND
solution score : 664

	#choice: 113208
	#fail: 56349
	execution time (ms): 31918
	#sols : 246
	completed : false

NEW SOLUTION FOUND
solution score : 665

	#choice: 114167
	#fail: 56827
	execution time (ms): 32179
	#sols : 247
	completed : false

NEW SOLUTION FOUND
solution score : 666

	#choice: 115124
	#fail: 57309
	execution time (ms): 32442
	#sols : 248
	completed : false

NEW SOLUTION FOUND
solution score : 667

	#choice: 116062
	#fail: 57785
	execution time (ms): 32708
	#sols : 249
	completed : false

NEW SOLUTION FOUND
solution score : 668

	#choice: 116998
	#fail: 58246
	execution time (ms): 32966
	#sols : 250
	completed : false

NEW SOLUTION FOUND
solution score : 669

	#choice: 117939
	#fail: 58723
	execution time (ms): 33229
	#sols : 251
	completed : false

NEW SOLUTION FOUND
solution score : 670

	#choice: 118892
	#fail: 59189
	execution time (ms): 33498
	#sols : 252
	completed : false

NEW SOLUTION FOUND
solution score : 671

	#choice: 119843
	#fail: 59670
	execution time (ms): 33754
	#sols : 253
	completed : false

NEW SOLUTION FOUND
solution score : 672

	#choice: 120785
	#fail: 60142
	execution time (ms): 34012
	#sols : 254
	completed : false

NEW SOLUTION FOUND
solution score : 673

	#choice: 121727
	#fail: 60611
	execution time (ms): 34266
	#sols : 255
	completed : false

NEW SOLUTION FOUND
solution score : 674

	#choice: 122691
	#fail: 61096
	execution time (ms): 34534
	#sols : 256
	completed : false

NEW SOLUTION FOUND
solution score : 675

	#choice: 123626
	#fail: 61564
	execution time (ms): 34793
	#sols : 257
	completed : false

NEW SOLUTION FOUND
solution score : 676

	#choice: 124579
	#fail: 62033
	execution time (ms): 35048
	#sols : 258
	completed : false

NEW SOLUTION FOUND
solution score : 677

	#choice: 125559
	#fail: 62527
	execution time (ms): 35316
	#sols : 259
	completed : false

NEW SOLUTION FOUND
solution score : 678

	#choice: 126553
	#fail: 63026
	execution time (ms): 35600
	#sols : 260
	completed : false

NEW SOLUTION FOUND
solution score : 679

	#choice: 127536
	#fail: 63519
	execution time (ms): 35875
	#sols : 261
	completed : false

NEW SOLUTION FOUND
solution score : 680

	#choice: 128532
	#fail: 64014
	execution time (ms): 36156
	#sols : 262
	completed : false

NEW SOLUTION FOUND
solution score : 681

	#choice: 129515
	#fail: 64512
	execution time (ms): 36430
	#sols : 263
	completed : false

NEW SOLUTION FOUND
solution score : 682

	#choice: 130509
	#fail: 64997
	execution time (ms): 36714
	#sols : 264
	completed : false

NEW SOLUTION FOUND
solution score : 683

	#choice: 131514
	#fail: 65503
	execution time (ms): 36990
	#sols : 265
	completed : false

NEW SOLUTION FOUND
solution score : 684

	#choice: 132500
	#fail: 66003
	execution time (ms): 37265
	#sols : 266
	completed : false

NEW SOLUTION FOUND
solution score : 685

	#choice: 133497
	#fail: 66490
	execution time (ms): 37546
	#sols : 267
	completed : false

NEW SOLUTION FOUND
solution score : 686

	#choice: 134513
	#fail: 67002
	execution time (ms): 37823
	#sols : 268
	completed : false

NEW SOLUTION FOUND
solution score : 687

	#choice: 135503
	#fail: 67504
	execution time (ms): 38097
	#sols : 269
	completed : false

NEW SOLUTION FOUND
solution score : 688

	#choice: 136487
	#fail: 67992
	execution time (ms): 38374
	#sols : 270
	completed : false

NEW SOLUTION FOUND
solution score : 689

	#choice: 137476
	#fail: 68488
	execution time (ms): 38655
	#sols : 271
	completed : false

NEW SOLUTION FOUND
solution score : 690

	#choice: 138465
	#fail: 68980
	execution time (ms): 38930
	#sols : 272
	completed : false

NEW SOLUTION FOUND
solution score : 691

	#choice: 139466
	#fail: 69477
	execution time (ms): 39210
	#sols : 273
	completed : false

NEW SOLUTION FOUND
solution score : 692

	#choice: 140475
	#fail: 69984
	execution time (ms): 39489
	#sols : 274
	completed : false

NEW SOLUTION FOUND
solution score : 693

	#choice: 141479
	#fail: 70486
	execution time (ms): 39772
	#sols : 275
	completed : false

NEW SOLUTION FOUND
solution score : 694

	#choice: 142475
	#fail: 70990
	execution time (ms): 40048
	#sols : 276
	completed : false

NEW SOLUTION FOUND
solution score : 695

	#choice: 143468
	#fail: 71483
	execution time (ms): 40332
	#sols : 277
	completed : false

END OF SEARCH

	#choice: 143970
	#fail: 71986
	execution time (ms): 40333
	#sols : 277
	completed : true

