INFO
n : 30
nbHoles : 700
nbFile : 5
objective : diagonal
search: dfs
bp : no_bp
branchingScheme : first_fail
oracle : false
truncateRate : 50
START SEARCH
NEW SOLUTION FOUND
solution score : 438

	#choice: 547
	#fail: 4
	execution time (ms): 1054
	#sols : 1
	completed : false

NEW SOLUTION FOUND
solution score : 442

	#choice: 655
	#fail: 60
	execution time (ms): 1168
	#sols : 2
	completed : false

NEW SOLUTION FOUND
solution score : 443

	#choice: 757
	#fail: 112
	execution time (ms): 1306
	#sols : 3
	completed : false

NEW SOLUTION FOUND
solution score : 447

	#choice: 847
	#fail: 161
	execution time (ms): 1400
	#sols : 4
	completed : false

NEW SOLUTION FOUND
solution score : 451

	#choice: 937
	#fail: 203
	execution time (ms): 1417
	#sols : 5
	completed : false

NEW SOLUTION FOUND
solution score : 452

	#choice: 1033
	#fail: 252
	execution time (ms): 1508
	#sols : 6
	completed : false

NEW SOLUTION FOUND
solution score : 456

	#choice: 1130
	#fail: 299
	execution time (ms): 1567
	#sols : 7
	completed : false

NEW SOLUTION FOUND
solution score : 457

	#choice: 1295
	#fail: 383
	execution time (ms): 1615
	#sols : 8
	completed : false

NEW SOLUTION FOUND
solution score : 458

	#choice: 1440
	#fail: 460
	execution time (ms): 1684
	#sols : 9
	completed : false

NEW SOLUTION FOUND
solution score : 459

	#choice: 1584
	#fail: 530
	execution time (ms): 1743
	#sols : 10
	completed : false

NEW SOLUTION FOUND
solution score : 460

	#choice: 1730
	#fail: 601
	execution time (ms): 1819
	#sols : 11
	completed : false

NEW SOLUTION FOUND
solution score : 461

	#choice: 1867
	#fail: 674
	execution time (ms): 1875
	#sols : 12
	completed : false

NEW SOLUTION FOUND
solution score : 462

	#choice: 2004
	#fail: 739
	execution time (ms): 1960
	#sols : 13
	completed : false

NEW SOLUTION FOUND
solution score : 463

	#choice: 2202
	#fail: 844
	execution time (ms): 2056
	#sols : 14
	completed : false

NEW SOLUTION FOUND
solution score : 464

	#choice: 2388
	#fail: 930
	execution time (ms): 2190
	#sols : 15
	completed : false

NEW SOLUTION FOUND
solution score : 465

	#choice: 2588
	#fail: 1030
	execution time (ms): 2274
	#sols : 16
	completed : false

NEW SOLUTION FOUND
solution score : 466

	#choice: 2781
	#fail: 1130
	execution time (ms): 2315
	#sols : 17
	completed : false

NEW SOLUTION FOUND
solution score : 467

	#choice: 2970
	#fail: 1223
	execution time (ms): 2477
	#sols : 18
	completed : false

NEW SOLUTION FOUND
solution score : 468

	#choice: 3175
	#fail: 1321
	execution time (ms): 2564
	#sols : 19
	completed : false

NEW SOLUTION FOUND
solution score : 469

	#choice: 3376
	#fail: 1426
	execution time (ms): 2614
	#sols : 20
	completed : false

NEW SOLUTION FOUND
solution score : 470

	#choice: 3589
	#fail: 1536
	execution time (ms): 2668
	#sols : 21
	completed : false

NEW SOLUTION FOUND
solution score : 471

	#choice: 3789
	#fail: 1626
	execution time (ms): 2744
	#sols : 22
	completed : false

NEW SOLUTION FOUND
solution score : 472

	#choice: 4001
	#fail: 1736
	execution time (ms): 2807
	#sols : 23
	completed : false

NEW SOLUTION FOUND
solution score : 473

	#choice: 4195
	#fail: 1838
	execution time (ms): 2921
	#sols : 24
	completed : false

NEW SOLUTION FOUND
solution score : 474

	#choice: 4379
	#fail: 1930
	execution time (ms): 3003
	#sols : 25
	completed : false

NEW SOLUTION FOUND
solution score : 475

	#choice: 4563
	#fail: 2023
	execution time (ms): 3047
	#sols : 26
	completed : false

NEW SOLUTION FOUND
solution score : 476

	#choice: 4748
	#fail: 2113
	execution time (ms): 3113
	#sols : 27
	completed : false

NEW SOLUTION FOUND
solution score : 477

	#choice: 5016
	#fail: 2252
	execution time (ms): 3256
	#sols : 28
	completed : false

NEW SOLUTION FOUND
solution score : 478

	#choice: 5313
	#fail: 2396
	execution time (ms): 3332
	#sols : 29
	completed : false

NEW SOLUTION FOUND
solution score : 479

	#choice: 5654
	#fail: 2566
	execution time (ms): 3478
	#sols : 30
	completed : false

NEW SOLUTION FOUND
solution score : 480

	#choice: 5999
	#fail: 2738
	execution time (ms): 3623
	#sols : 31
	completed : false

NEW SOLUTION FOUND
solution score : 481

	#choice: 6335
	#fail: 2906
	execution time (ms): 3679
	#sols : 32
	completed : false

NEW SOLUTION FOUND
solution score : 482

	#choice: 6669
	#fail: 3073
	execution time (ms): 3777
	#sols : 33
	completed : false

NEW SOLUTION FOUND
solution score : 483

	#choice: 6994
	#fail: 3241
	execution time (ms): 3853
	#sols : 34
	completed : false

NEW SOLUTION FOUND
solution score : 484

	#choice: 7314
	#fail: 3398
	execution time (ms): 3908
	#sols : 35
	completed : false

NEW SOLUTION FOUND
solution score : 485

	#choice: 7656
	#fail: 3564
	execution time (ms): 4005
	#sols : 36
	completed : false

NEW SOLUTION FOUND
solution score : 486

	#choice: 8004
	#fail: 3741
	execution time (ms): 4106
	#sols : 37
	completed : false

NEW SOLUTION FOUND
solution score : 487

	#choice: 8351
	#fail: 3914
	execution time (ms): 4250
	#sols : 38
	completed : false

NEW SOLUTION FOUND
solution score : 488

	#choice: 8678
	#fail: 4083
	execution time (ms): 4376
	#sols : 39
	completed : false

NEW SOLUTION FOUND
solution score : 489

	#choice: 9011
	#fail: 4241
	execution time (ms): 4501
	#sols : 40
	completed : false

NEW SOLUTION FOUND
solution score : 490

	#choice: 9349
	#fail: 4417
	execution time (ms): 4690
	#sols : 41
	completed : false

NEW SOLUTION FOUND
solution score : 491

	#choice: 9671
	#fail: 4577
	execution time (ms): 4834
	#sols : 42
	completed : false

NEW SOLUTION FOUND
solution score : 492

	#choice: 10004
	#fail: 4740
	execution time (ms): 4927
	#sols : 43
	completed : false

NEW SOLUTION FOUND
solution score : 493

	#choice: 10346
	#fail: 4913
	execution time (ms): 5025
	#sols : 44
	completed : false

NEW SOLUTION FOUND
solution score : 494

	#choice: 10681
	#fail: 5080
	execution time (ms): 5112
	#sols : 45
	completed : false

NEW SOLUTION FOUND
solution score : 495

	#choice: 11020
	#fail: 5251
	execution time (ms): 5179
	#sols : 46
	completed : false

NEW SOLUTION FOUND
solution score : 496

	#choice: 11353
	#fail: 5420
	execution time (ms): 5256
	#sols : 47
	completed : false

NEW SOLUTION FOUND
solution score : 497

	#choice: 11687
	#fail: 5583
	execution time (ms): 5343
	#sols : 48
	completed : false

NEW SOLUTION FOUND
solution score : 498

	#choice: 12029
	#fail: 5755
	execution time (ms): 5442
	#sols : 49
	completed : false

NEW SOLUTION FOUND
solution score : 499

	#choice: 12381
	#fail: 5931
	execution time (ms): 5585
	#sols : 50
	completed : false

NEW SOLUTION FOUND
solution score : 500

	#choice: 12734
	#fail: 6106
	execution time (ms): 5670
	#sols : 51
	completed : false

NEW SOLUTION FOUND
solution score : 501

	#choice: 13079
	#fail: 6284
	execution time (ms): 5744
	#sols : 52
	completed : false

NEW SOLUTION FOUND
solution score : 502

	#choice: 13424
	#fail: 6452
	execution time (ms): 5818
	#sols : 53
	completed : false

NEW SOLUTION FOUND
solution score : 503

	#choice: 13772
	#fail: 6628
	execution time (ms): 5874
	#sols : 54
	completed : false

NEW SOLUTION FOUND
solution score : 504

	#choice: 14144
	#fail: 6818
	execution time (ms): 5978
	#sols : 55
	completed : false

NEW SOLUTION FOUND
solution score : 505

	#choice: 14513
	#fail: 6997
	execution time (ms): 6107
	#sols : 56
	completed : false

NEW SOLUTION FOUND
solution score : 506

	#choice: 14913
	#fail: 7195
	execution time (ms): 6248
	#sols : 57
	completed : false

NEW SOLUTION FOUND
solution score : 507

	#choice: 15294
	#fail: 7392
	execution time (ms): 6314
	#sols : 58
	completed : false

NEW SOLUTION FOUND
solution score : 508

	#choice: 15662
	#fail: 7574
	execution time (ms): 6432
	#sols : 59
	completed : false

NEW SOLUTION FOUND
solution score : 509

	#choice: 16037
	#fail: 7764
	execution time (ms): 6527
	#sols : 60
	completed : false

NEW SOLUTION FOUND
solution score : 510

	#choice: 16402
	#fail: 7947
	execution time (ms): 6630
	#sols : 61
	completed : false

NEW SOLUTION FOUND
solution score : 511

	#choice: 16771
	#fail: 8127
	execution time (ms): 6732
	#sols : 62
	completed : false

NEW SOLUTION FOUND
solution score : 512

	#choice: 17145
	#fail: 8316
	execution time (ms): 6824
	#sols : 63
	completed : false

NEW SOLUTION FOUND
solution score : 513

	#choice: 17517
	#fail: 8502
	execution time (ms): 6891
	#sols : 64
	completed : false

NEW SOLUTION FOUND
solution score : 514

	#choice: 17879
	#fail: 8688
	execution time (ms): 6991
	#sols : 65
	completed : false

NEW SOLUTION FOUND
solution score : 515

	#choice: 18248
	#fail: 8867
	execution time (ms): 7086
	#sols : 66
	completed : false

NEW SOLUTION FOUND
solution score : 516

	#choice: 18630
	#fail: 9059
	execution time (ms): 7153
	#sols : 67
	completed : false

NEW SOLUTION FOUND
solution score : 517

	#choice: 19005
	#fail: 9246
	execution time (ms): 7222
	#sols : 68
	completed : false

NEW SOLUTION FOUND
solution score : 518

	#choice: 19389
	#fail: 9430
	execution time (ms): 7290
	#sols : 69
	completed : false

NEW SOLUTION FOUND
solution score : 519

	#choice: 19771
	#fail: 9630
	execution time (ms): 7394
	#sols : 70
	completed : false

NEW SOLUTION FOUND
solution score : 520

	#choice: 20155
	#fail: 9813
	execution time (ms): 7462
	#sols : 71
	completed : false

NEW SOLUTION FOUND
solution score : 521

	#choice: 20546
	#fail: 10016
	execution time (ms): 7580
	#sols : 72
	completed : false

NEW SOLUTION FOUND
solution score : 522

	#choice: 20924
	#fail: 10205
	execution time (ms): 7647
	#sols : 73
	completed : false

NEW SOLUTION FOUND
solution score : 523

	#choice: 21310
	#fail: 10393
	execution time (ms): 7715
	#sols : 74
	completed : false

NEW SOLUTION FOUND
solution score : 524

	#choice: 21701
	#fail: 10591
	execution time (ms): 7781
	#sols : 75
	completed : false

NEW SOLUTION FOUND
solution score : 525

	#choice: 22076
	#fail: 10783
	execution time (ms): 7844
	#sols : 76
	completed : false

NEW SOLUTION FOUND
solution score : 526

	#choice: 22456
	#fail: 10968
	execution time (ms): 7910
	#sols : 77
	completed : false

NEW SOLUTION FOUND
solution score : 527

	#choice: 22853
	#fail: 11170
	execution time (ms): 7982
	#sols : 78
	completed : false

NEW SOLUTION FOUND
solution score : 528

	#choice: 23250
	#fail: 11363
	execution time (ms): 8049
	#sols : 79
	completed : false

NEW SOLUTION FOUND
solution score : 529

	#choice: 23651
	#fail: 11569
	execution time (ms): 8141
	#sols : 80
	completed : false

NEW SOLUTION FOUND
solution score : 530

	#choice: 24039
	#fail: 11766
	execution time (ms): 8246
	#sols : 81
	completed : false

NEW SOLUTION FOUND
solution score : 531

	#choice: 24413
	#fail: 11953
	execution time (ms): 8342
	#sols : 82
	completed : false

NEW SOLUTION FOUND
solution score : 532

	#choice: 24786
	#fail: 12141
	execution time (ms): 8450
	#sols : 83
	completed : false

NEW SOLUTION FOUND
solution score : 533

	#choice: 25179
	#fail: 12326
	execution time (ms): 8546
	#sols : 84
	completed : false

NEW SOLUTION FOUND
solution score : 534

	#choice: 25594
	#fail: 12539
	execution time (ms): 8626
	#sols : 85
	completed : false

NEW SOLUTION FOUND
solution score : 535

	#choice: 26011
	#fail: 12753
	execution time (ms): 8727
	#sols : 86
	completed : false

NEW SOLUTION FOUND
solution score : 536

	#choice: 26418
	#fail: 12950
	execution time (ms): 8804
	#sols : 87
	completed : false

NEW SOLUTION FOUND
solution score : 537

	#choice: 26825
	#fail: 13155
	execution time (ms): 8874
	#sols : 88
	completed : false

NEW SOLUTION FOUND
solution score : 538

	#choice: 27229
	#fail: 13357
	execution time (ms): 8945
	#sols : 89
	completed : false

NEW SOLUTION FOUND
solution score : 539

	#choice: 27627
	#fail: 13559
	execution time (ms): 9014
	#sols : 90
	completed : false

NEW SOLUTION FOUND
solution score : 540

	#choice: 28025
	#fail: 13756
	execution time (ms): 9085
	#sols : 91
	completed : false

NEW SOLUTION FOUND
solution score : 541

	#choice: 28442
	#fail: 13963
	execution time (ms): 9163
	#sols : 92
	completed : false

NEW SOLUTION FOUND
solution score : 542

	#choice: 28853
	#fail: 14169
	execution time (ms): 9235
	#sols : 93
	completed : false

NEW SOLUTION FOUND
solution score : 543

	#choice: 29271
	#fail: 14376
	execution time (ms): 9311
	#sols : 94
	completed : false

NEW SOLUTION FOUND
solution score : 544

	#choice: 29670
	#fail: 14584
	execution time (ms): 9382
	#sols : 95
	completed : false

NEW SOLUTION FOUND
solution score : 545

	#choice: 30065
	#fail: 14775
	execution time (ms): 9456
	#sols : 96
	completed : false

NEW SOLUTION FOUND
solution score : 546

	#choice: 30467
	#fail: 14978
	execution time (ms): 9526
	#sols : 97
	completed : false

NEW SOLUTION FOUND
solution score : 547

	#choice: 30876
	#fail: 15179
	execution time (ms): 9635
	#sols : 98
	completed : false

NEW SOLUTION FOUND
solution score : 548

	#choice: 31322
	#fail: 15405
	execution time (ms): 9717
	#sols : 99
	completed : false

NEW SOLUTION FOUND
solution score : 549

	#choice: 31746
	#fail: 15623
	execution time (ms): 9795
	#sols : 100
	completed : false

NEW SOLUTION FOUND
solution score : 550

	#choice: 32186
	#fail: 15832
	execution time (ms): 9949
	#sols : 101
	completed : false

NEW SOLUTION FOUND
solution score : 551

	#choice: 32636
	#fail: 16059
	execution time (ms): 10028
	#sols : 102
	completed : false

NEW SOLUTION FOUND
solution score : 552

	#choice: 33088
	#fail: 16285
	execution time (ms): 10133
	#sols : 103
	completed : false

NEW SOLUTION FOUND
solution score : 553

	#choice: 33533
	#fail: 16509
	execution time (ms): 10273
	#sols : 104
	completed : false

NEW SOLUTION FOUND
solution score : 554

	#choice: 33991
	#fail: 16732
	execution time (ms): 10388
	#sols : 105
	completed : false

NEW SOLUTION FOUND
solution score : 555

	#choice: 34452
	#fail: 16970
	execution time (ms): 10472
	#sols : 106
	completed : false

NEW SOLUTION FOUND
solution score : 556

	#choice: 34889
	#fail: 17188
	execution time (ms): 10590
	#sols : 107
	completed : false

NEW SOLUTION FOUND
solution score : 557

	#choice: 35331
	#fail: 17409
	execution time (ms): 10674
	#sols : 108
	completed : false

NEW SOLUTION FOUND
solution score : 558

	#choice: 35780
	#fail: 17627
	execution time (ms): 10755
	#sols : 109
	completed : false

NEW SOLUTION FOUND
solution score : 559

	#choice: 36233
	#fail: 17859
	execution time (ms): 10835
	#sols : 110
	completed : false

NEW SOLUTION FOUND
solution score : 560

	#choice: 36684
	#fail: 18084
	execution time (ms): 10918
	#sols : 111
	completed : false

NEW SOLUTION FOUND
solution score : 561

	#choice: 37130
	#fail: 18307
	execution time (ms): 10998
	#sols : 112
	completed : false

NEW SOLUTION FOUND
solution score : 562

	#choice: 37581
	#fail: 18533
	execution time (ms): 11082
	#sols : 113
	completed : false

NEW SOLUTION FOUND
solution score : 563

	#choice: 38019
	#fail: 18755
	execution time (ms): 11160
	#sols : 114
	completed : false

NEW SOLUTION FOUND
solution score : 564

	#choice: 38456
	#fail: 18974
	execution time (ms): 11245
	#sols : 115
	completed : false

NEW SOLUTION FOUND
solution score : 565

	#choice: 38892
	#fail: 19188
	execution time (ms): 11324
	#sols : 116
	completed : false

NEW SOLUTION FOUND
solution score : 566

	#choice: 39333
	#fail: 19411
	execution time (ms): 11405
	#sols : 117
	completed : false

NEW SOLUTION FOUND
solution score : 567

	#choice: 39775
	#fail: 19629
	execution time (ms): 11504
	#sols : 118
	completed : false

NEW SOLUTION FOUND
solution score : 568

	#choice: 40240
	#fail: 19854
	execution time (ms): 11608
	#sols : 119
	completed : false

NEW SOLUTION FOUND
solution score : 569

	#choice: 40734
	#fail: 20110
	execution time (ms): 11811
	#sols : 120
	completed : false

NEW SOLUTION FOUND
solution score : 570

	#choice: 41204
	#fail: 20346
	execution time (ms): 11984
	#sols : 121
	completed : false

NEW SOLUTION FOUND
solution score : 571

	#choice: 41671
	#fail: 20578
	execution time (ms): 12134
	#sols : 122
	completed : false

NEW SOLUTION FOUND
solution score : 572

	#choice: 42143
	#fail: 20814
	execution time (ms): 12235
	#sols : 123
	completed : false

NEW SOLUTION FOUND
solution score : 573

	#choice: 42625
	#fail: 21054
	execution time (ms): 12360
	#sols : 124
	completed : false

NEW SOLUTION FOUND
solution score : 574

	#choice: 43091
	#fail: 21290
	execution time (ms): 12488
	#sols : 125
	completed : false

NEW SOLUTION FOUND
solution score : 575

	#choice: 43560
	#fail: 21520
	execution time (ms): 12595
	#sols : 126
	completed : false

NEW SOLUTION FOUND
solution score : 576

	#choice: 44027
	#fail: 21760
	execution time (ms): 12684
	#sols : 127
	completed : false

NEW SOLUTION FOUND
solution score : 577

	#choice: 44497
	#fail: 21987
	execution time (ms): 12771
	#sols : 128
	completed : false

NEW SOLUTION FOUND
solution score : 578

	#choice: 44986
	#fail: 22233
	execution time (ms): 12889
	#sols : 129
	completed : false

NEW SOLUTION FOUND
solution score : 579

	#choice: 45467
	#fail: 22476
	execution time (ms): 12977
	#sols : 130
	completed : false

NEW SOLUTION FOUND
solution score : 580

	#choice: 45927
	#fail: 22712
	execution time (ms): 13064
	#sols : 131
	completed : false

NEW SOLUTION FOUND
solution score : 581

	#choice: 46390
	#fail: 22936
	execution time (ms): 13178
	#sols : 132
	completed : false

NEW SOLUTION FOUND
solution score : 582

	#choice: 46865
	#fail: 23176
	execution time (ms): 13268
	#sols : 133
	completed : false

NEW SOLUTION FOUND
solution score : 583

	#choice: 47330
	#fail: 23410
	execution time (ms): 13357
	#sols : 134
	completed : false

NEW SOLUTION FOUND
solution score : 584

	#choice: 47798
	#fail: 23642
	execution time (ms): 13448
	#sols : 135
	completed : false

NEW SOLUTION FOUND
solution score : 585

	#choice: 48321
	#fail: 23910
	execution time (ms): 13601
	#sols : 136
	completed : false

NEW SOLUTION FOUND
solution score : 586

	#choice: 48772
	#fail: 24133
	execution time (ms): 13690
	#sols : 137
	completed : false

NEW SOLUTION FOUND
solution score : 587

	#choice: 49236
	#fail: 24361
	execution time (ms): 13778
	#sols : 138
	completed : false

NEW SOLUTION FOUND
solution score : 588

	#choice: 49712
	#fail: 24599
	execution time (ms): 13867
	#sols : 139
	completed : false

NEW SOLUTION FOUND
solution score : 589

	#choice: 50208
	#fail: 24854
	execution time (ms): 13962
	#sols : 140
	completed : false

NEW SOLUTION FOUND
solution score : 590

	#choice: 50712
	#fail: 25103
	execution time (ms): 14095
	#sols : 141
	completed : false

NEW SOLUTION FOUND
solution score : 591

	#choice: 51210
	#fail: 25352
	execution time (ms): 14192
	#sols : 142
	completed : false

NEW SOLUTION FOUND
solution score : 592

	#choice: 51758
	#fail: 25625
	execution time (ms): 14307
	#sols : 143
	completed : false

NEW SOLUTION FOUND
solution score : 593

	#choice: 52297
	#fail: 25897
	execution time (ms): 14416
	#sols : 144
	completed : false

NEW SOLUTION FOUND
solution score : 594

	#choice: 52835
	#fail: 26163
	execution time (ms): 14555
	#sols : 145
	completed : false

NEW SOLUTION FOUND
solution score : 595

	#choice: 53369
	#fail: 26437
	execution time (ms): 14663
	#sols : 146
	completed : false

NEW SOLUTION FOUND
solution score : 596

	#choice: 53908
	#fail: 26697
	execution time (ms): 14776
	#sols : 147
	completed : false

NEW SOLUTION FOUND
solution score : 597

	#choice: 54467
	#fail: 26976
	execution time (ms): 14886
	#sols : 148
	completed : false

NEW SOLUTION FOUND
solution score : 598

	#choice: 55009
	#fail: 27254
	execution time (ms): 14993
	#sols : 149
	completed : false

NEW SOLUTION FOUND
solution score : 599

	#choice: 55539
	#fail: 27519
	execution time (ms): 15103
	#sols : 150
	completed : false

NEW SOLUTION FOUND
solution score : 600

	#choice: 56086
	#fail: 27785
	execution time (ms): 15216
	#sols : 151
	completed : false

NEW SOLUTION FOUND
solution score : 601

	#choice: 56636
	#fail: 28065
	execution time (ms): 15326
	#sols : 152
	completed : false

NEW SOLUTION FOUND
solution score : 602

	#choice: 57182
	#fail: 28335
	execution time (ms): 15436
	#sols : 153
	completed : false

NEW SOLUTION FOUND
solution score : 603

	#choice: 57731
	#fail: 28612
	execution time (ms): 15548
	#sols : 154
	completed : false

NEW SOLUTION FOUND
solution score : 604

	#choice: 58277
	#fail: 28885
	execution time (ms): 15661
	#sols : 155
	completed : false

NEW SOLUTION FOUND
solution score : 605

	#choice: 58824
	#fail: 29157
	execution time (ms): 15774
	#sols : 156
	completed : false

NEW SOLUTION FOUND
solution score : 606

	#choice: 59374
	#fail: 29433
	execution time (ms): 15885
	#sols : 157
	completed : false

NEW SOLUTION FOUND
solution score : 607

	#choice: 59933
	#fail: 29708
	execution time (ms): 15998
	#sols : 158
	completed : false

NEW SOLUTION FOUND
solution score : 608

	#choice: 60503
	#fail: 29998
	execution time (ms): 16112
	#sols : 159
	completed : false

NEW SOLUTION FOUND
solution score : 609

	#choice: 61067
	#fail: 30279
	execution time (ms): 16230
	#sols : 160
	completed : false

NEW SOLUTION FOUND
solution score : 610

	#choice: 61625
	#fail: 30562
	execution time (ms): 16349
	#sols : 161
	completed : false

NEW SOLUTION FOUND
solution score : 611

	#choice: 62231
	#fail: 30863
	execution time (ms): 16481
	#sols : 162
	completed : false

NEW SOLUTION FOUND
solution score : 612

	#choice: 62825
	#fail: 31156
	execution time (ms): 16606
	#sols : 163
	completed : false

NEW SOLUTION FOUND
solution score : 613

	#choice: 63430
	#fail: 31457
	execution time (ms): 16728
	#sols : 164
	completed : false

NEW SOLUTION FOUND
solution score : 614

	#choice: 64034
	#fail: 31762
	execution time (ms): 16851
	#sols : 165
	completed : false

NEW SOLUTION FOUND
solution score : 615

	#choice: 64629
	#fail: 32065
	execution time (ms): 16975
	#sols : 166
	completed : false

NEW SOLUTION FOUND
solution score : 616

	#choice: 65248
	#fail: 32366
	execution time (ms): 17108
	#sols : 167
	completed : false

NEW SOLUTION FOUND
solution score : 617

	#choice: 65869
	#fail: 32683
	execution time (ms): 17239
	#sols : 168
	completed : false

NEW SOLUTION FOUND
solution score : 618

	#choice: 66484
	#fail: 32988
	execution time (ms): 17500
	#sols : 169
	completed : false

NEW SOLUTION FOUND
solution score : 619

	#choice: 67106
	#fail: 33297
	execution time (ms): 17633
	#sols : 170
	completed : false

NEW SOLUTION FOUND
solution score : 620

	#choice: 67733
	#fail: 33612
	execution time (ms): 17766
	#sols : 171
	completed : false

NEW SOLUTION FOUND
solution score : 621

	#choice: 68341
	#fail: 33922
	execution time (ms): 17895
	#sols : 172
	completed : false

NEW SOLUTION FOUND
solution score : 622

	#choice: 68947
	#fail: 34221
	execution time (ms): 18024
	#sols : 173
	completed : false

NEW SOLUTION FOUND
solution score : 623

	#choice: 69562
	#fail: 34528
	execution time (ms): 18280
	#sols : 174
	completed : false

NEW SOLUTION FOUND
solution score : 624

	#choice: 70182
	#fail: 34836
	execution time (ms): 18410
	#sols : 175
	completed : false

NEW SOLUTION FOUND
solution score : 625

	#choice: 70797
	#fail: 35148
	execution time (ms): 18539
	#sols : 176
	completed : false

NEW SOLUTION FOUND
solution score : 626

	#choice: 71413
	#fail: 35451
	execution time (ms): 18672
	#sols : 177
	completed : false

NEW SOLUTION FOUND
solution score : 627

	#choice: 72036
	#fail: 35764
	execution time (ms): 18804
	#sols : 178
	completed : false

NEW SOLUTION FOUND
solution score : 628

	#choice: 72657
	#fail: 36072
	execution time (ms): 18936
	#sols : 179
	completed : false

NEW SOLUTION FOUND
solution score : 629

	#choice: 73309
	#fail: 36404
	execution time (ms): 19085
	#sols : 180
	completed : false

NEW SOLUTION FOUND
solution score : 630

	#choice: 73902
	#fail: 36706
	execution time (ms): 19213
	#sols : 181
	completed : false

NEW SOLUTION FOUND
solution score : 631

	#choice: 74485
	#fail: 36996
	execution time (ms): 19340
	#sols : 182
	completed : false

NEW SOLUTION FOUND
solution score : 632

	#choice: 75085
	#fail: 37290
	execution time (ms): 19470
	#sols : 183
	completed : false

NEW SOLUTION FOUND
solution score : 633

	#choice: 75693
	#fail: 37596
	execution time (ms): 19598
	#sols : 184
	completed : false

NEW SOLUTION FOUND
solution score : 634

	#choice: 76317
	#fail: 37900
	execution time (ms): 19732
	#sols : 185
	completed : false

NEW SOLUTION FOUND
solution score : 635

	#choice: 76937
	#fail: 38219
	execution time (ms): 19860
	#sols : 186
	completed : false

NEW SOLUTION FOUND
solution score : 636

	#choice: 77556
	#fail: 38522
	execution time (ms): 19992
	#sols : 187
	completed : false

NEW SOLUTION FOUND
solution score : 637

	#choice: 78176
	#fail: 38837
	execution time (ms): 20125
	#sols : 188
	completed : false

NEW SOLUTION FOUND
solution score : 638

	#choice: 78790
	#fail: 39142
	execution time (ms): 20258
	#sols : 189
	completed : false

NEW SOLUTION FOUND
solution score : 639

	#choice: 79407
	#fail: 39449
	execution time (ms): 20388
	#sols : 190
	completed : false

NEW SOLUTION FOUND
solution score : 640

	#choice: 80016
	#fail: 39759
	execution time (ms): 20516
	#sols : 191
	completed : false

NEW SOLUTION FOUND
solution score : 641

	#choice: 80636
	#fail: 40061
	execution time (ms): 20651
	#sols : 192
	completed : false

NEW SOLUTION FOUND
solution score : 642

	#choice: 81260
	#fail: 40377
	execution time (ms): 20779
	#sols : 193
	completed : false

NEW SOLUTION FOUND
solution score : 643

	#choice: 81916
	#fail: 40703
	execution time (ms): 20924
	#sols : 194
	completed : false

NEW SOLUTION FOUND
solution score : 644

	#choice: 82580
	#fail: 41037
	execution time (ms): 21072
	#sols : 195
	completed : false

NEW SOLUTION FOUND
solution score : 645

	#choice: 83237
	#fail: 41361
	execution time (ms): 21215
	#sols : 196
	completed : false

NEW SOLUTION FOUND
solution score : 646

	#choice: 83889
	#fail: 41694
	execution time (ms): 21357
	#sols : 197
	completed : false

NEW SOLUTION FOUND
solution score : 647

	#choice: 84547
	#fail: 42017
	execution time (ms): 21506
	#sols : 198
	completed : false

NEW SOLUTION FOUND
solution score : 648

	#choice: 85200
	#fail: 42349
	execution time (ms): 21647
	#sols : 199
	completed : false

NEW SOLUTION FOUND
solution score : 649

	#choice: 85848
	#fail: 42675
	execution time (ms): 21792
	#sols : 200
	completed : false

NEW SOLUTION FOUND
solution score : 650

	#choice: 86498
	#fail: 42993
	execution time (ms): 21934
	#sols : 201
	completed : false

NEW SOLUTION FOUND
solution score : 651

	#choice: 87158
	#fail: 43326
	execution time (ms): 22082
	#sols : 202
	completed : false

NEW SOLUTION FOUND
solution score : 652

	#choice: 87808
	#fail: 43650
	execution time (ms): 22225
	#sols : 203
	completed : false

NEW SOLUTION FOUND
solution score : 653

	#choice: 88449
	#fail: 43978
	execution time (ms): 22365
	#sols : 204
	completed : false

NEW SOLUTION FOUND
solution score : 654

	#choice: 89100
	#fail: 44293
	execution time (ms): 22512
	#sols : 205
	completed : false

NEW SOLUTION FOUND
solution score : 655

	#choice: 89761
	#fail: 44626
	execution time (ms): 22654
	#sols : 206
	completed : false

NEW SOLUTION FOUND
solution score : 656

	#choice: 90411
	#fail: 44955
	execution time (ms): 22798
	#sols : 207
	completed : false

NEW SOLUTION FOUND
solution score : 657

	#choice: 91043
	#fail: 45275
	execution time (ms): 22936
	#sols : 208
	completed : false

NEW SOLUTION FOUND
solution score : 658

	#choice: 91698
	#fail: 45597
	execution time (ms): 23090
	#sols : 209
	completed : false

NEW SOLUTION FOUND
solution score : 659

	#choice: 92338
	#fail: 45922
	execution time (ms): 23237
	#sols : 210
	completed : false

NEW SOLUTION FOUND
solution score : 660

	#choice: 92977
	#fail: 46236
	execution time (ms): 23386
	#sols : 211
	completed : false

NEW SOLUTION FOUND
solution score : 661

	#choice: 93625
	#fail: 46558
	execution time (ms): 23528
	#sols : 212
	completed : false

NEW SOLUTION FOUND
solution score : 662

	#choice: 94270
	#fail: 46889
	execution time (ms): 23669
	#sols : 213
	completed : false

NEW SOLUTION FOUND
solution score : 663

	#choice: 94902
	#fail: 47200
	execution time (ms): 23814
	#sols : 214
	completed : false

NEW SOLUTION FOUND
solution score : 664

	#choice: 95548
	#fail: 47520
	execution time (ms): 23955
	#sols : 215
	completed : false

NEW SOLUTION FOUND
solution score : 665

	#choice: 96202
	#fail: 47851
	execution time (ms): 24100
	#sols : 216
	completed : false

NEW SOLUTION FOUND
solution score : 666

	#choice: 96849
	#fail: 48172
	execution time (ms): 24246
	#sols : 217
	completed : false

NEW SOLUTION FOUND
solution score : 667

	#choice: 97518
	#fail: 48496
	execution time (ms): 24392
	#sols : 218
	completed : false

NEW SOLUTION FOUND
solution score : 668

	#choice: 98177
	#fail: 48841
	execution time (ms): 24533
	#sols : 219
	completed : false

NEW SOLUTION FOUND
solution score : 669

	#choice: 98823
	#fail: 49155
	execution time (ms): 24674
	#sols : 220
	completed : false

NEW SOLUTION FOUND
solution score : 670

	#choice: 99485
	#fail: 49488
	execution time (ms): 24819
	#sols : 221
	completed : false

NEW SOLUTION FOUND
solution score : 671

	#choice: 100139
	#fail: 49817
	execution time (ms): 24959
	#sols : 222
	completed : false

NEW SOLUTION FOUND
solution score : 672

	#choice: 100787
	#fail: 50145
	execution time (ms): 25105
	#sols : 223
	completed : false

NEW SOLUTION FOUND
solution score : 673

	#choice: 101447
	#fail: 50472
	execution time (ms): 25254
	#sols : 224
	completed : false

NEW SOLUTION FOUND
solution score : 674

	#choice: 102100
	#fail: 50797
	execution time (ms): 25397
	#sols : 225
	completed : false

NEW SOLUTION FOUND
solution score : 675

	#choice: 102750
	#fail: 51126
	execution time (ms): 25540
	#sols : 226
	completed : false

NEW SOLUTION FOUND
solution score : 676

	#choice: 103413
	#fail: 51458
	execution time (ms): 25691
	#sols : 227
	completed : false

NEW SOLUTION FOUND
solution score : 677

	#choice: 104078
	#fail: 51786
	execution time (ms): 25841
	#sols : 228
	completed : false

NEW SOLUTION FOUND
solution score : 678

	#choice: 104745
	#fail: 52125
	execution time (ms): 25993
	#sols : 229
	completed : false

NEW SOLUTION FOUND
solution score : 679

	#choice: 105399
	#fail: 52450
	execution time (ms): 26142
	#sols : 230
	completed : false

NEW SOLUTION FOUND
solution score : 680

	#choice: 106063
	#fail: 52779
	execution time (ms): 26289
	#sols : 231
	completed : false

NEW SOLUTION FOUND
solution score : 681

	#choice: 106724
	#fail: 53116
	execution time (ms): 26436
	#sols : 232
	completed : false

NEW SOLUTION FOUND
solution score : 682

	#choice: 107378
	#fail: 53440
	execution time (ms): 26584
	#sols : 233
	completed : false

NEW SOLUTION FOUND
solution score : 683

	#choice: 108043
	#fail: 53771
	execution time (ms): 26732
	#sols : 234
	completed : false

NEW SOLUTION FOUND
solution score : 684

	#choice: 108736
	#fail: 54115
	execution time (ms): 26889
	#sols : 235
	completed : false

NEW SOLUTION FOUND
solution score : 685

	#choice: 109444
	#fail: 54469
	execution time (ms): 27052
	#sols : 236
	completed : false

NEW SOLUTION FOUND
solution score : 686

	#choice: 110136
	#fail: 54821
	execution time (ms): 27209
	#sols : 237
	completed : false

NEW SOLUTION FOUND
solution score : 687

	#choice: 110839
	#fail: 55166
	execution time (ms): 27370
	#sols : 238
	completed : false

NEW SOLUTION FOUND
solution score : 688

	#choice: 111550
	#fail: 55521
	execution time (ms): 27533
	#sols : 239
	completed : false

NEW SOLUTION FOUND
solution score : 689

	#choice: 112265
	#fail: 55875
	execution time (ms): 27693
	#sols : 240
	completed : false

NEW SOLUTION FOUND
solution score : 690

	#choice: 112976
	#fail: 56238
	execution time (ms): 27852
	#sols : 241
	completed : false

NEW SOLUTION FOUND
solution score : 691

	#choice: 113674
	#fail: 56585
	execution time (ms): 28011
	#sols : 242
	completed : false

NEW SOLUTION FOUND
solution score : 692

	#choice: 114380
	#fail: 56939
	execution time (ms): 28175
	#sols : 243
	completed : false

NEW SOLUTION FOUND
solution score : 693

	#choice: 115078
	#fail: 57288
	execution time (ms): 28333
	#sols : 244
	completed : false

NEW SOLUTION FOUND
solution score : 694

	#choice: 115779
	#fail: 57638
	execution time (ms): 28494
	#sols : 245
	completed : false

NEW SOLUTION FOUND
solution score : 695

	#choice: 116507
	#fail: 58002
	execution time (ms): 28665
	#sols : 246
	completed : false

NEW SOLUTION FOUND
solution score : 696

	#choice: 117233
	#fail: 58365
	execution time (ms): 28832
	#sols : 247
	completed : false

NEW SOLUTION FOUND
solution score : 697

	#choice: 117954
	#fail: 58730
	execution time (ms): 29002
	#sols : 248
	completed : false

NEW SOLUTION FOUND
solution score : 698

	#choice: 118673
	#fail: 59086
	execution time (ms): 29169
	#sols : 249
	completed : false

NEW SOLUTION FOUND
solution score : 699

	#choice: 119438
	#fail: 59464
	execution time (ms): 29353
	#sols : 250
	completed : false

NEW SOLUTION FOUND
solution score : 700

	#choice: 120197
	#fail: 59850
	execution time (ms): 29532
	#sols : 251
	completed : false

NEW SOLUTION FOUND
solution score : 701

	#choice: 120950
	#fail: 60226
	execution time (ms): 29708
	#sols : 252
	completed : false

NEW SOLUTION FOUND
solution score : 702

	#choice: 121733
	#fail: 60618
	execution time (ms): 29899
	#sols : 253
	completed : false

NEW SOLUTION FOUND
solution score : 703

	#choice: 122517
	#fail: 61011
	execution time (ms): 30093
	#sols : 254
	completed : false

NEW SOLUTION FOUND
solution score : 704

	#choice: 123294
	#fail: 61399
	execution time (ms): 30281
	#sols : 255
	completed : false

NEW SOLUTION FOUND
solution score : 705

	#choice: 124077
	#fail: 61788
	execution time (ms): 30474
	#sols : 256
	completed : false

NEW SOLUTION FOUND
solution score : 706

	#choice: 124856
	#fail: 62181
	execution time (ms): 30664
	#sols : 257
	completed : false

NEW SOLUTION FOUND
solution score : 707

	#choice: 125643
	#fail: 62569
	execution time (ms): 30866
	#sols : 258
	completed : false

NEW SOLUTION FOUND
solution score : 708

	#choice: 126439
	#fail: 62964
	execution time (ms): 31057
	#sols : 259
	completed : false

NEW SOLUTION FOUND
solution score : 709

	#choice: 127238
	#fail: 63367
	execution time (ms): 31248
	#sols : 260
	completed : false

NEW SOLUTION FOUND
solution score : 710

	#choice: 128017
	#fail: 63763
	execution time (ms): 31441
	#sols : 261
	completed : false

NEW SOLUTION FOUND
solution score : 711

	#choice: 128800
	#fail: 64146
	execution time (ms): 31637
	#sols : 262
	completed : false

NEW SOLUTION FOUND
solution score : 712

	#choice: 129598
	#fail: 64548
	execution time (ms): 31829
	#sols : 263
	completed : false

NEW SOLUTION FOUND
solution score : 713

	#choice: 130381
	#fail: 64944
	execution time (ms): 32020
	#sols : 264
	completed : false

NEW SOLUTION FOUND
solution score : 714

	#choice: 131150
	#fail: 65331
	execution time (ms): 32209
	#sols : 265
	completed : false

NEW SOLUTION FOUND
solution score : 715

	#choice: 131926
	#fail: 65712
	execution time (ms): 32406
	#sols : 266
	completed : false

NEW SOLUTION FOUND
solution score : 716

	#choice: 132705
	#fail: 66106
	execution time (ms): 32601
	#sols : 267
	completed : false

NEW SOLUTION FOUND
solution score : 717

	#choice: 133485
	#fail: 66491
	execution time (ms): 32791
	#sols : 268
	completed : false

NEW SOLUTION FOUND
solution score : 718

	#choice: 134274
	#fail: 66887
	execution time (ms): 32980
	#sols : 269
	completed : false

NEW SOLUTION FOUND
solution score : 719

	#choice: 135059
	#fail: 67280
	execution time (ms): 33173
	#sols : 270
	completed : false

NEW SOLUTION FOUND
solution score : 720

	#choice: 135845
	#fail: 67672
	execution time (ms): 33362
	#sols : 271
	completed : false

NEW SOLUTION FOUND
solution score : 721

	#choice: 136637
	#fail: 68070
	execution time (ms): 33552
	#sols : 272
	completed : false

NEW SOLUTION FOUND
solution score : 722

	#choice: 137420
	#fail: 68464
	execution time (ms): 33742
	#sols : 273
	completed : false

NEW SOLUTION FOUND
solution score : 723

	#choice: 138223
	#fail: 68861
	execution time (ms): 33943
	#sols : 274
	completed : false

NEW SOLUTION FOUND
solution score : 724

	#choice: 139021
	#fail: 69261
	execution time (ms): 34133
	#sols : 275
	completed : false

NEW SOLUTION FOUND
solution score : 725

	#choice: 139811
	#fail: 69660
	execution time (ms): 34325
	#sols : 276
	completed : false

NEW SOLUTION FOUND
solution score : 726

	#choice: 140605
	#fail: 70053
	execution time (ms): 34519
	#sols : 277
	completed : false

NEW SOLUTION FOUND
solution score : 727

	#choice: 141407
	#fail: 70455
	execution time (ms): 34715
	#sols : 278
	completed : false

NEW SOLUTION FOUND
solution score : 728

	#choice: 142203
	#fail: 70852
	execution time (ms): 34909
	#sols : 279
	completed : false

NEW SOLUTION FOUND
solution score : 729

	#choice: 143018
	#fail: 71252
	execution time (ms): 35101
	#sols : 280
	completed : false

NEW SOLUTION FOUND
solution score : 730

	#choice: 143841
	#fail: 71667
	execution time (ms): 35296
	#sols : 281
	completed : false

NEW SOLUTION FOUND
solution score : 731

	#choice: 144689
	#fail: 72090
	execution time (ms): 35503
	#sols : 282
	completed : false

NEW SOLUTION FOUND
solution score : 732

	#choice: 145530
	#fail: 72515
	execution time (ms): 35710
	#sols : 283
	completed : false

NEW SOLUTION FOUND
solution score : 733

	#choice: 146410
	#fail: 72955
	execution time (ms): 35936
	#sols : 284
	completed : false

NEW SOLUTION FOUND
solution score : 734

	#choice: 147289
	#fail: 73391
	execution time (ms): 36158
	#sols : 285
	completed : false

NEW SOLUTION FOUND
solution score : 735

	#choice: 148178
	#fail: 73834
	execution time (ms): 36378
	#sols : 286
	completed : false

NEW SOLUTION FOUND
solution score : 736

	#choice: 149059
	#fail: 74282
	execution time (ms): 36596
	#sols : 287
	completed : false

NEW SOLUTION FOUND
solution score : 737

	#choice: 149953
	#fail: 74730
	execution time (ms): 36833
	#sols : 288
	completed : false

NEW SOLUTION FOUND
solution score : 738

	#choice: 150846
	#fail: 75174
	execution time (ms): 37064
	#sols : 289
	completed : false

NEW SOLUTION FOUND
solution score : 739

	#choice: 151748
	#fail: 75629
	execution time (ms): 37297
	#sols : 290
	completed : false

NEW SOLUTION FOUND
solution score : 740

	#choice: 152648
	#fail: 76073
	execution time (ms): 37529
	#sols : 291
	completed : false

NEW SOLUTION FOUND
solution score : 741

	#choice: 153557
	#fail: 76527
	execution time (ms): 37763
	#sols : 292
	completed : false

NEW SOLUTION FOUND
solution score : 742

	#choice: 154457
	#fail: 76981
	execution time (ms): 37992
	#sols : 293
	completed : false

NEW SOLUTION FOUND
solution score : 743

	#choice: 155357
	#fail: 77429
	execution time (ms): 38223
	#sols : 294
	completed : false

NEW SOLUTION FOUND
solution score : 744

	#choice: 156260
	#fail: 77881
	execution time (ms): 38455
	#sols : 295
	completed : false

NEW SOLUTION FOUND
solution score : 745

	#choice: 157191
	#fail: 78344
	execution time (ms): 38699
	#sols : 296
	completed : false

NEW SOLUTION FOUND
solution score : 746

	#choice: 158106
	#fail: 78803
	execution time (ms): 38932
	#sols : 297
	completed : false

NEW SOLUTION FOUND
solution score : 747

	#choice: 158995
	#fail: 79254
	execution time (ms): 39160
	#sols : 298
	completed : false

NEW SOLUTION FOUND
solution score : 748

	#choice: 159890
	#fail: 79693
	execution time (ms): 39396
	#sols : 299
	completed : false

NEW SOLUTION FOUND
solution score : 749

	#choice: 160810
	#fail: 80152
	execution time (ms): 39631
	#sols : 300
	completed : false

NEW SOLUTION FOUND
solution score : 750

	#choice: 161721
	#fail: 80609
	execution time (ms): 39866
	#sols : 301
	completed : false

NEW SOLUTION FOUND
solution score : 751

	#choice: 162628
	#fail: 81062
	execution time (ms): 40096
	#sols : 302
	completed : false

NEW SOLUTION FOUND
solution score : 752

	#choice: 163531
	#fail: 81517
	execution time (ms): 40325
	#sols : 303
	completed : false

NEW SOLUTION FOUND
solution score : 753

	#choice: 164435
	#fail: 81966
	execution time (ms): 40560
	#sols : 304
	completed : false

NEW SOLUTION FOUND
solution score : 754

	#choice: 165346
	#fail: 82421
	execution time (ms): 40796
	#sols : 305
	completed : false

NEW SOLUTION FOUND
solution score : 755

	#choice: 166269
	#fail: 82876
	execution time (ms): 41027
	#sols : 306
	completed : false

NEW SOLUTION FOUND
solution score : 756

	#choice: 167188
	#fail: 83344
	execution time (ms): 41257
	#sols : 307
	completed : false

NEW SOLUTION FOUND
solution score : 757

	#choice: 168099
	#fail: 83797
	execution time (ms): 41493
	#sols : 308
	completed : false

NEW SOLUTION FOUND
solution score : 758

	#choice: 169003
	#fail: 84254
	execution time (ms): 41721
	#sols : 309
	completed : false

NEW SOLUTION FOUND
solution score : 759

	#choice: 169932
	#fail: 84719
	execution time (ms): 41967
	#sols : 310
	completed : false

NEW SOLUTION FOUND
solution score : 760

	#choice: 170877
	#fail: 85187
	execution time (ms): 42216
	#sols : 311
	completed : false

NEW SOLUTION FOUND
solution score : 761

	#choice: 171837
	#fail: 85665
	execution time (ms): 42472
	#sols : 312
	completed : false

NEW SOLUTION FOUND
solution score : 762

	#choice: 172780
	#fail: 86140
	execution time (ms): 42716
	#sols : 313
	completed : false

NEW SOLUTION FOUND
solution score : 763

	#choice: 173719
	#fail: 86610
	execution time (ms): 42963
	#sols : 314
	completed : false

NEW SOLUTION FOUND
solution score : 764

	#choice: 174661
	#fail: 87083
	execution time (ms): 43215
	#sols : 315
	completed : false

NEW SOLUTION FOUND
solution score : 765

	#choice: 175597
	#fail: 87549
	execution time (ms): 43462
	#sols : 316
	completed : false

NEW SOLUTION FOUND
solution score : 766

	#choice: 176519
	#fail: 88017
	execution time (ms): 43709
	#sols : 317
	completed : false

NEW SOLUTION FOUND
solution score : 767

	#choice: 177438
	#fail: 88472
	execution time (ms): 43955
	#sols : 318
	completed : false

NEW SOLUTION FOUND
solution score : 768

	#choice: 178372
	#fail: 88935
	execution time (ms): 44200
	#sols : 319
	completed : false

NEW SOLUTION FOUND
solution score : 769

	#choice: 179317
	#fail: 89407
	execution time (ms): 44447
	#sols : 320
	completed : false

NEW SOLUTION FOUND
solution score : 770

	#choice: 180253
	#fail: 89881
	execution time (ms): 44694
	#sols : 321
	completed : false

NEW SOLUTION FOUND
solution score : 771

	#choice: 181185
	#fail: 90341
	execution time (ms): 44938
	#sols : 322
	completed : false

NEW SOLUTION FOUND
solution score : 772

	#choice: 182118
	#fail: 90814
	execution time (ms): 45187
	#sols : 323
	completed : false

NEW SOLUTION FOUND
solution score : 773

	#choice: 183036
	#fail: 91273
	execution time (ms): 45432
	#sols : 324
	completed : false

NEW SOLUTION FOUND
solution score : 774

	#choice: 183958
	#fail: 91734
	execution time (ms): 45678
	#sols : 325
	completed : false

NEW SOLUTION FOUND
solution score : 775

	#choice: 184925
	#fail: 92209
	execution time (ms): 45941
	#sols : 326
	completed : false

NEW SOLUTION FOUND
solution score : 776

	#choice: 185914
	#fail: 92701
	execution time (ms): 46199
	#sols : 327
	completed : false

NEW SOLUTION FOUND
solution score : 777

	#choice: 186892
	#fail: 93198
	execution time (ms): 46462
	#sols : 328
	completed : false

NEW SOLUTION FOUND
solution score : 778

	#choice: 187855
	#fail: 93680
	execution time (ms): 46718
	#sols : 329
	completed : false

NEW SOLUTION FOUND
solution score : 779

	#choice: 188824
	#fail: 94160
	execution time (ms): 46977
	#sols : 330
	completed : false

END OF SEARCH

	#choice: 189328
	#fail: 94665
	execution time (ms): 46978
	#sols : 330
	completed : true

