INFO
n : 30
nbHoles : 600
nbFile : 7
objective : diagonal
search: lds
bp : sum_product
branchingScheme : max_marginal_strength
oracle : false
truncateRate : 0
START SEARCH
NEW SOLUTION FOUND
solution score : 483

	#choice: 493
	#fail: 0
	execution time (ms): 3275
	#sols : 1
	completed : false

NEW SOLUTION FOUND
solution score : 488

	#choice: 513
	#fail: 13
	execution time (ms): 3307
	#sols : 2
	completed : false

NEW SOLUTION FOUND
solution score : 491

	#choice: 527
	#fail: 17
	execution time (ms): 3332
	#sols : 3
	completed : false

NEW SOLUTION FOUND
solution score : 498

	#choice: 588
	#fail: 46
	execution time (ms): 3375
	#sols : 4
	completed : false

NEW SOLUTION FOUND
solution score : 499

	#choice: 625
	#fail: 47
	execution time (ms): 3437
	#sols : 5
	completed : false

NEW SOLUTION FOUND
solution score : 500

	#choice: 655
	#fail: 48
	execution time (ms): 3501
	#sols : 6
	completed : false

NEW SOLUTION FOUND
solution score : 505

	#choice: 709
	#fail: 56
	execution time (ms): 3595
	#sols : 7
	completed : false

NEW SOLUTION FOUND
solution score : 507

	#choice: 786
	#fail: 72
	execution time (ms): 3774
	#sols : 8
	completed : false

NEW SOLUTION FOUND
solution score : 509

	#choice: 841
	#fail: 75
	execution time (ms): 3957
	#sols : 9
	completed : false

NEW SOLUTION FOUND
solution score : 512

	#choice: 919
	#fail: 81
	execution time (ms): 4175
	#sols : 10
	completed : false

NEW SOLUTION FOUND
solution score : 514

	#choice: 979
	#fail: 82
	execution time (ms): 4315
	#sols : 11
	completed : false

NEW SOLUTION FOUND
solution score : 515

	#choice: 1159
	#fail: 145
	execution time (ms): 4795
	#sols : 12
	completed : false

NEW SOLUTION FOUND
solution score : 518

	#choice: 1300
	#fail: 146
	execution time (ms): 5143
	#sols : 13
	completed : false

NEW SOLUTION FOUND
solution score : 519

	#choice: 1440
	#fail: 152
	execution time (ms): 5485
	#sols : 14
	completed : false

NEW SOLUTION FOUND
solution score : 538

	#choice: 1589
	#fail: 153
	execution time (ms): 5806
	#sols : 15
	completed : false

NEW SOLUTION FOUND
solution score : 539

	#choice: 1724
	#fail: 154
	execution time (ms): 6078
	#sols : 16
	completed : false

NEW SOLUTION FOUND
solution score : 560

	#choice: 1876
	#fail: 161
	execution time (ms): 6408
	#sols : 17
	completed : false

NEW SOLUTION FOUND
solution score : 561

	#choice: 2018
	#fail: 162
	execution time (ms): 6699
	#sols : 18
	completed : false

NEW SOLUTION FOUND
solution score : 563

	#choice: 2178
	#fail: 168
	execution time (ms): 7079
	#sols : 19
	completed : false

NEW SOLUTION FOUND
solution score : 565

	#choice: 2371
	#fail: 191
	execution time (ms): 7410
	#sols : 20
	completed : false

NEW SOLUTION FOUND
solution score : 572

	#choice: 2594
	#fail: 212
	execution time (ms): 7841
	#sols : 21
	completed : false

NEW SOLUTION FOUND
solution score : 581

	#choice: 2797
	#fail: 213
	execution time (ms): 8310
	#sols : 22
	completed : false

NEW SOLUTION FOUND
solution score : 583

	#choice: 2996
	#fail: 214
	execution time (ms): 8738
	#sols : 23
	completed : false

NEW SOLUTION FOUND
solution score : 584

	#choice: 3195
	#fail: 215
	execution time (ms): 9167
	#sols : 24
	completed : false

NEW SOLUTION FOUND
solution score : 585

	#choice: 3424
	#fail: 232
	execution time (ms): 9626
	#sols : 25
	completed : false

NEW SOLUTION FOUND
solution score : 589

	#choice: 3657
	#fail: 236
	execution time (ms): 10138
	#sols : 26
	completed : false

NEW SOLUTION FOUND
solution score : 604

	#choice: 3895
	#fail: 237
	execution time (ms): 10703
	#sols : 27
	completed : false

NEW SOLUTION FOUND
solution score : 608

	#choice: 4120
	#fail: 238
	execution time (ms): 11186
	#sols : 28
	completed : false

NEW SOLUTION FOUND
solution score : 618

	#choice: 4428
	#fail: 275
	execution time (ms): 11895
	#sols : 29
	completed : false

NEW SOLUTION FOUND
solution score : 626

	#choice: 4700
	#fail: 277
	execution time (ms): 12451
	#sols : 30
	completed : false

NEW SOLUTION FOUND
solution score : 628

	#choice: 4963
	#fail: 278
	execution time (ms): 12933
	#sols : 31
	completed : false

NEW SOLUTION FOUND
solution score : 647

	#choice: 5277
	#fail: 298
	execution time (ms): 13454
	#sols : 32
	completed : false

NEW SOLUTION FOUND
solution score : 649

	#choice: 5555
	#fail: 299
	execution time (ms): 14029
	#sols : 33
	completed : false

NEW SOLUTION FOUND
solution score : 666

	#choice: 5872
	#fail: 313
	execution time (ms): 14561
	#sols : 34
	completed : false

NEW SOLUTION FOUND
solution score : 668

	#choice: 6161
	#fail: 314
	execution time (ms): 15113
	#sols : 35
	completed : false

NEW SOLUTION FOUND
solution score : 669

	#choice: 6522
	#fail: 348
	execution time (ms): 15720
	#sols : 36
	completed : false

NEW SOLUTION FOUND
solution score : 672

	#choice: 6881
	#fail: 361
	execution time (ms): 16378
	#sols : 37
	completed : false

NEW SOLUTION FOUND
solution score : 681

	#choice: 7299
	#fail: 389
	execution time (ms): 17292
	#sols : 38
	completed : false

NEW SOLUTION FOUND
solution score : 683

	#choice: 7686
	#fail: 390
	execution time (ms): 18120
	#sols : 39
	completed : false

NEW SOLUTION FOUND
solution score : 694

	#choice: 8129
	#fail: 421
	execution time (ms): 18916
	#sols : 40
	completed : false

NEW SOLUTION FOUND
solution score : 698

	#choice: 8536
	#fail: 422
	execution time (ms): 19747
	#sols : 41
	completed : false

NEW SOLUTION FOUND
solution score : 706

	#choice: 8951
	#fail: 423
	execution time (ms): 20534
	#sols : 42
	completed : false

NEW SOLUTION FOUND
solution score : 709

	#choice: 9376
	#fail: 424
	execution time (ms): 21308
	#sols : 43
	completed : false

NEW SOLUTION FOUND
solution score : 711

	#choice: 10190
	#fail: 426
	execution time (ms): 22988
	#sols : 44
	completed : false

NEW SOLUTION FOUND
solution score : 713

	#choice: 10624
	#fail: 437
	execution time (ms): 23794
	#sols : 45
	completed : false

NEW SOLUTION FOUND
solution score : 715

	#choice: 11051
	#fail: 438
	execution time (ms): 24646
	#sols : 46
	completed : false

NEW SOLUTION FOUND
solution score : 718

	#choice: 11478
	#fail: 439
	execution time (ms): 25496
	#sols : 47
	completed : false

NEW SOLUTION FOUND
solution score : 720

	#choice: 12005
	#fail: 484
	execution time (ms): 26418
	#sols : 48
	completed : false

NEW SOLUTION FOUND
solution score : 722

	#choice: 12483
	#fail: 485
	execution time (ms): 27393
	#sols : 49
	completed : false

NEW SOLUTION FOUND
solution score : 725

	#choice: 12964
	#fail: 486
	execution time (ms): 28307
	#sols : 50
	completed : false

END OF SEARCH

	#choice: 12995
	#fail: 518
	execution time (ms): 28317
	#sols : 50
	completed : true

