INFO
n : 30
nbHoles : 700
nbFile : 8
objective : diagonal
search: dfs
bp : sum_product
branchingScheme : max_marginal_strength
oracle : false
truncateRate : 50
START SEARCH
NEW SOLUTION FOUND
solution score : 603

	#choice: 585
	#fail: 0
	execution time (ms): 6632
	#sols : 1
	completed : false

NEW SOLUTION FOUND
solution score : 611

	#choice: 586
	#fail: 1
	execution time (ms): 6663
	#sols : 2
	completed : false

NEW SOLUTION FOUND
solution score : 622

	#choice: 623
	#fail: 23
	execution time (ms): 6687
	#sols : 3
	completed : false

NEW SOLUTION FOUND
solution score : 628

	#choice: 717
	#fail: 69
	execution time (ms): 6821
	#sols : 4
	completed : false

NEW SOLUTION FOUND
solution score : 636

	#choice: 745
	#fail: 86
	execution time (ms): 6834
	#sols : 5
	completed : false

NEW SOLUTION FOUND
solution score : 644

	#choice: 851
	#fail: 138
	execution time (ms): 6919
	#sols : 6
	completed : false

NEW SOLUTION FOUND
solution score : 651

	#choice: 994
	#fail: 209
	execution time (ms): 7138
	#sols : 7
	completed : false

NEW SOLUTION FOUND
solution score : 656

	#choice: 1047
	#fail: 236
	execution time (ms): 7186
	#sols : 8
	completed : false

NEW SOLUTION FOUND
solution score : 658

	#choice: 1219
	#fail: 322
	execution time (ms): 7377
	#sols : 9
	completed : false

NEW SOLUTION FOUND
solution score : 660

	#choice: 1420
	#fail: 424
	execution time (ms): 7706
	#sols : 10
	completed : false

NEW SOLUTION FOUND
solution score : 672

	#choice: 1687
	#fail: 553
	execution time (ms): 7989
	#sols : 11
	completed : false

NEW SOLUTION FOUND
solution score : 678

	#choice: 2016
	#fail: 723
	execution time (ms): 8283
	#sols : 12
	completed : false

NEW SOLUTION FOUND
solution score : 695

	#choice: 2404
	#fail: 911
	execution time (ms): 8770
	#sols : 13
	completed : false

NEW SOLUTION FOUND
solution score : 708

	#choice: 2844
	#fail: 1134
	execution time (ms): 9283
	#sols : 14
	completed : false

NEW SOLUTION FOUND
solution score : 710

	#choice: 3263
	#fail: 1342
	execution time (ms): 9834
	#sols : 15
	completed : false

NEW SOLUTION FOUND
solution score : 714

	#choice: 3783
	#fail: 1603
	execution time (ms): 10373
	#sols : 16
	completed : false

NEW SOLUTION FOUND
solution score : 731

	#choice: 4531
	#fail: 1972
	execution time (ms): 11223
	#sols : 17
	completed : false

NEW SOLUTION FOUND
solution score : 733

	#choice: 5240
	#fail: 2332
	execution time (ms): 12023
	#sols : 18
	completed : false

NEW SOLUTION FOUND
solution score : 735

	#choice: 5982
	#fail: 2709
	execution time (ms): 12769
	#sols : 19
	completed : false

NEW SOLUTION FOUND
solution score : 736

	#choice: 6736
	#fail: 3084
	execution time (ms): 13764
	#sols : 20
	completed : false

NEW SOLUTION FOUND
solution score : 762

	#choice: 7630
	#fail: 3524
	execution time (ms): 14572
	#sols : 21
	completed : false

NEW SOLUTION FOUND
solution score : 763

	#choice: 8505
	#fail: 3959
	execution time (ms): 15426
	#sols : 22
	completed : false

NEW SOLUTION FOUND
solution score : 764

	#choice: 9392
	#fail: 4403
	execution time (ms): 16163
	#sols : 23
	completed : false

NEW SOLUTION FOUND
solution score : 767

	#choice: 10339
	#fail: 4876
	execution time (ms): 16993
	#sols : 24
	completed : false

NEW SOLUTION FOUND
solution score : 768

	#choice: 11468
	#fail: 5451
	execution time (ms): 18060
	#sols : 25
	completed : false

NEW SOLUTION FOUND
solution score : 769

	#choice: 12580
	#fail: 6007
	execution time (ms): 19166
	#sols : 26
	completed : false

NEW SOLUTION FOUND
solution score : 771

	#choice: 13710
	#fail: 6565
	execution time (ms): 20211
	#sols : 27
	completed : false

NEW SOLUTION FOUND
solution score : 774

	#choice: 14869
	#fail: 7140
	execution time (ms): 21287
	#sols : 28
	completed : false

NEW SOLUTION FOUND
solution score : 776

	#choice: 16028
	#fail: 7725
	execution time (ms): 22411
	#sols : 29
	completed : false

NEW SOLUTION FOUND
solution score : 777

	#choice: 17166
	#fail: 8300
	execution time (ms): 23550
	#sols : 30
	completed : false

NEW SOLUTION FOUND
solution score : 780

	#choice: 18304
	#fail: 8864
	execution time (ms): 24705
	#sols : 31
	completed : false

NEW SOLUTION FOUND
solution score : 782

	#choice: 19454
	#fail: 9440
	execution time (ms): 25589
	#sols : 32
	completed : false

END OF SEARCH

	#choice: 20028
	#fail: 10015
	execution time (ms): 25606
	#sols : 32
	completed : true

