INFO
n : 30
nbHoles : 700
nbFile : 3
objective : diagonal
search: dfs
bp : sum_product
branchingScheme : max_marginal_strength
oracle : true
truncateRate : 0
START SEARCH
NEW SOLUTION FOUND
solution score : 534

	#choice: 590
	#fail: 0
	execution time (ms): 5215
	#sols : 1
	completed : false

NEW SOLUTION FOUND
solution score : 536

	#choice: 604
	#fail: 11
	execution time (ms): 5228
	#sols : 2
	completed : false

NEW SOLUTION FOUND
solution score : 537

	#choice: 612
	#fail: 17
	execution time (ms): 5234
	#sols : 3
	completed : false

NEW SOLUTION FOUND
solution score : 543

	#choice: 628
	#fail: 22
	execution time (ms): 5256
	#sols : 4
	completed : false

NEW SOLUTION FOUND
solution score : 545

	#choice: 653
	#fail: 40
	execution time (ms): 5329
	#sols : 5
	completed : false

NEW SOLUTION FOUND
solution score : 554

	#choice: 715
	#fail: 66
	execution time (ms): 5424
	#sols : 6
	completed : false

NEW SOLUTION FOUND
solution score : 556

	#choice: 716
	#fail: 67
	execution time (ms): 5425
	#sols : 7
	completed : false

NEW SOLUTION FOUND
solution score : 557

	#choice: 717
	#fail: 68
	execution time (ms): 5427
	#sols : 8
	completed : false

NEW SOLUTION FOUND
solution score : 563

	#choice: 719
	#fail: 70
	execution time (ms): 5430
	#sols : 9
	completed : false

NEW SOLUTION FOUND
solution score : 565

	#choice: 756
	#fail: 90
	execution time (ms): 5518
	#sols : 10
	completed : false

NEW SOLUTION FOUND
solution score : 566

	#choice: 961
	#fail: 188
	execution time (ms): 6168
	#sols : 11
	completed : false

NEW SOLUTION FOUND
solution score : 569

	#choice: 1195
	#fail: 304
	execution time (ms): 6877
	#sols : 12
	completed : false

NEW SOLUTION FOUND
solution score : 570

	#choice: 1302
	#fail: 362
	execution time (ms): 7007
	#sols : 13
	completed : false

NEW SOLUTION FOUND
solution score : 571

	#choice: 1311
	#fail: 367
	execution time (ms): 7011
	#sols : 14
	completed : false

NEW SOLUTION FOUND
solution score : 573

	#choice: 1418
	#fail: 417
	execution time (ms): 7071
	#sols : 15
	completed : false

NEW SOLUTION FOUND
solution score : 580

	#choice: 1664
	#fail: 539
	execution time (ms): 7339
	#sols : 16
	completed : false

NEW SOLUTION FOUND
solution score : 581

	#choice: 1907
	#fail: 663
	execution time (ms): 7650
	#sols : 17
	completed : false

NEW SOLUTION FOUND
solution score : 592

	#choice: 2153
	#fail: 786
	execution time (ms): 8096
	#sols : 18
	completed : false

NEW SOLUTION FOUND
solution score : 593

	#choice: 2381
	#fail: 899
	execution time (ms): 8526
	#sols : 19
	completed : false

NEW SOLUTION FOUND
solution score : 616

	#choice: 2672
	#fail: 1043
	execution time (ms): 9083
	#sols : 20
	completed : false

NEW SOLUTION FOUND
solution score : 617

	#choice: 2960
	#fail: 1185
	execution time (ms): 9447
	#sols : 21
	completed : false

NEW SOLUTION FOUND
solution score : 629

	#choice: 3276
	#fail: 1348
	execution time (ms): 9838
	#sols : 22
	completed : false

NEW SOLUTION FOUND
solution score : 635

	#choice: 3550
	#fail: 1483
	execution time (ms): 10163
	#sols : 23
	completed : false

NEW SOLUTION FOUND
solution score : 636

	#choice: 3815
	#fail: 1615
	execution time (ms): 10479
	#sols : 24
	completed : false

NEW SOLUTION FOUND
solution score : 640

	#choice: 4134
	#fail: 1774
	execution time (ms): 10908
	#sols : 25
	completed : false

NEW SOLUTION FOUND
solution score : 652

	#choice: 4671
	#fail: 2049
	execution time (ms): 11448
	#sols : 26
	completed : false

NEW SOLUTION FOUND
solution score : 661

	#choice: 5219
	#fail: 2317
	execution time (ms): 12156
	#sols : 27
	completed : false

NEW SOLUTION FOUND
solution score : 662

	#choice: 5323
	#fail: 2370
	execution time (ms): 12202
	#sols : 28
	completed : false

NEW SOLUTION FOUND
solution score : 675

	#choice: 5932
	#fail: 2674
	execution time (ms): 13007
	#sols : 29
	completed : false

NEW SOLUTION FOUND
solution score : 677

	#choice: 6474
	#fail: 2943
	execution time (ms): 13519
	#sols : 30
	completed : false

NEW SOLUTION FOUND
solution score : 689

	#choice: 7101
	#fail: 3256
	execution time (ms): 14378
	#sols : 31
	completed : false

NEW SOLUTION FOUND
solution score : 690

	#choice: 7698
	#fail: 3553
	execution time (ms): 15040
	#sols : 32
	completed : false

NEW SOLUTION FOUND
solution score : 691

	#choice: 7960
	#fail: 3688
	execution time (ms): 15271
	#sols : 33
	completed : false

NEW SOLUTION FOUND
solution score : 692

	#choice: 8554
	#fail: 3983
	execution time (ms): 15986
	#sols : 34
	completed : false

NEW SOLUTION FOUND
solution score : 703

	#choice: 9182
	#fail: 4301
	execution time (ms): 16641
	#sols : 35
	completed : false

NEW SOLUTION FOUND
solution score : 705

	#choice: 9784
	#fail: 4594
	execution time (ms): 17527
	#sols : 36
	completed : false

NEW SOLUTION FOUND
solution score : 706

	#choice: 10395
	#fail: 4906
	execution time (ms): 18215
	#sols : 37
	completed : false

NEW SOLUTION FOUND
solution score : 710

	#choice: 11045
	#fail: 5229
	execution time (ms): 18889
	#sols : 38
	completed : false

NEW SOLUTION FOUND
solution score : 715

	#choice: 11818
	#fail: 5610
	execution time (ms): 19693
	#sols : 39
	completed : false

NEW SOLUTION FOUND
solution score : 716

	#choice: 12534
	#fail: 5976
	execution time (ms): 20727
	#sols : 40
	completed : false

NEW SOLUTION FOUND
solution score : 718

	#choice: 13338
	#fail: 6375
	execution time (ms): 21567
	#sols : 41
	completed : false

NEW SOLUTION FOUND
solution score : 719

	#choice: 14112
	#fail: 6763
	execution time (ms): 22430
	#sols : 42
	completed : false

NEW SOLUTION FOUND
solution score : 724

	#choice: 14937
	#fail: 7172
	execution time (ms): 23250
	#sols : 43
	completed : false

NEW SOLUTION FOUND
solution score : 725

	#choice: 15829
	#fail: 7633
	execution time (ms): 24121
	#sols : 44
	completed : false

NEW SOLUTION FOUND
solution score : 732

	#choice: 16779
	#fail: 8098
	execution time (ms): 25273
	#sols : 45
	completed : false

NEW SOLUTION FOUND
solution score : 739

	#choice: 17763
	#fail: 8588
	execution time (ms): 26461
	#sols : 46
	completed : false

NEW SOLUTION FOUND
solution score : 741

	#choice: 18868
	#fail: 9140
	execution time (ms): 27691
	#sols : 47
	completed : false

NEW SOLUTION FOUND
solution score : 742

	#choice: 19926
	#fail: 9667
	execution time (ms): 28860
	#sols : 48
	completed : false

END OF SEARCH

	#choice: 20518
	#fail: 10260
	execution time (ms): 28878
	#sols : 48
	completed : true

