objective : diagonal
search: lds
bp : max_product
branchingScheme : dom_wdeg_max_marginal
oracle : true
truncateRate : 50
START SEARCH
NEW SOLUTION FOUND
solution score : 704

	#choice: 412
	#fail: 0
	execution time (ms): 13282
	#sols : 1
	completed : false

NEW SOLUTION FOUND
solution score : 714

	#choice: 433
	#fail: 11
	execution time (ms): 13366
	#sols : 2
	completed : false

NEW SOLUTION FOUND
solution score : 717

	#choice: 439
	#fail: 12
	execution time (ms): 13378
	#sols : 3
	completed : false

NEW SOLUTION FOUND
solution score : 720

	#choice: 471
	#fail: 31
	execution time (ms): 13480
	#sols : 4
	completed : false

NEW SOLUTION FOUND
solution score : 723

	#choice: 736
	#fail: 54
	execution time (ms): 14839
	#sols : 5
	completed : false

NEW SOLUTION FOUND
solution score : 724

	#choice: 3007
	#fail: 183
	execution time (ms): 33815
	#sols : 6
	completed : false

NEW SOLUTION FOUND
solution score : 725

	#choice: 3335
	#fail: 261
	execution time (ms): 36985
	#sols : 7
	completed : false

END OF SEARCH

	#choice: 3510
	#fail: 437
	execution time (ms): 36999
	#sols : 7
	completed : true

