INFO
n : 30
nbHoles : 600
nbFile : 3
objective : diagonal
search: dfs
bp : sum_product
branchingScheme : max_marginal_regret
oracle : true
truncateRate : 0
START SEARCH
NEW SOLUTION FOUND
solution score : 485

	#choice: 390
	#fail: 4
	execution time (ms): 3250
	#sols : 1
	completed : false

NEW SOLUTION FOUND
solution score : 502

	#choice: 464
	#fail: 38
	execution time (ms): 3403
	#sols : 2
	completed : false

NEW SOLUTION FOUND
solution score : 507

	#choice: 482
	#fail: 50
	execution time (ms): 3451
	#sols : 3
	completed : false

NEW SOLUTION FOUND
solution score : 510

	#choice: 483
	#fail: 51
	execution time (ms): 3451
	#sols : 4
	completed : false

NEW SOLUTION FOUND
solution score : 517

	#choice: 510
	#fail: 62
	execution time (ms): 3481
	#sols : 5
	completed : false

NEW SOLUTION FOUND
solution score : 522

	#choice: 571
	#fail: 93
	execution time (ms): 3554
	#sols : 6
	completed : false

NEW SOLUTION FOUND
solution score : 530

	#choice: 588
	#fail: 105
	execution time (ms): 3576
	#sols : 7
	completed : false

NEW SOLUTION FOUND
solution score : 537

	#choice: 667
	#fail: 143
	execution time (ms): 3675
	#sols : 8
	completed : false

NEW SOLUTION FOUND
solution score : 539

	#choice: 701
	#fail: 158
	execution time (ms): 3724
	#sols : 9
	completed : false

NEW SOLUTION FOUND
solution score : 540

	#choice: 715
	#fail: 166
	execution time (ms): 3729
	#sols : 10
	completed : false

NEW SOLUTION FOUND
solution score : 545

	#choice: 746
	#fail: 184
	execution time (ms): 3755
	#sols : 11
	completed : false

NEW SOLUTION FOUND
solution score : 546

	#choice: 783
	#fail: 201
	execution time (ms): 3796
	#sols : 12
	completed : false

NEW SOLUTION FOUND
solution score : 553

	#choice: 829
	#fail: 223
	execution time (ms): 3838
	#sols : 13
	completed : false

NEW SOLUTION FOUND
solution score : 556

	#choice: 882
	#fail: 250
	execution time (ms): 3887
	#sols : 14
	completed : false

NEW SOLUTION FOUND
solution score : 557

	#choice: 958
	#fail: 289
	execution time (ms): 4034
	#sols : 15
	completed : false

NEW SOLUTION FOUND
solution score : 561

	#choice: 997
	#fail: 312
	execution time (ms): 4083
	#sols : 16
	completed : false

NEW SOLUTION FOUND
solution score : 564

	#choice: 1063
	#fail: 338
	execution time (ms): 4172
	#sols : 17
	completed : false

NEW SOLUTION FOUND
solution score : 569

	#choice: 1083
	#fail: 350
	execution time (ms): 4182
	#sols : 18
	completed : false

NEW SOLUTION FOUND
solution score : 570

	#choice: 1103
	#fail: 360
	execution time (ms): 4204
	#sols : 19
	completed : false

NEW SOLUTION FOUND
solution score : 575

	#choice: 1124
	#fail: 371
	execution time (ms): 4226
	#sols : 20
	completed : false

NEW SOLUTION FOUND
solution score : 580

	#choice: 1213
	#fail: 413
	execution time (ms): 4359
	#sols : 21
	completed : false

NEW SOLUTION FOUND
solution score : 586

	#choice: 1342
	#fail: 481
	execution time (ms): 4842
	#sols : 22
	completed : false

NEW SOLUTION FOUND
solution score : 591

	#choice: 1359
	#fail: 491
	execution time (ms): 4869
	#sols : 23
	completed : false

NEW SOLUTION FOUND
solution score : 598

	#choice: 1508
	#fail: 563
	execution time (ms): 5303
	#sols : 24
	completed : false

NEW SOLUTION FOUND
solution score : 602

	#choice: 1545
	#fail: 583
	execution time (ms): 5326
	#sols : 25
	completed : false

NEW SOLUTION FOUND
solution score : 603

	#choice: 1552
	#fail: 589
	execution time (ms): 5329
	#sols : 26
	completed : false

NEW SOLUTION FOUND
solution score : 609

	#choice: 1698
	#fail: 661
	execution time (ms): 5523
	#sols : 27
	completed : false

NEW SOLUTION FOUND
solution score : 614

	#choice: 1714
	#fail: 668
	execution time (ms): 5538
	#sols : 28
	completed : false

NEW SOLUTION FOUND
solution score : 615

	#choice: 1926
	#fail: 775
	execution time (ms): 5842
	#sols : 29
	completed : false

NEW SOLUTION FOUND
solution score : 617

	#choice: 1953
	#fail: 789
	execution time (ms): 5852
	#sols : 30
	completed : false

NEW SOLUTION FOUND
solution score : 618

	#choice: 2021
	#fail: 822
	execution time (ms): 5900
	#sols : 31
	completed : false

NEW SOLUTION FOUND
solution score : 620

	#choice: 2417
	#fail: 1020
	execution time (ms): 6414
	#sols : 32
	completed : false

NEW SOLUTION FOUND
solution score : 621

	#choice: 2508
	#fail: 1066
	execution time (ms): 6477
	#sols : 33
	completed : false

NEW SOLUTION FOUND
solution score : 622

	#choice: 2529
	#fail: 1079
	execution time (ms): 6493
	#sols : 34
	completed : false

NEW SOLUTION FOUND
solution score : 623

	#choice: 2590
	#fail: 1107
	execution time (ms): 6525
	#sols : 35
	completed : false

NEW SOLUTION FOUND
solution score : 631

	#choice: 2634
	#fail: 1130
	execution time (ms): 6591
	#sols : 36
	completed : false

NEW SOLUTION FOUND
solution score : 632

	#choice: 2775
	#fail: 1200
	execution time (ms): 6776
	#sols : 37
	completed : false

NEW SOLUTION FOUND
solution score : 633

	#choice: 3077
	#fail: 1354
	execution time (ms): 7160
	#sols : 38
	completed : false

NEW SOLUTION FOUND
solution score : 634

	#choice: 3138
	#fail: 1388
	execution time (ms): 7199
	#sols : 39
	completed : false

NEW SOLUTION FOUND
solution score : 646

	#choice: 3477
	#fail: 1547
	execution time (ms): 7588
	#sols : 40
	completed : false

NEW SOLUTION FOUND
solution score : 651

	#choice: 3590
	#fail: 1604
	execution time (ms): 7676
	#sols : 41
	completed : false

NEW SOLUTION FOUND
solution score : 658

	#choice: 3629
	#fail: 1628
	execution time (ms): 7708
	#sols : 42
	completed : false

NEW SOLUTION FOUND
solution score : 659

	#choice: 3778
	#fail: 1701
	execution time (ms): 7935
	#sols : 43
	completed : false

NEW SOLUTION FOUND
solution score : 660

	#choice: 4042
	#fail: 1833
	execution time (ms): 8273
	#sols : 44
	completed : false

NEW SOLUTION FOUND
solution score : 661

	#choice: 4489
	#fail: 2056
	execution time (ms): 8778
	#sols : 45
	completed : false

NEW SOLUTION FOUND
solution score : 663

	#choice: 4514
	#fail: 2068
	execution time (ms): 8796
	#sols : 46
	completed : false

NEW SOLUTION FOUND
solution score : 664

	#choice: 4586
	#fail: 2106
	execution time (ms): 8888
	#sols : 47
	completed : false

NEW SOLUTION FOUND
solution score : 665

	#choice: 4934
	#fail: 2279
	execution time (ms): 9752
	#sols : 48
	completed : false

NEW SOLUTION FOUND
solution score : 668

	#choice: 5018
	#fail: 2323
	execution time (ms): 9804
	#sols : 49
	completed : false

NEW SOLUTION FOUND
solution score : 670

	#choice: 5461
	#fail: 2547
	execution time (ms): 10296
	#sols : 50
	completed : false

NEW SOLUTION FOUND
solution score : 672

	#choice: 5914
	#fail: 2768
	execution time (ms): 10839
	#sols : 51
	completed : false

NEW SOLUTION FOUND
solution score : 677

	#choice: 6010
	#fail: 2819
	execution time (ms): 10885
	#sols : 52
	completed : false

NEW SOLUTION FOUND
solution score : 679

	#choice: 6208
	#fail: 2919
	execution time (ms): 11070
	#sols : 53
	completed : false

NEW SOLUTION FOUND
solution score : 680

	#choice: 6648
	#fail: 3141
	execution time (ms): 11483
	#sols : 54
	completed : false

NEW SOLUTION FOUND
solution score : 682

	#choice: 7137
	#fail: 3378
	execution time (ms): 12102
	#sols : 55
	completed : false

NEW SOLUTION FOUND
solution score : 683

	#choice: 7162
	#fail: 3393
	execution time (ms): 12117
	#sols : 56
	completed : false

NEW SOLUTION FOUND
solution score : 684

	#choice: 7669
	#fail: 3655
	execution time (ms): 12695
	#sols : 57
	completed : false

NEW SOLUTION FOUND
solution score : 685

	#choice: 7762
	#fail: 3700
	execution time (ms): 12749
	#sols : 58
	completed : false

NEW SOLUTION FOUND
solution score : 686

	#choice: 7870
	#fail: 3754
	execution time (ms): 12869
	#sols : 59
	completed : false

NEW SOLUTION FOUND
solution score : 690

	#choice: 8398
	#fail: 4013
	execution time (ms): 13737
	#sols : 60
	completed : false

NEW SOLUTION FOUND
solution score : 691

	#choice: 8909
	#fail: 4275
	execution time (ms): 14350
	#sols : 61
	completed : false

NEW SOLUTION FOUND
solution score : 692

	#choice: 8947
	#fail: 4296
	execution time (ms): 14367
	#sols : 62
	completed : false

NEW SOLUTION FOUND
solution score : 693

	#choice: 9039
	#fail: 4339
	execution time (ms): 14508
	#sols : 63
	completed : false

NEW SOLUTION FOUND
solution score : 695

	#choice: 9563
	#fail: 4600
	execution time (ms): 15199
	#sols : 64
	completed : false

NEW SOLUTION FOUND
solution score : 696

	#choice: 9622
	#fail: 4628
	execution time (ms): 15235
	#sols : 65
	completed : false

NEW SOLUTION FOUND
solution score : 698

	#choice: 10176
	#fail: 4900
	execution time (ms): 15869
	#sols : 66
	completed : false

NEW SOLUTION FOUND
solution score : 700

	#choice: 10181
	#fail: 4903
	execution time (ms): 15879
	#sols : 67
	completed : false

NEW SOLUTION FOUND
solution score : 701

	#choice: 10184
	#fail: 4905
	execution time (ms): 15880
	#sols : 68
	completed : false

NEW SOLUTION FOUND
solution score : 702

	#choice: 10346
	#fail: 4985
	execution time (ms): 16131
	#sols : 69
	completed : false

NEW SOLUTION FOUND
solution score : 704

	#choice: 10526
	#fail: 5076
	execution time (ms): 16374
	#sols : 70
	completed : false

NEW SOLUTION FOUND
solution score : 705

	#choice: 10637
	#fail: 5133
	execution time (ms): 16518
	#sols : 71
	completed : false

NEW SOLUTION FOUND
solution score : 706

	#choice: 10840
	#fail: 5233
	execution time (ms): 16769
	#sols : 72
	completed : false

NEW SOLUTION FOUND
solution score : 707

	#choice: 11127
	#fail: 5374
	execution time (ms): 17116
	#sols : 73
	completed : false

NEW SOLUTION FOUND
solution score : 710

	#choice: 11247
	#fail: 5434
	execution time (ms): 17205
	#sols : 74
	completed : false

NEW SOLUTION FOUND
solution score : 711

	#choice: 11453
	#fail: 5544
	execution time (ms): 17424
	#sols : 75
	completed : false

NEW SOLUTION FOUND
solution score : 712

	#choice: 11748
	#fail: 5684
	execution time (ms): 17795
	#sols : 76
	completed : false

NEW SOLUTION FOUND
solution score : 715

	#choice: 11954
	#fail: 5794
	execution time (ms): 18073
	#sols : 77
	completed : false

NEW SOLUTION FOUND
solution score : 716

	#choice: 12158
	#fail: 5892
	execution time (ms): 18333
	#sols : 78
	completed : false

NEW SOLUTION FOUND
solution score : 718

	#choice: 12588
	#fail: 6108
	execution time (ms): 18872
	#sols : 79
	completed : false

NEW SOLUTION FOUND
solution score : 719

	#choice: 12644
	#fail: 6136
	execution time (ms): 18892
	#sols : 80
	completed : false

NEW SOLUTION FOUND
solution score : 720

	#choice: 12714
	#fail: 6177
	execution time (ms): 18918
	#sols : 81
	completed : false

NEW SOLUTION FOUND
solution score : 721

	#choice: 12752
	#fail: 6193
	execution time (ms): 18938
	#sols : 82
	completed : false

NEW SOLUTION FOUND
solution score : 722

	#choice: 13257
	#fail: 6448
	execution time (ms): 19479
	#sols : 83
	completed : false

NEW SOLUTION FOUND
solution score : 723

	#choice: 13799
	#fail: 6725
	execution time (ms): 20130
	#sols : 84
	completed : false

NEW SOLUTION FOUND
solution score : 724

	#choice: 14376
	#fail: 6999
	execution time (ms): 20853
	#sols : 85
	completed : false

NEW SOLUTION FOUND
solution score : 725

	#choice: 14417
	#fail: 7024
	execution time (ms): 20865
	#sols : 86
	completed : false

NEW SOLUTION FOUND
solution score : 733

	#choice: 15017
	#fail: 7322
	execution time (ms): 21576
	#sols : 87
	completed : false

NEW SOLUTION FOUND
solution score : 739

	#choice: 15023
	#fail: 7325
	execution time (ms): 21579
	#sols : 88
	completed : false

NEW SOLUTION FOUND
solution score : 740

	#choice: 15197
	#fail: 7415
	execution time (ms): 21831
	#sols : 89
	completed : false

NEW SOLUTION FOUND
solution score : 741

	#choice: 15818
	#fail: 7731
	execution time (ms): 22615
	#sols : 90
	completed : false

NEW SOLUTION FOUND
solution score : 743

	#choice: 16470
	#fail: 8049
	execution time (ms): 23420
	#sols : 91
	completed : false

NEW SOLUTION FOUND
solution score : 744

	#choice: 16519
	#fail: 8071
	execution time (ms): 23442
	#sols : 92
	completed : false

NEW SOLUTION FOUND
solution score : 745

	#choice: 16608
	#fail: 8122
	execution time (ms): 23480
	#sols : 93
	completed : false

NEW SOLUTION FOUND
solution score : 746

	#choice: 17298
	#fail: 8471
	execution time (ms): 24319
	#sols : 94
	completed : false

NEW SOLUTION FOUND
solution score : 747

	#choice: 18004
	#fail: 8825
	execution time (ms): 25217
	#sols : 95
	completed : false

NEW SOLUTION FOUND
solution score : 750

	#choice: 18740
	#fail: 9181
	execution time (ms): 26155
	#sols : 96
	completed : false

NEW SOLUTION FOUND
solution score : 751

	#choice: 18903
	#fail: 9271
	execution time (ms): 26310
	#sols : 97
	completed : false

NEW SOLUTION FOUND
solution score : 753

	#choice: 19218
	#fail: 9420
	execution time (ms): 26713
	#sols : 98
	completed : false

NEW SOLUTION FOUND
solution score : 754

	#choice: 19432
	#fail: 9531
	execution time (ms): 26942
	#sols : 99
	completed : false

NEW SOLUTION FOUND
solution score : 755

	#choice: 19872
	#fail: 9746
	execution time (ms): 27418
	#sols : 100
	completed : false

NEW SOLUTION FOUND
solution score : 758

	#choice: 19908
	#fail: 9764
	execution time (ms): 27436
	#sols : 101
	completed : false

NEW SOLUTION FOUND
solution score : 759

	#choice: 20613
	#fail: 10128
	execution time (ms): 28293
	#sols : 102
	completed : false

END OF SEARCH

	#choice: 20970
	#fail: 10486
	execution time (ms): 28304
	#sols : 102
	completed : true

