INFO
n : 30
nbHoles : 600
nbFile : 7
objective : diagonal
search: lds
bp : sum_product
branchingScheme : max_marginal_strength
oracle : true
truncateRate : 50
START SEARCH
NEW SOLUTION FOUND
solution score : 459

	#choice: 477
	#fail: 0
	execution time (ms): 3177
	#sols : 1
	completed : false

NEW SOLUTION FOUND
solution score : 469

	#choice: 501
	#fail: 11
	execution time (ms): 3242
	#sols : 2
	completed : false

NEW SOLUTION FOUND
solution score : 483

	#choice: 511
	#fail: 12
	execution time (ms): 3253
	#sols : 3
	completed : false

NEW SOLUTION FOUND
solution score : 503

	#choice: 560
	#fail: 27
	execution time (ms): 3368
	#sols : 4
	completed : false

NEW SOLUTION FOUND
solution score : 514

	#choice: 584
	#fail: 28
	execution time (ms): 3414
	#sols : 5
	completed : false

NEW SOLUTION FOUND
solution score : 517

	#choice: 662
	#fail: 52
	execution time (ms): 3618
	#sols : 6
	completed : false

NEW SOLUTION FOUND
solution score : 522

	#choice: 721
	#fail: 53
	execution time (ms): 3834
	#sols : 7
	completed : false

NEW SOLUTION FOUND
solution score : 536

	#choice: 798
	#fail: 61
	execution time (ms): 4040
	#sols : 8
	completed : false

NEW SOLUTION FOUND
solution score : 539

	#choice: 871
	#fail: 68
	execution time (ms): 4267
	#sols : 9
	completed : false

NEW SOLUTION FOUND
solution score : 548

	#choice: 1009
	#fail: 99
	execution time (ms): 4580
	#sols : 10
	completed : false

NEW SOLUTION FOUND
solution score : 559

	#choice: 1114
	#fail: 100
	execution time (ms): 4856
	#sols : 11
	completed : false

NEW SOLUTION FOUND
solution score : 562

	#choice: 1251
	#fail: 115
	execution time (ms): 5093
	#sols : 12
	completed : false

NEW SOLUTION FOUND
solution score : 573

	#choice: 1543
	#fail: 199
	execution time (ms): 5639
	#sols : 13
	completed : false

NEW SOLUTION FOUND
solution score : 577

	#choice: 1815
	#fail: 228
	execution time (ms): 6141
	#sols : 14
	completed : false

NEW SOLUTION FOUND
solution score : 578

	#choice: 2044
	#fail: 229
	execution time (ms): 6558
	#sols : 15
	completed : false

NEW SOLUTION FOUND
solution score : 582

	#choice: 2290
	#fail: 230
	execution time (ms): 7067
	#sols : 16
	completed : false

NEW SOLUTION FOUND
solution score : 583

	#choice: 2526
	#fail: 231
	execution time (ms): 7500
	#sols : 17
	completed : false

NEW SOLUTION FOUND
solution score : 602

	#choice: 2802
	#fail: 247
	execution time (ms): 8177
	#sols : 18
	completed : false

NEW SOLUTION FOUND
solution score : 604

	#choice: 3055
	#fail: 248
	execution time (ms): 8696
	#sols : 19
	completed : false

NEW SOLUTION FOUND
solution score : 607

	#choice: 3349
	#fail: 266
	execution time (ms): 9326
	#sols : 20
	completed : false

NEW SOLUTION FOUND
solution score : 620

	#choice: 3654
	#fail: 279
	execution time (ms): 10066
	#sols : 21
	completed : false

NEW SOLUTION FOUND
solution score : 627

	#choice: 4084
	#fail: 350
	execution time (ms): 10749
	#sols : 22
	completed : false

NEW SOLUTION FOUND
solution score : 642

	#choice: 4534
	#fail: 396
	execution time (ms): 11760
	#sols : 23
	completed : false

NEW SOLUTION FOUND
solution score : 645

	#choice: 4939
	#fail: 397
	execution time (ms): 12658
	#sols : 24
	completed : false

NEW SOLUTION FOUND
solution score : 656

	#choice: 5351
	#fail: 399
	execution time (ms): 13515
	#sols : 25
	completed : false

NEW SOLUTION FOUND
solution score : 657

	#choice: 5750
	#fail: 400
	execution time (ms): 14304
	#sols : 26
	completed : false

NEW SOLUTION FOUND
solution score : 667

	#choice: 6194
	#fail: 422
	execution time (ms): 15284
	#sols : 27
	completed : false

NEW SOLUTION FOUND
solution score : 669

	#choice: 6620
	#fail: 423
	execution time (ms): 16267
	#sols : 28
	completed : false

NEW SOLUTION FOUND
solution score : 677

	#choice: 7053
	#fail: 424
	execution time (ms): 17191
	#sols : 29
	completed : false

NEW SOLUTION FOUND
solution score : 685

	#choice: 7504
	#fail: 436
	execution time (ms): 18136
	#sols : 30
	completed : false

NEW SOLUTION FOUND
solution score : 686

	#choice: 7938
	#fail: 437
	execution time (ms): 19271
	#sols : 31
	completed : false

NEW SOLUTION FOUND
solution score : 695

	#choice: 8392
	#fail: 442
	execution time (ms): 20228
	#sols : 32
	completed : false

NEW SOLUTION FOUND
solution score : 698

	#choice: 8833
	#fail: 443
	execution time (ms): 21123
	#sols : 33
	completed : false

NEW SOLUTION FOUND
solution score : 707

	#choice: 9309
	#fail: 458
	execution time (ms): 22066
	#sols : 34
	completed : false

NEW SOLUTION FOUND
solution score : 710

	#choice: 9777
	#fail: 459
	execution time (ms): 22989
	#sols : 35
	completed : false

NEW SOLUTION FOUND
solution score : 714

	#choice: 10259
	#fail: 464
	execution time (ms): 23932
	#sols : 36
	completed : false

NEW SOLUTION FOUND
solution score : 717

	#choice: 10732
	#fail: 465
	execution time (ms): 24902
	#sols : 37
	completed : false

NEW SOLUTION FOUND
solution score : 718

	#choice: 11187
	#fail: 466
	execution time (ms): 25813
	#sols : 38
	completed : false

NEW SOLUTION FOUND
solution score : 721

	#choice: 11683
	#fail: 474
	execution time (ms): 26796
	#sols : 39
	completed : false

NEW SOLUTION FOUND
solution score : 722

	#choice: 12163
	#fail: 475
	execution time (ms): 27815
	#sols : 40
	completed : false

NEW SOLUTION FOUND
solution score : 725

	#choice: 12644
	#fail: 476
	execution time (ms): 28759
	#sols : 41
	completed : false

END OF SEARCH

	#choice: 12669
	#fail: 502
	execution time (ms): 28769
	#sols : 41
	completed : true

