INFO
n : 30
nbHoles : 500
nbFile : 4
objective : diagonal
search: lds
bp : sum_product
branchingScheme : max_marginal_regret
oracle : true
truncateRate : 50
START SEARCH
NEW SOLUTION FOUND
solution score : 520

	#choice: 356
	#fail: 10
	execution time (ms): 2686
	#sols : 1
	completed : false

NEW SOLUTION FOUND
solution score : 521

	#choice: 555
	#fail: 17
	execution time (ms): 3946
	#sols : 2
	completed : false

NEW SOLUTION FOUND
solution score : 546

	#choice: 584
	#fail: 18
	execution time (ms): 4169
	#sols : 3
	completed : false

NEW SOLUTION FOUND
solution score : 547

	#choice: 972
	#fail: 29
	execution time (ms): 6166
	#sols : 4
	completed : false

NEW SOLUTION FOUND
solution score : 548

	#choice: 1184
	#fail: 34
	execution time (ms): 6683
	#sols : 5
	completed : false

NEW SOLUTION FOUND
solution score : 554

	#choice: 1415
	#fail: 39
	execution time (ms): 7354
	#sols : 6
	completed : false

NEW SOLUTION FOUND
solution score : 562

	#choice: 1467
	#fail: 40
	execution time (ms): 7486
	#sols : 7
	completed : false

NEW SOLUTION FOUND
solution score : 563

	#choice: 1689
	#fail: 44
	execution time (ms): 8167
	#sols : 8
	completed : false

NEW SOLUTION FOUND
solution score : 576

	#choice: 2368
	#fail: 55
	execution time (ms): 10153
	#sols : 9
	completed : false

NEW SOLUTION FOUND
solution score : 579

	#choice: 4483
	#fail: 83
	execution time (ms): 16333
	#sols : 10
	completed : false

NEW SOLUTION FOUND
solution score : 580

	#choice: 4580
	#fail: 84
	execution time (ms): 16586
	#sols : 11
	completed : false

NEW SOLUTION FOUND
solution score : 584

	#choice: 4677
	#fail: 85
	execution time (ms): 16870
	#sols : 12
	completed : false

NEW SOLUTION FOUND
solution score : 590

	#choice: 5305
	#fail: 92
	execution time (ms): 18789
	#sols : 13
	completed : false

NEW SOLUTION FOUND
solution score : 596

	#choice: 5591
	#fail: 95
	execution time (ms): 19582
	#sols : 14
	completed : false

NEW SOLUTION FOUND
solution score : 600

	#choice: 8634
	#fail: 121
	execution time (ms): 27226
	#sols : 15
	completed : false

NEW SOLUTION FOUND
solution score : 616

	#choice: 9035
	#fail: 124
	execution time (ms): 28271
	#sols : 16
	completed : false

NEW SOLUTION FOUND
solution score : 633

	#choice: 10476
	#fail: 135
	execution time (ms): 31840
	#sols : 17
	completed : false

NEW SOLUTION FOUND
solution score : 636

	#choice: 12202
	#fail: 147
	execution time (ms): 35906
	#sols : 18
	completed : false

NEW SOLUTION FOUND
solution score : 640

	#choice: 13867
	#fail: 158
	execution time (ms): 39611
	#sols : 19
	completed : false

NEW SOLUTION FOUND
solution score : 641

	#choice: 14352
	#fail: 161
	execution time (ms): 40720
	#sols : 20
	completed : false

NEW SOLUTION FOUND
solution score : 643

	#choice: 16744
	#fail: 175
	execution time (ms): 46061
	#sols : 21
	completed : false

NEW SOLUTION FOUND
solution score : 644

	#choice: 17487
	#fail: 179
	execution time (ms): 47654
	#sols : 22
	completed : false

NEW SOLUTION FOUND
solution score : 645

	#choice: 17673
	#fail: 180
	execution time (ms): 48075
	#sols : 23
	completed : false

NEW SOLUTION FOUND
solution score : 651

	#choice: 19350
	#fail: 189
	execution time (ms): 51849
	#sols : 24
	completed : false

NEW SOLUTION FOUND
solution score : 652

	#choice: 23715
	#fail: 211
	execution time (ms): 61561
	#sols : 25
	completed : false

NEW SOLUTION FOUND
solution score : 655

	#choice: 24347
	#fail: 214
	execution time (ms): 63002
	#sols : 26
	completed : false

NEW SOLUTION FOUND
solution score : 662

	#choice: 25433
	#fail: 219
	execution time (ms): 65343
	#sols : 27
	completed : false

NEW SOLUTION FOUND
solution score : 663

	#choice: 25663
	#fail: 220
	execution time (ms): 65818
	#sols : 28
	completed : false

NEW SOLUTION FOUND
solution score : 664

	#choice: 28377
	#fail: 232
	execution time (ms): 71513
	#sols : 29
	completed : false

NEW SOLUTION FOUND
solution score : 670

	#choice: 29557
	#fail: 237
	execution time (ms): 74127
	#sols : 30
	completed : false

NEW SOLUTION FOUND
solution score : 672

	#choice: 30267
	#fail: 240
	execution time (ms): 75675
	#sols : 31
	completed : false

NEW SOLUTION FOUND
solution score : 681

	#choice: 31183
	#fail: 319
	execution time (ms): 77067
	#sols : 32
	completed : false

NEW SOLUTION FOUND
solution score : 686

	#choice: 32002
	#fail: 422
	execution time (ms): 77821
	#sols : 33
	completed : false

NEW SOLUTION FOUND
solution score : 687

	#choice: 32013
	#fail: 429
	execution time (ms): 77826
	#sols : 34
	completed : false

NEW SOLUTION FOUND
solution score : 688

	#choice: 32150
	#fail: 469
	execution time (ms): 78014
	#sols : 35
	completed : false

NEW SOLUTION FOUND
solution score : 689

	#choice: 32290
	#fail: 500
	execution time (ms): 78381
	#sols : 36
	completed : false

NEW SOLUTION FOUND
solution score : 690

	#choice: 32590
	#fail: 569
	execution time (ms): 78850
	#sols : 37
	completed : false

NEW SOLUTION FOUND
solution score : 691

	#choice: 33069
	#fail: 794
	execution time (ms): 79391
	#sols : 38
	completed : false

END OF SEARCH

	#choice: 33312
	#fail: 1038
	execution time (ms): 79398
	#sols : 38
	completed : true

