INFO
n : 30
nbHoles : 600
nbFile : 7
objective : diagonal
search: dfs
bp : no_bp
branchingScheme : first_fail
oracle : false
truncateRate : 50
START SEARCH
NEW SOLUTION FOUND
solution score : 471

	#choice: 408
	#fail: 1
	execution time (ms): 924
	#sols : 1
	completed : false

NEW SOLUTION FOUND
solution score : 476

	#choice: 410
	#fail: 3
	execution time (ms): 954
	#sols : 2
	completed : false

NEW SOLUTION FOUND
solution score : 486

	#choice: 414
	#fail: 5
	execution time (ms): 1001
	#sols : 3
	completed : false

NEW SOLUTION FOUND
solution score : 489

	#choice: 421
	#fail: 10
	execution time (ms): 1037
	#sols : 4
	completed : false

NEW SOLUTION FOUND
solution score : 497

	#choice: 432
	#fail: 15
	execution time (ms): 1074
	#sols : 5
	completed : false

NEW SOLUTION FOUND
solution score : 499

	#choice: 446
	#fail: 22
	execution time (ms): 1105
	#sols : 6
	completed : false

NEW SOLUTION FOUND
solution score : 503

	#choice: 453
	#fail: 28
	execution time (ms): 1137
	#sols : 7
	completed : false

NEW SOLUTION FOUND
solution score : 508

	#choice: 467
	#fail: 36
	execution time (ms): 1162
	#sols : 8
	completed : false

NEW SOLUTION FOUND
solution score : 510

	#choice: 528
	#fail: 66
	execution time (ms): 1214
	#sols : 9
	completed : false

NEW SOLUTION FOUND
solution score : 513

	#choice: 626
	#fail: 119
	execution time (ms): 1278
	#sols : 10
	completed : false

NEW SOLUTION FOUND
solution score : 516

	#choice: 681
	#fail: 142
	execution time (ms): 1292
	#sols : 11
	completed : false

NEW SOLUTION FOUND
solution score : 518

	#choice: 780
	#fail: 198
	execution time (ms): 1360
	#sols : 12
	completed : false

NEW SOLUTION FOUND
solution score : 519

	#choice: 962
	#fail: 283
	execution time (ms): 1466
	#sols : 13
	completed : false

NEW SOLUTION FOUND
solution score : 521

	#choice: 1134
	#fail: 371
	execution time (ms): 1544
	#sols : 14
	completed : false

NEW SOLUTION FOUND
solution score : 522

	#choice: 1259
	#fail: 436
	execution time (ms): 1590
	#sols : 15
	completed : false

NEW SOLUTION FOUND
solution score : 524

	#choice: 1462
	#fail: 534
	execution time (ms): 1648
	#sols : 16
	completed : false

NEW SOLUTION FOUND
solution score : 525

	#choice: 1582
	#fail: 593
	execution time (ms): 1674
	#sols : 17
	completed : false

NEW SOLUTION FOUND
solution score : 527

	#choice: 1713
	#fail: 658
	execution time (ms): 1704
	#sols : 18
	completed : false

NEW SOLUTION FOUND
solution score : 529

	#choice: 1831
	#fail: 714
	execution time (ms): 1723
	#sols : 19
	completed : false

NEW SOLUTION FOUND
solution score : 530

	#choice: 1973
	#fail: 786
	execution time (ms): 1751
	#sols : 20
	completed : false

NEW SOLUTION FOUND
solution score : 532

	#choice: 2086
	#fail: 847
	execution time (ms): 1770
	#sols : 21
	completed : false

NEW SOLUTION FOUND
solution score : 534

	#choice: 2617
	#fail: 1112
	execution time (ms): 1981
	#sols : 22
	completed : false

NEW SOLUTION FOUND
solution score : 536

	#choice: 2836
	#fail: 1217
	execution time (ms): 2024
	#sols : 23
	completed : false

NEW SOLUTION FOUND
solution score : 538

	#choice: 3062
	#fail: 1334
	execution time (ms): 2061
	#sols : 24
	completed : false

NEW SOLUTION FOUND
solution score : 539

	#choice: 3271
	#fail: 1439
	execution time (ms): 2098
	#sols : 25
	completed : false

NEW SOLUTION FOUND
solution score : 541

	#choice: 3529
	#fail: 1570
	execution time (ms): 2160
	#sols : 26
	completed : false

NEW SOLUTION FOUND
solution score : 543

	#choice: 3762
	#fail: 1678
	execution time (ms): 2210
	#sols : 27
	completed : false

NEW SOLUTION FOUND
solution score : 545

	#choice: 3988
	#fail: 1797
	execution time (ms): 2249
	#sols : 28
	completed : false

NEW SOLUTION FOUND
solution score : 546

	#choice: 4203
	#fail: 1904
	execution time (ms): 2284
	#sols : 29
	completed : false

NEW SOLUTION FOUND
solution score : 548

	#choice: 4429
	#fail: 2012
	execution time (ms): 2324
	#sols : 30
	completed : false

NEW SOLUTION FOUND
solution score : 550

	#choice: 4662
	#fail: 2131
	execution time (ms): 2361
	#sols : 31
	completed : false

NEW SOLUTION FOUND
solution score : 552

	#choice: 4893
	#fail: 2249
	execution time (ms): 2399
	#sols : 32
	completed : false

NEW SOLUTION FOUND
solution score : 553

	#choice: 5133
	#fail: 2365
	execution time (ms): 2444
	#sols : 33
	completed : false

NEW SOLUTION FOUND
solution score : 555

	#choice: 5378
	#fail: 2489
	execution time (ms): 2487
	#sols : 34
	completed : false

NEW SOLUTION FOUND
solution score : 557

	#choice: 5600
	#fail: 2607
	execution time (ms): 2521
	#sols : 35
	completed : false

NEW SOLUTION FOUND
solution score : 559

	#choice: 5863
	#fail: 2737
	execution time (ms): 2569
	#sols : 36
	completed : false

NEW SOLUTION FOUND
solution score : 561

	#choice: 6160
	#fail: 2886
	execution time (ms): 2638
	#sols : 37
	completed : false

NEW SOLUTION FOUND
solution score : 563

	#choice: 6429
	#fail: 3021
	execution time (ms): 2684
	#sols : 38
	completed : false

NEW SOLUTION FOUND
solution score : 565

	#choice: 6708
	#fail: 3157
	execution time (ms): 2731
	#sols : 39
	completed : false

NEW SOLUTION FOUND
solution score : 566

	#choice: 6984
	#fail: 3300
	execution time (ms): 2779
	#sols : 40
	completed : false

NEW SOLUTION FOUND
solution score : 568

	#choice: 7250
	#fail: 3433
	execution time (ms): 2833
	#sols : 41
	completed : false

NEW SOLUTION FOUND
solution score : 569

	#choice: 7553
	#fail: 3580
	execution time (ms): 2887
	#sols : 42
	completed : false

NEW SOLUTION FOUND
solution score : 571

	#choice: 7858
	#fail: 3732
	execution time (ms): 2938
	#sols : 43
	completed : false

NEW SOLUTION FOUND
solution score : 573

	#choice: 8174
	#fail: 3892
	execution time (ms): 2994
	#sols : 44
	completed : false

NEW SOLUTION FOUND
solution score : 575

	#choice: 8516
	#fail: 4062
	execution time (ms): 3072
	#sols : 45
	completed : false

NEW SOLUTION FOUND
solution score : 576

	#choice: 8815
	#fail: 4214
	execution time (ms): 3122
	#sols : 46
	completed : false

NEW SOLUTION FOUND
solution score : 578

	#choice: 9146
	#fail: 4373
	execution time (ms): 3184
	#sols : 47
	completed : false

NEW SOLUTION FOUND
solution score : 580

	#choice: 9469
	#fail: 4536
	execution time (ms): 3310
	#sols : 48
	completed : false

NEW SOLUTION FOUND
solution score : 582

	#choice: 9784
	#fail: 4695
	execution time (ms): 3413
	#sols : 49
	completed : false

NEW SOLUTION FOUND
solution score : 584

	#choice: 10094
	#fail: 4851
	execution time (ms): 3526
	#sols : 50
	completed : false

NEW SOLUTION FOUND
solution score : 586

	#choice: 10504
	#fail: 5056
	execution time (ms): 3731
	#sols : 51
	completed : false

NEW SOLUTION FOUND
solution score : 587

	#choice: 10843
	#fail: 5228
	execution time (ms): 3822
	#sols : 52
	completed : false

NEW SOLUTION FOUND
solution score : 589

	#choice: 11155
	#fail: 5378
	execution time (ms): 3880
	#sols : 53
	completed : false

NEW SOLUTION FOUND
solution score : 591

	#choice: 11490
	#fail: 5544
	execution time (ms): 3946
	#sols : 54
	completed : false

NEW SOLUTION FOUND
solution score : 593

	#choice: 11829
	#fail: 5720
	execution time (ms): 4004
	#sols : 55
	completed : false

NEW SOLUTION FOUND
solution score : 595

	#choice: 12155
	#fail: 5881
	execution time (ms): 4061
	#sols : 56
	completed : false

NEW SOLUTION FOUND
solution score : 597

	#choice: 12492
	#fail: 6047
	execution time (ms): 4119
	#sols : 57
	completed : false

NEW SOLUTION FOUND
solution score : 599

	#choice: 12835
	#fail: 6222
	execution time (ms): 4180
	#sols : 58
	completed : false

NEW SOLUTION FOUND
solution score : 600

	#choice: 13168
	#fail: 6387
	execution time (ms): 4238
	#sols : 59
	completed : false

NEW SOLUTION FOUND
solution score : 602

	#choice: 13496
	#fail: 6553
	execution time (ms): 4293
	#sols : 60
	completed : false

NEW SOLUTION FOUND
solution score : 604

	#choice: 13855
	#fail: 6733
	execution time (ms): 4367
	#sols : 61
	completed : false

NEW SOLUTION FOUND
solution score : 605

	#choice: 14224
	#fail: 6917
	execution time (ms): 4431
	#sols : 62
	completed : false

NEW SOLUTION FOUND
solution score : 607

	#choice: 14613
	#fail: 7115
	execution time (ms): 4505
	#sols : 63
	completed : false

NEW SOLUTION FOUND
solution score : 608

	#choice: 15074
	#fail: 7350
	execution time (ms): 4627
	#sols : 64
	completed : false

NEW SOLUTION FOUND
solution score : 610

	#choice: 15439
	#fail: 7531
	execution time (ms): 4700
	#sols : 65
	completed : false

NEW SOLUTION FOUND
solution score : 612

	#choice: 15820
	#fail: 7717
	execution time (ms): 4769
	#sols : 66
	completed : false

NEW SOLUTION FOUND
solution score : 614

	#choice: 16208
	#fail: 7914
	execution time (ms): 4840
	#sols : 67
	completed : false

NEW SOLUTION FOUND
solution score : 615

	#choice: 16599
	#fail: 8107
	execution time (ms): 4912
	#sols : 68
	completed : false

NEW SOLUTION FOUND
solution score : 617

	#choice: 16997
	#fail: 8304
	execution time (ms): 4982
	#sols : 69
	completed : false

NEW SOLUTION FOUND
solution score : 619

	#choice: 17391
	#fail: 8504
	execution time (ms): 5069
	#sols : 70
	completed : false

NEW SOLUTION FOUND
solution score : 620

	#choice: 17774
	#fail: 8699
	execution time (ms): 5141
	#sols : 71
	completed : false

NEW SOLUTION FOUND
solution score : 622

	#choice: 18175
	#fail: 8894
	execution time (ms): 5217
	#sols : 72
	completed : false

NEW SOLUTION FOUND
solution score : 623

	#choice: 18610
	#fail: 9112
	execution time (ms): 5302
	#sols : 73
	completed : false

NEW SOLUTION FOUND
solution score : 624

	#choice: 19054
	#fail: 9335
	execution time (ms): 5388
	#sols : 74
	completed : false

NEW SOLUTION FOUND
solution score : 625

	#choice: 19477
	#fail: 9551
	execution time (ms): 5466
	#sols : 75
	completed : false

NEW SOLUTION FOUND
solution score : 626

	#choice: 19931
	#fail: 9771
	execution time (ms): 5560
	#sols : 76
	completed : false

NEW SOLUTION FOUND
solution score : 627

	#choice: 20372
	#fail: 9988
	execution time (ms): 5634
	#sols : 77
	completed : false

NEW SOLUTION FOUND
solution score : 628

	#choice: 20814
	#fail: 10213
	execution time (ms): 5711
	#sols : 78
	completed : false

NEW SOLUTION FOUND
solution score : 629

	#choice: 21271
	#fail: 10444
	execution time (ms): 5802
	#sols : 79
	completed : false

NEW SOLUTION FOUND
solution score : 630

	#choice: 21687
	#fail: 10657
	execution time (ms): 5879
	#sols : 80
	completed : false

NEW SOLUTION FOUND
solution score : 631

	#choice: 22115
	#fail: 10867
	execution time (ms): 6037
	#sols : 81
	completed : false

NEW SOLUTION FOUND
solution score : 632

	#choice: 22545
	#fail: 11077
	execution time (ms): 6116
	#sols : 82
	completed : false

NEW SOLUTION FOUND
solution score : 633

	#choice: 22969
	#fail: 11295
	execution time (ms): 6192
	#sols : 83
	completed : false

NEW SOLUTION FOUND
solution score : 634

	#choice: 23381
	#fail: 11502
	execution time (ms): 6269
	#sols : 84
	completed : false

NEW SOLUTION FOUND
solution score : 635

	#choice: 23804
	#fail: 11707
	execution time (ms): 6345
	#sols : 85
	completed : false

NEW SOLUTION FOUND
solution score : 636

	#choice: 24475
	#fail: 12042
	execution time (ms): 6507
	#sols : 86
	completed : false

NEW SOLUTION FOUND
solution score : 637

	#choice: 24987
	#fail: 12302
	execution time (ms): 6630
	#sols : 87
	completed : false

NEW SOLUTION FOUND
solution score : 638

	#choice: 25413
	#fail: 12516
	execution time (ms): 6705
	#sols : 88
	completed : false

NEW SOLUTION FOUND
solution score : 639

	#choice: 25829
	#fail: 12727
	execution time (ms): 6782
	#sols : 89
	completed : false

NEW SOLUTION FOUND
solution score : 640

	#choice: 26255
	#fail: 12936
	execution time (ms): 6860
	#sols : 90
	completed : false

NEW SOLUTION FOUND
solution score : 641

	#choice: 26733
	#fail: 13176
	execution time (ms): 6966
	#sols : 91
	completed : false

NEW SOLUTION FOUND
solution score : 642

	#choice: 27355
	#fail: 13480
	execution time (ms): 7228
	#sols : 92
	completed : false

NEW SOLUTION FOUND
solution score : 643

	#choice: 27991
	#fail: 13803
	execution time (ms): 7487
	#sols : 93
	completed : false

NEW SOLUTION FOUND
solution score : 644

	#choice: 28609
	#fail: 14112
	execution time (ms): 7651
	#sols : 94
	completed : false

NEW SOLUTION FOUND
solution score : 645

	#choice: 30176
	#fail: 14905
	execution time (ms): 8235
	#sols : 95
	completed : false

NEW SOLUTION FOUND
solution score : 646

	#choice: 30776
	#fail: 15200
	execution time (ms): 8363
	#sols : 96
	completed : false

NEW SOLUTION FOUND
solution score : 647

	#choice: 31384
	#fail: 15502
	execution time (ms): 8487
	#sols : 97
	completed : false

NEW SOLUTION FOUND
solution score : 648

	#choice: 31996
	#fail: 15808
	execution time (ms): 8654
	#sols : 98
	completed : false

NEW SOLUTION FOUND
solution score : 649

	#choice: 32625
	#fail: 16123
	execution time (ms): 8837
	#sols : 99
	completed : false

NEW SOLUTION FOUND
solution score : 650

	#choice: 33236
	#fail: 16425
	execution time (ms): 8959
	#sols : 100
	completed : false

NEW SOLUTION FOUND
solution score : 651

	#choice: 33867
	#fail: 16745
	execution time (ms): 9093
	#sols : 101
	completed : false

NEW SOLUTION FOUND
solution score : 652

	#choice: 34487
	#fail: 17045
	execution time (ms): 9215
	#sols : 102
	completed : false

NEW SOLUTION FOUND
solution score : 653

	#choice: 35152
	#fail: 17382
	execution time (ms): 9357
	#sols : 103
	completed : false

NEW SOLUTION FOUND
solution score : 654

	#choice: 35785
	#fail: 17698
	execution time (ms): 9484
	#sols : 104
	completed : false

NEW SOLUTION FOUND
solution score : 655

	#choice: 36397
	#fail: 18013
	execution time (ms): 9606
	#sols : 105
	completed : false

NEW SOLUTION FOUND
solution score : 656

	#choice: 37008
	#fail: 18312
	execution time (ms): 9731
	#sols : 106
	completed : false

NEW SOLUTION FOUND
solution score : 657

	#choice: 37639
	#fail: 18622
	execution time (ms): 9858
	#sols : 107
	completed : false

NEW SOLUTION FOUND
solution score : 658

	#choice: 38274
	#fail: 18943
	execution time (ms): 9981
	#sols : 108
	completed : false

NEW SOLUTION FOUND
solution score : 659

	#choice: 38901
	#fail: 19258
	execution time (ms): 10186
	#sols : 109
	completed : false

NEW SOLUTION FOUND
solution score : 660

	#choice: 39513
	#fail: 19568
	execution time (ms): 10307
	#sols : 110
	completed : false

NEW SOLUTION FOUND
solution score : 661

	#choice: 40131
	#fail: 19870
	execution time (ms): 10430
	#sols : 111
	completed : false

NEW SOLUTION FOUND
solution score : 662

	#choice: 40777
	#fail: 20197
	execution time (ms): 10561
	#sols : 112
	completed : false

NEW SOLUTION FOUND
solution score : 663

	#choice: 41404
	#fail: 20514
	execution time (ms): 10689
	#sols : 113
	completed : false

NEW SOLUTION FOUND
solution score : 664

	#choice: 42035
	#fail: 20825
	execution time (ms): 10952
	#sols : 114
	completed : false

NEW SOLUTION FOUND
solution score : 665

	#choice: 42696
	#fail: 21148
	execution time (ms): 11094
	#sols : 115
	completed : false

NEW SOLUTION FOUND
solution score : 666

	#choice: 43361
	#fail: 21484
	execution time (ms): 11226
	#sols : 116
	completed : false

NEW SOLUTION FOUND
solution score : 667

	#choice: 44013
	#fail: 21814
	execution time (ms): 11360
	#sols : 117
	completed : false

NEW SOLUTION FOUND
solution score : 668

	#choice: 44659
	#fail: 22134
	execution time (ms): 11490
	#sols : 118
	completed : false

NEW SOLUTION FOUND
solution score : 669

	#choice: 45351
	#fail: 22481
	execution time (ms): 11643
	#sols : 119
	completed : false

NEW SOLUTION FOUND
solution score : 670

	#choice: 46088
	#fail: 22848
	execution time (ms): 11816
	#sols : 120
	completed : false

NEW SOLUTION FOUND
solution score : 671

	#choice: 46729
	#fail: 23174
	execution time (ms): 11942
	#sols : 121
	completed : false

NEW SOLUTION FOUND
solution score : 672

	#choice: 47356
	#fail: 23491
	execution time (ms): 12072
	#sols : 122
	completed : false

NEW SOLUTION FOUND
solution score : 673

	#choice: 47983
	#fail: 23800
	execution time (ms): 12201
	#sols : 123
	completed : false

NEW SOLUTION FOUND
solution score : 674

	#choice: 48674
	#fail: 24145
	execution time (ms): 12359
	#sols : 124
	completed : false

NEW SOLUTION FOUND
solution score : 675

	#choice: 49314
	#fail: 24465
	execution time (ms): 12488
	#sols : 125
	completed : false

NEW SOLUTION FOUND
solution score : 676

	#choice: 49951
	#fail: 24789
	execution time (ms): 12619
	#sols : 126
	completed : false

NEW SOLUTION FOUND
solution score : 677

	#choice: 50573
	#fail: 25097
	execution time (ms): 12745
	#sols : 127
	completed : false

NEW SOLUTION FOUND
solution score : 678

	#choice: 51210
	#fail: 25411
	execution time (ms): 12875
	#sols : 128
	completed : false

NEW SOLUTION FOUND
solution score : 679

	#choice: 51855
	#fail: 25737
	execution time (ms): 13004
	#sols : 129
	completed : false

NEW SOLUTION FOUND
solution score : 680

	#choice: 52490
	#fail: 26053
	execution time (ms): 13137
	#sols : 130
	completed : false

NEW SOLUTION FOUND
solution score : 681

	#choice: 53142
	#fail: 26381
	execution time (ms): 13270
	#sols : 131
	completed : false

NEW SOLUTION FOUND
solution score : 682

	#choice: 53775
	#fail: 26697
	execution time (ms): 13400
	#sols : 132
	completed : false

NEW SOLUTION FOUND
solution score : 683

	#choice: 54404
	#fail: 27013
	execution time (ms): 13528
	#sols : 133
	completed : false

NEW SOLUTION FOUND
solution score : 684

	#choice: 55023
	#fail: 27328
	execution time (ms): 13654
	#sols : 134
	completed : false

NEW SOLUTION FOUND
solution score : 685

	#choice: 55669
	#fail: 27641
	execution time (ms): 13792
	#sols : 135
	completed : false

NEW SOLUTION FOUND
solution score : 686

	#choice: 56323
	#fail: 27974
	execution time (ms): 13924
	#sols : 136
	completed : false

NEW SOLUTION FOUND
solution score : 687

	#choice: 56973
	#fail: 28296
	execution time (ms): 14056
	#sols : 137
	completed : false

NEW SOLUTION FOUND
solution score : 688

	#choice: 57658
	#fail: 28632
	execution time (ms): 14198
	#sols : 138
	completed : false

NEW SOLUTION FOUND
solution score : 689

	#choice: 58382
	#fail: 29002
	execution time (ms): 14363
	#sols : 139
	completed : false

NEW SOLUTION FOUND
solution score : 690

	#choice: 59054
	#fail: 29333
	execution time (ms): 14503
	#sols : 140
	completed : false

NEW SOLUTION FOUND
solution score : 691

	#choice: 59726
	#fail: 29673
	execution time (ms): 14638
	#sols : 141
	completed : false

NEW SOLUTION FOUND
solution score : 692

	#choice: 60389
	#fail: 30006
	execution time (ms): 14774
	#sols : 142
	completed : false

NEW SOLUTION FOUND
solution score : 693

	#choice: 61076
	#fail: 30349
	execution time (ms): 14917
	#sols : 143
	completed : false

NEW SOLUTION FOUND
solution score : 694

	#choice: 61799
	#fail: 30703
	execution time (ms): 15075
	#sols : 144
	completed : false

NEW SOLUTION FOUND
solution score : 695

	#choice: 62557
	#fail: 31088
	execution time (ms): 15244
	#sols : 145
	completed : false

NEW SOLUTION FOUND
solution score : 696

	#choice: 63294
	#fail: 31454
	execution time (ms): 15402
	#sols : 146
	completed : false

NEW SOLUTION FOUND
solution score : 697

	#choice: 64024
	#fail: 31814
	execution time (ms): 15556
	#sols : 147
	completed : false

NEW SOLUTION FOUND
solution score : 698

	#choice: 64779
	#fail: 32201
	execution time (ms): 15724
	#sols : 148
	completed : false

NEW SOLUTION FOUND
solution score : 699

	#choice: 65473
	#fail: 32552
	execution time (ms): 15871
	#sols : 149
	completed : false

NEW SOLUTION FOUND
solution score : 700

	#choice: 66172
	#fail: 32896
	execution time (ms): 16019
	#sols : 150
	completed : false

NEW SOLUTION FOUND
solution score : 701

	#choice: 66889
	#fail: 33253
	execution time (ms): 16172
	#sols : 151
	completed : false

NEW SOLUTION FOUND
solution score : 702

	#choice: 67609
	#fail: 33613
	execution time (ms): 16322
	#sols : 152
	completed : false

NEW SOLUTION FOUND
solution score : 703

	#choice: 68322
	#fail: 33972
	execution time (ms): 16477
	#sols : 153
	completed : false

NEW SOLUTION FOUND
solution score : 704

	#choice: 69039
	#fail: 34325
	execution time (ms): 16626
	#sols : 154
	completed : false

NEW SOLUTION FOUND
solution score : 705

	#choice: 69854
	#fail: 34741
	execution time (ms): 16833
	#sols : 155
	completed : false

NEW SOLUTION FOUND
solution score : 706

	#choice: 70565
	#fail: 35091
	execution time (ms): 16988
	#sols : 156
	completed : false

NEW SOLUTION FOUND
solution score : 707

	#choice: 71285
	#fail: 35456
	execution time (ms): 17141
	#sols : 157
	completed : false

NEW SOLUTION FOUND
solution score : 708

	#choice: 72025
	#fail: 35819
	execution time (ms): 17303
	#sols : 158
	completed : false

NEW SOLUTION FOUND
solution score : 709

	#choice: 72794
	#fail: 36208
	execution time (ms): 17481
	#sols : 159
	completed : false

NEW SOLUTION FOUND
solution score : 710

	#choice: 73500
	#fail: 36559
	execution time (ms): 17631
	#sols : 160
	completed : false

NEW SOLUTION FOUND
solution score : 711

	#choice: 74206
	#fail: 36915
	execution time (ms): 17779
	#sols : 161
	completed : false

NEW SOLUTION FOUND
solution score : 712

	#choice: 74987
	#fail: 37304
	execution time (ms): 17983
	#sols : 162
	completed : false

NEW SOLUTION FOUND
solution score : 713

	#choice: 75703
	#fail: 37656
	execution time (ms): 18131
	#sols : 163
	completed : false

NEW SOLUTION FOUND
solution score : 714

	#choice: 76430
	#fail: 38021
	execution time (ms): 18280
	#sols : 164
	completed : false

NEW SOLUTION FOUND
solution score : 715

	#choice: 77186
	#fail: 38400
	execution time (ms): 18441
	#sols : 165
	completed : false

NEW SOLUTION FOUND
solution score : 716

	#choice: 77975
	#fail: 38799
	execution time (ms): 18618
	#sols : 166
	completed : false

NEW SOLUTION FOUND
solution score : 717

	#choice: 78678
	#fail: 39153
	execution time (ms): 18766
	#sols : 167
	completed : false

NEW SOLUTION FOUND
solution score : 718

	#choice: 79412
	#fail: 39513
	execution time (ms): 18929
	#sols : 168
	completed : false

NEW SOLUTION FOUND
solution score : 719

	#choice: 80162
	#fail: 39894
	execution time (ms): 19100
	#sols : 169
	completed : false

NEW SOLUTION FOUND
solution score : 720

	#choice: 80891
	#fail: 40250
	execution time (ms): 19254
	#sols : 170
	completed : false

NEW SOLUTION FOUND
solution score : 721

	#choice: 81639
	#fail: 40629
	execution time (ms): 19412
	#sols : 171
	completed : false

NEW SOLUTION FOUND
solution score : 722

	#choice: 83230
	#fail: 41424
	execution time (ms): 20041
	#sols : 172
	completed : false

NEW SOLUTION FOUND
solution score : 723

	#choice: 83954
	#fail: 41789
	execution time (ms): 20194
	#sols : 173
	completed : false

NEW SOLUTION FOUND
solution score : 724

	#choice: 84681
	#fail: 42153
	execution time (ms): 20351
	#sols : 174
	completed : false

NEW SOLUTION FOUND
solution score : 725

	#choice: 85405
	#fail: 42515
	execution time (ms): 20505
	#sols : 175
	completed : false

END OF SEARCH

	#choice: 85780
	#fail: 42891
	execution time (ms): 20506
	#sols : 175
	completed : true

