INFO
n : 30
nbHoles : 600
nbFile : 3
objective : diagonal
search: lds
bp : sum_product
branchingScheme : max_marginal_strength
oracle : true
truncateRate : 0
START SEARCH
NEW SOLUTION FOUND
solution score : 532

	#choice: 486
	#fail: 0
	execution time (ms): 3122
	#sols : 1
	completed : false

NEW SOLUTION FOUND
solution score : 539

	#choice: 497
	#fail: 5
	execution time (ms): 3156
	#sols : 2
	completed : false

NEW SOLUTION FOUND
solution score : 541

	#choice: 514
	#fail: 17
	execution time (ms): 3181
	#sols : 3
	completed : false

NEW SOLUTION FOUND
solution score : 543

	#choice: 547
	#fail: 26
	execution time (ms): 3226
	#sols : 4
	completed : false

NEW SOLUTION FOUND
solution score : 550

	#choice: 567
	#fail: 27
	execution time (ms): 3274
	#sols : 5
	completed : false

NEW SOLUTION FOUND
solution score : 552

	#choice: 600
	#fail: 31
	execution time (ms): 3347
	#sols : 6
	completed : false

NEW SOLUTION FOUND
solution score : 561

	#choice: 633
	#fail: 32
	execution time (ms): 3425
	#sols : 7
	completed : false

NEW SOLUTION FOUND
solution score : 563

	#choice: 686
	#fail: 34
	execution time (ms): 3569
	#sols : 8
	completed : false

NEW SOLUTION FOUND
solution score : 573

	#choice: 705
	#fail: 35
	execution time (ms): 3612
	#sols : 9
	completed : false

NEW SOLUTION FOUND
solution score : 577

	#choice: 767
	#fail: 52
	execution time (ms): 3757
	#sols : 10
	completed : false

NEW SOLUTION FOUND
solution score : 578

	#choice: 804
	#fail: 53
	execution time (ms): 3865
	#sols : 11
	completed : false

NEW SOLUTION FOUND
solution score : 579

	#choice: 905
	#fail: 82
	execution time (ms): 4087
	#sols : 12
	completed : false

NEW SOLUTION FOUND
solution score : 580

	#choice: 997
	#fail: 89
	execution time (ms): 4287
	#sols : 13
	completed : false

NEW SOLUTION FOUND
solution score : 583

	#choice: 1084
	#fail: 90
	execution time (ms): 4431
	#sols : 14
	completed : false

NEW SOLUTION FOUND
solution score : 590

	#choice: 1192
	#fail: 101
	execution time (ms): 4688
	#sols : 15
	completed : false

NEW SOLUTION FOUND
solution score : 591

	#choice: 1281
	#fail: 102
	execution time (ms): 4858
	#sols : 16
	completed : false

NEW SOLUTION FOUND
solution score : 592

	#choice: 1406
	#fail: 118
	execution time (ms): 5097
	#sols : 17
	completed : false

NEW SOLUTION FOUND
solution score : 593

	#choice: 1517
	#fail: 119
	execution time (ms): 5332
	#sols : 18
	completed : false

NEW SOLUTION FOUND
solution score : 601

	#choice: 1633
	#fail: 123
	execution time (ms): 5631
	#sols : 19
	completed : false

NEW SOLUTION FOUND
solution score : 602

	#choice: 1755
	#fail: 124
	execution time (ms): 5914
	#sols : 20
	completed : false

NEW SOLUTION FOUND
solution score : 604

	#choice: 1873
	#fail: 125
	execution time (ms): 6341
	#sols : 21
	completed : false

NEW SOLUTION FOUND
solution score : 613

	#choice: 2033
	#fail: 143
	execution time (ms): 6663
	#sols : 22
	completed : false

NEW SOLUTION FOUND
solution score : 617

	#choice: 2180
	#fail: 144
	execution time (ms): 6974
	#sols : 23
	completed : false

NEW SOLUTION FOUND
solution score : 618

	#choice: 2321
	#fail: 145
	execution time (ms): 7269
	#sols : 24
	completed : false

NEW SOLUTION FOUND
solution score : 619

	#choice: 2495
	#fail: 164
	execution time (ms): 7543
	#sols : 25
	completed : false

NEW SOLUTION FOUND
solution score : 639

	#choice: 2672
	#fail: 172
	execution time (ms): 7972
	#sols : 26
	completed : false

NEW SOLUTION FOUND
solution score : 641

	#choice: 2838
	#fail: 173
	execution time (ms): 8320
	#sols : 27
	completed : false

NEW SOLUTION FOUND
solution score : 642

	#choice: 3001
	#fail: 174
	execution time (ms): 8624
	#sols : 28
	completed : false

NEW SOLUTION FOUND
solution score : 643

	#choice: 3167
	#fail: 175
	execution time (ms): 9006
	#sols : 29
	completed : false

NEW SOLUTION FOUND
solution score : 647

	#choice: 3342
	#fail: 178
	execution time (ms): 9371
	#sols : 30
	completed : false

NEW SOLUTION FOUND
solution score : 648

	#choice: 3509
	#fail: 179
	execution time (ms): 9713
	#sols : 31
	completed : false

NEW SOLUTION FOUND
solution score : 649

	#choice: 3675
	#fail: 180
	execution time (ms): 10052
	#sols : 32
	completed : false

NEW SOLUTION FOUND
solution score : 652

	#choice: 3960
	#fail: 231
	execution time (ms): 10749
	#sols : 33
	completed : false

NEW SOLUTION FOUND
solution score : 664

	#choice: 4383
	#fail: 233
	execution time (ms): 11877
	#sols : 34
	completed : false

NEW SOLUTION FOUND
solution score : 668

	#choice: 4606
	#fail: 234
	execution time (ms): 12302
	#sols : 35
	completed : false

NEW SOLUTION FOUND
solution score : 669

	#choice: 4821
	#fail: 235
	execution time (ms): 12726
	#sols : 36
	completed : false

NEW SOLUTION FOUND
solution score : 670

	#choice: 5090
	#fail: 261
	execution time (ms): 13269
	#sols : 37
	completed : false

NEW SOLUTION FOUND
solution score : 678

	#choice: 5430
	#fail: 302
	execution time (ms): 13848
	#sols : 38
	completed : false

NEW SOLUTION FOUND
solution score : 684

	#choice: 5730
	#fail: 303
	execution time (ms): 14397
	#sols : 39
	completed : false

NEW SOLUTION FOUND
solution score : 686

	#choice: 6027
	#fail: 304
	execution time (ms): 14985
	#sols : 40
	completed : false

NEW SOLUTION FOUND
solution score : 692

	#choice: 6403
	#fail: 338
	execution time (ms): 15642
	#sols : 41
	completed : false

NEW SOLUTION FOUND
solution score : 696

	#choice: 6731
	#fail: 339
	execution time (ms): 16350
	#sols : 42
	completed : false

NEW SOLUTION FOUND
solution score : 698

	#choice: 7054
	#fail: 340
	execution time (ms): 16977
	#sols : 43
	completed : false

NEW SOLUTION FOUND
solution score : 711

	#choice: 7443
	#fail: 361
	execution time (ms): 17814
	#sols : 44
	completed : false

NEW SOLUTION FOUND
solution score : 714

	#choice: 7791
	#fail: 362
	execution time (ms): 18538
	#sols : 45
	completed : false

NEW SOLUTION FOUND
solution score : 718

	#choice: 8245
	#fail: 410
	execution time (ms): 19341
	#sols : 46
	completed : false

NEW SOLUTION FOUND
solution score : 719

	#choice: 8743
	#fail: 412
	execution time (ms): 20342
	#sols : 47
	completed : false

NEW SOLUTION FOUND
solution score : 720

	#choice: 9154
	#fail: 421
	execution time (ms): 21114
	#sols : 48
	completed : false

NEW SOLUTION FOUND
solution score : 723

	#choice: 9586
	#fail: 432
	execution time (ms): 22026
	#sols : 49
	completed : false

NEW SOLUTION FOUND
solution score : 724

	#choice: 9997
	#fail: 433
	execution time (ms): 22838
	#sols : 50
	completed : false

NEW SOLUTION FOUND
solution score : 729

	#choice: 10431
	#fail: 436
	execution time (ms): 23758
	#sols : 51
	completed : false

NEW SOLUTION FOUND
solution score : 732

	#choice: 10859
	#fail: 437
	execution time (ms): 24509
	#sols : 52
	completed : false

NEW SOLUTION FOUND
solution score : 733

	#choice: 11292
	#fail: 445
	execution time (ms): 25252
	#sols : 53
	completed : false

NEW SOLUTION FOUND
solution score : 740

	#choice: 11733
	#fail: 446
	execution time (ms): 26126
	#sols : 54
	completed : false

NEW SOLUTION FOUND
solution score : 743

	#choice: 12188
	#fail: 447
	execution time (ms): 26887
	#sols : 55
	completed : false

NEW SOLUTION FOUND
solution score : 745

	#choice: 12639
	#fail: 452
	execution time (ms): 27685
	#sols : 56
	completed : false

NEW SOLUTION FOUND
solution score : 750

	#choice: 13103
	#fail: 459
	execution time (ms): 28649
	#sols : 57
	completed : false

NEW SOLUTION FOUND
solution score : 751

	#choice: 13996
	#fail: 468
	execution time (ms): 30304
	#sols : 58
	completed : false

NEW SOLUTION FOUND
solution score : 753

	#choice: 14437
	#fail: 469
	execution time (ms): 31131
	#sols : 59
	completed : false

NEW SOLUTION FOUND
solution score : 754

	#choice: 14896
	#fail: 472
	execution time (ms): 32002
	#sols : 60
	completed : false

NEW SOLUTION FOUND
solution score : 758

	#choice: 15375
	#fail: 479
	execution time (ms): 32872
	#sols : 61
	completed : false

NEW SOLUTION FOUND
solution score : 759

	#choice: 15832
	#fail: 486
	execution time (ms): 33850
	#sols : 62
	completed : false

END OF SEARCH

	#choice: 15856
	#fail: 511
	execution time (ms): 33860
	#sols : 62
	completed : true

