objective : diagonal
search: lds
bp : no_bp
branchingScheme : dom_wdeg
oracle : false
truncateRate : 50
START SEARCH
NEW SOLUTION FOUND
solution score : 435

	#choice: 380
	#fail: 1
	execution time (ms): 684
	#sols : 1
	completed : false

NEW SOLUTION FOUND
solution score : 436

	#choice: 1891
	#fail: 370
	execution time (ms): 1758
	#sols : 2
	completed : false

NEW SOLUTION FOUND
solution score : 437

	#choice: 3848
	#fail: 375
	execution time (ms): 2889
	#sols : 3
	completed : false

NEW SOLUTION FOUND
solution score : 438

	#choice: 4646
	#fail: 377
	execution time (ms): 3257
	#sols : 4
	completed : false

NEW SOLUTION FOUND
solution score : 439

	#choice: 5158
	#fail: 606
	execution time (ms): 3383
	#sols : 5
	completed : false

NEW SOLUTION FOUND
solution score : 440

	#choice: 5987
	#fail: 820
	execution time (ms): 3634
	#sols : 6
	completed : false

NEW SOLUTION FOUND
solution score : 441

	#choice: 7193
	#fail: 1005
	execution time (ms): 4024
	#sols : 7
	completed : false

NEW SOLUTION FOUND
solution score : 443

	#choice: 7537
	#fail: 1176
	execution time (ms): 4146
	#sols : 8
	completed : false

NEW SOLUTION FOUND
solution score : 444

	#choice: 7719
	#fail: 1177
	execution time (ms): 4277
	#sols : 9
	completed : false

NEW SOLUTION FOUND
solution score : 445

	#choice: 8875
	#fail: 1183
	execution time (ms): 4898
	#sols : 10
	completed : false

NEW SOLUTION FOUND
solution score : 446

	#choice: 9248
	#fail: 1185
	execution time (ms): 5040
	#sols : 11
	completed : false

NEW SOLUTION FOUND
solution score : 447

	#choice: 11034
	#fail: 1194
	execution time (ms): 5902
	#sols : 12
	completed : false

NEW SOLUTION FOUND
solution score : 448

	#choice: 12052
	#fail: 1217
	execution time (ms): 6285
	#sols : 13
	completed : false

NEW SOLUTION FOUND
solution score : 449

	#choice: 17160
	#fail: 1328
	execution time (ms): 7946
	#sols : 14
	completed : false

NEW SOLUTION FOUND
solution score : 450

	#choice: 17297
	#fail: 1329
	execution time (ms): 7993
	#sols : 15
	completed : false

NEW SOLUTION FOUND
solution score : 452

	#choice: 19960
	#fail: 1348
	execution time (ms): 8868
	#sols : 16
	completed : false

NEW SOLUTION FOUND
solution score : 453

	#choice: 20277
	#fail: 1350
	execution time (ms): 8978
	#sols : 17
	completed : false

NEW SOLUTION FOUND
solution score : 454

	#choice: 21747
	#fail: 1359
	execution time (ms): 9456
	#sols : 18
	completed : false

NEW SOLUTION FOUND
solution score : 455

	#choice: 23248
	#fail: 1368
	execution time (ms): 9985
	#sols : 19
	completed : false

NEW SOLUTION FOUND
solution score : 456

	#choice: 25391
	#fail: 1380
	execution time (ms): 10741
	#sols : 20
	completed : false

NEW SOLUTION FOUND
solution score : 457

	#choice: 26318
	#fail: 1385
	execution time (ms): 11072
	#sols : 21
	completed : false

NEW SOLUTION FOUND
solution score : 458

	#choice: 27693
	#fail: 1395
	execution time (ms): 11552
	#sols : 22
	completed : false

NEW SOLUTION FOUND
solution score : 459

	#choice: 29186
	#fail: 1579
	execution time (ms): 12001
	#sols : 23
	completed : false

NEW SOLUTION FOUND
solution score : 460

	#choice: 29936
	#fail: 1583
	execution time (ms): 12262
	#sols : 24
	completed : false

NEW SOLUTION FOUND
solution score : 461

	#choice: 30520
	#fail: 1586
	execution time (ms): 12468
	#sols : 25
	completed : false

NEW SOLUTION FOUND
solution score : 462

	#choice: 31119
	#fail: 1595
	execution time (ms): 12678
	#sols : 26
	completed : false

NEW SOLUTION FOUND
solution score : 463

	#choice: 31717
	#fail: 1792
	execution time (ms): 12822
	#sols : 27
	completed : false

NEW SOLUTION FOUND
solution score : 464

	#choice: 32307
	#fail: 1985
	execution time (ms): 12964
	#sols : 28
	completed : false

NEW SOLUTION FOUND
solution score : 465

	#choice: 32801
	#fail: 1997
	execution time (ms): 13145
	#sols : 29
	completed : false

NEW SOLUTION FOUND
solution score : 466

	#choice: 33584
	#fail: 2182
	execution time (ms): 13367
	#sols : 30
	completed : false

NEW SOLUTION FOUND
solution score : 467

	#choice: 34387
	#fail: 2383
	execution time (ms): 13593
	#sols : 31
	completed : false

NEW SOLUTION FOUND
solution score : 468

	#choice: 35383
	#fail: 2559
	execution time (ms): 13884
	#sols : 32
	completed : false

NEW SOLUTION FOUND
solution score : 469

	#choice: 36436
	#fail: 2771
	execution time (ms): 14180
	#sols : 33
	completed : false

NEW SOLUTION FOUND
solution score : 470

	#choice: 36875
	#fail: 2775
	execution time (ms): 14337
	#sols : 34
	completed : false

NEW SOLUTION FOUND
solution score : 471

	#choice: 39861
	#fail: 3040
	execution time (ms): 15288
	#sols : 35
	completed : false

NEW SOLUTION FOUND
solution score : 472

	#choice: 40440
	#fail: 3196
	execution time (ms): 15442
	#sols : 36
	completed : false

NEW SOLUTION FOUND
solution score : 473

	#choice: 41275
	#fail: 3405
	execution time (ms): 15664
	#sols : 37
	completed : false

NEW SOLUTION FOUND
solution score : 474

	#choice: 42197
	#fail: 3641
	execution time (ms): 15929
	#sols : 38
	completed : false

NEW SOLUTION FOUND
solution score : 475

	#choice: 43249
	#fail: 3832
	execution time (ms): 16237
	#sols : 39
	completed : false

NEW SOLUTION FOUND
solution score : 476

	#choice: 44504
	#fail: 4049
	execution time (ms): 16610
	#sols : 40
	completed : false

NEW SOLUTION FOUND
solution score : 477

	#choice: 45544
	#fail: 4256
	execution time (ms): 16915
	#sols : 41
	completed : false

NEW SOLUTION FOUND
solution score : 478

	#choice: 47222
	#fail: 4503
	execution time (ms): 17428
	#sols : 42
	completed : false

NEW SOLUTION FOUND
solution score : 479

	#choice: 48407
	#fail: 4693
	execution time (ms): 17791
	#sols : 43
	completed : false

NEW SOLUTION FOUND
solution score : 480

	#choice: 49368
	#fail: 4891
	execution time (ms): 18079
	#sols : 44
	completed : false

NEW SOLUTION FOUND
solution score : 481

	#choice: 50220
	#fail: 5102
	execution time (ms): 18310
	#sols : 45
	completed : false

NEW SOLUTION FOUND
solution score : 482

	#choice: 50443
	#fail: 5103
	execution time (ms): 18390
	#sols : 46
	completed : false

NEW SOLUTION FOUND
solution score : 483

	#choice: 51293
	#fail: 5326
	execution time (ms): 18623
	#sols : 47
	completed : false

NEW SOLUTION FOUND
solution score : 484

	#choice: 52221
	#fail: 5554
	execution time (ms): 18886
	#sols : 48
	completed : false

NEW SOLUTION FOUND
solution score : 486

	#choice: 53097
	#fail: 5763
	execution time (ms): 19161
	#sols : 49
	completed : false

NEW SOLUTION FOUND
solution score : 487

	#choice: 53757
	#fail: 5974
	execution time (ms): 19326
	#sols : 50
	completed : false

NEW SOLUTION FOUND
solution score : 488

	#choice: 54210
	#fail: 6199
	execution time (ms): 19412
	#sols : 51
	completed : false

NEW SOLUTION FOUND
solution score : 490

	#choice: 54664
	#fail: 6425
	execution time (ms): 19497
	#sols : 52
	completed : false

NEW SOLUTION FOUND
solution score : 491

	#choice: 55408
	#fail: 6438
	execution time (ms): 19776
	#sols : 53
	completed : false

NEW SOLUTION FOUND
solution score : 492

	#choice: 56575
	#fail: 6655
	execution time (ms): 20131
	#sols : 54
	completed : false

NEW SOLUTION FOUND
solution score : 493

	#choice: 57258
	#fail: 6879
	execution time (ms): 20306
	#sols : 55
	completed : false

NEW SOLUTION FOUND
solution score : 494

	#choice: 57504
	#fail: 6883
	execution time (ms): 20397
	#sols : 56
	completed : false

NEW SOLUTION FOUND
solution score : 496

	#choice: 58196
	#fail: 7110
	execution time (ms): 20566
	#sols : 57
	completed : false

NEW SOLUTION FOUND
solution score : 497

	#choice: 58691
	#fail: 7119
	execution time (ms): 20752
	#sols : 58
	completed : false

NEW SOLUTION FOUND
solution score : 498

	#choice: 59633
	#fail: 7352
	execution time (ms): 21008
	#sols : 59
	completed : false

NEW SOLUTION FOUND
solution score : 499

	#choice: 60627
	#fail: 7605
	execution time (ms): 21281
	#sols : 60
	completed : false

NEW SOLUTION FOUND
solution score : 500

	#choice: 61676
	#fail: 7852
	execution time (ms): 21588
	#sols : 61
	completed : false

NEW SOLUTION FOUND
solution score : 501

	#choice: 62373
	#fail: 8076
	execution time (ms): 21765
	#sols : 62
	completed : false

NEW SOLUTION FOUND
solution score : 502

	#choice: 63487
	#fail: 8339
	execution time (ms): 22106
	#sols : 63
	completed : false

NEW SOLUTION FOUND
solution score : 503

	#choice: 64677
	#fail: 8574
	execution time (ms): 22471
	#sols : 64
	completed : false

NEW SOLUTION FOUND
solution score : 505

	#choice: 65630
	#fail: 8798
	execution time (ms): 22740
	#sols : 65
	completed : false

NEW SOLUTION FOUND
solution score : 506

	#choice: 65889
	#fail: 8804
	execution time (ms): 22839
	#sols : 66
	completed : false

NEW SOLUTION FOUND
solution score : 507

	#choice: 66603
	#fail: 9042
	execution time (ms): 23017
	#sols : 67
	completed : false

NEW SOLUTION FOUND
solution score : 508

	#choice: 66969
	#fail: 9054
	execution time (ms): 23160
	#sols : 68
	completed : false

NEW SOLUTION FOUND
solution score : 510

	#choice: 68018
	#fail: 9296
	execution time (ms): 23471
	#sols : 69
	completed : false

NEW SOLUTION FOUND
solution score : 511

	#choice: 68494
	#fail: 9526
	execution time (ms): 23562
	#sols : 70
	completed : false

NEW SOLUTION FOUND
solution score : 512

	#choice: 68831
	#fail: 9573
	execution time (ms): 23681
	#sols : 71
	completed : false

NEW SOLUTION FOUND
solution score : 513

	#choice: 70566
	#fail: 9885
	execution time (ms): 24248
	#sols : 72
	completed : false

NEW SOLUTION FOUND
solution score : 514

	#choice: 71116
	#fail: 10140
	execution time (ms): 24363
	#sols : 73
	completed : false

NEW SOLUTION FOUND
solution score : 515

	#choice: 72250
	#fail: 10173
	execution time (ms): 25041
	#sols : 74
	completed : false

NEW SOLUTION FOUND
solution score : 516

	#choice: 74259
	#fail: 10430
	execution time (ms): 25737
	#sols : 75
	completed : false

NEW SOLUTION FOUND
solution score : 517

	#choice: 76610
	#fail: 10727
	execution time (ms): 26545
	#sols : 76
	completed : false

NEW SOLUTION FOUND
solution score : 518

	#choice: 77495
	#fail: 11031
	execution time (ms): 26778
	#sols : 77
	completed : false

NEW SOLUTION FOUND
solution score : 519

	#choice: 78609
	#fail: 11039
	execution time (ms): 27215
	#sols : 78
	completed : false

NEW SOLUTION FOUND
solution score : 520

	#choice: 79193
	#fail: 11337
	execution time (ms): 27333
	#sols : 79
	completed : false

NEW SOLUTION FOUND
solution score : 521

	#choice: 79797
	#fail: 11341
	execution time (ms): 27570
	#sols : 80
	completed : false

NEW SOLUTION FOUND
solution score : 522

	#choice: 80988
	#fail: 11646
	execution time (ms): 27922
	#sols : 81
	completed : false

NEW SOLUTION FOUND
solution score : 523

	#choice: 81876
	#fail: 11948
	execution time (ms): 28164
	#sols : 82
	completed : false

NEW SOLUTION FOUND
solution score : 524

	#choice: 82751
	#fail: 12238
	execution time (ms): 28398
	#sols : 83
	completed : false

NEW SOLUTION FOUND
solution score : 525

	#choice: 83373
	#fail: 12243
	execution time (ms): 28645
	#sols : 84
	completed : false

NEW SOLUTION FOUND
solution score : 526

	#choice: 84301
	#fail: 12543
	execution time (ms): 28899
	#sols : 85
	completed : false

NEW SOLUTION FOUND
solution score : 527

	#choice: 85790
	#fail: 12842
	execution time (ms): 29380
	#sols : 86
	completed : false

NEW SOLUTION FOUND
solution score : 528

	#choice: 87325
	#fail: 13147
	execution time (ms): 29876
	#sols : 87
	completed : false

NEW SOLUTION FOUND
solution score : 529

	#choice: 88837
	#fail: 13441
	execution time (ms): 30357
	#sols : 88
	completed : false

NEW SOLUTION FOUND
solution score : 530

	#choice: 89531
	#fail: 13470
	execution time (ms): 30618
	#sols : 89
	completed : false

NEW SOLUTION FOUND
solution score : 531

	#choice: 90394
	#fail: 13735
	execution time (ms): 30863
	#sols : 90
	completed : false

NEW SOLUTION FOUND
solution score : 532

	#choice: 91660
	#fail: 13778
	execution time (ms): 31365
	#sols : 91
	completed : false

NEW SOLUTION FOUND
solution score : 533

	#choice: 93940
	#fail: 14029
	execution time (ms): 32144
	#sols : 92
	completed : false

NEW SOLUTION FOUND
solution score : 534

	#choice: 97557
	#fail: 14041
	execution time (ms): 33578
	#sols : 93
	completed : false

NEW SOLUTION FOUND
solution score : 535

	#choice: 97862
	#fail: 14043
	execution time (ms): 33706
	#sols : 94
	completed : false

NEW SOLUTION FOUND
solution score : 536

	#choice: 99675
	#fail: 14343
	execution time (ms): 34314
	#sols : 95
	completed : false

NEW SOLUTION FOUND
solution score : 537

	#choice: 101538
	#fail: 14657
	execution time (ms): 34940
	#sols : 96
	completed : false

NEW SOLUTION FOUND
solution score : 538

	#choice: 102988
	#fail: 14955
	execution time (ms): 35405
	#sols : 97
	completed : false

NEW SOLUTION FOUND
solution score : 539

	#choice: 103888
	#fail: 14958
	execution time (ms): 35763
	#sols : 98
	completed : false

NEW SOLUTION FOUND
solution score : 540

	#choice: 104507
	#fail: 14960
	execution time (ms): 36004
	#sols : 99
	completed : false

NEW SOLUTION FOUND
solution score : 541

	#choice: 104803
	#fail: 14961
	execution time (ms): 36126
	#sols : 100
	completed : false

NEW SOLUTION FOUND
solution score : 542

	#choice: 107579
	#fail: 14975
	execution time (ms): 37242
	#sols : 101
	completed : false

NEW SOLUTION FOUND
solution score : 543

	#choice: 108517
	#fail: 15273
	execution time (ms): 37491
	#sols : 102
	completed : false

NEW SOLUTION FOUND
solution score : 544

	#choice: 108840
	#fail: 15275
	execution time (ms): 37622
	#sols : 103
	completed : false

NEW SOLUTION FOUND
solution score : 545

	#choice: 110388
	#fail: 15595
	execution time (ms): 38120
	#sols : 104
	completed : false

NEW SOLUTION FOUND
solution score : 546

	#choice: 112265
	#fail: 15910
	execution time (ms): 38757
	#sols : 105
	completed : false

NEW SOLUTION FOUND
solution score : 547

	#choice: 113471
	#fail: 16233
	execution time (ms): 39122
	#sols : 106
	completed : false

NEW SOLUTION FOUND
solution score : 548

	#choice: 114808
	#fail: 16574
	execution time (ms): 39532
	#sols : 107
	completed : false

NEW SOLUTION FOUND
solution score : 549

	#choice: 115434
	#fail: 16880
	execution time (ms): 39664
	#sols : 108
	completed : false

NEW SOLUTION FOUND
solution score : 550

	#choice: 115751
	#fail: 16884
	execution time (ms): 39798
	#sols : 109
	completed : false

NEW SOLUTION FOUND
solution score : 551

	#choice: 116666
	#fail: 17183
	execution time (ms): 40058
	#sols : 110
	completed : false

NEW SOLUTION FOUND
solution score : 552

	#choice: 118213
	#fail: 17490
	execution time (ms): 40580
	#sols : 111
	completed : false

NEW SOLUTION FOUND
solution score : 553

	#choice: 119468
	#fail: 17800
	execution time (ms): 40972
	#sols : 112
	completed : false

NEW SOLUTION FOUND
solution score : 554

	#choice: 119779
	#fail: 17802
	execution time (ms): 41105
	#sols : 113
	completed : false

NEW SOLUTION FOUND
solution score : 555

	#choice: 121358
	#fail: 18114
	execution time (ms): 41632
	#sols : 114
	completed : false

NEW SOLUTION FOUND
solution score : 556

	#choice: 122628
	#fail: 18424
	execution time (ms): 42020
	#sols : 115
	completed : false

NEW SOLUTION FOUND
solution score : 557

	#choice: 123884
	#fail: 18750
	execution time (ms): 42412
	#sols : 116
	completed : false

NEW SOLUTION FOUND
solution score : 558

	#choice: 124845
	#fail: 19072
	execution time (ms): 42675
	#sols : 117
	completed : false

NEW SOLUTION FOUND
solution score : 559

	#choice: 126135
	#fail: 19395
	execution time (ms): 43079
	#sols : 118
	completed : false

NEW SOLUTION FOUND
solution score : 560

	#choice: 127158
	#fail: 19733
	execution time (ms): 43371
	#sols : 119
	completed : false

NEW SOLUTION FOUND
solution score : 561

	#choice: 128118
	#fail: 20053
	execution time (ms): 43641
	#sols : 120
	completed : false

NEW SOLUTION FOUND
solution score : 562

	#choice: 128744
	#fail: 20361
	execution time (ms): 43780
	#sols : 121
	completed : false

NEW SOLUTION FOUND
solution score : 563

	#choice: 129790
	#fail: 20619
	execution time (ms): 44089
	#sols : 122
	completed : false

NEW SOLUTION FOUND
solution score : 564

	#choice: 130334
	#fail: 20621
	execution time (ms): 44302
	#sols : 123
	completed : false

NEW SOLUTION FOUND
solution score : 565

	#choice: 130604
	#fail: 20622
	execution time (ms): 44409
	#sols : 124
	completed : false

NEW SOLUTION FOUND
solution score : 566

	#choice: 132250
	#fail: 20628
	execution time (ms): 45053
	#sols : 125
	completed : false

NEW SOLUTION FOUND
solution score : 567

	#choice: 132785
	#fail: 20630
	execution time (ms): 45269
	#sols : 126
	completed : false

NEW SOLUTION FOUND
solution score : 568

	#choice: 134991
	#fail: 20638
	execution time (ms): 46143
	#sols : 127
	completed : false

NEW SOLUTION FOUND
solution score : 569

	#choice: 136913
	#fail: 20645
	execution time (ms): 46909
	#sols : 128
	completed : false

NEW SOLUTION FOUND
solution score : 570

	#choice: 141967
	#fail: 20662
	execution time (ms): 48962
	#sols : 129
	completed : false

NEW SOLUTION FOUND
solution score : 571

	#choice: 144409
	#fail: 20670
	execution time (ms): 49974
	#sols : 130
	completed : false

NEW SOLUTION FOUND
solution score : 572

	#choice: 146634
	#fail: 20679
	execution time (ms): 50919
	#sols : 131
	completed : false

NEW SOLUTION FOUND
solution score : 573

	#choice: 148007
	#fail: 21008
	execution time (ms): 51371
	#sols : 132
	completed : false

NEW SOLUTION FOUND
solution score : 574

	#choice: 148946
	#fail: 21316
	execution time (ms): 51645
	#sols : 133
	completed : false

NEW SOLUTION FOUND
solution score : 575

	#choice: 150562
	#fail: 21649
	execution time (ms): 52186
	#sols : 134
	completed : false

NEW SOLUTION FOUND
solution score : 576

	#choice: 150938
	#fail: 21658
	execution time (ms): 52343
	#sols : 135
	completed : false

NEW SOLUTION FOUND
solution score : 577

	#choice: 152558
	#fail: 21980
	execution time (ms): 52890
	#sols : 136
	completed : false

NEW SOLUTION FOUND
solution score : 578

	#choice: 152916
	#fail: 21987
	execution time (ms): 53046
	#sols : 137
	completed : false

NEW SOLUTION FOUND
solution score : 579

	#choice: 154029
	#fail: 22319
	execution time (ms): 53378
	#sols : 138
	completed : false

NEW SOLUTION FOUND
solution score : 580

	#choice: 156316
	#fail: 22627
	execution time (ms): 54208
	#sols : 139
	completed : false

NEW SOLUTION FOUND
solution score : 581

	#choice: 158408
	#fail: 22978
	execution time (ms): 54948
	#sols : 140
	completed : false

NEW SOLUTION FOUND
solution score : 582

	#choice: 159823
	#fail: 23303
	execution time (ms): 55412
	#sols : 141
	completed : false

NEW SOLUTION FOUND
solution score : 583

	#choice: 160813
	#fail: 23624
	execution time (ms): 55692
	#sols : 142
	completed : false

NEW SOLUTION FOUND
solution score : 584

	#choice: 161168
	#fail: 23632
	execution time (ms): 55855
	#sols : 143
	completed : false

NEW SOLUTION FOUND
solution score : 585

	#choice: 162481
	#fail: 23964
	execution time (ms): 56275
	#sols : 144
	completed : false

NEW SOLUTION FOUND
solution score : 586

	#choice: 163482
	#fail: 24293
	execution time (ms): 56559
	#sols : 145
	completed : false

NEW SOLUTION FOUND
solution score : 587

	#choice: 164169
	#fail: 24629
	execution time (ms): 56703
	#sols : 146
	completed : false

NEW SOLUTION FOUND
solution score : 588

	#choice: 164504
	#fail: 24630
	execution time (ms): 56846
	#sols : 147
	completed : false

NEW SOLUTION FOUND
solution score : 589

	#choice: 165537
	#fail: 24972
	execution time (ms): 57137
	#sols : 148
	completed : false

NEW SOLUTION FOUND
solution score : 590

	#choice: 166255
	#fail: 25324
	execution time (ms): 57303
	#sols : 149
	completed : false

NEW SOLUTION FOUND
solution score : 591

	#choice: 166756
	#fail: 25584
	execution time (ms): 57397
	#sols : 150
	completed : false

NEW SOLUTION FOUND
solution score : 592

	#choice: 169047
	#fail: 25593
	execution time (ms): 58280
	#sols : 151
	completed : false

NEW SOLUTION FOUND
solution score : 593

	#choice: 170069
	#fail: 25597
	execution time (ms): 58683
	#sols : 152
	completed : false

NEW SOLUTION FOUND
solution score : 594

	#choice: 171396
	#fail: 25602
	execution time (ms): 59204
	#sols : 153
	completed : false

NEW SOLUTION FOUND
solution score : 595

	#choice: 172221
	#fail: 25605
	execution time (ms): 59525
	#sols : 154
	completed : false

NEW SOLUTION FOUND
solution score : 596

	#choice: 174387
	#fail: 25613
	execution time (ms): 60395
	#sols : 155
	completed : false

NEW SOLUTION FOUND
solution score : 597

	#choice: 176659
	#fail: 25621
	execution time (ms): 61308
	#sols : 156
	completed : false

NEW SOLUTION FOUND
solution score : 598

	#choice: 179844
	#fail: 25632
	execution time (ms): 62584
	#sols : 157
	completed : false

NEW SOLUTION FOUND
solution score : 599

	#choice: 180728
	#fail: 25635
	execution time (ms): 62955
	#sols : 158
	completed : false

NEW SOLUTION FOUND
solution score : 600

	#choice: 181035
	#fail: 25636
	execution time (ms): 63080
	#sols : 159
	completed : false

NEW SOLUTION FOUND
solution score : 601

	#choice: 181331
	#fail: 25637
	execution time (ms): 63204
	#sols : 160
	completed : false

NEW SOLUTION FOUND
solution score : 602

	#choice: 184914
	#fail: 25649
	execution time (ms): 64691
	#sols : 161
	completed : false

NEW SOLUTION FOUND
solution score : 603

	#choice: 185416
	#fail: 25651
	execution time (ms): 64917
	#sols : 162
	completed : false

NEW SOLUTION FOUND
solution score : 604

	#choice: 187319
	#fail: 25657
	execution time (ms): 65716
	#sols : 163
	completed : false

NEW SOLUTION FOUND
solution score : 605

	#choice: 188587
	#fail: 25661
	execution time (ms): 66248
	#sols : 164
	completed : false

NEW SOLUTION FOUND
solution score : 606

	#choice: 188912
	#fail: 25662
	execution time (ms): 66389
	#sols : 165
	completed : false

NEW SOLUTION FOUND
solution score : 607

	#choice: 190239
	#fail: 25666
	execution time (ms): 66948
	#sols : 166
	completed : false

NEW SOLUTION FOUND
solution score : 608

	#choice: 190575
	#fail: 25667
	execution time (ms): 67089
	#sols : 167
	completed : false

NEW SOLUTION FOUND
solution score : 609

	#choice: 196022
	#fail: 25683
	execution time (ms): 69416
	#sols : 168
	completed : false

NEW SOLUTION FOUND
solution score : 610

	#choice: 196700
	#fail: 25685
	execution time (ms): 69717
	#sols : 169
	completed : false

NEW SOLUTION FOUND
solution score : 611

	#choice: 198819
	#fail: 25694
	execution time (ms): 70627
	#sols : 170
	completed : false

NEW SOLUTION FOUND
solution score : 612

	#choice: 199873
	#fail: 26057
	execution time (ms): 70927
	#sols : 171
	completed : false

NEW SOLUTION FOUND
solution score : 613

	#choice: 200348
	#fail: 26067
	execution time (ms): 71115
	#sols : 172
	completed : false

NEW SOLUTION FOUND
solution score : 614

	#choice: 202069
	#fail: 26384
	execution time (ms): 71726
	#sols : 173
	completed : false

NEW SOLUTION FOUND
solution score : 615

	#choice: 203071
	#fail: 26749
	execution time (ms): 72018
	#sols : 174
	completed : false

NEW SOLUTION FOUND
solution score : 616

	#choice: 203472
	#fail: 26758
	execution time (ms): 72198
	#sols : 175
	completed : false

NEW SOLUTION FOUND
solution score : 617

	#choice: 204561
	#fail: 27098
	execution time (ms): 72512
	#sols : 176
	completed : false

NEW SOLUTION FOUND
solution score : 618

	#choice: 205297
	#fail: 27474
	execution time (ms): 72670
	#sols : 177
	completed : false

NEW SOLUTION FOUND
solution score : 619

	#choice: 205668
	#fail: 27476
	execution time (ms): 72824
	#sols : 178
	completed : false

NEW SOLUTION FOUND
solution score : 620

	#choice: 206419
	#fail: 27856
	execution time (ms): 72996
	#sols : 179
	completed : false

NEW SOLUTION FOUND
solution score : 621

	#choice: 207453
	#fail: 28198
	execution time (ms): 73293
	#sols : 180
	completed : false

NEW SOLUTION FOUND
solution score : 622

	#choice: 210297
	#fail: 28206
	execution time (ms): 74514
	#sols : 181
	completed : false

NEW SOLUTION FOUND
solution score : 623

	#choice: 210652
	#fail: 28207
	execution time (ms): 74672
	#sols : 182
	completed : false

NEW SOLUTION FOUND
solution score : 624

	#choice: 215342
	#fail: 28220
	execution time (ms): 76716
	#sols : 183
	completed : false

NEW SOLUTION FOUND
solution score : 625

	#choice: 215723
	#fail: 28221
	execution time (ms): 76882
	#sols : 184
	completed : false

NEW SOLUTION FOUND
solution score : 626

	#choice: 216468
	#fail: 28598
	execution time (ms): 77043
	#sols : 185
	completed : false

NEW SOLUTION FOUND
solution score : 627

	#choice: 217565
	#fail: 28601
	execution time (ms): 77525
	#sols : 186
	completed : false

NEW SOLUTION FOUND
solution score : 628

	#choice: 217955
	#fail: 28606
	execution time (ms): 77697
	#sols : 187
	completed : false

NEW SOLUTION FOUND
solution score : 629

	#choice: 219443
	#fail: 28975
	execution time (ms): 78190
	#sols : 188
	completed : false

NEW SOLUTION FOUND
solution score : 630

	#choice: 220929
	#fail: 29356
	execution time (ms): 78684
	#sols : 189
	completed : false

NEW SOLUTION FOUND
solution score : 631

	#choice: 221666
	#fail: 29721
	execution time (ms): 78851
	#sols : 190
	completed : false

NEW SOLUTION FOUND
solution score : 632

	#choice: 222045
	#fail: 29722
	execution time (ms): 79020
	#sols : 191
	completed : false

NEW SOLUTION FOUND
solution score : 633

	#choice: 223563
	#fail: 30101
	execution time (ms): 79528
	#sols : 192
	completed : false

NEW SOLUTION FOUND
solution score : 634

	#choice: 223998
	#fail: 30321
	execution time (ms): 79605
	#sols : 193
	completed : false

NEW SOLUTION FOUND
solution score : 635

	#choice: 224629
	#fail: 30324
	execution time (ms): 79837
	#sols : 194
	completed : false

NEW SOLUTION FOUND
solution score : 636

	#choice: 226355
	#fail: 30332
	execution time (ms): 80463
	#sols : 195
	completed : false

NEW SOLUTION FOUND
solution score : 637

	#choice: 227014
	#fail: 30335
	execution time (ms): 80704
	#sols : 196
	completed : false

NEW SOLUTION FOUND
solution score : 638

	#choice: 227700
	#fail: 30338
	execution time (ms): 80957
	#sols : 197
	completed : false

NEW SOLUTION FOUND
solution score : 639

	#choice: 229304
	#fail: 30345
	execution time (ms): 81549
	#sols : 198
	completed : false

NEW SOLUTION FOUND
solution score : 640

	#choice: 230255
	#fail: 30349
	execution time (ms): 81903
	#sols : 199
	completed : false

NEW SOLUTION FOUND
solution score : 641

	#choice: 230727
	#fail: 30351
	execution time (ms): 82080
	#sols : 200
	completed : false

NEW SOLUTION FOUND
solution score : 642

	#choice: 230954
	#fail: 30352
	execution time (ms): 82170
	#sols : 201
	completed : false

NEW SOLUTION FOUND
solution score : 643

	#choice: 231193
	#fail: 30353
	execution time (ms): 82262
	#sols : 202
	completed : false

NEW SOLUTION FOUND
solution score : 644

	#choice: 232428
	#fail: 30358
	execution time (ms): 82724
	#sols : 203
	completed : false

NEW SOLUTION FOUND
solution score : 645

	#choice: 232674
	#fail: 30359
	execution time (ms): 82818
	#sols : 204
	completed : false

NEW SOLUTION FOUND
solution score : 646

	#choice: 232917
	#fail: 30360
	execution time (ms): 82912
	#sols : 205
	completed : false

NEW SOLUTION FOUND
solution score : 647

	#choice: 233165
	#fail: 30361
	execution time (ms): 83004
	#sols : 206
	completed : false

NEW SOLUTION FOUND
solution score : 648

	#choice: 233659
	#fail: 30363
	execution time (ms): 83194
	#sols : 207
	completed : false

NEW SOLUTION FOUND
solution score : 649

	#choice: 234674
	#fail: 30367
	execution time (ms): 83583
	#sols : 208
	completed : false

NEW SOLUTION FOUND
solution score : 650

	#choice: 236000
	#fail: 30372
	execution time (ms): 84081
	#sols : 209
	completed : false

NEW SOLUTION FOUND
solution score : 651

	#choice: 239147
	#fail: 30384
	execution time (ms): 85292
	#sols : 210
	completed : false

NEW SOLUTION FOUND
solution score : 652

	#choice: 239696
	#fail: 30386
	execution time (ms): 85508
	#sols : 211
	completed : false

NEW SOLUTION FOUND
solution score : 653

	#choice: 240245
	#fail: 30388
	execution time (ms): 85723
	#sols : 212
	completed : false

NEW SOLUTION FOUND
solution score : 654

	#choice: 242459
	#fail: 30396
	execution time (ms): 86582
	#sols : 213
	completed : false

NEW SOLUTION FOUND
solution score : 655

	#choice: 243036
	#fail: 30398
	execution time (ms): 86809
	#sols : 214
	completed : false

NEW SOLUTION FOUND
solution score : 656

	#choice: 245054
	#fail: 30405
	execution time (ms): 87605
	#sols : 215
	completed : false

NEW SOLUTION FOUND
solution score : 657

	#choice: 245360
	#fail: 30406
	execution time (ms): 87722
	#sols : 216
	completed : false

NEW SOLUTION FOUND
solution score : 658

	#choice: 247166
	#fail: 30412
	execution time (ms): 88454
	#sols : 217
	completed : false

NEW SOLUTION FOUND
solution score : 659

	#choice: 248379
	#fail: 30416
	execution time (ms): 88935
	#sols : 218
	completed : false

NEW SOLUTION FOUND
solution score : 660

	#choice: 248695
	#fail: 30417
	execution time (ms): 89060
	#sols : 219
	completed : false

NEW SOLUTION FOUND
solution score : 661

	#choice: 249301
	#fail: 30419
	execution time (ms): 89307
	#sols : 220
	completed : false

NEW SOLUTION FOUND
solution score : 662

	#choice: 253982
	#fail: 30434
	execution time (ms): 91212
	#sols : 221
	completed : false

NEW SOLUTION FOUND
solution score : 663

	#choice: 254300
	#fail: 30435
	execution time (ms): 91346
	#sols : 222
	completed : false

NEW SOLUTION FOUND
solution score : 664

	#choice: 256900
	#fail: 30443
	execution time (ms): 92441
	#sols : 223
	completed : false

NEW SOLUTION FOUND
solution score : 665

	#choice: 257217
	#fail: 30444
	execution time (ms): 92577
	#sols : 224
	completed : false

NEW SOLUTION FOUND
solution score : 666

	#choice: 258189
	#fail: 30447
	execution time (ms): 92993
	#sols : 225
	completed : false

NEW SOLUTION FOUND
solution score : 667

	#choice: 258871
	#fail: 30449
	execution time (ms): 93277
	#sols : 226
	completed : false

NEW SOLUTION FOUND
solution score : 668

	#choice: 262610
	#fail: 30460
	execution time (ms): 94865
	#sols : 227
	completed : false

NEW SOLUTION FOUND
solution score : 669

	#choice: 265765
	#fail: 30469
	execution time (ms): 96217
	#sols : 228
	completed : false

NEW SOLUTION FOUND
solution score : 670

	#choice: 266115
	#fail: 30470
	execution time (ms): 96370
	#sols : 229
	completed : false

NEW SOLUTION FOUND
solution score : 671

	#choice: 266467
	#fail: 30471
	execution time (ms): 96526
	#sols : 230
	completed : false

NEW SOLUTION FOUND
solution score : 672

	#choice: 267189
	#fail: 30473
	execution time (ms): 96837
	#sols : 231
	completed : false

NEW SOLUTION FOUND
solution score : 673

	#choice: 267937
	#fail: 30475
	execution time (ms): 97152
	#sols : 232
	completed : false

NEW SOLUTION FOUND
solution score : 674

	#choice: 268307
	#fail: 30476
	execution time (ms): 97307
	#sols : 233
	completed : false

END OF SEARCH

	#choice: 268342
	#fail: 30512
	execution time (ms): 97308
	#sols : 233
	completed : true

