INFO
n : 30
nbHoles : 700
nbFile : 1
objective : diagonal
search: dfs
bp : no_bp
branchingScheme : first_fail
oracle : false
truncateRate : 0
START SEARCH
NEW SOLUTION FOUND
solution score : 425

	#choice: 534
	#fail: 0
	execution time (ms): 1312
	#sols : 1
	completed : false

NEW SOLUTION FOUND
solution score : 429

	#choice: 544
	#fail: 8
	execution time (ms): 1325
	#sols : 2
	completed : false

NEW SOLUTION FOUND
solution score : 432

	#choice: 550
	#fail: 11
	execution time (ms): 1328
	#sols : 3
	completed : false

NEW SOLUTION FOUND
solution score : 433

	#choice: 560
	#fail: 16
	execution time (ms): 1345
	#sols : 4
	completed : false

NEW SOLUTION FOUND
solution score : 436

	#choice: 562
	#fail: 17
	execution time (ms): 1346
	#sols : 5
	completed : false

NEW SOLUTION FOUND
solution score : 440

	#choice: 638
	#fail: 52
	execution time (ms): 1410
	#sols : 6
	completed : false

NEW SOLUTION FOUND
solution score : 441

	#choice: 647
	#fail: 58
	execution time (ms): 1419
	#sols : 7
	completed : false

NEW SOLUTION FOUND
solution score : 444

	#choice: 653
	#fail: 62
	execution time (ms): 1469
	#sols : 8
	completed : false

NEW SOLUTION FOUND
solution score : 445

	#choice: 674
	#fail: 72
	execution time (ms): 1480
	#sols : 9
	completed : false

NEW SOLUTION FOUND
solution score : 447

	#choice: 687
	#fail: 77
	execution time (ms): 1530
	#sols : 10
	completed : false

NEW SOLUTION FOUND
solution score : 448

	#choice: 706
	#fail: 87
	execution time (ms): 1539
	#sols : 11
	completed : false

NEW SOLUTION FOUND
solution score : 450

	#choice: 716
	#fail: 94
	execution time (ms): 1586
	#sols : 12
	completed : false

NEW SOLUTION FOUND
solution score : 452

	#choice: 791
	#fail: 136
	execution time (ms): 1603
	#sols : 13
	completed : false

NEW SOLUTION FOUND
solution score : 457

	#choice: 847
	#fail: 158
	execution time (ms): 1671
	#sols : 14
	completed : false

NEW SOLUTION FOUND
solution score : 459

	#choice: 853
	#fail: 162
	execution time (ms): 1676
	#sols : 15
	completed : false

NEW SOLUTION FOUND
solution score : 460

	#choice: 864
	#fail: 165
	execution time (ms): 1680
	#sols : 16
	completed : false

NEW SOLUTION FOUND
solution score : 462

	#choice: 879
	#fail: 174
	execution time (ms): 1716
	#sols : 17
	completed : false

NEW SOLUTION FOUND
solution score : 463

	#choice: 914
	#fail: 190
	execution time (ms): 1723
	#sols : 18
	completed : false

NEW SOLUTION FOUND
solution score : 466

	#choice: 923
	#fail: 195
	execution time (ms): 1727
	#sols : 19
	completed : false

NEW SOLUTION FOUND
solution score : 467

	#choice: 1071
	#fail: 273
	execution time (ms): 1780
	#sols : 20
	completed : false

NEW SOLUTION FOUND
solution score : 469

	#choice: 1202
	#fail: 338
	execution time (ms): 1845
	#sols : 21
	completed : false

NEW SOLUTION FOUND
solution score : 471

	#choice: 1338
	#fail: 406
	execution time (ms): 1879
	#sols : 22
	completed : false

NEW SOLUTION FOUND
solution score : 472

	#choice: 1487
	#fail: 480
	execution time (ms): 1972
	#sols : 23
	completed : false

NEW SOLUTION FOUND
solution score : 473

	#choice: 1636
	#fail: 555
	execution time (ms): 2054
	#sols : 24
	completed : false

NEW SOLUTION FOUND
solution score : 474

	#choice: 1780
	#fail: 627
	execution time (ms): 2125
	#sols : 25
	completed : false

NEW SOLUTION FOUND
solution score : 475

	#choice: 1926
	#fail: 700
	execution time (ms): 2172
	#sols : 26
	completed : false

NEW SOLUTION FOUND
solution score : 476

	#choice: 2073
	#fail: 774
	execution time (ms): 2262
	#sols : 27
	completed : false

NEW SOLUTION FOUND
solution score : 477

	#choice: 2222
	#fail: 849
	execution time (ms): 2336
	#sols : 28
	completed : false

NEW SOLUTION FOUND
solution score : 478

	#choice: 2359
	#fail: 922
	execution time (ms): 2389
	#sols : 29
	completed : false

NEW SOLUTION FOUND
solution score : 479

	#choice: 2496
	#fail: 986
	execution time (ms): 2443
	#sols : 30
	completed : false

NEW SOLUTION FOUND
solution score : 480

	#choice: 2651
	#fail: 1061
	execution time (ms): 2515
	#sols : 31
	completed : false

NEW SOLUTION FOUND
solution score : 481

	#choice: 2826
	#fail: 1148
	execution time (ms): 2619
	#sols : 32
	completed : false

NEW SOLUTION FOUND
solution score : 482

	#choice: 2988
	#fail: 1227
	execution time (ms): 2679
	#sols : 33
	completed : false

NEW SOLUTION FOUND
solution score : 483

	#choice: 3148
	#fail: 1312
	execution time (ms): 2752
	#sols : 34
	completed : false

NEW SOLUTION FOUND
solution score : 484

	#choice: 3292
	#fail: 1386
	execution time (ms): 2786
	#sols : 35
	completed : false

NEW SOLUTION FOUND
solution score : 485

	#choice: 3485
	#fail: 1481
	execution time (ms): 2868
	#sols : 36
	completed : false

NEW SOLUTION FOUND
solution score : 486

	#choice: 3675
	#fail: 1576
	execution time (ms): 2955
	#sols : 37
	completed : false

NEW SOLUTION FOUND
solution score : 487

	#choice: 3868
	#fail: 1672
	execution time (ms): 3036
	#sols : 38
	completed : false

NEW SOLUTION FOUND
solution score : 488

	#choice: 4064
	#fail: 1769
	execution time (ms): 3135
	#sols : 39
	completed : false

NEW SOLUTION FOUND
solution score : 489

	#choice: 4258
	#fail: 1867
	execution time (ms): 3180
	#sols : 40
	completed : false

NEW SOLUTION FOUND
solution score : 490

	#choice: 4442
	#fail: 1964
	execution time (ms): 3281
	#sols : 41
	completed : false

NEW SOLUTION FOUND
solution score : 491

	#choice: 4623
	#fail: 2052
	execution time (ms): 3329
	#sols : 42
	completed : false

NEW SOLUTION FOUND
solution score : 492

	#choice: 4808
	#fail: 2145
	execution time (ms): 3430
	#sols : 43
	completed : false

NEW SOLUTION FOUND
solution score : 493

	#choice: 4984
	#fail: 2236
	execution time (ms): 3486
	#sols : 44
	completed : false

NEW SOLUTION FOUND
solution score : 494

	#choice: 5158
	#fail: 2321
	execution time (ms): 3566
	#sols : 45
	completed : false

NEW SOLUTION FOUND
solution score : 495

	#choice: 5407
	#fail: 2441
	execution time (ms): 3760
	#sols : 46
	completed : false

NEW SOLUTION FOUND
solution score : 496

	#choice: 5602
	#fail: 2540
	execution time (ms): 3845
	#sols : 47
	completed : false

NEW SOLUTION FOUND
solution score : 497

	#choice: 5802
	#fail: 2639
	execution time (ms): 3941
	#sols : 48
	completed : false

NEW SOLUTION FOUND
solution score : 498

	#choice: 6005
	#fail: 2744
	execution time (ms): 4066
	#sols : 49
	completed : false

NEW SOLUTION FOUND
solution score : 499

	#choice: 6195
	#fail: 2837
	execution time (ms): 4121
	#sols : 50
	completed : false

NEW SOLUTION FOUND
solution score : 500

	#choice: 6386
	#fail: 2933
	execution time (ms): 4252
	#sols : 51
	completed : false

NEW SOLUTION FOUND
solution score : 501

	#choice: 6572
	#fail: 3028
	execution time (ms): 4327
	#sols : 52
	completed : false

NEW SOLUTION FOUND
solution score : 502

	#choice: 6763
	#fail: 3119
	execution time (ms): 4412
	#sols : 53
	completed : false

NEW SOLUTION FOUND
solution score : 503

	#choice: 6967
	#fail: 3220
	execution time (ms): 4537
	#sols : 54
	completed : false

NEW SOLUTION FOUND
solution score : 504

	#choice: 7166
	#fail: 3323
	execution time (ms): 4630
	#sols : 55
	completed : false

NEW SOLUTION FOUND
solution score : 505

	#choice: 7360
	#fail: 3422
	execution time (ms): 4704
	#sols : 56
	completed : false

NEW SOLUTION FOUND
solution score : 506

	#choice: 7543
	#fail: 3515
	execution time (ms): 4824
	#sols : 57
	completed : false

NEW SOLUTION FOUND
solution score : 507

	#choice: 7727
	#fail: 3604
	execution time (ms): 4868
	#sols : 58
	completed : false

NEW SOLUTION FOUND
solution score : 508

	#choice: 7917
	#fail: 3701
	execution time (ms): 4967
	#sols : 59
	completed : false

NEW SOLUTION FOUND
solution score : 509

	#choice: 8110
	#fail: 3796
	execution time (ms): 5094
	#sols : 60
	completed : false

NEW SOLUTION FOUND
solution score : 510

	#choice: 8298
	#fail: 3889
	execution time (ms): 5155
	#sols : 61
	completed : false

NEW SOLUTION FOUND
solution score : 511

	#choice: 8494
	#fail: 3986
	execution time (ms): 5218
	#sols : 62
	completed : false

NEW SOLUTION FOUND
solution score : 512

	#choice: 8693
	#fail: 4084
	execution time (ms): 5271
	#sols : 63
	completed : false

NEW SOLUTION FOUND
solution score : 513

	#choice: 8889
	#fail: 4187
	execution time (ms): 5337
	#sols : 64
	completed : false

NEW SOLUTION FOUND
solution score : 514

	#choice: 9084
	#fail: 4280
	execution time (ms): 5404
	#sols : 65
	completed : false

NEW SOLUTION FOUND
solution score : 515

	#choice: 9288
	#fail: 4391
	execution time (ms): 5489
	#sols : 66
	completed : false

NEW SOLUTION FOUND
solution score : 516

	#choice: 9480
	#fail: 4482
	execution time (ms): 5556
	#sols : 67
	completed : false

NEW SOLUTION FOUND
solution score : 517

	#choice: 9711
	#fail: 4598
	execution time (ms): 5665
	#sols : 68
	completed : false

NEW SOLUTION FOUND
solution score : 518

	#choice: 9948
	#fail: 4711
	execution time (ms): 5701
	#sols : 69
	completed : false

NEW SOLUTION FOUND
solution score : 519

	#choice: 10184
	#fail: 4839
	execution time (ms): 5767
	#sols : 70
	completed : false

NEW SOLUTION FOUND
solution score : 520

	#choice: 10406
	#fail: 4944
	execution time (ms): 5824
	#sols : 71
	completed : false

NEW SOLUTION FOUND
solution score : 521

	#choice: 10634
	#fail: 5062
	execution time (ms): 5878
	#sols : 72
	completed : false

NEW SOLUTION FOUND
solution score : 522

	#choice: 10853
	#fail: 5172
	execution time (ms): 5942
	#sols : 73
	completed : false

NEW SOLUTION FOUND
solution score : 523

	#choice: 11096
	#fail: 5292
	execution time (ms): 5982
	#sols : 74
	completed : false

NEW SOLUTION FOUND
solution score : 524

	#choice: 11349
	#fail: 5416
	execution time (ms): 6022
	#sols : 75
	completed : false

NEW SOLUTION FOUND
solution score : 525

	#choice: 11625
	#fail: 5553
	execution time (ms): 6067
	#sols : 76
	completed : false

NEW SOLUTION FOUND
solution score : 526

	#choice: 11910
	#fail: 5694
	execution time (ms): 6115
	#sols : 77
	completed : false

NEW SOLUTION FOUND
solution score : 527

	#choice: 12198
	#fail: 5838
	execution time (ms): 6210
	#sols : 78
	completed : false

NEW SOLUTION FOUND
solution score : 528

	#choice: 12489
	#fail: 5986
	execution time (ms): 6257
	#sols : 79
	completed : false

NEW SOLUTION FOUND
solution score : 529

	#choice: 12776
	#fail: 6125
	execution time (ms): 6339
	#sols : 80
	completed : false

NEW SOLUTION FOUND
solution score : 530

	#choice: 13061
	#fail: 6274
	execution time (ms): 6415
	#sols : 81
	completed : false

NEW SOLUTION FOUND
solution score : 531

	#choice: 13343
	#fail: 6411
	execution time (ms): 6497
	#sols : 82
	completed : false

NEW SOLUTION FOUND
solution score : 532

	#choice: 13628
	#fail: 6554
	execution time (ms): 6557
	#sols : 83
	completed : false

NEW SOLUTION FOUND
solution score : 533

	#choice: 13920
	#fail: 6698
	execution time (ms): 6604
	#sols : 84
	completed : false

NEW SOLUTION FOUND
solution score : 534

	#choice: 14211
	#fail: 6850
	execution time (ms): 6652
	#sols : 85
	completed : false

NEW SOLUTION FOUND
solution score : 535

	#choice: 14477
	#fail: 6987
	execution time (ms): 6697
	#sols : 86
	completed : false

NEW SOLUTION FOUND
solution score : 536

	#choice: 14766
	#fail: 7124
	execution time (ms): 6749
	#sols : 87
	completed : false

NEW SOLUTION FOUND
solution score : 537

	#choice: 15047
	#fail: 7269
	execution time (ms): 6795
	#sols : 88
	completed : false

NEW SOLUTION FOUND
solution score : 538

	#choice: 15333
	#fail: 7413
	execution time (ms): 6842
	#sols : 89
	completed : false

NEW SOLUTION FOUND
solution score : 539

	#choice: 15735
	#fail: 7607
	execution time (ms): 6945
	#sols : 90
	completed : false

NEW SOLUTION FOUND
solution score : 540

	#choice: 16148
	#fail: 7813
	execution time (ms): 7018
	#sols : 91
	completed : false

NEW SOLUTION FOUND
solution score : 541

	#choice: 16545
	#fail: 8019
	execution time (ms): 7136
	#sols : 92
	completed : false

NEW SOLUTION FOUND
solution score : 542

	#choice: 16929
	#fail: 8209
	execution time (ms): 7207
	#sols : 93
	completed : false

NEW SOLUTION FOUND
solution score : 543

	#choice: 17312
	#fail: 8404
	execution time (ms): 7288
	#sols : 94
	completed : false

NEW SOLUTION FOUND
solution score : 544

	#choice: 17693
	#fail: 8590
	execution time (ms): 7360
	#sols : 95
	completed : false

NEW SOLUTION FOUND
solution score : 545

	#choice: 18088
	#fail: 8785
	execution time (ms): 7430
	#sols : 96
	completed : false

NEW SOLUTION FOUND
solution score : 546

	#choice: 18495
	#fail: 8987
	execution time (ms): 7555
	#sols : 97
	completed : false

NEW SOLUTION FOUND
solution score : 547

	#choice: 18892
	#fail: 9190
	execution time (ms): 7625
	#sols : 98
	completed : false

NEW SOLUTION FOUND
solution score : 548

	#choice: 19293
	#fail: 9385
	execution time (ms): 7733
	#sols : 99
	completed : false

NEW SOLUTION FOUND
solution score : 549

	#choice: 19701
	#fail: 9591
	execution time (ms): 7819
	#sols : 100
	completed : false

NEW SOLUTION FOUND
solution score : 550

	#choice: 20094
	#fail: 9794
	execution time (ms): 7890
	#sols : 101
	completed : false

NEW SOLUTION FOUND
solution score : 551

	#choice: 20506
	#fail: 10003
	execution time (ms): 7988
	#sols : 102
	completed : false

NEW SOLUTION FOUND
solution score : 552

	#choice: 20891
	#fail: 10187
	execution time (ms): 8058
	#sols : 103
	completed : false

NEW SOLUTION FOUND
solution score : 553

	#choice: 21296
	#fail: 10390
	execution time (ms): 8170
	#sols : 104
	completed : false

NEW SOLUTION FOUND
solution score : 554

	#choice: 21708
	#fail: 10589
	execution time (ms): 8242
	#sols : 105
	completed : false

NEW SOLUTION FOUND
solution score : 555

	#choice: 22126
	#fail: 10802
	execution time (ms): 8311
	#sols : 106
	completed : false

NEW SOLUTION FOUND
solution score : 556

	#choice: 22529
	#fail: 11008
	execution time (ms): 8409
	#sols : 107
	completed : false

NEW SOLUTION FOUND
solution score : 557

	#choice: 22919
	#fail: 11204
	execution time (ms): 8478
	#sols : 108
	completed : false

NEW SOLUTION FOUND
solution score : 558

	#choice: 23311
	#fail: 11398
	execution time (ms): 8548
	#sols : 109
	completed : false

NEW SOLUTION FOUND
solution score : 559

	#choice: 23704
	#fail: 11596
	execution time (ms): 8617
	#sols : 110
	completed : false

NEW SOLUTION FOUND
solution score : 560

	#choice: 24111
	#fail: 11794
	execution time (ms): 8690
	#sols : 111
	completed : false

NEW SOLUTION FOUND
solution score : 561

	#choice: 24530
	#fail: 12008
	execution time (ms): 8763
	#sols : 112
	completed : false

NEW SOLUTION FOUND
solution score : 562

	#choice: 24919
	#fail: 12207
	execution time (ms): 8832
	#sols : 113
	completed : false

NEW SOLUTION FOUND
solution score : 563

	#choice: 25303
	#fail: 12400
	execution time (ms): 8953
	#sols : 114
	completed : false

NEW SOLUTION FOUND
solution score : 564

	#choice: 25692
	#fail: 12591
	execution time (ms): 9026
	#sols : 115
	completed : false

NEW SOLUTION FOUND
solution score : 565

	#choice: 26097
	#fail: 12789
	execution time (ms): 9097
	#sols : 116
	completed : false

NEW SOLUTION FOUND
solution score : 566

	#choice: 26509
	#fail: 13002
	execution time (ms): 9172
	#sols : 117
	completed : false

NEW SOLUTION FOUND
solution score : 567

	#choice: 26906
	#fail: 13200
	execution time (ms): 9272
	#sols : 118
	completed : false

NEW SOLUTION FOUND
solution score : 568

	#choice: 27317
	#fail: 13399
	execution time (ms): 9382
	#sols : 119
	completed : false

NEW SOLUTION FOUND
solution score : 569

	#choice: 27739
	#fail: 13613
	execution time (ms): 9510
	#sols : 120
	completed : false

NEW SOLUTION FOUND
solution score : 570

	#choice: 28153
	#fail: 13819
	execution time (ms): 9585
	#sols : 121
	completed : false

NEW SOLUTION FOUND
solution score : 571

	#choice: 28576
	#fail: 14034
	execution time (ms): 9665
	#sols : 122
	completed : false

NEW SOLUTION FOUND
solution score : 572

	#choice: 28984
	#fail: 14236
	execution time (ms): 9765
	#sols : 123
	completed : false

NEW SOLUTION FOUND
solution score : 573

	#choice: 29453
	#fail: 14465
	execution time (ms): 9890
	#sols : 124
	completed : false

NEW SOLUTION FOUND
solution score : 574

	#choice: 29927
	#fail: 14707
	execution time (ms): 10010
	#sols : 125
	completed : false

NEW SOLUTION FOUND
solution score : 575

	#choice: 30386
	#fail: 14937
	execution time (ms): 10126
	#sols : 126
	completed : false

NEW SOLUTION FOUND
solution score : 576

	#choice: 30841
	#fail: 15165
	execution time (ms): 10237
	#sols : 127
	completed : false

NEW SOLUTION FOUND
solution score : 577

	#choice: 31304
	#fail: 15393
	execution time (ms): 10321
	#sols : 128
	completed : false

NEW SOLUTION FOUND
solution score : 578

	#choice: 31764
	#fail: 15629
	execution time (ms): 10449
	#sols : 129
	completed : false

NEW SOLUTION FOUND
solution score : 579

	#choice: 32206
	#fail: 15850
	execution time (ms): 10532
	#sols : 130
	completed : false

NEW SOLUTION FOUND
solution score : 580

	#choice: 32662
	#fail: 16075
	execution time (ms): 10619
	#sols : 131
	completed : false

NEW SOLUTION FOUND
solution score : 581

	#choice: 33120
	#fail: 16303
	execution time (ms): 10725
	#sols : 132
	completed : false

NEW SOLUTION FOUND
solution score : 582

	#choice: 33572
	#fail: 16534
	execution time (ms): 10811
	#sols : 133
	completed : false

NEW SOLUTION FOUND
solution score : 583

	#choice: 34014
	#fail: 16753
	execution time (ms): 10896
	#sols : 134
	completed : false

NEW SOLUTION FOUND
solution score : 584

	#choice: 34464
	#fail: 16977
	execution time (ms): 10979
	#sols : 135
	completed : false

NEW SOLUTION FOUND
solution score : 585

	#choice: 34914
	#fail: 17204
	execution time (ms): 11065
	#sols : 136
	completed : false

NEW SOLUTION FOUND
solution score : 586

	#choice: 35366
	#fail: 17427
	execution time (ms): 11149
	#sols : 137
	completed : false

NEW SOLUTION FOUND
solution score : 587

	#choice: 35825
	#fail: 17657
	execution time (ms): 11236
	#sols : 138
	completed : false

NEW SOLUTION FOUND
solution score : 588

	#choice: 36286
	#fail: 17887
	execution time (ms): 11322
	#sols : 139
	completed : false

NEW SOLUTION FOUND
solution score : 589

	#choice: 36733
	#fail: 18115
	execution time (ms): 11405
	#sols : 140
	completed : false

NEW SOLUTION FOUND
solution score : 590

	#choice: 37182
	#fail: 18337
	execution time (ms): 11491
	#sols : 141
	completed : false

NEW SOLUTION FOUND
solution score : 591

	#choice: 37641
	#fail: 18562
	execution time (ms): 11574
	#sols : 142
	completed : false

NEW SOLUTION FOUND
solution score : 592

	#choice: 38114
	#fail: 18799
	execution time (ms): 11663
	#sols : 143
	completed : false

NEW SOLUTION FOUND
solution score : 593

	#choice: 38580
	#fail: 19036
	execution time (ms): 11750
	#sols : 144
	completed : false

NEW SOLUTION FOUND
solution score : 594

	#choice: 39042
	#fail: 19264
	execution time (ms): 11836
	#sols : 145
	completed : false

NEW SOLUTION FOUND
solution score : 595

	#choice: 39556
	#fail: 19519
	execution time (ms): 11940
	#sols : 146
	completed : false

NEW SOLUTION FOUND
solution score : 596

	#choice: 40056
	#fail: 19773
	execution time (ms): 12064
	#sols : 147
	completed : false

NEW SOLUTION FOUND
solution score : 597

	#choice: 40538
	#fail: 20013
	execution time (ms): 12155
	#sols : 148
	completed : false

NEW SOLUTION FOUND
solution score : 598

	#choice: 41026
	#fail: 20260
	execution time (ms): 12248
	#sols : 149
	completed : false

NEW SOLUTION FOUND
solution score : 599

	#choice: 41506
	#fail: 20498
	execution time (ms): 12339
	#sols : 150
	completed : false

NEW SOLUTION FOUND
solution score : 600

	#choice: 41990
	#fail: 20740
	execution time (ms): 12430
	#sols : 151
	completed : false

NEW SOLUTION FOUND
solution score : 601

	#choice: 42467
	#fail: 20982
	execution time (ms): 12520
	#sols : 152
	completed : false

NEW SOLUTION FOUND
solution score : 602

	#choice: 42958
	#fail: 21222
	execution time (ms): 12617
	#sols : 153
	completed : false

NEW SOLUTION FOUND
solution score : 603

	#choice: 43449
	#fail: 21468
	execution time (ms): 12710
	#sols : 154
	completed : false

NEW SOLUTION FOUND
solution score : 604

	#choice: 43929
	#fail: 21714
	execution time (ms): 12853
	#sols : 155
	completed : false

NEW SOLUTION FOUND
solution score : 605

	#choice: 44403
	#fail: 21946
	execution time (ms): 12959
	#sols : 156
	completed : false

NEW SOLUTION FOUND
solution score : 606

	#choice: 44892
	#fail: 22190
	execution time (ms): 13052
	#sols : 157
	completed : false

NEW SOLUTION FOUND
solution score : 607

	#choice: 45381
	#fail: 22432
	execution time (ms): 13143
	#sols : 158
	completed : false

NEW SOLUTION FOUND
solution score : 608

	#choice: 45877
	#fail: 22680
	execution time (ms): 13238
	#sols : 159
	completed : false

NEW SOLUTION FOUND
solution score : 609

	#choice: 46380
	#fail: 22930
	execution time (ms): 13335
	#sols : 160
	completed : false

NEW SOLUTION FOUND
solution score : 610

	#choice: 46882
	#fail: 23182
	execution time (ms): 13428
	#sols : 161
	completed : false

NEW SOLUTION FOUND
solution score : 611

	#choice: 47375
	#fail: 23434
	execution time (ms): 13551
	#sols : 162
	completed : false

NEW SOLUTION FOUND
solution score : 612

	#choice: 47869
	#fail: 23681
	execution time (ms): 13652
	#sols : 163
	completed : false

NEW SOLUTION FOUND
solution score : 613

	#choice: 48346
	#fail: 23919
	execution time (ms): 13744
	#sols : 164
	completed : false

NEW SOLUTION FOUND
solution score : 614

	#choice: 48814
	#fail: 24158
	execution time (ms): 13834
	#sols : 165
	completed : false

NEW SOLUTION FOUND
solution score : 615

	#choice: 49284
	#fail: 24390
	execution time (ms): 13927
	#sols : 166
	completed : false

NEW SOLUTION FOUND
solution score : 616

	#choice: 49770
	#fail: 24632
	execution time (ms): 14022
	#sols : 167
	completed : false

NEW SOLUTION FOUND
solution score : 617

	#choice: 50267
	#fail: 24877
	execution time (ms): 14126
	#sols : 168
	completed : false

NEW SOLUTION FOUND
solution score : 618

	#choice: 50756
	#fail: 25124
	execution time (ms): 14244
	#sols : 169
	completed : false

NEW SOLUTION FOUND
solution score : 619

	#choice: 51234
	#fail: 25366
	execution time (ms): 14335
	#sols : 170
	completed : false

NEW SOLUTION FOUND
solution score : 620

	#choice: 51710
	#fail: 25601
	execution time (ms): 14429
	#sols : 171
	completed : false

NEW SOLUTION FOUND
solution score : 621

	#choice: 52201
	#fail: 25842
	execution time (ms): 14521
	#sols : 172
	completed : false

NEW SOLUTION FOUND
solution score : 622

	#choice: 52689
	#fail: 26093
	execution time (ms): 14614
	#sols : 173
	completed : false

NEW SOLUTION FOUND
solution score : 623

	#choice: 53162
	#fail: 26329
	execution time (ms): 14704
	#sols : 174
	completed : false

NEW SOLUTION FOUND
solution score : 624

	#choice: 53642
	#fail: 26570
	execution time (ms): 14799
	#sols : 175
	completed : false

NEW SOLUTION FOUND
solution score : 625

	#choice: 54169
	#fail: 26828
	execution time (ms): 14943
	#sols : 176
	completed : false

NEW SOLUTION FOUND
solution score : 626

	#choice: 54659
	#fail: 27078
	execution time (ms): 15035
	#sols : 177
	completed : false

NEW SOLUTION FOUND
solution score : 627

	#choice: 55139
	#fail: 27318
	execution time (ms): 15127
	#sols : 178
	completed : false

NEW SOLUTION FOUND
solution score : 628

	#choice: 55668
	#fail: 27579
	execution time (ms): 15235
	#sols : 179
	completed : false

NEW SOLUTION FOUND
solution score : 629

	#choice: 56220
	#fail: 27856
	execution time (ms): 15349
	#sols : 180
	completed : false

NEW SOLUTION FOUND
solution score : 630

	#choice: 56762
	#fail: 28124
	execution time (ms): 15456
	#sols : 181
	completed : false

NEW SOLUTION FOUND
solution score : 631

	#choice: 57356
	#fail: 28427
	execution time (ms): 15586
	#sols : 182
	completed : false

NEW SOLUTION FOUND
solution score : 632

	#choice: 57938
	#fail: 28716
	execution time (ms): 15708
	#sols : 183
	completed : false

NEW SOLUTION FOUND
solution score : 633

	#choice: 58525
	#fail: 29008
	execution time (ms): 15833
	#sols : 184
	completed : false

NEW SOLUTION FOUND
solution score : 634

	#choice: 59126
	#fail: 29316
	execution time (ms): 15961
	#sols : 185
	completed : false

NEW SOLUTION FOUND
solution score : 635

	#choice: 59702
	#fail: 29597
	execution time (ms): 16095
	#sols : 186
	completed : false

NEW SOLUTION FOUND
solution score : 636

	#choice: 60291
	#fail: 29892
	execution time (ms): 16216
	#sols : 187
	completed : false

NEW SOLUTION FOUND
solution score : 637

	#choice: 60918
	#fail: 30204
	execution time (ms): 16351
	#sols : 188
	completed : false

NEW SOLUTION FOUND
solution score : 638

	#choice: 61529
	#fail: 30518
	execution time (ms): 16488
	#sols : 189
	completed : false

NEW SOLUTION FOUND
solution score : 639

	#choice: 62144
	#fail: 30816
	execution time (ms): 16623
	#sols : 190
	completed : false

NEW SOLUTION FOUND
solution score : 640

	#choice: 62770
	#fail: 31132
	execution time (ms): 16754
	#sols : 191
	completed : false

NEW SOLUTION FOUND
solution score : 641

	#choice: 63385
	#fail: 31443
	execution time (ms): 16890
	#sols : 192
	completed : false

NEW SOLUTION FOUND
solution score : 642

	#choice: 63990
	#fail: 31745
	execution time (ms): 17023
	#sols : 193
	completed : false

NEW SOLUTION FOUND
solution score : 643

	#choice: 64606
	#fail: 32055
	execution time (ms): 17161
	#sols : 194
	completed : false

NEW SOLUTION FOUND
solution score : 644

	#choice: 65215
	#fail: 32356
	execution time (ms): 17298
	#sols : 195
	completed : false

NEW SOLUTION FOUND
solution score : 645

	#choice: 65828
	#fail: 32664
	execution time (ms): 17430
	#sols : 196
	completed : false

NEW SOLUTION FOUND
solution score : 646

	#choice: 66444
	#fail: 32968
	execution time (ms): 17565
	#sols : 197
	completed : false

NEW SOLUTION FOUND
solution score : 647

	#choice: 67067
	#fail: 33281
	execution time (ms): 17698
	#sols : 198
	completed : false

NEW SOLUTION FOUND
solution score : 648

	#choice: 67690
	#fail: 33593
	execution time (ms): 17834
	#sols : 199
	completed : false

NEW SOLUTION FOUND
solution score : 649

	#choice: 68313
	#fail: 33900
	execution time (ms): 17968
	#sols : 200
	completed : false

NEW SOLUTION FOUND
solution score : 650

	#choice: 68951
	#fail: 34223
	execution time (ms): 18105
	#sols : 201
	completed : false

NEW SOLUTION FOUND
solution score : 651

	#choice: 69577
	#fail: 34532
	execution time (ms): 18243
	#sols : 202
	completed : false

NEW SOLUTION FOUND
solution score : 652

	#choice: 70206
	#fail: 34847
	execution time (ms): 18375
	#sols : 203
	completed : false

NEW SOLUTION FOUND
solution score : 653

	#choice: 70832
	#fail: 35161
	execution time (ms): 18508
	#sols : 204
	completed : false

NEW SOLUTION FOUND
solution score : 654

	#choice: 71467
	#fail: 35474
	execution time (ms): 18643
	#sols : 205
	completed : false

NEW SOLUTION FOUND
solution score : 655

	#choice: 72112
	#fail: 35797
	execution time (ms): 18782
	#sols : 206
	completed : false

NEW SOLUTION FOUND
solution score : 656

	#choice: 72746
	#fail: 36118
	execution time (ms): 18913
	#sols : 207
	completed : false

NEW SOLUTION FOUND
solution score : 657

	#choice: 73366
	#fail: 36432
	execution time (ms): 19046
	#sols : 208
	completed : false

NEW SOLUTION FOUND
solution score : 658

	#choice: 73982
	#fail: 36738
	execution time (ms): 19181
	#sols : 209
	completed : false

NEW SOLUTION FOUND
solution score : 659

	#choice: 74608
	#fail: 37049
	execution time (ms): 19314
	#sols : 210
	completed : false

NEW SOLUTION FOUND
solution score : 660

	#choice: 75233
	#fail: 37369
	execution time (ms): 19454
	#sols : 211
	completed : false

NEW SOLUTION FOUND
solution score : 661

	#choice: 75910
	#fail: 37704
	execution time (ms): 19614
	#sols : 212
	completed : false

NEW SOLUTION FOUND
solution score : 662

	#choice: 76611
	#fail: 38046
	execution time (ms): 19771
	#sols : 213
	completed : false

NEW SOLUTION FOUND
solution score : 663

	#choice: 77320
	#fail: 38406
	execution time (ms): 19929
	#sols : 214
	completed : false

NEW SOLUTION FOUND
solution score : 664

	#choice: 78030
	#fail: 38763
	execution time (ms): 20099
	#sols : 215
	completed : false

NEW SOLUTION FOUND
solution score : 665

	#choice: 78746
	#fail: 39118
	execution time (ms): 20265
	#sols : 216
	completed : false

NEW SOLUTION FOUND
solution score : 666

	#choice: 79482
	#fail: 39484
	execution time (ms): 20440
	#sols : 217
	completed : false

NEW SOLUTION FOUND
solution score : 667

	#choice: 80186
	#fail: 39845
	execution time (ms): 20601
	#sols : 218
	completed : false

NEW SOLUTION FOUND
solution score : 668

	#choice: 80884
	#fail: 40190
	execution time (ms): 20765
	#sols : 219
	completed : false

NEW SOLUTION FOUND
solution score : 669

	#choice: 81588
	#fail: 40545
	execution time (ms): 20931
	#sols : 220
	completed : false

NEW SOLUTION FOUND
solution score : 670

	#choice: 82290
	#fail: 40892
	execution time (ms): 21092
	#sols : 221
	completed : false

NEW SOLUTION FOUND
solution score : 671

	#choice: 82997
	#fail: 41247
	execution time (ms): 21260
	#sols : 222
	completed : false

NEW SOLUTION FOUND
solution score : 672

	#choice: 83693
	#fail: 41603
	execution time (ms): 21428
	#sols : 223
	completed : false

NEW SOLUTION FOUND
solution score : 673

	#choice: 84384
	#fail: 41938
	execution time (ms): 21591
	#sols : 224
	completed : false

NEW SOLUTION FOUND
solution score : 674

	#choice: 85096
	#fail: 42295
	execution time (ms): 21758
	#sols : 225
	completed : false

NEW SOLUTION FOUND
solution score : 675

	#choice: 85799
	#fail: 42649
	execution time (ms): 21920
	#sols : 226
	completed : false

NEW SOLUTION FOUND
solution score : 676

	#choice: 86498
	#fail: 42999
	execution time (ms): 22086
	#sols : 227
	completed : false

NEW SOLUTION FOUND
solution score : 677

	#choice: 87181
	#fail: 43347
	execution time (ms): 22246
	#sols : 228
	completed : false

NEW SOLUTION FOUND
solution score : 678

	#choice: 87865
	#fail: 43683
	execution time (ms): 22413
	#sols : 229
	completed : false

NEW SOLUTION FOUND
solution score : 679

	#choice: 88570
	#fail: 44032
	execution time (ms): 22578
	#sols : 230
	completed : false

NEW SOLUTION FOUND
solution score : 680

	#choice: 89313
	#fail: 44397
	execution time (ms): 22752
	#sols : 231
	completed : false

NEW SOLUTION FOUND
solution score : 681

	#choice: 90040
	#fail: 44773
	execution time (ms): 22923
	#sols : 232
	completed : false

NEW SOLUTION FOUND
solution score : 682

	#choice: 90740
	#fail: 45116
	execution time (ms): 23087
	#sols : 233
	completed : false

NEW SOLUTION FOUND
solution score : 683

	#choice: 91470
	#fail: 45479
	execution time (ms): 23256
	#sols : 234
	completed : false

NEW SOLUTION FOUND
solution score : 684

	#choice: 92207
	#fail: 45851
	execution time (ms): 23428
	#sols : 235
	completed : false

NEW SOLUTION FOUND
solution score : 685

	#choice: 92948
	#fail: 46220
	execution time (ms): 23601
	#sols : 236
	completed : false

NEW SOLUTION FOUND
solution score : 686

	#choice: 93696
	#fail: 46596
	execution time (ms): 23784
	#sols : 237
	completed : false

NEW SOLUTION FOUND
solution score : 687

	#choice: 94443
	#fail: 46968
	execution time (ms): 23960
	#sols : 238
	completed : false

NEW SOLUTION FOUND
solution score : 688

	#choice: 95191
	#fail: 47342
	execution time (ms): 24134
	#sols : 239
	completed : false

NEW SOLUTION FOUND
solution score : 689

	#choice: 95931
	#fail: 47716
	execution time (ms): 24308
	#sols : 240
	completed : false

NEW SOLUTION FOUND
solution score : 690

	#choice: 96663
	#fail: 48083
	execution time (ms): 24484
	#sols : 241
	completed : false

NEW SOLUTION FOUND
solution score : 691

	#choice: 97392
	#fail: 48448
	execution time (ms): 24657
	#sols : 242
	completed : false

NEW SOLUTION FOUND
solution score : 692

	#choice: 98121
	#fail: 48815
	execution time (ms): 24835
	#sols : 243
	completed : false

NEW SOLUTION FOUND
solution score : 693

	#choice: 98904
	#fail: 49201
	execution time (ms): 25033
	#sols : 244
	completed : false

NEW SOLUTION FOUND
solution score : 694

	#choice: 99648
	#fail: 49571
	execution time (ms): 25211
	#sols : 245
	completed : false

NEW SOLUTION FOUND
solution score : 695

	#choice: 100396
	#fail: 49943
	execution time (ms): 25386
	#sols : 246
	completed : false

NEW SOLUTION FOUND
solution score : 696

	#choice: 101141
	#fail: 50320
	execution time (ms): 25561
	#sols : 247
	completed : false

NEW SOLUTION FOUND
solution score : 697

	#choice: 101883
	#fail: 50691
	execution time (ms): 25738
	#sols : 248
	completed : false

NEW SOLUTION FOUND
solution score : 698

	#choice: 102625
	#fail: 51060
	execution time (ms): 25915
	#sols : 249
	completed : false

NEW SOLUTION FOUND
solution score : 699

	#choice: 103378
	#fail: 51433
	execution time (ms): 26090
	#sols : 250
	completed : false

NEW SOLUTION FOUND
solution score : 700

	#choice: 104143
	#fail: 51825
	execution time (ms): 26276
	#sols : 251
	completed : false

NEW SOLUTION FOUND
solution score : 701

	#choice: 104897
	#fail: 52197
	execution time (ms): 26458
	#sols : 252
	completed : false

NEW SOLUTION FOUND
solution score : 702

	#choice: 105664
	#fail: 52580
	execution time (ms): 26643
	#sols : 253
	completed : false

NEW SOLUTION FOUND
solution score : 703

	#choice: 106435
	#fail: 52964
	execution time (ms): 26825
	#sols : 254
	completed : false

NEW SOLUTION FOUND
solution score : 704

	#choice: 107239
	#fail: 53367
	execution time (ms): 27027
	#sols : 255
	completed : false

NEW SOLUTION FOUND
solution score : 705

	#choice: 108073
	#fail: 53787
	execution time (ms): 27241
	#sols : 256
	completed : false

NEW SOLUTION FOUND
solution score : 706

	#choice: 108899
	#fail: 54201
	execution time (ms): 27453
	#sols : 257
	completed : false

NEW SOLUTION FOUND
solution score : 707

	#choice: 109702
	#fail: 54610
	execution time (ms): 27658
	#sols : 258
	completed : false

NEW SOLUTION FOUND
solution score : 708

	#choice: 110499
	#fail: 55004
	execution time (ms): 27865
	#sols : 259
	completed : false

NEW SOLUTION FOUND
solution score : 709

	#choice: 111317
	#fail: 55409
	execution time (ms): 28070
	#sols : 260
	completed : false

NEW SOLUTION FOUND
solution score : 710

	#choice: 112135
	#fail: 55825
	execution time (ms): 28282
	#sols : 261
	completed : false

NEW SOLUTION FOUND
solution score : 711

	#choice: 112941
	#fail: 56222
	execution time (ms): 28491
	#sols : 262
	completed : false

NEW SOLUTION FOUND
solution score : 712

	#choice: 113774
	#fail: 56634
	execution time (ms): 28699
	#sols : 263
	completed : false

NEW SOLUTION FOUND
solution score : 713

	#choice: 114612
	#fail: 57059
	execution time (ms): 28908
	#sols : 264
	completed : false

NEW SOLUTION FOUND
solution score : 714

	#choice: 115436
	#fail: 57466
	execution time (ms): 29121
	#sols : 265
	completed : false

NEW SOLUTION FOUND
solution score : 715

	#choice: 116262
	#fail: 57880
	execution time (ms): 29327
	#sols : 266
	completed : false

NEW SOLUTION FOUND
solution score : 716

	#choice: 117089
	#fail: 58295
	execution time (ms): 29536
	#sols : 267
	completed : false

NEW SOLUTION FOUND
solution score : 717

	#choice: 117905
	#fail: 58707
	execution time (ms): 29739
	#sols : 268
	completed : false

NEW SOLUTION FOUND
solution score : 718

	#choice: 118723
	#fail: 59111
	execution time (ms): 29949
	#sols : 269
	completed : false

NEW SOLUTION FOUND
solution score : 719

	#choice: 119554
	#fail: 59530
	execution time (ms): 30160
	#sols : 270
	completed : false

NEW SOLUTION FOUND
solution score : 720

	#choice: 120377
	#fail: 59937
	execution time (ms): 30374
	#sols : 271
	completed : false

NEW SOLUTION FOUND
solution score : 721

	#choice: 121198
	#fail: 60352
	execution time (ms): 30578
	#sols : 272
	completed : false

NEW SOLUTION FOUND
solution score : 722

	#choice: 122017
	#fail: 60758
	execution time (ms): 30788
	#sols : 273
	completed : false

NEW SOLUTION FOUND
solution score : 723

	#choice: 122842
	#fail: 61175
	execution time (ms): 30997
	#sols : 274
	completed : false

NEW SOLUTION FOUND
solution score : 724

	#choice: 123666
	#fail: 61582
	execution time (ms): 31208
	#sols : 275
	completed : false

NEW SOLUTION FOUND
solution score : 725

	#choice: 124486
	#fail: 61997
	execution time (ms): 31413
	#sols : 276
	completed : false

NEW SOLUTION FOUND
solution score : 726

	#choice: 125306
	#fail: 62402
	execution time (ms): 31623
	#sols : 277
	completed : false

NEW SOLUTION FOUND
solution score : 727

	#choice: 126141
	#fail: 62825
	execution time (ms): 31834
	#sols : 278
	completed : false

NEW SOLUTION FOUND
solution score : 728

	#choice: 126963
	#fail: 63229
	execution time (ms): 32042
	#sols : 279
	completed : false

NEW SOLUTION FOUND
solution score : 729

	#choice: 127792
	#fail: 63647
	execution time (ms): 32247
	#sols : 280
	completed : false

NEW SOLUTION FOUND
solution score : 730

	#choice: 128622
	#fail: 64061
	execution time (ms): 32459
	#sols : 281
	completed : false

NEW SOLUTION FOUND
solution score : 731

	#choice: 129463
	#fail: 64480
	execution time (ms): 32672
	#sols : 282
	completed : false

NEW SOLUTION FOUND
solution score : 732

	#choice: 130331
	#fail: 64914
	execution time (ms): 32893
	#sols : 283
	completed : false

NEW SOLUTION FOUND
solution score : 733

	#choice: 131193
	#fail: 65349
	execution time (ms): 33118
	#sols : 284
	completed : false

NEW SOLUTION FOUND
solution score : 734

	#choice: 132039
	#fail: 65774
	execution time (ms): 33335
	#sols : 285
	completed : false

NEW SOLUTION FOUND
solution score : 735

	#choice: 132899
	#fail: 66197
	execution time (ms): 33557
	#sols : 286
	completed : false

NEW SOLUTION FOUND
solution score : 736

	#choice: 133765
	#fail: 66632
	execution time (ms): 33774
	#sols : 287
	completed : false

NEW SOLUTION FOUND
solution score : 737

	#choice: 134622
	#fail: 67063
	execution time (ms): 33993
	#sols : 288
	completed : false

NEW SOLUTION FOUND
solution score : 738

	#choice: 135491
	#fail: 67489
	execution time (ms): 34212
	#sols : 289
	completed : false

NEW SOLUTION FOUND
solution score : 739

	#choice: 136375
	#fail: 67941
	execution time (ms): 34442
	#sols : 290
	completed : false

NEW SOLUTION FOUND
solution score : 740

	#choice: 137236
	#fail: 68367
	execution time (ms): 34664
	#sols : 291
	completed : false

NEW SOLUTION FOUND
solution score : 741

	#choice: 138103
	#fail: 68801
	execution time (ms): 34888
	#sols : 292
	completed : false

NEW SOLUTION FOUND
solution score : 742

	#choice: 138970
	#fail: 69236
	execution time (ms): 35111
	#sols : 293
	completed : false

NEW SOLUTION FOUND
solution score : 743

	#choice: 139828
	#fail: 69666
	execution time (ms): 35334
	#sols : 294
	completed : false

NEW SOLUTION FOUND
solution score : 744

	#choice: 140687
	#fail: 70093
	execution time (ms): 35553
	#sols : 295
	completed : false

NEW SOLUTION FOUND
solution score : 745

	#choice: 141543
	#fail: 70525
	execution time (ms): 35777
	#sols : 296
	completed : false

NEW SOLUTION FOUND
solution score : 746

	#choice: 142413
	#fail: 70947
	execution time (ms): 35998
	#sols : 297
	completed : false

NEW SOLUTION FOUND
solution score : 747

	#choice: 143294
	#fail: 71398
	execution time (ms): 36219
	#sols : 298
	completed : false

NEW SOLUTION FOUND
solution score : 748

	#choice: 144150
	#fail: 71826
	execution time (ms): 36438
	#sols : 299
	completed : false

NEW SOLUTION FOUND
solution score : 749

	#choice: 145013
	#fail: 72256
	execution time (ms): 36661
	#sols : 300
	completed : false

NEW SOLUTION FOUND
solution score : 750

	#choice: 145873
	#fail: 72688
	execution time (ms): 36880
	#sols : 301
	completed : false

NEW SOLUTION FOUND
solution score : 751

	#choice: 146734
	#fail: 73120
	execution time (ms): 37103
	#sols : 302
	completed : false

NEW SOLUTION FOUND
solution score : 752

	#choice: 147610
	#fail: 73551
	execution time (ms): 37328
	#sols : 303
	completed : false

NEW SOLUTION FOUND
solution score : 753

	#choice: 148531
	#fail: 74014
	execution time (ms): 37573
	#sols : 304
	completed : false

NEW SOLUTION FOUND
solution score : 754

	#choice: 149426
	#fail: 74462
	execution time (ms): 37806
	#sols : 305
	completed : false

NEW SOLUTION FOUND
solution score : 755

	#choice: 150316
	#fail: 74912
	execution time (ms): 38040
	#sols : 306
	completed : false

NEW SOLUTION FOUND
solution score : 756

	#choice: 151212
	#fail: 75349
	execution time (ms): 38273
	#sols : 307
	completed : false

NEW SOLUTION FOUND
solution score : 757

	#choice: 152112
	#fail: 75809
	execution time (ms): 38503
	#sols : 308
	completed : false

NEW SOLUTION FOUND
solution score : 758

	#choice: 153006
	#fail: 76249
	execution time (ms): 38739
	#sols : 309
	completed : false

NEW SOLUTION FOUND
solution score : 759

	#choice: 153913
	#fail: 76703
	execution time (ms): 38969
	#sols : 310
	completed : false

NEW SOLUTION FOUND
solution score : 760

	#choice: 154810
	#fail: 77158
	execution time (ms): 39205
	#sols : 311
	completed : false

NEW SOLUTION FOUND
solution score : 761

	#choice: 155689
	#fail: 77597
	execution time (ms): 39435
	#sols : 312
	completed : false

NEW SOLUTION FOUND
solution score : 762

	#choice: 156579
	#fail: 78040
	execution time (ms): 39673
	#sols : 313
	completed : false

NEW SOLUTION FOUND
solution score : 763

	#choice: 157468
	#fail: 78483
	execution time (ms): 39910
	#sols : 314
	completed : false

NEW SOLUTION FOUND
solution score : 764

	#choice: 158363
	#fail: 78931
	execution time (ms): 40145
	#sols : 315
	completed : false

NEW SOLUTION FOUND
solution score : 765

	#choice: 159249
	#fail: 79377
	execution time (ms): 40377
	#sols : 316
	completed : false

NEW SOLUTION FOUND
solution score : 766

	#choice: 160143
	#fail: 79818
	execution time (ms): 40613
	#sols : 317
	completed : false

NEW SOLUTION FOUND
solution score : 767

	#choice: 161048
	#fail: 80278
	execution time (ms): 40851
	#sols : 318
	completed : false

NEW SOLUTION FOUND
solution score : 768

	#choice: 161945
	#fail: 80727
	execution time (ms): 41094
	#sols : 319
	completed : false

NEW SOLUTION FOUND
solution score : 769

	#choice: 162843
	#fail: 81176
	execution time (ms): 41338
	#sols : 320
	completed : false

NEW SOLUTION FOUND
solution score : 770

	#choice: 163737
	#fail: 81625
	execution time (ms): 41575
	#sols : 321
	completed : false

NEW SOLUTION FOUND
solution score : 771

	#choice: 164628
	#fail: 82070
	execution time (ms): 41813
	#sols : 322
	completed : false

NEW SOLUTION FOUND
solution score : 772

	#choice: 165824
	#fail: 82665
	execution time (ms): 42149
	#sols : 323
	completed : false

NEW SOLUTION FOUND
solution score : 773

	#choice: 166761
	#fail: 83126
	execution time (ms): 42397
	#sols : 324
	completed : false

NEW SOLUTION FOUND
solution score : 774

	#choice: 167704
	#fail: 83602
	execution time (ms): 42645
	#sols : 325
	completed : false

NEW SOLUTION FOUND
solution score : 775

	#choice: 168642
	#fail: 84069
	execution time (ms): 42896
	#sols : 326
	completed : false

NEW SOLUTION FOUND
solution score : 776

	#choice: 169588
	#fail: 84542
	execution time (ms): 43144
	#sols : 327
	completed : false

NEW SOLUTION FOUND
solution score : 777

	#choice: 170515
	#fail: 85012
	execution time (ms): 43396
	#sols : 328
	completed : false

NEW SOLUTION FOUND
solution score : 778

	#choice: 171427
	#fail: 85467
	execution time (ms): 43641
	#sols : 329
	completed : false

NEW SOLUTION FOUND
solution score : 779

	#choice: 172357
	#fail: 85927
	execution time (ms): 43890
	#sols : 330
	completed : false

NEW SOLUTION FOUND
solution score : 780

	#choice: 173285
	#fail: 86395
	execution time (ms): 44134
	#sols : 331
	completed : false

NEW SOLUTION FOUND
solution score : 781

	#choice: 174203
	#fail: 86856
	execution time (ms): 44382
	#sols : 332
	completed : false

NEW SOLUTION FOUND
solution score : 782

	#choice: 175130
	#fail: 87314
	execution time (ms): 44628
	#sols : 333
	completed : false

NEW SOLUTION FOUND
solution score : 783

	#choice: 176088
	#fail: 87797
	execution time (ms): 44890
	#sols : 334
	completed : false

NEW SOLUTION FOUND
solution score : 784

	#choice: 177042
	#fail: 88271
	execution time (ms): 45149
	#sols : 335
	completed : false

NEW SOLUTION FOUND
solution score : 785

	#choice: 178002
	#fail: 88752
	execution time (ms): 45411
	#sols : 336
	completed : false

NEW SOLUTION FOUND
solution score : 786

	#choice: 178950
	#fail: 89231
	execution time (ms): 45668
	#sols : 337
	completed : false

END OF SEARCH

	#choice: 179438
	#fail: 89720
	execution time (ms): 45669
	#sols : 337
	completed : true

