INFO
n : 30
nbHoles : 500
nbFile : 1
objective : diagonal
search: dfs
bp : sum_product
branchingScheme : max_marginal_strength
oracle : true
truncateRate : 50
START SEARCH
NEW SOLUTION FOUND
solution score : 525

	#choice: 372
	#fail: 0
	execution time (ms): 2341
	#sols : 1
	completed : false

NEW SOLUTION FOUND
solution score : 528

	#choice: 533
	#fail: 77
	execution time (ms): 2675
	#sols : 2
	completed : false

NEW SOLUTION FOUND
solution score : 531

	#choice: 960
	#fail: 293
	execution time (ms): 3528
	#sols : 3
	completed : false

NEW SOLUTION FOUND
solution score : 532

	#choice: 1568
	#fail: 603
	execution time (ms): 4274
	#sols : 4
	completed : false

NEW SOLUTION FOUND
solution score : 548

	#choice: 2235
	#fail: 930
	execution time (ms): 4971
	#sols : 5
	completed : false

NEW SOLUTION FOUND
solution score : 549

	#choice: 2900
	#fail: 1271
	execution time (ms): 5507
	#sols : 6
	completed : false

NEW SOLUTION FOUND
solution score : 550

	#choice: 3604
	#fail: 1619
	execution time (ms): 6329
	#sols : 7
	completed : false

NEW SOLUTION FOUND
solution score : 551

	#choice: 4312
	#fail: 1977
	execution time (ms): 6949
	#sols : 8
	completed : false

NEW SOLUTION FOUND
solution score : 553

	#choice: 5015
	#fail: 2328
	execution time (ms): 7585
	#sols : 9
	completed : false

NEW SOLUTION FOUND
solution score : 555

	#choice: 5737
	#fail: 2681
	execution time (ms): 8276
	#sols : 10
	completed : false

END OF SEARCH

	#choice: 6112
	#fail: 3057
	execution time (ms): 8291
	#sols : 10
	completed : true

