objective : diagonal
search: dfs
bp : no_bp
branchingScheme : dom_wdeg
oracle : false
truncateRate : 50
START SEARCH
NEW SOLUTION FOUND
solution score : 435

	#choice: 281
	#fail: 11
	execution time (ms): 625
	#sols : 1
	completed : false

NEW SOLUTION FOUND
solution score : 436

	#choice: 738
	#fail: 247
	execution time (ms): 1199
	#sols : 2
	completed : false

NEW SOLUTION FOUND
solution score : 438

	#choice: 1193
	#fail: 472
	execution time (ms): 1517
	#sols : 3
	completed : false

NEW SOLUTION FOUND
solution score : 439

	#choice: 1545
	#fail: 651
	execution time (ms): 1908
	#sols : 4
	completed : false

NEW SOLUTION FOUND
solution score : 440

	#choice: 2031
	#fail: 890
	execution time (ms): 2305
	#sols : 5
	completed : false

NEW SOLUTION FOUND
solution score : 441

	#choice: 2209
	#fail: 981
	execution time (ms): 2343
	#sols : 6
	completed : false

NEW SOLUTION FOUND
solution score : 442

	#choice: 4383
	#fail: 2070
	execution time (ms): 3837
	#sols : 7
	completed : false

NEW SOLUTION FOUND
solution score : 443

	#choice: 5480
	#fail: 2616
	execution time (ms): 4492
	#sols : 8
	completed : false

NEW SOLUTION FOUND
solution score : 444

	#choice: 7532
	#fail: 3641
	execution time (ms): 6148
	#sols : 9
	completed : false

NEW SOLUTION FOUND
solution score : 445

	#choice: 7781
	#fail: 3759
	execution time (ms): 6245
	#sols : 10
	completed : false

NEW SOLUTION FOUND
solution score : 446

	#choice: 7993
	#fail: 3870
	execution time (ms): 6329
	#sols : 11
	completed : false

NEW SOLUTION FOUND
solution score : 447

	#choice: 8242
	#fail: 3994
	execution time (ms): 6394
	#sols : 12
	completed : false

NEW SOLUTION FOUND
solution score : 448

	#choice: 8446
	#fail: 4098
	execution time (ms): 6432
	#sols : 13
	completed : false

NEW SOLUTION FOUND
solution score : 449

	#choice: 8688
	#fail: 4214
	execution time (ms): 6489
	#sols : 14
	completed : false

NEW SOLUTION FOUND
solution score : 450

	#choice: 9006
	#fail: 4376
	execution time (ms): 6592
	#sols : 15
	completed : false

NEW SOLUTION FOUND
solution score : 452

	#choice: 9113
	#fail: 4426
	execution time (ms): 6637
	#sols : 16
	completed : false

NEW SOLUTION FOUND
solution score : 453

	#choice: 9229
	#fail: 4491
	execution time (ms): 6661
	#sols : 17
	completed : false

NEW SOLUTION FOUND
solution score : 454

	#choice: 10255
	#fail: 5000
	execution time (ms): 7055
	#sols : 18
	completed : false

NEW SOLUTION FOUND
solution score : 455

	#choice: 10368
	#fail: 5062
	execution time (ms): 7085
	#sols : 19
	completed : false

NEW SOLUTION FOUND
solution score : 456

	#choice: 10453
	#fail: 5104
	execution time (ms): 7113
	#sols : 20
	completed : false

NEW SOLUTION FOUND
solution score : 457

	#choice: 10602
	#fail: 5172
	execution time (ms): 7169
	#sols : 21
	completed : false

NEW SOLUTION FOUND
solution score : 460

	#choice: 11085
	#fail: 5415
	execution time (ms): 7459
	#sols : 22
	completed : false

NEW SOLUTION FOUND
solution score : 461

	#choice: 11213
	#fail: 5479
	execution time (ms): 7520
	#sols : 23
	completed : false

NEW SOLUTION FOUND
solution score : 462

	#choice: 11307
	#fail: 5526
	execution time (ms): 7554
	#sols : 24
	completed : false

NEW SOLUTION FOUND
solution score : 465

	#choice: 11558
	#fail: 5650
	execution time (ms): 7664
	#sols : 25
	completed : false

NEW SOLUTION FOUND
solution score : 466

	#choice: 11839
	#fail: 5791
	execution time (ms): 7813
	#sols : 26
	completed : false

NEW SOLUTION FOUND
solution score : 467

	#choice: 11893
	#fail: 5822
	execution time (ms): 7838
	#sols : 27
	completed : false

NEW SOLUTION FOUND
solution score : 468

	#choice: 12600
	#fail: 6178
	execution time (ms): 8190
	#sols : 28
	completed : false

NEW SOLUTION FOUND
solution score : 469

	#choice: 12737
	#fail: 6242
	execution time (ms): 8259
	#sols : 29
	completed : false

NEW SOLUTION FOUND
solution score : 470

	#choice: 13827
	#fail: 6789
	execution time (ms): 9051
	#sols : 30
	completed : false

NEW SOLUTION FOUND
solution score : 471

	#choice: 13991
	#fail: 6870
	execution time (ms): 9125
	#sols : 31
	completed : false

NEW SOLUTION FOUND
solution score : 472

	#choice: 14286
	#fail: 7021
	execution time (ms): 9206
	#sols : 32
	completed : false

NEW SOLUTION FOUND
solution score : 473

	#choice: 14668
	#fail: 7210
	execution time (ms): 9296
	#sols : 33
	completed : false

NEW SOLUTION FOUND
solution score : 474

	#choice: 14931
	#fail: 7342
	execution time (ms): 9347
	#sols : 34
	completed : false

NEW SOLUTION FOUND
solution score : 475

	#choice: 15512
	#fail: 7648
	execution time (ms): 9601
	#sols : 35
	completed : false

NEW SOLUTION FOUND
solution score : 476

	#choice: 15733
	#fail: 7749
	execution time (ms): 9651
	#sols : 36
	completed : false

NEW SOLUTION FOUND
solution score : 477

	#choice: 15960
	#fail: 7864
	execution time (ms): 9693
	#sols : 37
	completed : false

NEW SOLUTION FOUND
solution score : 478

	#choice: 16827
	#fail: 8290
	execution time (ms): 10142
	#sols : 38
	completed : false

NEW SOLUTION FOUND
solution score : 479

	#choice: 17137
	#fail: 8445
	execution time (ms): 10223
	#sols : 39
	completed : false

NEW SOLUTION FOUND
solution score : 480

	#choice: 18054
	#fail: 8913
	execution time (ms): 10732
	#sols : 40
	completed : false

NEW SOLUTION FOUND
solution score : 481

	#choice: 18335
	#fail: 9049
	execution time (ms): 10809
	#sols : 41
	completed : false

NEW SOLUTION FOUND
solution score : 482

	#choice: 18586
	#fail: 9176
	execution time (ms): 10861
	#sols : 42
	completed : false

NEW SOLUTION FOUND
solution score : 483

	#choice: 18826
	#fail: 9299
	execution time (ms): 10923
	#sols : 43
	completed : false

NEW SOLUTION FOUND
solution score : 484

	#choice: 19691
	#fail: 9731
	execution time (ms): 11438
	#sols : 44
	completed : false

NEW SOLUTION FOUND
solution score : 485

	#choice: 19946
	#fail: 9854
	execution time (ms): 11495
	#sols : 45
	completed : false

NEW SOLUTION FOUND
solution score : 486

	#choice: 20452
	#fail: 10110
	execution time (ms): 11718
	#sols : 46
	completed : false

NEW SOLUTION FOUND
solution score : 487

	#choice: 22552
	#fail: 11160
	execution time (ms): 13064
	#sols : 47
	completed : false

NEW SOLUTION FOUND
solution score : 488

	#choice: 22909
	#fail: 11333
	execution time (ms): 13172
	#sols : 48
	completed : false

NEW SOLUTION FOUND
solution score : 489

	#choice: 23300
	#fail: 11534
	execution time (ms): 13320
	#sols : 49
	completed : false

NEW SOLUTION FOUND
solution score : 490

	#choice: 23529
	#fail: 11647
	execution time (ms): 13364
	#sols : 50
	completed : false

NEW SOLUTION FOUND
solution score : 491

	#choice: 23870
	#fail: 11815
	execution time (ms): 13470
	#sols : 51
	completed : false

NEW SOLUTION FOUND
solution score : 492

	#choice: 24122
	#fail: 11938
	execution time (ms): 13515
	#sols : 52
	completed : false

NEW SOLUTION FOUND
solution score : 493

	#choice: 25177
	#fail: 12469
	execution time (ms): 14095
	#sols : 53
	completed : false

NEW SOLUTION FOUND
solution score : 494

	#choice: 25495
	#fail: 12627
	execution time (ms): 14180
	#sols : 54
	completed : false

NEW SOLUTION FOUND
solution score : 495

	#choice: 25762
	#fail: 12766
	execution time (ms): 14246
	#sols : 55
	completed : false

NEW SOLUTION FOUND
solution score : 496

	#choice: 26072
	#fail: 12912
	execution time (ms): 14335
	#sols : 56
	completed : false

NEW SOLUTION FOUND
solution score : 497

	#choice: 26329
	#fail: 13044
	execution time (ms): 14381
	#sols : 57
	completed : false

NEW SOLUTION FOUND
solution score : 498

	#choice: 27226
	#fail: 13501
	execution time (ms): 14873
	#sols : 58
	completed : false

NEW SOLUTION FOUND
solution score : 499

	#choice: 27791
	#fail: 13770
	execution time (ms): 15080
	#sols : 59
	completed : false

NEW SOLUTION FOUND
solution score : 500

	#choice: 28199
	#fail: 13976
	execution time (ms): 15172
	#sols : 60
	completed : false

NEW SOLUTION FOUND
solution score : 501

	#choice: 28709
	#fail: 14238
	execution time (ms): 15348
	#sols : 61
	completed : false

NEW SOLUTION FOUND
solution score : 502

	#choice: 29678
	#fail: 14714
	execution time (ms): 15822
	#sols : 62
	completed : false

NEW SOLUTION FOUND
solution score : 503

	#choice: 30034
	#fail: 14899
	execution time (ms): 15887
	#sols : 63
	completed : false

NEW SOLUTION FOUND
solution score : 504

	#choice: 30550
	#fail: 15149
	execution time (ms): 16060
	#sols : 64
	completed : false

NEW SOLUTION FOUND
solution score : 505

	#choice: 30923
	#fail: 15340
	execution time (ms): 16130
	#sols : 65
	completed : false

NEW SOLUTION FOUND
solution score : 506

	#choice: 31478
	#fail: 15611
	execution time (ms): 16303
	#sols : 66
	completed : false

NEW SOLUTION FOUND
solution score : 507

	#choice: 31901
	#fail: 15831
	execution time (ms): 16407
	#sols : 67
	completed : false

NEW SOLUTION FOUND
solution score : 508

	#choice: 32580
	#fail: 16164
	execution time (ms): 16674
	#sols : 68
	completed : false

NEW SOLUTION FOUND
solution score : 509

	#choice: 32987
	#fail: 16366
	execution time (ms): 16761
	#sols : 69
	completed : false

NEW SOLUTION FOUND
solution score : 510

	#choice: 33476
	#fail: 16611
	execution time (ms): 16910
	#sols : 70
	completed : false

NEW SOLUTION FOUND
solution score : 511

	#choice: 33859
	#fail: 16803
	execution time (ms): 16980
	#sols : 71
	completed : false

NEW SOLUTION FOUND
solution score : 512

	#choice: 35620
	#fail: 17687
	execution time (ms): 17912
	#sols : 72
	completed : false

NEW SOLUTION FOUND
solution score : 513

	#choice: 36051
	#fail: 17892
	execution time (ms): 18014
	#sols : 73
	completed : false

NEW SOLUTION FOUND
solution score : 514

	#choice: 36428
	#fail: 18096
	execution time (ms): 18079
	#sols : 74
	completed : false

NEW SOLUTION FOUND
solution score : 515

	#choice: 36883
	#fail: 18318
	execution time (ms): 18204
	#sols : 75
	completed : false

NEW SOLUTION FOUND
solution score : 516

	#choice: 40292
	#fail: 20023
	execution time (ms): 20372
	#sols : 76
	completed : false

NEW SOLUTION FOUND
solution score : 517

	#choice: 40721
	#fail: 20237
	execution time (ms): 20476
	#sols : 77
	completed : false

NEW SOLUTION FOUND
solution score : 518

	#choice: 41304
	#fail: 20527
	execution time (ms): 20686
	#sols : 78
	completed : false

NEW SOLUTION FOUND
solution score : 519

	#choice: 41750
	#fail: 20748
	execution time (ms): 20798
	#sols : 79
	completed : false

NEW SOLUTION FOUND
solution score : 520

	#choice: 42608
	#fail: 21178
	execution time (ms): 21163
	#sols : 80
	completed : false

NEW SOLUTION FOUND
solution score : 521

	#choice: 43676
	#fail: 21713
	execution time (ms): 21666
	#sols : 81
	completed : false

NEW SOLUTION FOUND
solution score : 522

	#choice: 44051
	#fail: 21901
	execution time (ms): 21737
	#sols : 82
	completed : false

NEW SOLUTION FOUND
solution score : 523

	#choice: 44598
	#fail: 22177
	execution time (ms): 21891
	#sols : 83
	completed : false

NEW SOLUTION FOUND
solution score : 524

	#choice: 44973
	#fail: 22360
	execution time (ms): 21960
	#sols : 84
	completed : false

NEW SOLUTION FOUND
solution score : 525

	#choice: 45568
	#fail: 22668
	execution time (ms): 22165
	#sols : 85
	completed : false

NEW SOLUTION FOUND
solution score : 526

	#choice: 46601
	#fail: 23181
	execution time (ms): 22665
	#sols : 86
	completed : false

NEW SOLUTION FOUND
solution score : 527

	#choice: 46951
	#fail: 23359
	execution time (ms): 22730
	#sols : 87
	completed : false

NEW SOLUTION FOUND
solution score : 528

	#choice: 47334
	#fail: 23540
	execution time (ms): 22812
	#sols : 88
	completed : false

NEW SOLUTION FOUND
solution score : 529

	#choice: 50129
	#fail: 24945
	execution time (ms): 24620
	#sols : 89
	completed : false

NEW SOLUTION FOUND
solution score : 530

	#choice: 50625
	#fail: 25179
	execution time (ms): 24761
	#sols : 90
	completed : false

NEW SOLUTION FOUND
solution score : 531

	#choice: 54941
	#fail: 27353
	execution time (ms): 27630
	#sols : 91
	completed : false

NEW SOLUTION FOUND
solution score : 532

	#choice: 55321
	#fail: 27535
	execution time (ms): 27706
	#sols : 92
	completed : false

NEW SOLUTION FOUND
solution score : 533

	#choice: 55709
	#fail: 27732
	execution time (ms): 27782
	#sols : 93
	completed : false

NEW SOLUTION FOUND
solution score : 534

	#choice: 254587
	#fail: 127177
	execution time (ms): 78975
	#sols : 94
	completed : false

NEW SOLUTION FOUND
solution score : 535

	#choice: 254966
	#fail: 127358
	execution time (ms): 79055
	#sols : 95
	completed : false

NEW SOLUTION FOUND
solution score : 536

	#choice: 255894
	#fail: 127823
	execution time (ms): 79492
	#sols : 96
	completed : false

NEW SOLUTION FOUND
solution score : 537

	#choice: 262546
	#fail: 131150
	execution time (ms): 84021
	#sols : 97
	completed : false

NEW SOLUTION FOUND
solution score : 538

	#choice: 262812
	#fail: 131288
	execution time (ms): 84071
	#sols : 98
	completed : false

NEW SOLUTION FOUND
solution score : 539

	#choice: 263865
	#fail: 131813
	execution time (ms): 84631
	#sols : 99
	completed : false

NEW SOLUTION FOUND
solution score : 540

	#choice: 264235
	#fail: 131992
	execution time (ms): 84703
	#sols : 100
	completed : false

NEW SOLUTION FOUND
solution score : 541

	#choice: 264673
	#fail: 132215
	execution time (ms): 84863
	#sols : 101
	completed : false

NEW SOLUTION FOUND
solution score : 542

	#choice: 264992
	#fail: 132375
	execution time (ms): 84926
	#sols : 102
	completed : false

NEW SOLUTION FOUND
solution score : 543

	#choice: 265316
	#fail: 132539
	execution time (ms): 85014
	#sols : 103
	completed : false

NEW SOLUTION FOUND
solution score : 544

	#choice: 265795
	#fail: 132774
	execution time (ms): 85118
	#sols : 104
	completed : false

NEW SOLUTION FOUND
solution score : 545

	#choice: 266257
	#fail: 133007
	execution time (ms): 85305
	#sols : 105
	completed : false

NEW SOLUTION FOUND
solution score : 546

	#choice: 267752
	#fail: 133755
	execution time (ms): 86266
	#sols : 106
	completed : false

NEW SOLUTION FOUND
solution score : 547

	#choice: 268186
	#fail: 133971
	execution time (ms): 86414
	#sols : 107
	completed : false

NEW SOLUTION FOUND
solution score : 548

	#choice: 268560
	#fail: 134154
	execution time (ms): 86517
	#sols : 108
	completed : false

NEW SOLUTION FOUND
solution score : 549

	#choice: 281821
	#fail: 140788
	execution time (ms): 95667
	#sols : 109
	completed : false

NEW SOLUTION FOUND
solution score : 550

	#choice: 282738
	#fail: 141244
	execution time (ms): 96141
	#sols : 110
	completed : false

NEW SOLUTION FOUND
solution score : 551

	#choice: 283170
	#fail: 141461
	execution time (ms): 96231
	#sols : 111
	completed : false

NEW SOLUTION FOUND
solution score : 552

	#choice: 283492
	#fail: 141627
	execution time (ms): 96306
	#sols : 112
	completed : false

NEW SOLUTION FOUND
solution score : 553

	#choice: 284594
	#fail: 142177
	execution time (ms): 96862
	#sols : 113
	completed : false

NEW SOLUTION FOUND
solution score : 554

	#choice: 284901
	#fail: 142327
	execution time (ms): 96918
	#sols : 114
	completed : false

NEW SOLUTION FOUND
solution score : 555

	#choice: 285707
	#fail: 142733
	execution time (ms): 97292
	#sols : 115
	completed : false

NEW SOLUTION FOUND
solution score : 556

	#choice: 286128
	#fail: 142941
	execution time (ms): 97424
	#sols : 116
	completed : false

NEW SOLUTION FOUND
solution score : 557

	#choice: 286697
	#fail: 143217
	execution time (ms): 97582
	#sols : 117
	completed : false

NEW SOLUTION FOUND
solution score : 558

	#choice: 287071
	#fail: 143415
	execution time (ms): 97648
	#sols : 118
	completed : false

NEW SOLUTION FOUND
solution score : 559

	#choice: 287796
	#fail: 143775
	execution time (ms): 97944
	#sols : 119
	completed : false

NEW SOLUTION FOUND
solution score : 560

	#choice: 288209
	#fail: 143980
	execution time (ms): 98024
	#sols : 120
	completed : false

NEW SOLUTION FOUND
solution score : 561

	#choice: 297121
	#fail: 148440
	execution time (ms): 103006
	#sols : 121
	completed : false

NEW SOLUTION FOUND
solution score : 562

	#choice: 297726
	#fail: 148737
	execution time (ms): 103226
	#sols : 122
	completed : false

NEW SOLUTION FOUND
solution score : 563

	#choice: 298100
	#fail: 148929
	execution time (ms): 103303
	#sols : 123
	completed : false

NEW SOLUTION FOUND
solution score : 564

	#choice: 300344
	#fail: 150046
	execution time (ms): 104607
	#sols : 124
	completed : false

NEW SOLUTION FOUND
solution score : 565

	#choice: 301832
	#fail: 150793
	execution time (ms): 105405
	#sols : 125
	completed : false

NEW SOLUTION FOUND
solution score : 566

	#choice: 302249
	#fail: 151001
	execution time (ms): 105505
	#sols : 126
	completed : false

NEW SOLUTION FOUND
solution score : 567

	#choice: 302668
	#fail: 151206
	execution time (ms): 105609
	#sols : 127
	completed : false

NEW SOLUTION FOUND
solution score : 568

	#choice: 303187
	#fail: 151465
	execution time (ms): 105719
	#sols : 128
	completed : false

NEW SOLUTION FOUND
solution score : 569

	#choice: 303602
	#fail: 151673
	execution time (ms): 105806
	#sols : 129
	completed : false

NEW SOLUTION FOUND
solution score : 570

	#choice: 304042
	#fail: 151900
	execution time (ms): 105915
	#sols : 130
	completed : false

NEW SOLUTION FOUND
solution score : 571

	#choice: 304859
	#fail: 152298
	execution time (ms): 106216
	#sols : 131
	completed : false

NEW SOLUTION FOUND
solution score : 572

	#choice: 305250
	#fail: 152498
	execution time (ms): 106282
	#sols : 132
	completed : false

NEW SOLUTION FOUND
solution score : 573

	#choice: 305629
	#fail: 152687
	execution time (ms): 106348
	#sols : 133
	completed : false

NEW SOLUTION FOUND
solution score : 574

	#choice: 307206
	#fail: 153477
	execution time (ms): 107225
	#sols : 134
	completed : false

NEW SOLUTION FOUND
solution score : 575

	#choice: 308373
	#fail: 154064
	execution time (ms): 107752
	#sols : 135
	completed : false

NEW SOLUTION FOUND
solution score : 576

	#choice: 308757
	#fail: 154258
	execution time (ms): 107823
	#sols : 136
	completed : false

NEW SOLUTION FOUND
solution score : 577

	#choice: 309218
	#fail: 154488
	execution time (ms): 107947
	#sols : 137
	completed : false

NEW SOLUTION FOUND
solution score : 578

	#choice: 309647
	#fail: 154703
	execution time (ms): 108048
	#sols : 138
	completed : false

NEW SOLUTION FOUND
solution score : 579

	#choice: 310213
	#fail: 154983
	execution time (ms): 108240
	#sols : 139
	completed : false

NEW SOLUTION FOUND
solution score : 580

	#choice: 319605
	#fail: 159683
	execution time (ms): 113619
	#sols : 140
	completed : false

NEW SOLUTION FOUND
solution score : 581

	#choice: 320217
	#fail: 159984
	execution time (ms): 113841
	#sols : 141
	completed : false

NEW SOLUTION FOUND
solution score : 582

	#choice: 320654
	#fail: 160207
	execution time (ms): 113948
	#sols : 142
	completed : false

NEW SOLUTION FOUND
solution score : 583

	#choice: 321004
	#fail: 160387
	execution time (ms): 114014
	#sols : 143
	completed : false

NEW SOLUTION FOUND
solution score : 584

	#choice: 321456
	#fail: 160606
	execution time (ms): 114145
	#sols : 144
	completed : false

NEW SOLUTION FOUND
solution score : 585

	#choice: 321869
	#fail: 160824
	execution time (ms): 114235
	#sols : 145
	completed : false

NEW SOLUTION FOUND
solution score : 586

	#choice: 322257
	#fail: 161007
	execution time (ms): 114315
	#sols : 146
	completed : false

NEW SOLUTION FOUND
solution score : 587

	#choice: 322610
	#fail: 161187
	execution time (ms): 114377
	#sols : 147
	completed : false

NEW SOLUTION FOUND
solution score : 588

	#choice: 322997
	#fail: 161383
	execution time (ms): 114451
	#sols : 148
	completed : false

NEW SOLUTION FOUND
solution score : 589

	#choice: 323391
	#fail: 161570
	execution time (ms): 114535
	#sols : 149
	completed : false

NEW SOLUTION FOUND
solution score : 590

	#choice: 323964
	#fail: 161872
	execution time (ms): 114775
	#sols : 150
	completed : false

NEW SOLUTION FOUND
solution score : 591

	#choice: 324306
	#fail: 162030
	execution time (ms): 114840
	#sols : 151
	completed : false

NEW SOLUTION FOUND
solution score : 592

	#choice: 324717
	#fail: 162235
	execution time (ms): 114915
	#sols : 152
	completed : false

NEW SOLUTION FOUND
solution score : 593

	#choice: 325065
	#fail: 162419
	execution time (ms): 114977
	#sols : 153
	completed : false

NEW SOLUTION FOUND
solution score : 594

	#choice: 327604
	#fail: 163687
	execution time (ms): 116453
	#sols : 154
	completed : false

NEW SOLUTION FOUND
solution score : 595

	#choice: 327990
	#fail: 163869
	execution time (ms): 116537
	#sols : 155
	completed : false

NEW SOLUTION FOUND
solution score : 596

	#choice: 329482
	#fail: 164623
	execution time (ms): 117284
	#sols : 156
	completed : false

NEW SOLUTION FOUND
solution score : 597

	#choice: 329915
	#fail: 164837
	execution time (ms): 117381
	#sols : 157
	completed : false

NEW SOLUTION FOUND
solution score : 598

	#choice: 330389
	#fail: 165079
	execution time (ms): 117534
	#sols : 158
	completed : false

NEW SOLUTION FOUND
solution score : 599

	#choice: 330818
	#fail: 165285
	execution time (ms): 117620
	#sols : 159
	completed : false

NEW SOLUTION FOUND
solution score : 600

	#choice: 331179
	#fail: 165470
	execution time (ms): 117686
	#sols : 160
	completed : false

NEW SOLUTION FOUND
solution score : 601

	#choice: 331549
	#fail: 165651
	execution time (ms): 117757
	#sols : 161
	completed : false

NEW SOLUTION FOUND
solution score : 602

	#choice: 332216
	#fail: 165993
	execution time (ms): 117991
	#sols : 162
	completed : false

NEW SOLUTION FOUND
solution score : 603

	#choice: 332620
	#fail: 166188
	execution time (ms): 118093
	#sols : 163
	completed : false

NEW SOLUTION FOUND
solution score : 604

	#choice: 333124
	#fail: 166437
	execution time (ms): 118230
	#sols : 164
	completed : false

NEW SOLUTION FOUND
solution score : 605

	#choice: 334134
	#fail: 166945
	execution time (ms): 118587
	#sols : 165
	completed : false

NEW SOLUTION FOUND
solution score : 606

	#choice: 334907
	#fail: 167336
	execution time (ms): 118920
	#sols : 166
	completed : false

NEW SOLUTION FOUND
solution score : 607

	#choice: 336481
	#fail: 168130
	execution time (ms): 119653
	#sols : 167
	completed : false

NEW SOLUTION FOUND
solution score : 608

	#choice: 337120
	#fail: 168441
	execution time (ms): 119903
	#sols : 168
	completed : false

NEW SOLUTION FOUND
solution score : 609

	#choice: 338173
	#fail: 168966
	execution time (ms): 120430
	#sols : 169
	completed : false

NEW SOLUTION FOUND
solution score : 610

	#choice: 340091
	#fail: 169932
	execution time (ms): 121671
	#sols : 170
	completed : false

NEW SOLUTION FOUND
solution score : 611

	#choice: 340441
	#fail: 170095
	execution time (ms): 121735
	#sols : 171
	completed : false

NEW SOLUTION FOUND
solution score : 612

	#choice: 345594
	#fail: 172681
	execution time (ms): 124774
	#sols : 172
	completed : false

NEW SOLUTION FOUND
solution score : 613

	#choice: 346282
	#fail: 173027
	execution time (ms): 125018
	#sols : 173
	completed : false

NEW SOLUTION FOUND
solution score : 614

	#choice: 346671
	#fail: 173219
	execution time (ms): 125105
	#sols : 174
	completed : false

NEW SOLUTION FOUND
solution score : 615

	#choice: 348204
	#fail: 173988
	execution time (ms): 125846
	#sols : 175
	completed : false

NEW SOLUTION FOUND
solution score : 616

	#choice: 348618
	#fail: 174193
	execution time (ms): 125929
	#sols : 176
	completed : false

NEW SOLUTION FOUND
solution score : 617

	#choice: 348951
	#fail: 174361
	execution time (ms): 125989
	#sols : 177
	completed : false

NEW SOLUTION FOUND
solution score : 618

	#choice: 349830
	#fail: 174799
	execution time (ms): 126340
	#sols : 178
	completed : false

NEW SOLUTION FOUND
solution score : 619

	#choice: 350496
	#fail: 175128
	execution time (ms): 126558
	#sols : 179
	completed : false

NEW SOLUTION FOUND
solution score : 620

	#choice: 350856
	#fail: 175311
	execution time (ms): 126629
	#sols : 180
	completed : false

NEW SOLUTION FOUND
solution score : 621

	#choice: 351248
	#fail: 175503
	execution time (ms): 126709
	#sols : 181
	completed : false

NEW SOLUTION FOUND
solution score : 622

	#choice: 356322
	#fail: 178048
	execution time (ms): 130147
	#sols : 182
	completed : false

NEW SOLUTION FOUND
solution score : 623

	#choice: 357639
	#fail: 178704
	execution time (ms): 130792
	#sols : 183
	completed : false

NEW SOLUTION FOUND
solution score : 624

	#choice: 358333
	#fail: 179047
	execution time (ms): 131028
	#sols : 184
	completed : false

NEW SOLUTION FOUND
solution score : 625

	#choice: 358711
	#fail: 179236
	execution time (ms): 131111
	#sols : 185
	completed : false

NEW SOLUTION FOUND
solution score : 626

	#choice: 359540
	#fail: 179658
	execution time (ms): 131434
	#sols : 186
	completed : false

NEW SOLUTION FOUND
solution score : 627

	#choice: 360140
	#fail: 179950
	execution time (ms): 131635
	#sols : 187
	completed : false

NEW SOLUTION FOUND
solution score : 628

	#choice: 360563
	#fail: 180171
	execution time (ms): 131718
	#sols : 188
	completed : false

NEW SOLUTION FOUND
solution score : 629

	#choice: 361105
	#fail: 180433
	execution time (ms): 131918
	#sols : 189
	completed : false

NEW SOLUTION FOUND
solution score : 630

	#choice: 361606
	#fail: 180686
	execution time (ms): 132063
	#sols : 190
	completed : false

NEW SOLUTION FOUND
solution score : 631

	#choice: 362224
	#fail: 181005
	execution time (ms): 132307
	#sols : 191
	completed : false

NEW SOLUTION FOUND
solution score : 632

	#choice: 362704
	#fail: 181226
	execution time (ms): 132434
	#sols : 192
	completed : false

NEW SOLUTION FOUND
solution score : 633

	#choice: 363401
	#fail: 181578
	execution time (ms): 132716
	#sols : 193
	completed : false

NEW SOLUTION FOUND
solution score : 634

	#choice: 363927
	#fail: 181844
	execution time (ms): 132853
	#sols : 194
	completed : false

NEW SOLUTION FOUND
solution score : 635

	#choice: 364339
	#fail: 182053
	execution time (ms): 132962
	#sols : 195
	completed : false

NEW SOLUTION FOUND
solution score : 636

	#choice: 365677
	#fail: 182715
	execution time (ms): 133606
	#sols : 196
	completed : false

NEW SOLUTION FOUND
solution score : 637

	#choice: 366061
	#fail: 182910
	execution time (ms): 133674
	#sols : 197
	completed : false

NEW SOLUTION FOUND
solution score : 638

	#choice: 366682
	#fail: 183225
	execution time (ms): 133906
	#sols : 198
	completed : false

NEW SOLUTION FOUND
solution score : 639

	#choice: 367228
	#fail: 183500
	execution time (ms): 134096
	#sols : 199
	completed : false

NEW SOLUTION FOUND
solution score : 640

	#choice: 367671
	#fail: 183716
	execution time (ms): 134187
	#sols : 200
	completed : false

NEW SOLUTION FOUND
solution score : 641

	#choice: 368222
	#fail: 183990
	execution time (ms): 134329
	#sols : 201
	completed : false

NEW SOLUTION FOUND
solution score : 642

	#choice: 368717
	#fail: 184246
	execution time (ms): 134500
	#sols : 202
	completed : false

NEW SOLUTION FOUND
solution score : 643

	#choice: 369934
	#fail: 184850
	execution time (ms): 134995
	#sols : 203
	completed : false

NEW SOLUTION FOUND
solution score : 644

	#choice: 374922
	#fail: 187343
	execution time (ms): 137777
	#sols : 204
	completed : false

NEW SOLUTION FOUND
solution score : 645

	#choice: 375745
	#fail: 187755
	execution time (ms): 138127
	#sols : 205
	completed : false

NEW SOLUTION FOUND
solution score : 646

	#choice: 376513
	#fail: 188137
	execution time (ms): 138441
	#sols : 206
	completed : false

NEW SOLUTION FOUND
solution score : 647

	#choice: 378878
	#fail: 189319
	execution time (ms): 139630
	#sols : 207
	completed : false

NEW SOLUTION FOUND
solution score : 648

	#choice: 379360
	#fail: 189565
	execution time (ms): 139833
	#sols : 208
	completed : false

NEW SOLUTION FOUND
solution score : 649

	#choice: 379775
	#fail: 189773
	execution time (ms): 139964
	#sols : 209
	completed : false

NEW SOLUTION FOUND
solution score : 650

	#choice: 380187
	#fail: 189975
	execution time (ms): 140076
	#sols : 210
	completed : false

NEW SOLUTION FOUND
solution score : 651

	#choice: 380682
	#fail: 190225
	execution time (ms): 140200
	#sols : 211
	completed : false

NEW SOLUTION FOUND
solution score : 652

	#choice: 381032
	#fail: 190400
	execution time (ms): 140265
	#sols : 212
	completed : false

NEW SOLUTION FOUND
solution score : 653

	#choice: 381989
	#fail: 190877
	execution time (ms): 140658
	#sols : 213
	completed : false

NEW SOLUTION FOUND
solution score : 654

	#choice: 382364
	#fail: 191065
	execution time (ms): 140730
	#sols : 214
	completed : false

NEW SOLUTION FOUND
solution score : 655

	#choice: 382766
	#fail: 191266
	execution time (ms): 140812
	#sols : 215
	completed : false

NEW SOLUTION FOUND
solution score : 656

	#choice: 383224
	#fail: 191495
	execution time (ms): 140960
	#sols : 216
	completed : false

NEW SOLUTION FOUND
solution score : 657

	#choice: 384840
	#fail: 192308
	execution time (ms): 141833
	#sols : 217
	completed : false

NEW SOLUTION FOUND
solution score : 658

	#choice: 385201
	#fail: 192474
	execution time (ms): 141900
	#sols : 218
	completed : false

NEW SOLUTION FOUND
solution score : 659

	#choice: 385671
	#fail: 192715
	execution time (ms): 141990
	#sols : 219
	completed : false

NEW SOLUTION FOUND
solution score : 660

	#choice: 386498
	#fail: 193129
	execution time (ms): 142391
	#sols : 220
	completed : false

NEW SOLUTION FOUND
solution score : 661

	#choice: 386935
	#fail: 193353
	execution time (ms): 142476
	#sols : 221
	completed : false

NEW SOLUTION FOUND
solution score : 662

	#choice: 387362
	#fail: 193561
	execution time (ms): 142589
	#sols : 222
	completed : false

NEW SOLUTION FOUND
solution score : 663

	#choice: 387803
	#fail: 193784
	execution time (ms): 142672
	#sols : 223
	completed : false

NEW SOLUTION FOUND
solution score : 664

	#choice: 388160
	#fail: 193963
	execution time (ms): 142737
	#sols : 224
	completed : false

NEW SOLUTION FOUND
solution score : 665

	#choice: 388621
	#fail: 194192
	execution time (ms): 142835
	#sols : 225
	completed : false

NEW SOLUTION FOUND
solution score : 666

	#choice: 389533
	#fail: 194652
	execution time (ms): 143199
	#sols : 226
	completed : false

NEW SOLUTION FOUND
solution score : 667

	#choice: 389883
	#fail: 194832
	execution time (ms): 143281
	#sols : 227
	completed : false

NEW SOLUTION FOUND
solution score : 668

	#choice: 391176
	#fail: 195467
	execution time (ms): 143927
	#sols : 228
	completed : false

NEW SOLUTION FOUND
solution score : 669

	#choice: 391550
	#fail: 195654
	execution time (ms): 143993
	#sols : 229
	completed : false

NEW SOLUTION FOUND
solution score : 670

	#choice: 392321
	#fail: 196043
	execution time (ms): 144301
	#sols : 230
	completed : false

NEW SOLUTION FOUND
solution score : 671

	#choice: 392760
	#fail: 196265
	execution time (ms): 144433
	#sols : 231
	completed : false

NEW SOLUTION FOUND
solution score : 672

	#choice: 393248
	#fail: 196502
	execution time (ms): 144553
	#sols : 232
	completed : false

NEW SOLUTION FOUND
solution score : 673

	#choice: 393830
	#fail: 196800
	execution time (ms): 144716
	#sols : 233
	completed : false

NEW SOLUTION FOUND
solution score : 674

	#choice: 397375
	#fail: 198571
	execution time (ms): 146926
	#sols : 234
	completed : false

NEW SOLUTION FOUND
solution score : 675

	#choice: 397830
	#fail: 198795
	execution time (ms): 147023
	#sols : 235
	completed : false

NEW SOLUTION FOUND
solution score : 676

	#choice: 398539
	#fail: 199142
	execution time (ms): 147303
	#sols : 236
	completed : false

NEW SOLUTION FOUND
solution score : 677

	#choice: 399213
	#fail: 199486
	execution time (ms): 147546
	#sols : 237
	completed : false

NEW SOLUTION FOUND
solution score : 678

	#choice: 399827
	#fail: 199800
	execution time (ms): 147790
	#sols : 238
	completed : false

NEW SOLUTION FOUND
solution score : 679

	#choice: 400704
	#fail: 200239
	execution time (ms): 148173
	#sols : 239
	completed : false

NEW SOLUTION FOUND
solution score : 680

	#choice: 401547
	#fail: 200659
	execution time (ms): 148571
	#sols : 240
	completed : false

NEW SOLUTION FOUND
solution score : 681

	#choice: 402962
	#fail: 201365
	execution time (ms): 149194
	#sols : 241
	completed : false

NEW SOLUTION FOUND
solution score : 682

	#choice: 403329
	#fail: 201541
	execution time (ms): 149261
	#sols : 242
	completed : false

NEW SOLUTION FOUND
solution score : 683

	#choice: 403734
	#fail: 201757
	execution time (ms): 149352
	#sols : 243
	completed : false

NEW SOLUTION FOUND
solution score : 684

	#choice: 404079
	#fail: 201924
	execution time (ms): 149422
	#sols : 244
	completed : false

NEW SOLUTION FOUND
solution score : 685

	#choice: 404535
	#fail: 202152
	execution time (ms): 149525
	#sols : 245
	completed : false

NEW SOLUTION FOUND
solution score : 686

	#choice: 409403
	#fail: 204584
	execution time (ms): 152412
	#sols : 246
	completed : false

NEW SOLUTION FOUND
solution score : 687

	#choice: 410011
	#fail: 204879
	execution time (ms): 152602
	#sols : 247
	completed : false

NEW SOLUTION FOUND
solution score : 688

	#choice: 412269
	#fail: 206027
	execution time (ms): 153939
	#sols : 248
	completed : false

NEW SOLUTION FOUND
solution score : 689

	#choice: 412717
	#fail: 206239
	execution time (ms): 154037
	#sols : 249
	completed : false

NEW SOLUTION FOUND
solution score : 690

	#choice: 413404
	#fail: 206576
	execution time (ms): 154319
	#sols : 250
	completed : false

NEW SOLUTION FOUND
solution score : 691

	#choice: 413862
	#fail: 206816
	execution time (ms): 154411
	#sols : 251
	completed : false

NEW SOLUTION FOUND
solution score : 692

	#choice: 414444
	#fail: 207114
	execution time (ms): 154652
	#sols : 252
	completed : false

NEW SOLUTION FOUND
solution score : 693

	#choice: 415065
	#fail: 207414
	execution time (ms): 154849
	#sols : 253
	completed : false

NEW SOLUTION FOUND
solution score : 694

	#choice: 415569
	#fail: 207671
	execution time (ms): 154996
	#sols : 254
	completed : false

NEW SOLUTION FOUND
solution score : 695

	#choice: 416598
	#fail: 208181
	execution time (ms): 155489
	#sols : 255
	completed : false

NEW SOLUTION FOUND
solution score : 696

	#choice: 417173
	#fail: 208466
	execution time (ms): 155644
	#sols : 256
	completed : false

NEW SOLUTION FOUND
solution score : 697

	#choice: 429624
	#fail: 214703
	execution time (ms): 162642
	#sols : 257
	completed : false

NEW SOLUTION FOUND
solution score : 698

	#choice: 430053
	#fail: 214912
	execution time (ms): 162736
	#sols : 258
	completed : false

NEW SOLUTION FOUND
solution score : 699

	#choice: 430413
	#fail: 215092
	execution time (ms): 162807
	#sols : 259
	completed : false

NEW SOLUTION FOUND
solution score : 700

	#choice: 431066
	#fail: 215411
	execution time (ms): 163188
	#sols : 260
	completed : false

END OF SEARCH

	#choice: 431310
	#fail: 215656
	execution time (ms): 163189
	#sols : 260
	completed : true

