INFO
n : 30
nbHoles : 600
nbFile : 8
objective : diagonal
search: lds
bp : sum_product
branchingScheme : max_marginal_regret
oracle : true
truncateRate : 50
START SEARCH
NEW SOLUTION FOUND
solution score : 459

	#choice: 381
	#fail: 2
	execution time (ms): 3083
	#sols : 1
	completed : false

NEW SOLUTION FOUND
solution score : 474

	#choice: 468
	#fail: 12
	execution time (ms): 3307
	#sols : 2
	completed : false

NEW SOLUTION FOUND
solution score : 475

	#choice: 502
	#fail: 16
	execution time (ms): 3412
	#sols : 3
	completed : false

NEW SOLUTION FOUND
solution score : 483

	#choice: 564
	#fail: 21
	execution time (ms): 3536
	#sols : 4
	completed : false

NEW SOLUTION FOUND
solution score : 487

	#choice: 583
	#fail: 22
	execution time (ms): 3571
	#sols : 5
	completed : false

NEW SOLUTION FOUND
solution score : 495

	#choice: 723
	#fail: 30
	execution time (ms): 3827
	#sols : 6
	completed : false

NEW SOLUTION FOUND
solution score : 497

	#choice: 755
	#fail: 32
	execution time (ms): 3908
	#sols : 7
	completed : false

NEW SOLUTION FOUND
solution score : 499

	#choice: 927
	#fail: 38
	execution time (ms): 4333
	#sols : 8
	completed : false

NEW SOLUTION FOUND
solution score : 505

	#choice: 1256
	#fail: 47
	execution time (ms): 5309
	#sols : 9
	completed : false

NEW SOLUTION FOUND
solution score : 510

	#choice: 1349
	#fail: 49
	execution time (ms): 5554
	#sols : 10
	completed : false

NEW SOLUTION FOUND
solution score : 514

	#choice: 1798
	#fail: 58
	execution time (ms): 6777
	#sols : 11
	completed : false

NEW SOLUTION FOUND
solution score : 515

	#choice: 1916
	#fail: 60
	execution time (ms): 7108
	#sols : 12
	completed : false

NEW SOLUTION FOUND
solution score : 516

	#choice: 1975
	#fail: 61
	execution time (ms): 7264
	#sols : 13
	completed : false

NEW SOLUTION FOUND
solution score : 518

	#choice: 2104
	#fail: 63
	execution time (ms): 7623
	#sols : 14
	completed : false

NEW SOLUTION FOUND
solution score : 521

	#choice: 2223
	#fail: 65
	execution time (ms): 7970
	#sols : 15
	completed : false

NEW SOLUTION FOUND
solution score : 526

	#choice: 2420
	#fail: 68
	execution time (ms): 8511
	#sols : 16
	completed : false

NEW SOLUTION FOUND
solution score : 527

	#choice: 2496
	#fail: 69
	execution time (ms): 8858
	#sols : 17
	completed : false

NEW SOLUTION FOUND
solution score : 528

	#choice: 2643
	#fail: 72
	execution time (ms): 9319
	#sols : 18
	completed : false

NEW SOLUTION FOUND
solution score : 532

	#choice: 3515
	#fail: 83
	execution time (ms): 11799
	#sols : 19
	completed : false

NEW SOLUTION FOUND
solution score : 535

	#choice: 3953
	#fail: 88
	execution time (ms): 13159
	#sols : 20
	completed : false

NEW SOLUTION FOUND
solution score : 540

	#choice: 4044
	#fail: 89
	execution time (ms): 13387
	#sols : 21
	completed : false

NEW SOLUTION FOUND
solution score : 548

	#choice: 4247
	#fail: 91
	execution time (ms): 13928
	#sols : 22
	completed : false

NEW SOLUTION FOUND
solution score : 550

	#choice: 4733
	#fail: 96
	execution time (ms): 15150
	#sols : 23
	completed : false

NEW SOLUTION FOUND
solution score : 552

	#choice: 5014
	#fail: 99
	execution time (ms): 15929
	#sols : 24
	completed : false

NEW SOLUTION FOUND
solution score : 553

	#choice: 5225
	#fail: 101
	execution time (ms): 16498
	#sols : 25
	completed : false

NEW SOLUTION FOUND
solution score : 572

	#choice: 5640
	#fail: 105
	execution time (ms): 17643
	#sols : 26
	completed : false

NEW SOLUTION FOUND
solution score : 574

	#choice: 5749
	#fail: 106
	execution time (ms): 17953
	#sols : 27
	completed : false

NEW SOLUTION FOUND
solution score : 579

	#choice: 5847
	#fail: 107
	execution time (ms): 18250
	#sols : 28
	completed : false

NEW SOLUTION FOUND
solution score : 580

	#choice: 6269
	#fail: 111
	execution time (ms): 19350
	#sols : 29
	completed : false

NEW SOLUTION FOUND
solution score : 581

	#choice: 6477
	#fail: 113
	execution time (ms): 20464
	#sols : 30
	completed : false

NEW SOLUTION FOUND
solution score : 592

	#choice: 6598
	#fail: 114
	execution time (ms): 20804
	#sols : 31
	completed : false

NEW SOLUTION FOUND
solution score : 598

	#choice: 6831
	#fail: 116
	execution time (ms): 21686
	#sols : 32
	completed : false

NEW SOLUTION FOUND
solution score : 600

	#choice: 7974
	#fail: 126
	execution time (ms): 24602
	#sols : 33
	completed : false

NEW SOLUTION FOUND
solution score : 601

	#choice: 8338
	#fail: 129
	execution time (ms): 25604
	#sols : 34
	completed : false

NEW SOLUTION FOUND
solution score : 602

	#choice: 8959
	#fail: 134
	execution time (ms): 27102
	#sols : 35
	completed : false

NEW SOLUTION FOUND
solution score : 605

	#choice: 9217
	#fail: 136
	execution time (ms): 27720
	#sols : 36
	completed : false

NEW SOLUTION FOUND
solution score : 608

	#choice: 9357
	#fail: 137
	execution time (ms): 28043
	#sols : 37
	completed : false

NEW SOLUTION FOUND
solution score : 613

	#choice: 9917
	#fail: 141
	execution time (ms): 29359
	#sols : 38
	completed : false

NEW SOLUTION FOUND
solution score : 614

	#choice: 10182
	#fail: 143
	execution time (ms): 29924
	#sols : 39
	completed : false

NEW SOLUTION FOUND
solution score : 615

	#choice: 10332
	#fail: 151
	execution time (ms): 30241
	#sols : 40
	completed : false

NEW SOLUTION FOUND
solution score : 616

	#choice: 10479
	#fail: 152
	execution time (ms): 30609
	#sols : 41
	completed : false

NEW SOLUTION FOUND
solution score : 617

	#choice: 10749
	#fail: 155
	execution time (ms): 31224
	#sols : 42
	completed : false

NEW SOLUTION FOUND
solution score : 618

	#choice: 11052
	#fail: 157
	execution time (ms): 31986
	#sols : 43
	completed : false

NEW SOLUTION FOUND
solution score : 622

	#choice: 12119
	#fail: 167
	execution time (ms): 34556
	#sols : 44
	completed : false

NEW SOLUTION FOUND
solution score : 625

	#choice: 12427
	#fail: 169
	execution time (ms): 35330
	#sols : 45
	completed : false

NEW SOLUTION FOUND
solution score : 628

	#choice: 12590
	#fail: 170
	execution time (ms): 35715
	#sols : 46
	completed : false

NEW SOLUTION FOUND
solution score : 629

	#choice: 13378
	#fail: 175
	execution time (ms): 37624
	#sols : 47
	completed : false

NEW SOLUTION FOUND
solution score : 630

	#choice: 13702
	#fail: 178
	execution time (ms): 38414
	#sols : 48
	completed : false

NEW SOLUTION FOUND
solution score : 633

	#choice: 13879
	#fail: 179
	execution time (ms): 38779
	#sols : 49
	completed : false

NEW SOLUTION FOUND
solution score : 634

	#choice: 14209
	#fail: 181
	execution time (ms): 39539
	#sols : 50
	completed : false

NEW SOLUTION FOUND
solution score : 635

	#choice: 14627
	#fail: 208
	execution time (ms): 40464
	#sols : 51
	completed : false

NEW SOLUTION FOUND
solution score : 637

	#choice: 14836
	#fail: 209
	execution time (ms): 40955
	#sols : 52
	completed : false

NEW SOLUTION FOUND
solution score : 638

	#choice: 15039
	#fail: 210
	execution time (ms): 41349
	#sols : 53
	completed : false

NEW SOLUTION FOUND
solution score : 640

	#choice: 15664
	#fail: 213
	execution time (ms): 42745
	#sols : 54
	completed : false

NEW SOLUTION FOUND
solution score : 644

	#choice: 16082
	#fail: 215
	execution time (ms): 43728
	#sols : 55
	completed : false

NEW SOLUTION FOUND
solution score : 650

	#choice: 16291
	#fail: 216
	execution time (ms): 44218
	#sols : 56
	completed : false

NEW SOLUTION FOUND
solution score : 651

	#choice: 16506
	#fail: 217
	execution time (ms): 44707
	#sols : 57
	completed : false

NEW SOLUTION FOUND
solution score : 662

	#choice: 16772
	#fail: 244
	execution time (ms): 45299
	#sols : 58
	completed : false

NEW SOLUTION FOUND
solution score : 663

	#choice: 17201
	#fail: 246
	execution time (ms): 46370
	#sols : 59
	completed : false

NEW SOLUTION FOUND
solution score : 664

	#choice: 17870
	#fail: 249
	execution time (ms): 48063
	#sols : 60
	completed : false

NEW SOLUTION FOUND
solution score : 665

	#choice: 18174
	#fail: 289
	execution time (ms): 48688
	#sols : 61
	completed : false

NEW SOLUTION FOUND
solution score : 668

	#choice: 19880
	#fail: 296
	execution time (ms): 52781
	#sols : 62
	completed : false

NEW SOLUTION FOUND
solution score : 669

	#choice: 21015
	#fail: 300
	execution time (ms): 55611
	#sols : 63
	completed : false

NEW SOLUTION FOUND
solution score : 670

	#choice: 22186
	#fail: 304
	execution time (ms): 58424
	#sols : 64
	completed : false

NEW SOLUTION FOUND
solution score : 672

	#choice: 22502
	#fail: 315
	execution time (ms): 59101
	#sols : 65
	completed : false

NEW SOLUTION FOUND
solution score : 675

	#choice: 23125
	#fail: 321
	execution time (ms): 60617
	#sols : 66
	completed : false

NEW SOLUTION FOUND
solution score : 676

	#choice: 23430
	#fail: 322
	execution time (ms): 61390
	#sols : 67
	completed : false

NEW SOLUTION FOUND
solution score : 677

	#choice: 24035
	#fail: 324
	execution time (ms): 62820
	#sols : 68
	completed : false

NEW SOLUTION FOUND
solution score : 682

	#choice: 24363
	#fail: 334
	execution time (ms): 63625
	#sols : 69
	completed : false

NEW SOLUTION FOUND
solution score : 683

	#choice: 24694
	#fail: 339
	execution time (ms): 64433
	#sols : 70
	completed : false

NEW SOLUTION FOUND
solution score : 685

	#choice: 25765
	#fail: 356
	execution time (ms): 67049
	#sols : 71
	completed : false

NEW SOLUTION FOUND
solution score : 688

	#choice: 26119
	#fail: 357
	execution time (ms): 67859
	#sols : 72
	completed : false

NEW SOLUTION FOUND
solution score : 690

	#choice: 26451
	#fail: 358
	execution time (ms): 68747
	#sols : 73
	completed : false

END OF SEARCH

	#choice: 26491
	#fail: 399
	execution time (ms): 68756
	#sols : 73
	completed : true

