objective : diagonal
search: dfs
bp : max_product
branchingScheme : dom_wdeg_max_marginal
oracle : true
truncateRate : 50
START SEARCH
NEW SOLUTION FOUND
solution score : 710

	#choice: 412
	#fail: 3
	execution time (ms): 14726
	#sols : 1
	completed : false

NEW SOLUTION FOUND
solution score : 713

	#choice: 455
	#fail: 25
	execution time (ms): 14862
	#sols : 2
	completed : false

NEW SOLUTION FOUND
solution score : 714

	#choice: 518
	#fail: 64
	execution time (ms): 15080
	#sols : 3
	completed : false

NEW SOLUTION FOUND
solution score : 716

	#choice: 595
	#fail: 107
	execution time (ms): 15529
	#sols : 4
	completed : false

NEW SOLUTION FOUND
solution score : 727

	#choice: 785
	#fail: 190
	execution time (ms): 16607
	#sols : 5
	completed : false

NEW SOLUTION FOUND
solution score : 732

	#choice: 1051
	#fail: 333
	execution time (ms): 17707
	#sols : 6
	completed : false

NEW SOLUTION FOUND
solution score : 737

	#choice: 1450
	#fail: 529
	execution time (ms): 20082
	#sols : 7
	completed : false

NEW SOLUTION FOUND
solution score : 738

	#choice: 1950
	#fail: 782
	execution time (ms): 23089
	#sols : 8
	completed : false

NEW SOLUTION FOUND
solution score : 739

	#choice: 2493
	#fail: 1055
	execution time (ms): 26103
	#sols : 9
	completed : false

NEW SOLUTION FOUND
solution score : 740

	#choice: 3005
	#fail: 1314
	execution time (ms): 29172
	#sols : 10
	completed : false

END OF SEARCH

	#choice: 3382
	#fail: 1692
	execution time (ms): 29189
	#sols : 10
	completed : true

