objective : diagonal
search: lds
bp : no_bp
branchingScheme : dom_wdeg
oracle : false
truncateRate : 50
START SEARCH
NEW SOLUTION FOUND
solution score : 435

	#choice: 321
	#fail: 13
	execution time (ms): 802
	#sols : 1
	completed : false

NEW SOLUTION FOUND
solution score : 437

	#choice: 15619
	#fail: 394
	execution time (ms): 7687
	#sols : 2
	completed : false

NEW SOLUTION FOUND
solution score : 438

	#choice: 18576
	#fail: 547
	execution time (ms): 9081
	#sols : 3
	completed : false

NEW SOLUTION FOUND
solution score : 440

	#choice: 19375
	#fail: 577
	execution time (ms): 9401
	#sols : 4
	completed : false

NEW SOLUTION FOUND
solution score : 442

	#choice: 20839
	#fail: 669
	execution time (ms): 10171
	#sols : 5
	completed : false

NEW SOLUTION FOUND
solution score : 443

	#choice: 21060
	#fail: 704
	execution time (ms): 10244
	#sols : 6
	completed : false

NEW SOLUTION FOUND
solution score : 444

	#choice: 21188
	#fail: 707
	execution time (ms): 10296
	#sols : 7
	completed : false

NEW SOLUTION FOUND
solution score : 445

	#choice: 21358
	#fail: 711
	execution time (ms): 10361
	#sols : 8
	completed : false

NEW SOLUTION FOUND
solution score : 446

	#choice: 21683
	#fail: 782
	execution time (ms): 10471
	#sols : 9
	completed : false

NEW SOLUTION FOUND
solution score : 450

	#choice: 21882
	#fail: 830
	execution time (ms): 10534
	#sols : 10
	completed : false

NEW SOLUTION FOUND
solution score : 452

	#choice: 22337
	#fail: 866
	execution time (ms): 10730
	#sols : 11
	completed : false

NEW SOLUTION FOUND
solution score : 453

	#choice: 23282
	#fail: 914
	execution time (ms): 11068
	#sols : 12
	completed : false

NEW SOLUTION FOUND
solution score : 455

	#choice: 24447
	#fail: 1000
	execution time (ms): 11497
	#sols : 13
	completed : false

NEW SOLUTION FOUND
solution score : 457

	#choice: 24896
	#fail: 1035
	execution time (ms): 11673
	#sols : 14
	completed : false

NEW SOLUTION FOUND
solution score : 459

	#choice: 26804
	#fail: 1137
	execution time (ms): 12387
	#sols : 15
	completed : false

NEW SOLUTION FOUND
solution score : 460

	#choice: 27073
	#fail: 1199
	execution time (ms): 12471
	#sols : 16
	completed : false

NEW SOLUTION FOUND
solution score : 462

	#choice: 30609
	#fail: 1371
	execution time (ms): 13764
	#sols : 17
	completed : false

NEW SOLUTION FOUND
solution score : 463

	#choice: 32329
	#fail: 1452
	execution time (ms): 14368
	#sols : 18
	completed : false

NEW SOLUTION FOUND
solution score : 464

	#choice: 35392
	#fail: 1586
	execution time (ms): 15463
	#sols : 19
	completed : false

NEW SOLUTION FOUND
solution score : 465

	#choice: 35885
	#fail: 1622
	execution time (ms): 15635
	#sols : 20
	completed : false

NEW SOLUTION FOUND
solution score : 466

	#choice: 36376
	#fail: 1694
	execution time (ms): 15796
	#sols : 21
	completed : false

NEW SOLUTION FOUND
solution score : 467

	#choice: 36502
	#fail: 1758
	execution time (ms): 15822
	#sols : 22
	completed : false

NEW SOLUTION FOUND
solution score : 468

	#choice: 36737
	#fail: 1764
	execution time (ms): 15907
	#sols : 23
	completed : false

NEW SOLUTION FOUND
solution score : 469

	#choice: 36876
	#fail: 1833
	execution time (ms): 15933
	#sols : 24
	completed : false

NEW SOLUTION FOUND
solution score : 470

	#choice: 44453
	#fail: 2042
	execution time (ms): 18486
	#sols : 25
	completed : false

NEW SOLUTION FOUND
solution score : 471

	#choice: 44717
	#fail: 2065
	execution time (ms): 18581
	#sols : 26
	completed : false

NEW SOLUTION FOUND
solution score : 472

	#choice: 45502
	#fail: 2166
	execution time (ms): 18858
	#sols : 27
	completed : false

NEW SOLUTION FOUND
solution score : 473

	#choice: 45908
	#fail: 2222
	execution time (ms): 18991
	#sols : 28
	completed : false

NEW SOLUTION FOUND
solution score : 475

	#choice: 46146
	#fail: 2277
	execution time (ms): 19066
	#sols : 29
	completed : false

NEW SOLUTION FOUND
solution score : 476

	#choice: 46466
	#fail: 2357
	execution time (ms): 19148
	#sols : 30
	completed : false

NEW SOLUTION FOUND
solution score : 478

	#choice: 46817
	#fail: 2450
	execution time (ms): 19247
	#sols : 31
	completed : false

NEW SOLUTION FOUND
solution score : 479

	#choice: 47449
	#fail: 2539
	execution time (ms): 19467
	#sols : 32
	completed : false

NEW SOLUTION FOUND
solution score : 480

	#choice: 47895
	#fail: 2604
	execution time (ms): 19607
	#sols : 33
	completed : false

NEW SOLUTION FOUND
solution score : 481

	#choice: 48683
	#fail: 2713
	execution time (ms): 19880
	#sols : 34
	completed : false

NEW SOLUTION FOUND
solution score : 483

	#choice: 52613
	#fail: 2866
	execution time (ms): 21245
	#sols : 35
	completed : false

NEW SOLUTION FOUND
solution score : 484

	#choice: 53230
	#fail: 2938
	execution time (ms): 21477
	#sols : 36
	completed : false

NEW SOLUTION FOUND
solution score : 485

	#choice: 54017
	#fail: 3018
	execution time (ms): 21790
	#sols : 37
	completed : false

NEW SOLUTION FOUND
solution score : 487

	#choice: 54574
	#fail: 3087
	execution time (ms): 22001
	#sols : 38
	completed : false

NEW SOLUTION FOUND
solution score : 488

	#choice: 58722
	#fail: 3242
	execution time (ms): 23377
	#sols : 39
	completed : false

NEW SOLUTION FOUND
solution score : 489

	#choice: 59221
	#fail: 3306
	execution time (ms): 23579
	#sols : 40
	completed : false

NEW SOLUTION FOUND
solution score : 490

	#choice: 60348
	#fail: 3408
	execution time (ms): 23997
	#sols : 41
	completed : false

NEW SOLUTION FOUND
solution score : 491

	#choice: 60734
	#fail: 3459
	execution time (ms): 24140
	#sols : 42
	completed : false

NEW SOLUTION FOUND
solution score : 493

	#choice: 69735
	#fail: 3723
	execution time (ms): 27114
	#sols : 43
	completed : false

NEW SOLUTION FOUND
solution score : 495

	#choice: 71372
	#fail: 3782
	execution time (ms): 27703
	#sols : 44
	completed : false

NEW SOLUTION FOUND
solution score : 496

	#choice: 73187
	#fail: 3886
	execution time (ms): 28335
	#sols : 45
	completed : false

NEW SOLUTION FOUND
solution score : 497

	#choice: 75096
	#fail: 3982
	execution time (ms): 29008
	#sols : 46
	completed : false

NEW SOLUTION FOUND
solution score : 499

	#choice: 75598
	#fail: 4030
	execution time (ms): 29186
	#sols : 47
	completed : false

NEW SOLUTION FOUND
solution score : 500

	#choice: 76423
	#fail: 4146
	execution time (ms): 29470
	#sols : 48
	completed : false

NEW SOLUTION FOUND
solution score : 501

	#choice: 79461
	#fail: 4295
	execution time (ms): 30491
	#sols : 49
	completed : false

NEW SOLUTION FOUND
solution score : 502

	#choice: 80498
	#fail: 4348
	execution time (ms): 30816
	#sols : 50
	completed : false

NEW SOLUTION FOUND
solution score : 504

	#choice: 82826
	#fail: 4443
	execution time (ms): 31561
	#sols : 51
	completed : false

NEW SOLUTION FOUND
solution score : 505

	#choice: 84059
	#fail: 4535
	execution time (ms): 31918
	#sols : 52
	completed : false

NEW SOLUTION FOUND
solution score : 506

	#choice: 87885
	#fail: 4638
	execution time (ms): 33149
	#sols : 53
	completed : false

NEW SOLUTION FOUND
solution score : 508

	#choice: 89039
	#fail: 4698
	execution time (ms): 33572
	#sols : 54
	completed : false

NEW SOLUTION FOUND
solution score : 509

	#choice: 89891
	#fail: 4775
	execution time (ms): 33814
	#sols : 55
	completed : false

NEW SOLUTION FOUND
solution score : 510

	#choice: 90668
	#fail: 4816
	execution time (ms): 34100
	#sols : 56
	completed : false

NEW SOLUTION FOUND
solution score : 512

	#choice: 93621
	#fail: 4967
	execution time (ms): 35245
	#sols : 57
	completed : false

NEW SOLUTION FOUND
solution score : 513

	#choice: 94860
	#fail: 5062
	execution time (ms): 35643
	#sols : 58
	completed : false

NEW SOLUTION FOUND
solution score : 514

	#choice: 102632
	#fail: 5263
	execution time (ms): 38124
	#sols : 59
	completed : false

NEW SOLUTION FOUND
solution score : 516

	#choice: 116868
	#fail: 5558
	execution time (ms): 42651
	#sols : 60
	completed : false

NEW SOLUTION FOUND
solution score : 517

	#choice: 117741
	#fail: 5644
	execution time (ms): 42947
	#sols : 61
	completed : false

NEW SOLUTION FOUND
solution score : 518

	#choice: 122859
	#fail: 5835
	execution time (ms): 44521
	#sols : 62
	completed : false

NEW SOLUTION FOUND
solution score : 520

	#choice: 142982
	#fail: 6205
	execution time (ms): 51020
	#sols : 63
	completed : false

NEW SOLUTION FOUND
solution score : 521

	#choice: 144562
	#fail: 6298
	execution time (ms): 51560
	#sols : 64
	completed : false

NEW SOLUTION FOUND
solution score : 522

	#choice: 146395
	#fail: 6425
	execution time (ms): 52196
	#sols : 65
	completed : false

NEW SOLUTION FOUND
solution score : 523

	#choice: 151688
	#fail: 6598
	execution time (ms): 53856
	#sols : 66
	completed : false

NEW SOLUTION FOUND
solution score : 524

	#choice: 153041
	#fail: 6670
	execution time (ms): 54351
	#sols : 67
	completed : false

NEW SOLUTION FOUND
solution score : 525

	#choice: 153486
	#fail: 6769
	execution time (ms): 54495
	#sols : 68
	completed : false

NEW SOLUTION FOUND
solution score : 526

	#choice: 155404
	#fail: 6934
	execution time (ms): 55131
	#sols : 69
	completed : false

NEW SOLUTION FOUND
solution score : 527

	#choice: 155983
	#fail: 7027
	execution time (ms): 55332
	#sols : 70
	completed : false

NEW SOLUTION FOUND
solution score : 528

	#choice: 157441
	#fail: 7172
	execution time (ms): 55790
	#sols : 71
	completed : false

NEW SOLUTION FOUND
solution score : 530

	#choice: 172102
	#fail: 7503
	execution time (ms): 60327
	#sols : 72
	completed : false

NEW SOLUTION FOUND
solution score : 532

	#choice: 173419
	#fail: 7599
	execution time (ms): 60798
	#sols : 73
	completed : false

NEW SOLUTION FOUND
solution score : 533

	#choice: 174242
	#fail: 7711
	execution time (ms): 61038
	#sols : 74
	completed : false

NEW SOLUTION FOUND
solution score : 534

	#choice: 178518
	#fail: 7809
	execution time (ms): 62447
	#sols : 75
	completed : false

NEW SOLUTION FOUND
solution score : 535

	#choice: 178857
	#fail: 7884
	execution time (ms): 62542
	#sols : 76
	completed : false

NEW SOLUTION FOUND
solution score : 536

	#choice: 179377
	#fail: 8041
	execution time (ms): 62711
	#sols : 77
	completed : false

NEW SOLUTION FOUND
solution score : 537

	#choice: 190271
	#fail: 8304
	execution time (ms): 66097
	#sols : 78
	completed : false

NEW SOLUTION FOUND
solution score : 538

	#choice: 190543
	#fail: 8307
	execution time (ms): 66189
	#sols : 79
	completed : false

NEW SOLUTION FOUND
solution score : 539

	#choice: 205540
	#fail: 8672
	execution time (ms): 70907
	#sols : 80
	completed : false

NEW SOLUTION FOUND
solution score : 540

	#choice: 206140
	#fail: 8746
	execution time (ms): 71101
	#sols : 81
	completed : false

NEW SOLUTION FOUND
solution score : 541

	#choice: 209794
	#fail: 8970
	execution time (ms): 72293
	#sols : 82
	completed : false

NEW SOLUTION FOUND
solution score : 542

	#choice: 220626
	#fail: 9192
	execution time (ms): 75657
	#sols : 83
	completed : false

NEW SOLUTION FOUND
solution score : 543

	#choice: 224072
	#fail: 9380
	execution time (ms): 76661
	#sols : 84
	completed : false

NEW SOLUTION FOUND
solution score : 544

	#choice: 238283
	#fail: 9623
	execution time (ms): 81146
	#sols : 85
	completed : false

NEW SOLUTION FOUND
solution score : 545

	#choice: 238774
	#fail: 9785
	execution time (ms): 81256
	#sols : 86
	completed : false

NEW SOLUTION FOUND
solution score : 546

	#choice: 239259
	#fail: 9963
	execution time (ms): 81358
	#sols : 87
	completed : false

NEW SOLUTION FOUND
solution score : 547

	#choice: 239897
	#fail: 10101
	execution time (ms): 81535
	#sols : 88
	completed : false

NEW SOLUTION FOUND
solution score : 548

	#choice: 247292
	#fail: 10396
	execution time (ms): 83810
	#sols : 89
	completed : false

NEW SOLUTION FOUND
solution score : 549

	#choice: 250791
	#fail: 10521
	execution time (ms): 84988
	#sols : 90
	completed : false

NEW SOLUTION FOUND
solution score : 550

	#choice: 266301
	#fail: 10813
	execution time (ms): 90014
	#sols : 91
	completed : false

NEW SOLUTION FOUND
solution score : 551

	#choice: 267893
	#fail: 10974
	execution time (ms): 90549
	#sols : 92
	completed : false

NEW SOLUTION FOUND
solution score : 552

	#choice: 269234
	#fail: 11116
	execution time (ms): 90955
	#sols : 93
	completed : false

NEW SOLUTION FOUND
solution score : 553

	#choice: 278557
	#fail: 11252
	execution time (ms): 93871
	#sols : 94
	completed : false

NEW SOLUTION FOUND
solution score : 554

	#choice: 280657
	#fail: 11338
	execution time (ms): 94597
	#sols : 95
	completed : false

NEW SOLUTION FOUND
solution score : 555

	#choice: 301130
	#fail: 11692
	execution time (ms): 100986
	#sols : 96
	completed : false

NEW SOLUTION FOUND
solution score : 556

	#choice: 304193
	#fail: 11808
	execution time (ms): 102060
	#sols : 97
	completed : false

NEW SOLUTION FOUND
solution score : 557

	#choice: 306011
	#fail: 11962
	execution time (ms): 102648
	#sols : 98
	completed : false

NEW SOLUTION FOUND
solution score : 558

	#choice: 308780
	#fail: 12173
	execution time (ms): 103539
	#sols : 99
	completed : false

NEW SOLUTION FOUND
solution score : 559

	#choice: 332727
	#fail: 12603
	execution time (ms): 111153
	#sols : 100
	completed : false

NEW SOLUTION FOUND
solution score : 560

	#choice: 332973
	#fail: 12659
	execution time (ms): 111219
	#sols : 101
	completed : false

NEW SOLUTION FOUND
solution score : 561

	#choice: 333513
	#fail: 12681
	execution time (ms): 111421
	#sols : 102
	completed : false

NEW SOLUTION FOUND
solution score : 562

	#choice: 334341
	#fail: 12873
	execution time (ms): 111686
	#sols : 103
	completed : false

NEW SOLUTION FOUND
solution score : 563

	#choice: 335072
	#fail: 13043
	execution time (ms): 111888
	#sols : 104
	completed : false

NEW SOLUTION FOUND
solution score : 564

	#choice: 347866
	#fail: 13359
	execution time (ms): 115904
	#sols : 105
	completed : false

NEW SOLUTION FOUND
solution score : 565

	#choice: 362483
	#fail: 13559
	execution time (ms): 120585
	#sols : 106
	completed : false

NEW SOLUTION FOUND
solution score : 566

	#choice: 363683
	#fail: 13743
	execution time (ms): 120995
	#sols : 107
	completed : false

NEW SOLUTION FOUND
solution score : 567

	#choice: 377516
	#fail: 14085
	execution time (ms): 125378
	#sols : 108
	completed : false

NEW SOLUTION FOUND
solution score : 568

	#choice: 378123
	#fail: 14115
	execution time (ms): 125575
	#sols : 109
	completed : false

NEW SOLUTION FOUND
solution score : 569

	#choice: 396996
	#fail: 14501
	execution time (ms): 131514
	#sols : 110
	completed : false

NEW SOLUTION FOUND
solution score : 570

	#choice: 398473
	#fail: 14735
	execution time (ms): 132010
	#sols : 111
	completed : false

NEW SOLUTION FOUND
solution score : 571

	#choice: 400740
	#fail: 14933
	execution time (ms): 132743
	#sols : 112
	completed : false

NEW SOLUTION FOUND
solution score : 572

	#choice: 402571
	#fail: 15135
	execution time (ms): 133377
	#sols : 113
	completed : false

NEW SOLUTION FOUND
solution score : 573

	#choice: 404154
	#fail: 15342
	execution time (ms): 133876
	#sols : 114
	completed : false

NEW SOLUTION FOUND
solution score : 574

	#choice: 409060
	#fail: 15602
	execution time (ms): 135388
	#sols : 115
	completed : false

NEW SOLUTION FOUND
solution score : 575

	#choice: 413616
	#fail: 15808
	execution time (ms): 136875
	#sols : 116
	completed : false

NEW SOLUTION FOUND
solution score : 576

	#choice: 415490
	#fail: 15972
	execution time (ms): 137512
	#sols : 117
	completed : false

NEW SOLUTION FOUND
solution score : 577

	#choice: 442773
	#fail: 16441
	execution time (ms): 146197
	#sols : 118
	completed : false

NEW SOLUTION FOUND
solution score : 578

	#choice: 473848
	#fail: 16860
	execution time (ms): 156054
	#sols : 119
	completed : false

NEW SOLUTION FOUND
solution score : 579

	#choice: 475939
	#fail: 16972
	execution time (ms): 156794
	#sols : 120
	completed : false

NEW SOLUTION FOUND
solution score : 580

	#choice: 477877
	#fail: 17167
	execution time (ms): 157367
	#sols : 121
	completed : false

NEW SOLUTION FOUND
solution score : 581

	#choice: 478441
	#fail: 17317
	execution time (ms): 157512
	#sols : 122
	completed : false

NEW SOLUTION FOUND
solution score : 582

	#choice: 497582
	#fail: 17488
	execution time (ms): 163535
	#sols : 123
	completed : false

NEW SOLUTION FOUND
solution score : 583

	#choice: 499648
	#fail: 17540
	execution time (ms): 164273
	#sols : 124
	completed : false

NEW SOLUTION FOUND
solution score : 584

	#choice: 500761
	#fail: 17728
	execution time (ms): 164624
	#sols : 125
	completed : false

NEW SOLUTION FOUND
solution score : 585

	#choice: 505730
	#fail: 18010
	execution time (ms): 166172
	#sols : 126
	completed : false

NEW SOLUTION FOUND
solution score : 586

	#choice: 512272
	#fail: 18241
	execution time (ms): 168129
	#sols : 127
	completed : false

NEW SOLUTION FOUND
solution score : 587

	#choice: 516082
	#fail: 18270
	execution time (ms): 169410
	#sols : 128
	completed : false

NEW SOLUTION FOUND
solution score : 588

	#choice: 526813
	#fail: 18377
	execution time (ms): 173179
	#sols : 129
	completed : false

NEW SOLUTION FOUND
solution score : 589

	#choice: 528218
	#fail: 18470
	execution time (ms): 173635
	#sols : 130
	completed : false

NEW SOLUTION FOUND
solution score : 590

	#choice: 538475
	#fail: 18566
	execution time (ms): 177269
	#sols : 131
	completed : false

NEW SOLUTION FOUND
solution score : 591

	#choice: 546219
	#fail: 18791
	execution time (ms): 180011
	#sols : 132
	completed : false

NEW SOLUTION FOUND
solution score : 592

	#choice: 557777
	#fail: 19044
	execution time (ms): 183894
	#sols : 133
	completed : false

NEW SOLUTION FOUND
solution score : 593

	#choice: 559715
	#fail: 19190
	execution time (ms): 184536
	#sols : 134
	completed : false

NEW SOLUTION FOUND
solution score : 594

	#choice: 567239
	#fail: 19271
	execution time (ms): 187101
	#sols : 135
	completed : false

NEW SOLUTION FOUND
solution score : 595

	#choice: 568601
	#fail: 19281
	execution time (ms): 187571
	#sols : 136
	completed : false

NEW SOLUTION FOUND
solution score : 596

	#choice: 572119
	#fail: 19303
	execution time (ms): 188766
	#sols : 137
	completed : false

NEW SOLUTION FOUND
solution score : 597

	#choice: 580801
	#fail: 19349
	execution time (ms): 191824
	#sols : 138
	completed : false

NEW SOLUTION FOUND
solution score : 598

	#choice: 586546
	#fail: 19455
	execution time (ms): 193653
	#sols : 139
	completed : false

NEW SOLUTION FOUND
solution score : 599

	#choice: 598077
	#fail: 19701
	execution time (ms): 197362
	#sols : 140
	completed : false

NEW SOLUTION FOUND
solution score : 600

	#choice: 600889
	#fail: 19802
	execution time (ms): 198356
	#sols : 141
	completed : false

NEW SOLUTION FOUND
solution score : 601

	#choice: 603687
	#fail: 20032
	execution time (ms): 199318
	#sols : 142
	completed : false

NEW SOLUTION FOUND
solution score : 602

	#choice: 608548
	#fail: 20313
	execution time (ms): 201016
	#sols : 143
	completed : false

NEW SOLUTION FOUND
solution score : 603

	#choice: 625276
	#fail: 20579
	execution time (ms): 206823
	#sols : 144
	completed : false

NEW SOLUTION FOUND
solution score : 604

	#choice: 642894
	#fail: 20724
	execution time (ms): 213087
	#sols : 145
	completed : false

NEW SOLUTION FOUND
solution score : 605

	#choice: 657214
	#fail: 21052
	execution time (ms): 217655
	#sols : 146
	completed : false

NEW SOLUTION FOUND
solution score : 606

	#choice: 691346
	#fail: 21332
	execution time (ms): 229123
	#sols : 147
	completed : false

NEW SOLUTION FOUND
solution score : 607

	#choice: 694056
	#fail: 21345
	execution time (ms): 230100
	#sols : 148
	completed : false

NEW SOLUTION FOUND
solution score : 608

	#choice: 696243
	#fail: 21381
	execution time (ms): 230929
	#sols : 149
	completed : false

NEW SOLUTION FOUND
solution score : 609

	#choice: 710902
	#fail: 21561
	execution time (ms): 236127
	#sols : 150
	completed : false

NEW SOLUTION FOUND
solution score : 610

	#choice: 714227
	#fail: 21636
	execution time (ms): 237345
	#sols : 151
	completed : false

NEW SOLUTION FOUND
solution score : 611

	#choice: 721618
	#fail: 21840
	execution time (ms): 239932
	#sols : 152
	completed : false

NEW SOLUTION FOUND
solution score : 612

	#choice: 733468
	#fail: 21971
	execution time (ms): 244049
	#sols : 153
	completed : false

NEW SOLUTION FOUND
solution score : 614

	#choice: 738150
	#fail: 21993
	execution time (ms): 245769
	#sols : 154
	completed : false

NEW SOLUTION FOUND
solution score : 615

	#choice: 765286
	#fail: 22279
	execution time (ms): 255223
	#sols : 155
	completed : false

NEW SOLUTION FOUND
solution score : 616

	#choice: 768954
	#fail: 22429
	execution time (ms): 256475
	#sols : 156
	completed : false

NEW SOLUTION FOUND
solution score : 617

	#choice: 775286
	#fail: 22501
	execution time (ms): 258765
	#sols : 157
	completed : false

NEW SOLUTION FOUND
solution score : 618

	#choice: 802634
	#fail: 22834
	execution time (ms): 268070
	#sols : 158
	completed : false

NEW SOLUTION FOUND
solution score : 619

	#choice: 833489
	#fail: 23113
	execution time (ms): 278835
	#sols : 159
	completed : false

NEW SOLUTION FOUND
solution score : 620

	#choice: 837684
	#fail: 23133
	execution time (ms): 280348
	#sols : 160
	completed : false

NEW SOLUTION FOUND
solution score : 621

	#choice: 840853
	#fail: 23155
	execution time (ms): 281525
	#sols : 161
	completed : false

NEW SOLUTION FOUND
solution score : 622

	#choice: 874298
	#fail: 23565
	execution time (ms): 293255
	#sols : 162
	completed : false

NEW SOLUTION FOUND
solution score : 624

	#choice: 878033
	#fail: 23584
	execution time (ms): 294617
	#sols : 163
	completed : false

NEW SOLUTION FOUND
solution score : 625

	#choice: 883603
	#fail: 23667
	execution time (ms): 296650
	#sols : 164
	completed : false

NEW SOLUTION FOUND
solution score : 626

	#choice: 885416
	#fail: 23767
	execution time (ms): 297267
	#sols : 165
	completed : false

NEW SOLUTION FOUND
solution score : 627

	#choice: 890001
	#fail: 23792
	execution time (ms): 298878
	#sols : 166
	completed : false

NEW SOLUTION FOUND
solution score : 628

	#choice: 890389
	#fail: 23794
	execution time (ms): 299020
	#sols : 167
	completed : false

NEW SOLUTION FOUND
solution score : 629

	#choice: 892521
	#fail: 23805
	execution time (ms): 299778
	#sols : 168
	completed : false

NEW SOLUTION FOUND
solution score : 630

	#choice: 899144
	#fail: 23852
	execution time (ms): 302236
	#sols : 169
	completed : false

NEW SOLUTION FOUND
solution score : 631

	#choice: 899953
	#fail: 23990
	execution time (ms): 302470
	#sols : 170
	completed : false

NEW SOLUTION FOUND
solution score : 632

	#choice: 906869
	#fail: 24027
	execution time (ms): 304921
	#sols : 171
	completed : false

NEW SOLUTION FOUND
solution score : 633

	#choice: 908559
	#fail: 24035
	execution time (ms): 305529
	#sols : 172
	completed : false

NEW SOLUTION FOUND
solution score : 634

	#choice: 911612
	#fail: 24049
	execution time (ms): 306643
	#sols : 173
	completed : false

NEW SOLUTION FOUND
solution score : 635

	#choice: 914037
	#fail: 24060
	execution time (ms): 307547
	#sols : 174
	completed : false

NEW SOLUTION FOUND
solution score : 636

	#choice: 914310
	#fail: 24081
	execution time (ms): 307662
	#sols : 175
	completed : false

NEW SOLUTION FOUND
solution score : 637

	#choice: 915657
	#fail: 24528
	execution time (ms): 308321
	#sols : 176
	completed : false

NEW SOLUTION FOUND
solution score : 638

	#choice: 916632
	#fail: 24815
	execution time (ms): 308680
	#sols : 177
	completed : false

NEW SOLUTION FOUND
solution score : 639

	#choice: 917105
	#fail: 25034
	execution time (ms): 308793
	#sols : 178
	completed : false

NEW SOLUTION FOUND
solution score : 640

	#choice: 917631
	#fail: 25261
	execution time (ms): 308956
	#sols : 179
	completed : false

NEW SOLUTION FOUND
solution score : 641

	#choice: 918525
	#fail: 25463
	execution time (ms): 309226
	#sols : 180
	completed : false

NEW SOLUTION FOUND
solution score : 642

	#choice: 918980
	#fail: 25648
	execution time (ms): 309355
	#sols : 181
	completed : false

NEW SOLUTION FOUND
solution score : 643

	#choice: 919389
	#fail: 25847
	execution time (ms): 309439
	#sols : 182
	completed : false

NEW SOLUTION FOUND
solution score : 644

	#choice: 919986
	#fail: 26038
	execution time (ms): 309589
	#sols : 183
	completed : false

NEW SOLUTION FOUND
solution score : 645

	#choice: 921441
	#fail: 26362
	execution time (ms): 310189
	#sols : 184
	completed : false

NEW SOLUTION FOUND
solution score : 646

	#choice: 921847
	#fail: 26547
	execution time (ms): 310264
	#sols : 185
	completed : false

NEW SOLUTION FOUND
solution score : 647

	#choice: 922629
	#fail: 26789
	execution time (ms): 310530
	#sols : 186
	completed : false

NEW SOLUTION FOUND
solution score : 648

	#choice: 923090
	#fail: 26971
	execution time (ms): 310672
	#sols : 187
	completed : false

NEW SOLUTION FOUND
solution score : 649

	#choice: 923480
	#fail: 27160
	execution time (ms): 310742
	#sols : 188
	completed : false

NEW SOLUTION FOUND
solution score : 650

	#choice: 924132
	#fail: 27382
	execution time (ms): 310917
	#sols : 189
	completed : false

NEW SOLUTION FOUND
solution score : 651

	#choice: 924697
	#fail: 27558
	execution time (ms): 311061
	#sols : 190
	completed : false

NEW SOLUTION FOUND
solution score : 652

	#choice: 925624
	#fail: 27778
	execution time (ms): 311335
	#sols : 191
	completed : false

NEW SOLUTION FOUND
solution score : 653

	#choice: 926282
	#fail: 27975
	execution time (ms): 311533
	#sols : 192
	completed : false

NEW SOLUTION FOUND
solution score : 654

	#choice: 926642
	#fail: 28141
	execution time (ms): 311602
	#sols : 193
	completed : false

NEW SOLUTION FOUND
solution score : 655

	#choice: 929401
	#fail: 28201
	execution time (ms): 312550
	#sols : 194
	completed : false

NEW SOLUTION FOUND
solution score : 656

	#choice: 930053
	#fail: 28328
	execution time (ms): 312765
	#sols : 195
	completed : false

NEW SOLUTION FOUND
solution score : 657

	#choice: 931001
	#fail: 28518
	execution time (ms): 313046
	#sols : 196
	completed : false

NEW SOLUTION FOUND
solution score : 658

	#choice: 931385
	#fail: 28701
	execution time (ms): 313118
	#sols : 197
	completed : false

NEW SOLUTION FOUND
solution score : 659

	#choice: 932597
	#fail: 28943
	execution time (ms): 313499
	#sols : 198
	completed : false

NEW SOLUTION FOUND
solution score : 660

	#choice: 933444
	#fail: 29197
	execution time (ms): 313867
	#sols : 199
	completed : false

NEW SOLUTION FOUND
solution score : 661

	#choice: 933852
	#fail: 29387
	execution time (ms): 313943
	#sols : 200
	completed : false

NEW SOLUTION FOUND
solution score : 662

	#choice: 935144
	#fail: 29620
	execution time (ms): 314359
	#sols : 201
	completed : false

NEW SOLUTION FOUND
solution score : 663

	#choice: 938281
	#fail: 29841
	execution time (ms): 315438
	#sols : 202
	completed : false

NEW SOLUTION FOUND
solution score : 664

	#choice: 938808
	#fail: 29973
	execution time (ms): 315590
	#sols : 203
	completed : false

NEW SOLUTION FOUND
solution score : 665

	#choice: 940440
	#fail: 30356
	execution time (ms): 316271
	#sols : 204
	completed : false

NEW SOLUTION FOUND
solution score : 666

	#choice: 940921
	#fail: 30580
	execution time (ms): 316385
	#sols : 205
	completed : false

NEW SOLUTION FOUND
solution score : 667

	#choice: 941428
	#fail: 30815
	execution time (ms): 316491
	#sols : 206
	completed : false

NEW SOLUTION FOUND
solution score : 668

	#choice: 942283
	#fail: 31080
	execution time (ms): 316736
	#sols : 207
	completed : false

NEW SOLUTION FOUND
solution score : 669

	#choice: 943006
	#fail: 31293
	execution time (ms): 316934
	#sols : 208
	completed : false

NEW SOLUTION FOUND
solution score : 670

	#choice: 944502
	#fail: 31613
	execution time (ms): 317493
	#sols : 209
	completed : false

NEW SOLUTION FOUND
solution score : 671

	#choice: 945140
	#fail: 31876
	execution time (ms): 317707
	#sols : 210
	completed : false

NEW SOLUTION FOUND
solution score : 672

	#choice: 947890
	#fail: 32160
	execution time (ms): 318508
	#sols : 211
	completed : false

NEW SOLUTION FOUND
solution score : 673

	#choice: 948259
	#fail: 32289
	execution time (ms): 318604
	#sols : 212
	completed : false

NEW SOLUTION FOUND
solution score : 674

	#choice: 949029
	#fail: 32541
	execution time (ms): 318815
	#sols : 213
	completed : false

NEW SOLUTION FOUND
solution score : 675

	#choice: 949785
	#fail: 32767
	execution time (ms): 319026
	#sols : 214
	completed : false

NEW SOLUTION FOUND
solution score : 676

	#choice: 951164
	#fail: 33012
	execution time (ms): 319420
	#sols : 215
	completed : false

NEW SOLUTION FOUND
solution score : 677

	#choice: 952487
	#fail: 33186
	execution time (ms): 319846
	#sols : 216
	completed : false

NEW SOLUTION FOUND
solution score : 678

	#choice: 954666
	#fail: 33628
	execution time (ms): 320748
	#sols : 217
	completed : false

NEW SOLUTION FOUND
solution score : 679

	#choice: 955172
	#fail: 33844
	execution time (ms): 320855
	#sols : 218
	completed : false

NEW SOLUTION FOUND
solution score : 680

	#choice: 955879
	#fail: 34103
	execution time (ms): 321080
	#sols : 219
	completed : false

NEW SOLUTION FOUND
solution score : 681

	#choice: 958842
	#fail: 34404
	execution time (ms): 321992
	#sols : 220
	completed : false

NEW SOLUTION FOUND
solution score : 682

	#choice: 982749
	#fail: 34758
	execution time (ms): 329606
	#sols : 221
	completed : false

NEW SOLUTION FOUND
solution score : 683

	#choice: 982984
	#fail: 34762
	execution time (ms): 329690
	#sols : 222
	completed : false

NEW SOLUTION FOUND
solution score : 684

	#choice: 983235
	#fail: 34766
	execution time (ms): 329783
	#sols : 223
	completed : false

NEW SOLUTION FOUND
solution score : 685

	#choice: 984488
	#fail: 35044
	execution time (ms): 330173
	#sols : 224
	completed : false

NEW SOLUTION FOUND
solution score : 686

	#choice: 985809
	#fail: 35414
	execution time (ms): 330713
	#sols : 225
	completed : false

NEW SOLUTION FOUND
solution score : 687

	#choice: 986298
	#fail: 35645
	execution time (ms): 330828
	#sols : 226
	completed : false

NEW SOLUTION FOUND
solution score : 688

	#choice: 986839
	#fail: 35886
	execution time (ms): 330963
	#sols : 227
	completed : false

NEW SOLUTION FOUND
solution score : 689

	#choice: 987438
	#fail: 36140
	execution time (ms): 331105
	#sols : 228
	completed : false

NEW SOLUTION FOUND
solution score : 690

	#choice: 994375
	#fail: 36945
	execution time (ms): 334139
	#sols : 229
	completed : false

NEW SOLUTION FOUND
solution score : 691

	#choice: 994833
	#fail: 37163
	execution time (ms): 334228
	#sols : 230
	completed : false

NEW SOLUTION FOUND
solution score : 692

	#choice: 995705
	#fail: 37415
	execution time (ms): 334477
	#sols : 231
	completed : false

NEW SOLUTION FOUND
solution score : 693

	#choice: 996408
	#fail: 37643
	execution time (ms): 334673
	#sols : 232
	completed : false

NEW SOLUTION FOUND
solution score : 694

	#choice: 997183
	#fail: 37879
	execution time (ms): 334875
	#sols : 233
	completed : false

NEW SOLUTION FOUND
solution score : 695

	#choice: 997843
	#fail: 38071
	execution time (ms): 335050
	#sols : 234
	completed : false

NEW SOLUTION FOUND
solution score : 696

	#choice: 1001430
	#fail: 38856
	execution time (ms): 336773
	#sols : 235
	completed : false

NEW SOLUTION FOUND
solution score : 697

	#choice: 1001906
	#fail: 39088
	execution time (ms): 336874
	#sols : 236
	completed : false

NEW SOLUTION FOUND
solution score : 698

	#choice: 1003639
	#fail: 39479
	execution time (ms): 337620
	#sols : 237
	completed : false

NEW SOLUTION FOUND
solution score : 699

	#choice: 1008967
	#fail: 39798
	execution time (ms): 339298
	#sols : 238
	completed : false

NEW SOLUTION FOUND
solution score : 700

	#choice: 1009516
	#fail: 39964
	execution time (ms): 339473
	#sols : 239
	completed : false

NEW SOLUTION FOUND
solution score : 701

	#choice: 1010010
	#fail: 40213
	execution time (ms): 339566
	#sols : 240
	completed : false

NEW SOLUTION FOUND
solution score : 702

	#choice: 1010500
	#fail: 40452
	execution time (ms): 339676
	#sols : 241
	completed : false

NEW SOLUTION FOUND
solution score : 703

	#choice: 1011445
	#fail: 40749
	execution time (ms): 340028
	#sols : 242
	completed : false

NEW SOLUTION FOUND
solution score : 704

	#choice: 1011929
	#fail: 40982
	execution time (ms): 340123
	#sols : 243
	completed : false

NEW SOLUTION FOUND
solution score : 705

	#choice: 1014868
	#fail: 41290
	execution time (ms): 341024
	#sols : 244
	completed : false

NEW SOLUTION FOUND
solution score : 706

	#choice: 1015686
	#fail: 41469
	execution time (ms): 341284
	#sols : 245
	completed : false

NEW SOLUTION FOUND
solution score : 707

	#choice: 1038375
	#fail: 41900
	execution time (ms): 348527
	#sols : 246
	completed : false

NEW SOLUTION FOUND
solution score : 708

	#choice: 1039396
	#fail: 41946
	execution time (ms): 348907
	#sols : 247
	completed : false

NEW SOLUTION FOUND
solution score : 709

	#choice: 1039887
	#fail: 42187
	execution time (ms): 349003
	#sols : 248
	completed : false

NEW SOLUTION FOUND
solution score : 710

	#choice: 1040971
	#fail: 42461
	execution time (ms): 349326
	#sols : 249
	completed : false

NEW SOLUTION FOUND
solution score : 711

	#choice: 1042097
	#fail: 42701
	execution time (ms): 349675
	#sols : 250
	completed : false

NEW SOLUTION FOUND
solution score : 712

	#choice: 1044425
	#fail: 43253
	execution time (ms): 350774
	#sols : 251
	completed : false

END OF SEARCH

	#choice: 1044670
	#fail: 43499
	execution time (ms): 350775
	#sols : 251
	completed : true

