INFO
n : 30
nbHoles : 700
nbFile : 1
objective : diagonal
search: dfs
bp : sum_product
branchingScheme : max_marginal_regret
oracle : false
truncateRate : 0
START SEARCH
NEW SOLUTION FOUND
solution score : 511

	#choice: 495
	#fail: 2
	execution time (ms): 3744
	#sols : 1
	completed : false

NEW SOLUTION FOUND
solution score : 512

	#choice: 500
	#fail: 5
	execution time (ms): 3762
	#sols : 2
	completed : false

NEW SOLUTION FOUND
solution score : 516

	#choice: 503
	#fail: 6
	execution time (ms): 3767
	#sols : 3
	completed : false

NEW SOLUTION FOUND
solution score : 519

	#choice: 511
	#fail: 10
	execution time (ms): 3778
	#sols : 4
	completed : false

NEW SOLUTION FOUND
solution score : 521

	#choice: 536
	#fail: 21
	execution time (ms): 3801
	#sols : 5
	completed : false

NEW SOLUTION FOUND
solution score : 524

	#choice: 543
	#fail: 27
	execution time (ms): 3808
	#sols : 6
	completed : false

NEW SOLUTION FOUND
solution score : 526

	#choice: 580
	#fail: 46
	execution time (ms): 3877
	#sols : 7
	completed : false

NEW SOLUTION FOUND
solution score : 529

	#choice: 590
	#fail: 50
	execution time (ms): 3882
	#sols : 8
	completed : false

NEW SOLUTION FOUND
solution score : 531

	#choice: 667
	#fail: 89
	execution time (ms): 3921
	#sols : 9
	completed : false

NEW SOLUTION FOUND
solution score : 533

	#choice: 760
	#fail: 138
	execution time (ms): 4024
	#sols : 10
	completed : false

NEW SOLUTION FOUND
solution score : 536

	#choice: 773
	#fail: 141
	execution time (ms): 4048
	#sols : 11
	completed : false

NEW SOLUTION FOUND
solution score : 540

	#choice: 792
	#fail: 153
	execution time (ms): 4085
	#sols : 12
	completed : false

NEW SOLUTION FOUND
solution score : 542

	#choice: 815
	#fail: 165
	execution time (ms): 4179
	#sols : 13
	completed : false

NEW SOLUTION FOUND
solution score : 544

	#choice: 908
	#fail: 208
	execution time (ms): 4263
	#sols : 14
	completed : false

NEW SOLUTION FOUND
solution score : 547

	#choice: 928
	#fail: 220
	execution time (ms): 4273
	#sols : 15
	completed : false

NEW SOLUTION FOUND
solution score : 549

	#choice: 956
	#fail: 233
	execution time (ms): 4304
	#sols : 16
	completed : false

NEW SOLUTION FOUND
solution score : 550

	#choice: 1054
	#fail: 284
	execution time (ms): 4484
	#sols : 17
	completed : false

NEW SOLUTION FOUND
solution score : 551

	#choice: 1144
	#fail: 332
	execution time (ms): 4528
	#sols : 18
	completed : false

NEW SOLUTION FOUND
solution score : 552

	#choice: 1263
	#fail: 389
	execution time (ms): 4603
	#sols : 19
	completed : false

NEW SOLUTION FOUND
solution score : 553

	#choice: 1348
	#fail: 434
	execution time (ms): 4711
	#sols : 20
	completed : false

NEW SOLUTION FOUND
solution score : 554

	#choice: 1483
	#fail: 499
	execution time (ms): 4865
	#sols : 21
	completed : false

NEW SOLUTION FOUND
solution score : 556

	#choice: 1511
	#fail: 516
	execution time (ms): 4875
	#sols : 22
	completed : false

NEW SOLUTION FOUND
solution score : 558

	#choice: 1581
	#fail: 549
	execution time (ms): 4936
	#sols : 23
	completed : false

NEW SOLUTION FOUND
solution score : 559

	#choice: 1693
	#fail: 609
	execution time (ms): 5072
	#sols : 24
	completed : false

NEW SOLUTION FOUND
solution score : 561

	#choice: 1713
	#fail: 618
	execution time (ms): 5101
	#sols : 25
	completed : false

NEW SOLUTION FOUND
solution score : 563

	#choice: 1776
	#fail: 651
	execution time (ms): 5153
	#sols : 26
	completed : false

NEW SOLUTION FOUND
solution score : 564

	#choice: 1884
	#fail: 702
	execution time (ms): 5297
	#sols : 27
	completed : false

NEW SOLUTION FOUND
solution score : 566

	#choice: 1976
	#fail: 749
	execution time (ms): 5387
	#sols : 28
	completed : false

NEW SOLUTION FOUND
solution score : 567

	#choice: 2135
	#fail: 824
	execution time (ms): 5614
	#sols : 29
	completed : false

NEW SOLUTION FOUND
solution score : 569

	#choice: 2163
	#fail: 840
	execution time (ms): 5624
	#sols : 30
	completed : false

NEW SOLUTION FOUND
solution score : 572

	#choice: 2258
	#fail: 887
	execution time (ms): 5694
	#sols : 31
	completed : false

NEW SOLUTION FOUND
solution score : 576

	#choice: 2423
	#fail: 968
	execution time (ms): 5898
	#sols : 32
	completed : false

NEW SOLUTION FOUND
solution score : 578

	#choice: 2484
	#fail: 1000
	execution time (ms): 5931
	#sols : 33
	completed : false

NEW SOLUTION FOUND
solution score : 579

	#choice: 2554
	#fail: 1039
	execution time (ms): 5953
	#sols : 34
	completed : false

NEW SOLUTION FOUND
solution score : 581

	#choice: 2565
	#fail: 1044
	execution time (ms): 6023
	#sols : 35
	completed : false

NEW SOLUTION FOUND
solution score : 583

	#choice: 2578
	#fail: 1049
	execution time (ms): 6026
	#sols : 36
	completed : false

NEW SOLUTION FOUND
solution score : 584

	#choice: 2649
	#fail: 1087
	execution time (ms): 6051
	#sols : 37
	completed : false

NEW SOLUTION FOUND
solution score : 585

	#choice: 2722
	#fail: 1123
	execution time (ms): 6073
	#sols : 38
	completed : false

NEW SOLUTION FOUND
solution score : 586

	#choice: 2867
	#fail: 1194
	execution time (ms): 6247
	#sols : 39
	completed : false

NEW SOLUTION FOUND
solution score : 590

	#choice: 2965
	#fail: 1242
	execution time (ms): 6335
	#sols : 40
	completed : false

NEW SOLUTION FOUND
solution score : 591

	#choice: 3031
	#fail: 1274
	execution time (ms): 6393
	#sols : 41
	completed : false

NEW SOLUTION FOUND
solution score : 592

	#choice: 3223
	#fail: 1369
	execution time (ms): 6652
	#sols : 42
	completed : false

NEW SOLUTION FOUND
solution score : 593

	#choice: 3428
	#fail: 1472
	execution time (ms): 6957
	#sols : 43
	completed : false

NEW SOLUTION FOUND
solution score : 596

	#choice: 3448
	#fail: 1481
	execution time (ms): 6966
	#sols : 44
	completed : false

NEW SOLUTION FOUND
solution score : 597

	#choice: 3524
	#fail: 1521
	execution time (ms): 7002
	#sols : 45
	completed : false

NEW SOLUTION FOUND
solution score : 598

	#choice: 3715
	#fail: 1615
	execution time (ms): 7222
	#sols : 46
	completed : false

NEW SOLUTION FOUND
solution score : 599

	#choice: 3951
	#fail: 1734
	execution time (ms): 7479
	#sols : 47
	completed : false

NEW SOLUTION FOUND
solution score : 600

	#choice: 4062
	#fail: 1788
	execution time (ms): 7518
	#sols : 48
	completed : false

NEW SOLUTION FOUND
solution score : 603

	#choice: 4321
	#fail: 1916
	execution time (ms): 8014
	#sols : 49
	completed : false

NEW SOLUTION FOUND
solution score : 607

	#choice: 4335
	#fail: 1922
	execution time (ms): 8020
	#sols : 50
	completed : false

NEW SOLUTION FOUND
solution score : 609

	#choice: 4433
	#fail: 1975
	execution time (ms): 8051
	#sols : 51
	completed : false

NEW SOLUTION FOUND
solution score : 612

	#choice: 4523
	#fail: 2020
	execution time (ms): 8130
	#sols : 52
	completed : false

NEW SOLUTION FOUND
solution score : 613

	#choice: 4636
	#fail: 2079
	execution time (ms): 8182
	#sols : 53
	completed : false

NEW SOLUTION FOUND
solution score : 614

	#choice: 4888
	#fail: 2207
	execution time (ms): 8435
	#sols : 54
	completed : false

NEW SOLUTION FOUND
solution score : 618

	#choice: 5156
	#fail: 2337
	execution time (ms): 8774
	#sols : 55
	completed : false

NEW SOLUTION FOUND
solution score : 619

	#choice: 5348
	#fail: 2432
	execution time (ms): 8946
	#sols : 56
	completed : false

NEW SOLUTION FOUND
solution score : 620

	#choice: 5615
	#fail: 2565
	execution time (ms): 9249
	#sols : 57
	completed : false

NEW SOLUTION FOUND
solution score : 622

	#choice: 5903
	#fail: 2713
	execution time (ms): 9578
	#sols : 58
	completed : false

NEW SOLUTION FOUND
solution score : 625

	#choice: 6066
	#fail: 2790
	execution time (ms): 9718
	#sols : 59
	completed : false

NEW SOLUTION FOUND
solution score : 626

	#choice: 6233
	#fail: 2875
	execution time (ms): 9830
	#sols : 60
	completed : false

NEW SOLUTION FOUND
solution score : 630

	#choice: 6565
	#fail: 3038
	execution time (ms): 10228
	#sols : 61
	completed : false

NEW SOLUTION FOUND
solution score : 631

	#choice: 6911
	#fail: 3216
	execution time (ms): 10728
	#sols : 62
	completed : false

NEW SOLUTION FOUND
solution score : 632

	#choice: 6991
	#fail: 3256
	execution time (ms): 10754
	#sols : 63
	completed : false

NEW SOLUTION FOUND
solution score : 633

	#choice: 7156
	#fail: 3338
	execution time (ms): 10913
	#sols : 64
	completed : false

NEW SOLUTION FOUND
solution score : 635

	#choice: 7503
	#fail: 3509
	execution time (ms): 11392
	#sols : 65
	completed : false

NEW SOLUTION FOUND
solution score : 636

	#choice: 7596
	#fail: 3555
	execution time (ms): 11420
	#sols : 66
	completed : false

NEW SOLUTION FOUND
solution score : 637

	#choice: 7981
	#fail: 3754
	execution time (ms): 11917
	#sols : 67
	completed : false

NEW SOLUTION FOUND
solution score : 638

	#choice: 8358
	#fail: 3948
	execution time (ms): 12363
	#sols : 68
	completed : false

NEW SOLUTION FOUND
solution score : 639

	#choice: 8738
	#fail: 4132
	execution time (ms): 12847
	#sols : 69
	completed : false

NEW SOLUTION FOUND
solution score : 641

	#choice: 9148
	#fail: 4337
	execution time (ms): 13341
	#sols : 70
	completed : false

NEW SOLUTION FOUND
solution score : 642

	#choice: 9211
	#fail: 4364
	execution time (ms): 13385
	#sols : 71
	completed : false

NEW SOLUTION FOUND
solution score : 643

	#choice: 9636
	#fail: 4582
	execution time (ms): 13888
	#sols : 72
	completed : false

NEW SOLUTION FOUND
solution score : 644

	#choice: 10101
	#fail: 4817
	execution time (ms): 14834
	#sols : 73
	completed : false

NEW SOLUTION FOUND
solution score : 645

	#choice: 10222
	#fail: 4876
	execution time (ms): 14970
	#sols : 74
	completed : false

NEW SOLUTION FOUND
solution score : 647

	#choice: 10684
	#fail: 5107
	execution time (ms): 15860
	#sols : 75
	completed : false

NEW SOLUTION FOUND
solution score : 648

	#choice: 10879
	#fail: 5199
	execution time (ms): 16084
	#sols : 76
	completed : false

NEW SOLUTION FOUND
solution score : 649

	#choice: 11349
	#fail: 5439
	execution time (ms): 16557
	#sols : 77
	completed : false

NEW SOLUTION FOUND
solution score : 651

	#choice: 11834
	#fail: 5677
	execution time (ms): 17650
	#sols : 78
	completed : false

NEW SOLUTION FOUND
solution score : 654

	#choice: 11908
	#fail: 5713
	execution time (ms): 17696
	#sols : 79
	completed : false

NEW SOLUTION FOUND
solution score : 658

	#choice: 11910
	#fail: 5715
	execution time (ms): 17697
	#sols : 80
	completed : false

NEW SOLUTION FOUND
solution score : 660

	#choice: 11916
	#fail: 5717
	execution time (ms): 17702
	#sols : 81
	completed : false

NEW SOLUTION FOUND
solution score : 661

	#choice: 12013
	#fail: 5769
	execution time (ms): 17772
	#sols : 82
	completed : false

NEW SOLUTION FOUND
solution score : 663

	#choice: 12349
	#fail: 5934
	execution time (ms): 18289
	#sols : 83
	completed : false

NEW SOLUTION FOUND
solution score : 664

	#choice: 12398
	#fail: 5962
	execution time (ms): 18309
	#sols : 84
	completed : false

NEW SOLUTION FOUND
solution score : 666

	#choice: 12862
	#fail: 6192
	execution time (ms): 18775
	#sols : 85
	completed : false

NEW SOLUTION FOUND
solution score : 669

	#choice: 13362
	#fail: 6448
	execution time (ms): 19263
	#sols : 86
	completed : false

NEW SOLUTION FOUND
solution score : 671

	#choice: 13826
	#fail: 6676
	execution time (ms): 19741
	#sols : 87
	completed : false

NEW SOLUTION FOUND
solution score : 673

	#choice: 14356
	#fail: 6939
	execution time (ms): 20331
	#sols : 88
	completed : false

NEW SOLUTION FOUND
solution score : 674

	#choice: 14438
	#fail: 6980
	execution time (ms): 20366
	#sols : 89
	completed : false

NEW SOLUTION FOUND
solution score : 675

	#choice: 14549
	#fail: 7038
	execution time (ms): 20406
	#sols : 90
	completed : false

NEW SOLUTION FOUND
solution score : 676

	#choice: 14777
	#fail: 7152
	execution time (ms): 20650
	#sols : 91
	completed : false

NEW SOLUTION FOUND
solution score : 677

	#choice: 14945
	#fail: 7232
	execution time (ms): 20778
	#sols : 92
	completed : false

NEW SOLUTION FOUND
solution score : 678

	#choice: 15061
	#fail: 7293
	execution time (ms): 20818
	#sols : 93
	completed : false

NEW SOLUTION FOUND
solution score : 679

	#choice: 15522
	#fail: 7523
	execution time (ms): 21252
	#sols : 94
	completed : false

NEW SOLUTION FOUND
solution score : 680

	#choice: 15614
	#fail: 7571
	execution time (ms): 21279
	#sols : 95
	completed : false

NEW SOLUTION FOUND
solution score : 681

	#choice: 15801
	#fail: 7667
	execution time (ms): 21410
	#sols : 96
	completed : false

NEW SOLUTION FOUND
solution score : 682

	#choice: 16329
	#fail: 7937
	execution time (ms): 22077
	#sols : 97
	completed : false

NEW SOLUTION FOUND
solution score : 683

	#choice: 16683
	#fail: 8108
	execution time (ms): 22426
	#sols : 98
	completed : false

NEW SOLUTION FOUND
solution score : 684

	#choice: 17226
	#fail: 8375
	execution time (ms): 22998
	#sols : 99
	completed : false

NEW SOLUTION FOUND
solution score : 685

	#choice: 17780
	#fail: 8655
	execution time (ms): 23593
	#sols : 100
	completed : false

NEW SOLUTION FOUND
solution score : 687

	#choice: 18105
	#fail: 8813
	execution time (ms): 23910
	#sols : 101
	completed : false

NEW SOLUTION FOUND
solution score : 688

	#choice: 18320
	#fail: 8923
	execution time (ms): 24072
	#sols : 102
	completed : false

NEW SOLUTION FOUND
solution score : 690

	#choice: 18890
	#fail: 9206
	execution time (ms): 24753
	#sols : 103
	completed : false

NEW SOLUTION FOUND
solution score : 693

	#choice: 18956
	#fail: 9238
	execution time (ms): 24771
	#sols : 104
	completed : false

NEW SOLUTION FOUND
solution score : 694

	#choice: 19111
	#fail: 9315
	execution time (ms): 24915
	#sols : 105
	completed : false

NEW SOLUTION FOUND
solution score : 696

	#choice: 19307
	#fail: 9413
	execution time (ms): 25113
	#sols : 106
	completed : false

NEW SOLUTION FOUND
solution score : 697

	#choice: 19539
	#fail: 9529
	execution time (ms): 25373
	#sols : 107
	completed : false

NEW SOLUTION FOUND
solution score : 698

	#choice: 19876
	#fail: 9699
	execution time (ms): 25684
	#sols : 108
	completed : false

NEW SOLUTION FOUND
solution score : 699

	#choice: 19995
	#fail: 9760
	execution time (ms): 25730
	#sols : 109
	completed : false

NEW SOLUTION FOUND
solution score : 700

	#choice: 20219
	#fail: 9874
	execution time (ms): 25936
	#sols : 110
	completed : false

NEW SOLUTION FOUND
solution score : 702

	#choice: 20557
	#fail: 10036
	execution time (ms): 26244
	#sols : 111
	completed : false

NEW SOLUTION FOUND
solution score : 703

	#choice: 20652
	#fail: 10089
	execution time (ms): 26272
	#sols : 112
	completed : false

NEW SOLUTION FOUND
solution score : 704

	#choice: 21003
	#fail: 10261
	execution time (ms): 26609
	#sols : 113
	completed : false

NEW SOLUTION FOUND
solution score : 707

	#choice: 21561
	#fail: 10546
	execution time (ms): 27159
	#sols : 114
	completed : false

NEW SOLUTION FOUND
solution score : 709

	#choice: 22142
	#fail: 10836
	execution time (ms): 27790
	#sols : 115
	completed : false

NEW SOLUTION FOUND
solution score : 711

	#choice: 22745
	#fail: 11134
	execution time (ms): 28489
	#sols : 116
	completed : false

NEW SOLUTION FOUND
solution score : 712

	#choice: 23233
	#fail: 11382
	execution time (ms): 28999
	#sols : 117
	completed : false

NEW SOLUTION FOUND
solution score : 713

	#choice: 23304
	#fail: 11418
	execution time (ms): 29017
	#sols : 118
	completed : false

NEW SOLUTION FOUND
solution score : 714

	#choice: 23565
	#fail: 11546
	execution time (ms): 29318
	#sols : 119
	completed : false

NEW SOLUTION FOUND
solution score : 715

	#choice: 24044
	#fail: 11793
	execution time (ms): 29801
	#sols : 120
	completed : false

NEW SOLUTION FOUND
solution score : 717

	#choice: 24654
	#fail: 12090
	execution time (ms): 30452
	#sols : 121
	completed : false

NEW SOLUTION FOUND
solution score : 718

	#choice: 25236
	#fail: 12388
	execution time (ms): 31035
	#sols : 122
	completed : false

NEW SOLUTION FOUND
solution score : 719

	#choice: 25772
	#fail: 12654
	execution time (ms): 31589
	#sols : 123
	completed : false

NEW SOLUTION FOUND
solution score : 720

	#choice: 26403
	#fail: 12969
	execution time (ms): 32293
	#sols : 124
	completed : false

NEW SOLUTION FOUND
solution score : 721

	#choice: 26781
	#fail: 13158
	execution time (ms): 32744
	#sols : 125
	completed : false

NEW SOLUTION FOUND
solution score : 722

	#choice: 27422
	#fail: 13476
	execution time (ms): 33565
	#sols : 126
	completed : false

NEW SOLUTION FOUND
solution score : 723

	#choice: 27582
	#fail: 13554
	execution time (ms): 33726
	#sols : 127
	completed : false

NEW SOLUTION FOUND
solution score : 724

	#choice: 28133
	#fail: 13832
	execution time (ms): 34363
	#sols : 128
	completed : false

NEW SOLUTION FOUND
solution score : 725

	#choice: 28420
	#fail: 13971
	execution time (ms): 34659
	#sols : 129
	completed : false

NEW SOLUTION FOUND
solution score : 726

	#choice: 28793
	#fail: 14166
	execution time (ms): 35010
	#sols : 130
	completed : false

NEW SOLUTION FOUND
solution score : 727

	#choice: 29371
	#fail: 14449
	execution time (ms): 35626
	#sols : 131
	completed : false

NEW SOLUTION FOUND
solution score : 728

	#choice: 29470
	#fail: 14497
	execution time (ms): 35650
	#sols : 132
	completed : false

NEW SOLUTION FOUND
solution score : 729

	#choice: 30133
	#fail: 14832
	execution time (ms): 36363
	#sols : 133
	completed : false

NEW SOLUTION FOUND
solution score : 730

	#choice: 30801
	#fail: 15164
	execution time (ms): 37148
	#sols : 134
	completed : false

NEW SOLUTION FOUND
solution score : 731

	#choice: 31495
	#fail: 15509
	execution time (ms): 37775
	#sols : 135
	completed : false

NEW SOLUTION FOUND
solution score : 733

	#choice: 31756
	#fail: 15642
	execution time (ms): 38010
	#sols : 136
	completed : false

NEW SOLUTION FOUND
solution score : 734

	#choice: 31961
	#fail: 15743
	execution time (ms): 38157
	#sols : 137
	completed : false

NEW SOLUTION FOUND
solution score : 735

	#choice: 32273
	#fail: 15900
	execution time (ms): 38337
	#sols : 138
	completed : false

NEW SOLUTION FOUND
solution score : 736

	#choice: 32390
	#fail: 15960
	execution time (ms): 38371
	#sols : 139
	completed : false

NEW SOLUTION FOUND
solution score : 737

	#choice: 32873
	#fail: 16204
	execution time (ms): 38826
	#sols : 140
	completed : false

NEW SOLUTION FOUND
solution score : 739

	#choice: 33590
	#fail: 16564
	execution time (ms): 39463
	#sols : 141
	completed : false

NEW SOLUTION FOUND
solution score : 740

	#choice: 33903
	#fail: 16723
	execution time (ms): 39757
	#sols : 142
	completed : false

NEW SOLUTION FOUND
solution score : 741

	#choice: 34365
	#fail: 16951
	execution time (ms): 40213
	#sols : 143
	completed : false

NEW SOLUTION FOUND
solution score : 742

	#choice: 34958
	#fail: 17249
	execution time (ms): 40887
	#sols : 144
	completed : false

NEW SOLUTION FOUND
solution score : 743

	#choice: 35596
	#fail: 17566
	execution time (ms): 41589
	#sols : 145
	completed : false

NEW SOLUTION FOUND
solution score : 744

	#choice: 35969
	#fail: 17756
	execution time (ms): 41921
	#sols : 146
	completed : false

NEW SOLUTION FOUND
solution score : 745

	#choice: 36600
	#fail: 18069
	execution time (ms): 42556
	#sols : 147
	completed : false

NEW SOLUTION FOUND
solution score : 746

	#choice: 37344
	#fail: 18443
	execution time (ms): 43485
	#sols : 148
	completed : false

NEW SOLUTION FOUND
solution score : 749

	#choice: 38144
	#fail: 18836
	execution time (ms): 44301
	#sols : 149
	completed : false

NEW SOLUTION FOUND
solution score : 750

	#choice: 38472
	#fail: 19002
	execution time (ms): 44575
	#sols : 150
	completed : false

NEW SOLUTION FOUND
solution score : 751

	#choice: 38937
	#fail: 19236
	execution time (ms): 45068
	#sols : 151
	completed : false

NEW SOLUTION FOUND
solution score : 752

	#choice: 39611
	#fail: 19575
	execution time (ms): 45919
	#sols : 152
	completed : false

NEW SOLUTION FOUND
solution score : 753

	#choice: 40092
	#fail: 19818
	execution time (ms): 46387
	#sols : 153
	completed : false

NEW SOLUTION FOUND
solution score : 754

	#choice: 40763
	#fail: 20151
	execution time (ms): 47195
	#sols : 154
	completed : false

NEW SOLUTION FOUND
solution score : 755

	#choice: 41556
	#fail: 20551
	execution time (ms): 48162
	#sols : 155
	completed : false

NEW SOLUTION FOUND
solution score : 758

	#choice: 42389
	#fail: 20961
	execution time (ms): 49273
	#sols : 156
	completed : false

NEW SOLUTION FOUND
solution score : 759

	#choice: 42483
	#fail: 21006
	execution time (ms): 49304
	#sols : 157
	completed : false

NEW SOLUTION FOUND
solution score : 760

	#choice: 43217
	#fail: 21373
	execution time (ms): 50226
	#sols : 158
	completed : false

NEW SOLUTION FOUND
solution score : 762

	#choice: 43243
	#fail: 21388
	execution time (ms): 50233
	#sols : 159
	completed : false

NEW SOLUTION FOUND
solution score : 763

	#choice: 44033
	#fail: 21793
	execution time (ms): 51264
	#sols : 160
	completed : false

NEW SOLUTION FOUND
solution score : 764

	#choice: 44850
	#fail: 22199
	execution time (ms): 52399
	#sols : 161
	completed : false

NEW SOLUTION FOUND
solution score : 765

	#choice: 45728
	#fail: 22629
	execution time (ms): 53474
	#sols : 162
	completed : false

NEW SOLUTION FOUND
solution score : 766

	#choice: 46129
	#fail: 22834
	execution time (ms): 53759
	#sols : 163
	completed : false

NEW SOLUTION FOUND
solution score : 767

	#choice: 46566
	#fail: 23050
	execution time (ms): 54121
	#sols : 164
	completed : false

NEW SOLUTION FOUND
solution score : 768

	#choice: 47205
	#fail: 23369
	execution time (ms): 54903
	#sols : 165
	completed : false

NEW SOLUTION FOUND
solution score : 769

	#choice: 47583
	#fail: 23554
	execution time (ms): 55236
	#sols : 166
	completed : false

NEW SOLUTION FOUND
solution score : 770

	#choice: 48245
	#fail: 23889
	execution time (ms): 55982
	#sols : 167
	completed : false

NEW SOLUTION FOUND
solution score : 771

	#choice: 49044
	#fail: 24295
	execution time (ms): 57026
	#sols : 168
	completed : false

NEW SOLUTION FOUND
solution score : 772

	#choice: 49873
	#fail: 24704
	execution time (ms): 58097
	#sols : 169
	completed : false

NEW SOLUTION FOUND
solution score : 775

	#choice: 50811
	#fail: 25170
	execution time (ms): 59050
	#sols : 170
	completed : false

NEW SOLUTION FOUND
solution score : 776

	#choice: 51122
	#fail: 25322
	execution time (ms): 59344
	#sols : 171
	completed : false

NEW SOLUTION FOUND
solution score : 777

	#choice: 51284
	#fail: 25406
	execution time (ms): 59431
	#sols : 172
	completed : false

NEW SOLUTION FOUND
solution score : 778

	#choice: 51596
	#fail: 25563
	execution time (ms): 59674
	#sols : 173
	completed : false

NEW SOLUTION FOUND
solution score : 779

	#choice: 52194
	#fail: 25866
	execution time (ms): 60156
	#sols : 174
	completed : false

NEW SOLUTION FOUND
solution score : 780

	#choice: 52589
	#fail: 26060
	execution time (ms): 60561
	#sols : 175
	completed : false

NEW SOLUTION FOUND
solution score : 781

	#choice: 52896
	#fail: 26215
	execution time (ms): 60838
	#sols : 176
	completed : false

NEW SOLUTION FOUND
solution score : 782

	#choice: 53500
	#fail: 26514
	execution time (ms): 61309
	#sols : 177
	completed : false

NEW SOLUTION FOUND
solution score : 783

	#choice: 54250
	#fail: 26887
	execution time (ms): 62183
	#sols : 178
	completed : false

NEW SOLUTION FOUND
solution score : 784

	#choice: 55050
	#fail: 27297
	execution time (ms): 63219
	#sols : 179
	completed : false

NEW SOLUTION FOUND
solution score : 785

	#choice: 55842
	#fail: 27692
	execution time (ms): 64252
	#sols : 180
	completed : false

NEW SOLUTION FOUND
solution score : 786

	#choice: 56674
	#fail: 28106
	execution time (ms): 65308
	#sols : 181
	completed : false

END OF SEARCH

	#choice: 57136
	#fail: 28569
	execution time (ms): 65323
	#sols : 181
	completed : true

