INFO
n : 30
nbHoles : 500
nbFile : 3
objective : diagonal
search: lds
bp : sum_product
branchingScheme : max_marginal_strength
oracle : false
truncateRate : 50
START SEARCH
NEW SOLUTION FOUND
solution score : 461

	#choice: 364
	#fail: 0
	execution time (ms): 2337
	#sols : 1
	completed : false

NEW SOLUTION FOUND
solution score : 466

	#choice: 383
	#fail: 11
	execution time (ms): 2388
	#sols : 2
	completed : false

NEW SOLUTION FOUND
solution score : 471

	#choice: 389
	#fail: 12
	execution time (ms): 2398
	#sols : 3
	completed : false

NEW SOLUTION FOUND
solution score : 476

	#choice: 435
	#fail: 27
	execution time (ms): 2494
	#sols : 4
	completed : false

NEW SOLUTION FOUND
solution score : 485

	#choice: 499
	#fail: 41
	execution time (ms): 2661
	#sols : 5
	completed : false

NEW SOLUTION FOUND
solution score : 490

	#choice: 537
	#fail: 42
	execution time (ms): 2825
	#sols : 6
	completed : false

NEW SOLUTION FOUND
solution score : 492

	#choice: 772
	#fail: 138
	execution time (ms): 3335
	#sols : 7
	completed : false

NEW SOLUTION FOUND
solution score : 493

	#choice: 917
	#fail: 139
	execution time (ms): 3800
	#sols : 8
	completed : false

NEW SOLUTION FOUND
solution score : 501

	#choice: 1066
	#fail: 140
	execution time (ms): 4179
	#sols : 9
	completed : false

NEW SOLUTION FOUND
solution score : 506

	#choice: 1240
	#fail: 154
	execution time (ms): 4686
	#sols : 10
	completed : false

NEW SOLUTION FOUND
solution score : 514

	#choice: 1560
	#fail: 156
	execution time (ms): 5360
	#sols : 11
	completed : false

NEW SOLUTION FOUND
solution score : 516

	#choice: 1773
	#fail: 188
	execution time (ms): 5658
	#sols : 12
	completed : false

NEW SOLUTION FOUND
solution score : 527

	#choice: 1996
	#fail: 207
	execution time (ms): 6022
	#sols : 13
	completed : false

NEW SOLUTION FOUND
solution score : 528

	#choice: 2192
	#fail: 208
	execution time (ms): 6453
	#sols : 14
	completed : false

NEW SOLUTION FOUND
solution score : 542

	#choice: 2409
	#fail: 210
	execution time (ms): 6801
	#sols : 15
	completed : false

NEW SOLUTION FOUND
solution score : 543

	#choice: 2617
	#fail: 211
	execution time (ms): 7162
	#sols : 16
	completed : false

NEW SOLUTION FOUND
solution score : 565

	#choice: 2855
	#fail: 226
	execution time (ms): 7635
	#sols : 17
	completed : false

NEW SOLUTION FOUND
solution score : 566

	#choice: 3065
	#fail: 227
	execution time (ms): 8033
	#sols : 18
	completed : false

NEW SOLUTION FOUND
solution score : 567

	#choice: 3291
	#fail: 237
	execution time (ms): 8537
	#sols : 19
	completed : false

NEW SOLUTION FOUND
solution score : 581

	#choice: 3599
	#fail: 272
	execution time (ms): 9021
	#sols : 20
	completed : false

NEW SOLUTION FOUND
solution score : 582

	#choice: 3867
	#fail: 273
	execution time (ms): 9465
	#sols : 21
	completed : false

END OF SEARCH

	#choice: 3982
	#fail: 389
	execution time (ms): 9470
	#sols : 21
	completed : true

