objective : diagonal
search: dfs
bp : no_bp
branchingScheme : dom_wdeg
oracle : false
truncateRate : 0
START SEARCH
NEW SOLUTION FOUND
solution score : 305

	#choice: 1189
	#fail: 468
	execution time (ms): 2014
	#sols : 1
	completed : false

NEW SOLUTION FOUND
solution score : 323

	#choice: 1493
	#fail: 618
	execution time (ms): 2552
	#sols : 2
	completed : false

NEW SOLUTION FOUND
solution score : 327

	#choice: 2077
	#fail: 910
	execution time (ms): 3077
	#sols : 3
	completed : false

NEW SOLUTION FOUND
solution score : 342

	#choice: 2097
	#fail: 921
	execution time (ms): 3095
	#sols : 4
	completed : false

NEW SOLUTION FOUND
solution score : 344

	#choice: 2469
	#fail: 1105
	execution time (ms): 3382
	#sols : 5
	completed : false

NEW SOLUTION FOUND
solution score : 347

	#choice: 2548
	#fail: 1149
	execution time (ms): 3426
	#sols : 6
	completed : false

NEW SOLUTION FOUND
solution score : 351

	#choice: 2624
	#fail: 1186
	execution time (ms): 3492
	#sols : 7
	completed : false

NEW SOLUTION FOUND
solution score : 356

	#choice: 3245
	#fail: 1496
	execution time (ms): 3965
	#sols : 8
	completed : false

NEW SOLUTION FOUND
solution score : 358

	#choice: 4974
	#fail: 2362
	execution time (ms): 5214
	#sols : 9
	completed : false

NEW SOLUTION FOUND
solution score : 362

	#choice: 5097
	#fail: 2421
	execution time (ms): 5292
	#sols : 10
	completed : false

NEW SOLUTION FOUND
solution score : 363

	#choice: 6302
	#fail: 3034
	execution time (ms): 6136
	#sols : 11
	completed : false

NEW SOLUTION FOUND
solution score : 364

	#choice: 8183
	#fail: 3966
	execution time (ms): 7338
	#sols : 12
	completed : false

NEW SOLUTION FOUND
solution score : 370

	#choice: 8327
	#fail: 4036
	execution time (ms): 7393
	#sols : 13
	completed : false

NEW SOLUTION FOUND
solution score : 374

	#choice: 8631
	#fail: 4193
	execution time (ms): 7551
	#sols : 14
	completed : false

NEW SOLUTION FOUND
solution score : 377

	#choice: 9127
	#fail: 4436
	execution time (ms): 7827
	#sols : 15
	completed : false

NEW SOLUTION FOUND
solution score : 379

	#choice: 9811
	#fail: 4781
	execution time (ms): 8536
	#sols : 16
	completed : false

NEW SOLUTION FOUND
solution score : 380

	#choice: 10816
	#fail: 5288
	execution time (ms): 9045
	#sols : 17
	completed : false

NEW SOLUTION FOUND
solution score : 381

	#choice: 12598
	#fail: 6171
	execution time (ms): 10185
	#sols : 18
	completed : false

NEW SOLUTION FOUND
solution score : 384

	#choice: 14010
	#fail: 6874
	execution time (ms): 11317
	#sols : 19
	completed : false

NEW SOLUTION FOUND
solution score : 386

	#choice: 14419
	#fail: 7087
	execution time (ms): 11445
	#sols : 20
	completed : false

NEW SOLUTION FOUND
solution score : 388

	#choice: 14848
	#fail: 7299
	execution time (ms): 11752
	#sols : 21
	completed : false

NEW SOLUTION FOUND
solution score : 390

	#choice: 15673
	#fail: 7709
	execution time (ms): 12186
	#sols : 22
	completed : false

NEW SOLUTION FOUND
solution score : 391

	#choice: 16566
	#fail: 8159
	execution time (ms): 12593
	#sols : 23
	completed : false

NEW SOLUTION FOUND
solution score : 392

	#choice: 21165
	#fail: 10454
	execution time (ms): 16014
	#sols : 24
	completed : false

NEW SOLUTION FOUND
solution score : 395

	#choice: 21706
	#fail: 10718
	execution time (ms): 16239
	#sols : 25
	completed : false

NEW SOLUTION FOUND
solution score : 396

	#choice: 22151
	#fail: 10948
	execution time (ms): 16393
	#sols : 26
	completed : false

NEW SOLUTION FOUND
solution score : 399

	#choice: 30778
	#fail: 15265
	execution time (ms): 22463
	#sols : 27
	completed : false

NEW SOLUTION FOUND
solution score : 401

	#choice: 36575
	#fail: 18168
	execution time (ms): 26578
	#sols : 28
	completed : false

NEW SOLUTION FOUND
solution score : 402

	#choice: 37148
	#fail: 18444
	execution time (ms): 26812
	#sols : 29
	completed : false

NEW SOLUTION FOUND
solution score : 404

	#choice: 37548
	#fail: 18652
	execution time (ms): 26915
	#sols : 30
	completed : false

NEW SOLUTION FOUND
solution score : 405

	#choice: 42346
	#fail: 21045
	execution time (ms): 30368
	#sols : 31
	completed : false

NEW SOLUTION FOUND
solution score : 407

	#choice: 42714
	#fail: 21233
	execution time (ms): 30437
	#sols : 32
	completed : false

NEW SOLUTION FOUND
solution score : 408

	#choice: 43151
	#fail: 21453
	execution time (ms): 30552
	#sols : 33
	completed : false

NEW SOLUTION FOUND
solution score : 409

	#choice: 43737
	#fail: 21743
	execution time (ms): 30770
	#sols : 34
	completed : false

NEW SOLUTION FOUND
solution score : 410

	#choice: 44875
	#fail: 22311
	execution time (ms): 31261
	#sols : 35
	completed : false

NEW SOLUTION FOUND
solution score : 411

	#choice: 46916
	#fail: 23333
	execution time (ms): 32493
	#sols : 36
	completed : false

NEW SOLUTION FOUND
solution score : 412

	#choice: 47403
	#fail: 23587
	execution time (ms): 32623
	#sols : 37
	completed : false

NEW SOLUTION FOUND
solution score : 413

	#choice: 48469
	#fail: 24111
	execution time (ms): 33131
	#sols : 38
	completed : false

NEW SOLUTION FOUND
solution score : 414

	#choice: 49273
	#fail: 24511
	execution time (ms): 33472
	#sols : 39
	completed : false

NEW SOLUTION FOUND
solution score : 415

	#choice: 49913
	#fail: 24830
	execution time (ms): 33739
	#sols : 40
	completed : false

NEW SOLUTION FOUND
solution score : 416

	#choice: 52420
	#fail: 26083
	execution time (ms): 35167
	#sols : 41
	completed : false

NEW SOLUTION FOUND
solution score : 417

	#choice: 53272
	#fail: 26511
	execution time (ms): 35543
	#sols : 42
	completed : false

NEW SOLUTION FOUND
solution score : 418

	#choice: 54635
	#fail: 27193
	execution time (ms): 36310
	#sols : 43
	completed : false

NEW SOLUTION FOUND
solution score : 419

	#choice: 55135
	#fail: 27440
	execution time (ms): 36430
	#sols : 44
	completed : false

NEW SOLUTION FOUND
solution score : 420

	#choice: 55921
	#fail: 27839
	execution time (ms): 36747
	#sols : 45
	completed : false

NEW SOLUTION FOUND
solution score : 421

	#choice: 56566
	#fail: 28154
	execution time (ms): 36976
	#sols : 46
	completed : false

NEW SOLUTION FOUND
solution score : 422

	#choice: 60311
	#fail: 30036
	execution time (ms): 39376
	#sols : 47
	completed : false

NEW SOLUTION FOUND
solution score : 423

	#choice: 60751
	#fail: 30243
	execution time (ms): 39471
	#sols : 48
	completed : false

NEW SOLUTION FOUND
solution score : 424

	#choice: 74136
	#fail: 36943
	execution time (ms): 49497
	#sols : 49
	completed : false

NEW SOLUTION FOUND
solution score : 425

	#choice: 75282
	#fail: 37510
	execution time (ms): 50151
	#sols : 50
	completed : false

NEW SOLUTION FOUND
solution score : 426

	#choice: 75736
	#fail: 37743
	execution time (ms): 50249
	#sols : 51
	completed : false

NEW SOLUTION FOUND
solution score : 427

	#choice: 76153
	#fail: 37956
	execution time (ms): 50331
	#sols : 52
	completed : false

NEW SOLUTION FOUND
solution score : 428

	#choice: 76776
	#fail: 38258
	execution time (ms): 50558
	#sols : 53
	completed : false

NEW SOLUTION FOUND
solution score : 429

	#choice: 77801
	#fail: 38778
	execution time (ms): 51039
	#sols : 54
	completed : false

NEW SOLUTION FOUND
solution score : 430

	#choice: 112056
	#fail: 55909
	execution time (ms): 69892
	#sols : 55
	completed : false

NEW SOLUTION FOUND
solution score : 431

	#choice: 112569
	#fail: 56162
	execution time (ms): 70150
	#sols : 56
	completed : false

NEW SOLUTION FOUND
solution score : 433

	#choice: 118150
	#fail: 58957
	execution time (ms): 73288
	#sols : 57
	completed : false

NEW SOLUTION FOUND
solution score : 434

	#choice: 124472
	#fail: 62119
	execution time (ms): 77522
	#sols : 58
	completed : false

NEW SOLUTION FOUND
solution score : 435

	#choice: 125363
	#fail: 62567
	execution time (ms): 77986
	#sols : 59
	completed : false

NEW SOLUTION FOUND
solution score : 436

	#choice: 126159
	#fail: 62956
	execution time (ms): 78423
	#sols : 60
	completed : false

NEW SOLUTION FOUND
solution score : 437

	#choice: 129973
	#fail: 64865
	execution time (ms): 80827
	#sols : 61
	completed : false

NEW SOLUTION FOUND
solution score : 438

	#choice: 136260
	#fail: 68008
	execution time (ms): 85035
	#sols : 62
	completed : false

NEW SOLUTION FOUND
solution score : 439

	#choice: 136565
	#fail: 68164
	execution time (ms): 85116
	#sols : 63
	completed : false

NEW SOLUTION FOUND
solution score : 441

	#choice: 137171
	#fail: 68462
	execution time (ms): 85385
	#sols : 64
	completed : false

NEW SOLUTION FOUND
solution score : 442

	#choice: 139537
	#fail: 69652
	execution time (ms): 86664
	#sols : 65
	completed : false

NEW SOLUTION FOUND
solution score : 443

	#choice: 139847
	#fail: 69801
	execution time (ms): 86749
	#sols : 66
	completed : false

NEW SOLUTION FOUND
solution score : 444

	#choice: 140132
	#fail: 69946
	execution time (ms): 86808
	#sols : 67
	completed : false

NEW SOLUTION FOUND
solution score : 445

	#choice: 140414
	#fail: 70084
	execution time (ms): 86875
	#sols : 68
	completed : false

NEW SOLUTION FOUND
solution score : 446

	#choice: 140725
	#fail: 70245
	execution time (ms): 86970
	#sols : 69
	completed : false

NEW SOLUTION FOUND
solution score : 448

	#choice: 141118
	#fail: 70434
	execution time (ms): 87120
	#sols : 70
	completed : false

NEW SOLUTION FOUND
solution score : 449

	#choice: 144589
	#fail: 72173
	execution time (ms): 89309
	#sols : 71
	completed : false

NEW SOLUTION FOUND
solution score : 450

	#choice: 147699
	#fail: 73730
	execution time (ms): 91352
	#sols : 72
	completed : false

NEW SOLUTION FOUND
solution score : 451

	#choice: 148144
	#fail: 73945
	execution time (ms): 91518
	#sols : 73
	completed : false

NEW SOLUTION FOUND
solution score : 453

	#choice: 148769
	#fail: 74265
	execution time (ms): 91791
	#sols : 74
	completed : false

NEW SOLUTION FOUND
solution score : 454

	#choice: 149617
	#fail: 74687
	execution time (ms): 92256
	#sols : 75
	completed : false

NEW SOLUTION FOUND
solution score : 456

	#choice: 157042
	#fail: 78399
	execution time (ms): 96677
	#sols : 76
	completed : false

NEW SOLUTION FOUND
solution score : 457

	#choice: 157378
	#fail: 78569
	execution time (ms): 96778
	#sols : 77
	completed : false

NEW SOLUTION FOUND
solution score : 458

	#choice: 158865
	#fail: 79309
	execution time (ms): 97607
	#sols : 78
	completed : false

NEW SOLUTION FOUND
solution score : 459

	#choice: 159355
	#fail: 79549
	execution time (ms): 97706
	#sols : 79
	completed : false

NEW SOLUTION FOUND
solution score : 460

	#choice: 160282
	#fail: 80017
	execution time (ms): 98112
	#sols : 80
	completed : false

NEW SOLUTION FOUND
solution score : 461

	#choice: 163320
	#fail: 81541
	execution time (ms): 100116
	#sols : 81
	completed : false

NEW SOLUTION FOUND
solution score : 463

	#choice: 163999
	#fail: 81876
	execution time (ms): 100359
	#sols : 82
	completed : false

NEW SOLUTION FOUND
solution score : 464

	#choice: 170999
	#fail: 85376
	execution time (ms): 105416
	#sols : 83
	completed : false

NEW SOLUTION FOUND
solution score : 466

	#choice: 172158
	#fail: 85952
	execution time (ms): 106012
	#sols : 84
	completed : false

NEW SOLUTION FOUND
solution score : 467

	#choice: 172661
	#fail: 86203
	execution time (ms): 106123
	#sols : 85
	completed : false

NEW SOLUTION FOUND
solution score : 468

	#choice: 173473
	#fail: 86611
	execution time (ms): 106415
	#sols : 86
	completed : false

NEW SOLUTION FOUND
solution score : 469

	#choice: 177588
	#fail: 88672
	execution time (ms): 108954
	#sols : 87
	completed : false

NEW SOLUTION FOUND
solution score : 470

	#choice: 178055
	#fail: 88904
	execution time (ms): 109045
	#sols : 88
	completed : false

NEW SOLUTION FOUND
solution score : 471

	#choice: 178584
	#fail: 89170
	execution time (ms): 109173
	#sols : 89
	completed : false

NEW SOLUTION FOUND
solution score : 472

	#choice: 179056
	#fail: 89407
	execution time (ms): 109269
	#sols : 90
	completed : false

NEW SOLUTION FOUND
solution score : 473

	#choice: 180486
	#fail: 90112
	execution time (ms): 109976
	#sols : 91
	completed : false

NEW SOLUTION FOUND
solution score : 474

	#choice: 181126
	#fail: 90438
	execution time (ms): 110147
	#sols : 92
	completed : false

NEW SOLUTION FOUND
solution score : 476

	#choice: 181697
	#fail: 90722
	execution time (ms): 110284
	#sols : 93
	completed : false

NEW SOLUTION FOUND
solution score : 477

	#choice: 182245
	#fail: 90997
	execution time (ms): 110417
	#sols : 94
	completed : false

NEW SOLUTION FOUND
solution score : 479

	#choice: 182716
	#fail: 91240
	execution time (ms): 110509
	#sols : 95
	completed : false

NEW SOLUTION FOUND
solution score : 480

	#choice: 183905
	#fail: 91828
	execution time (ms): 111060
	#sols : 96
	completed : false

NEW SOLUTION FOUND
solution score : 481

	#choice: 184393
	#fail: 92079
	execution time (ms): 111166
	#sols : 97
	completed : false

NEW SOLUTION FOUND
solution score : 482

	#choice: 184988
	#fail: 92369
	execution time (ms): 111347
	#sols : 98
	completed : false

NEW SOLUTION FOUND
solution score : 483

	#choice: 195832
	#fail: 97796
	execution time (ms): 118520
	#sols : 99
	completed : false

NEW SOLUTION FOUND
solution score : 484

	#choice: 197319
	#fail: 98534
	execution time (ms): 119287
	#sols : 100
	completed : false

NEW SOLUTION FOUND
solution score : 485

	#choice: 197986
	#fail: 98875
	execution time (ms): 119517
	#sols : 101
	completed : false

NEW SOLUTION FOUND
solution score : 486

	#choice: 199019
	#fail: 99390
	execution time (ms): 120026
	#sols : 102
	completed : false

NEW SOLUTION FOUND
solution score : 487

	#choice: 199459
	#fail: 99607
	execution time (ms): 120112
	#sols : 103
	completed : false

NEW SOLUTION FOUND
solution score : 488

	#choice: 199959
	#fail: 99857
	execution time (ms): 120222
	#sols : 104
	completed : false

NEW SOLUTION FOUND
solution score : 489

	#choice: 200458
	#fail: 100107
	execution time (ms): 120330
	#sols : 105
	completed : false

NEW SOLUTION FOUND
solution score : 490

	#choice: 201036
	#fail: 100392
	execution time (ms): 120503
	#sols : 106
	completed : false

NEW SOLUTION FOUND
solution score : 491

	#choice: 201886
	#fail: 100820
	execution time (ms): 120851
	#sols : 107
	completed : false

NEW SOLUTION FOUND
solution score : 492

	#choice: 214752
	#fail: 107263
	execution time (ms): 129755
	#sols : 108
	completed : false

NEW SOLUTION FOUND
solution score : 493

	#choice: 215632
	#fail: 107694
	execution time (ms): 130138
	#sols : 109
	completed : false

NEW SOLUTION FOUND
solution score : 494

	#choice: 216210
	#fail: 107982
	execution time (ms): 130293
	#sols : 110
	completed : false

NEW SOLUTION FOUND
solution score : 495

	#choice: 222614
	#fail: 111193
	execution time (ms): 133976
	#sols : 111
	completed : false

NEW SOLUTION FOUND
solution score : 496

	#choice: 223079
	#fail: 111417
	execution time (ms): 134079
	#sols : 112
	completed : false

NEW SOLUTION FOUND
solution score : 497

	#choice: 226030
	#fail: 112903
	execution time (ms): 135871
	#sols : 113
	completed : false

NEW SOLUTION FOUND
solution score : 498

	#choice: 234917
	#fail: 117335
	execution time (ms): 141277
	#sols : 114
	completed : false

NEW SOLUTION FOUND
solution score : 499

	#choice: 237503
	#fail: 118626
	execution time (ms): 142833
	#sols : 115
	completed : false

NEW SOLUTION FOUND
solution score : 500

	#choice: 238339
	#fail: 119048
	execution time (ms): 143140
	#sols : 116
	completed : false

NEW SOLUTION FOUND
solution score : 501

	#choice: 239240
	#fail: 119491
	execution time (ms): 143517
	#sols : 117
	completed : false

NEW SOLUTION FOUND
solution score : 502

	#choice: 239783
	#fail: 119772
	execution time (ms): 143654
	#sols : 118
	completed : false

NEW SOLUTION FOUND
solution score : 503

	#choice: 240255
	#fail: 120005
	execution time (ms): 143749
	#sols : 119
	completed : false

NEW SOLUTION FOUND
solution score : 504

	#choice: 240728
	#fail: 120248
	execution time (ms): 143843
	#sols : 120
	completed : false

NEW SOLUTION FOUND
solution score : 505

	#choice: 241870
	#fail: 120808
	execution time (ms): 144295
	#sols : 121
	completed : false

NEW SOLUTION FOUND
solution score : 506

	#choice: 244515
	#fail: 122135
	execution time (ms): 145773
	#sols : 122
	completed : false

NEW SOLUTION FOUND
solution score : 507

	#choice: 245247
	#fail: 122502
	execution time (ms): 146058
	#sols : 123
	completed : false

NEW SOLUTION FOUND
solution score : 508

	#choice: 245761
	#fail: 122758
	execution time (ms): 146185
	#sols : 124
	completed : false

NEW SOLUTION FOUND
solution score : 509

	#choice: 246698
	#fail: 123222
	execution time (ms): 146627
	#sols : 125
	completed : false

NEW SOLUTION FOUND
solution score : 510

	#choice: 247202
	#fail: 123477
	execution time (ms): 146736
	#sols : 126
	completed : false

NEW SOLUTION FOUND
solution score : 511

	#choice: 247675
	#fail: 123717
	execution time (ms): 146831
	#sols : 127
	completed : false

NEW SOLUTION FOUND
solution score : 512

	#choice: 248824
	#fail: 124291
	execution time (ms): 147407
	#sols : 128
	completed : false

NEW SOLUTION FOUND
solution score : 513

	#choice: 249456
	#fail: 124604
	execution time (ms): 147610
	#sols : 129
	completed : false

NEW SOLUTION FOUND
solution score : 514

	#choice: 251038
	#fail: 125397
	execution time (ms): 148368
	#sols : 130
	completed : false

NEW SOLUTION FOUND
solution score : 515

	#choice: 251518
	#fail: 125632
	execution time (ms): 148459
	#sols : 131
	completed : false

NEW SOLUTION FOUND
solution score : 516

	#choice: 251999
	#fail: 125880
	execution time (ms): 148551
	#sols : 132
	completed : false

NEW SOLUTION FOUND
solution score : 517

	#choice: 253490
	#fail: 126618
	execution time (ms): 149280
	#sols : 133
	completed : false

NEW SOLUTION FOUND
solution score : 518

	#choice: 255985
	#fail: 127873
	execution time (ms): 150950
	#sols : 134
	completed : false

NEW SOLUTION FOUND
solution score : 519

	#choice: 256836
	#fail: 128294
	execution time (ms): 151297
	#sols : 135
	completed : false

NEW SOLUTION FOUND
solution score : 520

	#choice: 257362
	#fail: 128553
	execution time (ms): 151426
	#sols : 136
	completed : false

NEW SOLUTION FOUND
solution score : 521

	#choice: 258998
	#fail: 129375
	execution time (ms): 152302
	#sols : 137
	completed : false

NEW SOLUTION FOUND
solution score : 522

	#choice: 259569
	#fail: 129664
	execution time (ms): 152456
	#sols : 138
	completed : false

NEW SOLUTION FOUND
solution score : 523

	#choice: 260031
	#fail: 129900
	execution time (ms): 152548
	#sols : 139
	completed : false

NEW SOLUTION FOUND
solution score : 524

	#choice: 260524
	#fail: 130142
	execution time (ms): 152666
	#sols : 140
	completed : false

NEW SOLUTION FOUND
solution score : 525

	#choice: 261486
	#fail: 130619
	execution time (ms): 153045
	#sols : 141
	completed : false

NEW SOLUTION FOUND
solution score : 526

	#choice: 261993
	#fail: 130881
	execution time (ms): 153172
	#sols : 142
	completed : false

NEW SOLUTION FOUND
solution score : 527

	#choice: 263280
	#fail: 131517
	execution time (ms): 153961
	#sols : 143
	completed : false

NEW SOLUTION FOUND
solution score : 528

	#choice: 263747
	#fail: 131754
	execution time (ms): 154055
	#sols : 144
	completed : false

NEW SOLUTION FOUND
solution score : 529

	#choice: 264224
	#fail: 131989
	execution time (ms): 154158
	#sols : 145
	completed : false

NEW SOLUTION FOUND
solution score : 530

	#choice: 265959
	#fail: 132852
	execution time (ms): 155079
	#sols : 146
	completed : false

NEW SOLUTION FOUND
solution score : 531

	#choice: 266848
	#fail: 133301
	execution time (ms): 155481
	#sols : 147
	completed : false

NEW SOLUTION FOUND
solution score : 532

	#choice: 267530
	#fail: 133643
	execution time (ms): 155720
	#sols : 148
	completed : false

NEW SOLUTION FOUND
solution score : 533

	#choice: 268481
	#fail: 134115
	execution time (ms): 156102
	#sols : 149
	completed : false

NEW SOLUTION FOUND
solution score : 534

	#choice: 269034
	#fail: 134396
	execution time (ms): 156254
	#sols : 150
	completed : false

NEW SOLUTION FOUND
solution score : 535

	#choice: 269695
	#fail: 134723
	execution time (ms): 156454
	#sols : 151
	completed : false

NEW SOLUTION FOUND
solution score : 536

	#choice: 271867
	#fail: 135812
	execution time (ms): 157753
	#sols : 152
	completed : false

NEW SOLUTION FOUND
solution score : 537

	#choice: 276122
	#fail: 137945
	execution time (ms): 159990
	#sols : 153
	completed : false

NEW SOLUTION FOUND
solution score : 538

	#choice: 276572
	#fail: 138171
	execution time (ms): 160089
	#sols : 154
	completed : false

NEW SOLUTION FOUND
solution score : 539

	#choice: 277081
	#fail: 138420
	execution time (ms): 160220
	#sols : 155
	completed : false

NEW SOLUTION FOUND
solution score : 540

	#choice: 278079
	#fail: 138915
	execution time (ms): 160616
	#sols : 156
	completed : false

NEW SOLUTION FOUND
solution score : 541

	#choice: 278636
	#fail: 139193
	execution time (ms): 160756
	#sols : 157
	completed : false

NEW SOLUTION FOUND
solution score : 542

	#choice: 279112
	#fail: 139434
	execution time (ms): 160845
	#sols : 158
	completed : false

NEW SOLUTION FOUND
solution score : 543

	#choice: 279573
	#fail: 139675
	execution time (ms): 160945
	#sols : 159
	completed : false

NEW SOLUTION FOUND
solution score : 544

	#choice: 282417
	#fail: 141094
	execution time (ms): 162786
	#sols : 160
	completed : false

NEW SOLUTION FOUND
solution score : 545

	#choice: 283294
	#fail: 141522
	execution time (ms): 163115
	#sols : 161
	completed : false

NEW SOLUTION FOUND
solution score : 546

	#choice: 288968
	#fail: 144368
	execution time (ms): 166809
	#sols : 162
	completed : false

NEW SOLUTION FOUND
solution score : 547

	#choice: 289449
	#fail: 144604
	execution time (ms): 166912
	#sols : 163
	completed : false

NEW SOLUTION FOUND
solution score : 548

	#choice: 290039
	#fail: 144901
	execution time (ms): 167104
	#sols : 164
	completed : false

NEW SOLUTION FOUND
solution score : 549

	#choice: 290507
	#fail: 145127
	execution time (ms): 167194
	#sols : 165
	completed : false

NEW SOLUTION FOUND
solution score : 550

	#choice: 290989
	#fail: 145371
	execution time (ms): 167284
	#sols : 166
	completed : false

NEW SOLUTION FOUND
solution score : 551

	#choice: 291718
	#fail: 145739
	execution time (ms): 167544
	#sols : 167
	completed : false

NEW SOLUTION FOUND
solution score : 552

	#choice: 292765
	#fail: 146256
	execution time (ms): 168020
	#sols : 168
	completed : false

NEW SOLUTION FOUND
solution score : 553

	#choice: 293630
	#fail: 146692
	execution time (ms): 168366
	#sols : 169
	completed : false

NEW SOLUTION FOUND
solution score : 554

	#choice: 294142
	#fail: 146946
	execution time (ms): 168475
	#sols : 170
	completed : false

NEW SOLUTION FOUND
solution score : 555

	#choice: 294643
	#fail: 147205
	execution time (ms): 168585
	#sols : 171
	completed : false

NEW SOLUTION FOUND
solution score : 556

	#choice: 295113
	#fail: 147433
	execution time (ms): 168675
	#sols : 172
	completed : false

NEW SOLUTION FOUND
solution score : 557

	#choice: 295699
	#fail: 147726
	execution time (ms): 168843
	#sols : 173
	completed : false

NEW SOLUTION FOUND
solution score : 558

	#choice: 296265
	#fail: 148004
	execution time (ms): 168985
	#sols : 174
	completed : false

NEW SOLUTION FOUND
solution score : 559

	#choice: 296800
	#fail: 148273
	execution time (ms): 169096
	#sols : 175
	completed : false

NEW SOLUTION FOUND
solution score : 560

	#choice: 297466
	#fail: 148609
	execution time (ms): 169288
	#sols : 176
	completed : false

NEW SOLUTION FOUND
solution score : 561

	#choice: 297973
	#fail: 148856
	execution time (ms): 169387
	#sols : 177
	completed : false

NEW SOLUTION FOUND
solution score : 562

	#choice: 298478
	#fail: 149116
	execution time (ms): 169483
	#sols : 178
	completed : false

NEW SOLUTION FOUND
solution score : 563

	#choice: 299435
	#fail: 149599
	execution time (ms): 169909
	#sols : 179
	completed : false

NEW SOLUTION FOUND
solution score : 564

	#choice: 300959
	#fail: 150354
	execution time (ms): 170684
	#sols : 180
	completed : false

NEW SOLUTION FOUND
solution score : 565

	#choice: 301467
	#fail: 150607
	execution time (ms): 170789
	#sols : 181
	completed : false

NEW SOLUTION FOUND
solution score : 566

	#choice: 301977
	#fail: 150860
	execution time (ms): 170891
	#sols : 182
	completed : false

NEW SOLUTION FOUND
solution score : 567

	#choice: 302782
	#fail: 151269
	execution time (ms): 171163
	#sols : 183
	completed : false

NEW SOLUTION FOUND
solution score : 568

	#choice: 303495
	#fail: 151622
	execution time (ms): 171373
	#sols : 184
	completed : false

NEW SOLUTION FOUND
solution score : 569

	#choice: 304237
	#fail: 152001
	execution time (ms): 171647
	#sols : 185
	completed : false

NEW SOLUTION FOUND
solution score : 570

	#choice: 304705
	#fail: 152233
	execution time (ms): 171746
	#sols : 186
	completed : false

NEW SOLUTION FOUND
solution score : 571

	#choice: 305171
	#fail: 152470
	execution time (ms): 171838
	#sols : 187
	completed : false

NEW SOLUTION FOUND
solution score : 572

	#choice: 305899
	#fail: 152829
	execution time (ms): 172098
	#sols : 188
	completed : false

NEW SOLUTION FOUND
solution score : 573

	#choice: 306375
	#fail: 153069
	execution time (ms): 172192
	#sols : 189
	completed : false

NEW SOLUTION FOUND
solution score : 574

	#choice: 307011
	#fail: 153389
	execution time (ms): 172425
	#sols : 190
	completed : false

NEW SOLUTION FOUND
solution score : 575

	#choice: 307511
	#fail: 153633
	execution time (ms): 172536
	#sols : 191
	completed : false

NEW SOLUTION FOUND
solution score : 576

	#choice: 308729
	#fail: 154239
	execution time (ms): 173142
	#sols : 192
	completed : false

NEW SOLUTION FOUND
solution score : 577

	#choice: 309224
	#fail: 154490
	execution time (ms): 173242
	#sols : 193
	completed : false

NEW SOLUTION FOUND
solution score : 578

	#choice: 311238
	#fail: 155499
	execution time (ms): 174295
	#sols : 194
	completed : false

NEW SOLUTION FOUND
solution score : 579

	#choice: 311782
	#fail: 155774
	execution time (ms): 174439
	#sols : 195
	completed : false

NEW SOLUTION FOUND
solution score : 580

	#choice: 313471
	#fail: 156609
	execution time (ms): 175406
	#sols : 196
	completed : false

NEW SOLUTION FOUND
solution score : 581

	#choice: 314025
	#fail: 156894
	execution time (ms): 175541
	#sols : 197
	completed : false

NEW SOLUTION FOUND
solution score : 582

	#choice: 314537
	#fail: 157147
	execution time (ms): 175664
	#sols : 198
	completed : false

NEW SOLUTION FOUND
solution score : 583

	#choice: 315392
	#fail: 157572
	execution time (ms): 175993
	#sols : 199
	completed : false

NEW SOLUTION FOUND
solution score : 584

	#choice: 318293
	#fail: 159025
	execution time (ms): 177649
	#sols : 200
	completed : false

NEW SOLUTION FOUND
solution score : 585

	#choice: 318841
	#fail: 159306
	execution time (ms): 177790
	#sols : 201
	completed : false

NEW SOLUTION FOUND
solution score : 586

	#choice: 319912
	#fail: 159834
	execution time (ms): 178265
	#sols : 202
	completed : false

NEW SOLUTION FOUND
solution score : 587

	#choice: 325983
	#fail: 162878
	execution time (ms): 182619
	#sols : 203
	completed : false

NEW SOLUTION FOUND
solution score : 588

	#choice: 326476
	#fail: 163109
	execution time (ms): 182724
	#sols : 204
	completed : false

NEW SOLUTION FOUND
solution score : 589

	#choice: 326995
	#fail: 163378
	execution time (ms): 182831
	#sols : 205
	completed : false

NEW SOLUTION FOUND
solution score : 590

	#choice: 327486
	#fail: 163619
	execution time (ms): 182928
	#sols : 206
	completed : false

NEW SOLUTION FOUND
solution score : 591

	#choice: 328408
	#fail: 164082
	execution time (ms): 183352
	#sols : 207
	completed : false

NEW SOLUTION FOUND
solution score : 592

	#choice: 328911
	#fail: 164337
	execution time (ms): 183462
	#sols : 208
	completed : false

NEW SOLUTION FOUND
solution score : 593

	#choice: 329465
	#fail: 164618
	execution time (ms): 183619
	#sols : 209
	completed : false

NEW SOLUTION FOUND
solution score : 594

	#choice: 329920
	#fail: 164853
	execution time (ms): 183720
	#sols : 210
	completed : false

NEW SOLUTION FOUND
solution score : 595

	#choice: 330499
	#fail: 165128
	execution time (ms): 183888
	#sols : 211
	completed : false

NEW SOLUTION FOUND
solution score : 596

	#choice: 331010
	#fail: 165385
	execution time (ms): 183996
	#sols : 212
	completed : false

NEW SOLUTION FOUND
solution score : 597

	#choice: 331608
	#fail: 165685
	execution time (ms): 184175
	#sols : 213
	completed : false

NEW SOLUTION FOUND
solution score : 598

	#choice: 332252
	#fail: 166009
	execution time (ms): 184380
	#sols : 214
	completed : false

NEW SOLUTION FOUND
solution score : 599

	#choice: 332744
	#fail: 166249
	execution time (ms): 184480
	#sols : 215
	completed : false

NEW SOLUTION FOUND
solution score : 600

	#choice: 333254
	#fail: 166507
	execution time (ms): 184591
	#sols : 216
	completed : false

NEW SOLUTION FOUND
solution score : 601

	#choice: 333762
	#fail: 166760
	execution time (ms): 184705
	#sols : 217
	completed : false

NEW SOLUTION FOUND
solution score : 602

	#choice: 335017
	#fail: 167393
	execution time (ms): 185304
	#sols : 218
	completed : false

NEW SOLUTION FOUND
solution score : 603

	#choice: 336161
	#fail: 167956
	execution time (ms): 185847
	#sols : 219
	completed : false

END OF SEARCH

	#choice: 336410
	#fail: 168206
	execution time (ms): 185848
	#sols : 219
	completed : true

