INFO
n : 30
nbHoles : 700
nbFile : 7
objective : diagonal
search: lds
bp : sum_product
branchingScheme : max_marginal_regret
oracle : true
truncateRate : 0
START SEARCH
NEW SOLUTION FOUND
solution score : 498

	#choice: 491
	#fail: 1
	execution time (ms): 3596
	#sols : 1
	completed : false

NEW SOLUTION FOUND
solution score : 515

	#choice: 494
	#fail: 3
	execution time (ms): 3622
	#sols : 2
	completed : false

NEW SOLUTION FOUND
solution score : 516

	#choice: 525
	#fail: 20
	execution time (ms): 3700
	#sols : 3
	completed : false

NEW SOLUTION FOUND
solution score : 525

	#choice: 549
	#fail: 22
	execution time (ms): 3765
	#sols : 4
	completed : false

NEW SOLUTION FOUND
solution score : 527

	#choice: 574
	#fail: 25
	execution time (ms): 3825
	#sols : 5
	completed : false

NEW SOLUTION FOUND
solution score : 528

	#choice: 583
	#fail: 26
	execution time (ms): 3869
	#sols : 6
	completed : false

NEW SOLUTION FOUND
solution score : 538

	#choice: 615
	#fail: 33
	execution time (ms): 3939
	#sols : 7
	completed : false

NEW SOLUTION FOUND
solution score : 542

	#choice: 636
	#fail: 34
	execution time (ms): 3986
	#sols : 8
	completed : false

NEW SOLUTION FOUND
solution score : 546

	#choice: 672
	#fail: 36
	execution time (ms): 4055
	#sols : 9
	completed : false

NEW SOLUTION FOUND
solution score : 548

	#choice: 723
	#fail: 38
	execution time (ms): 4157
	#sols : 10
	completed : false

NEW SOLUTION FOUND
solution score : 550

	#choice: 809
	#fail: 41
	execution time (ms): 4329
	#sols : 11
	completed : false

NEW SOLUTION FOUND
solution score : 551

	#choice: 845
	#fail: 42
	execution time (ms): 4378
	#sols : 12
	completed : false

NEW SOLUTION FOUND
solution score : 553

	#choice: 886
	#fail: 49
	execution time (ms): 4441
	#sols : 13
	completed : false

NEW SOLUTION FOUND
solution score : 555

	#choice: 929
	#fail: 50
	execution time (ms): 4511
	#sols : 14
	completed : false

NEW SOLUTION FOUND
solution score : 556

	#choice: 989
	#fail: 60
	execution time (ms): 4593
	#sols : 15
	completed : false

NEW SOLUTION FOUND
solution score : 559

	#choice: 1034
	#fail: 61
	execution time (ms): 4685
	#sols : 16
	completed : false

NEW SOLUTION FOUND
solution score : 560

	#choice: 1107
	#fail: 77
	execution time (ms): 4817
	#sols : 17
	completed : false

NEW SOLUTION FOUND
solution score : 563

	#choice: 1187
	#fail: 78
	execution time (ms): 4928
	#sols : 18
	completed : false

NEW SOLUTION FOUND
solution score : 567

	#choice: 1252
	#fail: 79
	execution time (ms): 5011
	#sols : 19
	completed : false

NEW SOLUTION FOUND
solution score : 570

	#choice: 1470
	#fail: 82
	execution time (ms): 5222
	#sols : 20
	completed : false

NEW SOLUTION FOUND
solution score : 571

	#choice: 1624
	#fail: 84
	execution time (ms): 5380
	#sols : 21
	completed : false

NEW SOLUTION FOUND
solution score : 574

	#choice: 1767
	#fail: 86
	execution time (ms): 5670
	#sols : 22
	completed : false

NEW SOLUTION FOUND
solution score : 577

	#choice: 1922
	#fail: 88
	execution time (ms): 5824
	#sols : 23
	completed : false

NEW SOLUTION FOUND
solution score : 582

	#choice: 2003
	#fail: 89
	execution time (ms): 5899
	#sols : 24
	completed : false

NEW SOLUTION FOUND
solution score : 583

	#choice: 2390
	#fail: 94
	execution time (ms): 6359
	#sols : 25
	completed : false

NEW SOLUTION FOUND
solution score : 584

	#choice: 2497
	#fail: 111
	execution time (ms): 6469
	#sols : 26
	completed : false

NEW SOLUTION FOUND
solution score : 587

	#choice: 2969
	#fail: 118
	execution time (ms): 7148
	#sols : 27
	completed : false

NEW SOLUTION FOUND
solution score : 589

	#choice: 3325
	#fail: 135
	execution time (ms): 7824
	#sols : 28
	completed : false

NEW SOLUTION FOUND
solution score : 590

	#choice: 3475
	#fail: 152
	execution time (ms): 8089
	#sols : 29
	completed : false

NEW SOLUTION FOUND
solution score : 591

	#choice: 3613
	#fail: 153
	execution time (ms): 8647
	#sols : 30
	completed : false

NEW SOLUTION FOUND
solution score : 592

	#choice: 3770
	#fail: 164
	execution time (ms): 9043
	#sols : 31
	completed : false

NEW SOLUTION FOUND
solution score : 593

	#choice: 4100
	#fail: 176
	execution time (ms): 9564
	#sols : 32
	completed : false

NEW SOLUTION FOUND
solution score : 594

	#choice: 4262
	#fail: 177
	execution time (ms): 9834
	#sols : 33
	completed : false

NEW SOLUTION FOUND
solution score : 595

	#choice: 4570
	#fail: 179
	execution time (ms): 10276
	#sols : 34
	completed : false

NEW SOLUTION FOUND
solution score : 596

	#choice: 4901
	#fail: 181
	execution time (ms): 10860
	#sols : 35
	completed : false

NEW SOLUTION FOUND
solution score : 597

	#choice: 5423
	#fail: 191
	execution time (ms): 11795
	#sols : 36
	completed : false

NEW SOLUTION FOUND
solution score : 598

	#choice: 5787
	#fail: 200
	execution time (ms): 12681
	#sols : 37
	completed : false

NEW SOLUTION FOUND
solution score : 599

	#choice: 6159
	#fail: 202
	execution time (ms): 13366
	#sols : 38
	completed : false

NEW SOLUTION FOUND
solution score : 600

	#choice: 6341
	#fail: 203
	execution time (ms): 13955
	#sols : 39
	completed : false

NEW SOLUTION FOUND
solution score : 601

	#choice: 6716
	#fail: 205
	execution time (ms): 14521
	#sols : 40
	completed : false

NEW SOLUTION FOUND
solution score : 602

	#choice: 6915
	#fail: 206
	execution time (ms): 14877
	#sols : 41
	completed : false

NEW SOLUTION FOUND
solution score : 603

	#choice: 7115
	#fail: 207
	execution time (ms): 15201
	#sols : 42
	completed : false

NEW SOLUTION FOUND
solution score : 604

	#choice: 7316
	#fail: 212
	execution time (ms): 15661
	#sols : 43
	completed : false

NEW SOLUTION FOUND
solution score : 605

	#choice: 7511
	#fail: 213
	execution time (ms): 16101
	#sols : 44
	completed : false

NEW SOLUTION FOUND
solution score : 610

	#choice: 7905
	#fail: 218
	execution time (ms): 16843
	#sols : 45
	completed : false

NEW SOLUTION FOUND
solution score : 613

	#choice: 8118
	#fail: 219
	execution time (ms): 17291
	#sols : 46
	completed : false

NEW SOLUTION FOUND
solution score : 614

	#choice: 8319
	#fail: 220
	execution time (ms): 17760
	#sols : 47
	completed : false

NEW SOLUTION FOUND
solution score : 619

	#choice: 8534
	#fail: 221
	execution time (ms): 18063
	#sols : 48
	completed : false

NEW SOLUTION FOUND
solution score : 623

	#choice: 8963
	#fail: 223
	execution time (ms): 18848
	#sols : 49
	completed : false

NEW SOLUTION FOUND
solution score : 624

	#choice: 9177
	#fail: 228
	execution time (ms): 19206
	#sols : 50
	completed : false

NEW SOLUTION FOUND
solution score : 625

	#choice: 9593
	#fail: 230
	execution time (ms): 20033
	#sols : 51
	completed : false

NEW SOLUTION FOUND
solution score : 626

	#choice: 10231
	#fail: 234
	execution time (ms): 21156
	#sols : 52
	completed : false

NEW SOLUTION FOUND
solution score : 627

	#choice: 10444
	#fail: 235
	execution time (ms): 21531
	#sols : 53
	completed : false

NEW SOLUTION FOUND
solution score : 630

	#choice: 10685
	#fail: 237
	execution time (ms): 21869
	#sols : 54
	completed : false

NEW SOLUTION FOUND
solution score : 634

	#choice: 11106
	#fail: 239
	execution time (ms): 22797
	#sols : 55
	completed : false

NEW SOLUTION FOUND
solution score : 635

	#choice: 11556
	#fail: 241
	execution time (ms): 23554
	#sols : 56
	completed : false

NEW SOLUTION FOUND
solution score : 637

	#choice: 11777
	#fail: 242
	execution time (ms): 23970
	#sols : 57
	completed : false

NEW SOLUTION FOUND
solution score : 638

	#choice: 12467
	#fail: 245
	execution time (ms): 25242
	#sols : 58
	completed : false

NEW SOLUTION FOUND
solution score : 640

	#choice: 13162
	#fail: 248
	execution time (ms): 26504
	#sols : 59
	completed : false

NEW SOLUTION FOUND
solution score : 641

	#choice: 14069
	#fail: 252
	execution time (ms): 28090
	#sols : 60
	completed : false

NEW SOLUTION FOUND
solution score : 645

	#choice: 15051
	#fail: 260
	execution time (ms): 29965
	#sols : 61
	completed : false

NEW SOLUTION FOUND
solution score : 646

	#choice: 15537
	#fail: 262
	execution time (ms): 31088
	#sols : 62
	completed : false

NEW SOLUTION FOUND
solution score : 648

	#choice: 15787
	#fail: 263
	execution time (ms): 31662
	#sols : 63
	completed : false

NEW SOLUTION FOUND
solution score : 649

	#choice: 16277
	#fail: 265
	execution time (ms): 32647
	#sols : 64
	completed : false

NEW SOLUTION FOUND
solution score : 650

	#choice: 17493
	#fail: 270
	execution time (ms): 34813
	#sols : 65
	completed : false

NEW SOLUTION FOUND
solution score : 651

	#choice: 18774
	#fail: 275
	execution time (ms): 37334
	#sols : 66
	completed : false

NEW SOLUTION FOUND
solution score : 654

	#choice: 19025
	#fail: 276
	execution time (ms): 37833
	#sols : 67
	completed : false

NEW SOLUTION FOUND
solution score : 657

	#choice: 19551
	#fail: 281
	execution time (ms): 38769
	#sols : 68
	completed : false

NEW SOLUTION FOUND
solution score : 658

	#choice: 19814
	#fail: 286
	execution time (ms): 39292
	#sols : 69
	completed : false

NEW SOLUTION FOUND
solution score : 659

	#choice: 20087
	#fail: 292
	execution time (ms): 39918
	#sols : 70
	completed : false

NEW SOLUTION FOUND
solution score : 660

	#choice: 20637
	#fail: 299
	execution time (ms): 40979
	#sols : 71
	completed : false

NEW SOLUTION FOUND
solution score : 661

	#choice: 20922
	#fail: 300
	execution time (ms): 41508
	#sols : 72
	completed : false

NEW SOLUTION FOUND
solution score : 662

	#choice: 22333
	#fail: 305
	execution time (ms): 44462
	#sols : 73
	completed : false

NEW SOLUTION FOUND
solution score : 663

	#choice: 22625
	#fail: 306
	execution time (ms): 45103
	#sols : 74
	completed : false

NEW SOLUTION FOUND
solution score : 667

	#choice: 22924
	#fail: 307
	execution time (ms): 45778
	#sols : 75
	completed : false

NEW SOLUTION FOUND
solution score : 668

	#choice: 24064
	#fail: 311
	execution time (ms): 47961
	#sols : 76
	completed : false

NEW SOLUTION FOUND
solution score : 671

	#choice: 24359
	#fail: 316
	execution time (ms): 48570
	#sols : 77
	completed : false

NEW SOLUTION FOUND
solution score : 672

	#choice: 24652
	#fail: 320
	execution time (ms): 49279
	#sols : 78
	completed : false

NEW SOLUTION FOUND
solution score : 673

	#choice: 25828
	#fail: 324
	execution time (ms): 51405
	#sols : 79
	completed : false

NEW SOLUTION FOUND
solution score : 674

	#choice: 26132
	#fail: 325
	execution time (ms): 51942
	#sols : 80
	completed : false

NEW SOLUTION FOUND
solution score : 675

	#choice: 26437
	#fail: 327
	execution time (ms): 52473
	#sols : 81
	completed : false

NEW SOLUTION FOUND
solution score : 676

	#choice: 26729
	#fail: 329
	execution time (ms): 53103
	#sols : 82
	completed : false

NEW SOLUTION FOUND
solution score : 677

	#choice: 27057
	#fail: 340
	execution time (ms): 53845
	#sols : 83
	completed : false

NEW SOLUTION FOUND
solution score : 681

	#choice: 29651
	#fail: 348
	execution time (ms): 59739
	#sols : 84
	completed : false

NEW SOLUTION FOUND
solution score : 682

	#choice: 30309
	#fail: 350
	execution time (ms): 61422
	#sols : 85
	completed : false

NEW SOLUTION FOUND
solution score : 683

	#choice: 30642
	#fail: 351
	execution time (ms): 62252
	#sols : 86
	completed : false

NEW SOLUTION FOUND
solution score : 684

	#choice: 31312
	#fail: 353
	execution time (ms): 63803
	#sols : 87
	completed : false

NEW SOLUTION FOUND
solution score : 685

	#choice: 31644
	#fail: 354
	execution time (ms): 64566
	#sols : 88
	completed : false

NEW SOLUTION FOUND
solution score : 686

	#choice: 31974
	#fail: 357
	execution time (ms): 65372
	#sols : 89
	completed : false

NEW SOLUTION FOUND
solution score : 687

	#choice: 33326
	#fail: 361
	execution time (ms): 68790
	#sols : 90
	completed : false

NEW SOLUTION FOUND
solution score : 688

	#choice: 33999
	#fail: 363
	execution time (ms): 70308
	#sols : 91
	completed : false

NEW SOLUTION FOUND
solution score : 689

	#choice: 34347
	#fail: 364
	execution time (ms): 71190
	#sols : 92
	completed : false

NEW SOLUTION FOUND
solution score : 691

	#choice: 34681
	#fail: 365
	execution time (ms): 72039
	#sols : 93
	completed : false

NEW SOLUTION FOUND
solution score : 692

	#choice: 35353
	#fail: 367
	execution time (ms): 73880
	#sols : 94
	completed : false

NEW SOLUTION FOUND
solution score : 693

	#choice: 36499
	#fail: 386
	execution time (ms): 76532
	#sols : 95
	completed : false

NEW SOLUTION FOUND
solution score : 695

	#choice: 36879
	#fail: 387
	execution time (ms): 77519
	#sols : 96
	completed : false

NEW SOLUTION FOUND
solution score : 698

	#choice: 37987
	#fail: 390
	execution time (ms): 80347
	#sols : 97
	completed : false

NEW SOLUTION FOUND
solution score : 701

	#choice: 39885
	#fail: 395
	execution time (ms): 84965
	#sols : 98
	completed : false

NEW SOLUTION FOUND
solution score : 703

	#choice: 41656
	#fail: 400
	execution time (ms): 88926
	#sols : 99
	completed : false

NEW SOLUTION FOUND
solution score : 705

	#choice: 42413
	#fail: 402
	execution time (ms): 90633
	#sols : 100
	completed : false

NEW SOLUTION FOUND
solution score : 706

	#choice: 43171
	#fail: 404
	execution time (ms): 92428
	#sols : 101
	completed : false

NEW SOLUTION FOUND
solution score : 707

	#choice: 43559
	#fail: 405
	execution time (ms): 93306
	#sols : 102
	completed : false

NEW SOLUTION FOUND
solution score : 708

	#choice: 43941
	#fail: 406
	execution time (ms): 93979
	#sols : 103
	completed : false

NEW SOLUTION FOUND
solution score : 711

	#choice: 44344
	#fail: 407
	execution time (ms): 94746
	#sols : 104
	completed : false

NEW SOLUTION FOUND
solution score : 713

	#choice: 45147
	#fail: 409
	execution time (ms): 96357
	#sols : 105
	completed : false

NEW SOLUTION FOUND
solution score : 714

	#choice: 45931
	#fail: 411
	execution time (ms): 98076
	#sols : 106
	completed : false

NEW SOLUTION FOUND
solution score : 716

	#choice: 46328
	#fail: 412
	execution time (ms): 99063
	#sols : 107
	completed : false

NEW SOLUTION FOUND
solution score : 717

	#choice: 47516
	#fail: 415
	execution time (ms): 101523
	#sols : 108
	completed : false

NEW SOLUTION FOUND
solution score : 718

	#choice: 47912
	#fail: 416
	execution time (ms): 102498
	#sols : 109
	completed : false

NEW SOLUTION FOUND
solution score : 719

	#choice: 48306
	#fail: 417
	execution time (ms): 103369
	#sols : 110
	completed : false

NEW SOLUTION FOUND
solution score : 723

	#choice: 49090
	#fail: 419
	execution time (ms): 105151
	#sols : 111
	completed : false

NEW SOLUTION FOUND
solution score : 725

	#choice: 49471
	#fail: 420
	execution time (ms): 105989
	#sols : 112
	completed : false

NEW SOLUTION FOUND
solution score : 726

	#choice: 49862
	#fail: 421
	execution time (ms): 106903
	#sols : 113
	completed : false

NEW SOLUTION FOUND
solution score : 728

	#choice: 50318
	#fail: 426
	execution time (ms): 108092
	#sols : 114
	completed : false

NEW SOLUTION FOUND
solution score : 729

	#choice: 53096
	#fail: 433
	execution time (ms): 114987
	#sols : 115
	completed : false

NEW SOLUTION FOUND
solution score : 730

	#choice: 53501
	#fail: 436
	execution time (ms): 115906
	#sols : 116
	completed : false

NEW SOLUTION FOUND
solution score : 732

	#choice: 53930
	#fail: 448
	execution time (ms): 116766
	#sols : 117
	completed : false

NEW SOLUTION FOUND
solution score : 733

	#choice: 54350
	#fail: 449
	execution time (ms): 117563
	#sols : 118
	completed : false

NEW SOLUTION FOUND
solution score : 736

	#choice: 56080
	#fail: 453
	execution time (ms): 121461
	#sols : 119
	completed : false

NEW SOLUTION FOUND
solution score : 737

	#choice: 57734
	#fail: 457
	execution time (ms): 125547
	#sols : 120
	completed : false

NEW SOLUTION FOUND
solution score : 738

	#choice: 58616
	#fail: 459
	execution time (ms): 127401
	#sols : 121
	completed : false

NEW SOLUTION FOUND
solution score : 739

	#choice: 59955
	#fail: 462
	execution time (ms): 130298
	#sols : 122
	completed : false

NEW SOLUTION FOUND
solution score : 743

	#choice: 64028
	#fail: 471
	execution time (ms): 140652
	#sols : 123
	completed : false

NEW SOLUTION FOUND
solution score : 744

	#choice: 64487
	#fail: 472
	execution time (ms): 141897
	#sols : 124
	completed : false

NEW SOLUTION FOUND
solution score : 746

	#choice: 66292
	#fail: 476
	execution time (ms): 146134
	#sols : 125
	completed : false

NEW SOLUTION FOUND
solution score : 748

	#choice: 66752
	#fail: 477
	execution time (ms): 147001
	#sols : 126
	completed : false

NEW SOLUTION FOUND
solution score : 749

	#choice: 68141
	#fail: 480
	execution time (ms): 150440
	#sols : 127
	completed : false

NEW SOLUTION FOUND
solution score : 751

	#choice: 70448
	#fail: 485
	execution time (ms): 156032
	#sols : 128
	completed : false

NEW SOLUTION FOUND
solution score : 753

	#choice: 72317
	#fail: 489
	execution time (ms): 159852
	#sols : 129
	completed : false

NEW SOLUTION FOUND
solution score : 756

	#choice: 72798
	#fail: 490
	execution time (ms): 160736
	#sols : 130
	completed : false

NEW SOLUTION FOUND
solution score : 757

	#choice: 73255
	#fail: 491
	execution time (ms): 161599
	#sols : 131
	completed : false

NEW SOLUTION FOUND
solution score : 758

	#choice: 73338
	#fail: 530
	execution time (ms): 161622
	#sols : 132
	completed : false

NEW SOLUTION FOUND
solution score : 759

	#choice: 73830
	#fail: 769
	execution time (ms): 161948
	#sols : 133
	completed : false

NEW SOLUTION FOUND
solution score : 760

	#choice: 74443
	#fail: 1083
	execution time (ms): 162580
	#sols : 134
	completed : false

NEW SOLUTION FOUND
solution score : 763

	#choice: 75368
	#fail: 1539
	execution time (ms): 163428
	#sols : 135
	completed : false

NEW SOLUTION FOUND
solution score : 764

	#choice: 75465
	#fail: 1566
	execution time (ms): 163467
	#sols : 136
	completed : false

NEW SOLUTION FOUND
solution score : 766

	#choice: 75581
	#fail: 1612
	execution time (ms): 163539
	#sols : 137
	completed : false

NEW SOLUTION FOUND
solution score : 770

	#choice: 75848
	#fail: 1709
	execution time (ms): 163784
	#sols : 138
	completed : false

NEW SOLUTION FOUND
solution score : 773

	#choice: 76081
	#fail: 1736
	execution time (ms): 164123
	#sols : 139
	completed : false

NEW SOLUTION FOUND
solution score : 774

	#choice: 76893
	#fail: 1748
	execution time (ms): 165509
	#sols : 140
	completed : false

NEW SOLUTION FOUND
solution score : 775

	#choice: 77148
	#fail: 1776
	execution time (ms): 165916
	#sols : 141
	completed : false

NEW SOLUTION FOUND
solution score : 776

	#choice: 77595
	#fail: 1880
	execution time (ms): 166660
	#sols : 142
	completed : false

NEW SOLUTION FOUND
solution score : 778

	#choice: 77934
	#fail: 1881
	execution time (ms): 167451
	#sols : 143
	completed : false

NEW SOLUTION FOUND
solution score : 779

	#choice: 78266
	#fail: 1882
	execution time (ms): 168244
	#sols : 144
	completed : false

NEW SOLUTION FOUND
solution score : 780

	#choice: 78699
	#fail: 1929
	execution time (ms): 169190
	#sols : 145
	completed : false

NEW SOLUTION FOUND
solution score : 781

	#choice: 79156
	#fail: 1969
	execution time (ms): 170315
	#sols : 146
	completed : false

END OF SEARCH

	#choice: 79219
	#fail: 2033
	execution time (ms): 170332
	#sols : 146
	completed : true

