INFO
n : 30
nbHoles : 500
nbFile : 7
objective : diagonal
search: lds
bp : sum_product
branchingScheme : max_marginal_regret
oracle : true
truncateRate : 50
START SEARCH
NEW SOLUTION FOUND
solution score : 480

	#choice: 276
	#fail: 8
	execution time (ms): 2217
	#sols : 1
	completed : false

NEW SOLUTION FOUND
solution score : 481

	#choice: 293
	#fail: 10
	execution time (ms): 2300
	#sols : 2
	completed : false

NEW SOLUTION FOUND
solution score : 515

	#choice: 570
	#fail: 26
	execution time (ms): 4729
	#sols : 3
	completed : false

NEW SOLUTION FOUND
solution score : 521

	#choice: 1000
	#fail: 42
	execution time (ms): 7095
	#sols : 4
	completed : false

NEW SOLUTION FOUND
solution score : 524

	#choice: 1159
	#fail: 47
	execution time (ms): 7920
	#sols : 5
	completed : false

NEW SOLUTION FOUND
solution score : 525

	#choice: 1554
	#fail: 57
	execution time (ms): 9475
	#sols : 6
	completed : false

NEW SOLUTION FOUND
solution score : 537

	#choice: 4971
	#fail: 103
	execution time (ms): 19363
	#sols : 7
	completed : false

NEW SOLUTION FOUND
solution score : 542

	#choice: 5074
	#fail: 104
	execution time (ms): 19698
	#sols : 8
	completed : false

NEW SOLUTION FOUND
solution score : 543

	#choice: 5351
	#fail: 107
	execution time (ms): 20482
	#sols : 9
	completed : false

NEW SOLUTION FOUND
solution score : 545

	#choice: 5740
	#fail: 111
	execution time (ms): 22341
	#sols : 10
	completed : false

NEW SOLUTION FOUND
solution score : 557

	#choice: 9722
	#fail: 144
	execution time (ms): 33083
	#sols : 11
	completed : false

NEW SOLUTION FOUND
solution score : 558

	#choice: 10596
	#fail: 150
	execution time (ms): 35185
	#sols : 12
	completed : false

NEW SOLUTION FOUND
solution score : 559

	#choice: 16997
	#fail: 188
	execution time (ms): 50862
	#sols : 13
	completed : false

NEW SOLUTION FOUND
solution score : 578

	#choice: 29471
	#fail: 257
	execution time (ms): 79149
	#sols : 14
	completed : false

NEW SOLUTION FOUND
solution score : 579

	#choice: 29507
	#fail: 274
	execution time (ms): 79172
	#sols : 15
	completed : false

NEW SOLUTION FOUND
solution score : 585

	#choice: 29561
	#fail: 296
	execution time (ms): 79216
	#sols : 16
	completed : false

NEW SOLUTION FOUND
solution score : 593

	#choice: 29652
	#fail: 315
	execution time (ms): 79290
	#sols : 17
	completed : false

NEW SOLUTION FOUND
solution score : 594

	#choice: 29697
	#fail: 331
	execution time (ms): 79328
	#sols : 18
	completed : false

NEW SOLUTION FOUND
solution score : 597

	#choice: 29883
	#fail: 377
	execution time (ms): 79539
	#sols : 19
	completed : false

NEW SOLUTION FOUND
solution score : 598

	#choice: 30031
	#fail: 431
	execution time (ms): 79706
	#sols : 20
	completed : false

NEW SOLUTION FOUND
solution score : 599

	#choice: 30684
	#fail: 525
	execution time (ms): 80731
	#sols : 21
	completed : false

NEW SOLUTION FOUND
solution score : 600

	#choice: 30986
	#fail: 553
	execution time (ms): 81585
	#sols : 22
	completed : false

NEW SOLUTION FOUND
solution score : 601

	#choice: 31564
	#fail: 631
	execution time (ms): 82918
	#sols : 23
	completed : false

NEW SOLUTION FOUND
solution score : 602

	#choice: 33118
	#fail: 678
	execution time (ms): 87318
	#sols : 24
	completed : false

NEW SOLUTION FOUND
solution score : 603

	#choice: 33283
	#fail: 713
	execution time (ms): 87620
	#sols : 25
	completed : false

END OF SEARCH

	#choice: 33537
	#fail: 968
	execution time (ms): 87642
	#sols : 25
	completed : true

