INFO
n : 30
nbHoles : 700
nbFile : 1
objective : diagonal
search: dfs
bp : sum_product
branchingScheme : max_marginal_regret
oracle : false
truncateRate : 50
START SEARCH
NEW SOLUTION FOUND
solution score : 461

	#choice: 481
	#fail: 0
	execution time (ms): 3258
	#sols : 1
	completed : false

NEW SOLUTION FOUND
solution score : 464

	#choice: 487
	#fail: 5
	execution time (ms): 3274
	#sols : 2
	completed : false

NEW SOLUTION FOUND
solution score : 473

	#choice: 493
	#fail: 7
	execution time (ms): 3279
	#sols : 3
	completed : false

NEW SOLUTION FOUND
solution score : 474

	#choice: 503
	#fail: 12
	execution time (ms): 3287
	#sols : 4
	completed : false

NEW SOLUTION FOUND
solution score : 483

	#choice: 522
	#fail: 20
	execution time (ms): 3318
	#sols : 5
	completed : false

NEW SOLUTION FOUND
solution score : 484

	#choice: 547
	#fail: 32
	execution time (ms): 3346
	#sols : 6
	completed : false

NEW SOLUTION FOUND
solution score : 485

	#choice: 581
	#fail: 51
	execution time (ms): 3386
	#sols : 7
	completed : false

NEW SOLUTION FOUND
solution score : 487

	#choice: 586
	#fail: 56
	execution time (ms): 3390
	#sols : 8
	completed : false

NEW SOLUTION FOUND
solution score : 497

	#choice: 591
	#fail: 60
	execution time (ms): 3408
	#sols : 9
	completed : false

NEW SOLUTION FOUND
solution score : 503

	#choice: 689
	#fail: 105
	execution time (ms): 3512
	#sols : 10
	completed : false

NEW SOLUTION FOUND
solution score : 507

	#choice: 742
	#fail: 132
	execution time (ms): 3548
	#sols : 11
	completed : false

NEW SOLUTION FOUND
solution score : 508

	#choice: 762
	#fail: 143
	execution time (ms): 3572
	#sols : 12
	completed : false

NEW SOLUTION FOUND
solution score : 512

	#choice: 809
	#fail: 169
	execution time (ms): 3600
	#sols : 13
	completed : false

NEW SOLUTION FOUND
solution score : 513

	#choice: 854
	#fail: 189
	execution time (ms): 3637
	#sols : 14
	completed : false

NEW SOLUTION FOUND
solution score : 516

	#choice: 932
	#fail: 225
	execution time (ms): 3676
	#sols : 15
	completed : false

NEW SOLUTION FOUND
solution score : 517

	#choice: 934
	#fail: 227
	execution time (ms): 3677
	#sols : 16
	completed : false

NEW SOLUTION FOUND
solution score : 521

	#choice: 1010
	#fail: 266
	execution time (ms): 3702
	#sols : 17
	completed : false

NEW SOLUTION FOUND
solution score : 525

	#choice: 1019
	#fail: 270
	execution time (ms): 3717
	#sols : 18
	completed : false

NEW SOLUTION FOUND
solution score : 526

	#choice: 1109
	#fail: 316
	execution time (ms): 3745
	#sols : 19
	completed : false

NEW SOLUTION FOUND
solution score : 527

	#choice: 1195
	#fail: 358
	execution time (ms): 3775
	#sols : 20
	completed : false

NEW SOLUTION FOUND
solution score : 528

	#choice: 1200
	#fail: 361
	execution time (ms): 3777
	#sols : 21
	completed : false

NEW SOLUTION FOUND
solution score : 529

	#choice: 1229
	#fail: 374
	execution time (ms): 3787
	#sols : 22
	completed : false

NEW SOLUTION FOUND
solution score : 530

	#choice: 1311
	#fail: 414
	execution time (ms): 3807
	#sols : 23
	completed : false

NEW SOLUTION FOUND
solution score : 531

	#choice: 1312
	#fail: 415
	execution time (ms): 3808
	#sols : 24
	completed : false

NEW SOLUTION FOUND
solution score : 532

	#choice: 1347
	#fail: 434
	execution time (ms): 3817
	#sols : 25
	completed : false

NEW SOLUTION FOUND
solution score : 533

	#choice: 1452
	#fail: 482
	execution time (ms): 3851
	#sols : 26
	completed : false

NEW SOLUTION FOUND
solution score : 534

	#choice: 1541
	#fail: 534
	execution time (ms): 3876
	#sols : 27
	completed : false

NEW SOLUTION FOUND
solution score : 537

	#choice: 1630
	#fail: 578
	execution time (ms): 3908
	#sols : 28
	completed : false

NEW SOLUTION FOUND
solution score : 538

	#choice: 1730
	#fail: 628
	execution time (ms): 3952
	#sols : 29
	completed : false

NEW SOLUTION FOUND
solution score : 540

	#choice: 1839
	#fail: 681
	execution time (ms): 3999
	#sols : 30
	completed : false

NEW SOLUTION FOUND
solution score : 541

	#choice: 1863
	#fail: 693
	execution time (ms): 4005
	#sols : 31
	completed : false

NEW SOLUTION FOUND
solution score : 543

	#choice: 1935
	#fail: 730
	execution time (ms): 4025
	#sols : 32
	completed : false

NEW SOLUTION FOUND
solution score : 545

	#choice: 2025
	#fail: 778
	execution time (ms): 4056
	#sols : 33
	completed : false

NEW SOLUTION FOUND
solution score : 546

	#choice: 2043
	#fail: 787
	execution time (ms): 4066
	#sols : 34
	completed : false

NEW SOLUTION FOUND
solution score : 548

	#choice: 2166
	#fail: 845
	execution time (ms): 4149
	#sols : 35
	completed : false

NEW SOLUTION FOUND
solution score : 557

	#choice: 2196
	#fail: 860
	execution time (ms): 4158
	#sols : 36
	completed : false

NEW SOLUTION FOUND
solution score : 558

	#choice: 2360
	#fail: 944
	execution time (ms): 4263
	#sols : 37
	completed : false

NEW SOLUTION FOUND
solution score : 559

	#choice: 2521
	#fail: 1024
	execution time (ms): 4394
	#sols : 38
	completed : false

NEW SOLUTION FOUND
solution score : 562

	#choice: 2616
	#fail: 1071
	execution time (ms): 4430
	#sols : 39
	completed : false

NEW SOLUTION FOUND
solution score : 563

	#choice: 2661
	#fail: 1092
	execution time (ms): 4441
	#sols : 40
	completed : false

NEW SOLUTION FOUND
solution score : 564

	#choice: 2667
	#fail: 1096
	execution time (ms): 4449
	#sols : 41
	completed : false

NEW SOLUTION FOUND
solution score : 567

	#choice: 2689
	#fail: 1108
	execution time (ms): 4463
	#sols : 42
	completed : false

NEW SOLUTION FOUND
solution score : 568

	#choice: 2782
	#fail: 1155
	execution time (ms): 4499
	#sols : 43
	completed : false

NEW SOLUTION FOUND
solution score : 569

	#choice: 2962
	#fail: 1248
	execution time (ms): 4671
	#sols : 44
	completed : false

NEW SOLUTION FOUND
solution score : 570

	#choice: 2974
	#fail: 1252
	execution time (ms): 4676
	#sols : 45
	completed : false

NEW SOLUTION FOUND
solution score : 571

	#choice: 3169
	#fail: 1347
	execution time (ms): 4833
	#sols : 46
	completed : false

NEW SOLUTION FOUND
solution score : 572

	#choice: 3274
	#fail: 1403
	execution time (ms): 4874
	#sols : 47
	completed : false

NEW SOLUTION FOUND
solution score : 573

	#choice: 3480
	#fail: 1503
	execution time (ms): 5097
	#sols : 48
	completed : false

NEW SOLUTION FOUND
solution score : 574

	#choice: 3715
	#fail: 1622
	execution time (ms): 5731
	#sols : 49
	completed : false

NEW SOLUTION FOUND
solution score : 576

	#choice: 3976
	#fail: 1754
	execution time (ms): 6410
	#sols : 50
	completed : false

NEW SOLUTION FOUND
solution score : 577

	#choice: 4001
	#fail: 1767
	execution time (ms): 6425
	#sols : 51
	completed : false

NEW SOLUTION FOUND
solution score : 578

	#choice: 4090
	#fail: 1810
	execution time (ms): 6466
	#sols : 52
	completed : false

NEW SOLUTION FOUND
solution score : 580

	#choice: 4359
	#fail: 1942
	execution time (ms): 6796
	#sols : 53
	completed : false

NEW SOLUTION FOUND
solution score : 582

	#choice: 4640
	#fail: 2084
	execution time (ms): 7374
	#sols : 54
	completed : false

NEW SOLUTION FOUND
solution score : 591

	#choice: 4700
	#fail: 2112
	execution time (ms): 7390
	#sols : 55
	completed : false

NEW SOLUTION FOUND
solution score : 594

	#choice: 4751
	#fail: 2140
	execution time (ms): 7406
	#sols : 56
	completed : false

NEW SOLUTION FOUND
solution score : 595

	#choice: 4918
	#fail: 2220
	execution time (ms): 7544
	#sols : 57
	completed : false

NEW SOLUTION FOUND
solution score : 596

	#choice: 5217
	#fail: 2372
	execution time (ms): 7854
	#sols : 58
	completed : false

NEW SOLUTION FOUND
solution score : 598

	#choice: 5223
	#fail: 2376
	execution time (ms): 7856
	#sols : 59
	completed : false

NEW SOLUTION FOUND
solution score : 599

	#choice: 5521
	#fail: 2533
	execution time (ms): 8124
	#sols : 60
	completed : false

NEW SOLUTION FOUND
solution score : 600

	#choice: 5633
	#fail: 2591
	execution time (ms): 8183
	#sols : 61
	completed : false

NEW SOLUTION FOUND
solution score : 606

	#choice: 5937
	#fail: 2734
	execution time (ms): 8723
	#sols : 62
	completed : false

NEW SOLUTION FOUND
solution score : 608

	#choice: 6017
	#fail: 2772
	execution time (ms): 8748
	#sols : 63
	completed : false

NEW SOLUTION FOUND
solution score : 609

	#choice: 6027
	#fail: 2776
	execution time (ms): 8752
	#sols : 64
	completed : false

NEW SOLUTION FOUND
solution score : 610

	#choice: 6119
	#fail: 2827
	execution time (ms): 8803
	#sols : 65
	completed : false

NEW SOLUTION FOUND
solution score : 615

	#choice: 6145
	#fail: 2839
	execution time (ms): 8814
	#sols : 66
	completed : false

NEW SOLUTION FOUND
solution score : 616

	#choice: 6311
	#fail: 2917
	execution time (ms): 9043
	#sols : 67
	completed : false

NEW SOLUTION FOUND
solution score : 617

	#choice: 6561
	#fail: 3041
	execution time (ms): 9293
	#sols : 68
	completed : false

NEW SOLUTION FOUND
solution score : 618

	#choice: 6599
	#fail: 3062
	execution time (ms): 9302
	#sols : 69
	completed : false

NEW SOLUTION FOUND
solution score : 619

	#choice: 6867
	#fail: 3201
	execution time (ms): 9555
	#sols : 70
	completed : false

NEW SOLUTION FOUND
solution score : 621

	#choice: 6892
	#fail: 3213
	execution time (ms): 9565
	#sols : 71
	completed : false

NEW SOLUTION FOUND
solution score : 624

	#choice: 7264
	#fail: 3389
	execution time (ms): 9983
	#sols : 72
	completed : false

NEW SOLUTION FOUND
solution score : 625

	#choice: 7371
	#fail: 3449
	execution time (ms): 10033
	#sols : 73
	completed : false

NEW SOLUTION FOUND
solution score : 626

	#choice: 7604
	#fail: 3566
	execution time (ms): 10447
	#sols : 74
	completed : false

NEW SOLUTION FOUND
solution score : 627

	#choice: 7678
	#fail: 3601
	execution time (ms): 10477
	#sols : 75
	completed : false

NEW SOLUTION FOUND
solution score : 630

	#choice: 8072
	#fail: 3793
	execution time (ms): 10936
	#sols : 76
	completed : false

NEW SOLUTION FOUND
solution score : 631

	#choice: 8288
	#fail: 3910
	execution time (ms): 11145
	#sols : 77
	completed : false

NEW SOLUTION FOUND
solution score : 633

	#choice: 8516
	#fail: 4020
	execution time (ms): 11361
	#sols : 78
	completed : false

NEW SOLUTION FOUND
solution score : 634

	#choice: 8932
	#fail: 4228
	execution time (ms): 11771
	#sols : 79
	completed : false

NEW SOLUTION FOUND
solution score : 635

	#choice: 8977
	#fail: 4249
	execution time (ms): 11780
	#sols : 80
	completed : false

NEW SOLUTION FOUND
solution score : 636

	#choice: 9175
	#fail: 4354
	execution time (ms): 12013
	#sols : 81
	completed : false

NEW SOLUTION FOUND
solution score : 637

	#choice: 9323
	#fail: 4430
	execution time (ms): 12166
	#sols : 82
	completed : false

NEW SOLUTION FOUND
solution score : 638

	#choice: 9728
	#fail: 4626
	execution time (ms): 12593
	#sols : 83
	completed : false

NEW SOLUTION FOUND
solution score : 639

	#choice: 9940
	#fail: 4737
	execution time (ms): 12790
	#sols : 84
	completed : false

NEW SOLUTION FOUND
solution score : 640

	#choice: 10343
	#fail: 4937
	execution time (ms): 13218
	#sols : 85
	completed : false

NEW SOLUTION FOUND
solution score : 641

	#choice: 10376
	#fail: 4955
	execution time (ms): 13226
	#sols : 86
	completed : false

NEW SOLUTION FOUND
solution score : 642

	#choice: 10511
	#fail: 5023
	execution time (ms): 13301
	#sols : 87
	completed : false

NEW SOLUTION FOUND
solution score : 644

	#choice: 10950
	#fail: 5236
	execution time (ms): 13808
	#sols : 88
	completed : false

NEW SOLUTION FOUND
solution score : 645

	#choice: 11063
	#fail: 5293
	execution time (ms): 13847
	#sols : 89
	completed : false

NEW SOLUTION FOUND
solution score : 646

	#choice: 11504
	#fail: 5522
	execution time (ms): 14258
	#sols : 90
	completed : false

NEW SOLUTION FOUND
solution score : 648

	#choice: 11931
	#fail: 5735
	execution time (ms): 14676
	#sols : 91
	completed : false

NEW SOLUTION FOUND
solution score : 650

	#choice: 12408
	#fail: 5966
	execution time (ms): 15166
	#sols : 92
	completed : false

NEW SOLUTION FOUND
solution score : 651

	#choice: 12519
	#fail: 6026
	execution time (ms): 15216
	#sols : 93
	completed : false

NEW SOLUTION FOUND
solution score : 652

	#choice: 12731
	#fail: 6129
	execution time (ms): 15460
	#sols : 94
	completed : false

NEW SOLUTION FOUND
solution score : 653

	#choice: 13002
	#fail: 6267
	execution time (ms): 15731
	#sols : 95
	completed : false

NEW SOLUTION FOUND
solution score : 654

	#choice: 13473
	#fail: 6507
	execution time (ms): 16272
	#sols : 96
	completed : false

NEW SOLUTION FOUND
solution score : 655

	#choice: 13808
	#fail: 6674
	execution time (ms): 16603
	#sols : 97
	completed : false

NEW SOLUTION FOUND
solution score : 658

	#choice: 14318
	#fail: 6925
	execution time (ms): 17242
	#sols : 98
	completed : false

NEW SOLUTION FOUND
solution score : 659

	#choice: 14380
	#fail: 6954
	execution time (ms): 17262
	#sols : 99
	completed : false

NEW SOLUTION FOUND
solution score : 666

	#choice: 14485
	#fail: 7005
	execution time (ms): 17295
	#sols : 100
	completed : false

NEW SOLUTION FOUND
solution score : 667

	#choice: 14611
	#fail: 7069
	execution time (ms): 17353
	#sols : 101
	completed : false

NEW SOLUTION FOUND
solution score : 671

	#choice: 14813
	#fail: 7165
	execution time (ms): 17551
	#sols : 102
	completed : false

NEW SOLUTION FOUND
solution score : 673

	#choice: 14824
	#fail: 7171
	execution time (ms): 17555
	#sols : 103
	completed : false

NEW SOLUTION FOUND
solution score : 674

	#choice: 15100
	#fail: 7312
	execution time (ms): 17831
	#sols : 104
	completed : false

NEW SOLUTION FOUND
solution score : 676

	#choice: 15301
	#fail: 7416
	execution time (ms): 18034
	#sols : 105
	completed : false

NEW SOLUTION FOUND
solution score : 677

	#choice: 15571
	#fail: 7547
	execution time (ms): 18310
	#sols : 106
	completed : false

NEW SOLUTION FOUND
solution score : 679

	#choice: 15841
	#fail: 7685
	execution time (ms): 18579
	#sols : 107
	completed : false

NEW SOLUTION FOUND
solution score : 680

	#choice: 16140
	#fail: 7835
	execution time (ms): 18905
	#sols : 108
	completed : false

NEW SOLUTION FOUND
solution score : 681

	#choice: 16668
	#fail: 8101
	execution time (ms): 19531
	#sols : 109
	completed : false

NEW SOLUTION FOUND
solution score : 682

	#choice: 17034
	#fail: 8287
	execution time (ms): 19872
	#sols : 110
	completed : false

NEW SOLUTION FOUND
solution score : 683

	#choice: 17567
	#fail: 8551
	execution time (ms): 20518
	#sols : 111
	completed : false

NEW SOLUTION FOUND
solution score : 685

	#choice: 17702
	#fail: 8617
	execution time (ms): 20734
	#sols : 112
	completed : false

NEW SOLUTION FOUND
solution score : 686

	#choice: 18253
	#fail: 8893
	execution time (ms): 21584
	#sols : 113
	completed : false

NEW SOLUTION FOUND
solution score : 687

	#choice: 18798
	#fail: 9169
	execution time (ms): 22135
	#sols : 114
	completed : false

NEW SOLUTION FOUND
solution score : 688

	#choice: 19125
	#fail: 9330
	execution time (ms): 22446
	#sols : 115
	completed : false

NEW SOLUTION FOUND
solution score : 689

	#choice: 19676
	#fail: 9607
	execution time (ms): 23130
	#sols : 116
	completed : false

NEW SOLUTION FOUND
solution score : 690

	#choice: 19866
	#fail: 9696
	execution time (ms): 23369
	#sols : 117
	completed : false

NEW SOLUTION FOUND
solution score : 693

	#choice: 20138
	#fail: 9831
	execution time (ms): 23665
	#sols : 118
	completed : false

NEW SOLUTION FOUND
solution score : 694

	#choice: 20706
	#fail: 10117
	execution time (ms): 24300
	#sols : 119
	completed : false

NEW SOLUTION FOUND
solution score : 695

	#choice: 21091
	#fail: 10310
	execution time (ms): 24705
	#sols : 120
	completed : false

NEW SOLUTION FOUND
solution score : 696

	#choice: 21435
	#fail: 10486
	execution time (ms): 25071
	#sols : 121
	completed : false

NEW SOLUTION FOUND
solution score : 697

	#choice: 22015
	#fail: 10771
	execution time (ms): 25646
	#sols : 122
	completed : false

NEW SOLUTION FOUND
solution score : 698

	#choice: 22278
	#fail: 10910
	execution time (ms): 25886
	#sols : 123
	completed : false

NEW SOLUTION FOUND
solution score : 699

	#choice: 22563
	#fail: 11051
	execution time (ms): 26163
	#sols : 124
	completed : false

NEW SOLUTION FOUND
solution score : 701

	#choice: 23160
	#fail: 11352
	execution time (ms): 26876
	#sols : 125
	completed : false

NEW SOLUTION FOUND
solution score : 702

	#choice: 23792
	#fail: 11661
	execution time (ms): 27759
	#sols : 126
	completed : false

NEW SOLUTION FOUND
solution score : 703

	#choice: 24059
	#fail: 11791
	execution time (ms): 28032
	#sols : 127
	completed : false

NEW SOLUTION FOUND
solution score : 704

	#choice: 24360
	#fail: 11944
	execution time (ms): 28373
	#sols : 128
	completed : false

NEW SOLUTION FOUND
solution score : 705

	#choice: 24673
	#fail: 12093
	execution time (ms): 28758
	#sols : 129
	completed : false

NEW SOLUTION FOUND
solution score : 706

	#choice: 25037
	#fail: 12279
	execution time (ms): 29122
	#sols : 130
	completed : false

NEW SOLUTION FOUND
solution score : 708

	#choice: 25427
	#fail: 12475
	execution time (ms): 29585
	#sols : 131
	completed : false

NEW SOLUTION FOUND
solution score : 709

	#choice: 25780
	#fail: 12654
	execution time (ms): 29971
	#sols : 132
	completed : false

NEW SOLUTION FOUND
solution score : 710

	#choice: 26170
	#fail: 12847
	execution time (ms): 30399
	#sols : 133
	completed : false

NEW SOLUTION FOUND
solution score : 711

	#choice: 26660
	#fail: 13099
	execution time (ms): 30969
	#sols : 134
	completed : false

NEW SOLUTION FOUND
solution score : 712

	#choice: 27039
	#fail: 13285
	execution time (ms): 31397
	#sols : 135
	completed : false

NEW SOLUTION FOUND
solution score : 713

	#choice: 27531
	#fail: 13531
	execution time (ms): 31905
	#sols : 136
	completed : false

NEW SOLUTION FOUND
solution score : 714

	#choice: 27856
	#fail: 13696
	execution time (ms): 32261
	#sols : 137
	completed : false

NEW SOLUTION FOUND
solution score : 715

	#choice: 28350
	#fail: 13939
	execution time (ms): 32851
	#sols : 138
	completed : false

NEW SOLUTION FOUND
solution score : 716

	#choice: 28657
	#fail: 14095
	execution time (ms): 33236
	#sols : 139
	completed : false

NEW SOLUTION FOUND
solution score : 717

	#choice: 29040
	#fail: 14284
	execution time (ms): 33620
	#sols : 140
	completed : false

NEW SOLUTION FOUND
solution score : 718

	#choice: 29621
	#fail: 14579
	execution time (ms): 34203
	#sols : 141
	completed : false

NEW SOLUTION FOUND
solution score : 719

	#choice: 30109
	#fail: 14821
	execution time (ms): 34687
	#sols : 142
	completed : false

NEW SOLUTION FOUND
solution score : 720

	#choice: 30435
	#fail: 14988
	execution time (ms): 34983
	#sols : 143
	completed : false

NEW SOLUTION FOUND
solution score : 721

	#choice: 31111
	#fail: 15319
	execution time (ms): 35892
	#sols : 144
	completed : false

NEW SOLUTION FOUND
solution score : 722

	#choice: 31362
	#fail: 15448
	execution time (ms): 36153
	#sols : 145
	completed : false

NEW SOLUTION FOUND
solution score : 723

	#choice: 31615
	#fail: 15573
	execution time (ms): 36411
	#sols : 146
	completed : false

NEW SOLUTION FOUND
solution score : 724

	#choice: 32139
	#fail: 15839
	execution time (ms): 36980
	#sols : 147
	completed : false

NEW SOLUTION FOUND
solution score : 725

	#choice: 32387
	#fail: 15958
	execution time (ms): 37201
	#sols : 148
	completed : false

NEW SOLUTION FOUND
solution score : 726

	#choice: 32959
	#fail: 16245
	execution time (ms): 37816
	#sols : 149
	completed : false

NEW SOLUTION FOUND
solution score : 727

	#choice: 32986
	#fail: 16260
	execution time (ms): 37831
	#sols : 150
	completed : false

NEW SOLUTION FOUND
solution score : 729

	#choice: 33677
	#fail: 16603
	execution time (ms): 38668
	#sols : 151
	completed : false

NEW SOLUTION FOUND
solution score : 730

	#choice: 33694
	#fail: 16611
	execution time (ms): 38672
	#sols : 152
	completed : false

NEW SOLUTION FOUND
solution score : 731

	#choice: 33764
	#fail: 16642
	execution time (ms): 38692
	#sols : 153
	completed : false

NEW SOLUTION FOUND
solution score : 732

	#choice: 34502
	#fail: 17015
	execution time (ms): 39603
	#sols : 154
	completed : false

NEW SOLUTION FOUND
solution score : 733

	#choice: 34838
	#fail: 17187
	execution time (ms): 39962
	#sols : 155
	completed : false

NEW SOLUTION FOUND
solution score : 734

	#choice: 35213
	#fail: 17371
	execution time (ms): 40384
	#sols : 156
	completed : false

NEW SOLUTION FOUND
solution score : 735

	#choice: 35551
	#fail: 17542
	execution time (ms): 40751
	#sols : 157
	completed : false

NEW SOLUTION FOUND
solution score : 736

	#choice: 35935
	#fail: 17730
	execution time (ms): 41152
	#sols : 158
	completed : false

NEW SOLUTION FOUND
solution score : 737

	#choice: 36469
	#fail: 18001
	execution time (ms): 41739
	#sols : 159
	completed : false

NEW SOLUTION FOUND
solution score : 738

	#choice: 36509
	#fail: 18018
	execution time (ms): 41749
	#sols : 160
	completed : false

NEW SOLUTION FOUND
solution score : 739

	#choice: 37082
	#fail: 18307
	execution time (ms): 42362
	#sols : 161
	completed : false

NEW SOLUTION FOUND
solution score : 740

	#choice: 37395
	#fail: 18460
	execution time (ms): 42644
	#sols : 162
	completed : false

NEW SOLUTION FOUND
solution score : 741

	#choice: 38015
	#fail: 18770
	execution time (ms): 43427
	#sols : 163
	completed : false

NEW SOLUTION FOUND
solution score : 742

	#choice: 38479
	#fail: 19007
	execution time (ms): 43884
	#sols : 164
	completed : false

NEW SOLUTION FOUND
solution score : 743

	#choice: 39049
	#fail: 19289
	execution time (ms): 44494
	#sols : 165
	completed : false

NEW SOLUTION FOUND
solution score : 744

	#choice: 39313
	#fail: 19422
	execution time (ms): 44724
	#sols : 166
	completed : false

NEW SOLUTION FOUND
solution score : 745

	#choice: 40036
	#fail: 19784
	execution time (ms): 45618
	#sols : 167
	completed : false

NEW SOLUTION FOUND
solution score : 746

	#choice: 40352
	#fail: 19942
	execution time (ms): 45926
	#sols : 168
	completed : false

NEW SOLUTION FOUND
solution score : 747

	#choice: 41101
	#fail: 20312
	execution time (ms): 46846
	#sols : 169
	completed : false

NEW SOLUTION FOUND
solution score : 748

	#choice: 41129
	#fail: 20323
	execution time (ms): 46853
	#sols : 170
	completed : false

NEW SOLUTION FOUND
solution score : 750

	#choice: 41912
	#fail: 20723
	execution time (ms): 47761
	#sols : 171
	completed : false

NEW SOLUTION FOUND
solution score : 751

	#choice: 42680
	#fail: 21110
	execution time (ms): 48769
	#sols : 172
	completed : false

NEW SOLUTION FOUND
solution score : 753

	#choice: 43459
	#fail: 21495
	execution time (ms): 49763
	#sols : 173
	completed : false

NEW SOLUTION FOUND
solution score : 754

	#choice: 44269
	#fail: 21899
	execution time (ms): 50605
	#sols : 174
	completed : false

NEW SOLUTION FOUND
solution score : 756

	#choice: 44447
	#fail: 21989
	execution time (ms): 50705
	#sols : 175
	completed : false

NEW SOLUTION FOUND
solution score : 757

	#choice: 44631
	#fail: 22082
	execution time (ms): 50817
	#sols : 176
	completed : false

NEW SOLUTION FOUND
solution score : 759

	#choice: 44795
	#fail: 22168
	execution time (ms): 50920
	#sols : 177
	completed : false

NEW SOLUTION FOUND
solution score : 761

	#choice: 45095
	#fail: 22313
	execution time (ms): 51198
	#sols : 178
	completed : false

NEW SOLUTION FOUND
solution score : 762

	#choice: 45411
	#fail: 22470
	execution time (ms): 51428
	#sols : 179
	completed : false

NEW SOLUTION FOUND
solution score : 764

	#choice: 45949
	#fail: 22740
	execution time (ms): 51921
	#sols : 180
	completed : false

NEW SOLUTION FOUND
solution score : 766

	#choice: 46523
	#fail: 23027
	execution time (ms): 52523
	#sols : 181
	completed : false

NEW SOLUTION FOUND
solution score : 767

	#choice: 47202
	#fail: 23369
	execution time (ms): 53080
	#sols : 182
	completed : false

NEW SOLUTION FOUND
solution score : 768

	#choice: 47906
	#fail: 23727
	execution time (ms): 53968
	#sols : 183
	completed : false

NEW SOLUTION FOUND
solution score : 769

	#choice: 48535
	#fail: 24036
	execution time (ms): 54560
	#sols : 184
	completed : false

NEW SOLUTION FOUND
solution score : 770

	#choice: 49260
	#fail: 24400
	execution time (ms): 55291
	#sols : 185
	completed : false

NEW SOLUTION FOUND
solution score : 771

	#choice: 49930
	#fail: 24740
	execution time (ms): 55843
	#sols : 186
	completed : false

NEW SOLUTION FOUND
solution score : 773

	#choice: 50697
	#fail: 25114
	execution time (ms): 56827
	#sols : 187
	completed : false

NEW SOLUTION FOUND
solution score : 774

	#choice: 51505
	#fail: 25518
	execution time (ms): 57890
	#sols : 188
	completed : false

NEW SOLUTION FOUND
solution score : 775

	#choice: 52193
	#fail: 25861
	execution time (ms): 58629
	#sols : 189
	completed : false

NEW SOLUTION FOUND
solution score : 776

	#choice: 52998
	#fail: 26271
	execution time (ms): 59652
	#sols : 190
	completed : false

NEW SOLUTION FOUND
solution score : 777

	#choice: 53707
	#fail: 26620
	execution time (ms): 60525
	#sols : 191
	completed : false

NEW SOLUTION FOUND
solution score : 778

	#choice: 54581
	#fail: 27053
	execution time (ms): 61650
	#sols : 192
	completed : false

NEW SOLUTION FOUND
solution score : 779

	#choice: 54852
	#fail: 27187
	execution time (ms): 61903
	#sols : 193
	completed : false

NEW SOLUTION FOUND
solution score : 780

	#choice: 55227
	#fail: 27382
	execution time (ms): 62169
	#sols : 194
	completed : false

NEW SOLUTION FOUND
solution score : 781

	#choice: 55943
	#fail: 27739
	execution time (ms): 63079
	#sols : 195
	completed : false

NEW SOLUTION FOUND
solution score : 782

	#choice: 56792
	#fail: 28165
	execution time (ms): 64204
	#sols : 196
	completed : false

NEW SOLUTION FOUND
solution score : 783

	#choice: 57685
	#fail: 28604
	execution time (ms): 65491
	#sols : 197
	completed : false

NEW SOLUTION FOUND
solution score : 784

	#choice: 57860
	#fail: 28690
	execution time (ms): 65612
	#sols : 198
	completed : false

NEW SOLUTION FOUND
solution score : 785

	#choice: 58000
	#fail: 28763
	execution time (ms): 65681
	#sols : 199
	completed : false

NEW SOLUTION FOUND
solution score : 786

	#choice: 58732
	#fail: 29131
	execution time (ms): 66534
	#sols : 200
	completed : false

END OF SEARCH

	#choice: 59202
	#fail: 29602
	execution time (ms): 66555
	#sols : 200
	completed : true

