INFO
n : 30
nbHoles : 500
nbFile : 8
objective : diagonal
search: lds
bp : no_bp
branchingScheme : first_fail
oracle : false
truncateRate : 50
START SEARCH
NEW SOLUTION FOUND
solution score : 450

	#choice: 2626
	#fail: 66
	execution time (ms): 3346
	#sols : 1
	completed : false

NEW SOLUTION FOUND
solution score : 465

	#choice: 4068
	#fail: 84
	execution time (ms): 4103
	#sols : 2
	completed : false

NEW SOLUTION FOUND
solution score : 487

	#choice: 14084
	#fail: 164
	execution time (ms): 7914
	#sols : 3
	completed : false

NEW SOLUTION FOUND
solution score : 492

	#choice: 15717
	#fail: 174
	execution time (ms): 8468
	#sols : 4
	completed : false

NEW SOLUTION FOUND
solution score : 493

	#choice: 16058
	#fail: 176
	execution time (ms): 8591
	#sols : 5
	completed : false

NEW SOLUTION FOUND
solution score : 496

	#choice: 16250
	#fail: 177
	execution time (ms): 8658
	#sols : 6
	completed : false

NEW SOLUTION FOUND
solution score : 497

	#choice: 23122
	#fail: 214
	execution time (ms): 11123
	#sols : 7
	completed : false

NEW SOLUTION FOUND
solution score : 501

	#choice: 34068
	#fail: 289
	execution time (ms): 15272
	#sols : 8
	completed : false

NEW SOLUTION FOUND
solution score : 502

	#choice: 34623
	#fail: 358
	execution time (ms): 15573
	#sols : 9
	completed : false

NEW SOLUTION FOUND
solution score : 505

	#choice: 35448
	#fail: 433
	execution time (ms): 15977
	#sols : 10
	completed : false

NEW SOLUTION FOUND
solution score : 506

	#choice: 35961
	#fail: 468
	execution time (ms): 16225
	#sols : 11
	completed : false

NEW SOLUTION FOUND
solution score : 507

	#choice: 36241
	#fail: 511
	execution time (ms): 16372
	#sols : 12
	completed : false

NEW SOLUTION FOUND
solution score : 508

	#choice: 36375
	#fail: 536
	execution time (ms): 16449
	#sols : 13
	completed : false

NEW SOLUTION FOUND
solution score : 509

	#choice: 36511
	#fail: 544
	execution time (ms): 16521
	#sols : 14
	completed : false

NEW SOLUTION FOUND
solution score : 512

	#choice: 37007
	#fail: 586
	execution time (ms): 16786
	#sols : 15
	completed : false

NEW SOLUTION FOUND
solution score : 514

	#choice: 39108
	#fail: 734
	execution time (ms): 17759
	#sols : 16
	completed : false

NEW SOLUTION FOUND
solution score : 515

	#choice: 39901
	#fail: 788
	execution time (ms): 18136
	#sols : 17
	completed : false

NEW SOLUTION FOUND
solution score : 516

	#choice: 41589
	#fail: 892
	execution time (ms): 18853
	#sols : 18
	completed : false

NEW SOLUTION FOUND
solution score : 517

	#choice: 41882
	#fail: 926
	execution time (ms): 18969
	#sols : 19
	completed : false

NEW SOLUTION FOUND
solution score : 518

	#choice: 42899
	#fail: 1000
	execution time (ms): 19411
	#sols : 20
	completed : false

NEW SOLUTION FOUND
solution score : 519

	#choice: 43903
	#fail: 1050
	execution time (ms): 19850
	#sols : 21
	completed : false

NEW SOLUTION FOUND
solution score : 520

	#choice: 46711
	#fail: 1181
	execution time (ms): 21033
	#sols : 22
	completed : false

NEW SOLUTION FOUND
solution score : 521

	#choice: 55729
	#fail: 1561
	execution time (ms): 24709
	#sols : 23
	completed : false

NEW SOLUTION FOUND
solution score : 522

	#choice: 57717
	#fail: 1630
	execution time (ms): 25491
	#sols : 24
	completed : false

NEW SOLUTION FOUND
solution score : 524

	#choice: 63488
	#fail: 1841
	execution time (ms): 27793
	#sols : 25
	completed : false

NEW SOLUTION FOUND
solution score : 526

	#choice: 63756
	#fail: 1847
	execution time (ms): 27899
	#sols : 26
	completed : false

NEW SOLUTION FOUND
solution score : 527

	#choice: 64384
	#fail: 1860
	execution time (ms): 28137
	#sols : 27
	completed : false

NEW SOLUTION FOUND
solution score : 529

	#choice: 64665
	#fail: 1893
	execution time (ms): 28243
	#sols : 28
	completed : false

NEW SOLUTION FOUND
solution score : 531

	#choice: 67917
	#fail: 2004
	execution time (ms): 29485
	#sols : 29
	completed : false

NEW SOLUTION FOUND
solution score : 532

	#choice: 69130
	#fail: 2048
	execution time (ms): 29983
	#sols : 30
	completed : false

NEW SOLUTION FOUND
solution score : 535

	#choice: 69729
	#fail: 2063
	execution time (ms): 30315
	#sols : 31
	completed : false

NEW SOLUTION FOUND
solution score : 537

	#choice: 70859
	#fail: 2097
	execution time (ms): 30798
	#sols : 32
	completed : false

NEW SOLUTION FOUND
solution score : 539

	#choice: 72667
	#fail: 2151
	execution time (ms): 31486
	#sols : 33
	completed : false

NEW SOLUTION FOUND
solution score : 540

	#choice: 73381
	#fail: 2192
	execution time (ms): 31764
	#sols : 34
	completed : false

NEW SOLUTION FOUND
solution score : 541

	#choice: 77029
	#fail: 2308
	execution time (ms): 33165
	#sols : 35
	completed : false

NEW SOLUTION FOUND
solution score : 542

	#choice: 77063
	#fail: 2309
	execution time (ms): 33185
	#sols : 36
	completed : false

NEW SOLUTION FOUND
solution score : 543

	#choice: 80549
	#fail: 2417
	execution time (ms): 34532
	#sols : 37
	completed : false

NEW SOLUTION FOUND
solution score : 544

	#choice: 82372
	#fail: 2476
	execution time (ms): 35218
	#sols : 38
	completed : false

NEW SOLUTION FOUND
solution score : 546

	#choice: 83685
	#fail: 2522
	execution time (ms): 35772
	#sols : 39
	completed : false

NEW SOLUTION FOUND
solution score : 547

	#choice: 84815
	#fail: 2561
	execution time (ms): 36233
	#sols : 40
	completed : false

NEW SOLUTION FOUND
solution score : 548

	#choice: 87920
	#fail: 2651
	execution time (ms): 37454
	#sols : 41
	completed : false

NEW SOLUTION FOUND
solution score : 549

	#choice: 89405
	#fail: 2697
	execution time (ms): 38009
	#sols : 42
	completed : false

NEW SOLUTION FOUND
solution score : 550

	#choice: 89967
	#fail: 2754
	execution time (ms): 38230
	#sols : 43
	completed : false

NEW SOLUTION FOUND
solution score : 551

	#choice: 94222
	#fail: 2893
	execution time (ms): 39853
	#sols : 44
	completed : false

NEW SOLUTION FOUND
solution score : 552

	#choice: 96010
	#fail: 2956
	execution time (ms): 40504
	#sols : 45
	completed : false

NEW SOLUTION FOUND
solution score : 553

	#choice: 96392
	#fail: 2979
	execution time (ms): 40656
	#sols : 46
	completed : false

NEW SOLUTION FOUND
solution score : 554

	#choice: 100100
	#fail: 3101
	execution time (ms): 41948
	#sols : 47
	completed : false

NEW SOLUTION FOUND
solution score : 556

	#choice: 101182
	#fail: 3118
	execution time (ms): 42338
	#sols : 48
	completed : false

NEW SOLUTION FOUND
solution score : 557

	#choice: 101833
	#fail: 3168
	execution time (ms): 42553
	#sols : 49
	completed : false

NEW SOLUTION FOUND
solution score : 560

	#choice: 102110
	#fail: 3173
	execution time (ms): 42663
	#sols : 50
	completed : false

NEW SOLUTION FOUND
solution score : 561

	#choice: 102323
	#fail: 3177
	execution time (ms): 42759
	#sols : 51
	completed : false

NEW SOLUTION FOUND
solution score : 562

	#choice: 103270
	#fail: 3191
	execution time (ms): 43083
	#sols : 52
	completed : false

NEW SOLUTION FOUND
solution score : 564

	#choice: 103524
	#fail: 3194
	execution time (ms): 43171
	#sols : 53
	completed : false

NEW SOLUTION FOUND
solution score : 565

	#choice: 105421
	#fail: 3278
	execution time (ms): 43837
	#sols : 54
	completed : false

NEW SOLUTION FOUND
solution score : 566

	#choice: 106469
	#fail: 3314
	execution time (ms): 44244
	#sols : 55
	completed : false

NEW SOLUTION FOUND
solution score : 567

	#choice: 107134
	#fail: 3333
	execution time (ms): 44487
	#sols : 56
	completed : false

NEW SOLUTION FOUND
solution score : 568

	#choice: 107648
	#fail: 3342
	execution time (ms): 44689
	#sols : 57
	completed : false

NEW SOLUTION FOUND
solution score : 569

	#choice: 108966
	#fail: 3378
	execution time (ms): 45166
	#sols : 58
	completed : false

NEW SOLUTION FOUND
solution score : 570

	#choice: 110573
	#fail: 3482
	execution time (ms): 45730
	#sols : 59
	completed : false

NEW SOLUTION FOUND
solution score : 571

	#choice: 112791
	#fail: 3577
	execution time (ms): 46528
	#sols : 60
	completed : false

NEW SOLUTION FOUND
solution score : 572

	#choice: 113041
	#fail: 3594
	execution time (ms): 46612
	#sols : 61
	completed : false

NEW SOLUTION FOUND
solution score : 573

	#choice: 113727
	#fail: 3619
	execution time (ms): 46876
	#sols : 62
	completed : false

NEW SOLUTION FOUND
solution score : 574

	#choice: 116661
	#fail: 3709
	execution time (ms): 47997
	#sols : 63
	completed : false

NEW SOLUTION FOUND
solution score : 575

	#choice: 117814
	#fail: 3757
	execution time (ms): 48408
	#sols : 64
	completed : false

NEW SOLUTION FOUND
solution score : 576

	#choice: 120308
	#fail: 3827
	execution time (ms): 49320
	#sols : 65
	completed : false

NEW SOLUTION FOUND
solution score : 577

	#choice: 120843
	#fail: 3844
	execution time (ms): 49499
	#sols : 66
	completed : false

NEW SOLUTION FOUND
solution score : 578

	#choice: 121506
	#fail: 3852
	execution time (ms): 49724
	#sols : 67
	completed : false

NEW SOLUTION FOUND
solution score : 579

	#choice: 121936
	#fail: 3930
	execution time (ms): 49852
	#sols : 68
	completed : false

NEW SOLUTION FOUND
solution score : 580

	#choice: 123101
	#fail: 3969
	execution time (ms): 50280
	#sols : 69
	completed : false

NEW SOLUTION FOUND
solution score : 581

	#choice: 124380
	#fail: 4033
	execution time (ms): 50718
	#sols : 70
	completed : false

NEW SOLUTION FOUND
solution score : 582

	#choice: 124924
	#fail: 4107
	execution time (ms): 50891
	#sols : 71
	completed : false

NEW SOLUTION FOUND
solution score : 583

	#choice: 128197
	#fail: 4259
	execution time (ms): 52051
	#sols : 72
	completed : false

NEW SOLUTION FOUND
solution score : 584

	#choice: 128598
	#fail: 4268
	execution time (ms): 52194
	#sols : 73
	completed : false

NEW SOLUTION FOUND
solution score : 585

	#choice: 129207
	#fail: 4370
	execution time (ms): 52385
	#sols : 74
	completed : false

NEW SOLUTION FOUND
solution score : 586

	#choice: 131312
	#fail: 4488
	execution time (ms): 53154
	#sols : 75
	completed : false

NEW SOLUTION FOUND
solution score : 587

	#choice: 132314
	#fail: 4544
	execution time (ms): 53497
	#sols : 76
	completed : false

NEW SOLUTION FOUND
solution score : 589

	#choice: 136188
	#fail: 4672
	execution time (ms): 54882
	#sols : 77
	completed : false

NEW SOLUTION FOUND
solution score : 590

	#choice: 136598
	#fail: 4688
	execution time (ms): 55033
	#sols : 78
	completed : false

NEW SOLUTION FOUND
solution score : 591

	#choice: 141265
	#fail: 4872
	execution time (ms): 56649
	#sols : 79
	completed : false

NEW SOLUTION FOUND
solution score : 592

	#choice: 148747
	#fail: 5047
	execution time (ms): 59381
	#sols : 80
	completed : false

NEW SOLUTION FOUND
solution score : 593

	#choice: 150636
	#fail: 5076
	execution time (ms): 60087
	#sols : 81
	completed : false

NEW SOLUTION FOUND
solution score : 594

	#choice: 156047
	#fail: 5202
	execution time (ms): 62118
	#sols : 82
	completed : false

NEW SOLUTION FOUND
solution score : 595

	#choice: 159208
	#fail: 5322
	execution time (ms): 63270
	#sols : 83
	completed : false

NEW SOLUTION FOUND
solution score : 597

	#choice: 162029
	#fail: 5421
	execution time (ms): 64352
	#sols : 84
	completed : false

NEW SOLUTION FOUND
solution score : 598

	#choice: 164596
	#fail: 5501
	execution time (ms): 65295
	#sols : 85
	completed : false

NEW SOLUTION FOUND
solution score : 599

	#choice: 165768
	#fail: 5590
	execution time (ms): 65700
	#sols : 86
	completed : false

NEW SOLUTION FOUND
solution score : 600

	#choice: 171284
	#fail: 5743
	execution time (ms): 67597
	#sols : 87
	completed : false

NEW SOLUTION FOUND
solution score : 601

	#choice: 174630
	#fail: 5816
	execution time (ms): 68797
	#sols : 88
	completed : false

NEW SOLUTION FOUND
solution score : 602

	#choice: 177244
	#fail: 5911
	execution time (ms): 69740
	#sols : 89
	completed : false

NEW SOLUTION FOUND
solution score : 603

	#choice: 179879
	#fail: 6011
	execution time (ms): 70709
	#sols : 90
	completed : false

NEW SOLUTION FOUND
solution score : 604

	#choice: 180036
	#fail: 6048
	execution time (ms): 70755
	#sols : 91
	completed : false

NEW SOLUTION FOUND
solution score : 605

	#choice: 185264
	#fail: 6154
	execution time (ms): 72626
	#sols : 92
	completed : false

NEW SOLUTION FOUND
solution score : 606

	#choice: 186467
	#fail: 6171
	execution time (ms): 73065
	#sols : 93
	completed : false

NEW SOLUTION FOUND
solution score : 607

	#choice: 187639
	#fail: 6268
	execution time (ms): 73466
	#sols : 94
	completed : false

NEW SOLUTION FOUND
solution score : 608

	#choice: 191528
	#fail: 6363
	execution time (ms): 74866
	#sols : 95
	completed : false

NEW SOLUTION FOUND
solution score : 609

	#choice: 191635
	#fail: 6364
	execution time (ms): 74906
	#sols : 96
	completed : false

NEW SOLUTION FOUND
solution score : 610

	#choice: 192621
	#fail: 6374
	execution time (ms): 75267
	#sols : 97
	completed : false

NEW SOLUTION FOUND
solution score : 611

	#choice: 193577
	#fail: 6471
	execution time (ms): 75588
	#sols : 98
	completed : false

NEW SOLUTION FOUND
solution score : 612

	#choice: 194806
	#fail: 6483
	execution time (ms): 76037
	#sols : 99
	completed : false

NEW SOLUTION FOUND
solution score : 613

	#choice: 197138
	#fail: 6616
	execution time (ms): 76854
	#sols : 100
	completed : false

NEW SOLUTION FOUND
solution score : 614

	#choice: 199503
	#fail: 6757
	execution time (ms): 77709
	#sols : 101
	completed : false

NEW SOLUTION FOUND
solution score : 615

	#choice: 200793
	#fail: 6826
	execution time (ms): 78157
	#sols : 102
	completed : false

NEW SOLUTION FOUND
solution score : 616

	#choice: 202276
	#fail: 6917
	execution time (ms): 78658
	#sols : 103
	completed : false

NEW SOLUTION FOUND
solution score : 617

	#choice: 202489
	#fail: 6919
	execution time (ms): 78735
	#sols : 104
	completed : false

NEW SOLUTION FOUND
solution score : 618

	#choice: 203790
	#fail: 6932
	execution time (ms): 79221
	#sols : 105
	completed : false

NEW SOLUTION FOUND
solution score : 619

	#choice: 204253
	#fail: 6941
	execution time (ms): 79396
	#sols : 106
	completed : false

NEW SOLUTION FOUND
solution score : 620

	#choice: 204703
	#fail: 7047
	execution time (ms): 79513
	#sols : 107
	completed : false

NEW SOLUTION FOUND
solution score : 621

	#choice: 205907
	#fail: 7083
	execution time (ms): 79982
	#sols : 108
	completed : false

NEW SOLUTION FOUND
solution score : 622

	#choice: 207522
	#fail: 7172
	execution time (ms): 80551
	#sols : 109
	completed : false

NEW SOLUTION FOUND
solution score : 623

	#choice: 207803
	#fail: 7262
	execution time (ms): 80619
	#sols : 110
	completed : false

NEW SOLUTION FOUND
solution score : 624

	#choice: 209584
	#fail: 7290
	execution time (ms): 81271
	#sols : 111
	completed : false

NEW SOLUTION FOUND
solution score : 625

	#choice: 212540
	#fail: 7398
	execution time (ms): 82313
	#sols : 112
	completed : false

NEW SOLUTION FOUND
solution score : 626

	#choice: 212668
	#fail: 7402
	execution time (ms): 82367
	#sols : 113
	completed : false

NEW SOLUTION FOUND
solution score : 627

	#choice: 213201
	#fail: 7500
	execution time (ms): 82520
	#sols : 114
	completed : false

NEW SOLUTION FOUND
solution score : 628

	#choice: 214764
	#fail: 7516
	execution time (ms): 83080
	#sols : 115
	completed : false

NEW SOLUTION FOUND
solution score : 629

	#choice: 215070
	#fail: 7622
	execution time (ms): 83151
	#sols : 116
	completed : false

NEW SOLUTION FOUND
solution score : 630

	#choice: 216881
	#fail: 7638
	execution time (ms): 83796
	#sols : 117
	completed : false

NEW SOLUTION FOUND
solution score : 631

	#choice: 217172
	#fail: 7658
	execution time (ms): 83928
	#sols : 118
	completed : false

NEW SOLUTION FOUND
solution score : 632

	#choice: 220306
	#fail: 7802
	execution time (ms): 85040
	#sols : 119
	completed : false

NEW SOLUTION FOUND
solution score : 633

	#choice: 227708
	#fail: 8006
	execution time (ms): 87542
	#sols : 120
	completed : false

NEW SOLUTION FOUND
solution score : 634

	#choice: 227950
	#fail: 8011
	execution time (ms): 87623
	#sols : 121
	completed : false

NEW SOLUTION FOUND
solution score : 635

	#choice: 228967
	#fail: 8020
	execution time (ms): 87979
	#sols : 122
	completed : false

NEW SOLUTION FOUND
solution score : 636

	#choice: 229167
	#fail: 8120
	execution time (ms): 88019
	#sols : 123
	completed : false

NEW SOLUTION FOUND
solution score : 637

	#choice: 232728
	#fail: 8192
	execution time (ms): 89354
	#sols : 124
	completed : false

NEW SOLUTION FOUND
solution score : 638

	#choice: 233016
	#fail: 8268
	execution time (ms): 89434
	#sols : 125
	completed : false

NEW SOLUTION FOUND
solution score : 639

	#choice: 234316
	#fail: 8286
	execution time (ms): 89899
	#sols : 126
	completed : false

NEW SOLUTION FOUND
solution score : 640

	#choice: 234552
	#fail: 8397
	execution time (ms): 89943
	#sols : 127
	completed : false

NEW SOLUTION FOUND
solution score : 641

	#choice: 236392
	#fail: 8443
	execution time (ms): 90610
	#sols : 128
	completed : false

NEW SOLUTION FOUND
solution score : 642

	#choice: 236545
	#fail: 8501
	execution time (ms): 90646
	#sols : 129
	completed : false

NEW SOLUTION FOUND
solution score : 643

	#choice: 240209
	#fail: 8547
	execution time (ms): 91976
	#sols : 130
	completed : false

NEW SOLUTION FOUND
solution score : 644

	#choice: 242197
	#fail: 8686
	execution time (ms): 92656
	#sols : 131
	completed : false

NEW SOLUTION FOUND
solution score : 645

	#choice: 244941
	#fail: 8842
	execution time (ms): 93619
	#sols : 132
	completed : false

NEW SOLUTION FOUND
solution score : 646

	#choice: 246030
	#fail: 8927
	execution time (ms): 93995
	#sols : 133
	completed : false

NEW SOLUTION FOUND
solution score : 647

	#choice: 249273
	#fail: 9098
	execution time (ms): 95146
	#sols : 134
	completed : false

NEW SOLUTION FOUND
solution score : 648

	#choice: 251829
	#fail: 9210
	execution time (ms): 96010
	#sols : 135
	completed : false

NEW SOLUTION FOUND
solution score : 649

	#choice: 252528
	#fail: 9327
	execution time (ms): 96212
	#sols : 136
	completed : false

NEW SOLUTION FOUND
solution score : 650

	#choice: 253601
	#fail: 9336
	execution time (ms): 96604
	#sols : 137
	completed : false

NEW SOLUTION FOUND
solution score : 651

	#choice: 256504
	#fail: 9411
	execution time (ms): 97671
	#sols : 138
	completed : false

NEW SOLUTION FOUND
solution score : 652

	#choice: 257798
	#fail: 9498
	execution time (ms): 98127
	#sols : 139
	completed : false

NEW SOLUTION FOUND
solution score : 653

	#choice: 261229
	#fail: 9662
	execution time (ms): 99305
	#sols : 140
	completed : false

NEW SOLUTION FOUND
solution score : 654

	#choice: 263941
	#fail: 9780
	execution time (ms): 100231
	#sols : 141
	completed : false

NEW SOLUTION FOUND
solution score : 655

	#choice: 270518
	#fail: 9965
	execution time (ms): 102413
	#sols : 142
	completed : false

NEW SOLUTION FOUND
solution score : 656

	#choice: 271681
	#fail: 10008
	execution time (ms): 102791
	#sols : 143
	completed : false

NEW SOLUTION FOUND
solution score : 657

	#choice: 272242
	#fail: 10086
	execution time (ms): 102963
	#sols : 144
	completed : false

NEW SOLUTION FOUND
solution score : 658

	#choice: 272751
	#fail: 10111
	execution time (ms): 103184
	#sols : 145
	completed : false

NEW SOLUTION FOUND
solution score : 659

	#choice: 274389
	#fail: 10255
	execution time (ms): 103746
	#sols : 146
	completed : false

NEW SOLUTION FOUND
solution score : 660

	#choice: 276686
	#fail: 10404
	execution time (ms): 104568
	#sols : 147
	completed : false

NEW SOLUTION FOUND
solution score : 661

	#choice: 278153
	#fail: 10512
	execution time (ms): 105069
	#sols : 148
	completed : false

NEW SOLUTION FOUND
solution score : 662

	#choice: 279500
	#fail: 10633
	execution time (ms): 105513
	#sols : 149
	completed : false

NEW SOLUTION FOUND
solution score : 663

	#choice: 281287
	#fail: 10798
	execution time (ms): 106116
	#sols : 150
	completed : false

NEW SOLUTION FOUND
solution score : 664

	#choice: 294318
	#fail: 11096
	execution time (ms): 110463
	#sols : 151
	completed : false

NEW SOLUTION FOUND
solution score : 665

	#choice: 295269
	#fail: 11149
	execution time (ms): 110822
	#sols : 152
	completed : false

NEW SOLUTION FOUND
solution score : 666

	#choice: 297536
	#fail: 11317
	execution time (ms): 111652
	#sols : 153
	completed : false

NEW SOLUTION FOUND
solution score : 667

	#choice: 298824
	#fail: 11422
	execution time (ms): 112106
	#sols : 154
	completed : false

NEW SOLUTION FOUND
solution score : 668

	#choice: 299667
	#fail: 11558
	execution time (ms): 112393
	#sols : 155
	completed : false

NEW SOLUTION FOUND
solution score : 669

	#choice: 304952
	#fail: 11772
	execution time (ms): 114190
	#sols : 156
	completed : false

NEW SOLUTION FOUND
solution score : 670

	#choice: 305778
	#fail: 11837
	execution time (ms): 114518
	#sols : 157
	completed : false

NEW SOLUTION FOUND
solution score : 671

	#choice: 308763
	#fail: 12020
	execution time (ms): 115591
	#sols : 158
	completed : false

NEW SOLUTION FOUND
solution score : 672

	#choice: 310996
	#fail: 12156
	execution time (ms): 116373
	#sols : 159
	completed : false

NEW SOLUTION FOUND
solution score : 673

	#choice: 311302
	#fail: 12252
	execution time (ms): 116462
	#sols : 160
	completed : false

NEW SOLUTION FOUND
solution score : 674

	#choice: 314468
	#fail: 12452
	execution time (ms): 117479
	#sols : 161
	completed : false

NEW SOLUTION FOUND
solution score : 675

	#choice: 315077
	#fail: 12542
	execution time (ms): 117686
	#sols : 162
	completed : false

NEW SOLUTION FOUND
solution score : 676

	#choice: 315753
	#fail: 12686
	execution time (ms): 117902
	#sols : 163
	completed : false

NEW SOLUTION FOUND
solution score : 677

	#choice: 326110
	#fail: 12974
	execution time (ms): 121331
	#sols : 164
	completed : false

NEW SOLUTION FOUND
solution score : 678

	#choice: 329248
	#fail: 13161
	execution time (ms): 122358
	#sols : 165
	completed : false

NEW SOLUTION FOUND
solution score : 679

	#choice: 330053
	#fail: 13236
	execution time (ms): 122618
	#sols : 166
	completed : false

NEW SOLUTION FOUND
solution score : 680

	#choice: 330681
	#fail: 13397
	execution time (ms): 122808
	#sols : 167
	completed : false

NEW SOLUTION FOUND
solution score : 681

	#choice: 331473
	#fail: 13541
	execution time (ms): 123075
	#sols : 168
	completed : false

NEW SOLUTION FOUND
solution score : 682

	#choice: 337960
	#fail: 13748
	execution time (ms): 125149
	#sols : 169
	completed : false

NEW SOLUTION FOUND
solution score : 683

	#choice: 341308
	#fail: 13833
	execution time (ms): 126322
	#sols : 170
	completed : false

NEW SOLUTION FOUND
solution score : 684

	#choice: 342764
	#fail: 13954
	execution time (ms): 126853
	#sols : 171
	completed : false

NEW SOLUTION FOUND
solution score : 685

	#choice: 343418
	#fail: 14085
	execution time (ms): 127091
	#sols : 172
	completed : false

NEW SOLUTION FOUND
solution score : 686

	#choice: 343757
	#fail: 14232
	execution time (ms): 127165
	#sols : 173
	completed : false

NEW SOLUTION FOUND
solution score : 687

	#choice: 346753
	#fail: 14477
	execution time (ms): 128183
	#sols : 174
	completed : false

NEW SOLUTION FOUND
solution score : 688

	#choice: 347029
	#fail: 14578
	execution time (ms): 128247
	#sols : 175
	completed : false

NEW SOLUTION FOUND
solution score : 689

	#choice: 348012
	#fail: 14614
	execution time (ms): 128632
	#sols : 176
	completed : false

NEW SOLUTION FOUND
solution score : 690

	#choice: 348636
	#fail: 14768
	execution time (ms): 128820
	#sols : 177
	completed : false

NEW SOLUTION FOUND
solution score : 691

	#choice: 350917
	#fail: 14999
	execution time (ms): 129571
	#sols : 178
	completed : false

NEW SOLUTION FOUND
solution score : 692

	#choice: 351255
	#fail: 15135
	execution time (ms): 129658
	#sols : 179
	completed : false

NEW SOLUTION FOUND
solution score : 693

	#choice: 352060
	#fail: 15328
	execution time (ms): 129882
	#sols : 180
	completed : false

NEW SOLUTION FOUND
solution score : 694

	#choice: 354908
	#fail: 15595
	execution time (ms): 130837
	#sols : 181
	completed : false

NEW SOLUTION FOUND
solution score : 695

	#choice: 355245
	#fail: 15739
	execution time (ms): 130912
	#sols : 182
	completed : false

NEW SOLUTION FOUND
solution score : 696

	#choice: 356147
	#fail: 15772
	execution time (ms): 131264
	#sols : 183
	completed : false

END OF SEARCH

	#choice: 356371
	#fail: 15997
	execution time (ms): 131265
	#sols : 183
	completed : true

