objective : diagonal
search: dfs
bp : max_product
branchingScheme : dom_wdeg_max_marginal
oracle : true
truncateRate : 50
START SEARCH
NEW SOLUTION FOUND
solution score : 644

	#choice: 323
	#fail: 30
	execution time (ms): 5863
	#sols : 1
	completed : false

NEW SOLUTION FOUND
solution score : 647

	#choice: 364
	#fail: 54
	execution time (ms): 6004
	#sols : 2
	completed : false

NEW SOLUTION FOUND
solution score : 663

	#choice: 368
	#fail: 57
	execution time (ms): 6021
	#sols : 3
	completed : false

NEW SOLUTION FOUND
solution score : 664

	#choice: 380
	#fail: 61
	execution time (ms): 6051
	#sols : 4
	completed : false

NEW SOLUTION FOUND
solution score : 669

	#choice: 433
	#fail: 91
	execution time (ms): 6271
	#sols : 5
	completed : false

NEW SOLUTION FOUND
solution score : 671

	#choice: 696
	#fail: 216
	execution time (ms): 7347
	#sols : 6
	completed : false

NEW SOLUTION FOUND
solution score : 677

	#choice: 1013
	#fail: 379
	execution time (ms): 8999
	#sols : 7
	completed : false

NEW SOLUTION FOUND
solution score : 684

	#choice: 1287
	#fail: 519
	execution time (ms): 9925
	#sols : 8
	completed : false

NEW SOLUTION FOUND
solution score : 686

	#choice: 1300
	#fail: 525
	execution time (ms): 9944
	#sols : 9
	completed : false

NEW SOLUTION FOUND
solution score : 691

	#choice: 1387
	#fail: 568
	execution time (ms): 10122
	#sols : 10
	completed : false

NEW SOLUTION FOUND
solution score : 694

	#choice: 1658
	#fail: 699
	execution time (ms): 11419
	#sols : 11
	completed : false

NEW SOLUTION FOUND
solution score : 696

	#choice: 2263
	#fail: 1015
	execution time (ms): 12860
	#sols : 12
	completed : false

NEW SOLUTION FOUND
solution score : 700

	#choice: 4584
	#fail: 2165
	execution time (ms): 17973
	#sols : 13
	completed : false

END OF SEARCH

	#choice: 4838
	#fail: 2420
	execution time (ms): 17984
	#sols : 13
	completed : true

