INFO
n : 30
nbHoles : 500
nbFile : 6
objective : pseudodiagonal_30_6_0
search: lds
bp : no_bp
branchingScheme : max_value
oracle : false
truncateRate : 0
START SEARCH
NEW SOLUTION FOUND
solution score : 576

	#choice: 3446
	#fail: 79
	execution time (ms): 2429
	#sols : 1
	completed : false

NEW SOLUTION FOUND
solution score : 584

	#choice: 6706
	#fail: 260
	execution time (ms): 4162
	#sols : 2
	completed : false

NEW SOLUTION FOUND
solution score : 591

	#choice: 8009
	#fail: 521
	execution time (ms): 5319
	#sols : 3
	completed : false

END OF SEARCH

	#choice: 10470
	#fail: 1847
	execution time (ms): 6856
	#sols : 3
	completed : true

