INFO
n : 30
nbHoles : 500
nbFile : 9
objective : pseudodiagonal_30_6_6
search: lds
bp : sum_product
branchingScheme : max_marginal_regret
oracle : false
truncateRate : 0
START SEARCH
NEW SOLUTION FOUND
solution score : 457

	#choice: 274
	#fail: 4
	execution time (ms): 2301
	#sols : 1
	completed : false

NEW SOLUTION FOUND
solution score : 475

	#choice: 5900
	#fail: 214
	execution time (ms): 16494
	#sols : 2
	completed : false

NEW SOLUTION FOUND
solution score : 511

	#choice: 14018
	#fail: 248
	execution time (ms): 34958
	#sols : 3
	completed : false

NEW SOLUTION FOUND
solution score : 544

	#choice: 15934
	#fail: 371
	execution time (ms): 38093
	#sols : 4
	completed : false

NEW SOLUTION FOUND
solution score : 551

	#choice: 16374
	#fail: 565
	execution time (ms): 38573
	#sols : 5
	completed : false

NEW SOLUTION FOUND
solution score : 571

	#choice: 17032
	#fail: 773
	execution time (ms): 39601
	#sols : 6
	completed : false

NEW SOLUTION FOUND
solution score : 578

	#choice: 17438
	#fail: 967
	execution time (ms): 40052
	#sols : 7
	completed : false

NEW SOLUTION FOUND
solution score : 580

	#choice: 18761
	#fail: 1198
	execution time (ms): 42794
	#sols : 8
	completed : false

NEW SOLUTION FOUND
solution score : 597

	#choice: 20415
	#fail: 1377
	execution time (ms): 46036
	#sols : 9
	completed : false

NEW SOLUTION FOUND
solution score : 598

	#choice: 21196
	#fail: 1610
	execution time (ms): 46841
	#sols : 10
	completed : false

NEW SOLUTION FOUND
solution score : 600

	#choice: 21981
	#fail: 1847
	execution time (ms): 47877
	#sols : 11
	completed : false

NEW SOLUTION FOUND
solution score : 602

	#choice: 22499
	#fail: 2055
	execution time (ms): 48402
	#sols : 12
	completed : false

NEW SOLUTION FOUND
solution score : 603

	#choice: 23485
	#fail: 2283
	execution time (ms): 49939
	#sols : 13
	completed : false

NEW SOLUTION FOUND
solution score : 633

	#choice: 25802
	#fail: 2499
	execution time (ms): 54399
	#sols : 14
	completed : false

NEW SOLUTION FOUND
solution score : 635

	#choice: 29088
	#fail: 2740
	execution time (ms): 60395
	#sols : 15
	completed : false

NEW SOLUTION FOUND
solution score : 636

	#choice: 31818
	#fail: 2931
	execution time (ms): 65814
	#sols : 16
	completed : false

NEW SOLUTION FOUND
solution score : 638

	#choice: 34657
	#fail: 3338
	execution time (ms): 69374
	#sols : 17
	completed : false

NEW SOLUTION FOUND
solution score : 647

	#choice: 35329
	#fail: 3557
	execution time (ms): 70368
	#sols : 18
	completed : false

NEW SOLUTION FOUND
solution score : 648

	#choice: 36673
	#fail: 3825
	execution time (ms): 72906
	#sols : 19
	completed : false

NEW SOLUTION FOUND
solution score : 649

	#choice: 38028
	#fail: 4128
	execution time (ms): 75399
	#sols : 20
	completed : false

NEW SOLUTION FOUND
solution score : 652

	#choice: 47955
	#fail: 4590
	execution time (ms): 94525
	#sols : 21
	completed : false

NEW SOLUTION FOUND
solution score : 654

	#choice: 48383
	#fail: 4792
	execution time (ms): 95003
	#sols : 22
	completed : false

END OF SEARCH

	#choice: 26281062
	#fail: 7271326
	execution time (ms): 14400080
	#sols : 22
	completed : false

