INFO
n : 30
nbHoles : 700
nbFile : 6
objective : pseudodiagonal_30_6_0
search: lds
bp : sum_product
branchingScheme : dom_wdeg_max_marginal
oracle : false
truncateRate : 0
START SEARCH
NEW SOLUTION FOUND
solution score : 409

	#choice: 578
	#fail: 0
	execution time (ms): 3846
	#sols : 1
	completed : false

NEW SOLUTION FOUND
solution score : 414

	#choice: 1630
	#fail: 524
	execution time (ms): 5603
	#sols : 2
	completed : false

NEW SOLUTION FOUND
solution score : 416

	#choice: 2161
	#fail: 525
	execution time (ms): 6862
	#sols : 3
	completed : false

NEW SOLUTION FOUND
solution score : 422

	#choice: 2702
	#fail: 526
	execution time (ms): 8191
	#sols : 4
	completed : false

NEW SOLUTION FOUND
solution score : 425

	#choice: 3243
	#fail: 527
	execution time (ms): 9422
	#sols : 5
	completed : false

NEW SOLUTION FOUND
solution score : 432

	#choice: 3773
	#fail: 528
	execution time (ms): 10695
	#sols : 6
	completed : false

NEW SOLUTION FOUND
solution score : 437

	#choice: 4309
	#fail: 529
	execution time (ms): 11934
	#sols : 7
	completed : false

NEW SOLUTION FOUND
solution score : 442

	#choice: 4838
	#fail: 530
	execution time (ms): 13203
	#sols : 8
	completed : false

NEW SOLUTION FOUND
solution score : 474

	#choice: 5906
	#fail: 532
	execution time (ms): 16362
	#sols : 9
	completed : false

NEW SOLUTION FOUND
solution score : 477

	#choice: 6463
	#fail: 538
	execution time (ms): 17735
	#sols : 10
	completed : false

NEW SOLUTION FOUND
solution score : 483

	#choice: 7106
	#fail: 563
	execution time (ms): 19760
	#sols : 11
	completed : false

NEW SOLUTION FOUND
solution score : 487

	#choice: 7729
	#fail: 567
	execution time (ms): 21714
	#sols : 12
	completed : false

NEW SOLUTION FOUND
solution score : 508

	#choice: 8303
	#fail: 568
	execution time (ms): 23437
	#sols : 13
	completed : false

NEW SOLUTION FOUND
solution score : 541

	#choice: 8882
	#fail: 569
	execution time (ms): 24844
	#sols : 14
	completed : false

NEW SOLUTION FOUND
solution score : 564

	#choice: 9458
	#fail: 570
	execution time (ms): 26283
	#sols : 15
	completed : false

NEW SOLUTION FOUND
solution score : 608

	#choice: 10617
	#fail: 572
	execution time (ms): 29405
	#sols : 16
	completed : false

NEW SOLUTION FOUND
solution score : 613

	#choice: 11193
	#fail: 573
	execution time (ms): 30824
	#sols : 17
	completed : false

NEW SOLUTION FOUND
solution score : 645

	#choice: 11768
	#fail: 574
	execution time (ms): 32309
	#sols : 18
	completed : false

NEW SOLUTION FOUND
solution score : 667

	#choice: 12457
	#fail: 578
	execution time (ms): 34137
	#sols : 19
	completed : false

NEW SOLUTION FOUND
solution score : 669

	#choice: 13054
	#fail: 587
	execution time (ms): 35587
	#sols : 20
	completed : false

NEW SOLUTION FOUND
solution score : 672

	#choice: 14406
	#fail: 1178
	execution time (ms): 38247
	#sols : 21
	completed : false

NEW SOLUTION FOUND
solution score : 673

	#choice: 15143
	#fail: 1208
	execution time (ms): 40287
	#sols : 22
	completed : false

NEW SOLUTION FOUND
solution score : 675

	#choice: 19929
	#fail: 1824
	execution time (ms): 54704
	#sols : 23
	completed : false

NEW SOLUTION FOUND
solution score : 678

	#choice: 73294
	#fail: 21047
	execution time (ms): 237903
	#sols : 24
	completed : false

NEW SOLUTION FOUND
solution score : 680

	#choice: 91960
	#fail: 26797
	execution time (ms): 298974
	#sols : 25
	completed : false

NEW SOLUTION FOUND
solution score : 686

	#choice: 119211
	#fail: 36966
	execution time (ms): 361938
	#sols : 26
	completed : false

NEW SOLUTION FOUND
solution score : 687

	#choice: 120341
	#fail: 37535
	execution time (ms): 363347
	#sols : 27
	completed : false

NEW SOLUTION FOUND
solution score : 689

	#choice: 121479
	#fail: 38097
	execution time (ms): 364685
	#sols : 28
	completed : false

NEW SOLUTION FOUND
solution score : 691

	#choice: 145798
	#fail: 45511
	execution time (ms): 453193
	#sols : 29
	completed : false

NEW SOLUTION FOUND
solution score : 692

	#choice: 147514
	#fail: 46086
	execution time (ms): 455958
	#sols : 30
	completed : false

NEW SOLUTION FOUND
solution score : 693

	#choice: 149527
	#fail: 46333
	execution time (ms): 461991
	#sols : 31
	completed : false

NEW SOLUTION FOUND
solution score : 694

	#choice: 150655
	#fail: 46898
	execution time (ms): 463293
	#sols : 32
	completed : false

NEW SOLUTION FOUND
solution score : 696

	#choice: 264386
	#fail: 98117
	execution time (ms): 646533
	#sols : 33
	completed : false

END OF SEARCH

	#choice: 5613088
	#fail: 2672288
	execution time (ms): 14400093
	#sols : 33
	completed : false

