INFO
n : 30
nbHoles : 700
nbFile : 2
objective : pseudodiagonal_30_6_6
search: lds
bp : no_bp
branchingScheme : max_value
oracle : false
truncateRate : 0
START SEARCH
NEW SOLUTION FOUND
solution score : 727

	#choice: 1102
	#fail: 30
	execution time (ms): 1519
	#sols : 1
	completed : false

NEW SOLUTION FOUND
solution score : 730

	#choice: 2629
	#fail: 360
	execution time (ms): 2685
	#sols : 2
	completed : false

NEW SOLUTION FOUND
solution score : 731

	#choice: 3334
	#fail: 381
	execution time (ms): 3138
	#sols : 3
	completed : false

NEW SOLUTION FOUND
solution score : 732

	#choice: 4856
	#fail: 791
	execution time (ms): 4036
	#sols : 4
	completed : false

NEW SOLUTION FOUND
solution score : 733

	#choice: 5231
	#fail: 792
	execution time (ms): 4282
	#sols : 5
	completed : false

NEW SOLUTION FOUND
solution score : 734

	#choice: 11659
	#fail: 2113
	execution time (ms): 9395
	#sols : 6
	completed : false

NEW SOLUTION FOUND
solution score : 735

	#choice: 12587
	#fail: 2537
	execution time (ms): 9753
	#sols : 7
	completed : false

NEW SOLUTION FOUND
solution score : 736

	#choice: 13715
	#fail: 2964
	execution time (ms): 10181
	#sols : 8
	completed : false

NEW SOLUTION FOUND
solution score : 737

	#choice: 21394
	#fail: 4571
	execution time (ms): 15649
	#sols : 9
	completed : false

END OF SEARCH

	#choice: 26071570
	#fail: 12788437
	execution time (ms): 14400129
	#sols : 9
	completed : false

