INFO
n : 30
nbHoles : 700
nbFile : 7
objective : pseudodiagonal_30_6_6
search: lds
bp : no_bp
branchingScheme : max_value
oracle : false
truncateRate : 0
START SEARCH
NEW SOLUTION FOUND
solution score : 721

	#choice: 410
	#fail: 1
	execution time (ms): 1076
	#sols : 1
	completed : false

NEW SOLUTION FOUND
solution score : 723

	#choice: 3021
	#fail: 437
	execution time (ms): 3721
	#sols : 2
	completed : false

END OF SEARCH

	#choice: 24097346
	#fail: 9848219
	execution time (ms): 14400121
	#sols : 2
	completed : false

