INFO
n : 30
nbHoles : 500
nbFile : 5
objective : pseudodiagonal_30_6_6
search: lds
bp : sum_product
branchingScheme : dom_wdeg_max_marginal
oracle : false
truncateRate : 0
START SEARCH
NEW SOLUTION FOUND
solution score : 489

	#choice: 352
	#fail: 6
	execution time (ms): 2165
	#sols : 1
	completed : false

NEW SOLUTION FOUND
solution score : 504

	#choice: 748
	#fail: 184
	execution time (ms): 2837
	#sols : 2
	completed : false

NEW SOLUTION FOUND
solution score : 506

	#choice: 931
	#fail: 185
	execution time (ms): 3430
	#sols : 3
	completed : false

NEW SOLUTION FOUND
solution score : 518

	#choice: 1216
	#fail: 227
	execution time (ms): 4136
	#sols : 4
	completed : false

NEW SOLUTION FOUND
solution score : 522

	#choice: 1455
	#fail: 228
	execution time (ms): 4716
	#sols : 5
	completed : false

NEW SOLUTION FOUND
solution score : 523

	#choice: 1937
	#fail: 230
	execution time (ms): 5869
	#sols : 6
	completed : false

NEW SOLUTION FOUND
solution score : 524

	#choice: 2400
	#fail: 232
	execution time (ms): 6597
	#sols : 7
	completed : false

NEW SOLUTION FOUND
solution score : 525

	#choice: 2649
	#fail: 244
	execution time (ms): 6987
	#sols : 8
	completed : false

NEW SOLUTION FOUND
solution score : 526

	#choice: 2978
	#fail: 277
	execution time (ms): 7471
	#sols : 9
	completed : false

NEW SOLUTION FOUND
solution score : 551

	#choice: 5267
	#fail: 285
	execution time (ms): 11392
	#sols : 10
	completed : false

NEW SOLUTION FOUND
solution score : 553

	#choice: 5555
	#fail: 286
	execution time (ms): 11925
	#sols : 11
	completed : false

NEW SOLUTION FOUND
solution score : 554

	#choice: 5865
	#fail: 299
	execution time (ms): 12436
	#sols : 12
	completed : false

NEW SOLUTION FOUND
solution score : 566

	#choice: 6171
	#fail: 300
	execution time (ms): 12978
	#sols : 13
	completed : false

NEW SOLUTION FOUND
solution score : 571

	#choice: 7371
	#fail: 304
	execution time (ms): 15002
	#sols : 14
	completed : false

NEW SOLUTION FOUND
solution score : 572

	#choice: 7972
	#fail: 306
	execution time (ms): 16035
	#sols : 15
	completed : false

NEW SOLUTION FOUND
solution score : 573

	#choice: 9862
	#fail: 319
	execution time (ms): 19496
	#sols : 16
	completed : false

NEW SOLUTION FOUND
solution score : 583

	#choice: 10848
	#fail: 322
	execution time (ms): 21226
	#sols : 17
	completed : false

NEW SOLUTION FOUND
solution score : 584

	#choice: 11171
	#fail: 323
	execution time (ms): 21806
	#sols : 18
	completed : false

NEW SOLUTION FOUND
solution score : 602

	#choice: 11501
	#fail: 324
	execution time (ms): 22399
	#sols : 19
	completed : false

NEW SOLUTION FOUND
solution score : 622

	#choice: 11817
	#fail: 325
	execution time (ms): 22960
	#sols : 20
	completed : false

NEW SOLUTION FOUND
solution score : 629

	#choice: 11945
	#fail: 381
	execution time (ms): 23088
	#sols : 21
	completed : false

NEW SOLUTION FOUND
solution score : 639

	#choice: 12240
	#fail: 492
	execution time (ms): 23464
	#sols : 22
	completed : false

NEW SOLUTION FOUND
solution score : 641

	#choice: 12552
	#fail: 632
	execution time (ms): 23709
	#sols : 23
	completed : false

NEW SOLUTION FOUND
solution score : 645

	#choice: 12699
	#fail: 634
	execution time (ms): 23916
	#sols : 24
	completed : false

NEW SOLUTION FOUND
solution score : 647

	#choice: 13201
	#fail: 865
	execution time (ms): 24444
	#sols : 25
	completed : false

END OF SEARCH

	#choice: 21206
	#fail: 4693
	execution time (ms): 31573
	#sols : 25
	completed : true

