INFO
n : 30
nbHoles : 500
nbFile : 5
objective : pseudodiagonal_30_6_0
search: lds
bp : no_bp
branchingScheme : max_value
oracle : false
truncateRate : 0
START SEARCH
NEW SOLUTION FOUND
solution score : 728

	#choice: 17933
	#fail: 248
	execution time (ms): 9016
	#sols : 1
	completed : false

NEW SOLUTION FOUND
solution score : 729

	#choice: 29084
	#fail: 2969
	execution time (ms): 14359
	#sols : 2
	completed : false

END OF SEARCH

	#choice: 22882245
	#fail: 11338711
	execution time (ms): 9666899
	#sols : 2
	completed : true

