INFO
n : 30
nbHoles : 700
nbFile : 5
objective : pseudodiagonal_30_6_0
search: lds
bp : max_product
branchingScheme : max_marginal_regret
oracle : true
truncateRate : 0
START SEARCH
NEW SOLUTION FOUND
solution score : 694

	#choice: 416
	#fail: 0
	execution time (ms): 26569
	#sols : 1
	completed : false

NEW SOLUTION FOUND
solution score : 696

	#choice: 1234
	#fail: 396
	execution time (ms): 47933
	#sols : 2
	completed : false

END OF SEARCH

	#choice: 110831
	#fail: 38764
	execution time (ms): 14401923
	#sols : 2
	completed : false

