INFO
n : 30
nbHoles : 600
nbFile : 8
objective : pseudodiagonal_30_6_6
search: lds
bp : max_product
branchingScheme : dom_wdeg_max_marginal
oracle : true
truncateRate : 0
START SEARCH
NEW SOLUTION FOUND
solution score : 673

	#choice: 407
	#fail: 2
	execution time (ms): 13616
	#sols : 1
	completed : false

NEW SOLUTION FOUND
solution score : 675

	#choice: 2593
	#fail: 353
	execution time (ms): 54109
	#sols : 2
	completed : false

NEW SOLUTION FOUND
solution score : 677

	#choice: 3823
	#fail: 387
	execution time (ms): 88513
	#sols : 3
	completed : false

END OF SEARCH

	#choice: 195943
	#fail: 92366
	execution time (ms): 14401562
	#sols : 3
	completed : false

