INFO
n : 30
nbHoles : 400
nbFile : 1
objective : pseudodiagonal_30_6_6
search: lds
bp : no_bp
branchingScheme : max_value
oracle : false
truncateRate : 0
START SEARCH
NEW SOLUTION FOUND
solution score : 554

	#choice: 15454607
	#fail: 1410466
	execution time (ms): 8893350
	#sols : 1
	completed : false

NEW SOLUTION FOUND
solution score : 564

	#choice: 15771435
	#fail: 1492814
	execution time (ms): 9133136
	#sols : 2
	completed : false

END OF SEARCH

	#choice: 23159946
	#fail: 2809208
	execution time (ms): 14400064
	#sols : 2
	completed : false

