INFO
n : 30
nbHoles : 500
nbFile : 10
objective : pseudodiagonal_30_6_6
search: lds
bp : max_product
branchingScheme : dom_wdeg_max_marginal
oracle : true
truncateRate : 0
START SEARCH
NEW SOLUTION FOUND
solution score : 635

	#choice: 614
	#fail: 20
	execution time (ms): 9122
	#sols : 1
	completed : false

NEW SOLUTION FOUND
solution score : 640

	#choice: 25506
	#fail: 242
	execution time (ms): 287180
	#sols : 2
	completed : false

NEW SOLUTION FOUND
solution score : 641

	#choice: 31424
	#fail: 304
	execution time (ms): 375629
	#sols : 3
	completed : false

NEW SOLUTION FOUND
solution score : 642

	#choice: 32843
	#fail: 545
	execution time (ms): 390445
	#sols : 4
	completed : false

NEW SOLUTION FOUND
solution score : 649

	#choice: 33617
	#fail: 678
	execution time (ms): 397344
	#sols : 5
	completed : false

NEW SOLUTION FOUND
solution score : 652

	#choice: 34543
	#fail: 803
	execution time (ms): 407161
	#sols : 6
	completed : false

NEW SOLUTION FOUND
solution score : 666

	#choice: 44422
	#fail: 1397
	execution time (ms): 541687
	#sols : 7
	completed : false

NEW SOLUTION FOUND
solution score : 667

	#choice: 44821
	#fail: 1543
	execution time (ms): 547168
	#sols : 8
	completed : false

NEW SOLUTION FOUND
solution score : 672

	#choice: 48377
	#fail: 1770
	execution time (ms): 612708
	#sols : 9
	completed : false

NEW SOLUTION FOUND
solution score : 673

	#choice: 50624
	#fail: 1971
	execution time (ms): 625810
	#sols : 10
	completed : false

NEW SOLUTION FOUND
solution score : 678

	#choice: 55982
	#fail: 2599
	execution time (ms): 775409
	#sols : 11
	completed : false

END OF SEARCH

	#choice: 191181
	#fail: 68737
	execution time (ms): 6305760
	#sols : 11
	completed : true

