INFO
n : 30
nbHoles : 600
nbFile : 4
objective : diagonal
search: lds
bp : sum_product
branchingScheme : dom_wdeg_max_marginal
oracle : false
truncateRate : 0
START SEARCH
NEW SOLUTION FOUND
solution score : 498

	#choice: 467
	#fail: 0
	execution time (ms): 2817
	#sols : 1
	completed : false

NEW SOLUTION FOUND
solution score : 509

	#choice: 499
	#fail: 20
	execution time (ms): 2951
	#sols : 2
	completed : false

NEW SOLUTION FOUND
solution score : 519

	#choice: 523
	#fail: 21
	execution time (ms): 3025
	#sols : 3
	completed : false

NEW SOLUTION FOUND
solution score : 533

	#choice: 700
	#fail: 101
	execution time (ms): 3243
	#sols : 4
	completed : false

NEW SOLUTION FOUND
solution score : 535

	#choice: 802
	#fail: 102
	execution time (ms): 3488
	#sols : 5
	completed : false

NEW SOLUTION FOUND
solution score : 540

	#choice: 1000
	#fail: 104
	execution time (ms): 4009
	#sols : 6
	completed : false

NEW SOLUTION FOUND
solution score : 541

	#choice: 1099
	#fail: 105
	execution time (ms): 4183
	#sols : 7
	completed : false

NEW SOLUTION FOUND
solution score : 545

	#choice: 1345
	#fail: 178
	execution time (ms): 4485
	#sols : 8
	completed : false

NEW SOLUTION FOUND
solution score : 546

	#choice: 1529
	#fail: 179
	execution time (ms): 4844
	#sols : 9
	completed : false

NEW SOLUTION FOUND
solution score : 554

	#choice: 1720
	#fail: 180
	execution time (ms): 5114
	#sols : 10
	completed : false

NEW SOLUTION FOUND
solution score : 556

	#choice: 1903
	#fail: 181
	execution time (ms): 5562
	#sols : 11
	completed : false

NEW SOLUTION FOUND
solution score : 557

	#choice: 2080
	#fail: 182
	execution time (ms): 5889
	#sols : 12
	completed : false

NEW SOLUTION FOUND
solution score : 567

	#choice: 2387
	#fail: 248
	execution time (ms): 6311
	#sols : 13
	completed : false

NEW SOLUTION FOUND
solution score : 573

	#choice: 2638
	#fail: 249
	execution time (ms): 6774
	#sols : 14
	completed : false

NEW SOLUTION FOUND
solution score : 575

	#choice: 2889
	#fail: 250
	execution time (ms): 7186
	#sols : 15
	completed : false

NEW SOLUTION FOUND
solution score : 578

	#choice: 3226
	#fail: 293
	execution time (ms): 7698
	#sols : 16
	completed : false

NEW SOLUTION FOUND
solution score : 581

	#choice: 3518
	#fail: 294
	execution time (ms): 8207
	#sols : 17
	completed : false

NEW SOLUTION FOUND
solution score : 583

	#choice: 3819
	#fail: 295
	execution time (ms): 8683
	#sols : 18
	completed : false

NEW SOLUTION FOUND
solution score : 600

	#choice: 4228
	#fail: 345
	execution time (ms): 9553
	#sols : 19
	completed : false

NEW SOLUTION FOUND
solution score : 608

	#choice: 4572
	#fail: 346
	execution time (ms): 10205
	#sols : 20
	completed : false
NNEW SOLUTION FOUND
solution score : 609

	#choice: 4922
	#fail: 347
	execution time (ms): 10797
	#sols : 21
	completed : false
NNEW SOLUTION FOUND
solution score : 611

	#choice: 5275
	#fail: 349
	execution time (ms): 11402
	#sols : 22
	completed : false
NNEW SOLUTION FOUND
solution score : 625

	#choice: 6524
	#fail: 415
	execution time (ms): 14118
	#sols : 23
	completed : false
NNEW SOLUTION FOUND
solution score : 636

	#choice: 7358
	#fail: 450
	execution time (ms): 15812
	#sols : 24
	completed : false
NNEW SOLUTION FOUND
solution score : 644

	#choice: 7821
	#fail: 456
	execution time (ms): 16727
	#sols : 25
	completed : false
NNEW SOLUTION FOUND
solution score : 646

	#choice: 8272
	#fail: 457
	execution time (ms): 17671
	#sols : 26
	completed : false
NNEW SOLUTION FOUND
solution score : 660

	#choice: 8718
	#fail: 458
	execution time (ms): 18563
	#sols : 27
	completed : false
NNEW SOLUTION FOUND
solution score : 677

	#choice: 9630
	#fail: 460
	execution time (ms): 20447
	#sols : 28
	completed : false
NNEW SOLUTION FOUND
solution score : 678

	#choice: 10071
	#fail: 461
	execution time (ms): 21379
	#sols : 29
	completed : false
NNEW SOLUTION FOUND
solution score : 691

	#choice: 10537
	#fail: 462
	execution time (ms): 22299
	#sols : 30
	completed : false
NNEW SOLUTION FOUND
solution score : 694

	#choice: 10991
	#fail: 463
	execution time (ms): 23144
	#sols : 31
	completed : false
NNEW SOLUTION FOUND
solution score : 713

	#choice: 11464
	#fail: 464
	execution time (ms): 24107
	#sols : 32
	completed : false
NNEW SOLUTION FOUND
solution score : 725

	#choice: 12379
	#fail: 466
	execution time (ms): 25782
	#sols : 33
	completed : false

NEW SOLUTION FOUND
solution score : 732

	#choice: 12847
	#fail: 467
	execution time (ms): 26561
	#sols : 34
	completed : false

NEW SOLUTION FOUND
solution score : 737

	#choice: 13320
	#fail: 468
	execution time (ms): 27412
	#sols : 35
	completed : false

NEW SOLUTION FOUND
solution score : 742

	#choice: 14328
	#fail: 849
	execution time (ms): 28368
	#sols : 36
	completed : false

NEW SOLUTION FOUND
solution score : 744

	#choice: 14844
	#fail: 1001
	execution time (ms): 28992
	#sols : 37
	completed : false

NEW SOLUTION FOUND
solution score : 746

	#choice: 15826
	#fail: 1336
	execution time (ms): 30071
	#sols : 38
	completed : false

NEW SOLUTION FOUND
solution score : 747

	#choice: 16163
	#fail: 1338
	execution time (ms): 30616
	#sols : 39
	completed : false

NEW SOLUTION FOUND
solution score : 748

	#choice: 16497
	#fail: 1339
	execution time (ms): 31153
	#sols : 40
	completed : false

NEW SOLUTION FOUND
solution score : 752

	#choice: 16885
	#fail: 1366
	execution time (ms): 31728
	#sols : 41
	completed : false

NEW SOLUTION FOUND
solution score : 754

	#choice: 17610
	#fail: 1728
	execution time (ms): 32291
	#sols : 42
	completed : false

NEW SOLUTION FOUND
solution score : 758

	#choice: 18338
	#fail: 2091
	execution time (ms): 32878
	#sols : 43
	completed : false

NEW SOLUTION FOUND
solution score : 760

	#choice: 18699
	#fail: 2092
	execution time (ms): 33441
	#sols : 44
	completed : false

NEW SOLUTION FOUND
solution score : 761

	#choice: 19423
	#fail: 2453
	execution time (ms): 34036
	#sols : 45
	completed : false

NEW SOLUTION FOUND
solution score : 764

	#choice: 20155
	#fail: 2817
	execution time (ms): 34663
	#sols : 46
	completed : false

NEW SOLUTION FOUND
solution score : 768

	#choice: 20886
	#fail: 3185
	execution time (ms): 35263
	#sols : 47
	completed : false

NEW SOLUTION FOUND
solution score : 770

	#choice: 21243
	#fail: 3186
	execution time (ms): 35850
	#sols : 48
	completed : false

NEW SOLUTION FOUND
solution score : 771

	#choice: 21954
	#fail: 3547
	execution time (ms): 36526
	#sols : 49
	completed : false

NEW SOLUTION FOUND
solution score : 772

	#choice: 22682
	#fail: 3910
	execution time (ms): 37209
	#sols : 50
	completed : false

NEW SOLUTION FOUND
solution score : 773

	#choice: 23410
	#fail: 4273
	execution time (ms): 37760
	#sols : 51
	completed : false

NEW SOLUTION FOUND
solution score : 774

	#choice: 24149
	#fail: 4643
	execution time (ms): 38388
	#sols : 52
	completed : false

NEW SOLUTION FOUND
solution score : 775

	#choice: 25030
	#fail: 5080
	execution time (ms): 39208
	#sols : 53
	completed : false

END OF SEARCH

	#choice: 25496
	#fail: 5547
	execution time (ms): 39219
	#sols : 53
	completed : true


