INFO
n : 30
nbHoles : 700
nbFile : 9
objective : pseudodiagonal_30_6_0
search: lds
bp : sum_product
branchingScheme : dom_wdeg_max_marginal
oracle : false
truncateRate : 0
START SEARCH
NEW SOLUTION FOUND
solution score : 368

	#choice: 587
	#fail: 0
	execution time (ms): 3273
	#sols : 1
	completed : false

NEW SOLUTION FOUND
solution score : 379

	#choice: 1646
	#fail: 531
	execution time (ms): 4668
	#sols : 2
	completed : false

NEW SOLUTION FOUND
solution score : 387

	#choice: 2170
	#fail: 532
	execution time (ms): 5797
	#sols : 3
	completed : false

NEW SOLUTION FOUND
solution score : 388

	#choice: 2699
	#fail: 533
	execution time (ms): 7216
	#sols : 4
	completed : false

NEW SOLUTION FOUND
solution score : 392

	#choice: 3230
	#fail: 534
	execution time (ms): 8357
	#sols : 5
	completed : false

NEW SOLUTION FOUND
solution score : 394

	#choice: 3759
	#fail: 535
	execution time (ms): 9411
	#sols : 6
	completed : false

NEW SOLUTION FOUND
solution score : 395

	#choice: 4288
	#fail: 536
	execution time (ms): 10580
	#sols : 7
	completed : false

NEW SOLUTION FOUND
solution score : 396

	#choice: 4824
	#fail: 537
	execution time (ms): 11791
	#sols : 8
	completed : false

NEW SOLUTION FOUND
solution score : 397

	#choice: 5360
	#fail: 538
	execution time (ms): 13099
	#sols : 9
	completed : false

NEW SOLUTION FOUND
solution score : 398

	#choice: 5895
	#fail: 539
	execution time (ms): 14873
	#sols : 10
	completed : false

NEW SOLUTION FOUND
solution score : 401

	#choice: 6435
	#fail: 540
	execution time (ms): 15993
	#sols : 11
	completed : false

NEW SOLUTION FOUND
solution score : 403

	#choice: 6975
	#fail: 541
	execution time (ms): 17223
	#sols : 12
	completed : false

NEW SOLUTION FOUND
solution score : 404

	#choice: 7515
	#fail: 542
	execution time (ms): 18336
	#sols : 13
	completed : false

NEW SOLUTION FOUND
solution score : 405

	#choice: 8057
	#fail: 543
	execution time (ms): 19518
	#sols : 14
	completed : false

NEW SOLUTION FOUND
solution score : 418

	#choice: 9139
	#fail: 545
	execution time (ms): 22171
	#sols : 15
	completed : false

NEW SOLUTION FOUND
solution score : 425

	#choice: 9680
	#fail: 546
	execution time (ms): 23428
	#sols : 16
	completed : false

NEW SOLUTION FOUND
solution score : 438

	#choice: 10226
	#fail: 547
	execution time (ms): 24634
	#sols : 17
	completed : false

NEW SOLUTION FOUND
solution score : 442

	#choice: 10769
	#fail: 548
	execution time (ms): 25903
	#sols : 18
	completed : false

NEW SOLUTION FOUND
solution score : 446

	#choice: 11859
	#fail: 550
	execution time (ms): 28295
	#sols : 19
	completed : false

NEW SOLUTION FOUND
solution score : 448

	#choice: 12404
	#fail: 551
	execution time (ms): 29432
	#sols : 20
	completed : false

NEW SOLUTION FOUND
solution score : 451

	#choice: 12948
	#fail: 552
	execution time (ms): 30642
	#sols : 21
	completed : false

NEW SOLUTION FOUND
solution score : 461

	#choice: 13515
	#fail: 554
	execution time (ms): 31772
	#sols : 22
	completed : false

NEW SOLUTION FOUND
solution score : 462

	#choice: 14060
	#fail: 555
	execution time (ms): 33029
	#sols : 23
	completed : false

NEW SOLUTION FOUND
solution score : 464

	#choice: 14610
	#fail: 556
	execution time (ms): 34158
	#sols : 24
	completed : false

NEW SOLUTION FOUND
solution score : 465

	#choice: 15158
	#fail: 557
	execution time (ms): 35346
	#sols : 25
	completed : false

NEW SOLUTION FOUND
solution score : 477

	#choice: 15716
	#fail: 558
	execution time (ms): 36481
	#sols : 26
	completed : false

NEW SOLUTION FOUND
solution score : 503

	#choice: 16281
	#fail: 559
	execution time (ms): 37910
	#sols : 27
	completed : false

NEW SOLUTION FOUND
solution score : 504

	#choice: 16837
	#fail: 560
	execution time (ms): 39062
	#sols : 28
	completed : false

NEW SOLUTION FOUND
solution score : 520

	#choice: 17404
	#fail: 561
	execution time (ms): 40271
	#sols : 29
	completed : false

NEW SOLUTION FOUND
solution score : 529

	#choice: 17968
	#fail: 562
	execution time (ms): 41392
	#sols : 30
	completed : false

NEW SOLUTION FOUND
solution score : 549

	#choice: 18527
	#fail: 563
	execution time (ms): 42622
	#sols : 31
	completed : false

NEW SOLUTION FOUND
solution score : 560

	#choice: 19086
	#fail: 564
	execution time (ms): 43819
	#sols : 32
	completed : false

NEW SOLUTION FOUND
solution score : 561

	#choice: 19649
	#fail: 565
	execution time (ms): 45011
	#sols : 33
	completed : false

NEW SOLUTION FOUND
solution score : 568

	#choice: 20215
	#fail: 566
	execution time (ms): 46115
	#sols : 34
	completed : false

NEW SOLUTION FOUND
solution score : 571

	#choice: 20767
	#fail: 567
	execution time (ms): 47266
	#sols : 35
	completed : false

NEW SOLUTION FOUND
solution score : 575

	#choice: 21324
	#fail: 568
	execution time (ms): 48371
	#sols : 36
	completed : false

NEW SOLUTION FOUND
solution score : 576

	#choice: 21895
	#fail: 569
	execution time (ms): 49528
	#sols : 37
	completed : false

NEW SOLUTION FOUND
solution score : 577

	#choice: 22488
	#fail: 572
	execution time (ms): 51079
	#sols : 38
	completed : false

NEW SOLUTION FOUND
solution score : 579

	#choice: 23100
	#fail: 577
	execution time (ms): 52208
	#sols : 39
	completed : false

NEW SOLUTION FOUND
solution score : 582

	#choice: 23700
	#fail: 580
	execution time (ms): 53418
	#sols : 40
	completed : false

NEW SOLUTION FOUND
solution score : 596

	#choice: 24272
	#fail: 581
	execution time (ms): 54685
	#sols : 41
	completed : false

NEW SOLUTION FOUND
solution score : 611

	#choice: 24845
	#fail: 582
	execution time (ms): 55955
	#sols : 42
	completed : false

NEW SOLUTION FOUND
solution score : 615

	#choice: 25400
	#fail: 583
	execution time (ms): 57186
	#sols : 43
	completed : false

NEW SOLUTION FOUND
solution score : 623

	#choice: 25984
	#fail: 584
	execution time (ms): 58431
	#sols : 44
	completed : false

NEW SOLUTION FOUND
solution score : 630

	#choice: 26563
	#fail: 585
	execution time (ms): 59706
	#sols : 45
	completed : false

NEW SOLUTION FOUND
solution score : 649

	#choice: 27143
	#fail: 586
	execution time (ms): 60944
	#sols : 46
	completed : false

NEW SOLUTION FOUND
solution score : 653

	#choice: 28302
	#fail: 588
	execution time (ms): 63222
	#sols : 47
	completed : false

NEW SOLUTION FOUND
solution score : 657

	#choice: 29424
	#fail: 1147
	execution time (ms): 64376
	#sols : 48
	completed : false

NEW SOLUTION FOUND
solution score : 660

	#choice: 30557
	#fail: 1714
	execution time (ms): 65463
	#sols : 49
	completed : false

NEW SOLUTION FOUND
solution score : 661

	#choice: 31120
	#fail: 1716
	execution time (ms): 66424
	#sols : 50
	completed : false

NEW SOLUTION FOUND
solution score : 662

	#choice: 31675
	#fail: 1718
	execution time (ms): 67461
	#sols : 51
	completed : false

NEW SOLUTION FOUND
solution score : 664

	#choice: 32783
	#fail: 2267
	execution time (ms): 68531
	#sols : 52
	completed : false

NEW SOLUTION FOUND
solution score : 665

	#choice: 33354
	#fail: 2269
	execution time (ms): 69526
	#sols : 53
	completed : false

NEW SOLUTION FOUND
solution score : 668

	#choice: 33919
	#fail: 2270
	execution time (ms): 70557
	#sols : 54
	completed : false

NEW SOLUTION FOUND
solution score : 675

	#choice: 34506
	#fail: 2276
	execution time (ms): 71586
	#sols : 55
	completed : false

NEW SOLUTION FOUND
solution score : 676

	#choice: 35648
	#fail: 2847
	execution time (ms): 72604
	#sols : 56
	completed : false

NEW SOLUTION FOUND
solution score : 677

	#choice: 36321
	#fail: 2877
	execution time (ms): 74046
	#sols : 57
	completed : false

NEW SOLUTION FOUND
solution score : 680

	#choice: 36953
	#fail: 2888
	execution time (ms): 75595
	#sols : 58
	completed : false

NEW SOLUTION FOUND
solution score : 681

	#choice: 37618
	#fail: 2908
	execution time (ms): 76992
	#sols : 59
	completed : false

NEW SOLUTION FOUND
solution score : 683

	#choice: 38319
	#fail: 2929
	execution time (ms): 78530
	#sols : 60
	completed : false

NEW SOLUTION FOUND
solution score : 684

	#choice: 39049
	#fail: 2953
	execution time (ms): 80040
	#sols : 61
	completed : false

NEW SOLUTION FOUND
solution score : 688

	#choice: 40224
	#fail: 3522
	execution time (ms): 81219
	#sols : 62
	completed : false

NEW SOLUTION FOUND
solution score : 689

	#choice: 40858
	#fail: 3528
	execution time (ms): 82545
	#sols : 63
	completed : false

NEW SOLUTION FOUND
solution score : 690

	#choice: 41484
	#fail: 3532
	execution time (ms): 83772
	#sols : 64
	completed : false

NEW SOLUTION FOUND
solution score : 694

	#choice: 42177
	#fail: 3554
	execution time (ms): 85183
	#sols : 65
	completed : false

NEW SOLUTION FOUND
solution score : 695

	#choice: 42779
	#fail: 3557
	execution time (ms): 86501
	#sols : 66
	completed : false

NEW SOLUTION FOUND
solution score : 696

	#choice: 43446
	#fail: 3565
	execution time (ms): 88041
	#sols : 67
	completed : false

NEW SOLUTION FOUND
solution score : 701

	#choice: 44580
	#fail: 4132
	execution time (ms): 89261
	#sols : 68
	completed : false

NEW SOLUTION FOUND
solution score : 704

	#choice: 47924
	#fail: 5423
	execution time (ms): 95573
	#sols : 69
	completed : false

NEW SOLUTION FOUND
solution score : 706

	#choice: 49136
	#fail: 6013
	execution time (ms): 97036
	#sols : 70
	completed : false

NEW SOLUTION FOUND
solution score : 708

	#choice: 49779
	#fail: 6033
	execution time (ms): 98455
	#sols : 71
	completed : false

NEW SOLUTION FOUND
solution score : 709

	#choice: 62151
	#fail: 10432
	execution time (ms): 117254
	#sols : 72
	completed : false

END OF SEARCH

	#choice: 8766919
	#fail: 4171783
	execution time (ms): 14400089
	#sols : 72
	completed : false

